<?xml version="1.0" encoding="UTF-8"?>
<!-- Generated by org.testng.reporters.JUnitReportReporter -->
<testsuite hostname="Alphi-Nandhalala" failures="0" tests="2" name="test.LoginTest" time="71.346" errors="0" timestamp="2022-11-09T12:28:48 IST" skipped="0">
  <testcase classname="test.LoginTest" name="portallogintest" time="37.392"/>
  <system-out>
    <![CDATA[UATpermissiontest@portal.com is entered in username field
Letmein@4 is entered in password field
Login button is clicked]]>
  </system-out>
  <testcase classname="test.LoginTest" name="mcologintest" time="33.954"/>
  <system-out>
    <![CDATA[shc/shctest is entered in username field
Letmein@13 is entered in password field
Login button is clicked]]>
  </system-out>
</testsuite> <!-- test.LoginTest -->
