<?xml version="1.0" encoding="UTF-8"?>
<!-- Generated by org.testng.reporters.JUnitReportReporter -->
<testsuite hostname="Alphi-Nandhalala" failures="0" tests="1" name="test.LoginTest" time="41.175" errors="0" timestamp="2022-11-10T11:01:10 IST" skipped="0">
  <testcase classname="test.LoginTest" name="mcologintest" time="41.175"/>
  <system-out>
    <![CDATA[shc/shctest is entered in username field
----[INFO]----shc/shctest is entered in username field
Letmein@13 is entered in password field
----[INFO]----Letmein@13 is entered in password field
Login button is clicked
----[INFO]----Login button is clicked
----[PASS]----mcologintest is passed]]>
  </system-out>
</testsuite> <!-- test.LoginTest -->
