<?xml version="1.0" encoding="UTF-8"?>
<!-- Generated by org.testng.reporters.JUnitReportReporter -->
<testsuite skipped="0" hostname="Alphi-Nandhalala" name="test.SystemUserTest" tests="1" failures="0" timestamp="2023-05-16T13:02:10 EDT" time="392.047" errors="1">
  <testcase name="Createsysusr" time="392.047" classname="test.SystemUserTest">
    <error type="java.lang.NullPointerException">
      <![CDATA[java.lang.NullPointerException
at java.util.regex.Matcher.appendReplacement(Matcher.java:804)
at java.util.regex.Matcher.replaceAll(Matcher.java:955)
at java.lang.String.replaceAll(String.java:2223)
at pompages.MCOFunctionalGroup.selectFunctionlGroup(MCOFunctionalGroup.java:53)
at test.SystemUserTest.Createsysusr(SystemUserTest.java:118)
at sun.reflect.NativeMethodAccessorImpl.invoke0(Native Method)
at sun.reflect.NativeMethodAccessorImpl.invoke(NativeMethodAccessorImpl.java:62)
at sun.reflect.DelegatingMethodAccessorImpl.invoke(DelegatingMethodAccessorImpl.java:43)
at java.lang.reflect.Method.invoke(Method.java:498)
at org.testng.internal.MethodInvocationHelper.invokeMethod(MethodInvocationHelper.java:133)
at org.testng.internal.TestInvoker.invokeMethod(TestInvoker.java:598)
at org.testng.internal.TestInvoker.invokeTestMethod(TestInvoker.java:173)
at org.testng.internal.MethodRunner.runInSequence(MethodRunner.java:46)
at org.testng.internal.TestInvoker$MethodInvocationAgent.invoke(TestInvoker.java:824)
at org.testng.internal.TestInvoker.invokeTestMethods(TestInvoker.java:146)
at org.testng.internal.TestMethodWorker.invokeTestMethods(TestMethodWorker.java:146)
at org.testng.internal.TestMethodWorker.run(TestMethodWorker.java:128)
at java.util.ArrayList.forEach(ArrayList.java:1259)
at org.testng.TestRunner.privateRun(TestRunner.java:794)
at org.testng.TestRunner.run(TestRunner.java:596)
at org.testng.SuiteRunner.runTest(SuiteRunner.java:377)
at org.testng.SuiteRunner.runSequentially(SuiteRunner.java:371)
at org.testng.SuiteRunner.privateRun(SuiteRunner.java:332)
at org.testng.SuiteRunner.run(SuiteRunner.java:276)
at org.testng.SuiteRunnerWorker.runSuite(SuiteRunnerWorker.java:53)
at org.testng.SuiteRunnerWorker.run(SuiteRunnerWorker.java:96)
at org.testng.TestNG.runSuitesSequentially(TestNG.java:1212)
at org.testng.TestNG.runSuitesLocally(TestNG.java:1134)
at org.testng.TestNG.runSuites(TestNG.java:1063)
at org.testng.TestNG.run(TestNG.java:1031)
at org.testng.remote.AbstractRemoteTestNG.run(AbstractRemoteTestNG.java:115)
at org.testng.remote.RemoteTestNG.initAndRun(RemoteTestNG.java:251)
at org.testng.remote.RemoteTestNG.main(RemoteTestNG.java:77)
]]>
    </error>
  </testcase> <!-- Createsysusr -->
  <system-out>
    <![CDATA[----[INFO]----Home page is displayed
----[INFO]----MCO LINK : Element is present
----[INFO]----MCO Link is clicked
----[INFO]----The given text : shc/lala is entered in the Username text feild
----[INFO]----The given text : Letmein@1 is entered in the Password text field
----[INFO]----Login button : Element is present
----[INFO]----Master : Element is present
----[INFO]----User Maintenance : Element is present
----[INFO]----User Maintenance : Element is present
----[INFO]----Create button : Element is present
----[INFO]----The given text : Logn007 is entered in the Lastname
----[INFO]----The given text : Test007 is entered in the Firstname
----[INFO]----The given text : logn007 is entered in the Login 
----[INFO]----The given text : letmein is entered in the Password Text field
----[INFO]----The given text : QM is entered in the Department Text field
----[INFO]----The given text : L is entered in the Manager Text field
----[INFO]----Manager Text field : Element is present
----[INFO]----Save button : Element is present
----[INFO]----Text is received from element : //tbody/tr[1]/td[1]
----[INFO]----Filter button : Element is present
----[INFO]----System Users Filter : Element is present
----[INFO]----Filter is opened
----[INFO]----The given text : 20499 is entered in the //mat-label[contains(text(),'User ID')]/ancestor::label/parent::span/parent::div/input
----[INFO]----Filter search : Element is present
----[INFO]----Text is received from element : 0
----[INFO]----Text is received from element : 1
----[INFO]----Text is received from element : 2
----[INFO]----Text is received from element : 3
----[INFO]----Text is received from element : 4
----[INFO]----Text is received from element : 5
----[INFO]----Text is received from element : 6
----[INFO]----Text is received from element : 7
----[INFO]----Text is received from element : 1
----[INFO]----//tbody/tr[1]/td[1] : Element is present
----[INFO]----Details button : Element is present
----[INFO]----Admin permission : Element is present
----[INFO]----User Roles : Element is present
----[INFO]----Items per Page : Element is present
----[INFO]----//mat-option/span[contains(text(),'500')] : Element is present
----[INFO]----Text is received from element : 0
----[INFO]----Text is received from element : 1
----[INFO]----Text is received from element : 2
----[INFO]----Text is received from element : 1
----[INFO]----Text is received from element : 3
----[INFO]----Text is received from element : 5
----[INFO]----Text is received from element : 7
----[INFO]----Text is received from element : 9
----[INFO]----Text is received from element : 11
----[INFO]----Text is received from element : 13
----[INFO]----Text is received from element : 15
----[INFO]----Text is received from element : 17
----[INFO]----Text is received from element : 19
----[INFO]----Text is received from element : 21
----[INFO]----Text is received from element : 23
----[INFO]----Text is received from element : 25
----[INFO]----//tbody/tr[25]/td[1]/b : Element is present
----[INFO]----//tbody/tr[26]/td[1]/div/div/div[2]/div/button : Element is present
----[INFO]----Add user button : Element is present
----[INFO]----User Role drodown : Element is present
----[INFO]----20499 : Element is present
----[INFO]----Save button : Element is present
----[INFO]----Functional Group : Element is present
----[INFO]----Functional Group dropdown : Element is present
----[INFO]----Back-up Staffing : Element is present
----[INFO]----Add User Button : Element is present
----[INFO]----User Dropdown : Element is present
----[INFO]----User Dropdown : Element is present
----[INFO]----Logn007, Test007 : Element is present
----[INFO]----Save button : Element is present
----[INFO]----Functional Group dropdown : Element is present
----[INFO]----Authorization Review - Handle Denials : Element is present
----[INFO]----Add User Button : Element is present
----[INFO]----User Dropdown : Element is present
----[INFO]----Logn007, Test007 : Element is present
----[INFO]----Save button : Element is present
----[INFO]----Functional Group dropdown : Element is present
----[FAIL]----Createsysusr is failed
----[FAIL]----Createsysusr is failed
data:image/png;base64,iVBORw0KGgoAAAANSUhEUgAABR8AAAJmCAYAAADVS/dbAAAAAXNSR0IArs4c6QAAIABJREFUeJzs3Xtc1FX+x/HXzDADzoCA4qBiKKCGinipxEwtMe2mpu1F3Wy72W1/Xdbd2mrdtqtla/f7ZnZZLa3d1FK7aELlFU1LxGviKIkKgoIwKMNlfn8MjNwvCqL2fu6DxzLfOd9zznwhe/juc84xuN1uNyIiIiIiIiIiIiJNzNjSExAREREREREREZFzk8JHERERERERERERaRYKH0VERERERERERKRZKHwUERERERERERGRZqHwUURERERERERERJqFT0tP4FyS6nAAEBUR0cIzObelOhw4nQWE2tsRare39HRERERERERERKQWZ0X4eCjPxcxv03B2aMf4SCuxbcwtPSWv5JQUZs/9mOSUlErXoyIiuHPyLcTGxHivzZ47jznzPq7ULjYmhhnTnqx0LdXh4K133q107dG/P4S/zQbAA1P/QXLKlkrvz5j2JLPnzqt2veJ8Bg2MY+zoUd5+AK64dly1tjOmPUlsTEyN40yaMJ4+vWN4YOoj1e77+rMFNfY3acJ4bpg4odK1mp5FeR81ycjMZM68j1m6PKHS9VC7nRHxw6r1LyIiIiIiIiIiLe+MX3b9n1X7uO6VH1i48SDHSuClrU7e2lHAwWOlLT01Uh0OHn96erXgsfy9TZsrXw+127FZrZWuJaekkJGZWema0+kkOSWl0tdb78yqdR42qxWbzVZnFWCqw8HsufO48bY7vBWaAHZ7u0rt7PZ22MrCyaiIiErztVmtns9gs1X7HJERXQCIjelVrb+a5hVqt1cbu7yPqvKdTh5/enq14BE8oWRNz19ERERERERERFreGRs+JmzNYsKbG3ntmz0UFlcOGtcdcvH3DUdZsPc4pe4WmiCw4PNF5DudgCc4mzHtSWZMe7JaqFZu5PB4/P39q11fvTap0uuaqiGXJSR6Q7YZ056qFPI9NvVhoiIiuP++eytdHxE/jBnTnuSv997jDfbKg7xys2e+XWmcB+6717ts/M7JtxIVeWIJ+bgxoxk5PJ6oiAgem/pwpfvefOlF79yq9jdyeHyNz2Jk/InrsTG9vH1Ulbw5xRuY2qxWHn34IWZMe5KL4wbU2F5ERERERKQ5uN1ufTXwS0Sk3Bm37HrnQSdvf7uX73ccrrftol+OszrTxdjOflxit5yG2VVWsWKxT0yMd4n1JXFx5Dud9OkdU6l9qsPhvWfShPHeZcfLEhIZN2Z0vePNnvsxM6bF1NuuXKjdTmxMDLExMGhgHH+cfDvOggIyMjNZujyhxlDwTFSxUrN9aCiDBsYBcDAjk/Z2O5HaY1NERERERJpYeYBmMLTwRM5aJwLI8izSoIcp8qt0xoSPBYUlvP1dGh+tSW/UfdmFpczaWcCaTBfXhvvRrXXLfKRlCYn4+/szIn4Yd06+tcY2yRWWYQ8aGMfqpCR2O/Z4Q8n6Dk9JTkk56dDQ32YjtncMa5LWefs6W8LHis8l1eHg8WemM2nC+LNm/iIiIiIicnZxu90YDJ74zO124/Z8B5SHZ6rsq53nGXnCWwMGDGAwYKD8uSqAFPm1OSPCx/+tP8DMb9M4UlB00n1szSlma04+l7W3cG14KwItzf8H2rjRo70HsuQ7ncyeO4/Zc+cRGxPDDRPHVzpsBjwBJXj2QYyKiGBkfDxvzfIcLLN0eUKth6bExvQi3+lkt2MP/571rrfyr7GiIiK84WPVfSbL1XSQTEvr0zsGm9WKs6AA8CxTX702iVC7nRsmTmBE/LAWnqGIiIiIiJwryiseS92lHMr/mY2/zCU95yeKSwtbeGZnHx+jL2FBfel/3kTa+XfDgFEBpMivUIuGj2tTj/D2t2mk7Mtrsj6/PehizaEirg3348ow3ybrtyaDBsYxacJ4Fny+yBuMgaeq8IGpKd5To8ET9pUvH74kzhMexlZYlr0sIbHOE5vvmnwrD0x9hHynkzlz5zXHxzljhdrtzHj6KR57+hkyMw95r2dkZvLcy69wMCNDp12LiIiIiMgpKw8e3ZRyKH8nizY/pNDxFBSXFrL3cBLpOT8xuvd02vl3b5IA8lhhEc5CF0XFJWh7SanKYACzjwmbr4VWvuaWno7QQuHjvsPHefvbvXy1+VD9jU9CYYmbTxzHvEux+7dtvl+2GyZOYNyY0axem8SyhARvJSTA7LnzvAewVDxUZnXSOlIdeyr1Ux5ORtWyf2FsTAwj4oexLCGRBYsW17tEuyYV906sWpVZ7s5bb6l0yMyb78xid5W5toSoiAhmz3yb5JQUVq9NYunyBG/gO2fexwofRURERETklJQvtS51l+J2l7Ah7SMFj02kuLSQDWkfcUWPR8AARsPJB5BHC46Tf8zVDLOUc4XbDa6iElxFxygqKaG11a+lp/Srd1rDRzcw89s03vku7bSM94uzhNe2ObmgrZmxnf0Is5qatP/klC1lgWEXz+nNw+N5651ZLFi0GICDFZY2ly+5Bk/QWNOy52XLE4iqZb9I8Jw+vXptkvfQmMaqGCLWFnJGRUZUCib9bbZGj1ObBYsWExURQWRElzr7TU5Jweks8C5PT3U42O3Yg9vtZuTw+LJDdGJ4/JkTp3Y3ZM9MERERERGRunjrHt3FpOduauHZnFvSczdR6i7GZDCe9I6ZxwqLFDxKo+Qfc2E2mVQB2cJOW/j4xaZMZn6XRvqR46drSK8N2UVsyC7i6k6+XBvuh9nYNPtLPDD1H4Dn5Grv8upDJ6o525eFYRWXXNvt7Xjgvnu9bVavTfKGlauT1tV6WA14gsAbJk7w7hPZGM+/8qo3sLTb2530vpGn4q13ZgFUWo5ek02bU5gz72NiY3oxY9pTvPXOLJJTthAb08t7yEzV8FXBo4iIiIiInIryqsdSdynFpUWUlCrkakolpS6KS4swGHwwYsBoMDa6D2ehfibSeM5Cl8LHFtbs4WPyL0eZ+W0aSbtzmnuoen2xr5DVmUWMDfdjaHtLk/W7cNFiklO24HQ6Ky1t9hxIk+INFwECbP6AZ9lzvtNZrSLyrVnvMiJ+WKXl205ngXdJ9rgxo1makFDjUujVa5PIqLAn4rKERNYkras0J6BS+Flx/PLXkRER+Nts1fpLTtlCckoKNput0mcCz9LnSRPGV7v+1jvvYquhyjHV4aj0GXc79ngPu6mtqjM5ZYu3TXLKiZPDx40eVWN7ERERERGRhihfcu35vgS3u7hlJ3SOcruLcbtLwGAqe924pddFxSXNNTU5h+n3puU1/j81NNDh/CKmL9nF5HeTz4jgsVyOq5T3dxXw7OZ8tuc2zb9Q8p1OklNSqgSPoxg0MI5Nm1Mq7feY6nCwabMnONvtcLB0eUKlvhZ8vojVa5OYXeFQmVSHw1s1CJ7DZ2qyYNGiSsFdxYpL8FQ8Vq06fO7lVyr1sXR5ArvL7qnaX3JKivfzVPxMgHe+FedZPvfklJRKYSF4gtKK18qfYXJKSp1Lyqv2FRvTi0na71FERERERE5R+cElbtyUuhVWNIdSdwnu8sXtJ7H2WofLyMnQ703La5bKxzmr05n5XRrHXGfuH9g7cov51+Z8hoRauDbcjza+jc9hP/1oDsmbK4eO/jYbgwbGeZcBjxweT5/eMaTudpDvdALQp+yU61C7nUkTxlfrt0/v6kuSKy4rjo2J4a/33uMN6crfGxEfX+Ny5lC7najIiBr3eaxp/Lr6q2lu9fVXU//19VNxHjOmPeUNPisaNDCu1r0rRURERERETorb7Q3IpGm5cSsJEvkVMrjdTfdP/rfbs5n5bRo/ZzibqstKBl/Zm5yipv+DyscA13b245pOOgFJRERERETk16b8r8VuSigqOU5hcR4f/XBzC8/q3POHC9/D1ycAs8kPA56l141Zdr0/+2hzTU3OcR3btm7pKfyqNUnl464MJzO/SyNxW3ZTdHfaFbvh0z3HWZNZxLXhflwUoo1IRUREREREfr2a5pBSqaoFn2tpIRk79rN2yzG+yy5md5Hnss1sICrQj6F92jL0/DZYmm1zOpFfr1MOH5PWL2HmT21I3n/mLrFuqP0FJcze5eSnA+u5rfeIlp6OiIiIiIiI/Ap0bjMAX58AAHIKfiEzf2cLz+hcUoJzdxrvJeTxzfHq7zqL3CRnHSN5+T7e/vYg18eHc+35/qd/mnLW2HfkOF9uymTHwfx625pNRi7uGszlvUKwWkynYXZnplMOH/t3KOL59Al8Zf8H7/3cm8POs/dUsP6Bv+CbP51ufhcCjQ8fK57eDJ7DUMqlOhw4nQV13h9qb1dpb8dTGbs2NpuVULu9xtOyq7aLioiodd4VP5uIiIiIiIg0TmhANBeEX0+H1jGYTa0qvOOmwJXDrkOJrE+bTVHJsRab49nqyAYHmT0iON9awO6vHDy0qwQXYGvty81923BB12CCrWVxSEE+GXsP8cX6PD47Wsx7y3az2mHnySvbY2nRTyFnogJXCf/8dAcp6XkNvmf51iwycgu57bLwGvt7OzGN2PAA4nuENOVUzyhNduDMle6nGHZ+O+Ycf5R5W4ObqtvT4vyAfNqVfIArdwUnU785Z97HLPh8kfdAmXL+NhtjR4/ihokTeOudWfUGhJMmjKdP7xgemPpIpev/mflvbyj5wNR/VOtnxrQnq91Tm9iYXtwwcUK97WNjejFj2lP1znvk8HjGjh6lg19EREREREQaqFeHUVwYPolW5kDyC7NwZK/h4NEt+Jh8CQvsQ8fAWGLDxtE+MIZVqW+Qkbe9pad8dnEW8OCHO7i+nYv/7nPjMpr43dBOXB8TWL2t1Z/QHv7c3KOYsckOpq88xo5dmTy0xM30azoogJRKDjuL2J9znIFRwbwyqf6irH1HjjN51iY276s5rCwucbPekcPuQwVnTPj49eZDPLsklWd+F01cVFCT9Nmkp137lhziVvPdDL9gOLOzb+L7PWf2Zgnt/UqIMi+jKO99XCfZx/OvvMrS5Qk1vpfvdJKc4jmhOSoigtTdDpwFdVc/2mw2IiO6VKpMfO7lV5kx7cka+4mM6ILNZmvUnGsaozb1zXvp8gRWr03ijZdeOOmqTRERERERkV+Lnu2vYUDnmzAaTCTvX8jq3f+u9H5y+nyCreFcEnkXYYF9GNr1Pr7Z8QxHCtLq7Xto13tpa4tk4y8f4Xa76XfeeLKdu1mZ+kZzfZwzV2EhH+4DjD7cfd35XN6+viWvPgTHduNZu4Mn5+exwZHFh1sCubmX9XTMtlkU7f+RtcnpHMNCYGQ/urKT5N1HKDLaCL9wMNFtGn7eRVHGFtZucnCs1ELg+ZcQF1FHDlGQzuakHzlQCOaQfsRdGMbZ+xQbr6TUzU9pR+nfpYaw+yxwvKiEktKmPey5WdLBLsXLeSTwBh7vv5LItk2abzYJsxHiAlMIP349RXnvn3Q/ySkplYLHcaNH8cZLL/DpR3O4OG5ApbZ3Tr6VqMgT1YGTJozn688W8PVnCyq1i4qI4K7Jt1YbZ/XapBr7uWvyrZWqDmdMe9IbVJb7+rMFTJowvs4xyudSsV1d854x7UlsVs8fH/lOp3d+IiIiIiIiUrPAVmH06nANPkYLm/d/5g0e7f7dGRXzDEO73gvAkYI0vt72BOm5mwi2htMn7DcN69+vI22snfH1CSDYGk47/260D+jZbJ/nrGA2c17rCsFjaS7JS7Zy8xvJjH0jmSeXpHOktEL79hE8ONSXUNx8tno/u0ur9ehRksmKF25g8g0TPF//WEBa3bVGFOycw0Nl7e99YxVZRUDWKt64Y4K3n4dm/0hBEx2pkbt3Jf/9cA6ffPguizcf4ODm+Xz44Rw+mb2A5KzGlWAVHExi4WxPXwlbcyiqs/EeVsybwycfzuGT73c22ec5W7zzXRp3z07hlaUOOgT6cm3/9lh8Gn/YkhuYvWofQ59ezYDHV3LZM2tY/FOG9/1lW7IY/uxaBjy+krEv/8DN72ziic9+BiDveDF/mbuVgU+sZMDjKxn/xkb2Znu2cEjcls1lz6xh+dYswFOdeeVzSXy28SCfbTzItEW7OFZUwj1zUrj+rR85euzUt1ds1tLEQSVv8u9O47mj914sPmdGFWRs60wuMk3FnfvUKfc1//NF3u8vjhvgCeoiIvC32RgUF0dsTK8GLUeeMe1J3njpBW6YOKHWNm/Nerfasu6KJk0Yz6QJ42utgoyKiGDShPGMiI+vcy4jh8czY9qTPPr3h+tsFxsTUymUrGtuIiIiIiIiApFtBxPUqhMHj25l3d4ThTBmHyvB1nAC/Tp6rxWVHOPHfR9zrCiHsKB+hAZEN2qsTemf8s7qa/nfT3c32fzPSoXHePDDn9lRAFDC7qVp/NNR7AkcS2GDI5tHlmZWusUS05Hrg4HCAr5JLqylYwtBHcPw1A6aCY+0Y64n9jBb7YS38XxfsGY2SzZlUmQOokNk+d/j7YSHBkMTnUsScvGdPDyhe9krPyKu+QvXn2QWHdhnPH8aG9bAgS/h+j+N5Oys+zt1Nw85j0u6BTN3bTqvfbOH2y8L5+7LuzS6n+RfjvLBqn2M6deelVMHcVWsnVeX7WFXhpP9Ocd5dZmDPuGt+fqBOK7uY2f7gXx6dvQcljR37X5+2nuUGRN6suQvAzAa4F9LUnGVlGK1mHC7If949VBxREw77r68C35mI4+N686Lf+hJQKtTLyo8LWWJvzX+nfjYHszJ/wuLdrZMsW2E7Thh/BfX0SU01ZE4myvshTiySqg3cng8I4fXHvRlHjpUYS/F2hNwm9WKs6CAjMxMFny+qNaAsuL18qXeFQ0aGMeggXG1jlN5X0cD/g1Yyp2Recj7vZZci4iIiIiI1C20dQ/c7lIc2asb1D495ycOHk2hc5uL6RDYu1F7P46OmU5YUB9+ObKB1KwVDIq4nQNHN/Pl1scAuKzbFCJDhuDIWok9IJrWfh0wGc2UuktwZK9i2fanT+ozngmCh/Zi4dAqF0tLgEzW7K6+nHTf7lx2YOd875UABvawwGoX3+w9zO19O1QfxBRE78tH0zvxVTbSjyvGXEIHv7rnZe50CVcM/ZqNC9OBHFZ8upS4h8ZzxbhhJKUsJqvnKMYN7YKVIg6sm8+CBYvZuK8ICCLq4isY9dt4rOv/w+KUHIrMQbTzO8SGNTspCOjOyJvuYNwATxhatG8VCz5dxMof9lBzMWYmmz9/je0//0iaqfK9BY5EFny6gMRNnkA2pPswrhg/nmHdqy/RLsrdycpP57A4cSe5gLljPwZfM55xQ2sI2ooy2fzVxyxYvMpTIWoNo//w8YwbM6De5+Y9nKNqKFvb9dOkwFVCwtYsClzVy2P7dw5kV0YBc9emA3DvyMafk/Hd9mxMBgO/G9ABi4+Rq/vYWZpyiLWpOQRZfTh6rJjfXdSBYKuZPue1xmIyYjYZyC8sZsWOw/QK82dw9zYYgPgeIXyybj97s+o+wMpqMRHYygcDBtraLNhb+zZ63jU5bWui25Rs495WtzG8/2/5T8Z1bExv2vXjtQm2uOnht5Lio6+f9L6OtalY7efv37h9F5cuT6i0ZLv8gJeqyqsLk1O2sHDR4joDzVPxwNR/VHpddTl4ueSULcyZ9zGpDgcZmZ4/jEbED2u2eYmIiIiIiJwrWvu2x1VSQM6xfYQGRHN+6Eh8jL6YjGZ8jL7YfNsS3/0BAJyuLJL2vEfusf0YMNDar4YArA4pBz4nsFUY/r52UrO+JzbsOtrYIgkNiCYjbzshtiiOFeWQnpuMn7k1OzOXc6wohz5hv+G8oAvo1m4YPx9KbI7H0DKMjUuoLJ1bccFqFxuOHCcDCG2OOe1bzCff9ONPPSpfzvrhXZ57NZFcggjvHkRB6h5S1ySyLX4wF5QWcCBlC1nAdoLo0CmIgn07Wfr+x3SOvIf+rpW88eS/2VwAIRHdCTm8k7Tc6kMf2OSgQ6cgqHLvzOkn7rUe3knazkTW/jyKwd2rHDxSsIfEV/7JJzvB3LE7UcZ0Uvf9yMofBnDFJV2oFFWWONk+/1leXpIOAWFEdYW0Xels/PZHhlxRX/iYw4rn7mFh4D3887YBBJb/GEty2DjzIWbmjmf6g8NapMrysLOI177Zw2FnnYvQWfXzEX4/oAMdgupLWSsrLnFjMIDJ6ClYC7aZMZsMZB4tJMDPU71oNFQvZisthVK3G4PB4C11s7e24Cp2czi/7rk2l9O+FrpXyf94NuQP/K3vJuwBzZt9XhiYSveiGyk++nqzjtPc7r/Ps+9HvtPJW7PebdG5JKekMHvuPO8ej4MGxnnnJyIiIiIiIrUzGIy4ceOmlMBWYXRrN4zu9uFEhQzF18efoFbn0d0+nO724XRpczEAbjwhgtHQuPDMkb2aohJPlVNRyTEOOx20MgfRIbA3ndsMxOYbQlb+z+zM/IYvtz7G4QIHpe5iDhfsxWAwYjCcGVunNS07F0dWD2s6RQZWqHos09ZCJ4D8YnKaYSYdLh5JdACkLZpNwk7niT0Ui9LZ/O1KcrHR/84nePihv3BNbFmUZ7QSNWISV/QEsBF3z3T++chDjOsM5KWzP6eIA+u+9oSHwx/k4Ucf4barutcw+qnc63FsdwIJO4HO47j/0Se47+Zh1HpWc+4WVnyfDuZeXP/36Tz850kMDGjokwpiyE03ELLuBZ6YuY7cErzB4xvr7Pz+ppYJHgE6Bfvx1f1xrHt0cLWvl67vhc3XRIcgP575XXSjg0cAH5MBtxvv4S/HXJ6DYMqrEd24KXVXL+wzGj2hpNvtpvzdvOMlWHwMtPFv+CFDTanFToMZ4f4Xl0VZ+cg1jTlbm3bJbs+AHIKLZlKUu4HTU18J+fmN2/Nw0oTxde7xWFGo3c6kCeOZM+9jVq9NatCS6MaqrdKxKru9He3tdu8J2KvXJrF0eYIqH0VEREREROpRUHQEqyUYP58AdmYuZ2fmcgDCgvoS3/0Bcgp+YVHKQ5Xu8fUJwO0upcB1+JTGPnA0hc5t4mjfuhetzEH4GH05lL+L8OCLGBR5B639OlBS6sJgMOF2n80nhBzgvdcO8RmtePbublVCRRORI8N5oiSdF/cWcwS4oHNb7h55+rcRs3YezLjzD/Hc+z+y9NM9J94ozGF/ehGYIujaORiz8UgtPdgIDDJjNpqx2gCKKCrO4cD+Q4CZ8G5hBJqoZdn1qdwLUExuRjpZQGBkd0LqWZlbnJvOgTygU3fC25ip+7SaGoSO5OFn4JmHX+AJbmEU8/lwnZ3rn3mCYc1SknpqVu86wtT/bad1KzMvTOyJj8nAK8sc3Dui9qXXruJS9h057n1ttZjo3zmQ/60/QOK2bG4YFMY3W7IodUNMpwB8TAYsPkYW/5RBpN3Ksi2HKCz2/HPr7+tDj47+fLs9my378ghv24qErVmEBfsRFuwJQS0+Brbuz6d7+3xeX76HnIIi8o6f+OfejRtXSW2nLTVeix5FbXYXcKN5CsP6D2LOkdtJdJxaAtvJWkwX02JcefMa/bt8MiIjurDb4flDYsGixZX2VFy6PIFlCYlERXThzionS1eV6nDgdBYQGdGl1mBx3JjRLE1IIDPzULMe7pLvdLLbsQebzVrjYTkj4+O5YeIEFny+yFuFOWfexwwaGNcsoaiIiIiIiMi5IvfYPjq0jiEsqC+pWSvqbW82taJ9QE+KS10cKUirf4AalmCW25fzIwVFRwi2hmMxWTledJT9OZuIbn8l/r52Nv4ylx/S5nBZtylEhVTdMPFs4st5/kB+ERnZcH7bKm8bA4m9JpD36usm28U+AH8fguprWy73Rz547DX29r6F2/5Q3x6QNsIvHs+4H1L4JKVygmE+hT0Myw+9KXI1PuOr78CcinyMFk5rDZ03gHyXD+l+xgaPAH5mIxEhVqaO6Uawzcz//Wcz7QJqTmh9TAZsviY27s3luld+AMBogIkDw7h3ZAR/uDiMd75L443le7D4GJk0KIw+4a0BGN03lLlr01m+NYsOQX74GE/8AO+K78y+I8eZ/O4mSt3QLsDC4+O6Y7WY6BzSigu6BPHZxoMs2ZTJ2P6hmE1GNuzJYeLAjkTabfj6GPnr3K30Oa81r/0xBt9TPES6RcPHcuElq/l769Vc3u8WPtg3kp2HGvdfWaw+EGvbSGnuv5p8X8e6jIyP9wZwySkpPP/Kq0yaMJ5Qu53dDkfZwS/1116+9c4sklO21LrvI4C/zcZdt97K489Mb5K511apudvh4IGpjwB1V0OOGzOa+YsWkZl5qN7DcERERERERAT25yYTFTKU8OABhAX1JT3npzrb9wn7DcHW8zhcsIc9h9dWe99sasWAzjeRV5iB0WCijTWc40VHySn4pVrb3GPpZOX/THjwAHx9/Dl4dCuZ+TuJ5koMGDAZzZwXfAHtW/fEgAGL6WwtLgnkvOB9kF/M9r2FDG1bIfQpLcSZkUvqoSJysgv4BV96tzXh3y6YTqFWLBXyFdfeY2wALMF+Ne/3WFJEVvo+cguBkj1s+GYBueZ97MpycmB3Jke2LGBpkpPIkaMY2DXIcxBM3iH2H/b8XfzAri2kDR7G4N9cx4ZtH5NaHoP4tqNzZxtk7GTtd+sI73mEjbuKACe5Bw+Rbc1k/1G8r7N8K7zOLMA/vAus2sLm5UvZ2KY7+1McABQcPkTGLzkNu3dlIhsDI9i70XNv7uF0DmYVeeeeeziD4527EMKPHNiYSFI/C4EpKWQB5GSSdSgLc8YhioCinExyTFF0DoG0fatYmdSdgtKVbMsD/HI4cCiH6MCghgWZoSN5+Jl2bKYfvc/Q4BE8h828O7kPAPuOHOeIs6jW8NFqMfH2zbG19nXnsM788ZJOHHYW0cZmxmo5kUzfNzKC2y4LB2DzL3k8/N/t+JUl18E2M2/8MYbDziIKi0qwt/b17h1pMRmZ/vtojjiLsPmasPgYcQOlpW5MRgO9OwWw7G8Dm+JReJ0R4WO5AaXvMqDjuyxs/zjv7ehe44lBVfULTMfPOYOS3IOnYYaVjRgez9KEBG9kh5HgAAAgAElEQVT1Y9VDZCpauvxEO4BlCYneE6YrnjSdkZnJsoTECq8PeZc1DxoYR2xMryonU1eWnJLCgkWLK117/Jnp3HnrLd4TqWtqUx447nY46px3csoW70EzATZ/MvGceL1w0WJC7XYtvxYREREREanFrkPfER58EV3bDSOu880kup7nSEEa6Tk/MXvd9ZXaRodeQa8OoygudbHt4Nfe/RsrCgvqS1TIEKyWNoBnb8etB78iM39njePvz91MePAAfIx+HDzq+Xvlnuw1dA4eQL9O4+kT9luy8n+mxBxMO/9uTfzpTxcTEZ19sfxSyBfbDnJ9/87YinJITjzIh7tc7KgUMxzjvwBkg9HE0K5B3DwsjGBzHmu3eUqbLu/cpuZhCtNJ+u+CstAwk41LPmaj983j7Fn1DSvWu8iJGcnArp6ruSmL+O/3nh0kC374mIQBfbltwEjGXZ3Ec4vK/t5tttN7+Ciikj8m9atXee6r8j6dJM1bQvv+O0jcV/Z69mws56ezovz1vOVc9OAohnXaQuLexcx87sR0c7//D4vyzSTXce/AB0cxrPMWElMW8EbKiXuzls4hwRbBhrK5Zy2dw/oL/sqooauY+f06Pnlh3YnGjgXMTzRgXvajZ9m2YwELtj7L+Kv6sWH2j6x491m8Nb/Hf2TB5z/S/75hhDS02jO0H70b2LQ5tDIb8ffzYVeGk/vnba23fWFRKc7CEkICLCc9ptViqhQ6gmeZ9uZ9eXQLteFnNpK4PQuzyUCU3VqpXRubGWqJdoNtJ64bOHGwTXM4o8LHcmONjzKsZzhzCh5m4c7WNbbp5u/EXjqHotxEWmo3Cn+bjRnTnuLxp5+pNRC0lS1FXpaQUGm5dEZmpjfEqygjM7NSgOkJI0/sqXj/fffyx9vuqHVOmzaneA+DKbd6bRLjRo/yho9AWVUmtb4uV3XeySkp3nmnVggq853OSvMUERERERGR6lakvo7V0pZOQX0ZFfMMKfs/I+XAIm+4GGwNp2/Y74gMGYzRYGJT+ny2HlxSY197stewJ3sNdv/u+PvZ+eXIhkoh5ccbb6/UfsuBxWw5ULkQJe3IeuYn/5kOrXtx9NgBMvN3YvMNwVXcfNt9NTdLbDC/W3+QD48c5ZPVaRRtyeGLwnpuKi3h+53ZfL83n7/0gg+PAL5WLo+tZUND3zAG3zmd3sddVZY3WzAb8/jp/c8gZBjxfeze6CcwZjz3PzGaohIXZpMFa0gwmMxEj3mIJy/Kocg3iBA/MPccx/3PDSBtdzoFtjA6BEJBgROMQdj8iugz3ElRCZjNNqzmIob9xlX2OoiQTnb6PvoKA7f9TBbtCO9oo6jAM0ODj5mxY+u+t/c/XmHI7j1kFQXRoX35vWYsAWaG9RtXNncb1g5hhJz/DFGX7yEtG0I6tsNcVEBBKVgD/GHQAAqKXGCyYG3TkQ6Bf2F6jIPUfTmYQ7sQYiqg4DhgbXfiBOuzQBt/C0O6t2Hu2nS+39GwfVgD/HwYGVPrcTwnJeNoIc8uSSUtu4BSt2eMKVdE0DX0zKxYNrjdNRyN0whF+xZS8MN9TTWfarYbr+E/hyayfp+BwVf2xmIqoZtlOUVHZzXbmNGhV3BZtymNuifV4SB5c4o3qPO32YjtHePdN9Gzr2Pdf3jbbDbvku2q1yvuv1ixr8iIiEp7LdYWalZs59nX0VGtTVWxMTE1zjuybC71zVNERERERORsUP7XYjclFJUcp7A4n49+uKnZxjObWjG06z1Eth2MyWihuNTlPeTFx+iLwWDkWFEOP+77hOT0+c02j9PtDxe+j6+PP2aTHwY8iZOhjn0qq9qffbTBbV1bfuYvicc8+zaeFAPXDovi5l7W+ptWlfsjH/zzBfYOfYT7f9Odk+hBmljHtjUXtsnpccaHj+USuI9dHQYSUPREs491MuGjiIiIiIiInJ1Od/hYLtgaTkyHMYQG9MDftx0lpS7yCjPYnb2KbQe/rHGp9dnsdIaPUMCOJak84nCf1NkQkRHtmH5NB052sWxRbiYFvnYC6zx0Rk4XhY8t64xcdl2VJfx3XBs9HqM1jA1pN7A+bQ4NOchFRERERERE5Ex1pCCNFamvtfQ0zlFWzr8miulfOXhoV0mjAsjzu9p58sr2Jx08ApgD7QSewv0i55JTOyu7mfm0HYDtkrm06v8cRmsYABeEX88fLnyP7vbhLTw7ERERERERETlzWYm8Mpr3Rli5oAH7ClpMPtw8IpJnTzF4FJHKzsjKR6NfKL7RU7B0mVjj+6392hPf/QG624ezfu9sMvK2neYZVrZ0eQKZhw5VunZx3IBq+x8mp6TUeDDNpAnjq13z7LVYUON4kRFdatjnsfL4NpvVO35NY8bG9KpzXvZ27XR4jIiIiIiIiJzlTNjO78oj3QrJ2LGftVuO8V12MbvLTomxmQ1EBfoxtE9bhp7fBssZXaIlcnY648JH32534Rc9BUy1nChVQaeg/nQK6s+WA4v5IW02x4pyT8MMq1uWkFAtvDuYkcH9991b6dqmzSnMmfdxtftrCh/femdWrSdoA4wcHs8dt96Cv83G0uUJ1fqNjenFjGlPAfDA1H9Uu//rzxbUO69BA+MqhZwiIiIiIiIiZyWjL6E9Iri2B1zb0nMR+ZU5YzJ9c8er8Y9fhl+vhxoUPFbUq8Mo/nDhe8SGXddMs6vbiPjqFYJrktZVu9and0ylikO7vR133npLrX3arCfOxIqM6FLp9dLlCfxt6iO19ltxTiPih1Xqu2rYWfX+cqvXJtU4NxERERERkXObzhhoHqf2XBtxNo2Il35vWl6Lh4+mwF5Y497BOuBNTK27n3Q/ZpOVQRG389u+r9OlzcAmnGH9oiJPLK8uDwjznc5q4V1sTAyxMTHe1+3tdsaNGV1jnyOHx1fq967JtzJ/7oe88dIL3mupDgfJKSk19ltxyXTV5dM3TJxQbV7lS7zt9nbe66uTGh4+pjocPDD1ER6Y+gipDkeD7xMRERERETlzGDz/MxgxGc0tPZlzisloxmAwYsAAnFwaZPZpwMaNIlXo96bltVj4aPDxxy/mEfyHfYG5w4gm6zfEP4orez7GiOipBFvDm6zfuixbnuD9vuJS68aEdw0VFRFRKSBM3X3qQV9GZqY3MLwkLo7IiC6Ap3ozIzOzQX04nc6yvSNTcDqdpzwnERERERGRFmHwBJChAdEtPZNzSmhAtCd4PIUyNJuvjoGRxtPvTctrkfDREvFHAkZ8j2/Xyc02RlTIEMb3f5u4LjdjNDTv1pary5ZYR0Z0YdDAOG84uCwhkfxmCOIyKxwuU7E6spzTWUByyhbvV6pjT539VazQHDE8nkFxcTW+JyIiIiIicq4qz8QMGDAaTPQIvbrZ/y75a2E0+JQ9T1NZ5ePJZZCtfM34t1KQJA3n38pCK19VMbe00/onqY/9Uvyi/4ypTf/TNma/TuPp1i6eH9LmsD3j6ybvP9Xh8FYHlod2fWJiWJaQCHjCu6Y4NdoTIBpYsGiR95rNaiUyonr46FkCXf2QmdqUz9VmPXFCdvkBNMsSEmtdGg5wxbXjql17oGwvyoqH3oiIiIiIiJypDAYD5fsRGgwmDAYf2gV0Y0jU3Ww7+AXZBbspKS1u2UmehUxGH9paI+nR/mraBXTDYPDBYDixBNZwEglka6sfZpMJZ6GLouIS3NqeU6owGDxLrW2+Ch7PFKclfDTaOuMXPQXzedWDqtPB37cdl3WbQnf7cNanzeZA7uYm67vikutBAz3h46C4uBPhY1LThI9vvTOr2rX777v3lE+jrrjkunz+5Uu7MzMPecPVULv9lMYRERERERE5k7ndYDAYMeLGx2imxOhHaOtoglp1oqj0GCWlhZSUFuN2l7b0VM94nj0zfTAZfTEbW+Fr9sfH6IeP0YzRYMRgMJY975Prv5WvWaGSyFmk2cNHv+gp+Eb/ubmHaZCOgbFc23sG2w5+xQ9ps3G6sk+5z9UVTrX+05//Uu39NUnryHc6TzkkLBcb04tQu50bJk6oNRCsWnGYnJLirUasquKy6mUJid7QtGqb2qofy0/OzsjM9N47In4YoXa7AksRERERETmreOofDRgNPphNfoBnybC5pBWl7mJK3SWAG7dOw65V+YEyRoMJo8EHH5MvPkY/zCa/smXsBk7UmYrIr0GzhY/m867DL3oKRtvpOfSlMXq0v5Lu9njWp83hp32fnHQ/GZmZDTqQpSFLr5cuT2BZQiLtQ+389d57qr0/Y9qTlU60biqbUlLqbbNg0eJaw8fyk7OTU1K84ePI4fHNMlcREREREZHmYjAYcLvdGDCCAXyMFowGI6ZSMxZTK0pKS8DgLqt8PPlDU859bgwGI7gNmIyeJeyeikfPkmsD5VWPeoYivxZNHj6a2lyAX/QUfOxDmrrrJmUyWhjY5Ra62z37Qe7OWtnoPpZWWHI9bvQo7px8q/f1cy+/4g3jFi5aXG/4mJGZWXZaNN7w0eksaPScGiPf6WRNWeWmzWpl/twPve+lOhzeSs7ypdlRNewvKSIiIiIicq6oGkAaMWA2+eB2l+BjcoNbVY8NUX6qtQFDWeBowGAwep4rCh5Ffm0Mbvepbc9atG8hBT/ch8E3BL/oKVgiJjXV3E4rR/ZqfkibQ7ZzN9GhV3BZtyl1tn/rnVmVTrOOiojgr/fdQ1REBEuXJzBn3seVqiKjIiIYO3pUtes1+fqzBTz29DPeYLD8fpvNxoxpT1ZrX3U8f5uNEfHDuHPyraQ6HDz/8qvefR0BYmNiuHPyLTz+9PQa7wHPEvKK94Ta7Tz694dqDSDznU52l7WPjIhosmXmIiIiIiIip5vb7cZgKFsa7A0c3ZyoeFQAWbuKz8hQIYhEFY8iv1JNUvno2/V2fKOnYPCxNkV3LSKi7SAi2g5iU/qnHClIq7d9qsPhDR7LXzvLXte0HLv84JaGLNMGvH1VvL82VfvNdzq97Z0Vvi+XnJKC0+ms9Z6axsvIzKw2p4r8bTYttRYRERERkXNCeQVk+feGskBNJys3XMWM0e0uiyIVPIr8Kp1y5aO72InB59yqcitwHcFqCW7paYiIiIiIiMgZ5BT/+vyroqBRRMqdcvgoIiIiIiIiIiIiUhNjS09AREREREREREREzk0KH0VERERERERERKRZKHwUERERERERERGRZqHwUURERERERERERJqFz8Gsoy09BxERERERERERETkH+Yx5Pbml5yByTvtmSuwp93H5i8ks/evFTTAbEREREREREZHTR8uuRUREREREREREpFkofBQREREREREREZFmofBRREREREREREREmoXCRxEREREREREREWkWCh9FRERERERERESkWSh8FBERERERERERkWah8FGkhX3++ectPQURERERERERkWbh09ITEPk1Kw8eP//8c8aMGeO9npN/nM9Xb2Pl5r1sT8sk40g+vW5YTkiQP9Hh7RkcG8noS3oT5N+qpaYuIiIiIiIiIlIvw0WPrXC39CREzmXfTImt8XpNFY9jxozhhf+uZObi9ZSU1v2PpsloYPLoS5jy+2FNMk8RERERERERkaamykeRFlBT8Jhx1EX8va+z70hhg/ooKXXz789WsjJ5F/+6axxRYSFNPU0RERERERERkVOiykeRZlZb5WNFu9KzueVfn3LwcP5JjRHaJoB3H5qkAFJEREREREREzig6cEbkDPDAW1+edPAIkHE4j7+9uaDuRq488nLycJXUc+0MkrZpLQfyGtDQlUeeq8q1ghquNQFXTh55BfVfq/nmBrY7V+RuZcOWbIrrbViMKy+X/KMVv5zNPLkiXEfzcJU2ZZdODu508NPOTPIL6//UIiIiIiIivwYKH0Va2Av/XcmWPZmn3M8Wx0Fe/CSx1vezv3qQS+MH8cLa8mXdhax8fhCXxk/hi4yTGTGP9a9NZvbmk7m3AVwb+PbjpWxqQPiY/dWDXPrYN1RsmjxzEFO/ymriSW3i9fhBXHr7XBzll/bM5ab4QVz6ZlI992bx5SODuPTxL8iup2Xe2le544NNpz7dFnZg1f9Y8MOeBrTMIWHeVv743lYmzNzKdTO38seP9pLWpLM5yFfvbWRl+a/E9m1MmJnC/3Y2Te+u7Sn87bVk/rw0k7e/cfDH19bz5yW/0Az5t4iIiIiIyFlFez6KtKCc/OPMXLy+yfp7Z9Eqbr56YI2nYKenryO6dx8Wfr+Ov1wyBEvJdtYv6UF0zyQcmUDHxo5WSPqOJLIGN8XMqytO+YGdbQdyVUPnlXe0+YOe7HQc9CHWtID1eyYS0QWyk1dAzx6wJ51soG2tN4dw1ZOrGW4KwFLPMK7MbazPGdqkUz/99rFpczY9R13Q4H/RXDnsYm6vf5eCk1RI2uESwsurfKN7MC+sGEtAU3Tt4O0vnXS9rCf/6hfouXb0IGmukHp/1iIiIiIiIuc6VT6KtKDPV2+r91Trct3Pa8flF3avs01JqZtFq2opRXQVEnLVNYxdksT2EmDzMj6+5iZu6FWhyY75TL1lGAP796Z//0HcvyTd88b+b3hi4iBGTLyWSwcPY/qqPXz54DCeWAWzb+lN/3vmkw249szn/vhB/GbiMEb86QO2FwDsZvaNU1i4dj5Tr7qQgW82pKLvKGtXb6VD3EDaNaB13QrZ/sFkLo2/lj9cdSGX3lJWtZiTxItln2nExEdJ2A+QR8JTv+f171cw68ZB9P9zlSrF4uNAX66+ClYmZwFZrFiWxdhJ44j2Nspi/WtT+E18b/r3783Aia+SXABkf8H9Awcx8e1NnpA0Yz73Xvc0s2f+iRGDe9P/uqdZmQPZX01hxGMr4INJ9O//JxZm1PZcIfnlC7n3zQ+YfuMg+ve/kJv+uxuo4+fIJl4c/Cde/+BpborvTf/Bk/ikvDCxYBOzbhzEpVcN41Lv8yjEMX9K2bMbxh0fbGt4wLtjBT8cH8iFPRr546rowHb+9uJGVh71vNz6vzWM/N9eAA4nrGfyvBQ+mrWGUc+vYfI8B96NCw7sYPrLa5jw8hqum5nCLucvfPTifv5HMS/M8fSxdeEPjHpnCwkZVe55ZQ3XvbGRlQeK6x+nTP4PR/jcN4Ary4NHgNbtCQ/xAfJYOSeJ95NS+eitNYyctYPD5LF14XquezGJyS+u4W/lFZJ1ft4f+NsnyTzx4hpGPr+GPy9JV1WliIiIiIicFRQ+irSglZv3Nqhd9/Pa8fJ9Y3ltyjjGD+9bd5/Ju2u4mkdWBkREj2LA0Hks3wzbN37D8AuHEGYFR5pnLarlvKH8acZXrN24mY0fTGTHM/NJBrZ/9RwL+73Isrmf8d13X/GXgV246tlE/nkJ3PDuZja+eh1tSWfho08T8mQin85N5NV+c3lg3jYgkujYb3jiX9u56u1Elt3ap/4PnLuBTfu6cGGf1g16PnXKW8Hsl4/zfx98xkdf/sCy164jgkLWv/1/bLp2Dsvmfsb8G49y/2vfkEcA5/dszay/zyXgwc/57umrK1cy5mThuCSS4f0ux7Hse7LzfmK943Ji+/kSsmo3nogvhMjr7mfuss1sXJ/Io+Fv805iFrS9mqdfnYhja+qJ5eF7kkg/fypLln7CFOtcPlmVRdsrX2TZY0Pgxjls3PgGY0Nre64AhazbYWHsC4l89/w1JL+8hOQ6fo4AFKxjh+84nl+8mucu38QLX24CCln/2q0sHDyL775M5P1R27j/v5vgl/k8/kI7pi3+jI8Wv8GA/05h9o6GPfadmzdB7wvo3oh/y2zdlMz7Cz1fK38BjGApLSH/WM3t07KK6XplLPPHBGBJz2ZdFsBBPv/sMK4Lopl3XwwPtcrj/aRW/GFKR36LD3+ZdDFLf9uZnmM7c7dvEbsyqtxz70W8FFXCE1+lekPGmsc5wVVYAjYzbQA4QtqPDn76cS9pR4uBALq2N/LR6iP4x5/P/AmR+G9I5W9prfjXfXG8c7ud8J37+d/24no+r5ufcn24/e6LWfrbQNiewbqjDX+2IiIiIiIiLUXLrkVOk59++qnateRd++q9rzx4jA6389Zna/h4efV+KtqedrCGq4UczQMI4KKhQ3hx43zCEiK56PkA2FqhmTUEv53zmf1JOkfztkFBJACRF11DxI1TuKPkHm6YOIrBXXyrD5G3jU2bIwnJ+4n1ayHraGvSfTy1Wb4+wKXXMPi8hq1xPbBqBQd6XMMFTbEkNqAvg4du5/G/PcihiX9gwjV9aMs2kr8vJGTiIdavPQTZeJdt+/lYoN/lDO8ZQrXhjx0lnRDoOoSxjvdZkRjI8hHXMI3USs3aBhSycv6rbMqC/QeBsqW+FlvVRbhDuHpoGBbC6HMRrK/p4J86nivAgPgRRLf1hZ59GFxQFjzX8nMsu4P4YT1oa4U+/YfgcgDsJvn7QuKf8pQphg2byvsl0eRt/4jkLu3IS05iPdkcDUqHWoLASlwbWLvRyoV3112pW1WbkAD6ti/7PgAorLM5tA9mQJgNCKAvxzwHJx3NY6vThwHdggHoeUl72gQEAVUPsLFgMZd9m5XLOqcPg8vuCY9oRfuUQtKA9rWNU6sCflqfyVfHStm18Tjzbj0fixHw92dw9zb4A1t/OYarY0e6GgFbCH3bZPLV/hwIrufzBttobwY62+hJLlv3wOBmW6YuIiIiIiLSNFT5KNKCcpx1L5ysGjw++2FCvX1m5dR0avZRXEd8sZggoN8QIuY8x+vBlzMkFAJCe7DS4anZy1v2INe8uJvoUTfxx2uHeLeBtPS+h0+/fJOrrMuZet0VPJFYwykwLlelA19CLvkr/74msnq7epXtFXhhw/cKrM5T6Vk2E656PpG5d/Vk/9xbuWbSB2wvcXE8p0LzqAn8+/a46mFjFS6nC0x+YOrBRSNW8OJLixl/aR8IbkdHdrM7AyjZxqwb/8SXpsuZMPEmrupVT6f1OYnnWtvPsY5BKj0PS8c+xJ7ni8tVceS2DL77HcZ2qX/K5ft1XtDIfUTbh0XQt5/nKzyocfd6uUorLYv2j4iga0jz/nc2/wAT5Bbiif3DGHN7HE/19oEGbqkgIiIiIiJyLlP4KHIGmzwqjt6RHUjamsbr81edQk95pG8dQJgdCI0jvl8nLhoRR1ugtTXE28qxazmu2CFcdF4Avq4sb+jlysuD0D6Mve8dnrs+jy+2V1jaXVT2/20j6NNxN4UBfbloYBwXXdST6I4nUbp4EnsFtu0ZR8SP37Bif9mF/ctY+H0YfbqGAIXkFQQQMfRGpj3/d/rsSMKRE0mPoZBlalc2175Ed6n/cJC87H0QEUZbIHrQRMI6TmRwT8DSGm8taI6DTXs6cdHAHrQNKCSvvqOta1N8vOzDNf651vZzrJ3neazfUvZzzduNIxvadu1L2B4XAbFxnrGjexJWbyjYhPt1tjLhTyn5+cWQk87WIw24J8SfnuZitu4p+9SZ+zlYseixtKZ7AhlgO3HP4X3HONjGl/AGTtMSG8yYkjze/+Ygrpr6r6Lrea2wZDpJKwUKc9iaa6Rnx6D6P29xWed7nWw1+tKzAUGwiIiIiIhIS9Oya5EWFGSzcDi/9urHJ95fhq2VhTGX9OKle6/lz698Rv6xuteihgT5V7/oOlphBWsYY5//hLEV33ekk00fYuPvIfrWKfzmh3YEXHgNsV2+YdOue2DVXfx1not2bQtJ3385j87pAxQS2TOSJ+7ozeyhz7Lspau54akbuenuSxhxXhiuX3y56uk3eGhoSNXZ1Gnn5k34XHBno/YKpOsEnrtvK7f//kJetweQt6eQPvfN4oaeQMYKpt80je1t2+GbvQ9ue5PhbQOw3P0sX0y6lks/6YElcx+Rd8/i1Ql1J55HC05s9me56B4+mlPx3XWkZwK9hzB2zFP8/dbfM7tVGFePGMK6jT+RN+byuisrLb4cLfT8lAIiehDx2GT6fziEacveaNhz9fEDXBS64KIaf473E9u1ypgmoPA4LgKIL38en0ZCTgBjn36TKQNvZNr1N3D7yGFE2gvZ7TuK5176O4ND6/gcuRvYtK8nA29vgv06W4cwODSLJxau5/1WvtwdbSM89RgHoVpQbDGCywUQxm8vy+bPy1OYkAQut5nbxwZzpc1G16Bipn+0hteiOrJ4rK3C3e258rIs/vFlCpM3GDlcaOKhCVH4A4drHacC3whuH3OMFxY7GLXJ4b0cfp4ZC1Q7GMbSryMPbXPw51eTaE8pdO7IS9E+QD2f98BBrnvxIGBk8IAIBjfBIxYREREREWluhoseW6F1YSLN6Jspnk3ZatrzcfqCZDbuzqp2vSL/Vr48e9c1jLmkF1+v21FvAHlp3278+4EJJz/hkkLyCn0JsNZwPQ8CgmrY7/Fk2tXEtYH/PLYE+93/5MpGLtk9MbYL34AALKYqXeflUegbQIClYe1PlSsvD6xN2G9jn2ttP8eTGaMgjzwCGtTXgS+e4PVD1/DYjaeybL6KoiIwm+tvV+keJ/nHjfgHtGr4PaXHyM8vxb+1rf62NSrGlefEhaVh4zpzyfex4e9b5UnV8HkPJ6xnwmE7S6/rCJi1bkFERERERM4aqnwUaUF9urSpN3zMP1bIg28uASCuRzhD+0TyxdpttbYfHHsy+yxWYKolsDL5EtCQffga2q4GxQ4Hh6KGcd3JBI/esWsO5ywBAdWXVdfR/lRZApritJwKGvtca/s5nswY1oB698P0yCY1HeKGNmHwCI0PHgHMNvwbe5uxFf6nVE3ogyUgsN7l+162QGqoU6778xpP4lmIiIiIiIi0IFU+ijSzuiof848XM/mN7xt0LoV/K18CrL4cyD5aaxuT0cCqN/9KkH8jqr1E5IyXn7KdlT5hXBndxKG2iIiIiIhIM9PCLZEW5O/nw7UDOjeobf6xwjqDR4DJoy9R8ChyDvKPiVbwKCIiIiIiZyWFjyItbOLgKCJDTz1U6BXRnim/H9YEMxIRERERERERaRoKH6i68poAACAASURBVEXOAHdf1ZM2/g3eKa6a0DYB/OuucU04IxERERERERGRU6fwUeQM0KmtjX/8tt9JVUD2imjPuw9NIiospBlmJiIiIiIiIiJy8hQ+ipwhOrW1MX3SRYyL64zRUH97k9HAHdcO5tOnblPwKCIiIiIiIiJnJJ+WnoCIVDZxcBSjL+zMim0HcRwuZntaJhlH8jEaDIQE+RMd3p7BsZGMvqS3DpcRERERERERkTOawkeRM5C/nw9X9etE3759Abj8xWSW/vXiFp6ViIiIiIiIiEjjaNm1iIiIiIiIiIiINAuFjyIiIiIiIiIiItIsFD6KiIiIiIiIiIhIs1D4KCIiIiIiIiIiIs1C4aOIiIiIiIiIiIg0C4WPIiIiIiIiIiIi0iwUPorImaEkj+T5z/HEY6/y5da80zu2Kw9XyekdUkREREREROTXwKelJyAizawki5XPT+Leeem1Ngmb8Abv/3UIbU2ncV5VuByLef2pD1gPLHdFEfvY1YRZmnG8X5JY+MkHzP5wBSeeTCTxt93B5IlXEx3UfGOLiIiIiIiI/Fqo8lFETjvXnvncP7g3f3hzE3llFYeW4Ehie3q+j+4VQetmDELzfvqA+ydOZnql4PH/2bvz+DiqO9/7n1PVVb1pXyxZki1L3uUVYwMOGIc1OMwQQhgSMknIhAwJkyG5BJ4bMklmsoe5N3lyJxt5JpfJA0ke5mYIJAyEBAyEsA3YGNuALWMjr5ItS0JLS63u6q46zx9V3eqW5RU52OH3fr1Iq5c6dWppvaKvf+ccgA4e/8l9bO5Nn7ydCyGEEEIIIYQQbyNS+SjEnzuzhvNu+TnfTlzGrQ+lYdENfPvWi2kwHXb+5h/5wn90oJMH2PPaVnoMCMeaaGywSXd10plMA2HCFY20VDp07tnnh4VmmNpS6Ni8kc4EUDmTVecuobqwUtFNsHPD82zaOwRA2eyzOa+thsTejTz2r9/n8SQ0dr9O+zabmtImysxaLrr1R8zvsWmY10RpPnxM07flBV5o7yENhBuWct6yVkptcLo76BxIkyZMuLQMe2Arm9t7SBOhcdkqVswoPfR8DGzil9/7Nk8ngeqLuflLN3DhGa3UDjzGVz70OR4ORnwXtR0rw+7byLqOIQjXMm/5WcyrC0Oig3XPbKQzCYTKaF2+isUNYUh0srN7iLQL4XAZNQ2NhBOddPYO+ccQq6WxBno6e4LzWUZtbIitm7fSmwyOcUVrwTkQQgghhBBCCCFOTxI+CvF2U9PI3LnzabShlpv4xlkm2Rd/wPV//Zr//gVf4VdfWsqm//UevvqE/9K8v/0531/TyXc/+jkeT07cbPUV/8z/+w/+UGmn+3l+9q2b+eEfi+dunHfd1zlvwxf53y/7zzsf+Cc+8QBUv/er/H36G3zlt37FoX35d3noyxdTne7g4R/cxhf+fWtRO/a5t/KvX7oK7ruNj/6k+L0xS/jUXXdw/aLiALKv/VF+uxGgkWu+9AU+fH6N/0bSJmwDc1upCSdoP0Lb533+N3x+9lN867Pf5umBwndaueab3+W62L9zw3+7hz6A6qv49l230vDo5/jgv2zyP7biVu66yeYHH/km6w7T+3nX/Yjv37iqONAVQgghhBBCCCFOMzLsWoi3mx3P8+v77uHX993HU+1DEJnK8guu5pq5BZ8xa5l3yQ2siI29ZFfM491/exUt+ReWcM3f38r1lzQC0PfAfTyzJw1OJ4/dcZsfPJrzufLGW7n+ssag3TgL3nsD51UHTay4lps//xU+e/nZzL/0JtY0FHY0zc6Hvs9X/n0r0MiFH7uVmz92MdWA88y3+eGjO6ld+QE+fM5YuNh4yQ3c/PfXstgG2MSvH95IX9FCMgl6tmxkJ0D12Zw1t2bsrbqL+cdHX2bDPf/AhdNKaVz5Aa4/vyC4nLaExXXBzyOb+cU3/eDRXnotn7rlJq5cBNDBL39wF+2lq/jI5Y0F+7WpXXYV1ywae8WqXsr7//7d5D8VW8KVf30t5wXnoP3n9/DYHhn+LYQQQgghhBDi9CbhoxBvN3t/y53/45t89ev/xFe//k985Xf7sJdcwnlnjIVldriUeeeez+IZBduVtnLhZatYEgSHi2/8Ap/92HV85LprWQxADz3DDk7vJp5+oheA8/777dz2seu48rLLWXPJu1nR0srKSy9mRavfRuvSy7nyqqtYs6yBOedczIrCADTZybo/rsUBqq+4lc/fcB0fvuEmPnVBGIB163aQarucNWcHjVVfxc2fvYkPX3cDH7nMDxV7untIFYaPLiQSQTVmaSmlYYA0nb/7HOcsW8Sy/H+f4rGSS7jojKDt0nfzjR/cwT/deC0XXnIVs9Mv8+QOgCV86tabuP6vb+Dmv7/OD2a7nmdjeiYXnruEfNGiGaa67XzOW1AQSJbP57xLVjM3BlDDNd/8X/zjLf/AN75+A/MA3I207+w9xosqhBBCCCGEEEKcmmTYtRBvO62suKCVXE1f2bxaTmRkb1nMDwHDtk04eM3JAAP72Jnw99MyoxbbhMbzb+Ib5wcfSh5umPQ4Tg+dwWowjS2NlNqAW0vj9EagA3o7SaQZ63s4HISJYAd9cyZoNmwHHxp1SLsTfGAipeXUlJbScsU/8O0r0uy872Z+ClA9k8Zq/0yGa1tptGGn00vvQJrMMTbtKyMcDc7nlJm0lEJ7IkHnQBoHTuj6CCGEEEIIIYQQpwIJH4V4u7ngOv7xW1fRWLQ4zMmosEuDkwYmWPTlWFsI0kPHcUgzLoQzwxNscRSmTWldMNS6ews7uxOcV11K42X/zKP1M/nEx75PO618+P/5LtfMsml/5jDt5EJLJ0Xa9RflGeP30jr+3uXbzoWiJ3CEQgghhBBCCCHEKeUkDruOcsWKOppP3g6EECfDaBonCzhDJBJH/fShKppoKQXoZN2WTn81Z8BJ9JIYV4qYdlKHb8eupXW6/2Pnzk6GHCDdQ+dOvxyyenYrjbHDbz6xMDXzzg6GiW/il/c9xc5gAZ1wSekxxqRhyhqaqAZI7KTjoH9QiQMddDoArcxrKZhL0kmRdtLgpkkkho7aemLH82xKAjTS0lAmVY9CCCGEEEIIIU5rZuM7P/blyW+2jI9c1cpfzCzj7OYQ+7YO0T35OxHitPCRlf4qJQcOHDjubevr6wG4+7+6+fA7pp1YB9wEO393J9/72Yt0Z4Bde9ixr5PQzDOZXREUPxsuyW1P8KsXumHfVrqSvay75/v86jU/WOv1SpneVErvht/x8Nqt9AIjJU00V6fZ/szv+e36Dkbph/LpzF58JpV9v+PxbUl61z/Ehu4hOp/+Od/80o/YPvV8Vs0JsecP/86Tu2FgXz+us5VH1+7CHX6Vxx56gZ0j4Oo4jXPPoS2+nfuf68TZ8Tx7R0N0PXsn3364E2jkLz/xd5w5/DT/+dvf8NJuBxImlS2NxHte5LHf/5ZXDwJujPrpM5nfXIkZnI5weRNlw0/xyCv9JLau5Ze/eZZXNz3Ff/7HXawbAKhkyV9exZw3/lDUdqwmQrhyOo3lIWJh2PXEQ7QnenmpvZ/QyCvc/+N/46UE2Odez6euPJPyxCYefWgTCWc7O/vSdP3x3/juw8E48qRJRXMrcyoHePq+tezM9NO5eze72p/gZ997gL0amHUVn/roxScQsAohhBBCCCGEEKeOyQ8fy2r49JXTOK/K/1PfjsVYMStKcu8AHbJwq3gbesvDR53gpZ/fxs+25MYK99O1w2H+X17FstrczAthymoi9D6xlvaRJHte2UT7gYIyxQOb6K+bwRv3/BvPjPovje54jWy1Yt1PHmBX8LHul7tpfPeHuPLcOeiOtby0L033tk28tHUPCdelcv47WbV0DpXpDn79xw7c0T1sXr+J9lfTmCP38+hrQUNvbKV36mV86KpVTE+8yJNbu9nz8rOs29INNLLmv/8zn72skQO//wZf/OWe3N7Z3Benev9/8PPngnLGoe1sMM/m6tWtxHJ13maMlsVLqRt6kSe39sNoN3t2ddA14L/dcvn1fPCS+WSfur2o7Vef20jsnPdwXnMMSupZ2Bqm/YkX6DqwlXXPv8jOBNhLr+ObX/woK2pDxMorCe1+gKd3uQx0bGLzjoKh7ak9vOQu5MoVIdbdv5adGRg92EH7lu30aqD6Ym7+2qdZ0yrJoxBCCCGEEEKI05ta8eWn9KS1VlvHbe+aSttEfy8nh7n39zt4oGfS9ibEaWHtzf4g340bNx73tkuXLgXg4u9u5pFbVp5wHxJdHXQmCtJ/M0xtQyvV476rTl8Hm9ZtpNOJ0Dj3LFpLhxhKpEkTJlxZhj3Ukx9GDWFKK8I4iaGxhVsK23US7Ny2kfbtPaRjjcxb3Ma8hmBgs5umb9sLvNC+j0SonJbFZzPPHKQzmc63Ha5opKUuDG6azh0b2bytk7TdyLzFS5nXEM73t7M3TX6rcBllZpqe5NixhkubaGmYeEB1Yu8mNm1+na401EybT0vj2GfHtw1hShtaaSxoyhnooP2ldjr6oaZ1HkvaWv2FcXKSvbS/9ALt3SnKpi1lSWuYod4h0kA41kQtT/Hlaz/H48lSLrzxJs6rDhOunMm8M+bRUiEzPgohhBBCCCGEOP1NXvjY3MTX3llD85H+Xk6PsvYP27h79/E3v3LVbN5TFwycHOzntke7YVkLt7cGO3RG+M0De3nu+JsW4qQ6FcJHcQpyEuxcdw9fuen7bKaGNV+8nY+fu9QPXIUQQgghhBBCiD8Tk7LgTG1bC9+56CjBI0A4ysUXtfHptuNfQmFwKAulERoqDAYGsv6LIyl6DJuGqghWJs3g8XddCCHeEk73U/zwc99nMwC9PPz1j/OF+9oLKkuFEEIIIYQQQojTX+joHzmy5mWzuGVZCRXHGmOGbJa/Yza3RTq4fcPoMe9ny6YRBpaW0+A5bFrX57+4bT9bZtewpMKlZ99BtgCUVXL12TWsnBollkmzY9dB7n6un5WXzOMd5TDS08+OWCUrp1gkD/Zxzxa4eEUls2Ka3Tv2cfuzudVobVaubOLdM+I0WC679h7kx0/0IqPGhRCTwa6Yx5Wf/wpnFQw1L53dSNg84mZCCCGEEEIIIcRp5U2GjyU0JPu458k+VixrZnn5MWwyOMgdGwbAjNDGqB8YHhdFxexKcgNQK4r+UC/h+kunsbrMZfueQboqyliyaBqfZoR1GJRX2DRU1VHbM8zuEYsl06Zwy1SXrv0jDMbLaFvYxI27t3BHJ7StauXj821GDiRY70VZObuBTw728rUNx91hIYQ4VGkr513e+lb3QgghhBBCCCGEOKneZPg4zHPt/k9tZzQXvZPJePmfLaugLFJneW57/4nvMhxnzQXxcS8G4xRnT2FJlcHA3k6+trYPypr42jU1NDfW8aV7e2m7roE2kjx8fwcPz27lexeUYR3s5raHD1J7QRvfmW1SXgV0VrOmOYKVGOTHD+yk5+y5LG+wsWUqNiGEEEIIIYQQQgghjtmbHnY9sRTP/rSdOwGYxu03VNMwWU2nR3j42V52BU9ntDWxpi54EjGwgMFkMCx7yGEkA0QsVhesWQvA9gzJCyBXrNnjeUCujDJGbQxIRfnkdYupCBtkEoM8K6vZCCGEEEIIIYQQQghxzE5S+HgyaQa29+dXta6Y23TIJyyrBBgee8HJ8CRw3GsFexm2dg7RuXuA5zqGZb5HIYQQQgghhBBCCCGOw6Ssdv0nUaawAFDEG3KrZdvkRnRbkRJqd6fo9aC2tpaVZdC8rJzmMPT0TjDMuzEUtOerNQpPRT+7B4GIBV19PJAwWLmqiTVlJ+G4hBBCCCGEEEIIIYT4M3XaVD6uOX8Ks8MAcS5aVsG9XQdhdStX1/tDpWe31bN83Q7u3RLnk23l3PiBpQCM9PRy9+PDXH/NLNrCACVc8RfTWFJdTi1AQx23rS6jebYfaLatnMf1L7dz78uDzDqnnJWr5/oVk57LlsQ+Ht74Jz90IYQQQgghhBBCCCFOS2rFl5/Sk9FQc3Ml+YJEXLq2D7EbgChLZkeI5d5yUjy3e3Qydnl4ZSUsr7NgZIT1Xc6baMimrTVOORl2yLBrcYLW3rwYgI0bjz+5XrrUD9Ev/u5mHrnluCcOEEIIIYQQQgghhHhLTVrl4+7d/UHYON4om7af5LBxvKFh1g9NRkMOWzreTHgphBBCCCGEEEIIIcTb1+kz56MQQgghhBBCCCGEEOK0IuGjEEIIIYQQQgghhBDipJDwUQghhBBCCCGEEEIIcVJI+CiEEEIIIYQQQgghhDgpJHwUQgghhBBCCCGEEEKcFBI+CiGEEEIIIYQQQgghTgoJH4UQQgghhBBCCCGEECdF6K3ugBDi5NBav9VdEEKI04pS6q3ughBCCCGEEH92JHwU4s+IBI5CCHHiCn+HShAphBBCCCHE5JDwUYg/A0cKHY87kNSagaFhUqn0m+yVOBkikTAVZSUgwYgQk2aioDH3u1NCSCGEEEIIId4cCR+FOM1NFC6Of60/mWF4NEPa9ThaFhnFIYQ7mV0UkyiVSrEvlWEU+63uihCnNaUgHDIpiYSojFkFrxeHjVprCSCFEEIIIYR4EyR8FOI0Nj5kLHyutSbjenQPpkllvWOugDRw0cjw7VOZXCMh3jytIZVxSWVchkcz1JWHsUPmhBWPEkAKIYQQQghx4iR8FOI0dbjgsfDxwGCKVObQ4PFIOaTGOyTWGh1N8uijv2M4kSh63bZtLrzwUqqqq0/sIE5AOp3mJz/5IX944jG+8MWvcsYZZ076PrTWbN68kScef4T9+/czb14bK846h/nzF2Ca5qTv7/hNdJWEEMeiMEPMhYqjGZcDgymmVcWCz6hDAkcJIIUQQgghhDgxEj4KcRoaX+E40WN/0mHUcYOgUfOr9V280DFAKuseti2AO6+ddcj+HCfNH598gtdeay96vaqqimVnnkVFZeWbPaQJJZMj/M//+U327d3DP335GzQ1TUdrj1Qqhed5jI4m8TxvUveZSo1y5/++g0cf/X3+ta1bX+X++/+DD1z7YT7wgQ9N6v5O1Kfv2fRWd0GI08ZEoWEkZHJWayXvW96AUjDquPSPOFQUDMEev60EkEIIIYQQQhw/CR+FOI1NFDzmfk6MZtCextMe963fTyys+D9/t4TyaGjCNnJe23nwkP24rovWHmjNRz/2t0yf3gJATXU1DY3TcN3scfQZspkMll38B77r+mFiJBIlFPKrCx0nzXBiCK01nuviullM0+Qzn7mVz3zm1mC7sX07aYe0kyIajefbONb95zy29hEefeR3zJ4zh0988iaaGqfT09vDE48/yspzzj3qsWoNIyPDGIYiGo2f0LowqdFRPO0dcfs/fO6s429YiLepiQLDoZTLjx7bzb0v7OPqFY2gIJHK5H9H5qofj9SGEEIIIYQQ4ugkfBTiNHOk4db+fx6e55FMZ9AatOfxQkcf//53Z1AaNvC8I8//6HmHvudvAxpoaZlJW9ui/Hu9PQf51re+ysjIMJ//h3+ksrKKb37jKwwM9PPFL32F2to67rjjX9i9cyfvvPBiHvjN/QwPJ/jQhz/Ku9dcgWEYPPvcU/zbnf/KwEA/tm3x0b/5BPPmzedb3/wKPT1+GHrTTZ9g1fmrWbhwKXf86F+oqKjks7d8jra2RXiuy28ffoD/7xd34TiZfBsXX3QpWTd75P0XDKNOJod5/vln0cD7rv4gzc2tANTXT+XaD34kf35+/7uHePDB+/n43/4dzz7zFI899ghf/drtVFRU8uM7vseWLa8CsGjRYm78u88wZUo9Dz30a376bz/hyivfxwc/eB1/ePIxfvTDf+G9V17NX3/4b/jFz37Kiy++wPTmGfzXfz0LwPuu/gDvu+qaoj4WXhMhxPHLhYgltuKTF0zj/T/cwHvPrAcgmfbQOgwY+c/K8GshhBBCCCHeHLXiy0/JxGFCnERrb14MwMaNG49726VLlwJw8Xc388gtK4HDVztqrfE8F601XQmPR3ak6Ez4rycdl7JoqOAPab9Cb6Ln2ax7yPugSSb9Ic6hkIVhKLT253xUSpFKjZLJZIjHS/zno0lcTxOPx4veV8oI2vZQyiAWi6O1ZnQ0CUA4HCaddgBNJBLFdV0cx38eClmEQv4xOE6KbNYlHI5g2zaumyWZTBIyQ4Qsi2zGIet6xONxDMM44v6VUvnj1VqTTI4AEI3GME2TbHas0jE332Nuf7nzY5oGkUgMx3HIZBzC4TBaQybjEApZRKMRslmX0dEkphkiFoviOBnS6RSWZROJhEml0mQyDkopQqEQmUwGUESjfiXo+OtlGMYxXU95Ls/fbs+/emH0uH7PDo5miYf977YCDEORypgYhhn8flD5sHH8oxBCCCGEEOLopPJRiNPIRFWPhcGj53l0DrncvdnBcTX+xxWGYTKaARWskawgeJzouTFur/4f2YYdR2n/827wsuP5ARihKCEzQkYbKBTKjmNqjeOZKEX+/Vxglqu+dDwT0H7bSuEZBmbYQmtNFgMVsggZth8wGAaeyvUlRCjk4SmF4xl4OkQoUophGGilMAybkOfheAoD44j7L8wQtPaPEyCjDbKuwtMFq99qP/TTWIQipf6xGn6gmdEabYYJmREwDRQQMsNorUllFRDCDPvhbNo10IaNGQ6hc8/NMKZh5/sYMr38eXDdwqAj+Nk91uspz+X52+v58SoJmxjG2HdMMVZZbBhjVcdS/SiEEEIIIcSJkfBRiNPQIcOmgwAym3V5dp/HaKZ4SK6nwdAaHfyVntv6kMeggmgintZoNIYy8n9066Avns7NNalRmvzzXFh55Pf97fMtBlVG49tWGrTyO597XQXHPr79o70/vn/jTqUfYehcmKFA+WGEUvkP+O0rMAhCXg2e/2m84CQW9R1/hWqlx67XIX30Dy7fhtZjz4GxlKX4x6Lrd7TrK+/L+3/u70+GbNbFsvIllfnXJXQUQgghhBDi+En4KMRp4rBVj56Hpz2yWRc3m2XLQffQQC0Xoh3tD3N9+I8EmZn/B/5E7wXv53ajAY+xkOxw7+e2J/f+Ydr28CsPC18r2vcE7R/t/Vz/ivYX5A06FzrknufOzwTtF56f8cdTdJzj9n9IHwvO7/jPFDV8OPK+vC/vTwo3m/WHW1sKwwOMsTkg87uTIFIIIYQQQohjIuGjEKc5jV+V57oumWyGjHfoH8NBAd0xtzfh6/rw7eRed11v3Ot+2jZ+24mf+4vl5BjBH/u5z/mVh0FV5Lht/X1oPC83/5sumAPucPs73Dnx23K1h9KFQcPh+164rac1OjgPheHE2Hb+EPnDnVvPK66e1BOlvUKIkyqTzaAMA9M0UME0CkIIIYQQQogTI+GjEKeZwgrI3LBcz/PQnkc2m0VjHboNx14UdMTKx8O9r1S+X7mA0PO8CasPi5/74Zwyilfhzg27Dhr3KzeD4cdGbkh2YX8L2silgYZh+P06yv4PqX2coD9jPVETtjW2qYHGyweH/rkw8n0sPE+GYfgh6bj+5YaHjx3DpBZ0CSGOQTabxQpZeJ6Haehx/5AgFY9CCCGEEEIcDwkfhTgN5YZc+3MFeniexnX9YdeeDpEb7KyC4M7TwRyF45ZomOi5d7j3lcJQRhAEcsj7yjDyz3XwPFcJiDJQSh/++bjtc68rFFqBUuZY/8Z9Pvcc/MUhctvn5m3UHNv+j3Q8hUtaHH7//vYEgWPR+Qwmo1PKCMaOB7NJBufTy1d+gjLGtj9i/w5z/eS5PJfnR+Z5Xr6y+nDcbBbXdTG9EJ72MHXxP7AIIYQQQgghjp2Ej0KcxnKVclp7uJ6L67r5YND/3+BRM7aQCoe+X/hcH+V9eX5ynucCSKNg1YxTqX/yXJ6fPs8Pz/M8HnnkES699NIjBpCu6+J6Llp7+QpliRyFEEIIIYQ4MScnfGyu49PLaphfYZAZGGbthp08sPuk7EkIAWOrLXveYeZk1Mc8d+DR/3z/82EqQMG4qSrfEkeeh1KcqnL5leflRtarfBXr6cgIvhPeKfCdmGy54DGTyRw1gPSncJDvoxBCCCGEEJNh8sPHsga+dtEUmnMt15Zz9UVzid+7jXuGJn1vQrxNHP4v4NwcgcU1i4dufaS/oe2QQinIuuB6Y/VDtum/nnH9yjwA0wDLUHgaXK2xDDVhSZDngeNO/l/ulqkwjclpf359GNuEjZ1pJqOrufOVdfVxt+cP4/aN33R8u2qCz5yIUHAu8zRkPf8eOFGWqTDG3TN/Srljyt3L4AeEuXs2M8n35JKGCAp4qTNFZcxkbm2YgyNZdvQ4x9VO7juYo7Ufir+Za5FjGoqQ4beXPUp78+vDxG2Dlw+kSKb/fJK3wuARKAogD1fTqI/6mxOZ/1EIIYQQQohjMOnhY9tZFWPBY34vUZafVcI9a4cne3dvQpTVKyqwdu1nbc9b3RchTtC4xWc8z8MrCKdyjxrwOPR1fwEX+OjyMqaUhnhuV4pHt4/k33//0lJq4ia/3Jhg31AWBbTVhfnLthL2DGTY1JXm8rYSwiaHBGc738hw9/ohLNMPPjQKtCbjjQWcE/XnaI8Xz4lz1rQwewYy3PXCEO4xbhcyFJYJTkHAeuncGFNLQ4w4g2w96JxQfwofr1xYQlNFiN9uHTnh9kxDYRuQCYKiidrlTfYz93jZvDhnNobzIWEqq9nU5fD4jhEcV59Qu1cuLGFaRYiHto7QftCZlH4ez+Nl8+IsbQjz1M5R/rAjiQYW1YW5vK2EfQMZ7n5xaFL3956FJcQsxUDKo7bE5Nplpbze5/B/P3l81//6s8upjZv5r3T/qMumLodnd43m74MT7ec50yKc1xJlc1ea3702csTPXzo3xowqm5+tgxf2jv7Jr99kPE5k7dq1uK5bVOnoui5r167loosvOeTz+Xl1g5+lBFIIIYQQQogTN+nhY3PEnPD1WCQGnHj4uHLVB1IPnAAAIABJREFUbN5TV9z2yMgwz63fd2Lh4crpXL8oCs0h1t6794T7JcSpSI97zCWQ41/XwOKGCAunRigNGziu5rHtI/kwamp5iNYqm+lVKfYNZtFAadigudIiqzXtBx0qowZhUxG3DUIhRTLtkXY9TENRGjb4wBmlLKwPYxqKUUfz2PYkv982HMxBOXF/D/eoDDizKcyMKpvKqMncuhRbDjjHtP1Vi0s4vzXG77eN8MAr/u8iy1BYQVXh4c7P8Ty2Vts0lJk0VVhs7T62fo1/vHBmjCsWlvDCnlHuXj80ae1O9FgbN5lRZXMgkWXE8agtCfG+xTZN5SZ3vjCYz1uOp93WapvGMpOWKr+vk9HP43n0j8nilQNOvv8lYYMZlRZucNNN5v4sUwX/+UG+bSrCpjru/TSVW9SWmOwfzJLVMLMmzIL6MK3VIe5aP4T2Tryf0yotWqosEmnvqP2yDL//VogTuv6nwuNELrzwwiO8e6ix4PG4NhNCCCGEEEJMYNLDx4e7UlzdEMcqetWjq+vgm2p3cCgLs+I0mC49AxkytsXsqhpm10aw7t7Bw0fZfvWaBXzA7OHGB4N+vNrP+nqwugbfVL9q3zGX7zQl+cgvJcAUb43x88vpoPSxYJHkoOqxIEkoKBWaN8XCCvmVVg2lIebU2mw5mAYNBn6gotDBKtiA1igFhob1e1Ns6kyjDLj1nZW0VNr8cuMQz+1J4bqaa5eVsaQhwrq9KQZGXd41N85Fc6K096R5vdcpLlnKHwATlzQBS+sj1JWE6E5kqSkxmVdr88r+NCgIB8N9nazGxQ9RQobCyWoMA8ojJnFbEbUUdggy2bGTZhmKsOXvxHU1jucnNH7Vph9OavxhzxlXEzIVloKshpDyT5LraX70TD8KSGb9qkErBKrg4DSaTFZjmgqT4OTq4HXXH75ZETMoCSuilkE45A8f/tEz/SgFyYzG0zo/9F2N297VueP2h6UbQQjmaU3anfj6azQv7kvx61eGaamyuPHcChZMDdNaZdHR5/jhrKHy91om6x+/AThBFaupwAopDKW445l+UJB0/HvGxA+yckNTPc/vq6kUIVORcTVZrf3rZyj/HHsaSylCIUUm679/LPcH+D/73Q3uWe3/rJR/P/vnT2EZ+CuLa9DKH46d9fz+2qHg/BkE35yx82uQG1quQJEfKu0Xx431019Vnfxx5LqazWoyueS9oP9KwWjG495NCbb2OMytsfmbs8tZ3hRlU1ea9ftS+XtaBd/vbP5c+uc/2KV/vTydvz4PbUnwyLYR0q6HpzV2aOL7z9XkEzzt5a6f37ZSwTFoyHiabOH4/2P8/v7J3p9AKHT4/7tz5KHtuui6CiGEEEIIIY7f5M/5uGE399bO4upmOwggPXp2H+DHG95cs1s2jTCwtJwGb5S19/ph4+o1C7h+Wozly+Hh9VA7cyrXLihnVqWN5Tj0JoZ58o8DWGc1ccU0i3iqhtuvrqRrxzZ21VbRYAJlUWAIsFm5sol3z4jTYLns2nuQHz/hcsUVdcy2oWt3L5mpU1hcbTJ4oI97Hu6i4h2zed+8KOgQt189j4ED+7n96TcXZoo/sbIaPn1eKVue3snaoSO8dsorCD0Kn+bzwoIFZwreMxXMrLUZSWteO5hhRXOYWTUWr3b74WO+8qnw54KmswUhhOv6rzmuJun4FVZ7+rOMZpLc/3ICBSyos2muspkSN9nRQ3GD4w9lgnKmeXU2dkjx/J40q1pitFRZKMDT8NnVVdSVhrhr3SAbOlN8cFkZK6ZF+fmLg7RWW5zZ6Fdfnt8apa0uzM/WD6G1Pxz7LxeU8PFSE9NQrN87yp3/NYhhKD60rJwV0yP5StAX96a4a/0gl86Jc9HsOK/sT7OwPowVgvV7R1nWGAGluHdzglFHc/XSEsKmP5ejZSpGHY9fbBhiaWOYxVMjhC2FqWAw5XHPhiEaykOsao1iGoozGsO0Vtfy4r5Rzpkezbf71OtJFk+NcPWSUipjfjX4G0mXX21K5I97WWOEfYMZplVYhC2D17rT3PHcACPOBOVzwXUczXh0DmbJZDW2qTANxbz6CNcsKaG2JITW0J90+dXmBO+cFWNGpcU9G4Z4bvcoc+rC/M2Kcsqj/pDWpKP51csJnupIsrI1yhVtJcTD/nnoHPSH46+cEeX81hgPvjrM77YN86lzK5lfF+aZnUl+um6Q9y8r5ZwZMe7fPMza7QVV88dY7hYKKvjAH8peeB+vmhnj0jlxyiIGpgJXwxPbR7hvc4IVzRGuPaOMvQMZ6sssSsOKwZTHL14cYmNXiqYKiw8vL6OpwiLrakrCBiOOV/wdCX42leL9Z5RxdnM0H9xt2OffQ+74L1Twftr1r8XmA2m2HXRY2RJldo3Nhn1p3r904rZm19pcf3Y5/aMupWGTyphBOqP59avDPP7aCJ9ZVUlTpc1zu5L89PlBPnhG2YT330tdqaLTqjUsaojwV2eUUhk10Z4fPD6ybYSHtgxPfP6Pdn3+VO8LIYQQQgghThknYbVrh4d/v4X1DeXMihtkRkZY33V8E+8fq56MBgxsC2icxi2rq2lwU2zaM0imsozlDZUsb04xWGpi57fyGBkBak1qqywsw3+nbVUrH59vM3IgwXovysrZDXxycC9d+J9rqGpgoGeYHYk4S6ZN4SMXZlgftrAMwPVbTiYleDzthE2silKuXdMCD+9kLTV8ek0DS8xhdoXf6s6dmKIindxwYj3u9eDnJVMj1JeEeL3PYfP+FMuawsyptVFBtWThxyfISsba1BN/9smOpN+Wp1kwNUJNPMSI4/LGqJcrSAP8KkqzYPizp/Gr3cYFpbNqbYbTHs/uTNFWF6apwmJmtc1rvQ5K+UPCo7ZfAWabfpWjacDzu1NMKQmxrCnMi3vTvLw/xZ4Bf+GJeNjANhUv7k2zfHqERVMjzKwZZW6tzbktUV7vc7jnpQQfOrOUd7RE2d2f4UDCJWYrzmuN0tHnsLs/y7q9aeK2ydnNEabETf6wf5T/fGUYy1TUxENcOidGSsFQ2mM47dHe49DR5zCtwmL1zCirZ8a4d3OCqWUhVs+MsqXb4YU9o3QPeVRGQ367JSYxW/GehSVUx818qPveRaW8e36cjV0pbFNRXWKS0Zp1e1MsmhpmXl2YpY0Rnu5IHnoR8YO6iqjJpXNjlEdN9g5k2DOQ4YaVFdSXhvj1KwlSGc01S8tYMz/O9p4MixvCzK+3eXb3KK3VFlVxkxf2jGKg8ucgZisumRMjaivuemGAaZUWa+aVcHlbnB29GWK2orkqRF1JiMbyEIaC5koLpWF6pYVCs38om7+fDBXcJ0G/PfxqVMbd26ZSrJgWYV6d//s9ElLY5tihpxyX/UNZnt2VwdOay+fHOXdGlPX7UpiGP0x7dq3N5i6HiOUvKrN8WoRNXSneu6iEmdU2z+4a5UAiy+VtJWP3/bjvzIppEc6dEaUzkeWnzw9y7bIyVs6Isqs/w2PbR4oDtILvl9b+Yk59ySxoTdw2jtjWgUSWqKWoitu0H0izu9/jnOYoZ02P8NhrI6zbm6a50qK+NISGw95/GzpTh3yPV8/050V9aMswW7odzmiMsLc/W/T9PeUCSCGEEEIIIcQp5SSEj0BtGbPifgWMFY+zpNZh06Qt6qKomF3HR5rLWD7dhuwoW16FlSvLaAi5bFnXzndeBlbP4+4aC+jljvuj3H5DNeVv9HJbbtj19iHecUM1DQBUs6Y5gpUY5McP7KTn7Lksb7Cxw/3c+UAJs2+opmFwkK/dv5uesma+84FKYjHFPQ/20nxdA22jQ9wm80aennq6+c6Dmlv+op5r18xiOTFmm8Pc+2AHD582VY8TKwwH8uHjuBUZ5tXZRCzFrjeyvNKdZmDUZVqFxcwam9fGrdab3/4w+zjks5AfXrtgaoQPnllK3FY8vG3UX4ikoD8ttTarW2NYQaVa52CG/3x1uKi/SxojTC0JsavfYc9Aht1vZFjRHGF+nc22Hif/uVxVWGG3dvRl/Ko/YGDU5fk96Xzl2VDK5T82JXjlQJqpZSZTy0JYpqKtPoxhwH/tSdHRl2FTp8OsGpv5dTaP70jiepoBx+NfnhogmfFwPVhUb+N6/hDa3qTLs7tcmqss3jU3jkbz2/YRXu/L0DWUpTZu0lJt0TucJZXRxGzF3oEsg6P+v2aMOB7P7vIr0c4YDtoFFk2N0FgWYs9Ahke2+WHiqtYYjeUWi+ojfvVpRvPgq8P8sWOUj59dwXktJvUl5iHXK1f5ecmcGKtnxoiGFN2JLL/aPMzUshAtVRYjjscLe9KkMpp3zXWpLw3xUmeapKNprbYxFLRUWWSymhf2pJhVbfmLHilYVB+hoTTEvsEMr3RnGMloVs/yaK6wWPvaKCOOx7Ryi+lVFlHLoHMwQ3nUYGaNTU3cpD/p8Wp3On8/tdQc5j7JCYbHEwTRdvC5UNHQcVi/1+HVAw5t9WFilqJvxKUqZhKzxhYjeWlfmp88P8C5LVEW1IWpLTGZXmkxo8pmMO3y0NYRDiSy/nmzxn0xgv3MrwsTsxU7+zL0JV129mVYWG/TXGVN+H0c//3xcv8CoI7c1oFEFoCdfQ7ffWqA+VNsFk0NUxX1F7DZO5AlndUYQdsPbh2Z8P6bKOPz0IQMxcwam+29GX79SoLRjJ64/6facyGEEEIIIcQpYfLCx7JKrj23jvOnRogf0mozZF269vfxm2e6eO7NhDrhOGsuiAMwMjzC2ud3c88QXF9uASl6Xj6RRmPUxoBUlE9et5iKsEEmMcizzxV8RHv0AAx5ZN5E98UpaOgg33kQbvmLeto4/YNHL0gFCtfHzc/5qMcmSQspmF3rh0fLmyIsbrCJhw2ilmJ+nU17T3qssEgTzJ+n8kOQNQQ/5/aX23+ualITwuD8mVHet6gUK6T4bbs/tDWbGxse9Kc6ZrC0MUwk5Ic4pWGD37yaKOpvW51NLKyoK7X4/MVVlNgGlqGYM8XO96dw/4XPs57OV3J6+ENHCc6Q1v4qz6mslz82T+Ov0K0hlfFwteaN0Syu51fF5T7nev5cmbkz4uV/Ald7KGXwrrkx6stCPLdrlMe2J9GexzVLK1g5PRr0A2K2H3q5euJ+FrZrGvhzI3r+EHfQDDse9aUhomGVL6JLZzXprB4b3quKr1fu+LOe5pldKbqHslw2L0YsbKC1JmT41aZV8RBfvrQajV9BOJDy2N6bYf9QlsbyEMunRZlRadGXdNmwL01rtXVIX1urw9x+eQ2GgnBI0edqtvWk6Rl2qY2bzKy2UAr2DGRZ1hhmfp1Nadig/WCKrDe2Tvth75N8ia9//K7nL2z0q5eHAc25M6Jct7w8H6atnBHlyoVxYrbBqONRFjVJZfzrn7u2Ga1JZf25EHNnLGoZWCYkHdg7kCmq8vW0HvfdCObmNBUXzopy9vQwIcOf4zLj6vz3aex6FLQTtBIPGxhKkfEgZBa2FcEyCdryiu7H0YyL4+r8/I8eOr9adu6bes3S0gnvP0+P+x5peHRbksqoyewam9nn2ex6w+Gn64bY3e+M6//443krnwshhBBCCCFOJZMTPjZP4/aLqmk4Umshk4ZpU7jx6jLaHmvnzt0nuK/0MPfcdfQFZk6Il2Fr5xCduwd4rmOYSSvWFKe+oYN858EEzYyy+zQOHgF0EGTofKDhB5GFzwHOnBalsSzEcNojHIIS02Q47RG3TOZOsVGofLgVD5sYwXZ2kMpl3Fz101hwklv8RgfBxUVzovzV4hI0ml++lODJjiRuPhQZ68/ze9O81NWTf8UfSTv2fkjB/PowWReynkd11MTJ+nNLTg8qNT0NWnuooFIrKHo7pBhK55+roue64LmnNY7rBYvG+K/HbAOlIJH2CrYpbHssgNWAoRRXLizh7OlRth9M84sNg3gaZk8Js6wxQsLx+MEzA1THDD5+dvm4vo21M77drOcPYzeMYL0Q7c9t6GQ1I+nCwfJHPu7CwGtg1OU/t45QWxLigtkxljeFebJjFNf16E54fPXRPpJZv0pSa78qc0dvhlk1FiumRSiLGmzuSJHVesK+vj6Q4fbH+vA0WKaB6/nXuGsoS3OlxfQKi3RWs6M3y5lNEWbX2ij8ij19HPdJIcfTJDP++XCCANEPCBVnNUcojxj8cvMwf9g+wn+/0J8vdKLKv0JZLwgYlR+q5nZbeP/kuBoc1yPjah7fnuSejUOYhiJkGKSz3iH9zoeDSmEqf/Gd6RUWTtZj/4BDfZn/82OvjfDLl0cwlX+PpbMes2rsgvOuxt2fqui+mllbcP893U9l1OCGcyomPF4NbOvNcPvj/cysMnnPwjht9REunx/nh8/m/hlu/Pk/VR7hlVde4Vi4nvYXEAIWLlp4TNsIIYQQQgghjt2khI8XL6g4cvBYtMcIyxfUcOfu3uPbSZkKFrBRVMwuo3n7EIX55ZbBDKsrIsw+LwpPw7VVNqD9pUkD8YhNM1GoHWV3UbLYz+7BahpKLejaxwMJiytWNZHZtO/QCrgyY9xK3oAd5uIym+1h2N1zcua3FH8CQ6OcaCZ+KsmtzFoUPOmx13MW1NnYluKRV5Lc/2oCgCklIf6vd1YyvcJiVrXFy10p5taYnDsjzL5gjsRVLVE0mm3dqaI2NbnwMfefx6rWMNGQ4onXR3A9j7OnRwBFxxsOe/ozeEHllQtkDKMwxyyyfFqUKXGT7X0O/+PxN/Kv37iykuXTwyyosxkYzWIok1nVNtMrbRZPjaAUxCyF1jo/hDUWMgibuapB/+R4rpvviwmYStPR67CwPsLSqRG27E+zeGoYrWFnX2as3I1x57UgeVtYH+aCmVEc1x86vGSqTcg0cLKgggpEy9AsnhomahnYIYWBRgdrwoRNRSTkh4q5dr2sx+u9Dn1Jl8Yyi3OmhzEU1JeadCeybD3ocPb0aPE1L+jTIav2jp0CMq7H5v0pVjZHmFtnc8+GQQ4kXFqqQpw1LcKL+0ZZOSOGk9U81D7MqwdSnD8zytw6G9eFVw6kDtlfR1+GN0ZdpsRMFtZZ7B/Kcm5rjN39WZ7emWTvQJazp2umV4Y4OOzyeq9DOqtprrRIZzQdvZmiPmddTdblyCY43ty5yP1H/nXNimk2NTGTkKGIhAoubX6bsabbDzr+qvBlIS6bG8dQUBYxcF1NSGkyrh+2WgZURBS7+hycljgzqkKUhxVNFTYL68M8tn2EvYPZQ7puGv6cl9Uxk0UNYVqqLfb2O6zbO8rCqR5ONkJzpUmppZlWYbMgaGv8/Vh8nXXR+56nC+4/WFRvEbZU/v7LBMP7Y5ZBSMFlc2OkM5o/diTZ0eswd0qEsKn+pCtAe8WHMCGlcqucj3Hdo90swec8jT7cLx8hhBBCCCHEmzYp4WPBNFnHxjjeDWDN+VOYHQaIs+aCBmLbh7iz4P3nnuthdW0DbW1zubsNBt5wGMGmbeks1mw6wPY3KmmoquFrN9SQ6e7m2XAw32NFNbev3st3Xh5k1jnlrFw9l5UAnsuWxD4a5hR+Ls3AjEpqARoauH31Rp7sqaOtqYSPfKANEoN8756drD/uoxNi8ky8MEzBateBpgp/vrfN+9P+6tTA7jcytB/MsLTRZma1xYNbhqktMTlnRpTPrKoE/IquP3Ykeah9pCgQSGX8SsTcEE+lDIbTChd4x4wo72jxv/dOVnP/ywl29joYwe8CrT20p8eqycZprbFxtebV/U6+rwAv708xv85ieqXFS/uSzJ9i844ZEUYzmpf3p1lQbzO1zJ9fb99AlqG0x3mtEVpqLH78zACjGb86Luv65y3paFygPGLywKvDNFWGWVAX5quX1WIoxcauNI9uH2F6ucVoxiOVLQ5FHNdvz3E1U0tDWCFFyFBcNq8EHRz7A68Os2l/mpUzotzyzmoSaY+db2QoCxvMqg6zZyDDGyMui6eG+cZlNdy1fgjH1Yw4HmnXX4Dlwa3DXLmolOvP8a/JsOPxyGsjjKQ90tngmDw/OBtOe4w4Ht64IA38odlJx8sP031+d4qL52SYXmFyTnOUJ3cmqS4t46+WlnHlwhI87bF5fzZYaTnNrjcyzK6x2N2f5fndKbQuPgddg1me2jnKu+bE+cTKKj9kznqgR3lKw9aDDr0jLjVxkz39GV7vc+gazDK71m/zlQPpo4ZO440/JvArFpMZj5Tjv/bCnhQzKi2uXlzKqOPSOZChuTpMU7nFweEsyYx/HrWG0YzHcNol4wXDuV9LcvWSUq5eXELa1ewdyFBXEqImHuKVbod9g1kaKyz+2/lV/PMTfSxtirGgzuZrl9WAMkik/TB6z0Bx+JjKaqoMg/csiAcDiRUdfQ7/56UEXYMuQ+k0SxszLKiL8vU1fqXvsKN5tTvNcMpfITs3F2PS8YfiZ10oD5tkXfLvb+/NjN1/F/j33+7+bP7+a+92aK0K8Z6FcUwD5tbYzJlic9ViP2w9kMjyxOvJ474ub0auevlwgadSKj/XqxBCCCGEEOLUo1Z8+ak3/X/Xa4OVrY/VyVsB26atNU4sNVH7/nvlZNhx2CHVx/KZQzU3V9Jgu3SNq8YUAmDtzYsB2Lhx43Fvu3TpUgAu/u4mfv/ZlUBxBZfnumSyGTKZDKlUipHhYb62oTQY1lz8R7thqPxzBYRDBobywxpPj81rZ5t+YJbKemRdjR1S1MYMZk8JoxRs78nSM5whlfUwlYFWY9spNI5HfsGXSMgI5prUKMPI7z83750Khqzi6WCOvLH2dEH/w6bCNBRZT+O4Ov+6ZSgsU+F6Gifr0VBm0VRh8FpPlmRGUxsPMZDKkhh1sSyTsKnw0HiuR8ZT2KbC0x6ZrCar/Tn9/OpED8f1iIQMWqstppaadI9oOvqC4wZMw+9HMuP3GwW2oVDKH5rreRrL9IfP6iCQNQzD77/2aKsPE7cUr3SnSWdgarnF3n5/9WXb9A9eoch4/hByhRccv3/cZTGTBVMsNLD1YJZE2sN1/XkGQ0qTdv0hxmHLnxvTcT2cjL8ajg6ud+54C89rOGRg4M+BaShFacRkYb2N62m2dKcZzfgBo+tpIiYoA9CKtAsE8xyGLZOMp8lmNYahmRIzmVXrD61+uTuL5/nzUSo0lulXrLnan8fSNoMKUKX8e9Pz73Vl+Perp0F7HkZQKVt4nyj8eREtQ+F4mmww3NoyFCEDXNcjHVz36ZUW0ypMdr3hsH/IpSZuMZR2GUm72AZkPP8+tUIG4ZCBqzWptEsoZDC9wqSpPETnoEtXwqWhzGLPQAbX9bAM/9/XPA3pLEQsg1k1NrVxxcERj51vZPP3v/a8fL9jYRNTqaLj8eccdfGC44+EDFprbKaW+Ivz7O7P4nj+9ydkBGFpVmOZBmHLAA1Jx83PPak9fx7LqG2yoD5MNAQvH0jhZBX15RZ733DIVURq/H9oME2DaeUWTRUmybTLywf8/meD6+LpsQHkRvA9GP/9naxHfzoHXfQ6yv9+FH7u7veVArBp06Zj+j1bOOx6ydIlKGB7RxfxkhIikQiWZWGFLAzT9IPO4L8cJVWTQgghhBBCHNGkhI9CiMN7K8JHKK589IO94/gDWYPneShDoVBo7WEaBspQeJ7/Xi4szCcPuW3U2MrCgB+8aZ0PJibcl/arGQ11mM8cRX7ItGEA/srTRhAQePmqSr9tXRBe+bvXwRyKwayWyu+zp7U//57hh6r+LvxwyPP8YE7lgsWCcNXLBUq5kALGtskNLdfkw+CM6wIK0zCCxYIo3ia3H51rw78mBMNM/QDLPzYvGJ9qGIYf1hRcD114fYIAksNcl7F9+f01Ve6aFx9z7hzm2kWpou1y7ZiGgWmAG/RV5fqKxlBG0flh3LnKHROqMMjVx32vFB4/+OfOUH7wBCo4Z7khy8E8jIX3ZcG1DZl+EJp1PVD+ojCe9vL3EcG596+REfQ7CH79m67ou+JPCzDu+1R0b48dr6H8+zG379w9V9iW9gruR+2htb9d/voohWka+ftPBcd/uPvP/14Fv3eCey/X59z3ZiwMPPZrciI8z//O+rtSEw6kkPBRCCGEEEKIU8vkrXYthDglTLjatc7NM3hscnPkGdpAK7+CznU9DG0Uve/p4o087e9ZFQzxzs+bVxDqjL1ZEI4Yitwi2MV9GTuOXOg2vrOep1GGv1q0DqoOdZDjaK94/0X9USq/OA5B2JibIi8XILqaYB5GnQ+RtAatxoZ5+ufX396Pq1S+Ki+3K50/P8E2nufPQxmEePlVqckNkR9bJEVpNXa+NfkA0/UIgiZ//57nV5OOrZitQHsYnhkEaxT1ywv6pcad1FyFmef664ZnguMxckHZuPGtXpDqGsF95wZD6P2wyu+36/rzWSrDPx4/MDPwVP5WCLbL/exhKANPeyiMICxV+fs7n3gd430ydv79i+uRu/5+8HTo3J3+ddAEFy23veHfE67nzyOqlIc2jCAkHPve5e9lpfFc8sebD4K1HygqDWg/4M8txlR0bnP9UmPHn7vH/eDN75ehgu+4Hnc/aj+ky81pmKto1MGX18sf3uHvPz/QzH1PIfc98vyEEhUEo7lg9aRS5PunFMW/g4QQQgghhBCnJAkfhfgzc/jVro+dF1Q45RcQCYbp5oIvHbRf3GZh4Fncn+LVtvNv4AWrwCijILwY/5mgQg/8fY+vMtL4Q6lVQRpYmHWO3//Rnue3L2qjIEQ85PPBceuxbXPtFrc3ccBnGCa5rDYXKuU+rSFfkXX4fo7rxyH7UX5QegzHPb5do7B6Lnc+cttpgnAy2Hv++hn5OUb9YMgIgtri/mmCINHV49rIva/xgv5jjIVdOggAi+6VY7xPNDoIAMe208GxFbajC4f2quLjZqLzPXb5x33/xuZanei6ud7Y+QPFBEV8xe2o4u11QT/cXDIdMMb1K3+8BX0Y//7x3X8GKO2H5nqsQvdPQQUllpI7CiGEEEIIcXqQ8FGIPzO5OdE8PRac5Kqv8SJxAAAgAElEQVTcggKu/OtFj4xVQOXmoqPg857WKM9D+5P8BVV2fiiigmGYubkEDa2KtiM/N1zwOhrX8/yQKIhcDtc/8MOiXH+C0atj7QfVefk5LnPt62C48Lj954bx+tWSKj+noJer3AtSNk+DMjXa83fmQTCfY/H2uSHIWvlzFfr903ieKgiugvb1WFWZ53r56sB8oBdUaZpmYT80Rr7iLTfUVY2162kMpYNwUOeH2BZur4L+T3jcufYKzl/R9UVBLigzdP6eGOtncZVnrppS+5MzgjLyQSvB64Yiv19U8dyNuTzOczWG6eFpMPPXxx/abAbVuEX3iRob6o2a4D6Z4Pyp3PkzgpBTe3iuxjQNNAql/epUZep89WpuYaT8dYf8XJR+eyo/XNyvQs19HzUG+PdTsF/TNCiskp3w/s618/+zd+fxVdT3/sdfM3P27BtJDoSEkLCEfSsiKi6gF7VY0ap0Qa11bbWt1rb2qrW1tmpr+6v1iq1Vb9WrXai2iKKCKC6NskMgJCQEQiAQsicnydlm5vfHWXKysQal+Hn2YZNzZuY73+/M5Gje+S5KpAcsEJ5KAMWMXu/QnJjdP3eh6xB6HtXIz2mf5zN2O0d8/no892ZMwGuaBA0DjZj2DPj5cqTPnxPfLoQQQgghhDi1SPgoxOkmtneTGfM10nux9/uxX8PfGybROfci+YISeT88/DM6vDYSPBmR4Z/dQ1jNcCJlmuFRo+EahAJAiHRBiwwBje0BOFD9erw2wsGLokR7aCmRXnaGEQ56lHCA0h2sdu/XXc/Y+kUCuOjw0x6vw+WFDiAyrFiNXvdIIGv2uv7dwahhGuFebOHeaaEN3UGk2d0LLXo9I8f3qne0/pFeg5HgL3KdY+YZ7O/4Hq/7eT6UcDsVMyYwjDxPhgJKaDh15P5FesxFylQj38eeP3wDQoFcJDgNn1zprohhhAPrcOHhkc0x1/kIz0d/13+g62f2Li8SNEeCyQGuX4/yTRS1e1h/qLox15+Y6wnRIfOR+82Az7+JYnT3YA4Fkr0C4/BUA5g9//AQfR6jP/+9n8/I9iM8f72el0ibiX3uTDPmvEfx83uStgshhBBCCCFOLRI+CnGaMWJ/EQ8HOdE5H2OCHej/dWRl5sg/RMsLzUuHEU6YwvPx6eETKoCiqX2CpGiwEnN+M1LP0OoR0eNVrdfA0yPUN3KuaE+/aPIVel8n3FuM0OIgoTBVjc5fF5k70TTD21UlWlbPthMK2CKjShWFoG5GEstoz8FIcBs9KKY+hhkJ4rqbrStGNIhSVRVTUTH00DWNDB3Wwz3PItct0o7IAiQ9gs9woKfrkeHsoeG3keHKPdoUcx+ig2VjrkdsT9Tu+2+G7n94qLsec/9UtXsRDjPcU67HPJ5maC7K7pA2XNdIGBx+fiJzkxp0z8eoROqEGW3P0Twfsa/N8PkVs+cukXYqZkyddCP8iEfaHKlTaD+F7vYoZsyxxBwbO49kOKDTTRNFDz8v4XtL0Iw8UtHFamLrH7l3Oka0PdHFY8K7mUpoxffITe39fETbp4ARTfj7tv/wz193+zQ1NLTeiPlLRygMVbp/9o/x/pyU10IIIYQQQohTgoSPQpxmYrOvHuFZ7MbeO8e+jqxw3Xt7JLjr9Tq6kE3PTOPw5SkKqqbQW5/c4Ej1pTvw7LFdCb0PhHrjReqpdB8DRANLJbzyb7SI2DqH66toPV+rWrgLntrr1NFVtPvWx4z5vnfrI7tGA6hIXSM9FyPt6N3U2PaHzx97T3rfr96vY8uKra/aq9ze16THNe3VYw9VIVLTI51/oOcnstJ69L3+yjya5znmfKqi9tkl+izEvO75rPRsc3Tf3tevv+cs9hnqXf9Ib92Y/ft7/mOvQ5+m9f55OornMTIvY7/bObrnL1r/2AdM6b/+n+lrIYQQQgghxClBwkchTjM9hw4T/T6y8MVJPPGp72TU8WS1ezDK/bTuyX9SXY/WidTnWI8dzLYPVlmfZRuEEEIIIYQQpxUJH4U4zfQ3/1mo56OkA0IIIYQQQgghhPh0qUfeRQjxn8SUr/JVvsrXz/lXIYQQQgghxKlDej4KcZpxJ1iBnr+EG6aJpp7kYddCCCGEEEIIIYQQvUj4KMRpZsmVQ4Be4aOBhI9CiM+FoLf9s66CEEIIIYQQIoaEj0KcZly2mJWcw6TnoxDi86LN+1nXQAghhBBCCBFL5nwUQgghhBBCCCGEEEKcFBI+CiGEEEIIIYQQQgghTgoJH4UQQgghhBBCCCGEECeFhI9CCCGEEEIIIYQQQoiTQsJHIYQQQgghhBBCCCHESSHhoxCnq5jFrRUltOK1EEKIboZposR+Vn52VRFCCCGEEOK0ZfmsKyCEOPkUFExMdEMCyP6YpomiSOwQCAQAsFqtJ/U8pmniDwSwWa1y3cWgi3zOHc3nnaKEPh+FEEIIIYQQJ4+Ej0KcphTAVAAz8lphoJwnqAcxDQOL1drjF3Hd0EPvW7rDKBOTYCCAqmmoqkowEMDsp1elZrFEt2sWC6rS3dE6GAyAomDRjv8jaKA6HysTk5bmZpxOF06n87jLiaUbOqZpnlD7Ps1yI2WvWrkSh8PO+RdcEHovGCQYDKIoCprFgqZpPa515FlQVLVPnQzTIBgOMwFUVQ09M4pKc0szf/nLX7j88oVkZWX1W5/DHX+8DNPA0HU0i0UCp9OYqoburSrBthBCCCGEEKcECR+FOI31DiD7Y2Ky9pNPKCsrZ/78+WRnZ0e3bSvZxv79+7nwoguj4ZK3q4t//WsZY8eOZdSoQpYte4329nZM08TERFVUFEVh+vTpDB3q5vXXX+e8885j+PBcIBQ8vv32SuLi4pgzZ85xtetwdT4S3dDxeX04nA5URcXv87FkyVNMnTqF+fMvPq769K7bxo0baWtrY86cOccdFPau52CVO5Dy8nL+7/9e5Lvf/S6Y0NLawsfFH7Nu3TqSk5MYN34806ZNIzkpOXpMc1MTy5cvx+12c/4FF/QIBvfV1PDmW29htVhQFIXExESmTZvGsJwcHA4H9fUNvPrqq9x44zd7hNtHc7ymasfVxp07d1JRUcG8uXNxOAYnaBanD8kqhRBCCCGEODlkzkchTnNK5P8G+MW6w9PBa8uX88T/PMH69eswY5LKmpoali37Fx6PJ/qez+fj3XdXU1NTQzAYpLKykq1bt/Luu6t58YUX2bhxA+XlZQQCAdo9HpYtW0ZjY1P0+KCus279Okp3lB53mw5X5yOpqKjgW9+6jZq9e4FQLuvz+wgEg8ddn1jBYJDif/+b1e+8g8/rPe5yetdzsMrtj8/n5bVlrzFu3DgmTJxIa1srjzzyCG+++SbuoW6cTidL/76U1e+s7nFcaWkpv/vd71i69B+0trT02NbY2MRfXn6ZtrY2TGBHWRnfu/NO1q9bh9Pp5ItfvJT33nuXqqrd/dbpcMcfry2bN/PKP16hsbHxuMsQpyFFgkchhBBCCCFOppPQ89FGUX4cSbEdU/QAlVUe6gf/ZEKIo6D0+abbvn01tLa0cNmCBWzYsIF58y7E6XQAYJpGaB7AXosyBINBTNMgISGB73//LgzT5I3XX2f58uXcd//9pCQnY7XZ2FtdTTAYBLqPVwBD1zEM47h/4T9cnf1+P7ph4LDbURQFXdfx+/04HA4Mw6CluZmGhka6urrw+XyhtgGmYeDz+QgGQ8PEI8cD6LqOz+dD13U0TcNut6NpGoZh4PP7sVmt+MPXyWaz8fXFi1EVBZfLBZj4fH5M0+i+H4qK3W7DMAz8gQB6OPi0WKzR93vX02az9ihXUcJzJ/r9PeZqtNls3e0OBLBoGoFAAMMwsNvt/c7nWFtby4YN6/nud7+L0+FkR2kppdu388tf/pJRo0ZhAl/96ldDw5WV7mdg7dq1LFy4kNLSUnbv3k1qampMqSZx8fHMn38xI0bk4fX6+O1vf8OqVauYMmUKo0aNIi8vj3//+yMKCwtQ1d5/Czv88Tabrd+2B4NBgroevX+mGbr+gYCfefPmMW/ePJKTk6PXz+fzEwwGUBQlWkbkmbHb7aiqSiAQwOfz4XQ60TStz3Zxaol8rEigKIQQQgghxKlh8H9rmjCc2+fmcuucYSyalcut5+Vy69wR3DBh0M8khDhBpmmyefNmhg8fzrx5F1JZWUl9/aGjPl5RFBwOBy6nE5vNhqqqOB0OnE4nFq37LxCR8Mbn8+H3h4Kwk1XnZcte46cPPEBnZycA27Zt4/t3301raytlZWUsWfIUBw8e4PHHH+fpp/+Iz+cHQgHcH/74B7785S/zs5/+jPr60J9LDMNg06ZNfPvb3+bSSy/lzjvvZNOmTZimyYEDB3j0kUfYsGEDj/361/zgBz9k+/ZS7vzenTz99NP4fH48Hg+PP/477r33Xv77v/+b7999N//v//2Wzs5OSkpKeOjnP+eaa67h8oULefzx3+HxePqt55491T3KBWhvb+fpp5/miiuu5Oqrr+aZZ56hvb092u7777uPFStWcPfdd7Nw4RW89dZb/V77qqoqnE4nI0eORFHAYrHQ1dXFvn37CAaDaKpKXFwcDrs9ekxDQyPl5eXMm3chBQWFbNmytU/ZqqJgtVqw2WzExblISEgIB9cmcXFxjB07lk2bNtHR0dHvvT7c8Z2dnbzwwgtcffXVXHPNNTz77LO0t7fzzjuruf+++2htbQXA6/Xx+98/zvz587nssst47LHfRLc1Njbx+OO/44orruTaa6/jlVdewe/3s2vXLu6++wccPHgQgJUrV3LllVeydetWAMrKyrjrrruob2g4lkdXCCGEEEIIIT6XBj98TLUQh5/1q3fz2Ko6KnwAGsmpRzpQCPFp6+joYPPmzUyfPoOxY8fgcsVRVlY26Od5++2VvPDCC7zwwgu89PJLVFZW9rufaZqhnmvBILqu97uQzZHqbLVaqa+vx+8P9YjTdZ2uzk5M02TkyAIWL/46Q4YM4YYbvslXvvpVbHYbAO+//z5jRo/me9/7Hjt3lrNx40YA9u/fz5NPPskXv/hF/vWvfzF37lz+8Ic/UF9fT1JSEh0dHfz6179m1KhR3HjjNyksLOBLX7qM8vKd+HxeXC4X119/PXfffTe33HILdpsNq9WKxWolLi6eiy++mCVLlvDLX/yCtWvXsn79+n7rOWzY0B7lGobBP//5TyoqKliy5EmeeOIJSktLWblyJaZpous6b775FqWlpdx4441ccsnFvPbaa9HgLdbOnTsZOnQoiYmJABQUFDB37lweeOAB7rnnHt577z1aW1t7hIsVFTtxOp2MHTuG6dOnsWlTaD7KWLqu09HRQVtbGzt27GDr1hIKCgqw2UK9EgsKCqmpqaGpqbnf5+FwxxcXF7N161aeeOIJnnrqKXbv3s3KlSspLCxg3759VFdXA9DY2MjOnTt59NFHeeSRR6ip2Rtty+uvL8fj8fDCC8/zy1/+gpUrV7JhwwaSkpJob2+jpiYUvpaVlZGdnU15eXn4elWQkpJCYkJCv/UWQgghhBBCCNFt0MPHDFUFbEw/O5vLZqRTGO4oY1Vtg30qIcQJqqmpoa6ujhEjRuByxTF+/DjWrl0bGo48iCp3heaF3Lp1K9tKSgacc6+5uZni4mKKi4tZt25dvz3ijlTnyHDa/lbZsTvspKSkoFkspKamkJqSEl0R98orr+SCCy7gzNmzGTNmDH5/qHfh9u3b0XWd2WedRXJyMjNnzsTj8VBZWYnFYsFud3DGGWfwpS99iXHjxuNwOBk2bBhGeGVqTdNIT08nJSWFd999F103+MpXvoLNaiMvL5eiceOwWq2kpaUxfPhwPB5Pv/W02Ww9yvV4PBQXF3PWWWeRlzeC3Nw8pkyZwtq1a+nq6gJg6tQpXHfd9UyYMIFZs2Zx8OBBWnrNzejz+aivr8dqtUaHELtcLu644w4eeeQRQOG+++7jnnvuoaqqKhoQr127lnHjxmG32yksLKSuri4a+EVUVe3m5ptv5pJLLuH6669nxozpXHbZZdHViF0uJ+0eD11dnf0+DwMdHwj4KS7+mGHDhpGSmkpiYiK5ubls315KWloaeXl5bAz3Tt29u4rU1FQmTpxIVlY2Foslev0+/vhjRo0ahcPhICU1laFDh7Jt2zaSkpIYkZ/Pjh2ldHZ2Ul9fz3nnncf+/fvxen3s2lVJYWEhDoej33oLIYQQQgghhOg26HM+ZjS1UVwRGW7ppzjcEaajyQb4B/t0J02Gewhz3AHWrG/uNVdlzJyWfi/F1V2fTQU/A7m5KbhtfO7afboyTZNNmzbT1dXFypVvY7Vaqa2tZffuPdTV1TF8+PBBO9ctN9/MpMmTAfB5vfzqV7/qd799+/Zxzz33AJCbl8fPH3yQ+Pj4QauzQmioePeccN2TwtlsNiwWC5ZgEC1myLjf70fTNKyW0MdlXHw8TqeTpqamcBlgs9mx2br/wNJ7HkDTNNmwYQPvvvsu3/nOd8jKykJRoKSkhMcffxyn04nD4aC0tJRzzz13wHrGlqvrOr7ovIOh7WlpaTQ2NkWHZYfmp7ShaVo0dOvdm9Q0zT7DpZXwvJKzZ5/FjBkz2LFjB3/4wx/485//zD0//jFtra1s2bKF/Px8XnjhBXw+H52dnWzcuJEJEyZE65mXl8cDD/yEtLQ0nnvufzlUX9/j2iqKQnNT04Bh90DHm6ZJIODn1Vdf4fXXX4/epwULFuBwOJk6dSrr1q2jtbWVdevWMXbsWOLi4nrMARi5fqFh7U8DoSD25ptvxm53MHrUKMrLyzlw4ACGYTBu3DiWLl3KoUN1VFRWcs455/R4foQQQgghhBBC9G/Qw0d3ViLT3X2LbbF1wBZPP0ccnVlnF3JZptbjvY4OD8Xr97Fq0FeySWHx+W4muXQKupp5eHvstkTmz3QzKUGFlkaKq2tO4DyZ3HFlCm6gpbaWh//dBqRww4JMCsM5Rm1VGY9vPIFTDKI5U3OYmzEY7Rangvb2dj755GNGFhSwb99+2tvbyM5209VVSllZGcOHD8dmsxEIBOjs7CQ5ORmAQCA0JDo2bDsSu92Oy+kEQvP4WSz9f/SMGzeOFStWhPZTVZzhY46lzqFFRkJzNUYWBjkRVqsVXdcJBnUgFJ4GAgFSUmLmkjhMBhXqfbebJUuWcNVVVzF9+vRQOT4fb6xYwdSpU7n++uvx+/08+uiv+h1q3h9N00IL3fj90WM8Hg9paanRoeRHw263M2TIEA4cOBAtJ7JAjdVqxeVyMXHiJM477zxWr34Xn8/Htm3b6OjowOVysXXrVhISEhk7diwbNmzg8ssvjz4rFquFjIwM8vLyuOKKhdx///3s3LmTyeEg2jAM3G43CQmJ/dZtoOPHjh2LxWLl6quv4ZZbbkZV1XB9bdjtdiZMmMA//vEPtpeWsmvXLubNm9cnKIxcvzvuuIMFCxagKAqGYeBwOFAUKCws5J133qGyspLk5GSGDx+OYRiUlZVjGgZDhw496msshBBCCCGEEJ9ngx4+Wq0aVmvf0dyuft47Fq1tQSiIw63p1LcECNisFKamU5jhwPp8JStOqPTemllVlUZGeoD1fTK2Bh57WeVH17opOuHzBKkNaEzPtOJOHsat+0tZUh2gtklnUlEcye0e1ve/DkNUxpmjeWxYJ4v/dvLDwOdfbabopjTcJ/1M4tNQvXcv9fX1fOtb3yInZzgmJpgmVquFtWvXMmfOHMaNG4eqqrz99tt88YsLAFi9+h38fj+jRo0a9DppmkbCYebRO5o6p6Wl09LSzO7du7HZ7Lzy6qsEg8Hu3nXhFZDb2trwegceXh4IhFagLigowOPxsGXLZmbMmMGmTZsAGD4856ja1NXVxUsvvURmZiZFRUXU1dWhaVpofkWze57LvXv3sm//PjweTygE7FVPh8Peo1yXy8X48eNZv34Ds2fPxjAMNmzYyOTJk3Aew3BgRVFwu4eydu1aOjs7cTqdvP/++1RWVnLeeeeRkZFBc3MLJSUl5OfnY7WErvX555/PDTfcgGGaKCjs2lXJ/fffT3V1dTR8jMR9qqpSUFDAyJEj+eijj5gwYQKaprF3716ysrJISUnuv26HOb6oaCzvvPMOjY1NpKWlcujQIeLj43G5QsPehw8fzqqVK3E4nOTm5vYp2+VyMW7cOMrLy/F6vdhsNmpra8nOzsZut5OdnY2maXz44YdMnDiRpKQkkpOT+fjjj8nIGNJrZW8hhBBCCCGEEAMZ9PCx2qsDWp/3O739z+l1tEq3dNAyOQm30cWqpaGwcc78cdyQ42L69BTc7lBvwdrqBgLDMpmYYFJdsZeHi3Xmnj2UuTlOkghQe6CB59/VmRvtXahTsaWC+rwxnJkUfl3vxZ1hARRyM4E2ACdzzxvG3GwHSehgBaIjj23MmjWMi/PicFt19tQc4ql3dRYsGKhOkR6gjSxtyWBBphVUG9Nn5FBUXcOKD73MKYrD2t7G0tD6BmSMdLN4YjIFyRqdjW2seK+awPhCrhjjBNPCw1eOoeWgl84sRzgc9PHvpbspdidR4NCprPJQEO09Gtq2LDGFK2emMyvbiSvgo3LPIZ4vbmbWvNC16KhrojI+lXOGaLTW1POj1TE3pDCH+ybFEQd01NXx4Af9LxhxyktM546zEij9cDer2g7z3mlo+7ZtjB07lmHDcnA6u8Oq2bNn88wzz9DY2MTQoUP59re/zZNPPslzzz0HhMK4733ve30CHavVitPl6tHDTFVVXC4XqtrzM8Fut2M/hp6Tx1Ln0aNHUVg4iu9+97uceeaZXHLJpSxfvpyDBw+SlZVFVmYmWVlZ3H777XzlK19h8eLF2O12rFYrEArjnE4nhw7VYRgG+fn5fPOb3+RPf/oTP/vZz3C73Vx33XW43W4CgUC/bVFVLXot2traqK6upqSkhE/WrkUBJk2axL333svcuRfw8MMP849//IP/+q//Yt68eezbtw+fz9+nnjfeeGOPci0WC1++6iqWPPkkV111FQAXXHAB8+fPR1XVHvsCOJ1OEhIS6K9jZWFhAQ0NDdTW1pKWlsawYcP44IMPuP322+nq6sI0TWbPns1XvvIVPB4PVVW7ufXWW3rMeThixAjGjx9PaWkpEydORFW18L0P/eEpISGBs88+m7feeov6+npSUlLYsaOMsWPH9hs4H+n4OXPmUFJSwrXXLkZRFEaMGMEtt9xCdnY2cXFxzJw5k1/96lfcdttt0fK7n0cVi8XCxRdfwhNP/J4rrrgSRYEJEybwne98h5SUFNLT0xk1ahR/+9vfWLhwIVabjdGjR/Poo4/yrW99S+Z7FEIIIYQQ4jNwtCPFxIkZ7CmmlBkPfDC4dy7RzYNXDiE3NtYMdrFiaTkvn1CQMyTc29DDy38OhY9Fc4v4Ub6N6pJq9mS4OTPLCkEDf5efgNOB9VAty4xMFg2D2po2aq3xTMqy0lFdz/vWZBa4reDtYk1xOfV547hshBVa21haHeDMUWnkOnRKi0t4uATmXzyBRcMUWg62s6PTwti8OJLbGln8txqKzh7DXWNtdBxsZ4fhZJbbQsX6GmqH9V+nW5cf6m7WnDE8P9pBS6uf5CQL1SVl3FecycM3pZFUG953aA4PX5RGhreDLQdMckfGk3yoiVWBeM4ZaiNOD1DbrlNbVU9Lnpu56Rod7a2seHk/GVcVMSfZz/rXS1mXP4ZvjnXgr2/gL6+2UHBlPnMSdSr2euhMTmRSqkJ1SRnr4guYn2sjzjAI+P20aA4yuhpZ/Dd4+KY03C2NLP7Ixx2zs5iebFK7Yx8/+k8NHzMyuWteJkV6Oy+v2M0q0rljvptJmod/raxi2SAM6V/1vYkAbN68+ZiPjQxPnfvbLbx15yyA6Lx9pmli6DqBYIBAIIDX66XD42Ha5DFHVbbf78cwDOx2e48PlmBQx+/34XA4UFU1tFp0V1d0JePExEScTmePufsgNFQ3GAyGh62GyjMMg64uLw6HPbq/aZr4fD4UVT3mAPJo6qwoCp1dXXR4PMTHx2Oz2fD5/NjtoTkdDcPA6/VGh46HtvtC8zparZgm+HxeFEXBbreHyw/i8XjwhMuMj4+PzqHYX1siw70dDgemaUbPF6FpWnRbS0sLgUCApKQkNE0jEAjicjl7HGezhYYTx5arhHtGer3e6ArWSUlJ0W2999V1Ha/PhzN8X2N1dHTw0EMPMXLkSK677jpQFAJ+P11dXXR0dGC324mPj49eD6/Xi91u7/EMRK6FqqrYbLbQ+bw+nM7u8wUCoWfV4XCwd+9e7r33Xm677TbOPPPMPvf6SMcritKj7fHx8TgcjuiQ/sjPhN3ePR+nYRh4fT4cdnt0qHZXVxetra1YrVbi4uKi7TJN8Pt9+P1+XC5X+N70LVOceiKfVVu2bDnmYydNmgRARVUtceFnymq1YrVYUTUtNBdr+J8ImftTCCGEEOLkiASNsf+5Jdnjp6O/a34i/9076D0faavlvnd07piazthklUCLh1Ubd7Ns0HqQKSQXZrI4N5Hpw20Q7KJ0ezMvt8VTeFMa7o5WfvTXambNG0ORJ44zx2nQ0MBjK/ZRTxp3fS2HSZlOWp5voOL6bAp9XooroDTJz2UjVCpKq1hRAqQnkxsdX+zmTLcGLY08uKyGeobwo2vjCA0UTGN+rgNreytPLdtN/czRTHfbsNmbeWZZf3Xqvwdo58E6qq05TBqTy5XbvT22zZmYiNviZ/2aCh5vd/NgXjwZliAvL2sg91o3RV1t/GhpeNh1exLTz0uEphaWJQ7hwUQAG+4CG8W1fhaN1ajeto81hflckarSUrOfB1c1QuIwHrwqndyhmdy3tIGia90U0cnSFytpObuQi60+IGbYZ3uAgKJCazPP/6cGjwD1dTy23OSuS7NYNL+A6bgo1DwsXV7FitO41yMwYHhisWhYLK7oa03TiI+PJy4uDhj4A8dqtUZ7D0aoqkpcnHz8/QAAACAASURBVKvHe4qiHHevsaOtc5zLhcvpjNY1do7JSO+3WLH1URT61M9isZCUnExSUhL0Wgimv7ZomhadrzKyeMtAIsN3I3WNtLG/42LLjewTWawmtoz+9tU0jbgB6uFyuZg/fz5//OPTnHvueYwcmY/mcGB3OLqHUMeU3V97el8LTdP63PvIMxIIBHj77bcZPnw448eP77dOhzs+YqC297cvhO99zDUJPZ9x0fb0DJTCPXTt3Z97/ZUphBBCCCGEGHymaaIoYIa/N0Pf0T05k6SQJ0fo+oaCXwUFJfo7cOieHF8AOfjhI0B1HY9X152UorHHMf+8UAjS4elg1SfVPXtUmgb1wLKVZSwjh4cnQIffH16xupEWfw4kWnBTx5bGTAqznMxKhAK3E6uvky0l/Zxzgot0FTo6ffTtCOciwwV4ndxy7USS7SqB9lb+XTxQnQbSyGNbUlgyK54LzjJpjdlSkGAFQyd3zgSecWlYDT/rK2qBIX2LqfBQe2YiRQnxMM5FLgFafFbcaelkqA6SfT5WVAATVKxAa2dj6Lg2Px0BwGFlDj3nwSv+oIJQc8Jz3MUls+SqNOLwU7yymtIB2/Qfou0Qjy2Huy7NoojPR/B4PP7TevcMejfxUKGDWmaoyBMv80TLUBSFL8ycSVlZGR988D55eblomnbS2nzgwAF27NjBzTfffNg5Po/GqXD9hBBCCCGEEIMn0uPRMA3q23ewrupZaprXEtQHnrNfDD6LZicn5QvMyP8GGQljUVCPO4Ac3PAxMZ754zPI0xtZ8kl3ejNpZi5zNC9rKurYcqLDWH3dw66Pli06NNCGTQECQeqBFbs7mZ8VT+GUIWSkqHQ0tvVfrnEUJzEC7Njfxv7qFoqrPP2ElEehZC/LckezaFh8aC7F2G2qQcsBD1uaW1hf1UrpgOHYIarb3RQlObhriB3amin2pTA/NY7FugXaW3q00WqNB2JWIfcHWAPMOlw9A162NtmYlWnB7bZB9YmtJnxKaDvEY8vbyaWLagkexeeQ3Wbja1/7GkCfIfWDbdiwYfz0pz8lPj5egj8hhBBCCCFEVCR4NDGoby/llQ23Suj4GQnqPnY3fEBN81oWTltCRkLRcQeQJ7YEdZSNueeNYclVBSwan8SscW5uGBreNDSHReNSmD4+m7sum8DD56WTcTynSFQILwdBcmEifdcu7U8n9Z1gTU1kUQZkjMymIAECze2hAK6kjWofuHMyyLXrVFcf6r+Y7Z00GBCXlsSCDMgYGUeGHVBUMmimuhVwWKG2kWXtKrPOHsb8xKNrVkZ4LjOrNYmiRD8r3m+gItBzn+IGP2AlWfGwZrMfa34OiyfFDD+12ZmbaCM3I/TeqkYvWJ0UpanUNzXz8iFf9+vwXFhUe2kwICMjg1mJkDs1iVw71DccxRBqv5cl/6qn1KeSO2o484+uqae+Ngkexeeb0+nsMVT7ZFFVlYTExD5zTwohhBBCCCE+v7qHWhtg6nxS9ScJHk8BQd3HJ1V/AlPHxAjdo2OcfHNQfvPLmDWCRYUO4iKlWRycOdNNBjYWzUzBHelfqWq4C93cMevYJ+qff84QCu2Eh127mdtr+w1XpYVWeU5O4/mrwsODaeT5kjbqFSfzL5/MYxekkNzRxtL3IkPCD1F8KAAuK3G+ru4h1xMKWODWAI2iqQXMp5alFV4C9jiuvHwyj82xE/AASSncNcfD0pJW6g0bs+aM5vnL87lydAqT8geqU6wc7gotuU1G/nAW5AJtB3iqrIvY/LF0/SHWtxpkFOTw4E2juesLacwamgIcYku9Dq54Fl9TxINzhzIdqK/104KK1RKgttoD2zupRcVq0ak/EO7l2LaPpaVddMQlces1k3lwehzUN/D8ag/zL82kyA7Y41l0bUE0XIxtz8NzDvHMzi4CvfYRQoijIf0dhRBCCCGEEL1193sMsq95w2dcGxGxr3kDBkEIz755rAZltev5l05gkbv3MD2digov7sI44npt6ajtteLzSedkUqEDl99LcXXX8ReTkcisZKitaKO6z0YbRflxJBGg8niHXR/p9O4kCuKgta7nsOvc3BTcNn2Aeh1BYjzTM63Q0cH62tNg+PQp6FRd7VoIIU5Hstq1EEIIIcR/KhPDNDBNnYDRxdPv9e52Jj5LN567CqvqRFE0VEXlWLqUDMqcj4GATiDQ+6QKeXlOCBj0GkVMZ+BoJlEcTF1sqTiB0DGivo3iAVNFP6VVJze8q69t7TfUrK5uPvbQMaLNw3oZaiyEEEIIIYQQQojPSGTINYCJDmbws62Q6MsMYqKjEOp8eCxzPw5K+LjqrVJWDUZBQgghhBBCCCGEEOJzJzKNoImJYeqfbWVEH4apRwddH+OUj4O14IwQQgghhBBCCCGEECfINDGVE54hUAwyUzGPPXUMk/BRCCGEEEIIIYQQQpwCzND/zE97uj5xJKZphHs+HnsAKeGjEEIIIYQQQgghhDiFyKJ+p57jvyeDMuejEEIIIYQQQgghhBCnooyEfDKTRqMqKgHdy65DH+MPdnzW1frckPBRCCGEEEIIIYQQQpx2ziy8jmkjriTJmYWidA/+Dep+6lrLWVP2FLsOFX+GNfx8kPBRCCGEEEIIIYQQQpw2Ep2ZXDL5XkYOmYVuBNnbuImaps00tu9haMoE8jJmMDR1PFd+4VHW7voL7+74n0E9vztlHClxw6hp3ExbV12PbTZLHCOHnEFXoI099esG9bynKgkfhTjtmRi60XNKWEVFUxngfZlbQwghhBBCCCHEfyabJY4FUx8gL30GdW07ebvkN1Q3rI9u31rzOgBnFHyN2aO+wRkFXwcF3i09cgB5zpibGeM+nwPNpby26acD7jc17wom5lzMhzuf5f2yP/bY5k4p4qKJd9Plb+MPq6/qsa0w62xmF17PrkP/5oPyP0Xfv2TyvWQmFvLBzj9RcfCDo7oOpxJZcEYIIYQQQgghhBBCnBZmFXyNnNQpHGrfxT/X3xsNHs8ZczPfOOfPFGadDcDHlS/y3o4nCRo+JuZcSl7GjCOWPSprDpmJhYzMnHUU+yuoijbwVqVvJOe0JpKZVEhu+vQe76fEDSMjMR+nNfGIdTwVSfgoxGlPQVXV7nWpor0bFVStv/fBNE1M08QI/2P2KrHHNjP6ZvQ40zz8Pn3eF0IIIYQQQgghTpDNEseo7DkEDR/rq/5KfXtVdFuiM7NPgLdh91LKD7xHvCOdIve8w5ZdNHQeya5sGj17cFqTyOsVEIqBybBrIUQPpmFg9EoFzUiAqZgYhtEjNDQBRVVRTANjgDDRVFRUTAyjd7mgqBoy0lsIIYQQQgghxIkqyDyTJGc2De1VbNzzylEdU1b7DgWZs3GnjD/sfrlp07BoNnYfWsuE4ZcwLHVSj+2XTL6XiTmXYtGs+INdveo1mwsn3EVafC5BPYCiKHgDnmNrXD9lgYIv2EFxxZ/5ZNfLfHHK/YzOPhdNteILePh41//xftkfuGTyvYzKOofKuo8Y676AgO7lXxvvp+rQx8dVh2Ml4aMQolu4RyKEuoCHwsbuwNA0unsrKooChHs5GmYogMQYsDejGSlHUVGVUMgpHR+FEEIIIYQQQgyW9IQR2CxOGj17ATiz8FoyEgsASIsbjqpYGeM+nxFDzsAwdXYeeI/d9evo8rcRZ09heNoU9jZu6rfsoakT6fA1s3Xf6+RmTCM9IY+8jBnsqV/H7FHXMyHnYg60lFKy7w0m5lxKdvJYINQb89yxtxJvT+ejnc8BCjPyr+r3HEdj2ogrSXRm8c72x9nTsJ4x2eezt3EzM/KvpjDrbMpqV/Pujif40rSHmD7iSmqbt3GorYIJOfOZkHMx1Q3rOdCy41MLHkHCRyFED73jQAVFCX0NBY0xAaKqYBp69xGKgmJGSgj1lCQSRip9iw6FlwrS6VEIIYQQQgghxGAIzbGoYJg6APlDZjEi4ws99hmdfR4AuhGgvauO8gPvYWKgKAqq2n9MFhlyva9pK/ubStjftI0JOfPJS5/Onvp14SHYJtv3v8WG3UvJTi6Kho+jss4hNW449e27WF36BHkZM5g4/JITaqdFtTFyyJkcaqtkdenvAThr1PWYpk5l3Yc0d+znYEsZWUmjcaeMo6VjP6ZpUNO8mf/797dO6NzHVd9P/YxCiFOXoqAQmuPRNCPBoYIaft+I7Gca6HrMYarSN19UQEENh5dgKoTKiw7PVlBUotv/U5mmGQ5S/7OZZmhIfWh4vdLntRBCCCGEEEKc6lo6a9GNAHH2FABe/OiW6LZLp9zPuKHzWLHl4eiK1wDulHFYNQe+QCe1zaX9lpubNg27NZ6MxHxuOv+v2DQnqmKJDr1WFA3TNPD1M5RaVUK/UwV036C08ePK/yPBkUFu+jTyMqazv2kbr236KYqiYbPEcdm0B7ls2oMA6Ia/x7HmZ7TwgoSPQnyOBYM6wYAfwwzNvWi1aGiqSmQ4NQCmiW7o6HoQBdAssR8bCooaShX9gQB6MACKitVq63EewzAIBIKhMhQVi8WCoij4vcFocBnLYrGgaaFVwQKBAKZpYrVajzsEM00zWg6Eel1aLJZw78zj5/X6aG9vJy0t9YTLOlahaxrAME00VT2h9ui6Tn19PXV1hxg6dCgpKcm0tLRQU1NDZmYmQ4YMwTCM6H0TQgghhBBCiFNRfXsVXf5WMhNHMTR1AvubSo54zIiMmcTb09ld/wn+YEe/+wxNnYhu+KNzOfr1Lvx6V3To9WAxTCP0+69m7/F+tIOIaVDdsJ4/vfc1ctOnM2fMTQxPm8pZo7+Jaer4g528VfIrNlf/q8fxE3NOrKfliZLwUYjPg155UWQk9EcffkhZeTmapqGoGiNyhzNx0kSSU9LQNBXCi880NTXxxhuvk52VxfkXXICqWaIrY+u6TnX1Xv7974/YXbWLEfkjmTPnXNxD3WiqSiAQYOfOnXzwwfvU7KulqGgsUydPJtvt5vXX38DT0RGaA9I0o73spk+fzqRJkwgGg6xatYrGxkYuu+wyEhISjqv5DQ2NvP766xiGjqKouFxOJk6cSEFBAVar9bgva1nZDp5++mkeeughkpOTj7ucYxW5ph999BH79u1jzJgxTJkyhcLCQiwWC36/H8MwsdttRxUWrl+/nl//+tdkZ2czc+ZMzjhjFr/4xUNomsaZZ57JhRdeyIYNG5gzZw6JiYlHLE8IIYQQQgghPgv7m0qoa6ugIHM2U3MXHjF8TIvPZdzQCwGTmqbN/e7TPeS6pEdPyoUzHmZ01rkMTZlAY/sectOnUZB5Fm3eQwwNL16joNLg2UOnv5WMhHzGui9gWOpEnNZkfIFObJa4HoHnzoPvc0bBV8lKGsu88d/jk10vMSX3ctzJRTR37OdASylnjboBb6Cd9bv/xp6GaQxNmYjN4uRgazm56dPIzziD0v2rGJV1Du6UIt7b8dSJX9gT9Ol21RFCfEaU7uHNpoGhGxiGQcm2baxZs4ZgUAfT5J//fJWHHvoFrS0tocVlwgOpS0tL+d3jj/PKK/+gpaUlNOzaMNB1nY+Li7nzrrtobm5iytSpbNmylR/96EdUVlRiGCYffPABP/zBD+jwdDB8eA579uxhyZIlHDp0iF27KikpKWH16nd58cUX2bBhA2VlZQQCASAUGi5dupQlS5ZQXl5+3K33eNpZtmwZhw4dAkxqa2u58847WbNmzQldVcMw6Orq+lS7rptm+Jr+8Id0dHSQm5tLdfVennrqKRobmwB45ZVXeOw3j+Hz+Y9QWijIXLNmDWeddRa//OXDfPnLX6asbAeJiUn8/Oc/Z9FXvsKuXbv43e9+x969NSe7eUIIIYQQQghxQjbs/jsebwNFQ+dyzpibo+8v3/QzHll+dnTItc0Sx7zxd5KROJKaps2sq/pbv+Xlpk3DqjnY17Slx/t7GzZimEFyUiexfvffqG/bxbhhF/L12U+FRvoFO0lLyKW2eTslNW/gsCZw5Rd+xZTcy2n07MFpS2REr16T/mAH7+1YQmtXLWcUfI3vXLSCc8bciMfbyJqyp2j0VDNiyBf4r4k/4L4vbWTOmJvw+OrZsHspW/cu52BLOeOGXcgPL/2Ay6f/nPwhZ5CVNGqQr/Cxk56PQnxOKIqKYkZWmA4Nq9Z1neHDc7lm0SJcTgfTp0/lhz/8EdXVe0hOTgIgGAyybv16rli4kNLS7ezZvZvU1FQwTVpaWnjp5ZeZO3cu11+3GE2zMG3adH72s5+xZs0ahuXksGbNGs4991xuueUWFE3DDA8Xdrlc3PX9u1GAN954neXLl3Pf/feTkpyM1RYatl1RsROXy8Xs2bNZu3YtU6dOPa6hxaZpEgwGOO+885gyZQrBYBCv10tx8cecffbZ2Gw2/H4/uq6j6zqapmG326NDvw3DwOfzEQwG+2yLPYfP50dVFWw2W3/VwOcLzfFht4e60AcCAXTdwG4P7e/1+dBUlWAwiGEY2Gy2PmV5vb4e11TTNAzDIBgM4nK58Pv91NXV0eHx0NXViaap0d6Qvdunqio+nx+v14vL5UJRFXRdp8vrxWazomkWAn4/48eP56WXXiYlJdS7U9d1/IEAFk0LDf02DOx2e7QXqa7r+P1+gsEgFqsVBeWw10UIIYQQQgghBktl3Ud8uPMZzi+6nbNHfxN3chHFlS9Q3bA+us/UvIVMz7+azMQC6toqeWvrrwYccr1i68Os2Ppwn/fX7/4b63d3B5b/+8ENjBxyBl2BNvbUryPRmYk3PAfkezueZOfBNaTEDaOmcTNtXXWkxefS6Knut/6VdR+RlzGDRMcQ2ryH2FO/Lrr9hQ9vJiMhn8yk0fiCHioOfhDd9uz715KXMYN4ezp1reXUt1cBsLdxU495Lj9tEj4K8XmhKKiaFu2lZ5qgahoWi4Yanj/C7w9gsVhwOBwoigoKNDc3U7GznBtu+CZ+f4CSbduYOm0aiqpSXb2XHWVl3HzzzbhccQAMGZLJGWecQXx8PJqmYrVaqW9ooK2tjZTUVKwOB06nC0VRiGRRNpsNVVVxOhw4nU4gFHpGAsfU1FRWrVpFW1vbCQ9vNk0TXdcJBII4nQ5UVcXj8fDKK6+wZs0aKisrycnJ4Y477uALXwitilZVVcWTTz7J+vXrKSgo4LbbbmPatGk9yvV4PCxZsoRhw4Zx9dVX9wkng8Egf/zj0xiGzm233YbVamXVqlVs3LSJu+68C6+3i4cfeYRRo0axZs0aavfv55prruHrX/96j9BOVZXQNa2vp6WlhdTUVGw2Gw6HA4B//OMfrF69Gq/Xy09+8hMWLFjAzJkz+23fpEmTeeGF51m/PvQv4d27dwPQ1NRMeXkZzc0tVFdX09HhYcaMGfzgBz8gOzubbdu28eKLL3L22Wfz1ltvUVFRyR133M7FF1+Moihs27aNPz79NCVbtzJ37lycTicjR45k4cKFJ3TvhBBCCCGEEOJobNi9FH+wkzljbqEw6ywKMmcT0L2AiapYsGh2DFNnd/1a3tr6q2hIdyL8wQ521L4Tfd3WVddje23zdmqbt0df9xc8xooNHHurb68asM6HO+6zIuGjEJ8zkTkAFSX0fVVVFX/9618A+PCjj7j88sspKChADc/pWFFRgdPpZOzYMdTVHWTlypUsXLiQ5ORkDtYdJM7lIj4+PlqupiksWrQovKiLlXnz5vHoo49y6223ceGFF3LRRReRk5NzxF5wDQ2NlJeXc/vttxMXF8df//pXqqur+w0fdV2Phqqqqg7YO/Kdd96htHQH+/bVUFu7n+9+97tYrFasus6wnBzu+fGPsdts/POf/+Svf/0r48aNIxgMsmTJEkaPHs2Pf/xj3n33Xf785z8zatSoHuf/4IMP2b+/lq9/fTGapvWpU2ixFmhqakLXdaxWK4FAAJ839C9A0zSpP3QIl9PJT+6/n6qqKh7//e+j819G2Gz27mt66619rukll1zC3r01NDTU8+1vf5u0tDQsFku/7Rs7toirr76atrb26P52u51t27bzm988xk033Uh2djZ79uzhwQcf5ODBg2RnZ6PrOm+++RZpaWnceOONrFmzhtdee43Zs2ejKAp//vOfmTB+PD+5/342b97ML37xSx55pO9fCoUQQgghhBDiZCmpeYOSmjeYmreQse4LSIkbjtOWQEvnAepad7Kp+p89ekOKk0fCRyE+5yIBmaZpJCUmsm3bdpqamsnKyoz2Phw3bhx2u53CwkJefPHFaAioB4P9LmgSGyxOnz6d3/zmt7z55gpWrFjB3//+d66//nquueaawwaQFRU7sVgsZGZmYrfbycvLY+PGjUyYMKFHuKjrOqWlpaG5KIHMzMwewWBPCmASHx/PwYMHKS8vp7CwEJvNzhkzz6Crq5NAIMDo0aPZsmULgUCAvTU1VFXt5qabbiItLY2ioiIqKyujPRt9Ph9bt27lL395mRtu+CZZWZn4fD5KSkro6gqthJaXl0dOTg6Ee5ge7l5cdNFF5OXlkZ6eTmFBAWVlZT3CR0U5/DVNSEggLs6Fp8PJkCFDcDgcmCb9tk/Xg6SkpPTZf//+/WgWC6mpqbjdbrxeH1artUfdp06dwnXXXU9GRjp+v5/Vq1fT0tJCW3s7u3fv4eabbyYjI4P8/HziE+KxWI5/YR8hhBBCCCGEOF4b97zCxj2vfNbV+FyT8FGIz7mRI0dy9dVX43A4+OIXv8gjjzzC22+/xeLFi2loaGDLli3k5+fzwgsv4PP56OzsjIaAqalpGEZo8ZqBaJpGzvAcrr/+eq644gpeffVVnn32WUaPHs3MmTP7PSYQCLB27Vr8fj/Lli0DQj0GN2zYwOWXX96j92MgEGDFijdZtuxfACxevDjcc7Nv78cLLjifKVOmYJom48eP53//93+ZMWMGSUlJPPPMs3z00Ye43W7a2tqiQZseDKLrQaxWK4qiMGbMGEaOLIjO07hlyxbuu+8+0tPT6erqxDAMvF4vL730EmvXrgXghz/8YSh8PApWqxVVVbHZbDidLpqamo/9mioKCqGerYqi0NnZMWD7lFAX2B77K+HXRN+jT8gcmjfShqZpWCwWTDPUe7P39VJVFVWJWfBICCGEEEIIIcTnykkJH3NHD2PR1FSKbH627Kzj+eJm6k/GiYQQJywSdNlsNhISEkhISGDv3hp8Ph/btm2jo6MDl8vF1q1bSUhIZOzYsdEQ0O3Oxmq1snNnBSNGjEBV1ejiLBaLBavVis/nx2LRsFqtpKWlccmll/Lee+/R0NAwYJ3q6urYuGkTY8eMoby8HF3XGTZsGB9//HGfodd2u5077ridW2+9BeieP7I/VqsVm82GaZqkp6dz8OBBGhsbaWho4P331/CTnzxAfn4+Gzdu4LnnngNCIZuqagSDwej1sli0aBg3bdo0fv7zn1NVVcVTTz3FqFGjKCws5KGHHooeE5mPUUGJhrXBYBB/INCnJ2QkyPX6fLS0NPeZWzKysM2xXNNdu3YN2L7BpigqihJqp2maRwynhRBCCCGEEEKc3gY1fMwYmc2iKelMT40stOBg0oRcHivMpHhDNUu2dw3m6YQQg8Dv9+PxePB6vZSXl7Nt+3auufpqFEVh7dq1nH/++dxwww0YpomCwq5dldx///1UV1czevRoZs2axUsvvURKSjI5OTkcOnSIpUuXcuGFFzJ58mSeffZZJk+eTFFRETabjc2bNuHxeMjJGT5gnXaUleFyurjxxptITEwAwOv10tra2mfotaIoOByOaMB3OB0dnbS3t9Pe3s6aNWvIz89nSGYmBw8cxDTBMHS6urrYtm0bwWAQn89HVnY2GRnprF69mrS0dDyedvbs2cNZZ50FhMLJ+Ph4pk2bRl5eHh9++CEjR46MLpwTKyMjnS1bNlNdXU1zczMr3niD1NTUaEgJsHPnTvLz89m6dSu1tbWMGTO6Rxmtra1HvKaaqkavV6hXIgO2b7BlZWWSkpLChg0bSExMZMOGDRw4cGDQzyOEEEIIIYQQ4j/D4ISPGencOiebWala/9sdDmbNHs30iR38e+s+npEQUohTgt1m491336O4uBiA9PR0FixYwIUXXkRTUzNVVbu59dZbegR7I0aMYPz48ZSWljJh4kSuvfZannzySb7//e+jqiqZmZksWLCAadOmYbFYGTZsGM899xx79uxBURTS09NZvHhxj1DNarXidIVWwA4EAmzfto3p06eRkZEeDRkdDgdnnHEGn6xdS0dHBwkJCUfdTlVVcblc3HPPj9DCK37PPOMMbr/9djIyMoiPi2PKlCl861vfIjc3lwULFpCRkcHBgweZOGkS3/jGN/jtb3/LSy+9RGZmJosWLQqXq0XrHRcXx1lnncXy5cu5+OKLycrK6lOPL3zhC6x4801uvPFGLrroIq677jr+vnQpjU1NJIbbs2bNGp5//nkUVeXWW26lsLDn/JV2u+OI13TMmDG88sorfPnLV/HIIw8zceLEAduXlZWF3WbDbrfHXC8Nl8sVvfaR66eqWp92AzidThISEjDN0GrnV1xxJf/zP0/w3HPPMXXqVFJSUo/6XgkhhBBCCCEEDDxXvvisHP89UWY88MEJ3NFEFl06jLluG8eylEBHSxvvfFTF0v3Hf2Yh/lOs+t5EADZv3nzMx06ePBmAub/dwlt3zgKIzq1nmiaGrhMIBggEAni9Xjo8HqZNHnPU5fv8fvwxvd8UVcVmtUYXF/F6vdjt9ujiKpHz+3y+6HDtyOv29nYCgQDx8fE4HA6s1tCnQqSHncfjwTAM4uPjcTqd0e0QmrcxGAyGQk5Fwe/zoShKnwVpYvfrb6GbgRiGQVeXF8PQo+9ZLBZsNjuapmKaJl1dXlpamnG5XLhccQQCfux2OxaLBV3XaW9vx+PxEB8fT1xcHFarFV3X8fv90foEAkECgdDr/oZ+G4ZBR0cHXq+XhIQELBYrPp8Xh8NBW1sbd911FzfedEEIMQAAIABJREFUeCOFhYXhHpUJWK09/0ZkmuYRr2kwGMTr9WKaJk6nE03TDts+n9+PaRjY7XYURUHXdbxeH06nIzqUvqvLi8Nhj67kHdtuXdfx+nw4w+32+f10dnQAUFtbywMP/JQHHvgJ48aNO+p7JsTxamtrA0LzsR6ryOJOFVW1xMV8llktVlRN6zEvasSxfBYJIYQQQoj+RaajMvn/7N17fFTlnfjxz5k5c0lmciEJSRgCSUgiEBIIEAUUCwJaQUoVcRVrsVa3Yr21Xnat/bW7tdut+9q6tWpXatVaZbVW1IoIVsFKBUGINpCQBBMIN2MSkpCEDMnczvn9MZPJTDK5ERAC37cvX2TO5TnPPM85Z+Z857lo+LQO3FobL360FK/mPsM5EwCqwcyKS9/AbLBjNFhR6OqJOKD9h3b4OKYMMvAIYIu3kZ0AnLLgo5ncKYnktjWyZp+cmEIMlMVsxtLLjNOKohAdHR1xeWhLyM7XnS3nut98TIFgps1mi7g+dJtgvkJa4fW13UAZDAZstp7vJfQ9REdHERVlDU6+YjZ3HcdoNBIXH09cXFxwfefy0O7VJpPaI1jYPR8xMTHY7fZgOaiqLWwbi9VKYmJi2HG657W/MlVVFbvdHrasr/fX/RwwGo1h5dW9/Lq/b6PRiC1wrni9Xo4cPkxcXByqqlJWVk58fBwjR47stVyEEEIIIYQQIkhRUHSF1Ph8jjR9eqZzI4DU+HwU3T9Z6ckYYvCxgVf+1kbvj/S90WipG9wesy7N4ZspEbp1u528VW5i+YxY4jtsNO+rYuOg8yOEGKr+fvEYDq2D+sqj4t/gtB1HURTi4+OxhXRnPpl0TuX2J8PpdPLqq3/m73/fTHt7OxNzc7n99ttJkuCjEEIIIYQQog+K4h+rXkHBoBiZnLaML5t349M8Zzpr5zWjwcTktGUYFCOdTWQ662qghhh8bGdXZTsjHXFk2wzg7mDbwXYgiik5VqLRaKlroayVCNsMTkurF7JtOIw+jjZ78ADRsVbifV7iK+spGm8m3dnM4DtZCSHEmRcXF8cvfvELzObIrT6Hi9jYWO6774fcc8/d6LqO0WjEYrFgGAbBZyGEEEIIIcSZ4W8o4Y9mKRhBURkZN4H5kx6m5PDr1LfulSDkV8xoMJEcO578MdcyMm4CKKq/bgIG07jllEw4UzhtLMsdRmhuZNvBw0ASyy9LxIGPsm0llJVE2mZwynY5aS6Iw6G1s3FNFRsItIYc4WLUpSlcYAUMUWQDsy6fwMVx4KxrosqewKxkE7S2snbTQTb6h4Lyz8w9KY7sEWZMbjcNx9vY/PcjRM/of1/SU7hnSiITE42caG5n195DvFjm9k+8MyuJiSNM4HSybed+Xjl4KkpYnDaxSdwzO4ayLdVd9RtpmRCnmaIoEWfIHm66d8sXQgghhBBCiIHQdVAUA6CjGkxompXUuHwSbJl4tXZ8ugtN86Lr2pnO6jlNUQwYDCpGxYJqiMKs2lEVK6rBhKIYUBRDoK4Gnuapme36DNn2USXbgFmXjufCeCs2j5d4AAzExZtxJDhwtLRRdcxIbuoIls/tYOPaOhg9hvvnJOLwdbDrUAueEbEUOkZQmH6EsgHs++j8RBw+N2WHncSPiWXWuHheLIOHFjrIVTrYdaiN+LFxLJyZzq6DByk7s8Uk+mIxYoqPYfnCTNhQzUaSuGehgynGNg4M7wZoQgghhBBCCCHEsOJv/6hgQEU1+hs1KCYjqi8KDS+67gN0dJkN+7Twd6tWUBQjBlSMRrM/8Gi0YkANbjHY0h9+wUeLneXfK2A5AB1sfqaC5z46xpxxUeQGNln7fgO5NzvIpY21r1axgWQeutlBrtU/qcKsvFgcqo+ynRU8VgLMmcCLSaZB7lvGoyWw5PIJ5LadYOTFo8m1alR+VsFjRbHcc2Mc6SYjcV9x8YhBOlrHY+t07l+cyvKF2RQSTY6xjTXr9rNBWj0KIYQQQgghhBBfCUVR0HV/6FFXQMWMQTVg0Exg8OLTfGDQAy0fZVin00P3tz7VFIwGf/d31WDyBx4Vo79u9MHPJzD8go+eDnYdaOcEAG6qTiKJ3DgT0MHRksHvG28yAJ7gvmvfr2AtsHCxPzg5Mief5wqMmPBRuaeebSeRP/EVa63nsXVw/+JUcpHAoxBCCCGEEEIIcSZ0D0AquoLJoKLjw2jUQZdWj6ebggJGBf9/RkABxYCCwb/+JMbzH37BR81L2d8OsuGMZsKAbTTwRc81J5pb2VXlpOhAA7uOfuUZEyertZ7H1h0nnXYOSuBRCCGEEEIIIYQ4IzoDkAbFgK4YAgFHIxA60KAEIE+P0PL1hx9RAl2tT6LFY6dTEnzcsK6kWzDwMA89c7ifbU6WQnxOLOmVrZzsXC5lLR7mxFvJmR0FW2B5ghnQCQRx+7ThqJtljigmTk8h/Ytj2KakUEgdL9Z0sMxhI87kZtveVnCkceu4Vp77RCJZw0Zr+0mfU0IIIYQQQgghhDg1OgOQnX8rgaCYLjHHr0RojFHXA6HIkww8wpCDjyncs2wEjkHv56NyVyXPVQ58j4WLU8i1ANhYeJmD6MpWnuuxzs6SxclA+GtHtMP/2pLI04td3PH3o8wZ6SA3dzwv5kJzkxsnZnILsnloTFTf+677ko0pY1iYOoqff28UAM4jbl5cX8fGtDEsTE3hoRtSAPA0Kez6pJWiQZePEEIIIYQQQgghxPkrcrBLoo9fja6yH0LMMWiIwUczjgTrSQUfm62D26OvlpM919X3eP0c4R5d3UzuOBvRHU6Katx9HLnnvq+s3cMrI2OZFW/kRPOxYPfq3pYLIYQQQgghhBBCiKEZSus7ceYMMfio4/FoeAa9nw+PNrQjD52bsv19BR37cbSVbZGCi70tF+IMkqbpQojzzVDue0cbj+Fsd2O1WlFVFVU1YTQausa8UUJ/CZYvwEIIIYQQ4tyXmpJ00vsOMfh4hJ/84cjQkhBCCNEL/yC/Qsi5cO6orWsmNSX+TGdDnCFS/8Ob1N9XT8pciLOPXJfDj2Nk1JDTqDnaPqT9BzDFihBCCCGEEEIIIYQQQgyeBB+FEEIIIYQQQgghhBCnhQQfhRBCCCGEEEIIIYQQp4UEH4UQQgghhBBCCCGEEKeFBB+FEEIIIYQQQgghhBCnhQQfhRBCCCGEEEIIIYQQp4UEH4UQIgIdPezv0NfizOleF1I3QgghhBBCCHHy1q5de9qPoZ72Iwghzmo6Oj6vF6/Xi9FoRFVVFMXQYxuvx4PBYMBoDL9t+HxeFEXBYDCe1nx6vR4URQk7vqb58Pl8qCYTCsopPVZjYxMJCSMwmcyccJ6gvf0EiYmJPcqmL53lpuvhwTFVVU97eZ3tdF3D6/Xi8/n8590A6/B4ayuaphEfPyLiayE65efnneksCCGEEEIIcVbrDDyuXbuWJUuWnLbjSPBRiPOYrmvU1taxbdvHlJWVMXr0aL72ta+RmZkZFhw71tTEunXrcDgczJ8/PywAt2XLVux2G9OmT48YPPJ6PbhcbnRdx2w2YTKbBx0o9Ho9vPfe+9hsNubMmRNcXlJSQnl5Bd/85hKioqJPogQi++KLL3j44Yd56KGHyM+fzN//vpkNGzbwH//xC2JjYwecTmNDA++88w4ejzds+UUXXcjkyVNOWX6HG03zcfDgQT7++GOqq6vJyspmztw5jEpN7Te4++qrr9LQ0Mj999+H2Wzp8VqITkbj+R3gF0IIIYQQoi/dWzyezgCkdLsW4jz2eWUlDz/8I/bu3cu0adOoq6vnwQf/hZ07d4ZtV1ZWxm9+8xvWrFlDc3Nz2Lry8jLWr1+P2+Xqkb7L1cG77/6Vf/7eP3P99f/E008/TVNj46Dz6fP5KCraSXl5Wdjyw4eP8Le/fYArwrGHQtM0jh9vCwYNvV4vTqcTTfMNKp22tjbWr1/PJ59sZ/fu3cH/jx1r7n/nc5SOzo4dO3jgwQc5duwY06dPZ/fu3fzooYeoqtrX7/5ut5uOjvZga9Lur4UQQgghhBBC9K23rtanqwu2tHwU4jzlcnXwxuuvk56ezve/fyc2WzSXXvo1PF4PmzZtYurUqZjNZnw+Hzt27OCaa5ZSXr6H/fv3M336CAi0XvT5fHg8Xvyxn84AkH/dRx99xN/+9gH/78c/pqPDxf/8z2OMGDGCb69YMfjWjz5/F+tQnV13O/l8XtxuNz6fBoDFYsZkMvv393rw+XwYDAY8Hg+6DlFR1mALT13XcLlceL0+XC5XIJgVOaClo+N2ufB4/F3OzWZT8Djh+dOJjo7mvvvuIyMjI7i8c1tN8+F2u1FVFbfbHcizBU3TcLs9GAwKVqsVRTGgo+Nxu3G7PQAhrUjB4/EvUxQFl8uF2WxGNZmC2yuKgsmkomkaFosFRVHw+fzH9vp8GA0GrFYrBoMBXQe324XBYEDTNDweL6pqxGKxogSqzOPxt2YN5sNkRtM13C4XFos/HfCfYwaDAZPJFHjnCq0tLbz88itcvmABN998MyaTicLCQh555BE++ujv5OTkdKtHHYvFEkhDCZR/93KGztijpvno6OjA59MwGBTMZnPY8YmYwqnrsn9m6YS/l+6ve9unU/d9GcC6vvYJXX8y6XU38HrT+93i7OZ1teHCis3S+TXNi8vZgVcNLPN04HR33ftUi53gpt3WoYamE3KM9jZcmorFZkUNvu6+lYrFpuJzduDtvjzKiooXV3vouq70Ir6n0GyZ7VhM3TbSAumF5Pmk8jXMf1r3trfhU0PKJ1AuBMosvCzD3/PJlXPg/OqeEYMVm4VudRw4ps2Kqg2h/jvPWU8HTq+KLaqXc/18F+GaCF3XUneAmhaVxMw0ki0qeDtwunrUpP88oAOnG//5onXgdBFeX4F9VYsdoy+8voJpdD+Xhjn/edn9vuE/Bwm9r4ZuTy/nZqT66NxHs3ad45oXlwcsnWmElHtosv3dB/xp11JT3YAvLg3HyPjA/pGu517u2YaQfHUduff7QVTgflF/hP1NXuJGZeCIi3yddl7zalh+ey4LfW89zvPA51nY9j3uGSFl2Mv9Llgv6Wkkd7/XRCqn7p8hvdVtf59Poe/HE3L9GXreE6GzXLrnq/f7qiBw7ngxhtZbWFl3K8+wcz5CWUeq/+7nV7/32e4Ve/Z+np3OLtaRnJ2lIIQ47erq6tm5s4g77lhJXFws6Do2u40ZF13EgQMHURQFXdc5erSBioq93Hbrd3G5OiguLqagoMAfYAp0kdV1LfB/5yO/jqIYyM7O4p6772b0mDHomsbUqVPZv786GKQaLJ9Pw+3uauUYGnjUNB8fbdnC22+/zZ7SUgwGA9dddx033XQTJpOZ999/n927dzNu3DjWrVvHiRMnePDBB7nwoosA2LdvP8888wzl5WWkp6fT3Hys13w0NTby/PPPs2nTJmJiYrj22mVce+3SiAFIf+DPhNlsDr7uDHiWlJSwevX/cfHFs3jzzTdRFIV//ud/5tChQ7z++uukp2dw/wP3M9oxmhPOE7zyyiv85S/+7a666ipu/NaN2KJtvPbaGkAnYcQIXvjjH7nhhuVcfvnlvPzyy7z55uvExycwb948Dhyo5p677yZp5Eh2797Ns88+S0lJKZMmTeLWW29h2rTpuFwufv3rX5OZmUld/VHe++u7TMrN5f4HHiAlJQWXy8Ubb7zB6tX/h+bzsuiqq/jOd77Dvn37WLVqFT/96U9xjB6N1+3i8ccfZ9SoUXz7298Olkd19QH27Cnh1lu/GwxoJiQkUFh4ITExMd3qsQRQgvVoNpvRdL1HDKrz/NN0nX8UF/PbJ5+kat8+kpOTuf7667nmmmv8XXAVUNCJ1EhSUYZrmCqE7p98x991XQ8G0Lu6smvoOj1ehyQAiiFQRj1CvN3SDdkHBUWh19ankdf1lR6Ru9/r3acW6sxv4H0oBn+wUQ+kqRgYrtVa/d7jrK3MY+l9V5MJQBV/fXoNleOXcf83JtBU9AJ/2NrQtYPBzsRvrGRRjrXnOsCWs5jl3yggLvjFvJi1v11HNVbyr3uAK9Ib+PSVVWxp6pYRQx5L75tAydNrqAxbkcrs225jhradl5//kLDdbBO44sZl5MdFeE97Q5eoJF94E/80J43OARO8ZWt46t0qsBRw3d2LGctJ5iu+Z5kOH4H3rM7lthWziQNo9pczl6zklllJPctSTWX2TbcxI+lkyzlwfnXPSvJcblsMb3SvY0Pg3GweQv0b4im4diWzj/+FVe8eCZyHQP2HvPTidhIWPcTS3MGW3bmnZ10FuCpY//wayp1d28YV3MR30otY9VZFj3SSL72Lq7Q/8YetMPu7K5nRuI5Vb1WQ883/x5KcwLEq/sKqdzuYf8d3sH3Q/Tzyp/Ht4X1xdXOErS+8QNFxcMz7Acun2QPL/dfDock3cdcVGWF7VL/3OGsPdKsLCKsPVQWvF+Im38C3r8imbvMqXivNDtzPG/jkBf89LfPKh1iap+Lc/SdWfeDtdu/q/z7Q9MmzvPRRbVjgJP+6h7giPdL13Ps9W02dy7dvnE1C8GO3j/vBTROoePlZttR6UVUVr9eLZeyV3LisMGT/kLLaC2Qu5t5rC1Bp4NP/87/3hMB76NTbeR78PMu6mnuvyUMFKt/9FWuPzuWW784mIbBdzUereOXTNhh9JSuXF2ILFmMRr736LofaQ95vzEyuu30BjojvM8JnSK91G09xf59Pgc/srvcSuP4SIt2rO6+x2p75suWx5LtXkyOjC/UUuC7UkPtTeFn3rOeucz7COaCmUnjdTcwZ3fWc2uP8ql7Xz302/DsYuTdw/6LsU/eehzEJPgpxnjp2rIkDB6pJSEgILlNQmDdvHpqmYTKp6Lq/a3Z0tJXx48fzZW0dmzZtpK2tjbi4bk8WihISwPH/mz42HU3XUQwGGpuaOHzoEOMnTuwRpNN1DU3TAsn0PnlNaWkJL774UvD1559/HvzbYDAQGxPDt278FskpyVSUl/Ob3zzBzJmzmDhxIl6vl7feWsvNN6/g/vvv589//jMbNmxg8uTJuFwuVq16mjFjxnD33XdRWlpK8a5dEfOg6xrvvPMObW1tvPTSSzQ3N/Poo4+SkZHOzJmzemzvcrspLS2lvr4egLi4OCZOnIjBYMTn8/HXv76LwzGKu+++m9WrV/Nv//Zv3Hzzzdx99z387ner+HjrVq677p/Ytm0bu3fv5sknn8RsNvOb3zzB+++9z9KlS0kbM4Z//dd/4euXX87KlSuZNGkSH2/bxkcf/Z1f/ucviY2P57lnn0PXNGx2O62tx1m9ejXz5s3jF7/4T7Zv38bvf/97fvazscTHx9PR4WLt2rV861vfovDhH/Pbp55kx46dLFmyhK1bt7BhwwZ++egviY2J4Ve/+hXbt28jP38yHR0u9u+vZvToNJqajrFnzx4umT077Lz48ssaoqOisdvtgRaSOkaDgRtuuB7FYAyvx+SRlJWV8cSTT3LxxZcwceIElEBgKXS+607OtjZefvllLr7kEh77n/+hpbkZn6ZhVNWQlradwa3QqNQwjVANkK7rEYKrnUHY0Ou2W4BQCW2frERYp+APYOrodAX6/MFEJfBa6Up3QOkF6jdinjs3DQla+qOp/mME/tYJPf4wpnl7tjwJk+T/Yh1by5YXn+WTdzeSl7MYe+i6BC8tn63hpQ/WsfYf2Xx7un+td28F1ZYkEswNfL73AFekZzB9+Q/I0xooemU1RczkuuUzSTHbsVBBCRA3/SaWX9T5sKhisUHnE2zng6S3uYi1L73Le29vZ9xNM7seAIMmsOSBZeRobRz6cDWv7fwTm8c+wBWZAF7K91ZhSUhCbaqg4uBixqYnnVy+zgVe6Hugj0BZOktZ+/xf2PJ+EXnLC8PXDbics/n6HT9gPlX89el1VGctZuUV2f6WWK1bAMi84gd8PSuQvMEaVreDr/8jbPr9CxQXlTLnmkLy/1ZFyWelzEvP4/BnxbRYCpg/QR5RItdVYPn6NZS3Z3PFHTeQb+ug/K2nWF+8kU+n3sTKO66EfetY9V5VoN78Ladat4UknZFNJhUcqj4AOf4AW3V1FSTMZawNGgHi/ddbYmAX1WLnnPJlBeXHk0hIaKBmbwXOaYVh56zL1RF5P1cH4YP9dK8PaNr2LH/Y+hc25zzAPEca7K6lvgkyExqoa7JisXRQf7QWSKO+9ghYChgVKa7b233AU8yHH9VizL2BOxdlo3o7qK8+gjqma5OB3LOdu//Eqvc+5MOKmSzN7bzmer8ftHz0FFtq7RQsX8n80SquyjX8/q13eecfE4KfL8Gsa/gHeDtYRbVWQE77AfY3+Ze5OkLLtrfzPMBixbLvQ7bW5zEnOVJhHKHy8zYSEpJo+qKUSmchBTZAO8B7r77LIXMBS7+zmEwbeBtK+bQmFUfI3n1/hvRTt/18PvUr4jVW638RCFx6v3iXF14pYvP2meTMSR1Iquclr9b3N6bO8nSWreEP6z/kr8UFLJ8Wvg7nATa9upqiNzYy9s7FZBog4vmVubif+2w2V9yxmHGB5FXzOXbvHIJh3jFFCHGyNE3jxIn2Hg/4qmoKTNyh4PV62bFjB7m5k7BYLOTk5FBbW8eBAweIHLBRwpYrge639XX1rFr1OxSDgau/+U0UQ/i+NTU1fPzxx3z88cf84x//CGvdGKq2tjZs7MRDhw6GHTsvL4+srHGoRpUxY8YQGxtDR0fXz51z585h+Y03kpeXx/TphRw+coSOjg5qamqoqqpiwYIFpKWlccEFFzAiPvKv+8ePt7Ft23Zyci7AarWSkJDA6NFplJaWRty+o72dDRs28Nprr/Haa6/x8ccfh7XYnDp1Gjd+61tMnz6d7OxsZsyYwTXXXMOFF11IVlYWR48exe12sX37NtLSRpOQkEBMTCwZGemUlZXhdrmIjo4iYcQIbrjhei65ZDYxMXa2bdvG1GnTyMubxNixY0lJScFo9Af3Dh48SFVVFVlZWRiNRjIyMjjW1ERtbW2wCpctW8aVV17JtGlTGZc1jsOHD+Nyu9i2bTvTpk4lNzeXUQ4HEydOxG63k5iURP7kfHbu3IHP5+WLL74ItH7NDjsvfD5f4JwLCVQrge7Rqhpej6q/HmNiYgP12BkoC2n9GAygBV9QXV1NQ0MDI0eOZOzYsfR9rg73CNVADHQ8zO5lMZAyCg1cRtp/8OlF7lzfl9B9AkFV5fyoWQDUVFJGEuGBGEAlbtpMLrBA/ecV+BtJ+R/0yJjL3EwrruoqagA1yo7NZsdqAAxW7Lbw7mtGq3+9///IXcDU+EIKx1uhtoJKZ4QNOhnsjJ1RiIMOPq884F/mKaWyGsZeuoBxlg727z/iT/MU5OucZkslxQa0R6j/AZeziiW0/FQrNlt4F9DOerDZ7BG6aQa2GWj904HPDZitqIZsCibHw75Syl0VlJR1EDe5MPDQd57r5ZpAq6ByH5CVR74NwMrEvGxQrURbrWF15K+3CNeFKZtxowle/3CEmhqwZWYEW5N1Xm+d9X6W9ho8aTUVpTgT8phfkAZfVLHfc5IJ9agPSCgsJJMOSsqrUBOTsNFAXT3Q1EAjaVyQY8fZ1ICXZuobAEdaWECsX24vLsDVcICa415QrSTnZIe1PhzIvdHmSCUOcB5vC1na2/2ggc8rmyE+j6mj/alZcmaSHwP1e4ppCUu5gdZGID2bTO0INXXgra6iJqaA/HT/j8VBvZ3nQRmMy2qm5JOKyD/IBYLIufMLcXCE/dWBraqLKWmHzFlXkhmoFzUpjxmTk8J277Oc+qvbfj6f+jWAa0wdlUYy0OJs67lSDJotNRUb0BHpxwVbBjML0sBVQeXhwLJI55fa331WxRpar+fYcBVDcY59jAghBio62saYMWOC4wVG0nD0KLt27SJr3DhWr15Nh8uF09lG0aefkp8/OTi2HxDo6hgY+CTQiknXNKqqqnjiySdJGDGC+++/j+TklB7jPe7ZU8YjjzwCwLRpU/n3f/8ZCQk9+xbMnz+f733ve8HX69evZ/369YHDa3z44Yf88Y8vMmJEPAaDgQMHDoR16VRNJixmMwaDEVU1ogdaW3Z0dKBpGtHR0SiKAYPB0GurK/84jS6eeOI3PPvs79F1cLld3H777RG3j42N5Qc/+EFwzEej0Rjsgg34x1MM5MlgMKCGdNH2j8Hob+Hl8Xh48803g+/X7XazZMk3OtvxYTQasVgsqKoRn8+Lx+3CZBqB0aiio2AwKHQ2BfN4PXz+eSXfv/NOTCYTuqb5Q0IK6JqGrmmoqglVNeHz+TAajGiB5W63m7i4OFSjiklV+d73vofRYEAxGJkypYA/v/oqra2t7N27lwsuyGFEfHzgvPAHDhMSEtA0rcf4nZ3C6zEOBaVHPYZs7W/lpvjDTzabjZtv/g5/eP45brnlFgqnT+f7d91FdnZOj/oMnqthLf/OQf4+z/7u2OErUJSuVob+Tbs97etaVwiws0tzcB2ghOw7kFBfX+mFZ63P2GNX3YW0YO18n4PJz7nCW0vdUfytQyJuYCcuJDhl81RQeRAyr8gm05IBu0up/HIBjlF9H6Zpx2pW7fb/nTzrNpZOjvxLvj3GDnTgckGEpm9dbHZsQE3gAcBbWUE12VyRkY01A0o+r6Dmsv4fyAear3OWs5Y6J5DUS/2fonKufu9xVn0AYGXi4pXMGR15u77rv4q//u5x1jvb8BozuGKuvzti8rRCkndupGIdHNJSmTNNWvdAH3XV3EwjkJAcUk5ZV3P/DwaTup2xGUmwtYrDTQtwcID9x+1MnJDWtUnzFv78uyL/38lz+fY1BX1e0sNLLZVVbdiyMxibAQl8SOVeL/l5J/FoHKk+TIFAREszzhR/S7v6xgagliaLnZnJ8ZTsbKAeK3X1EDcrbXAP5bZCvn5pMS99tJ3XfrcdNWkCl1y+mMKQrqJ93Rtd9VWUVxyhfncRLYY05ucqDvbfAAAgAElEQVQOpDt9A03NwPjUrgA1Vqwm//tsAbr1iSLBMZNx7tX840ADjoYqLJk3kekqpsTtH2dPZQD3JBdkFhSw//UtFM+d0OMY9Z9X4IyZwJj0DEiALXtL8eYV0FpfCyQx2qECHdTvq6LRA5iSGJeVGrxf9vkZ0l/d0vfHHJVreOxXgb8NAOGBzz6vsdYDlFd4ce7/kEqs5E+SbrungrO2FieQ2MvwX7YYO3CEDv/Q9r2eX31fr/7Puk0ApjyWfHfB4H5cOIdJ8FGI81Ry8kgyMzMoKSlh+vTpGA0GNF3H43GjKAoWi4XSPXtwOp1E26LZXVJKbGwMubkT+ezTT1l6zTXEj+j6+qF3f/BXYN/+/fzyl79kypQCVqz4NnFx8cHWkKHmzbuMiy/2d1k2Go1YrZE/EFRVJSoqOvg6NIh3/Hgbb731FtdcczWLFi2iqekYDz/8cMTx/SLpnIQF/K3zNC3yjgaDEZPZzL333suSJUtQFCUwkUvkPHeWpTUqKrhsINOAdEsFVVW5/vrrWblyZXAyGFMgmBq6Xec/BoMBn9fnDxqi+CdvURQMBgNmVSU7O4tHHnmErKxsUEDXfNhs9uAM3z0z6C8Po9GIx+NF0zWMitHfmjLQmC1r3DiczjaqqqqoqKhg6rRpYXUEMGqUA5PZRGVlJVnZWf4Aq+aj/UQHqtmEq8PVVY8LF9LY1MTDP/5x7/UYaPnYuXr8+PH84j//kyOHD/O///tbXvzjH3n4xz8mOuS8Ob90BRl71qkBRdGDYynqutZLUDBSKC9k7MxI4zP2l6dB7hG2dyDgGN49W6Gzw/U50eV6QBrY8vx/sAUCYz4uYCzQffip7ryVpVRrqcxI6sBpTsNBBeUVR5gzKq3P/SwjUhmb5L/PJcYNfszefnJF5d4qSJ5NirsNNTUN9g4sKHp683U2q2Dtr/7D/6eayuzLCwcQGDr5crYlZOCIA7CSHNX3tr3LYM5Ni0lpKGbLug95780tjF4xm4SYQgqzNrJ+XxVkXU1BzMmmfy7po64CURNfj4kuBichIxvb1u3sP9BGHlU0WbKZH3oemJJIHpOEFSAxvpcfN4ap+lIqW1TGjorHaUlldBSUDCio0LuI9WFWsRjSSEmGyoZa6qmFpJmMTQTL8WZaGqw0Ao7UpAg79y1hxm3cmXuE8q3r+KCsgs2vHKCpc+xU+r43Og9sZ/OBNpweO/nX3jS4ay5S91Zz95aVDdQ1QWeQe9OBDylvhbFzMqASaGmjFUgY4D1JzZzJhQmr2L7tAPPDjlNL+efNqKNTiXNacaVZYXcF5Z4Cwn8faaB880bK2ztwtqcy/47v+Ltm91NOnXqt295LyS+lkEXT/Z+tzr0b2dx9IM2+rrGjpWzeVIyzHRxzbgvWqzhJe9fwWGCMTTV1Ll8vGMgPlb2fX/l9tma0kzgmzR8oN6dyPn0z6Y8EH4U4T8XFxzN79mxeffVVxowZw6TcXFpaj/P222vJzMzk6qu/yY4dO5g3bx633frd4EP+vn37+OlPfsLBAweJjx+BoiicOHGCL2vrsFr8gaboaP+Yfu+8s46YmBiu+PoVtLe3037iBCaLhaSkJIwh4zqqqgm7fWht0hXFH4fSNB2v10tVVRV1dbWcOBG571doa7eUlFRiY2P57LPPSEpKYs+ePRw9Wh/sHm0ymfB4vLS1tZGSksKk3Ens3buX9vZ2LBYLNTU1jBo1Coul59cQTdNoaGgIW2ez2YjrpVt3JBaLmdzcXDZu3ERjYyOJiYnU1dVjt9tITe3ZQsRisTJ+/AX8/e8fUbVvH7oOZeVlJCf7B8tJHTWK1NRUKis/JzMzE7fHQ92XXzJhYi6KQUExGDD0iN4oWKxW8vPyWPP665SWlJKRkU5paSkZ6ek4Ro8mdVQqOTk5vP/++9R8WcMN42/s0ZrO4RjFrJmzePnll0lITGDsmDHU1dXx2muvccUVX6ewcHrPeqytC9aj2Wymvb0Dp9OJxWLCbLHQfsJJW1sbUVFR7N9fzZixY0hOTiY7K5v91dXB2c/D3s2gA2bDWedYir2sU5SuSWZCg5R9tk4MjNAYNu5if9noI71Q/f5goASy0PmDR1fQ3R/ZH/6Rx84fM4JjZkUUT+E/fYfCRHrMkhpGa6CuGUi3E9v5oAd8svpxPuncZgCt32w5C1g0q/8H5MaGBiCb6P4eZpsaaARsdjt4KiivBrQtvPT0luAmAwmKDjRfw4cVSxTg7Gf8quCYUv3M8H2Kyjm58GoW5fSf+77r398VLdk2m7nTSqneWkFl82xmxKtMnDiB9fsqyJmYJw8n0HddXZZKigHKq6twXpLUFXTu834Rwahsxlm2U1JdxX7zEciYGT6Jim0CcxfNDmnldu6oL6+gBS8t6x6nvHNh9UCCChEkBOqj9ghekvznr7MNJ2CJiUclnuQkoLaBz2n2d/tMgkS207gXmkhjao+vcgO7D6gxaeRfuZL8/HdZ9UoRJXuqgkGqvu6NCRfdxC0zYMsLq/hk44cU/PMCIg6nGCbVH0StraWGvMDnRRstTiApvkeLxOCxMrKxbdtOpZbG/DGg7qcrgDnge1IS02dms+Xd7ZSHBuHqS6lsAW/LX1gVnP+jyt+KNTkVKOWLGi8kpDHnuz+g8LMXWPVBeMvsPj9D+q3bfsRmMHFCYMKZY1t6Bh/7usayFrPyGxn+8Vw/2kh5wQ1MlO67PVmsWAFnfz/GBMYujTzDe5emhgbATpydvs+vPltJp1K46GoG8JF5RhQXFw96n4KCglNybPl8F+I8ZVAMXH31NTQ3N/OrX/2Kjo52YmJiWbhwEfPmzePYsWPs37+f73//TqxWazD4mJmZyaS8SZSVlzG5oIDExAReeOEFduzYGXzm/973vscNNywnPi6eTz75hOLiXRgMCrqucdll8/iXf/1XbNGD67xjtVh6BPf8LSGjUBQFu93OooULefzx3/CHPzzPN77xDRYtWsS+ffuYPXs2qqpiDdk/JiYGk8mEpmmkpqZw/fXX89RTT/GHP/yBRYsWcdVVV3Hkiy+4CJgwYQIGg8JPf/pTfvazn3HVVYt48smnWLZsGSgKk/Pzueeee4mPHxGWv6ioKExmM/fff39YF/V7772XpUuvxWg0BvMP+FtIBvJoMBiJi4sLzjo+Z84cSkpKWLHiZgwGhYyMDFauXElqaipGo5HoaFtwLE0FhfnzF1D8j2JuueUW8idP8R9Y888InZSUxLJly3j+ued48snfYrPZWDD/MsamZ2C2mLGYzaiqCug98nH5FVdQWVnJ97//fYyqkUsuvoTv37HS/36tUcyYMYNf/OI/ubBwOg6Ho0d3X4vFws0338xv//dpHnjgAQyKQnJyMkuWLKHwwkLsNltXPT7/HFctXszCQD1ecsklTJ02jbXr1vHoo7/k//34x0ybPp133nmH//qv/+KOO+7gz39+lQ83/x2DAmlpo7n77nuw2Xqea5G6IZ+7QlsFduo+qUvnpDChm3RvLdkzIB3suj2Q1ox9pRfoxk1I68U+Egomd65ypKXB7gqKth1hbEE8zr3FHAIys0K7XalY7XYinN6Al462NpyWNg5t3kilBpkT81ADD3oJM77DP03z/wDi3P0nXtpaQWX9Ahx9PH36u+nVBl/Hjc4LBit9HW04nVacBwMtO7LyenlI8tLhbMPpaaB043aaiKdwUhreyi1Ua0nM+NZNTI0FaKP0zWfZUlVB/WVpfT4UR8zXsG45Z8fhiIedRWwpK2B+OjQWl/rLKiv0ATkwplTENE59OTsPl1IeHC3DSkpWdvCBedD1TzNllQ1gmEBCbGCVsdu/5zl/C+Xe6moBeXlWyndvYf22VK6YbKW+aCObyux8/baryRxwgCKDCeOtlFRvp8gNmZd169bpqWV/RSl1na/jMpg46lwY1sDfmomcxaxcEHjPRzbyh7dLqaz0kt85y3qg2ysAShJjx3dGCNs4VFEaGH9QJXHMhEB9bGfzwQxmp8L+Dz6khngKC/xD7iSnpkFZMaUeSM5KBZuXREszpaVeiMkjuceF3M994HgRr71+gLGXzCbPYcd7rA0v4EhNBfxjJvZ1zwbAkMTUKal88rcKyusXkNxv9DGevLw0tnxQzPbP8rhqUjyNRRspcUHmlG5d8gM/eiQmJUFKBuNspeyPncBYGzAiCcr862P7PM/Du6KruXMp3PosRdXQefOpL6+gxTCBK26/MjC5xxE2P7+G8soKvN8sID+qlJLNayhJXsw4GzS2tNE9/NH3Z0h2v3U7JBGvsdANrEycPIFNlcWUV3qZmKvStPtdttenMnNeAQlNxWza0cDYSxeQYz1C8eYiWtIXMCfnXLhOB8iWhiMOioo/pHzSlYylgX+UN0DcTDJDo7qBcRoj8nbgdLbhbShm02f+fSeOgvrNfZxfeX39UBZ6jwAsqeRkJkngDQk+CnFei42NYeXKlXzrW9+io6OD6OgooqKiMZvN6LrOE08+iTWkO7Gu61itVn70o4f9YxQqCkuXXsuihYvCAhsWiwWjamT5jTdyzdKloBj8XXPRMRqMWKIG12fLYrFw//339xib7/LLL2fu3LlYrf4A3pVXXsnMmTMD7y020C3T38rt8ssvZ968ecEA5iWzZ3PRRRdhtVpRFEPYvjExsei6Fmwdl56ezv/+79OAHjgW/OIX/0FLSwuqqmK32yO2ekxJSeGJ3/ymx/iGndvm5eXz3//931it/vJYsWIFuq4H1991110oioKiGEhMTOKhhx5i5R13+PNot2O1+rfLz8vj+eefC74GGDkymX//93/neJuTqKgonnv+OTra2/3jMyoKl82bx0UXzcDpdGK324iyWjEFukjfd999GI1GdB1MJpW77rrLP26kYiAmJoZ7772XFTffjKIYiIuLDbZ4RVGYP38+5eUVJCaMwG63Bbv0BjZACQQbf/Sjh7jzzjvxej3Y7fbAeWcCQutRx26P6RrvUVEoKJjKn155BYNBwWKxUlAwlZdffhmDwYDFYuHhH/2Iu+6+B83nxW63YY2KjjymY4989dzknBIYE7G78LE0u2acDqwN2yXy2JjhM033ra/0Qtf1PQ5nWJ7P0Rasau7VLK15gbXbXmDVNgCVhIIbuCp3oF/bmin68+MUAah2Mi+7jSW5Kt4y/4Pe7ElpwaClLa8Ax7Z3qSyvZU5ypPTt2KLAWbmR9Z2tNgzxzLgpD0dg85ZPV7PqU38+bZkL+PY3evtSXsV7Tz/u/9OURME1NzEn2Uv5Vv8su7mjOoNpdvJy09jyQV8PxX3ka1gHHyH50huYX7+aTeufohL8E8fMu6mXmV4jOYXlbLFiN8Chz/5CzWeBZeoEFt3ZFXw8+fpfTM65eQkPWeXevutqzpwbKKxfTdHW1Ty7FVCTyLl0Lo5BtowaO34Clt3F/tZ3mV21ZouywvEKNq8LNvchbtZt50bwMdCaKWduQdePNzkFXBBVSsneCry58diigC+LWL8uMB7f2CtZOT7VXy4coXjdEYoBDBnMv30CBQu+w/yW1Wx67anAcjtj590QvGZtaWnEcYSW43YSE1UgieQUKDnUBjmpEVud93kfOG4njiq2vFVBZ3tBW/qVga6k/d+zO9kmzyRz818o/qSCS74xod/AgG3aDSxteoG1HzzLUx/AgD6bDNlccXvXgKRdQ4N4+z3P88MSSmXmrGyK3q0KvO4MIi8gPxhUmkDeeCvlpaVU+m7giuuvpOW1d3nvxceDqahR2URb6LucQj5DxvZTtyer92us24aZheTHFVO0fTtNuXlUFhdRXp+GY1YBxn1FFJfVUp86k5xxBygpLqX+eDaX5JxPLchTmXPNldS/9i7rnw2UpS2D+dcNpDVvwL51rHra/6eaVMjS6xaQTC2b+zq/PHlMjJCUJcoOHOi6RwBqztXkZJ5LPTROnnLhv390DrcdEOLM2/jDycDQmjgv+PUu/nqff0zEznHOdF1H8/nweD14PB46OjpwtrUxvWBCj3T6byGkh8QO+g8gnN2txIID0X0F+w7lWANNv3vaAztmY2MDTqeTuLg4Ghoa+J//+TXz589j6dKlIfsPpt4j5a1rv46Odjo6Ojh8+DCrVq3i3nt/wAUXXDDANCId/1TU48nufzY6ndfd2X5ND87x461DTuPjnXuIjrZhtVpRVRVVNWE0GgLj2YYHRwc7YVFtXTOpKQMcdsHbgdPl7btbtRhWBlX/ng6cbvruVi2+UoOqv6+A19WGS+u7G+Fwd7aVeZ9OxzXbV5qdnxHmr3hG3WH22eRtb8Ol9TNERX/OmvuxF69XRQ2Uu9frDfRWAjxevCb1Kwk8no3Xpbe9DRfn9v1wKBwj/Y1dhhKTqDnaTmrKyQdSpWaEEAyu5dfZHqQY0lQWX+GxTtbAjrlnzx6eeeYZDh85QozdzlVXXcXll1/ebf+htPgL3/HDDz/kl798lLS00axYsYKsrKxBpzHwdUNJV/Qk5XXWUq3Y5Jva+ctkxSZjfIk+qBa7PMydTU7HNdtXmmfqM2KYfTapUafgOjlr7sddgUegK/AI8BUFHs9Wp6SexWkl9SOEEOegiy++hMLCQjRNQ1EUTCZTj5mnT6UFCxYwe/Zs/2zaZgtGowzcJYQQQgghhBDidAUf01O4dZwV/2Ouxhf7D7P24Gk5khBCiAj8XUW/ut+XTsWM5UIIIYQQQgghzj2n/sk0fQyPzk8MH9A208bITRU8JwFIIYQQQgghhBBCCCHOG6d8uNSF+fE41A42P1PMimeKWfFMIzWqlcL8IU4JJYQQQgghhBBCCCGEGFZOScvHKdMyWTLOgg0wRRsBhSnLJvAoAEZGAqaEJB5dlgD4qNlfxxOfDX02ylDp6SNwmAF3B9sOtgNRzLkwHtOBL9l4tP/9RzqSmePwsLnoGAPYfIB5EEIIIYQQQgghhBDi/DX04GNOJrcWxhE+0bqB+ARr+DKrGYfV/6cjYQz3HN/DE5WDPZiZWYWjWZBjJ8OqgM9LTVMrG9cdIX3aGBaMNEBzI9sOHoZZY7k1PwrSVTauOdxPuiNYMc/BlGgf2e3HeHTPYPPlN6d7HoQQQgghhBBCCCGEOI8Nvdu1w9It8NjF49F6WWPC4RjsgcwsXDyeO6bFkWH0cKC2jQNelXSHnWzgxTePURO6+Z5jFB1tZ9fhlgGkfYyN+9uoqW2laAgxwx55EEIIIYQQQgghhBDiPDbklo+5pl7il6421vyxlSk3O8i19FxtMtmBtoEfKGc0Cx1GaDnGE68eZBfAnAm8OD7y5ktmJOAwArFRkBPHT6bYsOGiqExj4pRYMkweyvbW8NgnrZAzhiUOFVBITwFaAWJZcnkKc0ZFEe1xcfBwI89taeAoUSy4dDRz0qJwmDWOOt2npRu5+IrEJnHP7BjKtlSzsbWPZUIIIYQQQgghhBBi0Ibc8jHdajyp/aKt0YPafmRaFPHAwUOBwCPA5gpWPFPBcxH3MDIywYpjhNn/0mzGkRDHkpl2zM1OjipWpkxJ447RgdXRVhwJVkZaAezcuiyDZZlWaDpOlc9CblY8hcDCRdmsmBhNnLONokMuTPE2CrPjBl8A4uxgMWKKj2H5wkwWxOIPPC50MCVeITpC0FwIIYQQQgghhBBCDNyQg4/x5vDgo7Omxj/L9R+r2EA9j/7RP+v1KzW+sO1s5sE1uiy0GQEfzgE2llz7fmvXxDGVh/n5F24AjlZX8pMN+3nskBswEpfgX/9xU0j+cpKZkmDAWVPH/euqeazqODVHT3AQBxc7jNB8jJ+vrebpv7Vy1DOotyHONkfreGxdLWXGGJYvzOahhQ6mGNtYs24/a0925iEhhBBCCCGEEEIIAZyCbtfR3VIwR9u547Io8LSzecsJ0mcnkmGC6Gil25EH12IyOHzkEMOlHi0QhNQ0oJc8WA2YgJbj9f7Xn1XzEEB+NkkGcJ5wnfSM2OIs1FrPY+vg/sWp5OIPPG6Q7tZCCCGEEEIIIYQQQzbE4GMyI6PCl5jiY5kVD7hMHNgCU7JGRBzzkSgLC4ENAzzSxmNuVqRF4XAkwq5G/8JJ6fxkopmaXZU8N+iZs/s36HEpxfDVWs9j646TTjsHJfAohBBCCCGEEEIIcUoMueVj7xTic1RMpyq5bccoy4kid4yDn1yssPGoD0ZYyUgw47ECsYZBHWukoY8mlCUnaLjQTvroUSwZWck2UzJLxsHaLSdomGEnPT6WBbH17BppY6QF6DAwEjg6yDyIs0xrOwfPdB5OK/1MZ0CcFKk30UnOhYHQ9aGXU31dLVFR0VjMFoyqiqoaMRiMKIqCogB09eZQFKXXdCJRDGZqvjgy5DyK4Unqf3iT+vvqSZkLcfaR63L4cYzMOdNZGGrw0UJ8b5NyWGwsvMzWx64qjkEdq55HN5v5+ZwkcvLSCBad5uZERzIPXTOCkQDxiTw65zCVKYn+9OMTeXQOMN4KgGP8BG5t8lKY45+IJnfWBG7FS6HD3wU7d1o2C0uqWLPHxq35NpZdU8AygI42jm6pYk1lLPeMt7PihgLwdlDTBsSN4P457TRnhOfhoc2DeoNCnFaDfUAWZ56u61JvApBzYTBORTnNujAPm81GVFQUJpMJk8mE0dgZfFTCjjHY43348V4um50/5DyK4Unqf3iT+vvqSZkLcfaR63L4aW098907hxh8bKGyaQSOhMEPxOhpclI02J0OHuEnLx6BkbHMijeCu4NtB9v96yrru21cHD4L9ubDYWufK6HP13xSyT2fRDElx0p06HE2V3Brmb9reU1la3hLuc3d8yCEEEIIIYQQQgghxPlriMHHVp5bszs8yPdVONrKtq9kxpd2dlW2n8HjCyGEEEIIIYQQQggxfJ3GMR+FEEIIIYQQQgghhAh3KsbpPl+cC8MvSfBRCCGEEEIIIYQQQpwWnYHGcyCGdoZ0BWo7Y7bDLSApwUchhOim68NRCb7+qm/uuq6HHbd7noQQQgghhBDibOd/pvGHz3RdR/f/BXQ+10gLyN6FPgsqKCigKCgMvwkpJfgoxHlO13W8Xi8+nw+DwYCqqhgMhh7beDye4PpQXq8XRVEwGo090tY0DZ/Ph8lkGnIePR5Pj7x5PB4URemRp6FqbW1F0zRGjBiBz+ejsbGR2NhYrFbroNMaSPlGcuLECU6cOEFiYiIGg4ETJ07Q3t5OQkLCgPYXQgghhBBCiDOpswGFpmscbavks8Ov8EVzMV7NdYZzNvyoBguj4wuYNmY5I+05KBiGVQBSnmCFOI9pmkZtbS1vv/02v/rVr/i///s/qqur8fl8Yds1NTXxpz/9ib/97W9omha2buvWrfzjH/+IOGbH4cOHeeedd3C5hvbh0tjYyCuvvMLhw12z1ns8Ht5//322bt06pLQjefXVV1m1ahVut5vjx4/zs5/9jM2bNw86nYGWbySbN2/mkUceoa2tLeJrIYQQQgghhDhbdT4f6mgcbfuct0v+lYNNn0jg8SR5NRcHmz7h7ZJ/5Wjb5+j4n8uHy9iZEnwU4jxWWVnJww8/TEVFBVOnTqWuro4HH3yQnTt3hm1XXl7O448/zuuvv05zc3PYurKyMjZs2IDb7e6RflNTE6tXr+bLL78cUj6PHz/O2rVraWpqCi7z+Xzs3LmTsrKyIaUdicfjob29HU3T0HWdjo6OkwqgDrR8I/F6vTidzmCgsvtrIYQQQgghhDgbdXW11tB1H58eelmCjqeIV3Px6aGX0XUfOpq/nIdBAFK6XQtxnnK5XLz++uuMHTuWO++8E5vNxte+9jU8Hg+bNm1i2rRpmM1mvF4vn3zyCUuXLqWsrIzq6moSEhKC6WiahsfjiXjD03Udt9t9Sm6GkY7h8/mCLTE7j+X1etE0DVVVsVgsGAyG4DpFUcK6cFsslmAzdbfbHezG7fV6+8yLz+cLHstoNGKxWHp0Ox9I+RqNRjweT/B4JpMJs9k8oKbzmqbhcrmC3d7NZjMmk2nYNLsXQgghhBBCnLuC7R51L1+07DrDuTm3fNGyC033YlQMw2bETAk+CnGeqquro6ioiJUrVxIXFwdATEwMM2bM4MCBA8EgVmNjI3v37uW2227D4/Gwe/dupk6dekbGHfR4PMEWlh6PJ6wLeENDAy+//DI7duzg0KFD5Ofn88Mf/pCcnBzcbje//vWvycjIoL6+ng0bNpCXl8eDDz5IcnIybreb119/nddff53ExERaWlq44IILIuZB13VKS0t59tln2b17N7m5udx6661Mnz49LPA3kPItKSlhzZo1FBcX43a7WbBgAXfccQcxMTH9lkV1dTVPPfUUn376KbGxsSxevJhbbrkFi8UylCIWQgghhBBCiCFRFP84j5qu4dU8+LSeveTEyfNpbryaB0VRMaBgUM7+Ts0SfBTiPHXs2DGqq6tJTEwMWz5v3jw0TQtOEvP5558TFRXFhAkTqK2t5f333+eaa64hPj7+lOXF5/MFWzUaDIZeA5vvv/8+JSUlwX2qqqoYNWoU4G81mJ+fzze/+U00TeP555/nzTff5Ic//CG6rnPixAneeustbrzxRn784x/z29/+lh07drB48WI++ugj3n77bR544AFSUlL43e9+12teW1pa+OMf/8icOXP4+c9/zrZt2/j973/P2LFjSU5ODm43kPK12+0sWrSI22+/nbq6Oh599FEuvPBCLrvssj7Ly+Px8MYbb5CUlMQbb7yBx+Ph2LFjmM3m/gtbCCGEEOeMzbsPsafei0cbWs8Hk0FnUrLKnMljT1HOxPlEzkMRqrPLtf9vH7red68ycXJ03Yuu+0AxBl6f3ZPPSPBRiPOUpmm0t7f3uEGFzhzt9XrZsWMHkyZNwmKxkJOTw+rVqzl48OApCz76fD7Ky8s5duwYACkpKb22OqyqqqK+vj6Y/8bGxuC62NhYLrroItrb2/F6veTk5LB///6wMRKvvfZarrzyStxuN1lZWRw6dHfDf+UAACAASURBVAiPx8POnTuZMmUK06ZNQ1VVRo8ezdGjRyPm4dChQ+zbt48VK1ZgNBrJzMykqamJL7/8Miz4OJDyTU9PZ+TIkbS3t5OYmMjYsWMHNaHM4cOHOXLkCFlZWSQlJZ3VHzZCCCGEOPVORcAHwKMp7Kn3MucU5Emcf+Q8FN11jpalo6PpMmb96aDpPvTOzu3DoO+1BB+FOE9FR0czZsyYiBPFdGpoaGD37t1kZmby0ksv4XK5OHHiBJ999hn5+fmnpOu1x+Nhw/r1/OWtt1AUhRUrVpCdnR0x7dtvv52CggIAOjo6+O///u/gusbGJn7726f4/PPPGTVqFLW1tWRlZYXt3zkuos/nC44F6fP5aD9xgpHJycGWg329L6/XS1VVFXfeeSeqqgZ/Yeq+z0DKt6SkhCeeeIKoqCisVitlZWXMnTu33zIzmUwsX76cZ555hjvvvJOcnBzuuuuuHl2/hRBCnKs8nGj1YoqNwjSQrdvaIToK06nulaV5OHECou0DyYU4HU5FwOd0pCXOL3Ieil7pejBAJk4tHX14RB0DJPgoxHkqOTmZjIwMSktLmT59ejCQ1jkxi8ViobS0lLa2NqKjo9m9qxhbTBwTJ07ks88+69H1Wtf1sAlhQoNgfa2zWMzcedfd3L5yZeC1pdfgn8ViISoqKphGVytCnaKdO6mp+ZJHH32UpKQk1q1bF+yi7d+id4oCXm/X5DV9zShtNBrJysrikUceISsrK/je7HZ72Hb9la+iKGzYsIFp06Zxyy234Ha7/z97Zx4fVXnv//c5s88kkz0kIQkQCIYECE1AQBFkU5aquKDiAnUp7trrimutXgttXa7aSq1If6jX6lWriNaKWKqiYS8QCWjYEkJCgCRkncks5/z+ODOTmSyTEIIQeN6+8JU5z3nWc84k85nP9/nyhz/8ocvJeZKSknj44Ye58cYbefvtt3n11VdZuHAh8fHxXarfLqqKooIs99wffaqqoCLTg00KuoSKqgCSRIgerSooqtTla6wqCkgyHWnaKtC9S6uiNS2Fra89X22Pd1ZPEIybda89z5HpDzEztYeabN7I4heqmLngQkRg3AlG2cvqN76GCfOYOCC4oIhlD21g9OKbyeu0kYOsfO55jlz5e+YNaae4roydNXay+tmPfXyH/sWipw8y+0/zGNbhSXUULv+QdTVtSwZOnMfEfsferUAgEAh6A5rwqKpK56cKjhntc5ZK+E+6pw5CfBQIzlCioqI477zzeOedd0hLSyMnJ4e6ujqWL19ORkYGs2bNYv369UyaNImbbroJVfGiILN3z26eeOKJQOi1JEk0NTVRUVERcA5arVZiYmKQJAmv18vhw4cDZUajkdjY2BbhUAWzxYIsWY5rPpqlX8Hr9XL06FF27tyJ0+nUMlL7XI6Bc1UFxffSbDaTkTGQb78rYF9JCbIksWfPHqxWK4qioNPpMBgM1NfX09zcTHJyMomJiRQXFzNgwABcLhcHDx5kyJDQT3Sdre8ll1ziG4uKx+OhtLSUsrIyGhoaUFUVo9GI2+2moaGBqKiokNc2m43i4mKSkpKIiYnhrLMGU1S0nebmZk1AlVqJfaqKEiz+ynK7wo2KCoHNilVUJeh7yrBtSh2IQSohTbZqU2olaqmqEiQ0tRbIwtft2njOIFQC3zIf70p0JDBq10tb655tuQUp8D9NhPR/cdHtHhUVetO9UVXA4ufeo9BrwaBYGf2Le7kmx/deqVSx7q0/83ZhEwa3A+vom1gwJwdr6zZqvmHljjRm3aS9PFKwhEXvFoFJjztiFDffP5th/rdfx14+fW0Jn+4HmmHgpXdx38SkNsOqXfMlO1N+zm1aJXb/YwmLV+4HPJAxi/vuHE+y/7kPN4fO6nZxPKc1OwpYuW07TfJ2Jg7IOY6GHDQ1t1+y+9OXeG7PZBY+eiHd+vpKceMOe4KF+EE5DGsC9n7Nki12Zl86gigsJCeGrdgB21lyRwF5f+qK8CroDLtFT51D7McmOLmI+/B0p9f85UW/2LMBKKlef5JH0hV6z7qCEB8FgjMWWZaZNWsWR48e5dlnn8XpdGK325k2bRqTJk0KJEy59dZbMZvNAcfUgAEDGDp0KEVFRQwfPpzY2FiWLVvG+vUtb9Dz58/n2muvxWq1IkkS999/f0A0OOecc3j44YcDGaC78p4pSRJWqxWdThdy3GQyBUTNvLw8Vn7xBXPnzmXIkCFMnz6df//731RXV5OYmIjFbA4k0dHJOqKiopAkCUVRuPDCC9hW+D3zfHUnTJjApk2baGhoIDY2lrPPPps//elPeDwerr/+embPns3SpUt5+eWXsVqtTJ48mf79+4dkqe5sfc1mM5MnT2bRokV88MEHTJs2jalTp1JWVobL5SIrKwtJlnniiSf4zW9+o72WJJ544gkeeeQRPv/8c1auXElTUxNxcbHceNMvSU5ORpa1Oan4xTlNlAsIjqqK0q4A4xN3fB/6VUVFDQiOamibAYdk4OSAiy20SRUVCdnfvlYp8NovlEq+NtQgR56qaAKxrHXYSd0ujucMQhOSJU2ElE7MnyZtBOATgSQFrrGKdJzbCvSOb4VbOMinf/wQLn2GV0ZZoPxznl60jDW/u5VxFqj4559523EhC/8wEqtSx5pXnuSl1U+yYGKoe62ioICmcfMYJgMHP+el92D2wucZbYGKf/yOp18v4Nk7x2KljtWvLKF0/EO8crcdHBtZ/OifeS/zSWanho5rzRoH427ShLDa1YtZfGA8jz9/F1Gyg3Wv/pqXPspg4WWpnc4hfN2ujuf0pnDTFtIvmkbtiq0UXpejXcceZuCc3/NazzcbhIHknJEkAxi2sGRHGsNG+V53Cw9uYaLpEabkxJERb+Xvmys5Ui8y0QpODuI+FHSXfrFn87PUq9hfs5FN+/8WOD5+0N3E2TLYvP/tYxYRx/S/GaPOyirPIirqvu/pIZ/RCPFRIDiDiYyM5JZbbuGaa67B6XRis9k0kc5oRFVVXvif/8FiNgfVULFYzCxYsABZ1oEkcfnllzNz5oyQEEqTyQSqysBBmbz77ruBcGbQEq6YfW22ON18TkRJRibUpQcS6enpLF26FJPJGGjLYDDwX/feh16nfRJLiE/g6aeeora2lsjISMxmCxdccAFmswkJif+69z4Meh2qqqDT67nzjtvRHHIyiYmJPPHrJ6ivqyMiIgKTycTFF19CRIQNSZK47rrrmD17diAkfPLkyYwePTrgQrRYLNqcO1nfiIgILBZLQDAdNWoUr7/+Om63m6ioKHQ6HR6PB5PJRHp6OotfeQVJkgLrtXjxYkBza95xxx3MnTsXp9OJ1WolMtIeEN8kSQtxkJB8ekuQ0ChJSKrSVpFS1aDzNM9ci84jhbYpSaEuSElqV9dRQxpp7ZCTkIIqhZ6rCc5qQDgLX7er4zlz8DtOJWjvWoecqgm3UtBuPG2dscGu0xZXqaooqJLkE4jRRF/ftfE/wiECpdr62T7OWXbolG3ftRs4pvhE8VNdnD64lXW1I7hmlM8lmDKJiYPvZfMWN+PG1rH5PwcZdtFIzeko2xk3PpdlX2yhduJ4ogKNlLHmOzd5t2pqXcXmjdTmz2a0r8nkyePJWrGVzc1jGWeyM+7OJ5lo8u3dZxnJ6CHLWHcECBb7ygpY487lNt+xqHF3sXCCwbeXoIXRowezZEOVVinsHAzh69LF8ZzOKNvZXJhB3lUjadr832zecQ3DOjQ/bmfJrwpIvsjD6n/+SFMzpM94kAXTWpyi7oMbWbbo/1hX4oCkSdy94FKyTFWsXPQMK1NuYuHcHAzAkX/+jucaJjOr6XOWrTuIW5fEBbc9yOwh2rVo2vU5S5Z+TmEtJPfrQy1xxzFJB7v/vpjF66pAccPgS1lw01jiZXyu2Q/ZiQGDF6yjb+apy5p4+5H/pRDY/cSjvB1/IQvuHt89x+YZzpScOLKSbBxpcFPvFI4zwclB3IeC48GkjyTOloFXcYeIj1HmFGKt/TDpI8PUDoMkIcvhpbLEiMFMzXoUj9LMu5vnd6+fMwwhPgoEZzD+vR1NJpOWOAVQpRahyibLwTGzWh1Zh9Vq9bnLVAwGAwaDHkVRQ0QLVVHQ6WRsNluY/mUkFJSQPQE1d1NwO0gyVqvVJ3a0nGu1+J2QKpIsYbNFEBERoWlPiha6rBnnFMwmU0BskCUFk9nS0qckYbPasNki0MkSqCpGoykghhmNxoBgCJqAGh0dHXBPdnl9W52r0+mIi4sLKQtOeuN3jvqxWlsCKlvaVVAVkHQt18lnTgyEq7anPLU+GhzS2u5cQtps3Vh7BX6nWkctquGDbsN3GL5uh/XOEFRaHKcSmvO1wwvhk+j8rlLfcx0i9qot5ariC7WWNHFT21cyuDnNPivLvrYCfbfjwD0eIbJdp6xPhFbVkPcJP5IsgULvCbs+uJ+KqLQgIdGA1QRHaqq0lx4LhuAcH4lJJB8oowJa6uz4mjUR43nKJ9ZVHDhIVN8gZ6TJioEqamuAJDCYghp0bGTdjjjip4cOa+dXBVgnPtay16PBEJTwxMG6dT8SnzCtC3NICl+Xro3ntGbHVjZnjOQak52mEXG8/d1W5uXkdnCyB3fzVjY3PcTCP6RicGxk8aOv8+mIR5np0x93btnP3bc8w7wYD2teeJCVm39O1tg4Lpg7idWvlXGEHJIBt+LhyNdfUnrbXbw41457zcvc8+VGZg0Zi6F5K8te2Uj6vb/j7lQDtVuW8fSr4YOuw+He8r+8VD6Whb8bixXN/brkqxwWTLRTuOJtmmb8nhfHaeK129fNNb+9ltrbNjD6KRF23V2CBZ8PN1fSLKykgpOAuA8FvRmD3qoJlEoHe5oI2iDER4FAAHS8l1qojBPqoAuEQvb0WDoag1+Q6kBICd3nrxOBqnVdKcgJFVb4Cq3TVToTKbuLJEmoUhgRp811ai/fXGdCYRh8+2e2F3KN1NG94Qv9ltrfe7KTDsPX7Wg8ZxAhe3d26Tnt5LkOuo6dm0qD7qPgk0OctfiesS5PqQ1tnbLa/qlBNktORwE6ua/fxZZE+gBYuWYrs4fkYlXq2LlmCxWOOJqCzi/csIXk0Y8FiX+t6UN6e1soOvby3vNvc2TcXdwc7DJUtrNuUxLjnmwvMYmD3e+/xLIjY7nvFx1bE1vmcAx1OxrPaU7hpi0MzJuNAYjKG0X63zewWcklr8PQ6yTyRqVqgq7PKbpyR11AfBw27VKyYgAMDBwUx0q/CCwb2mbMHjaN2UO062wYNJjkL+s4AiTv2MDmjEm8kqrViEpKwsr+bs9x55atDMyf59ur1O9+3QsTc7GaLJQWbqFi1FiSTYSK7YJuIwQfwamAuA8FPxV9o0cwKfN+XN4m7OYkdLKR+uZDfLPrZUprNhBjTef8zHvpE3kWiupFVRWcnnoARqTOJif5ImzGOGRJh0dxUVTxCSU165k0+AFsxjhsxjhuHfdPdlZ+zo+HvmRcxu3E2rRMakcdB/huz6uU1mw4mUtwyiDER4FAEIRP2DleZeAEjUGSZEAJlJ/xSUW6hIQs+fds1F63WVm1e0JgcMKRNoJxRwKgz/HWrf0CO6kbbjxnDqpPdwvNEh1Gs29Fq5D2U5mgxFFAi9YoyUhqy/vEKR9efQwcOXQQfAk6hs2ex+hnX+eeu8FqiiNvfCrxFkNLwpnmjazemMHEq8JlMK6i4hChe+9VFfDSog9xT7uXBZNTQ0Qp94ZvWJc5nmtaN6lUsebV3/GecxoLHpxEehiRKHgOXaobZjynNcp2Nm+Jwtp/K+s2ALiJsm5l3TbIG9G1JpKT4mhyNLVfqOveSlaUV4JpVA9dhypKD8DO7U9y/4qWo1HDxgIw8KqHuOatP/P0ve9hzTiPeb+8lGHdSMgtaEEIPoJTAXEfCn5yJAmbMY5t5R9i0FnJTppOTvJFlNZsYEz/G4mzZbDj4OfUOg+Q2/eyQLUmVzVVDbsprPsIRfWSl3oVA+PHs79mE5tK/5eR6dfj9jaxaf/bHG3aT376dUSYEvhuz19odFUxbuDt/CztKiE++hDio0AgCKD6HGWyz2aoBgSrU2cMfuEpEG58GgkLPUrIHoihIaiqorYXKXtMbWrXpSNhJzjRTPBhvyuxq0JnSIdh64YfzxmE6nO2qu0JzF1Zm2NzDJ9U2gmtDhT5BWpf8qFeeV8kJhHf3BTiZGxqBqvFJy9acrjm8ee5xl+4ZQm/7DsgICS6t2xk55CR3Ba0HW1yUhxNTY6WA4oDt2IhsKND+ec8vaiA9JsfY97w1iqPm82bfyQr76ZQ4Uk5yKcLf8+a/jfx1C05RAU/+J3NIVzdTsdzmrOtgDVWC6P3bKfQd8iaFMe6DVthREeh16GUllcRPzwOqOqxYcXHxMGBnmotjuREyJr0JHePbUfOlOMYPfdRRl9Xx86/L+a5Fz7nqV9feByJak5/puTEgQqritpecyH4CH4qxH0oOBU53FDMun1/JcrSl7SYfKKtqQxKmEi8bRCNriNsOfAetY4DnJU4FaNe2zbsx0NfsrfqO9Ji8tHLJuqcFUSak1DwUussR0VBUb38eOhLku1Dibdl0OiqYlv5hwD8LPVK7KYkku1DRfIahPgoEAg6pBPZsXUYZasyn/kqsO9gZ3sKHusYAglJ6CVCyQmjJcFHIO9HuLVWfSJdUBKQtkJhJ22q4YU+tV01Uw0rHrYJmw0J2w5ft7PxnEmo/sRNrZZCUcKHXrc8qmGe6+OhdTh3m/0e1cBekl1vrguCam9OPpQygjx5CZv3XsrAAYBjI5t/SCXvynZEOOUgn35axLAp83wh1nWsWbOH0dNuDREKk3+Wi+HPW9h92QAGytC0aQs7+43wORnLeO+VL4m/8TfMG25p20ddAauLRzLzllCRqPSjP7MycR4Lr81pcV12cQ5h63Y2ntOczRu2Mmzm89wcLMrV/IuKx0JDr90KtLyBN1Fb54YkAzgKWLd9AMOu7FmvqGHAAJLf28A6Ry6jLVBbsp/aoPKmsu0UVkcxbHhqO9e0LQMHDWDxpo00jR2rne+uo9ZjJ8oC7ma3tu+nbCfrnBziv6uiFoT42AEmg0x8hJH4CO2aBws/QvAR/FSI+1BwqlPrOICieDDqbdiMsSBJKF4PtY6236xl9bmQs/v9ArPBjldxIUt6nJ66dtuVZT1IEjHWdG4d98/A8cbmIydsLr0NIT4KBIIAmqDnD2X0CQGBD/i+pBGBOMfgDMS+bMh+l6IkBT7z+4UG/x5tnWkL4cbQxonZrT0DCTgnldMkRFdL/BEUgtoq+3Mb92hQYcj+gMfQZui94K8jayG7YZyU7V1DWaJVqCyE3l+d1A07njOJ1lnK/QSLyZoIGOoGDM0O3dNuYr+c2eY9IhAijq//Ywj/b3O/BLmifX1o7yXBN6MEKFpfYVyTpw6pzL59LE///l6eSEvFfbCK+Ivu4oIYX/HeD3n4lY24DUCTg6jxd3HfaJ/QVLORNQdGMLt1ZuTUS7l73O94+t5nSE9zU1EVx6w7J/kESzfuZgebX3uQXwZ9Hoyf+hALL0uldkMBFfmXMqzVs+1ubqJpyxLuuS3oYNwkHv/vS0nvZA7h64Yfz2mNspV1W3LIm9tKOIwZyei0D32h1wPIGrSEZQ/9jiP3PMTMVAA3m//fk2wG3E2QNedeJsa0074Pt/cYxuR3sCZNYvaIJ1n88KO8ZwLriMmMS/2S3XshbwDs/OzPLNmcy22Lu5YMJmrCNcxa93vuf+ATrAZwu62Mu/FBZg+pZPUfF/NpTRxZg6xUbNlP/GV3kQVAH9JTi1jy0KNYR1zDs3M6TAF+RtHsVvhwcyWX5vUhK1lz7awqqhKCj+AnRdyHgp8SbcslBZ1sDC3wfZ5U1bb3WWLEYPSyCbe3iaOO8HsWD0wYj0428FXx//DDoS+4aOgioq1p7Z6rKB5QVY469vPBlrtxex3tnncmI8RHgUDQgiQhhygXockj5DAuo7b78LVNYtF+RTnUdRdmDB2LSW1dbyHnthYaOnvd61x04cfb8bqpYUKuw7QZTrhp10nZ+RjDj7OTur1CSPop6HidWta2vXO6Ui9wgOC86rLcqqzNcxT0qvV7RHDCGF/m7A4vY7vZqztw0QYdb+0A7nWCdMqFPP78JJoaHGCxYw3WogZcysLfTqPW4cbQqqx09dc0jbvZJ9SEkjztIV6Z6KC2Gax2S5AzcgDX/OHlljDuEMpYudrBuFsHtykZOOf3vDane3MIXzfceE5z5Fxu+1N7odV2LljwcuDnife9zMSQ8igm3v0oM+PcuEMyiScx89cvh5yZPONRFgaKL+SpX4eWvRZ8ctKFPPVb/wsDw+Y+w4uz63DLdqwmgEmBU/Nm/Zz0kibiO5rbiJt5LXjPSjmJmQue5wJHHU1eC1ER/lGncsF9z3CB20GtA6xzLRgC7ydJzHz0eWZ21McZTGvhp2+MiUizXgg+gp8UcR8Kfir2Va9leN9LSYgYxNgBv2Rb+Ydk95lOYsRg6pwVHGr4kQhTAgARpgTSYvJJjf4ZVmMspTUbKKlej8NVg92czPCUS5EkGasxFq/iCnyakZDQ60xk9bmQaGsasqRDL5vxKE6tXJKxmeKpqPueuuaDxFkHMKTPNHZXfcNZiVPwKC62Hfj7SVujU4mu7PIlEAgEx4Xa7czGghPKCQixbZ2FWCDoHM15KfZv7QDZgNXeSnj0Y7AQ1aasjHWbDYw7J4w70GQhKkR47ISyDWw2jGVcdw2H4eYg6HkM7WSv7ukuLH7hMQj3Xt7783bybr+U9G601yI8hhRo96r4xNJl/MLPkQa3EHwEJw1xHwp+CtxeBxtK3qS++RC5fS/j+lFvkZ9+DU2uajaUvhkSSm0zxTMz57/J7Xs5Rx37WV/y/wAoOvgZKgrnZNzC2f3mUessRycbibX2Y++R71BROW/gnZw38A7qHFpZYuRgDtX/QKOrimhLX64b+QbnZtzKD5Vf4FFcnJNxC9ePeouR6deRbBfufD894Hw0MnZkH0ZEdv2vAld9HR9vrOHw8XcuEAh6Ab3ObXSmcAIcg+JaC46dtiH2guMhldmPP4i7tTB0XE1eylML3GdOpuleSx/iEzs/64RhGMDsR+8V1oZTAL/wc97gGL75sUYIPoKTgrgPBT8FpTUbKN20gb7RI7AZ42h0VXHg6JY251XW7WDdvqUY9NaQ8qKDn1JRV0icbQBVjXupaSolytI3IFy2LrOZ4nF5GnF7Hfx9y91t+tl95GvSYvIB2F+zSYRfB3H84mNmKnPy7EQfU6UIomtreK74uHsXCAQCgUDQXUTI+umJqeedbwaTkB5PbXK5bXHXsmCfUITweMrQ7FZYtb3nMp0LBN1B3IeCn4r2BMfWHGr4sd3jNU2l1DSVBl4HOyZbl3WWQMbtdbDnyJpOx3Imcvx/IpjlbvyBK2MwH3fPAoFAIBAIBAKBQCAQCAQCQYe4vE0newhnPCcu4YzbydZ9LhL620kRX5Z3jwQ7Y6N1gEJtZS1FdUayc+PIbqji/d2uE9ChhQmjojHsq2CViIkXCAQCgUAgEAhOaQyyilvpGQu7Qe4gOaBA0AniPhScqhw4uoU31197soch4ESKj4qHotUN5M6zk9JjjRoZO7IvUzIj6G+WwOuhvLqOVZ+U8VWP9XEK9XtWMjdnWTDIXooKCilypnLraDvRThtHd+9iVU/3Nzadm4ZZoJ+eVe+HTzsvEAgEAoFAIBAITi45iXq2H/Ict/BjkFVyEk/cR0PB6Y24DwUCQWf0oifbyPSfn8WcFB3uJif7DrogJoLMlAgGwQkUAU9Wv8CaH7hJl8UbZ/mso8VH2HiWkX6NR9naA81PmJ7D1brD3PbJIe3A9ho2JoGhvLYHWhcIBAKBQCAQCAQnkgnD05lwsgchOOMR96EgPMLNemLoXevas+Kj2015vVf72dXMUdwcrnFSbtQOWSPNRHc3BDuzL9NTdFBbw0vvlmji24Qs3jir5ZSEgcnMyYliUIwRg8vFkfoGvvq6jFWDBrAowwSuRr6qNDDhLBvWpjo+e7+Ez7AwZWIqU5LNROFm1+5ynltX141+YxgSp6PpaCMbt5XxN19YdL+cNOYMsdPPBrU1DawqKGHV4RhuurgPmUYoLzmCO7UPwyNVSopLWVTQQMLAFOYOj2ZQtI6mZgn/TTX2vD5kmwHZwiBg7NQszomCxspqdkXEMjbRAHV1fPxlCavqwq3JUQxnp3JxmgGbM55FV8RQvusH9iXEkqID7BagDrAw5by+TEmzEIWb8oojvLH6CCWZaTyea8NGMxuLFIbk2ulvcFP0Q6u16w3Y47l7XCRFa/YG1qzdYwKBQCAQCAQCgUAgEAi6iKT9J8noZANexX2yB3TaoJMNSJKMhAT0juyRPSs+NtaxoFW4bsHHNYGfb7pyBBOOLS12gIRUC9FASWlJi+vvq53M9VsP+6Zx34Q4UrxOtpbW4o6xMzIlhpH9ylgFGKxmEqKNXBHn5bATomMtpADTZwxiTiqU769jh8XOyNxUbisrYvGBY+s3wdnI1n1OUtLtTJ8wAA7/wN/6DWLB2AiormPbAR1D0mOYe6EO91s1gI6EWAMJ9hRcDhduvZl+cVboG9Myj32NkBBFQmAVZKKizdjcHl92cZmoaCMpsSmk1Dawq0ZHdlIMc853surjyjBr4qQ2Uocx0K5CYyOQoI3JIGslIWtjiCA3M5X7jCp37wGMRlIizFw8xk1JRSOHE+3ktlq7XoFJhyE6kjnTB8Bne1lFPHdPTyFX18A+08kenEAgEAgEAoFAIBAIBL0USRMg+0RmUV5beLJHc9rQJzJLEx6l3iE8Qk9kuw4mOo435o/Q/s0bxHQSWTBvROBYd4VHgJE2HeClsaH98rFD7aTovRRt3slzq0t4qSpIVd+8l1XVXpBVijdvZ8HGoxQfdlBuT+WcFB3uyiMs+KyEzZqgmAAAIABJREFUr+oVQMJqPdZ+3RRtKual1Xt4rtgBegu5uTAnMwKb4qBg5R4Wryrmgwo3WG2Mzanh9Y/rOAwYGmt54m87WbXfSUlVU5t5PFfZklim4JsaSoKm9fEXR7TXzQ18/O4unvv4MMXNYDAbO1mTIyz+UOu/sfoIC94v5vVi+PgL7ZhGCuek6OBIDc99VsJLHx+kqAmi+8QwpXg/Tx/QxnV4bzGPf7aH50pdgI6o2M6v5SnF4Uqe++QgRbpI5kwfxAKf8Pj+J3v4WCTdEQgEAoFAIBAIBAKB4Jjwa2ISErKkY0ifGchSL9r17xRGlvS+9dT5nI+9Q4PsWfHxBOJWfD90MOLsKAPg5nBnYroCFO/n6Q9L+KyfmXgZsMWw+MYR3DfAQGNlDZ8Vd73faIMMeDn6g/b6cL2XRsAaEYdVD7i9HPaF7n7V5AV0RMcENaAqHAY+/mIniwoauj6PLnB8bekwyNDocvkEySqOugCjPiSBkFvxiZCK0raJ3kLdIZ8AaSXTJzx+JsKtBQKBQCAQCAQCgUAgOCakICVMknRIkp6EyEzOG3gniRGD0clChOwOOllPYsRgzht4JwmRmUiSHknSBcqlU1yB7DVXfVWNi7mpFlJS4mBrlXYwpx+PDzFSvrU4fOXO8DjZVlxDcelRVpU4jqnfcgBkbH2BAwREyqamKohMA1nC5msrQfYJleHyuZxiGp5R57+ZjRglwO3htDQE1h3iuU/q6YeDEiE8CnoQr9eLJEnI8on/rkdVtf1hT5VfPKqqnjJjEQgEAoFAIBAIBD8NqgqSJCOjopcNeGUzfexZRFtScSsOvEozXsWDqp5iAsgpiLZnph6dbMIgWzAZItDLZvSyAVmSkSTZt94ne6ThOXHioymCOfMjeq69ghqKMi1kp6Xw+DkSqw57IcZM/1gjbjN8VetmQrSZzHEWWANzYo2AGt7bWVhP+cgIMi06Du+uYiuRzD0vhq3flLfs79hJvx9Xu5iTYqFfdgwJB5yM7WfBhottu2CX1c2EaAu5oy28v8PMFYlGcDdSFMaJWFTvZkKsmeyJMSSsdjKlK/PoqK0urInNbKQfFkhwUBKiKjZxuCmOlFg7cxIqWGVPZlAkuA/V81k7fSX8BMLKCafOQcnJHsNJQFVVPB4PXq8XWZbR6/VthDJ/OYBer0ena/mGxe12B0QvINCGH0VR8Hg8bfr1n+PxeDAYDCEilb9O6+NdJdx4QRMEvV4vqqqi0+lCxtu6HSXI1SvLMjqdrktjUlWVhoYG9uzZQ2RkJKmpqRiNxk7rHQ91dXUoikJMTEybMq/Xi8fjwWg0Bq65H0mS0Ol0Idfdvz4drU1neL1eampqsNvtJ3zeAoFAIBAIBAKB4NRCS50rIUt6DDozoIUMG7wWFNWDonoBFbWXZW3+KfEnlJElHbKkR68zoZfNGHRmXxi7REuK4lObXuN8hEMs+srI0xPiyRyaSqb/sOKiyQkFBYeZkJBCdvZZvJENR6tdNGIke8QgpitwcYomPmSPHcYCCllUCFDJx0V2bhpm4+KfZ3MxgNuJYX85W/d1rd/DhRWs6tOPKQP68dx8QPFS8n2ZlnSl/jAjZyaRm3sWb+QCHhdbN5XwMXDTlXFa+HJ0HG9cCXP/T0vUE5hHZj+eywydx4I0C9kmgAgu/nki0CfkdYo1RXttimPxz5u57eswa7L1IMXVMaTExvP0/HjclZV8Z2oZ06IJ+3muMIoF+XamXzqC6YC7vo73/10JpLHoLO3NI+WsLG6q9jAy0+hb3yxuKtzJ6z19+QUnBEVRqKyspKCggKKiIvr27cv48ePp378/Op0uIKD95z//Ye3atZjNZkaOHEl+fj4mkwm3280XX3xBRUVFQLwaOHAgw4cPJyIiAkmS2L9/P59//nkbQXPq1KkYjUZWr17NhRdeSFxcXKCstLSUNWvWMGPGDGJju76RaGfjBWhubmbr1q1s2LCBhoYG8vLyGDNmTGC8wXz77bcUFxcHBLj09HRGjBhBTExMpwJkdXU1v/3tb6mursZmszFnzhzOPffcLs+lO7z77rtUVVVx3333tRH8ioqKWLlyJfPnz6e6uprPP/88IO7a7XZycnIYMGBAQJzcvHkzdXV1TJgwoVsCZH19Pb/+9a+ZP38+ubm5PTVFgUAgEAgEAoFAcIojSZIWBYUMEuhlI7Iko1MMGHUWvIoXJNXnfDzFLXsnFRVJkkGV0MlaCLvmeNRCriX8rsdTfw2PX3wsqaMkN4Jsa+enBmhysLU7FrOSMh5/owwS7IyN1oHLSUEgTPoQi946SnaGDauzkY3lrpCqn3XgNty6rpi711nIzTRjDWmvq/3W8caHhXyWEsUgG9RW1lLkD9utO8RzfztEv34xpBi9lBfXBZx1r//flvYFurrw8wjlUCsX4qE2bYZt6/2dFGTYiMLNrj0NHKaiVf093Le1vbXZz4K/hGY1f10kruqVFBcXs2jRIjIzM/nZz35GYWEhDzzwAA8++CBjxoyhoaGBF198kfLycqZOnUpNTQ0vvPACF1xwAb/4xS/wer1s2LCByspKRo0ahcvlYsmSJWRkZHDvvfdis9morq7mrbfeIicnB4PBEOh73LhxGAwG/vnPf5KYmMiUKVMCZdu2bWPHjh1cdtllxzSfzsarqipvvPEGX3/9NT//+c9JSEjgf//3f1m7dm1gvMEUFRXx3XffMX78eHQ6HcuXL2fFihU8/PDDJCYmhh3Lvn37qKqq4plnniEmJuYncf+53W4cDkeIWxM0B+fq1avxer2YzWaqq6t55513uPjii4mKiuLHH39k6dKlXHXVVVx99dUAfPfdd1RWVjJmzJhuiY+qquJ0OgMOVIFAIBAIBAKBQHDm0FqAlJEw6PSoqhe9TgVVuB67gj+rtYTkExwlJEnW1pXeITxCT4iPdYdY9NahHhjKMXC4joJ2Nx50UbQnnFjXEQ62FrcjOna5XzhcXtvhXoglJTXHGM7b3Xkca1td6aeLayPodTQ3N/PBBx+Qnp7OHXfcgc1mY/z48bjdbr788kvy8vIoKChgy5YtPPPMM2RkZKCqKn369OHNN99k2rRpJCQk4PV6ycrK4tprrwUgNzeXRx55hEsuuYThw4ejqioZGRk88cQTREe3pLw3Go24XC4GDBjA+vXrGT9+fODY9u3bGTp0KBaL5Zjm1Nl4q6urWbFiBQsWLGDUqFEAZGRk8NhjjzFr1iyGDRsW0p6iKPTr14+rrroKs9nMhAkTeOSRR9i8eTPTpk1DVVVcLhdutxtJkjAYDBiNRtxuN83NzYAWqu3f89Hr9eJyufB4POh0OkwmEzqdDkVRcLlcGAyGQBi7fy387amqislkQlEU3G53QNQzGo2dCptVVVVs27aNG2+8EYPBgKqq2Gw2ZsyYQf/+/fF6vQwbNozFixeTn59PVlYWc+fORZKkwDXwer00NzcHwvP9c1VVFbfbjcvlanc8iqLgdDoDYfRGoxFJkvB6vbjd7kD4d3CZvy3/zwaDIbA2LpcrsNaKomA0GsOurUAgEAgEAoFAIDg5+AVIWZJRJVkTHCUdWqCwXzQTAmTHBK+RFCRE0mscj356Udi1QCDoSSorK9m4cSO33nordrsdSZKIiIhk9OjR7Nu3D5fLRUHBWnJzR9C/f/+Aa3Ho0KFkZ2eHCEw6nS4gRNntdkwmU4jjTZLkgIAEmiAnyzJms5mhQ4eyYsUKqqtrSErqQ3V1Dbt37+Giiy46pjdTp7M57HgNBgPr1q0jPT09xIWZkZHB2LFjA2HZrZFlOSCoRUZGYjQaA4JZVVU1S5e+zpdf/ovIyEiuuOJyLrvsMr799lvefPNNfvjhB5555rfY7ZHcc889HDx4kNeWLKFw2zays7O56aabyM/Pp6KigiVLljB9+nRWrlxJZeUhfvnLX/L3v3/AjBkzAscef/wxioqKWLFiBd9/vx1Zlrjyyiu59tprwwqQW7duRafTkZWVFXRNJPR6faDe6NGjee+99ygsLCQqKopHH32MnJxs7rzzLsxmE1u2bOGPf/wje/bsITExkauuuppLL51FY2Mjb7zxBitWfIJOJ3P99ddz+eWXA5r7cdeuXXz22WesXbuWCRMmBITuwsJC3n//fbZs2YLL5WLKlCncdttt2Gw2PvjgAxRFIS4ujmXLlnH11VczZcoU3n77bT788ENiYmKYOHEie/fu5Z5f/YqE+Hi+//77dte2N/1CFpw6NDm9yDoFVfJi8MroPTI6nfbc+P/56c491ugQjuAzGXH9ezfi+v30iDUXCE49jv+5lDr4WdA+wSJk7xRrhfgoEJyh1NTUsHfvXuLi4gIfniUJJk2ahKIoOBwOyssPMGzYsBBhLi0tjQcffBCj0YTLpbn7mpubqa+vp7nZxXfffUdsbGxIWHJ9fR3/+c9/sFq1sObExAQyMzORJIlhw4axbNkyysrKSErqQ1lZGXq9jpS+fduM2Z8EBVoETD8uV3PY8QJUVFQQExMTUh4TE8NDDz2EoQPxzuVy0dDQgNPpZP369dTW1tK/f38UReHTTz+hoaGBN998g9raWhYtWkS/fv0YNWoUXq+X559/nhtu+AVpaWnodDqWLVvG+RMm8N9PP01BQQGvvfYa6enpREVF0djYyLPPPssVV1zBxRdfTHp6Go2NTSHHYmNjiYy0c+2115KYmMiOHTt56aUXGTNmDEOGDGl3/E5nM+vXr2fMmDEhztPWWG02kpOTqaqqIjExkVmzLuGTTz6ludmJ1+vh7bff5txzz+W5556ntvao736R+OijjyguLmbx4leor69n4cJFDB06lNTUVADWrFnD5ZdfztChQ1m8eDHTpk1j+PDh2GwRzJgxg1tuuYXKykoWLVrEqFGjmDhxIqlpaTz4wANccMGF3HrrreTk5FBQUMDXX3/NwoULiY6O5rXXXkNVIcJmo7a2tsO17Sw8XiAQCAQCgUAgEAgEJxYhPgoEZyh+gbG1a8e/v19jYyMej7dNud+xGMxbb73FRx99hNfrJTNzML/61a9ITk4OlJeXl/PRR8sxGjW34TnnnENmppa+KSWlLxkZGRQWbiM/P4/Cwm0MGTIEe2RkSB/Nzc0UFhbicGjbAPTv35+0tLRAuZbNuePxOp1OFEVpUy5JUpv5BPPZZ5/x7bffoqoq8fHx3HPPPWRlZdHQ0MDatWs599xzMZvN6HQ6+vbty/fff8+YMWOIiYlBr9cTExNDQkIC27YVsnv3bubOnYtOp2PAgAFUV1dTUVHBWWedhclkZsyYMcyaNQudTo/b7cJsNoUc0+lkhg7NweFw4HQ6SUtLJTIyMrAm7VFaWsrOnTu5/PLL2yT9CVknnxNSVVUMBgOpqakoSovYK0kSe/fuparqCMnJyZjNZhoaGigoKGDSpEn07z+A+vo6cnKyQ8Tda6+9llGjRnH06FGWL18ecI3279+PxMQEHA4HcXFxpKen09DQAIDVYiEmJoarr76KzMzBeDweCgrWkpeXx9ChQ5FkmT59+nD48GFkWaa0tLTDtRXio0AgEAgEAoFAIBCcXIT4KBCcoVitVtLS0gL767XGZDIRFxeL2+1GUZSwwtWVV17Jddddx/fff8+rr76Kx+MJOX/w4ME89tijAedd8F58ERE2hgwZwo4dO6isrGTnzp1cdNFFbZKcOJ1O3n77bdavXw/AQw89FCI+djZeg8FAVFQUhw8fbpOQJRxTpkzhjjvuoPLQIV568SXqGxrQ6XSBPQZfeuklXnvtNUATSG+55ZZ2wzK9Xg+7du3ijjvuQK/Xo6iqb7PgFtep0WgKhEG73Vrd4GOKovDvf3/FG28s0zJuyzL79u3rcOyqqrJp00bS09NJT08PO0+Xy0VNTU1gTYPXz2azMW/ePJYuXcoNN9xAfn4+d911F3FxcbhcLkwmE7KsZc1+4IEHMBiN1NXWAtp10ev1gWzofgoLC3nppZewWCyYzWaKioo4//zzA+ul1+t9dXV4PG7cbhcGQ0zg3gluy+MJv7YCgUAgEAgEAoHg1MJvchB0zunwuUaIjwLBGUpiYiL9+/ensPB78vPzA643TYzU3IADBgzg+++/p7q6mri4OEDLqOx2u7FaW1LcR0RE0LdvX2JjY9m4cSNffPEFw4fnYjZrDjhZljGZTCEOQ1VVA4lYRo0axZdffsm2bdtoaGigf//+bcZrt9t55plnAs651m7Frow3MzOTdevWcfDgQfr3748kSXg8Hpqbm7Fare0KrDZfOHJ6ejpTpkzmy1WrOH/CBHQ6HQaDgbvvvpuLL74YSZJQFKVDF6VOp2PgwIE89dRTDBw4EFVVUVWViIgI3D6lsb3fKcHHGhoaWL78I2bNmsWMGTOoqanhkUce6fAXd21tLQUFBcycOTPkerVcAwLjKCsro6SkpMMM41lZWTzzzDPs37+fxYsXs2zZMu666y4MBgMulyvgKtXr9cid/HJsbm7ms88+Iy8vjxtuuAGXy8Uf/vCHsH+AyLKMongDwnHwnqLh1lYgEAgEAoFAIBCcXFqiqU7yQHotLZ+T/B+Zepsg2bGVSSAQnNZERUUxbtx5fPjh3/nyy39x4MABdu7cyQsvvMDy5R8BMG7cOPbu3cvf3nmH0tJSSktLee+993j22Wepq6sLtOV3+lksVsaMGcOmTZsoK9sfKHO73VRWVnLgwAEOHDhAeXk5jY2NgfppaWnYbDb+8Y9/kJKSQkJCQpvx+jMvR0ZGEhkZGUgY40eW5U7HO2LECMxmM8uWLWPPnj2UlZWxcuVKnnzySQ4ePNjhWvlFtbPPPpsffviB4uJirFYrOTk5/PDDDzidTrxeLwcOHKCpqandNpKTk0lMTOTHH4tRFIXm5mZKSkq79Y2fqqoBt19lZSWNvj6NRiNOp5PGxsZAspfq6hqys7Pb/HLyeDwcOXI4cN3feOMNBg0axPDhw9v053Q288MPP+ByuUhMTGTgwIE0NTUFEgZ99dVX7CspoaqqmjVr1nD06NEOx+4XWtWgeZSWllJWVkZDQ0O762EymRg8eDA7duxg9+7d7Nq1i6KiohOytgKBQCAQCAQCgaDn0EwngKT9rKgKiupFRfH984p/Hf7T1khRvSiqon2+0RJe97rPOsL5KBCcociyzKWXzuLo0aM8++yzNDc7sdvtTJs2jYkTJyLLMkOGDOHOu+7i//31r/zfu+8C2n6N1157LZGRkYGQW39YsCTB0KHDSExMZPPm/5CRkYHVauXo0aPMnz8/IIBZLBaefPJJxo4dC2hJX3JzR/Duu+/w+OOPYzS2n3m6Mzobb2RkJHfeeSd//OMfueGGGwDIycnhuuuua3dvQKPRGLJ/YUZGBqNHj6agoIDc3FxmzpzJyy+/zOVXXIEEDBs2jHvuuYeYmBhkWRfipoyPj+eKK67gr3/9K3/848tYrVYmT57MgAFaZu7gdfRjMptDjkVERDB9+nRefPFFli5dykUXXcT0GTPYs3s34849l7y8PFasWMHChQt5+OGHWfPtt4wcmU9SUnJIu7Ks4/Dhw9x33/3IskRkZCRjxozh9ttvDzhG/eOXJImGhnree+89Vq9eDUBqWhr33H23L8P3FTz//PPMmzsXm83GhAkTyM3NRZIk3/y1MGmdTkdERASVlZUYjSamTJ7MokWL+OCDD5g2bRpTp06lrKyM5mZXm7WTJInJkyezZcsWbrzxRoYNGxYyn3BrG9lq71CBQCAQCAQCgUDw0+AXyBRVoappF99XvMPB+q14lOaTPLLeh142kRSZy9Dkq4mzDkJCDkQT9gakUU9+07vkUoGgl7HqvzQn2ZYtW4657ogRIwCY8sJWPr9XE+r8IaWqqqJ4vbg9Wlix0+mksaGB/BFZbdpR1fYt7v4w6/r6epxOJzabDavVitFoDLyJeTwempqaaGhowGAwEBERgdFoRKfToaoqzc3NyLIcEMlUVcXhcKLX6zAajXi9Ck6nI2SfRX+Sl+B9HZubm3G5XJjN5jauxmMh3HhBC9d1OBzU1dUhyzKRkZGYTGb0el2btvzhxCaTCUmSAvOVJAmj0YSqakl7amtrMRgM2Gw2TCZTYE9Ip7MZi8UcENE8Hg8NDQ00NDRgs9mwWCwBcbO9dXQ6m9Hp5BAB0u12B5yFdrs98AvdbDb7+nQiyzJVVVUsWLCA22+/nXPOOSdkXl6vN8Sh6Xd2Go3a3o3+c/zXQwWanc00NNTjdruJiIzEZrUG7oGmJge1tUcxGAy+9dTm5HQ6Q+4Vp9OJXq/HYDDg9Xo5evQobrebqKgodDodbo8Hq8WCoiht1k5LkOSkqakRs9nMkiVLcDqd3H///RgMhg7Xtrf8Mu6M3vSHxckm2JXdXfaWlBNhi8Bs0d6P9HoDOp0u4PJuvafrsbDhP7sY9bNBxz1GQe9EXP/ejbh+Pz1izQWCU4+uPpf+zykqClVNxaz68REhOvYAetnElMG/Jc6aiUSLWSMcXrcWdXg8mkT5YQdJfeKPub4f4XwUCM5gJElq5Vxs+6al1+ux2+0BB1nrD92t9zjUHG+WwGudTsZms3U6FpPJFOIy7C7hxquNR3Pg+ccU7o26tROx9XwlSQ4Itq3b0ul02Gyh+yzq9Xqio6OJiopq029762g2txXPDAYD8fHxHc7NP6/S0lISExPJzs5uMy+dTtepI1Cn02GxaNdRAiwWc2APz9b3gM1mDVzz4DJ/ff/x4Nc6nY7Y2NiQOv71bm/tqqtraGxsIDo6mkOHDrFr1y4mT54cEKrDra1AIBAIBAKBQCD46fCHWmuhwl4Ky/8mhMcewqM0U1j+NyYMfBQkkKXe4YAU4qNAIOjSG9Wp/mbWms7G25PzOda2jrfvrtQfOXIk2dnZREVFHVdfXe23O3M6ljpFRdt59dW/UFa2n4iISGbOnMnUqVN7ZBwCgUAgEAgEAoGgZ/H7HlXVw8GGbSd5NKcXBxu2oaoeJEmmt4QyC/FRIBAITkOMRiMGg+G0EePOOecc8vPzA1m1DQYjRmP3w/MFAoFAIBAIBALBicHvelRUBY/qxqu4TvaQTiu8iguP6kav6pGRkKVTP5e0EB8FAoHgNOV0ER5BC6sO3iNUIBAIBAIBFOwoY/shD27l+H7nG2SVnEQ9Y4ek9tDIBGcSB8rLOXLkMIrXe1ztyDod8fEJ9E1J6aGRCU4GgezWAKoXVfWc1PGcrqiqB1QvSDrf61M79Fp8khMIBAKBQCAQCASCXkhPCI8AbkVi+yEPY4f0wKAEZxxHjhwmpW9fzCZz5yeHwdnspPzAASE+ngb4cs2goqKoxydKC9pHUb2o/uD2XhB7fep7MwUCgUAgEAgEAoFA0IaeEB5PRFuCMwvF6z1u4RHAbDIft3tScKqhBgQyQc+irWvvWVshPgoEAoFAIBAIBAKBQCAQCHoQTXhUVeVkD+S0RFWVXiVAirBrgUDQDiqqooIk03rbCFVVQZKQQs4F5OBjbY+ritpyjqqiNR9aR1VVQEKSQn8O27faxb0NVRVtOG0m1M7xjtoNOq6qqK3G1+vxXRdZ7rlJab8UZXqwSUEPoKoKqip161r7HsMeHIf2syRJrZ5vQc/gZtOyF6mecj9T+/ZQk82bWPpKNRf811TE7nAniPoiPl2xiWr/a2MSueefz/D44ERbbqo2/oPlBUXs88QxPG8iF5yXiT1gLaij6NPlbKr1v7aQNGwi5w+Lw99K2Xdvsnpfq76j8rlkZjb2dsrtGROZeHYqdrmDukBs7iXMzLGDp4pt/1rN2u3bqIsYTu6Y0L7DEa7fljUqZvXnq9lUVIU+LZvzLppBfrxIRHas2M166pxiPzaBQHAi6T1/3fWLPRuAkur1J3kkXaH3rCsI8VEgELSH6vv+pL1Na9uIbhKgCRmt9DtU/PZq7VuvFlmhZW8KKVRdRPWJDxI+gdJfrqptBUlVbdtvR1PyKRxqG3FDBVVClWgrhLY+V22ZResZnVw0sTjwnZcULPa1KgucIrcZuzZn3xVTlLZ1gsVoVUFp6bCNkBzou6VJQEVpqRTaHqFCVEdtqoqCKnUgZnYgagt6EP9zKLW9f465KUXRnkdZQlL934x3V9DX7i1JPs0COqrXsvSPH7DDa0GvWMi/5ldcMcQSKHbs/YI331xJsdeC3uUgbso93D+5lRx4dA2rf0xlxvXay6r1S3nxwx1g1OOOyOf6O68gO9Ckg30r32Tp6mKw6HE44rjgzraiZd3a1RQnz+DGQJ2lLF1dBnig3yXcMX8cffyXopM5AFDxBc++cJAZv7+e7DaL4GbT64+wdeRvuTH3DBKWHAfYttHBxN9cTTZ1VG7fxMoXn2DjlU9w4zAL4Kbonad5p/o8rp9zB1eY6ihe8Vee/vNEHr99HHatEQ4UbsJx/lNcnQPu6mLWfPosT+y4kYVXZgJQXbyJYuUSLsm1t/RticN/haqLN7Ev+g7umdQHd3UZ2779K09/O4b7/2sq9r7ZZJuB2q0sX1HH8OvOYwBgT7aDUskXLz7L1n7Xc/XNF2CvK2b5skW8WHE/91/Qp9Pph+u3jwwcWs2zL6yhz+U3MP9CO+6Kdbzz8tPsvfYprhjckxfi9GZKdhwZCRb+vrmSI/Xukz0cgUAgOCb6xZ7Nz1KvYn/NRjbt/1vg+PhBdxNny2Dz/rePWUQc0/9mjDorqzyLqKj7vqeHfEYjxEeBQNAGv/DmFxA71QI0O2PImSohqlP7lYLExg4aDWpVDdTxqxOaFtkVpcIvmKpddG1JSLQ9t8suy58YVVGDBDkVRdHchtpQQ0U8v+OtnVYIXs4QcVJVUELUWb/Ip52jqgqqool+oU36xGJ/HUVtERxVFUWr5Lt9fAJ2wCmrtFlvzUUZZh16SBQThEGS2rqHu0PgSwzf/SFJSKeMmH+qUMkXf1kOP3+KP+RZfALdm6z9zXzGWADHWt5cvJW+9/yW+X0NgBu3p604V7l+LY652ELAAAAgAElEQVQx15MtA4e+4C/L4ZIn/kC+BSpXPsuzb63lqV+OwQI41r/Jnwr7cs/T80nVAx437jZ/KVayrsDBmOs1mbDum1dZWnEe9z+Tj112sOmvT/GXT/vz+EWpnc8BwLGNpa98SplnOO16rw79m5UV45gz7AwSHgPosUbasWPHPiaV/nIlD/x7E3XDxmE/8A8+KMzm6qenkikD2Mm/Zj7VixbyzsbRzB/Zsl56mx17JBCZzyWXHmTbc2spujIzIPRa+maTn9exIKi32LFH2iEym4n9rNQ99Sqrd03l6sH55PcDDlWzcsV+BuflM9xXp+679/nUcjkLrxiuCZmR+Vx/ex3P/vdyNk2YT76pC7PvsF83m1Ysh2lPcf1In2gaOZX5V+znif9bzpjHLhGO3C4wJTuOrGQbVQ0u6oXzUSAQ9EJM+kjibBl4FXeI+BhlTiHW2g+TPrJ7DUsSshxeKkuMGMzUrEfxKM28u3l+9/o5wzjNLAICgeD48YtQLQJcZ0i0CJX+NuiCyCdLvnDs9hslpMWg9tTWp3VGwMUodTkVmF8gC2oEFamLHf6UhIqGgbD1dmQ6tZXA16oQ2hN/fA7HUAEz1BWqCYRtewwVhyVkOcjp2Ep09p8b0mbQPaWJkeFccadhGHw3UJVgR6pfiPa9UhUURfsX+hj4zlPVQLmidnC+qqAEO2n9r4PO7eiRDqHV8x06iVCHbOi8gsaoKCiqts+N/31EVZSQuh2OS9XqqoG2/O1or19c8QOOLkzjhHJoGxvrczkvz6fSJZ/PuMwithVq7qTKb1azN28GM/v6RSYDhjZ/J5exdr2H4XmaFFO5ZSN1ueeR72uyz4RxZO7YxtZmgErW/Gsv+TNmasIjgN7QNkT2wFrWeoaT73ND2sfewePX5/vCYS3kj8ykqrq6S3Nwl3zBnxYtx3rN1QHRqjVF//oXhvMm0l/8xYrBoodGBw6gsnAbTbn5mqgcoA95o1Ip+rG440acDtzRduwdn9EJFqxGB03N4c8q/qGY/sOyCfG4Ruczpl8RW7cfZ7/KNrZu78+YvNBZGIaNIftoMTuOdKf9M4tg4fHvmytpdveO/cIEAoHgVMGgt3YqUApCEaslEAhCUSEgQkktQlNY/EJdkDtORer82w3/3ontikqa+BliqJQkJFXxd9hKdAszJf8UfOPsUrh08L6O/kZ6kzOrlWXVH9IsSe3PoV0XqS+MuY2bsEsL34kYqKrhXbUB8Vc7w++YVDsQj1tcjyqK0rP7VvYmJEnSrrUkg3/fVmjfWdqqrgrIshxwpaqSjCwTEOq0PRnloGewpaaK/1xVE/U63bvR50RWFO0+CRbE2zynLc+6fy/a1pdXkrUySZZbrr1/v1HZ/zLYEaz1gSwj4xctJa0+kFWyhvXV+VzYU3skdofK/VRGpgWJRAasRqg6Wg30obKikgGpDt5/eSGbDtVhiM3lknlXkx8b1MaPa1hrG8fDvnlUVlRqIbF+TFb0VFFfCyRWsv/QANIa3+d/Fm2istFAXM4l3HBlPnFBb+bF367Fct7DLc6yEIHSwaaNxcTFX9ClORgS87ji/qn0idzG0vbWwLGWNdtzmXGlncrV/8M3Sb/iiiHHvJKnB54q1qwtpk/eTPoA2yqrQq+lj7jEWNhwgEqy8XsZ63ZtYpMb6g5sZdN/Khk++1chzkCPo466er9MaMBis2Do4Bd43a5v2Fg/nJlhQ5srqa4E+8jW47Njt0PlkUqg89DrDvs9Uk0ldka2MbTEkRRfxv4KIP6Ymj+jEMKjQCA4k+gbPYJJmffj8jZhNyehk43UNx/im10vU1qzgRhrOudn3kufyLNQVC+qquD01AMwInU2OckXYTPGIUs6PIqLoopPKKlZz6TBD2AzxmEzxnHruH+ys/Jzfjz0JeMybifW1g+Ao44DfLfnVUprNpzMJThlEOKjQCAIIXjfvzYCXIf4hARoEerChly31Pv/7J15fBT1/f+fM3tv7vsggQQSCEHOgBBFKIgIRUCsB2q9rRWt1ioqaj0q9Sf0q/Vr61e0YinVYv2qWBRUEOSLohEhMRAJSLghCUkIISHJHrM78/tjj+zmDgQh8Hn2sTY7M5/35zOf+cyw+9r3IUtak7DRcrfXZrOMkZpfkuqEGBgogrUeTt3mOQUc69Fke4ag5ZFmW271OCh6QqiDvR9bFwp9HrCgoqqt54n0227eY2s5MwMsq10NkW73wOa5JTuZLuBcxOexrHoEQr8O18yztLVF4r8HvftaXQ+tdxro4BokGrc/VNmbCsGXl9S3LpulSAj4QUTzCZOdKEzTfE1IEgTJps3nI+B5Emo8QlklcCbFx1ZISAoWbIo3FXPTbXO5OgEOr3mZF5auJ/N3E/xiX3HBVhJGPtaOl1sCqfFBFvl2103c9burSeAwq155gSVfZTJ3vNeCWkz+1gTGzGvNoo39K/6Hfx8bw703tB30GnQOlph2JajDaz+n4sLbyJZh28H91J13gtI2/v7gA96/LWRO+TUPdCJfYluEx6WSELafHUX7sA1s8kps3L2eFQ2+d9HkTJ9GdoCwV/HZ8zzwmedvQ2wOsx+6nSGdCJs+Vc5Uv+cyQngUCATnJZJEiDGGbWUfYtBZyU6cyqCk6Rys2cyYtNuJCenLjiOrqbWXMrTXVf5mjc5jVNfvoajuP6iamxEp19EvdhyHavLJP/gvRva+CcXdSP6hZRxvPERO718Saorjm71/o8FZzdh+9zA89TohPnoR4qNAIAjAF04ZHG7deedHz4Fdqobr9aRStZZigt9mwHufINmpuG7f4PGJqH6jnRIvgkJDO6unnqU0CUsSNAthbitXohSoKPk9J1uz3tKLsc38mFqT8Nhtzoki12MQHu/HrtyEZxJv3kfJ65mo4hcg/c+TgJtP8rg4NhMr26aFh2dPmJJ2qD5aEeTRNWT6TeQkef5OmTCW7DXbKHZMYIwJcOSzsSCdS2a1F2BbzZGjkNhkkZk35HgFwRQmX5LN51uLUcaPwQAoBRvJ73sJv2jucaZW8+2SF1jhmMxvfzuhKWy7E+fQJmoxG79L4Oe/P5+z9w3h9j/fzhC8+Tl/PIwyOQ0LYLFYcKktWyg2F8SEEegAG56RQ85gz985F2ay4v+9zopdzzPb670YPngmN7UjaiZMeYzHJid48nP+v3coOUqwh20L9HgWTCvjUz1j7wxt9muxYPHaCg6xsNHoDCfm5GPKezyTsmMAjbXFx1rdJ4RHgUBwvlJVX8Km/UuIsPQiNSqHSGsKGXETiA3JoMF5lMLS96i1lTIg/jKM+hAAdlWuY1/1N6RG5aCXTdTZywkzJ6LiptZehoaKqrnZVbmOpPALiA3pS4Ozmm1lHwIwPOVawk2JJIVfIIrX0N3iY1w4uZG6Nnc3Hq9ha1W39igQCLoTn9DnE+oCt3eoPjYJfF3NvecXS1ru8XQfpPwFComd8Hv05olrnuOuc55ZEprq8bbqVBj5WYJfZO1Cgw6n0i/ESsF/t2qvjZBrX/7IZlWu2xpTZ0/Cc22Dc/oFF+E5v/DnUfWGTveUKZC8P1z4o/q966i58N+80BHtCJBte+v2AGITiHE2BuWetDmahJvwyHBKSytgsFc0MhiCPtQpRfmUDMjhtgBPsYSEGGy2AIuqDUW14DEZTkxkKYfKYYhX0DTogyyybWsJmUNvC84DqVbw+Usv8G3qbTx2W7Y392PnzqFdKko5YjhM8cKnWAEo9eDa/RRPrcrh9nkzSevYwjlFwqSfk7PhA9aXjmVmL0jrm071V8XUTUkI8mwt2buPhD4zW+bq9CGnkdLLxvpD1dA/pmuDsAzh6klreOqrfH7RP6ftPoghMyOcL3aXwIjMps1qMSW7Y0if3EV1sHm/YWmkR6+i5EfICQzDP76Pkro0Jqd2zfy5gskgERdmICbUCBAkQArhUSAQCDzU2kpRVRdGfQghxmiQJFS3i1pbaYtjsxIu58I+t2I2hONWnciSHrurrlW7sqwHSSLK2pu7x37m397gEImIfXTvd+nsZOZM6NPm6/rsjk0IBIIzh+bN7yfLga+m/Irt48slpzXpU53FFyra0iT+kNrm2wgQzLS2CuP4vKOCz8kfGdqZofmKWXSglmlBY9CCxFStzfF1B1LL82km3DUr3dFy7loVCpu9CbDZosBQs3yYGq2FXGvtCo/NC/z4VkNn1pHUYr16r3mPVZ1OAc2TQ9FX3Me/Dpsvkp/oe2eba7+V7cHX3LeuvQJkK3Touyx1/j4/K0kayhB5G1sPeN/b8tm6O4Whgz3CTdrAbBq3fMt+r/ebrXArJamZZJsA6tiUt4+ci4IFooTBQzAUbW3WZihDwgDSyM5qpOC7/b4Oyd9aQkr/bI+NE5v4am8OY0cES06HV/2NL2JvYu61zYTHTpxD++d/GQ889SzPel/XD4KB1z7Ls+eh8AiAnM3YMZC/xXN9DCMmMObYGt4vaPoSpJSu4pOCdCZc0k5o9olvyd8eQ2ZWF4VHL+FjJpC9I5/8DgrOpOVeQsyWFXxe7h8dh9d8Qn7iBCZ40xnYSovJ3364U8WdgvtNYcL4BPI/WcVhX5FmtY78FWuwXTKRId51WHcgn/wdFR4HTLWakoJ8So51ve+egkPRWF5QQXW9k6ykUCZle9xThfAoEAjOVTw57VV0sjF4hy8HutYyRCA+tD962YTibuS47VC79vvFjUMnG9hQ8t+8mTeLI3VtV0xTVRdoGsdth3gzbxavbZzCaxun8NbmXwqvRy+n6PmYwvzbokn2ve0gJjG53xDe7Ot752DDkh/556kNQCAQdBttFXBpJU+i1qxyrNfDTPJ/2e+66tO692OAKCk13xYgrmma3zsyOPS39byDvr40XwVsfDnnAvrwhn4iaZ3wDPSKjRL+cNGmHHtNQmSrYcjdgCRLwVWOJSlAeGt+bgTNU1COz2bnE3Q5Am1KEhJqkN2mc2uZfzHIstas0rLPO9EXft90Ekiy1Ea7LnhQnldo/srk4PPc1VCRkL1r3je/gdXEO+EDfNLjaXPt+8Ksm8VEB17zwPDxpkdP8zBq31puynWpanifR54UA03Pqo7DtH2YOxcVeppJYeYdY3jhLw/zfHIvXJXHiJ5yLxMivbv7z+SmrP/mf54opleyi4qaaKb9ypvv8Xg+3x4ZyszmxVl6zeSu3Bd44YnnW7YBMqffxMCX/4eHd/Wil6OCY7HTuPcSz966gm+pGDqzWXVlcDkasRX9ncceDNgYPYG5v59JSkfncHQj//PqGipQsOGi5NmneD9+Mr+9eywnJ42d26SMGILhpVVsnHgvY8Mymf27mfz9lfk8vMKCRadgc6cwec7tjGm2fnf871M89SGAgs0WTs4N9zDTV608xBKUWxEAOZubnruLnNbyK5qGkDPwLT75ZD85s9La9n6Mv4x7b6vlv196mC9CLRgUG3WWHO763Vj/eitZ+zfe2toUWt4uzfoNv+TX3Hv8dV5+8jEsFgPYbFiGzuae6U3S9P7/e4u3do/lgflXk3a0gPffXoVhWhpzL43x9F2Uw10v3MS55BvhEyCvGpFAVlIovaLMhJn1QngUCATnJPuPfcuQXrOIC80gN/1XbCv7kOyEqcSH9qfOXk5l/S5CTXEAhJriSI3KISVyOFZjNAdrNnPg2HfYnDWEm5MYkjwLSZKxGqNxq05/zJuEhF5nIivhciKtqciSDr1sxqXaPfslmRBTLOV1P1DnOEKMNZ2BCVPYU/0VA+In4VKdbCtdfsbm6GxCGvXMV6fwr1AqC+6KIVlVUdyAJGNoT850qSgaoJMxyHY2/G0nb5585wJBj2Dt7zwfqQsLC7vcdtiwYQBMemkrqx/MBXyeRJ6X6najuBQURcFut9NQX0/OsKwWdnpM+reTRvMWROlB1ag7gdZWIZ7u6wHVWyG423rx5u88X6tNny5O/1o4TWgqKifvhaqpapfD5+vqWg+H6Qr7DpQRGhKK2WLGYDCg1xvQ6XTe/JRS0LXo6nXZ/P1uRg3P6HwDVcHWYANLOJbWPmM5bNS59ISHNMlAhz+ezxJu48npbeRLdNioc4IlzNKqeKQ01OHSh2Pxi0+HWfHHJXDbk37Rqkt0dA7nEV2+/p1AsdVhUy1Ba+DsQcF2wkZFwVv8fdUxMq+6iZ8PTyPGBBz9nBdea2T272dy0pk9f+K1dTqu36myaP2BFttMBomrRiQQE2rssvA4Z0Kf7h7iKXE2zrmgJd9/X0BGZv9usbW7ZBfDh4/oFluC00NH96Xvx2cNNy7VjsNVz39+uOO0jKV31Cgu6vtrIi298Ib6UGsrI2//YvZX53mqXfd/GJM+FL3XQ7K6YR9rf1xATeNBshOnMTrtVkz6MNyqk+rG/USYk8k/+C9cqpPRabdh0ofiVp1UnviRmNB+FJX9h8LD7zF98ELiQzPRNI0fyj+iumEfF/a5FasxCgBVc3Hg2CZW75h/Ws79ygve9J6XGQlP+sO2Ppe6lQbg1DSJsiobiQknX/2vW/6ZbjhyhDkrK2F8Fv8cYG7zuLI925i3AaZeMZjrk9s8rNuJS45nfLLChi01iJSTAsG5hsezT+pBue3OGpqFS3efSXElBHiLC0mnUKipjZQA5xuyAUtYO6KSyUJ4kIfaYfK36hlzVztyTos2wRhCwoNFydJ8tunHcNfJVv/u6BwEp4TBEt5O/sUzjefap42/l2cH57Pisy3s75tGTPR+VizZztA7Hjh54RHE2moDnwfkJZnRfFVyTHg8CgSCc5aDNZs5mL+ZXpHDCDHG0OCspvR4S4Gtom4Hm/b/HYPeGrS/+MgqyuuKiAlJp7phHzWNB4mw9PLngGy+L8QUi9PVgOK2sbzw/hb97Dn6JalROQAcqslHcZ9LCT5OjR73+3OfQX24eUg4aWYJVDdVNY1syN/Hpy3zg3qJ4uaJyQy1usmw1bCg7TB9gUDQIwkO1TwXOW1h26ehIEuPLvAh6F6Cwv+7QEBaB/GjwsmQwsyH56K0Iy52mV4zmfc75SwWuAQ9gugcZt6Q432TxsyHHuju7POCAByKxtri6jM9DIFAIPhJaE1wbE5l/a5Wt9c0HqSm8aD/fWDxmeb7Oiogo7ht7D26scOxnI/0KPFx6mWDuDrdAI129h9xoISEkp0YytBo2hEfa1i7N4a4WIUt7ecTFQjOSzRNw+Vy4Xa7kWUZvV6PLAd/G3C5XLhcbgAMBj06nc7fVlGUFm3cbjdutxuDwYAkSaiqiqIo/v2yLKPT6Vr00xVUVcXlcqGqKrIs+/s619A0jWPHjmE0GgkLC0NVVdxuN3q9vtvP17cWTvXaCASnxHlapbxbMRm6XSg0mIT0KOhmxD8zAoFAIPiJcLobz/QQznu6RXw0WkOZM8EC4bp2j7NG9mHOBLBaT+JbRa8+TEo3wNFK5i0v84RPD85gUa43q/aIdBb0NYGzgQ0VBsYPCMHaWMenW1VGJusBiT4JQB2AhUkTUpiUZCYChd17ynhRifG0B6itYd5+I08ODSHE9/7zCuL6JXH9oAgyoowYnE6Onqhnw5eHsY7O4qIIaKg4xu7QaHLjDVBXx0frDrDWl3qqTwL3D41hYIyOxuM2tv54kH8WOyEuljm5sQyMMkBDA3mb9/JOy9QtAsFpQVVVKioq+OabPHbsKKZXr16MGzeOtLQ0dDodmqZRX1/P999/z7fffovZbGbkyJGMGJGD2WzCbrfz8ccfM3r0aPr0acoR9MMPP7Bjxw5mzpyJxWLh0KFDrF69GoPBAEiEh4eTkzOC1NRUv5DZFdxuNwcOHuSbr79m//799OvXj/Hjx5OYmHjOiWYOh5PXXnuNpKQkbr/9dnbt2kVJSQmTJl2GxdJ2movO4HQ6UVUNk8mIJEnY7Q7Wrv2czMxMsrJa5g4VCAQCgUBwdmGQNRS1e36xMcgiPFtwcsg6HXaHHbPp1D6b2h125JP4biAQtEXp8ULe+u7GMz0MAaf8m2MNWyvcGCLDyc2MIjeh/V/FIxOiyM2MYmikTENFHXld6CmufwhxqOw/WNaUt7FoN3P+VsSCIs9bg9VMcnwUV2dbQIHIaAvJgNFqJjnaTJz3WTj15xncnGmGmjp22A0MHZrCHJMLwswkRxuxes172hlQGlzQK5WHxicwMgoOHKxlh8NAn+QoRvYBkImINJM5MJlx4S4O1KiExEVx/c8SPIZ6pbLg0iRP20MNKJGh5PaNBOKZNzWF3Cg4cLCe2pBwpo7pc05V3ROc3ZSUlPDYY4/z4487GT58OBUVFTz88MNs3rwZgPr6el5++WX+/e9/k5mZSWhoKC+99BJvvfVPFEXB4XCwdu06fvjhhyC7hw4d4osvvsDhcABw7Ngx3nnn39TW1gIaO3fu4MEHH/T30xU0TeO7777j4blzqampYcSIEWzbto15jz3Gnj17TnlOzj40HA4HNpsnX0hhYSErV66ktvb4KVtevnw5f/7zizgcTgBqa4+zcuXKk0pELBAIBAKB4KdnULy+W0RDg6wxKL5HBcUJziJiY+MoKy1ld8muU3qVlZYSGxt3pk9HIBCcBk7xX5h63llRxDu+t7368OK0KFp/XDjJW1XMojbDo9tnZIgO0FAc3g2ZqU2eiTj45v19rE32FLIp2bydBY2pPHmBTFnJIcoGRNLHV+AmPIWLknUoFRXM+7ScoZcNYmSshPXoIf55IIx5GXqqqiugJJSqkTH0sR/nL99Uk3t5Isl6N8Wbd/JiEZ7iOrEesfWjz4+SfUsy2dTz0bu7+ZR45t2STLbZU00p94Jwb9tiFhTBjMuyyK5vJO6iXmSbVUoKdvLilnDuvyGCPgYdESc3RQJBl7DbHXzwwQf06dObe++9F6s1hHHjxqEoCuvWrWP48OHk5eVRWFjIc889R9++fdE0jYSEBN566y2mTJlCaGgoLpeC2+0Osu0LifZXOtM0QkNDmDr156Snp2F3OHjpz39m7dq1DB8+HJOp88nJamtreeedd5g0aRK33HILBoORkSNHMn/+fL788isyMjJwOp3+0G+dTofJZEKn06GqKk6nE4PBgKIoaJqG2Wz2b/eFHPuOb46qqjgcjlaPczqdOJ0eEU+vN/i9CcHjqelwOFqMB8DhcCDLMpqm4XQ6MZvN6HQ6vz1fSLxvHqdOncrkyZOJiPA8KRRFwe1WkWXJP+c+Gz6brc2F0+mkoqKC+vp6bLZGdDqZ6Oho5s+fT2hoqP+c2xq7pmk4HE5kWUJVNVwuT/i9yWRqEQ7usxHY1m63YzQa/dfFN6+SJGEwGDAajf559YXs+7ZLkuSfa9/fgW0EAoFAIDhfyB2YQu7AMz0KwflOr+RkeiX/hBVlBT0M4VV9euhZ89q9P2+VlrO2LJzrk1t+aW8oO8r7Jyk8Aiiq949AX02dgeQIHUq9I/hgFSg5xPwSz9upgfv6mImVgZAoFt2eQIgeGioq+bQEihsbqMqIIjk5Hios9AmDsh8rqAJmRBgAO1VFXR97pEEGFH/bjz7fyUfA1Cs8X5TjMgfz5jAdBtyUbK/skkeoQHCyVFZWsGXLFu6++27Cw8ORJAm9PozRo0ezf/9+FEUhL+9bhg4dRlpamjdkGi644AKys7O7LPR4RCW9X3AKCwujrq7OL1B2lv3797N9+3buvPNOrFaPn3JsbCyjRo0iNDSU+vp6li9fzoYNG9i9ezepqancf//9XHjhhZSXl7N48WKmTp3KmjVrqKio5KmnnqSsrIw3Fi+maNs2srOzueOOO8jJyQkS0TRNY+/evbz66qts2bKFjIwM7rnnHnJycnA6nSxfvpy33noLt1vlkkvGctdddxEfH4+qqnz//fe8+uqr7Nmzh4EDB3LnnXf62y1evJi0tDQaGhpYsmQJzz77LAMGDODtt99m5cpV9O6dSkVFJcnJydTX1zN//nx0Oh2PPvoo0dHRrF27lq1bt9KvXz9WrlxJQ0MjDz88lwsvvLDdufjggw/44osvsNvtPP3008yYMQNJkli4cCEPPTSXyy+f3O7YHQ4nL730EunpaVRWVvLpp59ywQUX8PDDDxMfHx90zfbu3cvTTz/NU089RVZWFrW1tfz+97/nV7/6FUOHDmXfvn288sor5OfnEx4ezhVXXMGtt96G2+3inXfe4cMPP0SSJKZNm8aNN95IaGgoH3zwAaqqEhMTw9KlS5k9ezYzZ87s0loSCAQCgUAgEAgEpwvJ8z9JRicbcKtKx00EnUInG7yFGSXoIeUZuzk5mpNPV+7mnyV2GlzeTS43ZSWHWbCysilc+iRYW+MEdCQnx3g2lBxifrGNBqCqdB8fddWgy862kgr+ufpH5qwooxigtJzi4xASE87UDAtx2Cn53nkKow5EJqRX63saj9fxzdbDvLiiiPl59d3Un0DQPjU1Nezbt4+YmBi/yCZJMHHiRG699VbcbjdlZaVERUUGeSampqbyyCOPEBcX35bpVnG73TQ0NFBXV8eOHTsoKioiIyMDozHY69HnNRno8RdIeXk5Vqs1yDtPlmVmz57N9OnTMRgMpKam8vjjj/P2228zevRo3n33XRoaGoiIiKChoYEXXniB/v3786tf3YkkSSxdupSfjR/PihUrmDFjBm+88QZVVcFPrNraWhYtWsSAAQNYvnw5U6dOZenSpZw4cYKvvvqKTz/9lIULF/pD0t99911cLhelpaW8+uqrTJ8+nRUrVjBp0iRef/11qqqqMBpNREdH88ILL1BaWsoTTzxB//79WbFiBUVFRSxcuID777+f6OgoAKxWK1dddRUHDhzwhrB7PB8/+ugjqqurefDBB8nKGsBnn32G3e5ody6mTZvGRRdfzJAhQ3jooYcYM2YMI0eOZPTo0ezd6wlfb2/soGGzNbJixQrS09N54oknOHz4MN99912La6bT6aivr6ex0ZPoWdM0GhsbcbvdKIrC8uXLiY2NZfny5bzxxhuMGzcOo5vKanEAACAASURBVNFIXl4e27Zt45VXXuG1115j3759fP7558iyTEpqKq+88gp5ed9y9913c/HFF3dpPQoEAoFAIBAIBILTjUeAjA0ZcKYHck4RGzKgRwmPcFrqzNlYu34nczbX04Cb4s1FzFt/lFOuoZJXQ7EDIpMSmXdRLLmZUUyK1tPlILuiE5QpYLDoqNpTzVbFys2XJDMUACcfVdjBZGJqqhmON/CRt2BMca0CmMkcawEsXB/t7bkTM/hplRMFIwNzEuiDkeyhqdw81MinZXYUZCIMTvJ+rEOJSeGO0eFdPSOB4KRQVRWbzdYiRFav93gnekRAd4v9sixjNpuRu1iOdu++ffz6179m2rRp3HbbbYwcOZKZM2e2sFNWVkZeXh55eXl8//33/ryRPnyhuc0xGo3e0FsTo0ePITIyEoPBwIABA6itrfVX5TaZzIwZM4Yrr7ySQYMuoLS0jD179pCRkYFOpyM9PZ1jx45RXl4eZP/gwYPs3buPn/3sZ8TExJCdnU1ycjIul4u8vG8ZPnw42dnZxMXFcfHFF7Nlyxaqq4+xfft23G43Y8eOJTIyktGjR1NfX8/u3buRJLBaQ0hJSeH6668nNzcXWZbZsmULF198MdnZ2aSlpZGUlAR4RLyEhAQsFkuQx+j48eO54YYbuOCCweTk5HDo0CEcDnu7cxEWFkaI1YrFYiE+Pp6QkBDCw8P93ppAu2P38Ytf/IIpU6YwfPhw+vXrx8GDB7u0LnwcOnSIw4cPExoaSmZmJoriJC/vW1JSUoiOjiY8PJw+ffqwfXsxDocDq8VCVFQUs2dfx8UXjyUmJuak+hUIBAKBQCAQCATdi+/rmoSELOnIjJmKLIm8st2BLOm986nzCpBN8302c3quflwMVyfqMSIRmZjE+CPlbDgVt0cAKlnwf0bmj48l+4KUpqIsdjslR4DBGczwhntn5w5mHt5CNIHbR2QwtWg3HxWHc8fgEGZckc0MAMWO4VAZW/dD1ff1HMiMpY8Vyg5V+L018/KqGB+XTHb2AP6ZDcePOWnASPawDOalWsg2AYQy44p4kq3JnvemGBZd4WDOynLWJqQyNTGJ+Xd5RISGw07++UkFa1NSmZqYwLzZnuI0yjGJrZvq2HKq0yUQdIDVaiU1NdWfO685JpOJmJhoFEVBVdV2q0h3JnQ6rU8azzzzNDExMSxZ8g+qqqpazatYXFzMs88+C8Dw4cP5wx/+EOR5GRMTg6qqfoGsOTZbI3//+9/ZuHEjycnJLUK7JQmMRpM/bNztdrF7927uvfde9Ho9qqZ5wwOCn+AeT0wXBoMBSZLIysqiX78MNE1FUZwYDFH+84mOjub48VpstkacTic6nQ693vO4DQ0NxWKxcOzYMf94DAaDPx+iy+Wivr6esLBwZFn2v5rG3/JfFl++Q51O9udQ1DSt3bmQJCnA47Xp78C+Oho7NIm+brfbn7uyKxgMBmbPns3f/vY37r33XjIyMrnvvt8waNAgFMXJhx8uZ9WqVf7xzJgxwz9mX45JvV5URRQIBAKBQCAQCM4GPN8rvN8JJB2SpCcmJIMLe9/D7qpPqbHvw6262rUhaIlO1hNlTicjbioxIRlIkh6kpu9BrX1PPJvofvGxTyoLLo0h2Ws5OT2BO1IjyFi3kzdP1f3xwGGe/Odh4pIjyAiB2opaiut8O3czp7V8jEWtbN9Uwv2bLAzNNGN12sk7YGvaV3eYJxcfbmmnrpIFbx8nu28IVnsDW8raC8eu5M1mW975aDvvxIWTG6mj8XgNW6va3y4QnG7i4+NJS0ujqOgHcnJy0Ov1/gIlIGE2m0lPT+eHH37g2LFjfs8yRVFQFAWr1eovQFJXV+cXKH3FQ3y5HX0YDHri4uJIS0vjF7+4iqeeeopdu3YxbNiwoHFNmDCB3NxcwOPpZ7FYgvYnJSVhMBjYVVJCenp6UJ96vZ49e/awYcMGnn76Gfr260tBfj5LliwJshH4XNbpdPTr149nn32Wfv36oWmat0BOaFAbnU6HLHvEQfCIdHq9DrfbI6D5Cu/IskxjYyPh4eFYrVa/MOdyeULI7XY7iqIQHR3d6nXxCYFutxtN01BVtdXw887Qmbloj66OvS185+QTjX2Ctk+oTEpK4vHHH+eOO+5g2bJlvP766zzzzB8wGAxcd91s7r771/7rbDAaW4TqCwQCgUAgEAgEgrMHTQNJkpHR0EsG3LKZuNAsIkwpKJoNVXXgVl1oWusOJYImPDkz9ciyCYNkwWgIRSeb0UsGZElGkmTvfJ/pkbZPt4uPI/uFEKepKEG5RI1k94+BA9Xd0kdVWe0p5Y/0YGNria3jw4JwUrz3FHJAVtWR19rA29ouEJxGIiIiGDv2Et5999+kpqZywQWDqKurY8WKFfTt25drrrmGsWPH8vHHH/POv//NjOnTAdi4cSO7d+/mgQceICwsjNzcXDZ8+SVDhw2jT+/elJeXs2HDBnJycvwFYQKRZZmMjAz69evH119/zeDBg5uJlAZ/cZvWSEpKIjc3l2X/WkZUZCSpqalUVlby/vvvM3nyZKKiotE0UFU3tkYbP/zwAy6XC4fD0ULI9NmLj49n1y6PmOl0OikvP0J29sAWx8XFxfLFF18QExNLff0J9u/fz9ixY8nOzuaTTz5h//79RERE8s0335CdPZCIiAgyMjKor69n69ZCRo0axffffw94cme2htVqJTMzk4KCfHJzx1BdXc3+/fuDwqHbI7hIDm3Ohe9a2O12amtr0ev1fg9HH10de1uEhIQQGRlJSUkJsbGxrF69ml27dtHQ2IjL5eLHH38kISGRqKgoBgwYwI6dO5FliYEDB7Ju3Tqqjx0jJjqayspKQkNDsSa1vI4CgUAgEAgEAoHg7MHj/yghSXoMOjMAskGHXrWgai40zQ1oaD2savNPiS+voyTpkCU9etmITjZj0Jk9no/eI3rCDHa7+Ljli53c0d1GBQJBtyPLMrNmXcnx48d54YUXcDjshIeHM2XKFCZMmIAsywwcOJDf3Hcf/1iyhP99910ALrroIm688UbCwsKQZZkrr7yS2tpa5j70EHa7HbPFwhXTpnHttdf6xSxZ1mG1Wv0hvWFhYVxyySWsXr2aqqoqEhMTOz1uk8nMLbfcwquvvsrcuXORZZmEhARmzJhBTk4OsiwzfMRw7r33Xvr06cOMGTOIi4vjyJEjREZ6iucEVuqOjY3l6quvZsmSJbzyyl+xWq1ceumlpKenERYW5j8uLi6O22+/nZdeeolly5aRkJDA9ddfD8DkyZMpKyvjnnvuwWazkZOTw29+8xuMRhN9+/blzjvvZPHixTz77LMkJydz6623kpycDHjEVqvV6hcNjUYjV111FQsWLODaa68lNzeXiRMncujQIewOB7IsB82lL2TbR1hYGAaDAVVVycjo1+ZcJCYmkpWVxfLly7nmmmtZuHABubm5QXPT3tgVRcFkMvmFYp1OR0REBCC1CNOPjo5mwoQJLF78JitXrmT27NncfPPN7N2zh5wROaxevZo1a9bQ2NhIbGwsd9xxB/Hx8YwfP56ioiJuuflmJEkiPT2du+++m6SkpBZrSiAQCAQCgUAgEJwdSJKEpmlIyCCBDiOyTsYlGzBoLtyqGyTN6/l4lrvsnVE0JEkGTUIne0LY9ZIBSdIjSTokfF6PZ/8cSqOe+aoniKQCQY9l7e+GAFBYWNjltr6Q5EkvbWX1g55QZF9YsKZpqG43issTBm2322morydnWFYLO225YfvCrE+cOIHdbickJASr1YrRaPQ/wFwuF42NjdTX12MwGAgNDQ0KqW5uw2w2ExYWFmTD7XZjtzuwWMx+scgXvu0pXtM1AUnTNBwOBydOnEBRFEJDQzGbzX4hzGa3c7ymBqvVijUkBMXp9OdUdHgFvECRzZdnsb6+npCQECwWCyaTqcVD3O12c+LECerr6wkNDSUkJASDweCfg7q6OhRFISIiAovF4j+vQPuhoaGEhob6hVlFUXC5XJjNZn9/qqp6+2kgMjICg8HgD3X3nbvJZEKWZRTFE+7tG6/L5cLpdPq9PNuaC71ej8vlwm63o2kaFosFvV7vzwHqm5+2xu4bh06n88+7z6MyUAz14XQ6qa2txWQyYbFY/GHXJpMJh8NJfb1n/TTvw+eZCfivs16vb3VNnctomtYjPlScDdTV1XV8UAfsO1BGaEgoZovnuaLXG9DpdP4UAoHXoqvXZfP3uxk1POOUxyjomYjr37MR1++nR8y5QHD20ZX70pdmSUNF01SPl6Pm9no7Cq/HzuD3fkTy5NBEQpJkj7BL5z6LupUG4NQ0ibIqG4kJsV1u70OUGxIIzmMkSQryBGztwaXX6wkPD/d7ATY/prmN1o7R6XSEhASHYHcUXt3RuM1ms1/kat6f1WLBEiDmGQP6MZvNLezp9XoiIyOJiIho9+Gt0+laPc43B7Gxsa2Opz37rc2DLMtERER4i840eUT6bAeGjzdv3zx8ur250Ov1LXJbBl7H9sbuuwaBtCY6BtqNjY1tdX7NZhMmU8s16DtXXz+B+1pbUwKBQCAQCAQCgeDswecBKUsymiSDpqFJOjyBwr7P9kKAbJvAOfIJkN5Q6x7i8ehDiI8CgaBTD62OjjkTD772+jyZ8XS2TVvHdfccddeUdse1Od02uvtaCgSngtWsw2KWsZh1GAyeV3d5PgKEWESF9vMZcf17NuL6/fSIORcIzj7EfdmzqFM6PuZ0c+7HqgkEAoFAIBAIBAKBQCAQCASCM4IQHwUCgUAgEAgEAoFAIBAIBALBaUGEXQsEAoFAIBAIBAKBQCAQCH4yfMVoBB1zLqShEuKjQCAQCAQCgUAgEAgEAoHgtOATGs8BDe0M0STU+jTbniZICvFRIBAIBAKBQCAQCAQCgUDQ7WiahiR55DNN09A8fyGqXXcGzxx5xNvm1a61HiVACvFRIBAIBAKBQCAQCAQCgUDQrfg8HlVNpaq+hIJD71B6vBCX6jjDI+t56GUTvSKHMSL1euJCM5GQe5QAKcRHgUAgEAgEAoFAIBAIBAJBt+ETHjVUqup38XHRPCE6ngIu1cGBY5soPV7I9MELiAvt36MESFHtWiAQCAQCgUAgEAgEAoFA0C00hVqraJqb/IPLhPDYTbhUB/kHl6FpbjRUzzz3gOI9QnwUCAQCgUAgEAgEAoFAIBB0G36/R81Fae3WMzyac4vS2q2omgu8GTR7AkJ8FAgEAoFAIBAIBAKBQCAQdAsebzwVVVNxqQpu1Xmmh3RO4VaduFQFVVPRNLVHVBEX4qNAIBAIBAKBQCAQCAQCgeCUCQwB1jQ3muY6g6M5d9E0F5rmDnh/dvtAioIzAoFAIBAIBAKBQNAD2bDtINsrXSjqqbm9GGSNQfF6xg/p3U0jE5xPiHUoaI5PB9PQUAMEMkH3oWpuf9D1Wa47AsLzUSAQCAQCgUAgEAh6JN0h+AAoqsT2SuGdJDg5xDoUtImm9aCshD0LDa1nqI5ehPgoEAgEAoFAIBD0KBQa62wonT263oainoZhqAqN9Z0dheB00B2Cz+mwJTi/EOtQ0Doe4VHTTsc/QAJNU73Cbs8QIIX4KBAIAtDQVA3V99K653cqTVVP748ymoqqttWB+K2t02haO/N4siZVutmkoFN47uUW912790orVjq4d0/+0nrWWkftNS3geRTwEkuqKyhsemMhqw53o0nHFhYtWM3BbjQpaAN1H+v/sZT1+5rvKGbpo/+iqFNGjrDmxadZ9mMbu+sOs/NA3cmNr/ILFjy6rINx1FG0YimL/9Hytf7AyXUrEAgEgp5EzxGU+0RfSJ/oC8/0MDpJz5lXEDkfBQJBMzQ0JFlGwvPFX1NVkORTrqClcWYej5pXqJDknvVw7hqa/zwBkGSCTlfzCMlNu+VWr4WGBpLc9K7TNiUkWWrFpkaQyWY2pWbrStMChS4JObjDdtt2bjznEVqT7H6qM9HWveu5XtIp3FsdPxUk/388Qqrkvegn3aOqQU9aG9V5LHrxPYrcFgyqldG3PsgNgyyefWo1m95+jWVFjRgUG9bRdzDv+kFYm9uo+Yo1O1K58g7P26N5i1nwbjGY9Ciho7hz7jUM9prEto9Vbyxm1SHAAf1m3cdDExJbDKt24zp2Jl/BHE8j9nyymEVrDgEu6HslD/1mHEm++769c+iobSfHc06zI48127bTKG9nQvqgUzBko9HR+p49q/7Ci3sv5fknLif2ZEyrSgcemBZiMwYxuBHY9yWLC8O5ZtYwIrCQFH8yHW5n8b15jPifOxlxMs0FQYRb9NTZRJir4Mwi1qHgZOgTfSHDU67jUM0W8g+9498+LuN+YkL6UnBoGQeOfdclm2PS7sSos7LWtYDyuh+6e8jnNcLzUSAQtIkkScjS2V85qz0kWW4mYp17aKqGJsnIvnMNEvE8opxnHmRkSQoWFZuseMWdTtjUNFQN7z4ZWfIIgy1Namh+6ct7jNxk0xMq4D8JNE3y25QIFBM7atvJ8ZxHeIRkyaf/nhYk6Se4tyQJSfKtIe/fJ/1LSE9bE0dY9cqHMOs5Xl34HC//biR7Xl/KRptnb/lnr7HMdjnP/9dzvPDnZ5hc/SZ/Wd/Se608L4/GseMYLANHVvOX9+Ca5//MCwv/xLycvSx6M49GAOpY/+piDuY+yqv/9RyvLpyF9ePXeK+Fx+QRNm60MXaiRwirXb+IRaW5PPnnP/HCfz/HNaaV/OU/h/3HtncO7bft7HjObYryC+k9fQpJhVspOk1Ra/2u/xNvnKzw2CkMJA0ayehRIxndPxxMqQweNZLRowbR29Jx65a4Tk8I+XnIpEExzL4widgw45keiuA8RqxDwcli0ocRE9KX5IihQdsjzMlEW/tg0oednGFJQpbb99OLD+3PjSOXct2Iv51cH+chwvNRIBC0iwZNilRzbziCveg0NUAQasv7zC8USR3Y01BVr36ieTykOit0NHlrak0imtSWTTzbAsaqqSoEjSNghJKEfKpuoN2K17PTPyTJc94+2U/zbvPvlpA0FTQp2H3MOx9SZ2x6RWkCbLam62hBRpp7yElIAY2Cj/UI35rmG2b7bTs7nvMHn8epRzRuca2DDvXcj1JAeoKWnrGB92nTfa2pKlrg/aCpqN5r49ONgzxUm3ngnvJZtukp27rXrn+b6lnJZ/2PEke2sql2GDeM8qozyROZ0P9BCgoVxubWUfD9EQZPH+nxdJTDGTtuKEs/L6R2wjgi/EYOs/EbhRF3pwBQXrCF2pxrGO01mXTpOLI+3kqBI5expnDG/uYZJpgMnp2WkYweuJRNR4GUgHEdzmOjMpQ53m0RY+/j+fEGDDKAhdGj+7N4c7WnUbvnYGi/LZ0cz7mMup2Cor6MuG4kjQV/pGDHDQxu0/lxO4sfyCNpuov1n+2i0QG9f/4I86Y0eYoqR7awdMH/sumADRIncv+8WWSZqlmz4DnWJN/B8zcPwgAc/WwhL9ZfypWNq1m66QiKLpHJcx7hmoGea9G4ezWL/76aolpI6pNALTGncJI29ixfxKJN1aAq0H8W8+7IJVbG6zX7ITsxYHCDdfSdPHtVI8se94Sb73nqCZbFXs68+8edRuH03GXSoBiyEkM4Wq9wwi48zgRnBrEOBT0Vg97qESjVNsIKBC0Q4qNAIGiJL9ejz3PN7yPt8zzyHad6vOo8al4nvtBraF4vvA7tISHR5A3X+bGrnnFIPvuePmnTpi9Jb+vj1lStZchx82O8CsjJe2R1L56Qefzhqq2dW/OtgSGtQcd5r0ewzRYHtbLDu3ZaOd4zX1qrI/P110GH7QfsttnuPEHDcw8ASATcU20cDB6vUvDnhAwSe7Wm/Z4ckJ7rKskSmkorC0lGlml2Pzd54Ere405JiPR7ynrlclVF1bz3vRb4g0MTkiyBSs8Juz5yiPKI1AAh0YDVBEdrqj1vXRYMhoDj4xNJKj1MOTS12fElG0PH8axXrCsvPUJEr/CmNiYrBqqprQESwWAKMGjbwqYdMcRODR7Wzg15WCf8nt7+YRloamVj06ZdxMZN6cQ5JLbfls6N55xmx1YK+o7kBlM4jcNiWPbNVm4ZNLSNg10ojq0UND7K8/+VgsG2hUVPvMmqYU8wzas/7iw8xP2/fo5bolxsfOkR1hRcQVZuDJNvnsj6Nw5zlEEkAYrq4uiX6zg45z5evjkcZeNf+e26LVw5MBeDYytLX91C7wcXcn+KgdrCpcx//eQLziiF/+IvZbk8vzAXKzY2vf40izcMYt6EcIo+Xkbjz//Ey2M94rXi7eaG/3cjtXM2M/pZEXZ9sgQKPh8WVOAQrqSCM4BYh4Kfgl6Rw5iYORenu5FwcyI62cgJRyVf7f4rB2s2E2Xtzc8yHyQhbACq5kbTVOyuEwAMS7mGQUnTCTHGIEs6XKqT4vKVHKj5jon9HybEGEOIMYa7x37GzorV7Kpcx9i+9xAd0geA47ZSvtn7OgdrNp/JKThrOM1h11HcMSOLBVdn8eQlUae3K4FAcFJomoaiKNjtdpxOJ6ra9A+/BihOB6o74MOABIqi4HK5/Ae5XC4Ul0JgcZfAY1RVxeVSPDkkpWZeVZJnv9Pp9I5Bwe12o2kaTqcTp6J4/j/g5Xa72zobjxdXO0qhoigo3rF0Cr8I1jZ1dXUcP37c/97tdjfNTzeiqiqK0oWxg1d0DfQubSPkmpbecZqmcezYMWw2W9v2vQVlWsy5ptGKSQAaGxuoOVYTEJLtQXW7qaqqwm63+024FCVoTfo9UZuvo47Gcx7hD7mGVq5/awR7xrY4Xmra37G+HiA4Byf0bNZPR3bap6WnLM3u03PT9TWpl8+LLZHe6VCwcasnZFqtY+fGQsptjd4Qag9FmwtJGj0yQPxrTgK9W0uhaNvHe39extGxt3BloJehup1N+YmMHRXeWiP2vP8Xlh7N5c5pbbsmNp1DF9q2NZ5znKL8QvqNGIoBiBgxit6Fmylo97t5IiNGpXgEXctIRg88QtGOplD8wVNmkRVlACz0y4hpErLlQBHYfzDXDAzHAFgz+pNUXcdRgB2bKeg7kWkpnhYRiYkt84x2gZ2FW+mX4/Xg9Xq/7tntqa5jNVk4WFRIudepxNBikIKTQQg+grMBsQ4FPymSRIgxhm1lH/JD+ceEGKMZlDQdgDFptxMT0pcdR1bz3YGlON0N/maNzmNU1+/h2/1vsnHvIpyuevrFjkNGR/7Bf9HorKHWVsoXu/6L4vJVDO11NaGmOL7Z+zc+3/k8Jn0ow1OvO1NnfdZxmj0fDcRFmUk2QYNdfGIQCM42VFWloqKCvLw8iouL6ZWczNixl5Dery96nY7q6mpWrfyYceMnkJaehgQ4nQ7WrPmckJAQxo8fD8DXX39NQ0MDl102CR167A4n69atIyYmmtzcXA4dOkTB998zZcoUzBYLgcqDy6Ww/8BBvvn6a37cuZO+GZkMGzqEjIwMPv3kE040NHg8mTTNkwtQkhg5ciRDhzb3/vCEVLeHy+Vi7dq1VNfUcOXMmYSFdZwHRJJkwFchuPVQ8nfffZfq6moeeughDAYDBQUF1NXVMX78ePT6k3vMqqqK3W7HZDKh0+kA2LVrFyUlJVx22WWYzeZOWpKQJQ3VHxLv9WIMPERrXcxzOp289tprDB8+nJ9PnUJzAguOtPRgbEMA1DTWr/8/Cgu38vDDc9GZTP5ddSdO8Ic//IEZM2Zw+eWTcdjtrP1iHf0zM8nKyvJ7y7UoNuMdq+p2YzCakHVtCJPnBd4kj1JwpevAfJ7t0yyk/WymeSV1v+gpI2lN9+xZH17dBY5WHgFvgY7B19zC6Bfe5Lf3g9UUw4hxKcRaDE1CkGML67f0ZcJ1rQmFPqopr4SkoE15/GXBhyhTHmTepSlBopSy+Ss2ZY7jhuYm1Wo2vr6Q9+xTmPfIRHq385Ev8Bw61bad8ZzTqNspKIzAmraVTZsBFCKsW9m0DUYM65yJpMQYGm2Nre/UndxMlpdVgGlUN12Hag6Wws7tzzD346atEYNzAeh33aPc8PZrzH/wPax9L+GWX81icHvLWdAhQvARnA2IdSg4E1TVl7Bp/xIiLL1Ijcoh0ppCRtwEYkMyaHAepbD0PWptpQyIvwyjPgSAXZXr2Ff9DalROehlE3X2csLMiai4qbWXoaGiam52Va4jKfwCYkP60uCsZlvZhwAMT7mWcFMiSeEXiOI1iLBrgeC8pqSkhAULFpCZmcnw4cMpKtrGw488zLx58xgzZgwnTpzgo48/5oLBQ0hLTwNNxeVWyc/PJz4+ngk/G4+qQXFxMZWVlUycOBG9XmLzd9+ybNm/+OMfnwPg2LFjvP2vZYwYMYI+vXuj+sKiNZXtxTt57o/zGTp0KH37plNXV8fLL7/Mgw8+yO7du6moqqL66FEOHz7MoEGDCA0NbUV4BL/I0FrYqJfq6qO8//777Ny1i4FZWYwcObJT8+QTuzRNRVNbimqKomCz2bweni6++eYbKioqGDNmzEmLjxUVFfz+909y//33+c+3sLCQ9evXM2rUKBITO6j4GpQDMTgEVVO11iJlW6BpGg6Ho8mLM8iG2k6YvdYU9hu02SMWuVUVp9PR0oNT07Db7TgcHjeX47W1rFq5ksYJE8ga0N/r0di6sPjB+++ze+8+Hp47F7PO1MoR5wn+lAmtCcydEeE6CGk/m2gnHYJfoNZUPClce8QZBROfSKwj2JOx0QFWi1detAzihif/zA2+nYWL+VWvdL+QqBRuYefAkcwJuB2SEmNobAzwZFZtKKoFq0+xLFvN/AV59L7z99wypLnKo1BQsIusEXcEC0/qEVY9/yc2pt3Bs78eRETgjd/RObTXtsPxnONsy2Oj1cLovdsp8m6yJsawafNWGNZW6HUwB8uqiR0SA1R327Bio2KgtLusxZAUD1kTn+H+3FbkTDmG0Tc/wehf1rFz+SJefGk1zz59nmd5ZwAAIABJREFUebBYLghi0qAY0GBtcctrLgQfwU+FWIeCs5laWymq6sKoDyHEGA2ShOp2UWtr+Y9bVsLlXNjnVsyGcNyqE1nSY3e1LO4HePI/ShJR1t7cPfYz//YGx9HTdi49jW4XH3MvyWRmgg6cDaz4SCTfFAjOVhwOBx988AG9e/fm3nvvJSQkhHHjLsHhcLJ23TpGjPBkUlKcTm9Biibcbjeq6vaLG6qq+kOhq6qqeP+DD5h+xRX07u3JCqZpnrBqXz4/Xw5GTdP46quvSEtL45577sFqtaCq4Ha7MJvNDOjfHw2JTz5ZxcqVK3nyySeJiorCaGynGp7X68mXly6QXbtKsFqtXHzRxXz33XeMGDHCL0ooiuLNZ6fidCrodHosFjOyLPtFOFmWcDoVNMBkNGIwGJpy6XlFH51Ox8033QSShMVi8c+PT8TT6XR+b0a32x0Unm4wGDAajWiaRm1tLRUVR2hoaMBut2M0Gpk6dSqTJ08mMjLS26WGojhx2B1okozZ5BmT78LYHXZ/Py6Xy2PfYAjIiYm/4IjL6URxOgEwGo0Y9Hq/55yqqtjsdlwuFYNBj8loQMMj7vhC4f3tDAa81U6C9xkM6PR6ZJ2umfDpmVudTkYLDPfVNKKjo5k/fz6hoSEeDzdJQvHa1DQNvV6PyWTC5VI4UlGJrbEBm60RnU72juP8wxOO3FKUU9XAyuOttMOXIrRZeHR3EZAXtqmf4BG0ds+2b64TgmpPLj6UPIwR8mIK9s2iXzpg20LBjymMuLYVEU49wqpVxQyedIs3xLqOjRv3MnrK3UFCYdLwoRheK2TPVen0k6Exv5CdfYZ5PRkP896r64i9/Q/cMqSVEsR1eawvGcm0XwffWwf/8xpr4m/h+RsHtQy/7eAc2m3b0XjOcQo2b2XwtD9zZ6AoV/MF5b/fTIE6lBFeoVZRCUii1EhtnQKJBrDlsWl7OoOv7d5noSE9naT3NrPJNpTRFqg9cIjagP2Nh7dTdCyCwUNSOhWO3S8jnUX5W2jMzfUcr9RR6wonwgKKQ/Hk/ZTDybpoELHfVFMLQnxsA5NBJjbUSGyo55oHCj9C8BH8VIh1KPgp8URhqejkZt8NJcm/rznxof3RyyYUdyPHbYfatd8vbhw62cCGkv/mx8rPmX7BAiKtqa0eq6ou0DSO2w7xQeH9KO520ladp3S7+BgZYSY5WgcOF5F0n/joFzUDaGioJ2/LYdZWdVs3AsF5Q0VFBVu2bOHuu+8mIsLzdTUsNIzRF17I/gMH0DQNt9uNW/OIgU6nEzQNxSui+UIawfPdXnW7aGxsZOXKlaiqxoSJl6LX61p27K227AnXlTEa9FRVVVFZWUnvPn0wGAyYLWYkQCfLIMsYjUZ0soTJZMJktrRb/MXbRYsiGy6Xyy84RsfGsW7t59TV1REZGYkkaaxZs4aC/HyMJhPr160jOSWVxx+bR0a/ftQcP87ChQvpn9mfDV99SXlZGbOvu5Ybf3kzJrMJXzENTdMoLy/niccfZ2B2Nvfd/1ssZhN79+7l1VdfZcuWLWRkZHDPPfeQk5NDUVER77//PoWFhTidTiZNmsScOXOora3l9ddfp7y8nDfffJPPP/+cO++8k5deegmdTsejjz5KdHQ0J06c4K233uLjjz5ClmV+fsUV/PLGGwmPiKCutpbnnnuOcePG8X1BARu+/JJLL72U3/zmN4SFN4kXGhon6uv519tv8fHHHyPLMjfddBO/+MUvvKGrKocPH+b1199g9erPGD58OA/89n5i4+I5caKBd/79Dv/58EMkSeaK6VfwyxtvICw0DEVxsnz5B7z11luoqsoV06Zx0803ExYWhqqq/teRikr++peXmThxIiNGDEd1e/dpEl9/vZGFCxcy96GHmHTZZZyoq+Mf//gHH3/8MQ6Hg1EXjuahB3/Hlxv+jy++WIfdbufJJ59kxowZTJo0qU0vyXOX5lXKfTRVoPYVhwr2BgyuDt3d+TJ9cqan+rw3/F/yhnd7HyOe/tvJ5dnilAJDq72bfB7K3j6afuhoKnAFqqevDopInR2kcM09ucz/04M8lZqCcqSa2On3MdmXQnvfhzz26hYUA9BoI2LcfTw02is01WxhY+kwrmleGTllFvePXcj8B5+jd6pCeXUMV/5molewVFAcNgreeIRfBXxWj73sUZ6/KoXazXmU58xicDPvRMXRSGPhYn47J2BjzESe/OMsendwDu23bX885zTqVjYVDmLEzc2Ew6iRjE790Bt6nU5WxmKWPrqQo799FE+qTIWCfzxDAaA0Qtb1DzKhnZTrSlvpk1vD58GaOJFrhj3Dosee4D0TWIddytiUdezZByPSYeenr7G4YChzFnWuGEzE+Bu4ctOfmPvwSqwGUBQrY29/hGsGVrD+lUWsqokhK8NKeeEhYq+6jywAEuidUsziR5/AOuwGXri+zRLg5xUOReXDggpmjUggK8kTMri2uFoIPoKfFLEOBT8l+499y5Bes4gLzSA3/VdsK/uQ7ISpxIf2p85eTmX9LkJNcQCEmuJIjcohJXI4VmM0B2s2c+DYd9icNYSbkxiSPAtJkrEao3GrTn8Ml4SEXmciK+FyIq2pyJIOvWzGpXpy1EuSTIgplvK6H6hzHCHGms7AhCnsqf6KAfGTcKlOtpUuP2Nz1JxhwzqZu+U00GPCrmvrXJARQrLOTdVxBcVgIDM1lsw4M4Z/7ubTn3g846cOYrauijkrK3/ingWC7qGmpoZ9+/YRExPTtFGSmHTZZaiq6hH8dDp0sszazz/nhyJP4Jfb7Wbv3r306tXLX6laAnbv2cuSJX/nyy+/4r777iMuLrbJrKwL+qIfWO164sSJ5OXlcd999zFx4kSuuOIKMjMzMRqNAcfRboilqoGqulFVj+Cg0wX0521XVVXNjz/+yH333UdISAj/++6/OXDggFd8lFHdbr7++hseeeRhrrv2WpYsWcJ7773H3LlzkSSJo0ePEhISyjNPP83evXv561//yshRF3pDoj3Vs2VJIj4+nitnzWLVqlU4HXacDjuLFi1iwIABPP7/2Tvz+CjK+4+/Z/Y+srlPEhIC4QiQAAkaEOQGhSoeiEgFFVuspYcHWqlFLbZKC56tRxXxV7UVFQ9UtAqICkpAAiSQcASBQA425E5gd7PX74892M0B4RICz9vXvszuzHyfY54Zdj77Pf74R9auXcsbb7xBz549MRqNTJw4kbvuuguz2czChQsZPHgww4YN49Zbb2XXrt1Mnz6djIwMwsLCuOGGG3j++eepr68nLCyMjz76iD179vDSyy8D8NRTT7FmzRpuuOEGf7GYlStXMm3aNLKys3nhhRe56qqr/F6t4MbpdLNihdfOSy/R0NDAwoUL6devH2lpaciyzPr167njjjtIT+/Dv/71L7Zs3cZVV13Fpk0bKdyxgxdffBGVSsXzzz/Pqi+/5Lrrb2Tdum/5/PPP+dvf/obRaGTx4sVs3LiR8ePHe+ZKlnE4HKz89BM0Gg2XX345DocDWfbOpezJ7ZmTk8OP+/YxXpbZunUrmzZt4p///CexsbGUlpYSHh7OpJ9dw6HSMo4cOcJvfvMbIiMjT61C+kVD+/kNjwuxbe3TkeP8HwSE00sETXOrazR4e6tcnYEFY7yVs9vVA9usXt22UBn4ecsq351OkE6YwPynR3OsyQI6E/pALarb9Tz5xFXUW+yoWmw7uPZbjg37hVeoCSb+qj/w4igL9TbQm3QBnpHdmL7oH8fDuIMo5cu1Fob9qmerLd1v+Tuv3nJ6YzjxsSfqz0WOnMndL7QVWm1i/EP/8P896v5/MCpoeyijfvcwkyI935OPT3Uckx79R9Ce8RMf5kn/5gkseDR426uBO8dNYMETvjcq+s/8K8/d1IBdNqHXAIz27zroup/RteQYUbTDgF/wauBzjxzHpIeeZrylgWNOHaFGX68TGX//Xxlvt1BvAf1MHSr//SSOSQ8/zaT22riEaSn8dAnXEKJVCsFH8JMi1qHgp8LutPBDyZsMTb2LzC43kNnlRsBNvaWcHw6+Sb2lzC8+GjRRTOr7FwCqj+5nU8n/AVB0+HMuT7mdoal34XQ1U33sAKHaBCL0yeyv+p4YYy+Gd/8NTlczlY27iTR2JyakJ9tK3+NoczUxxjRuzX6DHRUfs9u8isuSPbaGpt6Fy+2gpGbjBSU+nk/OXHzsFc/dCWqgmaK1FSfcNXtQEoP9CX08+3/TwWaK8o9SNyCUBJeF1cs9YuPVP+vPLQk6MvvD59sBdIwdlcjYeC2h2Nn7YzlP1YQyP9OAARtFhyTSuxuOb9voiddP7pvELX1MJBugvraJ1RtKWH0knDuvjSVNDeUlVdgTY8kIcVNSXEW+IYJrk1QYrFEsnBJO+d7dPF8Wxd1DougTrgJLM+Xl1by2vgrhlCm4UHG5XFgsllYP523lKNy7dy+VlZX+46qrW+dwqa6uZt++/ej1et58801SUlLo0aPHSfuRmprKokWL+OKLL/j000/56KOPmDZtGrNmzcIU6KHnduGibQGyvLyc/fs91TF1Oh0ZGRmtQrP37NmDUqkkNjYWjUZDSkoKW7ZsoX///n6hKitrEDk5Oej1esaOHcuSJUuora3125owYTwpKSlERUXRo0cPdu3a1Sr/pEqlIjEx0VPgxe3m0KFD7N+/n9mzZxMVFUV6ejp79+5FoVCQnJxMdHQ0FouFyMhIunbtSlNTEyqVivDwcJRKBWFhYURFRSFJErGxsf5Q7qamJjZs2MDo0aNJSUkBYODAgWzatImrr77a35/bbruNwYMHU1dXx/LlyykvLz8uPrrdNDU1kRtgp6GhgfT0dDQBhWCmTJnCmDFjsNlsfPPNN/5w6tzcXBITE4mIiECSJJKTkyksLGTs+KvIzc1l4MCBpKenY7fb6dOnD0aj0W/z2LFjrF+/njVr1jBv3jyMRiN1dXVB69FkMhETE+Ovdu0TgYuLi4mOjiYtLc3fT71ej06nIyYmxj9Hgs6Cx/NSuiQF4w4gq9Cb2gmdVekIVbVc76Vs3KJi2G9O4B2o0RF6KqlRS39gi2oIvztdh8MTjUFw9lG1Ub36bDehM7Vuw76f914uZNCv76Pradhrsyq7SkeoWDqnRKDwE2VUCcFHcF4Q61DwU3Gw9gcO5v1Al7ABGNSRHG2upqxuW6v9zA072XhgKSqlPmh70eGVVDRsJ9LQjeqj+6k9dpBQXRd/DsiW2wyaKJodR7E7LXyw7Xet2vmx6luSwrMAOFSbJ8KvAzhz8TEulCFpWsBK89oKyk+w6+a9NkZcm0CmHv/+HRUfW6MmTCUBDuprPJ9cPbEHtyRC+aEGdupMZGcmcndBI6jVJBi1JITYKW+0YzdpycxM5O7SIl6K6MFDQ4xQ00BBmYI+XcOZOUGB/a1aQEF0hIpoUwLNlmbsSi3JkSHUqxQclzVcHD1q5O7RiQzRW8k/0IA93ER29zCy11f95B6ZAkFH0ev1JCUl+XPynYi77rrL76JttVpZtGhRq30GDx7MAw88QHNzMwsXLuSzzz7j7rvvPmnuPVmWiYyMZOrUqUyaNIk1a9bw6quvkpyczPXXX+/fT2pHeARPwZsFCxYAMGjQIB577DEiIiL82+12O5s2baK5uZmPP/4Y8BTB2bJlC9dff70/h6JSqUShUCBJEnq9noaGBiwWi198VKlUyN4wcL1eT21tbbtj8uFwOPz5FgF69+5Njx49UKvVbN26leeffx6dTodWq6WoqIiRI0d6xusV4TzepZLfru9vp9NJc3MzGo3G/1lkZCQ1NTVB51Sj0fjHJcuyX8jzGJf9+Th9dkwmEw888ABqtTool6NSqfTnrASPCN3c3MwHH3zAypUr/fN8zTXXgNdmeHi4x3tWoeCXv/yl/1iA1atX8/3339O1a1esVmub8xg4doDs7GymTZvGCy+8wAsvvMCMGTO46aabPF6yAfMl6GxIZz3U+9ImkZvmP4j9bNZdSryeBQ/ZL51K052WWKJiTr7XOUPVjZsevo/W1cYEPzU+4Wd4z3DW7akVgo/gvCDWoeCnpC3BsSWVTXva/Lz22EFqjx30vw8sPtNy28kKyNidFvZVrT9pXy5Fzn7YtctJySELoYE5ZhxWNm+vJDqxGwknqBPRIVQ6xk7pzQi1mgQjHCmpYnkZYEpkaIICu9nMQ59XkDmuL9lREvrqQzyuMfBGLxVFWwpZmA/pY9N5KFVNcircEm3E4LKw+st9vNHgCae+M8nAkL77WPixkbTZkSQcreehd0oYMq436U1mXtoQzsLZkYTWVPHQp5VADA8NBWzNbN5RwjcR8dwd7aTkDIcqEJxLYmJiSElJYceOHWRlZaFUKnG73TQ3NyNJUpDnm0aj8XuTSZLUpnekUqlEp9MRFhbGyJEjeffdd7nhhhtITDzuKuP25kUMxG63+22GhYUxZswYcnNzMZvNwQ2cQJsYNWoUQ4YMATwFX1p6vpnNZrZu3Urv3r3ZvXs3TqeTxMREcnNz/aHXgN9b0ReyHB4eHuR96RPubDYbtbW1ZGVltd8pLz7xzVdURpZlFAoFdrudzz//nEGDBnHHHXfQ3NzMokWLWleAPoFdlUrlL74CHm/IiIgI1Gq1v2L0qdhxuVz+c3EyEU+SJFQqFdOmTeOuu+7yC5tqtRpZlv02nU6nfw4CRdmrr76ae++9l3Xr1rFkyRKSk5NPXEgIj1fr9OnTufbaa1mzZg2vvfYaPXr04PLLL+/QWAVt0ClyHwpOGc3Z93xTaYT0eGGTyd0vdawK9jlFCI8XDDa7i9WFZ6/SuUBwOoh1KLhQaHYeO99duOQ56+Lj5vV7+byhGUxqogkjs9nKN9/v4mNlMvfnhBJNM5u/q0aVGXZmDcmAy0l5eaUntDlZS5QMGMJ5aVYsBiUcNVfyeTGQ4D3G+2NLkbmZo6lqkEGvBOxOjngrpn9zzMmdqAgLFE/dLo4AH6/ahcdnqmX27kryK6NJTzJx5/UDmGm1snnzPorObIQCwTklNDSU4cOHs2zZMpKSkujbty8NDQ2sWLGC1NRUbrrpptOyK0kSAwcOZNmyZezYscOfG9LpdHLkyBG/wKRWqzEYDLz55pskJCQwaNAgDAYDu3fv5sCBA0yYMKHDbapUqhN6WO7atQu9Xs/s2bMJCQkBPB6c9fX1/tBrgIqKCg4dOkRYWBjr16+nf//+GI1Gjh49CnhCt1NTUykoKKC8vJxevXr5x2K1Wjl69GiQaAsQHx9PVFQUX331FVFRUTQ2NnLgwAEGDx4MeARZh8PBwYMHKS0tpampyS8myrJMfX09Vqu1lV29Xk+/fv3Iy8vjiiuuwOVysWXLFjIzM9FqtR0WH312vv32W7KysjCZTGzfvp3MzMx2w5cdDgcajYb09HRWr15NTU0NERERVFZWYjQaiY+PJz09nQ8++IDCwkK6du1KYWEhycnJfjFapVJhMpm44oor+Oyzz9i6dStDhgxBpVLR2NiIzWZrNeZDhzwV6SIiIujTpw+hoaF+r0lZlv3nVKlUtimQCwQCgUAgEAgEgkuHsrptvLnp5+e7GwLOpvjoAjtwJDyGx68LpXn3IR7fWMdrKyshOpn7R4STQDObc/fyfFEzHKol+nTasXtzPnZJ5qlJ4WSmJRK9vfR4bkWHlYLiWooP1rG6pJ34+jAlBqDe916WMHj/jJZlwEldfZtHtsvn3+2jPMpEZq8wsuN1DLk8mbKiYq9YKRBceMiyzHXXXUddXR2LFy/GarViMpm46qqrGD16tD/EV6/XB4XLgscTMtBLTa1WBwlFCQkJXHHFFXz33XcMHToUvV6PJEn+4i0AQ4cO5cEHH6R79+588MEHLFq0CEmSMBqNXH/99eTk5PjtqVQqdDrdaYXU2u12CgsLycrKIioqyu99p9VqycnJYdOmTX5xsba2lscff5ySkhKGDBnC9OnTUavV/u3ffvstb7zxBrIsc/fdd9Ozp6f4wqBBg/jkk0948sknmT9/vt/7UpIkoqOjmTVrFs888wz//e9/iY2N5ZZbbkGj0TBmzBgWLlzI+++/z1VXXcW4ceMoLS2lubnZK7ClM3/+fMaNG8cDDzyAJEl+u0qlkqlTp/Liiy8ydepUAMaMGcPEiRP9506n0/nPnUqlIiIiIjjsGo/H6pQpU3j66aeZOXMmBoOBESNG+HNZajQav7Drs2k2m3G5XFx55ZUUFBQwc+ZMJEmiW7du/OpXvyI+Pp7x48fz448/8utf/xpZlrniiiu4++67/X3xrZeoqCj/Wrn88su57LLLeOGFF3A4HNx2221B62znzp289tprmM1mdDodY8eO9Xuf9u7dmw8++ICpU6eycOFCvyesQCAQCAQXMyrZjd11dlzYVXLHoi8EgpaIdSgQCE6GNPixdWd2dY/ozRvdFeTnFfNUXQyPj4wiWQPg4si+cp7fb+DuEeEkYGXDN/t46ceT55drE1Ms86+PJ42jfP51KW+XwMwb0hgb5aRo8yHe3qJj5h3xpLmO8vGqEr4hhKu7a8hfV07+iN680UtNyY59PF+sYcroJIaENrNhZRFFGX25M0lBSX4x83dqufvqZIboj7L89WI+JomFsyNJqKtm5ruHAjrj/bymivnLqyE6iruvD8eev4v5G2HmlHTGhln4fMlu3j6jyRVcDKy+NwOAbdtOnoeiJb48i2OfyeeL+zxiii8s2O1243I6sTvs2O12j+ddUxNZA1rXN3W7gwrLBnzuCbNubGzEarViNBrR6XT+HHoul8vvdRcoQFqtVn/uQ8AfsqvVav372Gw23G43Go0Gt9uNxWIJEr6USiVardafu/Do0aPYbDaMRiN6vT5IdLLb7TgcDrRa7WkJkDabDUmSWoX1Btr95JNP2LhxI/feey8ul4uQkBB/e7W1tcydO5df/OIXpKWloVQqMRqNfu86p9PpnxOtVuvPh+g73ul00tjYSFNTE0ajEYPBgEqlwul0UldXh91uJzQ01B+erdfrcbvdWK1Wf75I3zz6PAJlWfbvU1/v+bUkNDTU36Zvm69que+9Uqls5SXqOz91dXWo1WqMRqM/B6TVavWHZvvOvS8sv2X7RqMRrVbrD+G32WzU1dUBnuIxWq0WWZax2+04nU7/evGtH41Gg91u94+xZd5Ju92OxWKhqakJtVpNSEiIf606HA6sVitutxudTnfReT663W6Rz7KDNDQ0nLENs9mMwWBAp9P5Pat9+WBb5iI91fPy9fe7GTm01xn3UdA5Eee/c3Mhnr9vCg5SWOk4Y+FHJbvpG6NkRMaplgs6t1yIcy5ozcW+DgXBnOy69EVxuXFid1qxORr57+Y7fqruXTJMz34djTIElUKLhOdZvb3vpWfj+3H5EQtxsVGnffyZP51ZbeTnlfFUXSwLx0SSINsp2lyFvXcsmamJPJ4CuM5QeASuvjKGNA2Agasvj+Jtk4YhUTIgk56dwNgtu/i4yMSd/Q1c+7N0rgWwW1EdKicfAJnkfj14qh+AiyN7zbxUBjQeIXtSHJmZvXgjE3A0k59XwsfAnVMjPRHbYZG8MZUAAbKW4ppwEiKieHx2FHazjSMumeTMdI8NXBzZWyWER8EFj09E8glJLW9Wsiyj1+tbHRcoMgJt5uoL9ISUJAmDwdBqH8AfIhuYU7IlJwurPhktw3fbs+sTFQOLuASi1WqJimp9w1UoFEHja5l3UqHwVK0ODQ0NsqtQKIiMjAyae99cSpLUSmz1eR62fO87Hx3Zty18Hq5tnYOW5zrw/cna12q1xMbGttrWct5betG2fN/yOF/ofKBN37kTCAQCgeBSYkRGV0ac704ILnnEOhS0jeT5T5JRyCqcLvv57tBFg0JWIUkyEhInLI5wAXHm4uPG/TyVnOQRHrGT/0MxT+U3w95m7h6fxBBT8xkLjwCff7q9VeXou7e37Esxv9uoIzNNi77ZygZf2HUygJOijftZfUyFva6WfF+cdkMlT71dSXJyOAlqJ+XFDf5CMa+9u43X2uxNE68t38WGVAOh2Nm7r4kj4LXhot5cT9GZC8sCwU/K+faqOt/t+8KSfd5NgUiSRGhoaJtC7KnQ3hjPdOxna+5O186JjjsX5/V8rxWBQCAQCAQCgUDQASSPABkb0pvy+pYCjuB0iQ3p7REeO9Fz0ZmLjymJPH5lONFOK5t/2OfJ5wjQUMtLy618k+CkqPzMhMdTw0J+cUCuxy4xzAxTABJhCWFEF5Ty+ZHWR5WU1J5idepmivYFj+vUbQgEgguFsWPHMnr06DY9LENDQ/nrX//argelQCAQCAQCgUAgEAg8SJI39RcSsqSgT+xEDjfsxOV2nO+udXpkSUmf2InIksLr+Xh8vi9kzlx8PFDK/AOl7Wy0UFR+xi2cGXoNySon5TVOMOhIODPHJYFAcJFyorDuE4UsCwQCgUAgEAgEAoHAgydKye39W4EkKYkOSWN499+w8/BnVB/bh9MlRMhTRSEridSn0iduItEhaUiSEkk6XpfhQo8Ou7gy8rdF8SEeLz7fnRAIBAKBQCAQCAQCgUAguPjxFDyVkXGjlFU4ZS2xpt6E6RKxuyw4XTacLgdut+vkxi5xPDkzlShkDSpZh0ZlRClrUcoqZElGkuR2C8xeSFz84qNAIBAIBAKBQCAQCAQCgeAnw+P/KCFLSlQKT4FKWVKicupwuR243E7AjZsLPF74POIrKCNLCmRJiVKhQSlrUSm0yJLSv0dnmEEhPgoEAoFAIBAIBAKBQCAQCM4KkiThdruRkEECpaxGlmQULhVqhQ6nywmS2+v5eIG77J1X3EiSDG4JhewJYfd4PHpCriV8Xo8X/hwK8VEgEAgEAoFAIBAIBAKBQHDWaClAykioFErcbidKhRvcwuuxI/iqWktIXsFRQpJkz7zSOYRHEOKjQCAQCAQCgUAgEAgEAoHgLOMTIGVJxi3JHsFRUuAUDIvQAAAgAElEQVQJFPaJZkKAbJ/AOZIChEg6jcejDyE+CgQCgUAgEAgEAoFAIBAIzjo+AdL3t+QV1NxCc+wwgRqj2+2VIjuR8AhCfBQIBAKBQCAI4pjViaxw4ZacqJwySoeMQuH9wux9+TidL35HLc6z2V1BJ0Oc/86NOH8/PWLOBYILD3FdCk4VIT4KBAKBQCC4qFm0aFG72x544IGfsCcCgUAgEAgEAsGlhxAfBYJOTksvHIFAIBAEc+2117YpQHZEeJREBUaBQCAQCASCs45bxF13mIvheV8+3x0QCAQCgUAgOJekpaUxd+5cXC6X/zV37lzS0tJOeJwkSQjtUSAQCAQCgeDMcLvdXrEx8CXoOMfn7fhcdi6E+CgQdGYC844hPCAFAoGgLWRZpmfPnjz44IMAPPjgg/Ts2RNZbvtrkEd0PLO8jgKBQCAQCAQCj/AoSYDk+dvlduFyO3Hj8r6c4tXuyzNHLrcTl9vlER29X1M7mwCprCn78Xz3QSC4yMk4CzY68OArno0FAoGgXXwC5B/+8AfS0tLaFR5PBSFKCgQCgUAgELSPTyBzuV1UH9vLjoplHG7Mx+GyneeedT6Usoa4kEz6xU8jUt8DCdkr7HaO76Mi56NAcBHRWW48AoFAcD6QZblDwqO4lwoEAoFAIBCcGT7h0Y2L6mPFrN7zRyE6ngEOl43S+k0cbsxnbM8niNSndSoBUoRdCwSdHF/BGVEUQSAQCE5ORz0exb1VIBAIBAKB4PTwhVq7ceF2O9le/rYQHs8SDpeN7eVv4/aGrneWEGwhPgoEnRD/Q3GLnGSd4RcPgUAguNAJup9Kbd9zBQKBQCAQCATt4/N7dLsdHG4qOM+9ubg43FSA2+0A3J2mdI8QHwWCTkbLh19foRnfy+5wnaeenX8uhMpfP3UfLoQxCwQXG4H3VEmSW20TCAQCgUAgELSPxxvPhcvtwuG243Q1n+8uXVQ4Xc043HZvERoXneHrqRAfBYJOTuBDsqxQUGGuOqXj3W43drsdq9VKc3MzLper1ba2xC2n04ndbm9lq7m5GafT6f/Mbrdjs9mw2Wyttp0OLpeL5uZmf38D+9bQ0EBdXV1QHx0OR4fs+sYaOP7ToWUfAunonHUUt9tNTU0NTU1Np9XXU2mnubk56Dye6TydT1quyY6ukfY4W2tHcOGgkBXC01EgEAgEAoHgNAh6dnQ7vR56grON2+0AtzPg/YXtkCIKzggEnQRJkoJuKH7RUZa9/5dQKBRUHqkGt5suCTEo5BM/OLtcLsxmM99/v4GdO4vo0qULV155JSkpKSgUCqqqq/n2m28ZO3YMoaGhQcfu2LGDsrIyxo8fj1LpuZVYrVZWrFhBnz59yMzMxG63s2rVKioqKpBlBSqVkr59+9KnTzpareaU58DpdFJy8CDff/cdBw4coHv37owYMYK4uDhkWeadd96hurqa++67D7VazZYtW2hoaGDEiBH+PrZHXV0da9asYejQoSQkJJxy33wE9kGjCR5jR+bsVLDZmnn55ZeJj49n1qxZJ9zX5XJhs9lQq9UoFIpTaqequpqVn67E5XIiSTJ6vY6MjAy6d++OWq0+JVs/BTabJ59My/kHWq1JWZbo0aMHGRkZGI3G0xKbrFYbq1evIi0tjd69e59x/wXnH1nhWRuSJCH77rEtvc6FMCkQCC4ANuwspbDSgd11Zvckleymb4ySIX0Sz1LPBJcSZeXlVFUdwXWGTgayQkFUVDRdzuC7uODCwPfY6saNy31m60LQNi630x90fYHrjoAQHwWCTklLIVKWZBQKBUqFAoVCSVm5mZKDpeh0WiSgvqGRMJPBE6IbkBXCZrVRUVGBSqUhKzsHm83K5rxtlJaZMRgN2KxWmu1O8guK0Bv0QX2ora3l6LFmNm/J9wtpDrsDWaGhsqqWzVvycTldNDvchJgi0Bv0uJwudu/Zh/lIDZGRkaf88H606SiHDx8mNCyKrOw4LJZjfL/hB+Lj49FoNcTFJxEZFUd+QRGSLFF5pIbmZjt5WwtOKrhZLVaa7S72FO+j/PCRU+pXIIF9kBXBzuUdmbNASg4dITkput22XE4Xvfv0R61WtTq2JQ67nfLyCqKjo9Hpdac0JpvVilqjQ6/Xo1SpcDld5BcUUl5xBFOo6YISYdxuN1VHjiDLMpFRUa22t1yTuN2UVxyhtu47YmJikE9RmAWwN9ux2hwcKCmj6di5SaR9srUgOE5jw8k9gY//eBMsMKrVavR6PVqtDoVCIUKuBQLBBc/ZEB4B7C6JwkoHQ/qchU4JLjmqqo6Q0KULWo32jOxYbVbKy8qE+HhR4e5EWQk7F5557Txzq7xy5mQAvn1jxXnuikAgOFUCQ64VCgUKpRKNWo3L5cTtdnP06DEcDgdV1bW4XZ5w32A3eDB5PRolJBRKJTq9geZmO/baety4iYiMwmZrprk5OFwYt0RoaBiNjU3+arBu3ISFhYNbos57vF5nQK8z4CsYq9FqkSSJurr6U64i63a7CQsP91egNRpNuHFzzGLBYrGi1enQanXUNzQAoFJrUKk0NDQ0nrQtN24io6Kx253U1dafUr8CCexDqzY7MGeBVFRUEmps37PQjZuQEBNInLTPbtwYjSFYrTZstlPLueKbm0DhRaPV4nK5T+s8nkvcuFEoVUDbc9LWmlSrPV+U6zuwTtprMzQ0vEPn4XQ52Vo4Zew2bGjQqM6eyQuFliEnbQqGkudMS7IcIDxq0Kg1KJUqlEplUOi1EB0FFyw2CxZ06E49mEBwkXA2hMdzYUtwaeFyOs9YeATQarRn7D0puJDwCI9ut0hNdC5wu12dSoA8h56PaTz5aDYT9BaOVDeyIb+IJV9UUHruGhQILnoCPR4D/5YVChRuN0qlEpc3DFaWZZTNCpxOJ9qjVvR6A3CSXBBH97F+XRF++UQVRc/sbNLCfLeKJvat+5qdLR2LEgYzKdPQ9jagy8CfMSBkH+u/rSft6oHEBmwz539KsXEkw7obMRf8j/2hY8lJ9rbXXM2+H81oE9NJCPEeUFPE6kItQ4anYmxnGOb8T9lcfvy9octgBveLxeBzYjq8lZVby1ocFUqfK4eT2tjWNsCYzsjhqRjaafNcoNHq0Bt+whYr1vHGtlimX93zrP3jUP79G2yNms6knsLR/kw422uhZsM7LK0bydyrU0/tQFcT5kNHMSYFXE+ni6OO4h/W88OuQ1h18aSmDSKjf1cifoJIfp+YKMsysiyhkBWo1WrUGg1qtRqlUum5rwZ4wgYKkJ1LjLST9+/nqBk7l3FdzpJJWx5LX6xh/L3jEAGa5xfzN8/yZNVknp2efopH2qnecwBS04g809uzo5qCrz7jqy3FWAwppGcMJycnjVghiAoEAoEA4AJyVDgZyRGXAVBSs+k896QjdJ55hXMqPhYz7yU10fcPZGSPULr3SOTWq+v5et1mfvG+kCAFgrOBL1zQ5XIhKxQo3Ur/5wqlEodKjdPpRH/UhtFoDBIe2xQhrQ0cKIac302iOw7qD+Tx9XtLKLvufialAFhpOLgXS7fryA6MhgiPwWDQkpDWD9kKlG/moz1Gxo7sjRENUV0MGI42cKDYTMoUQ5CAZzfv5YBrLBMMBmJUTby9+zBj0nt5Ntbnsm5NLoorUrlrWCQATTuL2GG/gsknEGLs5r1Uhd/KzJxIaKqmcNOn/N9HOfx6RpZHsHSaKTYrvf3zoSEuzIBB242+fcKBJnZ9vZqmnt6xGrsQ81MKgYBOZ8DQkTatZax55z/k1WpQAInDbuXm7Ejvxr188cJKdgUdkMLYX06mbwuR58fdhai7DiPUYCfv7X+zviZwq5HsKXdyhVc5rit4n3+v+hFUChz6flx36wS6t/zB27WXPTvUJN8ZisEA1Bey8p2VFFoVYDWSeePtTOjuezq1UfbVMv6ztQqNAkgYya1TsogMErhs7P7wn6yPu5M7h4S1ngfzGl5coeXm2VcQ2Xprp6bDa6GDWLVqlAr1qdssXc+HK0rJ+dWdXBF+Jj2o5rul/2FXwmSuvWMShqZqCrd+TUF5GpP6ns5Xk72s+Fs+vf9wI71OsFdLAdF3D1UoFKhUKs//lSoUCqU37Pp4SPZ5oSaXpf98n51OHUqXjqzp9zCljydtQvW6F3hurTlod1PObOaObyEH1q1n7Z5EJs4Adi7nkfcKgrenTmb+rVmoACwHWPHKC6yv0qEEuo2fw+zhsbSkIXctxfET8WSatXDgy6UsXVsKOCB5MnNmDyPWd+2eYAx+Klax+JnDTPz7DFpLaHbyXvsj+dlPMCvzInTVPRvYTyORf+NGlr2yHNMdzzKj75k0bmbVc4vJT57BtDmTMTWYyduwkrWFc5g26PTOV9F/7yG3/7PM6n8m/RJ0FJNWSYNVFIMQCASdj+SIyxiYeDOHajeTd+ht/+dX9vgdkYZUthz67ymLiDkpv0Ct0LPasZCKhh1nu8uXNOfWFaWykF88BUvuH8igymI+JpGbJoxkQ9xWbnqhUHhBCgSnQVvej76HaKU33FSWZJwuJwqFArfbjU5v8YgMQRHXbYmPOtQqA+GxccQBcbGJRBzbxz/2lHNzv56ABZ1KRUTvy7m8jZxAxszLSQbYuZ+VpQlkXH45x7PU6VCrNOiMxiCPRZ1GhVqnx2g0YuzRg4iCWixGI9FAY20l4Vk5NNXVYzQmA1BeYyY1tTtGY3t+jx6burAY4mKjITaOuG5OKhd8x57mEVwZAeg0qPQt++ejF5cnABzBtukbytoZ60+BzjsvJ8ZO0WfvczD9tywYFQ2Wnbz9jw/4rse9TEgEGMCNfxjg37di7RLeKkkjNSL4PODaSdGe7oy6Lg6jBkb88mFGeDc1bl/Gy2uNpCUaMWqAqm95/VsN1zy4gAwdHPnmJV7+Yg8P/HwQQfrjzl3s6T6KGxKMqFz7+eilLUTeOp8F8Sowr+YfL3/OvoduJUMD9p2f8n5JL347fw7RspWid5/mg+9TufeqJL+5I9+8yYofnUR31bQxL3aKPiskYdR9JBvPPOznQqNja6HjWHRqVJrTsNn7Rh7961noQOl3FHAlt0/J8lyDsXHEdT8TBUSDrGh9f2lJUFi9FCBAevPmegrNyKhUqqBw6/Pj9Whm1Ssr4GcLWDRI5xXo3iT3z7PJ0UHk8DksGO7dtTGPpYs/w5TSWig0b8rFkjODdBnoM4UFj0zxbHCUsvK5VziQmugRHrFT8O6/KOo1l0W/jwVLAUufeIUVXeczOTm4Xxs3WMiZ4ZEJG9b9i6UVw5n71yxMsoW81xfwysoU5l+TeNIxAJ52XlxJqSODNuWPyq/5smIYt/QXwuNZJWQYcxYPO3M7Jbmss41kzpQMT1RDiIlRU+45I5MO+8n3EZwdxqZHkhqt44MtZqoaxcQLBILOhUYZQqQhFafLHiQ+hmoTiNAno1GGnODoEyBJyPKJpbIYY0/G9X4Yh8vGO1tmn147lxjnRnxM7s3Tt2YwMk6B7XApLyz9iMd2N1HKRpZMGM9712fz8f1w7VNCgBQIToegkGuf56Ms43a7USpVuGQXCpcCpUKJ2+1GrVaj8eVhOVHYtUaNUqFCo9H6RSS3E6Ijorx5XLSolEpUai0nLFatVqFQqoPstGUbQKNSolRpPfZTk+lWn89hSUuSGg5UWuk+pBc171fSoNESwxEOHw6n+7DoE7YfZBPAKuNURRATqUWrbqd/rejgWM8hao26A/lzfqRodwLDr0/y9FMzkDHZ/+OtPZVM7t41aM/KtUt4/ceB/ObXVxLTQj+xbytgf+9sbjVpCXzEtxT9h5e+VHHjfVNI93alck8hlsxruSzM80HSyOGkLSikWBrKYL83pZ1tO/aRNvDnhGhUQB9ufLAHKrXXetfLyY55i6PNWrQm+HHXHuKH3UiSzrPOBo3M4X/LiqmcnEZXGilc/jIrGoYzfewG1sra1vNS/wPflQxg3K1haDtXBEKH6NhaqGHdS/+kZMSD3JquBWshb720g+zf3UxvhZWDa9/hrW920yhH0zXSgiLSZ3M37yzIJeHacDZ/nEulI4QB0+5iiPkTz/4kMP7u3zAqFmrW/5Nn1ycw/b4b6K0Gdr3DI5sTuLnLPlZ8s5tGVwjdf/YLfnHZSYrjhIcS1riLAxYtSS2dWM1f8szHJu78ZQ4m70eFyx5ha//53Noln7de/Yx9qFA6QTfw59w7wcKKRZ+wXwEVLz7D/8JG8as7cohw1/DDO6+x6oADXHbCs27n9gld0UkStd/+gyVNQxhS9SWr9jQhJU5gzvRINrz1Pj+YHYRm38EfbslA7/V89PGTekBWFrC5MZMpg7wqXfxIhqWtpGC7nZzLAq5SSwFL/74cpj7ClJ4tBbpScjc5yLijhTeky8yq555jZ/+5zB3qEyx3sjk/luF/9r7XZTA6ezlLtx1gcnLK8WPLcsl1ZHCHN4TbNGQO869QoZIBdGRlp/Hmlhog8aRjsJes4pWluUROn0bGq0VtTkPRV1+hGj6PlDMN8+9UVLP2mcXsH/sIs/rrPOf4mXxyHpxButLCgS/fZOnqIhoUsaRENYC/tlYRb85bT+KNEeS+vx6z3UTWbb9neMX7nv1JZNK9cxkXD+xcxgOvlzJx7lxGxQCFb/JAbiIzkopZvrqIBpeJtBvmMGdoa0E7CIMeU00hRTUQG9FiW8VKnlweypzfDvNfywX/foDNA55gVlIeS/+5gmJUqJygy57FvGtSKFr+CG8XAiWP88iHEYz/9RyGRVST++aLfLbPDi47EZfdxV3XpKADqtcs5sWmYQyr/IzPdjZA0iR+PyOC9a8vI7fCjil7FvOmZ3BqZdYuDcamR9I73kB1UzONwvNRIBAITgmVUu8RKF3nptjkxcg5EB/TWPLbyxnp+5aRnMpjv1Qzb+4a3gNKv/iSmxjPxzdm8OTYQmasPvs9EAguBVoKkG63G5fL5fHe8QmS3u0qlRq1ugOJ1NQqFIpjlOwsAhoo276NrZWZ3PTrbqg1AGpUSoWnWIX/B3IVWqMuSLBCrUShVHnyp7Vp+zglRxUoVJ5ca5BGStKX1NZqUHetpLw8gYSu3TCpCilHQyLlVDb0YmiPALttoFIqaD7yI4U7j2CvPsDWbTtQTL6Ly0I0x/sn27HZbfj+uVCpTC1ERs9YlWqNd+w/PSr/vJyAI3XUKMKJiDw+J6YQI8cO24KOrfz+X7y6QcP4O4YQq9UEny8ayNtSSvbo2RgCmrPufo+X3quk79RZ9AvReMUFqKuuISwu6rh9TShaRQM2qwa17wfGpjx+OJTNmDuMqL3HBY3l8A6218cwJkqDWlNJbZWC8Oyo43MdGoqxqRSrRoMaDcljfs3DcRHUrvkBBa3npWTTZpQTfk2GtJ/ly2oYfdtQWj4Hd2Y6tBaIZ8y04Sx+ZQV7et+C8ouVMHYuGXoN9sJ3eLOwK7Mfn00XuYEdy5/jDbvPpozbuZcfymYy5883EVL6IY+//BLHfnYXDz85G+emf/FI7n4mTO1N3JgZjNzyBlW+c60E148b2N7/Lh7+awyqgx/y+NvbqBj+M5JP2NUJzLh6F88992e29h3LVVcNp1+kT5juQ/eqlRRZR3BlKMBeftzfi37TjOxbsQL7+D/zl8s8UoLdASol3PQnGctDWxj00Ez6eZuoXPMf1kXO4LHbksFVyf+e+Ser0hcwpQdIkpv6gu0oZz3M32a72PTKIzz/78v45Zy/M91YwvtPfMCGmgGMiz6PeR7NhzCHJPlFG1ChV0N1XQ34Mudailj2zFLKes1gds825JU968k1DGNeYK5Hl5n1Lz/Ll+rxzLks4CqpNGPGRHaAk4BOp6OhoiHIZPF3ueiGzzue61GpCrifWMjbXExk1PgOjUEVM4gpc8cRG1LA0rbmwJLL+sJMJk41YV77LOvi7mHKJVGJN5JR04aR++LbFPSYgfLD5TjGziNdCfbtb/OvLV2Y88RsEuUGCpYtZqn/32MHdlsR6/fN4vePT8F0aDmP/GMxDZPnMP/vs3HkvsC8tUWMm54OfaYxrc895JvxiI8uO/ada9ncdw7zF85GVbKcR97M5cDQyaScoKdEjWPG1fksfuIBcvuPZ9KkkWREeVdEfE+6HV5BXt0wRoUBFFO0J430aSqK3l+GZfyTPJlz/FoGSJ+ygFuO3sPmQfP9YdfmL19hVdgMFvw5BVxmVv79WVb0epJpPcHhtFO9OQ9mz2fRLx3kvjiPxa/kMPu3i5hmOMDyvyxnfVUG46Ja9fySJlB4/GCLGZu9cxQrEAgEglOlS9gARqfNpdl5DJM2DoWsptFWybq9/+Bg7Q+E67syMu0+YkN64XI7cbtdWB2NAAxIvIm+8ddgUEciSwocrmaKKj6lpHYTo3s+gEEdiUEdya+G/Y9d5i/YU7mGYam/JsLg+RZcZynj+33/4mDtD+dzCi4Yzv7vyDld6Wtq8Zkpkgk5x9+WfvE9b+1TMGTkcIac9Q4IBJcOLUMB5YDKrQqFwlOxVaFAqfT8ffKXAllSeAsthBOfFEeYrZiiMrt/u0KWqNr2OZ/9z/cqoKalHYWMLLdsU4EsHaNi7x72BLwqjkqefJVKJUplDKldnRyqOIbSeQiznEQPQwJJyQcpLVeiLC/lYEoqXU8yDoUsIcueYhHamGi6Rmio2rmfGjmgf5b9rP/f8XGsKznWqr8KWUJWdGTezs1L0aG2FZ6Q0YDPErrEtZh/O/VSb66dMgTFdy/z539+c3wulEqUTQVsPjKA7L7Bto81xTD8lol0PfgOf33iLXbaA+ZXEWg/nuTY4D4c257HkQGD6aduo8+Nefx7SS7RN09jsKGduY6PJy5gXDGJMeh8507RYm05C/h6YxyjhkSgPGbmYI0dztM5O79rQYky8WfcMvgwy1/+B+9bJjIjJwSlUsnegkJSR08gWatEqY4gIcYQsEYUyFIcQ0YNIFyrRBkagUHqyZUjk9EplRhNBuQys/c6V6BTBpxrhYwcfSU/G5qATq1E2aM33RrqONaBviaMvZ+//HEOo0J2s+LZP/HX17+hzK5EqexN9oBaCnd5r8nyYnYn9KWfQUmIVk/F7iJqnB4bOm1710E9O3fayBzU3fNencBlWWEcLK0+3u+0KxmdokOhMBISIhGXPZp0k4SsNBCuKePQ4QuvwExsfAsvtLoGIq+YwcSk/bz5l3ks3W4J2ly0JZ/Y7CyCvpbZqrH3mMy0wfDVi39k8ZfBeSNP2J6riLz8WHIGtfyiB2DhwIoXWFaTw4yWeSfbs6mLJPYEEVGlq1dhvmwY6TKYDx6g4VJyzoqfxC3ZZbz93GKWHZ3IDK/gvnNLAd1GjydRCcgmYqNais6x5IzMwKQEDKHoSGP4CE9ovc6gg4Nl+M64quVTQNRwJuXEej7v1pOUumoaODmxY+byxJ/mMMpQyPK/P8AjL6/igAUgjazMavK3e62UFFEUl066BvRqHaWF+Zi9vwCq2nWHqKZgu4WMAV4JVI4le5CJ/QcC1m2P4YxKUgE69AaIzR5Feggg6whVl3KoogODuIQQwqNAILjkkCQM6kgKyj9kR8UnGNQR9I2/BoCclFlEGlLZefgLNpX8m2bnUf9hx5prqG76kdwDr7F+30s0O5roHnUlMgryDv6HY8211FvK+GrPIooqVpLZZQpGTTTf73uFVbueRKM0MjDp5vM16guOs+/52OCkteOpE1vQt5cmnl5XwU23xXNnDmzI7YDdSSP5ItsTm3WoYDW/+PB4Sd0hU8fzWB89AHs3f8SclWfQf4Ggk9EyByTgDxP05YP0CXEnRZaR5FB6Zw/G43AwmKG9P+avS1ay7/GbScPzgJ84aiYz+53AjkJGkjwikb9VWUaSExnz85kE5pDf/sY2Vgb0LzU1lYN7K1DEHaKkW3/iFQrU8VGsqTpKXXM5muQhhJ9kLApZRt+lH4OzPQ+5g7OHEr/kYd7dOIDfDzN5+mcawOSfj6X9gDLPWD1C7Enm7RyhUMgnP2+yjOQtmOHbs7q6zv+ZByP9Rno9kbL7oX72MdbsGc+t3hR7pRs2YBtyO71atBU/dDzxANmDiXc9zGeb6hgwOhKFLCMFrak6Kmsk4mTfXJWy7jsrQ27v1WruLPs/5sV/FZA4Yx43+3+pamOuq6qoazEuz3AlJILXc8Pmbzly5c0M1iugSUaSCF57FwEdWgteUseMJm79x5gmDMaoUABmqswyqmytf35lWQpYI56Kz7Lv/LVcU0HXswLZM8GefVtd67K/gEtHequITGXoTfcw9PpqNr7xNP98N4q/zRpEr4wBvLGmiKNXXoFl7y70ve8gXKEg/Ma53PTeqzz72Ap0Xa/g5tuupU9IW+1WUWluYvsbC9gW0JGYkRqvd7gUdI1IeN4fLy5z4QmPANVV5oAQWyA+xxNCSxZZMQ7mfbae6v7jPAWXbHms39KN4de3EAp16Yzy3g6yeitZ/JcvKRrfVqEXqK4MqjqFfct68lKHc2NLwdBVTe7ri1lhG8/vfz/KI4x1dAzt4Spi/aZYJv7p0q2nnTJ6FLHfrMA0PssbNmzGXAHK0yzkci5RhaWQM+Uecq6rJvffi3n2vxEsujOLtP6ZmFcX0DB8GJbdReh6zcIEmG6Yy5R3X2Hxw++jSx7GtNsnewTDVpg5XNFAwdJHyAu4lmNHndu09RcrQngUCASXKkeaitl44HVCdV1ICs8iTJ9Ij+hRRBl6cLS5im1l71FvKaNXzDjUSk9Bxj2Va9hf/T1J4VkoZQ0N1gpCtHG4cFJvLceNC5fbyZ7KNcSb+hFlSOVoczUF5R8CMDBxKiZNHPGmfqJ4DedCfCzazJu745nX63hQZMPuXTzZMpXPd4fZe1MiSb2AjoiPdRZs4cmk66G7qy+JH2705ouM59aB8XSPBKor+KLu9LueOO0avk6vpscj35++EUGnJj05gqKSmpPveIHhezhuKUIG/r9DD9CS5EYKttUAACAASURBVCnIIAWUZeiaSBfL1xyslugZJSFJ3gf1E5rz2gi005Zt/67H+6dOSiRyfQU7y8qI7ToRSZKISkqiMq+EElsZKVndTtJ2a5ugp1vXSN4pLUOSQtvuXxtGOjbWc0kHzlt0BHEcwNIsIXmjcp0OKzq9vp1jQzGFQ01dI5JkAkrZWiCRcXvSCccZGa6npqYWSYoiNi4Sq9V63L7LisOlR6/3zlXZVrZLmdyeGDy/lu2v85f3LIz/3UOM7BL48BxHRBwcsDiQJO/nDjtWnQFdi3MkedfR8bHZKSlvxL53CY9tA5wWGo7CS39ZT+K4+/llTlseWp2RDl7D2ClauQpDdh/2fvQuO/veSromElNU8FqWpOPXgHeL95qhjWs18HqRAo5tuQ2/rVbX+clQRZEzcRirn93LXimL9N4ZZP73O3Y1Z+DYIzF4apynPUUUWdPmkTW1geJPX+XFl9bw0B/GEtuq3Sjio0yETvsz17YR/x04filwHvwTxPH5OF9ExRLZfIxAX0aLzRMK3SZhIehrqqkBIgH79jyKe2Vxx4mi9U0mIlzV1DQCURHEsp9jNsB7jMNuCWjPTkF+MWmZdwSnbXCZWfXMYnKT7mDeHemYAr3pTnUMgZjLOKwqpehvj7ACsDeBY+8jPLIyi1kPnSQU+KLATtEnX6LP7kPxh8so6juDdE0EIZHnu18nQRlJzsRhrHqmmGKySO+VQeZb6ymyZeDYDdk3e3/ykyOPX8ufvMILL6xi3kPj2vhBMJK4KBOmWxa0KHwkaIux6ZGAm9VFrb/LCuFRIBAIoN5ShsvlQK00YFBHgCThcjqot5S12rd37AQuS74drcqE09WMLCmxOtqOCZBlJUgS4fqu/GrY//yfH7VVnbOxdDbOwc+GTbz21Bc0XN+Xa9N0HCnez5IPi9soLFPIht1pjHKlAvtObva7jRRO6E26HkhK5L70jdxXBFyRziDvF7GGqjKe/s7zd+JlA5k3MplBCUY0liZKqyp4982NvFUJiZdl89i4ZAbFqWmoqqdwcwFfh2Rw3/AIcOn44tHrqNy7lRn/KQne91ApS/5vHW8N9nphWip590cdU6+IwVRfypI/r+O1szWNgp+ckdOu4emRRkq/Xse1yzpnKaSW4kSgGNkx8ZHjD93ejxp+2ML2iDTGR3sf7gkUHtq3IxFspy3bno9bPPTHxdGlPJ+NERbSrgr1tJOQSOyneRTYUujZzdO2payIojoT6X0TWyWSb2XTcYD1m2tIv6qnV3Roo3/tT0bAWBs4sKWYY/EZpMeroKaYvAOQMiCNSNlCaWERDWHppHc5O6ntO3TeFJlk9n2XvAIrOZfpwGUmb5uFzMk9Pf12VWOuMRHry8HVmMuWolj6TvLO7Z7v2GgYxkNBQqGF6go7kfFe4c5xgPWbLaRN7oYkScT1z0D9egEl13QjRQZLfgF7kzKZYvLYKP5+I7rhD5EU2HdbHm/9p4bR98xlVHzrYWT2T+fdrVuwXp6DDjAXFGDpP5meLcbvF7j8n6vJnL6ATN8Olat4cinMavMhtvPS0WvYXvgO71aP5/7fDsP87h95/eO9PDE1jW7JsXyctwVrRhY6VwNlZY1I8nHRDZ/o6HP6C7xWg64Xv3pJ8KGBQqXvffvXhL1wFZ+5MpjYN9Yf+mnesZPGXqPoKUlIir6k91xC7sYtUJfO+FiPfbvNjkqjAkUoPS/rQ9QP1TRKEnFB7QLEkZLq4J38EianeGWqxgYaDCZMsm+IwXMaJEKexjk668RnkiG/Tn7JZFKSAUse+XsTyfR6MlqqzNgjYr1in50DuVs41tMnyjWwccN+ssbODhYKa8xUm2KJ9H77a9iUR0FMXyaFAGSQ2XcZefkW/71k87ZjZE5O8+zcuJF1+7IYf0ew113pylf4KmoGj0xNb13U4yRjOPH4x3HPI+P8bwv+fQ+bBy3w5wG82LEXLmNZ9Xjm/nYY5nfnsXRFMU96r+UVm/Ow9Pdcy6VlDeciiVIr2vs3t81reftOGnqNIg1ATie95yvk5uZBbTrjY7zH+a5l2UTaZX2I3OQJ8W59344lJdXOssDCRwHXsuA4GpVEdIiKSKPHASRQgBTCo0AguBhxu1243S4UcotqAJLk39aSGGNPlLIGu/MYdZZDJ7TfPfpKFLKKb4qfZXflKq7pt5AwfVKb+7pcDnC7qbMc4v1tv8PutLS536XMOYpZqOG9D9fx3kn2evGlj3jxVE1XN1EaaWTQ8HgoquDOnBiiGywcMenw/7ifPpTXbkuju72erwtKsHVJZEKvVCZkbOSt1Rk8M6MvA21H+GJrJaa0VCZc3pPSKh0aBeBdnw11JX47iU1H+HprI30vS2Xe7fW8VQia0FAS443cl9RMaRNEd4mkx6mORXDB4Bcei5pIHDmcjzn7AuSAAQPOqr2OcHqej7tY9vijvA9gt2AxZTFjznUkSQB69KGw/f/u5d7A4yJGMfdPk48XIAj0Kgqy3drbUGrppajoSa9ub7G8KIshs7z7mrqRan2fta5RjPEKXHvXvMpb+RnMenoWGa2HQeXXL/LoRs97iwXSRt3DzMFqj72QUHRHPmPh/Z8FHZc+fRGzs30P1lJA33x7lLD2P29RPPQenpySgjnvfd76n4pJyXMZF7WXVUvfoiB7Ns9ObyuA8dTp2HlTk/3zGexc+CiPbuqCqdKMPXMG96R7566xnK//7ynym1SoFGCx6MiafhfjYz12i7YWEDt4HqFBQmElW1cu5auDoFKB3QKJo+5iVoZ3/hKvY/bQxSz+00K6JDgw10Yw6ZejCZUAVxFbCmIZ8lBosEBtt+KgjM8W30vgrPvmXD14JjOKn+TRxzfSJcSM2ZbFjN/39dsoWv4Iy4oASwMNeM5txk0LWhefkALO2ynP+IVLh9aCq5gP3qtk+JyZhEoQet0M0v/yOu8MfJJpI68j84nXefSxj9GhI2N0DonfHKBEyiSlHc9H/xxqvR6obXk+trrWJSScXk9c7zWROYtnbwu+SqW4SKxvPsfDb4HO6FlkFsPl3PH7bNTeYWYOzeH9JZ9jz55NN0kCSvnu1Vf4sj6CtFQ95u2lRFwzxytQx9G1yy7eeuxRdP2nsWBKOj2vvYWUhS/y4FYdOoUdO92Y9KvZDItp6flJix9TdOgMZ3zKzgKJTL4zh8XPP8CTCV1wVNYQcdUcb+EOO+b8FSz9ev/xi7TLeO66LcMjNtblkXs4k8ktro+GsrW88kw+FpUKnBYsuixmzPYJ9Sqyps+gaOEjPLIx4F7itdGwJRdz5mTSWwg+DtsxLNuX/j979x4fVXXuf/wzM5mEDDEBciEJgUi4g4EQgzEWEZQDxSu0xeO1sT+oFRVsgapItViqqEewxVpsRU+pVXug9YKiDYWCQE0jIQIxyB0SAhNzMWQIGZLJzPz+mAnkTgiDuX3fffGqmb33mrXXnjXJfvaz1mLB3Fovnv2d0Nw5AMXbeOX36/kaB3aqOfCrp/hbxCQeeWAs7T3B75JyHeDvq7/m2ofu9QxRvu1ehv/6Df6asIQ7rruNUc/+L0/98oNaffkIRxl5/mzQAMsFrvpcfTYT9sCGP/JmY79ze/fC/uZveOLN+n35yrOB75EpV/O3lR/jSLrfW8d8tv2xYV8eVFNkTAxfvf0UTwWO5I6nfsDwW+7k8ude4edZDfty89pLX/52VDrcvJv1Nd9L7M3QqCDAE4BU4FFEOquj3/yHkX2mER40kJT+P2b3ifcY3nsKEUGDsZ2xUli+n6CAcACCAsLp2/NKYnqMxuLfi7zS7eR+8zn2qlKCu0UxMnoaBoMRi38vnK4qDN4newYM+JkCGNp7Mj0sfTEaTPgZu1HtOuPZbjDSPSAMq+1LbJUFhFr6M6z3dzlUspUhEROpdlWx+/i7bdZG7YnhR1tL3QBb/vzBBR2Y8pPv8+blJdy7YDPp3tc82YZxpPQNJDjg3MQslZVVFB2zsnZzJss+L2+8wPMaypvLkkkpP8wa4phuyWfB/CJuf3k04bv2UjRqKKOLDzDw6c+49aHbWTbKRPrqdzyraadO5eB3Ar0/X0PaHwcRk7uXma9lwOhkplu+Ye57/rz5myRSbAfODruePud2llzhJO03f+eh4iTWPjmC4YU5DFycyYx5d7JgCKT//R3uLbuGNTeY+MczynzsiGoCj4f+uZXpf89n/PdvZNl/hfgsAzLrxWkXXcbEl3azfl7rl2cq+LqYvtGdbKnH4n/y4qsV3FE76NnJbP/iIGNGt/SxhgP7KTv4BxPY2DDLSju2Kgi8rNbK5JU7+OOTO7hy8f1c2dgx1XZsds8iBQ0WJmiiTEfmH3li15U8O+NKWjMrmcNuw+4KJLh7+5vTrC1d2GehKQ7sp6rxa+p6XgIlG1/k9xV38OQtTfRSlwP76aY/t7tXLWDPVUu4o3YQ7Xyfy3ocp23YjYEEB7aPz9QFX8uaNgoMJrDBI+PG+33+h4v5X37UZLs33yaNlZnPB7/+X/jRk9zWp5FDLuocupaO2pfP+zu3i/Rl31w/31qxKbfOzwFmA99L7E1okD+nzlRzWTe/Cwo8zprQvsa3t8c2l4a++CKLgYMG+6Ssgwf2M3p0ok/KkkvjfP2yZvSdGyfVrjNUVpfz/pczLkld+vUcwzVxP6FHYB88Y1vclNlPkH50JUdL0j2rXQ/+OQF+Qfh5MyRLTh9hw77nKK3IY3jkTSRffh8BfpfhdFVRUnGUkG7R7Mh7i2pXFcmX/4gAvyCcrioKT+0jNGgA2SfeZ2f+Gm6Jf56IoEG43W6+tK6l5PQRroq9D4t/TwBc7mpyv8kg7avFl+Tcp17xuve8umHwznreVLKC03G60dcvxIkiO5G9Wx9TaPWfgOkFdipHX8bkCEgvhJjJk1j7/SgaG0gTEOBPzMBYHhwYxeieH3JvWmsCkCbvsBInr+z5hunXR3DrHAujA8pZ+1k54Vd4dgFI6R0IlJG/obFyjpB1PI4BsUN589dDsZVYWfNOBjCiwZ6JYYHgqmJE6p3khPgT4CwnLT2z7k5O4D+fMb0l81ZKOxREsKmCrH9+wcy/ewKNm//+MXPNN3CPy58YaGTKAGlz1Uf54H9zGDXjp5028HjhzARe1swNWUAgwfVuCB3ZOzgw4mrub2pOOL9AgptZibZhmZ454YZddX+rAo8A5sDgVh8r53Oez4iPOY58wB+/HMX9s5vppcZm6nRyG/86fnXD7NbzfS7rMXfv4J+p5tqo0Wuaz45dflx9f9Pt3nybNFLm8R3s9rua+1sTeITznINcuG+5PVvyO1d9ud2onQEZGuSvjEcR6dTySreTt2M7fXok0N0/lNNVJRw/ubPBfl/bviLj6BuY/Sx1tu8pWIfVlk1o9/6UnD5CaUUeIYF9zs4BWX9b94AwqqpP43DaeXfnnAbvc6h4C317XgnAsdIdGn5dS+ufP3+Qz56Jo0mZEgWrrDz0ncYDj3X5k/KdkZDW+gVdbGVl5P+1nC++M5qUK3rBsb0s2wNLWlyClQV/2sjmfpFMviqO8UOimHH7tWze3cQiI0YnRfusbLbmkbYjl/TCVldd2qVy1r61kbX1Xt38141sbpP6SIv4Xc5t8376rcxz1ZmZk37Es/G+vJUzc2Xqs4zUdRHAHHsbCx658ONKtr7Cbzd9Dc5eXPuAHjBcuBhu+/l8HM0tNHOh+tzG4z9zKPDTVbXyd676ctupCUBeO6gXWw98o8CjiHR6jQUc6yss39/o66UVeZRW5J39ufbiM/W3nW8BGYfTzuHibeetS1d0EYNfdrN671CWJI1m7idWKiudVFa24LBKZ+veLqIXfS2AOZDxsZlsOjaS0QPhi90Z5NdkLQb3YO6QINK/tjM9MoTEu3vBW7AgJghwejIjJ04i6/YepP9uNQ8ttXuGcnfzJ7zmfSxB3BMRRFYgrM0rZ3pkEOHGAlZ/coqIKdewyLWbRa3K3BQRn1KAywfMmH0ZoADwMytAIR6t7KOh1z7Er671bVW6nADf90NzgHp2l9aK/qy+3LYqHW427Clp62qIiLQLVc6Ktq5Cl3dRM++seSWHW5clMePha3joqb+wyFe1asSSh+M8T0zjRrBgfCaT/28z+VFw8D8wY95IUiwA4dxzcyyJb+YwvX8SKdfdwsHroOh4OTaCSJkyiRlrnVQSyOSHUzkI4LKT/ske1mIl/OhIUoZHsejX34eSXB56KYe0y5OYfNU1rL3KUw/bnnIWOSN5aIhnvoCU2+/kTbxzS4qIiIiIiIiISJs7fnInb35+d1tXQ7jo1a5zuPdPIaT9ZBCv/NqfJa9t5i8hySwbfpy5Pl4peMFTq1hQ55V81nrnV96z9J0GC73cOz+XlCsjCC4vJG1f3UzF1/8VRMqVEYSbqzj4n3z21Lz+m3dIHxnHQMu519N+sZeYIbEk9oSiwzXDrneTqGCjiIiIiIi0IbPRjcPV+AIDrSlLpDWMJhNnKs/QLaDbRZVzpvIMRpPp/DuKSIdz8WsO7v6MyX+o4s07h7JowT0scJoIMMcxEN+sFNx65aTvaGp4dNPb9uw+fDYYWSN/X64WHRERERERkXZlRIQfOYXVFx2ANBvdjIjo4svRS6uFhYVz4vhxXM5WTrHmZTSZCAsLP/+O0sHowcal0bHa1Te/YXZncu/uvdx6ezIPXR3FALM/w6+/lrVtHoAUERERERHpnFKGxZBSfyVxkW9Zn+ho+kRHt3U1pN0xeP5nMGIymnG6HG1doU7DZDRjMBgxYAB8k/1+qfnw8VY5a1dvZO1qICKKyXGBBADDoUEmoYiIiIiIiIiIdGaeAGRY9yF8ferLtq5MpxHWfUiHCjyCT4OPtRRaSSu8JCWLiIiIiIiIiEg7ZTCA2+0JPRoNJgaFTqGofC8ud3VbV63DMxr8GBQ6BaPB5A1Anmvv9szY1hUQEREREREREZGOz2ColY1nMGEw+BHafSBX9XuQMMsgTEbNL9saJqMfYZZBXNXvQUK7D8Rg8APDuQWa6rR7O+S35c8ftHUdRERERERERESkE3C7wWAwYsSNn8GM09iN8KChhATE4HDbcbkqcbqqcbtdbV3Vds8zZ6YfRmMAZkMg/uYgTMZu+BnMGA1GDAajt73buqbNU8hZRERERERERER8xgC4MWAw+GE2dQPAaDbh5wrE5a7G7XYCbtwdbNXmb1PNvI4GgwmjwQ8/oz8mYzfMpm6ezEfvHh2hBRV8FBERERERERERnzAYDLjdbgwYwQAm/DGajFQbzZjd1ThdTjC4vZmP7Txlr025MRiM4DZgMnqGsPsZzBgMfhgMJgzUZD22/zZU8FFERERERERERHymfgASDPgZ/MDtxM/oRlmPLXM2+xGDZw5NDBgMRk+70jECj6Dgo4iIiIiIiIiI+FhNANJoMOI2GMHtxm0w4RkoXBM0UwCyabXbqCYA6R1q3UEyHmso+CgiIiIiIiIiIj5XE4Cs+W+DN6DmVsyxxWrHGN1ubyiyAwUeQcFHkS6je6CprasgraDrJjX0Weg8dC27Nl3/jk3X79unNhdpf9QvOxabo61rgHeQuIiIiIiIiIiIiIiPKfNRRERERERERES+NW6Nu26xjjbEujEKPoqIiIiIiIiIyCVxbs7HNq5Ih3UuUFsTs+1oAUkFH0VERERERERExOfcbjcGgyd85na7cXv+C6123RI1i/M0ttq1u0MFIBV8FBERERERERERn6rJeHS5XRSVHyDr2DscP7mTaldlG9es4/EzBtCnRwKJfe8kPGgQBowdKgCp4KOIiIiIiIiIiPhMTeDRjYui8v18mP24go4XodpVSe43GRw/uZNb4p8jPGhwhwpAarVrERERERERERHxiXNDrV243U525L2twKOPVLsq2ZH3Nm63EzcuTzt3gMV7FHwUERERERERERGfOZv36K7meNmuNq5N53K8bBcudzV4Z9DsCBR8FBERERERERERn/Bk47lwuV1Uuxw4XVVtXaVOxemqotrlwOV24Xa7OsQq4sZxP7yNcT+8ra3rISIiIiIiIiIiHVjtIcButxO3u7oNa9N5ud3VuN3OWj+37xxILTgjIiIiIiLSAX26O4+cwmocrotLezEb3YyI8OO6kf18VDPpSo7k5lNcXITL6Tz/zs0wmkyEhYXTPzbGRzWTtlITB3PjxuW+uM+FNM7ldp4ddN3O446Ago8iIiIiIiIdki8CjwAOl4Gcwmqu80GdpOspLi4iuk8M3boFXFQ5Z85UcuJ4voKPnYnb3YFmJexY3Lg7RtTRS3M+ioiIdDWVdiq04KBIx6e+3OX5IvB4KcqSrsXldF504BGgW7eAi86elPbEE3h0u11tXZFOye12eQO7HSMAqcxHETnHlsP772ZSXPNzQCSJE68nMdxcswPZH7xHRmnNDhaiEq5nUkIoNXvkbVnF+sP1yu2ZxPTbRhBSs708ibtuHIHl7A4FZLyzn6g7x9EPIHcLKzcdOXd8cF/GXnstQ8/W45yyrPdYczSO6d8bRUi9bdaMNaw73J+b7kwi6txJes6h5w3MHNeCp6oN6jKYSRNT6Bd8/kM7nCMfsfjTvjx+3ygatnTrHPrweTb1mcvMRF+VKL5g3biMpwqn8tp9Iy7sQJeNvH02QobEEHKxjy8dJWT98yPWb99PRVB/4hPGMXbsYKIu/t5F6nCQ8doyiqc8xk2+SiSpzGTFSyXc9PhkNECzbbW6L+Og+KsjMHAwYRf79ay+LCIizeo4DzZie10FQO43n7dxTVqi47QrKPh4iQSRMnkQKaUHWPZ5eVtXRqTlKvLJyrAz6fm7iMdB8b4tvP/CQrL/3wukDgOoIG9nJhU3PEPqSCg7nkPGP55n/va7WfLjUViA4n2Z7HVNY3pireicJfRsoLF4XyYZO/dj7v+Mt0yAr8nasp/kmuBj6X4yDocyb/4NRFWWkLdvJ+teWMimu59mVkJgrQrbyFifTnbhfvpNGMWknnVPx7p7O9lf5RBybRLTa266K3PYtD6T7OhIpo6LIex8bVK7Ltiwbt/Iil+kM+npuUzoeb6DvyX2I6x5+WU2FQViBgbcOJs5EyK9G3N4+4m3yapzwGCm/zKV5Ho3htlbt0DfX2CmhE3Ll7GuoPbWYCY8eC54UZy+kuf+bw8E+OEIGsPM+dOJD6xbHq4ctm2Cfk9672xLMln1u7fJqPADewhjfzKXu0bUHGTn0LsrWLqlAIsZiL2ZeQ+OI6pOgMtO1mu/ZF3fx3jyu6EN2yH/PRa8bmHOLyfXCjZLkxytmPz7cBpLlx9m0q8e46bwi3nzAta98AJZcamk/mwaIbYCMrZ+xPrds0kd05pISA4rH0on8ZWZJF5MtdqbknRWLF1DtjMQs8tC8n3n+kzxppd57p91OikhY2fx5I31IoylW1n/VV+mzgBy1jD/rZ11tw+cxpL/l+R54NDsd8k5Zds2sjf6ZmYBYOfQxytZsf4YUA1xU5n3cK2+28w5nHUijcXPFTB1eSrxDd7NQcaKx8hKfp5ZeojRuNb0ZVs6q363hpCfvMzMkRfz5r7uy5D9p9lsS3iZWQkXUy9pqeBAP2x2LQYhIh1PbK+rGB3z3xwrzWTHsXfOvj5u4BxCu8eRdeztCw4iXn35TPxNFjZUP4fV9qWvq9yltc/g49XXsGZyBJ7QxUk+eHozv79pPGlJPTzb7YW88sJnrPXx29567408FOcPVJG14WMW/Pvcthkzb+H2PibPtrSPWfCf5uqfzLLvxxBeHk7h5+v5i4/rKXJp+WEJDiYECBkzjbsKdvFURg6pw85lVZiDggkJhpDgFPrFgfWnG8mwjWKCN95o6Tuc5DENb1hrJCaPIOvjLUwdNq5BtuJZJgshwcGEEEx8eH/i+8CCF1eRseyBc0Gz0kwyKm9g6pUb2ZZlY9INtdMRHVRUhjD2mlCyPs9neoznhtyRtYviMUn0ywVHS5ukVl1Cbkhl6sHZrM8oYUJjAbBvnYOsv6wge9ij/P7RSLDvYsVTr7Lm8kVM7w8wgruefYa7vPvmfbiM5Qf7069+RoprF9sy45j03542nDDnGSZ4N5VtX8niD0MYUBNsKkhj+RqYvmQZyYFg/fh5Fr+ezosPp9TKZgV2p5Mx6AZ+2xNw7WfVCxsJmf08v48xw4mPeOqZc9fTsfMtlmcP5sllc4kyeoKMy9/ty5If9D9bnPXj5azIshPVp7Er5yDrk3SiJj2twOOlNHA6v13hg3KOpLOp8nrm3TnKc72Cg5l059yLKLAaR6cb0VPAut+9B9Oe4fdjAr0BulVse/4BxgZC2ITZvFjTSW2ZrHjmI0L6925QijU9nYqxqcQbgRHTefHZ6Z4Njnzef2EFhwbGeDOdz/ddcq5e27bZGTvD8zuhbNMKVhwfx5PLZhNitJPxh1+y/P04lnwv5rznAHje56WPyHOMavw7ueBfrDt+LakJCjz6VPA45r0y7uLL8XlfBkeLfznLxZo4IpS4MAvvZn1N8amqtq6OiMgFCfC7jNDucThdjjrBx5Bu0fSyxBLgd1nrCjYYMBqbD5VFBA3mv4YupNpVyf9l3d+69+li2uecj7YyCk1BDOgTQkB5GUUAJ8s4ZgpiQJ9AKr/2vuZjRYWVBESFMKBPOOOvHFRry2i+O6oXA/qEEO46yUHbeQr6zz7S9pXxxZd5bG7B+8bccQsHf3XNRdRcfGV4bK+2rkK7U2F3EBbcZIgQAiyYsVNRcQGFjryZqXzE2zsv4A6jfwrJoTlk7zv3UlnWdiriRzAhMYHi7ZmU1TmghLISsIwYTkh2DlYAHGTsKCB+YgJhZSX19m8pO44KCOnZXsZd7yEjK5IJ13mDvYGjmJTsIGPHkQZ7Wj9exnO7E5j3yLgGATrH9nSyhyWRWC8oWbFzJU+thrsWTGeod5s1K5OyK8eR7A0eRN0wjqE5u8iqM++Yg4z0PQxN9A7hNg7mrl/NZWqMN4AQxJKOaAAAIABJREFUnURyRAnF3iH82dt3ETWuJlsqkMSJKTiydnIIABtZf1rE0n0pzLyxiaB26VbWfZXAhOT66ZddSQnrn3uUFTvtnh/tu1jx1CqyHeDJTnuV+XNm8+OfPsOqL2p/+nNY+dNXWZ+xhqd+OpsfP7SQlTtLzu0/53nWnfDsWfzP53nwsbfJrrnWu1fx4Ip/kVWz70MLWbqlbjZeo4IshJTsJ7ukkW0nPuKppVvq9M+s1+ayIsvhyaJ74lEeeWIh8x9byFPvHsGT3fsW2ezn7acWMn/5Fs/UEa4Str22iPmPLWT+zx/luXePUPM1VfyP51nwt3TW/24hD86azYPPpZFXlMmqxXP58azZzP/TLi7kK+2SKNhFRlkCE8Z4P9PR1zNhcA5Z9b837btYsXg13PkYdw2rH6DLZ9tnDhKvqpcN6Spg3QvLyB49m3njavpUC79L8tPZ5hhFsrfIkLGzWTIjyTsMP5Dk5MEUl5S06BwcR9JYuug9LPfd1WTGavb6jZgn3MCA9vkX6yVy6fsyOW/z4JznWV/TXdtFX4bsdxayKhv2rl7E/CdeZlMRHb8vt1MTR4QyNLI7tjPVnDqjzEcRkQth9rOcN0ApdbXP1tqTQ1bZSCZHOjm26wvWAPz7C9KvHsr4SDs5q3JIJ4hbb09m5ugIBgRUkV9Qwgf/2MzvdwOxQ1n230NJiQ6E0kLWvreRJX29mZP2QlYfCuT270QQXJbPyqe38rr3bdPTCjg2JYYYC4QPGsSDHOD3QMwdMYz23nQX5X3G63sAgrj1tiTuvTKCAT1N2IrLOXbwAAve2kvivSNJCQJMvUgkjoceHUliIBzcvZfKQSMY39efogMHWLI8k/A7bmTutb3AFUjaL6dSePAL7n0rt2XncFUE4ZSz+eNNzP3UO7w7dihLfjCIlD4hBDvKKSo56WkXS0026UnSNjtJ+W4MwwPspP87k5l/z/e2QAwPzhrJ7YN6EVxZRs6XnvPJr9fWe77M4Wdv7CWfzmX8HbewbHwQ+Zu3cutfO9vZXQgbe7dn4sBGXtZ2MgoSSH20qYnCHBRvSmdvZBJTa8WEHBU2ymw1OXBmLEGBmOvcOAYz4cYE3n/rIw6NnNbCm8pIovrA3hIbEAzYyNhuJ/GeGIgeRWLh+2wruJ6batfD6Yc5LIHkoJfJKpjMTT0zySoYxdQYWGevaPkNSeUxsrdnkldZwqGsTLJM05nXyuFkPldQgJVgkmuPcrdYKDte9ymJddPLPLfezE0PpxDWoL1tbNt2mOTvPlBnrseKnLdZ/Fo+8fc9QHytoKT1eAEhfWq9YYAFMyWUlQI17W9LZ9OBJG76ybkSzQG1Sj+RSUZhKDf1BCjAegJCxtQqM9CCpfSY96Y1mH6TZrMkOpTij7c22gyHNm6Bm+YS78hh1Rsl3DRr3PmH1Hc6oUz64TieeuktsoakYv6/1Tim/IJ4szezdHsM85Y+QD+Tjaw/P8+KszGsahyVOWw6OJPH/2c6IblrmL/0ecp+MIclyx/Ase1lHlmfw033jSDsv1KZtPV18kohPhJwOXB8uZGM+Nks+c0DmA+vYf4b6RwaN40BzVU1fDIzb9nJ4qfmsi1hMlOn1ppbNnowA46/R0bpOO9UCvvJ/mow8T80k/3O21Tc+AK/9abN1WRI3fXs3ZTN2k7yr84Nu7b+41XW9Uzlxef7g6uA9xcvY80wzxQSDlc1xRmZ8PAifv9wNdteepTFL6cwZ/4yUoOO8PYvVrOpaNRFDi2/SAXHsIb0rZUdbsYSAMWlJZztaPYcVi1ZSd6wVOYMayTw/tUWtgWN41e1v8JdBWz67TLWdZvMvJRa2dst/C7Z+2k6lgm/ODfXo9lc63vDTkbGfsLCv9uiczBHJnHXwslEBe+i0YRaezqbshOYek8w1n8uY1P0XO660KkNO6RL35cZcRepI2aTVYDn49RO+nL8nc+QWj6bjDGLzg67tn7cwftyO1QTeCwud/Be1tdUdr7UcRERAPr0SOD6QfOpclYQ3C0Sk9GfU5WFbD34Mnml2+lp6cf4QXPpfdkQXG4nbreLM9WnAEiImc6IqFvo7h+K0WCi2lXFHutH5JZ+zvWDf053/1C6+4fywNh/sPfrNPYXbmRs3IP06h4LwEn7cT47/AfySre3ZRO0Gx33OfJN41gyMYbwMitpX54iIC6W20YDjODNR5K5NRpydlsp6hnDjNuvJQUICAlhQFwcc8eHQiWE9wllYCNF2wrLqQzoxYTbAIJ4aHgvsNmp/ed3yr0TWXJTLAOcJWz+woqtZy9SxvRjMgAmwqNCGBAdhOdvHX9i+oQweUoSKeaTZBXDgCtGsGjmMAZGBBJgqvXeJ3PPfw4DB7Hg2h4UHi+jMqgXt/5gHA9y7tynxwVStC+XzYUmBgysaRfAEsSAPrE8eHsUAdZC8o0hjJ+czLLhAFEs+eV45o4OgeP5ZDlCzp5Pyr0TWTIxivBSK2nHYfTVSbx0k68uZPtwNvC4p5yY8dey9g5fzcrfkQUT1TeSkIocsg7b62zJ+sNsfjxrNj+eNZfFO/sz59G6c+xV7PsXa959z/tvI3sbm/p02DSmR25lXYa9kY2NMxuhwu4NGZZmklHuzb4xjiAxoYyMrNpZGl9jLQolKjyYxMRAMrIKcGTtIi8hgX4EYgmsvvAVQgNCCYsJxnx8F3tbkBDSVqKi6w+9tFPsGsz0u1Ng4zIeeSYNa+37jNJMth1PILneTX1ZaSgT7ruZfgdXMf+xlWQ1eal6069eQmLZ9nSsVyZ5hnrWV5LO8pe2EPbDuxrMO3lWZGSdz1RYdGjTi+BUZrJuSySTxgZDaT6HCu0tH1Lf2UTfTGpyPqteeIFV5TczM8VzY5+9fRcDJk2mnxkwBhMVYal3YCRjbxhFiBkICsbCYCbc4BmOawkKhNx8b/YwmE31Do0Yx9SxkZ4HDAMHM6C0ZVnFUd99jN/+ejaTgnJ4e/Fc5i9P45AdYDDJV5aQtdP7W/dIDtl9hhMfAJaAQPKyd2L19l1zkx+KErK+qCDxSu94YWMkyWNCOHSkVscdPI5JsWYgEEsQRF19PfHBgDGQkIB88o634CS+ZVF96nW0Uhth16UyNfYIK39RK1POK3v7TqKSk+pOb1FZgmPINFKTYf1Lj7H446a/zBp8l7hyyNgRydgxjWV+2zn0t+WsKk5hZjMr29Q5h8BQoppJIs/7JA1ryjjijWA9eoSyrtSxv42+XP/7WX25S1DgUUS6HIOB7v6h7D7xHl9aP6S7fy9GRN0CwNWX/z9Cu8fxVUEan+euosp5+uxhFVXfUFJ+iP8cfZ1th1dQVV3OgLBxGDGxI+8tKqpKKbMf51/7/4c91nWM6vMDggLC+ezwH/nn3iUE+AUxuu9/t9VZtzsdN/gY5k8AToqO7mPZG9m8ufUwaQch5o44UoKcfLHpfWa+cZBjlUA3f8LXbebN41VgdJL10Womf5DLF7klHKxTaAgRFqDUSlaFidEjk4kZPpqUSCdffF6IDQjvORSIY8aoEAIqrLzy9EbmvrGZnFqRybVvHibnTM1Ph1nwQr4nS7Awl+nPbGTmCs/PwSFGlizf69m3NJ/JT7/PQ+tacA5Ukf7J37l3+cesPFwFAf70Bbg9jpQgOPT5x0z/w1bm7jp1LmD6n8+YvscTAcrf8TG3Lt/IjN3lgD/h0cDVwxnfx4Rt327GL93MzIx8Dh39hj0M8pxrST5zX9jMsqNVVGIioLvvL2lbqQk8HvrnVm5d/iFz/1nWxQOQwQwdk0TymCTG3pjKkw+MYu/r77G31h6JP3mZ11a8zGtP3kzYkRzyztQtIWT0VGbel+r9d7PnJqCBQMb+YDLF777H3hb93VuCtRCioj03rmVZ27FGmLFuzyRjeyYV5lCs23edvamqU5+EBMxf7WHblwUkX9kfCCYsxJup1xIBfYn3tsmk783myalm3n5nSyuHbV96xQX1x78FEn/DZMaOSeGmn8xlqukj1tWaPzlv0xYqxo5jaL2josZOZtKYJCbd+Rgz4/ez7tPGxtVBzbU5J5/1m+yMvW5wgz0rDr7H4qfTCLn3F8xJbibqUFRwbtX18yjbthHr+JubDmR2MQMmXU9UQQkDkpO8c3B6MkvNge0kW7cWc8/+jL1zLi8uXcRU80ae+1MmDmBoQgLWrJ2UAdav9mAZNpgQYMB/P8Zd3f/F4rlzmb/0PbKbnAalAOsJG5teXcj8Jzz/lm6rIKQdtsGFKC6sFyiMTuGmG5JIvmE6T96XwN51W871m8pMNmXGMeGaev0scASTbkwheexkZv3sZliXRnZT71fvu8SxfSsZg8Yxtn7XdZWwbcUvWX5sDI8/Oo0BzfTFBufQFFcOm9IjmeqzJbo7HvVl6Kx9ua0o8CgiXVVR+QEyjv4v2Sfe51RlIT0sMQwMn0BY94Gcripm5/E17MxfwxnHqbPH7C/cyMb9L1BeWUhVdTm2M1YwGHDhpOzMCdy4cLmd7C/ciMnoT1j3OE5XlbD7xHscKt7C6cpiggMiiQq+og3PvP1on8OuW2J7IYeuCmH49ZPYPL6K/AMHWPQWTJ4XBEDM1XeSM8WfAKr44l97WAvMqDnWiScY1+SiMWWsPWwn5YooFk3yJ6byG1avruK2iYDJBETSNxgoKD87ZLtFXE5vENJJcwlXk/u08BzqmdE3CKii8HjzK2xXOr1BSGetQoJMBABFxTmen9dt9mZxXsOiYKA8lGW/uYdwi4nKklw+WN3sW3QgQQSbKsj65xdnh59v/vvHzDXfwD0uf2Kg0w0vv2Cxfeln38ihIhhaf9hS9GSmJm3k7U35TPheK24QIyczPf5R1myKPP8Q2cojHDoRyYBI8Cx4UEJURAnZOTU3xyH0K8v0DK+OxDOEMNybPdcziWTHr3n/RApzzi6c4Gj1AhWW2BjC/nKEPMY1sjLrtywilCiOeLI4vTf8Docdi6WpuQ+DCekJxWeHr+eTkQWJDzR//cJ6WrzzuIUSFRlKRUWtDCuXHYcrEEtNAk7+drIYxax6RVbsXMmCt+zc9OhCJsXUvnGMJCwSDtkdUJPf6HBQEWihfk5PQw4OHbPh2L+C+ZmA005ZOSx9Ygv9bnyMOQ2iJJ2dg+x307AkD2fv6rfJHplKfEAoIe1hbaTmmEMZe9s41j23n70kET9sFImvbyW7MgHHV5B8tzdbzhhK8g8XknyPjb3vrmDpS2n8qtHVzUOJighmwg+fqbdYSgcSEUlYZd3pISoqwRLYRK/oGYylpIRiIAxw7Mxk77AkZjUXlA8JJsxVQrGNFnyXOMjK2s/QxBl1s5BdBaxb8gLbLp/Br34ywjv3YyvPobaCfKzmY2Q/vZA1gKMcHPsXMv+DJGb98jxDgTsF9WWPTtCXv0UTR4SCGzbsafiwUIFHEREosx/H5arG36873f17eYKJzmrK7A3T5If2nsxVsffRzRyM01WF0eDHmerGn5YZjX5gMNDT0o8Hxv7j7OunK1uaTtH5tdvMx8pGgmt17PmMny3fzIJPDpNeDDFDRrBo5rk/WWzWfNamZTBzyTtMX91YLlTTiopzWLPBSj4hjB8eSNEBz9yP37aLOYfWCujWxDqxLjvpuw+w7A/rmbxg84UFXdu1cta+tbHWvJcem/+6kZmrDyvwCJR9lklW6GDim5gvKf76FMjc7l0Y5MLF33Iz5vXbKW7uhsplI+PPq8kedj0TIvEsYlCZwl2zUmtlWD7A1PpDr001t8jBJE9KIfm7Kd4b1kiiomtl65XsJ2P7fopb9He4g0PbMim+YgRDAceJHDK2H/FmQdrJ251Jdr69FeW2knEUiSP3k1UzJtpVQEZWBYkJ3qxDVwnWolpjFW3pZOyOJH6YNyjnnRNuUp1AoZ3iE7V+sTqOsCmjgqEjPHd+UaNHYd65k0Pe86rYsZO9sQkkeov0zAl3w7k54QAqM1n5RgmTfja7XuDRIzFhBHt3ZJ4NUlh37KIiYVSDbMyGzCTe9wwvPuv997PJREVMZt6zz3TBwCM4dr/NqpLJpN43k1kJOaz8237AzIC4SPZmeNvXZSPv2LeRt1uvP9SpZxprdhbUeQBg3ZlD2bDBnmtuHEH8sByytmWSXTKcod54haPS+1k2BjP0mhHNLBwVyYCBDrJqL5Zis1HWke61oxNINO4iq+YU7Jlk7YshMcHzua4oKqh1Pp7vpYphI7zfcd55XMcl1Q0UlhRQXOvroOyzTLIiRzA0mPN/l3jncZ1Qb77bvPdfZX1EKk/eXS/w2IJzaP78J/P4s+f6dmo8xN/9DC92icBje+vLUJGfQ8bu/AZzJasvtx8BZiNhQf4MjerOxOF1/6hS4FFEOiO324Xb7cJk9K+7wWA4u62+iKDB+BkDcDgrOGk/1mz5A8LHYTKa+fTAb3g9fRoFtpwm93W5qsHt5qT9GK+nT+PVbd/l1W3f5c3t92C1fdnkcV1Ju818/MuJchYN78WIlGt4sLyA/J79uDfOHyrLOAbMmHcnCyKszHxsM/d+M4msu6MICAjk9b1lzB0STni3ctb+Ox+GJLMk6TgL/t6CMNJkzxyNtm6xpBQfJKswjpiIcrI2HICISAKA4J69GB97nGO2QQyIiGBRLCwiiRE9aTQbsVERJhokIliCuCciiKxAWn0Orx8rZ8GQXgy8YigxG/JJHHSZZ1kOUxDQMBsyxlRr4q4N35A/LYrhw0bzYKyVtd1G8FASvPLWEXIKBzEgLBD2HeD3xRYevDeZyrQMXi9sUKR0CntY9cRC3gZw2KkITmLmz6bVDSTVFjOGROPzvL/lBuaNCyYkKBDrh8/w4w9r7WMcwcxlDzQ+LLbnOKaP+RfPbaz3emEaS5/YAoCjwo5l4M08+ZMULHhWW65IvKvBDWj8lQms/NsurDdGElVYgDWo/9nMuZDEadxV/7299z7WjDWs/BCm9l1YZ8GaxupChR0GTubxGZ6beuvO91n5YTB3DZvNhKD9rFuxiqzkB3jtvhHecv2Yevljl3CyezPJ96WSvWgh8z+LIaSgAEdiKo/XzN9Yls/6V98iq9yM2QQVFRaS73vg7Hl65oT7Rb054QrIeHcl63M983A5KqDfpFnMSvAGHWKmMWfs8yye+wz9+jqwloQy9eHrPWXUzAm3qF5wobICB/m8v3g279d6Of6+ZcxJNmNOTmXmV79m/hPp9AsuwFo5hpmPnpuEsmYFVCpslPEy87dB4t3PdJHFJ1rItZ+33ypgws9SCQFCfpBK/C9WsirxBVJvmEriU68z/7H3sGAhcVIK/TYe5hCjzh/ICWhJBmpt3vlUA7z9IXEmr/14VN1dokKpeH0Zj7wBliCz57smKIVZj54LliWOTeHtFR/hSH7AW8d8Nv1uBetKQxk60IJ15zHCvjfbG6DuTb+YPax8bCGWhLt48c4RDP3e3QxY9DIPbg/EYnLgII6pcx7wPMBolgVL0AWd8CUSw/QHU1j8wlye6huDo6CEsFtmexfucGDd8T4rNh72dlI79J3MnB97V5f3zuM6vf48rsf+xfK3dlJhNoPTToUliZkP12SbNf9d4pnHdVqDeVwdlRVU7FzJI7NqvRh6PU/+ehr9mj0HoGgLS19Kw4qDCqrZ+8RC3o6czONzuuKCUbW0u74Mez95lZVZo5i1Ymbdlcl93pchqm8M2X9ayHxLAqnPTie+w/flb0elw8V7WV8zLbE3Q6M88yNt2FOiwKOIdFpHv/kPI/tMIzxoICn9f8zuE+8xvPcUIoIGYztjpbB8P0EBnpuwoIBw+va8kpgeo7H49yKvdDu533yOvaqU4G5RjIyehsFgxOLfC6erCoM3T8+AAT9TAEN7T6aHpS9Ggwk/YzeqXZ55xwwGI90DwrDavsRWWUCopT/Den+XQyVbGRIxkWpXFbuPv9tmbdSeGH60tdQNsOXPH7R1XeqJYdHCa7kntlYUu7KczR+lMTOtnHvm3M6iK2oNK7RZ+f0b61m2J4YFj17DjIHntlUeP8Dcfwex5PYoPLfDVaSvfod7N9R+vxG8+ZskUiznti84FktiUBVZO6w89KtUpnv/yDn071XMKJjEmmlRhBsBl51DxSYGRPhj25fJK4xkwRBPvW37MkkLSap1bCaFo2vex1PW6p53smC49zxLcnlowUESz3cOFVaWfGFhwXe8IYMKK0t+uoeBvxzP9D4m7zFl2PqEEE4Za+4vJPGPg7x/9JWxZnUFk8+2Rxlr7n+ftO/fyJL/CvecE0C5lWVz17P2uvH85fZYziYruapI/+Ad7v2kpdeya8t6cdpFlzHxpd2sn5fS6uMLvi5m6ID6i5DIWa4cVs7fSvySJgKkbWTzZ/sYf82QFu7toMJmh4BgLI2dQ6WdskqwBAeey4SqzGT5zzNJ/p8mztthp8xOI6uVN12mI+NVHslK4rezkppeIKa5s7DbqHAGEhKk+bxqu7DPQlMcVNiqMTd1PS+B4n88z9KKu1nS1LQMLgcV5U1/brNee5Tsa14gtXYQ7Xyfy3oc5TYqTIHtZo64C76WNW0UGIylwSk03u/z3l3ECmY22e7Nt0ljZeaz5hcr4YFFTG/NFIzNnkPX0lH7MkVpLP5tBam/buJhZBfpy765fr712/VH6vwcYDYyLbE3YUFmTp2p5rJufhcUeHxkUvsa394e21wayvg8k4GDG8713RoH9+8n+aokn5Qll8b5+qXb7fb8P04czjNUVpfzduZ9l6Qu/XqO4Zq4n9AjsA9gANyU2U+QfnQlR0vSPatdD/45AX5B+HkzJEtOH2HDvucorchjeORNJF9+HwF+l+F0VVFScZSQbtHsyHuLalcVyZf/iAC/IJyuKgpP7SM0aADZJ95nZ/4abol/noigQbjdbr60rqXk9BGuir0Pi7/nKavLXU3uNxmkfbX4kpz7XUl/IsAvCLOpGwY8MSCDwdDovjZbk5Mrt9iJIjuRvVv/eLjdZj5CPoueeYdFEVFMjgskoOIka3d/c3brX5av5i+NbstnyQurWRIbw61R/tish9mc69mStqHhu5yTw70/rZ9Gm3t22O2Cp1axoM629aR8EcXkOH9sh3NJr5MFmFNvWHJO3WNX1X+fd0gfGcdASxUH/5PPHiCthefw+qp6RT39F94cGcdA6rYXAPd/VufHBfXb4+8fk/L3Xoy/ugfBtdv0082M/zSIlCsjCMdO1g6rhiNLJ1LCtt+/Dz+c264CjxfOjCW4mRuygEBC6p2fY2cme+NTmNPUeZsDPSumtrhMz5xw8SkPtCrw6HnL4LpZmOJD5/mM+Jjj4Hss353AnPnNRKuMzdSpdAvrj6U0zG493+ey/u5BHfwz1VwbNXpN88nIMjP24abbvfk2aaTM/O1kmVOY09q1X5o9B7lw33J7Oo6w5tUcEh+c2/QoCPXldqN2BmRYkFkZjyLSqeWVbidvx3b69Eigu38op6tKOH5yZ4P9vrZ9RcbRNzD7Weps31OwDqstm9Du/Sk5fYTSijxCAvucnQOy/rbuAWFUVZ/G4bTz7s45Dd7nUPEW+va8EoBjpTtwOBtOP9RVtePgo1ehlbSmhvc2ty03n7W5l6pSLXj/C7Rn92H21H+xlefQaFkt9g2b//NNI6+Xk76j+YVsRDqmUMY+uJCx7XYG3EvHnDyD3yb48gbWTPLM50k0nX9P6fzMcdP41aMXflzxppd57p8F4AxlwiPNBDukCTFMf/JRHL58mBIzjV897mj1QwXp4Mz9mb5w7gXPFK++3HZqApDXDu7J1v2lCjyKSKfXWMCxvsLy/Y2+XlqRR2lF3tmfay8+U3/b+RaQcTjtHC7edt66dEXtP/goInKpdcHAo4cZs6+zPc1mBSjEo5X9KmzCbF6c4NuqdDkBvu+H5gD17C6tFf1ZfbltVTpcbMhpuOq1iEhXVOWsv2SafNsUfBQRERERERERkU7l+MmdvPn53W1dDaEL5/uIiIiIiIh0ZGaju12WJV2L0WTizJnKiy7nzJlKjCbN3yPSGfm1v1WuRURERERE5HxGRPiRU1iNw9X4CqctZTa6GRGhQXHSOmFh4Zw4no/L6byocowmE2Fh4T6qlbQferBxaXSsdtVvGBERERERkQ7oupH9uK6tKyFdXv/YGPrHxrR1NaTdMXj+ZzBiMppxuhxtXaFOw2Q0YzAYMWAALu7h07dFw65FRERERERERMS3DJ4AZO/LhrZ1TTqV3pcN9QQeDR0j8AgKPoqIiIiIiIiIiI/UxMQMGDAaTAzrfSNGgwbe+oLR4OdtT5M387FjxCAVfBQRERERERERkYtmqBUJMxhMGAx+hF82iGsHPExE0GBMRgUhW8Nk9CMiaDDXDniY8MsGYTD4YTCcW6DJ0M4jkLrqIiIiIiIiIiLiE243GAxGjLjxM5pxGrvRO3goPQJjcLjsOF2VOF3VuN2utq5qu+eZM9MPkzEAszGQAHMQfsZu+BnNGA1GDAajt73buqbNU/BRRERERERERER8xgC4MWA0+GE2dQM8Q4bNzkBc7mpcbifgxt3BVm3+NtUsKGM0mDAa/PAzBeBn7IbZ1M07jN3gbef2T8FHERERERERERHxCYPBgNvtxoARDOBn9MdoMGJymfE3BeJ0OcHg9mY+tvOUvTblxmAwgtuAyegZwu7JePQMuTZQk/XY/tvQr1efAW1dBxERERERERER6STqByCNGDCb/HC7nfiZ3OBW1mNL1KxqbcDgDTgaMBiMnnalYwQeQZmPIiIiIiIiIiLiYzUBSKPBiNtg9AQcDSY8A4VrgmYKQDatdhsZagUi6TAZjzUUfBQREREREREREZ+rCUDW/LfBG1BzK+bYYrVjjG63NxTZgQKPoOCjSJdx2u5s6ypIK+i6SQ19FjoPXcuuTde/Y9P1+/apzUXaH/VLuVDGtq6AiIiIiIiIiIiIdE7KfBQREREREREREekiUlNTm9y2atUqn7+fMh9FRERERETOcGe3AAAgAElEQVRERORb43a79a+F/y6FpgKMlyLwCAo+ioiIiIiIiIjIJXIuiFb7n7TcuXbzZUCyfqDxUgUeQcOuRURERERERETkEnC73RgM3tCZ2437bCCtZrVmBSKbVrMyuKe9DBjA4Fkv3NOuF7/i9apVq0hNTb2kgUdQ8FFERERERERERHysJkPP5XZRUnGQL61/peDULqpdlW1cs47HzxhA5GWjuCLqDkItAzFg9GkA8lJT8FFERERERERERHymJvDoxkVJxQE27H9CQceLUO2qJL/scwpO7WLi4GcJtQzyaQDyUtOcjyIiIiIiIiIi4hPnhlq7cLudZJ94R4FHH6l2VZJ94h3cbiduXJ52vkSL0viSgo8iIiIiIiIiIuIzNXmPbnc1BeW727g2nUtB+W7c7mrwzqDZESj4KCIiIiIiIiIiPuHJxnPhcruodjtwuqraukqditNVRbXbgcvtwu32ZD+2d513zsfgntz5nd6kRPjT3ejm9OkzHNxnZfmu8rauWeMG9eXJUd3pDkAln/3tCGsT+/NcXIBne9VpPlh7jPQ2rKKIiIiIiLQf6V/lk1NYjcN1cXeeZqObERF+pAyL8VHNpCvR51Bqqxly7fnB6c3QE19zu6vB7QSDyftz+577sZNmPvpz58S+TOnrD6cr2FPkwBzcnWF9LRdRZijz7onn8XifVbKuikrKjP5E9+qG+cwZygBOn6HI6E90LzOOskrPayIiIiIiIuCTgA+Aw2Ugp1ABAmkdfQ6lvpopCN24cbmdbVuZTsrldp4ddN0BpnzsrJmPYQzvZYSyUhb/LZciwph3ZzTRZxy1MgydHNh1gNcvq8ku9GYbEsjECTFMjOpGCA6KbeV8ur+K4SN7M8pi4vTwoTw3qJLP3j3CWvxJSYnhxsu7E212cvRYIa9ucnLrrb0Z5A8njhXj6B3ByJ4GivO+ZuXX3fnhqGCiDQ6+yjnM8l21Uo+PF3KgojdJPZwU5Vr5FGCflT2DwhjVw8HRTwvZU+/9ik7a+WzXEdbmAuFhzEoJY1hPM5w+Tfr2w7wT6j23qtN8+rWZ64Z0x1Jh45O/WTnZVDnSaZ1xaILfjib+ir66bgLos9CZ6Fp2bbr+HVt7vH73XBPl0/La2/m1xzaXhjr751DqurB+acJkCGH6yHcvaZ26KqcLnK6WBOzbPvTX9jW4JKo57QBCgplzbW/+tvdrlr5T7Nk0KAi6+RNtcXOym+cls6Ub4d0gHBh+fX9+ONCPE8fK2O3oxsi4niQ5bXT3r/Ukp7qaImD4tXHMHObP6YJTZLoCSRkUzQNlxziBifBeZqJ7RFFUcJoTjiAGDYrhqX5VHC08gyOqO0mJsdy66wBrL+S0EmOZGd+d01+XkWkzMXBACNdcDmtzI3h8SjTDDWfYlVdOj34hTLk6ll0HvOfWw58fhDopOgM9egUSnRjLDxotxyeNL+1UaPDFZP6KiIiIiIiISFdUVHTqoo7vpMOuC3l9p42iahOxw6KYNy2BFT+IZWI4cOAYi4/VyjjMOsKGb86lAcdaTICTosOFrNhQzMYDpezancuTx6sAJ7l79vL42mOkE8qU2G6YT53i1bVH+FuREwdG/ANKeX2tjSIA20nmfXSYxUc8TwVO5h1k8ScH+KTQCWYT4Rd6WpeZMOOirKiIv20qYMPeUjILIPyangzv5uJAzl6WbiqhyAGYTYTUnJvRzYGsHB7PPMmBIjsnmihHRERERERERETElzpp5iMU7TrMvF2BjEoIY8qQHgzv1ZMfTnBxYvUx9jRz3Ce5p5kSGcyo64bw5+84OXHEytLjwMD6e1oItwBnAnkgdSQ9Aow4TpXxWWMrwpQ7OQ04LnaFp4OnOTGgG7FXDGTpcCdFBSX8eRsk3ewPQPigeF5PMGHGyYGcQtKBKTXHuvAEXg8AffpyXSPliIiIiIiIiIiI+FInDT4GMWVsOIOcJ1mefoxdOyt5PDWa4YEBxEKzwUey81lqC2RUn1DGxAUROyiaB8qKWdzU/i4HXx23cTz3JOmHyz0Zj63kcJ1nh+PHWPEPG5f36UFKXDDDoyP44fU2Nng3V5y0sevgaTKPFrOruYo0Uc68f7XTlcBFRERERERERKRD6qTDri2MGhDCqMjupAzqycRrQogNAM44yAWocgMmBg2LY9aUodwabTp75Izbh/NUYnfSPzvM8qNVgBH/gJqtJnqEBEJ4ILGUklsGdDPDiRLWnjKScm0MU4KBYCPm2tUJMODfglpvKK0CTMQO6sutg3qSktCfiREmcDgpAqbcHM/i8b04uT2X57LtnAbMZjOfnDiDAyMh5irS99lwhMYwIzm4yfdpqhwRERERERERERFf6qSZjy4cDjCHhzFrQpjnpTN2Nvwn15P1mG7lk9AYxoUHMZJythwxMqW/ZzeHC8zhESy9P8Lzc1kpG9KBPp4hz9HDh/Dn4S4OfLGbV7PLGHh1CCnXDSEFwOVkz6kqRo3q6ZnPsUcoz10HDOmOGYgeMpQZwHXRJsDEdakDObHqIJ/UVDvdyobIWCaGh/KDCaHeClWxKyuXtcBEpwuCQph3f4JnW0U5a78sheNONsT0ZUpkbx6/o7fnsG8M7KqIOBtYHZ4Sz+Nk81w2OJoqR0RERERERERExIcMYxZtdbd1JS6Z8GBSephwnD5N5olz8y0OH9WXW/vApx8fIx0YPnE4j8e5+PSPe3m9meMIDiKptxnqvO7P8LjuhODg4EUOu67/PuaqM6Tn2lu+zVvvipOlzQ+7Pl854lMbfjbyosuY+NJu1s9LafXxBV8XM3RA74uuh4iIiIiIiIh0LXsPfU1k77BWH99JMx+9imykNxKEi+3bg+GRTpgQS4LJn2H9/OFkCennOQ5bOZm2+i9WsefwRS4k06L3acG2pup9oeWIiIiIiIiIiIj4QOcOPjYht+A0uZZAYi8PwR83J4tL+fPm5lfBFhERERERERERkQvTJYOPezIP82RmW9dCRERERERERESkc+ukq12LiIiIiIiIiIhIW+uSmY8iIiIiIiLSvlgLSzhpK8flcrV1VXzCaDTSIziIqIjQtq6KiEibUvBRRERERERE2pS1sASXy8Xg/jGYTKa2ro5POJ1OCoq+wVpYogCkiHRpGnYtIiIiIiIibeqkrZzI8F6dJvAIYDKZiAzvxUlbeVtXRUSkTSn4KCIiIiIiIm3K5XJ1qsBjDZPJ1GmGkYuItJaCjyIiIiIiIiIiInJJKPgoIiIiIiIiIiIil4SCjyIiIiIiIiIiInJJKPgoIiIiIiIiIiIil4SCjyIiIiIiIiIiInJJKPgoIiIiIiIiIiIil4SCjyIiIiIiIiIiInJJKPgoIiIiIiJd0jd7trAlMxd7W1dERC7M6UJyD+VSeKq6rWsiIi2g4KOIiIiIiHRJp058xEd7v6EmfHF862959C9fcKpNayUN5K/lp8nJvJJd7/WKHN58ZBLJcXHEJd/Nsx8epLJNKijfpur8jbzy9Bt89K803l/1D/Z24acHB/9/e/cfV3V993/8ET9F5KDYOSo/vizARYAGZNlhlThdZFOszVhG0nWpuZzuulzsMmpzRjbn3OVqK+c081qQcxfRVaJlp3ShNU+W4k+YJZgM8AcnUQ8KHn71/eMcFBQVFELxeb/dvG2cz/v9/rw+53yC2+d53u/Pp7iY4uJiamvb9yYcOXIEu93exVW1n8PhoKKigqampu4uhdraWpYuXcrBgwe7u5Qztm7dSk5OTrvalpSUMHv2bGbPnt3FVV0ej+4uQERERERE5GrQ4Kjo7hLkXDUFLP7PWeTZIL3VJDc7+b+ZzNzGdN7fMx7TzuVMTk3l5Rs3kW727q5qrz3HtrPq5bWY/n0Oo4I7a9Aqtv9tMWsHTGbOyKAWrzdQ8Y83WPX37VRW+xFx91geSIrD5NWx0SuKLJSOnsHCe0Pb3ndOLp+daPlaALf/YAJx/V0titby9ppN7D0KAZFJTPjRKCJ8O1bDtejIkSNUV1dTXV2Np6cnPj4+3VpPy+Dx0KFDBAUFXbpTF3rttdfYv38/S5cu5cc//jGBgYHdWk9JSUmr4DElJaUbq7lyCh9FREREROS6V7p+NovfB1jFvNmriHlkDmmxfjRUfsrbr1v49HA19I/hgUmPkBDoAVSz/fUXKY16CNPetWzYUYvP8AdJG17DpncsfFriScyDk3jEHIQHDVT8469kr95DFeA3MJJRKWkkBLe+HKvekcXi0m+RUL2ZtbuqoP8dpE2bQEw/5/bafRtY9X8W9h4Fv/B7eChlLJH9gPJNrHgfRo01sfutN9jkM5aMtDgCzo7M9tcXUxqSgP2Ttew5CgHD0piWEkMADVTseA/rlr38s6SSavyIGD2RSfdG4Iwmail+P5tV64up9jNxxz13wDY7MTPHEul1kZoaKtj+jxJqg+NICPe7vA+l3ML8p35FwZ0zSNm+uPU2m5W3V9qYmjWeiN7eYE4mLWkRs7YWkm6Ov7z9tcMHH3zABx98cNE23/ve9/je977XZTV0mrpSNqxcxfZqSOq0iWcNlK5fxaqCari39ZLo2qK1rFhdT9LP5xPve4CN/7OMpRv8eHpMRMeCiYuu3zQQeud38at3/nS6/DPe21SPp2sHDeUbWPVmNbdPmcNEPzvbV/+BZe8MIDMlhu6N4rpWc/AI4Ofnd1UFj25ubtx4443dWg9AcnIyf/7zn8/MgOzuADI8PJzbbruNbdu2sXXrVuDaDiC17FpERERERK57ofdkMnkkEDOBn2dm8lCMH1DB5r/mUnPPDBYuXEjm+AA2vLqB4jOZSjWbP/iUhvg0fvxvcXhuyWLpO8eIfHAGM8aZ2PPWdg40AAc3k7v6NPc8uZCFC+fz80eTiDS1HbdU/WM3tcOmkZn5cyYEfUrWB3uc96Q8tYd3XtlD0IRMFi5cyI+HVrLirU+pAhgYiGnvWhYv3YzPdyYy7b7IFsHjmZHZvLuWO6ZlkvnzCQRuzeLve2oBDwx+QUSOm8zPMzOZ8/gd1K5fxeZyZ6/aPe+wbIsfY59eyMInJxJYtpZPbwxyzla7WE2nKtn9zlre/rLqCj4VAzEz15L7XyMJOXdTzQlsGPH3b57lGEJwFPB5ObYr2OOlXCpYvGaCx2N7WPs/WewNH8UdnTVmUxV71qwga28Eo4afu7Gakl2bqR6RQLzJAw/fCOISYqj+sJS25hs3VH5K7u/nOZeRzlvG2qIqnCG660sCaxbzZs9m9uq9tI44PQj4fxFEhEcQ1FTCxk3VxD32EDH+rq3943hg5kPcEeiHj18QQ2JiYOsRKjvrPbgKnRs8DhgwoFvrOTd4DAoKwtu7+2crBwYG8sQTT9CrV6+rZgn2j370I2677TagY0uwr0YKH0VERERERLx88PEE3JzLEX08gPK9bDwYw5DBzijPJzSCIdWfUnr4bLeYpAe5J9KEKSiIfkDCmCRiTAGEhoYCVVSfam55hL3/LKaqzgMfUxABF1pqOjSBhMgAfHxMxA+/B7YeoKIBqkt28ykxRIY7ZyyZQiMI2lvCwWrAwxMfIOb7DzAqJoIIU9uzmmLuSiCynw8+pngSRsCnpRU0AH7hccQMNADgERxKJNXQBFBNyZ5PYXgCcf0A3yCCBgJu4MklavKPI23+fBaObmtpbDsFm0k2G9veVmXDSjwhF9jclS4UMF4zwSMAvQgaPYsZYyLp11lDukGvkO8y6ydJRPqfu7Gemmrw6+1zZpZjwI1BQAVVJ85tW8HmnFyODE0jc+FCMh8JpeQvb/PpUT+G/ND1JUFoEj/OzCRzTGSbsyYb/rWBFa9swGf09xnRcoaxTwBB/Zp/rqJ4bykMDWgjrO8ZFDx2jALIrqNl1yIiIiIiIm1pgmr2sOrXs1l15kU/kjo6TmACEx+xs9ayjAXr/Ii4+yEmjGtrdmJrHt4+QAXVp2BAUz1gYfFsS4sWca07uHm2syAPPL2Bw9XUAvVFa8l9czt20wAMbvVUAbe7WtY3cOEpK5eqyaMLLze9vYmmnMoqYGDX7eZCmkPG5iXY11bwCPSLcAbKXHpmakNtLfXnveqJj8+5n28AEbHOs/r8Uaup3gehtxsuXVv5Xjb+K4axqaHOpdDhMcQFbmBHcRV3DA9o/SVB2xVzpPQYQaNHwT+zeWZTRKvbF+CqcO/qVazaF8HEmXFc5o0BrmoKHi9PcwB5NS3B/tGPfgRwTS/BVvgoIiIiIiLSFjfwI4axT6e5gprL5YEpdiyTY++jumQjbyxdwduDMpg87OLxY+3JamAAAf64gsVRzFiYxBXMJWwemdpqwBSAHxVseHMTAePnMG2oH1DKhtnn3F/xQvcD7NSaOsgYQjiFnKhpfsGG7QAQHsw3NRmyZdh4TQWPHVJN8fpVbDp8zssD72HiuMgOhHYeeAbCsWo7XKpXE84nzp8JvQ343QjF1dXQrjmKHgTdPQHn40viML3y37y1w0xM88Nv6irY9NcVrD05hLSZD5wTSvYMCh6vjALIzqfwUUREREREpFlT/dlZXgNDucPPwu6SKuKGBUBDLRUHqxnw/0wdu5A6UUEpAwj198DvpkhCAy3sqa1tu+1XFVRUxxHpW8Xugs34fWcyJsAnKJxIrOwtuYfQcB+oq6K0EkKD279g9FhFBdVDI/E7sZtPrX4kTDbRPEetpsF51NV797IXCHU0AH4E3RQKf9/OHnMQkU3F7N0L9HWO53exmjrjgTM4sNsdgJ3TACfs2O3gbTDgbYwiIREWrc/n8WGJGMo/5O23jExaEXGZ+7o8PTd0bOZH5LhpRF7xOAYCBkJF7dk7NFYfr+RMuN6SmyuePBN611NfCxF+l3Me+eDjA9WNrv3WlbLhf7LY7D2C/5x2D0EdfNK2XF9uuOEGAL7++uturuR8V2NNF6PwUUREREREBDAFJxDwfi4LZueSMHk+D0RGcPsP7yH3zQXMzgHwwxSbRNrDJkyXunu+hydBNFDfALXH97Ih9w/sPercFBA5lonDgy7Q8SCb/jSbFUfBLzyJtJRI59LS/vEkjd9L9tK5bHCOQuTIB3goOKD9s8/KN7E4YwVV+BExJo1HIn2AIOLGxbH5rwuY/Tc/Iu4eS8K9oVhKKxg7OBTT7WNJ2pNF1rzN0P8O7mhZ9sVqcj1wZs+9oZcfPh628FTCLM4s6p4cy2KSeHHzEpIHhpDy3AqKn3qK2DAbYMT8X0t4MbEdy3oFaKC2th6odT6wpaaW2lrw9PG5opCgeYl2bT1ALbXOQfHx8CMwIhLW7Wbv3aFEelfxz13bz4TrrbhC/+17K4kzm+DgHj7bF8SQ77cnaK9i79ZKTEMjCfCC2pJP2bzLj4R4514qP1uLpTqOySm3E9DoPGa48uO+2jTPdKyurj4zA7I7Zz96e3sTFBR0ZvZjRUXFVT378eDBgyxdupTa2lp69erFE0880a2zHgH+93//l23btgFw2223nZkJea244fZnP7q24tIeKjS0H4FeQN1prKUX+BZUrknrfzb0iscY/cIu3k83X3b/w0e+IjK8e6fai4iIiFyzmhqoddTj6e2DxxU8stMZzLR1rzyn6h1ZzNszhDmPxuFT24BHW+0aaqmt72hYUs321+exO2YOaUN9qG3y4Lyh62qpxQefC8wEa6hrwMPLg9L1s1lcPZnMByPP3m/vQjU1NLT7vo+FX3xJ9LdvavcRteSw23F4GDD0vqzuXe5Kjq3LnNhO1q9XsafVizFM/EUacec9LKa9nOfZql2tX415ZA5psX5AFXvX5PLGR8VU4wrX/30UoW2ccw0HN/PX7LfZcxQggJjxk3jkO0F4gPMcPDyROY+2ca/G2go2v/sOG7Y493Fu3+pdq3jx9e2ubS5+CUz++QNEtn0DyatacXExAEFBQfj4nH8AWn7dcddq8FhSUsLSpUsBWLhwYafXsLfkCAMH3HjZ/XtSuH/W4BDm3OqLLwAONud+SV78TSwIc53UdadYnVeGtZN3m/y9SBJa/aL+muNH7Wzcdgir/eJ9R8SHMNroBsePYi0t6+TKRERERETksrl5XDAw7AiPDgSGbQaPzg3nB4cd4eaBT1sBqtcFHt5xqorKJgMmPw84VczePRB5l6l12wvV1JUPnGnB22Dg6oovrgH+caQtjLt0uw7xI+7Rhec+BqmFACLHTWNOUi21jRcO4QE8AhNIe+oO5+xMz9bnV+johVwwWvEJIuGH00gY7wrEz/nCwG/oROYsnNixw7qGaQZkx1yrweO1oGeGjzUOTrj1Y3BfN2wHT3AC4NRpbG5+3Nr3a0o/dzhf62QnjjfS+yZf+tbXc7C6Eby8iRo8gMH9PTiRW0bRRfpmvXWMqGn96d7TWkREREREupOfX1ct//TD0KvjI1d/uYk33tlMqWsGWuSIyTxwiQfliFzUhYLu81xB6H+lIX0PogCyfRQ8dq2e+Z9jRSX7agYwrG8jttJDbAT4/BBFg2/k1r71HNhYSRFemM3B3P8tXwI9G7Edr2Xzzi/JKwWMNzLdfCO39POEU6ewfrafVf1dMyfrTrHxiCcjbvald42ddbmlrHPtduNnpxkT50vfU3YycssAL6b/KApzgC9moAgwhg9iYnQ/bunvTs3xU2zdVc6qkro2D8MYHkja0L5E9HWn5qiddfmlrLdfpG4REREREblm+cWmMSe2S0Ym7tE5F5mRdpGeMQ8wI+aBTq9IRL455waQBoOhzWXa35RzA8ivvvqKoKAL3Qf3m5GXl3dVBY8lJSU9JniEFg+vv+7EhzJ1iAH/mpNsLavD0+RPwrcATGSMCcbcD0r/dZITvgbG3BlKFODZuxeBpn5MiPKBeugb4HOJmYq98HQH6huxAQSFkD5iALf2qeefB05RbzAwZsRNTGzrnshBIaSPMBHlU88/D9SCqR8TEwdcpG4RERERERERkfMNGDAAPz8/TCZTtwaPzZoDSB8fHwYNGtTd5fDYY48RFhZ2VQSPAOHh4aSkpPSI4BF66szH9vBzx5MmTths5G6GYfX98bWBMaEfUb2a2Fewl0VbDfzHI/6EerrjX7Cf9YFDmBgI+z4rZEFNCHNi3DjY1ti+BhZMiMSzdy+MXo2UFh0hDzDHGAj0qGfntn388XMwJtzMohgfbr0VVn3UeogRQw0EetSxdeM+/lgdyLxv9cHo4X7BukVERERERETk+hEREdGh9t39wJlzNQeQVwMfHx+eeOKJ7i6jlWHDhjFs2LB2tQ0PD++SB810lus3fCw+xcHwXoTGRLAoqhHb4aNkfQzDxjoftWUcPIRXY93xpJF9hZVYgTHNfZuAfWXM23eJfdwANNVzoNT5tJm+nm5APcc/d262VTdyCujdp/95XSP8PKGpkdARQ3i1tzueTXVs3XcQqtzbrFtERERERORa5ebmRmNjI+7u7t1dSqdqbGzEze36XXAoIgI9OHysb7pEg4oylrxn51tBfTGHGYgKNJH2XTvrXZtrjtvZWXyKrQe+YmdHZxY23/MxfjCvDvPl1qH9oeKoa6MbvkFABWcWvdfUHAV6nz+OWxPHD51k57HjbN1/giI7QNt1p//9ZAeLFBERERERuTr0NfThsK2KgcaAHhNANjY2cthWRV9Dn+4uRUSkW/XY8HH9sTrSgn0IHRxC8umT2Hz7MtrkDvWnsQFjxg5houEki/76JQtORbDkrj54enqy7uBpJgT64u9Zh/VzOwQGMyXMzqtb7JfeqdENT4AbPBgW6MXWgiqKony5ddCNTAlz8I+qOgj0ITSqH8aK05hDffCljl3FgMHV18X6VR0j+nrR94aTZO2oo29sCGlfH8EWcnObdYuIiIiIiFyrBpn6c6jyKF98WU5T06Vmklwb3Nzc6GvowyDT+SvdRESuJz02fMR6iPUDQxlt7M+Eka5f9vV17CwoJQ8Y3dgEffxJn+Z6nFzNSfL2HIOKRtYHhzBm4AAyHnbeD6G+6gZ21phIDnR+AxdlHkIGu1mwu/Uup4zshxHA358p8afYOjiAW3sD+DDi7oEcfO0Q6weEMvqmUBZNA5oaKd1TzpIKExmPufr27c+CEWVkbK1kqzGQYREhzHPdxuFUeR1vXqhuERERERGRa9ggU38FdSIiPdANtz/70dfdXUSXMvRh2ABPPOtOYy2tbf82owFzX3dqjh/r+LLrSzAG+hPhCyeONC+l7mDbi9UtV531Pxt6xWOMfmEX76ebL7v/4SNfERl+dd1cWERERERERESufntLjjBwwI2X3b/nznxsZj/J1gsFfBfbZrNj7aKnSNsOnqC9Q7fZ9mJ1i4iIiIiIiIiIXCX02C0RERERERERERHpEgofRUREREREREREpEsofBQREREREREREZEuofBRREREREREREREuoTCRxEREREREREREekSCh9FRERERERERESkSyh8FBERERERERERkS6h8FFERERERERERES6hMJHERERERERERER6RIKH0VERERERERERKRLKHwUERERERERERGRLuFRVVHS3TWI9HBDu7sAEREREREREZFuoZmPIiIiIiIiIiIi0iU8ursAEflm7C050t0liIiIiIiIiMh1RuGjyHVg4IAbu7sEEREREREREbkOadm1iIiIiIiIiIiIdAmFjyIiIiIiIiIiItIlFD6KiIiIiIiIiIhIl1D4KCIiIiIiIiIiIl3C7Z608dyTNr676xAREREREREREZEeRjMfRUREREREREREpEsofBQREREREREREZEuofBRREREREREREREuoTCRxEREREREREREekSCh+7VB/MSXE8eUef7i5ERERERERERETkG+fR3QV0jaEsnhtGRBtbire+zYx3vqEy7hzO738YjPGkkcpP3+f1Thw66rt3k/m9YKL6uENjHeUHK8lZm8+rRZ24ExERERERERERkSvQQ2c+1lLi8CI8yJ/g3q6XevkQHuRPxI1dt9fgh8dR/FzC2Rc++RzL52ZUIY8AAB9pSURBVCfYvudf5HfifqZMT+GNh8OI8qylaF85BcfcCY8YRGJgJ+5ERERERERERETkCvXQmY/7+P2haH4S5kN50dskvQbNsyHxSeCNuSYM1FFgeZen+ydiGdYXOM7qzHyY/gDjTWDfv4+CfoNJDvMBWzmLX/mI1ytdww8dyuL7BmMO8cJ++Cj5H2+mcNA9PHl3ADT5YJn7AJXF23nDLRpzH8A9gHigHIj6bgJP3x1MdD+wHTxE9v9+xOuDEngjyYSB41jyGzHfF0yUdy3Wf2xl6pvlrQ8t6m4mxflAWSFJ87ZSDjD6XgpS+ju3f991PLWV5JT4kPIdE4YT5SzP/AjLHXE8nRjmqrsSywdb+M2nJn4zeyjxPmDfv4uHsvucmTVavPVtZnB2vPyv+pIUE4DBUUX+e5t4cuNJIIBHJ9/JpJv9MVJLeeUhcrK3nH2vRERERERERETkutVDZz62ZRczMt9mxg7Ar49zVqTrVoze/v6EB/UlBAB3jIP8ibt7GA+Zaig82IghNIyn/22os3FUApYfx5EUCIV7KnEMHETysGgiTD54u5/dm/146ZmxwgP7YAQYfS+vPzyYaI6S/8+TGELDePano3gIoHcfwoNC+UnKILwPVVLu5k9i0nB+H9X6KILvNBFMI0W7XMEjwPr3iZ+2iknrWxxPWBhPJvYHBxiD+hMRlcCrjw0lsX8t1u2VOIzBTHlsJE+bADcvgoP8CTf5OAfwbD1L1Nvfn/CIwUwZ6oPjRC30N5I84R5+ApinjuTZOwOgopz8/Y0E3xxG0tBO+9BEREREREREROQa1uPDx/DvPEbxMue/gvRo+GQzD+0+ebbBO/lkV9Sd+fFPS/ZSeBqoOcTiX77P1IWFFNSAdx9nUpk8Mphwzzqsa99k0tINrC46QWHZv/jNH139jpWTlOm8r2Re9n7nay5PmwdhaKoib8kGnlz6Lr//vBYMJpJ7b+ahImdN5dveJfmPG5iy6yTghfGcpdRJ/byARk6fcr1wZwJvzH0Ay9wHsMxN5CfNx+PWSMHaHJJWl7K99CjeI4MJ96zFmvcuM1ZsYMonVeAZQGLSfp5eUH42yGQXM/KPYj/v/TlJ3vw3Scp8k9f3N4K3P+bvQpS/F1BH2bZCnly6l9c/2U/+wSv+2EREREREREREpAfo8eGjbf9+8j5x/dtTdcXjGXu5A7WUu2YZ/mnJ20zKOdSuvgZP4LSDMteS5DdO1AFemAadbeNodIWQjY1tjuFofrnFLMvmmYpn7m/ZrBFn2Prrjyjs5Q7UYfuHc1P5Vw7sgKHf4HbVDo04XHX//pArvHWDV3dWYmvyIfGxcRQvHkYSJ7DooTciIiIiIiIiIsJ1ED7aD33Ekyuc/561tC8kvDR3DFGXbtV2Vw/8Xf832N0ZCFYeaX/31w86Z0RG3OwKDT/ZzEOumYrlRfn86eI7P1u3K7y0n9jX/p27PNrP5+wP67cw5U/5/P7v5RTVuhN+5zBe+H6HhxQRERERERERkR6ox4aPzmAPvHuFkXRznzZaeGEaEAChQ0kM8gLc8TZdetxXD5zEQR/MY4cSRR/MSQk8m9Ri/N59eNTUh6jQ8/dZ8FUteAeQ+MMAMIXxZFgfcJzAuv7C9Z8nZz/WGjDeHEf2w5Ek3xnGo0G98b5E3ZaKk0AfokeEEUwAP7m1PwZOUvjZ2TaGPn2IOrMNvN1bHoMXxu8EEHxzHOO/5XWm7t8890PeGGck728b+Mn2k4A73r6XKEZERERERERERK4LN/z7R8e+BtiUtbq7a+lECViWDSbc9ZP9863ELyo8uzkqAcuMwYR7AjRSfqyR4H5eUHOIv5f157s3e53pZ/EfxkMDW45zgqdnJzAl4uzsP3vRduJf3MWUWRN5OsrZl6Ol/N9Xg/hBi7His2H5z+JI7O8KFutPkp9nYaplaIt6T/BGTg1JKYMwNP887W2ebnl4Q4eT92+RRLXMBk+e4I033+Zpn3spONO3DmtO84Nognn2F3fzaKirvqY6ivI/Ivlv5cAgfjN3FA8FOetyHK3F0d8Hg6t//q0Tedp1HM6+tVjXfcSk1Yd4du5jPBp0dpOjcj/P/vIj3mjPx3SdKPjvB694jNEv7OL9dHMnVCMiIiIiIiIi8s3poeFjewSQeGdfOLSf/NLL6B4aTPIgL+zn9I8aGkZE7zqKPynnQrc+bE+b9gi+OZT4fmDbX4q18sr7RA0NI4Lj5O1qfW/MKekTefrmWt749Vasg9zP7+t6LxzHKrF8fhJpTeGjiIiIiIiIiFyvPLq7gO5TRf4nV/AAmtJy8toILYt27b9koNieNu1R/nlpi6dUX3mfNuv6Thxmf3fAi4hRRgpWbMd6bpsLvBciIiIiIiIiInJ9u47DR2mXvv6ENJ6kpAIMIf4Yu7seERERERERERG5Zih8lIt7J5+kd7q7CBERERERERERuRb12Kddi4iIiIiIiIiISPfyuP4eNCMiIiIiIiIiIiLfBM18FBERERERERERkS6h8FFERERERERERES6hMJHERERERERERER6RIKH0VERERERERERKRLKHwUERERERERERGRLqHwUURERERERERERLqEwkcRERERERERERHpEh4BQeHdXYOIiIiIiIiIiIj0QJr5KCIiIiIiIiIiIl1C4aOIiIiIiIiIiIh0CYWPIiIiIiIiIiIi0iUUPoqIiIiIiIiIiEiXUPgoIiIiIiIiIiIiXULho4iIiIiIiIiIiHQJhY8iIiIiIiIiIiLSJRQ+ioiIiIiIiIiISJdQ+CgiIiIiIiIiIiJdQuGjiIiIiIiIiIiIdAmFjyIiIiIiIiIiItIlFD6KiIiIiIiIiIhIl/Do7gJEpH1O1x7v7hJERERERERERDqkh4aPA/iPCf0IbPlSYwOl5cd497OjlHZXWSJXYKCxf3eXICIiIiIiIiLSIT102XUDB+vdCQzohdHL+YqnXx/McSH8akIIt3ZHSYZg5k2NZMo3vFtjws1kpYR8w3sVERERERERERHpsTMfj5J73EjyAE9sFXvJ2AjgxZixNzMxsD8TEo6wc3Md4MPokcGMHtQLf+opLjnIoip/5tzqiy8OispuICrc9+y2LXbn8MYbmTK8P1EB3vRuqOPESQebd35JXv+bWBDmDXWn2HjEkxE3+9K7xs663Y0Muy2AUDfwnxDJgtMnyT3oyQRX2802TxJu8sW/4RSbtnwFUYGYTZ7UHz1G1tpyduKs32wO5v5v+RLo2ciBskr+/GEjyckDGOwFB0u/on6QiaH93Tlx+Cir1h2kb8JgfhjpA197sGBCJMcPH2LBx7WtxrEdr3XWrumgIiIiIiIiIiLSyXrozMe21LFu+0lsQKBr+eqY+yNIG9wLjtn552lPbr01mOn9AS8vAgP8GR3lA3X11Pfq5dwWBGAiY0wwI0weHD94gl12NwIH+pPwLedePHv3ItDUjwlRPlAPfQN8iOnrRV+PFm+1o56tzW0H9md8uCe2Y/XQ18CY732Le3zrKD0FxsAbSftuHwCi7g5j6pA++J86ydYqGDw4kCfiAdwxBvRiWFwgt7ifprgaAkNMpH3XSKC/J54tdltTcwLiQ5k6xIB/zUm2ltXhaTpbu4iIiIiIiIiISGe6jsJHoKKBesDT2wMMwSQEulN/5Csy1pWysboJuIHeR8uYV1EHNFJUUEhG7l7+/K86wIvQMMDcj6hecLBkH/PWl7KktI5TzeMXfMn6qkZw+5p9BYVkbD3OPlste7bsd75OHTtz95LxwZGzbWlk387PWbTuCMU1QH0Nebn7WfS+HRvQu3dvoD9jQnvhWV3Nn/O+JNfWSD1ueHkf49U8ZztOnGDeWy373cCqdV9RWg+cspORu5c/FgB+7njSxAmbjdwPD7N+7zG2Hv5GPwXpTo0O7HY7drujzdcd53Vwvd74DdXXA9m35rA814rt/De3BRv5z6eSOsfi/O/5chwrpsBqxWq1Unj4ojs727aojHNPhcu2O5vUtOks3+0ACslOS2X6isLzz6ljBeQsy8F6uI12rcbogJoyCl3Ho3NVRERERER6jAtcw9s2zCc1bS6WS+Q57W3X1a6v8NHghidwqsYBob240Q3w7ceSybGk3+TJqSPHWLevRfsm5/8UHXEFjG4wpr8X0MjxqrqL76sJ2FfGvLdKWdeu4o5xvOWQ9ibqz/zQG2NvwNOHJx4byqJbfaD6BJutLdp/3eQMLVr1a0PxKQ42uBEaE8GiqTcxum89+z5vV4HSA9jXzyU2NpbY2OnktFxqv2s5sbGxTFhR2LrDYQtPxcZyy7P52L+B+myWuaSmzSf/shO4zhmj89iwrspg/uwsrMcu3tJ+2Ip1ZTFlbY1y0WOyY30hleG3pZLx8su8vGQRP0m4h9Tn89sYy0HhiskMv+1eJqSmkjp2BLG3jGDuhk74dBvsWD+2sO2AHXBg/9iKpaDkvPPGZs0iY0EGWZ+10a7VGO1T9m4GI2JGMM51PLeMzsBSfnmH4Ni9nOlpqWTvvrz+ZzTasL42l+lpqWS8ZHF+seRi/8LC4tmppM6cS7bVdmV9RERERESkR7vgNXxNGdaPsyk+dIkB2tuui11X4WNUnA9G4Kuq42dfbDjNrn1HyLJ8zvTVBylqq2NfD3y/oRovqqmef/6ritz1xWSs+rKdoeY5KspY8t6XvLr9GEXVYAw0nVnaLT2dHeuGHIiKJpp8Ptx1fohReOoCM86OtTUr8hw19jZm0XVs5mTZF9lYPy7Dfk57h72tsTs2Ruua2hispo0Zoc0aL9Dnkowkzd/Bjh0vkjywZQkX2VcbLnZMhSsmk/o3I7/YtImVv5jJzJ8tYM3mF4nfPpmfvFDQ+nM7bOHl5/Ox3b+A93fsYMemXF7MmMF4s6Flcdhr6JgOzDY03v9bduzYwYvjjO3scZFzqGg5P5uZQ9n9mazZsoONr0wlujSH6UtbhOU19nYfj/3ANiwfW7E3nFNBB84/sJP/7FhS/2TF3mjjwxemk/obVz1Fy5l833SyKkKIIJ+5qWNdwe/l9BERERERkZ7t0tfw5+v4taujzfZ2ituzqq6demz4aHRzHpqnZz/Mg29kwsibeWJwLzh9ks2b62B3NQfrwdPHHVvJUXbW9ybt7sAWT8K+AV+/PhiN/Zke2Auoo7QY1h2tA9wJDLkRI16YB3rhC3i6ebWjKneMUV4Yjc4QtLU++Lq3+NE1S9PpGKUngF6ecPAoedVumO8OZozhvEHO6efi5c1ogxehRi/GjB3CvMQAjn9WyoLdtZwCPD3P6yE90TErH+ZC0o/TGR8FFov18pf4tlKGZfYIwmJiib1lOKlLnIGXoySHjJG3EBsbyy2DR5DxrnMenm3NdMLCJjD3pfmkDg8jbHgq2UVQ8FIYE14AsDArIYzhSwqhppDsmSO4Jbb12B0aowXH9sWkDr+F2NhbCBvZPEPONXMwJpbY2FsYnrqYghqAAhaHhTFh5ixSE5x9JrxUgKPRyqKwMMIm5zhnFpbnMT0sjOEv5bJ47HBSl+VjyRxBWNh08iyLCbslltjx88l3zXy05c9lwi3OfY2YPJkJYRPI/qK5wj2sfj6V4WFhDE/Po4xLHJPDyurnC5j02+cIX5PK8DmrWf2nVL631MHj856Bl15mdctvxxynnYHWoUIKShwYguNJnpZCfG/gixwm3zecsLBbiI0JO+99GJ6+iMUzRxAWFsaIzOZwz/XZDw4j7IeLzj817Nt4xdVnwksFOChgcdgtxMaOY37+pQM0R1E208+cQ8O596XWYWrhJ6spAKY+nEK00UDIqPu4r8V5mf+863ONCWPEbIvz89q+mLCw4cz63WKmjwwjLGwEc/Pt2NZMZ/h/WgBY9MMwwtIt2No8/xwUvDSO4anLyX93LiPCwpj+Vss5pg68TSNJf3ENK1e+yi+SwLaykOIz9RpJy1hA5txnSMZGdn4B9svqIyIiIiIiPVq7r+Ft5M0MY/jjs1zXT7ecuZ5stiev+dp5FnnlAMXkPH4vw8PCuCX2FsKGp7J4e8urrWIsqam8/FnnXHn00PAxhPTBzjDQGBbK9JHBJId743n8GFnril0zBo+QV3SK456+JI+NYtHYEEZHGBh25uErrqXJD4Zg9m/CVnyEJRWA9RAbq5roGxzMomlRTPVv4jhgHBzGlCERJAe6A+5EmYeQMeRsRetKazmFJ1F3RbHowZuYOD6Sic1t4yOYMvYmhvkB3n1IHhtCxoP9MAK+gYEsGHGS3N0nsDV5YR5xM1kPhjHh5n7cGgZTUvoTCNC3PwtGmM7pV8lOWyP07kPaw1HMGx1ESGMT9PEnfVosWXf1wbfmJJv2XGI9qHS6xx577IL/uor90w/JwczIoYnEJxnh3XVYO+G+D2W5c5mee5qpr2xk5U9NWH/3CpbDZaz+dQY5NZNYsul9FtxfRs7MxVjOnGoFvPeJnfhxiRhtVl7eWEjE/SvJfBjAzIyXV7JkXARl7y5i7rsGZmRt4f2F8Vh/N5fsoo6NcYbDystPLMIancmaDxaQVJrD9LcKcFhfYdZLVqJ/mcvGrBmYrIuY+/rZgK/gM7jvtyt45n4oeGERq8ujuS0VyN9MkQ0cB/ZgAcbHjSAiyoZ1wWR+9YWZqdPGEHVHEi9Oi4bSbAoPOGvIeiqbgqgZrNyUy6SGfAqIJmTg2WMqronnvkSwvfVr8nZz8WP6ooDVJHFbZBn5fykg6d/SeeYnM0mJNuIdFc995FNc1uIPSOhIHn8sHrZnk/HD4Qy/bxaL811/kowhjJz4HCtXruTFadHYrItYbT37h8b2Vh57gpNJiYOy197Gamv+7MtImpfLmoUp558cH+dTFpxMchQUvJBFvi2CpEVTiaaM7N3FlzizHBTkzcVSmkjm2h1sXPscz4yKxrtli1POz8nft/nVeKbu2ME/5yXibc3hqRVW4he+z5asGRhyp7P8zIxBG3nv7iEkOYV4ysheY6Xu9pks+akZgJR5K1n5YzOn2zz/vIn4djQ263wmZxZjnjaVMdEhLaoyYv7pAmaYvXFszyPLAiQaMZ6pN54QI2A0Mhhcs4ovp4+IiIiIiPRkHb2Gt20oJ+JJ1/XcW7PI/vjsVUPBF3bi700EWx6/XlMImAi5axLPrVzJykVTibZZWfR/VuzYKchdzvJlq9kGlOdnsXzZcvJLL7jbdvG4su5XqzIylrV157TWdm7Zx39s8eHWwb3oXXcaa2mtc0MoQCNFW75kfY0n9cePsfNMvGzn1dxdrA/tRyAt+ri8eqF7he0uZvphA+a+7tS0Gq9F33OOobUvSS/yIirMF3/qKd7vfHI3O3a07rex8twdUxTaj0CvRg7us1MKLDP0YdgATzzrzq9fvhmvvfZam0Hja6+91kV7dE3XDk8npJ+dkPD7gGw277STPLCtKbTtZaPImg8kERMdQrR7IuYJJsIbi3glH7j/NuKDIyApCd7NofjAAuJdPeMfTif9divFK/KxNDgwhJuJHgRgYHC8mfiBNizWfCCaMutq8u3OB5Q4WqQulx6jRalfFJBjA+KiiQ43MPL+JEKGhFC8IwcbcFtcPCFxcB+LWbSrBBvBzn63f5f7EhOhOon571qwVRkYeUcSrMxj2+e/JXj3amASCUONGLYDJPGL3y4g2dXdPzoYcIWZJYXO+zY+OhJzcAg2A4AJgwHXTLY00ufPIGRNMdn5Fmjg4sfk7o3J9X+9jWC3n8AQN4mZUeBNAacB714t4zojiXNz2ZKcR85fXiZrTR6LJlupfOUDMkfFYx6YQ85bWRSWOKuprGkZcaXweMYMeGkxOdsdOBodlBc7P/sxo+KJPtTyJrQu96fzXEYyZS8tJq/IgaPRQIQ5hhbvyEV4YxwUD+Qzd8ZkUn7wOFOneF+6l8F5Phe6PlfHznxWf1l29ngCXA1/8DjP/BQWv5RDgcOB18Bo4iOcfUOizJi/bcOytO3zz2Byho1JGQtY8GAIbSnbMJefPZ5NQWgKS55LIQQuOdP4cvqIiIiIiEhPdDnX8CMZOc5MfPB9zFpWSNmxs5NJ0n6+gBmD8ihe6bx2BgPxd5nIeWM1WUXFzuvRY3YcOCjPn8/8d10d31pMIZB++1QSQy//aHrozMeOqGXnvmNnQ7ggE2l93YEb6BvYF2NN20Fhaemxjgd3NjvWfW2P1z51FO0/hrU5eGyn0tJjWF3BIwD2k2zddxn1S6c6N2jsuuCRM9O1KVlEamwsw2dmA5Dzcecu3zQkprNy4SSi23MXgo4KSeCZjGeIDrh000uLIOXlJTyT2N77DsLpFvcBNA4diRmwfpFPyS4b3BVNeMvf/9/U1zpR8dxntLDuMwNJP06meE4qI0YO595lBdg/fo8cUogJP7+bMS6ZGX94n7UvpwA2souKsW+YT+r0lym+KY2ZPzC3Y+cOHKc6+4Bai3hsBe8vSSfZu4ycF6aT+rvWDz4yGp11bitp8WVNjf38c9o/hvEZzzAy+NLh5QW1df559GqzadmaWUx4PJuyUc+wZvUCkoLPadAAOBycuMI+IiIiIiLSQ13JNXzj6XaMn8/8R6bzckkIadPHc/YK0Ejyy/vZvz+XdCDpD1vYv38/M+Iu90CcFD6eq7c3oZ6NHKyqA18fAnt3d0HSkzUHjl0aPAL2gs3kYGRG1g527NjBjh3vs+B+YOWHFLT8zbV9NcuXLXf+y23xS+3A38lqfn1Zy6coG4kyJwIW1r1bQGGRhexl+diMUSQkAp9to6C8mA8tFiCFiG/RDuXssVopPmYkODoaqIQQM+PvNxMRGk90u75taR6jxUvfjifFCFjew1JUiDV3OTlFDiJiUzAC27YXUPbxh7wHRA8NP3tf1gN7KCgqIH9Di2MIjWZkFBQWvM06C0QnRtP2/LdzhEc7f6lb3iMv/0O2HWhPp4scE/GkzE2m4PkMcvx+wQc7PmDN6g9YM6qYX6UvJ+SXk0jq16J5aQ6TR05m7msWrFYr1kLn0ufEQUbKvngPGxGMvCseQ3PE1XCxP1oGjDdF4/zs87F8vA0A+6l2/KE714E9WL84eyKWFzqPs+zjfMojUnjuL88xCbDZWi83DjGPJxHI/10GGS8sZ/my+Uz/fiypLxVg+rbz7o92QwRJDyYSHxpNdFT7Zvnu2Z5P4WHD5Z1/9nyW/2cetvAUUsxg/dtyli/LxmqDiKhJgIV1Gwsp/vhDrEB0fDjGy+nT3vdWRERERESuOe29ht+z3UrZmQds7qFgeyH5650ruG4Lv8hVQ3kh79kg4q5E4v1xXgE2wtmrOW8Md5kJ6aRMrIcuu74C+8qYt6+7i5DrSVcHj2CnID8bmErC7QYM3gAGzImJ8G42H36WTuLt0UwNheX52czPd/aK/681TBoYRYLZiMWax+KiPACMDy5hfIvRQ+5P5xlLIfOfn4AFIxEP/4JERwjjf57JhzPmMv2ebCCElJdnkNTvnGWkvQ2YjEBROWXEEzFkEiFkszw9lbI/bGHJw5mkb5jOomfGkQcYzem8aI4noiNjND9V2dtMyvxJWB9fzvSxyyE0kfT5KXibU/jt5AKeen4CI1z7WPJoNFDg7Gdbza/GLsfW4hggGvMP4uF5CxaMpMdFt++j8DYz6eUULDOXM+upkAsGlt5+JozAngM2iDNe+JgA4/0vkus+n7mZw4ltnt5sNDP1l+/z23Gt3ikcmLhtaDlZmdNxfm9mxDx5BZkTQggpmon5L3OZO344IROmMtVsxHr4/O/UDIZ4oIB95ZB8/0xSsqeT8/xkCkZNZeqoQlZ/XoIdQxt9iig7BAxquSUa809D4KXlzPpjDOZFZmaEwuJls1gU/W0e+PRlfrVylvOcMZpJn5LUOnQLTSHzlWIynllOzktWwEjEuGfIfDgeo9HIkgn5TF8ymRFLgNAkXow00/qTMmCIAz7bR1kjxIcnYDZasDw/GcupXPZPafv8u2jwZwgnOhHIz2Hx8811TmXFw2AYNZUVk4t5as447gVC7s/kTw9HQ++yjvcREREREZEeqh3X8EPHkGS0YHk+lZi4La5rywJeeWIcNpsR838tYVIU2EtaDNt87fx5ObafJjLTnMXczHEMD01h6mQzxk/KsDcC7gDRTMpa2WlHdMPtz370daeNJiLnWf+zoVc8xugXdvHp3Ls6oZpznPnFcuUcdjsODwOGVt+MOLDbHXj7GvC+gv047HYceGMwXMGy2WaNDuynHHgbDK0eXkKNHXtDy30UsDhsAovuf5Etf0jCgPd5x1C4bBzjXk1k5aZ0zB0pzeHA4V2JZfoIZhWks2bLDK48TnK+18Cl32/Xe4B38x+y5iHs2B0dfJ8bHdhP0TmfTVscduwOzv+8zquhjeOhc86dTj3/oI1zrYv6iIiIiIhIz9LmNbyNvJnDmfVuOrn7pxLt8Ma7XZcNruv1i11rdRLNfBS5nnVS8AgXCoc6Jyzp1F+G7heoqbeBCy7Kdfdusf8Clqcu4kNsFFuLSZz/pw4Ej2XkTH6UnIZgvE+VY90O8b9M7ITgETr0Xl/oPWgjvGvfWB3s0xHtqelCx0PnnDud/sf4YudaZ/YREREREZGe5ZLX8O0NHp1tv6nJDQofRUTaZCQ64xkyo+JaL7N1hBD94EiogvGPJzE+sV13e3TxJz4tHccXlTiA8T9N4r4O9RcRERERERFpyZvgxGd4ZtS5t5m6emjZtUgXu6qXXYuIiIiIiIiIdCE97VpERERERERERES6hMJHERERERERERER6RL/H4WRG1SR7S5DAAAAAElFTkSuQmCC]]>
  </system-out>
</testsuite> <!-- test.SystemUserTest -->
