<?xml version="1.0" encoding="UTF-8"?>
<!-- Generated by org.testng.reporters.JUnitReportReporter -->
<testsuite hostname="Alphi-Nandhalala" failures="0" tests="2" name="test.SampleTest" time="45.616" errors="0" timestamp="2022-11-09T12:44:51 IST" skipped="0">
  <testcase classname="test.SampleTest" name="tc1" time="20.646"/>
  <system-out/>
  <testcase classname="test.SampleTest" name="tc2" time="24.970"/>
  <system-out/>
</testsuite> <!-- test.SampleTest -->
