<?xml version="1.0" encoding="UTF-8"?>
<!-- Generated by org.testng.reporters.JUnitReportReporter -->
<testsuite skipped="0" hostname="Alphi-Nandhalala" name="test.NavigationTests" tests="1" failures="0" timestamp="2023-05-16T05:51:17 EDT" time="38.364" errors="1">
  <testcase name="PatientNavigationTest" time="38.364" classname="test.NavigationTests">
    <error type="java.lang.IllegalArgumentException" message="ScreenCapture path must not be null or empty">
      <![CDATA[java.lang.IllegalArgumentException: ScreenCapture path must not be null or empty
at com.aventstack.extentreports.util.Assert.notEmpty(Assert.java:12)
at com.aventstack.extentreports.MediaEntityBuilder.createScreenCaptureFromPath(MediaEntityBuilder.java:34)
at com.aventstack.extentreports.MediaEntityBuilder.createScreenCaptureFromPath(MediaEntityBuilder.java:40)
at reports.Logger.LogFail(Logger.java:70)
at driverutilities.DriverActions.click(DriverActions.java:33)
at pompages.MCOHomepage.navigate_patientmodule(MCOHomepage.java:63)
at test.NavigationTests.PatientNavigationTest(NavigationTests.java:43)
at sun.reflect.NativeMethodAccessorImpl.invoke0(Native Method)
at sun.reflect.NativeMethodAccessorImpl.invoke(NativeMethodAccessorImpl.java:62)
at sun.reflect.DelegatingMethodAccessorImpl.invoke(DelegatingMethodAccessorImpl.java:43)
at java.lang.reflect.Method.invoke(Method.java:498)
at org.testng.internal.MethodInvocationHelper.invokeMethod(MethodInvocationHelper.java:133)
at org.testng.internal.TestInvoker.invokeMethod(TestInvoker.java:598)
at org.testng.internal.TestInvoker.invokeTestMethod(TestInvoker.java:173)
at org.testng.internal.MethodRunner.runInSequence(MethodRunner.java:46)
at org.testng.internal.TestInvoker$MethodInvocationAgent.invoke(TestInvoker.java:824)
at org.testng.internal.TestInvoker.invokeTestMethods(TestInvoker.java:146)
at org.testng.internal.TestMethodWorker.invokeTestMethods(TestMethodWorker.java:146)
at org.testng.internal.TestMethodWorker.run(TestMethodWorker.java:128)
at java.util.ArrayList.forEach(ArrayList.java:1259)
at org.testng.TestRunner.privateRun(TestRunner.java:794)
at org.testng.TestRunner.run(TestRunner.java:596)
at org.testng.SuiteRunner.runTest(SuiteRunner.java:377)
at org.testng.SuiteRunner.runSequentially(SuiteRunner.java:371)
at org.testng.SuiteRunner.privateRun(SuiteRunner.java:332)
at org.testng.SuiteRunner.run(SuiteRunner.java:276)
at org.testng.SuiteRunnerWorker.runSuite(SuiteRunnerWorker.java:53)
at org.testng.SuiteRunnerWorker.run(SuiteRunnerWorker.java:96)
at org.testng.TestNG.runSuitesSequentially(TestNG.java:1212)
at org.testng.TestNG.runSuitesLocally(TestNG.java:1134)
at org.testng.TestNG.runSuites(TestNG.java:1063)
at org.testng.TestNG.run(TestNG.java:1031)
at org.testng.remote.AbstractRemoteTestNG.run(AbstractRemoteTestNG.java:115)
at org.testng.remote.RemoteTestNG.initAndRun(RemoteTestNG.java:251)
at org.testng.remote.RemoteTestNG.main(RemoteTestNG.java:77)
]]>
    </error>
  </testcase> <!-- PatientNavigationTest -->
  <system-out>
    <![CDATA[----[INFO]----Home page is displayed
----[INFO]----MCO LINK : Element is present
----[INFO]----MCO Link is clicked
----[INFO]----The given text : shc/shctest is entered in the Username text feild
----[INFO]----The given text : Letmein@13 is entered in the Password text field
----[INFO]----Login button : Element is present
----[INFO]----Unable to locate elementPatient Module
----[FAIL]----Element 'Patient Module is not present
----[FAIL]----Element 'Patient Module is not present
data:image/png;base64,iVBORw0KGgoAAAANSUhEUgAABR8AAAJmCAYAAADVS/dbAAAAAXNSR0IArs4c6QAAIABJREFUeJzs3Xl4lOW9//EPkH0SlgATkCVkoUQYIkohGCuWoKCnINLaH6Di8YALVY+gBa1iqhb3pbgcW2Q7FlCwrUWFUwVMUNRAWATDgEGTDIlEyYBBSIaBrL8/spBlZjJZJjOB9+u6vGqeeZbv8zxjox/u7313qqysrBQAAAAAAAAAtLHO3i4AAAAAAAAAwPmJ8BEAAAAAAACARxA+AgAAAAAAAPAIwkcAAAAAAAAAHkH4CAAAAAAAAMAj/LxdAC48JRWVCujcydtlnBcyzAcabYsw9laE0eiFagDPKbbZlGM5LJvNpmyLRZIUExUlg8Gg6KhBCjUYvFwhAAAAAMARwke0q7RvT2jdoVNKio/QlIFBIoJsnmKbTVtSt2pLSmptAONIqMGg+OEmJSYk6PKE0U0GMwsWPuowyHTkLy//WTFRUW7tu2BhssvPp06epMQxCQ4/W7J8hbIth926zgtPLaq+nvv3IZ0Lr0JDDYo3mRRvGubWvWWYzU3eW4140zC98NST9bZNnDK12ce6ez1JmnP7LMVERTXreTiq0xlPndeRLalbtf6DDS6/75IUYTQqcUyCrkka5/b3EwAAAADgeYSPaBe5P9q17JM8bTYf05iRA/RB3hltt5ZoysAgJRoDvF1eh5C2I10vvfqaim22JvctttmUtiNdaTvSFWow6N2317RZHVtSUhVz+2y39s0wm11+nmOxKH64yWE4mm2xNCtIbIm6gVbajnRJVYHk1Osn65qkcR69dnM19SzrsrnxHfF12RaLXnrltSZDxxoFVqvWf7BB6z/YoFumT9PMGdM9XCEAAAAAwB3M+QiPKq+o1JLUXP32f/Zos/lYvc+OnanQ8m9O6yVzsbJOlXmpwo5hc0qqnnjmWbeCx4ZacowrW1K3ttm5im02rVm7rs3O1xayLRa9+MqrWrAwuc2fHdyTbbHowYXJbgePAAAAAADfRfgIj9mwr0BTX92tlZ9953K/Az+V6emMYq3OtutUaWU7VddxFFiteunV1zx6jea0qdaMqmwr6zds9MmQKcNs1t3zHmhVAGkICXH4bKOjBjV5bHTUoBa1D0dHDZKheiRpTFSUDCEhbX4tT523xkuvuDfCFwAAAADg+zpVVlaS9qBN7c09qWWf5Gn34ZMOPx8zcoCKu3dz+Flgl066YWCQJvYL9GSJHcrjTz+j7ek7nX4ebxqmeJNJBVarCqxWh63Km95f79a1br3jLhVYrU3ud03SOM2fe1+T+2VbLLLZbE3OVxhvMtXO21hXsc2mJctXOBxtaQgJ0arlSx22bLuakzDeNKz2749arbJajzncr0ZMVJT+8vKfHX7mau7HqZMnaU4T7enO5n68PGG0Hn/kYYefubq3d99e4/B5rF67TmvWvePwmMce/oPTeTeb4onzbk5JdRm2R0cN0iUmk6Sq71d2jkW206fr7UPbNQAAAAD4DuZ8RJs5VlSipZ/k6f0vj7b4HGfLK/WOxa40a4luGBikS3v6t2GFHdN+J0GTISRELzz9ZKORZc1ddKVGtsXiVvAoyWUYWpe7o94yzGZtTknVhPFJ9baHGgxOV+6OiY5q0QrHDRc/qZ0rcMNGh/tnWywOa2uKoRWrL7d0wZSWPI/QUM+sEt3S87qa2/L39/13o/fgKgAFAAAAAHgfbddoE3/7/Iimvrq7VcFjXd/ZyvXa1zb9JdOm/NPlbXLOjijDbHbafho/3NSmq/puSUlttM0QEuJw4ZW2br2WpDdWrPRKq22E0ag5t8/WnNmznO5DuNV+nAXghpCQZgfAAAAAAADvY+QjWuXjg8e17JM8WY6dbnrnFth9vFS7j5fqP/oHasrAIPl37uSR63REzlY0rhtIxle3p7ojzcFoxvjhJiUmJDhse96cmtridl1Him02rf9gg9faZadeP1lp6ekOR41WtbObm/U80TLORu02bK2uEWE0Kt40TBFGY+0o2UuG854AAAAAwFcQPqJFMn8o1rJP8vTZN4Xtcr1/HzmrNGupbhgYpLF9Atrlmr4uw3zAYTtwU/MMOuKs5ToxIcFpwLg9faeKbbYWtfo6s2bdO5owPslpq7WnXZOU5DT8+mo/4WN7MBp7O52H86VXX9Pv7/vvetsmjE9iRCQAAAAA+DDartEsxWfK9OdNObp16b52Cx5r/FRSoTezTuvZ/cXKPFnWrtf2lqbmDXzp1de0YGGy23MwOuOo5VpSbfB4ecJoh5+3deu1JL34imdX9nbF1Yg5V3MRou30cRE8b05J1a133KUtqVtZDRsAAAAAOghGPsJtf9/5vZZ9kqeTdu8Gf9+cLNPz+4v1i4gA3TAwSOGB52+GHhMV5XIkmFQVimWYzQo1GJQ4JkHXJI1r9gg9hy3XpmG1oxovMZkcBpxp6emtGnUWHTVIOZbD9bZlmM1K25Hepi3d7mrLEZcZ5gPMFdkCiQkJLhdMKrBa9eIrr1btOyZBiQkJDuclBQAAAAD4BsJHNCnt2xNa+mmeDuYXebuUej4vKNF2a4mmDAzSpAFB3i7HY349ebKWrFjZ5H7FNps2p6Rqc0pq1SIqs2e5FeC5armu/fsxCQ5raG3r9czp0/XXFSsahatLVqxU/HBTm7Z0uyveNMxh+NUwJG1KTSiM5rlmfJJWr13ndI7HutJ2pCttR7qWLF+hqddP1g2TJ3nlOwMAAAAAcO78HTKGVsv90a5H3z2keW8f8LngsUZ5pfSv3DNa+GWRdh0v9XY5HjH1+snNHtlVYLXqiWee1RPPPNtke2rGfscBWd3gMsJoVHTUIIf7OWvZdkdoqEG/m914jsoCq1XrP9jQ4vN6Am2+7SPUYND8ufc165him02r167TgwuTlW2xeKgyAAAAAEBLED6ikfKKSi1JzdVv/2ePNpudt/v6kh9Ol+uvmTa9ctCm3OJyb5fT5ubPvU9TJ09q9nFpO9L1xNPPutzH0UrWRmPvRi3Ilzhp5XZ0fHMkjklQvGlYo+1r1r3jcESmtziqEZ6ROCZBLzy1SEZj72Ydl22x6MGFyQTFAAAAAOBDCB9Rz4Z9BZr66m6t/Ow7b5fSIl8VluqJfUVam2OXvazS2+W0qTm3z9YLTy1qdghWM4eiIwVWq8ORYlckNG7XdtbC7axtuzmcjXTz5uIz8K54k0l/fXmxbpk+rVkhZLHNpjVr13mwMgAAAABAczDnIyRJe3NPatknedp9+KS3S2kTW74/q+3HquaDHN830NvltJl4k0kvPPWkCqzWqvnu0tNdLs5RIy3d8QIuzkLJDPMBLViY7HZdaTvSNfX6yW7v31CE0ahbpk9rtECLN+ZMdOd5uuOapHFNLsbTnGd8IQo1GDRzxnTNnDFd2RaLtqSk6iuzucn5N7ekbtWc2xu38wMAAAAA2h/h4wXOeqpEyz7N0/tfHvV2KW2uuLRSb2XbaxelGd7D39sltZkIo1FTr5+sqddPVrHNpvUfbHC5srKzQM1Zy3Rz583bkrq1VeGjVDW35ebU1EaLz7RnAOlqBGeig9GgrkQYjc1edRzOxURFKaY6UMwwm/XX5SuchpDFNpuyLRbFREW1Z4kAAAAAAAdou76A/e3zI/r1a7vPy+Cxrpyici0+YNPSQ6dVYK/wdjltrmZ02JzZs5zu4yhUc9Zy3RLZFkurzxVqcLz4THtyNhJUkuKHEyT6ipoRwK7asW3M+wgAAAAAPoGRjxegjw8e17JP8mQ5dtrbpbSrHcdKtONYia4fGKQpA4PUydsFuWFzSqq2pG6tN/rvlunTNHPG9Eb7XjM+SUtWrHT73K6CtpbYkpJaOzKtpWoWn2mr1ufmWr9ho8PthpCQC24U3cQpUyVVjeCMMBoVEzWoTVqZXZ0322LRkuUrlWOx1C4aE28apheeerLReUINBvUxGhuNlAUAAAAA+BbCxwtI5g/FWvZJnj77ptDbpXjVB3lnaluxE40B3i7HpQKr1e22Y1ctw44WqXHWcu1qrsLiYpueeMbx6tlp6TvbJJyaP/c+3XrHXa0+T3O99OprTp9ha1vKO7ICq7X6ubTtAk6Ozmuz2ZrVZl/gIniMvsDCYgAAAADwVYSPF4DiM2Va+mme1u343tul+IxjZyq0/JvTtSFkbNeO/Y9Csc2ml1ysDN1w1J6rluup1092OcovOmqQw7n2as7Z2hGCzhaf8ZQCq1VLVqx0OhLUEBJyQYePbam4DVuhXYXFRmNvhRoMbXYtAAAAAEDLdezEBU36+87vteyTPJ20l3m7FJ904KcyHfipWOP6BmrKwCB19ff9Zuw1695RhvmALqmegzDbYlHGfrPLYKfhStfOgj2jsXeT4WFiQoLThT7aovVacr74jLtcjYiru8K0rXphElfm3D7baZBVXNzyMK2lc2TabM2fLsHV/IdVbf3129xdjaJtj/PWlWE+oLvnPaD44SaFGgwqsFr11X6zy3NNSHK9yjgAAAAAoP10qqysbNteOviEtG9PaOmneTqYX+TtUhoZM3KAirt383YZjQR16aQpA4M0sV+gt0uptXrtulaPALw8YbQef+RhSdL6Dza4NS/knNmzGo32czT/pDO3TJ+mCeOTtCV1q77ab3Z6TExUlCIijJo6eVKjlaHTdqQ7bfGWHM8FuGBhcr35AlvL2fyajuYmdCQmKko3TJ5Ur4295lh3nmPdd7dgYXKdVmXnQg0Gvfv2GknSkuUrlGE+0CYLC9V93p46b4bZXC8cbglDSIhWLV/KyEcAAAAA8BGMfDzP5P5o17JP8rTZzCIMzXWmvFLvWOy1rdiX9vT3dkmtFh01SPPn3lf7s7uhnKP9mjP/ZM3+q9euc7lPzSrZ0YMGNQofW7L4THPqc8UQEqI5t892Ovelu3MTZlssjcLC5sxrWHdkobvH1H13bbEKuSOeOm9rGUJC9MLTTxI8AgAAAIAPIXw8T5RXVGrZJ3la+dl33i6lw8uzleu1r236eS9/TRkYpH4hXbxdUotcnjBa8+fe16GDmPlz79Pv5t4v22n3Wo2Nxt6tXv34mqRxmjljuiKMxladB+2rJmi/0FYlBwAAAABfR/h4Htiwr0DLPsnT0ZNnvV3KeWX38VLtPl6q/+gfqCkDg+Xfuf1rmDljuhLHJGhLSqq+MpudzrVYwxASosQxCZowPqnRSEKpajGXuitfH7VaWx3WeVKE0aip1092u/W8j9HY7PuJNw2TwWDQJSaTEsckEDp6UbzJpFXL3lDajnSlpae7Ner18oTRSkxIcDpKFQAAAADgXcz52IHtzT2pZZ/kaffhk94upVl8dc5HV3oEdNaUgUEa2yfA26Uo22KpbcfNzrEoJrpqpFeE0ehTwVmxzaYcN1tzfa12+I6681zW/b4bDAZGOQIAAABAB0D42AFZT5Vo2ad5ev/Lo94upUU6YvhYY0g3P00ZGKS4bgwaBgAAAAAAaArhYwfzt8+PaNmneSopq/B2KS3WkcPHGldGBGjKwCCFB3qhFxsAAAAAAKCDYPhWB/HxgeNa9mmeLMfcW3gDnvVZQYnSrCW6YWCQfjUgyNvlAAAAAAAA+CTCRx+X+UOxln2Sp8++KfR2KWigvFJ6N/eM0o6V6oaBQRrVy9/bJQEAAAAAAPgU2q59VPGZMi39NE/rdnzv7VLa3PnQdu3IJeH+umFgkCJDu3i7FAAAAAAAAJ/AhHU+6ujOR3Xixzxvl4Fm+OmMTSlZK7xdBgAAAAAAgM8gfPRRF4UUa37If+qFUSky9aU73pd19Zcu75quiNO3ylCxx9vlAAAAAAAA+AxSLR83omSlRhhX6t99ntCbh+J04nSZt0tCHSO75cqv+GmVnzrp1TqKbTblWA7X2xZvGualagAAAAAAAKoQPnYQ/1HxmMZdPEBv2R/ROwe7erucC15c2Cn1KvtflZzcLm9Nmro9fac2p6YqO8eiAqvV4T6hBoPih5sUbzIpMWG0IozGep8vWJjcZvW88NQiSVK2xaIly1e63Hfq5ElKHJPg8LMly1cou0GQ6khM1CDNuX222/u3xAtPLXLrftxVU3ONlj7/S4abFGE0Kt40rNE7BQAAAADAlxA+diDBZd/pdv/fKenn/6HVx2/W557JW+BC3+ByRft9pNKi1SrxUg1pO9K1ZMVKp4FjXcU2m9J2pFcds3yFpk6eVC/8yjCb27w+m83W5HkLrFbFDzcp1GBo9Fm2xaIM8wE3rlTZzP1bxp37cV/9qLql5617XLzJpJkzpineZGpVZQAAAAAAeAJzPnZA0aX/1mPdbtbjI9MV1dPf2+VcEAK7SAndMjTAfrNKi1Z7rY4lK1bqiWeedSt4dCTbYmnjilqmwGrV+g82eLuM80KG2awFC5O1OSXV26UAAAAAANAI4WMHdkXZq1ra///prvh8+XfhVXrKJV2P6rLOD6ry5NNereOlV187rwK79zZsbHGIisZeevU1pe1I93YZAAAAAADUQ9v1eeDGTg9q3KXxWnNqrjZ+E+Ttcs4bMaF29a1cq5JTm1Xu5Vo2p6S6NbLNaOytUIOh0eIzzrz79hrlWCxO5x40GntrQlJSvW0FVqu2pG51es54k0mrlr1R2x7uTLHNpiUrVuqxh/9Qb/sLTz2pDLNZm1NSHV7HaOytv7682GHL9rkahtW2IW9OTZXVeszhfrdMn9bkPblzP3WvVyPbYtH29J1Oa5Safv6GkBDFREfV/txUe/mSFSudzqUJAAAAAIA3ED6eJ3qWZmhu8GyN//l0rfphivbmV3i7pA6rV2ClhgR+qtJTS7w2r2NdxTab3nAR4hmNvTVz+nRNGF8/JFz/wQaX4Z9UvSCNi7kC+xiNmjljeqPtrsJHSYowGuuFZs6k7UhXhtncqIZ4k0lf7Xc8H2Ifo9Fl8ChJM2dMrz1nhtnsNHyse29fudivqfupmnex8XOaOGWqyzqbev4x0VF64akna38uttm0ZPkKp8+/wGpVtsWimKimnz0AAAAAAO2BXt3zjKl0nZ7vNUMPXmqWMYxsublGdftG0WdnqPTUEm+XUmv9BxtUbLM5/Cw6apD++vLiRsGjJLfCP1/w4iuvebsESVWhpq8LNRg0f+59Mhp7O93H5uS7AgAAAACAN5BOnaeuqXhG4wZ301tn/6Q1B3p5uxyfZ+r6o7qd/atKT7b96s+t5WqU4fy59zU5CtATXnhqkQwGQ5uMsCuwWrV67TqHIwfdERMVpaNWq9NRiy3RsN25pdryOdV1icnk9HtRXEz4CAAAAADwHYSP5zG/8pP6T7+5Svr5WK0unK2tObzuhgaGlGhg5/dUcupfKvV2MQ4UWK1OF2W5PGG0y1ArwmjULdOnKcJoVJ+IqlF9hjYKKl21CrfEexs2asL4JEW0YPThnNtna87ts1tdQ9325rbS1s+phqvnFBra/mE0AAAAAADOkEZdAAaUbtMjYdt09cjb9bfvrtE31jJvl+R1Yf6SKSRd5ScX+8S8js64Wr04McH1wiIRTuZr9EXFNptWr12n+XPv83YpHUKG2fkI3WjmewQAAAAA+BDCxwvI6LLlGt13ud7vu0grvx6s0yXeXsPZOy7rlquA4qdVfvKkt0tpkrO5HiXVjmb0pALrMa1Z947LfRyt9NwUo7F3ozbpLalbNWF8UpuPFow3mZpcJbq1MswHmnxO1ySNa9HIzoYKrFan93NN0jivtOEDAAAAAOAM4eMFaIqS9UtTlN6yPaT1h8K8XU67iQsrUq+ylSo5uV0dZS3wbIvF6Weeaumtq2Y+RldumT6t2bXMnD5dS5avkO306Xrblyxfqb+8/Odm1+ltGWazy9GIUlVI29rwMdti0UtOFugxhIR0mJGuAAAAAIALB+HjBapbuUV3B83R+JGTtco6XTu/83ZFntM3uFzRfh+ptGi1T7dYO3K+rlzcJ8KoqddPbjRaMNti0foPNmjq9ZO9VJlvybEc1oKFyZJct1objb31+CMPt8nISgAAAAAA2lJnbxcA7xpStkFPhd+shSN2q1/38yuLDuwiJXTL0AD7zSotWu3tctDAzBnTZTT2brR9zbp3XLabX0iKbTaXoyqNxt66Zfo0/fXlxW2+ojYAAAAAAG2B8BGSpF9WLtabkdP1X8O+93YpbeKSrkd1WeeHVHnyaW+X4jHnQ0C3wMECM8U2m5YsX+GFajqe07bT6tSpE/M8AgAAAAB81vk11A2tVKmb/BYo6bKRWnPybm3KDvJ2Qc0WE2pX38p1Kjm1Sef7cjo5FovH532MNw3TC0896cHzm3R5wmhtT99Zb/uW1K3tMqdlW7ll+jSvzLdYs0p4cXGx5tw+u92vDwAAAABAUxj5iEb6lO/R/NDZev6yf2tYn47xFekZWKkrun6insX/pRLbJm+X02ZcBXDZOc4Xo+lIfnf7bBlCQhptb2oBlwtBTVv1LdOnaerkSQ6fkySt37BRBVZrO1cHAAAAAEDTOkayBK+4tPwtvRwxQ/PiD6p7cBdvl+PUqG7fKObsDJWeWuLtUtqcq3n80hqMFnRkS+pWZZgP1P7lavVsb4kwGllgxok+RqNmzpiumTOma87ts/X4woed7tvUquQAAAAAAHgDbddo0q86PaVxQ3rprTOP6e+Z4d4up5apa6G6nf2LSk+evyPkYqKdh481C5G4Gh354iuvNtq26f31ra6rwGpVgfWYJCk6alCr5xycOWO6Nqemylp9zvNFWz+neJNJ8aZhyjAfaPTZltStmnr9ZBaeAQAAAAD4FEY+wi0hlcd1R+B/643LVuiKSO/OpjgwpES/CP27Qk7drdKz52/wKFWNCow3DXP6+ZLlK72y8MzmlFQtWPioFix8VL+56RZNnDK11SPvHC0+09E5ek6tbSd3NbfkkuUrW3VuAAAAAADaGuEjmiW6PFWPd79Vj434TIPC27cVO8xfurxbuvqcvlUlxf9q12t70zVJSU4/y7ZYdPe8BxwGWh1tNeyaxWfgWs3oR0dqRsMCAAAAAOAraLtGi/yicol+MWCJ/nHRU1r5dZTKyis9er3LuuUpoPgplZ886dHr+KIJ45O0fsMG5VgOO/y8wGrVgoXJijAaFWE0qk+EUUcLrG4vQOIqpLTZTjdq8bXZbI1Wp24rv7t9tjL2m2U7fbrNztkeC7FYjx1r9JwKrFZtSd3qketNnTzZYeu1JK1e+45eeKrjrBQOAAAAADi/ET6iVX7bZaHGxf9Ma4p/r//7NrTNzx8XVqReZf+rkpNpqmjzs3ccjz/ysH43936XoVzV/IJWZbg58K3AatWade/oq/3OD8i2WLRg4aPNqrUmdEvbke50nyXLV8pgMGjmjGn15qysWXxmzbp3mnXNhtJ2pGv9ho2SXK+aPXHKVEUYjUpMGK05t892uI87z2lzSqo2p6Q2u84nnnlWBQXOw9Ecy2EtWJisObfPqp3LcfXadS7D3wyzWXfPe0AGg0EvPLWo2TUBAAAAANCWCB/Rar0qvtG8kLs0/tKpWlVwo/Z93/pz9g0uV7TfJpUWrVJJ60/X4UUYjXrh6Se14JFH22xUYIHV2qLAzJ3zNjX/Y82q21/tH9ZowZyZM6YrLT3d6UhPd2RbLG63HxdYrS5XAffUc5LkMqCVqkalZpjNstUZnZphNje5arkvrmoOAAAAALgwET6izQyvWK8Xeq/X5t6/15vZo3SsuPkL0wR2lkaEZajy5NMq9UCNHVlMVJReePpJvfjKq60K5jqC390+WwsWJnu7DAAAfEZRUZHsdrsqKz071Q0AAB1Vp06dFBwcrLCwMG+XggYIH9HmJugl/TI6QG+XPqO3vu7j9nGXdDsqw+nFKjuZ68HqOraYqCj99eXF1W3FG5zO+9eQ0dhbVyQkaOr1k2u3RRiNniqz1eJNJl2TNM5jcyYCANCRFBUVqbKyUr169VLnzqwXCQCAIxUVFSouLlZRUREBpI/pVMkfn/qk07vvVemRDd4uo9XyOiVozU93aevhwNptY0YOUHH3brU/x4Ta1bdynUpsm7xRYpvqERKpaZe90W7XK7bZlLH/XBuuzWbTUau1dn7AmKgoxURHtWvQWGyzKcfNtt+aRXIAAIBzVquV4BEAADdUVFTo+PHjMvLfmT6FkY/wqIGV6XqkW7rGj/hP/S3/Wn177NyyMT0DKzUk8FOVnVrCvI4tFGowKHFMghLHJHi7lFqhBkOjeRwBAEDLVVZWEjwCAOCGzp07M0WJDyJ8RLtIqPybEi76m9ZH/FFfVl6kUd2+UaeTf1TZWW9XBgAAAAAAAE/hj1DRrv7foP2aO+KsLgnd5+1SAAAAAAAA4GGMfES76BI+UkFx8+RnHKsYSTG6WD8zjtfu3NU6XLjD2+UBAAAAAADAAwgf4VGdAnspKO5+BUTd0uizXoYYXTv0ceUc/0y78tboxGlWuQYAAAAAADifED7CYwJj71Rg3Dx18jO43C+615WK7nWl9h55R7vz1qi8orSdKgQAAAAAAIAnET6izfn3najAuPvVpdvFzTru0v7Tqlux1+jrgo88VB0AAAAAAADaC+Ej2kyXrnEKjLtf/hdd2+JzGAJ66arB8zTYmKTdeWv0/cmMNqwQAAAAAAAA7YnwEa3WqUuwAuPuV+Dgu9rsnBd1i9f1w59XZsEm7cpbLdvZ42127o5u4pSpbu0XExWlv7z8Z7f2Xb12ndase8ftGja9v96t/bItFi1ZvtLt89aIiY5ShNGoeNMwxURFOd1vc0qqtqRudeuc1ySN04TxSS2qreGxDXninQAAAAAAcD4gfESrBAy6WUEX369Ogb09cv64iIlVoyBz12jvEffDMVSFawVWqyKMRq/VYLPZlGE2N/u4usdEGI2aOWO6rkka12i/AqvV7fPHm4a1uLaGx7aUL7wTAAAAAADaU2dvF4COyc94pULHvqvgEU97LHis0aWTvxIG/ZemXbZUMb2u9Oi1zjdpO9K9XUKrFVitevGVV7VgYbKKbTZvl9Nq58M7AQAAAADAXYSPaJbOREoqAAAgAElEQVTOhoEKHrlYhsQ16hL+83a9do+QgbombqGuHfq4eoXGtuu1O6r1Gza6tZ+7I/EMISFtNgqwuTLMZr306mteuXZbjlR0t00cAAAAAIDzQafKyspKbxeBxk7vvlelRzZ4u4x6AuPmKShunqRO3i5FkpSR/y/tzlujkvLT3i6lVo+QSE277A2PXyfbYtHd8x5wa9+/vPxnl/Mm1pVhNmvBwmSHn02dPElzbp/tdo2SVGyzKcdiUXaORUtWOJ5f0WjsrT7V4d5Rq1VW6zGX53zs4T8ocUxCvWssWb7Caag3Z/YsTb1+stPztdU9e+qdAABQUFCgiIgIb5cBAECHwO9N38Ocj2iS/4CpCoq7X50Nkd4upZ74fr/Wz4zjtStvjQ784FtBradtSUlt1r4xzQwNHTEYDM0+JtRgULzJ5HKfCUlJmjljeu3PBVarHn/6GeVYDjvcf3Nqar3wMdRgcDkyMSa65SFfc+7ZG+/EkQKrVQUNAlyDIYSwEwAAAADgFbRdw6ku4ZfJkLhaISNf9rngsUaQfzddGXOPpl6yWAN6jPR2Oe0mLX1no22XJ4x2e19fFmE06vFHHnb6+XYfvR9feSebU1K1YOGj9f5asnyFx64HAAAAAIArhI9opFNgTwVf8qRCx66Xn3Gst8txS0TYxfrVsKeU9LMH1TWor7fL8aiaFZMbmpCU5DDsKrBalW2xtEdpbSbCaFR01CCnnzu6f2+6EN4JAAAAAAAtQfiIegJj71DYNZ8pIGqmt0tpkZ8Zk3TTz/9XPx94i7dL8RhH7b2GkBAljklQYkKCgyOk9R90vLb0UBctz74WPl4o7wQAAAAAgOZizkdIkvz7TlRg3Dx16TbU26W0iZ8PvKV6PsjV+tbq/lx8HYGjlt344VXzKl4y3PH8ir7aqtxS0T42fyHvBAAAAAAAxwgfL3BdusYpMO5++V90rbdLaXNdg/pq/M8e1M96j9fuvNUqKMr0dkmt5qy9t2Z0XU27csPFWoptNqXtSK+3UIuvyzAfcPqZq1GRDW1J3eryXK0dRXkhvRMAAAAAAJqL8PEC1alLsALj7lfg4Lu8XYrHDegxUgN6jNSBHzZoV94anSk96e2SWixtR7rD7XUDrEtMJocrRaeld5yga/XadU4/c7aIizObm7EKdUs4W+W6Pd7J5pRUWY/VX9naUdBaYD2mNeveabT9lunTWnxtAAAAAADcQfh4AQoYdLOC4u5Xp6De3i6lXQ3rO1mDjVWjIDPy13u7nBZx1KobHTWo3kjAa8Ynaf2GjW4d60uKbTblWA5rS2qqy8BwQlJSO1bVNEdhX3u9ky2pqS5HddYosFodBrqEjwAAAAAATyN8vID49f6FguLuV5eeP/d2KV4T0CVEiVF3Vbdir9Hhwh3eLsltzlZIbhjGxURFyRASItvp0/W2F9ts2pySqgnjfSu8W7PuHYej8hyJNw3zqdGb5+s7AQAAAACgrbDa9QWgc8gABY/8swxXvHVBB4919QqN1bVDH9c1cY+oR8hAb5fjFndarl1tk6rafDuq6KhBeuyRh71dRj0X+jsBAAAAAKApjHw8zwXGzVVQ3P2SOnm7FJ8U02usYnqN1d4j72hX7mpVVJZ5uySntqRudbj9xVdea7TN2SIq29N3qthma9aCLb7gmqRxmnP77BbVPWf2LMVEO18dOzvHoiUrVraorgv5nQAAAAAA4A7Cx/OU/4CpCoqbp86GQd4upUO4tP80De6dpN15a5RZsMnb5TTirL1XkjLM5madK21Heodo8zWEhChxTIImjE9SvMnU4vPEREe16nhnfOGdXJPU+NlkmM2N5oE0Gnv73FyZAAAAAIALA+HjeaZL+GUKipsnP+NV3i6lwwkN7K1fDr5fP6telOb7k/u9XVItZ+29LTpXum+Fj/GmYfUCtEuGm2QwGBQT5Xy0oi/whXfi6JjVa9c1Ch/7GI2aOWN6i+sDAAAAAKClCB/PE50Ceyoo7n4FRM30dikd3kXd4nX98Bf0dcFH2p27RraS494uyWl7b0tsT9+pAqtVEUZjm5xvwcJHZbOdlqG6bTgmOkpzZs9y+/h4k6lDBmO+/E4AAAAAAPAVhI/ngcDYOxQYd786+TFnXFu6OOLa6lWxV2vvkb97rQ5X7b23TJ/m9DhH7bc10naka+r1k9ukPkn16sswm5sVPnZEHeGdAAAAAADgCwgfOzD/vhMUGHe/unQb6u1SzltdOvsrYdAsDTaO1+68Nco5/lm71+Csvddo7O1yxGC2xaK75z3g8LMtqVsJulrB2TuJjhrEOwEAAAAAoA7Cxw6oS9chCoy7X/4XXeftUi4Y4SGRmhC3UIcLt2t37hodt2W327XXb9jocPsVCQkuj3M1Z2K2xdLsNl/rsWONRu3ZbDanI/k6iuJiW7OPcfZOLmliYZu2ficAAAAAAPi6TpWVlZXeLgKNnd59r0qPbKi3rVOXYAXGzVPg4Dleqgo1vsr/l3bnrVZpub3e9h4hkZp22Rttco0FC5NVYLWqwGp1+HlMVJQMBoPm3D6rUai1ZPkKZVsON7nqcqjBoOefWqTsHIu2pG5VjsWiYlvzw7iGNr2/XlJVe/L6DRuVtiPd6X3UvRdJeuGpRW5fZ3NKqrakbnV5n6EGg6Kjoho9p5pjm7rneJNJ1ySN04TxSe36Tlq64I6j+jrCAj4AAOcKCgoUERHh7TIAAOgQ+L3pexj52EEEDLpZQXHz1CmIUVG+4JJ+v9bPjEnanbdGB35wPAqutZoKqWrmHLQ5CM6yLRa3RiQW22yy2WwqsFqbvF5LFFitWv/Bhib3czZ/ojvnb6ruYptNGWZzo+fk7j1nmM2KNw2r/XtX2vKdtFSE0cjoSQAAAACAzyB89HF+vX+hwLh58us5ytuloIFg/+66MuZe/az3eO3KW60jP33p7ZIAAAAAAAB8CuGjDwu+7M8KGPgbb5eBJkR0vViTTE/rG2uKV1fFBgAAAAAA8DXM+eirKsqkzmTDAAAAFzrmrgIAwH383vQ9nb1dAJwgeAQAAAAAAEAHR/gIAAAAAAAAwCMIHwEAAAAAAAB4BOEjAAAAAAAAAI8gfAQAAAAAAADgEYSPAAAAAAAAADyC8BEAAAAAAACARxA+AgAAAAAAAPAIwkcAAAAAAAAAHkH4CAAAAAAAAMAjCB8BAAAAAAAAeAThIwAAAAAAAACPIHwEAAAAAAAA4BGEjwAAAAAAAAA8gvARAAAAAAAAgEcQPgIAAAAAAADwCMJHAAAAAAAAAB5B+AgAAAAAAADAIwgfAQAAAAAAAHgE4SMAAAAAAAAAjyB8BAAAAAAAAOARhI8AAAAAAAAAPILwEQAAAAAAAIBHED4CAAAAAAAA8AjCRwAAAAAAAAAeQfgIAAAAAAAAwCMIHwEAAAAAAAB4BOEjAAAAAAAAAI8gfAQAAAAAAADgEYSPAAAAAAAAADyC8BEAAAAAAACARxA+AgAAAAAAAPAIwkcAAAAAAAAAHkH4CAAAAAAAAMAjCB8BAAAAAAAAeAThIwAAAAAAAACPIHwEAAAAAAAA4BGEjwAAAAAAAAA8gvARAAAAAAAAgEcQPgIAAAAAAADwCMJHAAAAAAAAAB5B+AgAAAAAAADAIwgfAQAAAAAAAHgE4SMAAAAAAAAAjyB8BAAAAAAAAOARhI8AAAAAAAAAPILwEQAAAAAAAIBHED4CAAAAAAAA8AjCRwAAAAAAAAAeQfgIAAAAAAAAwCMIHwEAAAAAAAB4hJ+3CwAAAAAAdGBnflLekUKV1G4IUGjf/upj8GJNF6jiH3J01FZnQ1C4BvbvrgAvnQcAJMJHAAAAADh/2AqU94OtThBYJaBrhAYanaWBpSr+4bv6YZMkGSIU27fpBLHkyMd67vdvKat2S3dd/8fFumdk92aV3hGU/HhEeScaPl0nuhjUp1+EQluZ2DUKAiXJEKGBfQ31w8Dyn/TVO3/Un7bW2Xn4nVr26HUaGNSMC7bVeQCgGuGjL6ook91mV1lRgbKsRQozxqpfrzAFd8A/ZrJ+/KJe/LifZj07Q3ENPzSv0oNrzuiGhXcqMaz11yqz5+vwIauKJIUZ4zSoT7D8PDKxgFmrHlylE9f9QXPHhdf+fGZqsu683NGNlMleZJcCa96hVSkvvqhtMffoiamRkqqf0xexuuexGxTZkpLK7Mq3ZMpqk4LDIxXbP9xD9w4AAABfdiLzfT34pw91osH2PpMe1euzRiq0i4ODygv1+Yo/aPGu0nqbQ8c9pOX/PUY9HB1zQbIpe9NzmvfOEfd2N4zRH15+SOOMrbikoyBQknperUUv3KPRPVtxbgBoJ4SPvuj4p3r9xU2y1t3WOUyxk+/SnVe05jeXl1TkK98qxTkqveKU7HZJrQwfrVtf0csf5qvML1hhXewqOivJL1I3/P4eJXroF3J+/veSwmt/PmVzciPW6vcZf6uev8VUu9luK6q/n+2UGmxxz9EUvfLqJuVX+CnMIBUVlUlhl+rW+TNkCm7JCesr+3aT3viwVJPum9SyYBQAAAA+olR5Hy7SHUv2V/3YZYjuXLxIv+nfurMG9L9aDz1h0LKXlmrnqdZXCTf8uFtffPuTRvesM7q0S3ddMi1Zfwhbqmc/yGn5uavP88fuS/Wn9a04DwBUI3z0YcYJ8zX/aqNUUaS9b7+ote+v1MaoP2jSRd6uzMd8v1ErP8xX+Li5mnddv6ovdYlV5oN2xfjCnwT2ulQ33BSuMmNM25+7JFNr39ikfON4zb13ovr5SWXfb9Lrr6Zo1apIJd+V2NpcV4W5+5V7xNiyYBQAAADtqkfcFD35xAC9/dJSfXFKkvw14qaHdMe4OIXKpoM5353buTxHB3IKNTkyXL+Y+YDyjj+ndy01xzygO8YObzzqscSmo0VSn5512rGDumtgdH8NMKjp8LHcphO2APXo6u96P9tPOqHu6uHuvJHlpTrxo02Gnt0V0KXB9lNSjx5NXK/6mkfLDerTVG3VBo6dolHlO/TuFwVVGwKide2vhuhoyofa5+Q5FJ/4STJ0d78Vu0t3XXLjQ7rT/pyW7qg7+vEnpe/I1IlR9UemhvaN1sUDeihAatR671ipiq02BTR4bqF9oxVzkYPzlJfqxKkS9XDzxRRbC1TaNUI9mmjXLrYe0dFTJZIC1LN//yb3B9CxED52BJ3DdOnYUdqYsU3Zhwqli8KlskKZP9mm/cftCosaq6tG9VNYZ0knc7VtV74ixyYqMkBSiVWZB/NlD4vUpTFVo/SK8vYq63Q/DY8zyk9lKvw2TWl78lUUFqOxY0erX3VaVZZnVqYhTqYeduVnfq38oghdnBCpsIoi5Wfs1K5Mq9RruMb+0qTwut+konztTd+l/ECTBtnL1OTXrKxQWZ+ladcpY+31y6xZSjtUJNMVlyq8pn34RJb25pap39A4Gev+si4sVKEkU99+564UYJRpRJ19SgqVm5WlrEPZsgb006gxiYrtWb33yVztzfdT3NAI2b/9UnvNVvnHJ2psTHidE1Q/J3Op+o30V5mzW/kxS1/uNcsaNqr2nRQdyVWRgmUMa94wxKIjO/Xp59kqCjQqxjRcl8UYG7VSF+1K0V5bsEbfVBU8SpLfRRM1dmiK1h7MVb4Sq9rdq99J5nHJaBqrq0zh1c+qTNbM/ToVcali/fKVuW+vMs/206grLlW/4KrvSub3dklFytq3V6VBNd+bqntN27FL+UVhivnFVRrdv/qLU5Ir8zdhijOFy34kU1/nn1JE3GhFdmvW7QMAAKAlDBGKHXqZrhzqry92lEoqVbF6VM33aDukg4d+qrNzqb7LtapEEQrtYVBpTbbVJVqjx4xUbN/qEK7cprxd7+nN1f/UF7Udx/6KnfBfuvem63Rxj6aKKtWJgx/rzdVv6aOD5wK0HkOv1m+nXKeJo6Kr2sFP5Wjr+2/rzX/u0dGanYKiNW76TbrtupHqE1SqvK3/q2WfHKkOxAJk6B+nwSW79c/Nh1Rc9QA04sZ7dc84g3a9s1RLt9UU3F1XzH5A/33tcPWo+98SZwq088O39bd125R1pub++2vczDt1168a7FtPd4345XW63nZCm74oqLp2z+Ea9x9jlZf1ofbtP7dn8ZE92vDOm3pzW5127f5jNGPmzbpxVH/HrfB1hHaVfjzScNJH6cTOT7Xvx5EaZ2wiLC236ev1S/X2vhO1z61H/ziFn/hUG744UhsuDhx3px6YdZ0u7urgHAV79O7ij5W6I6d6f39dPPUBPfDbMRpYL4cs1dE9/9baf/6j3ruW/NVnxFUa98urNWXskPqhdrlNB99/UskbCyRF6DfPvKQ7h7JaEXA+IXzsKAL8VfsrxW7WqudXydw5UqbBwcp8/xVt2z5R8+8bL2PnfO3f/J6yuo/WrJ/7SVkpWvn2XqnbWIUvnKRIFWrnv9ZqU/gMXRpnlPXj1/Xix6cUOTRWYZZNeuWz7Zr4wFyNN5Ypa8c/tOrLSF1qytXeDLs06AYlJxhlfvtFrToYprj4ftK+t/XsF8M16+EZigtQVQvwy5uU7x+msKC9Sjtpl+SqVdyqTa8+Kz9DmPztRdr72S7d8PA9SlSudm7YpKzg4VX3ISn387Vau/ti3Tkirv4ZBwxSP5llfn+pNvrdoGuHNgzpMrX2jyu11z9Mxr7h0g97tfezvdX3Kem7T7V2VbbCwkpVZPevatvevkvWO57QjYMlyS7zmme1KqNUwd2CtffLIoejAIu2v6E/brbL3yDZbWna9X3VnI75e97TP7bbVdag7doV69ZX9OKHBTLGDVe/kkylrtol6+8aj3rNteRKMimmwaDKuKtnaVZSv6rg0W7Wqj+vUqYhTsP7S3vfflbb4mcpeXqc/FSo/RvXapNto8LsRbIbgqWibUr7xq7kuxOVv2ejPv22SJK/srZt1P7g8YqMMyr8aIpef3mTTvU3KbZrrjb9zyJtnzhfc8cZVZazS/9YtVORl5mU+6VZdkXqhuTRtGwDAAC0l4BwDYgeIO2oapnNO3RIR0ui1ed4pvY1mK4w72COjp4ZroEncvTtj9Ub+w/X0F7ngsevP1isB9/c02AkXamyNi/Vgyf89fqDV2ugs1rKbcr6cLEeWranOhw858TBj7X0iDTg1Xs0wrZNf35isbZaG+x0Jkdb33xSuzLv0eL7L5fth/3aWfcm9u3RF/UOsGnfP5/THf9sWMhP+mLFc5LhJf1hfETVQi1njuij15O1eNtP9XctP6Ktb/5RR8tf0vM3RtdZ1MWgi296Te+Oq1oAJrRvuLSnwWX8B+jKOS9p6JkA9ewfobP739T9T76vvIblHNmhtc/s0dczFyl56hCXAWRx7p7a0Ddg5I2aXP6+3t1XKtn26LMDhbrCGNHEKtSlKszdo5376oSB+xoWLuVtXapH7f56/fdXq0/DE1r36KN676ZUX69/TovK/6TFtw2vqr/cpqz/W6yHVjR+11Kpju77WGsLDBoxcoh6OAo4AZy3WJKiQ7DL/HGaChWumCHhyk/dKLMtVjfOv0e3Tp+l+beOVvD3m7RxX5kU1k+R3aTc3MOSJOuRXCkmVpEnrSookVSRq/zvpciYWKlkrzZ+nK9+v5qne26doVvvvVVjw/K17bMsSX6KG5uo8IpM7T2eqLlPP6/n705U2Pcp2pghjb51vmZNn6FZ992gONtepewqklSmvR9tUn7gaM16IlnJC5/QvKvDXd2YpGCZpj+hp5OT9cRDk9SvIlfbPs+XjLGK6yZlmvdXjzK0KutQkTQ4TrENT9FtrGbdlijj2SxtW/WiHnl0kV5fv1eFtcMT4/Tbx57W84uSNf/uezR//iT1q8iX+UBhvWfcdcQsJT/5hJKTb1Sc7DqcW/3b9fsUbcywq9/kh/XEwmQlPzFDjiJEe9ilmpX8tJ547GFN6i/Zs7NklRQ39Z6qkPNogRr+u5Rjhdr/Vb7U8yrdOmuGZtx6j/6wyHG7fWlF1f/6N/gnOfiiOMVVj0TMT90oc8Vo3frALM2YPkvzfh0n+5cp2lkvQe2niQue1tPJT+iuK8Okw1nKlRQ3NVl3XWWUdJGuvS9ZyXckKrzmPV80SfPuvVUzbr1Ht14RpvxPtilLkl/cWCX2lDL3nVDivKf1/PP3tMmCQgAAAHCXv/oMGaI+1T+VHM7RUVupbD8c0XflDXbN3a+sE/U/6zEkTn2q216LD72n/6kNHg26eMKNuu3GsbVhY8lX27TPWipnig+9p8V1gsfQoVdrxk1TNLruaILSAn3x9tJzwWPPkbr+pps1Y2z0ufPseEvv7jutPkOv1rVDG6yi3WO4rp92o8ZFNbi4caR+M22Krqid09KmXV98qaMlUk14+npN8BgQrXE33qwZE4bUBnlff/6l8hoPOFRo32jFxkarj8HBiMMu/urRP1qxsf3Vw5ahtUvPBY+hQ6/WjJk36tohNceVat8//qHPf3D+/FRu08EdO6pHgho06sqrdO3Y+OoaS7Vrx34VNtVf3cWgAWNu0LioBqMJAyJ08dAh9VawLt7xvj7KcnDTktR3pH4z7UZdG3vuvvN2bNfB6hbz4qz3tLhO8Nhj5HW67bbbdFudZwrgwsTIRx9m/fQNLUqX7EVFKqvwU7/r7tGkiwqV8vdCyThKg2q6eOPiFKOdyrYcli6L1aBIadt3uSrUIB0+UqhI00RFfP+e8nKl0cpWtsKVGBMmZWUqs0KKLMzS3n1VpyoLk+zf5apQsQrv7Cc/Saarz7X0Fh7KVqH8dLpgr/aekaQiySDlfpcvScrMlGSKU1xNGNa5qa9YmPpdVH0j3eJkMm7Uph+tki7V8PgwbftivzIrLpXJlqVMqxT3y0ZrZledZegNmv/keOXvStF7H+9U7va1evabXN15/w2KDZD8Au3KP5il/KJS+QcWyk+Svbxu87RRpoTYqtb1gJB6/2BU3bNRE4dUJ2idHbc1GE2jFRtWdU/h4dK5XpHmClfc4HBt+jRFb/yPXVdNHKvEweEO/2FtGDo2VqjMbwulgNOyZuyVXZKKpGDlKvc7KXFo9W4xozW6ug09OLip9vCsqvfcv1BZ+/ZWbSrrKtnzlfujFNtT8usiyTReEy/i/2IAAAC8IXRAvC7u+qGOnpL0Y6YO/lCogMzM2mAooItUUi7pTKa+zilQn5yaz/w1eHB/GbqoaqXlzR8rq/qYPpPu12OzRqrHT3t0dOs25f0oqbz6L0fKbTq47dzxASPu1OKHr9NA/5/0xQ8fa6e1KuQqO/6lPtpVE3hFa8ZD9+u2IQapZIzCbQ/o9T2lkn5S+p483TZniu4JLVXW79+qPm9/zXjwId021KATg3/Svic/rlrpu8sQ3fnIQ/pNlHQ04oh2vVoVoJYcL5SttOq+U/+9vzZUHfffD+qBsREq2V+sLzYfqg4Mz8pFLNikowe26fOaQNV4nR568E6N7iFpbIzO/v45bT0l6UyGdn5bqGv7Rzg+iS1Hu/ZUzylpGK4r4yLUp3yMRgTs0c4SqeTLbdppvUrX93fVeu2vgWNu1F3+hdpXsxJ60Ejd/9JDura/v0pyP9SiB5dq5xlJOqJ9WSdUMrRBPT3G6o9/uldXGP1VPFI6+OA/q57RT1YV2kqlriU6uLX+u37+wes0MEgqPnhCH20+VP8/j2w5Wrvw93rT0rDWAr378C16t7ru0fe8puQJTY3sBODrSAZ8WNjgqzQpPkwKCFdkVD+FB/tJssrZhIN2e9UkJZFRkVJGvnIrDisvN1gRVw7XwMi12n6kUIXKlz04VjF9JB2v+lWav2+jNpprr6qwuH5yNl6xrLxUUpEyt21Ubk3w5RemyL7hkqy1I/FapdiuIkmRcRcr+LP9ysyWTGezlKtI3TDExVe2c5j6JdygexImKX/z63rl4zRt2jVesZfblfLqi9pkNSouvp+CVagiuf/lr7rn9tXvV3N1T9d/6B+b07RxWZo29hytWffdqLgGuWBQcLCkMp2umpvZgbKq70tRpj79v9zarX7dItWvV0urK6t6z9/v1cb/OzeZTVi3i9Wvyfl+AAAA0C7C+mvoYH9t3VMq6Yi+PnhIOljdu9tzrG4aW6A31x+SZNO+/fvV54fqgEsRiokMrfpXy1PZ2negpiXZoJiIUu378C199uE/9UVti/YQDXa2mEtpgbK/PdfSPHTM8OoRld11ybQ/6fVJpVKX7gr64Z/Kqhm913e4RvStHqEXEKGhQwdIe6rax0/kHtGPpSNVb/yeob8ie1Vt8TcYFFi7fYAGdK+qK7C7UQZVL5xSUqqz5VLxDxna9UP1vgH91UcWpb7ztjb8c1vtSMUeg8+NAG0+m47m5Jwb8TksXoNrWo27R2lE7bupmnezWBEKdXCWE4e267PqOgOGjtTFPf0VoDiNGuqvnftKpZL9+mJfga7t3795AV3fOMVWv7eAiOEaNVjaWf2v9ieOnVBJeYPwsX+cBlQvxBNgCFd4gJRX9UCrnuuZIzqYWfOu/TXiiuGteHYAzjeEjz4s+KI4XTqi4XyJ4QoLl/SDvWoUmySVnFaZpHBj1b5hMbEK107l7+unfHukLo/0U0RmmPLzc5VbkS/FjK1qXe4arjBJkVOSdesIuSW8e7ikMl11xx80sU/DT08pJFhSRQvDuopCnSiSgqOMVSs0x8QppvNOfZ2Zq6ySbMk4tnpkYcPj1GACAT/1G2GS8eN82e12KTNFm74P09h752vSQEkya9WXq9xsga4ZCViksrYIVt0WrMgrb9X8K8tUtPttvfj3ndq0I0lx4+rHwoOiIqX0TJkz7Br98zrJZEWRis6GKSy4+vtSfpXuemiiy9k33Rem8G6SBtyg5FsvbZMzAgAAoI0FRGjokHPBXdbObSqu/rPogMHDNWqkUanrq0b4Hd3zqT4/Vf3v8MbhGmqsCvNKztiqRk5Kkmz6YsVzDeZX7K/rZ/6qaoESR6s7l9hUVNvBa1CPrqG1AUeImHIAACAASURBVFlo3+jq6ZRKdTTnxLn5JINC681/GNqjzorLJaXOR1k2U+mpn87N415ySGtfeq7+Dj3H6q5fxzde7dtd5aWynTo382Gooc4c/l0CFdbdIKkqrCspLam6r4bXKrfp2z3bq0YqSirZ9br+87evN7rUvh37dfTq/vXap5vFP1RhXQ2Sql9WhXvrZNdTckJHawJpGdSnZ6jrMLRLgPoMG6kRoSWSSlT47SHlVS/4Exo5RLFdA6QuBsX0DGTUI3AeYM7HDsdPl42Ik07u0qf7quZZzE/ZpkyFy2Sqjpb6xCg2uEjZn5uVb4zUoAApckCklL9Lu76rnu9RkvrH6uJgyfzJJuXay1RmL1K+eZv2umgX9hscq34qVNrHe1VYUqYyW6Fy03cq0y5JsYobLOngNm06Ypf9+71K2dNUxFcme0mZVFGm/I83aac9XKNGVdfX2aTLTFJRdoq2ZdoVNiTWYXiW/+GzeuSpldq4L1eFRUUqKsrXzn9vk1XBGhRplPz9FawiWX8oksqKlPV/KcqUmgwT7faqeDdscJyMNfdsK1TWx2nKbuKu3GIrVKGt7jDWMyr80a6yijJl7d6p3JNVK4UH9+qqYEl+AY3/RNlvxFiNNkiZ/3xFa7/MV1FRoXL3bdTSpxZp0ZqdsstPFw/uJ/2Ypo++LFRZWZnsP+ZqZ3rmufDaoerRlPVqK1KRvUxSpGIHB1e95zy7ysrsKvrerG37nL/r/M2vaNGLr2vbEae7AAAAoE35q2fsENU0phQf2lO7mvPA6Gj1uShOQ3tWf2g9VPtZQHRcndWLnYVQBsWOvVl/fPlZ3TOqu5N9JHUJUEBtclQi25mzDs7o32Bao/qtziUlJeeOCfBvHNC1VLkct1QH9dcVU+/Ryy/dq3F9m1hFugn+dWo92zA0LT139QD/AMf39VOmvtj5k4MPGtj/qXa5mjeyKeVnVWQ7N8+j03pcKS2pauOXJAVKXZp4dkH9Ne6OR/Xck3/Sc08k646ra0ZaRmjinOTq7Q/ptpEuvl8AOgxGPnZAfpfN0Kzc17Xq7UV68G1JncMUO+WuOguSDFJMjJ92mvMVnPCrqsAuJlaxJ95TVkW4xsfUzF0Yp//P3v3HR1Ue+B7/ZCaZZBImTJgwgYFAQgL5AcEgKBoKbRSkokVRqlVaqq3b/WFve7vtbt22bu9uf3m97XVvb73b7drSpWLFolgqKILEQglGQSJIIJCQQEIgIYEhYzJkJmfm/jGT378hgYDf9+ulZM458zzPec7Jr2+e5zx3PZRH5dq3ePb7b4W2RTtZtDqPORP6uDXGLuKhe47wH3/6PU8d+H2oPWMzuTv1ZrDCrPtXM6diLW/9/Pu8ZbKRvngps3ZvpbzCy+3ObnOGx4xjXPSH7Pz5d9gJEOnk5oe/Eh6dGJJ54xysv93PEazcnNn7eslJtyzl5hOvUfjCs6FyACJtZN7z1+HVqhdx++T3ee3lH/CPL4Nt+lJuv7GRt05U4sVJzycc2oiPA0/DOVqZSqTzdlbf+SH/9vrveeoARDrz+PRCL68VV3KCWb2u4hxjtULdCU61grNHVzqZmmaDPa/x1A9O8aWnHiJzajo2UyGv/c/vc+qRrzPp3a288dKG9hn2tun38tlbexn2aUpn5ddW0vz/XmX/i/+H/QCmSMbNWMrjD90cOrcFD3Hvkf/g1Ref4jsvAkRiy7yblPn0cu5gjYsH6qirB1zgbG/bD3gtvGJ35mceIu/kWt76xfd5K1ync8GXyMt19vpF5XzdKTx1cKq3v4iLiIiIyIiIc01jegzhZ/m1SSI7I4kxNgtpKVHQ0DW0mjJtMuPCgaElJoEJ8UD4/ekrvs1XF+eQNjmuYzRabyP22kTFMS4xCk6EphcfO1JN06eSsHQ7fkxCAu2PTK+r5kwTZMUBho9zNR1/4E6YnITj8vLAjqYl2BkH4WnRSXz6a49z/42ZTGmbQn65IyzNcYxLHEfb6Mbz1XWcMwiN6vSf42RNW9gXxYRkZ6+j+84fe4eittGE5iTSs50dU7ONJk6UHA+Piixlx7tVfCZ12qWNEvRUU17V8XJcUsLQy4lJwNE+ePIcDec/grYJ8sM0WlVErl0KH0cj5+186+nb+znASuaKb/Hju7x4WsAaZyWy27TjOat/TJcJsbY8vvJUXs+SMu/lWz+8G2+Tl9ZIKzZrp1uij3Y4F3yFJ+d78XhbiYy2Ye38nck6i4e++2PubfKC1YY1Erjt9t7H2KbczRM/uBtoxesFq7Xn7RiZ/RDfuuccP3gziVlpvfdGpGMO9/7dHO4NtIbOg0isNmunm9vJoq/9mLwmD15T2znezu1tIx9nrebppzuXOJV7v/8093Y+5/yv86+3ePAGrNjiQiUvuqtt7yxWdy2A9Pv/hafv76j/9m89TeeeTF/xJE+v6LRh+r08+VSnGrOfZFFrH33cXcLNrP7uzbQ2efAGInveDyYneX/1JDd7PXhbu+/v2TbbrV/h6Vv7aRuANZN7v/Vj7m6rs1t/dy9z1ud/zL94YcC1bERERERk2FgSppE7Fd4t7bQxLpVsVxxYLF2mZYeEgsn2Hz3j08jOjGNTeGGYsnf2cGxuKsmJfs4cO8CO17dwMvMrPLE8FHr5u4dMliSyc6bBvlADzr/5W17ITuCLC5LxnzrAjj+9zrFpD/P3N3daHKdpH2/sLuWm5RlYqvew6e22Z1HGkZubGloIZ6h6eSzUmImzyZ24gZOnAWopevc4CzKmMcF8jvKSd3jjj/tIePjbPJIT1+O9Hfz4Gps6RmZerOXkseOMS0lmiiOKCRk5TOB4KFQ9uJ0dJbfySG4cZ/a9zhvtK7NkclP6uJ5h38VqinZ2TLlOWLCSr37hk2Q528JRN7v/7zf414JQuFm2czu7sxeTNS0Zn+Hrc8xqO3cVZdVuJkz8iA9efYE32qdMTyN3+iUs8BLjJHta273i5703d3F47kqyYmr54J19l74Wp4hcFyKCwWDwajdCpE+tJ3j1fz3Lkdlf54m7Jl3t1oiIiIhccbW1tSQl9bESrki/mij+7RN8e2OnZ99kPMKz/3oP6THwUfGvePz7r3cEQ/GL+Od/+wYLHB2Hf1Syjm//04b2VYx7cCzmu1+J49c/+WOPgCnrkf/LDxdU859P/M9O4VY3CYv456ceJW7bD/j2huN9HASWnEd45p+WYXnzSf7qt6Xd9trJSvdzuKyp2/YkslLPcbiiW/hoyeHxZ54g+/2nePzXB+nLmFse59lvLmZCb0lc3U7+9b8/w+7uVQJTHnyKZx7OYEzTcV7+yRP86mDfU6LTV/wrP/xCTtdnS/ZRdnu5F6vZ9MP/xrM9mh5P7gwvxUe71Re/mB/8/HGmH/8Vf9u22nUfEvK/wb/9dQbFP/tvPPNe93Ju4Sv3wQu/fYePuuyws/yfn+Fh/zr+9ifb+y0fCPf/k11W6P6orpozjU1AHGMmT9ZiNXJZ9H1z9NEzH2VUqtv+U/7xO9/hO995lkLrIh5aouBRRERERGRo4piamdllFeUp2dPag50xybNDi8W0mTiNpG4D/cZkP8C3v7aYHmtNtu1PSSIqou8WWJy38Fff/go3J/S1PwGCceTe9w2+kd97WGDJXsmTX1tGen+DEIcsivQ7Huef757W5/5kZ2/rTw9B3DQ+8/jfs7z3p0cx5c5v8O3P5Vz6ojbDzJKziu9/aVHvYesgJNy4ir9f3ld/9m+MczLp6Rmkpyt4FLkeaeSjjE7hKcf0mEItIiIi8vGiERxyWRqPU7DzIOf8hFYYvmERC6aGUzyfm8O791DiDk3SjZtyC7fN7X3Kre/8cYrfO0h5bTUnGu1MnZpE2sx55KbaoeEgO3Yfp6nLtGsL47IXkZ8RrqupluJ973P42BFK6iwkT5/G9IwbuSk7qWN1a8PPmZI97C4+SHHFecZNySErZy6fyJ3cfsxHpTvZUXK+62IxUXGMi4dzDd2GCkbFMS7Ozzl3t0nIMUncsOAW0sPB60cn9vGXg9WcqT7O+Zhkprgmk507t2OKc2+aqnl35z6qLnbfYWFcxq0syLZ39KPPzeH39lB08ADl9RaSMzOZmXsrN6Xbe5/e3GvZnco1mih7Zycf1HU7r4hIbNFBPBe7zX+Pm8yCRXOJPtRp5GPCXO6/MxX/iQo8CZlk597IbTdOC/Wz0cTJ93by3mlfj3JumAolpdVdp9ib40i76ZPkTowC/Jwv3ceuknKqavyMm5pJbq4TT8lBqtouT7f+Fxlu+r45+ih8FBEREREZxfRLlIgMh/P7OoWPqat49kcrh3k0qcjooO+bo4+mXYuIiIiIiIhct/ycfOtXPPWbTs9jrHiVZ374Q54tqB54cRoRkcuk8FFERERERETkuuWjqfYgxdWdJ6s3UVayj+LTTQofRWTE6VF6IiIiIiIiItctC3FJOdycm4Cvy7MaLUxJiuv9uZMiIsNIz3wUERERERnF9OwqERGRwdP3zdFH065FRERERERERERkRCh8FBERERERERERkRGh8FFERERERERERERGhMJHERERERERERERGREKH0VERERERERERGREKHwUERERERERERGREaHwUUREREREREREREaEwkfpnc+L13e1G3F1+OoqKTlaRYPXGOBIA6/Hy0BHDZXRWEXpoUrqmq7vC2B4PXj9ve4ZfL/6vXg6X6fur0eTj/HnlIiIiIiIiHx8KXwcjTyl7HpzK1vb/vtLMTWeYa4j4KHmaCXuQO+7G/ZtYt3b5R3HVtTg6ePY60nDu+t5sbAKn7eKAx9U0X9WVEbB+gLKhrF+X9lW1m0uwUM9pUdqh7Hk0afs7fVs2u/ubQ8F6zezv9d73qChopKGttCyvID1b3e6At1eGw2VVDaMjjCyYd8mNu1ruPQCPkafhyIiIiIiInL9UPg4GrU0UHOyhaRb88ibm01KdC0Ff1hPYd0w1nGhhF07d7K/up9jjNbQv9V72f7WLkouDGP9o5KbsspW0vMWkntDHvm3pGC5wi2oOl5FYu5S5s2cx8K5yVC2ledeL73CrbiCjL6CQQNfSy+bPQfZWbCdvScGU7iHg7u2s31f5aW37yoqf/M5thzptOFKfx6eL2L9+kIuIy4VERERERERIfJqN0D6EonVZsOGjQxHMjbvWrYUl5N3R9rwFJ8wnwcfmz+4Y6fks/qx4al2dDNjNjPs06iH1AKzueuG1tExam/UsOWy4ku5gz2Y3HsfY7BHjzY9Lv2V/jzsMxgWERERERERGTyFj9eIhLE2aGoFfwlbXqoibaGD0l3F1EXlsPKB+USf3MXmgjKazWaIsJO9ZDnznHUU/r4AljxIXmK4oNOFbHirjGYA7My+ezm5dgAvVXu2sfNwHd4IG/a4ZrCF3uJ+bwMbSm3kP7CUNAu4393A5ovZzLl4kKJqDwY20vJXkJ8aHidYt5dN2w7S0ApYXaTE1eNN+RzLZnYN1tzvbmDrxRScZw5S2WRgWJJZeN9SMqyh/d5ezwnK31zDIdcqls+yAFUUPL+VuhkrePBmB+Cm6KXNGJ9aRZ7TS9VfNlNwvBmCBmbnPO5amoPdBHW717PTksecjwrZWeHBtWgljg83cfCCD95cRxkGybeuJr1qLYWxy3nwZnuoUeVbWVOezqMDhsChureXN2M2A4FE5qxYRo4NOH+QLVv2Uhs0Yw5Ek7xgOflpVsoL1rL7pIHv9HrWF7fQYoAZA4x61j1fRGzWcvID29nckseqT7gADwdfXU9RbD6PhdtT/uZzlCY/yrK0Wva+VUjJGQ+GycCIdDH/M8vIiQfOFLL+Lxby5ngo3FmOZ1I+j93h6rOvOvOd2sv2PSXUegwIGlgmzmf5nTmhW6VsK2uOOMhz1LD3cB1eLDjm3sWKGxyhNwfclGzfGrpnoh3YQ7dgH1pxf7CJdSfq8GLFecMSls91QvlWnvuzh9zlK5mX2Nd725Sz9TcFeHJWsPKm8L2xYTO+rDk0HyqiqtEAWxqLV+STYglds/KCTeysbAaTBceURHxnbSx6IA/nZV7b3lS93fe9VV6wlsLTQMM61u6NJfuuFaSXdf08JODm4NbN7K0zMEdAdPICluenYR3EtejyuRWAxNwVLJtt62jc+b1s3FKKp9XMG+vKMFwLWJ2fNqTzExEREREREQGFj9eMmrNuLHE2iHKRYi9k19sGefc+yvJ4M/hK2fJ2Da47HyXPCdQVsv6N7SR+fjEpk1rYdawBEkOhQ0NlFWQsZ/VNBoXrN1JzBnLt4DtSwPaTCSz9wnJcZg+l2zeyKzzwyX7TIrLLCqhthLREMAwDb1kJDfnLWH2HDd8HG1l3sJQFqTlYqGHXthIi536ORzOt4Clhyytu7PPNPc7JMAw8lXXkrHiUfFsoENz0dikZd2aAr5SCPs4peYKDgpoqmJUG52uoi7FjPlODDwcWXxW1HyUy0xk6p4JzGXx2dQ5WvJRs/gPb9yezcq4d5/RkWjZtZW/WMlY94sJiAtJXY3v9OcpTV7EsM9TGhrroriPA/AZG23T0/pw/QGGlg8VfWEmyKfy+KIAGCt/cD2394y1hyx82s9exknn5q7HvWc92FvPgreHA7sgWnqtIY9WdGaHXp5IwdlfhxoWdOmpa7NhbaqghDRc11NTZcNxkhshYXLMWM3upHYspFPRufK+SnNtTYEI6yf5NbN2XzbJVj+GygO/Ilj77qjNLrIucxbNZZrdAwE3RKxspqshhcSrQamDUlVCe/Gk++4gTS3UBa3eWUHPDQlxAQ9FWivw5rHwkG5vRQNGmjfQ9IdqLJyafzz7iwtJUzKY/7GRv2krmpS0l78hzVNYDA4aPaSy9tZTnKusBB2BgGF5KDzew+NOrWRrvo/jVdRw4soCU2RZ8H26j4Gwyy7+Yh9NkUPOXDWyxpXQLHi/x2vYSssZG931vpeWvpvVi13uRbp+HDUVb2c88PvfFjPZrtnmfI3TN+r0Wbg68U4Ej/1FWTiHUL/5un58J81ixzMf6t2Dxg3mEv3oM6fxEREREREREQM98HMWaqTlUQsl7u9i6aT07z7iYf5MLALMJXDctIzs+HBicrKTGns28tpTEmU1KTBVlJ8CVlkrLydLwc9saKD1pJmV6z6SgoqIGR9Z8XFGAyUaiLbrTXnPPO2ViDgtTbZgB66QkbF4PHoD6SmpM6czLDI+GsiVhj+nnNMenkR0ecOXMSMZWVxUKpPo5J4srEVtDLXWAr6oWpmSQ5K2lBuBULQ2JLpKBqpM12FMyQiPBsJKdloi7LryIiwki47LJXxAOHodbZDQWXx2VJzyhadxRZswA58uo8qeS29Y/1mwyJripLB/kikITnSR+1EBNADhVQ31CBhnW2tCCRJ4aanGRnACY7LiS7Vjw4fUa2ONjMdofomgGk5XsT+XhCg9W7bevOktwkWy3hFZuNuzY47o9mzEunfk3OEN9OsVF4sXwfUEDpSdbSM/NxmYCohzYY/s7URvJGeFrY8slPclN3elw64dyvSJ6bnLNWkhKvBmwkpxkw9sUamFFVR2unDycJgAzrkRbzzfDyF3bAXX+PHRTVtVC6uxO1ywjCXdlGe219XktzERbfNRVVuLxh16bowZR/Yifn4iIiIiIiFyPNPJxtIt1kJyTQf5UZ9eQrFOo4j7nhqjOi6PYsdsMGlqA1DRS/bsorYc8Sqkyp7C0R/bYQEMjRKYOw/Iq9W48Jjs9xzkOwjg7Nr+bFgY6pxRcRiEnPdB81oNjWg6OsweoqQPbmQZsk+ZjwU29G+pOv8jaAx1VWCZldLwwcWntHAxbLp9e3My2XetZ87YN140LWXqDC3ODG0+Ujc7Rrt1mw/D1v652O1MqyYmF1JyA5HO1RDtySbp4gL3VQEQdzROzcQEE6ti7aRsHfTZc9kiaz9bAuM5TxSO7BFkD9lWbur1s3HYQn82FPaqZ+tOQkDqYhtfj9kRjjx74yN6YTeBxN0B4DN7wC30O9BZW9jBS13aI7XV/FI2ta2XYWn0DrNAOYCN36VKa39rJ+t8VYJs4h4WLc0N/eOi3yit5fiIiIiIiInK9UPg4asXimplNL/FPD/Z4G5wJhQ6hsM6DpxnMkQAu0qaEpl67I2swpy7t5TF7NmxWcA9Hs8fZueQnwNW7OR9jw8bA5+R0uKmsbcDXkEByPiSdjaTsjAfb2RaS5oZGrNlt4Mz8HMtnX+k1q0OsU/JYvioPo6GYzZu3sDX6MZYl2rD5DToPFvQ0N4NtsDGoBdf4WErONlDTYOC6yYbTncj5mhpqqMc+PjQ61vfhOxQzk1UP5Iaux5EtPFfRV5n2QfaVj4PvFMOsVTx4Q+gql77+HOWDarcNW38jYAdgBMBmH6ngEcCBfczgPwdG5toOhR1bXAtG18pojrANLlC3JpN39yry/A0Ub93Mlu1WHrtzgK829it5fiIiIiIiInK90LTr68G0ZJz1FZR6w6/dpVRecOKaEnrpmp5Ka00JB09CyozeppJacI23UVteghcg4KH2XPOltSXRQUJTFaV1oZfG6VKqmvo5vsWLJxD6sOZIBcbE5NDIvYHOyWmnvuoA9WYnLhPYJ7nwnNlLrcdF8qSOY+oqS2krAr8HT/uLwTGbobkpHEn5Gyguqwd/19FlRqCXNwZ8+PzhMhy5pDuguckDiSm4Ik5SfqrtuHLKqi24kgf/0DzHBAfNZw9Q0+jAlQhMcWE7U0rp2Vhc4dGrLX4fRFlCwWPAQ+VpDwT6Xr14cH3VQosfoi3heNlTSU0jEBxMq104HR6q2m4Mfw11jYM7XzzFlNU6Se5rjZ/u59XPefYnaVzXz4GSivo+6rv0a9vaqW2Dubf65iBlkpmT5TXtW8rLq7C4kvtew6cTny/cjigHuWmJ0OxhwMnTw3DvioiIiIiIyMePRj5eDyw5LMmr4ZWX1lMx0Yr3tBfnJ5eT0zaIbWIaUy5uoTQmlwf7eIydY+48XC8V8OLavZiJJjkrHdvRGqrIIHkwbWgbEWXKID+vkj+8toaySDDHJ5PQ31DIxkNsev4ABgZGbDqL70oZ1DnZprqI3FSCN2N5aKXliU4Stu6iMimPxeGibXMWkVOxiXX/tR+LGQwjmpRFnVblHgT7jAzsrxSw5vndEGEjY/5sXLurqPDnkBGVhDNhF4W/24D7jpXkTex4n/f4bjbtrsSc4CLWX0ttaxr5OTbAxsIl6Wx4fR0bnQkY585jnrWExRP7aECiA1thIWufLyL51tXkpwFTk0kq2EV5Uh75ABYXicEiSnzZLA9fX1vOHJIP72TN83tDqxLfkIyjpopyfzZpvUyvHVxf2Zh9QzIv7lrD2n1msCQze4qDmqpyjKy0PkbcteILD1/NuCmXg5s2sabCgjnCRvo0Fy21NXhxdBstG4vN2kzplrWUmYBANMmd7+fOJjixFxayZoObpSvzcHV/3Ue3dtbiD43lc8zPJ/uVTaz7r9DnQMokG/h7Hn+p19YxwYFRsJm1H83nc0uzB7i3INFhY9eetazdm8yCz+fTPXt15S0h/ZXNrNuYRELgPOfNOSy5rb8zDl8Lfzm7X9tJpdmBK85H7RmDtE8tpseXhvgk7C0FbHq+DHvWclbMdQ3t3hUREREREREBIoLB4KDGLck1IODD22RgjrNe4iIqBl6P7zLe37UtPsOCJaqGXc8X43h4GdndymzYs56N7lweuzMDw0/vi15c9jmB4fXQHIjGFnep068NvF6wWoc+vdTX5KHFFIutx3sNvJ5miLFhHcxiH5dk6NdzUH3l9+LxmS+tP8PX02KzjtzzNi+T4fNhtljwHdjEHzy3sGpBj/WugeG6tpd+b7WX4PXQTG/tGIDPi6cFYod8La7EvSsiIp3V1taSlJR0tZshIiJyTdD3zdFHIx+vJyYL1j5GNg6OGavtkp/Y2C4UJFpCgVddJTURNtIGCL/6XG33ss8JzFZbz1FdQysB6yV2iyXORu8RnRmr7TJPbEBDv56D6qsoK7ZLDZ2G4XqOGL+BEWXGbLEAXsqq3Nim9j2leHiu7aXfW+0lXOr9bbFiu6Q8/krcuyIiIiIiInK9UPgow6yOvZveoLQJMIERYSNnyYo+p79a4xOuZONE+uQt384r79ZimADDIHrKIpbPujqLFYmIiIiIiIhcLzTtWkRERERkFNP0MRERkcHT983RR6tdi4iIiIiIiIiIyIhQ+CgiIiIiIiIiIiIjQuGjiIiIiIiIiIiIjAiFjyIiIiIiIiIiIjIiFD6KiIiIiIiIiIjIiFD4KFdfwIe3ydfrLl+TF1/gEsr0e/F4jctr1xVj4PV46b21/e27DIPon0vu+6vA8Hrw+q92K0RERERERESkO4WPcvWd28um9QWU99jRwN7XXmTniUsos7yA9Vv247n81oUZNFSUUucdtgI7KaNgfQFlfe7bzP7hO5GQ8gLWv917jSGX0fcjIeCh5mgl7j7C0LK317Npv/vKtacaflZ45aobFB+88BK8cKzb9mr42UuwZ7jvIREREREREZFBUPgoo0PAoLXXHQa+lksss9VH7+MpL0Ulewt2sfvo1UhwLqMPBut8EevXF9JwpesdrAsl7Nq5k/3V/RxjXMGRrhfgW3vgzJWrcWAX4OXD8ItCuNhpc0Ux/LQYdvTXdyIiIiIiIiIjJPJqN0Dk2pDG0i+lXe1GjJwrGdxdioT5PPjY/KvditHNC+50+HI1FPrgNkto845D8NWZwDUyhV5ERORyBYNBDMPAbDYTEREBQCAQIBAIdNk2HPW0trZiMpkwm8191i0iIvJxp/BxNCrbyppjNnKMCg6e9WFgI+eulcx3Ar4a9r5VSMkZD4bJwIh0Mf8zy8iJNyjZvI6a7NUsTg2XU1/I+rdg8YN5OM4fZMuW/dQHwTBiSc+/i4VTrOAvYctLVaQtdFC6q5i6qBxWrsygautm9tYZmCOAqFTyH1pIcpdGeigt2M7ek258gBGwc9NP9gAAIABJREFUkX3HcvImWQA3RRs248uaQ/OhIqoaDbClsXhFPinhQMR7spBtu0qoazFjGxtLM7Y+u6OluoD1e8rxBM3YUhexPD8Na6gUqv6ymYLjzRA0MDvncdfSHOxt43kDLVTt2cQbR+rwBi045t7Fihsc/bTdTMnmNVSmPcayzHAZvhK2vrSXWgDMJC9YRX5qR93by5sxR4B5XDZLls3DaQLOFLL+Lxby5ngo3FmOZ1I+j33K2sd1G8wN0UpLVSGbtpZS5zWwJM7jrntzcQzQB75Te9m+p4RajwFBA8vE+Sy/M6dnT5/fy8YtpXhazbyxrgzDtYDV+fZQze4Stm4oosrd8xq26+9+7e3+emA2nl77ro7C3xfAkgfJSwyXfbqQDW+V0QyAndl3LyfXDgTclGzfSlG1ByPagT20u5335C42v11Bs8nAiEhi3rJl5CT0cW0WOzg44P0+BAHY8Xv4UWXo49S58ItlEAO4D8H33oAdF0L78j4Jv1gS2rdjHezPhax34aul8NN/gLwD8HgTPH4Rvvo+HDbBL74Ij0/vpV4P7AB+Oh22HIPbZgIn4ZUJ8IsJ8LMLna85/OiXsBmwBuC+lfB4RmhXb+24zwQ/+hXsCIC3Fb78BfhyyqV2kIiIyMhqamriyJEjzJw5E6s19FOj2+3m1KlTZGdntweFl8vv97N//35sNhuZmZmYTCYuXLhAVVXVsNYjIiJyrVP4OBq1Ghinq/Dd+TkenWjGe3gLLxYUkv5gHo7IWFyzFjN7qR2LCdzvbmDje5Xk3J5C8oRYisrLITU0Qs9zooaWiXk4aKDwzQPYPrWaZZOAukLWv7Gbys8vJiUqmxR7IbveNsi791GWx5uhbCsbWmay6ou5oZDP39uouEgS0hdw3yecWKPAKNvK2ncOkHP/PGwYGIaX0sMNLP70apbG+yh+dR0HjiwgZbYFfKUUFFSRcMejLJ9oxnN0Kxt39j3yzuNPYsXn87FRRcFL29ldnsbiNPAdKaDgXAafXZ2DFS8lm//A9v3JrJwbTqG8VdTEfprPftGJpbqAtTtLqLlhIa5+2p6e7KSwohQyw0nM8UpqJyxg9eI0Sl9/juIzDZDqCNVd4+KuL+ThNEHd7vW8UZDI6ttTYEI6yf5NbN2XzbJVj+GyAAF3n9dtYF6qamL59GcfxRlZRcELBZScymXhpP77wBLrImfxbJbZLRBwU/TKRooqcjrC6TYJ81ixzNcRVAOEJ2DXVTew+I5eruFg79de7i/fkS1s6qPvUia1sOtYAySGW1FZBRnLWX2TQeH6jdScgVw7NBRtpcifw8pHsrEZDRRt2khlW3t8pRS8fZ6Mz64mxwrew1v4w469JN8/D3tv16ZsK0UD3u+Dd6YAfjYW3vouEIAXnoFnp8M3p0NMAnzz7+AXVqAVfvQj2HELLLPBbbPg9t/BDx+A44+GywrAK+/Asi9CyUq4+C5Y/wJfnh4KLLteB5gQBXNy4PF34bszoeJA6LX1PJzu9LzSF34DLIfCmYAXvvdT2PI1WDa293a88DOY8BC8NQWohft/BTd+F+bowR0iIjIKeb1eDhw4QGpqanv42NjYyLFjx8jMzBy2ULC1tZWSkhKio6OZOHEiCQkJXLhwYdjrERERudbpV8fRKi6ZjImhH1isWWkkeWqo8AAmO65kOxZ8eL0G9vhYjPCD+WwzUrCdqgiHMD4qT3lwJbvgfBlV/imkTQqX7cwgObqBmnOhl2YTuG5aRnZ8+AckiwVL40lK68JPTIzq7QcnK85kJ9YoA2+TD7PdRmy3Zyy6Zi0kJd4MWElOsuFtCj8v8Xg5NQnZzA+fn22cjeh+uiIxNRtbFBCVzMwUC7Vn6gCoOlmDPSUjPArSSnZaIu662k59mM78G5xYTMDkJBIvesIL0PTddktmKs7T5ZSGp6iWVtTjSu053brqZA32zPBIR8CZnUJ0dVm4781gspL9qbxQuAX9XreB2Uifn4vTApiSSUrw4fF0akdffZDgItluAZ8Xr2HHHjf0Zzh2voau8daOa9hdX/crPe+v/vrOlZZKy8nScPTZQOlJMynT7d0qa6D0ZAvpudnYTECUA3tsp90nK6mxp5IR6hSsWWkknq9rH73a49oM6n4fvMJDcN/s8AsT3JYLhSdDL2NckGoFvHDRBKljwN32gMZIYCZ898ZuBWaFwkaAmFS47xz0trTOmXrIcwDT4f7jsCcAOw6GwsQYK7jbwscG2OyDh2eGX1vh/gzYcqiPdoSPv21K+HUS3B8Lh7s+IFRERGRUaZtm3V0wGKSuro6ioiLeffdd9u/fz8WLFwkEAhw/frx9e11dHcFgkPr6eioqKqisrOTdd9+lubm5S3lWq5X4+HjKysoIBAIEg8H2fRcvXuTQoUO8/fbb7Nixg8rKSoLBIH6/nw8//JDjx4+ze/duDhw4QF1dHe+99x67d+/G7Xa3v/+DDz7g3Xffpbi4uEfdIiIi1wqNfLwmJHQER3F17N20jYM+Gy57JM1na2BcOByzpZMSt5GyCkiZWkFVfRJpU4Hjbjy+GrY/X9GpTBvZnTOWzo+kmZLP8pu2snXzWvZaHGTMX8zC9O6Tdb2UF2xiZ42FpPGxtLpr8JAxqLNpOO+BKAvdZ+8OhtkUidd9HrBQ74a60y+y9kDHfsukPtpg6nyy/bTdkkFqYhHlRyFjRinlZ11kLO1emJt6N0RO6XQGCXZs/gY6sr3IrtF+oJ/rNkTm9nLd/fdB3V42bjuIz+bCHtVM/WlI6D7qcUj1DvbLRaf7te22ab+/Bui7SWmk+ndRWg95lFJlTmFp9+yRetyeaOx9JNbuc26or+HF5/d3bIxJ7nR3drs2g7rfB+/wGVj3O3ihUx1zPhn692IprHoJJqZAaiv8ugG+1/nNw/TnoNuyYMc7UDgB1lkgZizsaPv0r4MdFsKBdchER9eRkV3aUQc7PPDYT7rW8U396UpERK5Bra2tfPDBB7S2tuJwONoDynPnznHo0CHGjRvXfswnPvEJmpqaeOedd0hOTu71GY4RERGkp6dz+PBh0tPTu+wzDIOWlhaCwSDNzc0UFxczfvx4IiIieP/990lNTcXn81FZWUljYyMA5eXlWK1W5syZQ3l5OdXV1SQmJraHoTfccAMmk74Ji4jItUXh47UgUI+7yUpyPPg+fIdiZrLqgfAU0SNbeK49U7STPtXGpqoaoIr6iWksMwF2GzZLOgs/vxDXIKu0Zy3lwSzwVO5iy44tFNo7PYcP4NRedp9ysvjhfJJNtD9fcjBscdbeh24NghFoxRqfANix28CZ+TmWd58GPJB+224hI8VJUUUpRlQV5yelk9bj57tQ3bU+H7RFqB4PzSZzn59Q/V+3S9VfH/g4+E4xzFrFgzeEYqbS15+j/HKrHIxO92tPA/Wdi7QpoanX7sgazKlL6ZE9YsPWY85xpxribZCYzeeW5ww64B7wfh+CVAd887Pw5Sk99617BW77Ajwenm0/8WeXVkdvKs5A1qzQx3Ny4HsvQtZdnaZntw3+SIQ8H3TOGk9fCE0J71Ui5Nngp/8El5Fdi4jIx8DpugbcjR/1OuJwJM2cMbTvUF6vF4vFgsvlIjExkejoaA4fPszFixeZPn06Fy9eZMeOHTQ3N2O1Wjl//jxz584lNTWVyMiuP+0ZhsHYsWNJTEykrKwMh8PRvi8mJoaUlBQ8Hg+NjY0UFRXh9XqJjY0lGAySlJTEpEmT2Lx5M4ZhcMsttxAMBjl37hytra2UlpbicrmYPn06FRUVnDhxgpycnC7h46Gjl/0DpYjIoJhMJuzxY5jodAx8sEg3Ch9HK38LHj84osD7YRk1CS7yLNDi90GUJRRgBTxUnvZAoOMZdfZUF9FvlLOXGuyTFoU2JrpwGLspPwWu8NRrT6MHW3wfo7v8PnxmCxYT2FIySLaW0ewBOocxvhYMcyzRJgCDhqp6mgOJDOZpeRZXIrb95ZR4M8i2gqfWzaAmkfirOFQJU25zAuBy2tlVWYp3dk74WX0ePK02bNZ+Sxmw7ZbMVJzFVRRaakmatrjXIlKTnew63lG3+0glbmdGn4uUDHTdAIwAQx751ncftNDih2hLuDM8ldQ0AsFObw4M4wrXfdyvvRmo71zTU2ktLOEgkHJHb/eoC6fDQ3FpHSQ6wV9DXSMdC85McmIvrKDUm0OOFcDA0+jDFt/HjdHX/R5fR/mxeizJ2X0Eqb3LSoXvHegUPnrAHQd2E7h9MLGtGQ3w/kdw4zD+fmZt+4o+HR7Pgolt07+dcF8dnAEmjIdlJthxMtzGtunZf9VHoeNDYWX78YD7AtjHDl+7RUTk2ne6roFAIMCM1Mmj8lmHfr8fgMjISGbPns3Ro0c5ePAgdrud3NxcGhsbMZlMeDweWltbmTp1KlFRUQQCASwWCwkJCURFRfVadmRkJDNmzKCwsJCYmJj28//oo48oKSkhPj4ek8mEyWRqn5YdFRVFQkICFouFyMhI4uPjiY6OZsyYMbS0tNDa2orH4yEYDHL+/HmioqJwuXoOIxhq8CoicqkMw+DM2XOcrmtQAClDpvBxtDKq2P37tew0GRgkMf+ueaFsJWcOyYd3sub5vZgD0STfkIyjpopyfzZpUUBiNmnWjRSX2cj9bFv6k8KC+aX8YesaKixmMAzMjjl8+u62FZO7qjuwmW0fNhPrTMTcWIPbOoe7uv9ckzqHnH2b2Ly2DDNmbFkZJBuVnHSDs+dQNQBa/OFJyYnzmDfxRQpeXMteM0QnZ5MeX0pNFWR0Se8s2MaYKS1ay9q9QMCMfeYSlk8M7bXNWUROxSbW/dd+QqcVTcqiFeSn9j3ezQgMou2WDFLHFVFUncLi23svxzJrCQtrXuHFlypwxXip8TrJ72ekna3f65aEM2EXhb/bgPuOleRN7LP5HYID9YGN2Tck8+KuNazdZwZLMrOnOKipKsfISsM8wYm9sJA1G9wsXZmHKz4Je0sBm54vw561nBVze6+2ta/Asq/79VL6bmIaUy5uoTQmlwf7yMczbsrl4KZNrKmwYI6wkT7NRUttDV4cWG3zWDRrA5t+v4b94fs9emo+Kz6V0uv16fN+ry9j754SLK2pJN/QLbiMg1vPwsQnum4reRLm3Al5/xuyP4CJptAIw+89BsvGw6p8uO1Z+LUVYpzw5RzYUgoPJ/XRWb3pNmqxzekGiGl/xigse6DbAYGO9335EXjsV7A/BS5Wg30JfLOfYdGPr4S7fgUvxAGtEDMZfv0oTBhCs0VE5Prmbvxo1ASPFouFqKgoGhsbSUxMJBAIcPr0aWJjYzGZTEyePBm73U55eTn79u1rX5gmEAhgs9mIjIzE4XBgtVppaRncA7MdDgeJiYkcO3asfXRkbW0tJ06c4M477yQYDA6pb8xmMzExMURERJCQkIDdbsdkMo2K/hWRjyez2cyE8eM4WlGt8FGGLCLY+anIMjoc2cJzH9hZ8WAedr+BuccCGAZejw9znDW0mEp39YWsf9vC0pXdAqCAD29TC8TYsPb+h9tudTRDtA1rP3NXfU0eDMtgyuulBq8Hn7n/8gdbTnMgGlvc0Aq6nLZ3FOLF4zcPsu4Brttl6LMP/F48vsG27xINeL/2YUh914uAD2+TgcVmpdca/V48FyF6UP09uPt9KC42hRaVsXcfcOkDt9HL9qvgogewQsxg/gwVAHdTaPGaQR0vIiLDpra2lqSkofyl6so7dLRi1IzCa21tpaioiPPnzzNu3Dh8Ph8NDQ3Mnj2bKVOmcOTIEXw+Hy0tLVRVVbF06VJ8Ph+7d+9un4YdGxtLZmYmFy5c4I9//CP33HMP48eP71JPc3Mzr776KkuWLGH8+PHU1tayefNmEhISuPvuuzl16hS7du0iPT0di8XC4cOHWbhwIePHj29/n91u509/+hOpqanMmTOH4uJizpw5w5IlSzhw4ACVlZW4XC78fj+TJ09m6tSpvT57UkTkShlNX+/7ci183/y40a+Qo1zvQY4Zaz9ziys/KMOa+bmeI89MFqy2wSYrZqy2gRfdsMRd+sIcZquN4chfzFYbl9KKy2l7RyFWBt2lA1y3y9FnH0RZQyuFXyGDDh5hiH3XC5MFa3+XcEjnPrj7fShi4jo9b7EzC32OCr3SYoZyyiawD28XiYiIjIjIyEhycnI4evQoXq+XiIgIMjMz24M7s9mMYRiYzWZuvPFGxo4NPUtk5syZ1NbWEggEiIyMJCIigtjYWG688UZiY2N71BMVFUVOTk77PofDwc0334zZbMZkMpGUlERWVhY+nw+r1Upubi6xsbFd3mcymcjKysJuD/10MGHCBGJjY4mIiGDGjBn4/f4uU8ZFRESuRRr5OBod2cJz5Sk8dlf2EN5UTsHzu6kKgHnCfO67I2NYgj2RAV3S/SoiIiKDdS2M4BiNI2GCwSCGYbQHjp0ZRuhRMp2393f85bbBbDZf0ojFYDBIa2trexgqInK1jcav991dC983P24UPoqIiIiIjGLXwi9R18IvoyIicvmuha/318L3zY+bYX7ynIiIiIiIiIiIiEiIwkcREREREREREREZEQofRUREREREREREZEQofBQREREREREREZERofBRRERERERERERERoTCRxERERERERERERkRkVe7ASIiIiIi8vFknDvG2+/XUe1pBcBii2fmjTnMHqdfU0RERK4XGvkoIiIiIiJXXt0hXv5zTXvwCODzNLL/z+9RWHcV2yUiIiLDSuGjiIiIiIhcYc3s/7AeL2AeO4E77v4kX7w7i5ljTYCPYx8ewzsc1bR4aGwejoL6YbTQ2NgywpWIiIhcuxQ+ioiIiIjIFXaa0xcAYsi8NYOJUUCUk3m3OhkLcKGR48NQy9nX/oHcr73M2csp5MP/YOVDa3i/r3yx+Ofkzvs5719OHSIiItcxhY8iIiIiIiK9amHPxl/yfkYaM6OHu2wPW/8+m2lPF4+SckREREaGwkcREREREbnCJjJxLMBFjuwp5bQf8Nexd08dFwDGxjPtqrYvrKWIN34HX1gyn2HPHmnhQuNoKkdERGRkKHwUEREREZErLJY5sxIZEwHGhTO8+dqf+a/XDnPoQgAiLEyfNR3roMtq4dBzj5I7I5tpM7LJWvQwzxV3miPtq6bg2b9hfm4203Lv52f7Ova1fLiGVfPD77vnSbae6lpy47aX+d2kv+GBW6Lh1DaeuGcO02ZkM23GfO74p22dpnM38v7LP2Tl/NC+v321uqMQo5qt37ufrPD7Vj13mBbqeemxRTyxE3juYabNyObH+wCjnreffjh8LnP4zPe2UWWEy+m1/j7KERERGUUUPoqIiIiIyJXnnMm9i1xMtkW2b7LY4pmz6CbynEMo5/Bv+bunG/nqH0s4fng/O3/7JEtndBqn+M5vean1bn7zyst8Z95hnv3PcGh4fhvf/vzPGf/kTo4fLuI3txTxtz94rVOgWM8br24jeeUiZpo9bP3Z13kp+2mKD5dwvPhlnlk9h/Htx77MS3un8c3fv8a/PzyWrf/j5fZnQB567m/426N3sKG4hOPbvk700w/zi+JE7vnfL/MvtwBf+CXFRUV8MxcaX/8BX3p9Dv++t4Tjh1/mnqNf5xvrq4G+6u+9HBERkdEkcuBDREREREREhp953HRuXzx9GEo6zhtvFrF06nySp2V13bXoe/z71+9mPOC8cxE/fj008vHsn19mU/PDrLszEcyQnjufma3xHdOrT7zJSzuzeOw7WYAntG3/Tt44PId7siYzs0s1j/LUTx7mRoDPLIEXfOHtxbzx78e59Tt3MTMWmJpN3qxcomMhOn480RYgOp74BBtQz9bXtsGdL3BrPMA0br19Mj/eWczZhz/ZZ/09yxERERldFD6KiIiIiMgV5TtfzaHjZ6mu/4gLLQGMtqnFZhOW6BiciXZSp01lWoJl4MKyHuHXPznLE08/yiefjWbmA0/z//5lCcnmAd4XrjM6fNz4O3/An+7s2F2282Xez72fZ6YB2Fj6T2v45pP/wPfve5knEubznV//ksdmDfwkyJZmiDbHhF/l8tgra/o89mIroenTz3XaeNvl1S8iInK1adq1iIiIiIhcEb6zx3jzjT/z+7fLOXCykXPNnYJHACOAr7mZ6pM17Hp7D8+/sY/9Z319lhcSTfr932ND4X7+vOZhol9qm6o8gHDo2GL0ss84zNbfHGbp6s+Q3LZt/Hwe/+VODhe9zFMLTvHjz/8v9rT08t7urYuFFuPiwAcCMZHAo2s4frSk479fhkZtXmr9IiIiV5vCRxERERERGXEfHd3HS3+p4bQXiIphcmoqn7ptLg+t+CRfbP/vVu6/LYP5qfGMjQLD+xEH/lLElqP9LOd85jDvn2oBczTJtyzh1klw1uPp+3gfXATGz1nEjbzAf74cCipbTu3kd9vqQ8cUv8YvTi3hzgVt05hbKCs+TKMBJGSRvygLmhtp7Cf8C4WaWeTdH82e3/yePY2A4eHQy6/xfuf3tbS9SGTOolx4c2foWKDlRDHvnxpk/S1KIkVEZHRS+CgiIiIiIiPsJIVHPsIgkvGZWTx093xuz53C1LFj6Dqx2sKYsRPIzJ3DvXffyh2ZY7AQ4OyRco70UXJj+Zv8+L7wKtBZD/O78V/nmS9k9X6wGXjnMNUtwNSHeebpRbz/vTtCq13f90vKWi8CLezZ8gJ84WGWJrS98Szv//KvmZ8VWhl7/v/Yz/Knv8bS+N7qsBDNfsqqAaK59ZtreDz6BVbNy2Za1iK+tO0s0QZAIjNvySL6d48ybcbdPHcUku99ku+kbAgdOyObrAee5o+l9QPU37McERGR0SQiGAwGr3YjRERERESkd7W1tSQlJV3tZvTr0NEKZs5I7eeIcrZsrOZszDjuuDOHiYMuuY5drx/m+MUxzFkxl9n9HNly3kOL2UJ8/BCfg9jiobEZouNtoec/Nm7jv8/7R8aueYd/WRDd/7FDqea8h5ZoG/Gxgzi20UMLvZzLZdQvIjIcBv56f/VdC983P2604IyIiIiIiFwZF8/x5sY/j0jR0Qk2Lmn5lWgbnTO+xqKdbJr0N/zpll5K63bsSLUvOr6PYy+jfhERkatF4aOIiIiIiEhY/JIfcHgBGlkoIiIyTBQ+ioiIiIjICEtj2Yq0q92IQYsexNRoERERGRwtOCMiIiIiIiIiIiIjQuGjiIiIiIiIiIiIjAiFjyIiIiIiIiIiIjIiFD6KiIiIiIiIiIjIiFD4KCIiIiIiIiIiIiNC4aOIiIiIiIiIiIiMCIWPIiIiIiIiIiIiMiIUPoqIiIiIiIiIiMiIUPgoIiIiIiIiIiIiI0Lho4iIiIiIXBaTyYRhGFe7GSIiMoIMw8BkUowkQ6e7RkRERERELos9fgxnzp5TACkicp0yDIMzZ89hjx9ztZsi16DIq90AERERERG5tk10Ojhd18DRimoCgcDVbo6IiAwzk8mEPX4ME52Oq90UuQYpfBQRERERkcs20enQL6UiIiLSg6Zdi4iIiIiIiIiIyIhQ+CgiIiIiIiIiIiIjQuGjiIiIiIiIiIiIjAiFjyIiIiIiIiIiIjIiFD6KiIiIiIiIiIjIiFD4KCIiIiIiIiIiIiNC4aOIiIiIiIiIiIiMCIWPIiIiIiIiIiIiMiIUPoqIiIiIiIiIiMiIUPgoIiIiIiIiIiIiI0Lho4iIiIiIiIiIiIwIhY8iIiIiIiIiIiIyIhQ+ioiIiIiIiIiIyIhQ+CgiIiIiIiIiIiIjIvJqN0BERORKCgQh2P5vkEAwtD0IBDt9TPh1+8ft24IEgYjw6wgi2l90bAv9r8vrPrZHRITKiAhv79gmIiIiIiJy7VP4KCIi15VAEIxgECPYPWiEQFu6OAw6QslOCWVvBwyptA6hEDKiRyDZ5eP2baHw0qTQUkRERERERhmFjyIics0KAkYAWsNhYyhwHL6A8WoKjcQMdt3Q79EhEYApIqI9iDSFQ0kTEe0fi4iIiIiIXCkKH0VE5JpiBMEfCNIaCI1wvD6ixuETpGPkZ889IaaICEzQPlrSRFtI2bFdRERERERkOCh8FBGRUS8QDhz94VGOcnkCwSAB6GU0ZWhD2+jJiE7BpDkiArNGToqIiIiIyBApfBQRkVGrNQAtgSD+gALHK6lt9GTXcDL0whQOIc0KJEVEREREZBAUPoqIyKhjBMFnBGlR6DjqBIKhFcL9QG+BZJQp9LGIiIiIiAgofBQRkVHmohGkxdCzHK8lnQPJi0aQyIgIIk0KIkVEREREROGjiIiMEv5AkItGeLqvXNNag0FajY4gMiocRGp6toiIiIjIx4/CRxERuaoCwVBI5dMU66uubbXr4eYP0P7cTgWRIiIiIiIfLwofRUTkqmkxgrQYENAk66vKHBFBjDk0QlFERERERGQ4KXwUEZErrjUAFwNBWjXa8aozRURgi9IwRBERERERGRkKH0VE5IoJBKElEFpQRkYHq/lqt0BERERERK5nCh9FROSK8IUXlAloQZlRJTJCox5FRERERGTkKHwUEZER5QsEuyw4IiIiIiIiIh8fCh9FRGTYBYIdoaOhkY6jWmswSJRGP4qIiIiIyAhR+CijVpBQgBEIBgkEQ6+DQFuO0fY6IvyfKSL8cQSYiMAUEdomIldOa3iEoy8Q1PrV1wivgVa5FhERERGREaPwUUaFIKHQojUYxAiAEYTLiy5C7w2FkhGYw0GkOQLMEREKJUWGmaZWX7sCwSAeP8SYIxRCioiIiIjIsFP4KFeNEYTWQJDW8L8jEVkECU357LqwbhBzRASRptBCC5GmUEgpIkOjqdXXDyMYpKk12P7HmrZR5BGE/mgTpb/YiIiIiIjIJVL4KFdUMAj+YBBfIBQ4Xi1GMIhhQEs48ow0RRAZ0RFGikjvAsHQCOW26dWKHK8vbY+5gNCo8bjIUBgpIiIiIiJyqRQ+yhXRNh3TH7jc6dQjozUQpBXri6LIAAAgAElEQVSA0MifyAiINIWmaOsXb/m4a3skQtu/8vEQbUJf/0RERERE5LIpfJQR5Qtc/VGOQxUIBvEFwRcATdGWj6OuoxtH5x8MZORpqrWIXKuCweD/Z+++o+u67jvRf0+7Db2zgF3sRSTVLCkqdizHlm0pLrHlFDuOJ7HjlMnMezOe917eelnJJFkzzps3JWOn2HHsRBk7rnGPY9mWbMmSSImi2CmSYC8g0W45fe/9/jgACBDtArjl3IvvZy0QwLnnnrNxCdzyvb+9fwjDcPx7XddhGEYVRzQ3KSX6+vrQ3d2Npqamag+HiIiopBg+UskpdTN0rId14CZO0dYwYYq2zqpIqg8KgBitauT6jTRG4/0bEdWoIAjwyiuvIAxD6LqOIAiwceNG9PT0QIvpnZsQAseOHUMikWD4SEREdYer21FJ+VIhFyo4QtVlgKEQTR93hEIukMgFCnao4Mtbm9oQxZNU0e+wK6IGI9lAYcSXyIcSbp3+3dLC8D6NiGpVGIY4duwYgiCAZVnI5XLYv38/XNet9tBm5fs+hBDVHgYREVHJsfKRSkIowBUKQQ1Nry6FsU7aY1O0xzrFsjKS4kCom7+jYrSicWn9hdJiBELBNHknRkS1ybIsbNu2DV1dXbh8+TK++c1vIp/Po7+/HxcvXoRt2+jp6cGWLVtgWRauX7+Ovr4+aJoGy7KwdetWSClx8uRJ+L6PIAiwZcsWZLNZJBIJrFy5ElevXkVfXx927dqFVCqFEydOYNmyZWhsbMSJEydg2zY0TcPmzZvR0tKCGzduIJfLQdM09Pf3Y8eOHchms3jttdegaRqGh4erfbMRERGVBSsfadFcoZAP5JILHqcjlZpUGTniR9VlrlAIefNQmSgVNYXxRFSJmwsUhn2JXCBhhwqeUAgZPNI8eTL63SEiqmVKKQRBAF3XoWkaXNeFUgpCCBw/fhxXr15FGIY4ePAgBgcHAUTrLwLAuXPncOrUKSilxj8GBwdx7NgxCCHQ19eHgwcPYmhoCJ7n4dChQ7BtG6dPn8a5c+eglMLAwAAOHjyIIAhQKBTw/PPP4+LFiwiCAPl8Hi+99BIKhQKklJPWqSQiIqonrHykBVuq1Y7zoRCtoRcAgIjWjDRG14w0tKibNns6ULGkij6EUqOfow/GirQY1ixV2grR/TwA6BpgaRrXgiSiGV3pH8BwNj8e3lXK9k3rpmwLggDPPvssMpkMPM/DunXr0NjYiGQyiYaGBniehxdffBGDg4NYvnw5HMdBIpHAihUr0NnZiWQyCd/3Yds22tvbsWzZMjQ0NMBxHJw+fRqu6yKXy2H16tUYGhpCIpEAADQ0NOD555/Hxo0bsWvXLly6dAlPPfUUbr/9dqTTaQwNDeGOO+7AunXrcPHiRQwODuLxxx9HMpnE1atXp/35zl68goId7ynjRFT/dF1Ha3Mjlnd3VHsoVIMYPtKCRNV9UaUfFU8h6vwdTtiiIQohDQ0wdIxP3ebr+6VLTpguPRYySlYuUhk0WzrfACGikrjSPwApJTat641FZ+mxjtdSSnR2dmLLli0wDANHjx6FlBLNzc0wTRNKKZimiV27duHkyZM4dOgQWltbsXv3bqxZswY3btxAX18fTp8+jb1796K5uRlCCAwODiIMQ6xduxbXr1+HrutoaWkZX2OypaUFmqahoaEBSin4vg9N05BIJNDW1ja+X0NDA9LpNADANKd/aba2d3klbzoiomkJIXD1+iCu9A8wgKR547RrmrexRhUMHktDIeoy7Mloymw+kBjxJbLBzSnbgYwq3ai+iNHO8GN/U2PTpbOBHP+/j5oZMXik0ms0GTwSUekMZ/NY1tUei+ARiNZ8vP/++/HII4/g3nvvRVtbGxzHwaFDh9DS0oLVq1ePh34A0Nvbi7vvvhvd3d04dOgQRkZG0NjYiPvuuw8bNmzA1atXcfbsWWQyGTQ0NODChQuwLAs9PT3I5XK4ePEili1bNt6tOpfLQSkFx3Gg6/p4ZeREyWQSjuMgCAIIIcY/ExHFkWEYWNbVjuFsvtpDoRrEykeal7HOzlR+cnRqbTC+JaqS1Eenauta9O5B9HW0jTlCPChE6zBKRJUXUkXbxj6PVTISVUtC12Dy7UciKiEpZWyCRwDQNA2maU4ak67rSKVSOH/+PEZGRgAAuVwOnufhxIkT8H0fnuehqakJlmXh/PnzuH79OgzDGA8dTdNET08PDhw4gDvuuANNTU2QUuLy5cvYuXMnLMvC5s2bcfbsWTiOg8HBQaxZswaZTAa+708aY3d3NwzDwHPPPYfGxkbouj4+LiKiODIMo+JLa1B9YPhIRSuEXN+x2qLgKpqOO/USQMOEYHL0w0C0RpsOcK22RZouVJSTto0FjPw7oXhjxSMR1TPLsrBz505kMplJ2zOZDPbu3Yv+/n5omoYtW7ZAKQVN02AYBoQQMAwDe/fuRUtLCwqFwvj07fXr12Pt2rXQNA3r169HoVDA2rVrYZomtm7diqGhIbS1tUHTNGzYsAFhGMJ1XbS2tmLz5s2wLGv8/GPjam5uxp49e3DlypXxqd/JZLIaNxkREVFZaUqx/IbmxuCxdikpIUe7OuqjT64NXYeha6OVlJjweTSo1KLrTZz+YxgGLMuCrtd+udRYiDj2G61GA8OJ2ycHjVxzkepLQteQMZlAEtWKa9euoaenp9rDmNWRk33TNn6Jm7FO14ZhQLvlXdmJz3nGSCkhhIBpmlP2X+h5FrIfEVFc1ML9fS08bi41rHykOeWCaM05qi2B7yMIfET/dQpRxHjzs64bURBpGICmQdf1qJpPCoRBCCEENETTljQoaBCA5iFpJZBIJKCPlk5F+4wGl6MbJj51vvVp9MTn1RMvm/QbpiZ/P+Xr8YAwuuTWwBDAlCAx2q80AeJYoDsfuq5B02o/uKX6INTNewMioqVkbDr2dKabNq7r+oLeeJ3tPAvZj4iIqJbxkY5mNeJLVnvVGCklXMeGnFKpqiZ9FkLMuah5FPRNvl4gPGiej2QyCdOypjl+bYqCVzkaLEpAjVZAjFaBTr09588wDCSSyVitiUVLk1AK+QBosuovfhQKMOrvxyIiIiIiqlkMH2lGDB5rz1jwOLZ+EaBw4uhpDFwfxI3rQwCAVWtXYNWaFejs6sDkwFCb9P2Jo6fx7NP7cOHsZdy4Pog9d+3A/Q/dhc3bNgBQ8DwPQRggmUzV9FRsIQQ810W0AsXMt8fY7TnT5cV8L6WA69jQdQOmZcE0DGg1fNtRbRsLIC0dMOpgqp+Egi8AUwcMpo9ERERERLHB8JGmlQ24vl2tUVLCsW1AKRQKDp767o/xL99+BnbBmXb/TEMam7dtwKo1K7F5+4bxqOzi2cv4ydP7cOHspUn7P/ujfXj2R/uw564deO/7H0dXdztEKGCHBViJaCp2raxVFK3fFCIIAkgRdWvTtKjIc3xyuqYwcWa1pim4ArBDICeAQCmEEtGHAgTU+NehjPZvMoEmE2gwgSZTocGIji+EgJQCnoqmc5mWCcuqnduP6keoFEIB1Hrl8kRKakixuJiIiIiIKDYYPtIUuUDNez07qr4gDAEoPPv0fnz+c1+bMXQcYxccHNh3GAf2HQa+VPx5Duw7jBNHT+ORRx/EY+9+EwANYeBDhAESyVQs1i0am0ItpYimT49+BkanVquba1+OVTQGUkO/p9DvAQO+Qj7UkBcKhRDIh0BBAIFc3LiWpYA9LRp2twIZQxsNOBUC30cYBLASCVhWYtE/P9FSJpSCUBqnXhPVhBAjZ4/hmSODGPSjLUYigzXbN+K+ta3g+whERET1ofopAcVKns1latJYgHW+71JRweNi2QUH//TFf8azP9qHD/7mE9i8bQOUUnAdp2pVkEpK+EEAEYaQspiUMPo93zeksG9Yod9TmLysY+n/Dq66wHdchWcHgY0NCr1pDavSCt3J6P/Qcz2EYVjzU9mJqi2QilOviWIvi9deOILnLvuTtgrfxpkDB3Hl2gY8ek8vGqs0OiIiIiodho80rhAqhAwea5IIQ9y4PoCP/9Enyx48TnTj+iA+/oefwJ67duCJDzyOzq52hIEPKQSSqcoEaEophGGAwPdHKxond9S+1UgAXHCA87bCWRu44pZ9iFNkA+ClYeCl4Wi8m5uAu1o1bG4CpBBw7AKsRBKJBKsgiRYikODUa6KYc069hhcu+wBMdG3ZgNdvWoY0bFw8eQw/Pp6Hc7kPz5xqx6O3Zao9VCIiIlokho8EAHCEQlCCbr5UHWEYzrq+Y7mNTcV+7N0/hze+5QEIIeDYNhKJBKwSB2hjU6qFEJBCIAxDADfXbHQEMOADgwEw4ClkwyhwHPvsLXLqdDmcyAEncgpbm4A3dGnoSQKB7yEcbejD7thE8yOUQig1mCwgJoqpYbx6Jg8BoGXjTjy6tXl0ewa9W+/A28UL+PJrLq6fOYfB27aivZpDJSIiokVj+EjwhIInGDzWslw2h+ee3l/VMdgFB5//7NdwYN9h/Pb//qvINGTg+x6EFEgmUwuahi2EGA8Zo+9DTGgJg4lrNl52Newbktg/VMIfqsKO5aKKzJ/t1nBXmwYlZTSV3bJg1VBDH6I4CJSCCf7NEMXTAAYKAJDB+vHg8abGre1of+0yBgs2LgIMH4mIiGocawKWuEBGVY9Uu3zfw09+tK9qVY+3OnH0FD72O3+M40dOQSkgDEI4dqHIdRhvGque9L1oHcQwDKFUVPk48fOpvMKXLil88kxtB49jCgL4+hWFL12SGPSjn9P3fTi2DTEawhLR3MIYVjkT0a10TNtVxtDZbIaIiKiOsPJxCZOKwWOtU0ohCAK8sv9wtYcyiV1w8PE//AQeefRBPPGBx6GUgmMXkEgmi+7mLISIapZGC5cCGa2VmBXAZQe47CpcdoAb/mxHqV0HR4BztsLDXRruaAWUknBtG4ZlIplIQmNDGqJZses1EREREVE8MHxcwlyhINlgpmZJKeG6Dgo5GyeOnq72cKb1L99+BsePnsavfeS9WLV2ZdTNOQhgJZIwzdnvfkzTxD9fdHGyEIWOubBCg46R4QD42mWF03ngoU4N3cmokjQMQliWhUQyyanYRLMQSsHg3whRbORPH8C3D2XhjD/9zOPAV5/GgZmvEV2umejduRM/u2HqFG0iIiKKP5bOLFGeUPDZYKYmhUEA17Hh2AUoKfH97zxT7SHN6sLZS/j4H30Szz29D5oWhaae68AuzD4V++VBgR/eAC45SzN4nOhQFvibcwrPDwESUXOdMAzgOs54h28imorF/URxch7PHZkYPM6DCnHxyGkcL/mYiIiIqBJY+bgECRVVPVJt8X0Pge9jYtZ04/ogvv+dH1dvUEWyCw7+5pOfx4H9h/HBjzyBTEMaSkk4dgHpTAP0aaYQD8SxLXUV2QL49lWFfUPA7c0a7u8ADCXg2AWk0mnoOlfHIrqVkJh+PTkiqoIAoQCARux5xx3YVfT1TuPbX72I60KiTldaISIiqnusfFyCXKHA6LF2KCnh2PZ48Khp0cdPn9mHP/wP/yU2jWaKcWDfYfyH3/1jfOPL34NjO1AK8D132n3XNPDuaTrXPeD71xWevKAwFGB0PU1n3g19iJYCwcpgoiXFu3oGp87l4N3an82+gVNnLiJr33qFHC6cOYPrWW/yduEhe+4MTl2deqxYnoOIiCjm+Op+iXGFQsDp1jVDKQXXdSCEgFJRpePnP/tP+Nhv/zE+/YnP11TwOMYuOPinL/4zPvY7f4wD+w4jDKOu1o5jwy7kkc/lkM/l0Gu4eH1ntUcbX6cKwJMXFM4WxgJIG2EQVHtYRLGiwKnXREvG8x/H1gffhjc9cg92//krN7eLF/Anux/Em978Juy+77/h5fELLuIff/0ePPTmt+GeO/81vn795lUufPkj2P3I2/CmB+/Bb37jRszPQUREFH+cdr2ECBWt9Ui1w/c8SCnh2KPTlvfFq6v1YtgFB5/5i8+js/s3sXrtyvHtE3tDvKFbQ2sC+Opl/t5Op98Dnryo8NhyDTubFbzRKlLTsqo8MqL4YNMZovjLn3wJ3ziahw8Ty7ftxJs2zb+xTHboZrLnTSwyLGTRP/a1PXHidg7XL9z8zp1QZZgdunTzm0nb43gOIiKi+DP+4A/+4A+qPQiqDFcoVoDUkLGqxxNHz+BP/u//jgtnL1d7SCUXBCGOHDyBN77lQQCAJkKYBQe6H8DK20hks1hnD2ODLGCfbKzyaG9SQkCKEEoEUCIEpISSAkpKQAM0rXJF5aECjmSBpK5hVVohDAU0TYNhcKE7IgDQocHSGT5SbSsUCmhsjM/j4HSuDwyju6Ntlj2G8NrxLGwksHzrCvSMbz+PHz3bjxEJABL5QRupzcvROef1Jkt2dqFdeEiuvR+//u63YXv3aI1FshvdHQKu1YsHfv29eHxb12j1RTPae5oB0YDb3/1ePH7/GrSMPny3tC9DixTI7HwXfunx+7G2Oc7nICKqrLnv76uvFh43lxpNsVXqkhBIhULI/+paEoYhXjt2Ch//o0/W5PTq+fjDJ96I29etnnWf78tGfDk1+z7lpJSC8BwoIaBbCRiJ5Bz7S0ApaBVsBPMzHcDP9WhQCrAsC8lUqmLnJoorU9PQaDF8pNp27do19PTMFLvFw5GTfdi+ad0se4w2jpnScOY8vvf1PlwZq/4zmnHPY3uwZc7rERFRNcx9f199tfC4udRwzcclYsqC1RR7Ugp8/nP/VPfBIwC8+NoFyDneB3mjnsdup3/WfcpBKYXAySN08tANE1ZD05zBIxBVP44HjxV6j+cnA8BXLkXnCoIAnjt9Mx+ipYStmIjibjXu29KIhAZAM7F8y4YJwSMRERHVA1brLwGeUAhZ4FpzbvQP4sTR09UeRkWcvHwDYRgiMcdahT+jhvEKuis0KkD4HoTnwkgmYSQWUUVYwfXmDowABaHwK6s1BKMNaBLJJDSueUdLVPTGBn//ieKscdMdeN+mao+CiIiIyoWVj3VOKsBj2UdNeumFV6s9hIpx/BChnLs8d7sZYrM3UPbxKKUQFHIQgQersWlxwWMVnMwDf9Gn4EmFIAjg2Da4wgYtZZK//kREREREVcPwsc75Us05nZXiyXW8uXeqExcGRiBEcSn5neFwWcciRQhvZAi6aSHR0FzR5jGldMkBPnEGGA4BKSVcx2EASUsWw0ciIiIiourhtOs6JlXU4Zpqk5RLqWS1+N/Te7QCfhjkcNlqKvkopAgR5EdgZRqLWtcx7oYC4M9PK/zaGg0rUgKObSOdyXAKNi05Epx6TVR9FkwDgMjjwFefxoH5Xt3QkSjDqIiIiKj8arOkh4ris9SjprV3tlZ7CIsipUAY+ghFEHV+nsWKtuKDRMs0sdrPLnZ4U0gRIihkYWWKayhTKnPdNovly2gK9ulCFGjbhcISC7aJWPlIFA+rcd/2ZqQX8j6AZqJ3OxvREBER1SpWPtYpVj3Wvp27t0FKAX2sY3INESKEqSvceVsvbmTzuDAwAj/wYZrTNz5JW/P7GdcrG8+XarAYCx5zsDJN0M3Zm96UWqWmdX/2vMK7VwK7mgHHLiCdydTk7xbRQjB8JIqHxg178J4N1R4FERERVRrDxzrlCgWTUytrWu/KHnR0tmFosPRVfuWklMK6rmb83mMPYXl7G0zdwIht44vPHsDXXzwMw7RgGtaE/SXWL2tHco5O1xNth13SMQeFHMxUuuLBY6V96RLgCeDedg2B4yKdSTOApCWB4SMRERERUfUwfKxTGZPBYz14/OffgL/9m6+iltYqa06Z+L3HHsK6ZcugjwbgXS0t+OijD+OB7bfhr777LE5dvQFdN6AAJAwNb9m7BYl5hI9NuoZeP4uLieZFjzf0HCgla66j9UJ946pCoIC3LNMA30E6k4FhMICk0hjL+Cb2NlITP6uJ29Sk1V6Vmrz//I+HaY4XnYNvxhERERERVQ/DR6IYe/StD+NvPvXlmqpOe+sdm7Gyo2M8eJxo55pe/LffeA+eO3oKT716AkopvPPeXVjd1TWvc1imidv8odKEj64NM5le9HFqyXevKQRK4rHlOmzbRiqVgjWP8Jeqo1zBHtRs4d1sYaCacjkREREREdGtGD4SxVhzcyPued0u7HvxSLWHUhQpBW5fuxKpxMz9KHVNw89s34j7tt2GMAxhGDqMBYSrK6W7mKECAJQUkEEAo6lt0ceqNU/1KwRS4p0rNDiOAwBLOoCcLdgb/1pNjtvmDAMnXWe24003BgZ7RERERERUHxg+EsXcjp2baiZ8XNnRjN7O9qL21TVtXlOtb7UG3oKvO0YGAYxkCppemaYvcfPMDYVAAk+s0uG6UZhbjgByfkFc6YK9aa+DaF3SW7cRERERERFReTB8JIq5Bx68E5/59FdQC+s+rulsg2lWZop4ly6RliEcfeF3YyLwYFgzV2kuBT8dVHClwBO9Oty8jWQqBSuRmLkqb8I3s62zd+t2IiIiIiIiWpoYPhLF3IoVPZBS1sS6j53NDbCMytytGLqOZUEefcnWBR8jqnxcWus9TufAMOBJiSdWavAdF2YgkEwtjQY8REREREREVF5Lc64hUY3ZuXNztYdQtEp1TrZME8vC/IKvr6SEFCF0dnoGABzNAn93QUEphSDw4bmLX1OTiIiWDl3XIYSo9jCIiKiMhBDQl+iSVbQ4/K0hqgFSymoPoSgnL99AGIYVO1+XXPi6j1JE49RqoKK0Ul7LA585B0ilIQgCBpBERFS01uZGXL0+yACSiKhOCSFw9fogWpsbqz0UqkGcdk20APNrhqGmXn7LmnkTt0+3zl7X8i4cO3ZmscMuu4sDWWQdB50V6prcsYjwEVIu2UYzs+mzgU+dU3j/Kg2ADwCcgk1ERHNa3t2BK/0DONl3sWbeNCUiouLpuo7W5kYs7+6o9lCoBjF8pNhZTGdc4GYgOG2zjGnCwqnHnO461W2g0d7ZVqUzz4/tB/j8T17Bbz/6YEXO16MtvLpCKQloDB+nc9EBPn1O4ZdXaWhBACklUuk0NC3+TY+IiKh6lnd38EUpERERTcHwcYkpNti7+UkVHewVf8zpu+OyM+7MVA3dOP9y8BR2rFqGh3duKvu5OuFDw8JCYaUUw7RZXPOAvz2v8Iu9QFcyhGPbSGcyvM2IiIiIiIhoXhg+1oF8MM203rGvY1C1R3ETNRSRcrRqUNOg6wZMwypZsPSX33sBG5d3YWWZKzYtw0Rb6GDQnH/Hak3To+pHmtGAD3z2PPC+VRpWpiQDSCIiIiIiIpo3ho81zpcKYS2VxVHVCSHwlr2bcedtq9CSyaB/OIcfHX4Nz588B8tKQi+qAYuClGrGTme2H+DLz7+K333bQ6Ud/C00TUObcBcUPuqmBSUEFNd+nFU2BD53XuGJXg3rMgJhGMKq0JqeREREREREVPsYPtY4jw0Fl4RSFprds7EXv/LwXWhtbAIAbFsNPLxrCw6du4g//dL3MOIEMI2Zw6Uw9CHEzY7WmqbDMEwYxuS7k/PXh+AHARLzDKqkUgjDsKjrWWZU+QjMv8JSN01oug4Z+jASbKgyG0cAf39e4T29GrbqPsNHIiIiIiIiKhrDxxonWPW4JJRymuudt61Gc0PjlO071/Tik7/5BP7ki9/Fq2evwjSt0crG6NxSCoRhgJ1revBLD96B1V3tOHd9CK/0XcI/HziG4YIDw7CgaToABT/wEIjiQsSJPN+HMY9KxLbQndfxJ9JNCzIMYSQWfIglI1DAkxcUPrJOYF0iYABJtYUrBRARERERVQ3DxxrmSwaPNH+OH0CfIcxsyWTwnz7wTnzlpy/ji88ewFDeGb8slbDw8/fuwjvv3YWWxibomoa2pmbsXr8Gv/L6e/DV51/Bd146iksDI2hrTOOJB/YgYc4/oArCEEai+DSwU/nzPscYM5WGn8/BTGdGQ1Oay/4hoDfjMXykmsK/biIiIiKi6mH4WMN8TrleOkpY+Xh1KDvnPu+8dy/edudOnOsfwMWBIUgpsXtdL9KpJDLJqVOUDd3Au++7A+943W64vo8gDJFKJGGZ87+L8cMAqXmEj80qnHunGRiJFHTDhnAdmOmGBR9nKdk/DNzZJln9SDWFPZKIiIiIiKqH4WMNY6OZpSOTKc2ahGHoY+Oy9qL2TVgWNq5cho0rlxV9fEM30JCaf/OXMUopBGEIcx6hZQaLS+GNVBqhU2D4OA/7h4CVaQ+mabLzNdUEVj4SEREREVUPn4/XKE65XlpWr+td1PWVUggCF3dtWIm9G1aXaFSl53geEqY147Tw6TRri/tbMJNp6KaFwM4v6jhLyf5h4JIj4boOFN8EoRrAjJyIiIiIqHoYPtaoQFZ7BFRJt+/dASkXXuFnQOBdr9uF33nrg2hrbi7hyErL9T2kknNPuRZSwA8COJ4HK3Dm3H8uicYWAIBfmHtKOkX2DwEiDOE6i7/9icpNY8cZIiIiIqKq4bTrGhVWofLR0jVYOpDQa/tFnFJR5agnAVlDVVubtq7HqRPn5n09IUJ87F0P4/Z1qxY1JbrchBDwwxCtTVE4GgWMIUIhIKTAjXQzhswkBhMNGNaTGDaSGIaFYaFjkTOvAQBWphGha8PPj4yHkTSz/cPAhgZge3MIIQQMw6j2kIhmVOMPW0RERERENY3hYw3ypUKlIzNL19Bg1serN00DkoaGpAE4IeDVyBT2B3/2Ppw8dga6Pr+QZ/f6FdixemWsg0cAyDlO1GimtQVBJo2v5ZMY1BMYViaGhY7hYHRHhShsLEPDJTOVgfA9+IUczGQK+gK6dS8lX7gE/KKuYbvhIZ3JVHs4RDOqj0cvIiIiIqLaxGnXNSis8JRrQ6uf4PFWSaN2fq43vfX1aG1vBuYZPa/pbJtX9+hqEJYF83V3IvnmR+Dt3AZndS+uJBrxipPAWXdC8FgBRiKJRKYRwnO5DmQRnh9UCMOo+pEorl/yGH4AACAASURBVFj5SERERERUPQwfa1Cl13usoXxu3nQN82puUm0f+I0nEITzT+ISVrwr+MTG9TBaW8e/dwKBS9VcSlDTYDU0QTct+PkRCN+r4mDi7UwBeHkECIMKJsRE81A79/BERERERPWJ4WONCaRCpSdd13vFSC39ePc/dA/e8Z5HEYQ+iq2AlDLe3YlETzdEe9ukbZcLIbJhlQY0gZFIItHYDBkG8PNZqJjfltXy/CBQ8PzY/67R0lRLbzAREREREdUjho81ptJTrgFA1MaSiAtWS01nAOCXP/QevOmtD8H3PSg1+y+EUgor2poqNLL5U6YJf8PayduUwmUnTv8nGqxMI8xkCoGdQ+jGuLtzlX6Xr3nA84MagsCvyvmJZsPokYiIiIiouhg+1pigCtlCIBW8Ok0ggyo07ymFD//uB/G//f5vwTA1BIELIaaWCUopYBgS63raqzDC4vjbNgP65LshKSXOFOL3v6JbCSQaW6BpGoJCFsJzqz2kqTQNwvcQOoWKn3r/sELeDaBqLMyn+sfCRyIiIiKi6mL4WEOEql6VniMUghrpCl0sVygUwtr9me5/6B781ZP/H375Q+9BS1sjPM9GELgIAhee78C0dPy7/+f3sH7rpmoPdVr+lo2QzVOrMkUY4oxdhQEVyUimYDU0QymFoJCLXQhpJJJQSsEZvAZZwUrE4QA4lFUQYQzmyxNNwCc6RERERETVpSmWqdQMTyg4Va5A1DVtygu5a67EyowOS9dqpjmNGv1H4ebKiVIpBBLwazRkPXWyD4cOHEEhb2Pnnm24fe+O6AIpkTpwCJoTn+nC/sYNED1d017WN1jA/zhVO52TZeDDt/NItcSrwtTLDkH4HgwrgWRzW0XKv9ZmgA+t1dHQ2Fj2cxEVK2VoSNXKgxPRDK5du4aenp5qD4OIiKgm8HEzfsxqD4CKF4eZz1IpTFxlMGVo2NBkVG08C6WN/jPx5aihabB0IKk05CrdUrwEbtu0DrdtWjf1Al2Hu3cXEsdfgzEwWPmB3cLfshGis2PGy8/ka++2jyMr0wQZBhCBD3vgGqx0A6yG8q7/edYGTuUVdqQFDKP27heoPjF3JCIiIiKqLs5GqiFxCB8n0jUNiTpshW1oQINZZ38amgZ/6yaEvSuqNgSVSsG7fceswaMQIc7FcL3Huei6ARkG1R7GJLppwsrcDBsDp4DQK3/166sjCr7vlf08RMUyuOgjEREREVFV1VnCUr+kAkTMZsibGlCH2SMAwNKjcLXeBGtXw9+6CSphVfS84bIeuHtvh2yafTpuGIQ4G5/Z4UXRrQQSTS2QIoRv5yq6zuJczFQaRiI1/r2fGyn7OQ9lget2CClZwUrVp6F+H6eIiIiIiGoFw8caEcYseATq/wVdvf5xiI52uHfuQbiy/FWQKpGAv30LgtvWFfULc80Oka/RfiVmMo1EpikKIGNUBWmlM5O+D+x8Wc8XKuDVESAM4nMb0NLFqkciIiIiouqr13yl7sRtyjUQVWPWs7qu29J1BOtWw71zN8IVy0rejEQ2ZOBvvg3u3Xsh2lqLvt5Zu3Z/qdRopV+ioRl+bhiIyRsGupWAmUqPfx+Fj+Ud26EcEMQogKWli+s9EhERERFVHxvO1IgwhklYIKMAsh4rIAOpIGMSHpWTSqUQrF+LYM0qmNcHYFzrh55bWGWcsiyIrk6Iro45p1fP5IJnAKix0kelEHoudMOApiegmxbMdAPckUGkWmde37KSzFQDQs8dD0T9fBaJxpYp+4WuDTOVmbJ9vq57wCtDEncnAlhWZaf4E01Uj49PRERERES1huFjDYjjeo8AoKDgCCBjaKUunKsqTyg4cSw1LSfDQLisG+GybkBIGNkstHwBum1Dc73oY3QarTIMqGQCKpmESqcgGzKQTU1QmfQcJ5nbsF9bt7sSAr6dgzc8gOZVG8a3m6kMlJRwhwdiEUDqpgkrlUHgFAAAoevASjdCm9CROijkoJlzPyQUG1AeygJ72xk+UnUZTB+JiIiIiKqO4WMNqHYOFi3Yr2G6l3BKAWfyAiszOixdi/0UNzX6j5r4/ehnpRQCCfj1Pp98LoYeTZWex3TpUlmeMXA6Jyp+3oWQgY/+Qy+ga8fdSE4IHsdYmaj60x0ZRKqlvdLDm8JMR9WPSka3r58fQXJ0XML3EDgFpNu7Zz2GnxtGoqm434uTeeBcPsSmlISuc4UPqo64PyYRERERES0FDB9rQDWbzSQNDSl99srGRsuY+cKY0QC4UsGtdqJL03rnmhSGPIkjw/Geei18F6HroPv2e6EbM9+NWplGwM7Dyw4h0dQKrYolwpquw0xnEBRyAAAR+JCBD91KQAY+jEQS2iwhoZcbgplqmNc5j+aAdS0+ksnU3DsTldhMb5oREREREVFlMXysAaJK6z2amoZ0HZaNpEZ/JgaQ8fShTRn83WkHBwbi2bAkdG0oKZFsbitqfyvTCOG7CPIjMJJpGIlkmUc4y1hSGQjPgQyjcNfPjyDV1gVoGoxZAkI/PwJN02FYiXmd73AWeL0bMHykqqjDhy+imqNiuGwQERHNTzULKKh+cC5czClUr/IxZdbvnYzJdcBi7Vc2pLG3I35rBQZ2DppujE+pLpaRSMFqaI5CSHthDX1KQtMmVS9KISA8F2YqPWOw6BeyEIGPREPzvE83HACHcwpBEM8gmeobw0eiylJKMWwkIqpzvK+nhWLlY8xVq+oRqO8XbvX8s9WLd61NoS8vMOTFo9W7nxuB1dAITV/YMgOariPR2ALhufDzIzCs5KzVhuViptIQngMR+AAALz+MTMeyafcN7DxCx0aypQ0L7Sp1JAvc2e6z8QxVHO/niSpHKQVN08ZflN76wpQvVImIas9YxePYffjY92P396yIpPlg+Bhz1VzvUakF5w2xx+fA8Zc2NLxvXQqfOG5XdRxKSgjfRaKppSTHM5IpGMkU/NwwpAjnXUVZCmY6Mx4+QgGhU4CZnryeY+jaCOw8Eo3NMKyFTxU/mQfO5wU2svEMVZhRrw9gRDEz9qJUSonjV/L49DMX8GLfCLwgHm8eEhHR4iUtHXeva8GHHlyFLcsbGUDSvPGVYMyFVXzeFtRx1+dqhrpUvNuaTdzVWdqKucSFPiQu9MHqv1LU/kpKmKlMSccAAImmVsjQR+AUSn7suRiJ1KSqS7+QG++CDUQNdfx8FlZDU0l+9sNZIPD9RR+HqFgaAK6uQVR+Y8GjUgrHL+fx4c8exo9PDjF4JCKqM14g8eOTQ/jwZw/j+OX8pPt/omKw8jHmqvnUzREKyTqdt+aKufeheNjRZmHfjYWtGah7LpKnjiL52jGkTh2dcrlMpuCvWg9v41Z4t22DnGYatG6W727SyjTByw5BN615N3NZ9LlTGQjPHf8+dAqwRtd1FL6HZFNryaaFH8kBP+sHSKbYeIYqQ+e78ERlN1bxIqWEUgp//fR5ho5ERHXOCyT++unz+LMntgIAdF1nBSQVheFjzMkqv5Mw7EukDA2WrtX8+llCRdWc7HJdW3a2mdjQZOB0rvjE2BgZQuNPf4D04Zdn3U/3XKROHUXq1FHI5Ldg33E/7DvumzaELAfdtGBlGhEUctBb2iv6oK1bCZipDEI3mtYeODaMRAq6lUCisTRTzMcMB8ChEYXXpQOu/UgVYXJeB1FFjK3vKITA/rPZag+HiIgqYP/ZLIQQMAyDlY9UNIaPMRaXWc+uYGBH1fVrmzL4s8OFOZvP6J6Lph9+a87QcabrNj73FDIvPYvcG94KZ/vehQ53XsxUBqHnQLgOzHTpp3fPeu50dO6xRVAD10ayTBWYR3LAnR0MH6kyTL77TlR2E6sehRDwqrlWEBERVYwXSgghxqseua47FYO/JTHGvI8okjY0/NrGNFKzlN+mj7yMzr/6+IKCx4l0z0XLd76M9i98quh1IedDBj7c4RuQIhzfZlhJiMAr+bnmohsmrAmBp/DcSVOxS+lkHjiXDyAlX5xS+bHykai8Jla6KKV4305EtMSMvfk0hhWQNBc+PY+xak+5JoqTlRkDv7YxPWW77rlo/8Kn0PKdL0MvYXCWuNCHjs/9ORqf+0HJjhu6DtyRQeimBd24WXhuJJIQvgclKr8YqZlqgKYb498Hbvka4BzNahBhOPeORItgahpY90hUfhObDTB8JCJaWiaGjwweqRgMH2OMT+OIJltheni48+b3jc/9AJ1/9XEkLvSV7ZyNzz2FjhJUQYaODT8/AiORnLKmYhRGGhBh5TtCa7o+qfpRBgHCMnXgPpwDPJZ0U5mx6pGossbWfSQioqWD9/00X3yKHmNxWfORKA58z4MUAvc3uOjd9wN0/48/QuNzT5W02nEmRv8V9HzxU9hy7LkFXT90bfh2FlamEcnmtmn30RNJyKDy4SMAmOkG6ObNtRgD14aSpa/CHA6Ao1m+rULlxfUeiSqHVS9EREsT7/9pvthwJsZYIER0UxAEOPPyUfzwM19GaLsVf+ckdFwMf+tb2HauD8df/66iO2KHngMASLf3zNrN2ko3wMsOQXgujAp1257ITGXg50cAAEoIhI4Nq6Gp5OcZDkp+SKJxuqax8pGIiIiIKGb4FD3GuOYjUUQKgevnLuG7//NJeHb5Kx1nM3j4KHq/9CkYI0NF7W8m0zBTmVmDRwDQdAOp1k4EbgGha5diqPNiptIwJnS6DpwClCj9+oytCT7sUPnM0pOKiIiIiIiqhK8CY4q5I9FNSins+6enqj2Mcf6VK+j+uz8vOoAslgwDpFo6IDwXgZ0v6bGLYaYbJn0v/NJ34G5JGnPvRLRADB+JiIiIiOKH4WNMVb7nLVF8CSFw+WT5msoshHJd9H7zyZKtOekXsgjsPJQUSDS1Qvju+JTtSjESyUlrP5YjfOxI8mGHysfUmT4SEREREcUNXwXGFKdcE93Uf+5y1adbT8e7cgXbjj2LxeQdMgxg37gKTdOQaGyGphtRB+pME4JCHkpU9q0IM5ke/1oEfkkbz6xt1NGZ4sMOlYehaTCZPRIRERERxQ5fBcYUm80Q3eTmKz8FuVi5557Dry4PsKVl/v27QtdG4BSQau2AlWmCpt+ckmwkkjCTqYpPvzaSKWDC+pQlq34UIR7o5EMOlQ+nXBMRERERxRNfCcaUZPhIBCBa7/Fa38VqD2NGnu3CO3IEv7E5g8dXF9mlWil42UFohoFkU+ukqc4TmakMhO9CBn4JRzw7TdcnT70uwbRy7+I5XPn0f0fu8IFFH4toJuxyTUREREQUT3yqHlOsfCSKBL6P3MBwtYcxq4vHTgMAHlqWwEe3Nsy6rwx8iMBHsrkdhpWcdV/NMGAkUgj9yk45nxg+ygVOu/avXUZu/7Pof/KvcfkT/wneudM4dOB4qYZINImGaNo1ERFRXNy5rhVv2NqJTILN9oiI5j9PkCpCB6DzhRQtcVJKCN+LXbOZW+UHhmCO/r1uaTbxkc0N+IsThWn31a3EvI5tpjNwhweQyDRNmg5dTrox4aGhyPVn/SsX4Z3vg3uhD96FPgTXr908nm7ANBO4cPYSNCFgmHzoodLjtGsiIirW7z+2EW/f04Njl/P46GcPwfZLu8b2o7u68e/fugHphIGvvXQVf/rNUyU9PhFRreErwBhSAKBFlRwaorxh8tfaNNuI6k8+72Dg1FncOH+l2kOZ1cCFK2i0bv4V3tVp4uyIhu9eXXwJ81gVoggDGPMMLhdKM26+Q2+mMtPu41+5CPfsKXgXzkZh48D1KfvougHDsKDrUZH92TMX0WBpMNkVhIiIiKpMA9DVlMC2lU3Y31faWTa2L1DwBJQChu2gpMcmIqpFDB/jSAHhrIs+znzZpGCSASbVMMdxIITA95/8ZrWHMif3lk7cQghsmD6zqwnCdca/Hut+7V+5CPfMyaiy8XwfwuHBSdfRNA2apkPXdWiaMR443iqbzaO9vbV8gyciIiIqkW0rGrG2M4OzN2wcvTy1CeC2FY3obU/jlfNZ9GdvNun70fEB/Oj4QCWHSkQUawwfY2gxtVIK6uYsyVkPxACT4svzPARBgP3few79Ma96HOMWHKQaoqBO13V8/UrtLtwaeg6C/isILp1Hvr8f7oU+iOzUigBdN6AbBgzdQLF//dlsgeEjERERxdqO3ib82zevx/aVTdAQvXI6cimH//LdMzh8MYd1XRl87K0bsGdNCzQAfijRn/PR1ZTA5569iNdv7cBt3Q2wfYG/f+4SPvX0+fGp3q9eyKK9wUJve/S88cXTw/jYPx4r+dRvIqI4YfgYQ9WOLBhgUjVJKeG6Lg79+GU8VQNVj2PGgkcAGPCBC84sO8dY/thBXPn8pyALeZhmAroeTcG+WdV48/NCZLNTqwaIiIiI4uTDD6/B9pVNGLEDvHI+i92rm7FjZRN+8w1r8FufO4z339+L3atb4PgCr5zP4rbuDHrbUnADibwbou+6g5VtKWQSBvasaR4/rgbg9lXNEFLBDyWSpo6dq5rw6O3d+NK+2njDnYhoIdjtOoaqHT6WgoKCVApCKYRSIZAKvlTwhIIrFByhYIcKhVAiH0jkAolsIDHiSwz70eesr5ANFHKBQj5UKITRdZzRY3giOmYggVBFHcKlqo/bbykLwxD9F67iB/9QO8GjvKUpSyGs3d/Cwae+CVnIQ9N0WFYSppVEIpFGIpGCaSZgGOaCg0cAECHf1SciIqL4emBTOzYta4CUCt862I9//4Vj+NbBfgipcFt3A955xzLsWtUMXQMOnBvB7z15BN94pR+BiF7/jNgh/q8vHcfVYW/a41/Levg3/3AUf/DVk8g6ISxDR0djZdb1JiKqFlY+xlCRzWXrmkIUYGIRFZhRJaU2XlU5bROf8W2swIwLpRS+8l//bso6inGWTCcnfb+20Zhhz4XRdB2QsqTHnI5/9RKCi+dhWSmYpgXTLP0TYcMo7W1DREREVEpNKRNJS4dUgBtEz78GCwFCqZC0dCxvTSFlRW/EDuTn30zG9gSePz2EO9e1wgsl0gk+NyKi+sfwMZaYPpaCQhRkTdow695TMcCsvPPHzmDkxlC1hzEvPWtWTNm2pkHHuUJpAkPNMCClQLmfmuZffn58mvXYZyIiIiK6ydD5DJ+IaL4YPsYQo8f4KEeAOTGUZIA5Da32fuJl63qnbHukR8d//sRXYHV0werogtnZDbN5/o1WZOADSkE3yn93XTh6EMDY+o7lCR8bm2q4DTgRERHVvZwbwgui9RjHKhzbGyyYugYvkBhxAoQieoO5o9ECADCPJCKaHcPHGOK06/pSzgBz7GugfgJMVYN/ABt2bJyyzT95BCPPfG/SNquzG1bXMlhdPbA6uucMJYNCDkpKpFo7yzLuiQqHDyAcvAGgfFOjW1qasH79qrIcm4iIiGi+Ohot/NkTW8e/D4TCP/z0Es4NONi9uhlv3tmF7uYk9q5phqFrOHPdxmd/chG7VzdjeWsKd61rxT/+1h3obk7AMjQEC1zamuElEdU7ho8xVHvRC5VbJQLMSUFmFQPMletXQSoFvQoVkFJKCCmgABi6DqOI6j8hBTbv2T5l+4njfTDNBJSSUEpBKYngRj+CG/3Ascn7Go1NsDp7bgaTXcuAMIBz7TKSK3qR2LKrRD/hzOwjr4x/Xa6qx917ts69ExEREVGZXR3x4I12m85MWHNxxAkxkPfxlz88h3/36Aas68rgke2dUADOXLfxlz88BwD44otX0NuexuqONNZ0ppF3Q0gFhELBC4tbdsf2QnihhGloWN2RLsePSUQUGwwfY4jhI5VD1QPMCZfNpqG5EYl0AqE7/wW8F0oqBT/wEcoQnW0tSCVM9A+NIPBDJK0EtFkG3rWiC6mGqU8Yz5+7DGPaqdJqNIxUkFJCKQlZyMPN5+CePTVpzyDw0P7I29FY5vBR5LLjU6513VhUN+vZbN22vizHJSIiIpqPTz19Hp96+vys+zzxiZdx57pWdDcl0J/zsb9vePyy504N4bk/fwn3b2yHF0rcsbYF77+/F14oMeKEAID3fuLlScf7j19/Df/x66+Nf3/0ch4f+dtDWN6SxMEL2RL+dERE8cPwMY6YPlJMVSrA7F69ApdPnitqTFJKKKiiqhRnur7tu7h3zxa84Z5daEynYZomXN/Dt5/ehxcOnkQmOfO70ctX9ky7/eqV6zNcQ4t+fm1qheFYhaRSMrr1NMC/WNztsBiFQy9DBT6A8jaa2bKF4SMRERHVjomB40SP7enByrYU9vWNQCmFu9e3wjI0DOT9Ga8znf6sh/6sV6rhEhHFFsPHGGL2SPWsmABz5ZbbZg0fAxEiFCGEvLmwjqbpSJoJmPNYrzAQIaBJ/KtfeBO2b1gzKcBMWhbe/aYH0N7ahO/9+BUkrcS0x2jvap+yLQxDDA/nix7HzZ9Bg6YZwGhfa13TEVwof/hoHxtrNKOVLXxcsaIbW7YyfCQiIqLa98j2LtyzoRUffODmWtY5N8TXXr5axVEREcUXw8cYYvhIS13PLE1J/DBAMmli76b12NC7DKtXdKEhncahU2fxrR/ug+N4c06VBqLgsakxhV94889g67rV0+5jmSbe+Lo9uHxtEMdOXZo22AxvOY8QArZtw3HcIn7S2QkRovHOBxZ9nNl4F8/COX0CwNiU6/Kstblj56ayHJeIiIio0j75g7M4erkDG3sa0Npg4bWrBXzv8HW8dHak2kMjIoolho8xVIPNfolKKtPUMONl63q78avveCPSqdSkpjSv27kVO29bi289/SKeO3AcKSs5bViolIIfBmhpzuDD730zetqnVi5OZOgG3vvoQ/h/P/MVFPIedH3yeoiBpiMXqNGGPAqObeMf//6bkHJxf8hChDA7u9Hx9vcs6jhzKbz60vjXul6+h4RdtzN8JCIiovpw9HIeRy/Pf5YLEdFSVZ6uArQozB5pyZvlj+ANr7sdDen0lG7YuqahKZPBux75GXzo3Y/ASuhwfBeBCCGVgpACfhjA9l2sWtGJj/7i2+YMHsdkkkm8++fuh24CQRg1wpFKwQ08rNqzFa7vIVQKrh/gRz98Ed/42g8W/KOPkVKgYefeRR9n1nM4NvKj4aOuG1OC1VJi5SMREREREdHSxMrHGGL4SEudEGLGy7J5Z9brWqaJ2zdtwNqVy/CdZ/bh0MlzyBVsWJaJno4W3H37Ztx7+zYkLWteY9q6bjV+91fejs997SlcvDYAANixcTW2pFMYcV0YugEhBL745DfmddyZSCWRWrexJMeaSf7V/RDZaFF0fR5rZc7Xtu0bsGxZZ9mOT0RERERERPHF8DGGOO2alrrlG9bMeNlPDxzHPbs2z3mMloYG/MLPPYC3P3wPHN9H0rJgmSYSljWlarJYyzo68Nu//BhOn7+CdCqJVcu6kBwcgteQhqPr+N43n0Z2AY1mpqOhPGsvTlQ4uD86l6bDKOOU651F/H8RERERERFRfWL4GEOKtY+0xGWaGxEKMe2ajf0DI7gxnEVna/OcxzF0Aw3pNBrS6dKNLZnCzo3rJm1rv3wV/akUfvLD50tyDqUUlJIw2zpKcrzpOK8dg3v2FIDyVj0CwKbtm+CIaF1MDYCmjX5G9MWt24mIiIiIiKh+MHyMIQ2cek1LWxD4aF3Rify1oSmXSaXgeF4VRjWZUmq8M7QuJDouXEL/6HTsxZIyRGrdxrKGj4VX949/bejlCx+bmhuxcdtt8MR092pTt0UhpDZtIKlNE1QywCQiIiIiIoo3NpwholiRQsB1HKx98H4IOXXtxyAM0NnWUoWRTabdMnXbcj387pvvL8mxhRRouqs0x5pOMHgd+dHwUTdMaFr5Hgq27tiIRDJR9P4KUcAslEKoFAKp4I9+eELBFQqOULBDhUKokA8l8oFELpDIBhIjfvSRDRRygUI+iPazRz+c0WN4IjpmIBUCCYQKEAqQim/+EBERERERlRIrH2OJtY+0NAkh4NgFXHWBn6zYDaPlx2gYGRrvwhyEAfZuX4d0ovgwqxykUtOuG/nI7Zvw6rkrGEhm8KHf/gC+9oVv4l++9dS8jh2KAK2vfwsad99dquFOUTj4ElQQde0uZ9UjAGzdWfn1HhWiytRJG+a8xmTTVWACt1ZdTqy01GbYTkREREREtLQxfIwhTWPTGVp6lFJw7AKGfOAzFzS4VhrGY++D9vefQCIMIKVE2NGBNzxQvlCu2HHO1rDmAx96L0Za2wEAP//et+FG/w0c2Hew6ONLIcre5XpsyrWm69DLHT7uKO/PUi6VDjCj7QwwiYiIiIio/jB8JCohDYCpazDqIDEQCghkZVJwpRTsQgFOqPC/LmlwR2dbi+Wr4PzyRyG+9xWo7l44b34Hvggbv6MuVS2UUVAzdqIebO8aDx7H/Kvf+VX81z/9n3jt2Kk5jy1EiNTGrUit31SSsU6n8Op++NcuA0BZO1wDQO/qFVi7flVZzxFn5Qgwp1vfctYAc8JlRERERERE1cDwMYb4OrE2mZqGjKlBr6P/wEAChbC8AaRSCrZdgB1IfOaChqvu5MvF8lVwPvCvAUR/G6+gEX+LZfigulrWcU0nCENY5sx3m94MXbV/7//4LXzuL5/EC8/un/ZyYDSkymTQ8fb3LHqcs8m/+hKAKNAqe9XjztqseoyTuASYY9chIppobP1jTdOQMDX4ZX7OQERE1ZcwtUn3/0TFYPhIVAIagAZrpnq42mXpGhpNDflQlu0cvudBCoGvXp0aPM7kx1oLOhHg7ao03aWL4fo+UrOsNRmaFtxUZsbL3//hX4JtOzh04Mj01w99tNz1BlgdXYse60y8i+dgH42mgBuGVfYnC9t2VH69R5qqkgHmze3ajJcRUX3RtOhF6J7eDF44W6j2cIiIqMz29GbG7/uJisXwkagELL3+gscxpg7omgZZhoVIlVIIwwD/64LC8cL8bsGvap1IQOHn1GDJx3Urx/OQnKPJzUhrO6Q+e9fo+x++d8bwsRKy2QgOWQAAIABJREFULzwDADAME4ZR3rv/js427LlrZ1nPQZVT6gATmL5xz+TLtNGlLBY1dCIqE03ToJQaraTX8b47O3Dggg1fsPqRiKheJQwN77uzA7quT6p+VGxaQXPgU/oYqtcQq57V01Tr6ZTjjkIKAbtQwD+eLqAwmMUe9zp6wvlVTHxB68KfaauQLeP7KLbrIplIzNpkxkumpqz1OJ2de7bjztftmbJdKQmlFKzu5Ysa62yc0yeQf+mn0DQNhmGV7Txj7r5/L1LpZNnPQ7VDIeoUL0Y/QqkQSAVfKnhCwRUKzuiHHUafGTwSxdPEapex8HHriib8yduX447eJBL1sPg1ERGNSxga7uhN4k/evhxbVzRNCh8BTr+mubHyMY40FFFVQnFSob4sVVPqSddSCNh2AQhDPGz3Y5tmR7/3EhgqCHxfa8Oz6WXwtLnvoo5qGfyf2jp8UF3FHSpXsjH6QQDH89DU0DBr8BhYCVzvWQFV5APuBz/6fnQv78a3v/rP49vC0EfHY+9Fw869ix73TLI//REAwDDLP90aAO6+r3w/Cy0N6fIuSUpEizRW9Ri9qWXAsixs723B73cmEQQBwjCEEILVMET0/7N35/Fx1ve96D+/Z5td+2LJm2TZlvHGEpvNkGBSCgkJJC/CaTlJTm+atkm6HHKaU3L7um3uyXLuuWlOF3JvSNM2NyctaZLSFgIkQAgYs5hgHNt4wRbGljftki1p9plnuX+MZjySZkazb/q8Xy+hmWee5SfLHvF89P39vlTD4u/xiqJAVVXY7XaoqgpZlhM/A+I/D4gyYfhYhfjPtvbEukLX53fOsFDUKdemYcDv90MYOppPn0e7MX+hx2ZVxv2YxW7fJB5VV2PA3rrkOQOQ8C3RjR4RwvusadxoeWHLMzI1TBPeQACqLKPR7c68r6xgtHs1IlpuFX53f/QuGLqB5576BQxTh9LWCc8Nt+Y13mz4jx9C4O23YtOtS9zhGgA2bdmAq7ay2QzlTxYCar2XlBPVgeTwUZlryCZJEqLRKEzThGnGfhYzgCQiqj3xQFGSJEiSBFVVoaoqFEVZFD4SLYXhI1ERWABChgV7nU0zMi0gUMTOlbGKxwCUYBANF0eghNJ3mGmzafi98Dn8HZBVAAkAZ2HHWbECe51deLA9BNfUJGR/AMJMH0RakoSox42g3QZ9bAxaKISGJaodAcCUJFxc0wtdyW8K8z33341QKIwXnn0R9r7SNmaZfX1v2aZbA8ANu1j1SIVx1Nl7KVE9WljtoqoqJEmCLMvQNA2GYQBg8EhEVMvi7/GyLCfe41n1SPlg+FiF+E+3NoUMCxETUMVcAxqxsHlCbbCAubXYgPN+A6ucMpSkHyiGBVh5rAtgzK3xqASDaD5zHmLupiQTp82O3/QP4v+2NWY1BRsAtjYreGCdA5bsgW9FrHO0HAhCCochRSIQugFTU2HabTBtNoQFEAwEAQgYDa3oungOUjCY8RqWEDjXu3HJBjOZhEMhbPvAHRjt7IG37+q8z7MU74F9CJ15B4qqleV/DOwOG65n+EgFUCTBtR6JasTCG8/4zallWYkPIiKqbfGgceFH/DWibDB8JCoi07IQtoDwgkUg3YpUMzfTArHwVJWATY2p3yL8enyqeXYsy0I4FMwpeIzrcDpwm/ccnmvoW3LfnW0qHljnWLTdcDpgOBdvNw0DIb8PpinBMGPfoKmOFVh5bjDtNaKqhvM967Mef2oWgsEATgW0kgaPlqFj9vU9ZZtuDQA33boTrW3NZbkW1SdWPRLVlngAGQ8dgcXVjgwhiYhqz8JgcWF3awaPlAuGj0QlVkvBY7ZcikDIiFV7ZiMUDMKMRNB8YSSn4BEAJCFwg34Zzy2x30fW2PHeFVpO57YsC4ZxJXgEgJDmwExTCxqnLy3af6apBZPtK3K6RirhUBjjIQPnjdzGm6vZ119CdHQEqlq+rtPve/9NZbsW1R9NEmD2SFR7ktf8Sq6ISd5GRES1Kfk9PF7Vzvd1ylWdRSL1gf+O64dWx9MH7bLIaip5JBKBEQ6h+cz5jGs8ZtKoSlgbmUn7+gPrHDkHjwBgWZgXPMZdbm2HKc9vtTu+YmVRgkcACEfCOG/YMGOWrp2v4fNi5pUXICtK2f7nYMeN12ATG81QAept3Vyi5SQ5dCQiovrE93rKFysfiUpIrdPgMU4SAkaGqVSmaSIcDMIzPAYlmF/wCACKJKNd9+Oc1jhvu10W+IOrnFjpzC/Ei0SjKbcbkgy/yw3P7AyiqobJji4EnK68rrFQNBpFMBzGeb2hKOdLZ/b1l4CAH7JS2urKZO/7tZvLdi2qPzZZgA2uieoLb1CJiIgIYPhYlfi/afUjh2UR61IkHIbN64XjcvqqxWwoioIheX5Y12yT8NsbHHkHjwBg6AbS/YvzNzRC1nVMtXUiYrPnfY2FwuEQTkc0jBil6zwdnRzDzMvPQy1Td2sA2LRlA3bedE3Zrkf1RUCw6pGIiIiIqE4xfCQqId0CyrfaXnmZVqzBTjqGriMaDKL9wkjB15qWNIwo7sTzbqeMP7jKWVBjCtM0YRgW0oWPIbsDoRUrYcjFe5s0TQORcBjndGfRzpnK7OsvQZHkslacvO/XuNYj5c8m8xdvRERERET1qs4nhdYmTjurH1HTQqQOyx8tAEHDQqavLBqNomFkLOcGM6l812iBay5o3NqsFBw8ArGqTCtD3GEIuajBIwCEQmFcDAuc10s3FTp84Sz8+1+DJJVuPcmFVFXFe24oXdduqm+yYNUjEREREVE9Y+VjFZKEADLGOlRLTnsNNKoC7Xa55teAtCwgYlqImMi41iMAmP4A7AVOtwaAk4aCY/4o1rcIbHYqeGCdo+BzWpaFSESHmaLZTClFwiEM6jboJazxmt23B3IZp1sDwFXbNqCh0VPWa1L90Gr8fZGIiIiIiDJj+FiFylevRMXiUiTIInXValON3VnrJhBKqmq0EAsdgcyVjskMXYdjcqoo42m/bjM+7TUwEYrig+vcSx+QhUgkAsMsyqmyFg6HcCms47xRnK8hleCptxF++0hZqx4BsOqR8qYIARurHomIiIiI6hrDxyokRGztK9Y+1oZaCxeXokiAWxKYjuSfzpmmCcest+Cx6N0r4PQ4sbOIRXWWZSEcCsM0yxvQhUNhDOo2zJbwut5XXyx78AgAm7dtLPs1qT7Y+Ns2IiIiIqK6V1+pSR2RytgogvLnUur3++RS8n97EP4A5Ei0oOtbsgx9zaqCzpFKNBKBaZb3+6brUYTnplyXiv/IrxA9N1iy82fSvWpFRa5LtU2VBFQuckxEREREVPdY+VilJAEYLH2sekodh8SFzISUitBkRl+7CpaS+1uUaZqwTBO6oQMALNOEaZoABHQ9ts20yl31GMKZqIYxo3RrMfpefaGs3a3j2jtbIcssX6PcCIBNZoiIiIiIlgmGj1VKFkBhdWNUFnV871zIl6b6/AVd23Q5oXd3ZdzH0HVYsGAYJkzDgGnGPs8buIV5z2XDBHQT0SJ3sc7ENE2EwmEM6s6SXcO3/1UYE+MlO38mHZ1tFbku1Ta7LAr6BQcREREREdUOho9VijPRaoNhAfU687qg2kVPYU1VZjrbEZ2ZSWSH2XyWDRNaOAzZMKCGw5AME2ooDAFADYcgzXWYubi6t6xdncLhEEYjwFldK8n5rUgY3pd/UZJzZ6OxuaFi16bapEpsMkNEREREtJwwfKxSElvO1ISgbsGj1udNdEjP/++fZc9ubUMhxKKgPex0QpIEbMFgxmMlw4AaCsMeCMLmD2R1PZ+7AWG7I6t9iyUcCuFcWIFRojJZ7769sPy+kpw7G41NDB8pe5xuTURERES0/DB8rFJ1vJRgXTEsC74o4FQWh2i1yrCAgG7BsPIPH02XC6ZNgxSOzNsuRKyZUvwjFSUUguvshbyvnYm3oSmn/YOBAAzDgKzIUFUVipL7mo0tDiceGBrADl3FKcmBAa0ZI2px2ncbs9Pwvfx8Uc6Vr+aWxopen2oLp1sTERERES0/DB+rlCTA2scaoVsWvFELkhA1vwSkBcC0rIL/3lmWhXBLMxwjYwAAWQhIUvrAsRxMSUbQmdu6iw6nE4GAH97ZGQCAJMmwOxxwOl2QpKW7gct6FF1n3wVkCdfJBq6FD+HwJZwM2nBMbsCArRmTSv5rQXpf3QMUEBIXQ2NTcYJUqn+cbk1EREREtDwxfKxSArEKsUKqz6h8LIDfqyShUBBWgwfu0XHIklQVlbwhhxOWWDowXCgWNMqYnZmGaRoI+H0Ih0JobWvPeJxkGmi9eG5eOCgA2DUN18DCdmsaocAYDlkO7Ld14B17a07jEpcmEHjztZy/nmJrbm2u9BCoBnC6NRERERHR8pX7nTiVTb1M46XlR0R1tI6OQZGrI3gEgKAj/wpDu92O1rZ22Gx2ALG1KpfScvE8tAzrVkpCwGm3Y5fDwmci5/CJmRPYGJrKekz/myuIvhW5BZalsKKro9JDoBrA6dZERERERMsXw8cqxvCRalXz+GTWTWDKJeAsrAO3LMtobGpGe8cKtLS2Zdy3ZegC7Dk0gXHa7bjZbuJ3w4O4e/Y0PEYk4/4brQBuVYP4+ic/VNEAUlFkdKzI/GdBxOnWRERERETLG8PHKsZvDtWqbCoDy0lXVERs2XXgXspSX1vj+Aics9N5ndftcOIuNYDPeE9gS3Ai7b4fQaxC0m3XKhpAdq3srMh1qbYweCQiIiIiWt6Yb1WxKstviLIWXLsGekP1NCKJaMUJHpfivjwFz9RkQedQZBl9ThUfD5zBewIji17fYXmxybpSVeq2a/jS/XfAbdcKum4+uletKPs1qbbYZQGFP8uIiIiIiJY1NpypYrHOwGxiQrXHUmT4Nm+CNjEJ29AI5FAou+NkGaFVK2G4Mq/PKIXDcx8RyP4A5EDmKd6mLGc99nzZfV40jQ4X7XzNHg/u856HbNewX7pS2XivtXhdyM4mD770H34dD/3j00W7fja6VzN8pPQUSbDJDBERERERMXysZixLpVoXaW9DpL0NztffhGxZECIeql9hyTL0Bg+iLc2INjfDUrIJCudXVcr+ALSJSaiXL0MKL14v0ZBKGz7K0ShaRi4W/bwetxvXNZgYnZjCeUcrbremsRLhlPtuX9uF7Wu7cOTc4mrJUlm1urts16Law+CRiIiIiIgAho9VTRJAoxaLIK25Ash4HaQ19x8L1pVtafdJvW3evpbFGksqmWhrM6zx+dORo+vWQu/uKsr5DZcTQdcaBHvWQOjGokpIX1gvynXSaR65CEkv/jVCre1o8nnxYT2Eb6EV91qZp3TfcfXGsoaPrHykdDjdmoiIiIiI4hg+Vrn4vVvK9R9F8h7FudLSgWXqsDNtAJp2H4ady4nR2QElKXw0WpuLFjwuZCnyovUmjRk/UKL8sWFiLKfO1rmQBbDRjCKsmbjXmoQHRsb9b+rvAbC3JGNJhWs+Uioqp1sTEREREVESho80TzzPXHTbKBY9KMaVYqEkqzrrntnYALOxAdLMLEyXE9ENfWW9vpBKs36qLeBHw+R40c8LAJaioGnmcuw6qppyrceF3HatbFOve9aths1W/iY3VN0kIeBg8EhEREREREkYPlJFCZS5qhMpqjHTVHUuDjHTP2dV59IiV22ENDMLo7Wl/Bcv0TekZehCaU4MQLPMvFreb+/pLkv4uOXqTSW/BtUehywgMXskIiIiIqIkDB9p2Ug7hZ1VnWVhKUplgscSaZgYg6xHS3JuIcSixjzVZsv2/koPgaqMQxZQ2SmNiIiIiIgWYPhIVCK1XtWZep/aCTvnEcWddq2GgiWbbg0AcpUHjwCwvn9dpYdAVUSTBGycbk1ERERERCkwfCSqA5Wo6kxfnVl9VZ2yJAEwi3Q2oHFirGjnSkUuYN7q2LS3iCNJbcOmXjQ0ukt+HaoNihBwsLU1ERERERGlwfCRiHKWuTFR6as648+zreqMygLBIoxIMg20jI3C7itdwFdI8OgPR/D6wNkijia1TVs2lPwaVBsEAIciivavnoiI8mAG4J01YGvwQOPyF0REVIUYPhJRVStGVaehCMwWMAbJNNAyNQHP7Az0SKSkU89lkd9dgz8cwUP/+DR8oUiRR7TYBk65pjlORYCzrYkobvjlw/jJ0MKtDtz7QD+6KzGglKZx9KmzeNUXfy6w8qpu3HNNeyUHVZjRQXzp7y9j40dvwee2TuPsgSG8dtSPZy8B2ze14rfv7kMrQ0kiIqogho9EVPdEAWsoSqaB7ovnYAuHYJilXfNSEiLnBtdnxqbw+BvH8Pxb75RmUCms7+8t27WoetllAZWtrYkoydQ5H753Fui3X0m6uld4YCvrKKax59vH8EX3Suz/ZKqfV1EMnvHhe7odn+pWAD2Mx54awKNHfXj0k73QyjrW4oroAM5fxF88H0DvOg03axHsOTiCN30SHn2gtr82IiKqbQwfa4BpXVmtLm3/klTbUrzA20Si7CUHjwBgmMVbNzKVbKdcHz03gn0DZ7Fv4FxZ1nhMdtv7b0JnR0tddGCn/KmSgJ0lj0SUSkMz/ubBLWit2ACi8GYzCaCjFZ97IBZOfuKF/Xj/qxPYM96LOztKO7qS69mKR/6P+BMdO7//S/z++VkMA+ip4LCIiGh5Y/hYAyQBBHQLulmaW/rFt4+pq6/S3WaKFE9yCkkXvJjtsSnXHFy0r8hpjBmvL5bej+pLx9hwIng0SxyqSUJASlP2eGZsCkfOjeDI2REcOTdclqnV6dx11y64MjYXufJaIY2J6r4Dew2ThYCTDWaIKEeRd47hq49N4zkdgCThnlv68Ge7OwFM4blvD+DVjWvxiekL+P1jOu65+0Y8uGkMj31/EN+YBCAp+Ph6DQeGNXz1C1vRY07htR+cwpfO6PAC8DR58Minr0a/ewJPPjyAr00DmB7C9V8ewsc/fAsevC7z2DzNGgAfTl4Edpw5jL95PYB9s2bs3G3N+O6nt6DHDuDiAL72wwk8GYgd19Pdjm//bj9aU27vxpG/fwsPN63FE/evBsxBPPzfh/CDhmY88+AWtM5VaH67Yy3+5b4uTO07hode8OGoGft6H/zoFnx8qwcYP4E//64Xt9zXiclnLuDhaSce+fPrsGP4yjVb3RJsSBEumlMYngbQYK9gGExERMTwsWYoAtBLdO7FN+5W4sa/CCersPIOKGWQm/qFpYPTEgW5KbfnEOQu2p7jOBPbqzzMtYVDcCU1ljFKFP4DseBRlWNT1CI2O8I2O06PTOL7P/oJ3jo7DE2zl+zaubjhxqtxzTWbst6/ZhoTLXiesqpzQWC6nLHBDBFlFAnjwP7Tc2GXgu7ta9GtXcAPHp/GwJouvPDxtcCBI/jkM4N4rLcT9/e0or8b+PNXBzHQ3YSvfMCD3q3AwE/O4Rs+Nx55cDO2+wbx8D9NYKC7ET0AvHsH8cWzEh76retxT/cUHvv2aXz6sdN48VNrcden1iL83XP4RlMnXvhoO2zOpYfsvRwBoGHTKsAz6cDOXe34/EYXtMmL+NIPLuPhV6bw13fI2PPUBJ5sascLX+iHJzCGgYtKLERMud2D3g4Jw2diVYfdZ/04YJfQPx3EyRCwS5vCkXFg184uYPI0/uYFHxqu68P+u1sx/NRBfOTxU+hffx12dDRguzKFP//hEO65rhOPrG3AdlzA934wgSMdnXjio+3AkXfx+3tC87+o0dP43o9H8O1ZDX/2qT54iv19JiIiygHDxxohC4EqTPZogZRBbuoX8jlZhVU+yAVSNJ5Jue/8bUEj97G7FnS0NvNO5DMLexrga21DVNGgq2pi+8v7DuPw4MWC1qsstg/e/d5KDyGtYjQmyv4qS1V1xh6krOBMtS3pebVXdToVARY9ElFGoQAe3RsPwjT8ds9adI9O4bshBQ/t7oNHAnB9O+594RyefGsI9/eshEeTANjx0Ke3YocEAIP49jsmdlzXhR1NGtDUgn7nBCBJAKaw71gIkTVduKdHA9CFu7YP4RsvX8aboT7sarDDJgFQFHiamtKPc3wK3/7hDKBHsO9sBD3rVmJ3B6B19OMeMwDvbARoa8TNDdPYp5sA5Nhxl7zYc3IKd23qRP8mAJhOsx3o6XVCOxzEwDTgORfCQEcD/uTSLIaHASCIA7Djt9crmHpzBs+ZTjzygS4AQPetzbjz4AT2HAxgx80abBqAjk782Yf7Yic+chjfDUl48H0b0N0EYL0DvcnhY+Q0vvGdERzpbsY//VY/+pt4y0dERJXFn0Q1QpFi1VGlCkCIqk2qIBdAXlW5+VQtzjY0oXF6CpJp5l8JvITpFd3wNaeeCDV8caQ0F83T5m0bseU92+HTY38YOS9bkOLFrKt601xsySUWkjYUuzI3c1VnprPnYn7YmT7ITD2FPe22PNfqtMkCGhvMENFSUq35eBGIAECiD40drU5gYDZ5GREpFhrOiZiATUrVotlE2MRcEBnjaVQAhDB1Cci5rbZiw/0f7k10u44cewuff9yLAUVCtwJMhoBYltiE3fd14XM/HsFfPHYCX0tMjU633QNsdOFejOHkeaBtNIRd3WvRi2n85Nw0btcDGGhwob8JgG7O//qbNLQBODvjT/rjSfqz0IEIJNjSTYzQJGhQcP/dW2LnJyIiqjCGjzVCAJBFrPkMEZWerqq4sKYPLr8XWjAA2/Tlop5/Yu06hJ2utK8PXxgGEAuFqoHDaYeePF+56pRvYOVaJzfd9lzWyk0ZpKa6l8eVqdTxeNmyYofG/2SVlMcREWVBQazTcqJvWwThCNDfkLn/cjhlo7e5kC7ptUhIB6CgtSWHMSU1nLliCnv2eDG8fjVeeGAtgNgaknsSx/ThU3/Uh09duoAnf3wBX0tMjU6z3d6E/qYxPHvhNFaOSth+dTt6MYg9o5dxbySC7lVd6AYwpUi4EqoCCOmIAOhudAHwI3dtuP9eBbYVeRxKRERUAryVqCGc6kZUXrqqYqapBT53Q9HOGWhsxlD/lozBo2maGLo4nHheDQGk0+mo9BCqhrXow4JpLf4w0nzoyR9m7COa5iOS4iMc/zCufITSfARTfAT01B/+uY/YcxNBw0TAMBExLShS7BdgRER52ejBvZKOn7wxFHt+bBKPBSTc3teZ5oBmbO8GDpwcxdHpALxvj2HPbPy1VmzrUYDzl/HatA6YU9jzVghoc2F7ciWgniq4zFJERwQ6vCdj152MRAAEcPbIhVgn7ZYu7FqvAKYJbyjddgBoR3+3hAPDl3FkVsPGdUDrShvaRqfw7Diwuy82zbp1gxPbEMCefdMAdEy9NoOfQMP2jWkWrFznwJ3QsedXI4AZwNlDfrwJAObcCvE+HwZHZjE8WaoV44mIiHLDyscaokgCyGPtOqLlrtB1E01ZLso4LnWvQqCxecn9RodHYRoF3DSVgMPF8HE5ine2ZvBIRAWx9+HBj/rw+ccHcf2xQQDAjq2r8fGt6W5FmrD7A63Y/b0pfPrhg9CcGnYmBYvdd/fi66On8cWHf4kIAM1px9cf2DDXVKUZ/askaMdGcP2Xx/DgAzfj4xuzHWgrdu9y47tPjeCWL4/A0+TBQ9s1fPXsNIYh4cjec/iLx88lppDfefMG7G6awZP/lGp77Iz9W1zoecyLJxua8dt2AOvc2OUbwWOmHV9fN/f192zCV997GF/ccwzXv4BYN/D39uHOtnR/PH343M0z+OS+07j+INDf3YTPdUfw7IUxYMdK4J0x/Jf9PuxSZvDXd7DPNRERVZ6wqqGkhrLmjcYqZ4goe5FIFF5vZOkd05AMA93vvJ338f6mZsx0rIApZ/f7noP7D+GRv/zbxHNNs0OknitbNh/9zQ/iNz75kYqOgcpLEgIuBo9EVWFsbAydnemqBGtIvJGL3Q2PPZufiRFEfIDmnsGTDw/g/+teiyfuX33lZd80vLoCT5O7uOMMeeGNyPA0zFUemjogKVdeCxmwOZugaQuOSbU9FxEfvAE9+3P4puGFEx63BkAHTGVuXpuOyGwIWkOR/1yIiGpE3fzcrCOsfKwxigQYRqVHQVRbilH5GPQ0wuGdyem4sNMFb2s7Qm5PTsfF13uMsywrbdOVcuG06+VFAAweiaj4JCc8TWmmEi8QOT+EyaZmdDdoiJwZw55pYNcNC6r43E3I7SdsluweeJKncEtK+teW2p4LzQ1PLsHlvK9fSVpQS2HwSEREVYXhY41RBBCu9CCIaoyiFD5t2tvWnnX4GHK54W9pRTDPtSKT13usFk5Ou15WXKrE4JGIKiiEgTcv4KG3BzE114Rl19bVePDG7IJLIiIiqi4MH2uMIgQErOptOEtUhQqtfASAiN2BqZVr0DxyEVLK7puAt6UNgcYmRO2FBXXDF0bmPa+G1TGcLt7wLRduVWKDMyKqMDu23Xcjnrmv0uMgIiKiYmD4WGOEiDWeiZqVDyOIaokQQKEZXrChEWGXG87ZaaihEIRlIappCLvciDiKE85ZloXhRZWPlf/37vak785N9cOtMHgkIiIiIqLiYvhYg1QJiFZXI1yiqidJAkYRusWbsgxfc+k6R44OjS6qdKyCwkeu+bgMuBUJSmX7GhERERERUR3ibUYNik29JqJcKDWSqqRe77Hy6SPXfKxvDB6JiIiIiKhUeKtRgyQBqBLjR6JcqGppCr11XS/q+RZ2ugaqZc1Hho/1yqUIBo9ERERERFQyvN2oUbxRJMqNqhbe8XqhYDAARVkeq1cwfKxPDkXwl1lERERERFRSjLBqlCoJSEXo4Eu0XEiSgFzEkMXv88FeYFfrbFW68vHzf/oZqKpa0TFQ8dllARuDRyIiIiIiKjGGjzVKAFB5z0iUE1UrTvXj7OwMHE4nRAl+ATA2Op5ia+XCx5vfuxM33vKeil2fSsMhC9hl/hAhIiIiIqLSY/hYwxRWrBDlpBjrPk5PX4bL5YYklebtc3xkcfhYycKYhpe+AAAgAElEQVTHG265rnIXp5JwKQI2Bo9ERERERFQmDB9rmCoBMqdeE2WtkHUfTdPEpalJuN0eyHLx148EgNf2vo7B02dTvFK59PHdgTMVn/ZNxeNRJa7xSEREREREZbU8OiXUMUUCDKPSoyCqDUIAQliwrNzCF13XcfnSFJqbW4reYMbn9eGN1/bj2KHjOHr4WNr9LMsqyTTvpbx18G187D+GYbPby35tKh5JCLgVAeaORERERERUbgwfa5wqCYQNViURZcMwDAAmgOwrF6ORCKanL6OpuQVKkZquRCIRaJoGAPj873yhKOcslfODQxg48S62X7u10kOhPMlCwMNFgomIiIiIqEI47brGKQJQOPWaKCt6NArLyv5tLxwOYXr6Epqamgvu9hwOhzA7M42Z6elE8AgAf/rVh7I6vpJTnw++caRi16bCqBKDRyIiIiIiqiyGj3VA5XeRKCuRiI5Yr/ilhYJBzExPo7GpBWpSWJgrn8+LifFR+LxeaJoNjU1N817v29iHb33/m1mcqXLh4+FfHZ+rGqVaokkCLoXBIxERERERVRZjqzqgyQISqx+JlmRkuURBIODH7OwMmppb5lUp5sNms6O5pQ2tbe2wOxyp97Hb8D+++bWCrlNKo8MT8M54Kz0MyoFdFnAyeCQiIiIioirA8LEOCAAav5NES7KyqHr0+33web1FCR4BQFXVrJrUtHe24/e/8Nm0r1e64/To8HhFr0/Zc8gCdpnBIxERERERVQdGVnVCZQtToixk/nfi83nh9/nQ3FKc4DFX111/LXbetKPs183G8PBYpYdASxCITbO2MXgkIiIiIqIqwvCxTsgitr4XEaWnqum7XHtnZxHw+9HS2gpVLX/wGPf+D+xO80plKx/HRyYren3KTBYCLlXwF1FERERERFR1GD7WEYaPRJnZbKk7Vs9MX0YwGEBrWzsUpbCu1oVa378eO258z6LtFZ51Dacr9XqVVHnxxjJc4pGIiIiIiKoRw8c6okicfk2UiWXO79hsmiampy/DAtDe0QFZTl8ZWU59G9el2FrZ9NHtdlX0+pRavLEM3/qJiIiIiKhaLd0FgWqKKgFRs9KjIKpOpnUlfDRNE7Mz01AUBW5PQwVHtVj/5o2VHsIiTrez0kOgJJIQcMj8hRMREREREVU/Vj7WGU0SkAVvRolSCYWiicd+vw92u6PqgkcAWNO7Bs2tzfO2VbrbtYvTrquGOjfNmsEjERERERHVAoaPdUjjd5VoET0ahWFcCfCcThfsjuoN1Kqp+nHnTddg27WbKz0MAmCTY8EjG1oTEREREVGtYExVhzRJQGL1I9E8kWgUyStNVMv6juls3n7VvOeVrHy852N3VezaFCMAOBUBB1NHIiIiIiKqMQwf65AQgI3fWaJ5dL3SI8jNxqsWVj5WJnxc0dWO9f29Fbk2xchCwKVK0DjNmoiIiIiIahAjqjplkwWUGq9+nI34Kj0Eooppa2/Fiu7OxPNKVT5OTU1jZnqmItemWCW7WxVQavvtnIiIiIiIljF2u65jmlx71V5D3hG8eOqvoOrHE9sU14fw6xv+Exo0dwVHRlR+m7ZswujwWOK5ZVkQefxSwbJMGGas07ckJAghZX2eaCSK1/a+gbs/cmfO16XCOGQBG6dZExERERFRjWPlYx3TpNrqhjrkHcFLJ/7zvOARAHT/0/jJkYcqNCqiyundsHC6c37Vj0JIUGQViqxCCAmmaSAcCSIaDcMwdJimmfHcb7x6MK/rUn4kIeBSJAaPRERERERUFxg+1jlbDYWPL737t5DhT/maap7FM6f+rcwjIqqsdet75j0vxtRrIQRkWYFNc0BRNQBANBpCOByErkdgzlVIJnvnxCDODV4o+Nq0NJsk4FYEVP50JiIiIiKiOsHbmzqnSLUTQMrRNzO+Pjn7eplGQlQdulZ2oW/DusTzYq/7KDAXRNqcsNmckCQ5ZfgIALPT3qJem+ZT5qodHYpAjbxlExERERERZYXh4zJgkwUEqvtudsg7svRO5kTpB0JUgOd++mrRz7n9um1XnpS46YwkyVAULeVrlWl3U/8EALscayrDakciIiIiIqpHvNVZBiQB2ORKjyKzlZ4uGHBm3EdSejK+TlSPNm/fnHhcqY7XACCzHK/oVEnArUqwc21HIiIiIiKqYwwflwmbLCDn0SW3nDTn7Rlf72q6qUwjoXqkKErJr+Gd9ePR7z1V1HP2ru/Bpi39AGJdqyvF6XZV7Nr1RhICTkXApQgwdyQiIiIionpX+rtxqgoCserHgF7pkaR389qP4pUTT6d8LSracXvvXWUeEdUTVZXx3NOv4ujR04tek2UJbrcTbo8Tbrdr7rMDzS2NWLm6M+trnBq4AF2PFnPYAICrtm7CyeMDRap8tGAYBmQ5t7d/lztzZTJlxyYJ2GSu60hERERERMsHw8dlRJMEDBkIG9W5ettKTxcMdWfKxjMed+aqSKKlKIqEtw4NYPDMcE7HudxOrFu/Cv1X9WLnDdugaqnfNo8dOYWZaT8MQ8eeX7yB3b92QzGGDQDYsGk9AMCCBcuyIAqqYo41mYlGw1AUFUJkVwDvcjF8LIQiYqEj13UkIiIiIqLlhuHjMmOXBQwT0Cu4dlwmO9d+AgffnR8+GnDi9r77KjQiqheRSBjhMOBwNKTdJ97p2bJMmKYB0zTh9wVw9PA7OHr4Hex94U3svHErrt2xGa1tTfOO3fP8G5AkGZIk48AvjxUcPvp9fhw9fAzHDh3H20dPXHnBsoAiLKGgqjZE9QgkIS1ZBdm/eT0rH/MUqzoXXNeRiIiIiIiWLYaPy4wAYFcE/FGrKrvXbmzZgIO224DwS4ltLc0PoEFzV3BUVOssy8LwhXFcvuTLuJ8kxTszyZBlNbHdNA0YRhST45fxsydfxs+efBn9V/WiZ91KAMCJ42dw8fw4bLZYQDc5PotXXvoVbr3tPVmPMRgM4/Sp8zh96jzeefsdDBw7nPprgVW03vWqokHXI9D1CBRFBdKc+cP33VmkKy4vqhQLHZk7EhERERHRcsbwcRlSRKwCMlil069vXfdJvHIiFj5GRTs+sGF+1eM7l07h4MUnENXHIQkXNnfdi2tXXFuJoVKN8Pt8eP7ZX+V9fLyiUVXtMAwdhhHBwIlBDJwYTLyuaY7E/rKi4Yl/+QU2b+1bVCGZLOAP4sTxMzj59hmcOH4GAX8QABAOXMp7rLlSFA26HkU0GoGq2ha9vvGqddhx49VlG089UCUBTYp9JiIiIiIiWu4YPi5TNlnAsICIWX0B5EpPF+ye30DI+2P0rfjdea+9OPgsxie+CQCI16UNnN+PgfHd+M3tf1LmkVItsCwLhw4M4OCBd4tyPllWIMsKLMtMNIC5UjEZI4SAotrww3/8Kf7wjz++6By/2n98UeAoSTJUxQYhBGaDMxm/nmJTFBWGkbpRzjsnzhT9evUqtq4jQ0ciIiIiIqJkDB+XMbssoFuAWYXrP97edx8ef+sUxt+YBFbHth0aPZQIHhcJ7cEzp9YtqpIk0nUdP3tycROjQgkhZVx6UVE0nD0zjOd++iruvPsWAMDhX53ASy/sx/mzIwBiQaaq2iHLSqLxi392rOhjzUbyNPOFwqEwbPbFVZEUowgBTY419SIiIiIiIqL5GD4uY5IAHDLg1ys9ksV+8fjP8cqTowCexnt3vxctrS14e+QJyBmOmZx+EgDDR5pvbHQKly9nXuuxVFTVjp//9DW8e+o8pi/NYmpyOjF9W5bVRV2rLdOA3zexxFnL/8uCYCDI8DEFea7SkaEjERERERFRelKlB0CVFW+IUG02b92ceLz/9f2xB9HjGY9RraVCG1qOhi5U7u+FJMlQNQdOv3Mely95YbO5YLO5oCjaouARAHyzY7DmOm6XgmHk95uGSKQKf0NRQbIQcMgCHlUweCQiIiIiIloCKx8J9rn1H6MVXP9xyDuCczNn4FTdaHd2oH9zPxoaGzA7M4s39r2Bbe+7GjICFRsf1a4L58cren1ZVmC3uxPTqtMxjAgCS1Y9FkaSJJimsWiNyqWEw+ESjai2SELAJgGaLIrWcZyIiIiIiKjeMXwkAIBTEfBHAb3M6z/ORnz42clvA6E9iW0nATgafhM33HwDnn/meVw4dwFnRpduFmKoO0s4UqpV1RASLRU8AsDspQvZnq2gcUSjIaiahFzis1Aokvc16wFDRyIiIiIiovxx2jUBiMUZTkVAytRBowSeOv6NecFjXHD2R9A3jySeDw4PZDyPASd2rv1E0cdHtc2yLFzMctp1vlOSiyHgm0QkXJ51KWVZgaGn7mydjh7Nbf96IYvYshQeRcDG4JGIiIiIiCgvDB8pQRKASynfDfah0UOQo+m7EMv6z9HZ3wUA8IbTdwCOSj3Yuf5/YGPLhqKPkWpbJBzG6PDlrPYt5VqLS13XNzua9f6F/n5AlmMF72YOX6+iLK8ieVUScCqxNR3tsij4z5yIiIiIiGg5W153lLQkWQAuRYJPN0t+rXOXjyy5z5rdFsYGgGAwCDQtfl12fggf3Pif0KC5SzBCqnWDZ4az7nRtVaCLNJBPk5nCkzBF0XIMH3NbI7IWSUJAlWKdq6uwBxcREREREVHNYvhIiyhSrALSr1euAU2c23YSQBNMc34YGpU344bez7DakTI6evh01vsu/DtWLsHApYpcN5emM3IdVz4qkoAmxaodmTkSEREREREVX/3eUVJBYtMOgUAJA8gGeydC3sz7yAhgxa5+NLVNAwCioh1bV38e1664tmTjovoQjUbw9rHzWe+vKGoJR5NaJOyr2HTvXNRb5aOAgCbH3ucUJo5EREREREQlxTUfKS1NEnCUcP7hjpW3ICr1LLnfyi1BhEJOTI3fgU/u/D6DR8rK7IwPI8PZVxVKkgLLKm/1o2Hk3kVaVGABwnpZ81ERsfe0BjX2mcEjERERERFR6TF8pIxscukCyAbNjRvW/RdERXvm/RznceR/Xcb0/kBJxkH16Z2TF3LaXwgByyrvUgNmjl2nYyoRPtZu5aOAgCYJuBUJbnWuazVDRyIiIiIiorJh+EhLsskCbrU0f1U2tmzAvVd/Cx3t/zltCBmbet2JS1OVWRuPatPQxclKD2FJkXB2zXCSVaTyUa2tysd44OhUBBq02GeFP+2IiIiIiIgqorbuKKliFAE0qBK8UavoXYEbNDdu770L6L0L71w6hbeGn0codAyqeTaxT8taAyf2zcI0TEgyUwRa2plTwzntb1kWTNPIqRFLISzTyCt8rIRaqHwUiHWrVtg8hoiIiIiIqKowfKSsSQJo0AQCOhA1SzM9dWPLhkQH6yHvCAYm38LZ0Tdgd16GZVm4dOkS2trbSnJtqh/RaASdXc04c3o062MsywTKOO06FJrJ+ZhKVD0C1dvtmoEjERERERFR9avOO0qqWgKASxEIGkDYKG1Qs9LThZWeLhyc7MAj//AIACASzr1BBy0vlmXh/OAwDv3qdE7HmYZeohGlFvDmMy28MvFaNVU+MnAkIiIiIiKqLQwfKS8OOXbTHypxAAnM77SrqmrJr0e1LRgI4F9//ApCwdyDasM0yvammF+n6xIMZAmSJEGWKxs+MnAkIiIiIiKqXQwfKW92WUASQEAvbQAZ8F/pcq1o/CtLme17+QgGc5huXSkudzt8s7mOs/yxm82ulf2akhBQBCALQBYCslSpmk8iIiIiIiIqFJMcKogmCUiqQNiwSrYOZCBwJXxk5SMt5eCBdws4unxrPtqdzTmHj5VY89Fmt5X8GnI8bJTmwkYmjURERERERHWD4SMVTBGAogiEjdg07GLHN8nho6aVvwqLaouQ8u+GbppGEUeSmazk83e5/Kmc3Vb8f3OKEFCkK6FjhfroEBERERERURkwfKSisckCihSrgowUsQpyYnwi8Tg5fHxx8FlcCpxBODKOrqabcHvvnUW7JtWuq69dj9Onhis9jJKoREhncxRW+SjNVTLGKhtjYSMREREREREtHwwfqahkATgVAcUEQgZgWoWHkOcGzwEAWlpbAACzER9+cuQhqObZ2DUBjE/sxz9N/jNu6PszbGzZUPA1qXat7e0q6HjTNCBJ1dPdeb4KVD467FntJ3BlyrSUNH2aWSMREREREdHylv/8RKIMNEnArQjYpMKiB8MwMHRhCADQt6FvUfCYTLUm8MaZv8ZsxFfQNam29V+1ptJDyIoeDVZ6CFmxp2g4IwsBTRJwyAIuRUKDKqFRk+BWBRxz/+4VBo9EREREREQEho9UQpIAHIqASxGQk+aLDnlHMOQdyeoc5wbPwZqrnly3YR1+duKRlMFjnGqexbGxw4UNnGpeV3dLpYewJEOP5HxMJRrOOOw22GUBpyLgUSU0aRI8auy5TRZQpdi/dSIiIiIiIqJUOO2aSk6VYgHFzwdfwcDw30O1Yms4RkU7VrY9gNt770p7bHzKNQDMrBgBwi8teb1x32kAtxQ8bqpdq9a0Y2T4Ul7HmoZelmnX4dBsya9RDG6nHXa2nyYiIiIiIqI8sfKRyuLpU8/gzND/lQgegdg06fGJb+KZU/+W9rgjh44AAJo2tUCP/Kjk46T60NraWOkhZBQJ+xD05xeOlluqaddERERERERE2WL4SCU3HfLh3Ng/pH195vJ38eLgs4u3T8/g2JFjAIAtd0xnfb21zdtzHyTVlf7Na/M+1kLxOrUvZBgRXJ44jcsTp/M8Q/krEJ1OR9mvSURERERERPWD4SOV3KsXXoEMf8Z9xie+iVOX35237bWXX4NlWdj4sQ44pItZXSsqb8a1K67Ne6xUHwrpeG2aZhFHckVXtxOTIycQCeffEKkCSz7C4cyu2zURERERERFRKgwfqeSmQ2NZ7ffGu19FxPBDnetesfeFvWjc2Iw1K7NrIGOoO3Hvtv+W9zipfjidtqqZLrxx02r89//5e7jxxv4inK0CDWccDB+JiIiIiIgof2w4QyW3vvVqHJ5Zer1GxZrAvx39Bj53/Vfw9ol3MTU5Bafmhs93F9q60q/h12DvRH/b1Vjpyb/ajepP96pWnHk3u67qySyrOJWPdruGD33kZvzaXTtj41lTm38/7XZbpYdARERERERENYzhI5Xcjd3X4sBgO5SkZjPpiMh+vHD2FQy8FJuCHRj24T9e/Zto6+yEbgK6BZhW6dbko/qxoX9VTuGjkGKF4MUKHyGAvvWdiacrujoz7JzlKSsw79rhYPhIRERERERE+eO0ayqLHb1/DAPOrPY9efFv8ObR2FTr9et70d21Apok4FQEPKqASxGwSQJSJRbAo5qxtmdFTvsLUdy3w1Awgsd++BJEOIgGVcL6Ve1FPX+5uFzZ/bslIiIiIiIiSoXhI5XFjd3X4kPbvgXJvhtRqSfjvjL8aLo6Fnjcdtuuea8JAKok4FAEGlQBtyLBLguoDCNpgcKazhhFGcOZ02N49pn9gGVCCIGm5oainLecVq/OLcQlIiIiIiIiSsZp11Q2axu78Hs7vrjkfl/6P7+OC28PQJZlvPfWmzLuq0iAktSEw7AEdMuCYQKGBRicor1stbY1ornZjcuXs+suXaopzc8+dxi3774a7e0taG1twvTl2bzOU4kp123tzehc0Vb26xIREREREVH9YOUjVZWJiSm8/fYAAODGG94Dp9OR0/GyAGxJU7QbVQmuuepIRYgK9AqmStrQvyrrfZOnXVsFh9YWdD0CAAgGI3jm2V8BAFpamwo8b3lt3bqh0kMgIiIiIiKiGsfwkarKmwcOJR7ftntXhj2zIwSgSoBdFnCrAo2aBI8qwakI2GUBTYqHkowla50kYt9LTRKwyQIOWeDGGzbldg5JBgBYBU67jkRC8wLMgXeGAABtrc0FnLX8f0evvrq/7NckIiIiIiKi+sJp11RVTp06AwCQZRnbt20uyTVkAcgpprBaEDDnpmqbFhIfhgVY4PTtSpAgIEQsdhMi9tuS+HNJAAICkog9TuXmG/rxzRyuF6t+LHy9R02bX7F7+vQYgsEgOjvzn8JciSVNr77mqvJflIiIiIiIiOoKw0eqKvHwsa+vB7Isl/XaAksHk+ZcEBn7DFhzn688Z0yZipj7byJIRPowMXl7vkKhECRJgs/ng8OhIRiMZHWcLCswjChMy8z/4mn84oWDaOtoKeAM5U0fm1sa0L2yo6zXJCIiIiIiovrD8JGqRjAYxOjoOABg/freea+dmxnB6cunMeJ9F1d37cLWtvKuRXclmIw/S7/n4lDSSjyPvwbMDy+vPK98eBn/6uINTsSC1+JhIZIei3mP54eMEOWOzYCBgfPwegPY/+a7WQePACBJsbfEwtd8XOzfH9+P3/rEzUU/b6ks5/Ueg5FZOLTcOpPncwwREREREdFywPCRqsbJgXcTjzesX5d4/OjR/4WZmacgww8AeHXmR9gj9WD3xi+UPYTMRjyIA7IJK1MdPRdIJgeWiY2FD05ceXjlcwUCwlL613//JU6dGsn5OCEEZFlBKZqkB4MRvHtmooAzlPc7tG378lzvcWBkL2RZwvqOW3M6LqIH8O7Yq9i2+oMlGhkREREREVFtYvhIVSM+5Rq4Uvn4ryceg2/mR1g4AVs1z2Lvyf8dq3Z8H012dxlHWR4pA8F6SgdLbFP/qjTho5VU1SgS1Z3JFMWGSDhQknEdPHg272PLvebjtdcuv/UeR6YH8Mrph/E7t/x7zsc2Olfg5f0Po6NxPTobNpZgdMVXigpfIioNy7Lq6t9sqp+/REREVL/Y7ZqqxsjIGADA4XCgq6sT52ZGMDn13bT7y/Dj6VP/Wq7hUQ1xu+yJx4ahQ4+GEZ370PUIdD2CSCQA01y8tqMkyZAVtSTjunTZj+bWrpKcu5gaGt1Yvab6x1k0voMIRmbx0sm/ho4Awrovr9PIisDPjnwZwcgs4DtY5EEWRzzAqKcQg4hqD9+LiIiIlhdWPlLV8Hlj06q7umJNLp468Y0l/4JO+4+UeFRUi3p6VyQey7ICyLm91amqfemd8mR3tgBTuU8JL2fp65Yt68t2rYqKjABaF+A7iEPetzCjxypTp/xn0N24PadTeUOxX56EMYXnj38D93StBdzXXblGhWR7Y88AgKj6GYYBSarduoF01Y4L339YFUlERIUwTZM/S6pQ7f4fDNUdry9WbeRyOvHL4UNQ9LcrPCKqVZ2dTZUeQlqmpUCz5b5UQDl/fm7bXhvThgtmeIELX4U/OISDF3+Y2Dww9nzOpxq8tC/x+KJ3P8b9o8DoP8TCxzJLVVGUvC3VBxFVN4fDAZ/Pl7Jiv1Zk+z7E9yYiIsqXaZrw+XxwOByVHgotwMpHqhrxykeny4kD5/8pq7+cLtu6pXeiZWdFZ0tRzvOhu3fgllu24ctf+UFOXbOX4nS3IRLOdWpv+dLH667bUrZrVZRjI7D6z/H8m38ERb3yu7izl15HWPfBpmQXEod1H44OP5F4LkkCz48ex8d3/VnRh7yUhTfrqW7es91GRNXD5XLB6/ViYmKiZv+9pqpCiW9L/poW7sfqFSIiypYQAg6HAx6Pp9JDoQUYPlLZPH3qGQzPHgUAdDdux4fW3zXvda8vFj7Ka+Wsqh4NOHH7uvuKP1CqCy0tbly6lN/afXHnz0+gZ20HPviBHfi3f79S2WaaRuIjdsNkQZZVKIqW1XltjkbIigZDL16gWSwutwM9vSsrPYyymfYP46JvYF74GNZ9eOnUX+HOq76U1TmODj+RmHYdN2NcwuDYm+jt3FnU8WaysHJoqcepnhNR9XK73XC7a7/JXqZwMZvHREREVHsYPlJZ/N2Br8MM7Uk8vxh8Ef/P+BP45HX/E012NyzLgt8fCx+ttqElz2fAifdt+jrWNi6jphiUk9YWT8HhYzAYBgDc/7Fb8dLeo5ia8gKINaWRpIU92HPjdLfDO7303/W4ct14LZv1HucMjv9qXvCY2D61D4NT+9DbenPG44dnjuDA+UcXbZckgaHpoyUPHzOFifHH6T6nO8dS1yAiSmepn1VCiEVVjpZlpQwk4/ulOoaIiIhqC8NHKrnvHfp/5wWPcap5Fj888hf43PVfgWEYAABntxsu9c2054pKPXA7tuL2dfcxeKSM1qxtx6l3R2CaOiQpv7e6QNJU6/vvuwV/+3fPFGt4cDib4ZsdhWUaRTtnMWzc2FPpIZSVQ/PAslKvqfnSqb9Cm6sPHntnymPDug97Tv1l2nNrirNYw8xKqjXTMj1OdQwRUSlkqmjMFEACSPkaERER1RaGj1RSvxw+hLD/6bSvi8h+vHD2Fby/51YAQM9tsS7DurIZANDk2g674sKqxvXY1LIBTfban25E5eF02AAUFqgMDV1KPL7ttu146eWjOHnyYsFjAwAhybA7GhH0X1p65zJq7yjOepm1YtPK2+CPTmAmfA5Dl9+CX59IvBbWfXjuxFfwsWu/lfLYPaf+ctF0a0U40d24DV2N23Ht6vItC5GqujFVM4dUz1Odh4ioWNKFivHgMd3z5P0ZQBIREdU2ho9UUu9OvbXkPieG/g7v77kVmqbh7X+eRPevPYA//MxvlWF0VM96e2LVarKsQtcjWa/HmMmf/NeP4b99+VFcuDBZ8LmAWOOZbMPHct10dXa2leU61eQ9PfcnHp+fPIjXznwHM5FzAIBJ/2kcOP8odqz5xLxjBqf24ezU64nnTrkNt234Y6xpu648g0b6wBFAoiOuaZoZO8tmqoRMdS0ionTS/ZxKVemY/HjhhyRJsCwLkiTNOy4eQDKIJCIiqj0MH6mkAuGxJfdRrAk8feoZqKqKSCSCaCRahpFRvXO57InHxbpJcTltePCPPoz/+tD3inI+RXVUXeOZjs7WSg+hota0XYc1bd/Bz499Hacv74EQwIHzj6Kn9Sa0ufoAXGlIE9ft3ok7Nv8JHFpD2ca5VPAYf57p8cLj0lVDEhHlKzlojH+OP5YkaV7guDCYNE0zEUTGtzGAJDMDr4kAACAASURBVCIiqk0MH6mk+tpuxqmLi9d7XOjs+D/DprXD7wcikeoJYrI1MPY8IoYf27o/Uumh0Byn05Z4HKt+DENRbBmOSO3UqYvYsGFV4vmRo4NFGV+czd6IgG9i6R1Rnpus9vblNe06nV/f+kX87LCJc969EALYd+Y7uGfbXwCIPQ7rsWZG65p249e3frGsY8sUDsYDxuTP8Y+F29NNwWb4SETFki58TA4cJUlKBI3xaseF21NhAElERFQ7GD5SSb2/51acGN0MRX87436KNYG2Wzbg0lPTNRU+hnUfnjr6RUz6TwMALFjY3v3RCo+KAKCvr3vecyFS37wsJRAIz3s+MJB9h+ps2BwNWYaPpdfQ4IKq8sdC3Aev+VP87DBw3rcXwzNHMDxzBB5bJwbGnwcAdLl2lD14TLaw6jFd8GgYxrwQMl0AyeYzRFRMqaZbpwoe4x/J7zvJwWNyAMmqRyIiotrEu0wquU9c8xU8evhLSwaQnb0DeAc2RKJ6mUaWnUn/aRwdfiLRWKK39eZEheO+M99JBI8AENH9FRkjLbawUkKW1aKc99Ilb1HOE6fZsmuiVI4brda25pJfo9Z88Jo/xWNvjmMqfAIHzj8Kjy22lmiDshY3rPoshoaGMD09ndh/5cqVaGpqKtv40q3hmBw6pvucrgIyfp6F1yEiyiRdY5n441TBoyzLic8Lq6/jgWQ8cEx3HSIiIqp+DB+p5JrsbvzhjX+FczMjeHP4VYx7j8KKHIOMwLz9bGIKbdduh/dyccOdQsQrG+NTLAFgeOYINNmF7sbtiQqoVI4MP44p/xls6/5IYq04Kp/4mnZFV4KbHs3mRiTsW3rHEuvqaq/0EKrSh67+Mv7lwO9jeOYInKEt8PjvgM3owd5zry3a99ixY7j++uvR29tbkrFk6lK9sLoxHjQu/MgUQMbPxbCRiAqVqrnMwuDRNM1E8CjL8rxjk8WPi+Paj0RERLWF4SOVzdrGLqxtvB9ArLPsdMiHk5dOYdI/iunQGIaGRuBZOYuh40s3qSmXs1Ovzwse4wbGfz6v4hEANMWF/o474A2N4bkTX0m8fnbqdXzsmm/BY+8sy5gpJhwOL71THrZsXotTp0aKes5qCR/XrVu19E7LkENrwFbP72Bg4DRkI1apqiN9hfbx48dLFj4ulKqL9cLQUdd1jH7nW5jd+yKsUKgs4yIiypaw29Hwvtux4jN/sPi1uYAx+ZciDBuJiIhqD8NHqpgmuxs3dl+beP6j44/jzaefAgD4fH643a5KDS2hu3F72teGZ47Me97bcjOGZ4/Ma0YBxKonveExho9lFAgE8MorR5beMQ/vv/0aPPGTXxb1nIpqz/h6uW60+tavLct1qlk0GsX0dGzt2enpaYyPj2N8fBwAICO7KfJ+vx/Hjh3D1q1bSzLGdJ2uk8PH5MrH0e98CzPP/awkYyEiKpQVCiXeo7o++4eLpmgnv7+x4zUREVFtYvhIVaOjoy3xeHx8cl746Pf7EQgE0NTUBFUtztp92fDYO7Gt+yM4OvzEotem/GfmPR8Yfz7lNGxNcaHVta5kY6T5AoEAnvv5Afz4X14vyfnb2xtxy67NePW1zGuY5kJRHUU7VyH6+lZXeggV89Of/hQ+X/GqT48fP46Ojg50dHQU7ZypLFynMXkqdbzycXbviyUdAxFRMczufREdv/u5ecGjaZopp1sTERFRbWH4SFWjPSl8HB0dh66HMT4+jqGh+d2Fb7nlFqxcubJs49q17rOI6P6M6ztmPL73s7Ap2VVMUWGi0Sie/8XBogaPqcLu3/gP7y1q+CgrGoQkwzKNNHuU/kbL4bSjo7O15NepVk6ns6jhIwDs378fd955Z9F+YZKuCUy6ysd4+Mip1kRUC6xQCIZhzAseM1U+Jo5jIElERFT1pKV3ISqPzo52tLe3YOeOrbhw4QwOHTq0KHgEgDfeeAPRaLSsY9u98Qu486ovQVNi1ZhT/sGsjtvW/RH0d95RyqFRkmPHz+CHP1rcBKQQmzevWbStvb0RN93UX9TrqBWufly7pqui1680l6v4yzz4/X4cOnSo6OcF0gePqQJIIqJaEW+GldwIa+EHsPiXMURERFTdGD5SVYitkXYEt71vJ3p6Mlc1RqNRvPjii2UPIHtbb8b91zyCVte6lE1okmmKC3de9SXsWvfZMo2OTNPEv/7blYpHyzIRDM4iGg3DTFtRmNlVm9JPQ962pSevc6YTjQbTvlaOio61Pd0lv0Y127BhA0IlqBAcHBxMrBlZiKVutBeGjsmPiYhqRar3sOTQMR2GkURERNWN4SNV3ODg/9/efcfHcdf5H3/NzFaterdkW7bl3uTuOHYU4yQEJ04jCSGQg8DBcbk7+N0BCUkIIRztfuS44zgCFw740dNMOVI4hzQ7dopL7MS9SbZVrd5Wqy0z8/tjtetdaXe16pL9eT4e69md+c53vmNZY81b3/l+K9m2bRuNjY1J79PW1jYuAWSao4Abl3yHNHv8cdxm5Kzj9mU/ZGbO5WPYMqHrOqdPX5gpXVFUHI40wMTrdeP1dqPrfiC5G5Tbbl3PVx/+SNztS5aM3GzGAb8nwSPXY6O0tH8Pz0tJVlYWNpttVOrevXv3qNQbEutx7MibdyGEmCwir13xhpoQQgghxOQjYz6KcRN6JDHWo9XJCAWQmzZtGtNJaOyWVG5c8iid3vP9ttksLnJdpWPWFnFBrH8DiqJgtTqwWGz4/V58Pg8KCharDU2zoiixf/8yu7SA227dkPB4eXkZZGe5aGl1D7vtiXo9jpXS2Zd2+AiwbNkytm/fTlZW1ojW63a7qaysZObM4QfW8W6+Ez16LYQQk0WiR65jkfEehRBCiMlBwkcxptxuN42NjRw/fpy2trZh1zdeAWSao4A0R8GYHU8k52//ZjP/9eM/91uvKCo2mxPTtBMI+AkEfPj9XiyWYAipqlpU+VOn+wfLffn9/hEJHgGMQOIevGNxYyXhIyxYsACPx8POnTuxWCw4nU5sNhsWy/D/q6ypqRmR8DFS3xvyROOjCSHEZDDQdSxy4hkhhBBCTB4SPopR5ff7aWhoCL9GInDsa7wCSDHxbNy4FEVV+MFjf0TT+j9CqygqVqsdq9WOrvvR9QBerxubzYmmRf/bqalppLg4L+6xzpwZOKCcLFwuJw6HfbybMSGsWLGCFStWUF1dzcmTJ8PXLY/Hg6qq4Ueznc7gBEGR6+IxDGPEZ9LuezMea7uEj0KIySbRtavvdU8CSCGEEGLykPBRjKo333yTurq6UT9OW1sb+/fvZ82aNaN+LDGxXb5uPl97+ASu1DxSUnNR+vRqDNE0a2/gGHuW6YrKuoThY3e3dySam6TRvcHKzEwb1fono6lTpzJ16tSodU1NTXR0dNDd3R0eo7a+vh6v98K/hZaWFgKBQLi3pNPpJDMzk7Vr145Ju6XnoxBiMpNrmBBCCHFxkvBRjKo5c+ZQVVU1Io8tDqSyspLi4mKKixPPli3GTyik8fv94bHoLBYLmhYMCO32ofe+MwyDnp4eXnvtbSyahe6uBro66nG6srE70rE7MwZV37lziSdAUtSRCwQtVkfC7SYGKCqYozN+X2ZW+qjUe7HJzc0lNzd3vJsRUzI9hYQQYqJL1JNbCCGEEJOXhI9iVE2ZMgVd18ckfATYv3+/hI8TiN/vx+124/d2EWg9iNp9Aq37JIq3FrQUTNWJr3dpak701OVY8tbhdDqx2+0JH6P3eDx4PB78fj+qqvL2W+/yzr5jHNh/DFXVUFUN0zTw9XTgcbegqBoOZwaOlCxs9tQB2z7QRB1Ll8wa9N9HPImCUacrG0dKNgHdh9/TjmmM/AzvWVmDC2bFxBV5ky4360KIySjyGibXMSGEEOLiIOGjGHVlZWUcOnRoTALIzs5OOjo6SE+Xnlzjye/301K9D6XpVSztu7B1n8BmJPmY8gnwpS2nO205ZKzCmn85drsdm82Grut4PB6qqup4fcc+3th5gKam+OOIKoqKxWLDYrFhGDre3iDSZk8lJTU3Yein6wP3bJw3t4jjJ2qTO68B2Oyp+LxdUZ/TMouwWHsfC/epKCkafk8Lhj6yAWRmljx2PVklmgE20faRYs8vIHfDFdiyo3uE+lqaaNr5Ot6Gi2dsVCHE6Bvo2iVhpBBCCDE5SfgoRl1ZWRn79u0b1fDR5/Ph8Xiw2WwSPI4zv99Py7EncZx+aMh1aJ370Tr3Q+3P4KjKMc8aurR5HK7J4p1DzVSdqx90naHekFis6LqP9pazoKhYrc5wT8hQ+HfDjeu5++NXD1jnJz5xLQ899HMC+sjdDGkWG2kZRf2CUZvNic8HOLPxe1oxdN+IHTMjXcLHi8FY3pTnbiin6JbbyN1QHrfMvC9B084d1P5hK007d4xZ24QQFxcJHIUQQojJT8JHMSY2b97MU089RUFBAaqqDnp/wzDw+YJhi8fjAaCnpwfDMDBNk7y8PJYsWcLy5ctHtN1i8DqrXhpW8Lj9WBFHarJo6HTS2OGgsTM0IUxt72u4FDTNgqZZMAwdXffS7e4JTumiKCgo2G2Jx2AMmVGSz7o1hTz/wm7sjnRs9tS4E9wMRNUspGdNw+nKjlvmQgCZNaIBZFa2PHZ9MRqtG/Yl3/k38q7clFTZ3A3l5G4op3H7Kxy87/Oj0h4hxMVFwkYhhBDi4iPhoxgTU6ZM4cYbb2Tbtm243e6kekEGAgH8/uDjpcXFxSiKQn5+Pna7nYyMDDIzMykqKsLhSC4oEmND6TyKYk3H9HcMet8fvbyI144VjUKrYlNVDZX+YeFgbnxsNnt4XEkAS29PSovNgabZkhpfEiAjuyTJ4znx+5VgANnTjhHoSbqt8WTJhDMiSeufexF7Xv6g98u7chPrn3uRXVvePwqtEkIIIYQQQkxkEj6KMTNr1izuueceACoqKhKWlVBx8rJ7DmE4C9EHGT6OdfCYSENDy4BlPB5PxIzdwXElTdPAMHR6PK2YbgOzd3ZqzWILB5GKqmGxOlBV7cJ4joNk7d0fIOBV0f3dQ6oHwOGwU1g4MWdwFhPL2id+N6TgMcSel8/aJ37H23feOoKtEkIIIYQQQkx0Ej6KcTFr1sjNFCwmFkNLRXEWobjPYerJ9crbU5E/YYJHgKam1rjbAoEAO1/fw7b/3dVb9sKEN4qiomnRfSkNQ8c0zeDj3V0ewIyaSVtRNTTNRk7B3EG1UdOs2GyhOiwEvIPvaQpwx53XUTp7+pD2FZeOxd96FNes0mHX45pVyuJvPcqhB+8dgVZNXOkLF+Esnkbbu/sv+kl3tBQX2WvXEejsoHXv7vFuTlKyVq3BkpZOy9tvone7E5adjOcnhBBCCDHRSPgohBhRqj0P9C5U1wz0jmNJ7fOLnYML3sbTq6+8xXcf/XnS5dXIMSD7POFtGDoApqkT8HsG3RNS06zY7So+FBTVgt8zcI/NSPMXzOLOj1w/qH3EpSd3Qzn5V13Tb7274jTHH/020++8i9zyjVHbmna8xrknfs28ex/oF1rmX3UNuRvKBz0JTfGtH6LoxptR+gzb0XHoIMe+/fVB1TXaim65jcIPXM/Zn/+Uyp8+Pt7NGVXpCxcx9wv34e9oZ/dHbo/aNuWGmym+5Vaadu7gzM/+O6n6hrLPYM24+69JW7CI49/5Jue3/Zm5X7yf1DlzOfuLn9H8xs6osonOTwghhBBCJGfwM38IIUQCtuLNAKgpxajOwgHLH6nJiphUZmLz+Xy88vJbI1ZfaAZuTbOgB7xDrsNmTwk+1p2Sg6Ikf1n/6F/dMKRjiktL0S239VvnrjjNoQfvo+2dvRz+yv20vbM3vC1y3aEH78NdcTqpOgdiz8nFNbMUZ1Fx1MuWk9ywAat/+QTrn3uRrFVrBn3sIVEUFG1oE1BNRrEm20qdPYe0BYtIX7go6XqGss9QKKoSbnP6oiWkL1hEaunsBOUvna+lEEIIIcRIk56PQogRZclZhd6+Cb3hFbSMRSi2HIzuakx/e8zyJbmd4ceQVVWB4LzT46unnqbK17HllGG327Hb7Xg8Hh79zk/Z/05yvTkHK+Dvxu7MHNK+qqphd7jw+TyQkk2gp2PAmbBv+eDVrF69ZEjHE5cOx5QicjeU91t//NFv464Mhop6Tw+Hvvwlyr73GACHvvwl9J7gkAvuymDvyBU/+knU/rkbynFMKaKnbnAz2Jt6gKonfkPFj3846HNRbfZB7yOG5+S/P8rJf3901PcZrr2f+OiYHk8IIYQQ4lIj4aMQYsTZZ92F356Nr+Z5VGchqrMQ0/Bj+tsx/R3Bl68VTAOXPcA/vv9dnnp7GueaUsJ1qGqoB5+C0vteVVRAidg2OqpqO7G+exeGlkpn2kpqLMv4zTYfb7x1atSOqQcSh4UDURQVmy0Fn09BcWTi93bEnQl70eLZfOaeDw/reOLSECt4BJh+5110HjkUDhl9Lc3hcRx9Lc1RZafedkfcuqufeXLE2jr/y18lb+Mm3JUVpC9cjGqx0LL7LQ7e/0VW/exXuGYGxxpe/tiPad3zNu/d93kWPPQIueUbUa1WAl1dVD3xayp/8l/Mf+BhcjeU0/zmTvLedzVGTw/H/uUbFG6+PmZ5gPkPfIXC67agWm3oPZ647Vz+g8dJmTkLRdOwZWVjeL2c+80vqXj8MUr+6m6Kb7sDe14+iqZheL1U/+5pTv3Hd8m5fANz/vGLpEwvAUUh4HZz7tc/p/HVl1nw0COkL1oCioLh81L3/LOkzVuALSuLQw/ei5biYuEj30BLcXHy3/4vdc/9idW/fAJLahoH7/s8RTfdwpQbbkJzpmDqOs1v7uLwVx4gbe48Fjz8z3hqarCkOElftIS6F56j4aVt4bYYfh8oKoGurn7nuvbJ35MyvYS65//EsW9+jZmf+lum3XkXltRUME08NdUc++bXaI3oOdt3n3hf16qnnmD+g1/B19jIO3/3afRuN7P+5u+Y9pG7qP/z8zinTid90WIsKcH/V9yVFRz95tfoOPReVBsLN29h3n0PYPj9nPrP71H37B+j/q4TnZ8QQgghhEiO9sgjjzwy3o0QQlx8tPQ5WLJXYPi7MXrOoyigWFJQbVnBQNI1A8Weg2JxMT23h81LzrFx4Xmm5Xpw2nScVp3GDhumaWIaBqYRnEnaMALouh/DCIQ/m5gYpoFhGoAS3Mc0AVCUwfek9Osqt6+pYPvRXH79koNnXmzj9Nm2gXccBtM0sDnSh/Von6IoWCzW4HvViqKoGIY/qozTaednv/j2sNoqxl/o33fo37ppBicyCr10XQ+/up/9w5CPk3P5BrJWruq3PqVkBplly2h+cxe6Jxi0BTo6CHRET3y0+FuPxhwvEsBTW9NvfL1EslauJqNsOYoC2WsuI2/jJjKXr6SntgZ/ezu55RvJXLoMTJO65/6EarOROmce3vpaGre/SvrCxZgBP6f/6wc0vvoyeRuvouimW2ja8SoH7/1HMpetIHvtZbgrKzADfnLWX0Hq3Pm0v3eA5jd3YklNi1s+f9PVTL39TrqOHePsL36GLScPe24e7e8eoHXfnqjzmHLdDbhKZ9O2bzfVW58ifcEiXKWzaT90ENVqxZqeQe3//J7mXa8Ht82cRefRI0y7405S586n8vHHqPjRf6J3d9O2dw+FW24kZ305NX/YytF/fphAZycdhw9iy8klbe48Oo8dw56XR8669SiaSk99PZgmUzbfgKemCm99PSUf/yQ95+s5eP8X0FJSyF1/BarVSt2zf6Tg6mvJWrESU9dpen07zW/uZOYnPo2jcApVT/6ajkMHSZ+/gIDbTc3Wp6LOVVFVMpeWYXi9dJ+ppPSez6L3eHj3n/6B1n178DU10fDKS5h+f8x96l94Lu7Xtf3APuy5ebhmleKprsJ9+hTT7vwotuwcqn77K+x5+XSdOEb1009gmgaZy1agYNK0cwdTrrsBe34+zbt20rpvD7bcPNLmzqe7soKOo0dY+PDXkzo/MfJSbrwFTdOwWCxomoamaaiqGl4qihJehv5/77sUQgghxMQjPR+FEKNGdU7BMfdvMLpO46t+AaNtf3iboigotgywZYArONvy1Owuiqe1s9nfjumvxgx0U9/u4Hybg4oGF11eK5WNLrq9Gk2ddpo6e6d7jpg9Wic6bBuqZ3aXsnXP2M7Krge8qJp12PVYrQ5U1YIfBVWzcdnqWezYvofS0mn82388MAItFQIyV6yi7HuPcejBe/FUV/Xbnih4BHAUFAz6mIqqkr6kDHona/I2NtL46st0nzsLgN7tpuLxH1L/5+eY/+Wv4iqdg7NoKnXP/YnZn/0nTMPAffoUrXt3U/KxT4Ch07xrJ56aajqPHyVt7jzSFyzCU1sDpkH7ewc48Ll7AFj2/R/FLZ9RFgzHzv/lf6n5/TOkLVhI2vwFcc/D19xE1ZO/pXXvbjKWLiN3QznpCxZS/cyTNG5/ley169AcDjw11TiKisKT7Kg2G9mXXU7X6VOc/uH3Aci76hoUTSNz6TLa3ztA5X8He2K6ZsxCKd8Ybofu6cYMBLDnF5BSMgMtxYm7soKsVavRHE6admyn/d0D2HPzyF67jsxlKwAwvD3onm4qf/rjYBh57Wac06bjrjjN6R/+J1mr1lB43ZaY5+muOB3uHRtiy8piynVbqH7mSc5v+3NS+8T7unYcPUJG2XIyli6j8+gRXDNL8VRV0fT6dppe3076wkWklMzEfeoUOevWQ4xe896G83jr6zD1AAC5V5QnfX5CCCGEECI5Ej4KIUadmlqKY/5nMdxV6K378LcexvScQ+nTK0+xpqJYU4FiAEwjQHFWO0X+dpbNbcf0nQczELVPV4+F0+dTw+8rGoPvu70alY2u4HufFvVI90AcNn3Mg0eAFKeCYrHi8w0/QNU0C6rDhc/Xw4MPfYYHH/rMCLRQiD56e2CO2eEC/iGP+diXoqrhx5EXPvINAAxfn+EPIn6xkai8oqpgGkN6NFf3dKNYLNiysplyw82U3vMPWDOzMLw9KBYr/vZgr+uq3/4ae24+mStWkbVyNR2HD3L0G49Qs/UpUqZNJ3PFKhZ97VvM/OvPcPJ7/0rniWMEut2kTAv+csff0Y6/rY2U6dPR3cF2dh47SsbSMlCU8Ln629sxvF4saWkXGmmamIFA77lqKKqC4Y09rEM8HUcOU/30E0y/6+MUf/B2ptxwE/UvPDesmcrb9u9jypYbyViylO4zldiys2l+6w20FBeLvv5tci67HCMQANNEcziSqnOo5yeEEEIIIeKT8FEIMWZU1zRU1zSsU2/G9LWgN+1Bbz+E3l0NMSakUVQLij0H7DnhdWagC9PXiuFrw/S1kurwU1Zy4ZHo9fOa4h4/1IuyvsNBQ3vwRtQ0TY7UZOBy6MzIdZNq9+N0qPy/HfNH8MyTE/D3ULZkGucb2mhoaEPXjYF3SkBRVOz2FA4erGTJkpkj1Eohglr37ubwV+7H19ISc/uhB+9N2Pux5/z50WzegEzDQPd0c+K736Hu2T9GbSvc3L+nW6Lyy3/w+JDbYcvKwgz48dTVUnDNtag2G8e++Qh1zz8bHB9yRvB7t/Wdvey5+yNkrVjFjE//LZnLVjDjk5/m8Fce4MDn7sE1cxYzP30PeVe+j5KPf5J3/+mz+FtbcRQUAtBddRZfczPZ69bjKp2Dv70d9+mTZCxeEgyRe3sFak4nisVCoLNzyOcUz7nf/opzv/0Vxbd9iJK77qbg2s10njxOzdanh1Rf8xs78VRX45w2jayVqzECAdre2UvuFeVkLltBy+63OPTlL5F35fuYd5/0+hZCCCGEGC8SPgohxoViy8ZSdC2WomsBMP2d6B1HMTpPYbjPYnjqINC/F5FiSUWxpKKmTAvuF3Bj9gaRhq8VjPgTtxRm9FCY0UPZAG17ZnfpkM9rOFpbWtA0laIp2RTkZ1Jb10JDw/DHmjSM4YWY4tLla4kd5jduf5XDDz+A0ZO4d1iiANJ9+uTgG6QoWDMzo8JBvaeHlrffTG53VUVzOgHoPH6MzOUryV57GQ0v/4XcK8pJX7CIih//KOa+icq7z54hc8UqctZvwNvYQMai3pnk40yOZXG5yCxbjpaSQvqCxfiam4N/H9dcC4qK6nBSdOMt4YlpNKeTGXd/Cn9XBzVbnyZz314yFi9BczqZevuH0ZxOqrc+TfOuHWSvWYvmdKJ3u/HUVJG5bCWmadC963X8rS1oDgcp06bTdfI4HUcOk7ZwEQX6ZrJWrcGeX0DO+iuwpqXTeOpEzLZ3n63E396Oa2Ypee+7mowlS7FmZKC73WgpLvRud8z9UqaXUPzB22na8Rr1LzxP7vpyslauxuJMvld6LO0H3yV1zhwylpbRU1dLw8t/oeDazcG/fpsNW1YWeRs3oTqcaL3HMg0DFAXV3n8G9KGenxBCCCGEiE/CRyHEhKBY07DkrIGcNQAcOXyCIwffo/bsKaxmJ7MKfSya5ibbFR12KBYXisUFKcVogBnoDoaR/tbgUh/8o3MbF9T2PnZtYhjmqM+uHYumqUybmktOThrV1U10dsafPXcgbrc8PiiGpmnn68z7Uv/1VU/+pl/wuPhbjwKEZ70Oqd76VMzwsWnn64NqS8DdBYpK8a0fovjWD4XXdxw5TOOrL/Urb/h8YJoo1uA4qt3nzpJXvpGl//ofNL76MhWPP0bWipUUXH0tBdd8AEwTd2UFja+9EvP49S88G7d8zdanyCxbHtx29bW4KyvQu92klJTErEux2pjxyU+jWCz4O9o599PHg+fx2iukL1zMvPsexPB56Th8iNS584PjSi5bTubylcy798HgTNF1tdT8fisF115H/lXXUPr3/wcAf2srtX/8PQDtB98je806TEPHXVmBr7kJU9exZmbhPnsGgJqtT5M2Zx6F121h/bPbwDTpOHyQ6qefiNn2jiOHqf/z80z/6MdY8i//SqCri+6zweVS+wAADy9JREFUZ7Hl5pK1ajVNO16LuZ9z2nTyNl3NtA9/FBQF0zBo3f0W1b97Jmb5ePp+XVv37qZw8/VYs7JpePVlAJpe38GULTeTvXoN6373LJ6aajzVVaSWzsaeX0D7wXfJXL6CuV+8H0d+9NijQz0/IYQQQggRn2KaYzxgkxBCJGAYBn/6n5d4+aW3OXnibNS2smXzuP6aBaxbbCHQdRrTUwee2oT1mbon3DMyGEYmF+JtO1jIj/7SvwekoqjBmbv7zEqtKiow/Jk2P/fhbGq759Duz41a39zcQVV105Aexb75psv48B1XDrttYvxEzm4Nwe8T0zTRdT08u7Xf7ycQCOD3+/H5fHi9Xnw+H02f/tiwjr30u98nd0N51Dp3xWkOPXgf7srTQPTkMg0v/yUcQLpmlrL4W9/BNSv6e6lp5w7e+8LnhtWukZK1ag22nBy6ThzHXVkx5PJaiovstesIdHbQunc39vwCAl1d/XrKhR6lPvatf0bRNFr37Y0q45o5i9TZc+k6dQJ3ZUVUPa6Zs0idO49AVxfNuy6Et/b8AjLLlmMEArS8/eaQeueF6vY1N9O6d/eA5dMXLsJZPI22d/fjbThPyvSS8MQ/iWStWoM9L5/us5V0HDk86HYORs76KwBo3vU6WooLS2oq3obkHvcf6vmJ4cn9719is9mw2+3YbDasVisWiwWr1Ro183Vo1muQ2a6FEEKIyUDCRyHEhPLittf5wfd/G3fSlaKiPO69/1MsWBAMMwxPLUbHCQKdpzC6KqCnPmH9pu7tDSJDYWR33LL17Q7+Z28xh2vSBzVhzXD88fO7AOgKZFHbPZsazxxqPXNwBzLQdYMzZ8/T1ja4YOHmm9by4Ts2jkZzxRgZz/Axd0M5S7/7/X7r3RWnOf7ot5l62x39ejY2vPwXqrc+xbx7H+gXPAK894XP0bRzx7DaNVmFwscjjzyUVMgnxKVEwkchhBDi4iSPXQshJpRdO99JONtzbW0jr778Zjh8VJ1FqM4iLAXBcC3Q8g6BlgMYnSfA29Bvf0WzozgLwRmchME0fBeCSF8rZuBCsFeY0cNnrjod/lzXFpyoprPHQmXvrNoAlY0uur3RPSGHIsWuh9+nWlqZm76Huel7AGjz5VPrmcPsjDkcOJdPZVV30r0gfT4/7e29E/qYenDGcDOAEfCjBzyYRgDF1DENP4pigBEAdDACKIqBLXcNTqcTi0X+y7gUNe3cQeP2V8i7clPUetesUlb86Ccx98m/6pq4E800bn/lkg0eQwyvV8YOFEIIIYQQlwzp+SiEmDBaW9r42F334/cHEpYrKZnC4z/5+oD16W3vEWg5QKD9OIq3Lqk2mIa/TxjZf9KbMaNoKJYUFC0FLK7e9y6wpNDlddDpUTD0AJoKmgqqagaXSnCeC001UVWwaCqaagImCoO/5OtKCn77DNQpW8gsGPtZwMX49nwMWf/ci9jz8odVh7exgV1b3j8i7RFCXHyk56MQQghxcZJuLEKICaOj0z1g8AjQ0NCSVH1a5lK0zKXYAcN9Br3lHfxtR/C1VWCzxt5HUa0ojnxwBEMW0whg+tuDPSID7uDs2gF3sPfgSFPtqLZMlNDLkhq3aJrDR5oj2Yr1gYskoJndaD1HMM6cosNzE+kzNg+rPjE57dryftY+8buYj1Enw11xmrfvvHWEWyWEEEIIIYSY6CR8FEJMGE6Hg6zsdFpbOhKWmzGzOO62UL++yD7dJkDKDNSUGdimfpBv3vcwWepZSotMSgoVpuarpDpj95hQVAuKPQfsOdHHMXz9A0kjAKYf0wgMHE6qtvBM3Yo1PRg2as7E+yRgmgboPcHZvXUPpuGLW1ZRNNAcoFjA8GIa3ui/MEVFUe2g2S8sFQ3V9GE27wAJHy9Zb995a9TkMsmKnIRGCCGEEEIIcWmR8FEI0Y9JMIsyB3hP321cyLAulDUvlO27vc9nMrKZNX82+954J2H7ps+fy5nu0GOoEfsnKbe0jG2/q+WliMPMmaqzYJrB7GKTkkKV4nwNVYlfq6LaUGw2sGXFLRMOIY0AphlAUS2gWEG1oijqIFocqs+H6e8KhouhkFHvCc7gnSBsHDGqDX/uVXi8Znheb0W5MMe3Aigo0euU0PrelxJZts/2GO/F0I3WI4iHHryX3A3lFN1yW79ZsPtq2rmD2j9sveTHeBRCJE8enxZCCCEuPhI+CjGJGb3Bn2GCQTCIi700Y6+PqCNy23gOBLvyirVUHK+ktbk15vaZc2eyeHUZxjAaubp8LWdOVHD84PHwupPVGierg5PG5Bflc/PHbmPNIjvW7pNo3Wew9tRiDTQN6jiKagEsoA0+SDNNHdPfEX7h7wgGjuPJ8NFTcD2+hJ06R+5fTyiEVLkQRqqhZZ9twaUSZ31wqUbUcTEayxv2pp07aNq5A8eUInI3lJMyYyaOggIAes6fp/tMJU07d9BTVztmbRJCXJwkjBRCCCEmPwkfhRgHobAwKjTss84wzXAg2DdcjAwdLzbL1q3ANE1e/MP/cvbkmahti1Yu5tpbr6N0wexhHaOopJjNH9oCisLx945FbcsrzGPz7VtYdtlyfIAvbWHUdlvnkWEFkomYgS6MniZMbxOmv33E6h0pXQu+ja9wy5gdLzIUTy7TTO4bIjKE7BtKhj/3BpmR62KVG2/xbsrHagKGnrpaqp95clSPIYS4dAx07ZIgUgghhJicJHwUYoSYgG7Gepkx14v4ll++kvyiAqoqztFY34CqahROm0JJaQm5hXkjcoy5S+ZTPGMqR/YfprGugUBAJzsvm7mL55FfVBB3P1/awriBpMVzBs3bCKaOYhoo6ICBYhoQ+mwaKBh0dBkYhoFLa0YLNAYDR907Iuc2GtxzHsI79c7xbsaICIX2ib8PB/4m1ZRYLyXm+rG6XVYURWZ+FUJMapHXMLmOCSGEEBcHCR+FSEIgRngYiBEqXow9EcdL8YypFM+YOqrHcKWlsrp87bDriRVIxrP/jT2888Zezp06R2N9EzZ7EfOXbmTZmiWs23QZmEZveBkMKkGH3vfBdcFAM1Rm92u7eO25l1AVM9gjTzV735sR72HFujLWXLmmNwjVe+vtc6ze9eEyoeOi0zPjU8P+e7rYxP5FQv+LgBojjLT0CSktvcuhineTLjfuQojJJN51TK5lQgghxOQm4aMQfegmeA3wGeAzzN7leLdKXAzefXsfzz3xLHVVdeF1Pq+f9/Yc5uC+I7i7/Vx10weA5EdOrOk4zqnzGQOW00qms6zg+qE0WwyT0fuLCX/U2v5fYZsaeinYe98PNpAM3aRHvoQQYrKQa5gQQghxcZLwUVzy/EYobDTDoaM8Fi1GWktDE68++3JU8BjJNEzefOVNZi+cR8mcmUnXm5qellS59Mz0pOsU4+PCLzqCFyBNIRxC2pTg0hKaLVxRMHunek/UU0hu3IUQk0mia1fkOrm2CSGEEJOLOt4NEGK8tflNGrwmbX7w6BI8itFx9tQZThw6mbBM7dlajhw4NKh6i2dMx5HiSFjGZrdSunDOoOoV4083oVuHNj+c95p0BKIvTn1v0GP1GJIbdCHEZDLQdUyua0IIIcTkJOGjuOTZhzPQmhBJaqitT6rc+arkyoXMXTKPDe8vT1hm1RVrWLpm2aDqFROPXY1/0x3rZl1VVVRV/psXQkweoetWsr9IkSBSCCGEmBzksWtxyUvVwO5U+o3xKD0gxUjStOQut8oQwqKrb3o/AK88+xKGfmGAUqvNyprytZRf975B1ynGl0UBa8QYkNbex65j6XvzHQoeQ0shhJgsIq9dsa5tQgghhJicJHwUlzxVAXvv2GoQ/MHWMHvHXzPB3xtI+o3grNdCDEVRSXIzd5fMnjHoutOzMvjg3bezdPUyjh88SmtTK2kZacyYO5OytcsHXZ8YW5beYNEaChp7x3hUo+6zL4zxGEvf3o7S81EIMRnFuoYl86i1BJNCCCHExCbhoxAxqAo4NAiOpBf8gdYk2Buy/8uMuV6ISFNnTads7TLefftA3DKz5s1iXtmCIR9j9qI5zF4kYztOBArB64jW76XEWBe6ygyi/t4JZ+KNjxa6adc0bTROTwghRoWmaQkfvQ6FjBI2CiGEEJOLhI9CJEkh2EPJ0u/n3f4/AOtmsPdkOIwk9PlCUBm5XbLKi196ZjofuP16ujq6OH30VL/trjQXV15/FVOmFY1D60QyVKIDRTUiUAy/J3r7SIqc4Tryc6Lg0TRNFIcDs6dnZBsjhBAjTHE40DQtYQAJsYeaEEIIIcTEJuGjEKMgFD5Y+23p/wOySTCIDC0NEwzA7F1e+GyGP4f3iSgTWY+YmEpmz+CWu2/jvbff5eTh49RX15HiSmHRiiUsv3wF85YOvdejiC3UA1EFlMhln3WqosQsq/aWDW2baLe4kYFkKHg0DCMqfEy/chPt214Y55YKIURi6VduigofY439KEGjEEIIMTkpZqJBpIQQk07fIDIUZPYNOU0uBJpmgrJmjHVCjJTIUE8JhXwR7yMDwwvblKj91Bhl1Yi6Lyah/7JDS8Mwgt/HhhF+6boe9QoEAtQ//hgd21+RHpBCiAlHcThIv3IThZ/5eywWSziA7NsLsu9EWvIIthBCCDF5SPgohBiUUBgZfs+FcDJ0MRnwc586gmXM6O0R+9JnX8w+nyOWsbb1e9/nqtf3IhjzojiKwasS/iPG+kSfldjblMilEmNdxLZ+62OtI+Imr0+56DIR72PUFbVPn/1FcvqGj6Zp9gsf44WQoVdoW2RwGaonsk4hhBiOvo9KR/ZkDPXODi1jvSJDx1iTz0j4KIQQQkwe8ti1EGJQIkOmqJUjUrMQIpHIcR77jv/Yd2brvttDZXRdR1XVfsFjZPm+4aOEkUKIgSQai7HvuLSxAsjIZazQMVbdEjwKIYQQk4OEj0IIIcQkFXnjHTn5TKzHEhVFCY8HGSt4TBQ+CiHEYMULH/sGkJGvWJPN9N1fCCGEEJOPhI9CCCHEJBTZCxKImmwmtIwsG1ofr8dj36UQQgxXrEekYwWQfYPIWNult6MQQggxeUn4KIQQQkwifR+5jhQZPMabBTsUPgISPgohRlW88BGIChUTvR+obiGEEEJMfDLhjBBCCDEJxZt8BgiHi7EerU40uUy8HwnkRwUhxEDihYGxHr+OfB/rkWwgavgImWRGCCGEmNz+P8Xtzo7g0pawAAAAAElFTkSuQmCC
----[INFO]----Unable to locate elementPatient Module
----[FAIL]----Element 'Patient Module is not present
----[FAIL]----Element 'Patient Module is not present
data:image/png;base64,iVBORw0KGgoAAAANSUhEUgAABR8AAAJmCAYAAADVS/dbAAAAAXNSR0IArs4c6QAAIABJREFUeJzs3Xl4lOW9//EPkH0SlgATkCVkoUQYIkohGCuWoKCnINLaH6Di8YALVY+gBa1iqhb3pbgcW2Q7FlCwrUWFUwVMUNRAWATDgEGTDIlEyYBBSIaBrL8/spBlZjJZJjOB9+u6vGqeeZbv8zxjox/u7313qqysrBQAAAAAAAAAtLHO3i4AAAAAAAAAwPmJ8BEAAAAAAACARxA+AgAAAAAAAPAIwkcAAAAAAAAAHkH4CAAAAAAAAMAj/LxdAC48JRWVCujcydtlnBcyzAcabYsw9laE0eiFagDPKbbZlGM5LJvNpmyLRZIUExUlg8Gg6KhBCjUYvFwhAAAAAMARwke0q7RvT2jdoVNKio/QlIFBIoJsnmKbTVtSt2pLSmptAONIqMGg+OEmJSYk6PKE0U0GMwsWPuowyHTkLy//WTFRUW7tu2BhssvPp06epMQxCQ4/W7J8hbIth926zgtPLaq+nvv3IZ0Lr0JDDYo3mRRvGubWvWWYzU3eW4140zC98NST9bZNnDK12ce6ez1JmnP7LMVERTXreTiq0xlPndeRLalbtf6DDS6/75IUYTQqcUyCrkka5/b3EwAAAADgeYSPaBe5P9q17JM8bTYf05iRA/RB3hltt5ZoysAgJRoDvF1eh5C2I10vvfqaim22JvctttmUtiNdaTvSFWow6N2317RZHVtSUhVz+2y39s0wm11+nmOxKH64yWE4mm2xNCtIbIm6gVbajnRJVYHk1Osn65qkcR69dnM19SzrsrnxHfF12RaLXnrltSZDxxoFVqvWf7BB6z/YoFumT9PMGdM9XCEAAAAAwB3M+QiPKq+o1JLUXP32f/Zos/lYvc+OnanQ8m9O6yVzsbJOlXmpwo5hc0qqnnjmWbeCx4ZacowrW1K3ttm5im02rVm7rs3O1xayLRa9+MqrWrAwuc2fHdyTbbHowYXJbgePAAAAAADfRfgIj9mwr0BTX92tlZ9953K/Az+V6emMYq3OtutUaWU7VddxFFiteunV1zx6jea0qdaMqmwr6zds9MmQKcNs1t3zHmhVAGkICXH4bKOjBjV5bHTUoBa1D0dHDZKheiRpTFSUDCEhbX4tT523xkuvuDfCFwAAAADg+zpVVlaS9qBN7c09qWWf5Gn34ZMOPx8zcoCKu3dz+Flgl066YWCQJvYL9GSJHcrjTz+j7ek7nX4ebxqmeJNJBVarCqxWh63Km95f79a1br3jLhVYrU3ud03SOM2fe1+T+2VbLLLZbE3OVxhvMtXO21hXsc2mJctXOBxtaQgJ0arlSx22bLuakzDeNKz2749arbJajzncr0ZMVJT+8vKfHX7mau7HqZMnaU4T7enO5n68PGG0Hn/kYYefubq3d99e4/B5rF67TmvWvePwmMce/oPTeTeb4onzbk5JdRm2R0cN0iUmk6Sq71d2jkW206fr7UPbNQAAAAD4DuZ8RJs5VlSipZ/k6f0vj7b4HGfLK/WOxa40a4luGBikS3v6t2GFHdN+J0GTISRELzz9ZKORZc1ddKVGtsXiVvAoyWUYWpe7o94yzGZtTknVhPFJ9baHGgxOV+6OiY5q0QrHDRc/qZ0rcMNGh/tnWywOa2uKoRWrL7d0wZSWPI/QUM+sEt3S87qa2/L39/13o/fgKgAFAAAAAHgfbddoE3/7/Iimvrq7VcFjXd/ZyvXa1zb9JdOm/NPlbXLOjijDbHbafho/3NSmq/puSUlttM0QEuJw4ZW2br2WpDdWrPRKq22E0ag5t8/WnNmznO5DuNV+nAXghpCQZgfAAAAAAADvY+QjWuXjg8e17JM8WY6dbnrnFth9vFS7j5fqP/oHasrAIPl37uSR63REzlY0rhtIxle3p7ojzcFoxvjhJiUmJDhse96cmtridl1Him02rf9gg9faZadeP1lp6ekOR41WtbObm/U80TLORu02bK2uEWE0Kt40TBFGY+0o2UuG854AAAAAwFcQPqJFMn8o1rJP8vTZN4Xtcr1/HzmrNGupbhgYpLF9Atrlmr4uw3zAYTtwU/MMOuKs5ToxIcFpwLg9faeKbbYWtfo6s2bdO5owPslpq7WnXZOU5DT8+mo/4WN7MBp7O52H86VXX9Pv7/vvetsmjE9iRCQAAAAA+DDartEsxWfK9OdNObp16b52Cx5r/FRSoTezTuvZ/cXKPFnWrtf2lqbmDXzp1de0YGGy23MwOuOo5VpSbfB4ecJoh5+3deu1JL34imdX9nbF1Yg5V3MRou30cRE8b05J1a133KUtqVtZDRsAAAAAOghGPsJtf9/5vZZ9kqeTdu8Gf9+cLNPz+4v1i4gA3TAwSOGB52+GHhMV5XIkmFQVimWYzQo1GJQ4JkHXJI1r9gg9hy3XpmG1oxovMZkcBpxp6emtGnUWHTVIOZbD9bZlmM1K25Hepi3d7mrLEZcZ5gPMFdkCiQkJLhdMKrBa9eIrr1btOyZBiQkJDuclBQAAAAD4BsJHNCnt2xNa+mmeDuYXebuUej4vKNF2a4mmDAzSpAFB3i7HY349ebKWrFjZ5H7FNps2p6Rqc0pq1SIqs2e5FeC5armu/fsxCQ5raG3r9czp0/XXFSsahatLVqxU/HBTm7Z0uyveNMxh+NUwJG1KTSiM5rlmfJJWr13ndI7HutJ2pCttR7qWLF+hqddP1g2TJ3nlOwMAAAAAcO78HTKGVsv90a5H3z2keW8f8LngsUZ5pfSv3DNa+GWRdh0v9XY5HjH1+snNHtlVYLXqiWee1RPPPNtke2rGfscBWd3gMsJoVHTUIIf7OWvZdkdoqEG/m914jsoCq1XrP9jQ4vN6Am2+7SPUYND8ufc165him02r167TgwuTlW2xeKgyAAAAAEBLED6ikfKKSi1JzdVv/2ePNpudt/v6kh9Ol+uvmTa9ctCm3OJyb5fT5ubPvU9TJ09q9nFpO9L1xNPPutzH0UrWRmPvRi3Ilzhp5XZ0fHMkjklQvGlYo+1r1r3jcESmtziqEZ6ROCZBLzy1SEZj72Ydl22x6MGFyQTFAAAAAOBDCB9Rz4Z9BZr66m6t/Ow7b5fSIl8VluqJfUVam2OXvazS2+W0qTm3z9YLTy1qdghWM4eiIwVWq8ORYlckNG7XdtbC7axtuzmcjXTz5uIz8K54k0l/fXmxbpk+rVkhZLHNpjVr13mwMgAAAABAczDnIyRJe3NPatknedp9+KS3S2kTW74/q+3HquaDHN830NvltJl4k0kvPPWkCqzWqvnu0tNdLs5RIy3d8QIuzkLJDPMBLViY7HZdaTvSNfX6yW7v31CE0ahbpk9rtECLN+ZMdOd5uuOapHFNLsbTnGd8IQo1GDRzxnTNnDFd2RaLtqSk6iuzucn5N7ekbtWc2xu38wMAAAAA2h/h4wXOeqpEyz7N0/tfHvV2KW2uuLRSb2XbaxelGd7D39sltZkIo1FTr5+sqddPVrHNpvUfbHC5srKzQM1Zy3Rz583bkrq1VeGjVDW35ebU1EaLz7RnAOlqBGeig9GgrkQYjc1edRzOxURFKaY6UMwwm/XX5SuchpDFNpuyLRbFREW1Z4kAAAAAAAdou76A/e3zI/r1a7vPy+Cxrpyici0+YNPSQ6dVYK/wdjltrmZ02JzZs5zu4yhUc9Zy3RLZFkurzxVqcLz4THtyNhJUkuKHEyT6ipoRwK7asW3M+wgAAAAAPoGRjxegjw8e17JP8mQ5dtrbpbSrHcdKtONYia4fGKQpA4PUydsFuWFzSqq2pG6tN/rvlunTNHPG9Eb7XjM+SUtWrHT73K6CtpbYkpJaOzKtpWoWn2mr1ufmWr9ho8PthpCQC24U3cQpUyVVjeCMMBoVEzWoTVqZXZ0322LRkuUrlWOx1C4aE28apheeerLReUINBvUxGhuNlAUAAAAA+BbCxwtI5g/FWvZJnj77ptDbpXjVB3lnaluxE40B3i7HpQKr1e22Y1ctw44WqXHWcu1qrsLiYpueeMbx6tlp6TvbJJyaP/c+3XrHXa0+T3O99OprTp9ha1vKO7ICq7X6ubTtAk6Ozmuz2ZrVZl/gIniMvsDCYgAAAADwVYSPF4DiM2Va+mme1u343tul+IxjZyq0/JvTtSFkbNeO/Y9Csc2ml1ysDN1w1J6rluup1092OcovOmqQw7n2as7Z2hGCzhaf8ZQCq1VLVqx0OhLUEBJyQYePbam4DVuhXYXFRmNvhRoMbXYtAAAAAEDLdezEBU36+87vteyTPJ20l3m7FJ904KcyHfipWOP6BmrKwCB19ff9Zuw1695RhvmALqmegzDbYlHGfrPLYKfhStfOgj2jsXeT4WFiQoLThT7aovVacr74jLtcjYiru8K0rXphElfm3D7baZBVXNzyMK2lc2TabM2fLsHV/IdVbf3129xdjaJtj/PWlWE+oLvnPaD44SaFGgwqsFr11X6zy3NNSHK9yjgAAAAAoP10qqysbNteOviEtG9PaOmneTqYX+TtUhoZM3KAirt383YZjQR16aQpA4M0sV+gt0uptXrtulaPALw8YbQef+RhSdL6Dza4NS/knNmzGo32czT/pDO3TJ+mCeOTtCV1q77ab3Z6TExUlCIijJo6eVKjlaHTdqQ7bfGWHM8FuGBhcr35AlvL2fyajuYmdCQmKko3TJ5Ur4295lh3nmPdd7dgYXKdVmXnQg0Gvfv2GknSkuUrlGE+0CYLC9V93p46b4bZXC8cbglDSIhWLV/KyEcAAAAA8BGMfDzP5P5o17JP8rTZzCIMzXWmvFLvWOy1rdiX9vT3dkmtFh01SPPn3lf7s7uhnKP9mjP/ZM3+q9euc7lPzSrZ0YMGNQofW7L4THPqc8UQEqI5t892Ovelu3MTZlssjcLC5sxrWHdkobvH1H13bbEKuSOeOm9rGUJC9MLTTxI8AgAAAIAPIXw8T5RXVGrZJ3la+dl33i6lw8uzleu1r236eS9/TRkYpH4hXbxdUotcnjBa8+fe16GDmPlz79Pv5t4v22n3Wo2Nxt6tXv34mqRxmjljuiKMxladB+2rJmi/0FYlBwAAAABfR/h4Htiwr0DLPsnT0ZNnvV3KeWX38VLtPl6q/+gfqCkDg+Xfuf1rmDljuhLHJGhLSqq+MpudzrVYwxASosQxCZowPqnRSEKpajGXuitfH7VaWx3WeVKE0aip1092u/W8j9HY7PuJNw2TwWDQJSaTEsckEDp6UbzJpFXL3lDajnSlpae7Ner18oTRSkxIcDpKFQAAAADgXcz52IHtzT2pZZ/kaffhk94upVl8dc5HV3oEdNaUgUEa2yfA26Uo22KpbcfNzrEoJrpqpFeE0ehTwVmxzaYcN1tzfa12+I6681zW/b4bDAZGOQIAAABAB0D42AFZT5Vo2ad5ev/Lo94upUU6YvhYY0g3P00ZGKS4bgwaBgAAAAAAaArhYwfzt8+PaNmneSopq/B2KS3WkcPHGldGBGjKwCCFB3qhFxsAAAAAAKCDYPhWB/HxgeNa9mmeLMfcW3gDnvVZQYnSrCW6YWCQfjUgyNvlAAAAAAAA+CTCRx+X+UOxln2Sp8++KfR2KWigvFJ6N/eM0o6V6oaBQRrVy9/bJQEAAAAAAPgU2q59VPGZMi39NE/rdnzv7VLa3PnQdu3IJeH+umFgkCJDu3i7FAAAAAAAAJ/AhHU+6ujOR3Xixzxvl4Fm+OmMTSlZK7xdBgAAAAAAgM8gfPRRF4UUa37If+qFUSky9aU73pd19Zcu75quiNO3ylCxx9vlAAAAAAAA+AxSLR83omSlRhhX6t99ntCbh+J04nSZt0tCHSO75cqv+GmVnzrp1TqKbTblWA7X2xZvGualagAAAAAAAKoQPnYQ/1HxmMZdPEBv2R/ROwe7erucC15c2Cn1KvtflZzcLm9Nmro9fac2p6YqO8eiAqvV4T6hBoPih5sUbzIpMWG0IozGep8vWJjcZvW88NQiSVK2xaIly1e63Hfq5ElKHJPg8LMly1cou0GQ6khM1CDNuX222/u3xAtPLXLrftxVU3ONlj7/S4abFGE0Kt40rNE7BQAAAADAlxA+diDBZd/pdv/fKenn/6HVx2/W557JW+BC3+ByRft9pNKi1SrxUg1pO9K1ZMVKp4FjXcU2m9J2pFcds3yFpk6eVC/8yjCb27w+m83W5HkLrFbFDzcp1GBo9Fm2xaIM8wE3rlTZzP1bxp37cV/9qLql5617XLzJpJkzpineZGpVZQAAAAAAeAJzPnZA0aX/1mPdbtbjI9MV1dPf2+VcEAK7SAndMjTAfrNKi1Z7rY4lK1bqiWeedSt4dCTbYmnjilqmwGrV+g82eLuM80KG2awFC5O1OSXV26UAAAAAANAI4WMHdkXZq1ra///prvh8+XfhVXrKJV2P6rLOD6ry5NNereOlV187rwK79zZsbHGIisZeevU1pe1I93YZAAAAAADUQ9v1eeDGTg9q3KXxWnNqrjZ+E+Ttcs4bMaF29a1cq5JTm1Xu5Vo2p6S6NbLNaOytUIOh0eIzzrz79hrlWCxO5x40GntrQlJSvW0FVqu2pG51es54k0mrlr1R2x7uTLHNpiUrVuqxh/9Qb/sLTz2pDLNZm1NSHV7HaOytv7682GHL9rkahtW2IW9OTZXVeszhfrdMn9bkPblzP3WvVyPbYtH29J1Oa5Safv6GkBDFREfV/txUe/mSFSudzqUJAAAAAIA3ED6eJ3qWZmhu8GyN//l0rfphivbmV3i7pA6rV2ClhgR+qtJTS7w2r2NdxTab3nAR4hmNvTVz+nRNGF8/JFz/wQaX4Z9UvSCNi7kC+xiNmjljeqPtrsJHSYowGuuFZs6k7UhXhtncqIZ4k0lf7Xc8H2Ifo9Fl8ChJM2dMrz1nhtnsNHyse29fudivqfupmnex8XOaOGWqyzqbev4x0VF64akna38uttm0ZPkKp8+/wGpVtsWimKimnz0AAAAAAO2BXt3zjKl0nZ7vNUMPXmqWMYxsublGdftG0WdnqPTUEm+XUmv9BxtUbLM5/Cw6apD++vLiRsGjJLfCP1/w4iuvebsESVWhpq8LNRg0f+59Mhp7O93H5uS7AgAAAACAN5BOnaeuqXhG4wZ301tn/6Q1B3p5uxyfZ+r6o7qd/atKT7b96s+t5WqU4fy59zU5CtATXnhqkQwGQ5uMsCuwWrV67TqHIwfdERMVpaNWq9NRiy3RsN25pdryOdV1icnk9HtRXEz4CAAAAADwHYSP5zG/8pP6T7+5Svr5WK0unK2tObzuhgaGlGhg5/dUcupfKvV2MQ4UWK1OF2W5PGG0y1ArwmjULdOnKcJoVJ+IqlF9hjYKKl21CrfEexs2asL4JEW0YPThnNtna87ts1tdQ9325rbS1s+phqvnFBra/mE0AAAAAADOkEZdAAaUbtMjYdt09cjb9bfvrtE31jJvl+R1Yf6SKSRd5ScX+8S8js64Wr04McH1wiIRTuZr9EXFNptWr12n+XPv83YpHUKG2fkI3WjmewQAAAAA+BDCxwvI6LLlGt13ud7vu0grvx6s0yXeXsPZOy7rlquA4qdVfvKkt0tpkrO5HiXVjmb0pALrMa1Z947LfRyt9NwUo7F3ozbpLalbNWF8UpuPFow3mZpcJbq1MswHmnxO1ySNa9HIzoYKrFan93NN0jivtOEDAAAAAOAM4eMFaIqS9UtTlN6yPaT1h8K8XU67iQsrUq+ylSo5uV0dZS3wbIvF6Weeaumtq2Y+RldumT6t2bXMnD5dS5avkO306Xrblyxfqb+8/Odm1+ltGWazy9GIUlVI29rwMdti0UtOFugxhIR0mJGuAAAAAIALB+HjBapbuUV3B83R+JGTtco6XTu/83ZFntM3uFzRfh+ptGi1T7dYO3K+rlzcJ8KoqddPbjRaMNti0foPNmjq9ZO9VJlvybEc1oKFyZJct1objb31+CMPt8nISgAAAAAA2lJnbxcA7xpStkFPhd+shSN2q1/38yuLDuwiJXTL0AD7zSotWu3tctDAzBnTZTT2brR9zbp3XLabX0iKbTaXoyqNxt66Zfo0/fXlxW2+ojYAAAAAAG2B8BGSpF9WLtabkdP1X8O+93YpbeKSrkd1WeeHVHnyaW+X4jHnQ0C3wMECM8U2m5YsX+GFajqe07bT6tSpE/M8AgAAAAB81vk11A2tVKmb/BYo6bKRWnPybm3KDvJ2Qc0WE2pX38p1Kjm1Sef7cjo5FovH532MNw3TC0896cHzm3R5wmhtT99Zb/uW1K3tMqdlW7ll+jSvzLdYs0p4cXGx5tw+u92vDwAAAABAUxj5iEb6lO/R/NDZev6yf2tYn47xFekZWKkrun6insX/pRLbJm+X02ZcBXDZOc4Xo+lIfnf7bBlCQhptb2oBlwtBTVv1LdOnaerkSQ6fkySt37BRBVZrO1cHAAAAAEDTOkayBK+4tPwtvRwxQ/PiD6p7cBdvl+PUqG7fKObsDJWeWuLtUtqcq3n80hqMFnRkS+pWZZgP1P7lavVsb4kwGllgxok+RqNmzpiumTOma87ts/X4woed7tvUquQAAAAAAHgDbddo0q86PaVxQ3rprTOP6e+Z4d4up5apa6G6nf2LSk+evyPkYqKdh481C5G4Gh354iuvNtq26f31ra6rwGpVgfWYJCk6alCr5xycOWO6Nqemylp9zvNFWz+neJNJ8aZhyjAfaPTZltStmnr9ZBaeAQAAAAD4FEY+wi0hlcd1R+B/643LVuiKSO/OpjgwpES/CP27Qk7drdKz52/wKFWNCow3DXP6+ZLlK72y8MzmlFQtWPioFix8VL+56RZNnDK11SPvHC0+09E5ek6tbSd3NbfkkuUrW3VuAAAAAADaGuEjmiW6PFWPd79Vj434TIPC27cVO8xfurxbuvqcvlUlxf9q12t70zVJSU4/y7ZYdPe8BxwGWh1tNeyaxWfgWs3oR0dqRsMCAAAAAOAraLtGi/yicol+MWCJ/nHRU1r5dZTKyis9er3LuuUpoPgplZ886dHr+KIJ45O0fsMG5VgOO/y8wGrVgoXJijAaFWE0qk+EUUcLrG4vQOIqpLTZTjdq8bXZbI1Wp24rv7t9tjL2m2U7fbrNztkeC7FYjx1r9JwKrFZtSd3qketNnTzZYeu1JK1e+45eeKrjrBQOAAAAADi/ET6iVX7bZaHGxf9Ma4p/r//7NrTNzx8XVqReZf+rkpNpqmjzs3ccjz/ysH43936XoVzV/IJWZbg58K3AatWade/oq/3OD8i2WLRg4aPNqrUmdEvbke50nyXLV8pgMGjmjGn15qysWXxmzbp3mnXNhtJ2pGv9ho2SXK+aPXHKVEUYjUpMGK05t892uI87z2lzSqo2p6Q2u84nnnlWBQXOw9Ecy2EtWJisObfPqp3LcfXadS7D3wyzWXfPe0AGg0EvPLWo2TUBAAAAANCWCB/Rar0qvtG8kLs0/tKpWlVwo/Z93/pz9g0uV7TfJpUWrVJJ60/X4UUYjXrh6Se14JFH22xUYIHV2qLAzJ3zNjX/Y82q21/tH9ZowZyZM6YrLT3d6UhPd2RbLG63HxdYrS5XAffUc5LkMqCVqkalZpjNstUZnZphNje5arkvrmoOAAAAALgwET6izQyvWK8Xeq/X5t6/15vZo3SsuPkL0wR2lkaEZajy5NMq9UCNHVlMVJReePpJvfjKq60K5jqC390+WwsWJnu7DAAAfEZRUZHsdrsqKz071Q0AAB1Vp06dFBwcrLCwMG+XggYIH9HmJugl/TI6QG+XPqO3vu7j9nGXdDsqw+nFKjuZ68HqOraYqCj99eXF1W3FG5zO+9eQ0dhbVyQkaOr1k2u3RRiNniqz1eJNJl2TNM5jcyYCANCRFBUVqbKyUr169VLnzqwXCQCAIxUVFSouLlZRUREBpI/pVMkfn/qk07vvVemRDd4uo9XyOiVozU93aevhwNptY0YOUHH3brU/x4Ta1bdynUpsm7xRYpvqERKpaZe90W7XK7bZlLH/XBuuzWbTUau1dn7AmKgoxURHtWvQWGyzKcfNtt+aRXIAAIBzVquV4BEAADdUVFTo+PHjMvLfmT6FkY/wqIGV6XqkW7rGj/hP/S3/Wn177NyyMT0DKzUk8FOVnVrCvI4tFGowKHFMghLHJHi7lFqhBkOjeRwBAEDLVVZWEjwCAOCGzp07M0WJDyJ8RLtIqPybEi76m9ZH/FFfVl6kUd2+UaeTf1TZWW9XBgAAAAAAAE/hj1DRrv7foP2aO+KsLgnd5+1SAAAAAAAA4GGMfES76BI+UkFx8+RnHKsYSTG6WD8zjtfu3NU6XLjD2+UBAAAAAADAAwgf4VGdAnspKO5+BUTd0uizXoYYXTv0ceUc/0y78tboxGlWuQYAAAAAADifED7CYwJj71Rg3Dx18jO43C+615WK7nWl9h55R7vz1qi8orSdKgQAAAAAAIAnET6izfn3najAuPvVpdvFzTru0v7Tqlux1+jrgo88VB0AAAAAAADaC+Ej2kyXrnEKjLtf/hdd2+JzGAJ66arB8zTYmKTdeWv0/cmMNqwQAAAAAAAA7YnwEa3WqUuwAuPuV+Dgu9rsnBd1i9f1w59XZsEm7cpbLdvZ42127o5u4pSpbu0XExWlv7z8Z7f2Xb12ndase8ftGja9v96t/bItFi1ZvtLt89aIiY5ShNGoeNMwxURFOd1vc0qqtqRudeuc1ySN04TxSS2qreGxDXninQAAAAAAcD4gfESrBAy6WUEX369Ogb09cv64iIlVoyBz12jvEffDMVSFawVWqyKMRq/VYLPZlGE2N/u4usdEGI2aOWO6rkka12i/AqvV7fPHm4a1uLaGx7aUL7wTAAAAAADaU2dvF4COyc94pULHvqvgEU97LHis0aWTvxIG/ZemXbZUMb2u9Oi1zjdpO9K9XUKrFVitevGVV7VgYbKKbTZvl9Nq58M7AQAAAADAXYSPaJbOREoqAAAgAElEQVTOhoEKHrlYhsQ16hL+83a9do+QgbombqGuHfq4eoXGtuu1O6r1Gza6tZ+7I/EMISFtNgqwuTLMZr306mteuXZbjlR0t00cAAAAAIDzQafKyspKbxeBxk7vvlelRzZ4u4x6AuPmKShunqRO3i5FkpSR/y/tzlujkvLT3i6lVo+QSE277A2PXyfbYtHd8x5wa9+/vPxnl/Mm1pVhNmvBwmSHn02dPElzbp/tdo2SVGyzKcdiUXaORUtWOJ5f0WjsrT7V4d5Rq1VW6zGX53zs4T8ocUxCvWssWb7Caag3Z/YsTb1+stPztdU9e+qdAABQUFCgiIgIb5cBAECHwO9N38Ocj2iS/4CpCoq7X50Nkd4upZ74fr/Wz4zjtStvjQ784FtBradtSUlt1r4xzQwNHTEYDM0+JtRgULzJ5HKfCUlJmjljeu3PBVarHn/6GeVYDjvcf3Nqar3wMdRgcDkyMSa65SFfc+7ZG+/EkQKrVQUNAlyDIYSwEwAAAADgFbRdw6ku4ZfJkLhaISNf9rngsUaQfzddGXOPpl6yWAN6jPR2Oe0mLX1no22XJ4x2e19fFmE06vFHHnb6+XYfvR9feSebU1K1YOGj9f5asnyFx64HAAAAAIArhI9opFNgTwVf8qRCx66Xn3Gst8txS0TYxfrVsKeU9LMH1TWor7fL8aiaFZMbmpCU5DDsKrBalW2xtEdpbSbCaFR01CCnnzu6f2+6EN4JAAAAAAAtQfiIegJj71DYNZ8pIGqmt0tpkZ8Zk3TTz/9XPx94i7dL8RhH7b2GkBAljklQYkKCgyOk9R90vLb0UBctz74WPl4o7wQAAAAAgOZizkdIkvz7TlRg3Dx16TbU26W0iZ8PvKV6PsjV+tbq/lx8HYGjlt344VXzKl4y3PH8ir7aqtxS0T42fyHvBAAAAAAAxwgfL3BdusYpMO5++V90rbdLaXNdg/pq/M8e1M96j9fuvNUqKMr0dkmt5qy9t2Z0XU27csPFWoptNqXtSK+3UIuvyzAfcPqZq1GRDW1J3eryXK0dRXkhvRMAAAAAAJqL8PEC1alLsALj7lfg4Lu8XYrHDegxUgN6jNSBHzZoV94anSk96e2SWixtR7rD7XUDrEtMJocrRaeld5yga/XadU4/c7aIizObm7EKdUs4W+W6Pd7J5pRUWY/VX9naUdBaYD2mNeveabT9lunTWnxtAAAAAADcQfh4AQoYdLOC4u5Xp6De3i6lXQ3rO1mDjVWjIDPy13u7nBZx1KobHTWo3kjAa8Ynaf2GjW4d60uKbTblWA5rS2qqy8BwQlJSO1bVNEdhX3u9ky2pqS5HddYosFodBrqEjwAAAAAATyN8vID49f6FguLuV5eeP/d2KV4T0CVEiVF3Vbdir9Hhwh3eLsltzlZIbhjGxURFyRASItvp0/W2F9ts2pySqgnjfSu8W7PuHYej8hyJNw3zqdGb5+s7AQAAAACgrbDa9QWgc8gABY/8swxXvHVBB4919QqN1bVDH9c1cY+oR8hAb5fjFndarl1tk6rafDuq6KhBeuyRh71dRj0X+jsBAAAAAKApjHw8zwXGzVVQ3P2SOnm7FJ8U02usYnqN1d4j72hX7mpVVJZ5uySntqRudbj9xVdea7TN2SIq29N3qthma9aCLb7gmqRxmnP77BbVPWf2LMVEO18dOzvHoiUrVraorgv5nQAAAAAA4A7Cx/OU/4CpCoqbp86GQd4upUO4tP80De6dpN15a5RZsMnb5TTirL1XkjLM5madK21Heodo8zWEhChxTIImjE9SvMnU4vPEREe16nhnfOGdXJPU+NlkmM2N5oE0Gnv73FyZAAAAAIALA+HjeaZL+GUKipsnP+NV3i6lwwkN7K1fDr5fP6telOb7k/u9XVItZ+29LTpXum+Fj/GmYfUCtEuGm2QwGBQT5Xy0oi/whXfi6JjVa9c1Ch/7GI2aOWN6i+sDAAAAAKClCB/PE50Ceyoo7n4FRM30dikd3kXd4nX98Bf0dcFH2p27RraS494uyWl7b0tsT9+pAqtVEUZjm5xvwcJHZbOdlqG6bTgmOkpzZs9y+/h4k6lDBmO+/E4AAAAAAPAVhI/ngcDYOxQYd786+TFnXFu6OOLa6lWxV2vvkb97rQ5X7b23TJ/m9DhH7bc10naka+r1k9ukPkn16sswm5sVPnZEHeGdAAAAAADgCwgfOzD/vhMUGHe/unQb6u1SzltdOvsrYdAsDTaO1+68Nco5/lm71+Csvddo7O1yxGC2xaK75z3g8LMtqVsJulrB2TuJjhrEOwEAAAAAoA7Cxw6oS9chCoy7X/4XXeftUi4Y4SGRmhC3UIcLt2t37hodt2W327XXb9jocPsVCQkuj3M1Z2K2xdLsNl/rsWONRu3ZbDanI/k6iuJiW7OPcfZOLmliYZu2ficAAAAAAPi6TpWVlZXeLgKNnd59r0qPbKi3rVOXYAXGzVPg4Dleqgo1vsr/l3bnrVZpub3e9h4hkZp22Rttco0FC5NVYLWqwGp1+HlMVJQMBoPm3D6rUai1ZPkKZVsON7nqcqjBoOefWqTsHIu2pG5VjsWiYlvzw7iGNr2/XlJVe/L6DRuVtiPd6X3UvRdJeuGpRW5fZ3NKqrakbnV5n6EGg6Kjoho9p5pjm7rneJNJ1ySN04TxSe36Tlq64I6j+jrCAj4AAOcKCgoUERHh7TIAAOgQ+L3pexj52EEEDLpZQXHz1CmIUVG+4JJ+v9bPjEnanbdGB35wPAqutZoKqWrmHLQ5CM6yLRa3RiQW22yy2WwqsFqbvF5LFFitWv/Bhib3czZ/ojvnb6ruYptNGWZzo+fk7j1nmM2KNw2r/XtX2vKdtFSE0cjoSQAAAACAzyB89HF+vX+hwLh58us5ytuloIFg/+66MuZe/az3eO3KW60jP33p7ZIAAAAAAAB8CuGjDwu+7M8KGPgbb5eBJkR0vViTTE/rG2uKV1fFBgAAAAAA8DXM+eirKsqkzmTDAAAAFzrmrgIAwH383vQ9nb1dAJwgeAQAAAAAAEAHR/gIAAAAAAAAwCMIHwEAAAAAAAB4BOEjAAAAAAAAAI8gfAQAAAAAAADgEYSPAAAAAAAAADyC8BEAAAAAAACARxA+AgAAAAAAAPAIwkcAAAAAAAAAHkH4CAAAAAAAAMAjCB8BAAAAAAAAeAThIwAAAAAAAACPIHwEAAAAAAAA4BGEjwAAAAAAAAA8gvARAAAAAAAAgEcQPgIAAAAAAADwCMJHAAAAAAAAAB5B+AgAAAAAAADAIwgfAQAAAAAAAHgE4SMAAAAAAAAAjyB8BAAAAAAAAOARhI8AAAAAAAAAPILwEQAAAAAAAIBHED4CAAAAAAAA8AjCRwAAAAAAAAAeQfgIAAAAAAAAwCMIHwEAAAAAAAB4BOEjAAAAAAAAAI8gfAQAAAAAAADgEYSPAAAAAAAAADyC8BEAAAAAAACARxA+AgAAAAAAAPAIwkcAAAAAAAAAHkH4CAAAAAAAAMAjCB8BAAAAAAAAeAThIwAAAAAAAACPIHwEAAAAAAAA4BGEjwAAAAAAAAA8gvARAAAAAAAAgEcQPgIAAAAAAADwCMJHAAAAAAAAAB5B+AgAAAAAAADAIwgfAQAAAAAAAHgE4SMAAAAAAAAAjyB8BAAAAAAAAOARhI8AAAAAAAAAPILwEQAAAAAAAIBHED4CAAAAAAAA8AjCRwAAAAAAAAAeQfgIAAAAAAAAwCMIHwEAAAAAAAB4hJ+3CwAAAAAAdGBnflLekUKV1G4IUGjf/upj8GJNF6jiH3J01FZnQ1C4BvbvrgAvnQcAJMJHAAAAADh/2AqU94OtThBYJaBrhAYanaWBpSr+4bv6YZMkGSIU27fpBLHkyMd67vdvKat2S3dd/8fFumdk92aV3hGU/HhEeScaPl0nuhjUp1+EQluZ2DUKAiXJEKGBfQ31w8Dyn/TVO3/Un7bW2Xn4nVr26HUaGNSMC7bVeQCgGuGjL6ook91mV1lRgbKsRQozxqpfrzAFd8A/ZrJ+/KJe/LifZj07Q3ENPzSv0oNrzuiGhXcqMaz11yqz5+vwIauKJIUZ4zSoT7D8PDKxgFmrHlylE9f9QXPHhdf+fGZqsu683NGNlMleZJcCa96hVSkvvqhtMffoiamRkqqf0xexuuexGxTZkpLK7Mq3ZMpqk4LDIxXbP9xD9w4AAABfdiLzfT34pw91osH2PpMe1euzRiq0i4ODygv1+Yo/aPGu0nqbQ8c9pOX/PUY9HB1zQbIpe9NzmvfOEfd2N4zRH15+SOOMrbikoyBQknperUUv3KPRPVtxbgBoJ4SPvuj4p3r9xU2y1t3WOUyxk+/SnVe05jeXl1TkK98qxTkqveKU7HZJrQwfrVtf0csf5qvML1hhXewqOivJL1I3/P4eJXroF3J+/veSwmt/PmVzciPW6vcZf6uev8VUu9luK6q/n+2UGmxxz9EUvfLqJuVX+CnMIBUVlUlhl+rW+TNkCm7JCesr+3aT3viwVJPum9SyYBQAAAA+olR5Hy7SHUv2V/3YZYjuXLxIv+nfurMG9L9aDz1h0LKXlmrnqdZXCTf8uFtffPuTRvesM7q0S3ddMi1Zfwhbqmc/yGn5uavP88fuS/Wn9a04DwBUI3z0YcYJ8zX/aqNUUaS9b7+ote+v1MaoP2jSRd6uzMd8v1ErP8xX+Li5mnddv6ovdYlV5oN2xfjCnwT2ulQ33BSuMmNM25+7JFNr39ikfON4zb13ovr5SWXfb9Lrr6Zo1apIJd+V2NpcV4W5+5V7xNiyYBQAAADtqkfcFD35xAC9/dJSfXFKkvw14qaHdMe4OIXKpoM5353buTxHB3IKNTkyXL+Y+YDyjj+ndy01xzygO8YObzzqscSmo0VSn5512rGDumtgdH8NMKjp8LHcphO2APXo6u96P9tPOqHu6uHuvJHlpTrxo02Gnt0V0KXB9lNSjx5NXK/6mkfLDerTVG3VBo6dolHlO/TuFwVVGwKide2vhuhoyofa5+Q5FJ/4STJ0d78Vu0t3XXLjQ7rT/pyW7qg7+vEnpe/I1IlR9UemhvaN1sUDeihAatR671ipiq02BTR4bqF9oxVzkYPzlJfqxKkS9XDzxRRbC1TaNUI9mmjXLrYe0dFTJZIC1LN//yb3B9CxED52BJ3DdOnYUdqYsU3Zhwqli8KlskKZP9mm/cftCosaq6tG9VNYZ0knc7VtV74ixyYqMkBSiVWZB/NlD4vUpTFVo/SK8vYq63Q/DY8zyk9lKvw2TWl78lUUFqOxY0erX3VaVZZnVqYhTqYeduVnfq38oghdnBCpsIoi5Wfs1K5Mq9RruMb+0qTwut+konztTd+l/ECTBtnL1OTXrKxQWZ+ladcpY+31y6xZSjtUJNMVlyq8pn34RJb25pap39A4Gev+si4sVKEkU99+564UYJRpRJ19SgqVm5WlrEPZsgb006gxiYrtWb33yVztzfdT3NAI2b/9UnvNVvnHJ2psTHidE1Q/J3Op+o30V5mzW/kxS1/uNcsaNqr2nRQdyVWRgmUMa94wxKIjO/Xp59kqCjQqxjRcl8UYG7VSF+1K0V5bsEbfVBU8SpLfRRM1dmiK1h7MVb4Sq9rdq99J5nHJaBqrq0zh1c+qTNbM/ToVcali/fKVuW+vMs/206grLlW/4KrvSub3dklFytq3V6VBNd+bqntN27FL+UVhivnFVRrdv/qLU5Ir8zdhijOFy34kU1/nn1JE3GhFdmvW7QMAAKAlDBGKHXqZrhzqry92lEoqVbF6VM33aDukg4d+qrNzqb7LtapEEQrtYVBpTbbVJVqjx4xUbN/qEK7cprxd7+nN1f/UF7Udx/6KnfBfuvem63Rxj6aKKtWJgx/rzdVv6aOD5wK0HkOv1m+nXKeJo6Kr2sFP5Wjr+2/rzX/u0dGanYKiNW76TbrtupHqE1SqvK3/q2WfHKkOxAJk6B+nwSW79c/Nh1Rc9QA04sZ7dc84g3a9s1RLt9UU3F1XzH5A/33tcPWo+98SZwq088O39bd125R1pub++2vczDt1168a7FtPd4345XW63nZCm74oqLp2z+Ea9x9jlZf1ofbtP7dn8ZE92vDOm3pzW5127f5jNGPmzbpxVH/HrfB1hHaVfjzScNJH6cTOT7Xvx5EaZ2wiLC236ev1S/X2vhO1z61H/ziFn/hUG744UhsuDhx3px6YdZ0u7urgHAV79O7ij5W6I6d6f39dPPUBPfDbMRpYL4cs1dE9/9baf/6j3ruW/NVnxFUa98urNWXskPqhdrlNB99/UskbCyRF6DfPvKQ7h7JaEXA+IXzsKAL8VfsrxW7WqudXydw5UqbBwcp8/xVt2z5R8+8bL2PnfO3f/J6yuo/WrJ/7SVkpWvn2XqnbWIUvnKRIFWrnv9ZqU/gMXRpnlPXj1/Xix6cUOTRWYZZNeuWz7Zr4wFyNN5Ypa8c/tOrLSF1qytXeDLs06AYlJxhlfvtFrToYprj4ftK+t/XsF8M16+EZigtQVQvwy5uU7x+msKC9Sjtpl+SqVdyqTa8+Kz9DmPztRdr72S7d8PA9SlSudm7YpKzg4VX3ISn387Vau/ti3Tkirv4ZBwxSP5llfn+pNvrdoGuHNgzpMrX2jyu11z9Mxr7h0g97tfezvdX3Kem7T7V2VbbCwkpVZPevatvevkvWO57QjYMlyS7zmme1KqNUwd2CtffLIoejAIu2v6E/brbL3yDZbWna9X3VnI75e97TP7bbVdag7doV69ZX9OKHBTLGDVe/kkylrtol6+8aj3rNteRKMimmwaDKuKtnaVZSv6rg0W7Wqj+vUqYhTsP7S3vfflbb4mcpeXqc/FSo/RvXapNto8LsRbIbgqWibUr7xq7kuxOVv2ejPv22SJK/srZt1P7g8YqMMyr8aIpef3mTTvU3KbZrrjb9zyJtnzhfc8cZVZazS/9YtVORl5mU+6VZdkXqhuTRtGwDAAC0l4BwDYgeIO2oapnNO3RIR0ui1ed4pvY1mK4w72COjp4ZroEncvTtj9Ub+w/X0F7ngsevP1isB9/c02AkXamyNi/Vgyf89fqDV2ugs1rKbcr6cLEeWranOhw858TBj7X0iDTg1Xs0wrZNf35isbZaG+x0Jkdb33xSuzLv0eL7L5fth/3aWfcm9u3RF/UOsGnfP5/THf9sWMhP+mLFc5LhJf1hfETVQi1njuij15O1eNtP9XctP6Ktb/5RR8tf0vM3RtdZ1MWgi296Te+Oq1oAJrRvuLSnwWX8B+jKOS9p6JkA9ewfobP739T9T76vvIblHNmhtc/s0dczFyl56hCXAWRx7p7a0Ddg5I2aXP6+3t1XKtn26LMDhbrCGNHEKtSlKszdo5376oSB+xoWLuVtXapH7f56/fdXq0/DE1r36KN676ZUX69/TovK/6TFtw2vqr/cpqz/W6yHVjR+11Kpju77WGsLDBoxcoh6OAo4AZy3WJKiQ7DL/HGaChWumCHhyk/dKLMtVjfOv0e3Tp+l+beOVvD3m7RxX5kU1k+R3aTc3MOSJOuRXCkmVpEnrSookVSRq/zvpciYWKlkrzZ+nK9+v5qne26doVvvvVVjw/K17bMsSX6KG5uo8IpM7T2eqLlPP6/n705U2Pcp2pghjb51vmZNn6FZ992gONtepewqklSmvR9tUn7gaM16IlnJC5/QvKvDXd2YpGCZpj+hp5OT9cRDk9SvIlfbPs+XjLGK6yZlmvdXjzK0KutQkTQ4TrENT9FtrGbdlijj2SxtW/WiHnl0kV5fv1eFtcMT4/Tbx57W84uSNf/uezR//iT1q8iX+UBhvWfcdcQsJT/5hJKTb1Sc7DqcW/3b9fsUbcywq9/kh/XEwmQlPzFDjiJEe9ilmpX8tJ547GFN6i/Zs7NklRQ39Z6qkPNogRr+u5Rjhdr/Vb7U8yrdOmuGZtx6j/6wyHG7fWlF1f/6N/gnOfiiOMVVj0TMT90oc8Vo3frALM2YPkvzfh0n+5cp2lkvQe2niQue1tPJT+iuK8Okw1nKlRQ3NVl3XWWUdJGuvS9ZyXckKrzmPV80SfPuvVUzbr1Ht14RpvxPtilLkl/cWCX2lDL3nVDivKf1/PP3tMmCQgAAAHCXv/oMGaI+1T+VHM7RUVupbD8c0XflDXbN3a+sE/U/6zEkTn2q216LD72n/6kNHg26eMKNuu3GsbVhY8lX27TPWipnig+9p8V1gsfQoVdrxk1TNLruaILSAn3x9tJzwWPPkbr+pps1Y2z0ufPseEvv7jutPkOv1rVDG6yi3WO4rp92o8ZFNbi4caR+M22Krqid09KmXV98qaMlUk14+npN8BgQrXE33qwZE4bUBnlff/6l8hoPOFRo32jFxkarj8HBiMMu/urRP1qxsf3Vw5ahtUvPBY+hQ6/WjJk36tohNceVat8//qHPf3D+/FRu08EdO6pHgho06sqrdO3Y+OoaS7Vrx34VNtVf3cWgAWNu0LioBqMJAyJ08dAh9VawLt7xvj7KcnDTktR3pH4z7UZdG3vuvvN2bNfB6hbz4qz3tLhO8Nhj5HW67bbbdFudZwrgwsTIRx9m/fQNLUqX7EVFKqvwU7/r7tGkiwqV8vdCyThKg2q6eOPiFKOdyrYcli6L1aBIadt3uSrUIB0+UqhI00RFfP+e8nKl0cpWtsKVGBMmZWUqs0KKLMzS3n1VpyoLk+zf5apQsQrv7Cc/Saarz7X0Fh7KVqH8dLpgr/aekaQiySDlfpcvScrMlGSKU1xNGNa5qa9YmPpdVH0j3eJkMm7Uph+tki7V8PgwbftivzIrLpXJlqVMqxT3y0ZrZledZegNmv/keOXvStF7H+9U7va1evabXN15/w2KDZD8Au3KP5il/KJS+QcWyk+Svbxu87RRpoTYqtb1gJB6/2BU3bNRE4dUJ2idHbc1GE2jFRtWdU/h4dK5XpHmClfc4HBt+jRFb/yPXVdNHKvEweEO/2FtGDo2VqjMbwulgNOyZuyVXZKKpGDlKvc7KXFo9W4xozW6ug09OLip9vCsqvfcv1BZ+/ZWbSrrKtnzlfujFNtT8usiyTReEy/i/2IAAAC8IXRAvC7u+qGOnpL0Y6YO/lCogMzM2mAooItUUi7pTKa+zilQn5yaz/w1eHB/GbqoaqXlzR8rq/qYPpPu12OzRqrHT3t0dOs25f0oqbz6L0fKbTq47dzxASPu1OKHr9NA/5/0xQ8fa6e1KuQqO/6lPtpVE3hFa8ZD9+u2IQapZIzCbQ/o9T2lkn5S+p483TZniu4JLVXW79+qPm9/zXjwId021KATg3/Svic/rlrpu8sQ3fnIQ/pNlHQ04oh2vVoVoJYcL5SttOq+U/+9vzZUHfffD+qBsREq2V+sLzYfqg4Mz8pFLNikowe26fOaQNV4nR568E6N7iFpbIzO/v45bT0l6UyGdn5bqGv7Rzg+iS1Hu/ZUzylpGK4r4yLUp3yMRgTs0c4SqeTLbdppvUrX93fVeu2vgWNu1F3+hdpXsxJ60Ejd/9JDura/v0pyP9SiB5dq5xlJOqJ9WSdUMrRBPT3G6o9/uldXGP1VPFI6+OA/q57RT1YV2kqlriU6uLX+u37+wes0MEgqPnhCH20+VP8/j2w5Wrvw93rT0rDWAr378C16t7ru0fe8puQJTY3sBODrSAZ8WNjgqzQpPkwKCFdkVD+FB/tJssrZhIN2e9UkJZFRkVJGvnIrDisvN1gRVw7XwMi12n6kUIXKlz04VjF9JB2v+lWav2+jNpprr6qwuH5yNl6xrLxUUpEyt21Ubk3w5RemyL7hkqy1I/FapdiuIkmRcRcr+LP9ysyWTGezlKtI3TDExVe2c5j6JdygexImKX/z63rl4zRt2jVesZfblfLqi9pkNSouvp+CVagiuf/lr7rn9tXvV3N1T9d/6B+b07RxWZo29hytWffdqLgGuWBQcLCkMp2umpvZgbKq70tRpj79v9zarX7dItWvV0urK6t6z9/v1cb/OzeZTVi3i9Wvyfl+AAAA0C7C+mvoYH9t3VMq6Yi+PnhIOljdu9tzrG4aW6A31x+SZNO+/fvV54fqgEsRiokMrfpXy1PZ2negpiXZoJiIUu378C199uE/9UVti/YQDXa2mEtpgbK/PdfSPHTM8OoRld11ybQ/6fVJpVKX7gr64Z/Kqhm913e4RvStHqEXEKGhQwdIe6rax0/kHtGPpSNVb/yeob8ie1Vt8TcYFFi7fYAGdK+qK7C7UQZVL5xSUqqz5VLxDxna9UP1vgH91UcWpb7ztjb8c1vtSMUeg8+NAG0+m47m5Jwb8TksXoNrWo27R2lE7bupmnezWBEKdXCWE4e267PqOgOGjtTFPf0VoDiNGuqvnftKpZL9+mJfga7t3795AV3fOMVWv7eAiOEaNVjaWf2v9ieOnVBJeYPwsX+cBlQvxBNgCFd4gJRX9UCrnuuZIzqYWfOu/TXiiuGteHYAzjeEjz4s+KI4XTqi4XyJ4QoLl/SDvWoUmySVnFaZpHBj1b5hMbEK107l7+unfHukLo/0U0RmmPLzc5VbkS/FjK1qXe4arjBJkVOSdesIuSW8e7ikMl11xx80sU/DT08pJFhSRQvDuopCnSiSgqOMVSs0x8QppvNOfZ2Zq6ySbMk4tnpkYcPj1GACAT/1G2GS8eN82e12KTNFm74P09h752vSQEkya9WXq9xsga4ZCViksrYIVt0WrMgrb9X8K8tUtPttvfj3ndq0I0lx4+rHwoOiIqX0TJkz7Br98zrJZEWRis6GKSy4+vtSfpXuemiiy9k33Rem8G6SBtyg5FsvbZMzAgAAoI0FRGjokHPBXdbObSqu/rPogMHDNWqkUanrq0b4Hd3zqT4/Vf3v8MbhGmqsCvNKztiqRk5Kkmz6YsVzDeZX7K/rZ/6qaoESR6s7l9hUVNvBa1CPrqG1AUeImHIAACAASURBVFlo3+jq6ZRKdTTnxLn5JINC681/GNqjzorLJaXOR1k2U+mpn87N415ySGtfeq7+Dj3H6q5fxzde7dtd5aWynTo382Gooc4c/l0CFdbdIKkqrCspLam6r4bXKrfp2z3bq0YqSirZ9br+87evN7rUvh37dfTq/vXap5vFP1RhXQ2Sql9WhXvrZNdTckJHawJpGdSnZ6jrMLRLgPoMG6kRoSWSSlT47SHlVS/4Exo5RLFdA6QuBsX0DGTUI3AeYM7HDsdPl42Ik07u0qf7quZZzE/ZpkyFy2Sqjpb6xCg2uEjZn5uVb4zUoAApckCklL9Lu76rnu9RkvrH6uJgyfzJJuXay1RmL1K+eZv2umgX9hscq34qVNrHe1VYUqYyW6Fy03cq0y5JsYobLOngNm06Ypf9+71K2dNUxFcme0mZVFGm/I83aac9XKNGVdfX2aTLTFJRdoq2ZdoVNiTWYXiW/+GzeuSpldq4L1eFRUUqKsrXzn9vk1XBGhRplPz9FawiWX8oksqKlPV/KcqUmgwT7faqeDdscJyMNfdsK1TWx2nKbuKu3GIrVKGt7jDWMyr80a6yijJl7d6p3JNVK4UH9+qqYEl+AY3/RNlvxFiNNkiZ/3xFa7/MV1FRoXL3bdTSpxZp0ZqdsstPFw/uJ/2Ypo++LFRZWZnsP+ZqZ3rmufDaoerRlPVqK1KRvUxSpGIHB1e95zy7ysrsKvrerG37nL/r/M2vaNGLr2vbEae7AAAAoE35q2fsENU0phQf2lO7mvPA6Gj1uShOQ3tWf2g9VPtZQHRcndWLnYVQBsWOvVl/fPlZ3TOqu5N9JHUJUEBtclQi25mzDs7o32Bao/qtziUlJeeOCfBvHNC1VLkct1QH9dcVU+/Ryy/dq3F9m1hFugn+dWo92zA0LT139QD/AMf39VOmvtj5k4MPGtj/qXa5mjeyKeVnVWQ7N8+j03pcKS2pauOXJAVKXZp4dkH9Ne6OR/Xck3/Sc08k646ra0ZaRmjinOTq7Q/ptpEuvl8AOgxGPnZAfpfN0Kzc17Xq7UV68G1JncMUO+WuOguSDFJMjJ92mvMVnPCrqsAuJlaxJ95TVkW4xsfUzF0Yp//P3v3HR1Ue+B7/ZCaZZBImTJgwgYFAQgL5AcEgKBoKbRSkokVRqlVaqq3b/WFve7vtbt22bu9uf3m97XVvb73b7drSpWLFolgqKILEQglGQSJIIJCQQEIgIYEhYzJkJmfm/jGT378hgYDf9+ulZM458zzPec7Jr2+e5zx3PZRH5dq3ePb7b4W2RTtZtDqPORP6uDXGLuKhe47wH3/6PU8d+H2oPWMzuTv1ZrDCrPtXM6diLW/9/Pu8ZbKRvngps3ZvpbzCy+3ObnOGx4xjXPSH7Pz5d9gJEOnk5oe/Eh6dGJJ54xysv93PEazcnNn7eslJtyzl5hOvUfjCs6FyACJtZN7z1+HVqhdx++T3ee3lH/CPL4Nt+lJuv7GRt05U4sVJzycc2oiPA0/DOVqZSqTzdlbf+SH/9vrveeoARDrz+PRCL68VV3KCWb2u4hxjtULdCU61grNHVzqZmmaDPa/x1A9O8aWnHiJzajo2UyGv/c/vc+qRrzPp3a288dKG9hn2tun38tlbexn2aUpn5ddW0vz/XmX/i/+H/QCmSMbNWMrjD90cOrcFD3Hvkf/g1Ref4jsvAkRiy7yblPn0cu5gjYsH6qirB1zgbG/bD3gtvGJ35mceIu/kWt76xfd5K1ync8GXyMt19vpF5XzdKTx1cKq3v4iLiIiIyIiIc01jegzhZ/m1SSI7I4kxNgtpKVHQ0DW0mjJtMuPCgaElJoEJ8UD4/ekrvs1XF+eQNjmuYzRabyP22kTFMS4xCk6EphcfO1JN06eSsHQ7fkxCAu2PTK+r5kwTZMUBho9zNR1/4E6YnITj8vLAjqYl2BkH4WnRSXz6a49z/42ZTGmbQn65IyzNcYxLHEfb6Mbz1XWcMwiN6vSf42RNW9gXxYRkZ6+j+84fe4eittGE5iTSs50dU7ONJk6UHA+Piixlx7tVfCZ12qWNEvRUU17V8XJcUsLQy4lJwNE+ePIcDec/grYJ8sM0WlVErl0KH0cj5+186+nb+znASuaKb/Hju7x4WsAaZyWy27TjOat/TJcJsbY8vvJUXs+SMu/lWz+8G2+Tl9ZIKzZrp1uij3Y4F3yFJ+d78XhbiYy2Ye38nck6i4e++2PubfKC1YY1Erjt9t7H2KbczRM/uBtoxesFq7Xn7RiZ/RDfuuccP3gziVlpvfdGpGMO9/7dHO4NtIbOg0isNmunm9vJoq/9mLwmD15T2znezu1tIx9nrebppzuXOJV7v/8093Y+5/yv86+3ePAGrNjiQiUvuqtt7yxWdy2A9Pv/hafv76j/9m89TeeeTF/xJE+v6LRh+r08+VSnGrOfZFFrH33cXcLNrP7uzbQ2efAGInveDyYneX/1JDd7PXhbu+/v2TbbrV/h6Vv7aRuANZN7v/Vj7m6rs1t/dy9z1ud/zL94YcC1bERERERk2FgSppE7Fd4t7bQxLpVsVxxYLF2mZYeEgsn2Hz3j08jOjGNTeGGYsnf2cGxuKsmJfs4cO8CO17dwMvMrPLE8FHr5u4dMliSyc6bBvlADzr/5W17ITuCLC5LxnzrAjj+9zrFpD/P3N3daHKdpH2/sLuWm5RlYqvew6e22Z1HGkZubGloIZ6h6eSzUmImzyZ24gZOnAWopevc4CzKmMcF8jvKSd3jjj/tIePjbPJIT1+O9Hfz4Gps6RmZerOXkseOMS0lmiiOKCRk5TOB4KFQ9uJ0dJbfySG4cZ/a9zhvtK7NkclP6uJ5h38VqinZ2TLlOWLCSr37hk2Q528JRN7v/7zf414JQuFm2czu7sxeTNS0Zn+Hrc8xqO3cVZdVuJkz8iA9efYE32qdMTyN3+iUs8BLjJHta273i5703d3F47kqyYmr54J19l74Wp4hcFyKCwWDwajdCpE+tJ3j1fz3Lkdlf54m7Jl3t1oiIiIhccbW1tSQl9bESrki/mij+7RN8e2OnZ99kPMKz/3oP6THwUfGvePz7r3cEQ/GL+Od/+wYLHB2Hf1Syjm//04b2VYx7cCzmu1+J49c/+WOPgCnrkf/LDxdU859P/M9O4VY3CYv456ceJW7bD/j2huN9HASWnEd45p+WYXnzSf7qt6Xd9trJSvdzuKyp2/YkslLPcbiiW/hoyeHxZ54g+/2nePzXB+nLmFse59lvLmZCb0lc3U7+9b8/w+7uVQJTHnyKZx7OYEzTcV7+yRP86mDfU6LTV/wrP/xCTtdnS/ZRdnu5F6vZ9MP/xrM9mh5P7gwvxUe71Re/mB/8/HGmH/8Vf9u22nUfEvK/wb/9dQbFP/tvPPNe93Ju4Sv3wQu/fYePuuyws/yfn+Fh/zr+9ifb+y0fCPf/k11W6P6orpozjU1AHGMmT9ZiNXJZ9H1z9NEzH2VUqtv+U/7xO9/hO995lkLrIh5aouBRRERERGRo4piamdllFeUp2dPag50xybNDi8W0mTiNpG4D/cZkP8C3v7aYHmtNtu1PSSIqou8WWJy38Fff/go3J/S1PwGCceTe9w2+kd97WGDJXsmTX1tGen+DEIcsivQ7Huef757W5/5kZ2/rTw9B3DQ+8/jfs7z3p0cx5c5v8O3P5Vz6ojbDzJKziu9/aVHvYesgJNy4ir9f3ld/9m+MczLp6Rmkpyt4FLkeaeSjjE7hKcf0mEItIiIi8vGiERxyWRqPU7DzIOf8hFYYvmERC6aGUzyfm8O791DiDk3SjZtyC7fN7X3Kre/8cYrfO0h5bTUnGu1MnZpE2sx55KbaoeEgO3Yfp6nLtGsL47IXkZ8RrqupluJ973P42BFK6iwkT5/G9IwbuSk7qWN1a8PPmZI97C4+SHHFecZNySErZy6fyJ3cfsxHpTvZUXK+62IxUXGMi4dzDd2GCkbFMS7Ozzl3t0nIMUncsOAW0sPB60cn9vGXg9WcqT7O+Zhkprgmk507t2OKc2+aqnl35z6qLnbfYWFcxq0syLZ39KPPzeH39lB08ADl9RaSMzOZmXsrN6Xbe5/e3GvZnco1mih7Zycf1HU7r4hIbNFBPBe7zX+Pm8yCRXOJPtRp5GPCXO6/MxX/iQo8CZlk597IbTdOC/Wz0cTJ93by3mlfj3JumAolpdVdp9ib40i76ZPkTowC/Jwv3ceuknKqavyMm5pJbq4TT8lBqtouT7f+Fxlu+r45+ih8FBEREREZxfRLlIgMh/P7OoWPqat49kcrh3k0qcjooO+bo4+mXYuIiIiIiIhct/ycfOtXPPWbTs9jrHiVZ374Q54tqB54cRoRkcuk8FFERERERETkuuWjqfYgxdWdJ6s3UVayj+LTTQofRWTE6VF6IiIiIiIiItctC3FJOdycm4Cvy7MaLUxJiuv9uZMiIsNIz3wUERERERnF9OwqERGRwdP3zdFH065FRERERERERERkRCh8FBERERERERERkRGh8FFERERERERERERGhMJHERERERERERERGREKH0VERERERERERGREKHwUERERERERERGREaHwUUREREREREREREaEwkfpnc+L13e1G3F1+OoqKTlaRYPXGOBIA6/Hy0BHDZXRWEXpoUrqmq7vC2B4PXj9ve4ZfL/6vXg6X6fur0eTj/HnlIiIiIiIiHx8KXwcjTyl7HpzK1vb/vtLMTWeYa4j4KHmaCXuQO+7G/ZtYt3b5R3HVtTg6ePY60nDu+t5sbAKn7eKAx9U0X9WVEbB+gLKhrF+X9lW1m0uwUM9pUdqh7Hk0afs7fVs2u/ubQ8F6zezv9d73qChopKGttCyvID1b3e6At1eGw2VVDaMjjCyYd8mNu1ruPQCPkafhyIiIiIiInL9UPg4GrU0UHOyhaRb88ibm01KdC0Ff1hPYd0w1nGhhF07d7K/up9jjNbQv9V72f7WLkouDGP9o5KbsspW0vMWkntDHvm3pGC5wi2oOl5FYu5S5s2cx8K5yVC2ledeL73CrbiCjL6CQQNfSy+bPQfZWbCdvScGU7iHg7u2s31f5aW37yoqf/M5thzptOFKfx6eL2L9+kIuIy4VERERERERIfJqN0D6EonVZsOGjQxHMjbvWrYUl5N3R9rwFJ8wnwcfmz+4Y6fks/qx4al2dDNjNjPs06iH1AKzueuG1tExam/UsOWy4ku5gz2Y3HsfY7BHjzY9Lv2V/jzsMxgWERERERERGTyFj9eIhLE2aGoFfwlbXqoibaGD0l3F1EXlsPKB+USf3MXmgjKazWaIsJO9ZDnznHUU/r4AljxIXmK4oNOFbHirjGYA7My+ezm5dgAvVXu2sfNwHd4IG/a4ZrCF3uJ+bwMbSm3kP7CUNAu4393A5ovZzLl4kKJqDwY20vJXkJ8aHidYt5dN2w7S0ApYXaTE1eNN+RzLZnYN1tzvbmDrxRScZw5S2WRgWJJZeN9SMqyh/d5ezwnK31zDIdcqls+yAFUUPL+VuhkrePBmB+Cm6KXNGJ9aRZ7TS9VfNlNwvBmCBmbnPO5amoPdBHW717PTksecjwrZWeHBtWgljg83cfCCD95cRxkGybeuJr1qLYWxy3nwZnuoUeVbWVOezqMDhsChureXN2M2A4FE5qxYRo4NOH+QLVv2Uhs0Yw5Ek7xgOflpVsoL1rL7pIHv9HrWF7fQYoAZA4x61j1fRGzWcvID29nckseqT7gADwdfXU9RbD6PhdtT/uZzlCY/yrK0Wva+VUjJGQ+GycCIdDH/M8vIiQfOFLL+Lxby5ngo3FmOZ1I+j93h6rOvOvOd2sv2PSXUegwIGlgmzmf5nTmhW6VsK2uOOMhz1LD3cB1eLDjm3sWKGxyhNwfclGzfGrpnoh3YQ7dgH1pxf7CJdSfq8GLFecMSls91QvlWnvuzh9zlK5mX2Nd725Sz9TcFeHJWsPKm8L2xYTO+rDk0HyqiqtEAWxqLV+STYglds/KCTeysbAaTBceURHxnbSx6IA/nZV7b3lS93fe9VV6wlsLTQMM61u6NJfuuFaSXdf08JODm4NbN7K0zMEdAdPICluenYR3EtejyuRWAxNwVLJtt62jc+b1s3FKKp9XMG+vKMFwLWJ2fNqTzExEREREREQGFj9eMmrNuLHE2iHKRYi9k19sGefc+yvJ4M/hK2fJ2Da47HyXPCdQVsv6N7SR+fjEpk1rYdawBEkOhQ0NlFWQsZ/VNBoXrN1JzBnLt4DtSwPaTCSz9wnJcZg+l2zeyKzzwyX7TIrLLCqhthLREMAwDb1kJDfnLWH2HDd8HG1l3sJQFqTlYqGHXthIi536ORzOt4Clhyytu7PPNPc7JMAw8lXXkrHiUfFsoENz0dikZd2aAr5SCPs4peYKDgpoqmJUG52uoi7FjPlODDwcWXxW1HyUy0xk6p4JzGXx2dQ5WvJRs/gPb9yezcq4d5/RkWjZtZW/WMlY94sJiAtJXY3v9OcpTV7EsM9TGhrroriPA/AZG23T0/pw/QGGlg8VfWEmyKfy+KIAGCt/cD2394y1hyx82s9exknn5q7HvWc92FvPgreHA7sgWnqtIY9WdGaHXp5IwdlfhxoWdOmpa7NhbaqghDRc11NTZcNxkhshYXLMWM3upHYspFPRufK+SnNtTYEI6yf5NbN2XzbJVj+GygO/Ilj77qjNLrIucxbNZZrdAwE3RKxspqshhcSrQamDUlVCe/Gk++4gTS3UBa3eWUHPDQlxAQ9FWivw5rHwkG5vRQNGmjfQ9IdqLJyafzz7iwtJUzKY/7GRv2krmpS0l78hzVNYDA4aPaSy9tZTnKusBB2BgGF5KDzew+NOrWRrvo/jVdRw4soCU2RZ8H26j4Gwyy7+Yh9NkUPOXDWyxpXQLHi/x2vYSssZG931vpeWvpvVi13uRbp+HDUVb2c88PvfFjPZrtnmfI3TN+r0Wbg68U4Ej/1FWTiHUL/5un58J81ixzMf6t2Dxg3mEv3oM6fxEREREREREQM98HMWaqTlUQsl7u9i6aT07z7iYf5MLALMJXDctIzs+HBicrKTGns28tpTEmU1KTBVlJ8CVlkrLydLwc9saKD1pJmV6z6SgoqIGR9Z8XFGAyUaiLbrTXnPPO2ViDgtTbZgB66QkbF4PHoD6SmpM6czLDI+GsiVhj+nnNMenkR0ecOXMSMZWVxUKpPo5J4srEVtDLXWAr6oWpmSQ5K2lBuBULQ2JLpKBqpM12FMyQiPBsJKdloi7LryIiwki47LJXxAOHodbZDQWXx2VJzyhadxRZswA58uo8qeS29Y/1mwyJripLB/kikITnSR+1EBNADhVQ31CBhnW2tCCRJ4aanGRnACY7LiS7Vjw4fUa2ONjMdofomgGk5XsT+XhCg9W7bevOktwkWy3hFZuNuzY47o9mzEunfk3OEN9OsVF4sXwfUEDpSdbSM/NxmYCohzYY/s7URvJGeFrY8slPclN3elw64dyvSJ6bnLNWkhKvBmwkpxkw9sUamFFVR2unDycJgAzrkRbzzfDyF3bAXX+PHRTVtVC6uxO1ywjCXdlGe219XktzERbfNRVVuLxh16bowZR/Yifn4iIiIiIiFyPNPJxtIt1kJyTQf5UZ9eQrFOo4j7nhqjOi6PYsdsMGlqA1DRS/bsorYc8Sqkyp7C0R/bYQEMjRKYOw/Iq9W48Jjs9xzkOwjg7Nr+bFgY6pxRcRiEnPdB81oNjWg6OsweoqQPbmQZsk+ZjwU29G+pOv8jaAx1VWCZldLwwcWntHAxbLp9e3My2XetZ87YN140LWXqDC3ODG0+Ujc7Rrt1mw/D1v652O1MqyYmF1JyA5HO1RDtySbp4gL3VQEQdzROzcQEE6ti7aRsHfTZc9kiaz9bAuM5TxSO7BFkD9lWbur1s3HYQn82FPaqZ+tOQkDqYhtfj9kRjjx74yN6YTeBxN0B4DN7wC30O9BZW9jBS13aI7XV/FI2ta2XYWn0DrNAOYCN36VKa39rJ+t8VYJs4h4WLc0N/eOi3yit5fiIiIiIiInK9UPg4asXimplNL/FPD/Z4G5wJhQ6hsM6DpxnMkQAu0qaEpl67I2swpy7t5TF7NmxWcA9Hs8fZueQnwNW7OR9jw8bA5+R0uKmsbcDXkEByPiSdjaTsjAfb2RaS5oZGrNlt4Mz8HMtnX+k1q0OsU/JYvioPo6GYzZu3sDX6MZYl2rD5DToPFvQ0N4NtsDGoBdf4WErONlDTYOC6yYbTncj5mhpqqMc+PjQ61vfhOxQzk1UP5Iaux5EtPFfRV5n2QfaVj4PvFMOsVTx4Q+gql77+HOWDarcNW38jYAdgBMBmH6ngEcCBfczgPwdG5toOhR1bXAtG18pojrANLlC3JpN39yry/A0Ub93Mlu1WHrtzgK829it5fiIiIiIiInK90LTr68G0ZJz1FZR6w6/dpVRecOKaEnrpmp5Ka00JB09CyozeppJacI23UVteghcg4KH2XPOltSXRQUJTFaV1oZfG6VKqmvo5vsWLJxD6sOZIBcbE5NDIvYHOyWmnvuoA9WYnLhPYJ7nwnNlLrcdF8qSOY+oqS2krAr8HT/uLwTGbobkpHEn5Gyguqwd/19FlRqCXNwZ8+PzhMhy5pDuguckDiSm4Ik5SfqrtuHLKqi24kgf/0DzHBAfNZw9Q0+jAlQhMcWE7U0rp2Vhc4dGrLX4fRFlCwWPAQ+VpDwT6Xr14cH3VQosfoi3heNlTSU0jEBxMq104HR6q2m4Mfw11jYM7XzzFlNU6Se5rjZ/u59XPefYnaVzXz4GSivo+6rv0a9vaqW2Dubf65iBlkpmT5TXtW8rLq7C4kvtew6cTny/cjigHuWmJ0OxhwMnTw3DvioiIiIiIyMePRj5eDyw5LMmr4ZWX1lMx0Yr3tBfnJ5eT0zaIbWIaUy5uoTQmlwf7eIydY+48XC8V8OLavZiJJjkrHdvRGqrIIHkwbWgbEWXKID+vkj+8toaySDDHJ5PQ31DIxkNsev4ABgZGbDqL70oZ1DnZprqI3FSCN2N5aKXliU4Stu6iMimPxeGibXMWkVOxiXX/tR+LGQwjmpRFnVblHgT7jAzsrxSw5vndEGEjY/5sXLurqPDnkBGVhDNhF4W/24D7jpXkTex4n/f4bjbtrsSc4CLWX0ttaxr5OTbAxsIl6Wx4fR0bnQkY585jnrWExRP7aECiA1thIWufLyL51tXkpwFTk0kq2EV5Uh75ABYXicEiSnzZLA9fX1vOHJIP72TN83tDqxLfkIyjpopyfzZpvUyvHVxf2Zh9QzIv7lrD2n1msCQze4qDmqpyjKy0PkbcteILD1/NuCmXg5s2sabCgjnCRvo0Fy21NXhxdBstG4vN2kzplrWUmYBANMmd7+fOJjixFxayZoObpSvzcHV/3Ue3dtbiD43lc8zPJ/uVTaz7r9DnQMokG/h7Hn+p19YxwYFRsJm1H83nc0uzB7i3INFhY9eetazdm8yCz+fTPXt15S0h/ZXNrNuYRELgPOfNOSy5rb8zDl8Lfzm7X9tJpdmBK85H7RmDtE8tpseXhvgk7C0FbHq+DHvWclbMdQ3t3hUREREREREBIoLB4KDGLck1IODD22RgjrNe4iIqBl6P7zLe37UtPsOCJaqGXc8X43h4GdndymzYs56N7lweuzMDw0/vi15c9jmB4fXQHIjGFnep068NvF6wWoc+vdTX5KHFFIutx3sNvJ5miLFhHcxiH5dk6NdzUH3l9+LxmS+tP8PX02KzjtzzNi+T4fNhtljwHdjEHzy3sGpBj/WugeG6tpd+b7WX4PXQTG/tGIDPi6cFYod8La7EvSsiIp3V1taSlJR0tZshIiJyTdD3zdFHIx+vJyYL1j5GNg6OGavtkp/Y2C4UJFpCgVddJTURNtIGCL/6XG33ss8JzFZbz1FdQysB6yV2iyXORu8RnRmr7TJPbEBDv56D6qsoK7ZLDZ2G4XqOGL+BEWXGbLEAXsqq3Nim9j2leHiu7aXfW+0lXOr9bbFiu6Q8/krcuyIiIiIiInK9UPgow6yOvZveoLQJMIERYSNnyYo+p79a4xOuZONE+uQt384r79ZimADDIHrKIpbPujqLFYmIiIiIiIhcLzTtWkRERERkFNP0MRERkcHT983RR6tdi4iIiIiIiIiIyIhQ+CgiIiIiIiIiIiIjQuGjiIiIiIiIiIiIjAiFjyIiIiIiIiIiIjIiFD6KiIiIiIiIiIjIiFD4KFdfwIe3ydfrLl+TF1/gEsr0e/F4jctr1xVj4PV46b21/e27DIPon0vu+6vA8Hrw+q92K0RERERERESkO4WPcvWd28um9QWU99jRwN7XXmTniUsos7yA9Vv247n81oUZNFSUUucdtgI7KaNgfQFlfe7bzP7hO5GQ8gLWv917jSGX0fcjIeCh5mgl7j7C0LK317Npv/vKtacaflZ45aobFB+88BK8cKzb9mr42UuwZ7jvIREREREREZFBUPgoo0PAoLXXHQa+lksss9VH7+MpL0Ulewt2sfvo1UhwLqMPBut8EevXF9JwpesdrAsl7Nq5k/3V/RxjXMGRrhfgW3vgzJWrcWAX4OXD8ItCuNhpc0Ux/LQYdvTXdyIiIiIiIiIjJPJqN0Dk2pDG0i+lXe1GjJwrGdxdioT5PPjY/KvditHNC+50+HI1FPrgNkto845D8NWZwDUyhV5ERORyBYNBDMPAbDYTEREBQCAQIBAIdNk2HPW0trZiMpkwm8191i0iIvJxp/BxNCrbyppjNnKMCg6e9WFgI+eulcx3Ar4a9r5VSMkZD4bJwIh0Mf8zy8iJNyjZvI6a7NUsTg2XU1/I+rdg8YN5OM4fZMuW/dQHwTBiSc+/i4VTrOAvYctLVaQtdFC6q5i6qBxWrsygautm9tYZmCOAqFTyH1pIcpdGeigt2M7ek258gBGwc9NP9gAAIABJREFUkX3HcvImWQA3RRs248uaQ/OhIqoaDbClsXhFPinhQMR7spBtu0qoazFjGxtLM7Y+u6OluoD1e8rxBM3YUhexPD8Na6gUqv6ymYLjzRA0MDvncdfSHOxt43kDLVTt2cQbR+rwBi045t7Fihsc/bTdTMnmNVSmPcayzHAZvhK2vrSXWgDMJC9YRX5qR93by5sxR4B5XDZLls3DaQLOFLL+Lxby5ngo3FmOZ1I+j33K2sd1G8wN0UpLVSGbtpZS5zWwJM7jrntzcQzQB75Te9m+p4RajwFBA8vE+Sy/M6dnT5/fy8YtpXhazbyxrgzDtYDV+fZQze4Stm4oosrd8xq26+9+7e3+emA2nl77ro7C3xfAkgfJSwyXfbqQDW+V0QyAndl3LyfXDgTclGzfSlG1ByPagT20u5335C42v11Bs8nAiEhi3rJl5CT0cW0WOzg44P0+BAHY8Xv4UWXo49S58ItlEAO4D8H33oAdF0L78j4Jv1gS2rdjHezPhax34aul8NN/gLwD8HgTPH4Rvvo+HDbBL74Ij0/vpV4P7AB+Oh22HIPbZgIn4ZUJ8IsJ8LMLna85/OiXsBmwBuC+lfB4RmhXb+24zwQ/+hXsCIC3Fb78BfhyyqV2kIiIyMhqamriyJEjzJw5E6s19FOj2+3m1KlTZGdntweFl8vv97N//35sNhuZmZmYTCYuXLhAVVXVsNYjIiJyrVP4OBq1Ghinq/Dd+TkenWjGe3gLLxYUkv5gHo7IWFyzFjN7qR2LCdzvbmDje5Xk3J5C8oRYisrLITU0Qs9zooaWiXk4aKDwzQPYPrWaZZOAukLWv7Gbys8vJiUqmxR7IbveNsi791GWx5uhbCsbWmay6ou5oZDP39uouEgS0hdw3yecWKPAKNvK2ncOkHP/PGwYGIaX0sMNLP70apbG+yh+dR0HjiwgZbYFfKUUFFSRcMejLJ9oxnN0Kxt39j3yzuNPYsXn87FRRcFL29ldnsbiNPAdKaDgXAafXZ2DFS8lm//A9v3JrJwbTqG8VdTEfprPftGJpbqAtTtLqLlhIa5+2p6e7KSwohQyw0nM8UpqJyxg9eI0Sl9/juIzDZDqCNVd4+KuL+ThNEHd7vW8UZDI6ttTYEI6yf5NbN2XzbJVj+GyAAF3n9dtYF6qamL59GcfxRlZRcELBZScymXhpP77wBLrImfxbJbZLRBwU/TKRooqcjrC6TYJ81ixzNcRVAOEJ2DXVTew+I5eruFg79de7i/fkS1s6qPvUia1sOtYAySGW1FZBRnLWX2TQeH6jdScgVw7NBRtpcifw8pHsrEZDRRt2khlW3t8pRS8fZ6Mz64mxwrew1v4w469JN8/D3tv16ZsK0UD3u+Dd6YAfjYW3vouEIAXnoFnp8M3p0NMAnzz7+AXVqAVfvQj2HELLLPBbbPg9t/BDx+A44+GywrAK+/Asi9CyUq4+C5Y/wJfnh4KLLteB5gQBXNy4PF34bszoeJA6LX1PJzu9LzSF34DLIfCmYAXvvdT2PI1WDa293a88DOY8BC8NQWohft/BTd+F+bowR0iIjIKeb1eDhw4QGpqanv42NjYyLFjx8jMzBy2ULC1tZWSkhKio6OZOHEiCQkJXLhwYdjrERERudbpV8fRKi6ZjImhH1isWWkkeWqo8AAmO65kOxZ8eL0G9vhYjPCD+WwzUrCdqgiHMD4qT3lwJbvgfBlV/imkTQqX7cwgObqBmnOhl2YTuG5aRnZ8+AckiwVL40lK68JPTIzq7QcnK85kJ9YoA2+TD7PdRmy3Zyy6Zi0kJd4MWElOsuFtCj8v8Xg5NQnZzA+fn22cjeh+uiIxNRtbFBCVzMwUC7Vn6gCoOlmDPSUjPArSSnZaIu662k59mM78G5xYTMDkJBIvesIL0PTddktmKs7T5ZSGp6iWVtTjSu053brqZA32zPBIR8CZnUJ0dVm4781gspL9qbxQuAX9XreB2Uifn4vTApiSSUrw4fF0akdffZDgItluAZ8Xr2HHHjf0Zzh2voau8daOa9hdX/crPe+v/vrOlZZKy8nScPTZQOlJMynT7d0qa6D0ZAvpudnYTECUA3tsp90nK6mxp5IR6hSsWWkknq9rH73a49oM6n4fvMJDcN/s8AsT3JYLhSdDL2NckGoFvHDRBKljwN32gMZIYCZ898ZuBWaFwkaAmFS47xz0trTOmXrIcwDT4f7jsCcAOw6GwsQYK7jbwscG2OyDh2eGX1vh/gzYcqiPdoSPv21K+HUS3B8Lh7s+IFRERGRUaZtm3V0wGKSuro6ioiLeffdd9u/fz8WLFwkEAhw/frx9e11dHcFgkPr6eioqKqisrOTdd9+lubm5S3lWq5X4+HjKysoIBAIEg8H2fRcvXuTQoUO8/fbb7Nixg8rKSoLBIH6/nw8//JDjx4+ze/duDhw4QF1dHe+99x67d+/G7Xa3v/+DDz7g3Xffpbi4uEfdIiIi1wqNfLwmJHQER3F17N20jYM+Gy57JM1na2BcOByzpZMSt5GyCkiZWkFVfRJpU4Hjbjy+GrY/X9GpTBvZnTOWzo+kmZLP8pu2snXzWvZaHGTMX8zC9O6Tdb2UF2xiZ42FpPGxtLpr8JAxqLNpOO+BKAvdZ+8OhtkUidd9HrBQ74a60y+y9kDHfsukPtpg6nyy/bTdkkFqYhHlRyFjRinlZ11kLO1emJt6N0RO6XQGCXZs/gY6sr3IrtF+oJ/rNkTm9nLd/fdB3V42bjuIz+bCHtVM/WlI6D7qcUj1DvbLRaf7te22ab+/Bui7SWmk+ndRWg95lFJlTmFp9+yRetyeaOx9JNbuc26or+HF5/d3bIxJ7nR3drs2g7rfB+/wGVj3O3ihUx1zPhn692IprHoJJqZAaiv8ugG+1/nNw/TnoNuyYMc7UDgB1lkgZizsaPv0r4MdFsKBdchER9eRkV3aUQc7PPDYT7rW8U396UpERK5Bra2tfPDBB7S2tuJwONoDynPnznHo0CHGjRvXfswnPvEJmpqaeOedd0hOTu71GY4RERGkp6dz+PBh0tPTu+wzDIOWlhaCwSDNzc0UFxczfvx4IiIieP/990lNTcXn81FZWUljYyMA5eXlWK1W5syZQ3l5OdXV1SQmJraHoTfccAMmk74Ji4jItUXh47UgUI+7yUpyPPg+fIdiZrLqgfAU0SNbeK49U7STPtXGpqoaoIr6iWksMwF2GzZLOgs/vxDXIKu0Zy3lwSzwVO5iy44tFNo7PYcP4NRedp9ysvjhfJJNtD9fcjBscdbeh24NghFoxRqfANix28CZ+TmWd58GPJB+224hI8VJUUUpRlQV5yelk9bj57tQ3bU+H7RFqB4PzSZzn59Q/V+3S9VfH/g4+E4xzFrFgzeEYqbS15+j/HKrHIxO92tPA/Wdi7QpoanX7sgazKlL6ZE9YsPWY85xpxribZCYzeeW5ww64B7wfh+CVAd887Pw5Sk99617BW77Ajwenm0/8WeXVkdvKs5A1qzQx3Ny4HsvQtZdnaZntw3+SIQ8H3TOGk9fCE0J71Ui5Nngp/8El5Fdi4jIx8DpugbcjR/1OuJwJM2cMbTvUF6vF4vFgsvlIjExkejoaA4fPszFixeZPn06Fy9eZMeOHTQ3N2O1Wjl//jxz584lNTWVyMiuP+0ZhsHYsWNJTEykrKwMh8PRvi8mJoaUlBQ8Hg+NjY0UFRXh9XqJjY0lGAySlJTEpEmT2Lx5M4ZhcMsttxAMBjl37hytra2UlpbicrmYPn06FRUVnDhxgpycnC7h46Gjl/0DpYjIoJhMJuzxY5jodAx8sEg3Ch9HK38LHj84osD7YRk1CS7yLNDi90GUJRRgBTxUnvZAoOMZdfZUF9FvlLOXGuyTFoU2JrpwGLspPwWu8NRrT6MHW3wfo7v8PnxmCxYT2FIySLaW0ewBOocxvhYMcyzRJgCDhqp6mgOJDOZpeRZXIrb95ZR4M8i2gqfWzaAmkfirOFQJU25zAuBy2tlVWYp3dk74WX0ePK02bNZ+Sxmw7ZbMVJzFVRRaakmatrjXIlKTnew63lG3+0glbmdGn4uUDHTdAIwAQx751ncftNDih2hLuDM8ldQ0AsFObw4M4wrXfdyvvRmo71zTU2ktLOEgkHJHb/eoC6fDQ3FpHSQ6wV9DXSMdC85McmIvrKDUm0OOFcDA0+jDFt/HjdHX/R5fR/mxeizJ2X0Eqb3LSoXvHegUPnrAHQd2E7h9MLGtGQ3w/kdw4zD+fmZt+4o+HR7Pgolt07+dcF8dnAEmjIdlJthxMtzGtunZf9VHoeNDYWX78YD7AtjHDl+7RUTk2ne6roFAIMCM1Mmj8lmHfr8fgMjISGbPns3Ro0c5ePAgdrud3NxcGhsbMZlMeDweWltbmTp1KlFRUQQCASwWCwkJCURFRfVadmRkJDNmzKCwsJCYmJj28//oo48oKSkhPj4ek8mEyWRqn5YdFRVFQkICFouFyMhI4uPjiY6OZsyYMbS0tNDa2orH4yEYDHL+/HmioqJwuXoOIxhq8CoicqkMw+DM2XOcrmtQAClDpvBxtDKq2P37tew0GRgkMf+ueaFsJWcOyYd3sub5vZgD0STfkIyjpopyfzZpUUBiNmnWjRSX2cj9bFv6k8KC+aX8YesaKixmMAzMjjl8+u62FZO7qjuwmW0fNhPrTMTcWIPbOoe7uv9ckzqHnH2b2Ly2DDNmbFkZJBuVnHSDs+dQNQBa/OFJyYnzmDfxRQpeXMteM0QnZ5MeX0pNFWR0Se8s2MaYKS1ay9q9QMCMfeYSlk8M7bXNWUROxSbW/dd+QqcVTcqiFeSn9j3ezQgMou2WDFLHFVFUncLi23svxzJrCQtrXuHFlypwxXip8TrJ72ekna3f65aEM2EXhb/bgPuOleRN7LP5HYID9YGN2Tck8+KuNazdZwZLMrOnOKipKsfISsM8wYm9sJA1G9wsXZmHKz4Je0sBm54vw561nBVze6+2ta/Asq/79VL6bmIaUy5uoTQmlwf7yMczbsrl4KZNrKmwYI6wkT7NRUttDV4cWG3zWDRrA5t+v4b94fs9emo+Kz6V0uv16fN+ry9j754SLK2pJN/QLbiMg1vPwsQnum4reRLm3Al5/xuyP4CJptAIw+89BsvGw6p8uO1Z+LUVYpzw5RzYUgoPJ/XRWb3pNmqxzekGiGl/xigse6DbAYGO9335EXjsV7A/BS5Wg30JfLOfYdGPr4S7fgUvxAGtEDMZfv0oTBhCs0VE5Prmbvxo1ASPFouFqKgoGhsbSUxMJBAIcPr0aWJjYzGZTEyePBm73U55eTn79u1rX5gmEAhgs9mIjIzE4XBgtVppaRncA7MdDgeJiYkcO3asfXRkbW0tJ06c4M477yQYDA6pb8xmMzExMURERJCQkIDdbsdkMo2K/hWRjyez2cyE8eM4WlGt8FGGLCLY+anIMjoc2cJzH9hZ8WAedr+BuccCGAZejw9znDW0mEp39YWsf9vC0pXdAqCAD29TC8TYsPb+h9tudTRDtA1rP3NXfU0eDMtgyuulBq8Hn7n/8gdbTnMgGlvc0Aq6nLZ3FOLF4zcPsu4Brttl6LMP/F48vsG27xINeL/2YUh914uAD2+TgcVmpdca/V48FyF6UP09uPt9KC42hRaVsXcfcOkDt9HL9qvgogewQsxg/gwVAHdTaPGaQR0vIiLDpra2lqSkofyl6so7dLRi1IzCa21tpaioiPPnzzNu3Dh8Ph8NDQ3Mnj2bKVOmcOTIEXw+Hy0tLVRVVbF06VJ8Ph+7d+9un4YdGxtLZmYmFy5c4I9//CP33HMP48eP71JPc3Mzr776KkuWLGH8+PHU1tayefNmEhISuPvuuzl16hS7du0iPT0di8XC4cOHWbhwIePHj29/n91u509/+hOpqanMmTOH4uJizpw5w5IlSzhw4ACVlZW4XC78fj+TJ09m6tSpvT57UkTkShlNX+/7ci183/y40a+Qo1zvQY4Zaz9ziys/KMOa+bmeI89MFqy2wSYrZqy2gRfdsMRd+sIcZquN4chfzFYbl9KKy2l7RyFWBt2lA1y3y9FnH0RZQyuFXyGDDh5hiH3XC5MFa3+XcEjnPrj7fShi4jo9b7EzC32OCr3SYoZyyiawD28XiYiIjIjIyEhycnI4evQoXq+XiIgIMjMz24M7s9mMYRiYzWZuvPFGxo4NPUtk5syZ1NbWEggEiIyMJCIigtjYWG688UZiY2N71BMVFUVOTk77PofDwc0334zZbMZkMpGUlERWVhY+nw+r1Upubi6xsbFd3mcymcjKysJuD/10MGHCBGJjY4mIiGDGjBn4/f4uU8ZFRESuRRr5OBod2cJz5Sk8dlf2EN5UTsHzu6kKgHnCfO67I2NYgj2RAV3S/SoiIiKDdS2M4BiNI2GCwSCGYbQHjp0ZRuhRMp2393f85bbBbDZf0ojFYDBIa2trexgqInK1jcav991dC983P24UPoqIiIiIjGLXwi9R18IvoyIicvmuha/318L3zY+bYX7ynIiIiIiIiIiIiEiIwkcREREREREREREZEQofRUREREREREREZEQofBQREREREREREZERofBRRERERERERERERoTCRxERERERERERERkRkVe7ASIiIiIi8vFknDvG2+/XUe1pBcBii2fmjTnMHqdfU0RERK4XGvkoIiIiIiJXXt0hXv5zTXvwCODzNLL/z+9RWHcV2yUiIiLDSuGjiIiIiIhcYc3s/7AeL2AeO4E77v4kX7w7i5ljTYCPYx8ewzsc1bR4aGwejoL6YbTQ2NgywpWIiIhcuxQ+ioiIiIjIFXaa0xcAYsi8NYOJUUCUk3m3OhkLcKGR48NQy9nX/oHcr73M2csp5MP/YOVDa3i/r3yx+Ofkzvs5719OHSIiItcxhY8iIiIiIiK9amHPxl/yfkYaM6OHu2wPW/8+m2lPF4+SckREREaGwkcREREREbnCJjJxLMBFjuwp5bQf8Nexd08dFwDGxjPtqrYvrKWIN34HX1gyn2HPHmnhQuNoKkdERGRkKHwUEREREZErLJY5sxIZEwHGhTO8+dqf+a/XDnPoQgAiLEyfNR3roMtq4dBzj5I7I5tpM7LJWvQwzxV3miPtq6bg2b9hfm4203Lv52f7Ova1fLiGVfPD77vnSbae6lpy47aX+d2kv+GBW6Lh1DaeuGcO02ZkM23GfO74p22dpnM38v7LP2Tl/NC+v321uqMQo5qt37ufrPD7Vj13mBbqeemxRTyxE3juYabNyObH+wCjnreffjh8LnP4zPe2UWWEy+m1/j7KERERGUUUPoqIiIiIyJXnnMm9i1xMtkW2b7LY4pmz6CbynEMo5/Bv+bunG/nqH0s4fng/O3/7JEtndBqn+M5vean1bn7zyst8Z95hnv3PcGh4fhvf/vzPGf/kTo4fLuI3txTxtz94rVOgWM8br24jeeUiZpo9bP3Z13kp+2mKD5dwvPhlnlk9h/Htx77MS3un8c3fv8a/PzyWrf/j5fZnQB567m/426N3sKG4hOPbvk700w/zi+JE7vnfL/MvtwBf+CXFRUV8MxcaX/8BX3p9Dv++t4Tjh1/mnqNf5xvrq4G+6u+9HBERkdEkcuBDREREREREhp953HRuXzx9GEo6zhtvFrF06nySp2V13bXoe/z71+9mPOC8cxE/fj008vHsn19mU/PDrLszEcyQnjufma3xHdOrT7zJSzuzeOw7WYAntG3/Tt44PId7siYzs0s1j/LUTx7mRoDPLIEXfOHtxbzx78e59Tt3MTMWmJpN3qxcomMhOn480RYgOp74BBtQz9bXtsGdL3BrPMA0br19Mj/eWczZhz/ZZ/09yxERERldFD6KiIiIiMgV5TtfzaHjZ6mu/4gLLQGMtqnFZhOW6BiciXZSp01lWoJl4MKyHuHXPznLE08/yiefjWbmA0/z//5lCcnmAd4XrjM6fNz4O3/An+7s2F2282Xez72fZ6YB2Fj6T2v45pP/wPfve5knEubznV//ksdmDfwkyJZmiDbHhF/l8tgra/o89mIroenTz3XaeNvl1S8iInK1adq1iIiIiIhcEb6zx3jzjT/z+7fLOXCykXPNnYJHACOAr7mZ6pM17Hp7D8+/sY/9Z319lhcSTfr932ND4X7+vOZhol9qm6o8gHDo2GL0ss84zNbfHGbp6s+Q3LZt/Hwe/+VODhe9zFMLTvHjz/8v9rT08t7urYuFFuPiwAcCMZHAo2s4frSk479fhkZtXmr9IiIiV5vCRxERERERGXEfHd3HS3+p4bQXiIphcmoqn7ptLg+t+CRfbP/vVu6/LYP5qfGMjQLD+xEH/lLElqP9LOd85jDvn2oBczTJtyzh1klw1uPp+3gfXATGz1nEjbzAf74cCipbTu3kd9vqQ8cUv8YvTi3hzgVt05hbKCs+TKMBJGSRvygLmhtp7Cf8C4WaWeTdH82e3/yePY2A4eHQy6/xfuf3tbS9SGTOolx4c2foWKDlRDHvnxpk/S1KIkVEZHRS+CgiIiIiIiPsJIVHPsIgkvGZWTx093xuz53C1LFj6Dqx2sKYsRPIzJ3DvXffyh2ZY7AQ4OyRco70UXJj+Zv8+L7wKtBZD/O78V/nmS9k9X6wGXjnMNUtwNSHeebpRbz/vTtCq13f90vKWi8CLezZ8gJ84WGWJrS98Szv//KvmZ8VWhl7/v/Yz/Knv8bS+N7qsBDNfsqqAaK59ZtreDz6BVbNy2Za1iK+tO0s0QZAIjNvySL6d48ybcbdPHcUku99ku+kbAgdOyObrAee5o+l9QPU37McERGR0SQiGAwGr3YjRERERESkd7W1tSQlJV3tZvTr0NEKZs5I7eeIcrZsrOZszDjuuDOHiYMuuY5drx/m+MUxzFkxl9n9HNly3kOL2UJ8/BCfg9jiobEZouNtoec/Nm7jv8/7R8aueYd/WRDd/7FDqea8h5ZoG/Gxgzi20UMLvZzLZdQvIjIcBv56f/VdC983P2604IyIiIiIiFwZF8/x5sY/j0jR0Qk2Lmn5lWgbnTO+xqKdbJr0N/zpll5K63bsSLUvOr6PYy+jfhERkatF4aOIiIiIiEhY/JIfcHgBGlkoIiIyTBQ+ioiIiIjICEtj2Yq0q92IQYsexNRoERERGRwtOCMiIiIiIiIiIiIjQuGjiIiIiIiIiIiIjAiFjyIiIiIiIiIiIjIiFD6KiIiIiIiIiIjIiFD4KCIiIiIiIiIiIiNC4aOIiIiIiIiIiIiMCIWPIiIiIiIiIiIiMiIUPoqIiIiIiIiIiMiIUPgoIiIiIiIiIiIiI0Lho4iIiIiIXBaTyYRhGFe7GSIiMoIMw8BkUowkQ6e7RkRERERELos9fgxnzp5TACkicp0yDIMzZ89hjx9ztZsi16DIq90AERERERG5tk10Ojhd18DRimoCgcDVbo6IiAwzk8mEPX4ME52Oq90UuQYpfBQRERERkcs20enQL6UiIiLSg6Zdi4iIiIiIiIiIyIhQ+CgiIiIiIiIiIiIjQuGjiIiIiIiIiIiIjAiFjyIiIiIiIiIiIjIiFD6KiIiIiIiIiIjIiFD4KCIiIiIiIiIiIiNC4aOIiIiIiIiIiIiMCIWPIiIiIiIiIiIiMiIUPoqIiIiIiIiIiMiIUPgoIiIiIiIiIiIiI0Lho4iIiIiIiIiIiIwIhY8iIiIiIiIiIiIyIhQ+ioiIiIiIiIiIyIhQ+CgiIiIiIiIiIiIjIvJqN0BERORKCgQh2P5vkEAwtD0IBDt9TPh1+8ft24IEgYjw6wgi2l90bAv9r8vrPrZHRITKiAhv79gmIiIiIiJy7VP4KCIi15VAEIxgECPYPWiEQFu6OAw6QslOCWVvBwyptA6hEDKiRyDZ5eP2baHw0qTQUkRERERERhmFjyIics0KAkYAWsNhYyhwHL6A8WoKjcQMdt3Q79EhEYApIqI9iDSFQ0kTEe0fi4iIiIiIXCkKH0VE5JpiBMEfCNIaCI1wvD6ixuETpGPkZ889IaaICEzQPlrSRFtI2bFdRERERERkOCh8FBGRUS8QDhz94VGOcnkCwSAB6GU0ZWhD2+jJiE7BpDkiArNGToqIiIiIyBApfBQRkVGrNQAtgSD+gALHK6lt9GTXcDL0whQOIc0KJEVEREREZBAUPoqIyKhjBMFnBGlR6DjqBIKhFcL9QG+BZJQp9LGIiIiIiAgofBQRkVHmohGkxdCzHK8lnQPJi0aQyIgIIk0KIkVEREREROGjiIiMEv5AkItGeLqvXNNag0FajY4gMiocRGp6toiIiIjIx4/CRxERuaoCwVBI5dMU66uubbXr4eYP0P7cTgWRIiIiIiIfLwofRUTkqmkxgrQYENAk66vKHBFBjDk0QlFERERERGQ4KXwUEZErrjUAFwNBWjXa8aozRURgi9IwRBERERERGRkKH0VE5IoJBKElEFpQRkYHq/lqt0BERERERK5nCh9FROSK8IUXlAloQZlRJTJCox5FRERERGTkKHwUEZER5QsEuyw4IiIiIiIiIh8fCh9FRGTYBYIdoaOhkY6jWmswSJRGP4qIiIiIyAhR+CijVpBQgBEIBgkEQ6+DQFuO0fY6IvyfKSL8cQSYiMAUEdomIldOa3iEoy8Q1PrV1wivgVa5FhERERGREaPwUUaFIKHQojUYxAiAEYTLiy5C7w2FkhGYw0GkOQLMEREKJUWGmaZWX7sCwSAeP8SYIxRCioiIiIjIsFP4KFeNEYTWQJDW8L8jEVkECU357LqwbhBzRASRptBCC5GmUEgpIkOjqdXXDyMYpKk12P7HmrZR5BGE/mgTpb/YiIiIiIjIJVL4KFdUMAj+YBBfIBQ4Xi1GMIhhQEs48ow0RRAZ0RFGikjvAsHQCOW26dWKHK8vbY+5gNCo8bjIUBgpIiIiIiJyqRQ+yhXRNh3TH7jc6dQjozUQpBXri6LIAAAgAElEQVSA0MifyAiINIWmaOsXb/m4a3skQtu/8vEQbUJf/0RERERE5LIpfJQR5Qtc/VGOQxUIBvEFwRcATdGWj6OuoxtH5x8MZORpqrWIXKuCweD/Z+++o+u67jvRf0+7Db2zgF3sRSTVLCkqdizHlm0pLrHlFDuOJ7HjlMnMezOe917eelnJJFkzzps3JWOn2HHsRBk7rnGPY9mWbMmSSImi2CmSYC8g0W45fe/9/jgACBDtArjl3IvvZy0QwLnnnrNxCdzyvb+9fwjDcPx7XddhGEYVRzQ3KSX6+vrQ3d2Npqamag+HiIiopBg+UskpdTN0rId14CZO0dYwYYq2zqpIqg8KgBitauT6jTRG4/0bEdWoIAjwyiuvIAxD6LqOIAiwceNG9PT0QIvpnZsQAseOHUMikWD4SEREdYer21FJ+VIhFyo4QtVlgKEQTR93hEIukMgFCnao4Mtbm9oQxZNU0e+wK6IGI9lAYcSXyIcSbp3+3dLC8D6NiGpVGIY4duwYgiCAZVnI5XLYv38/XNet9tBm5fs+hBDVHgYREVHJsfKRSkIowBUKQQ1Nry6FsU7aY1O0xzrFsjKS4kCom7+jYrSicWn9hdJiBELBNHknRkS1ybIsbNu2DV1dXbh8+TK++c1vIp/Po7+/HxcvXoRt2+jp6cGWLVtgWRauX7+Ovr4+aJoGy7KwdetWSClx8uRJ+L6PIAiwZcsWZLNZJBIJrFy5ElevXkVfXx927dqFVCqFEydOYNmyZWhsbMSJEydg2zY0TcPmzZvR0tKCGzduIJfLQdM09Pf3Y8eOHchms3jttdegaRqGh4erfbMRERGVBSsfadFcoZAP5JILHqcjlZpUGTniR9VlrlAIefNQmSgVNYXxRFSJmwsUhn2JXCBhhwqeUAgZPNI8eTL63SEiqmVKKQRBAF3XoWkaXNeFUgpCCBw/fhxXr15FGIY4ePAgBgcHAUTrLwLAuXPncOrUKSilxj8GBwdx7NgxCCHQ19eHgwcPYmhoCJ7n4dChQ7BtG6dPn8a5c+eglMLAwAAOHjyIIAhQKBTw/PPP4+LFiwiCAPl8Hi+99BIKhQKklJPWqSQiIqonrHykBVuq1Y7zoRCtoRcAgIjWjDRG14w0tKibNns6ULGkij6EUqOfow/GirQY1ixV2grR/TwA6BpgaRrXgiSiGV3pH8BwNj8e3lXK9k3rpmwLggDPPvssMpkMPM/DunXr0NjYiGQyiYaGBniehxdffBGDg4NYvnw5HMdBIpHAihUr0NnZiWQyCd/3Yds22tvbsWzZMjQ0NMBxHJw+fRqu6yKXy2H16tUYGhpCIpEAADQ0NOD555/Hxo0bsWvXLly6dAlPPfUUbr/9dqTTaQwNDeGOO+7AunXrcPHiRQwODuLxxx9HMpnE1atXp/35zl68goId7ynjRFT/dF1Ha3Mjlnd3VHsoVIMYPtKCRNV9UaUfFU8h6vwdTtiiIQohDQ0wdIxP3ebr+6VLTpguPRYySlYuUhk0WzrfACGikrjSPwApJTat641FZ+mxjtdSSnR2dmLLli0wDANHjx6FlBLNzc0wTRNKKZimiV27duHkyZM4dOgQWltbsXv3bqxZswY3btxAX18fTp8+jb1796K5uRlCCAwODiIMQ6xduxbXr1+HrutoaWkZX2OypaUFmqahoaEBSin4vg9N05BIJNDW1ja+X0NDA9LpNADANKd/aba2d3klbzoiomkJIXD1+iCu9A8wgKR547RrmrexRhUMHktDIeoy7Mloymw+kBjxJbLBzSnbgYwq3ai+iNHO8GN/U2PTpbOBHP+/j5oZMXik0ms0GTwSUekMZ/NY1tUei+ARiNZ8vP/++/HII4/g3nvvRVtbGxzHwaFDh9DS0oLVq1ePh34A0Nvbi7vvvhvd3d04dOgQRkZG0NjYiPvuuw8bNmzA1atXcfbsWWQyGTQ0NODChQuwLAs9PT3I5XK4ePEili1bNt6tOpfLQSkFx3Gg6/p4ZeREyWQSjuMgCAIIIcY/ExHFkWEYWNbVjuFsvtpDoRrEykeal7HOzlR+cnRqbTC+JaqS1Eenauta9O5B9HW0jTlCPChE6zBKRJUXUkXbxj6PVTISVUtC12Dy7UciKiEpZWyCRwDQNA2maU4ak67rSKVSOH/+PEZGRgAAuVwOnufhxIkT8H0fnuehqakJlmXh/PnzuH79OgzDGA8dTdNET08PDhw4gDvuuANNTU2QUuLy5cvYuXMnLMvC5s2bcfbsWTiOg8HBQaxZswaZTAa+708aY3d3NwzDwHPPPYfGxkbouj4+LiKiODIMo+JLa1B9YPhIRSuEXN+x2qLgKpqOO/USQMOEYHL0w0C0RpsOcK22RZouVJSTto0FjPw7oXhjxSMR1TPLsrBz505kMplJ2zOZDPbu3Yv+/n5omoYtW7ZAKQVN02AYBoQQMAwDe/fuRUtLCwqFwvj07fXr12Pt2rXQNA3r169HoVDA2rVrYZomtm7diqGhIbS1tUHTNGzYsAFhGMJ1XbS2tmLz5s2wLGv8/GPjam5uxp49e3DlypXxqd/JZLIaNxkREVFZaUqx/IbmxuCxdikpIUe7OuqjT64NXYeha6OVlJjweTSo1KLrTZz+YxgGLMuCrtd+udRYiDj2G61GA8OJ2ycHjVxzkepLQteQMZlAEtWKa9euoaenp9rDmNWRk33TNn6Jm7FO14ZhQLvlXdmJz3nGSCkhhIBpmlP2X+h5FrIfEVFc1ML9fS08bi41rHykOeWCaM05qi2B7yMIfET/dQpRxHjzs64bURBpGICmQdf1qJpPCoRBCCEENETTljQoaBCA5iFpJZBIJKCPlk5F+4wGl6MbJj51vvVp9MTn1RMvm/QbpiZ/P+Xr8YAwuuTWwBDAlCAx2q80AeJYoDsfuq5B02o/uKX6INTNewMioqVkbDr2dKabNq7r+oLeeJ3tPAvZj4iIqJbxkY5mNeJLVnvVGCklXMeGnFKpqiZ9FkLMuah5FPRNvl4gPGiej2QyCdOypjl+bYqCVzkaLEpAjVZAjFaBTr09588wDCSSyVitiUVLk1AK+QBosuovfhQKMOrvxyIiIiIiqlkMH2lGDB5rz1jwOLZ+EaBw4uhpDFwfxI3rQwCAVWtXYNWaFejs6sDkwFCb9P2Jo6fx7NP7cOHsZdy4Pog9d+3A/Q/dhc3bNgBQ8DwPQRggmUzV9FRsIQQ810W0AsXMt8fY7TnT5cV8L6WA69jQdQOmZcE0DGg1fNtRbRsLIC0dMOpgqp+Egi8AUwcMpo9ERERERLHB8JGmlQ24vl2tUVLCsW1AKRQKDp767o/xL99+BnbBmXb/TEMam7dtwKo1K7F5+4bxqOzi2cv4ydP7cOHspUn7P/ujfXj2R/uw564deO/7H0dXdztEKGCHBViJaCp2raxVFK3fFCIIAkgRdWvTtKjIc3xyuqYwcWa1pim4ArBDICeAQCmEEtGHAgTU+NehjPZvMoEmE2gwgSZTocGIji+EgJQCnoqmc5mWCcuqnduP6keoFEIB1Hrl8kRKakixuJiIiIiIKDYYPtIUuUDNez07qr4gDAEoPPv0fnz+c1+bMXQcYxccHNh3GAf2HQa+VPx5Duw7jBNHT+ORRx/EY+9+EwANYeBDhAESyVQs1i0am0ItpYimT49+BkanVquba1+OVTQGUkO/p9DvAQO+Qj7UkBcKhRDIh0BBAIFc3LiWpYA9LRp2twIZQxsNOBUC30cYBLASCVhWYtE/P9FSJpSCUBqnXhPVhBAjZ4/hmSODGPSjLUYigzXbN+K+ta3g+whERET1ofopAcVKns1latJYgHW+71JRweNi2QUH//TFf8azP9qHD/7mE9i8bQOUUnAdp2pVkEpK+EEAEYaQspiUMPo93zeksG9Yod9TmLysY+n/Dq66wHdchWcHgY0NCr1pDavSCt3J6P/Qcz2EYVjzU9mJqi2QilOviWIvi9deOILnLvuTtgrfxpkDB3Hl2gY8ek8vGqs0OiIiIiodho80rhAqhAwea5IIQ9y4PoCP/9Enyx48TnTj+iA+/oefwJ67duCJDzyOzq52hIEPKQSSqcoEaEophGGAwPdHKxond9S+1UgAXHCA87bCWRu44pZ9iFNkA+ClYeCl4Wi8m5uAu1o1bG4CpBBw7AKsRBKJBKsgiRYikODUa6KYc069hhcu+wBMdG3ZgNdvWoY0bFw8eQw/Pp6Hc7kPz5xqx6O3Zao9VCIiIlokho8EAHCEQlCCbr5UHWEYzrq+Y7mNTcV+7N0/hze+5QEIIeDYNhKJBKwSB2hjU6qFEJBCIAxDADfXbHQEMOADgwEw4ClkwyhwHPvsLXLqdDmcyAEncgpbm4A3dGnoSQKB7yEcbejD7thE8yOUQig1mCwgJoqpYbx6Jg8BoGXjTjy6tXl0ewa9W+/A28UL+PJrLq6fOYfB27aivZpDJSIiokVj+EjwhIInGDzWslw2h+ee3l/VMdgFB5//7NdwYN9h/Pb//qvINGTg+x6EFEgmUwuahi2EGA8Zo+9DTGgJg4lrNl52Newbktg/VMIfqsKO5aKKzJ/t1nBXmwYlZTSV3bJg1VBDH6I4CJSCCf7NEMXTAAYKAJDB+vHg8abGre1of+0yBgs2LgIMH4mIiGocawKWuEBGVY9Uu3zfw09+tK9qVY+3OnH0FD72O3+M40dOQSkgDEI4dqHIdRhvGque9L1oHcQwDKFUVPk48fOpvMKXLil88kxtB49jCgL4+hWFL12SGPSjn9P3fTi2DTEawhLR3MIYVjkT0a10TNtVxtDZbIaIiKiOsPJxCZOKwWOtU0ohCAK8sv9wtYcyiV1w8PE//AQeefRBPPGBx6GUgmMXkEgmi+7mLISIapZGC5cCGa2VmBXAZQe47CpcdoAb/mxHqV0HR4BztsLDXRruaAWUknBtG4ZlIplIQmNDGqJZses1EREREVE8MHxcwlyhINlgpmZJKeG6Dgo5GyeOnq72cKb1L99+BsePnsavfeS9WLV2ZdTNOQhgJZIwzdnvfkzTxD9fdHGyEIWOubBCg46R4QD42mWF03ngoU4N3cmokjQMQliWhUQyyanYRLMQSsHg3whRbORPH8C3D2XhjD/9zOPAV5/GgZmvEV2umejduRM/u2HqFG0iIiKKP5bOLFGeUPDZYKYmhUEA17Hh2AUoKfH97zxT7SHN6sLZS/j4H30Szz29D5oWhaae68AuzD4V++VBgR/eAC45SzN4nOhQFvibcwrPDwESUXOdMAzgOs54h28imorF/URxch7PHZkYPM6DCnHxyGkcL/mYiIiIqBJY+bgECRVVPVJt8X0Pge9jYtZ04/ogvv+dH1dvUEWyCw7+5pOfx4H9h/HBjzyBTEMaSkk4dgHpTAP0aaYQD8SxLXUV2QL49lWFfUPA7c0a7u8ADCXg2AWk0mnoOlfHIrqVkJh+PTkiqoIAoQCARux5xx3YVfT1TuPbX72I60KiTldaISIiqnusfFyCXKHA6LF2KCnh2PZ48Khp0cdPn9mHP/wP/yU2jWaKcWDfYfyH3/1jfOPL34NjO1AK8D132n3XNPDuaTrXPeD71xWevKAwFGB0PU1n3g19iJYCwcpgoiXFu3oGp87l4N3an82+gVNnLiJr33qFHC6cOYPrWW/yduEhe+4MTl2deqxYnoOIiCjm+Op+iXGFQsDp1jVDKQXXdSCEgFJRpePnP/tP+Nhv/zE+/YnP11TwOMYuOPinL/4zPvY7f4wD+w4jDKOu1o5jwy7kkc/lkM/l0Gu4eH1ntUcbX6cKwJMXFM4WxgJIG2EQVHtYRLGiwKnXREvG8x/H1gffhjc9cg92//krN7eLF/Anux/Em978Juy+77/h5fELLuIff/0ePPTmt+GeO/81vn795lUufPkj2P3I2/CmB+/Bb37jRszPQUREFH+cdr2ECBWt9Ui1w/c8SCnh2KPTlvfFq6v1YtgFB5/5i8+js/s3sXrtyvHtE3tDvKFbQ2sC+Opl/t5Op98Dnryo8NhyDTubFbzRKlLTsqo8MqL4YNMZovjLn3wJ3ziahw8Ty7ftxJs2zb+xTHboZrLnTSwyLGTRP/a1PXHidg7XL9z8zp1QZZgdunTzm0nb43gOIiKi+DP+4A/+4A+qPQiqDFcoVoDUkLGqxxNHz+BP/u//jgtnL1d7SCUXBCGOHDyBN77lQQCAJkKYBQe6H8DK20hks1hnD2ODLGCfbKzyaG9SQkCKEEoEUCIEpISSAkpKQAM0rXJF5aECjmSBpK5hVVohDAU0TYNhcKE7IgDQocHSGT5SbSsUCmhsjM/j4HSuDwyju6Ntlj2G8NrxLGwksHzrCvSMbz+PHz3bjxEJABL5QRupzcvROef1Jkt2dqFdeEiuvR+//u63YXv3aI1FshvdHQKu1YsHfv29eHxb12j1RTPae5oB0YDb3/1ePH7/GrSMPny3tC9DixTI7HwXfunx+7G2Oc7nICKqrLnv76uvFh43lxpNsVXqkhBIhULI/+paEoYhXjt2Ch//o0/W5PTq+fjDJ96I29etnnWf78tGfDk1+z7lpJSC8BwoIaBbCRiJ5Bz7S0ApaBVsBPMzHcDP9WhQCrAsC8lUqmLnJoorU9PQaDF8pNp27do19PTMFLvFw5GTfdi+ad0se4w2jpnScOY8vvf1PlwZq/4zmnHPY3uwZc7rERFRNcx9f199tfC4udRwzcclYsqC1RR7Ugp8/nP/VPfBIwC8+NoFyDneB3mjnsdup3/WfcpBKYXAySN08tANE1ZD05zBIxBVP44HjxV6j+cnA8BXLkXnCoIAnjt9Mx+ipYStmIjibjXu29KIhAZAM7F8y4YJwSMRERHVA1brLwGeUAhZ4FpzbvQP4sTR09UeRkWcvHwDYRgiMcdahT+jhvEKuis0KkD4HoTnwkgmYSQWUUVYwfXmDowABaHwK6s1BKMNaBLJJDSueUdLVPTGBn//ieKscdMdeN+mao+CiIiIyoWVj3VOKsBj2UdNeumFV6s9hIpx/BChnLs8d7sZYrM3UPbxKKUQFHIQgQersWlxwWMVnMwDf9Gn4EmFIAjg2Da4wgYtZZK//kREREREVcPwsc75Us05nZXiyXW8uXeqExcGRiBEcSn5neFwWcciRQhvZAi6aSHR0FzR5jGldMkBPnEGGA4BKSVcx2EASUsWw0ciIiIiourhtOs6JlXU4Zpqk5RLqWS1+N/Te7QCfhjkcNlqKvkopAgR5EdgZRqLWtcx7oYC4M9PK/zaGg0rUgKObSOdyXAKNi05Epx6TVR9FkwDgMjjwFefxoH5Xt3QkSjDqIiIiKj8arOkh4ris9SjprV3tlZ7CIsipUAY+ghFEHV+nsWKtuKDRMs0sdrPLnZ4U0gRIihkYWWKayhTKnPdNovly2gK9ulCFGjbhcISC7aJWPlIFA+rcd/2ZqQX8j6AZqJ3OxvREBER1SpWPtYpVj3Wvp27t0FKAX2sY3INESKEqSvceVsvbmTzuDAwAj/wYZrTNz5JW/P7GdcrG8+XarAYCx5zsDJN0M3Zm96UWqWmdX/2vMK7VwK7mgHHLiCdydTk7xbRQjB8JIqHxg178J4N1R4FERERVRrDxzrlCgWTUytrWu/KHnR0tmFosPRVfuWklMK6rmb83mMPYXl7G0zdwIht44vPHsDXXzwMw7RgGtaE/SXWL2tHco5O1xNth13SMQeFHMxUuuLBY6V96RLgCeDedg2B4yKdSTOApCWB4SMRERERUfUwfKxTGZPBYz14/OffgL/9m6+iltYqa06Z+L3HHsK6ZcugjwbgXS0t+OijD+OB7bfhr777LE5dvQFdN6AAJAwNb9m7BYl5hI9NuoZeP4uLieZFjzf0HCgla66j9UJ946pCoIC3LNMA30E6k4FhMICk0hjL+Cb2NlITP6uJ29Sk1V6Vmrz//I+HaY4XnYNvxhERERERVQ/DR6IYe/StD+NvPvXlmqpOe+sdm7Gyo2M8eJxo55pe/LffeA+eO3oKT716AkopvPPeXVjd1TWvc1imidv8odKEj64NM5le9HFqyXevKQRK4rHlOmzbRiqVgjWP8Jeqo1zBHtRs4d1sYaCacjkREREREdGtGD4SxVhzcyPued0u7HvxSLWHUhQpBW5fuxKpxMz9KHVNw89s34j7tt2GMAxhGDqMBYSrK6W7mKECAJQUkEEAo6lt0ceqNU/1KwRS4p0rNDiOAwBLOoCcLdgb/1pNjtvmDAMnXWe24003BgZ7RERERERUHxg+EsXcjp2baiZ8XNnRjN7O9qL21TVtXlOtb7UG3oKvO0YGAYxkCppemaYvcfPMDYVAAk+s0uG6UZhbjgByfkFc6YK9aa+DaF3SW7cRERERERFReTB8JIq5Bx68E5/59FdQC+s+rulsg2lWZop4ly6RliEcfeF3YyLwYFgzV2kuBT8dVHClwBO9Oty8jWQqBSuRmLkqb8I3s62zd+t2IiIiIiIiWpoYPhLF3IoVPZBS1sS6j53NDbCMytytGLqOZUEefcnWBR8jqnxcWus9TufAMOBJiSdWavAdF2YgkEwtjQY8REREREREVF5Lc64hUY3ZuXNztYdQtEp1TrZME8vC/IKvr6SEFCF0dnoGABzNAn93QUEphSDw4bmLX1OTiIiWDl3XIYSo9jCIiKiMhBDQl+iSVbQ4/K0hqgFSymoPoSgnL99AGIYVO1+XXPi6j1JE49RqoKK0Ul7LA585B0ilIQgCBpBERFS01uZGXL0+yACSiKhOCSFw9fogWpsbqz0UqkGcdk20APNrhqGmXn7LmnkTt0+3zl7X8i4cO3ZmscMuu4sDWWQdB50V6prcsYjwEVIu2UYzs+mzgU+dU3j/Kg2ADwCcgk1ERHNa3t2BK/0DONl3sWbeNCUiouLpuo7W5kYs7+6o9lCoBjF8pNhZTGdc4GYgOG2zjGnCwqnHnO461W2g0d7ZVqUzz4/tB/j8T17Bbz/6YEXO16MtvLpCKQloDB+nc9EBPn1O4ZdXaWhBACklUuk0NC3+TY+IiKh6lnd38EUpERERTcHwcYkpNti7+UkVHewVf8zpu+OyM+7MVA3dOP9y8BR2rFqGh3duKvu5OuFDw8JCYaUUw7RZXPOAvz2v8Iu9QFcyhGPbSGcyvM2IiIiIiIhoXhg+1oF8MM203rGvY1C1R3ETNRSRcrRqUNOg6wZMwypZsPSX33sBG5d3YWWZKzYtw0Rb6GDQnH/Hak3To+pHmtGAD3z2PPC+VRpWpiQDSCIiIiIiIpo3ho81zpcKYS2VxVHVCSHwlr2bcedtq9CSyaB/OIcfHX4Nz588B8tKQi+qAYuClGrGTme2H+DLz7+K333bQ6Ud/C00TUObcBcUPuqmBSUEFNd+nFU2BD53XuGJXg3rMgJhGMKq0JqeREREREREVPsYPtY4jw0Fl4RSFprds7EXv/LwXWhtbAIAbFsNPLxrCw6du4g//dL3MOIEMI2Zw6Uw9CHEzY7WmqbDMEwYxuS7k/PXh+AHARLzDKqkUgjDsKjrWWZU+QjMv8JSN01oug4Z+jASbKgyG0cAf39e4T29GrbqPsNHIiIiIiIiKhrDxxonWPW4JJRymuudt61Gc0PjlO071/Tik7/5BP7ki9/Fq2evwjSt0crG6NxSCoRhgJ1revBLD96B1V3tOHd9CK/0XcI/HziG4YIDw7CgaToABT/wEIjiQsSJPN+HMY9KxLbQndfxJ9JNCzIMYSQWfIglI1DAkxcUPrJOYF0iYABJtYUrBRARERERVQ3DxxrmSwaPNH+OH0CfIcxsyWTwnz7wTnzlpy/ji88ewFDeGb8slbDw8/fuwjvv3YWWxibomoa2pmbsXr8Gv/L6e/DV51/Bd146iksDI2hrTOOJB/YgYc4/oArCEEai+DSwU/nzPscYM5WGn8/BTGdGQ1Oay/4hoDfjMXykmsK/biIiIiKi6mH4WMN8TrleOkpY+Xh1KDvnPu+8dy/edudOnOsfwMWBIUgpsXtdL9KpJDLJqVOUDd3Au++7A+943W64vo8gDJFKJGGZ87+L8cMAqXmEj80qnHunGRiJFHTDhnAdmOmGBR9nKdk/DNzZJln9SDWFPZKIiIiIiKqH4WMNY6OZpSOTKc2ahGHoY+Oy9qL2TVgWNq5cho0rlxV9fEM30JCaf/OXMUopBGEIcx6hZQaLS+GNVBqhU2D4OA/7h4CVaQ+mabLzNdUEVj4SEREREVUPn4/XKE65XlpWr+td1PWVUggCF3dtWIm9G1aXaFSl53geEqY147Tw6TRri/tbMJNp6KaFwM4v6jhLyf5h4JIj4boOFN8EoRrAjJyIiIiIqHoYPtaoQFZ7BFRJt+/dASkXXuFnQOBdr9uF33nrg2hrbi7hyErL9T2kknNPuRZSwA8COJ4HK3Dm3H8uicYWAIBfmHtKOkX2DwEiDOE6i7/9icpNY8cZIiIiIqKq4bTrGhVWofLR0jVYOpDQa/tFnFJR5agnAVlDVVubtq7HqRPn5n09IUJ87F0P4/Z1qxY1JbrchBDwwxCtTVE4GgWMIUIhIKTAjXQzhswkBhMNGNaTGDaSGIaFYaFjkTOvAQBWphGha8PPj4yHkTSz/cPAhgZge3MIIQQMw6j2kIhmVOMPW0RERERENY3hYw3ypUKlIzNL19Bg1serN00DkoaGpAE4IeDVyBT2B3/2Ppw8dga6Pr+QZ/f6FdixemWsg0cAyDlO1GimtQVBJo2v5ZMY1BMYViaGhY7hYHRHhShsLEPDJTOVgfA9+IUczGQK+gK6dS8lX7gE/KKuYbvhIZ3JVHs4RDOqj0cvIiIiIqLaxGnXNSis8JRrQ6uf4PFWSaN2fq43vfX1aG1vBuYZPa/pbJtX9+hqEJYF83V3IvnmR+Dt3AZndS+uJBrxipPAWXdC8FgBRiKJRKYRwnO5DmQRnh9UCMOo+pEorl/yGH4AACAASURBVFj5SERERERUPQwfa1Cl13usoXxu3nQN82puUm0f+I0nEITzT+ISVrwr+MTG9TBaW8e/dwKBS9VcSlDTYDU0QTct+PkRCN+r4mDi7UwBeHkECIMKJsRE81A79/BERERERPWJ4WONCaRCpSdd13vFSC39ePc/dA/e8Z5HEYQ+iq2AlDLe3YlETzdEe9ukbZcLIbJhlQY0gZFIItHYDBkG8PNZqJjfltXy/CBQ8PzY/67R0lRLbzAREREREdUjho81ptJTrgFA1MaSiAtWS01nAOCXP/QevOmtD8H3PSg1+y+EUgor2poqNLL5U6YJf8PayduUwmUnTv8nGqxMI8xkCoGdQ+jGuLtzlX6Xr3nA84MagsCvyvmJZsPokYiIiIiouhg+1pigCtlCIBW8Ok0ggyo07ymFD//uB/G//f5vwTA1BIELIaaWCUopYBgS63raqzDC4vjbNgP65LshKSXOFOL3v6JbCSQaW6BpGoJCFsJzqz2kqTQNwvcQOoWKn3r/sELeDaBqLMyn+sfCRyIiIiKi6mL4WEOEql6VniMUghrpCl0sVygUwtr9me5/6B781ZP/H375Q+9BS1sjPM9GELgIAhee78C0dPy7/+f3sH7rpmoPdVr+lo2QzVOrMkUY4oxdhQEVyUimYDU0QymFoJCLXQhpJJJQSsEZvAZZwUrE4QA4lFUQYQzmyxNNwCc6RERERETVpSmWqdQMTyg4Va5A1DVtygu5a67EyowOS9dqpjmNGv1H4ebKiVIpBBLwazRkPXWyD4cOHEEhb2Pnnm24fe+O6AIpkTpwCJoTn+nC/sYNED1d017WN1jA/zhVO52TZeDDt/NItcSrwtTLDkH4HgwrgWRzW0XKv9ZmgA+t1dHQ2Fj2cxEVK2VoSNXKgxPRDK5du4aenp5qD4OIiKgm8HEzfsxqD4CKF4eZz1IpTFxlMGVo2NBkVG08C6WN/jPx5aihabB0IKk05CrdUrwEbtu0DrdtWjf1Al2Hu3cXEsdfgzEwWPmB3cLfshGis2PGy8/ka++2jyMr0wQZBhCBD3vgGqx0A6yG8q7/edYGTuUVdqQFDKP27heoPjF3JCIiIiKqLs5GqiFxCB8n0jUNiTpshW1oQINZZ38amgZ/6yaEvSuqNgSVSsG7fceswaMQIc7FcL3Huei6ARkG1R7GJLppwsrcDBsDp4DQK3/166sjCr7vlf08RMUyuOgjEREREVFV1VnCUr+kAkTMZsibGlCH2SMAwNKjcLXeBGtXw9+6CSphVfS84bIeuHtvh2yafTpuGIQ4G5/Z4UXRrQQSTS2QIoRv5yq6zuJczFQaRiI1/r2fGyn7OQ9lget2CClZwUrVp6F+H6eIiIiIiGoFw8caEcYseATq/wVdvf5xiI52uHfuQbiy/FWQKpGAv30LgtvWFfULc80Oka/RfiVmMo1EpikKIGNUBWmlM5O+D+x8Wc8XKuDVESAM4nMb0NLFqkciIiIiouqr13yl7sRtyjUQVWPWs7qu29J1BOtWw71zN8IVy0rejEQ2ZOBvvg3u3Xsh2lqLvt5Zu3Z/qdRopV+ioRl+bhiIyRsGupWAmUqPfx+Fj+Ud26EcEMQogKWli+s9EhERERFVHxvO1IgwhklYIKMAsh4rIAOpIGMSHpWTSqUQrF+LYM0qmNcHYFzrh55bWGWcsiyIrk6Iro45p1fP5IJnAKix0kelEHoudMOApiegmxbMdAPckUGkWmde37KSzFQDQs8dD0T9fBaJxpYp+4WuDTOVmbJ9vq57wCtDEncnAlhWZaf4E01Uj49PRERERES1huFjDYjjeo8AoKDgCCBjaKUunKsqTyg4cSw1LSfDQLisG+GybkBIGNkstHwBum1Dc73oY3QarTIMqGQCKpmESqcgGzKQTU1QmfQcJ5nbsF9bt7sSAr6dgzc8gOZVG8a3m6kMlJRwhwdiEUDqpgkrlUHgFAAAoevASjdCm9CROijkoJlzPyQUG1AeygJ72xk+UnUZTB+JiIiIiKqO4WMNqHYOFi3Yr2G6l3BKAWfyAiszOixdi/0UNzX6j5r4/ehnpRQCCfj1Pp98LoYeTZWex3TpUlmeMXA6Jyp+3oWQgY/+Qy+ga8fdSE4IHsdYmaj60x0ZRKqlvdLDm8JMR9WPSka3r58fQXJ0XML3EDgFpNu7Zz2GnxtGoqm434uTeeBcPsSmlISuc4UPqo64PyYRERERES0FDB9rQDWbzSQNDSl99srGRsuY+cKY0QC4UsGtdqJL03rnmhSGPIkjw/Geei18F6HroPv2e6EbM9+NWplGwM7Dyw4h0dQKrYolwpquw0xnEBRyAAAR+JCBD91KQAY+jEQS2iwhoZcbgplqmNc5j+aAdS0+ksnU3DsTldhMb5oREREREVFlMXysAaJK6z2amoZ0HZaNpEZ/JgaQ8fShTRn83WkHBwbi2bAkdG0oKZFsbitqfyvTCOG7CPIjMJJpGIlkmUc4y1hSGQjPgQyjcNfPjyDV1gVoGoxZAkI/PwJN02FYiXmd73AWeL0bMHykqqjDhy+imqNiuGwQERHNTzULKKh+cC5czClUr/IxZdbvnYzJdcBi7Vc2pLG3I35rBQZ2DppujE+pLpaRSMFqaI5CSHthDX1KQtMmVS9KISA8F2YqPWOw6BeyEIGPREPzvE83HACHcwpBEM8gmeobw0eiylJKMWwkIqpzvK+nhWLlY8xVq+oRqO8XbvX8s9WLd61NoS8vMOTFo9W7nxuB1dAITV/YMgOariPR2ALhufDzIzCs5KzVhuViptIQngMR+AAALz+MTMeyafcN7DxCx0aypQ0L7Sp1JAvc2e6z8QxVHO/niSpHKQVN08ZflN76wpQvVImIas9YxePYffjY92P396yIpPlg+Bhz1VzvUakF5w2xx+fA8Zc2NLxvXQqfOG5XdRxKSgjfRaKppSTHM5IpGMkU/NwwpAjnXUVZCmY6Mx4+QgGhU4CZnryeY+jaCOw8Eo3NMKyFTxU/mQfO5wU2svEMVZhRrw9gRDEz9qJUSonjV/L49DMX8GLfCLwgHm8eEhHR4iUtHXeva8GHHlyFLcsbGUDSvPGVYMyFVXzeFtRx1+dqhrpUvNuaTdzVWdqKucSFPiQu9MHqv1LU/kpKmKlMSccAAImmVsjQR+AUSn7suRiJ1KSqS7+QG++CDUQNdfx8FlZDU0l+9sNZIPD9RR+HqFgaAK6uQVR+Y8GjUgrHL+fx4c8exo9PDjF4JCKqM14g8eOTQ/jwZw/j+OX8pPt/omKw8jHmqvnUzREKyTqdt+aKufeheNjRZmHfjYWtGah7LpKnjiL52jGkTh2dcrlMpuCvWg9v41Z4t22DnGYatG6W727SyjTByw5BN615N3NZ9LlTGQjPHf8+dAqwRtd1FL6HZFNryaaFH8kBP+sHSKbYeIYqQ+e78ERlN1bxIqWEUgp//fR5ho5ERHXOCyT++unz+LMntgIAdF1nBSQVheFjzMkqv5Mw7EukDA2WrtX8+llCRdWc7HJdW3a2mdjQZOB0rvjE2BgZQuNPf4D04Zdn3U/3XKROHUXq1FHI5Ldg33E/7DvumzaELAfdtGBlGhEUctBb2iv6oK1bCZipDEI3mtYeODaMRAq6lUCisTRTzMcMB8ChEYXXpQOu/UgVYXJeB1FFjK3vKITA/rPZag+HiIgqYP/ZLIQQMAyDlY9UNIaPMRaXWc+uYGBH1fVrmzL4s8OFOZvP6J6Lph9+a87QcabrNj73FDIvPYvcG94KZ/vehQ53XsxUBqHnQLgOzHTpp3fPeu50dO6xRVAD10ayTBWYR3LAnR0MH6kyTL77TlR2E6sehRDwqrlWEBERVYwXSgghxqseua47FYO/JTHGvI8okjY0/NrGNFKzlN+mj7yMzr/6+IKCx4l0z0XLd76M9i98quh1IedDBj7c4RuQIhzfZlhJiMAr+bnmohsmrAmBp/DcSVOxS+lkHjiXDyAlX5xS+bHykai8Jla6KKV4305EtMSMvfk0hhWQNBc+PY+xak+5JoqTlRkDv7YxPWW77rlo/8Kn0PKdL0MvYXCWuNCHjs/9ORqf+0HJjhu6DtyRQeimBd24WXhuJJIQvgclKr8YqZlqgKYb498Hbvka4BzNahBhOPeORItgahpY90hUfhObDTB8JCJaWiaGjwweqRgMH2OMT+OIJltheni48+b3jc/9AJ1/9XEkLvSV7ZyNzz2FjhJUQYaODT8/AiORnLKmYhRGGhBh5TtCa7o+qfpRBgHCMnXgPpwDPJZ0U5mx6pGossbWfSQioqWD9/00X3yKHmNxWfORKA58z4MUAvc3uOjd9wN0/48/QuNzT5W02nEmRv8V9HzxU9hy7LkFXT90bfh2FlamEcnmtmn30RNJyKDy4SMAmOkG6ObNtRgD14aSpa/CHA6Ao1m+rULlxfUeiSqHVS9EREsT7/9pvthwJsZYIER0UxAEOPPyUfzwM19GaLsVf+ckdFwMf+tb2HauD8df/66iO2KHngMASLf3zNrN2ko3wMsOQXgujAp1257ITGXg50cAAEoIhI4Nq6Gp5OcZDkp+SKJxuqax8pGIiIiIKGb4FD3GuOYjUUQKgevnLuG7//NJeHb5Kx1nM3j4KHq/9CkYI0NF7W8m0zBTmVmDRwDQdAOp1k4EbgGha5diqPNiptIwJnS6DpwClCj9+oytCT7sUPnM0pOKiIiIiIiqhK8CY4q5I9FNSins+6enqj2Mcf6VK+j+uz8vOoAslgwDpFo6IDwXgZ0v6bGLYaYbJn0v/NJ34G5JGnPvRLRADB+JiIiIiOKH4WNMVb7nLVF8CSFw+WT5msoshHJd9H7zyZKtOekXsgjsPJQUSDS1Qvju+JTtSjESyUlrP5YjfOxI8mGHysfUmT4SEREREcUNXwXGFKdcE93Uf+5y1adbT8e7cgXbjj2LxeQdMgxg37gKTdOQaGyGphtRB+pME4JCHkpU9q0IM5ke/1oEfkkbz6xt1NGZ4sMOlYehaTCZPRIRERERxQ5fBcYUm80Q3eTmKz8FuVi5557Dry4PsKVl/v27QtdG4BSQau2AlWmCpt+ckmwkkjCTqYpPvzaSKWDC+pQlq34UIR7o5EMOlQ+nXBMRERERxRNfCcaUZPhIBCBa7/Fa38VqD2NGnu3CO3IEv7E5g8dXF9mlWil42UFohoFkU+ukqc4TmakMhO9CBn4JRzw7TdcnT70uwbRy7+I5XPn0f0fu8IFFH4toJuxyTUREREQUT3yqHlOsfCSKBL6P3MBwtYcxq4vHTgMAHlqWwEe3Nsy6rwx8iMBHsrkdhpWcdV/NMGAkUgj9yk45nxg+ygVOu/avXUZu/7Pof/KvcfkT/wneudM4dOB4qYZINImGaNo1ERFRXNy5rhVv2NqJTILN9oiI5j9PkCpCB6DzhRQtcVJKCN+LXbOZW+UHhmCO/r1uaTbxkc0N+IsThWn31a3EvI5tpjNwhweQyDRNmg5dTrox4aGhyPVn/SsX4Z3vg3uhD96FPgTXr908nm7ANBO4cPYSNCFgmHzoodLjtGsiIirW7z+2EW/f04Njl/P46GcPwfZLu8b2o7u68e/fugHphIGvvXQVf/rNUyU9PhFRreErwBhSAKBFlRwaorxh8tfaNNuI6k8+72Dg1FncOH+l2kOZ1cCFK2i0bv4V3tVp4uyIhu9eXXwJ81gVoggDGPMMLhdKM26+Q2+mMtPu41+5CPfsKXgXzkZh48D1KfvougHDsKDrUZH92TMX0WBpMNkVhIiIiKpMA9DVlMC2lU3Y31faWTa2L1DwBJQChu2gpMcmIqpFDB/jSAHhrIs+znzZpGCSASbVMMdxIITA95/8ZrWHMif3lk7cQghsmD6zqwnCdca/Hut+7V+5CPfMyaiy8XwfwuHBSdfRNA2apkPXdWiaMR443iqbzaO9vbV8gyciIiIqkW0rGrG2M4OzN2wcvTy1CeC2FY3obU/jlfNZ9GdvNun70fEB/Oj4QCWHSkQUawwfY2gxtVIK6uYsyVkPxACT4svzPARBgP3few79Ma96HOMWHKQaoqBO13V8/UrtLtwaeg6C/isILp1Hvr8f7oU+iOzUigBdN6AbBgzdQLF//dlsgeEjERERxdqO3ib82zevx/aVTdAQvXI6cimH//LdMzh8MYd1XRl87K0bsGdNCzQAfijRn/PR1ZTA5569iNdv7cBt3Q2wfYG/f+4SPvX0+fGp3q9eyKK9wUJve/S88cXTw/jYPx4r+dRvIqI4YfgYQ9WOLBhgUjVJKeG6Lg79+GU8VQNVj2PGgkcAGPCBC84sO8dY/thBXPn8pyALeZhmAroeTcG+WdV48/NCZLNTqwaIiIiI4uTDD6/B9pVNGLEDvHI+i92rm7FjZRN+8w1r8FufO4z339+L3atb4PgCr5zP4rbuDHrbUnADibwbou+6g5VtKWQSBvasaR4/rgbg9lXNEFLBDyWSpo6dq5rw6O3d+NK+2njDnYhoIdjtOoaqHT6WgoKCVApCKYRSIZAKvlTwhIIrFByhYIcKhVAiH0jkAolsIDHiSwz70eesr5ANFHKBQj5UKITRdZzRY3giOmYggVBFHcKlqo/bbykLwxD9F67iB/9QO8GjvKUpSyGs3d/Cwae+CVnIQ9N0WFYSppVEIpFGIpGCaSZgGOaCg0cAECHf1SciIqL4emBTOzYta4CUCt862I9//4Vj+NbBfgipcFt3A955xzLsWtUMXQMOnBvB7z15BN94pR+BiF7/jNgh/q8vHcfVYW/a41/Levg3/3AUf/DVk8g6ISxDR0djZdb1JiKqFlY+xlCRzWXrmkIUYGIRFZhRJaU2XlU5bROf8W2swIwLpRS+8l//bso6inGWTCcnfb+20Zhhz4XRdB2QsqTHnI5/9RKCi+dhWSmYpgXTLP0TYcMo7W1DREREVEpNKRNJS4dUgBtEz78GCwFCqZC0dCxvTSFlRW/EDuTn30zG9gSePz2EO9e1wgsl0gk+NyKi+sfwMZaYPpaCQhRkTdow695TMcCsvPPHzmDkxlC1hzEvPWtWTNm2pkHHuUJpAkPNMCClQLmfmuZffn58mvXYZyIiIiK6ydD5DJ+IaL4YPsYQo8f4KEeAOTGUZIA5Da32fuJl63qnbHukR8d//sRXYHV0werogtnZDbN5/o1WZOADSkE3yn93XTh6EMDY+o7lCR8bm2q4DTgRERHVvZwbwgui9RjHKhzbGyyYugYvkBhxAoQieoO5o9ECADCPJCKaHcPHGOK06/pSzgBz7GugfgJMVYN/ABt2bJyyzT95BCPPfG/SNquzG1bXMlhdPbA6uucMJYNCDkpKpFo7yzLuiQqHDyAcvAGgfFOjW1qasH79qrIcm4iIiGi+Ohot/NkTW8e/D4TCP/z0Es4NONi9uhlv3tmF7uYk9q5phqFrOHPdxmd/chG7VzdjeWsKd61rxT/+1h3obk7AMjQEC1zamuElEdU7ho8xVHvRC5VbJQLMSUFmFQPMletXQSoFvQoVkFJKCCmgABi6DqOI6j8hBTbv2T5l+4njfTDNBJSSUEpBKYngRj+CG/3Ascn7Go1NsDp7bgaTXcuAMIBz7TKSK3qR2LKrRD/hzOwjr4x/Xa6qx917ts69ExEREVGZXR3x4I12m85MWHNxxAkxkPfxlz88h3/36Aas68rgke2dUADOXLfxlz88BwD44otX0NuexuqONNZ0ppF3Q0gFhELBC4tbdsf2QnihhGloWN2RLsePSUQUGwwfY4jhI5VD1QPMCZfNpqG5EYl0AqE7/wW8F0oqBT/wEcoQnW0tSCVM9A+NIPBDJK0EtFkG3rWiC6mGqU8Yz5+7DGPaqdJqNIxUkFJCKQlZyMPN5+CePTVpzyDw0P7I29FY5vBR5LLjU6513VhUN+vZbN22vizHJSIiIpqPTz19Hp96+vys+zzxiZdx57pWdDcl0J/zsb9vePyy504N4bk/fwn3b2yHF0rcsbYF77+/F14oMeKEAID3fuLlScf7j19/Df/x66+Nf3/0ch4f+dtDWN6SxMEL2RL+dERE8cPwMY6YPlJMVSrA7F69ApdPnitqTFJKKKiiqhRnur7tu7h3zxa84Z5daEynYZomXN/Dt5/ehxcOnkQmOfO70ctX9ky7/eqV6zNcQ4t+fm1qheFYhaRSMrr1NMC/WNztsBiFQy9DBT6A8jaa2bKF4SMRERHVjomB40SP7enByrYU9vWNQCmFu9e3wjI0DOT9Ga8znf6sh/6sV6rhEhHFFsPHGGL2SPWsmABz5ZbbZg0fAxEiFCGEvLmwjqbpSJoJmPNYrzAQIaBJ/KtfeBO2b1gzKcBMWhbe/aYH0N7ahO/9+BUkrcS0x2jvap+yLQxDDA/nix7HzZ9Bg6YZwGhfa13TEVwof/hoHxtrNKOVLXxcsaIbW7YyfCQiIqLa98j2LtyzoRUffODmWtY5N8TXXr5axVEREcUXw8cYYvhIS13PLE1J/DBAMmli76b12NC7DKtXdKEhncahU2fxrR/ug+N4c06VBqLgsakxhV94889g67rV0+5jmSbe+Lo9uHxtEMdOXZo22AxvOY8QArZtw3HcIn7S2QkRovHOBxZ9nNl4F8/COX0CwNiU6/Kstblj56ayHJeIiIio0j75g7M4erkDG3sa0Npg4bWrBXzv8HW8dHak2kMjIoolho8xVIPNfolKKtPUMONl63q78avveCPSqdSkpjSv27kVO29bi289/SKeO3AcKSs5bViolIIfBmhpzuDD730zetqnVi5OZOgG3vvoQ/h/P/MVFPIedH3yeoiBpiMXqNGGPAqObeMf//6bkHJxf8hChDA7u9Hx9vcs6jhzKbz60vjXul6+h4RdtzN8JCIiovpw9HIeRy/Pf5YLEdFSVZ6uArQozB5pyZvlj+ANr7sdDen0lG7YuqahKZPBux75GXzo3Y/ASuhwfBeBCCGVgpACfhjA9l2sWtGJj/7i2+YMHsdkkkm8++fuh24CQRg1wpFKwQ08rNqzFa7vIVQKrh/gRz98Ed/42g8W/KOPkVKgYefeRR9n1nM4NvKj4aOuG1OC1VJi5SMREREREdHSxMrHGGL4SEudEGLGy7J5Z9brWqaJ2zdtwNqVy/CdZ/bh0MlzyBVsWJaJno4W3H37Ztx7+zYkLWteY9q6bjV+91fejs997SlcvDYAANixcTW2pFMYcV0YugEhBL745DfmddyZSCWRWrexJMeaSf7V/RDZaFF0fR5rZc7Xtu0bsGxZZ9mOT0RERERERPHF8DGGOO2alrrlG9bMeNlPDxzHPbs2z3mMloYG/MLPPYC3P3wPHN9H0rJgmSYSljWlarJYyzo68Nu//BhOn7+CdCqJVcu6kBwcgteQhqPr+N43n0Z2AY1mpqOhPGsvTlQ4uD86l6bDKOOU651F/H8RERERERFRfWL4GEOKtY+0xGWaGxEKMe2ajf0DI7gxnEVna/OcxzF0Aw3pNBrS6dKNLZnCzo3rJm1rv3wV/akUfvLD50tyDqUUlJIw2zpKcrzpOK8dg3v2FIDyVj0CwKbtm+CIaF1MDYCmjX5G9MWt24mIiIiIiKh+MHyMIQ2cek1LWxD4aF3Rify1oSmXSaXgeF4VRjWZUmq8M7QuJDouXEL/6HTsxZIyRGrdxrKGj4VX949/bejlCx+bmhuxcdtt8MR092pTt0UhpDZtIKlNE1QywCQiIiIiIoo3NpwholiRQsB1HKx98H4IOXXtxyAM0NnWUoWRTabdMnXbcj387pvvL8mxhRRouqs0x5pOMHgd+dHwUTdMaFr5Hgq27tiIRDJR9P4KUcAslEKoFAKp4I9+eELBFQqOULBDhUKokA8l8oFELpDIBhIjfvSRDRRygUI+iPazRz+c0WN4IjpmIBUCCYQKEAqQim/+EBERERERlRIrH2OJtY+0NAkh4NgFXHWBn6zYDaPlx2gYGRrvwhyEAfZuX4d0ovgwqxykUtOuG/nI7Zvw6rkrGEhm8KHf/gC+9oVv4l++9dS8jh2KAK2vfwsad99dquFOUTj4ElQQde0uZ9UjAGzdWfn1HhWiytRJG+a8xmTTVWACt1ZdTqy01GbYTkREREREtLQxfIwhTWPTGVp6lFJw7AKGfOAzFzS4VhrGY++D9vefQCIMIKVE2NGBNzxQvlCu2HHO1rDmAx96L0Za2wEAP//et+FG/w0c2Hew6ONLIcre5XpsyrWm69DLHT7uKO/PUi6VDjCj7QwwiYiIiIio/jB8JCohDYCpazDqIDEQCghkZVJwpRTsQgFOqPC/LmlwR2dbi+Wr4PzyRyG+9xWo7l44b34Hvggbv6MuVS2UUVAzdqIebO8aDx7H/Kvf+VX81z/9n3jt2Kk5jy1EiNTGrUit31SSsU6n8Op++NcuA0BZO1wDQO/qFVi7flVZzxFn5Qgwp1vfctYAc8JlRERERERE1cDwMYb4OrE2mZqGjKlBr6P/wEAChbC8AaRSCrZdgB1IfOaChqvu5MvF8lVwPvCvAUR/G6+gEX+LZfigulrWcU0nCENY5sx3m94MXbV/7//4LXzuL5/EC8/un/ZyYDSkymTQ8fb3LHqcs8m/+hKAKNAqe9XjztqseoyTuASYY9chIppobP1jTdOQMDX4ZX7OQERE1ZcwtUn3/0TFYPhIVAIagAZrpnq42mXpGhpNDflQlu0cvudBCoGvXp0aPM7kx1oLOhHg7ao03aWL4fo+UrOsNRmaFtxUZsbL3//hX4JtOzh04Mj01w99tNz1BlgdXYse60y8i+dgH42mgBuGVfYnC9t2VH69R5qqkgHmze3ajJcRUX3RtOhF6J7eDF44W6j2cIiIqMz29GbG7/uJisXwkagELL3+gscxpg7omgZZhoVIlVIIwwD/64LC8cL8bsGvap1IQOHn1GDJx3Urx/OQnKPJzUhrO6Q+e9fo+x++d8bwsRKy2QgOWQAAIABJREFULzwDADAME4ZR3rv/js427LlrZ1nPQZVT6gATmL5xz+TLtNGlLBY1dCIqE03ToJQaraTX8b47O3Dggg1fsPqRiKheJQwN77uzA7quT6p+VGxaQXPgU/oYqtcQq57V01Tr6ZTjjkIKAbtQwD+eLqAwmMUe9zp6wvlVTHxB68KfaauQLeP7KLbrIplIzNpkxkumpqz1OJ2de7bjztftmbJdKQmlFKzu5Ysa62yc0yeQf+mn0DQNhmGV7Txj7r5/L1LpZNnPQ7VDIeoUL0Y/QqkQSAVfKnhCwRUKzuiHHUafGTwSxdPEapex8HHriib8yduX447eJBL1sPg1ERGNSxga7uhN4k/evhxbVzRNCh8BTr+mubHyMY40FFFVQnFSob4sVVPqSddSCNh2AQhDPGz3Y5tmR7/3EhgqCHxfa8Oz6WXwtLnvoo5qGfyf2jp8UF3FHSpXsjH6QQDH89DU0DBr8BhYCVzvWQFV5APuBz/6fnQv78a3v/rP49vC0EfHY+9Fw869ix73TLI//REAwDDLP90aAO6+r3w/Cy0N6fIuSUpEizRW9Ri9qWXAsixs723B73cmEQQBwjCEEILVMET0/7N35/Fx1ve96D+/Z5td+2LJm2TZlvHGEpvNkGBSCgkJJC/CaTlJTm+atkm6HHKaU3L7um3uyXLuuWlOF3JvSNM2NyctaZLSFgIkQAgYs5hgHNt4wRbGljftki1p9plnuX+MZjySZkazb/q8Xy+hmWee5SfLHvF89P39vlTD4u/xiqJAVVXY7XaoqgpZlhM/A+I/D4gyYfhYhfjPtvbEukLX53fOsFDUKdemYcDv90MYOppPn0e7MX+hx2ZVxv2YxW7fJB5VV2PA3rrkOQOQ8C3RjR4RwvusadxoeWHLMzI1TBPeQACqLKPR7c68r6xgtHs1IlpuFX53f/QuGLqB5576BQxTh9LWCc8Nt+Y13mz4jx9C4O23YtOtS9zhGgA2bdmAq7ay2QzlTxYCar2XlBPVgeTwUZlryCZJEqLRKEzThGnGfhYzgCQiqj3xQFGSJEiSBFVVoaoqFEVZFD4SLYXhI1ERWABChgV7nU0zMi0gUMTOlbGKxwCUYBANF0eghNJ3mGmzafi98Dn8HZBVAAkAZ2HHWbECe51deLA9BNfUJGR/AMJMH0RakoSox42g3QZ9bAxaKISGJaodAcCUJFxc0wtdyW8K8z33341QKIwXnn0R9r7SNmaZfX1v2aZbA8ANu1j1SIVx1Nl7KVE9WljtoqoqJEmCLMvQNA2GYQBg8EhEVMvi7/GyLCfe41n1SPlg+FiF+E+3NoUMCxETUMVcAxqxsHlCbbCAubXYgPN+A6ucMpSkHyiGBVh5rAtgzK3xqASDaD5zHmLupiQTp82O3/QP4v+2NWY1BRsAtjYreGCdA5bsgW9FrHO0HAhCCochRSIQugFTU2HabTBtNoQFEAwEAQgYDa3oungOUjCY8RqWEDjXu3HJBjOZhEMhbPvAHRjt7IG37+q8z7MU74F9CJ15B4qqleV/DOwOG65n+EgFUCTBtR6JasTCG8/4zallWYkPIiKqbfGgceFH/DWibDB8JCoi07IQtoDwgkUg3YpUMzfTArHwVJWATY2p3yL8enyqeXYsy0I4FMwpeIzrcDpwm/ccnmvoW3LfnW0qHljnWLTdcDpgOBdvNw0DIb8PpinBMGPfoKmOFVh5bjDtNaKqhvM967Mef2oWgsEATgW0kgaPlqFj9vU9ZZtuDQA33boTrW3NZbkW1SdWPRLVlngAGQ8dgcXVjgwhiYhqz8JgcWF3awaPlAuGj0QlVkvBY7ZcikDIiFV7ZiMUDMKMRNB8YSSn4BEAJCFwg34Zzy2x30fW2PHeFVpO57YsC4ZxJXgEgJDmwExTCxqnLy3af6apBZPtK3K6RirhUBjjIQPnjdzGm6vZ119CdHQEqlq+rtPve/9NZbsW1R9NEmD2SFR7ktf8Sq6ISd5GRES1Kfk9PF7Vzvd1ylWdRSL1gf+O64dWx9MH7bLIaip5JBKBEQ6h+cz5jGs8ZtKoSlgbmUn7+gPrHDkHjwBgWZgXPMZdbm2HKc9vtTu+YmVRgkcACEfCOG/YMGOWrp2v4fNi5pUXICtK2f7nYMeN12ATG81QAept3Vyi5SQ5dCQiovrE93rKFysfiUpIrdPgMU4SAkaGqVSmaSIcDMIzPAYlmF/wCACKJKNd9+Oc1jhvu10W+IOrnFjpzC/Ei0SjKbcbkgy/yw3P7AyiqobJji4EnK68rrFQNBpFMBzGeb2hKOdLZ/b1l4CAH7JS2urKZO/7tZvLdi2qPzZZgA2uieoLb1CJiIgIYPhYlfi/afUjh2UR61IkHIbN64XjcvqqxWwoioIheX5Y12yT8NsbHHkHjwBg6AbS/YvzNzRC1nVMtXUiYrPnfY2FwuEQTkc0jBil6zwdnRzDzMvPQy1Td2sA2LRlA3bedE3Zrkf1RUCw6pGIiIiIqE4xfCQqId0CyrfaXnmZVqzBTjqGriMaDKL9wkjB15qWNIwo7sTzbqeMP7jKWVBjCtM0YRgW0oWPIbsDoRUrYcjFe5s0TQORcBjndGfRzpnK7OsvQZHkslacvO/XuNYj5c8m8xdvRERERET1qs4nhdYmTjurH1HTQqQOyx8tAEHDQqavLBqNomFkLOcGM6l812iBay5o3NqsFBw8ArGqTCtD3GEIuajBIwCEQmFcDAuc10s3FTp84Sz8+1+DJJVuPcmFVFXFe24oXdduqm+yYNUjEREREVE9Y+VjFZKEADLGOlRLTnsNNKoC7Xa55teAtCwgYlqImMi41iMAmP4A7AVOtwaAk4aCY/4o1rcIbHYqeGCdo+BzWpaFSESHmaLZTClFwiEM6jboJazxmt23B3IZp1sDwFXbNqCh0VPWa1L90Gr8fZGIiIiIiDJj+FiFylevRMXiUiTIInXValON3VnrJhBKqmq0EAsdgcyVjskMXYdjcqoo42m/bjM+7TUwEYrig+vcSx+QhUgkAsMsyqmyFg6HcCms47xRnK8hleCptxF++0hZqx4BsOqR8qYIARurHomIiIiI6hrDxyokRGztK9Y+1oZaCxeXokiAWxKYjuSfzpmmCcest+Cx6N0r4PQ4sbOIRXWWZSEcCsM0yxvQhUNhDOo2zJbwut5XXyx78AgAm7dtLPs1qT7Y+Ns2IiIiIqK6V1+pSR2RytgogvLnUur3++RS8n97EP4A5Ei0oOtbsgx9zaqCzpFKNBKBaZb3+6brUYTnplyXiv/IrxA9N1iy82fSvWpFRa5LtU2VBFQuckxEREREVPdY+VilJAEYLH2sekodh8SFzISUitBkRl+7CpaS+1uUaZqwTBO6oQMALNOEaZoABHQ9ts20yl31GMKZqIYxo3RrMfpefaGs3a3j2jtbIcssX6PcCIBNZoiIiIiIlgmGj1VKFkBhdWNUFnV871zIl6b6/AVd23Q5oXd3ZdzH0HVYsGAYJkzDgGnGPs8buIV5z2XDBHQT0SJ3sc7ENE2EwmEM6s6SXcO3/1UYE+MlO38mHZ1tFbku1Ta7LAr6BQcREREREdUOho9VijPRaoNhAfU687qg2kVPYU1VZjrbEZ2ZSWSH2XyWDRNaOAzZMKCGw5AME2ooDAFADYcgzXWYubi6t6xdncLhEEYjwFldK8n5rUgY3pd/UZJzZ6OxuaFi16bapEpsMkNEREREtJwwfKxSElvO1ISgbsGj1udNdEjP/++fZc9ubUMhxKKgPex0QpIEbMFgxmMlw4AaCsMeCMLmD2R1PZ+7AWG7I6t9iyUcCuFcWIFRojJZ7769sPy+kpw7G41NDB8pe5xuTURERES0/DB8rFJ1vJRgXTEsC74o4FQWh2i1yrCAgG7BsPIPH02XC6ZNgxSOzNsuRKyZUvwjFSUUguvshbyvnYm3oSmn/YOBAAzDgKzIUFUVipL7mo0tDiceGBrADl3FKcmBAa0ZI2px2ncbs9Pwvfx8Uc6Vr+aWxopen2oLp1sTERERES0/DB+rlCTA2scaoVsWvFELkhA1vwSkBcC0rIL/3lmWhXBLMxwjYwAAWQhIUvrAsRxMSUbQmdu6iw6nE4GAH97ZGQCAJMmwOxxwOl2QpKW7gct6FF1n3wVkCdfJBq6FD+HwJZwM2nBMbsCArRmTSv5rQXpf3QMUEBIXQ2NTcYJUqn+cbk1EREREtDwxfKxSArEKsUKqz6h8LIDfqyShUBBWgwfu0XHIklQVlbwhhxOWWDowXCgWNMqYnZmGaRoI+H0Ih0JobWvPeJxkGmi9eG5eOCgA2DUN18DCdmsaocAYDlkO7Ld14B17a07jEpcmEHjztZy/nmJrbm2u9BCoBnC6NRERERHR8pX7nTiVTb1M46XlR0R1tI6OQZGrI3gEgKAj/wpDu92O1rZ22Gx2ALG1KpfScvE8tAzrVkpCwGm3Y5fDwmci5/CJmRPYGJrKekz/myuIvhW5BZalsKKro9JDoBrA6dZERERERMsXw8cqxvCRalXz+GTWTWDKJeAsrAO3LMtobGpGe8cKtLS2Zdy3ZegC7Dk0gXHa7bjZbuJ3w4O4e/Y0PEYk4/4brQBuVYP4+ic/VNEAUlFkdKzI/GdBxOnWRERERETLG8PHKsZvDtWqbCoDy0lXVERs2XXgXspSX1vj+Aics9N5ndftcOIuNYDPeE9gS3Ai7b4fQaxC0m3XKhpAdq3srMh1qbYweCQiIiIiWt6Yb1WxKstviLIWXLsGekP1NCKJaMUJHpfivjwFz9RkQedQZBl9ThUfD5zBewIji17fYXmxybpSVeq2a/jS/XfAbdcKum4+uletKPs1qbbYZQGFP8uIiIiIiJY1NpypYrHOwGxiQrXHUmT4Nm+CNjEJ29AI5FAou+NkGaFVK2G4Mq/PKIXDcx8RyP4A5EDmKd6mLGc99nzZfV40jQ4X7XzNHg/u856HbNewX7pS2XivtXhdyM4mD770H34dD/3j00W7fja6VzN8pPQUSbDJDBERERERMXysZixLpVoXaW9DpL0NztffhGxZECIeql9hyTL0Bg+iLc2INjfDUrIJCudXVcr+ALSJSaiXL0MKL14v0ZBKGz7K0ShaRi4W/bwetxvXNZgYnZjCeUcrbremsRLhlPtuX9uF7Wu7cOTc4mrJUlm1urts16Law+CRiIiIiIgAho9VTRJAoxaLIK25Ash4HaQ19x8L1pVtafdJvW3evpbFGksqmWhrM6zx+dORo+vWQu/uKsr5DZcTQdcaBHvWQOjGokpIX1gvynXSaR65CEkv/jVCre1o8nnxYT2Eb6EV91qZp3TfcfXGsoaPrHykdDjdmoiIiIiI4hg+Vrn4vVvK9R9F8h7FudLSgWXqsDNtAJp2H4ady4nR2QElKXw0WpuLFjwuZCnyovUmjRk/UKL8sWFiLKfO1rmQBbDRjCKsmbjXmoQHRsb9b+rvAbC3JGNJhWs+Uioqp1sTEREREVESho80TzzPXHTbKBY9KMaVYqEkqzrrntnYALOxAdLMLEyXE9ENfWW9vpBKs36qLeBHw+R40c8LAJaioGnmcuw6qppyrceF3HatbFOve9aths1W/iY3VN0kIeBg8EhEREREREkYPlJFCZS5qhMpqjHTVHUuDjHTP2dV59IiV22ENDMLo7Wl/Bcv0TekZehCaU4MQLPMvFreb+/pLkv4uOXqTSW/BtUehywgMXskIiIiIqIkDB9p2Ug7hZ1VnWVhKUplgscSaZgYg6xHS3JuIcSixjzVZsv2/koPgaqMQxZQ2SmNiIiIiIgWYPhIVCK1XtWZep/aCTvnEcWddq2GgiWbbg0AcpUHjwCwvn9dpYdAVUSTBGycbk1ERERERCkwfCSqA5Wo6kxfnVl9VZ2yJAEwi3Q2oHFirGjnSkUuYN7q2LS3iCNJbcOmXjQ0ukt+HaoNihBwsLU1ERERERGlwfCRiHKWuTFR6as648+zreqMygLBIoxIMg20jI3C7itdwFdI8OgPR/D6wNkijia1TVs2lPwaVBsEAIciivavnoiI8mAG4J01YGvwQOPyF0REVIUYPhJRVStGVaehCMwWMAbJNNAyNQHP7Az0SKSkU89lkd9dgz8cwUP/+DR8oUiRR7TYBk65pjlORYCzrYkobvjlw/jJ0MKtDtz7QD+6KzGglKZx9KmzeNUXfy6w8qpu3HNNeyUHVZjRQXzp7y9j40dvwee2TuPsgSG8dtSPZy8B2ze14rfv7kMrQ0kiIqogho9EVPdEAWsoSqaB7ovnYAuHYJilXfNSEiLnBtdnxqbw+BvH8Pxb75RmUCms7+8t27WoetllAZWtrYkoydQ5H753Fui3X0m6uld4YCvrKKax59vH8EX3Suz/ZKqfV1EMnvHhe7odn+pWAD2Mx54awKNHfXj0k73QyjrW4oroAM5fxF88H0DvOg03axHsOTiCN30SHn2gtr82IiKqbQwfa4BpXVmtLm3/klTbUrzA20Si7CUHjwBgmMVbNzKVbKdcHz03gn0DZ7Fv4FxZ1nhMdtv7b0JnR0tddGCn/KmSgJ0lj0SUSkMz/ubBLWit2ACi8GYzCaCjFZ97IBZOfuKF/Xj/qxPYM96LOztKO7qS69mKR/6P+BMdO7//S/z++VkMA+ip4LCIiGh5Y/hYAyQBBHQLulmaW/rFt4+pq6/S3WaKFE9yCkkXvJjtsSnXHFy0r8hpjBmvL5bej+pLx9hwIng0SxyqSUJASlP2eGZsCkfOjeDI2REcOTdclqnV6dx11y64MjYXufJaIY2J6r4Dew2ThYCTDWaIKEeRd47hq49N4zkdgCThnlv68Ge7OwFM4blvD+DVjWvxiekL+P1jOu65+0Y8uGkMj31/EN+YBCAp+Ph6DQeGNXz1C1vRY07htR+cwpfO6PAC8DR58Minr0a/ewJPPjyAr00DmB7C9V8ewsc/fAsevC7z2DzNGgAfTl4Edpw5jL95PYB9s2bs3G3N+O6nt6DHDuDiAL72wwk8GYgd19Pdjm//bj9aU27vxpG/fwsPN63FE/evBsxBPPzfh/CDhmY88+AWtM5VaH67Yy3+5b4uTO07hode8OGoGft6H/zoFnx8qwcYP4E//64Xt9zXiclnLuDhaSce+fPrsGP4yjVb3RJsSBEumlMYngbQYK9gGExERMTwsWYoAtBLdO7FN+5W4sa/CCersPIOKGWQm/qFpYPTEgW5KbfnEOQu2p7jOBPbqzzMtYVDcCU1ljFKFP4DseBRlWNT1CI2O8I2O06PTOL7P/oJ3jo7DE2zl+zaubjhxqtxzTWbst6/ZhoTLXiesqpzQWC6nLHBDBFlFAnjwP7Tc2GXgu7ta9GtXcAPHp/GwJouvPDxtcCBI/jkM4N4rLcT9/e0or8b+PNXBzHQ3YSvfMCD3q3AwE/O4Rs+Nx55cDO2+wbx8D9NYKC7ET0AvHsH8cWzEh76retxT/cUHvv2aXz6sdN48VNrcden1iL83XP4RlMnXvhoO2zOpYfsvRwBoGHTKsAz6cDOXe34/EYXtMmL+NIPLuPhV6bw13fI2PPUBJ5sascLX+iHJzCGgYtKLERMud2D3g4Jw2diVYfdZ/04YJfQPx3EyRCwS5vCkXFg184uYPI0/uYFHxqu68P+u1sx/NRBfOTxU+hffx12dDRguzKFP//hEO65rhOPrG3AdlzA934wgSMdnXjio+3AkXfx+3tC87+o0dP43o9H8O1ZDX/2qT54iv19JiIiygHDxxohC4EqTPZogZRBbuoX8jlZhVU+yAVSNJ5Jue/8bUEj97G7FnS0NvNO5DMLexrga21DVNGgq2pi+8v7DuPw4MWC1qsstg/e/d5KDyGtYjQmyv4qS1V1xh6krOBMtS3pebVXdToVARY9ElFGoQAe3RsPwjT8ds9adI9O4bshBQ/t7oNHAnB9O+594RyefGsI9/eshEeTANjx0Ke3YocEAIP49jsmdlzXhR1NGtDUgn7nBCBJAKaw71gIkTVduKdHA9CFu7YP4RsvX8aboT7sarDDJgFQFHiamtKPc3wK3/7hDKBHsO9sBD3rVmJ3B6B19OMeMwDvbARoa8TNDdPYp5sA5Nhxl7zYc3IKd23qRP8mAJhOsx3o6XVCOxzEwDTgORfCQEcD/uTSLIaHASCIA7Djt9crmHpzBs+ZTjzygS4AQPetzbjz4AT2HAxgx80abBqAjk782Yf7Yic+chjfDUl48H0b0N0EYL0DvcnhY+Q0vvGdERzpbsY//VY/+pt4y0dERJXFn0Q1QpFi1VGlCkCIqk2qIBdAXlW5+VQtzjY0oXF6CpJp5l8JvITpFd3wNaeeCDV8caQ0F83T5m0bseU92+HTY38YOS9bkOLFrKt601xsySUWkjYUuzI3c1VnprPnYn7YmT7ITD2FPe22PNfqtMkCGhvMENFSUq35eBGIAECiD40drU5gYDZ5GREpFhrOiZiATUrVotlE2MRcEBnjaVQAhDB1Cci5rbZiw/0f7k10u44cewuff9yLAUVCtwJMhoBYltiE3fd14XM/HsFfPHYCX0tMjU633QNsdOFejOHkeaBtNIRd3WvRi2n85Nw0btcDGGhwob8JgG7O//qbNLQBODvjT/rjSfqz0IEIJNjSTYzQJGhQcP/dW2LnJyIiqjCGjzVCAJBFrPkMEZWerqq4sKYPLr8XWjAA2/Tlop5/Yu06hJ2utK8PXxgGEAuFqoHDaYeePF+56pRvYOVaJzfd9lzWyk0ZpKa6l8eVqdTxeNmyYofG/2SVlMcREWVBQazTcqJvWwThCNDfkLn/cjhlo7e5kC7ptUhIB6CgtSWHMSU1nLliCnv2eDG8fjVeeGAtgNgaknsSx/ThU3/Uh09duoAnf3wBX0tMjU6z3d6E/qYxPHvhNFaOSth+dTt6MYg9o5dxbySC7lVd6AYwpUi4EqoCCOmIAOhudAHwI3dtuP9eBbYVeRxKRERUAryVqCGc6kZUXrqqYqapBT53Q9HOGWhsxlD/lozBo2maGLo4nHheDQGk0+mo9BCqhrXow4JpLf4w0nzoyR9m7COa5iOS4iMc/zCufITSfARTfAT01B/+uY/YcxNBw0TAMBExLShS7BdgRER52ejBvZKOn7wxFHt+bBKPBSTc3teZ5oBmbO8GDpwcxdHpALxvj2HPbPy1VmzrUYDzl/HatA6YU9jzVghoc2F7ciWgniq4zFJERwQ6vCdj152MRAAEcPbIhVgn7ZYu7FqvAKYJbyjddgBoR3+3hAPDl3FkVsPGdUDrShvaRqfw7Diwuy82zbp1gxPbEMCefdMAdEy9NoOfQMP2jWkWrFznwJ3QsedXI4AZwNlDfrwJAObcCvE+HwZHZjE8WaoV44mIiHLDyscaokgCyGPtOqLlrtB1E01ZLso4LnWvQqCxecn9RodHYRoF3DSVgMPF8HE5ine2ZvBIRAWx9+HBj/rw+ccHcf2xQQDAjq2r8fGt6W5FmrD7A63Y/b0pfPrhg9CcGnYmBYvdd/fi66On8cWHf4kIAM1px9cf2DDXVKUZ/askaMdGcP2Xx/DgAzfj4xuzHWgrdu9y47tPjeCWL4/A0+TBQ9s1fPXsNIYh4cjec/iLx88lppDfefMG7G6awZP/lGp77Iz9W1zoecyLJxua8dt2AOvc2OUbwWOmHV9fN/f192zCV997GF/ccwzXv4BYN/D39uHOtnR/PH343M0z+OS+07j+INDf3YTPdUfw7IUxYMdK4J0x/Jf9PuxSZvDXd7DPNRERVZ6wqqGkhrLmjcYqZ4goe5FIFF5vZOkd05AMA93vvJ338f6mZsx0rIApZ/f7noP7D+GRv/zbxHNNs0OknitbNh/9zQ/iNz75kYqOgcpLEgIuBo9EVWFsbAydnemqBGtIvJGL3Q2PPZufiRFEfIDmnsGTDw/g/+teiyfuX33lZd80vLoCT5O7uOMMeeGNyPA0zFUemjogKVdeCxmwOZugaQuOSbU9FxEfvAE9+3P4puGFEx63BkAHTGVuXpuOyGwIWkOR/1yIiGpE3fzcrCOsfKwxigQYRqVHQVRbilH5GPQ0wuGdyem4sNMFb2s7Qm5PTsfF13uMsywrbdOVcuG06+VFAAweiaj4JCc8TWmmEi8QOT+EyaZmdDdoiJwZw55pYNcNC6r43E3I7SdsluweeJKncEtK+teW2p4LzQ1PLsHlvK9fSVpQS2HwSEREVYXhY41RBBCu9CCIaoyiFD5t2tvWnnX4GHK54W9pRTDPtSKT13usFk5Ou15WXKrE4JGIKiiEgTcv4KG3BzE114Rl19bVePDG7IJLIiIiqi4MH2uMIgQErOptOEtUhQqtfASAiN2BqZVr0DxyEVLK7puAt6UNgcYmRO2FBXXDF0bmPa+G1TGcLt7wLRduVWKDMyKqMDu23Xcjnrmv0uMgIiKiYmD4WGOEiDWeiZqVDyOIaokQQKEZXrChEWGXG87ZaaihEIRlIappCLvciDiKE85ZloXhRZWPlf/37vak785N9cOtMHgkIiIiIqLiYvhYg1QJiFZXI1yiqidJAkYRusWbsgxfc+k6R44OjS6qdKyCwkeu+bgMuBUJSmX7GhERERERUR3ibUYNik29JqJcKDWSqqRe77Hy6SPXfKxvDB6JiIiIiKhUeKtRgyQBqBLjR6JcqGppCr11XS/q+RZ2ugaqZc1Hho/1yqUIBo9ERERERFQyvN2oUbxRJMqNqhbe8XqhYDAARVkeq1cwfKxPDkXwl1lERERERFRSjLBqlCoJSEXo4Eu0XEiSgFzEkMXv88FeYFfrbFW68vHzf/oZqKpa0TFQ8dllARuDRyIiIiIiKjGGjzVKAFB5z0iUE1UrTvXj7OwMHE4nRAl+ATA2Op5ia+XCx5vfuxM33vKeil2fSsMhC9hl/hAhIiIiIqLSY/hYwxRWrBDlpBjrPk5PX4bL5YYklebtc3xkcfhYycKYhpe+AAAgAElEQVTHG265rnIXp5JwKQI2Bo9ERERERFQmDB9rmCoBMqdeE2WtkHUfTdPEpalJuN0eyHLx148EgNf2vo7B02dTvFK59PHdgTMVn/ZNxeNRJa7xSEREREREZbU8OiXUMUUCDKPSoyCqDUIAQliwrNzCF13XcfnSFJqbW4reYMbn9eGN1/bj2KHjOHr4WNr9LMsqyTTvpbx18G187D+GYbPby35tKh5JCLgVAeaORERERERUbgwfa5wqCYQNViURZcMwDAAmgOwrF6ORCKanL6OpuQVKkZquRCIRaJoGAPj873yhKOcslfODQxg48S62X7u10kOhPMlCwMNFgomIiIiIqEI47brGKQJQOPWaKCt6NArLyv5tLxwOYXr6Epqamgvu9hwOhzA7M42Z6elE8AgAf/rVh7I6vpJTnw++caRi16bCqBKDRyIiIiIiqiyGj3VA5XeRKCuRiI5Yr/ilhYJBzExPo7GpBWpSWJgrn8+LifFR+LxeaJoNjU1N817v29iHb33/m1mcqXLh4+FfHZ+rGqVaokkCLoXBIxERERERVRZjqzqgyQISqx+JlmRkuURBIODH7OwMmppb5lUp5sNms6O5pQ2tbe2wOxyp97Hb8D+++bWCrlNKo8MT8M54Kz0MyoFdFnAyeCQiIiIioirA8LEOCAAav5NES7KyqHr0+33web1FCR4BQFXVrJrUtHe24/e/8Nm0r1e64/To8HhFr0/Zc8gCdpnBIxERERERVQdGVnVCZQtToixk/nfi83nh9/nQ3FKc4DFX111/LXbetKPs183G8PBYpYdASxCITbO2MXgkIiIiIqIqwvCxTsgitr4XEaWnqum7XHtnZxHw+9HS2gpVLX/wGPf+D+xO80plKx/HRyYren3KTBYCLlXwF1FERERERFR1GD7WEYaPRJnZbKk7Vs9MX0YwGEBrWzsUpbCu1oVa378eO258z6LtFZ51Dacr9XqVVHnxxjJc4pGIiIiIiKoRw8c6okicfk2UiWXO79hsmiampy/DAtDe0QFZTl8ZWU59G9el2FrZ9NHtdlX0+pRavLEM3/qJiIiIiKhaLd0FgWqKKgFRs9KjIKpOpnUlfDRNE7Mz01AUBW5PQwVHtVj/5o2VHsIiTrez0kOgJJIQcMj8hRMREREREVU/Vj7WGU0SkAVvRolSCYWiicd+vw92u6PqgkcAWNO7Bs2tzfO2VbrbtYvTrquGOjfNmsEjERERERHVAoaPdUjjd5VoET0ahWFcCfCcThfsjuoN1Kqp+nHnTddg27WbKz0MAmCTY8EjG1oTEREREVGtYExVhzRJQGL1I9E8kWgUyStNVMv6juls3n7VvOeVrHy852N3VezaFCMAOBUBB1NHIiIiIiKqMQwf65AQgI3fWaJ5dL3SI8jNxqsWVj5WJnxc0dWO9f29Fbk2xchCwKVK0DjNmoiIiIiIahAjqjplkwWUGq9+nI34Kj0Eooppa2/Fiu7OxPNKVT5OTU1jZnqmItemWCW7WxVQavvtnIiIiIiIljF2u65jmlx71V5D3hG8eOqvoOrHE9sU14fw6xv+Exo0dwVHRlR+m7ZswujwWOK5ZVkQefxSwbJMGGas07ckJAghZX2eaCSK1/a+gbs/cmfO16XCOGQBG6dZExERERFRjWPlYx3TpNrqhjrkHcFLJ/7zvOARAHT/0/jJkYcqNCqiyundsHC6c37Vj0JIUGQViqxCCAmmaSAcCSIaDcMwdJimmfHcb7x6MK/rUn4kIeBSJAaPRERERERUFxg+1jlbDYWPL737t5DhT/maap7FM6f+rcwjIqqsdet75j0vxtRrIQRkWYFNc0BRNQBANBpCOByErkdgzlVIJnvnxCDODV4o+Nq0NJsk4FYEVP50JiIiIiKiOsHbmzqnSLUTQMrRNzO+Pjn7eplGQlQdulZ2oW/DusTzYq/7KDAXRNqcsNmckCQ5ZfgIALPT3qJem+ZT5qodHYpAjbxlExERERERZYXh4zJgkwUEqvtudsg7svRO5kTpB0JUgOd++mrRz7n9um1XnpS46YwkyVAULeVrlWl3U/8EALscayrDakciIiIiIqpHvNVZBiQB2ORKjyKzlZ4uGHBm3EdSejK+TlSPNm/fnHhcqY7XACCzHK/oVEnArUqwc21HIiIiIiKqYwwflwmbLCDn0SW3nDTn7Rlf72q6qUwjoXqkKErJr+Gd9ePR7z1V1HP2ru/Bpi39AGJdqyvF6XZV7Nr1RhICTkXApQgwdyQiIiIionpX+rtxqgoCserHgF7pkaR389qP4pUTT6d8LSracXvvXWUeEdUTVZXx3NOv4ujR04tek2UJbrcTbo8Tbrdr7rMDzS2NWLm6M+trnBq4AF2PFnPYAICrtm7CyeMDRap8tGAYBmQ5t7d/lztzZTJlxyYJ2GSu60hERERERMsHw8dlRJMEDBkIG9W5ettKTxcMdWfKxjMed+aqSKKlKIqEtw4NYPDMcE7HudxOrFu/Cv1X9WLnDdugaqnfNo8dOYWZaT8MQ8eeX7yB3b92QzGGDQDYsGk9AMCCBcuyIAqqYo41mYlGw1AUFUJkVwDvcjF8LIQiYqEj13UkIiIiIqLlhuHjMmOXBQwT0Cu4dlwmO9d+AgffnR8+GnDi9r77KjQiqheRSBjhMOBwNKTdJ97p2bJMmKYB0zTh9wVw9PA7OHr4Hex94U3svHErrt2xGa1tTfOO3fP8G5AkGZIk48AvjxUcPvp9fhw9fAzHDh3H20dPXHnBsoAiLKGgqjZE9QgkIS1ZBdm/eT0rH/MUqzoXXNeRiIiIiIiWLYaPy4wAYFcE/FGrKrvXbmzZgIO224DwS4ltLc0PoEFzV3BUVOssy8LwhXFcvuTLuJ8kxTszyZBlNbHdNA0YRhST45fxsydfxs+efBn9V/WiZ91KAMCJ42dw8fw4bLZYQDc5PotXXvoVbr3tPVmPMRgM4/Sp8zh96jzeefsdDBw7nPprgVW03vWqokHXI9D1CBRFBdKc+cP33VmkKy4vqhQLHZk7EhERERHRcsbwcRlSRKwCMlil069vXfdJvHIiFj5GRTs+sGF+1eM7l07h4MUnENXHIQkXNnfdi2tXXFuJoVKN8Pt8eP7ZX+V9fLyiUVXtMAwdhhHBwIlBDJwYTLyuaY7E/rKi4Yl/+QU2b+1bVCGZLOAP4sTxMzj59hmcOH4GAX8QABAOXMp7rLlSFA26HkU0GoGq2ha9vvGqddhx49VlG089UCUBTYp9JiIiIiIiWu4YPi5TNlnAsICIWX0B5EpPF+ye30DI+2P0rfjdea+9OPgsxie+CQCI16UNnN+PgfHd+M3tf1LmkVItsCwLhw4M4OCBd4tyPllWIMsKLMtMNIC5UjEZI4SAotrww3/8Kf7wjz++6By/2n98UeAoSTJUxQYhBGaDMxm/nmJTFBWGkbpRzjsnzhT9evUqtq4jQ0ciIiIiIqJkDB+XMbssoFuAWYXrP97edx8ef+sUxt+YBFbHth0aPZQIHhcJ7cEzp9YtqpIk0nUdP3tycROjQgkhZVx6UVE0nD0zjOd++iruvPsWAMDhX53ASy/sx/mzIwBiQaaq2iHLSqLxi392rOhjzUbyNPOFwqEwbPbFVZEUowgBTY419SIiIiIiIqL5GD4uY5IAHDLg1ys9ksV+8fjP8cqTowCexnt3vxctrS14e+QJyBmOmZx+EgDDR5pvbHQKly9nXuuxVFTVjp//9DW8e+o8pi/NYmpyOjF9W5bVRV2rLdOA3zexxFnL/8uCYCDI8DEFea7SkaEjERERERFRelKlB0CVFW+IUG02b92ceLz/9f2xB9HjGY9RraVCG1qOhi5U7u+FJMlQNQdOv3Mely95YbO5YLO5oCjaouARAHyzY7DmOm6XgmHk95uGSKQKf0NRQbIQcMgCHlUweCQiIiIiIloCKx8J9rn1H6MVXP9xyDuCczNn4FTdaHd2oH9zPxoaGzA7M4s39r2Bbe+7GjICFRsf1a4L58cren1ZVmC3uxPTqtMxjAgCS1Y9FkaSJJimsWiNyqWEw+ESjai2SELAJgGaLIrWcZyIiIiIiKjeMXwkAIBTEfBHAb3M6z/ORnz42clvA6E9iW0nATgafhM33HwDnn/meVw4dwFnRpduFmKoO0s4UqpV1RASLRU8AsDspQvZnq2gcUSjIaiahFzis1Aokvc16wFDRyIiIiIiovxx2jUBiMUZTkVAytRBowSeOv6NecFjXHD2R9A3jySeDw4PZDyPASd2rv1E0cdHtc2yLFzMctp1vlOSiyHgm0QkXJ51KWVZgaGn7mydjh7Nbf96IYvYshQeRcDG4JGIiIiIiCgvDB8pQRKASynfDfah0UOQo+m7EMv6z9HZ3wUA8IbTdwCOSj3Yuf5/YGPLhqKPkWpbJBzG6PDlrPYt5VqLS13XNzua9f6F/n5AlmMF72YOX6+iLK8ieVUScCqxNR3tsij4z5yIiIiIiGg5W153lLQkWQAuRYJPN0t+rXOXjyy5z5rdFsYGgGAwCDQtfl12fggf3Pif0KC5SzBCqnWDZ4az7nRtVaCLNJBPk5nCkzBF0XIMH3NbI7IWSUJAlWKdq6uwBxcREREREVHNYvhIiyhSrALSr1euAU2c23YSQBNMc34YGpU344bez7DakTI6evh01vsu/DtWLsHApYpcN5emM3IdVz4qkoAmxaodmTkSEREREREVX/3eUVJBYtMOgUAJA8gGeydC3sz7yAhgxa5+NLVNAwCioh1bV38e1664tmTjovoQjUbw9rHzWe+vKGoJR5NaJOyr2HTvXNRb5aOAgCbH3ucUJo5EREREREQlxTUfKS1NEnCUcP7hjpW3ICr1LLnfyi1BhEJOTI3fgU/u/D6DR8rK7IwPI8PZVxVKkgLLKm/1o2Hk3kVaVGABwnpZ81ERsfe0BjX2mcEjERERERFR6TF8pIxscukCyAbNjRvW/RdERXvm/RznceR/Xcb0/kBJxkH16Z2TF3LaXwgByyrvUgNmjl2nYyoRPtZu5aOAgCYJuBUJbnWuazVDRyIiIiIiorJh+EhLsskCbrU0f1U2tmzAvVd/Cx3t/zltCBmbet2JS1OVWRuPatPQxclKD2FJkXB2zXCSVaTyUa2tysd44OhUBBq02GeFP+2IiIiIiIgqorbuKKliFAE0qBK8UavoXYEbNDdu770L6L0L71w6hbeGn0codAyqeTaxT8taAyf2zcI0TEgyUwRa2plTwzntb1kWTNPIqRFLISzTyCt8rIRaqHwUiHWrVtg8hoiIiIiIqKowfKSsSQJo0AQCOhA1SzM9dWPLhkQH6yHvCAYm38LZ0Tdgd16GZVm4dOkS2trbSnJtqh/RaASdXc04c3o062MsywTKOO06FJrJ+ZhKVD0C1dvtmoEjERERERFR9avOO0qqWgKASxEIGkDYKG1Qs9LThZWeLhyc7MAj//AIACASzr1BBy0vlmXh/OAwDv3qdE7HmYZeohGlFvDmMy28MvFaNVU+MnAkIiIiIiKqLQwfKS8OOXbTHypxAAnM77SrqmrJr0e1LRgI4F9//ApCwdyDasM0yvammF+n6xIMZAmSJEGWKxs+MnAkIiIiIiKqXQwfKW92WUASQEAvbQAZ8F/pcq1o/CtLme17+QgGc5huXSkudzt8s7mOs/yxm82ulf2akhBQBCALQBYCslSpmk8iIiIiIiIqFJMcKogmCUiqQNiwSrYOZCBwJXxk5SMt5eCBdws4unxrPtqdzTmHj5VY89Fmt5X8GnI8bJTmwkYmjURERERERHWD4SMVTBGAogiEjdg07GLHN8nho6aVvwqLaouQ8u+GbppGEUeSmazk83e5/Kmc3Vb8f3OKEFCkK6FjhfroEBERERERURkwfKSisckCihSrgowUsQpyYnwi8Tg5fHxx8FlcCpxBODKOrqabcHvvnUW7JtWuq69dj9Onhis9jJKoREhncxRW+SjNVTLGKhtjYSMREREREREtHwwfqahkATgVAcUEQgZgWoWHkOcGzwEAWlpbAACzER9+cuQhqObZ2DUBjE/sxz9N/jNu6PszbGzZUPA1qXat7e0q6HjTNCBJ1dPdeb4KVD467FntJ3BlyrSUNH2aWSMREREREdHylv/8RKIMNEnArQjYpMKiB8MwMHRhCADQt6FvUfCYTLUm8MaZv8ZsxFfQNam29V+1ptJDyIoeDVZ6CFmxp2g4IwsBTRJwyAIuRUKDKqFRk+BWBRxz/+4VBo9EREREREQEho9UQpIAHIqASxGQk+aLDnlHMOQdyeoc5wbPwZqrnly3YR1+duKRlMFjnGqexbGxw4UNnGpeV3dLpYewJEOP5HxMJRrOOOw22GUBpyLgUSU0aRI8auy5TRZQpdi/dSIiIiIiIqJUOO2aSk6VYgHFzwdfwcDw30O1Yms4RkU7VrY9gNt770p7bHzKNQDMrBgBwi8teb1x32kAtxQ8bqpdq9a0Y2T4Ul7HmoZelmnX4dBsya9RDG6nHXa2nyYiIiIiIqI8sfKRyuLpU8/gzND/lQgegdg06fGJb+KZU/+W9rgjh44AAJo2tUCP/Kjk46T60NraWOkhZBQJ+xD05xeOlluqaddERERERERE2WL4SCU3HfLh3Ng/pH195vJ38eLgs4u3T8/g2JFjAIAtd0xnfb21zdtzHyTVlf7Na/M+1kLxOrUvZBgRXJ44jcsTp/M8Q/krEJ1OR9mvSURERERERPWD4SOV3KsXXoEMf8Z9xie+iVOX35237bWXX4NlWdj4sQ44pItZXSsqb8a1K67Ne6xUHwrpeG2aZhFHckVXtxOTIycQCeffEKkCSz7C4cyu2zURERERERFRKgwfqeSmQ2NZ7ffGu19FxPBDnetesfeFvWjc2Iw1K7NrIGOoO3Hvtv+W9zipfjidtqqZLrxx02r89//5e7jxxv4inK0CDWccDB+JiIiIiIgof2w4QyW3vvVqHJ5Zer1GxZrAvx39Bj53/Vfw9ol3MTU5Bafmhs93F9q60q/h12DvRH/b1Vjpyb/ajepP96pWnHk3u67qySyrOJWPdruGD33kZvzaXTtj41lTm38/7XZbpYdARERERERENYzhI5Xcjd3X4sBgO5SkZjPpiMh+vHD2FQy8FJuCHRj24T9e/Zto6+yEbgK6BZhW6dbko/qxoX9VTuGjkGKF4MUKHyGAvvWdiacrujoz7JzlKSsw79rhYPhIRERERERE+eO0ayqLHb1/DAPOrPY9efFv8ObR2FTr9et70d21Apok4FQEPKqASxGwSQJSJRbAo5qxtmdFTvsLUdy3w1Awgsd++BJEOIgGVcL6Ve1FPX+5uFzZ/bslIiIiIiIiSoXhI5XFjd3X4kPbvgXJvhtRqSfjvjL8aLo6Fnjcdtuuea8JAKok4FAEGlQBtyLBLguoDCNpgcKazhhFGcOZ02N49pn9gGVCCIGm5oainLecVq/OLcQlIiIiIiIiSsZp11Q2axu78Hs7vrjkfl/6P7+OC28PQJZlvPfWmzLuq0iAktSEw7AEdMuCYQKGBRicor1stbY1ornZjcuXs+suXaopzc8+dxi3774a7e0taG1twvTl2bzOU4kp123tzehc0Vb26xIREREREVH9YOUjVZWJiSm8/fYAAODGG94Dp9OR0/GyAGxJU7QbVQmuuepIRYgK9AqmStrQvyrrfZOnXVsFh9YWdD0CAAgGI3jm2V8BAFpamwo8b3lt3bqh0kMgIiIiIiKiGsfwkarKmwcOJR7ftntXhj2zIwSgSoBdFnCrAo2aBI8qwakI2GUBTYqHkowla50kYt9LTRKwyQIOWeDGGzbldg5JBgBYBU67jkRC8wLMgXeGAABtrc0FnLX8f0evvrq/7NckIiIiIiKi+sJp11RVTp06AwCQZRnbt20uyTVkAcgpprBaEDDnpmqbFhIfhgVY4PTtSpAgIEQsdhMi9tuS+HNJAAICkog9TuXmG/rxzRyuF6t+LHy9R02bX7F7+vQYgsEgOjvzn8JciSVNr77mqvJflIiIiIiIiOoKw0eqKvHwsa+vB7Isl/XaAksHk+ZcEBn7DFhzn688Z0yZipj7byJIRPowMXl7vkKhECRJgs/ng8OhIRiMZHWcLCswjChMy8z/4mn84oWDaOtoKeAM5U0fm1sa0L2yo6zXJCIiIiIiovrD8JGqRjAYxOjoOABg/freea+dmxnB6cunMeJ9F1d37cLWtvKuRXclmIw/S7/n4lDSSjyPvwbMDy+vPK98eBn/6uINTsSC1+JhIZIei3mP54eMEOWOzYCBgfPwegPY/+a7WQePACBJsbfEwtd8XOzfH9+P3/rEzUU/b6ks5/Ueg5FZOLTcOpPncwwREREREdFywPCRqsbJgXcTjzesX5d4/OjR/4WZmacgww8AeHXmR9gj9WD3xi+UPYTMRjyIA7IJK1MdPRdIJgeWiY2FD05ceXjlcwUCwlL613//JU6dGsn5OCEEZFlBKZqkB4MRvHtmooAzlPc7tG378lzvcWBkL2RZwvqOW3M6LqIH8O7Yq9i2+oMlGhkREREREVFtYvhIVSM+5Rq4Uvn4ryceg2/mR1g4AVs1z2Lvyf8dq3Z8H012dxlHWR4pA8F6SgdLbFP/qjTho5VU1SgS1Z3JFMWGSDhQknEdPHg272PLvebjtdcuv/UeR6YH8Mrph/E7t/x7zsc2Olfg5f0Po6NxPTobNpZgdMVXigpfIioNy7Lq6t9sqp+/REREVL/Y7ZqqxsjIGADA4XCgq6sT52ZGMDn13bT7y/Dj6VP/Wq7hUQ1xu+yJx4ahQ4+GEZ370PUIdD2CSCQA01y8tqMkyZAVtSTjunTZj+bWrpKcu5gaGt1Yvab6x1k0voMIRmbx0sm/ho4Awrovr9PIisDPjnwZwcgs4DtY5EEWRzzAqKcQg4hqD9+LiIiIlhdWPlLV8Hlj06q7umJNLp468Y0l/4JO+4+UeFRUi3p6VyQey7ICyLm91amqfemd8mR3tgBTuU8JL2fp65Yt68t2rYqKjABaF+A7iEPetzCjxypTp/xn0N24PadTeUOxX56EMYXnj38D93StBdzXXblGhWR7Y88AgKj6GYYBSarduoF01Y4L339YFUlERIUwTZM/S6pQ7f4fDNUdry9WbeRyOvHL4UNQ9LcrPCKqVZ2dTZUeQlqmpUCz5b5UQDl/fm7bXhvThgtmeIELX4U/OISDF3+Y2Dww9nzOpxq8tC/x+KJ3P8b9o8DoP8TCxzJLVVGUvC3VBxFVN4fDAZ/Pl7Jiv1Zk+z7E9yYiIsqXaZrw+XxwOByVHgotwMpHqhrxykeny4kD5/8pq7+cLtu6pXeiZWdFZ0tRzvOhu3fgllu24ctf+UFOXbOX4nS3IRLOdWpv+dLH667bUrZrVZRjI7D6z/H8m38ERb3yu7izl15HWPfBpmQXEod1H44OP5F4LkkCz48ex8d3/VnRh7yUhTfrqW7es91GRNXD5XLB6/ViYmKiZv+9pqpCiW9L/poW7sfqFSIiypYQAg6HAx6Pp9JDoQUYPlLZPH3qGQzPHgUAdDdux4fW3zXvda8vFj7Ka+Wsqh4NOHH7uvuKP1CqCy0tbly6lN/afXHnz0+gZ20HPviBHfi3f79S2WaaRuIjdsNkQZZVKIqW1XltjkbIigZDL16gWSwutwM9vSsrPYyymfYP46JvYF74GNZ9eOnUX+HOq76U1TmODj+RmHYdN2NcwuDYm+jt3FnU8WaysHJoqcepnhNR9XK73XC7a7/JXqZwMZvHREREVHsYPlJZ/N2Br8MM7Uk8vxh8Ef/P+BP45HX/E012NyzLgt8fCx+ttqElz2fAifdt+jrWNi6jphiUk9YWT8HhYzAYBgDc/7Fb8dLeo5ia8gKINaWRpIU92HPjdLfDO7303/W4ct14LZv1HucMjv9qXvCY2D61D4NT+9DbenPG44dnjuDA+UcXbZckgaHpoyUPHzOFifHH6T6nO8dS1yAiSmepn1VCiEVVjpZlpQwk4/ulOoaIiIhqC8NHKrnvHfp/5wWPcap5Fj888hf43PVfgWEYAABntxsu9c2054pKPXA7tuL2dfcxeKSM1qxtx6l3R2CaOiQpv7e6QNJU6/vvuwV/+3fPFGt4cDib4ZsdhWUaRTtnMWzc2FPpIZSVQ/PAslKvqfnSqb9Cm6sPHntnymPDug97Tv1l2nNrirNYw8xKqjXTMj1OdQwRUSlkqmjMFEACSPkaERER1RaGj1RSvxw+hLD/6bSvi8h+vHD2Fby/51YAQM9tsS7DurIZANDk2g674sKqxvXY1LIBTfban25E5eF02AAUFqgMDV1KPL7ttu146eWjOHnyYsFjAwAhybA7GhH0X1p65zJq7yjOepm1YtPK2+CPTmAmfA5Dl9+CX59IvBbWfXjuxFfwsWu/lfLYPaf+ctF0a0U40d24DV2N23Ht6vItC5GqujFVM4dUz1Odh4ioWNKFivHgMd3z5P0ZQBIREdU2ho9UUu9OvbXkPieG/g7v77kVmqbh7X+eRPevPYA//MxvlWF0VM96e2LVarKsQtcjWa/HmMmf/NeP4b99+VFcuDBZ8LmAWOOZbMPHct10dXa2leU61eQ9PfcnHp+fPIjXznwHM5FzAIBJ/2kcOP8odqz5xLxjBqf24ezU64nnTrkNt234Y6xpu648g0b6wBFAoiOuaZoZO8tmqoRMdS0ionTS/ZxKVemY/HjhhyRJsCwLkiTNOy4eQDKIJCIiqj0MH6mkAuGxJfdRrAk8feoZqKqKSCSCaCRahpFRvXO57InHxbpJcTltePCPPoz/+tD3inI+RXVUXeOZjs7WSg+hota0XYc1bd/Bz499Hacv74EQwIHzj6Kn9Sa0ufoAXGlIE9ft3ok7Nv8JHFpD2ca5VPAYf57p8cLj0lVDEhHlKzlojH+OP5YkaV7guDCYNE0zEUTGtzGAJDMDr4kAACAASURBVCIiqk0MH6mk+tpuxqmLi9d7XOjs+D/DprXD7wcikeoJYrI1MPY8IoYf27o/Uumh0Byn05Z4HKt+DENRbBmOSO3UqYvYsGFV4vmRo4NFGV+czd6IgG9i6R1Rnpus9vblNe06nV/f+kX87LCJc969EALYd+Y7uGfbXwCIPQ7rsWZG65p249e3frGsY8sUDsYDxuTP8Y+F29NNwWb4SETFki58TA4cJUlKBI3xaseF21NhAElERFQ7GD5SSb2/51acGN0MRX87436KNYG2Wzbg0lPTNRU+hnUfnjr6RUz6TwMALFjY3v3RCo+KAKCvr3vecyFS37wsJRAIz3s+MJB9h+ps2BwNWYaPpdfQ4IKq8sdC3Aev+VP87DBw3rcXwzNHMDxzBB5bJwbGnwcAdLl2lD14TLaw6jFd8GgYxrwQMl0AyeYzRFRMqaZbpwoe4x/J7zvJwWNyAMmqRyIiotrEu0wquU9c8xU8evhLSwaQnb0DeAc2RKJ6mUaWnUn/aRwdfiLRWKK39eZEheO+M99JBI8AENH9FRkjLbawUkKW1aKc99Ilb1HOE6fZsmuiVI4brda25pJfo9Z88Jo/xWNvjmMqfAIHzj8Kjy22lmiDshY3rPoshoaGMD09ndh/5cqVaGpqKtv40q3hmBw6pvucrgIyfp6F1yEiyiRdY5n441TBoyzLic8Lq6/jgWQ8cEx3HSIiIqp+DB+p5JrsbvzhjX+FczMjeHP4VYx7j8KKHIOMwLz9bGIKbdduh/dyccOdQsQrG+NTLAFgeOYINNmF7sbtiQqoVI4MP44p/xls6/5IYq04Kp/4mnZFV4KbHs3mRiTsW3rHEuvqaq/0EKrSh67+Mv7lwO9jeOYInKEt8PjvgM3owd5zry3a99ixY7j++uvR29tbkrFk6lK9sLoxHjQu/MgUQMbPxbCRiAqVqrnMwuDRNM1E8CjL8rxjk8WPi+Paj0RERLWF4SOVzdrGLqxtvB9ArLPsdMiHk5dOYdI/iunQGIaGRuBZOYuh40s3qSmXs1Ovzwse4wbGfz6v4hEANMWF/o474A2N4bkTX0m8fnbqdXzsmm/BY+8sy5gpJhwOL71THrZsXotTp0aKes5qCR/XrVu19E7LkENrwFbP72Bg4DRkI1apqiN9hfbx48dLFj4ulKqL9cLQUdd1jH7nW5jd+yKsUKgs4yIiypaw29Hwvtux4jN/sPi1uYAx+ZciDBuJiIhqD8NHqpgmuxs3dl+beP6j44/jzaefAgD4fH643a5KDS2hu3F72teGZ47Me97bcjOGZ4/Ma0YBxKonveExho9lFAgE8MorR5beMQ/vv/0aPPGTXxb1nIpqz/h6uW60+tavLct1qlk0GsX0dGzt2enpaYyPj2N8fBwAICO7KfJ+vx/Hjh3D1q1bSzLGdJ2uk8PH5MrH0e98CzPP/awkYyEiKpQVCiXeo7o++4eLpmgnv7+x4zUREVFtYvhIVaOjoy3xeHx8cl746Pf7EQgE0NTUBFUtztp92fDYO7Gt+yM4OvzEotem/GfmPR8Yfz7lNGxNcaHVta5kY6T5AoEAnvv5Afz4X14vyfnb2xtxy67NePW1zGuY5kJRHUU7VyH6+lZXeggV89Of/hQ+X/GqT48fP46Ojg50dHQU7ZypLFynMXkqdbzycXbviyUdAxFRMczufREdv/u5ecGjaZopp1sTERFRbWH4SFWjPSl8HB0dh66HMT4+jqGh+d2Fb7nlFqxcubJs49q17rOI6P6M6ztmPL73s7Ap2VVMUWGi0Sie/8XBogaPqcLu3/gP7y1q+CgrGoQkwzKNNHuU/kbL4bSjo7O15NepVk6ns6jhIwDs378fd955Z9F+YZKuCUy6ysd4+Mip1kRUC6xQCIZhzAseM1U+Jo5jIElERFT1pKV3ISqPzo52tLe3YOeOrbhw4QwOHTq0KHgEgDfeeAPRaLSsY9u98Qu486ovQVNi1ZhT/sGsjtvW/RH0d95RyqFRkmPHz+CHP1rcBKQQmzevWbStvb0RN93UX9TrqBWufly7pqui1680l6v4yzz4/X4cOnSo6OcF0gePqQJIIqJaEW+GldwIa+EHsPiXMURERFTdGD5SVYitkXYEt71vJ3p6Mlc1RqNRvPjii2UPIHtbb8b91zyCVte6lE1okmmKC3de9SXsWvfZMo2OTNPEv/7blYpHyzIRDM4iGg3DTFtRmNlVm9JPQ962pSevc6YTjQbTvlaOio61Pd0lv0Y127BhA0IlqBAcHBxMrBlZiKVutBeGjsmPiYhqRar3sOTQMR2GkURERNWN4SNV3ODg/9/efcfHcdf5H3/NzFaterdkW7bl3uTuOHYU4yQEJ04jCSGQg8DBcbk7+N0BCUkIIRztfuS44zgCFw740dNMOVI4hzQ7dopL7MS9SbZVrd5Wqy0z8/tjtetdaXe16pL9eT4e69md+c53vmNZY81b3/l+K9m2bRuNjY1J79PW1jYuAWSao4Abl3yHNHv8cdxm5Kzj9mU/ZGbO5WPYMqHrOqdPX5gpXVFUHI40wMTrdeP1dqPrfiC5G5Tbbl3PVx/+SNztS5aM3GzGAb8nwSPXY6O0tH8Pz0tJVlYWNpttVOrevXv3qNQbEutx7MibdyGEmCwir13xhpoQQgghxOQjYz6KcRN6JDHWo9XJCAWQmzZtGtNJaOyWVG5c8iid3vP9ttksLnJdpWPWFnFBrH8DiqJgtTqwWGz4/V58Pg8KCharDU2zoiixf/8yu7SA227dkPB4eXkZZGe5aGl1D7vtiXo9jpXS2Zd2+AiwbNkytm/fTlZW1ojW63a7qaysZObM4QfW8W6+Ez16LYQQk0WiR65jkfEehRBCiMlBwkcxptxuN42NjRw/fpy2trZh1zdeAWSao4A0R8GYHU8k52//ZjP/9eM/91uvKCo2mxPTtBMI+AkEfPj9XiyWYAipqlpU+VOn+wfLffn9/hEJHgGMQOIevGNxYyXhIyxYsACPx8POnTuxWCw4nU5sNhsWy/D/q6ypqRmR8DFS3xvyROOjCSHEZDDQdSxy4hkhhBBCTB4SPopR5ff7aWhoCL9GInDsa7wCSDHxbNy4FEVV+MFjf0TT+j9CqygqVqsdq9WOrvvR9QBerxubzYmmRf/bqalppLg4L+6xzpwZOKCcLFwuJw6HfbybMSGsWLGCFStWUF1dzcmTJ8PXLY/Hg6qq4Ueznc7gBEGR6+IxDGPEZ9LuezMea7uEj0KIySbRtavvdU8CSCGEEGLykPBRjKo333yTurq6UT9OW1sb+/fvZ82aNaN+LDGxXb5uPl97+ASu1DxSUnNR+vRqDNE0a2/gGHuW6YrKuoThY3e3dySam6TRvcHKzEwb1fono6lTpzJ16tSodU1NTXR0dNDd3R0eo7a+vh6v98K/hZaWFgKBQLi3pNPpJDMzk7Vr145Ju6XnoxBiMpNrmBBCCHFxkvBRjKo5c+ZQVVU1Io8tDqSyspLi4mKKixPPli3GTyik8fv94bHoLBYLmhYMCO32ofe+MwyDnp4eXnvtbSyahe6uBro66nG6srE70rE7MwZV37lziSdAUtSRCwQtVkfC7SYGKCqYozN+X2ZW+qjUe7HJzc0lNzd3vJsRUzI9hYQQYqJL1JNbCCGEEJOXhI9iVE2ZMgVd18ckfATYv3+/hI8TiN/vx+124/d2EWg9iNp9Aq37JIq3FrQUTNWJr3dpak701OVY8tbhdDqx2+0JH6P3eDx4PB78fj+qqvL2W+/yzr5jHNh/DFXVUFUN0zTw9XTgcbegqBoOZwaOlCxs9tQB2z7QRB1Ll8wa9N9HPImCUacrG0dKNgHdh9/TjmmM/AzvWVmDC2bFxBV5ky4360KIySjyGibXMSGEEOLiIOGjGHVlZWUcOnRoTALIzs5OOjo6SE+Xnlzjye/301K9D6XpVSztu7B1n8BmJPmY8gnwpS2nO205ZKzCmn85drsdm82Grut4PB6qqup4fcc+3th5gKam+OOIKoqKxWLDYrFhGDre3iDSZk8lJTU3Yein6wP3bJw3t4jjJ2qTO68B2Oyp+LxdUZ/TMouwWHsfC/epKCkafk8Lhj6yAWRmljx2PVklmgE20faRYs8vIHfDFdiyo3uE+lqaaNr5Ot6Gi2dsVCHE6Bvo2iVhpBBCCDE5SfgoRl1ZWRn79u0b1fDR5/Ph8Xiw2WwSPI4zv99Py7EncZx+aMh1aJ370Tr3Q+3P4KjKMc8aurR5HK7J4p1DzVSdqx90naHekFis6LqP9pazoKhYrc5wT8hQ+HfDjeu5++NXD1jnJz5xLQ899HMC+sjdDGkWG2kZRf2CUZvNic8HOLPxe1oxdN+IHTMjXcLHi8FY3pTnbiin6JbbyN1QHrfMvC9B084d1P5hK007d4xZ24QQFxcJHIUQQojJT8JHMSY2b97MU089RUFBAaqqDnp/wzDw+YJhi8fjAaCnpwfDMDBNk7y8PJYsWcLy5ctHtN1i8DqrXhpW8Lj9WBFHarJo6HTS2OGgsTM0IUxt72u4FDTNgqZZMAwdXffS7e4JTumiKCgo2G2Jx2AMmVGSz7o1hTz/wm7sjnRs9tS4E9wMRNUspGdNw+nKjlvmQgCZNaIBZFa2PHZ9MRqtG/Yl3/k38q7clFTZ3A3l5G4op3H7Kxy87/Oj0h4hxMVFwkYhhBDi4iPhoxgTU6ZM4cYbb2Tbtm243e6kekEGAgH8/uDjpcXFxSiKQn5+Pna7nYyMDDIzMykqKsLhSC4oEmND6TyKYk3H9HcMet8fvbyI144VjUKrYlNVDZX+YeFgbnxsNnt4XEkAS29PSovNgabZkhpfEiAjuyTJ4znx+5VgANnTjhHoSbqt8WTJhDMiSeufexF7Xv6g98u7chPrn3uRXVvePwqtEkIIIYQQQkxkEj6KMTNr1izuueceACoqKhKWlVBx8rJ7DmE4C9EHGT6OdfCYSENDy4BlPB5PxIzdwXElTdPAMHR6PK2YbgOzd3ZqzWILB5GKqmGxOlBV7cJ4joNk7d0fIOBV0f3dQ6oHwOGwU1g4MWdwFhPL2id+N6TgMcSel8/aJ37H23feOoKtEkIIIYQQQkx0Ej6KcTFr1sjNFCwmFkNLRXEWobjPYerJ9crbU5E/YYJHgKam1rjbAoEAO1/fw7b/3dVb9sKEN4qiomnRfSkNQ8c0zeDj3V0ewIyaSVtRNTTNRk7B3EG1UdOs2GyhOiwEvIPvaQpwx53XUTp7+pD2FZeOxd96FNes0mHX45pVyuJvPcqhB+8dgVZNXOkLF+Esnkbbu/sv+kl3tBQX2WvXEejsoHXv7vFuTlKyVq3BkpZOy9tvone7E5adjOcnhBBCCDHRSPgohBhRqj0P9C5U1wz0jmNJ7fOLnYML3sbTq6+8xXcf/XnS5dXIMSD7POFtGDoApqkT8HsG3RNS06zY7So+FBTVgt8zcI/NSPMXzOLOj1w/qH3EpSd3Qzn5V13Tb7274jTHH/020++8i9zyjVHbmna8xrknfs28ex/oF1rmX3UNuRvKBz0JTfGtH6LoxptR+gzb0XHoIMe+/fVB1TXaim65jcIPXM/Zn/+Uyp8+Pt7NGVXpCxcx9wv34e9oZ/dHbo/aNuWGmym+5Vaadu7gzM/+O6n6hrLPYM24+69JW7CI49/5Jue3/Zm5X7yf1DlzOfuLn9H8xs6osonOTwghhBBCJGfwM38IIUQCtuLNAKgpxajOwgHLH6nJiphUZmLz+Xy88vJbI1ZfaAZuTbOgB7xDrsNmTwk+1p2Sg6Ikf1n/6F/dMKRjiktL0S239VvnrjjNoQfvo+2dvRz+yv20vbM3vC1y3aEH78NdcTqpOgdiz8nFNbMUZ1Fx1MuWk9ywAat/+QTrn3uRrFVrBn3sIVEUFG1oE1BNRrEm20qdPYe0BYtIX7go6XqGss9QKKoSbnP6oiWkL1hEaunsBOUvna+lEEIIIcRIk56PQogRZclZhd6+Cb3hFbSMRSi2HIzuakx/e8zyJbmd4ceQVVWB4LzT46unnqbK17HllGG327Hb7Xg8Hh79zk/Z/05yvTkHK+Dvxu7MHNK+qqphd7jw+TyQkk2gp2PAmbBv+eDVrF69ZEjHE5cOx5QicjeU91t//NFv464Mhop6Tw+Hvvwlyr73GACHvvwl9J7gkAvuymDvyBU/+knU/rkbynFMKaKnbnAz2Jt6gKonfkPFj3846HNRbfZB7yOG5+S/P8rJf3901PcZrr2f+OiYHk8IIYQQ4lIj4aMQYsTZZ92F356Nr+Z5VGchqrMQ0/Bj+tsx/R3Bl68VTAOXPcA/vv9dnnp7GueaUsJ1qGqoB5+C0vteVVRAidg2OqpqO7G+exeGlkpn2kpqLMv4zTYfb7x1atSOqQcSh4UDURQVmy0Fn09BcWTi93bEnQl70eLZfOaeDw/reOLSECt4BJh+5110HjkUDhl9Lc3hcRx9Lc1RZafedkfcuqufeXLE2jr/y18lb+Mm3JUVpC9cjGqx0LL7LQ7e/0VW/exXuGYGxxpe/tiPad3zNu/d93kWPPQIueUbUa1WAl1dVD3xayp/8l/Mf+BhcjeU0/zmTvLedzVGTw/H/uUbFG6+PmZ5gPkPfIXC67agWm3oPZ647Vz+g8dJmTkLRdOwZWVjeL2c+80vqXj8MUr+6m6Kb7sDe14+iqZheL1U/+5pTv3Hd8m5fANz/vGLpEwvAUUh4HZz7tc/p/HVl1nw0COkL1oCioLh81L3/LOkzVuALSuLQw/ei5biYuEj30BLcXHy3/4vdc/9idW/fAJLahoH7/s8RTfdwpQbbkJzpmDqOs1v7uLwVx4gbe48Fjz8z3hqarCkOElftIS6F56j4aVt4bYYfh8oKoGurn7nuvbJ35MyvYS65//EsW9+jZmf+lum3XkXltRUME08NdUc++bXaI3oOdt3n3hf16qnnmD+g1/B19jIO3/3afRuN7P+5u+Y9pG7qP/z8zinTid90WIsKcH/V9yVFRz95tfoOPReVBsLN29h3n0PYPj9nPrP71H37B+j/q4TnZ8QQgghhEiO9sgjjzwy3o0QQlx8tPQ5WLJXYPi7MXrOoyigWFJQbVnBQNI1A8Weg2JxMT23h81LzrFx4Xmm5Xpw2nScVp3GDhumaWIaBqYRnEnaMALouh/DCIQ/m5gYpoFhGoAS3Mc0AVCUwfek9Osqt6+pYPvRXH79koNnXmzj9Nm2gXccBtM0sDnSh/Von6IoWCzW4HvViqKoGIY/qozTaednv/j2sNoqxl/o33fo37ppBicyCr10XQ+/up/9w5CPk3P5BrJWruq3PqVkBplly2h+cxe6Jxi0BTo6CHRET3y0+FuPxhwvEsBTW9NvfL1EslauJqNsOYoC2WsuI2/jJjKXr6SntgZ/ezu55RvJXLoMTJO65/6EarOROmce3vpaGre/SvrCxZgBP6f/6wc0vvoyeRuvouimW2ja8SoH7/1HMpetIHvtZbgrKzADfnLWX0Hq3Pm0v3eA5jd3YklNi1s+f9PVTL39TrqOHePsL36GLScPe24e7e8eoHXfnqjzmHLdDbhKZ9O2bzfVW58ifcEiXKWzaT90ENVqxZqeQe3//J7mXa8Ht82cRefRI0y7405S586n8vHHqPjRf6J3d9O2dw+FW24kZ305NX/YytF/fphAZycdhw9iy8klbe48Oo8dw56XR8669SiaSk99PZgmUzbfgKemCm99PSUf/yQ95+s5eP8X0FJSyF1/BarVSt2zf6Tg6mvJWrESU9dpen07zW/uZOYnPo2jcApVT/6ajkMHSZ+/gIDbTc3Wp6LOVVFVMpeWYXi9dJ+ppPSez6L3eHj3n/6B1n178DU10fDKS5h+f8x96l94Lu7Xtf3APuy5ebhmleKprsJ9+hTT7vwotuwcqn77K+x5+XSdOEb1009gmgaZy1agYNK0cwdTrrsBe34+zbt20rpvD7bcPNLmzqe7soKOo0dY+PDXkzo/MfJSbrwFTdOwWCxomoamaaiqGl4qihJehv5/77sUQgghxMQjPR+FEKNGdU7BMfdvMLpO46t+AaNtf3iboigotgywZYArONvy1Owuiqe1s9nfjumvxgx0U9/u4Hybg4oGF11eK5WNLrq9Gk2ddpo6e6d7jpg9Wic6bBuqZ3aXsnXP2M7Krge8qJp12PVYrQ5U1YIfBVWzcdnqWezYvofS0mn82388MAItFQIyV6yi7HuPcejBe/FUV/Xbnih4BHAUFAz6mIqqkr6kDHona/I2NtL46st0nzsLgN7tpuLxH1L/5+eY/+Wv4iqdg7NoKnXP/YnZn/0nTMPAffoUrXt3U/KxT4Ch07xrJ56aajqPHyVt7jzSFyzCU1sDpkH7ewc48Ll7AFj2/R/FLZ9RFgzHzv/lf6n5/TOkLVhI2vwFcc/D19xE1ZO/pXXvbjKWLiN3QznpCxZS/cyTNG5/ley169AcDjw11TiKisKT7Kg2G9mXXU7X6VOc/uH3Aci76hoUTSNz6TLa3ztA5X8He2K6ZsxCKd8Ybofu6cYMBLDnF5BSMgMtxYm7soKsVavRHE6admyn/d0D2HPzyF67jsxlKwAwvD3onm4qf/rjYBh57Wac06bjrjjN6R/+J1mr1lB43ZaY5+muOB3uHRtiy8piynVbqH7mSc5v+3NS+8T7unYcPUJG2XIyli6j8+gRXDNL8VRV0fT6dppe3076wkWklMzEfeoUOevWQ4xe896G83jr6zD1AAC5V5QnfX5CCCGEECI5Ej4KIUadmlqKY/5nMdxV6K378LcexvScQ+nTK0+xpqJYU4FiAEwjQHFWO0X+dpbNbcf0nQczELVPV4+F0+dTw+8rGoPvu70alY2u4HufFvVI90AcNn3Mg0eAFKeCYrHi8w0/QNU0C6rDhc/Xw4MPfYYHH/rMCLRQiD56e2CO2eEC/iGP+diXoqrhx5EXPvINAAxfn+EPIn6xkai8oqpgGkN6NFf3dKNYLNiysplyw82U3vMPWDOzMLw9KBYr/vZgr+uq3/4ae24+mStWkbVyNR2HD3L0G49Qs/UpUqZNJ3PFKhZ97VvM/OvPcPJ7/0rniWMEut2kTAv+csff0Y6/rY2U6dPR3cF2dh47SsbSMlCU8Ln629sxvF4saWkXGmmamIFA77lqKKqC4Y09rEM8HUcOU/30E0y/6+MUf/B2ptxwE/UvPDesmcrb9u9jypYbyViylO4zldiys2l+6w20FBeLvv5tci67HCMQANNEcziSqnOo5yeEEEIIIeKT8FEIMWZU1zRU1zSsU2/G9LWgN+1Bbz+E3l0NMSakUVQLij0H7DnhdWagC9PXiuFrw/S1kurwU1Zy4ZHo9fOa4h4/1IuyvsNBQ3vwRtQ0TY7UZOBy6MzIdZNq9+N0qPy/HfNH8MyTE/D3ULZkGucb2mhoaEPXjYF3SkBRVOz2FA4erGTJkpkj1Eohglr37ubwV+7H19ISc/uhB+9N2Pux5/z50WzegEzDQPd0c+K736Hu2T9GbSvc3L+nW6Lyy3/w+JDbYcvKwgz48dTVUnDNtag2G8e++Qh1zz8bHB9yRvB7t/Wdvey5+yNkrVjFjE//LZnLVjDjk5/m8Fce4MDn7sE1cxYzP30PeVe+j5KPf5J3/+mz+FtbcRQUAtBddRZfczPZ69bjKp2Dv70d9+mTZCxeEgyRe3sFak4nisVCoLNzyOcUz7nf/opzv/0Vxbd9iJK77qbg2s10njxOzdanh1Rf8xs78VRX45w2jayVqzECAdre2UvuFeVkLltBy+63OPTlL5F35fuYd5/0+hZCCCGEGC8SPgohxoViy8ZSdC2WomsBMP2d6B1HMTpPYbjPYnjqINC/F5FiSUWxpKKmTAvuF3Bj9gaRhq8VjPgTtxRm9FCY0UPZAG17ZnfpkM9rOFpbWtA0laIp2RTkZ1Jb10JDw/DHmjSM4YWY4tLla4kd5jduf5XDDz+A0ZO4d1iiANJ9+uTgG6QoWDMzo8JBvaeHlrffTG53VUVzOgHoPH6MzOUryV57GQ0v/4XcK8pJX7CIih//KOa+icq7z54hc8UqctZvwNvYQMai3pnk40yOZXG5yCxbjpaSQvqCxfiam4N/H9dcC4qK6nBSdOMt4YlpNKeTGXd/Cn9XBzVbnyZz314yFi9BczqZevuH0ZxOqrc+TfOuHWSvWYvmdKJ3u/HUVJG5bCWmadC963X8rS1oDgcp06bTdfI4HUcOk7ZwEQX6ZrJWrcGeX0DO+iuwpqXTeOpEzLZ3n63E396Oa2Ypee+7mowlS7FmZKC73WgpLvRud8z9UqaXUPzB22na8Rr1LzxP7vpyslauxuJMvld6LO0H3yV1zhwylpbRU1dLw8t/oeDazcG/fpsNW1YWeRs3oTqcaL3HMg0DFAXV3n8G9KGenxBCCCGEiE/CRyHEhKBY07DkrIGcNQAcOXyCIwffo/bsKaxmJ7MKfSya5ibbFR12KBYXisUFKcVogBnoDoaR/tbgUh/8o3MbF9T2PnZtYhjmqM+uHYumqUybmktOThrV1U10dsafPXcgbrc8PiiGpmnn68z7Uv/1VU/+pl/wuPhbjwKEZ70Oqd76VMzwsWnn64NqS8DdBYpK8a0fovjWD4XXdxw5TOOrL/Urb/h8YJoo1uA4qt3nzpJXvpGl//ofNL76MhWPP0bWipUUXH0tBdd8AEwTd2UFja+9EvP49S88G7d8zdanyCxbHtx29bW4KyvQu92klJTErEux2pjxyU+jWCz4O9o599PHg+fx2iukL1zMvPsexPB56Th8iNS584PjSi5bTubylcy798HgTNF1tdT8fisF115H/lXXUPr3/wcAf2srtX/8PQDtB98je806TEPHXVmBr7kJU9exZmbhPnsGgJqtT5M2Zx6F121h/bPbwDTpOHyQ6qefiNn2jiOHqf/z80z/6MdY8i//SqCri+6zweVS+wAADy9JREFUZ7Hl5pK1ajVNO16LuZ9z2nTyNl3NtA9/FBQF0zBo3f0W1b97Jmb5ePp+XVv37qZw8/VYs7JpePVlAJpe38GULTeTvXoN6373LJ6aajzVVaSWzsaeX0D7wXfJXL6CuV+8H0d+9NijQz0/IYQQQggRn2KaYzxgkxBCJGAYBn/6n5d4+aW3OXnibNS2smXzuP6aBaxbbCHQdRrTUwee2oT1mbon3DMyGEYmF+JtO1jIj/7SvwekoqjBmbv7zEqtKiow/Jk2P/fhbGq759Duz41a39zcQVV105Aexb75psv48B1XDrttYvxEzm4Nwe8T0zTRdT08u7Xf7ycQCOD3+/H5fHi9Xnw+H02f/tiwjr30u98nd0N51Dp3xWkOPXgf7srTQPTkMg0v/yUcQLpmlrL4W9/BNSv6e6lp5w7e+8LnhtWukZK1ag22nBy6ThzHXVkx5PJaiovstesIdHbQunc39vwCAl1d/XrKhR6lPvatf0bRNFr37Y0q45o5i9TZc+k6dQJ3ZUVUPa6Zs0idO49AVxfNuy6Et/b8AjLLlmMEArS8/eaQeueF6vY1N9O6d/eA5dMXLsJZPI22d/fjbThPyvSS8MQ/iWStWoM9L5/us5V0HDk86HYORs76KwBo3vU6WooLS2oq3obkHvcf6vmJ4cn9719is9mw2+3YbDasVisWiwWr1Ro183Vo1muQ2a6FEEKIyUDCRyHEhPLittf5wfd/G3fSlaKiPO69/1MsWBAMMwxPLUbHCQKdpzC6KqCnPmH9pu7tDSJDYWR33LL17Q7+Z28xh2vSBzVhzXD88fO7AOgKZFHbPZsazxxqPXNwBzLQdYMzZ8/T1ja4YOHmm9by4Ts2jkZzxRgZz/Axd0M5S7/7/X7r3RWnOf7ot5l62x39ejY2vPwXqrc+xbx7H+gXPAK894XP0bRzx7DaNVmFwscjjzyUVMgnxKVEwkchhBDi4iSPXQshJpRdO99JONtzbW0jr778Zjh8VJ1FqM4iLAXBcC3Q8g6BlgMYnSfA29Bvf0WzozgLwRmchME0fBeCSF8rZuBCsFeY0cNnrjod/lzXFpyoprPHQmXvrNoAlY0uur3RPSGHIsWuh9+nWlqZm76Huel7AGjz5VPrmcPsjDkcOJdPZVV30r0gfT4/7e29E/qYenDGcDOAEfCjBzyYRgDF1DENP4pigBEAdDACKIqBLXcNTqcTi0X+y7gUNe3cQeP2V8i7clPUetesUlb86Ccx98m/6pq4E800bn/lkg0eQwyvV8YOFEIIIYQQlwzp+SiEmDBaW9r42F334/cHEpYrKZnC4z/5+oD16W3vEWg5QKD9OIq3Lqk2mIa/TxjZf9KbMaNoKJYUFC0FLK7e9y6wpNDlddDpUTD0AJoKmgqqagaXSnCeC001UVWwaCqaagImCoO/5OtKCn77DNQpW8gsGPtZwMX49nwMWf/ci9jz8odVh7exgV1b3j8i7RFCXHyk56MQQghxcZJuLEKICaOj0z1g8AjQ0NCSVH1a5lK0zKXYAcN9Br3lHfxtR/C1VWCzxt5HUa0ojnxwBEMW0whg+tuDPSID7uDs2gF3sPfgSFPtqLZMlNDLkhq3aJrDR5oj2Yr1gYskoJndaD1HMM6cosNzE+kzNg+rPjE57dryftY+8buYj1Enw11xmrfvvHWEWyWEEEIIIYSY6CR8FEJMGE6Hg6zsdFpbOhKWmzGzOO62UL++yD7dJkDKDNSUGdimfpBv3vcwWepZSotMSgoVpuarpDpj95hQVAuKPQfsOdHHMXz9A0kjAKYf0wgMHE6qtvBM3Yo1PRg2as7E+yRgmgboPcHZvXUPpuGLW1ZRNNAcoFjA8GIa3ui/MEVFUe2g2S8sFQ3V9GE27wAJHy9Zb995a9TkMsmKnIRGCCGEEEIIcWmR8FEI0Y9JMIsyB3hP321cyLAulDUvlO27vc9nMrKZNX82+954J2H7ps+fy5nu0GOoEfsnKbe0jG2/q+WliMPMmaqzYJrB7GKTkkKV4nwNVYlfq6LaUGw2sGXFLRMOIY0AphlAUS2gWEG1oijqIFocqs+H6e8KhouhkFHvCc7gnSBsHDGqDX/uVXi8Znheb0W5MMe3Aigo0euU0PrelxJZts/2GO/F0I3WI4iHHryX3A3lFN1yW79ZsPtq2rmD2j9sveTHeBRCJE8enxZCCCEuPhI+CjGJGb3Bn2GCQTCIi700Y6+PqCNy23gOBLvyirVUHK+ktbk15vaZc2eyeHUZxjAaubp8LWdOVHD84PHwupPVGierg5PG5Bflc/PHbmPNIjvW7pNo3Wew9tRiDTQN6jiKagEsoA0+SDNNHdPfEX7h7wgGjuPJ8NFTcD2+hJ06R+5fTyiEVLkQRqqhZZ9twaUSZ31wqUbUcTEayxv2pp07aNq5A8eUInI3lJMyYyaOggIAes6fp/tMJU07d9BTVztmbRJCXJwkjBRCCCEmPwkfhRgHobAwKjTss84wzXAg2DdcjAwdLzbL1q3ANE1e/MP/cvbkmahti1Yu5tpbr6N0wexhHaOopJjNH9oCisLx945FbcsrzGPz7VtYdtlyfIAvbWHUdlvnkWEFkomYgS6MniZMbxOmv33E6h0pXQu+ja9wy5gdLzIUTy7TTO4bIjKE7BtKhj/3BpmR62KVG2/xbsrHagKGnrpaqp95clSPIYS4dAx07ZIgUgghhJicJHwUYoSYgG7Gepkx14v4ll++kvyiAqoqztFY34CqahROm0JJaQm5hXkjcoy5S+ZTPGMqR/YfprGugUBAJzsvm7mL55FfVBB3P1/awriBpMVzBs3bCKaOYhoo6ICBYhoQ+mwaKBh0dBkYhoFLa0YLNAYDR907Iuc2GtxzHsI79c7xbsaICIX2ib8PB/4m1ZRYLyXm+rG6XVYURWZ+FUJMapHXMLmOCSGEEBcHCR+FSEIgRngYiBEqXow9EcdL8YypFM+YOqrHcKWlsrp87bDriRVIxrP/jT2888Zezp06R2N9EzZ7EfOXbmTZmiWs23QZmEZveBkMKkGH3vfBdcFAM1Rm92u7eO25l1AVM9gjTzV735sR72HFujLWXLmmNwjVe+vtc6ze9eEyoeOi0zPjU8P+e7rYxP5FQv+LgBojjLT0CSktvcuhineTLjfuQojJJN51TK5lQgghxOQm4aMQfegmeA3wGeAzzN7leLdKXAzefXsfzz3xLHVVdeF1Pq+f9/Yc5uC+I7i7/Vx10weA5EdOrOk4zqnzGQOW00qms6zg+qE0WwyT0fuLCX/U2v5fYZsaeinYe98PNpAM3aRHvoQQYrKQa5gQQghxcZLwUVzy/EYobDTDoaM8Fi1GWktDE68++3JU8BjJNEzefOVNZi+cR8mcmUnXm5qellS59Mz0pOsU4+PCLzqCFyBNIRxC2pTg0hKaLVxRMHunek/UU0hu3IUQk0mia1fkOrm2CSGEEJOLOt4NEGK8tflNGrwmbX7w6BI8itFx9tQZThw6mbBM7dlajhw4NKh6i2dMx5HiSFjGZrdSunDOoOoV4083oVuHNj+c95p0BKIvTn1v0GP1GJIbdCHEZDLQdUyua0IIIcTkJOGjuOTZhzPQmhBJaqitT6rc+arkyoXMXTKPDe8vT1hm1RVrWLpm2aDqFROPXY1/0x3rZl1VVVRV/psXQkweoetWsr9IkSBSCCGEmBzksWtxyUvVwO5U+o3xKD0gxUjStOQut8oQwqKrb3o/AK88+xKGfmGAUqvNyprytZRf975B1ynGl0UBa8QYkNbex65j6XvzHQoeQ0shhJgsIq9dsa5tQgghhJicJHwUlzxVAXvv2GoQ/MHWMHvHXzPB3xtI+o3grNdCDEVRSXIzd5fMnjHoutOzMvjg3bezdPUyjh88SmtTK2kZacyYO5OytcsHXZ8YW5beYNEaChp7x3hUo+6zL4zxGEvf3o7S81EIMRnFuoYl86i1BJNCCCHExCbhoxAxqAo4NAiOpBf8gdYk2Buy/8uMuV6ISFNnTads7TLefftA3DKz5s1iXtmCIR9j9qI5zF4kYztOBArB64jW76XEWBe6ygyi/t4JZ+KNjxa6adc0bTROTwghRoWmaQkfvQ6FjBI2CiGEEJOLhI9CJEkh2EPJ0u/n3f4/AOtmsPdkOIwk9PlCUBm5XbLKi196ZjofuP16ujq6OH30VL/trjQXV15/FVOmFY1D60QyVKIDRTUiUAy/J3r7SIqc4Tryc6Lg0TRNFIcDs6dnZBsjhBAjTHE40DQtYQAJsYeaEEIIIcTEJuGjEKMgFD5Y+23p/wOySTCIDC0NEwzA7F1e+GyGP4f3iSgTWY+YmEpmz+CWu2/jvbff5eTh49RX15HiSmHRiiUsv3wF85YOvdejiC3UA1EFlMhln3WqosQsq/aWDW2baLe4kYFkKHg0DCMqfEy/chPt214Y55YKIURi6VduigofY439KEGjEEIIMTkpZqJBpIQQk07fIDIUZPYNOU0uBJpmgrJmjHVCjJTIUE8JhXwR7yMDwwvblKj91Bhl1Yi6Lyah/7JDS8Mwgt/HhhF+6boe9QoEAtQ//hgd21+RHpBCiAlHcThIv3IThZ/5eywWSziA7NsLsu9EWvIIthBCCDF5SPgohBiUUBgZfs+FcDJ0MRnwc586gmXM6O0R+9JnX8w+nyOWsbb1e9/nqtf3IhjzojiKwasS/iPG+kSfldjblMilEmNdxLZ+62OtI+Imr0+56DIR72PUFbVPn/1FcvqGj6Zp9gsf44WQoVdoW2RwGaonsk4hhBiOvo9KR/ZkDPXODi1jvSJDx1iTz0j4KIQQQkwe8ti1EGJQIkOmqJUjUrMQIpHIcR77jv/Yd2brvttDZXRdR1XVfsFjZPm+4aOEkUKIgSQai7HvuLSxAsjIZazQMVbdEjwKIYQQk4OEj0IIIcQkFXnjHTn5TKzHEhVFCY8HGSt4TBQ+CiHEYMULH/sGkJGvWJPN9N1fCCGEEJOPhI9CCCHEJBTZCxKImmwmtIwsG1ofr8dj36UQQgxXrEekYwWQfYPIWNult6MQQggxeUn4KIQQQkwifR+5jhQZPMabBTsUPgISPgohRlW88BGIChUTvR+obiGEEEJMfDLhjBBCCDEJxZt8BgiHi7EerU40uUy8HwnkRwUhxEDihYGxHr+OfB/rkWwgavgImWRGCCGEmNz+P8Xtzo7g0pawAAAAAElFTkSuQmCC
----[INFO]----Unable to locate elementPatient Module
----[FAIL]----Element 'Patient Module is not present
----[FAIL]----Element 'Patient Module is not present
data:image/png;base64,iVBORw0KGgoAAAANSUhEUgAABR8AAAJmCAYAAADVS/dbAAAAAXNSR0IArs4c6QAAIABJREFUeJzs3Xl4lOW9//EPkH0SlgATkCVkoUQYIkohGCuWoKCnINLaH6Di8YALVY+gBa1iqhb3pbgcW2Q7FlCwrUWFUwVMUNRAWATDgEGTDIlEyYBBSIaBrL8/spBlZjJZJjOB9+u6vGqeeZbv8zxjox/u7313qqysrBQAAAAAAAAAtLHO3i4AAAAAAAAAwPmJ8BEAAAAAAACARxA+AgAAAAAAAPAIwkcAAAAAAAAAHkH4CAAAAAAAAMAj/LxdAC48JRWVCujcydtlnBcyzAcabYsw9laE0eiFagDPKbbZlGM5LJvNpmyLRZIUExUlg8Gg6KhBCjUYvFwhAAAAAMARwke0q7RvT2jdoVNKio/QlIFBIoJsnmKbTVtSt2pLSmptAONIqMGg+OEmJSYk6PKE0U0GMwsWPuowyHTkLy//WTFRUW7tu2BhssvPp06epMQxCQ4/W7J8hbIth926zgtPLaq+nvv3IZ0Lr0JDDYo3mRRvGubWvWWYzU3eW4140zC98NST9bZNnDK12ce6ez1JmnP7LMVERTXreTiq0xlPndeRLalbtf6DDS6/75IUYTQqcUyCrkka5/b3EwAAAADgeYSPaBe5P9q17JM8bTYf05iRA/RB3hltt5ZoysAgJRoDvF1eh5C2I10vvfqaim22JvctttmUtiNdaTvSFWow6N2317RZHVtSUhVz+2y39s0wm11+nmOxKH64yWE4mm2xNCtIbIm6gVbajnRJVYHk1Osn65qkcR69dnM19SzrsrnxHfF12RaLXnrltSZDxxoFVqvWf7BB6z/YoFumT9PMGdM9XCEAAAAAwB3M+QiPKq+o1JLUXP32f/Zos/lYvc+OnanQ8m9O6yVzsbJOlXmpwo5hc0qqnnjmWbeCx4ZacowrW1K3ttm5im02rVm7rs3O1xayLRa9+MqrWrAwuc2fHdyTbbHowYXJbgePAAAAAADfRfgIj9mwr0BTX92tlZ9953K/Az+V6emMYq3OtutUaWU7VddxFFiteunV1zx6jea0qdaMqmwr6zds9MmQKcNs1t3zHmhVAGkICXH4bKOjBjV5bHTUoBa1D0dHDZKheiRpTFSUDCEhbX4tT523xkuvuDfCFwAAAADg+zpVVlaS9qBN7c09qWWf5Gn34ZMOPx8zcoCKu3dz+Flgl066YWCQJvYL9GSJHcrjTz+j7ek7nX4ebxqmeJNJBVarCqxWh63Km95f79a1br3jLhVYrU3ud03SOM2fe1+T+2VbLLLZbE3OVxhvMtXO21hXsc2mJctXOBxtaQgJ0arlSx22bLuakzDeNKz2749arbJajzncr0ZMVJT+8vKfHX7mau7HqZMnaU4T7enO5n68PGG0Hn/kYYefubq3d99e4/B5rF67TmvWvePwmMce/oPTeTeb4onzbk5JdRm2R0cN0iUmk6Sq71d2jkW206fr7UPbNQAAAAD4DuZ8RJs5VlSipZ/k6f0vj7b4HGfLK/WOxa40a4luGBikS3v6t2GFHdN+J0GTISRELzz9ZKORZc1ddKVGtsXiVvAoyWUYWpe7o94yzGZtTknVhPFJ9baHGgxOV+6OiY5q0QrHDRc/qZ0rcMNGh/tnWywOa2uKoRWrL7d0wZSWPI/QUM+sEt3S87qa2/L39/13o/fgKgAFAAAAAHgfbddoE3/7/Iimvrq7VcFjXd/ZyvXa1zb9JdOm/NPlbXLOjijDbHbafho/3NSmq/puSUlttM0QEuJw4ZW2br2WpDdWrPRKq22E0ag5t8/WnNmznO5DuNV+nAXghpCQZgfAAAAAAADvY+QjWuXjg8e17JM8WY6dbnrnFth9vFS7j5fqP/oHasrAIPl37uSR63REzlY0rhtIxle3p7ojzcFoxvjhJiUmJDhse96cmtridl1Him02rf9gg9faZadeP1lp6ekOR41WtbObm/U80TLORu02bK2uEWE0Kt40TBFGY+0o2UuG854AAAAAwFcQPqJFMn8o1rJP8vTZN4Xtcr1/HzmrNGupbhgYpLF9Atrlmr4uw3zAYTtwU/MMOuKs5ToxIcFpwLg9faeKbbYWtfo6s2bdO5owPslpq7WnXZOU5DT8+mo/4WN7MBp7O52H86VXX9Pv7/vvetsmjE9iRCQAAAAA+DDartEsxWfK9OdNObp16b52Cx5r/FRSoTezTuvZ/cXKPFnWrtf2lqbmDXzp1de0YGGy23MwOuOo5VpSbfB4ecJoh5+3deu1JL34imdX9nbF1Yg5V3MRou30cRE8b05J1a133KUtqVtZDRsAAAAAOghGPsJtf9/5vZZ9kqeTdu8Gf9+cLNPz+4v1i4gA3TAwSOGB52+GHhMV5XIkmFQVimWYzQo1GJQ4JkHXJI1r9gg9hy3XpmG1oxovMZkcBpxp6emtGnUWHTVIOZbD9bZlmM1K25Hepi3d7mrLEZcZ5gPMFdkCiQkJLhdMKrBa9eIrr1btOyZBiQkJDuclBQAAAAD4BsJHNCnt2xNa+mmeDuYXebuUej4vKNF2a4mmDAzSpAFB3i7HY349ebKWrFjZ5H7FNps2p6Rqc0pq1SIqs2e5FeC5armu/fsxCQ5raG3r9czp0/XXFSsahatLVqxU/HBTm7Z0uyveNMxh+NUwJG1KTSiM5rlmfJJWr13ndI7HutJ2pCttR7qWLF+hqddP1g2TJ3nlOwMAAAAAcO78HTKGVsv90a5H3z2keW8f8LngsUZ5pfSv3DNa+GWRdh0v9XY5HjH1+snNHtlVYLXqiWee1RPPPNtke2rGfscBWd3gMsJoVHTUIIf7OWvZdkdoqEG/m914jsoCq1XrP9jQ4vN6Am2+7SPUYND8ufc165him02r167TgwuTlW2xeKgyAAAAAEBLED6ikfKKSi1JzdVv/2ePNpudt/v6kh9Ol+uvmTa9ctCm3OJyb5fT5ubPvU9TJ09q9nFpO9L1xNPPutzH0UrWRmPvRi3Ilzhp5XZ0fHMkjklQvGlYo+1r1r3jcESmtziqEZ6ROCZBLzy1SEZj72Ydl22x6MGFyQTFAAAAAOBDCB9Rz4Z9BZr66m6t/Ow7b5fSIl8VluqJfUVam2OXvazS2+W0qTm3z9YLTy1qdghWM4eiIwVWq8ORYlckNG7XdtbC7axtuzmcjXTz5uIz8K54k0l/fXmxbpk+rVkhZLHNpjVr13mwMgAAAABAczDnIyRJe3NPatknedp9+KS3S2kTW74/q+3HquaDHN830NvltJl4k0kvPPWkCqzWqvnu0tNdLs5RIy3d8QIuzkLJDPMBLViY7HZdaTvSNfX6yW7v31CE0ahbpk9rtECLN+ZMdOd5uuOapHFNLsbTnGd8IQo1GDRzxnTNnDFd2RaLtqSk6iuzucn5N7ekbtWc2xu38wMAAAAA2h/h4wXOeqpEyz7N0/tfHvV2KW2uuLRSb2XbaxelGd7D39sltZkIo1FTr5+sqddPVrHNpvUfbHC5srKzQM1Zy3Rz583bkrq1VeGjVDW35ebU1EaLz7RnAOlqBGeig9GgrkQYjc1edRzOxURFKaY6UMwwm/XX5SuchpDFNpuyLRbFREW1Z4kAAAAAAAdou76A/e3zI/r1a7vPy+Cxrpyici0+YNPSQ6dVYK/wdjltrmZ02JzZs5zu4yhUc9Zy3RLZFkurzxVqcLz4THtyNhJUkuKHEyT6ipoRwK7asW3M+wgAAAAAPoGRjxegjw8e17JP8mQ5dtrbpbSrHcdKtONYia4fGKQpA4PUydsFuWFzSqq2pG6tN/rvlunTNHPG9Eb7XjM+SUtWrHT73K6CtpbYkpJaOzKtpWoWn2mr1ufmWr9ho8PthpCQC24U3cQpUyVVjeCMMBoVEzWoTVqZXZ0322LRkuUrlWOx1C4aE28apheeerLReUINBvUxGhuNlAUAAAAA+BbCxwtI5g/FWvZJnj77ptDbpXjVB3lnaluxE40B3i7HpQKr1e22Y1ctw44WqXHWcu1qrsLiYpueeMbx6tlp6TvbJJyaP/c+3XrHXa0+T3O99OprTp9ha1vKO7ICq7X6ubTtAk6Ozmuz2ZrVZl/gIniMvsDCYgAAAADwVYSPF4DiM2Va+mme1u343tul+IxjZyq0/JvTtSFkbNeO/Y9Csc2ml1ysDN1w1J6rluup1092OcovOmqQw7n2as7Z2hGCzhaf8ZQCq1VLVqx0OhLUEBJyQYePbam4DVuhXYXFRmNvhRoMbXYtAAAAAEDLdezEBU36+87vteyTPJ20l3m7FJ904KcyHfipWOP6BmrKwCB19ff9Zuw1695RhvmALqmegzDbYlHGfrPLYKfhStfOgj2jsXeT4WFiQoLThT7aovVacr74jLtcjYiru8K0rXphElfm3D7baZBVXNzyMK2lc2TabM2fLsHV/IdVbf3129xdjaJtj/PWlWE+oLvnPaD44SaFGgwqsFr11X6zy3NNSHK9yjgAAAAAoP10qqysbNteOviEtG9PaOmneTqYX+TtUhoZM3KAirt383YZjQR16aQpA4M0sV+gt0uptXrtulaPALw8YbQef+RhSdL6Dza4NS/knNmzGo32czT/pDO3TJ+mCeOTtCV1q77ab3Z6TExUlCIijJo6eVKjlaHTdqQ7bfGWHM8FuGBhcr35AlvL2fyajuYmdCQmKko3TJ5Ur4295lh3nmPdd7dgYXKdVmXnQg0Gvfv2GknSkuUrlGE+0CYLC9V93p46b4bZXC8cbglDSIhWLV/KyEcAAAAA8BGMfDzP5P5o17JP8rTZzCIMzXWmvFLvWOy1rdiX9vT3dkmtFh01SPPn3lf7s7uhnKP9mjP/ZM3+q9euc7lPzSrZ0YMGNQofW7L4THPqc8UQEqI5t892Ovelu3MTZlssjcLC5sxrWHdkobvH1H13bbEKuSOeOm9rGUJC9MLTTxI8AgAAAIAPIXw8T5RXVGrZJ3la+dl33i6lw8uzleu1r236eS9/TRkYpH4hXbxdUotcnjBa8+fe16GDmPlz79Pv5t4v22n3Wo2Nxt6tXv34mqRxmjljuiKMxladB+2rJmi/0FYlBwAAAABfR/h4Htiwr0DLPsnT0ZNnvV3KeWX38VLtPl6q/+gfqCkDg+Xfuf1rmDljuhLHJGhLSqq+MpudzrVYwxASosQxCZowPqnRSEKpajGXuitfH7VaWx3WeVKE0aip1092u/W8j9HY7PuJNw2TwWDQJSaTEsckEDp6UbzJpFXL3lDajnSlpae7Ner18oTRSkxIcDpKFQAAAADgXcz52IHtzT2pZZ/kaffhk94upVl8dc5HV3oEdNaUgUEa2yfA26Uo22KpbcfNzrEoJrpqpFeE0ehTwVmxzaYcN1tzfa12+I6681zW/b4bDAZGOQIAAABAB0D42AFZT5Vo2ad5ev/Lo94upUU6YvhYY0g3P00ZGKS4bgwaBgAAAAAAaArhYwfzt8+PaNmneSopq/B2KS3WkcPHGldGBGjKwCCFB3qhFxsAAAAAAKCDYPhWB/HxgeNa9mmeLMfcW3gDnvVZQYnSrCW6YWCQfjUgyNvlAAAAAAAA+CTCRx+X+UOxln2Sp8++KfR2KWigvFJ6N/eM0o6V6oaBQRrVy9/bJQEAAAAAAPgU2q59VPGZMi39NE/rdnzv7VLa3PnQdu3IJeH+umFgkCJDu3i7FAAAAAAAAJ/AhHU+6ujOR3Xixzxvl4Fm+OmMTSlZK7xdBgAAAAAAgM8gfPRRF4UUa37If+qFUSky9aU73pd19Zcu75quiNO3ylCxx9vlAAAAAAAA+AxSLR83omSlRhhX6t99ntCbh+J04nSZt0tCHSO75cqv+GmVnzrp1TqKbTblWA7X2xZvGualagAAAAAAAKoQPnYQ/1HxmMZdPEBv2R/ROwe7erucC15c2Cn1KvtflZzcLm9Nmro9fac2p6YqO8eiAqvV4T6hBoPih5sUbzIpMWG0IozGep8vWJjcZvW88NQiSVK2xaIly1e63Hfq5ElKHJPg8LMly1cou0GQ6khM1CDNuX222/u3xAtPLXLrftxVU3ONlj7/S4abFGE0Kt40rNE7BQAAAADAlxA+diDBZd/pdv/fKenn/6HVx2/W557JW+BC3+ByRft9pNKi1SrxUg1pO9K1ZMVKp4FjXcU2m9J2pFcds3yFpk6eVC/8yjCb27w+m83W5HkLrFbFDzcp1GBo9Fm2xaIM8wE3rlTZzP1bxp37cV/9qLql5617XLzJpJkzpineZGpVZQAAAAAAeAJzPnZA0aX/1mPdbtbjI9MV1dPf2+VcEAK7SAndMjTAfrNKi1Z7rY4lK1bqiWeedSt4dCTbYmnjilqmwGrV+g82eLuM80KG2awFC5O1OSXV26UAAAAAANAI4WMHdkXZq1ra///prvh8+XfhVXrKJV2P6rLOD6ry5NNereOlV187rwK79zZsbHGIisZeevU1pe1I93YZAAAAAADUQ9v1eeDGTg9q3KXxWnNqrjZ+E+Ttcs4bMaF29a1cq5JTm1Xu5Vo2p6S6NbLNaOytUIOh0eIzzrz79hrlWCxO5x40GntrQlJSvW0FVqu2pG51es54k0mrlr1R2x7uTLHNpiUrVuqxh/9Qb/sLTz2pDLNZm1NSHV7HaOytv7682GHL9rkahtW2IW9OTZXVeszhfrdMn9bkPblzP3WvVyPbYtH29J1Oa5Safv6GkBDFREfV/txUe/mSFSudzqUJAAAAAIA3ED6eJ3qWZmhu8GyN//l0rfphivbmV3i7pA6rV2ClhgR+qtJTS7w2r2NdxTab3nAR4hmNvTVz+nRNGF8/JFz/wQaX4Z9UvSCNi7kC+xiNmjljeqPtrsJHSYowGuuFZs6k7UhXhtncqIZ4k0lf7Xc8H2Ifo9Fl8ChJM2dMrz1nhtnsNHyse29fudivqfupmnex8XOaOGWqyzqbev4x0VF64akna38uttm0ZPkKp8+/wGpVtsWimKimnz0AAAAAAO2BXt3zjKl0nZ7vNUMPXmqWMYxsublGdftG0WdnqPTUEm+XUmv9BxtUbLM5/Cw6apD++vLiRsGjJLfCP1/w4iuvebsESVWhpq8LNRg0f+59Mhp7O93H5uS7AgAAAACAN5BOnaeuqXhG4wZ301tn/6Q1B3p5uxyfZ+r6o7qd/atKT7b96s+t5WqU4fy59zU5CtATXnhqkQwGQ5uMsCuwWrV67TqHIwfdERMVpaNWq9NRiy3RsN25pdryOdV1icnk9HtRXEz4CAAAAADwHYSP5zG/8pP6T7+5Svr5WK0unK2tObzuhgaGlGhg5/dUcupfKvV2MQ4UWK1OF2W5PGG0y1ArwmjULdOnKcJoVJ+IqlF9hjYKKl21CrfEexs2asL4JEW0YPThnNtna87ts1tdQ9325rbS1s+phqvnFBra/mE0AAAAAADOkEZdAAaUbtMjYdt09cjb9bfvrtE31jJvl+R1Yf6SKSRd5ScX+8S8js64Wr04McH1wiIRTuZr9EXFNptWr12n+XPv83YpHUKG2fkI3WjmewQAAAAA+BDCxwvI6LLlGt13ud7vu0grvx6s0yXeXsPZOy7rlquA4qdVfvKkt0tpkrO5HiXVjmb0pALrMa1Z947LfRyt9NwUo7F3ozbpLalbNWF8UpuPFow3mZpcJbq1MswHmnxO1ySNa9HIzoYKrFan93NN0jivtOEDAAAAAOAM4eMFaIqS9UtTlN6yPaT1h8K8XU67iQsrUq+ylSo5uV0dZS3wbIvF6Weeaumtq2Y+RldumT6t2bXMnD5dS5avkO306Xrblyxfqb+8/Odm1+ltGWazy9GIUlVI29rwMdti0UtOFugxhIR0mJGuAAAAAIALB+HjBapbuUV3B83R+JGTtco6XTu/83ZFntM3uFzRfh+ptGi1T7dYO3K+rlzcJ8KoqddPbjRaMNti0foPNmjq9ZO9VJlvybEc1oKFyZJct1objb31+CMPt8nISgAAAAAA2lJnbxcA7xpStkFPhd+shSN2q1/38yuLDuwiJXTL0AD7zSotWu3tctDAzBnTZTT2brR9zbp3XLabX0iKbTaXoyqNxt66Zfo0/fXlxW2+ojYAAAAAAG2B8BGSpF9WLtabkdP1X8O+93YpbeKSrkd1WeeHVHnyaW+X4jHnQ0C3wMECM8U2m5YsX+GFajqe07bT6tSpE/M8AgAAAAB81vk11A2tVKmb/BYo6bKRWnPybm3KDvJ2Qc0WE2pX38p1Kjm1Sef7cjo5FovH532MNw3TC0896cHzm3R5wmhtT99Zb/uW1K3tMqdlW7ll+jSvzLdYs0p4cXGx5tw+u92vDwAAAABAUxj5iEb6lO/R/NDZev6yf2tYn47xFekZWKkrun6insX/pRLbJm+X02ZcBXDZOc4Xo+lIfnf7bBlCQhptb2oBlwtBTVv1LdOnaerkSQ6fkySt37BRBVZrO1cHAAAAAEDTOkayBK+4tPwtvRwxQ/PiD6p7cBdvl+PUqG7fKObsDJWeWuLtUtqcq3n80hqMFnRkS+pWZZgP1P7lavVsb4kwGllgxok+RqNmzpiumTOma87ts/X4woed7tvUquQAAAAAAHgDbddo0q86PaVxQ3rprTOP6e+Z4d4up5apa6G6nf2LSk+evyPkYqKdh481C5G4Gh354iuvNtq26f31ra6rwGpVgfWYJCk6alCr5xycOWO6Nqemylp9zvNFWz+neJNJ8aZhyjAfaPTZltStmnr9ZBaeAQAAAAD4FEY+wi0hlcd1R+B/643LVuiKSO/OpjgwpES/CP27Qk7drdKz52/wKFWNCow3DXP6+ZLlK72y8MzmlFQtWPioFix8VL+56RZNnDK11SPvHC0+09E5ek6tbSd3NbfkkuUrW3VuAAAAAADaGuEjmiW6PFWPd79Vj434TIPC27cVO8xfurxbuvqcvlUlxf9q12t70zVJSU4/y7ZYdPe8BxwGWh1tNeyaxWfgWs3oR0dqRsMCAAAAAOAraLtGi/yicol+MWCJ/nHRU1r5dZTKyis9er3LuuUpoPgplZ886dHr+KIJ45O0fsMG5VgOO/y8wGrVgoXJijAaFWE0qk+EUUcLrG4vQOIqpLTZTjdq8bXZbI1Wp24rv7t9tjL2m2U7fbrNztkeC7FYjx1r9JwKrFZtSd3qketNnTzZYeu1JK1e+45eeKrjrBQOAAAAADi/ET6iVX7bZaHGxf9Ma4p/r//7NrTNzx8XVqReZf+rkpNpqmjzs3ccjz/ysH43936XoVzV/IJWZbg58K3AatWade/oq/3OD8i2WLRg4aPNqrUmdEvbke50nyXLV8pgMGjmjGn15qysWXxmzbp3mnXNhtJ2pGv9ho2SXK+aPXHKVEUYjUpMGK05t892uI87z2lzSqo2p6Q2u84nnnlWBQXOw9Ecy2EtWJisObfPqp3LcfXadS7D3wyzWXfPe0AGg0EvPLWo2TUBAAAAANCWCB/Rar0qvtG8kLs0/tKpWlVwo/Z93/pz9g0uV7TfJpUWrVJJ60/X4UUYjXrh6Se14JFH22xUYIHV2qLAzJ3zNjX/Y82q21/tH9ZowZyZM6YrLT3d6UhPd2RbLG63HxdYrS5XAffUc5LkMqCVqkalZpjNstUZnZphNje5arkvrmoOAAAAALgwET6izQyvWK8Xeq/X5t6/15vZo3SsuPkL0wR2lkaEZajy5NMq9UCNHVlMVJReePpJvfjKq60K5jqC390+WwsWJnu7DAAAfEZRUZHsdrsqKz071Q0AAB1Vp06dFBwcrLCwMG+XggYIH9HmJugl/TI6QG+XPqO3vu7j9nGXdDsqw+nFKjuZ68HqOraYqCj99eXF1W3FG5zO+9eQ0dhbVyQkaOr1k2u3RRiNniqz1eJNJl2TNM5jcyYCANCRFBUVqbKyUr169VLnzqwXCQCAIxUVFSouLlZRUREBpI/pVMkfn/qk07vvVemRDd4uo9XyOiVozU93aevhwNptY0YOUHH3brU/x4Ta1bdynUpsm7xRYpvqERKpaZe90W7XK7bZlLH/XBuuzWbTUau1dn7AmKgoxURHtWvQWGyzKcfNtt+aRXIAAIBzVquV4BEAADdUVFTo+PHjMvLfmT6FkY/wqIGV6XqkW7rGj/hP/S3/Wn177NyyMT0DKzUk8FOVnVrCvI4tFGowKHFMghLHJHi7lFqhBkOjeRwBAEDLVVZWEjwCAOCGzp07M0WJDyJ8RLtIqPybEi76m9ZH/FFfVl6kUd2+UaeTf1TZWW9XBgAAAAAAAE/hj1DRrv7foP2aO+KsLgnd5+1SAAAAAAAA4GGMfES76BI+UkFx8+RnHKsYSTG6WD8zjtfu3NU6XLjD2+UBAAAAAADAAwgf4VGdAnspKO5+BUTd0uizXoYYXTv0ceUc/0y78tboxGlWuQYAAAAAADifED7CYwJj71Rg3Dx18jO43C+615WK7nWl9h55R7vz1qi8orSdKgQAAAAAAIAnET6izfn3najAuPvVpdvFzTru0v7Tqlux1+jrgo88VB0AAAAAAADaC+Ej2kyXrnEKjLtf/hdd2+JzGAJ66arB8zTYmKTdeWv0/cmMNqwQAAAAAAAA7YnwEa3WqUuwAuPuV+Dgu9rsnBd1i9f1w59XZsEm7cpbLdvZ42127o5u4pSpbu0XExWlv7z8Z7f2Xb12ndase8ftGja9v96t/bItFi1ZvtLt89aIiY5ShNGoeNMwxURFOd1vc0qqtqRudeuc1ySN04TxSS2qreGxDXninQAAAAAAcD4gfESrBAy6WUEX369Ogb09cv64iIlVoyBz12jvEffDMVSFawVWqyKMRq/VYLPZlGE2N/u4usdEGI2aOWO6rkka12i/AqvV7fPHm4a1uLaGx7aUL7wTAAAAAADaU2dvF4COyc94pULHvqvgEU97LHis0aWTvxIG/ZemXbZUMb2u9Oi1zjdpO9K9XUKrFVitevGVV7VgYbKKbTZvl9Nq58M7AQAAAADAXYSPaJbOREoqAAAgAElEQVTOhoEKHrlYhsQ16hL+83a9do+QgbombqGuHfq4eoXGtuu1O6r1Gza6tZ+7I/EMISFtNgqwuTLMZr306mteuXZbjlR0t00cAAAAAIDzQafKyspKbxeBxk7vvlelRzZ4u4x6AuPmKShunqRO3i5FkpSR/y/tzlujkvLT3i6lVo+QSE277A2PXyfbYtHd8x5wa9+/vPxnl/Mm1pVhNmvBwmSHn02dPElzbp/tdo2SVGyzKcdiUXaORUtWOJ5f0WjsrT7V4d5Rq1VW6zGX53zs4T8ocUxCvWssWb7Caag3Z/YsTb1+stPztdU9e+qdAABQUFCgiIgIb5cBAECHwO9N38Ocj2iS/4CpCoq7X50Nkd4upZ74fr/Wz4zjtStvjQ784FtBradtSUlt1r4xzQwNHTEYDM0+JtRgULzJ5HKfCUlJmjljeu3PBVarHn/6GeVYDjvcf3Nqar3wMdRgcDkyMSa65SFfc+7ZG+/EkQKrVQUNAlyDIYSwEwAAAADgFbRdw6ku4ZfJkLhaISNf9rngsUaQfzddGXOPpl6yWAN6jPR2Oe0mLX1no22XJ4x2e19fFmE06vFHHnb6+XYfvR9feSebU1K1YOGj9f5asnyFx64HAAAAAIArhI9opFNgTwVf8qRCx66Xn3Gst8txS0TYxfrVsKeU9LMH1TWor7fL8aiaFZMbmpCU5DDsKrBalW2xtEdpbSbCaFR01CCnnzu6f2+6EN4JAAAAAAAtQfiIegJj71DYNZ8pIGqmt0tpkZ8Zk3TTz/9XPx94i7dL8RhH7b2GkBAljklQYkKCgyOk9R90vLb0UBctz74WPl4o7wQAAAAAgOZizkdIkvz7TlRg3Dx16TbU26W0iZ8PvKV6PsjV+tbq/lx8HYGjlt344VXzKl4y3PH8ir7aqtxS0T42fyHvBAAAAAAAxwgfL3BdusYpMO5++V90rbdLaXNdg/pq/M8e1M96j9fuvNUqKMr0dkmt5qy9t2Z0XU27csPFWoptNqXtSK+3UIuvyzAfcPqZq1GRDW1J3eryXK0dRXkhvRMAAAAAAJqL8PEC1alLsALj7lfg4Lu8XYrHDegxUgN6jNSBHzZoV94anSk96e2SWixtR7rD7XUDrEtMJocrRaeld5yga/XadU4/c7aIizObm7EKdUs4W+W6Pd7J5pRUWY/VX9naUdBaYD2mNeveabT9lunTWnxtAAAAAADcQfh4AQoYdLOC4u5Xp6De3i6lXQ3rO1mDjVWjIDPy13u7nBZx1KobHTWo3kjAa8Ynaf2GjW4d60uKbTblWA5rS2qqy8BwQlJSO1bVNEdhX3u9ky2pqS5HddYosFodBrqEjwAAAAAATyN8vID49f6FguLuV5eeP/d2KV4T0CVEiVF3Vbdir9Hhwh3eLsltzlZIbhjGxURFyRASItvp0/W2F9ts2pySqgnjfSu8W7PuHYej8hyJNw3zqdGb5+s7AQAAAACgrbDa9QWgc8gABY/8swxXvHVBB4919QqN1bVDH9c1cY+oR8hAb5fjFndarl1tk6rafDuq6KhBeuyRh71dRj0X+jsBAAAAAKApjHw8zwXGzVVQ3P2SOnm7FJ8U02usYnqN1d4j72hX7mpVVJZ5uySntqRudbj9xVdea7TN2SIq29N3qthma9aCLb7gmqRxmnP77BbVPWf2LMVEO18dOzvHoiUrVraorgv5nQAAAAAA4A7Cx/OU/4CpCoqbp86GQd4upUO4tP80De6dpN15a5RZsMnb5TTirL1XkjLM5madK21Heodo8zWEhChxTIImjE9SvMnU4vPEREe16nhnfOGdXJPU+NlkmM2N5oE0Gnv73FyZAAAAAIALA+HjeaZL+GUKipsnP+NV3i6lwwkN7K1fDr5fP6telOb7k/u9XVItZ+29LTpXum+Fj/GmYfUCtEuGm2QwGBQT5Xy0oi/whXfi6JjVa9c1Ch/7GI2aOWN6i+sDAAAAAKClCB/PE50Ceyoo7n4FRM30dikd3kXd4nX98Bf0dcFH2p27RraS494uyWl7b0tsT9+pAqtVEUZjm5xvwcJHZbOdlqG6bTgmOkpzZs9y+/h4k6lDBmO+/E4AAAAAAPAVhI/ngcDYOxQYd786+TFnXFu6OOLa6lWxV2vvkb97rQ5X7b23TJ/m9DhH7bc10naka+r1k9ukPkn16sswm5sVPnZEHeGdAAAAAADgCwgfOzD/vhMUGHe/unQb6u1SzltdOvsrYdAsDTaO1+68Nco5/lm71+Csvddo7O1yxGC2xaK75z3g8LMtqVsJulrB2TuJjhrEOwEAAAAAoA7Cxw6oS9chCoy7X/4XXeftUi4Y4SGRmhC3UIcLt2t37hodt2W327XXb9jocPsVCQkuj3M1Z2K2xdLsNl/rsWONRu3ZbDanI/k6iuJiW7OPcfZOLmliYZu2ficAAAAAAPi6TpWVlZXeLgKNnd59r0qPbKi3rVOXYAXGzVPg4Dleqgo1vsr/l3bnrVZpub3e9h4hkZp22Rttco0FC5NVYLWqwGp1+HlMVJQMBoPm3D6rUai1ZPkKZVsON7nqcqjBoOefWqTsHIu2pG5VjsWiYlvzw7iGNr2/XlJVe/L6DRuVtiPd6X3UvRdJeuGpRW5fZ3NKqrakbnV5n6EGg6Kjoho9p5pjm7rneJNJ1ySN04TxSe36Tlq64I6j+jrCAj4AAOcKCgoUERHh7TIAAOgQ+L3pexj52EEEDLpZQXHz1CmIUVG+4JJ+v9bPjEnanbdGB35wPAqutZoKqWrmHLQ5CM6yLRa3RiQW22yy2WwqsFqbvF5LFFitWv/Bhib3czZ/ojvnb6ruYptNGWZzo+fk7j1nmM2KNw2r/XtX2vKdtFSE0cjoSQAAAACAzyB89HF+vX+hwLh58us5ytuloIFg/+66MuZe/az3eO3KW60jP33p7ZIAAAAAAAB8CuGjDwu+7M8KGPgbb5eBJkR0vViTTE/rG2uKV1fFBgAAAAAA8DXM+eirKsqkzmTDAAAAFzrmrgIAwH383vQ9nb1dAJwgeAQAAAAAAEAHR/gIAAAAAAAAwCMIHwEAAAAAAAB4BOEjAAAAAAAAAI8gfAQAAAAAAADgEYSPAAAAAAAAADyC8BEAAAAAAACARxA+AgAAAAAAAPAIwkcAAAAAAAAAHkH4CAAAAAAAAMAjCB8BAAAAAAAAeAThIwAAAAAAAACPIHwEAAAAAAAA4BGEjwAAAAAAAAA8gvARAAAAAAAAgEcQPgIAAAAAAADwCMJHAAAAAAAAAB5B+AgAAAAAAADAIwgfAQAAAAAAAHgE4SMAAAAAAAAAjyB8BAAAAAAAAOARhI8AAAAAAAAAPILwEQAAAAAAAIBHED4CAAAAAAAA8AjCRwAAAAAAAAAeQfgIAAAAAAAAwCMIHwEAAAAAAAB4BOEjAAAAAAAAAI8gfAQAAAAAAADgEYSPAAAAAAAAADyC8BEAAAAAAACARxA+AgAAAAAAAPAIwkcAAAAAAAAAHkH4CAAAAAAAAMAjCB8BAAAAAAAAeAThIwAAAAAAAACPIHwEAAAAAAAA4BGEjwAAAAAAAAA8gvARAAAAAAAAgEcQPgIAAAAAAADwCMJHAAAAAAAAAB5B+AgAAAAAAADAIwgfAQAAAAAAAHgE4SMAAAAAAAAAjyB8BAAAAAAAAOARhI8AAAAAAAAAPILwEQAAAAAAAIBHED4CAAAAAAAA8AjCRwAAAAAAAAAeQfgIAAAAAAAAwCMIHwEAAAAAAAB4hJ+3CwAAAAAAdGBnflLekUKV1G4IUGjf/upj8GJNF6jiH3J01FZnQ1C4BvbvrgAvnQcAJMJHAAAAADh/2AqU94OtThBYJaBrhAYanaWBpSr+4bv6YZMkGSIU27fpBLHkyMd67vdvKat2S3dd/8fFumdk92aV3hGU/HhEeScaPl0nuhjUp1+EQluZ2DUKAiXJEKGBfQ31w8Dyn/TVO3/Un7bW2Xn4nVr26HUaGNSMC7bVeQCgGuGjL6ook91mV1lRgbKsRQozxqpfrzAFd8A/ZrJ+/KJe/LifZj07Q3ENPzSv0oNrzuiGhXcqMaz11yqz5+vwIauKJIUZ4zSoT7D8PDKxgFmrHlylE9f9QXPHhdf+fGZqsu683NGNlMleZJcCa96hVSkvvqhtMffoiamRkqqf0xexuuexGxTZkpLK7Mq3ZMpqk4LDIxXbP9xD9w4AAABfdiLzfT34pw91osH2PpMe1euzRiq0i4ODygv1+Yo/aPGu0nqbQ8c9pOX/PUY9HB1zQbIpe9NzmvfOEfd2N4zRH15+SOOMrbikoyBQknperUUv3KPRPVtxbgBoJ4SPvuj4p3r9xU2y1t3WOUyxk+/SnVe05jeXl1TkK98qxTkqveKU7HZJrQwfrVtf0csf5qvML1hhXewqOivJL1I3/P4eJXroF3J+/veSwmt/PmVzciPW6vcZf6uev8VUu9luK6q/n+2UGmxxz9EUvfLqJuVX+CnMIBUVlUlhl+rW+TNkCm7JCesr+3aT3viwVJPum9SyYBQAAAA+olR5Hy7SHUv2V/3YZYjuXLxIv+nfurMG9L9aDz1h0LKXlmrnqdZXCTf8uFtffPuTRvesM7q0S3ddMi1Zfwhbqmc/yGn5uavP88fuS/Wn9a04DwBUI3z0YcYJ8zX/aqNUUaS9b7+ote+v1MaoP2jSRd6uzMd8v1ErP8xX+Li5mnddv6ovdYlV5oN2xfjCnwT2ulQ33BSuMmNM25+7JFNr39ikfON4zb13ovr5SWXfb9Lrr6Zo1apIJd+V2NpcV4W5+5V7xNiyYBQAAADtqkfcFD35xAC9/dJSfXFKkvw14qaHdMe4OIXKpoM5353buTxHB3IKNTkyXL+Y+YDyjj+ndy01xzygO8YObzzqscSmo0VSn5512rGDumtgdH8NMKjp8LHcphO2APXo6u96P9tPOqHu6uHuvJHlpTrxo02Gnt0V0KXB9lNSjx5NXK/6mkfLDerTVG3VBo6dolHlO/TuFwVVGwKide2vhuhoyofa5+Q5FJ/4STJ0d78Vu0t3XXLjQ7rT/pyW7qg7+vEnpe/I1IlR9UemhvaN1sUDeihAatR671ipiq02BTR4bqF9oxVzkYPzlJfqxKkS9XDzxRRbC1TaNUI9mmjXLrYe0dFTJZIC1LN//yb3B9CxED52BJ3DdOnYUdqYsU3Zhwqli8KlskKZP9mm/cftCosaq6tG9VNYZ0knc7VtV74ixyYqMkBSiVWZB/NlD4vUpTFVo/SK8vYq63Q/DY8zyk9lKvw2TWl78lUUFqOxY0erX3VaVZZnVqYhTqYeduVnfq38oghdnBCpsIoi5Wfs1K5Mq9RruMb+0qTwut+konztTd+l/ECTBtnL1OTXrKxQWZ+ladcpY+31y6xZSjtUJNMVlyq8pn34RJb25pap39A4Gev+si4sVKEkU99+564UYJRpRJ19SgqVm5WlrEPZsgb006gxiYrtWb33yVztzfdT3NAI2b/9UnvNVvnHJ2psTHidE1Q/J3Op+o30V5mzW/kxS1/uNcsaNqr2nRQdyVWRgmUMa94wxKIjO/Xp59kqCjQqxjRcl8UYG7VSF+1K0V5bsEbfVBU8SpLfRRM1dmiK1h7MVb4Sq9rdq99J5nHJaBqrq0zh1c+qTNbM/ToVcali/fKVuW+vMs/206grLlW/4KrvSub3dklFytq3V6VBNd+bqntN27FL+UVhivnFVRrdv/qLU5Ir8zdhijOFy34kU1/nn1JE3GhFdmvW7QMAAKAlDBGKHXqZrhzqry92lEoqVbF6VM33aDukg4d+qrNzqb7LtapEEQrtYVBpTbbVJVqjx4xUbN/qEK7cprxd7+nN1f/UF7Udx/6KnfBfuvem63Rxj6aKKtWJgx/rzdVv6aOD5wK0HkOv1m+nXKeJo6Kr2sFP5Wjr+2/rzX/u0dGanYKiNW76TbrtupHqE1SqvK3/q2WfHKkOxAJk6B+nwSW79c/Nh1Rc9QA04sZ7dc84g3a9s1RLt9UU3F1XzH5A/33tcPWo+98SZwq088O39bd125R1pub++2vczDt1168a7FtPd4345XW63nZCm74oqLp2z+Ea9x9jlZf1ofbtP7dn8ZE92vDOm3pzW5127f5jNGPmzbpxVH/HrfB1hHaVfjzScNJH6cTOT7Xvx5EaZ2wiLC236ev1S/X2vhO1z61H/ziFn/hUG744UhsuDhx3px6YdZ0u7urgHAV79O7ij5W6I6d6f39dPPUBPfDbMRpYL4cs1dE9/9baf/6j3ruW/NVnxFUa98urNWXskPqhdrlNB99/UskbCyRF6DfPvKQ7h7JaEXA+IXzsKAL8VfsrxW7WqudXydw5UqbBwcp8/xVt2z5R8+8bL2PnfO3f/J6yuo/WrJ/7SVkpWvn2XqnbWIUvnKRIFWrnv9ZqU/gMXRpnlPXj1/Xix6cUOTRWYZZNeuWz7Zr4wFyNN5Ypa8c/tOrLSF1qytXeDLs06AYlJxhlfvtFrToYprj4ftK+t/XsF8M16+EZigtQVQvwy5uU7x+msKC9Sjtpl+SqVdyqTa8+Kz9DmPztRdr72S7d8PA9SlSudm7YpKzg4VX3ISn387Vau/ti3Tkirv4ZBwxSP5llfn+pNvrdoGuHNgzpMrX2jyu11z9Mxr7h0g97tfezvdX3Kem7T7V2VbbCwkpVZPevatvevkvWO57QjYMlyS7zmme1KqNUwd2CtffLIoejAIu2v6E/brbL3yDZbWna9X3VnI75e97TP7bbVdag7doV69ZX9OKHBTLGDVe/kkylrtol6+8aj3rNteRKMimmwaDKuKtnaVZSv6rg0W7Wqj+vUqYhTsP7S3vfflbb4mcpeXqc/FSo/RvXapNto8LsRbIbgqWibUr7xq7kuxOVv2ejPv22SJK/srZt1P7g8YqMMyr8aIpef3mTTvU3KbZrrjb9zyJtnzhfc8cZVZazS/9YtVORl5mU+6VZdkXqhuTRtGwDAAC0l4BwDYgeIO2oapnNO3RIR0ui1ed4pvY1mK4w72COjp4ZroEncvTtj9Ub+w/X0F7ngsevP1isB9/c02AkXamyNi/Vgyf89fqDV2ugs1rKbcr6cLEeWranOhw858TBj7X0iDTg1Xs0wrZNf35isbZaG+x0Jkdb33xSuzLv0eL7L5fth/3aWfcm9u3RF/UOsGnfP5/THf9sWMhP+mLFc5LhJf1hfETVQi1njuij15O1eNtP9XctP6Ktb/5RR8tf0vM3RtdZ1MWgi296Te+Oq1oAJrRvuLSnwWX8B+jKOS9p6JkA9ewfobP739T9T76vvIblHNmhtc/s0dczFyl56hCXAWRx7p7a0Ddg5I2aXP6+3t1XKtn26LMDhbrCGNHEKtSlKszdo5376oSB+xoWLuVtXapH7f56/fdXq0/DE1r36KN676ZUX69/TovK/6TFtw2vqr/cpqz/W6yHVjR+11Kpju77WGsLDBoxcoh6OAo4AZy3WJKiQ7DL/HGaChWumCHhyk/dKLMtVjfOv0e3Tp+l+beOVvD3m7RxX5kU1k+R3aTc3MOSJOuRXCkmVpEnrSookVSRq/zvpciYWKlkrzZ+nK9+v5qne26doVvvvVVjw/K17bMsSX6KG5uo8IpM7T2eqLlPP6/n705U2Pcp2pghjb51vmZNn6FZ992gONtepewqklSmvR9tUn7gaM16IlnJC5/QvKvDXd2YpGCZpj+hp5OT9cRDk9SvIlfbPs+XjLGK6yZlmvdXjzK0KutQkTQ4TrENT9FtrGbdlijj2SxtW/WiHnl0kV5fv1eFtcMT4/Tbx57W84uSNf/uezR//iT1q8iX+UBhvWfcdcQsJT/5hJKTb1Sc7DqcW/3b9fsUbcywq9/kh/XEwmQlPzFDjiJEe9ilmpX8tJ547GFN6i/Zs7NklRQ39Z6qkPNogRr+u5Rjhdr/Vb7U8yrdOmuGZtx6j/6wyHG7fWlF1f/6N/gnOfiiOMVVj0TMT90oc8Vo3frALM2YPkvzfh0n+5cp2lkvQe2niQue1tPJT+iuK8Okw1nKlRQ3NVl3XWWUdJGuvS9ZyXckKrzmPV80SfPuvVUzbr1Ht14RpvxPtilLkl/cWCX2lDL3nVDivKf1/PP3tMmCQgAAAHCXv/oMGaI+1T+VHM7RUVupbD8c0XflDXbN3a+sE/U/6zEkTn2q216LD72n/6kNHg26eMKNuu3GsbVhY8lX27TPWipnig+9p8V1gsfQoVdrxk1TNLruaILSAn3x9tJzwWPPkbr+pps1Y2z0ufPseEvv7jutPkOv1rVDG6yi3WO4rp92o8ZFNbi4caR+M22Krqid09KmXV98qaMlUk14+npN8BgQrXE33qwZE4bUBnlff/6l8hoPOFRo32jFxkarj8HBiMMu/urRP1qxsf3Vw5ahtUvPBY+hQ6/WjJk36tohNceVat8//qHPf3D+/FRu08EdO6pHgho06sqrdO3Y+OoaS7Vrx34VNtVf3cWgAWNu0LioBqMJAyJ08dAh9VawLt7xvj7KcnDTktR3pH4z7UZdG3vuvvN2bNfB6hbz4qz3tLhO8Nhj5HW67bbbdFudZwrgwsTIRx9m/fQNLUqX7EVFKqvwU7/r7tGkiwqV8vdCyThKg2q6eOPiFKOdyrYcli6L1aBIadt3uSrUIB0+UqhI00RFfP+e8nKl0cpWtsKVGBMmZWUqs0KKLMzS3n1VpyoLk+zf5apQsQrv7Cc/Saarz7X0Fh7KVqH8dLpgr/aekaQiySDlfpcvScrMlGSKU1xNGNa5qa9YmPpdVH0j3eJkMm7Uph+tki7V8PgwbftivzIrLpXJlqVMqxT3y0ZrZledZegNmv/keOXvStF7H+9U7va1evabXN15/w2KDZD8Au3KP5il/KJS+QcWyk+Svbxu87RRpoTYqtb1gJB6/2BU3bNRE4dUJ2idHbc1GE2jFRtWdU/h4dK5XpHmClfc4HBt+jRFb/yPXVdNHKvEweEO/2FtGDo2VqjMbwulgNOyZuyVXZKKpGDlKvc7KXFo9W4xozW6ug09OLip9vCsqvfcv1BZ+/ZWbSrrKtnzlfujFNtT8usiyTReEy/i/2IAAAC8IXRAvC7u+qGOnpL0Y6YO/lCogMzM2mAooItUUi7pTKa+zilQn5yaz/w1eHB/GbqoaqXlzR8rq/qYPpPu12OzRqrHT3t0dOs25f0oqbz6L0fKbTq47dzxASPu1OKHr9NA/5/0xQ8fa6e1KuQqO/6lPtpVE3hFa8ZD9+u2IQapZIzCbQ/o9T2lkn5S+p483TZniu4JLVXW79+qPm9/zXjwId021KATg3/Svic/rlrpu8sQ3fnIQ/pNlHQ04oh2vVoVoJYcL5SttOq+U/+9vzZUHfffD+qBsREq2V+sLzYfqg4Mz8pFLNikowe26fOaQNV4nR568E6N7iFpbIzO/v45bT0l6UyGdn5bqGv7Rzg+iS1Hu/ZUzylpGK4r4yLUp3yMRgTs0c4SqeTLbdppvUrX93fVeu2vgWNu1F3+hdpXsxJ60Ejd/9JDura/v0pyP9SiB5dq5xlJOqJ9WSdUMrRBPT3G6o9/uldXGP1VPFI6+OA/q57RT1YV2kqlriU6uLX+u37+wes0MEgqPnhCH20+VP8/j2w5Wrvw93rT0rDWAr378C16t7ru0fe8puQJTY3sBODrSAZ8WNjgqzQpPkwKCFdkVD+FB/tJssrZhIN2e9UkJZFRkVJGvnIrDisvN1gRVw7XwMi12n6kUIXKlz04VjF9JB2v+lWav2+jNpprr6qwuH5yNl6xrLxUUpEyt21Ubk3w5RemyL7hkqy1I/FapdiuIkmRcRcr+LP9ysyWTGezlKtI3TDExVe2c5j6JdygexImKX/z63rl4zRt2jVesZfblfLqi9pkNSouvp+CVagiuf/lr7rn9tXvV3N1T9d/6B+b07RxWZo29hytWffdqLgGuWBQcLCkMp2umpvZgbKq70tRpj79v9zarX7dItWvV0urK6t6z9/v1cb/OzeZTVi3i9Wvyfl+AAAA0C7C+mvoYH9t3VMq6Yi+PnhIOljdu9tzrG4aW6A31x+SZNO+/fvV54fqgEsRiokMrfpXy1PZ2negpiXZoJiIUu378C199uE/9UVti/YQDXa2mEtpgbK/PdfSPHTM8OoRld11ybQ/6fVJpVKX7gr64Z/Kqhm913e4RvStHqEXEKGhQwdIe6rax0/kHtGPpSNVb/yeob8ie1Vt8TcYFFi7fYAGdK+qK7C7UQZVL5xSUqqz5VLxDxna9UP1vgH91UcWpb7ztjb8c1vtSMUeg8+NAG0+m47m5Jwb8TksXoNrWo27R2lE7bupmnezWBEKdXCWE4e267PqOgOGjtTFPf0VoDiNGuqvnftKpZL9+mJfga7t3795AV3fOMVWv7eAiOEaNVjaWf2v9ieOnVBJeYPwsX+cBlQvxBNgCFd4gJRX9UCrnuuZIzqYWfOu/TXiiuGteHYAzjeEjz4s+KI4XTqi4XyJ4QoLl/SDvWoUmySVnFaZpHBj1b5hMbEK107l7+unfHukLo/0U0RmmPLzc5VbkS/FjK1qXe4arjBJkVOSdesIuSW8e7ikMl11xx80sU/DT08pJFhSRQvDuopCnSiSgqOMVSs0x8QppvNOfZ2Zq6ySbMk4tnpkYcPj1GACAT/1G2GS8eN82e12KTNFm74P09h752vSQEkya9WXq9xsga4ZCViksrYIVt0WrMgrb9X8K8tUtPttvfj3ndq0I0lx4+rHwoOiIqX0TJkz7Br98zrJZEWRis6GKSy4+vtSfpXuemiiy9k33Rem8G6SBtyg5FsvbZMzAgAAoI0FRGjokHPBXdbObSqu/rPogMHDNWqkUanrq0b4Hd3zqT4/Vf3v8MbhGmqsCvNKztiqRk5Kkmz6YsVzDeZX7K/rZ/6qaoESR6s7l9hUVNvBa1CPrqG1AUeImHIAACAASURBVFlo3+jq6ZRKdTTnxLn5JINC681/GNqjzorLJaXOR1k2U+mpn87N415ySGtfeq7+Dj3H6q5fxzde7dtd5aWynTo382Gooc4c/l0CFdbdIKkqrCspLam6r4bXKrfp2z3bq0YqSirZ9br+87evN7rUvh37dfTq/vXap5vFP1RhXQ2Sql9WhXvrZNdTckJHawJpGdSnZ6jrMLRLgPoMG6kRoSWSSlT47SHlVS/4Exo5RLFdA6QuBsX0DGTUI3AeYM7HDsdPl42Ik07u0qf7quZZzE/ZpkyFy2Sqjpb6xCg2uEjZn5uVb4zUoAApckCklL9Lu76rnu9RkvrH6uJgyfzJJuXay1RmL1K+eZv2umgX9hscq34qVNrHe1VYUqYyW6Fy03cq0y5JsYobLOngNm06Ypf9+71K2dNUxFcme0mZVFGm/I83aac9XKNGVdfX2aTLTFJRdoq2ZdoVNiTWYXiW/+GzeuSpldq4L1eFRUUqKsrXzn9vk1XBGhRplPz9FawiWX8oksqKlPV/KcqUmgwT7faqeDdscJyMNfdsK1TWx2nKbuKu3GIrVKGt7jDWMyr80a6yijJl7d6p3JNVK4UH9+qqYEl+AY3/RNlvxFiNNkiZ/3xFa7/MV1FRoXL3bdTSpxZp0ZqdsstPFw/uJ/2Ypo++LFRZWZnsP+ZqZ3rmufDaoerRlPVqK1KRvUxSpGIHB1e95zy7ysrsKvrerG37nL/r/M2vaNGLr2vbEae7AAAAoE35q2fsENU0phQf2lO7mvPA6Gj1uShOQ3tWf2g9VPtZQHRcndWLnYVQBsWOvVl/fPlZ3TOqu5N9JHUJUEBtclQi25mzDs7o32Bao/qtziUlJeeOCfBvHNC1VLkct1QH9dcVU+/Ryy/dq3F9m1hFugn+dWo92zA0LT139QD/AMf39VOmvtj5k4MPGtj/qXa5mjeyKeVnVWQ7N8+j03pcKS2pauOXJAVKXZp4dkH9Ne6OR/Xck3/Sc08k646ra0ZaRmjinOTq7Q/ptpEuvl8AOgxGPnZAfpfN0Kzc17Xq7UV68G1JncMUO+WuOguSDFJMjJ92mvMVnPCrqsAuJlaxJ95TVkW4xsfUzF0Yp//P3v3HR1Ue+B7/ZCaZZBImTJgwgYFAQgL5AcEgKBoKbRSkokVRqlVaqq3b/WFve7vtbt22bu9uf3m97XVvb73b7drSpWLFolgqKILEQglGQSJIIJCQQEIgIYEhYzJkJmfm/jGT378hgYDf9+ulZM458zzPec7Jr2+e5zx3PZRH5dq3ePb7b4W2RTtZtDqPORP6uDXGLuKhe47wH3/6PU8d+H2oPWMzuTv1ZrDCrPtXM6diLW/9/Pu8ZbKRvngps3ZvpbzCy+3ObnOGx4xjXPSH7Pz5d9gJEOnk5oe/Eh6dGJJ54xysv93PEazcnNn7eslJtyzl5hOvUfjCs6FyACJtZN7z1+HVqhdx++T3ee3lH/CPL4Nt+lJuv7GRt05U4sVJzycc2oiPA0/DOVqZSqTzdlbf+SH/9vrveeoARDrz+PRCL68VV3KCWb2u4hxjtULdCU61grNHVzqZmmaDPa/x1A9O8aWnHiJzajo2UyGv/c/vc+qRrzPp3a288dKG9hn2tun38tlbexn2aUpn5ddW0vz/XmX/i/+H/QCmSMbNWMrjD90cOrcFD3Hvkf/g1Ref4jsvAkRiy7yblPn0cu5gjYsH6qirB1zgbG/bD3gtvGJ35mceIu/kWt76xfd5K1ync8GXyMt19vpF5XzdKTx1cKq3v4iLiIiIyIiIc01jegzhZ/m1SSI7I4kxNgtpKVHQ0DW0mjJtMuPCgaElJoEJ8UD4/ekrvs1XF+eQNjmuYzRabyP22kTFMS4xCk6EphcfO1JN06eSsHQ7fkxCAu2PTK+r5kwTZMUBho9zNR1/4E6YnITj8vLAjqYl2BkH4WnRSXz6a49z/42ZTGmbQn65IyzNcYxLHEfb6Mbz1XWcMwiN6vSf42RNW9gXxYRkZ6+j+84fe4eittGE5iTSs50dU7ONJk6UHA+Piixlx7tVfCZ12qWNEvRUU17V8XJcUsLQy4lJwNE+ePIcDec/grYJ8sM0WlVErl0KH0cj5+186+nb+znASuaKb/Hju7x4WsAaZyWy27TjOat/TJcJsbY8vvJUXs+SMu/lWz+8G2+Tl9ZIKzZrp1uij3Y4F3yFJ+d78XhbiYy2Ye38nck6i4e++2PubfKC1YY1Erjt9t7H2KbczRM/uBtoxesFq7Xn7RiZ/RDfuuccP3gziVlpvfdGpGMO9/7dHO4NtIbOg0isNmunm9vJoq/9mLwmD15T2znezu1tIx9nrebppzuXOJV7v/8093Y+5/yv86+3ePAGrNjiQiUvuqtt7yxWdy2A9Pv/hafv76j/9m89TeeeTF/xJE+v6LRh+r08+VSnGrOfZFFrH33cXcLNrP7uzbQ2efAGInveDyYneX/1JDd7PXhbu+/v2TbbrV/h6Vv7aRuANZN7v/Vj7m6rs1t/dy9z1ud/zL94YcC1bERERERk2FgSppE7Fd4t7bQxLpVsVxxYLF2mZYeEgsn2Hz3j08jOjGNTeGGYsnf2cGxuKsmJfs4cO8CO17dwMvMrPLE8FHr5u4dMliSyc6bBvlADzr/5W17ITuCLC5LxnzrAjj+9zrFpD/P3N3daHKdpH2/sLuWm5RlYqvew6e22Z1HGkZubGloIZ6h6eSzUmImzyZ24gZOnAWopevc4CzKmMcF8jvKSd3jjj/tIePjbPJIT1+O9Hfz4Gps6RmZerOXkseOMS0lmiiOKCRk5TOB4KFQ9uJ0dJbfySG4cZ/a9zhvtK7NkclP6uJ5h38VqinZ2TLlOWLCSr37hk2Q528JRN7v/7zf414JQuFm2czu7sxeTNS0Zn+Hrc8xqO3cVZdVuJkz8iA9efYE32qdMTyN3+iUs8BLjJHta273i5703d3F47kqyYmr54J19l74Wp4hcFyKCwWDwajdCpE+tJ3j1fz3Lkdlf54m7Jl3t1oiIiIhccbW1tSQl9bESrki/mij+7RN8e2OnZ99kPMKz/3oP6THwUfGvePz7r3cEQ/GL+Od/+wYLHB2Hf1Syjm//04b2VYx7cCzmu1+J49c/+WOPgCnrkf/LDxdU859P/M9O4VY3CYv456ceJW7bD/j2huN9HASWnEd45p+WYXnzSf7qt6Xd9trJSvdzuKyp2/YkslLPcbiiW/hoyeHxZ54g+/2nePzXB+nLmFse59lvLmZCb0lc3U7+9b8/w+7uVQJTHnyKZx7OYEzTcV7+yRP86mDfU6LTV/wrP/xCTtdnS/ZRdnu5F6vZ9MP/xrM9mh5P7gwvxUe71Re/mB/8/HGmH/8Vf9u22nUfEvK/wb/9dQbFP/tvPPNe93Ju4Sv3wQu/fYePuuyws/yfn+Fh/zr+9ifb+y0fCPf/k11W6P6orpozjU1AHGMmT9ZiNXJZ9H1z9NEzH2VUqtv+U/7xO9/hO995lkLrIh5aouBRRERERGRo4piamdllFeUp2dPag50xybNDi8W0mTiNpG4D/cZkP8C3v7aYHmtNtu1PSSIqou8WWJy38Fff/go3J/S1PwGCceTe9w2+kd97WGDJXsmTX1tGen+DEIcsivQ7Huef757W5/5kZ2/rTw9B3DQ+8/jfs7z3p0cx5c5v8O3P5Vz6ojbDzJKziu9/aVHvYesgJNy4ir9f3ld/9m+MczLp6Rmkpyt4FLkeaeSjjE7hKcf0mEItIiIi8vGiERxyWRqPU7DzIOf8hFYYvmERC6aGUzyfm8O791DiDk3SjZtyC7fN7X3Kre/8cYrfO0h5bTUnGu1MnZpE2sx55KbaoeEgO3Yfp6nLtGsL47IXkZ8RrqupluJ973P42BFK6iwkT5/G9IwbuSk7qWN1a8PPmZI97C4+SHHFecZNySErZy6fyJ3cfsxHpTvZUXK+62IxUXGMi4dzDd2GCkbFMS7Ozzl3t0nIMUncsOAW0sPB60cn9vGXg9WcqT7O+Zhkprgmk507t2OKc2+aqnl35z6qLnbfYWFcxq0syLZ39KPPzeH39lB08ADl9RaSMzOZmXsrN6Xbe5/e3GvZnco1mih7Zycf1HU7r4hIbNFBPBe7zX+Pm8yCRXOJPtRp5GPCXO6/MxX/iQo8CZlk597IbTdOC/Wz0cTJ93by3mlfj3JumAolpdVdp9ib40i76ZPkTowC/Jwv3ceuknKqavyMm5pJbq4TT8lBqtouT7f+Fxlu+r45+ih8FBEREREZxfRLlIgMh/P7OoWPqat49kcrh3k0qcjooO+bo4+mXYuIiIiIiIhct/ycfOtXPPWbTs9jrHiVZ374Q54tqB54cRoRkcuk8FFERERERETkuuWjqfYgxdWdJ6s3UVayj+LTTQofRWTE6VF6IiIiIiIiItctC3FJOdycm4Cvy7MaLUxJiuv9uZMiIsNIz3wUERERERnF9OwqERGRwdP3zdFH065FRERERERERERkRCh8FBERERERERERkRGh8FFERERERERERERGhMJHERERERERERERGREKH0VERERERERERGREKHwUERERERERERGREaHwUUREREREREREREaEwkfpnc+L13e1G3F1+OoqKTlaRYPXGOBIA6/Hy0BHDZXRWEXpoUrqmq7vC2B4PXj9ve4ZfL/6vXg6X6fur0eTj/HnlIiIiIiIiHx8KXwcjTyl7HpzK1vb/vtLMTWeYa4j4KHmaCXuQO+7G/ZtYt3b5R3HVtTg6ePY60nDu+t5sbAKn7eKAx9U0X9WVEbB+gLKhrF+X9lW1m0uwUM9pUdqh7Hk0afs7fVs2u/ubQ8F6zezv9d73qChopKGttCyvID1b3e6At1eGw2VVDaMjjCyYd8mNu1ruPQCPkafhyIiIiIiInL9UPg4GrU0UHOyhaRb88ibm01KdC0Ff1hPYd0w1nGhhF07d7K/up9jjNbQv9V72f7WLkouDGP9o5KbsspW0vMWkntDHvm3pGC5wi2oOl5FYu5S5s2cx8K5yVC2ledeL73CrbiCjL6CQQNfSy+bPQfZWbCdvScGU7iHg7u2s31f5aW37yoqf/M5thzptOFKfx6eL2L9+kIuIy4VERERERERIfJqN0D6EonVZsOGjQxHMjbvWrYUl5N3R9rwFJ8wnwcfmz+4Y6fks/qx4al2dDNjNjPs06iH1AKzueuG1tExam/UsOWy4ku5gz2Y3HsfY7BHjzY9Lv2V/jzsMxgWERERERERGTyFj9eIhLE2aGoFfwlbXqoibaGD0l3F1EXlsPKB+USf3MXmgjKazWaIsJO9ZDnznHUU/r4AljxIXmK4oNOFbHirjGYA7My+ezm5dgAvVXu2sfNwHd4IG/a4ZrCF3uJ+bwMbSm3kP7CUNAu4393A5ovZzLl4kKJqDwY20vJXkJ8aHidYt5dN2w7S0ApYXaTE1eNN+RzLZnYN1tzvbmDrxRScZw5S2WRgWJJZeN9SMqyh/d5ezwnK31zDIdcqls+yAFUUPL+VuhkrePBmB+Cm6KXNGJ9aRZ7TS9VfNlNwvBmCBmbnPO5amoPdBHW717PTksecjwrZWeHBtWgljg83cfCCD95cRxkGybeuJr1qLYWxy3nwZnuoUeVbWVOezqMDhsChureXN2M2A4FE5qxYRo4NOH+QLVv2Uhs0Yw5Ek7xgOflpVsoL1rL7pIHv9HrWF7fQYoAZA4x61j1fRGzWcvID29nckseqT7gADwdfXU9RbD6PhdtT/uZzlCY/yrK0Wva+VUjJGQ+GycCIdDH/M8vIiQfOFLL+Lxby5ngo3FmOZ1I+j93h6rOvOvOd2sv2PSXUegwIGlgmzmf5nTmhW6VsK2uOOMhz1LD3cB1eLDjm3sWKGxyhNwfclGzfGrpnoh3YQ7dgH1pxf7CJdSfq8GLFecMSls91QvlWnvuzh9zlK5mX2Nd725Sz9TcFeHJWsPKm8L2xYTO+rDk0HyqiqtEAWxqLV+STYglds/KCTeysbAaTBceURHxnbSx6IA/nZV7b3lS93fe9VV6wlsLTQMM61u6NJfuuFaSXdf08JODm4NbN7K0zMEdAdPICluenYR3EtejyuRWAxNwVLJtt62jc+b1s3FKKp9XMG+vKMFwLWJ2fNqTzExEREREREQGFj9eMmrNuLHE2iHKRYi9k19sGefc+yvJ4M/hK2fJ2Da47HyXPCdQVsv6N7SR+fjEpk1rYdawBEkOhQ0NlFWQsZ/VNBoXrN1JzBnLt4DtSwPaTCSz9wnJcZg+l2zeyKzzwyX7TIrLLCqhthLREMAwDb1kJDfnLWH2HDd8HG1l3sJQFqTlYqGHXthIi536ORzOt4Clhyytu7PPNPc7JMAw8lXXkrHiUfFsoENz0dikZd2aAr5SCPs4peYKDgpoqmJUG52uoi7FjPlODDwcWXxW1HyUy0xk6p4JzGXx2dQ5WvJRs/gPb9yezcq4d5/RkWjZtZW/WMlY94sJiAtJXY3v9OcpTV7EsM9TGhrroriPA/AZG23T0/pw/QGGlg8VfWEmyKfy+KIAGCt/cD2394y1hyx82s9exknn5q7HvWc92FvPgreHA7sgWnqtIY9WdGaHXp5IwdlfhxoWdOmpa7NhbaqghDRc11NTZcNxkhshYXLMWM3upHYspFPRufK+SnNtTYEI6yf5NbN2XzbJVj+GygO/Ilj77qjNLrIucxbNZZrdAwE3RKxspqshhcSrQamDUlVCe/Gk++4gTS3UBa3eWUHPDQlxAQ9FWivw5rHwkG5vRQNGmjfQ9IdqLJyafzz7iwtJUzKY/7GRv2krmpS0l78hzVNYDA4aPaSy9tZTnKusBB2BgGF5KDzew+NOrWRrvo/jVdRw4soCU2RZ8H26j4Gwyy7+Yh9NkUPOXDWyxpXQLHi/x2vYSssZG931vpeWvpvVi13uRbp+HDUVb2c88PvfFjPZrtnmfI3TN+r0Wbg68U4Ej/1FWTiHUL/5un58J81ixzMf6t2Dxg3mEv3oM6fxEREREREREQM98HMWaqTlUQsl7u9i6aT07z7iYf5MLALMJXDctIzs+HBicrKTGns28tpTEmU1KTBVlJ8CVlkrLydLwc9saKD1pJmV6z6SgoqIGR9Z8XFGAyUaiLbrTXnPPO2ViDgtTbZgB66QkbF4PHoD6SmpM6czLDI+GsiVhj+nnNMenkR0ecOXMSMZWVxUKpPo5J4srEVtDLXWAr6oWpmSQ5K2lBuBULQ2JLpKBqpM12FMyQiPBsJKdloi7LryIiwki47LJXxAOHodbZDQWXx2VJzyhadxRZswA58uo8qeS29Y/1mwyJripLB/kikITnSR+1EBNADhVQ31CBhnW2tCCRJ4aanGRnACY7LiS7Vjw4fUa2ONjMdofomgGk5XsT+XhCg9W7bevOktwkWy3hFZuNuzY47o9mzEunfk3OEN9OsVF4sXwfUEDpSdbSM/NxmYCohzYY/s7URvJGeFrY8slPclN3elw64dyvSJ6bnLNWkhKvBmwkpxkw9sUamFFVR2unDycJgAzrkRbzzfDyF3bAXX+PHRTVtVC6uxO1ywjCXdlGe219XktzERbfNRVVuLxh16bowZR/Yifn4iIiIiIiFyPNPJxtIt1kJyTQf5UZ9eQrFOo4j7nhqjOi6PYsdsMGlqA1DRS/bsorYc8Sqkyp7C0R/bYQEMjRKYOw/Iq9W48Jjs9xzkOwjg7Nr+bFgY6pxRcRiEnPdB81oNjWg6OsweoqQPbmQZsk+ZjwU29G+pOv8jaAx1VWCZldLwwcWntHAxbLp9e3My2XetZ87YN140LWXqDC3ODG0+Ujc7Rrt1mw/D1v652O1MqyYmF1JyA5HO1RDtySbp4gL3VQEQdzROzcQEE6ti7aRsHfTZc9kiaz9bAuM5TxSO7BFkD9lWbur1s3HYQn82FPaqZ+tOQkDqYhtfj9kRjjx74yN6YTeBxN0B4DN7wC30O9BZW9jBS13aI7XV/FI2ta2XYWn0DrNAOYCN36VKa39rJ+t8VYJs4h4WLc0N/eOi3yit5fiIiIiIiInK9UPg4asXimplNL/FPD/Z4G5wJhQ6hsM6DpxnMkQAu0qaEpl67I2swpy7t5TF7NmxWcA9Hs8fZueQnwNW7OR9jw8bA5+R0uKmsbcDXkEByPiSdjaTsjAfb2RaS5oZGrNlt4Mz8HMtnX+k1q0OsU/JYvioPo6GYzZu3sDX6MZYl2rD5DToPFvQ0N4NtsDGoBdf4WErONlDTYOC6yYbTncj5mhpqqMc+PjQ61vfhOxQzk1UP5Iaux5EtPFfRV5n2QfaVj4PvFMOsVTx4Q+gql77+HOWDarcNW38jYAdgBMBmH6ngEcCBfczgPwdG5toOhR1bXAtG18pojrANLlC3JpN39yry/A0Ub93Mlu1WHrtzgK829it5fiIiIiIiInK90LTr68G0ZJz1FZR6w6/dpVRecOKaEnrpmp5Ka00JB09CyozeppJacI23UVteghcg4KH2XPOltSXRQUJTFaV1oZfG6VKqmvo5vsWLJxD6sOZIBcbE5NDIvYHOyWmnvuoA9WYnLhPYJ7nwnNlLrcdF8qSOY+oqS2krAr8HT/uLwTGbobkpHEn5Gyguqwd/19FlRqCXNwZ8+PzhMhy5pDuguckDiSm4Ik5SfqrtuHLKqi24kgf/0DzHBAfNZw9Q0+jAlQhMcWE7U0rp2Vhc4dGrLX4fRFlCwWPAQ+VpDwT6Xr14cH3VQosfoi3heNlTSU0jEBxMq104HR6q2m4Mfw11jYM7XzzFlNU6Se5rjZ/u59XPefYnaVzXz4GSivo+6rv0a9vaqW2Dubf65iBlkpmT5TXtW8rLq7C4kvtew6cTny/cjigHuWmJ0OxhwMnTw3DvioiIiIiIyMePRj5eDyw5LMmr4ZWX1lMx0Yr3tBfnJ5eT0zaIbWIaUy5uoTQmlwf7eIydY+48XC8V8OLavZiJJjkrHdvRGqrIIHkwbWgbEWXKID+vkj+8toaySDDHJ5PQ31DIxkNsev4ABgZGbDqL70oZ1DnZprqI3FSCN2N5aKXliU4Stu6iMimPxeGibXMWkVOxiXX/tR+LGQwjmpRFnVblHgT7jAzsrxSw5vndEGEjY/5sXLurqPDnkBGVhDNhF4W/24D7jpXkTex4n/f4bjbtrsSc4CLWX0ttaxr5OTbAxsIl6Wx4fR0bnQkY585jnrWExRP7aECiA1thIWufLyL51tXkpwFTk0kq2EV5Uh75ABYXicEiSnzZLA9fX1vOHJIP72TN83tDqxLfkIyjpopyfzZpvUyvHVxf2Zh9QzIv7lrD2n1msCQze4qDmqpyjKy0PkbcteILD1/NuCmXg5s2sabCgjnCRvo0Fy21NXhxdBstG4vN2kzplrWUmYBANMmd7+fOJjixFxayZoObpSvzcHV/3Ue3dtbiD43lc8zPJ/uVTaz7r9DnQMokG/h7Hn+p19YxwYFRsJm1H83nc0uzB7i3INFhY9eetazdm8yCz+fTPXt15S0h/ZXNrNuYRELgPOfNOSy5rb8zDl8Lfzm7X9tJpdmBK85H7RmDtE8tpseXhvgk7C0FbHq+DHvWclbMdQ3t3hUREREREREBIoLB4KDGLck1IODD22RgjrNe4iIqBl6P7zLe37UtPsOCJaqGXc8X43h4GdndymzYs56N7lweuzMDw0/vi15c9jmB4fXQHIjGFnep068NvF6wWoc+vdTX5KHFFIutx3sNvJ5miLFhHcxiH5dk6NdzUH3l9+LxmS+tP8PX02KzjtzzNi+T4fNhtljwHdjEHzy3sGpBj/WugeG6tpd+b7WX4PXQTG/tGIDPi6cFYod8La7EvSsiIp3V1taSlJR0tZshIiJyTdD3zdFHIx+vJyYL1j5GNg6OGavtkp/Y2C4UJFpCgVddJTURNtIGCL/6XG33ss8JzFZbz1FdQysB6yV2iyXORu8RnRmr7TJPbEBDv56D6qsoK7ZLDZ2G4XqOGL+BEWXGbLEAXsqq3Nim9j2leHiu7aXfW+0lXOr9bbFiu6Q8/krcuyIiIiIiInK9UPgow6yOvZveoLQJMIERYSNnyYo+p79a4xOuZONE+uQt384r79ZimADDIHrKIpbPujqLFYmIiIiIiIhcLzTtWkRERERkFNP0MRERkcHT983RR6tdi4iIiIiIiIiIyIhQ+CgiIiIiIiIiIiIjQuGjiIiIiIiIiIiIjAiFjyIiIiIiIiIiIjIiFD6KiIiIiIiIiIjIiFD4KFdfwIe3ydfrLl+TF1/gEsr0e/F4jctr1xVj4PV46b21/e27DIPon0vu+6vA8Hrw+q92K0RERERERESkO4WPcvWd28um9QWU99jRwN7XXmTniUsos7yA9Vv247n81oUZNFSUUucdtgI7KaNgfQFlfe7bzP7hO5GQ8gLWv917jSGX0fcjIeCh5mgl7j7C0LK317Npv/vKtacaflZ45aobFB+88BK8cKzb9mr42UuwZ7jvIREREREREZFBUPgoo0PAoLXXHQa+lksss9VH7+MpL0Ulewt2sfvo1UhwLqMPBut8EevXF9JwpesdrAsl7Nq5k/3V/RxjXMGRrhfgW3vgzJWrcWAX4OXD8ItCuNhpc0Ux/LQYdvTXdyIiIiIiIiIjJPJqN0Dk2pDG0i+lXe1GjJwrGdxdioT5PPjY/KvditHNC+50+HI1FPrgNkto845D8NWZwDUyhV5ERORyBYNBDMPAbDYTEREBQCAQIBAIdNk2HPW0trZiMpkwm8191i0iIvJxp/BxNCrbyppjNnKMCg6e9WFgI+eulcx3Ar4a9r5VSMkZD4bJwIh0Mf8zy8iJNyjZvI6a7NUsTg2XU1/I+rdg8YN5OM4fZMuW/dQHwTBiSc+/i4VTrOAvYctLVaQtdFC6q5i6qBxWrsygautm9tYZmCOAqFTyH1pIcpdGeigt2M7ek258gBGwc9NP9gAAIABJREFUkX3HcvImWQA3RRs248uaQ/OhIqoaDbClsXhFPinhQMR7spBtu0qoazFjGxtLM7Y+u6OluoD1e8rxBM3YUhexPD8Na6gUqv6ymYLjzRA0MDvncdfSHOxt43kDLVTt2cQbR+rwBi045t7Fihsc/bTdTMnmNVSmPcayzHAZvhK2vrSXWgDMJC9YRX5qR93by5sxR4B5XDZLls3DaQLOFLL+Lxby5ngo3FmOZ1I+j33K2sd1G8wN0UpLVSGbtpZS5zWwJM7jrntzcQzQB75Te9m+p4RajwFBA8vE+Sy/M6dnT5/fy8YtpXhazbyxrgzDtYDV+fZQze4Stm4oosrd8xq26+9+7e3+emA2nl77ro7C3xfAkgfJSwyXfbqQDW+V0QyAndl3LyfXDgTclGzfSlG1ByPagT20u5335C42v11Bs8nAiEhi3rJl5CT0cW0WOzg44P0+BAHY8Xv4UWXo49S58ItlEAO4D8H33oAdF0L78j4Jv1gS2rdjHezPhax34aul8NN/gLwD8HgTPH4Rvvo+HDbBL74Ij0/vpV4P7AB+Oh22HIPbZgIn4ZUJ8IsJ8LMLna85/OiXsBmwBuC+lfB4RmhXb+24zwQ/+hXsCIC3Fb78BfhyyqV2kIiIyMhqamriyJEjzJw5E6s19FOj2+3m1KlTZGdntweFl8vv97N//35sNhuZmZmYTCYuXLhAVVXVsNYjIiJyrVP4OBq1Ghinq/Dd+TkenWjGe3gLLxYUkv5gHo7IWFyzFjN7qR2LCdzvbmDje5Xk3J5C8oRYisrLITU0Qs9zooaWiXk4aKDwzQPYPrWaZZOAukLWv7Gbys8vJiUqmxR7IbveNsi791GWx5uhbCsbWmay6ou5oZDP39uouEgS0hdw3yecWKPAKNvK2ncOkHP/PGwYGIaX0sMNLP70apbG+yh+dR0HjiwgZbYFfKUUFFSRcMejLJ9oxnN0Kxt39j3yzuNPYsXn87FRRcFL29ldnsbiNPAdKaDgXAafXZ2DFS8lm//A9v3JrJwbTqG8VdTEfprPftGJpbqAtTtLqLlhIa5+2p6e7KSwohQyw0nM8UpqJyxg9eI0Sl9/juIzDZDqCNVd4+KuL+ThNEHd7vW8UZDI6ttTYEI6yf5NbN2XzbJVj+GyAAF3n9dtYF6qamL59GcfxRlZRcELBZScymXhpP77wBLrImfxbJbZLRBwU/TKRooqcjrC6TYJ81ixzNcRVAOEJ2DXVTew+I5eruFg79de7i/fkS1s6qPvUia1sOtYAySGW1FZBRnLWX2TQeH6jdScgVw7NBRtpcifw8pHsrEZDRRt2khlW3t8pRS8fZ6Mz64mxwrew1v4w469JN8/D3tv16ZsK0UD3u+Dd6YAfjYW3vouEIAXnoFnp8M3p0NMAnzz7+AXVqAVfvQj2HELLLPBbbPg9t/BDx+A44+GywrAK+/Asi9CyUq4+C5Y/wJfnh4KLLteB5gQBXNy4PF34bszoeJA6LX1PJzu9LzSF34DLIfCmYAXvvdT2PI1WDa293a88DOY8BC8NQWohft/BTd+F+bowR0iIjIKeb1eDhw4QGpqanv42NjYyLFjx8jMzBy2ULC1tZWSkhKio6OZOHEiCQkJXLhwYdjrERERudbpV8fRKi6ZjImhH1isWWkkeWqo8AAmO65kOxZ8eL0G9vhYjPCD+WwzUrCdqgiHMD4qT3lwJbvgfBlV/imkTQqX7cwgObqBmnOhl2YTuG5aRnZ8+AckiwVL40lK68JPTIzq7QcnK85kJ9YoA2+TD7PdRmy3Zyy6Zi0kJd4MWElOsuFtCj8v8Xg5NQnZzA+fn22cjeh+uiIxNRtbFBCVzMwUC7Vn6gCoOlmDPSUjPArSSnZaIu662k59mM78G5xYTMDkJBIvesIL0PTddktmKs7T5ZSGp6iWVtTjSu053brqZA32zPBIR8CZnUJ0dVm4781gspL9qbxQuAX9XreB2Uifn4vTApiSSUrw4fF0akdffZDgItluAZ8Xr2HHHjf0Zzh2voau8daOa9hdX/crPe+v/vrOlZZKy8nScPTZQOlJMynT7d0qa6D0ZAvpudnYTECUA3tsp90nK6mxp5IR6hSsWWkknq9rH73a49oM6n4fvMJDcN/s8AsT3JYLhSdDL2NckGoFvHDRBKljwN32gMZIYCZ898ZuBWaFwkaAmFS47xz0trTOmXrIcwDT4f7jsCcAOw6GwsQYK7jbwscG2OyDh2eGX1vh/gzYcqiPdoSPv21K+HUS3B8Lh7s+IFRERGRUaZtm3V0wGKSuro6ioiLeffdd9u/fz8WLFwkEAhw/frx9e11dHcFgkPr6eioqKqisrOTdd9+lubm5S3lWq5X4+HjKysoIBAIEg8H2fRcvXuTQoUO8/fbb7Nixg8rKSoLBIH6/nw8//JDjx4+ze/duDhw4QF1dHe+99x67d+/G7Xa3v/+DDz7g3Xffpbi4uEfdIiIi1wqNfLwmJHQER3F17N20jYM+Gy57JM1na2BcOByzpZMSt5GyCkiZWkFVfRJpU4Hjbjy+GrY/X9GpTBvZnTOWzo+kmZLP8pu2snXzWvZaHGTMX8zC9O6Tdb2UF2xiZ42FpPGxtLpr8JAxqLNpOO+BKAvdZ+8OhtkUidd9HrBQ74a60y+y9kDHfsukPtpg6nyy/bTdkkFqYhHlRyFjRinlZ11kLO1emJt6N0RO6XQGCXZs/gY6sr3IrtF+oJ/rNkTm9nLd/fdB3V42bjuIz+bCHtVM/WlI6D7qcUj1DvbLRaf7te22ab+/Bui7SWmk+ndRWg95lFJlTmFp9+yRetyeaOx9JNbuc26or+HF5/d3bIxJ7nR3drs2g7rfB+/wGVj3O3ihUx1zPhn692IprHoJJqZAaiv8ugG+1/nNw/TnoNuyYMc7UDgB1lkgZizsaPv0r4MdFsKBdchER9eRkV3aUQc7PPDYT7rW8U396UpERK5Bra2tfPDBB7S2tuJwONoDynPnznHo0CHGjRvXfswnPvEJmpqaeOedd0hOTu71GY4RERGkp6dz+PBh0tPTu+wzDIOWlhaCwSDNzc0UFxczfvx4IiIieP/990lNTcXn81FZWUljYyMA5eXlWK1W5syZQ3l5OdXV1SQmJraHoTfccAMmk74Ji4jItUXh47UgUI+7yUpyPPg+fIdiZrLqgfAU0SNbeK49U7STPtXGpqoaoIr6iWksMwF2GzZLOgs/vxDXIKu0Zy3lwSzwVO5iy44tFNo7PYcP4NRedp9ysvjhfJJNtD9fcjBscdbeh24NghFoxRqfANix28CZ+TmWd58GPJB+224hI8VJUUUpRlQV5yelk9bj57tQ3bU+H7RFqB4PzSZzn59Q/V+3S9VfH/g4+E4xzFrFgzeEYqbS15+j/HKrHIxO92tPA/Wdi7QpoanX7sgazKlL6ZE9YsPWY85xpxribZCYzeeW5ww64B7wfh+CVAd887Pw5Sk99617BW77Ajwenm0/8WeXVkdvKs5A1qzQx3Ny4HsvQtZdnaZntw3+SIQ8H3TOGk9fCE0J71Ui5Nngp/8El5Fdi4jIx8DpugbcjR/1OuJwJM2cMbTvUF6vF4vFgsvlIjExkejoaA4fPszFixeZPn06Fy9eZMeOHTQ3N2O1Wjl//jxz584lNTWVyMiuP+0ZhsHYsWNJTEykrKwMh8PRvi8mJoaUlBQ8Hg+NjY0UFRXh9XqJjY0lGAySlJTEpEmT2Lx5M4ZhcMsttxAMBjl37hytra2UlpbicrmYPn06FRUVnDhxgpycnC7h46Gjl/0DpYjIoJhMJuzxY5jodAx8sEg3Ch9HK38LHj84osD7YRk1CS7yLNDi90GUJRRgBTxUnvZAoOMZdfZUF9FvlLOXGuyTFoU2JrpwGLspPwWu8NRrT6MHW3wfo7v8PnxmCxYT2FIySLaW0ewBOocxvhYMcyzRJgCDhqp6mgOJDOZpeRZXIrb95ZR4M8i2gqfWzaAmkfirOFQJU25zAuBy2tlVWYp3dk74WX0ePK02bNZ+Sxmw7ZbMVJzFVRRaakmatrjXIlKTnew63lG3+0glbmdGn4uUDHTdAIwAQx751ncftNDih2hLuDM8ldQ0AsFObw4M4wrXfdyvvRmo71zTU2ktLOEgkHJHb/eoC6fDQ3FpHSQ6wV9DXSMdC85McmIvrKDUm0OOFcDA0+jDFt/HjdHX/R5fR/mxeizJ2X0Eqb3LSoXvHegUPnrAHQd2E7h9MLGtGQ3w/kdw4zD+fmZt+4o+HR7Pgolt07+dcF8dnAEmjIdlJthxMtzGtunZf9VHoeNDYWX78YD7AtjHDl+7RUTk2ne6roFAIMCM1Mmj8lmHfr8fgMjISGbPns3Ro0c5ePAgdrud3NxcGhsbMZlMeDweWltbmTp1KlFRUQQCASwWCwkJCURFRfVadmRkJDNmzKCwsJCYmJj28//oo48oKSkhPj4ek8mEyWRqn5YdFRVFQkICFouFyMhI4uPjiY6OZsyYMbS0tNDa2orH4yEYDHL+/HmioqJwuXoOIxhq8CoicqkMw+DM2XOcrmtQAClDpvBxtDKq2P37tew0GRgkMf+ueaFsJWcOyYd3sub5vZgD0STfkIyjpopyfzZpUUBiNmnWjRSX2cj9bFv6k8KC+aX8YesaKixmMAzMjjl8+u62FZO7qjuwmW0fNhPrTMTcWIPbOoe7uv9ckzqHnH2b2Ly2DDNmbFkZJBuVnHSDs+dQNQBa/OFJyYnzmDfxRQpeXMteM0QnZ5MeX0pNFWR0Se8s2MaYKS1ay9q9QMCMfeYSlk8M7bXNWUROxSbW/dd+QqcVTcqiFeSn9j3ezQgMou2WDFLHFVFUncLi23svxzJrCQtrXuHFlypwxXip8TrJ72ekna3f65aEM2EXhb/bgPuOleRN7LP5HYID9YGN2Tck8+KuNazdZwZLMrOnOKipKsfISsM8wYm9sJA1G9wsXZmHKz4Je0sBm54vw561nBVze6+2ta/Asq/79VL6bmIaUy5uoTQmlwf7yMczbsrl4KZNrKmwYI6wkT7NRUttDV4cWG3zWDRrA5t+v4b94fs9emo+Kz6V0uv16fN+ry9j754SLK2pJN/QLbiMg1vPwsQnum4reRLm3Al5/xuyP4CJptAIw+89BsvGw6p8uO1Z+LUVYpzw5RzYUgoPJ/XRWb3pNmqxzekGiGl/xigse6DbAYGO9335EXjsV7A/BS5Wg30JfLOfYdGPr4S7fgUvxAGtEDMZfv0oTBhCs0VE5Prmbvxo1ASPFouFqKgoGhsbSUxMJBAIcPr0aWJjYzGZTEyePBm73U55eTn79u1rX5gmEAhgs9mIjIzE4XBgtVppaRncA7MdDgeJiYkcO3asfXRkbW0tJ06c4M477yQYDA6pb8xmMzExMURERJCQkIDdbsdkMo2K/hWRjyez2cyE8eM4WlGt8FGGLCLY+anIMjoc2cJzH9hZ8WAedr+BuccCGAZejw9znDW0mEp39YWsf9vC0pXdAqCAD29TC8TYsPb+h9tudTRDtA1rP3NXfU0eDMtgyuulBq8Hn7n/8gdbTnMgGlvc0Aq6nLZ3FOLF4zcPsu4Brttl6LMP/F48vsG27xINeL/2YUh914uAD2+TgcVmpdca/V48FyF6UP09uPt9KC42hRaVsXcfcOkDt9HL9qvgogewQsxg/gwVAHdTaPGaQR0vIiLDpra2lqSkofyl6so7dLRi1IzCa21tpaioiPPnzzNu3Dh8Ph8NDQ3Mnj2bKVOmcOTIEXw+Hy0tLVRVVbF06VJ8Ph+7d+9un4YdGxtLZmYmFy5c4I9//CP33HMP48eP71JPc3Mzr776KkuWLGH8+PHU1tayefNmEhISuPvuuzl16hS7du0iPT0di8XC4cOHWbhwIePHj29/n91u509/+hOpqanMmTOH4uJizpw5w5IlSzhw4ACVlZW4XC78fj+TJ09m6tSpvT57UkTkShlNX+/7ci183/y40a+Qo1zvQY4Zaz9ziys/KMOa+bmeI89MFqy2wSYrZqy2gRfdsMRd+sIcZquN4chfzFYbl9KKy2l7RyFWBt2lA1y3y9FnH0RZQyuFXyGDDh5hiH3XC5MFa3+XcEjnPrj7fShi4jo9b7EzC32OCr3SYoZyyiawD28XiYiIjIjIyEhycnI4evQoXq+XiIgIMjMz24M7s9mMYRiYzWZuvPFGxo4NPUtk5syZ1NbWEggEiIyMJCIigtjYWG688UZiY2N71BMVFUVOTk77PofDwc0334zZbMZkMpGUlERWVhY+nw+r1Upubi6xsbFd3mcymcjKysJuD/10MGHCBGJjY4mIiGDGjBn4/f4uU8ZFRESuRRr5OBod2cJz5Sk8dlf2EN5UTsHzu6kKgHnCfO67I2NYgj2RAV3S/SoiIiKDdS2M4BiNI2GCwSCGYbQHjp0ZRuhRMp2393f85bbBbDZf0ojFYDBIa2trexgqInK1jcav991dC983P24UPoqIiIiIjGLXwi9R18IvoyIicvmuha/318L3zY+bYX7ynIiIiIiIiIiIiEiIwkcREREREREREREZEQofRUREREREREREZEQofBQREREREREREZERofBRRERERERERERERoTCRxERERERERERERkRkVe7ASIiIiIi8vFknDvG2+/XUe1pBcBii2fmjTnMHqdfU0RERK4XGvkoIiIiIiJXXt0hXv5zTXvwCODzNLL/z+9RWHcV2yUiIiLDSuGjiIiIiIhcYc3s/7AeL2AeO4E77v4kX7w7i5ljTYCPYx8ewzsc1bR4aGwejoL6YbTQ2NgywpWIiIhcuxQ+ioiIiIjIFXaa0xcAYsi8NYOJUUCUk3m3OhkLcKGR48NQy9nX/oHcr73M2csp5MP/YOVDa3i/r3yx+Ofkzvs5719OHSIiItcxhY8iIiIiIiK9amHPxl/yfkYaM6OHu2wPW/8+m2lPF4+SckREREaGwkcREREREbnCJjJxLMBFjuwp5bQf8Nexd08dFwDGxjPtqrYvrKWIN34HX1gyn2HPHmnhQuNoKkdERGRkKHwUEREREZErLJY5sxIZEwHGhTO8+dqf+a/XDnPoQgAiLEyfNR3roMtq4dBzj5I7I5tpM7LJWvQwzxV3miPtq6bg2b9hfm4203Lv52f7Ova1fLiGVfPD77vnSbae6lpy47aX+d2kv+GBW6Lh1DaeuGcO02ZkM23GfO74p22dpnM38v7LP2Tl/NC+v321uqMQo5qt37ufrPD7Vj13mBbqeemxRTyxE3juYabNyObH+wCjnreffjh8LnP4zPe2UWWEy+m1/j7KERERGUUUPoqIiIiIyJXnnMm9i1xMtkW2b7LY4pmz6CbynEMo5/Bv+bunG/nqH0s4fng/O3/7JEtndBqn+M5vean1bn7zyst8Z95hnv3PcGh4fhvf/vzPGf/kTo4fLuI3txTxtz94rVOgWM8br24jeeUiZpo9bP3Z13kp+2mKD5dwvPhlnlk9h/Htx77MS3un8c3fv8a/PzyWrf/j5fZnQB567m/426N3sKG4hOPbvk700w/zi+JE7vnfL/MvtwBf+CXFRUV8MxcaX/8BX3p9Dv++t4Tjh1/mnqNf5xvrq4G+6u+9HBERkdEkcuBDREREREREhp953HRuXzx9GEo6zhtvFrF06nySp2V13bXoe/z71+9mPOC8cxE/fj008vHsn19mU/PDrLszEcyQnjufma3xHdOrT7zJSzuzeOw7WYAntG3/Tt44PId7siYzs0s1j/LUTx7mRoDPLIEXfOHtxbzx78e59Tt3MTMWmJpN3qxcomMhOn480RYgOp74BBtQz9bXtsGdL3BrPMA0br19Mj/eWczZhz/ZZ/09yxERERldFD6KiIiIiMgV5TtfzaHjZ6mu/4gLLQGMtqnFZhOW6BiciXZSp01lWoJl4MKyHuHXPznLE08/yiefjWbmA0/z//5lCcnmAd4XrjM6fNz4O3/An+7s2F2282Xez72fZ6YB2Fj6T2v45pP/wPfve5knEubznV//ksdmDfwkyJZmiDbHhF/l8tgra/o89mIroenTz3XaeNvl1S8iInK1adq1iIiIiIhcEb6zx3jzjT/z+7fLOXCykXPNnYJHACOAr7mZ6pM17Hp7D8+/sY/9Z319lhcSTfr932ND4X7+vOZhol9qm6o8gHDo2GL0ss84zNbfHGbp6s+Q3LZt/Hwe/+VODhe9zFMLTvHjz/8v9rT08t7urYuFFuPiwAcCMZHAo2s4frSk479fhkZtXmr9IiIiV5vCRxERERERGXEfHd3HS3+p4bQXiIphcmoqn7ptLg+t+CRfbP/vVu6/LYP5qfGMjQLD+xEH/lLElqP9LOd85jDvn2oBczTJtyzh1klw1uPp+3gfXATGz1nEjbzAf74cCipbTu3kd9vqQ8cUv8YvTi3hzgVt05hbKCs+TKMBJGSRvygLmhtp7Cf8C4WaWeTdH82e3/yePY2A4eHQy6/xfuf3tbS9SGTOolx4c2foWKDlRDHvnxpk/S1KIkVEZHRS+CgiIiIiIiPsJIVHPsIgkvGZWTx093xuz53C1LFj6Dqx2sKYsRPIzJ3DvXffyh2ZY7AQ4OyRco70UXJj+Zv8+L7wKtBZD/O78V/nmS9k9X6wGXjnMNUtwNSHeebpRbz/vTtCq13f90vKWi8CLezZ8gJ84WGWJrS98Szv//KvmZ8VWhl7/v/Yz/Knv8bS+N7qsBDNfsqqAaK59ZtreDz6BVbNy2Za1iK+tO0s0QZAIjNvySL6d48ybcbdPHcUku99ku+kbAgdOyObrAee5o+l9QPU37McERGR0SQiGAwGr3YjRERERESkd7W1tSQlJV3tZvTr0NEKZs5I7eeIcrZsrOZszDjuuDOHiYMuuY5drx/m+MUxzFkxl9n9HNly3kOL2UJ8/BCfg9jiobEZouNtoec/Nm7jv8/7R8aueYd/WRDd/7FDqea8h5ZoG/Gxgzi20UMLvZzLZdQvIjIcBv56f/VdC983P2604IyIiIiIiFwZF8/x5sY/j0jR0Qk2Lmn5lWgbnTO+xqKdbJr0N/zpll5K63bsSLUvOr6PYy+jfhERkatF4aOIiIiIiEhY/JIfcHgBGlkoIiIyTBQ+ioiIiIjICEtj2Yq0q92IQYsexNRoERERGRwtOCMiIiIiIiIiIiIjQuGjiIiIiIiIiIiIjAiFjyIiIiIiIiIiIjIiFD6KiIiIiIiIiIjIiFD4KCIiIiIiIiIiIiNC4aOIiIiIiIiIiIiMCIWPIiIiIiIiIiIiMiIUPoqIiIiIiIiIiMiIUPgoIiIiIiIiIiIiI0Lho4iIiIiIXBaTyYRhGFe7GSIiMoIMw8BkUowkQ6e7RkRERERELos9fgxnzp5TACkicp0yDIMzZ89hjx9ztZsi16DIq90AERERERG5tk10Ojhd18DRimoCgcDVbo6IiAwzk8mEPX4ME52Oq90UuQYpfBQRERERkcs20enQL6UiIiLSg6Zdi4iIiIiIiIiIyIhQ+CgiIiIiIiIiIiIjQuGjiIiIiIiIiIiIjAiFjyIiIiIiIiIiIjIiFD6KiIiIiIiIiIjIiFD4KCIiIiIiIiIiIiNC4aOIiIiIiIiIiIiMCIWPIiIiIiIiIiIiMiIUPoqIiIiIiIiIiMiIUPgoIiIiIiIiIiIiI0Lho4iIiIiIiIiIiIwIhY8iIiIiIiIiIiIyIhQ+ioiIiIiIiIiIyIhQ+CgiIiIiIiIiIiIjIvJqN0BERORKCgQh2P5vkEAwtD0IBDt9TPh1+8ft24IEgYjw6wgi2l90bAv9r8vrPrZHRITKiAhv79gmIiIiIiJy7VP4KCIi15VAEIxgECPYPWiEQFu6OAw6QslOCWVvBwyptA6hEDKiRyDZ5eP2baHw0qTQUkRERERERhmFjyIics0KAkYAWsNhYyhwHL6A8WoKjcQMdt3Q79EhEYApIqI9iDSFQ0kTEe0fi4iIiIiIXCkKH0VE5JpiBMEfCNIaCI1wvD6ixuETpGPkZ889IaaICEzQPlrSRFtI2bFdRERERERkOCh8FBGRUS8QDhz94VGOcnkCwSAB6GU0ZWhD2+jJiE7BpDkiArNGToqIiIiIyBApfBQRkVGrNQAtgSD+gALHK6lt9GTXcDL0whQOIc0KJEVEREREZBAUPoqIyKhjBMFnBGlR6DjqBIKhFcL9QG+BZJQp9LGIiIiIiAgofBQRkVHmohGkxdCzHK8lnQPJi0aQyIgIIk0KIkVEREREROGjiIiMEv5AkItGeLqvXNNag0FajY4gMiocRGp6toiIiIjIx4/CRxERuaoCwVBI5dMU66uubbXr4eYP0P7cTgWRIiIiIiIfLwofRUTkqmkxgrQYENAk66vKHBFBjDk0QlFERERERGQ4KXwUEZErrjUAFwNBWjXa8aozRURgi9IwRBERERERGRkKH0VE5IoJBKElEFpQRkYHq/lqt0BERERERK5nCh9FROSK8IUXlAloQZlRJTJCox5FRERERGTkKHwUEZER5QsEuyw4IiIiIiIiIh8fCh9FRGTYBYIdoaOhkY6jWmswSJRGP4qIiIiIyAhR+CijVpBQgBEIBgkEQ6+DQFuO0fY6IvyfKSL8cQSYiMAUEdomIldOa3iEoy8Q1PrV1wivgVa5FhERERGREaPwUUaFIKHQojUYxAiAEYTLiy5C7w2FkhGYw0GkOQLMEREKJUWGmaZWX7sCwSAeP8SYIxRCioiIiIjIsFP4KFeNEYTWQJDW8L8jEVkECU357LqwbhBzRASRptBCC5GmUEgpIkOjqdXXDyMYpKk12P7HmrZR5BGE/mgTpb/YiIiIiIjIJVL4KFdUMAj+YBBfIBQ4Xi1GMIhhQEs48ow0RRAZ0RFGikjvAsHQCOW26dWKHK8vbY+5gNCo8bjIUBgpIiIiIiJyqRQ+yhXRNh3TH7jc6dQjozUQpBXri6LIAAAgAElEQVSA0MifyAiINIWmaOsXb/m4a3skQtu/8vEQbUJf/0RERERE5LIpfJQR5Qtc/VGOQxUIBvEFwRcATdGWj6OuoxtH5x8MZORpqrWIXKuCweD/Z+++o+u67jvRf0+7Db2zgF3sRSTVLCkqdizHlm0pLrHlFDuOJ7HjlMnMezOe917eelnJJFkzzps3JWOn2HHsRBk7rnGPY9mWbMmSSImi2CmSYC8g0W45fe/9/jgACBDtArjl3IvvZy0QwLnnnrNxCdzyvb+9fwjDcPx7XddhGEYVRzQ3KSX6+vrQ3d2Npqamag+HiIiopBg+UskpdTN0rId14CZO0dYwYYq2zqpIqg8KgBitauT6jTRG4/0bEdWoIAjwyiuvIAxD6LqOIAiwceNG9PT0QIvpnZsQAseOHUMikWD4SEREdYer21FJ+VIhFyo4QtVlgKEQTR93hEIukMgFCnao4Mtbm9oQxZNU0e+wK6IGI9lAYcSXyIcSbp3+3dLC8D6NiGpVGIY4duwYgiCAZVnI5XLYv38/XNet9tBm5fs+hBDVHgYREVHJsfKRSkIowBUKQQ1Nry6FsU7aY1O0xzrFsjKS4kCom7+jYrSicWn9hdJiBELBNHknRkS1ybIsbNu2DV1dXbh8+TK++c1vIp/Po7+/HxcvXoRt2+jp6cGWLVtgWRauX7+Ovr4+aJoGy7KwdetWSClx8uRJ+L6PIAiwZcsWZLNZJBIJrFy5ElevXkVfXx927dqFVCqFEydOYNmyZWhsbMSJEydg2zY0TcPmzZvR0tKCGzduIJfLQdM09Pf3Y8eOHchms3jttdegaRqGh4erfbMRERGVBSsfadFcoZAP5JILHqcjlZpUGTniR9VlrlAIefNQmSgVNYXxRFSJmwsUhn2JXCBhhwqeUAgZPNI8eTL63SEiqmVKKQRBAF3XoWkaXNeFUgpCCBw/fhxXr15FGIY4ePAgBgcHAUTrLwLAuXPncOrUKSilxj8GBwdx7NgxCCHQ19eHgwcPYmhoCJ7n4dChQ7BtG6dPn8a5c+eglMLAwAAOHjyIIAhQKBTw/PPP4+LFiwiCAPl8Hi+99BIKhQKklJPWqSQiIqonrHykBVuq1Y7zoRCtoRcAgIjWjDRG14w0tKibNns6ULGkij6EUqOfow/GirQY1ixV2grR/TwA6BpgaRrXgiSiGV3pH8BwNj8e3lXK9k3rpmwLggDPPvssMpkMPM/DunXr0NjYiGQyiYaGBniehxdffBGDg4NYvnw5HMdBIpHAihUr0NnZiWQyCd/3Yds22tvbsWzZMjQ0NMBxHJw+fRqu6yKXy2H16tUYGhpCIpEAADQ0NOD555/Hxo0bsWvXLly6dAlPPfUUbr/9dqTTaQwNDeGOO+7AunXrcPHiRQwODuLxxx9HMpnE1atXp/35zl68goId7ynjRFT/dF1Ha3Mjlnd3VHsoVIMYPtKCRNV9UaUfFU8h6vwdTtiiIQohDQ0wdIxP3ebr+6VLTpguPRYySlYuUhk0WzrfACGikrjSPwApJTat641FZ+mxjtdSSnR2dmLLli0wDANHjx6FlBLNzc0wTRNKKZimiV27duHkyZM4dOgQWltbsXv3bqxZswY3btxAX18fTp8+jb1796K5uRlCCAwODiIMQ6xduxbXr1+HrutoaWkZX2OypaUFmqahoaEBSin4vg9N05BIJNDW1ja+X0NDA9LpNADANKd/aba2d3klbzoiomkJIXD1+iCu9A8wgKR547RrmrexRhUMHktDIeoy7Mloymw+kBjxJbLBzSnbgYwq3ai+iNHO8GN/U2PTpbOBHP+/j5oZMXik0ms0GTwSUekMZ/NY1tUei+ARiNZ8vP/++/HII4/g3nvvRVtbGxzHwaFDh9DS0oLVq1ePh34A0Nvbi7vvvhvd3d04dOgQRkZG0NjYiPvuuw8bNmzA1atXcfbsWWQyGTQ0NODChQuwLAs9PT3I5XK4ePEili1bNt6tOpfLQSkFx3Gg6/p4ZeREyWQSjuMgCAIIIcY/ExHFkWEYWNbVjuFsvtpDoRrEykeal7HOzlR+cnRqbTC+JaqS1Eenauta9O5B9HW0jTlCPChE6zBKRJUXUkXbxj6PVTISVUtC12Dy7UciKiEpZWyCRwDQNA2maU4ak67rSKVSOH/+PEZGRgAAuVwOnufhxIkT8H0fnuehqakJlmXh/PnzuH79OgzDGA8dTdNET08PDhw4gDvuuANNTU2QUuLy5cvYuXMnLMvC5s2bcfbsWTiOg8HBQaxZswaZTAa+708aY3d3NwzDwHPPPYfGxkbouj4+LiKiODIMo+JLa1B9YPhIRSuEXN+x2qLgKpqOO/USQMOEYHL0w0C0RpsOcK22RZouVJSTto0FjPw7oXhjxSMR1TPLsrBz505kMplJ2zOZDPbu3Yv+/n5omoYtW7ZAKQVN02AYBoQQMAwDe/fuRUtLCwqFwvj07fXr12Pt2rXQNA3r169HoVDA2rVrYZomtm7diqGhIbS1tUHTNGzYsAFhGMJ1XbS2tmLz5s2wLGv8/GPjam5uxp49e3DlypXxqd/JZLIaNxkREVFZaUqx/IbmxuCxdikpIUe7OuqjT64NXYeha6OVlJjweTSo1KLrTZz+YxgGLMuCrtd+udRYiDj2G61GA8OJ2ycHjVxzkepLQteQMZlAEtWKa9euoaenp9rDmNWRk33TNn6Jm7FO14ZhQLvlXdmJz3nGSCkhhIBpmlP2X+h5FrIfEVFc1ML9fS08bi41rHykOeWCaM05qi2B7yMIfET/dQpRxHjzs64bURBpGICmQdf1qJpPCoRBCCEENETTljQoaBCA5iFpJZBIJKCPlk5F+4wGl6MbJj51vvVp9MTn1RMvm/QbpiZ/P+Xr8YAwuuTWwBDAlCAx2q80AeJYoDsfuq5B02o/uKX6INTNewMioqVkbDr2dKabNq7r+oLeeJ3tPAvZj4iIqJbxkY5mNeJLVnvVGCklXMeGnFKpqiZ9FkLMuah5FPRNvl4gPGiej2QyCdOypjl+bYqCVzkaLEpAjVZAjFaBTr09588wDCSSyVitiUVLk1AK+QBosuovfhQKMOrvxyIiIiIiqlkMH2lGDB5rz1jwOLZ+EaBw4uhpDFwfxI3rQwCAVWtXYNWaFejs6sDkwFCb9P2Jo6fx7NP7cOHsZdy4Pog9d+3A/Q/dhc3bNgBQ8DwPQRggmUzV9FRsIQQ810W0AsXMt8fY7TnT5cV8L6WA69jQdQOmZcE0DGg1fNtRbRsLIC0dMOpgqp+Egi8AUwcMpo9ERERERLHB8JGmlQ24vl2tUVLCsW1AKRQKDp767o/xL99+BnbBmXb/TEMam7dtwKo1K7F5+4bxqOzi2cv4ydP7cOHspUn7P/ujfXj2R/uw564deO/7H0dXdztEKGCHBViJaCp2raxVFK3fFCIIAkgRdWvTtKjIc3xyuqYwcWa1pim4ArBDICeAQCmEEtGHAgTU+NehjPZvMoEmE2gwgSZTocGIji+EgJQCnoqmc5mWCcuqnduP6keoFEIB1Hrl8kRKakixuJiIiIiIKDYYPtIUuUDNez07qr4gDAEoPPv0fnz+c1+bMXQcYxccHNh3GAf2HQa+VPx5Duw7jBNHT+ORRx/EY+9+EwANYeBDhAESyVQs1i0am0ItpYimT49+BkanVquba1+OVTQGUkO/p9DvAQO+Qj7UkBcKhRDIh0BBAIFc3LiWpYA9LRp2twIZQxsNOBUC30cYBLASCVhWYtE/P9FSJpSCUBqnXhPVhBAjZ4/hmSODGPSjLUYigzXbN+K+ta3g+whERET1ofopAcVKns1latJYgHW+71JRweNi2QUH//TFf8azP9qHD/7mE9i8bQOUUnAdp2pVkEpK+EEAEYaQspiUMPo93zeksG9Yod9TmLysY+n/Dq66wHdchWcHgY0NCr1pDavSCt3J6P/Qcz2EYVjzU9mJqi2QilOviWIvi9deOILnLvuTtgrfxpkDB3Hl2gY8ek8vGqs0OiIiIiodho80rhAqhAwea5IIQ9y4PoCP/9Enyx48TnTj+iA+/oefwJ67duCJDzyOzq52hIEPKQSSqcoEaEophGGAwPdHKxond9S+1UgAXHCA87bCWRu44pZ9iFNkA+ClYeCl4Wi8m5uAu1o1bG4CpBBw7AKsRBKJBKsgiRYikODUa6KYc069hhcu+wBMdG3ZgNdvWoY0bFw8eQw/Pp6Hc7kPz5xqx6O3Zao9VCIiIlokho8EAHCEQlCCbr5UHWEYzrq+Y7mNTcV+7N0/hze+5QEIIeDYNhKJBKwSB2hjU6qFEJBCIAxDADfXbHQEMOADgwEw4ClkwyhwHPvsLXLqdDmcyAEncgpbm4A3dGnoSQKB7yEcbejD7thE8yOUQig1mCwgJoqpYbx6Jg8BoGXjTjy6tXl0ewa9W+/A28UL+PJrLq6fOYfB27aivZpDJSIiokVj+EjwhIInGDzWslw2h+ee3l/VMdgFB5//7NdwYN9h/Pb//qvINGTg+x6EFEgmUwuahi2EGA8Zo+9DTGgJg4lrNl52Newbktg/VMIfqsKO5aKKzJ/t1nBXmwYlZTSV3bJg1VBDH6I4CJSCCf7NEMXTAAYKAJDB+vHg8abGre1of+0yBgs2LgIMH4mIiGocawKWuEBGVY9Uu3zfw09+tK9qVY+3OnH0FD72O3+M40dOQSkgDEI4dqHIdRhvGque9L1oHcQwDKFUVPk48fOpvMKXLil88kxtB49jCgL4+hWFL12SGPSjn9P3fTi2DTEawhLR3MIYVjkT0a10TNtVxtDZbIaIiKiOsPJxCZOKwWOtU0ohCAK8sv9wtYcyiV1w8PE//AQeefRBPPGBx6GUgmMXkEgmi+7mLISIapZGC5cCGa2VmBXAZQe47CpcdoAb/mxHqV0HR4BztsLDXRruaAWUknBtG4ZlIplIQmNDGqJZses1EREREVE8MHxcwlyhINlgpmZJKeG6Dgo5GyeOnq72cKb1L99+BsePnsavfeS9WLV2ZdTNOQhgJZIwzdnvfkzTxD9fdHGyEIWOubBCg46R4QD42mWF03ngoU4N3cmokjQMQliWhUQyyanYRLMQSsHg3whRbORPH8C3D2XhjD/9zOPAV5/GgZmvEV2umejduRM/u2HqFG0iIiKKP5bOLFGeUPDZYKYmhUEA17Hh2AUoKfH97zxT7SHN6sLZS/j4H30Szz29D5oWhaae68AuzD4V++VBgR/eAC45SzN4nOhQFvibcwrPDwESUXOdMAzgOs54h28imorF/URxch7PHZkYPM6DCnHxyGkcL/mYiIiIqBJY+bgECRVVPVJt8X0Pge9jYtZ04/ogvv+dH1dvUEWyCw7+5pOfx4H9h/HBjzyBTEMaSkk4dgHpTAP0aaYQD8SxLXUV2QL49lWFfUPA7c0a7u8ADCXg2AWk0mnoOlfHIrqVkJh+PTkiqoIAoQCARux5xx3YVfT1TuPbX72I60KiTldaISIiqnusfFyCXKHA6LF2KCnh2PZ48Khp0cdPn9mHP/wP/yU2jWaKcWDfYfyH3/1jfOPL34NjO1AK8D132n3XNPDuaTrXPeD71xWevKAwFGB0PU1n3g19iJYCwcpgoiXFu3oGp87l4N3an82+gVNnLiJr33qFHC6cOYPrWW/yduEhe+4MTl2deqxYnoOIiCjm+Op+iXGFQsDp1jVDKQXXdSCEgFJRpePnP/tP+Nhv/zE+/YnP11TwOMYuOPinL/4zPvY7f4wD+w4jDKOu1o5jwy7kkc/lkM/l0Gu4eH1ntUcbX6cKwJMXFM4WxgJIG2EQVHtYRLGiwKnXREvG8x/H1gffhjc9cg92//krN7eLF/Anux/Em978Juy+77/h5fELLuIff/0ePPTmt+GeO/81vn795lUufPkj2P3I2/CmB+/Bb37jRszPQUREFH+cdr2ECBWt9Ui1w/c8SCnh2KPTlvfFq6v1YtgFB5/5i8+js/s3sXrtyvHtE3tDvKFbQ2sC+Opl/t5Op98Dnryo8NhyDTubFbzRKlLTsqo8MqL4YNMZovjLn3wJ3ziahw8Ty7ftxJs2zb+xTHboZrLnTSwyLGTRP/a1PXHidg7XL9z8zp1QZZgdunTzm0nb43gOIiKi+DP+4A/+4A+qPQiqDFcoVoDUkLGqxxNHz+BP/u//jgtnL1d7SCUXBCGOHDyBN77lQQCAJkKYBQe6H8DK20hks1hnD2ODLGCfbKzyaG9SQkCKEEoEUCIEpISSAkpKQAM0rXJF5aECjmSBpK5hVVohDAU0TYNhcKE7IgDQocHSGT5SbSsUCmhsjM/j4HSuDwyju6Ntlj2G8NrxLGwksHzrCvSMbz+PHz3bjxEJABL5QRupzcvROef1Jkt2dqFdeEiuvR+//u63YXv3aI1FshvdHQKu1YsHfv29eHxb12j1RTPae5oB0YDb3/1ePH7/GrSMPny3tC9DixTI7HwXfunx+7G2Oc7nICKqrLnv76uvFh43lxpNsVXqkhBIhULI/+paEoYhXjt2Ch//o0/W5PTq+fjDJ96I29etnnWf78tGfDk1+z7lpJSC8BwoIaBbCRiJ5Bz7S0ApaBVsBPMzHcDP9WhQCrAsC8lUqmLnJoorU9PQaDF8pNp27do19PTMFLvFw5GTfdi+ad0se4w2jpnScOY8vvf1PlwZq/4zmnHPY3uwZc7rERFRNcx9f199tfC4udRwzcclYsqC1RR7Ugp8/nP/VPfBIwC8+NoFyDneB3mjnsdup3/WfcpBKYXAySN08tANE1ZD05zBIxBVP44HjxV6j+cnA8BXLkXnCoIAnjt9Mx+ipYStmIjibjXu29KIhAZAM7F8y4YJwSMRERHVA1brLwGeUAhZ4FpzbvQP4sTR09UeRkWcvHwDYRgiMcdahT+jhvEKuis0KkD4HoTnwkgmYSQWUUVYwfXmDowABaHwK6s1BKMNaBLJJDSueUdLVPTGBn//ieKscdMdeN+mao+CiIiIyoWVj3VOKsBj2UdNeumFV6s9hIpx/BChnLs8d7sZYrM3UPbxKKUQFHIQgQersWlxwWMVnMwDf9Gn4EmFIAjg2Da4wgYtZZK//kREREREVcPwsc75Us05nZXiyXW8uXeqExcGRiBEcSn5neFwWcciRQhvZAi6aSHR0FzR5jGldMkBPnEGGA4BKSVcx2EASUsWw0ciIiIiourhtOs6JlXU4Zpqk5RLqWS1+N/Te7QCfhjkcNlqKvkopAgR5EdgZRqLWtcx7oYC4M9PK/zaGg0rUgKObSOdyXAKNi05Epx6TVR9FkwDgMjjwFefxoH5Xt3QkSjDqIiIiKj8arOkh4ris9SjprV3tlZ7CIsipUAY+ghFEHV+nsWKtuKDRMs0sdrPLnZ4U0gRIihkYWWKayhTKnPdNovly2gK9ulCFGjbhcISC7aJWPlIFA+rcd/2ZqQX8j6AZqJ3OxvREBER1SpWPtYpVj3Wvp27t0FKAX2sY3INESKEqSvceVsvbmTzuDAwAj/wYZrTNz5JW/P7GdcrG8+XarAYCx5zsDJN0M3Zm96UWqWmdX/2vMK7VwK7mgHHLiCdydTk7xbRQjB8JIqHxg178J4N1R4FERERVRrDxzrlCgWTUytrWu/KHnR0tmFosPRVfuWklMK6rmb83mMPYXl7G0zdwIht44vPHsDXXzwMw7RgGtaE/SXWL2tHco5O1xNth13SMQeFHMxUuuLBY6V96RLgCeDedg2B4yKdSTOApCWB4SMRERERUfUwfKxTGZPBYz14/OffgL/9m6+iltYqa06Z+L3HHsK6ZcugjwbgXS0t+OijD+OB7bfhr777LE5dvQFdN6AAJAwNb9m7BYl5hI9NuoZeP4uLieZFjzf0HCgla66j9UJ946pCoIC3LNMA30E6k4FhMICk0hjL+Cb2NlITP6uJ29Sk1V6Vmrz//I+HaY4XnYNvxhERERERVQ/DR6IYe/StD+NvPvXlmqpOe+sdm7Gyo2M8eJxo55pe/LffeA+eO3oKT716AkopvPPeXVjd1TWvc1imidv8odKEj64NM5le9HFqyXevKQRK4rHlOmzbRiqVgjWP8Jeqo1zBHtRs4d1sYaCacjkREREREdGtGD4SxVhzcyPued0u7HvxSLWHUhQpBW5fuxKpxMz9KHVNw89s34j7tt2GMAxhGDqMBYSrK6W7mKECAJQUkEEAo6lt0ceqNU/1KwRS4p0rNDiOAwBLOoCcLdgb/1pNjtvmDAMnXWe24003BgZ7RERERERUHxg+EsXcjp2baiZ8XNnRjN7O9qL21TVtXlOtb7UG3oKvO0YGAYxkCppemaYvcfPMDYVAAk+s0uG6UZhbjgByfkFc6YK9aa+DaF3SW7cRERERERFReTB8JIq5Bx68E5/59FdQC+s+rulsg2lWZop4ly6RliEcfeF3YyLwYFgzV2kuBT8dVHClwBO9Oty8jWQqBSuRmLkqb8I3s62zd+t2IiIiIiIiWpoYPhLF3IoVPZBS1sS6j53NDbCMytytGLqOZUEefcnWBR8jqnxcWus9TufAMOBJiSdWavAdF2YgkEwtjQY8REREREREVF5Lc64hUY3ZuXNztYdQtEp1TrZME8vC/IKvr6SEFCF0dnoGABzNAn93QUEphSDw4bmLX1OTiIiWDl3XIYSo9jCIiKiMhBDQl+iSVbQ4/K0hqgFSymoPoSgnL99AGIYVO1+XXPi6j1JE49RqoKK0Ul7LA585B0ilIQgCBpBERFS01uZGXL0+yACSiKhOCSFw9fogWpsbqz0UqkGcdk20APNrhqGmXn7LmnkTt0+3zl7X8i4cO3ZmscMuu4sDWWQdB50V6prcsYjwEVIu2UYzs+mzgU+dU3j/Kg2ADwCcgk1ERHNa3t2BK/0DONl3sWbeNCUiouLpuo7W5kYs7+6o9lCoBjF8pNhZTGdc4GYgOG2zjGnCwqnHnO461W2g0d7ZVqUzz4/tB/j8T17Bbz/6YEXO16MtvLpCKQloDB+nc9EBPn1O4ZdXaWhBACklUuk0NC3+TY+IiKh6lnd38EUpERERTcHwcYkpNti7+UkVHewVf8zpu+OyM+7MVA3dOP9y8BR2rFqGh3duKvu5OuFDw8JCYaUUw7RZXPOAvz2v8Iu9QFcyhGPbSGcyvM2IiIiIiIhoXhg+1oF8MM203rGvY1C1R3ETNRSRcrRqUNOg6wZMwypZsPSX33sBG5d3YWWZKzYtw0Rb6GDQnH/Hak3To+pHmtGAD3z2PPC+VRpWpiQDSCIiIiIiIpo3ho81zpcKYS2VxVHVCSHwlr2bcedtq9CSyaB/OIcfHX4Nz588B8tKQi+qAYuClGrGTme2H+DLz7+K333bQ6Ud/C00TUObcBcUPuqmBSUEFNd+nFU2BD53XuGJXg3rMgJhGMKq0JqeREREREREVPsYPtY4jw0Fl4RSFprds7EXv/LwXWhtbAIAbFsNPLxrCw6du4g//dL3MOIEMI2Zw6Uw9CHEzY7WmqbDMEwYxuS7k/PXh+AHARLzDKqkUgjDsKjrWWZU+QjMv8JSN01oug4Z+jASbKgyG0cAf39e4T29GrbqPsNHIiIiIiIiKhrDxxonWPW4JJRymuudt61Gc0PjlO071/Tik7/5BP7ki9/Fq2evwjSt0crG6NxSCoRhgJ1revBLD96B1V3tOHd9CK/0XcI/HziG4YIDw7CgaToABT/wEIjiQsSJPN+HMY9KxLbQndfxJ9JNCzIMYSQWfIglI1DAkxcUPrJOYF0iYABJtYUrBRARERERVQ3DxxrmSwaPNH+OH0CfIcxsyWTwnz7wTnzlpy/ji88ewFDeGb8slbDw8/fuwjvv3YWWxibomoa2pmbsXr8Gv/L6e/DV51/Bd146iksDI2hrTOOJB/YgYc4/oArCEEai+DSwU/nzPscYM5WGn8/BTGdGQ1Oay/4hoDfjMXykmsK/biIiIiKi6mH4WMN8TrleOkpY+Xh1KDvnPu+8dy/edudOnOsfwMWBIUgpsXtdL9KpJDLJqVOUDd3Au++7A+943W64vo8gDJFKJGGZ87+L8cMAqXmEj80qnHunGRiJFHTDhnAdmOmGBR9nKdk/DNzZJln9SDWFPZKIiIiIiKqH4WMNY6OZpSOTKc2ahGHoY+Oy9qL2TVgWNq5cho0rlxV9fEM30JCaf/OXMUopBGEIcx6hZQaLS+GNVBqhU2D4OA/7h4CVaQ+mabLzNdUEVj4SEREREVUPn4/XKE65XlpWr+td1PWVUggCF3dtWIm9G1aXaFSl53geEqY147Tw6TRri/tbMJNp6KaFwM4v6jhLyf5h4JIj4boOFN8EoRrAjJyIiIiIqHoYPtaoQFZ7BFRJt+/dASkXXuFnQOBdr9uF33nrg2hrbi7hyErL9T2kknNPuRZSwA8COJ4HK3Dm3H8uicYWAIBfmHtKOkX2DwEiDOE6i7/9icpNY8cZIiIiIqKq4bTrGhVWofLR0jVYOpDQa/tFnFJR5agnAVlDVVubtq7HqRPn5n09IUJ87F0P4/Z1qxY1JbrchBDwwxCtTVE4GgWMIUIhIKTAjXQzhswkBhMNGNaTGDaSGIaFYaFjkTOvAQBWphGha8PPj4yHkTSz/cPAhgZge3MIIQQMw6j2kIhmVOMPW0RERERENY3hYw3ypUKlIzNL19Bg1serN00DkoaGpAE4IeDVyBT2B3/2Ppw8dga6Pr+QZ/f6FdixemWsg0cAyDlO1GimtQVBJo2v5ZMY1BMYViaGhY7hYHRHhShsLEPDJTOVgfA9+IUczGQK+gK6dS8lX7gE/KKuYbvhIZ3JVHs4RDOqj0cvIiIiIqLaxGnXNSis8JRrQ6uf4PFWSaN2fq43vfX1aG1vBuYZPa/pbJtX9+hqEJYF83V3IvnmR+Dt3AZndS+uJBrxipPAWXdC8FgBRiKJRKYRwnO5DmQRnh9UCMOo+pEorl/yGH4AACAASURBVFj5SERERERUPQwfa1Cl13usoXxu3nQN82puUm0f+I0nEITzT+ISVrwr+MTG9TBaW8e/dwKBS9VcSlDTYDU0QTct+PkRCN+r4mDi7UwBeHkECIMKJsRE81A79/BERERERPWJ4WONCaRCpSdd13vFSC39ePc/dA/e8Z5HEYQ+iq2AlDLe3YlETzdEe9ukbZcLIbJhlQY0gZFIItHYDBkG8PNZqJjfltXy/CBQ8PzY/67R0lRLbzAREREREdUjho81ptJTrgFA1MaSiAtWS01nAOCXP/QevOmtD8H3PSg1+y+EUgor2poqNLL5U6YJf8PayduUwmUnTv8nGqxMI8xkCoGdQ+jGuLtzlX6Xr3nA84MagsCvyvmJZsPokYiIiIiouhg+1pigCtlCIBW8Ok0ggyo07ymFD//uB/G//f5vwTA1BIELIaaWCUopYBgS63raqzDC4vjbNgP65LshKSXOFOL3v6JbCSQaW6BpGoJCFsJzqz2kqTQNwvcQOoWKn3r/sELeDaBqLMyn+sfCRyIiIiKi6mL4WEOEql6VniMUghrpCl0sVygUwtr9me5/6B781ZP/H375Q+9BS1sjPM9GELgIAhee78C0dPy7/+f3sH7rpmoPdVr+lo2QzVOrMkUY4oxdhQEVyUimYDU0QymFoJCLXQhpJJJQSsEZvAZZwUrE4QA4lFUQYQzmyxNNwCc6RERERETVpSmWqdQMTyg4Va5A1DVtygu5a67EyowOS9dqpjmNGv1H4ebKiVIpBBLwazRkPXWyD4cOHEEhb2Pnnm24fe+O6AIpkTpwCJoTn+nC/sYNED1d017WN1jA/zhVO52TZeDDt/NItcSrwtTLDkH4HgwrgWRzW0XKv9ZmgA+t1dHQ2Fj2cxEVK2VoSNXKgxPRDK5du4aenp5qD4OIiKgm8HEzfsxqD4CKF4eZz1IpTFxlMGVo2NBkVG08C6WN/jPx5aihabB0IKk05CrdUrwEbtu0DrdtWjf1Al2Hu3cXEsdfgzEwWPmB3cLfshGis2PGy8/ka++2jyMr0wQZBhCBD3vgGqx0A6yG8q7/edYGTuUVdqQFDKP27heoPjF3JCIiIiKqLs5GqiFxCB8n0jUNiTpshW1oQINZZ38amgZ/6yaEvSuqNgSVSsG7fceswaMQIc7FcL3Huei6ARkG1R7GJLppwsrcDBsDp4DQK3/166sjCr7vlf08RMUyuOgjEREREVFV1VnCUr+kAkTMZsibGlCH2SMAwNKjcLXeBGtXw9+6CSphVfS84bIeuHtvh2yafTpuGIQ4G5/Z4UXRrQQSTS2QIoRv5yq6zuJczFQaRiI1/r2fGyn7OQ9lget2CClZwUrVp6F+H6eIiIiIiGoFw8caEcYseATq/wVdvf5xiI52uHfuQbiy/FWQKpGAv30LgtvWFfULc80Oka/RfiVmMo1EpikKIGNUBWmlM5O+D+x8Wc8XKuDVESAM4nMb0NLFqkciIiIiouqr13yl7sRtyjUQVWPWs7qu29J1BOtWw71zN8IVy0rejEQ2ZOBvvg3u3Xsh2lqLvt5Zu3Z/qdRopV+ioRl+bhiIyRsGupWAmUqPfx+Fj+Ud26EcEMQogKWli+s9EhERERFVHxvO1IgwhklYIKMAsh4rIAOpIGMSHpWTSqUQrF+LYM0qmNcHYFzrh55bWGWcsiyIrk6Iro45p1fP5IJnAKix0kelEHoudMOApiegmxbMdAPckUGkWmde37KSzFQDQs8dD0T9fBaJxpYp+4WuDTOVmbJ9vq57wCtDEncnAlhWZaf4E01Uj49PRERERES1huFjDYjjeo8AoKDgCCBjaKUunKsqTyg4cSw1LSfDQLisG+GybkBIGNkstHwBum1Dc73oY3QarTIMqGQCKpmESqcgGzKQTU1QmfQcJ5nbsF9bt7sSAr6dgzc8gOZVG8a3m6kMlJRwhwdiEUDqpgkrlUHgFAAAoevASjdCm9CROijkoJlzPyQUG1AeygJ72xk+UnUZTB+JiIiIiKqO4WMNqHYOFi3Yr2G6l3BKAWfyAiszOixdi/0UNzX6j5r4/ehnpRQCCfj1Pp98LoYeTZWex3TpUlmeMXA6Jyp+3oWQgY/+Qy+ga8fdSE4IHsdYmaj60x0ZRKqlvdLDm8JMR9WPSka3r58fQXJ0XML3EDgFpNu7Zz2GnxtGoqm434uTeeBcPsSmlISuc4UPqo64PyYRERERES0FDB9rQDWbzSQNDSl99srGRsuY+cKY0QC4UsGtdqJL03rnmhSGPIkjw/Geei18F6HroPv2e6EbM9+NWplGwM7Dyw4h0dQKrYolwpquw0xnEBRyAAAR+JCBD91KQAY+jEQS2iwhoZcbgplqmNc5j+aAdS0+ksnU3DsTldhMb5oREREREVFlMXysAaJK6z2amoZ0HZaNpEZ/JgaQ8fShTRn83WkHBwbi2bAkdG0oKZFsbitqfyvTCOG7CPIjMJJpGIlkmUc4y1hSGQjPgQyjcNfPjyDV1gVoGoxZAkI/PwJN02FYiXmd73AWeL0bMHykqqjDhy+imqNiuGwQERHNTzULKKh+cC5czClUr/IxZdbvnYzJdcBi7Vc2pLG3I35rBQZ2DppujE+pLpaRSMFqaI5CSHthDX1KQtMmVS9KISA8F2YqPWOw6BeyEIGPREPzvE83HACHcwpBEM8gmeobw0eiylJKMWwkIqpzvK+nhWLlY8xVq+oRqO8XbvX8s9WLd61NoS8vMOTFo9W7nxuB1dAITV/YMgOariPR2ALhufDzIzCs5KzVhuViptIQngMR+AAALz+MTMeyafcN7DxCx0aypQ0L7Sp1JAvc2e6z8QxVHO/niSpHKQVN08ZflN76wpQvVImIas9YxePYffjY92P396yIpPlg+Bhz1VzvUakF5w2xx+fA8Zc2NLxvXQqfOG5XdRxKSgjfRaKppSTHM5IpGMkU/NwwpAjnXUVZCmY6Mx4+QgGhU4CZnryeY+jaCOw8Eo3NMKyFTxU/mQfO5wU2svEMVZhRrw9gRDEz9qJUSonjV/L49DMX8GLfCLwgHm8eEhHR4iUtHXeva8GHHlyFLcsbGUDSvPGVYMyFVXzeFtRx1+dqhrpUvNuaTdzVWdqKucSFPiQu9MHqv1LU/kpKmKlMSccAAImmVsjQR+AUSn7suRiJ1KSqS7+QG++CDUQNdfx8FlZDU0l+9sNZIPD9RR+HqFgaAK6uQVR+Y8GjUgrHL+fx4c8exo9PDjF4JCKqM14g8eOTQ/jwZw/j+OX8pPt/omKw8jHmqvnUzREKyTqdt+aKufeheNjRZmHfjYWtGah7LpKnjiL52jGkTh2dcrlMpuCvWg9v41Z4t22DnGYatG6W727SyjTByw5BN615N3NZ9LlTGQjPHf8+dAqwRtd1FL6HZFNryaaFH8kBP+sHSKbYeIYqQ+e78ERlN1bxIqWEUgp//fR5ho5ERHXOCyT++unz+LMntgIAdF1nBSQVheFjzMkqv5Mw7EukDA2WrtX8+llCRdWc7HJdW3a2mdjQZOB0rvjE2BgZQuNPf4D04Zdn3U/3XKROHUXq1FHI5Ldg33E/7DvumzaELAfdtGBlGhEUctBb2iv6oK1bCZipDEI3mtYeODaMRAq6lUCisTRTzMcMB8ChEYXXpQOu/UgVYXJeB1FFjK3vKITA/rPZag+HiIgqYP/ZLIQQMAyDlY9UNIaPMRaXWc+uYGBH1fVrmzL4s8OFOZvP6J6Lph9+a87QcabrNj73FDIvPYvcG94KZ/vehQ53XsxUBqHnQLgOzHTpp3fPeu50dO6xRVAD10ayTBWYR3LAnR0MH6kyTL77TlR2E6sehRDwqrlWEBERVYwXSgghxqseua47FYO/JTHGvI8okjY0/NrGNFKzlN+mj7yMzr/6+IKCx4l0z0XLd76M9i98quh1IedDBj7c4RuQIhzfZlhJiMAr+bnmohsmrAmBp/DcSVOxS+lkHjiXDyAlX5xS+bHykai8Jla6KKV4305EtMSMvfk0hhWQNBc+PY+xak+5JoqTlRkDv7YxPWW77rlo/8Kn0PKdL0MvYXCWuNCHjs/9ORqf+0HJjhu6DtyRQeimBd24WXhuJJIQvgclKr8YqZlqgKYb498Hbvka4BzNahBhOPeORItgahpY90hUfhObDTB8JCJaWiaGjwweqRgMH2OMT+OIJltheni48+b3jc/9AJ1/9XEkLvSV7ZyNzz2FjhJUQYaODT8/AiORnLKmYhRGGhBh5TtCa7o+qfpRBgHCMnXgPpwDPJZ0U5mx6pGossbWfSQioqWD9/00X3yKHmNxWfORKA58z4MUAvc3uOjd9wN0/48/QuNzT5W02nEmRv8V9HzxU9hy7LkFXT90bfh2FlamEcnmtmn30RNJyKDy4SMAmOkG6ObNtRgD14aSpa/CHA6Ao1m+rULlxfUeiSqHVS9EREsT7/9pvthwJsZYIER0UxAEOPPyUfzwM19GaLsVf+ckdFwMf+tb2HauD8df/66iO2KHngMASLf3zNrN2ko3wMsOQXgujAp1257ITGXg50cAAEoIhI4Nq6Gp5OcZDkp+SKJxuqax8pGIiIiIKGb4FD3GuOYjUUQKgevnLuG7//NJeHb5Kx1nM3j4KHq/9CkYI0NF7W8m0zBTmVmDRwDQdAOp1k4EbgGha5diqPNiptIwJnS6DpwClCj9+oytCT7sUPnM0pOKiIiIiIiqhK8CY4q5I9FNSins+6enqj2Mcf6VK+j+uz8vOoAslgwDpFo6IDwXgZ0v6bGLYaYbJn0v/NJ34G5JGnPvRLRADB+JiIiIiOKH4WNMVb7nLVF8CSFw+WT5msoshHJd9H7zyZKtOekXsgjsPJQUSDS1Qvju+JTtSjESyUlrP5YjfOxI8mGHysfUmT4SEREREcUNXwXGFKdcE93Uf+5y1adbT8e7cgXbjj2LxeQdMgxg37gKTdOQaGyGphtRB+pME4JCHkpU9q0IM5ke/1oEfkkbz6xt1NGZ4sMOlYehaTCZPRIRERERxQ5fBcYUm80Q3eTmKz8FuVi5557Dry4PsKVl/v27QtdG4BSQau2AlWmCpt+ckmwkkjCTqYpPvzaSKWDC+pQlq34UIR7o5EMOlQ+nXBMRERERxRNfCcaUZPhIBCBa7/Fa38VqD2NGnu3CO3IEv7E5g8dXF9mlWil42UFohoFkU+ukqc4TmakMhO9CBn4JRzw7TdcnT70uwbRy7+I5XPn0f0fu8IFFH4toJuxyTUREREQUT3yqHlOsfCSKBL6P3MBwtYcxq4vHTgMAHlqWwEe3Nsy6rwx8iMBHsrkdhpWcdV/NMGAkUgj9yk45nxg+ygVOu/avXUZu/7Pof/KvcfkT/wneudM4dOB4qYZINImGaNo1ERFRXNy5rhVv2NqJTILN9oiI5j9PkCpCB6DzhRQtcVJKCN+LXbOZW+UHhmCO/r1uaTbxkc0N+IsThWn31a3EvI5tpjNwhweQyDRNmg5dTrox4aGhyPVn/SsX4Z3vg3uhD96FPgTXr908nm7ANBO4cPYSNCFgmHzoodLjtGsiIirW7z+2EW/f04Njl/P46GcPwfZLu8b2o7u68e/fugHphIGvvXQVf/rNUyU9PhFRreErwBhSAKBFlRwaorxh8tfaNNuI6k8+72Dg1FncOH+l2kOZ1cCFK2i0bv4V3tVp4uyIhu9eXXwJ81gVoggDGPMMLhdKM26+Q2+mMtPu41+5CPfsKXgXzkZh48D1KfvougHDsKDrUZH92TMX0WBpMNkVhIiIiKpMA9DVlMC2lU3Y31faWTa2L1DwBJQChu2gpMcmIqpFDB/jSAHhrIs+znzZpGCSASbVMMdxIITA95/8ZrWHMif3lk7cQghsmD6zqwnCdca/Hut+7V+5CPfMyaiy8XwfwuHBSdfRNA2apkPXdWiaMR443iqbzaO9vbV8gyciIiIqkW0rGrG2M4OzN2wcvTy1CeC2FY3obU/jlfNZ9GdvNun70fEB/Oj4QCWHSkQUawwfY2gxtVIK6uYsyVkPxACT4svzPARBgP3few79Ma96HOMWHKQaoqBO13V8/UrtLtwaeg6C/isILp1Hvr8f7oU+iOzUigBdN6AbBgzdQLF//dlsgeEjERERxdqO3ib82zevx/aVTdAQvXI6cimH//LdMzh8MYd1XRl87K0bsGdNCzQAfijRn/PR1ZTA5569iNdv7cBt3Q2wfYG/f+4SPvX0+fGp3q9eyKK9wUJve/S88cXTw/jYPx4r+dRvIqI4YfgYQ9WOLBhgUjVJKeG6Lg79+GU8VQNVj2PGgkcAGPCBC84sO8dY/thBXPn8pyALeZhmAroeTcG+WdV48/NCZLNTqwaIiIiI4uTDD6/B9pVNGLEDvHI+i92rm7FjZRN+8w1r8FufO4z339+L3atb4PgCr5zP4rbuDHrbUnADibwbou+6g5VtKWQSBvasaR4/rgbg9lXNEFLBDyWSpo6dq5rw6O3d+NK+2njDnYhoIdjtOoaqHT6WgoKCVApCKYRSIZAKvlTwhIIrFByhYIcKhVAiH0jkAolsIDHiSwz70eesr5ANFHKBQj5UKITRdZzRY3giOmYggVBFHcKlqo/bbykLwxD9F67iB/9QO8GjvKUpSyGs3d/Cwae+CVnIQ9N0WFYSppVEIpFGIpGCaSZgGOaCg0cAECHf1SciIqL4emBTOzYta4CUCt862I9//4Vj+NbBfgipcFt3A955xzLsWtUMXQMOnBvB7z15BN94pR+BiF7/jNgh/q8vHcfVYW/a41/Levg3/3AUf/DVk8g6ISxDR0djZdb1JiKqFlY+xlCRzWXrmkIUYGIRFZhRJaU2XlU5bROf8W2swIwLpRS+8l//bso6inGWTCcnfb+20Zhhz4XRdB2QsqTHnI5/9RKCi+dhWSmYpgXTLP0TYcMo7W1DREREVEpNKRNJS4dUgBtEz78GCwFCqZC0dCxvTSFlRW/EDuTn30zG9gSePz2EO9e1wgsl0gk+NyKi+sfwMZaYPpaCQhRkTdow695TMcCsvPPHzmDkxlC1hzEvPWtWTNm2pkHHuUJpAkPNMCClQLmfmuZffn58mvXYZyIiIiK6ydD5DJ+IaL4YPsYQo8f4KEeAOTGUZIA5Da32fuJl63qnbHukR8d//sRXYHV0werogtnZDbN5/o1WZOADSkE3yn93XTh6EMDY+o7lCR8bm2q4DTgRERHVvZwbwgui9RjHKhzbGyyYugYvkBhxAoQieoO5o9ECADCPJCKaHcPHGOK06/pSzgBz7GugfgJMVYN/ABt2bJyyzT95BCPPfG/SNquzG1bXMlhdPbA6uucMJYNCDkpKpFo7yzLuiQqHDyAcvAGgfFOjW1qasH79qrIcm4iIiGi+Ohot/NkTW8e/D4TCP/z0Es4NONi9uhlv3tmF7uYk9q5phqFrOHPdxmd/chG7VzdjeWsKd61rxT/+1h3obk7AMjQEC1zamuElEdU7ho8xVHvRC5VbJQLMSUFmFQPMletXQSoFvQoVkFJKCCmgABi6DqOI6j8hBTbv2T5l+4njfTDNBJSSUEpBKYngRj+CG/3Ascn7Go1NsDp7bgaTXcuAMIBz7TKSK3qR2LKrRD/hzOwjr4x/Xa6qx917ts69ExEREVGZXR3x4I12m85MWHNxxAkxkPfxlz88h3/36Aas68rgke2dUADOXLfxlz88BwD44otX0NuexuqONNZ0ppF3Q0gFhELBC4tbdsf2QnihhGloWN2RLsePSUQUGwwfY4jhI5VD1QPMCZfNpqG5EYl0AqE7/wW8F0oqBT/wEcoQnW0tSCVM9A+NIPBDJK0EtFkG3rWiC6mGqU8Yz5+7DGPaqdJqNIxUkFJCKQlZyMPN5+CePTVpzyDw0P7I29FY5vBR5LLjU6513VhUN+vZbN22vizHJSIiIpqPTz19Hp96+vys+zzxiZdx57pWdDcl0J/zsb9vePyy504N4bk/fwn3b2yHF0rcsbYF77+/F14oMeKEAID3fuLlScf7j19/Df/x66+Nf3/0ch4f+dtDWN6SxMEL2RL+dERE8cPwMY6YPlJMVSrA7F69ApdPnitqTFJKKKiiqhRnur7tu7h3zxa84Z5daEynYZomXN/Dt5/ehxcOnkQmOfO70ctX9ky7/eqV6zNcQ4t+fm1qheFYhaRSMrr1NMC/WNztsBiFQy9DBT6A8jaa2bKF4SMRERHVjomB40SP7enByrYU9vWNQCmFu9e3wjI0DOT9Ga8znf6sh/6sV6rhEhHFFsPHGGL2SPWsmABz5ZbbZg0fAxEiFCGEvLmwjqbpSJoJmPNYrzAQIaBJ/KtfeBO2b1gzKcBMWhbe/aYH0N7ahO/9+BUkrcS0x2jvap+yLQxDDA/nix7HzZ9Bg6YZwGhfa13TEVwof/hoHxtrNKOVLXxcsaIbW7YyfCQiIqLa98j2LtyzoRUffODmWtY5N8TXXr5axVEREcUXw8cYYvhIS13PLE1J/DBAMmli76b12NC7DKtXdKEhncahU2fxrR/ug+N4c06VBqLgsakxhV94889g67rV0+5jmSbe+Lo9uHxtEMdOXZo22AxvOY8QArZtw3HcIn7S2QkRovHOBxZ9nNl4F8/COX0CwNiU6/Kstblj56ayHJeIiIio0j75g7M4erkDG3sa0Npg4bWrBXzv8HW8dHak2kMjIoolho8xVIPNfolKKtPUMONl63q78avveCPSqdSkpjSv27kVO29bi289/SKeO3AcKSs5bViolIIfBmhpzuDD730zetqnVi5OZOgG3vvoQ/h/P/MVFPIedH3yeoiBpiMXqNGGPAqObeMf//6bkHJxf8hChDA7u9Hx9vcs6jhzKbz60vjXul6+h4RdtzN8JCIiovpw9HIeRy/Pf5YLEdFSVZ6uArQozB5pyZvlj+ANr7sdDen0lG7YuqahKZPBux75GXzo3Y/ASuhwfBeBCCGVgpACfhjA9l2sWtGJj/7i2+YMHsdkkkm8++fuh24CQRg1wpFKwQ08rNqzFa7vIVQKrh/gRz98Ed/42g8W/KOPkVKgYefeRR9n1nM4NvKj4aOuG1OC1VJi5SMREREREdHSxMrHGGL4SEudEGLGy7J5Z9brWqaJ2zdtwNqVy/CdZ/bh0MlzyBVsWJaJno4W3H37Ztx7+zYkLWteY9q6bjV+91fejs997SlcvDYAANixcTW2pFMYcV0YugEhBL745DfmddyZSCWRWrexJMeaSf7V/RDZaFF0fR5rZc7Xtu0bsGxZZ9mOT0RERERERPHF8DGGOO2alrrlG9bMeNlPDxzHPbs2z3mMloYG/MLPPYC3P3wPHN9H0rJgmSYSljWlarJYyzo68Nu//BhOn7+CdCqJVcu6kBwcgteQhqPr+N43n0Z2AY1mpqOhPGsvTlQ4uD86l6bDKOOU651F/H8RERERERFRfWL4GEOKtY+0xGWaGxEKMe2ajf0DI7gxnEVna/OcxzF0Aw3pNBrS6dKNLZnCzo3rJm1rv3wV/akUfvLD50tyDqUUlJIw2zpKcrzpOK8dg3v2FIDyVj0CwKbtm+CIaF1MDYCmjX5G9MWt24mIiIiIiKh+MHyMIQ2cek1LWxD4aF3Rify1oSmXSaXgeF4VRjWZUmq8M7QuJDouXEL/6HTsxZIyRGrdxrKGj4VX949/bejlCx+bmhuxcdtt8MR092pTt0UhpDZtIKlNE1QywCQiIiIiIoo3NpwholiRQsB1HKx98H4IOXXtxyAM0NnWUoWRTabdMnXbcj387pvvL8mxhRRouqs0x5pOMHgd+dHwUTdMaFr5Hgq27tiIRDJR9P4KUcAslEKoFAKp4I9+eELBFQqOULBDhUKokA8l8oFELpDIBhIjfvSRDRRygUI+iPazRz+c0WN4IjpmIBUCCYQKEAqQim/+EBERERERlRIrH2OJtY+0NAkh4NgFXHWBn6zYDaPlx2gYGRrvwhyEAfZuX4d0ovgwqxykUtOuG/nI7Zvw6rkrGEhm8KHf/gC+9oVv4l++9dS8jh2KAK2vfwsad99dquFOUTj4ElQQde0uZ9UjAGzdWfn1HhWiytRJG+a8xmTTVWACt1ZdTqy01GbYTkREREREtLQxfIwhTWPTGVp6lFJw7AKGfOAzFzS4VhrGY++D9vefQCIMIKVE2NGBNzxQvlCu2HHO1rDmAx96L0Za2wEAP//et+FG/w0c2Hew6ONLIcre5XpsyrWm69DLHT7uKO/PUi6VDjCj7QwwiYiIiIio/jB8JCohDYCpazDqIDEQCghkZVJwpRTsQgFOqPC/LmlwR2dbi+Wr4PzyRyG+9xWo7l44b34Hvggbv6MuVS2UUVAzdqIebO8aDx7H/Kvf+VX81z/9n3jt2Kk5jy1EiNTGrUit31SSsU6n8Op++NcuA0BZO1wDQO/qFVi7flVZzxFn5Qgwp1vfctYAc8JlRERERERE1cDwMYb4OrE2mZqGjKlBr6P/wEAChbC8AaRSCrZdgB1IfOaChqvu5MvF8lVwPvCvAUR/G6+gEX+LZfigulrWcU0nCENY5sx3m94MXbV/7//4LXzuL5/EC8/un/ZyYDSkymTQ8fb3LHqcs8m/+hKAKNAqe9XjztqseoyTuASYY9chIppobP1jTdOQMDX4ZX7OQERE1ZcwtUn3/0TFYPhIVAIagAZrpnq42mXpGhpNDflQlu0cvudBCoGvXp0aPM7kx1oLOhHg7ao03aWL4fo+UrOsNRmaFtxUZsbL3//hX4JtOzh04Mj01w99tNz1BlgdXYse60y8i+dgH42mgBuGVfYnC9t2VH69R5qqkgHmze3ajJcRUX3RtOhF6J7eDF44W6j2cIiIqMz29GbG7/uJisXwkagELL3+gscxpg7omgZZhoVIlVIIwwD/64LC8cL8bsGvap1IQOHn1GDJx3Urx/OQnKPJzUhrO6Q+e9fo+x++d8bwsRKy2QgOWQAAIABJREFULzwDADAME4ZR3rv/js427LlrZ1nPQZVT6gATmL5xz+TLtNGlLBY1dCIqE03ToJQaraTX8b47O3Dggg1fsPqRiKheJQwN77uzA7quT6p+VGxaQXPgU/oYqtcQq57V01Tr6ZTjjkIKAbtQwD+eLqAwmMUe9zp6wvlVTHxB68KfaauQLeP7KLbrIplIzNpkxkumpqz1OJ2de7bjztftmbJdKQmlFKzu5Ysa62yc0yeQf+mn0DQNhmGV7Txj7r5/L1LpZNnPQ7VDIeoUL0Y/QqkQSAVfKnhCwRUKzuiHHUafGTwSxdPEapex8HHriib8yduX447eJBL1sPg1ERGNSxga7uhN4k/evhxbVzRNCh8BTr+mubHyMY40FFFVQnFSob4sVVPqSddSCNh2AQhDPGz3Y5tmR7/3EhgqCHxfa8Oz6WXwtLnvoo5qGfyf2jp8UF3FHSpXsjH6QQDH89DU0DBr8BhYCVzvWQFV5APuBz/6fnQv78a3v/rP49vC0EfHY+9Fw869ix73TLI//REAwDDLP90aAO6+r3w/Cy0N6fIuSUpEizRW9Ri9qWXAsixs723B73cmEQQBwjCEEILVMET0/7N35/Fx1ve96D+/Z5td+2LJm2TZlvHGEpvNkGBSCgkJJC/CaTlJTm+atkm6HHKaU3L7um3uyXLuuWlOF3JvSNM2NyctaZLSFgIkQAgYs5hgHNt4wRbGljftki1p9plnuX+MZjySZkazb/q8Xy+hmWee5SfLHvF89P39vlTD4u/xiqJAVVXY7XaoqgpZlhM/A+I/D4gyYfhYhfjPtvbEukLX53fOsFDUKdemYcDv90MYOppPn0e7MX+hx2ZVxv2YxW7fJB5VV2PA3rrkOQOQ8C3RjR4RwvusadxoeWHLMzI1TBPeQACqLKPR7c68r6xgtHs1IlpuFX53f/QuGLqB5576BQxTh9LWCc8Nt+Y13mz4jx9C4O23YtOtS9zhGgA2bdmAq7ay2QzlTxYCar2XlBPVgeTwUZlryCZJEqLRKEzThGnGfhYzgCQiqj3xQFGSJEiSBFVVoaoqFEVZFD4SLYXhI1ERWABChgV7nU0zMi0gUMTOlbGKxwCUYBANF0eghNJ3mGmzafi98Dn8HZBVAAkAZ2HHWbECe51deLA9BNfUJGR/AMJMH0RakoSox42g3QZ9bAxaKISGJaodAcCUJFxc0wtdyW8K8z33341QKIwXnn0R9r7SNmaZfX1v2aZbA8ANu1j1SIVx1Nl7KVE9WljtoqoqJEmCLMvQNA2GYQBg8EhEVMvi7/GyLCfe41n1SPlg+FiF+E+3NoUMCxETUMVcAxqxsHlCbbCAubXYgPN+A6ucMpSkHyiGBVh5rAtgzK3xqASDaD5zHmLupiQTp82O3/QP4v+2NWY1BRsAtjYreGCdA5bsgW9FrHO0HAhCCochRSIQugFTU2HabTBtNoQFEAwEAQgYDa3oungOUjCY8RqWEDjXu3HJBjOZhEMhbPvAHRjt7IG37+q8z7MU74F9CJ15B4qqleV/DOwOG65n+EgFUCTBtR6JasTCG8/4zallWYkPIiKqbfGgceFH/DWibDB8JCoi07IQtoDwgkUg3YpUMzfTArHwVJWATY2p3yL8enyqeXYsy0I4FMwpeIzrcDpwm/ccnmvoW3LfnW0qHljnWLTdcDpgOBdvNw0DIb8PpinBMGPfoKmOFVh5bjDtNaKqhvM967Mef2oWgsEATgW0kgaPlqFj9vU9ZZtuDQA33boTrW3NZbkW1SdWPRLVlngAGQ8dgcXVjgwhiYhqz8JgcWF3awaPlAuGj0QlVkvBY7ZcikDIiFV7ZiMUDMKMRNB8YSSn4BEAJCFwg34Zzy2x30fW2PHeFVpO57YsC4ZxJXgEgJDmwExTCxqnLy3af6apBZPtK3K6RirhUBjjIQPnjdzGm6vZ119CdHQEqlq+rtPve/9NZbsW1R9NEmD2SFR7ktf8Sq6ISd5GRES1Kfk9PF7Vzvd1ylWdRSL1gf+O64dWx9MH7bLIaip5JBKBEQ6h+cz5jGs8ZtKoSlgbmUn7+gPrHDkHjwBgWZgXPMZdbm2HKc9vtTu+YmVRgkcACEfCOG/YMGOWrp2v4fNi5pUXICtK2f7nYMeN12ATG81QAept3Vyi5SQ5dCQiovrE93rKFysfiUpIrdPgMU4SAkaGqVSmaSIcDMIzPAYlmF/wCACKJKNd9+Oc1jhvu10W+IOrnFjpzC/Ei0SjKbcbkgy/yw3P7AyiqobJji4EnK68rrFQNBpFMBzGeb2hKOdLZ/b1l4CAH7JS2urKZO/7tZvLdi2qPzZZgA2uieoLb1CJiIgIYPhYlfi/afUjh2UR61IkHIbN64XjcvqqxWwoioIheX5Y12yT8NsbHHkHjwBg6AbS/YvzNzRC1nVMtXUiYrPnfY2FwuEQTkc0jBil6zwdnRzDzMvPQy1Td2sA2LRlA3bedE3Zrkf1RUCw6pGIiIiIqE4xfCQqId0CyrfaXnmZVqzBTjqGriMaDKL9wkjB15qWNIwo7sTzbqeMP7jKWVBjCtM0YRgW0oWPIbsDoRUrYcjFe5s0TQORcBjndGfRzpnK7OsvQZHkslacvO/XuNYj5c8m8xdvRERERET1qs4nhdYmTjurH1HTQqQOyx8tAEHDQqavLBqNomFkLOcGM6l812iBay5o3NqsFBw8ArGqTCtD3GEIuajBIwCEQmFcDAuc10s3FTp84Sz8+1+DJJVuPcmFVFXFe24oXdduqm+yYNUjEREREVE9Y+VjFZKEADLGOlRLTnsNNKoC7Xa55teAtCwgYlqImMi41iMAmP4A7AVOtwaAk4aCY/4o1rcIbHYqeGCdo+BzWpaFSESHmaLZTClFwiEM6jboJazxmt23B3IZp1sDwFXbNqCh0VPWa1L90Gr8fZGIiIiIiDJj+FiFylevRMXiUiTIInXValON3VnrJhBKqmq0EAsdgcyVjskMXYdjcqoo42m/bjM+7TUwEYrig+vcSx+QhUgkAsMsyqmyFg6HcCms47xRnK8hleCptxF++0hZqx4BsOqR8qYIARurHomIiIiI6hrDxyokRGztK9Y+1oZaCxeXokiAWxKYjuSfzpmmCcest+Cx6N0r4PQ4sbOIRXWWZSEcCsM0yxvQhUNhDOo2zJbwut5XXyx78AgAm7dtLPs1qT7Y+Ns2IiIiIqK6V1+pSR2RytgogvLnUur3++RS8n97EP4A5Ei0oOtbsgx9zaqCzpFKNBKBaZb3+6brUYTnplyXiv/IrxA9N1iy82fSvWpFRa5LtU2VBFQuckxEREREVPdY+VilJAEYLH2sekodh8SFzISUitBkRl+7CpaS+1uUaZqwTBO6oQMALNOEaZoABHQ9ts20yl31GMKZqIYxo3RrMfpefaGs3a3j2jtbIcssX6PcCIBNZoiIiIiIlgmGj1VKFkBhdWNUFnV871zIl6b6/AVd23Q5oXd3ZdzH0HVYsGAYJkzDgGnGPs8buIV5z2XDBHQT0SJ3sc7ENE2EwmEM6s6SXcO3/1UYE+MlO38mHZ1tFbku1Ta7LAr6BQcREREREdUOho9VijPRaoNhAfU687qg2kVPYU1VZjrbEZ2ZSWSH2XyWDRNaOAzZMKCGw5AME2ooDAFADYcgzXWYubi6t6xdncLhEEYjwFldK8n5rUgY3pd/UZJzZ6OxuaFi16bapEpsMkNEREREtJwwfKxSElvO1ISgbsGj1udNdEjP/++fZc9ubUMhxKKgPex0QpIEbMFgxmMlw4AaCsMeCMLmD2R1PZ+7AWG7I6t9iyUcCuFcWIFRojJZ7769sPy+kpw7G41NDB8pe5xuTURERES0/DB8rFJ1vJRgXTEsC74o4FQWh2i1yrCAgG7BsPIPH02XC6ZNgxSOzNsuRKyZUvwjFSUUguvshbyvnYm3oSmn/YOBAAzDgKzIUFUVipL7mo0tDiceGBrADl3FKcmBAa0ZI2px2ncbs9Pwvfx8Uc6Vr+aWxopen2oLp1sTERERES0/DB+rlCTA2scaoVsWvFELkhA1vwSkBcC0rIL/3lmWhXBLMxwjYwAAWQhIUvrAsRxMSUbQmdu6iw6nE4GAH97ZGQCAJMmwOxxwOl2QpKW7gct6FF1n3wVkCdfJBq6FD+HwJZwM2nBMbsCArRmTSv5rQXpf3QMUEBIXQ2NTcYJUqn+cbk1EREREtDwxfKxSArEKsUKqz6h8LIDfqyShUBBWgwfu0XHIklQVlbwhhxOWWDowXCgWNMqYnZmGaRoI+H0Ih0JobWvPeJxkGmi9eG5eOCgA2DUN18DCdmsaocAYDlkO7Ld14B17a07jEpcmEHjztZy/nmJrbm2u9BCoBnC6NRERERHR8pX7nTiVTb1M46XlR0R1tI6OQZGrI3gEgKAj/wpDu92O1rZ22Gx2ALG1KpfScvE8tAzrVkpCwGm3Y5fDwmci5/CJmRPYGJrKekz/myuIvhW5BZalsKKro9JDoBrA6dZERERERMsXw8cqxvCRalXz+GTWTWDKJeAsrAO3LMtobGpGe8cKtLS2Zdy3ZegC7Dk0gXHa7bjZbuJ3w4O4e/Y0PEYk4/4brQBuVYP4+ic/VNEAUlFkdKzI/GdBxOnWRERERETLG8PHKsZvDtWqbCoDy0lXVERs2XXgXspSX1vj+Aics9N5ndftcOIuNYDPeE9gS3Ai7b4fQaxC0m3XKhpAdq3srMh1qbYweCQiIiIiWt6Yb1WxKstviLIWXLsGekP1NCKJaMUJHpfivjwFz9RkQedQZBl9ThUfD5zBewIji17fYXmxybpSVeq2a/jS/XfAbdcKum4+uletKPs1qbbYZQGFP8uIiIiIiJY1NpypYrHOwGxiQrXHUmT4Nm+CNjEJ29AI5FAou+NkGaFVK2G4Mq/PKIXDcx8RyP4A5EDmKd6mLGc99nzZfV40jQ4X7XzNHg/u856HbNewX7pS2XivtXhdyM4mD770H34dD/3j00W7fja6VzN8pPQUSbDJDBERERERMXysZixLpVoXaW9DpL0NztffhGxZECIeql9hyTL0Bg+iLc2INjfDUrIJCudXVcr+ALSJSaiXL0MKL14v0ZBKGz7K0ShaRi4W/bwetxvXNZgYnZjCeUcrbremsRLhlPtuX9uF7Wu7cOTc4mrJUlm1urts16Law+CRiIiIiIgAho9VTRJAoxaLIK25Ash4HaQ19x8L1pVtafdJvW3evpbFGksqmWhrM6zx+dORo+vWQu/uKsr5DZcTQdcaBHvWQOjGokpIX1gvynXSaR65CEkv/jVCre1o8nnxYT2Eb6EV91qZp3TfcfXGsoaPrHykdDjdmoiIiIiI4hg+Vrn4vVvK9R9F8h7FudLSgWXqsDNtAJp2H4ady4nR2QElKXw0WpuLFjwuZCnyovUmjRk/UKL8sWFiLKfO1rmQBbDRjCKsmbjXmoQHRsb9b+rvAbC3JGNJhWs+Uioqp1sTEREREVESho80TzzPXHTbKBY9KMaVYqEkqzrrntnYALOxAdLMLEyXE9ENfWW9vpBKs36qLeBHw+R40c8LAJaioGnmcuw6qppyrceF3HatbFOve9aths1W/iY3VN0kIeBg8EhEREREREkYPlJFCZS5qhMpqjHTVHUuDjHTP2dV59IiV22ENDMLo7Wl/Bcv0TekZehCaU4MQLPMvFreb+/pLkv4uOXqTSW/BtUehywgMXskIiIiIqIkDB9p2Ug7hZ1VnWVhKUplgscSaZgYg6xHS3JuIcSixjzVZsv2/koPgaqMQxZQ2SmNiIiIiIgWYPhIVCK1XtWZep/aCTvnEcWddq2GgiWbbg0AcpUHjwCwvn9dpYdAVUSTBGycbk1ERERERCkwfCSqA5Wo6kxfnVl9VZ2yJAEwi3Q2oHFirGjnSkUuYN7q2LS3iCNJbcOmXjQ0ukt+HaoNihBwsLU1ERERERGlwfCRiHKWuTFR6as648+zreqMygLBIoxIMg20jI3C7itdwFdI8OgPR/D6wNkijia1TVs2lPwaVBsEAIciivavnoiI8mAG4J01YGvwQOPyF0REVIUYPhJRVStGVaehCMwWMAbJNNAyNQHP7Az0SKSkU89lkd9dgz8cwUP/+DR8oUiRR7TYBk65pjlORYCzrYkobvjlw/jJ0MKtDtz7QD+6KzGglKZx9KmzeNUXfy6w8qpu3HNNeyUHVZjRQXzp7y9j40dvwee2TuPsgSG8dtSPZy8B2ze14rfv7kMrQ0kiIqogho9EVPdEAWsoSqaB7ovnYAuHYJilXfNSEiLnBtdnxqbw+BvH8Pxb75RmUCms7+8t27WoetllAZWtrYkoydQ5H753Fui3X0m6uld4YCvrKKax59vH8EX3Suz/ZKqfV1EMnvHhe7odn+pWAD2Mx54awKNHfXj0k73QyjrW4oroAM5fxF88H0DvOg03axHsOTiCN30SHn2gtr82IiKqbQwfa4BpXVmtLm3/klTbUrzA20Si7CUHjwBgmMVbNzKVbKdcHz03gn0DZ7Fv4FxZ1nhMdtv7b0JnR0tddGCn/KmSgJ0lj0SUSkMz/ubBLWit2ACi8GYzCaCjFZ97IBZOfuKF/Xj/qxPYM96LOztKO7qS69mKR/6P+BMdO7//S/z++VkMA+ip4LCIiGh5Y/hYAyQBBHQLulmaW/rFt4+pq6/S3WaKFE9yCkkXvJjtsSnXHFy0r8hpjBmvL5bej+pLx9hwIng0SxyqSUJASlP2eGZsCkfOjeDI2REcOTdclqnV6dx11y64MjYXufJaIY2J6r4Dew2ThYCTDWaIKEeRd47hq49N4zkdgCThnlv68Ge7OwFM4blvD+DVjWvxiekL+P1jOu65+0Y8uGkMj31/EN+YBCAp+Ph6DQeGNXz1C1vRY07htR+cwpfO6PAC8DR58Minr0a/ewJPPjyAr00DmB7C9V8ewsc/fAsevC7z2DzNGgAfTl4Edpw5jL95PYB9s2bs3G3N+O6nt6DHDuDiAL72wwk8GYgd19Pdjm//bj9aU27vxpG/fwsPN63FE/evBsxBPPzfh/CDhmY88+AWtM5VaH67Yy3+5b4uTO07hode8OGoGft6H/zoFnx8qwcYP4E//64Xt9zXiclnLuDhaSce+fPrsGP4yjVb3RJsSBEumlMYngbQYK9gGExERMTwsWYoAtBLdO7FN+5W4sa/CCersPIOKGWQm/qFpYPTEgW5KbfnEOQu2p7jOBPbqzzMtYVDcCU1ljFKFP4DseBRlWNT1CI2O8I2O06PTOL7P/oJ3jo7DE2zl+zaubjhxqtxzTWbst6/ZhoTLXiesqpzQWC6nLHBDBFlFAnjwP7Tc2GXgu7ta9GtXcAPHp/GwJouvPDxtcCBI/jkM4N4rLcT9/e0or8b+PNXBzHQ3YSvfMCD3q3AwE/O4Rs+Nx55cDO2+wbx8D9NYKC7ET0AvHsH8cWzEh76retxT/cUHvv2aXz6sdN48VNrcden1iL83XP4RlMnXvhoO2zOpYfsvRwBoGHTKsAz6cDOXe34/EYXtMmL+NIPLuPhV6bw13fI2PPUBJ5sascLX+iHJzCGgYtKLERMud2D3g4Jw2diVYfdZ/04YJfQPx3EyRCwS5vCkXFg184uYPI0/uYFHxqu68P+u1sx/NRBfOTxU+hffx12dDRguzKFP//hEO65rhOPrG3AdlzA934wgSMdnXjio+3AkXfx+3tC87+o0dP43o9H8O1ZDX/2qT54iv19JiIiygHDxxohC4EqTPZogZRBbuoX8jlZhVU+yAVSNJ5Jue/8bUEj97G7FnS0NvNO5DMLexrga21DVNGgq2pi+8v7DuPw4MWC1qsstg/e/d5KDyGtYjQmyv4qS1V1xh6krOBMtS3pebVXdToVARY9ElFGoQAe3RsPwjT8ds9adI9O4bshBQ/t7oNHAnB9O+594RyefGsI9/eshEeTANjx0Ke3YocEAIP49jsmdlzXhR1NGtDUgn7nBCBJAKaw71gIkTVduKdHA9CFu7YP4RsvX8aboT7sarDDJgFQFHiamtKPc3wK3/7hDKBHsO9sBD3rVmJ3B6B19OMeMwDvbARoa8TNDdPYp5sA5Nhxl7zYc3IKd23qRP8mAJhOsx3o6XVCOxzEwDTgORfCQEcD/uTSLIaHASCIA7Djt9crmHpzBs+ZTjzygS4AQPetzbjz4AT2HAxgx80abBqAjk782Yf7Yic+chjfDUl48H0b0N0EYL0DvcnhY+Q0vvGdERzpbsY//VY/+pt4y0dERJXFn0Q1QpFi1VGlCkCIqk2qIBdAXlW5+VQtzjY0oXF6CpJp5l8JvITpFd3wNaeeCDV8caQ0F83T5m0bseU92+HTY38YOS9bkOLFrKt601xsySUWkjYUuzI3c1VnprPnYn7YmT7ITD2FPe22PNfqtMkCGhvMENFSUq35eBGIAECiD40drU5gYDZ5GREpFhrOiZiATUrVotlE2MRcEBnjaVQAhDB1Cci5rbZiw/0f7k10u44cewuff9yLAUVCtwJMhoBYltiE3fd14XM/HsFfPHYCX0tMjU633QNsdOFejOHkeaBtNIRd3WvRi2n85Nw0btcDGGhwob8JgG7O//qbNLQBODvjT/rjSfqz0IEIJNjSTYzQJGhQcP/dW2LnJyIiqjCGjzVCAJBFrPkMEZWerqq4sKYPLr8XWjAA2/Tlop5/Yu06hJ2utK8PXxgGEAuFqoHDaYeePF+56pRvYOVaJzfd9lzWyk0ZpKa6l8eVqdTxeNmyYofG/2SVlMcREWVBQazTcqJvWwThCNDfkLn/cjhlo7e5kC7ptUhIB6CgtSWHMSU1nLliCnv2eDG8fjVeeGAtgNgaknsSx/ThU3/Uh09duoAnf3wBX0tMjU6z3d6E/qYxPHvhNFaOSth+dTt6MYg9o5dxbySC7lVd6AYwpUi4EqoCCOmIAOhudAHwI3dtuP9eBbYVeRxKRERUAryVqCGc6kZUXrqqYqapBT53Q9HOGWhsxlD/lozBo2maGLo4nHheDQGk0+mo9BCqhrXow4JpLf4w0nzoyR9m7COa5iOS4iMc/zCufITSfARTfAT01B/+uY/YcxNBw0TAMBExLShS7BdgRER52ejBvZKOn7wxFHt+bBKPBSTc3teZ5oBmbO8GDpwcxdHpALxvj2HPbPy1VmzrUYDzl/HatA6YU9jzVghoc2F7ciWgniq4zFJERwQ6vCdj152MRAAEcPbIhVgn7ZYu7FqvAKYJbyjddgBoR3+3hAPDl3FkVsPGdUDrShvaRqfw7Diwuy82zbp1gxPbEMCefdMAdEy9NoOfQMP2jWkWrFznwJ3QsedXI4AZwNlDfrwJAObcCvE+HwZHZjE8WaoV44mIiHLDyscaokgCyGPtOqLlrtB1E01ZLso4LnWvQqCxecn9RodHYRoF3DSVgMPF8HE5ine2ZvBIRAWx9+HBj/rw+ccHcf2xQQDAjq2r8fGt6W5FmrD7A63Y/b0pfPrhg9CcGnYmBYvdd/fi66On8cWHf4kIAM1px9cf2DDXVKUZ/askaMdGcP2Xx/DgAzfj4xuzHWgrdu9y47tPjeCWL4/A0+TBQ9s1fPXsNIYh4cjec/iLx88lppDfefMG7G6awZP/lGp77Iz9W1zoecyLJxua8dt2AOvc2OUbwWOmHV9fN/f192zCV997GF/ccwzXv4BYN/D39uHOtnR/PH343M0z+OS+07j+INDf3YTPdUfw7IUxYMdK4J0x/Jf9PuxSZvDXd7DPNRERVZ6wqqGkhrLmjcYqZ4goe5FIFF5vZOkd05AMA93vvJ338f6mZsx0rIApZ/f7noP7D+GRv/zbxHNNs0OknitbNh/9zQ/iNz75kYqOgcpLEgIuBo9EVWFsbAydnemqBGtIvJGL3Q2PPZufiRFEfIDmnsGTDw/g/+teiyfuX33lZd80vLoCT5O7uOMMeeGNyPA0zFUemjogKVdeCxmwOZugaQuOSbU9FxEfvAE9+3P4puGFEx63BkAHTGVuXpuOyGwIWkOR/1yIiGpE3fzcrCOsfKwxigQYRqVHQVRbilH5GPQ0wuGdyem4sNMFb2s7Qm5PTsfF13uMsywrbdOVcuG06+VFAAweiaj4JCc8TWmmEi8QOT+EyaZmdDdoiJwZw55pYNcNC6r43E3I7SdsluweeJKncEtK+teW2p4LzQ1PLsHlvK9fSVpQS2HwSEREVYXhY41RBBCu9CCIaoyiFD5t2tvWnnX4GHK54W9pRTDPtSKT13usFk5Ou15WXKrE4JGIKiiEgTcv4KG3BzE114Rl19bVePDG7IJLIiIiqi4MH2uMIgQErOptOEtUhQqtfASAiN2BqZVr0DxyEVLK7puAt6UNgcYmRO2FBXXDF0bmPa+G1TGcLt7wLRduVWKDMyKqMDu23Xcjnrmv0uMgIiKiYmD4WGOEiDWeiZqVDyOIaokQQKEZXrChEWGXG87ZaaihEIRlIappCLvciDiKE85ZloXhRZWPlf/37vak785N9cOtMHgkIiIiIqLiYvhYg1QJiFZXI1yiqidJAkYRusWbsgxfc+k6R44OjS6qdKyCwkeu+bgMuBUJSmX7GhERERERUR3ibUYNik29JqJcKDWSqqRe77Hy6SPXfKxvDB6JiIiIiKhUeKtRgyQBqBLjR6JcqGppCr11XS/q+RZ2ugaqZc1Hho/1yqUIBo9ERERERFQyvN2oUbxRJMqNqhbe8XqhYDAARVkeq1cwfKxPDkXwl1lERERERFRSjLBqlCoJSEXo4Eu0XEiSgFzEkMXv88FeYFfrbFW68vHzf/oZqKpa0TFQ8dllARuDRyIiIiIiKjGGjzVKAFB5z0iUE1UrTvXj7OwMHE4nRAl+ATA2Op5ia+XCx5vfuxM33vKeil2fSsMhC9hl/hAhIiIiIqLSY/hYwxRWrBDlpBjrPk5PX4bL5YYklebtc3xkcfhYycKYhpe+AAAgAElEQVTHG265rnIXp5JwKQI2Bo9ERERERFQmDB9rmCoBMqdeE2WtkHUfTdPEpalJuN0eyHLx148EgNf2vo7B02dTvFK59PHdgTMVn/ZNxeNRJa7xSEREREREZbU8OiXUMUUCDKPSoyCqDUIAQliwrNzCF13XcfnSFJqbW4reYMbn9eGN1/bj2KHjOHr4WNr9LMsqyTTvpbx18G187D+GYbPby35tKh5JCLgVAeaORERERERUbgwfa5wqCYQNViURZcMwDAAmgOwrF6ORCKanL6OpuQVKkZquRCIRaJoGAPj873yhKOcslfODQxg48S62X7u10kOhPMlCwMNFgomIiIiIqEI47brGKQJQOPWaKCt6NArLyv5tLxwOYXr6Epqamgvu9hwOhzA7M42Z6elE8AgAf/rVh7I6vpJTnw++caRi16bCqBKDRyIiIiIiqiyGj3VA5XeRKCuRiI5Yr/ilhYJBzExPo7GpBWpSWJgrn8+LifFR+LxeaJoNjU1N817v29iHb33/m1mcqXLh4+FfHZ+rGqVaokkCLoXBIxERERERVRZjqzqgyQISqx+JlmRkuURBIODH7OwMmppb5lUp5sNms6O5pQ2tbe2wOxyp97Hb8D+++bWCrlNKo8MT8M54Kz0MyoFdFnAyeCQiIiIioirA8LEOCAAav5NES7KyqHr0+33web1FCR4BQFXVrJrUtHe24/e/8Nm0r1e64/To8HhFr0/Zc8gCdpnBIxERERERVQdGVnVCZQtToixk/nfi83nh9/nQ3FKc4DFX111/LXbetKPs183G8PBYpYdASxCITbO2MXgkIiIiIqIqwvCxTsgitr4XEaWnqum7XHtnZxHw+9HS2gpVLX/wGPf+D+xO80plKx/HRyYren3KTBYCLlXwF1FERERERFR1GD7WEYaPRJnZbKk7Vs9MX0YwGEBrWzsUpbCu1oVa378eO258z6LtFZ51Dacr9XqVVHnxxjJc4pGIiIiIiKoRw8c6okicfk2UiWXO79hsmiampy/DAtDe0QFZTl8ZWU59G9el2FrZ9NHtdlX0+pRavLEM3/qJiIiIiKhaLd0FgWqKKgFRs9KjIKpOpnUlfDRNE7Mz01AUBW5PQwVHtVj/5o2VHsIiTrez0kOgJJIQcMj8hRMREREREVU/Vj7WGU0SkAVvRolSCYWiicd+vw92u6PqgkcAWNO7Bs2tzfO2VbrbtYvTrquGOjfNmsEjERERERHVAoaPdUjjd5VoET0ahWFcCfCcThfsjuoN1Kqp+nHnTddg27WbKz0MAmCTY8EjG1oTEREREVGtYExVhzRJQGL1I9E8kWgUyStNVMv6juls3n7VvOeVrHy852N3VezaFCMAOBUBB1NHIiIiIiKqMQwf65AQgI3fWaJ5dL3SI8jNxqsWVj5WJnxc0dWO9f29Fbk2xchCwKVK0DjNmoiIiIiIahAjqjplkwWUGq9+nI34Kj0Eooppa2/Fiu7OxPNKVT5OTU1jZnqmItemWCW7WxVQavvtnIiIiIiIljF2u65jmlx71V5D3hG8eOqvoOrHE9sU14fw6xv+Exo0dwVHRlR+m7ZswujwWOK5ZVkQefxSwbJMGGas07ckJAghZX2eaCSK1/a+gbs/cmfO16XCOGQBG6dZExERERFRjWPlYx3TpNrqhjrkHcFLJ/7zvOARAHT/0/jJkYcqNCqiyundsHC6c37Vj0JIUGQViqxCCAmmaSAcCSIaDcMwdJimmfHcb7x6MK/rUn4kIeBSJAaPRERERERUFxg+1jlbDYWPL737t5DhT/maap7FM6f+rcwjIqqsdet75j0vxtRrIQRkWYFNc0BRNQBANBpCOByErkdgzlVIJnvnxCDODV4o+Nq0NJsk4FYEVP50JiIiIiKiOsHbmzqnSLUTQMrRNzO+Pjn7eplGQlQdulZ2oW/DusTzYq/7KDAXRNqcsNmckCQ5ZfgIALPT3qJem+ZT5qodHYpAjbxlExERERERZYXh4zJgkwUEqvtudsg7svRO5kTpB0JUgOd++mrRz7n9um1XnpS46YwkyVAULeVrlWl3U/8EALscayrDakciIiIiIqpHvNVZBiQB2ORKjyKzlZ4uGHBm3EdSejK+TlSPNm/fnHhcqY7XACCzHK/oVEnArUqwc21HIiIiIiKqYwwflwmbLCDn0SW3nDTn7Rlf72q6qUwjoXqkKErJr+Gd9ePR7z1V1HP2ru/Bpi39AGJdqyvF6XZV7Nr1RhICTkXApQgwdyQiIiIionpX+rtxqgoCserHgF7pkaR389qP4pUTT6d8LSracXvvXWUeEdUTVZXx3NOv4ujR04tek2UJbrcTbo8Tbrdr7rMDzS2NWLm6M+trnBq4AF2PFnPYAICrtm7CyeMDRap8tGAYBmQ5t7d/lztzZTJlxyYJ2GSu60hERERERMsHw8dlRJMEDBkIG9W5ettKTxcMdWfKxjMed+aqSKKlKIqEtw4NYPDMcE7HudxOrFu/Cv1X9WLnDdugaqnfNo8dOYWZaT8MQ8eeX7yB3b92QzGGDQDYsGk9AMCCBcuyIAqqYo41mYlGw1AUFUJkVwDvcjF8LIQiYqEj13UkIiIiIqLlhuHjMmOXBQwT0Cu4dlwmO9d+AgffnR8+GnDi9r77KjQiqheRSBjhMOBwNKTdJ97p2bJMmKYB0zTh9wVw9PA7OHr4Hex94U3svHErrt2xGa1tTfOO3fP8G5AkGZIk48AvjxUcPvp9fhw9fAzHDh3H20dPXHnBsoAiLKGgqjZE9QgkIS1ZBdm/eT0rH/MUqzoXXNeRiIiIiIiWLYaPy4wAYFcE/FGrKrvXbmzZgIO224DwS4ltLc0PoEFzV3BUVOssy8LwhXFcvuTLuJ8kxTszyZBlNbHdNA0YRhST45fxsydfxs+efBn9V/WiZ91KAMCJ42dw8fw4bLZYQDc5PotXXvoVbr3tPVmPMRgM4/Sp8zh96jzeefsdDBw7nPprgVW03vWqokHXI9D1CBRFBdKc+cP33VmkKy4vqhQLHZk7EhERERHRcsbwcRlSRKwCMlil069vXfdJvHIiFj5GRTs+sGF+1eM7l07h4MUnENXHIQkXNnfdi2tXXFuJoVKN8Pt8eP7ZX+V9fLyiUVXtMAwdhhHBwIlBDJwYTLyuaY7E/rKi4Yl/+QU2b+1bVCGZLOAP4sTxMzj59hmcOH4GAX8QABAOXMp7rLlSFA26HkU0GoGq2ha9vvGqddhx49VlG089UCUBTYp9JiIiIiIiWu4YPi5TNlnAsICIWX0B5EpPF+ye30DI+2P0rfjdea+9OPgsxie+CQCI16UNnN+PgfHd+M3tf1LmkVItsCwLhw4M4OCBd4tyPllWIMsKLMtMNIC5UjEZI4SAotrww3/8Kf7wjz++6By/2n98UeAoSTJUxQYhBGaDMxm/nmJTFBWGkbpRzjsnzhT9evUqtq4jQ0ciIiIiIqJkDB+XMbssoFuAWYXrP97edx8ef+sUxt+YBFbHth0aPZQIHhcJ7cEzp9YtqpIk0nUdP3tycROjQgkhZVx6UVE0nD0zjOd++iruvPsWAMDhX53ASy/sx/mzIwBiQaaq2iHLSqLxi392rOhjzUbyNPOFwqEwbPbFVZEUowgBTY419SIiIiIiIqL5GD4uY5IAHDLg1ys9ksV+8fjP8cqTowCexnt3vxctrS14e+QJyBmOmZx+EgDDR5pvbHQKly9nXuuxVFTVjp//9DW8e+o8pi/NYmpyOjF9W5bVRV2rLdOA3zexxFnL/8uCYCDI8DEFea7SkaEjERERERFRelKlB0CVFW+IUG02b92ceLz/9f2xB9HjGY9RraVCG1qOhi5U7u+FJMlQNQdOv3Mely95YbO5YLO5oCjaouARAHyzY7DmOm6XgmHk95uGSKQKf0NRQbIQcMgCHlUweCQiIiIiIloCKx8J9rn1H6MVXP9xyDuCczNn4FTdaHd2oH9zPxoaGzA7M4s39r2Bbe+7GjICFRsf1a4L58cren1ZVmC3uxPTqtMxjAgCS1Y9FkaSJJimsWiNyqWEw+ESjai2SELAJgGaLIrWcZyIiIiIiKjeMXwkAIBTEfBHAb3M6z/ORnz42clvA6E9iW0nATgafhM33HwDnn/meVw4dwFnRpduFmKoO0s4UqpV1RASLRU8AsDspQvZnq2gcUSjIaiahFzis1Aokvc16wFDRyIiIiIiovxx2jUBiMUZTkVAytRBowSeOv6NecFjXHD2R9A3jySeDw4PZDyPASd2rv1E0cdHtc2yLFzMctp1vlOSiyHgm0QkXJ51KWVZgaGn7mydjh7Nbf96IYvYshQeRcDG4JGIiIiIiCgvDB8pQRKASynfDfah0UOQo+m7EMv6z9HZ3wUA8IbTdwCOSj3Yuf5/YGPLhqKPkWpbJBzG6PDlrPYt5VqLS13XNzua9f6F/n5AlmMF72YOX6+iLK8ieVUScCqxNR3tsij4z5yIiIiIiGg5W153lLQkWQAuRYJPN0t+rXOXjyy5z5rdFsYGgGAwCDQtfl12fggf3Pif0KC5SzBCqnWDZ4az7nRtVaCLNJBPk5nCkzBF0XIMH3NbI7IWSUJAlWKdq6uwBxcREREREVHNYvhIiyhSrALSr1euAU2c23YSQBNMc34YGpU344bez7DakTI6evh01vsu/DtWLsHApYpcN5emM3IdVz4qkoAmxaodmTkSEREREREVX/3eUVJBYtMOgUAJA8gGeydC3sz7yAhgxa5+NLVNAwCioh1bV38e1664tmTjovoQjUbw9rHzWe+vKGoJR5NaJOyr2HTvXNRb5aOAgCbH3ucUJo5EREREREQlxTUfKS1NEnCUcP7hjpW3ICr1LLnfyi1BhEJOTI3fgU/u/D6DR8rK7IwPI8PZVxVKkgLLKm/1o2Hk3kVaVGABwnpZ81ERsfe0BjX2mcEjERERERFR6TF8pIxscukCyAbNjRvW/RdERXvm/RznceR/Xcb0/kBJxkH16Z2TF3LaXwgByyrvUgNmjl2nYyoRPtZu5aOAgCYJuBUJbnWuazVDRyIiIiIiorJh+EhLsskCbrU0f1U2tmzAvVd/Cx3t/zltCBmbet2JS1OVWRuPatPQxclKD2FJkXB2zXCSVaTyUa2tysd44OhUBBq02GeFP+2IiIiIiIgqorbuKKliFAE0qBK8UavoXYEbNDdu770L6L0L71w6hbeGn0codAyqeTaxT8taAyf2zcI0TEgyUwRa2plTwzntb1kWTNPIqRFLISzTyCt8rIRaqHwUiHWrVtg8hoiIiIiIqKowfKSsSQJo0AQCOhA1SzM9dWPLhkQH6yHvCAYm38LZ0Tdgd16GZVm4dOkS2trbSnJtqh/RaASdXc04c3o062MsywTKOO06FJrJ+ZhKVD0C1dvtmoEjERERERFR9avOO0qqWgKASxEIGkDYKG1Qs9LThZWeLhyc7MAj//AIACASzr1BBy0vlmXh/OAwDv3qdE7HmYZeohGlFvDmMy28MvFaNVU+MnAkIiIiIiKqLQwfKS8OOXbTHypxAAnM77SrqmrJr0e1LRgI4F9//ApCwdyDasM0yvammF+n6xIMZAmSJEGWKxs+MnAkIiIiIiKqXQwfKW92WUASQEAvbQAZ8F/pcq1o/CtLme17+QgGc5huXSkudzt8s7mOs/yxm82ulf2akhBQBCALQBYCslSpmk8iIiIiIiIqFJMcKogmCUiqQNiwSrYOZCBwJXxk5SMt5eCBdws4unxrPtqdzTmHj5VY89Fmt5X8GnI8bJTmwkYmjURERERERHWD4SMVTBGAogiEjdg07GLHN8nho6aVvwqLaouQ8u+GbppGEUeSmazk83e5/Kmc3Vb8f3OKEFCkK6FjhfroEBERERERURkwfKSisckCihSrgowUsQpyYnwi8Tg5fHxx8FlcCpxBODKOrqabcHvvnUW7JtWuq69dj9Onhis9jJKoREhncxRW+SjNVTLGKhtjYSMREREREREtHwwfqahkATgVAcUEQgZgWoWHkOcGzwEAWlpbAACzER9+cuQhqObZ2DUBjE/sxz9N/jNu6PszbGzZUPA1qXat7e0q6HjTNCBJ1dPdeb4KVD467FntJ3BlyrSUNH2aWSMREREREdHylv/8RKIMNEnArQjYpMKiB8MwMHRhCADQt6FvUfCYTLUm8MaZv8ZsxFfQNam29V+1ptJDyIoeDVZ6CFmxp2g4IwsBTRJwyAIuRUKDKqFRk+BWBRxz/+4VBo9EREREREQEho9UQpIAHIqASxGQk+aLDnlHMOQdyeoc5wbPwZqrnly3YR1+duKRlMFjnGqexbGxw4UNnGpeV3dLpYewJEOP5HxMJRrOOOw22GUBpyLgUSU0aRI8auy5TRZQpdi/dSIiIiIiIqJUOO2aSk6VYgHFzwdfwcDw30O1Yms4RkU7VrY9gNt770p7bHzKNQDMrBgBwi8teb1x32kAtxQ8bqpdq9a0Y2T4Ul7HmoZelmnX4dBsya9RDG6nHXa2nyYiIiIiIqI8sfKRyuLpU8/gzND/lQgegdg06fGJb+KZU/+W9rgjh44AAJo2tUCP/Kjk46T60NraWOkhZBQJ+xD05xeOlluqaddERERERERE2WL4SCU3HfLh3Ng/pH195vJ38eLgs4u3T8/g2JFjAIAtd0xnfb21zdtzHyTVlf7Na/M+1kLxOrUvZBgRXJ44jcsTp/M8Q/krEJ1OR9mvSURERERERPWD4SOV3KsXXoEMf8Z9xie+iVOX35237bWXX4NlWdj4sQ44pItZXSsqb8a1K67Ne6xUHwrpeG2aZhFHckVXtxOTIycQCeffEKkCSz7C4cyu2zURERERERFRKgwfqeSmQ2NZ7ffGu19FxPBDnetesfeFvWjc2Iw1K7NrIGOoO3Hvtv+W9zipfjidtqqZLrxx02r89//5e7jxxv4inK0CDWccDB+JiIiIiIgof2w4QyW3vvVqHJ5Zer1GxZrAvx39Bj53/Vfw9ol3MTU5Bafmhs93F9q60q/h12DvRH/b1Vjpyb/ajepP96pWnHk3u67qySyrOJWPdruGD33kZvzaXTtj41lTm38/7XZbpYdARERERERENYzhI5Xcjd3X4sBgO5SkZjPpiMh+vHD2FQy8FJuCHRj24T9e/Zto6+yEbgK6BZhW6dbko/qxoX9VTuGjkGKF4MUKHyGAvvWdiacrujoz7JzlKSsw79rhYPhIRERERERE+eO0ayqLHb1/DAPOrPY9efFv8ObR2FTr9et70d21Apok4FQEPKqASxGwSQJSJRbAo5qxtmdFTvsLUdy3w1Awgsd++BJEOIgGVcL6Ve1FPX+5uFzZ/bslIiIiIiIiSoXhI5XFjd3X4kPbvgXJvhtRqSfjvjL8aLo6Fnjcdtuuea8JAKok4FAEGlQBtyLBLguoDCNpgcKazhhFGcOZ02N49pn9gGVCCIGm5oainLecVq/OLcQlIiIiIiIiSsZp11Q2axu78Hs7vrjkfl/6P7+OC28PQJZlvPfWmzLuq0iAktSEw7AEdMuCYQKGBRicor1stbY1ornZjcuXs+suXaopzc8+dxi3774a7e0taG1twvTl2bzOU4kp123tzehc0Vb26xIREREREVH9YOUjVZWJiSm8/fYAAODGG94Dp9OR0/GyAGxJU7QbVQmuuepIRYgK9AqmStrQvyrrfZOnXVsFh9YWdD0CAAgGI3jm2V8BAFpamwo8b3lt3bqh0kMgIiIiIiKiGsfwkarKmwcOJR7ftntXhj2zIwSgSoBdFnCrAo2aBI8qwakI2GUBTYqHkowla50kYt9LTRKwyQIOWeDGGzbldg5JBgBYBU67jkRC8wLMgXeGAABtrc0FnLX8f0evvrq/7NckIiIiIiKi+sJp11RVTp06AwCQZRnbt20uyTVkAcgpprBaEDDnpmqbFhIfhgVY4PTtSpAgIEQsdhMi9tuS+HNJAAICkog9TuXmG/rxzRyuF6t+LHy9R02bX7F7+vQYgsEgOjvzn8JciSVNr77mqvJflIiIiIiIiOoKw0eqKvHwsa+vB7Isl/XaAksHk+ZcEBn7DFhzn688Z0yZipj7byJIRPowMXl7vkKhECRJgs/ng8OhIRiMZHWcLCswjChMy8z/4mn84oWDaOtoKeAM5U0fm1sa0L2yo6zXJCIiIiIiovrD8JGqRjAYxOjoOABg/freea+dmxnB6cunMeJ9F1d37cLWtvKuRXclmIw/S7/n4lDSSjyPvwbMDy+vPK98eBn/6uINTsSC1+JhIZIei3mP54eMEOWOzYCBgfPwegPY/+a7WQePACBJsbfEwtd8XOzfH9+P3/rEzUU/b6ks5/Ueg5FZOLTcOpPncwwREREREdFywPCRqsbJgXcTjzesX5d4/OjR/4WZmacgww8AeHXmR9gj9WD3xi+UPYTMRjyIA7IJK1MdPRdIJgeWiY2FD05ceXjlcwUCwlL613//JU6dGsn5OCEEZFlBKZqkB4MRvHtmooAzlPc7tG378lzvcWBkL2RZwvqOW3M6LqIH8O7Yq9i2+oMlGhkREREREVFtYvhIVSM+5Rq4Uvn4ryceg2/mR1g4AVs1z2Lvyf8dq3Z8H012dxlHWR4pA8F6SgdLbFP/qjTho5VU1SgS1Z3JFMWGSDhQknEdPHg272PLvebjtdcuv/UeR6YH8Mrph/E7t/x7zsc2Olfg5f0Po6NxPTobNpZgdMVXigpfIioNy7Lq6t9sqp+/REREVL/Y7ZqqxsjIGADA4XCgq6sT52ZGMDn13bT7y/Dj6VP/Wq7hUQ1xu+yJx4ahQ4+GEZ370PUIdD2CSCQA01y8tqMkyZAVtSTjunTZj+bWrpKcu5gaGt1Yvab6x1k0voMIRmbx0sm/ho4Awrovr9PIisDPjnwZwcgs4DtY5EEWRzzAqKcQg4hqD9+LiIiIlhdWPlLV8Hlj06q7umJNLp468Y0l/4JO+4+UeFRUi3p6VyQey7ICyLm91amqfemd8mR3tgBTuU8JL2fp65Yt68t2rYqKjABaF+A7iEPetzCjxypTp/xn0N24PadTeUOxX56EMYXnj38D93StBdzXXblGhWR7Y88AgKj6GYYBSarduoF01Y4L339YFUlERIUwTZM/S6pQ7f4fDNUdry9WbeRyOvHL4UNQ9LcrPCKqVZ2dTZUeQlqmpUCz5b5UQDl/fm7bXhvThgtmeIELX4U/OISDF3+Y2Dww9nzOpxq8tC/x+KJ3P8b9o8DoP8TCxzJLVVGUvC3VBxFVN4fDAZ/Pl7Jiv1Zk+z7E9yYiIsqXaZrw+XxwOByVHgotwMpHqhrxykeny4kD5/8pq7+cLtu6pXeiZWdFZ0tRzvOhu3fgllu24ctf+UFOXbOX4nS3IRLOdWpv+dLH667bUrZrVZRjI7D6z/H8m38ERb3yu7izl15HWPfBpmQXEod1H44OP5F4LkkCz48ex8d3/VnRh7yUhTfrqW7es91GRNXD5XLB6/ViYmKiZv+9pqpCiW9L/poW7sfqFSIiypYQAg6HAx6Pp9JDoQUYPlLZPH3qGQzPHgUAdDdux4fW3zXvda8vFj7Ka+Wsqh4NOHH7uvuKP1CqCy0tbly6lN/afXHnz0+gZ20HPviBHfi3f79S2WaaRuIjdsNkQZZVKIqW1XltjkbIigZDL16gWSwutwM9vSsrPYyymfYP46JvYF74GNZ9eOnUX+HOq76U1TmODj+RmHYdN2NcwuDYm+jt3FnU8WaysHJoqcepnhNR9XK73XC7a7/JXqZwMZvHREREVHsYPlJZ/N2Br8MM7Uk8vxh8Ef/P+BP45HX/E012NyzLgt8fCx+ttqElz2fAifdt+jrWNi6jphiUk9YWT8HhYzAYBgDc/7Fb8dLeo5ia8gKINaWRpIU92HPjdLfDO7303/W4ct14LZv1HucMjv9qXvCY2D61D4NT+9DbenPG44dnjuDA+UcXbZckgaHpoyUPHzOFifHH6T6nO8dS1yAiSmepn1VCiEVVjpZlpQwk4/ulOoaIiIhqC8NHKrnvHfp/5wWPcap5Fj888hf43PVfgWEYAABntxsu9c2054pKPXA7tuL2dfcxeKSM1qxtx6l3R2CaOiQpv7e6QNJU6/vvuwV/+3fPFGt4cDib4ZsdhWUaRTtnMWzc2FPpIZSVQ/PAslKvqfnSqb9Cm6sPHntnymPDug97Tv1l2nNrirNYw8xKqjXTMj1OdQwRUSlkqmjMFEACSPkaERER1RaGj1RSvxw+hLD/6bSvi8h+vHD2Fby/51YAQM9tsS7DurIZANDk2g674sKqxvXY1LIBTfban25E5eF02AAUFqgMDV1KPL7ttu146eWjOHnyYsFjAwAhybA7GhH0X1p65zJq7yjOepm1YtPK2+CPTmAmfA5Dl9+CX59IvBbWfXjuxFfwsWu/lfLYPaf+ctF0a0U40d24DV2N23Ht6vItC5GqujFVM4dUz1Odh4ioWNKFivHgMd3z5P0ZQBIREdU2ho9UUu9OvbXkPieG/g7v77kVmqbh7X+eRPevPYA//MxvlWF0VM96e2LVarKsQtcjWa/HmMmf/NeP4b99+VFcuDBZ8LmAWOOZbMPHct10dXa2leU61eQ9PfcnHp+fPIjXznwHM5FzAIBJ/2kcOP8odqz5xLxjBqf24ezU64nnTrkNt234Y6xpu648g0b6wBFAoiOuaZoZO8tmqoRMdS0ionTS/ZxKVemY/HjhhyRJsCwLkiTNOy4eQDKIJCIiqj0MH6mkAuGxJfdRrAk8feoZqKqKSCSCaCRahpFRvXO57InHxbpJcTltePCPPoz/+tD3inI+RXVUXeOZjs7WSg+hota0XYc1bd/Bz499Hacv74EQwIHzj6Kn9Sa0ufoAXGlIE9ft3ok7Nv8JHFpD2ca5VPAYf57p8cLj0lVDEhHlKzlojH+OP5YkaV7guDCYNE0zEUTGtzGAJDMDr4kAACAASURBVCIiqk0MH6mk+tpuxqmLi9d7XOjs+D/DprXD7wcikeoJYrI1MPY8IoYf27o/Uumh0Byn05Z4HKt+DENRbBmOSO3UqYvYsGFV4vmRo4NFGV+czd6IgG9i6R1Rnpus9vblNe06nV/f+kX87LCJc969EALYd+Y7uGfbXwCIPQ7rsWZG65p249e3frGsY8sUDsYDxuTP8Y+F29NNwWb4SETFki58TA4cJUlKBI3xaseF21NhAElERFQ7GD5SSb2/51acGN0MRX87436KNYG2Wzbg0lPTNRU+hnUfnjr6RUz6TwMALFjY3v3RCo+KAKCvr3vecyFS37wsJRAIz3s+MJB9h+ps2BwNWYaPpdfQ4IKq8sdC3Aev+VP87DBw3rcXwzNHMDxzBB5bJwbGnwcAdLl2lD14TLaw6jFd8GgYxrwQMl0AyeYzRFRMqaZbpwoe4x/J7zvJwWNyAMmqRyIiotrEu0wquU9c8xU8evhLSwaQnb0DeAc2RKJ6mUaWnUn/aRwdfiLRWKK39eZEheO+M99JBI8AENH9FRkjLbawUkKW1aKc99Ilb1HOE6fZsmuiVI4brda25pJfo9Z88Jo/xWNvjmMqfAIHzj8Kjy22lmiDshY3rPoshoaGMD09ndh/5cqVaGpqKtv40q3hmBw6pvucrgIyfp6F1yEiyiRdY5n441TBoyzLic8Lq6/jgWQ8cEx3HSIiIqp+DB+p5JrsbvzhjX+FczMjeHP4VYx7j8KKHIOMwLz9bGIKbdduh/dyccOdQsQrG+NTLAFgeOYINNmF7sbtiQqoVI4MP44p/xls6/5IYq04Kp/4mnZFV4KbHs3mRiTsW3rHEuvqaq/0EKrSh67+Mv7lwO9jeOYInKEt8PjvgM3owd5zry3a99ixY7j++uvR29tbkrFk6lK9sLoxHjQu/MgUQMbPxbCRiAqVqrnMwuDRNM1E8CjL8rxjk8WPi+Paj0RERLWF4SOVzdrGLqxtvB9ArLPsdMiHk5dOYdI/iunQGIaGRuBZOYuh40s3qSmXs1Ovzwse4wbGfz6v4hEANMWF/o474A2N4bkTX0m8fnbqdXzsmm/BY+8sy5gpJhwOL71THrZsXotTp0aKes5qCR/XrVu19E7LkENrwFbP72Bg4DRkI1apqiN9hfbx48dLFj4ulKqL9cLQUdd1jH7nW5jd+yKsUKgs4yIiypaw29Hwvtux4jN/sPi1uYAx+ZciDBuJiIhqD8NHqpgmuxs3dl+beP6j44/jzaefAgD4fH643a5KDS2hu3F72teGZ47Me97bcjOGZ4/Ma0YBxKonveExho9lFAgE8MorR5beMQ/vv/0aPPGTXxb1nIpqz/h6uW60+tavLct1qlk0GsX0dGzt2enpaYyPj2N8fBwAICO7KfJ+vx/Hjh3D1q1bSzLGdJ2uk8PH5MrH0e98CzPP/awkYyEiKpQVCiXeo7o++4eLpmgnv7+x4zUREVFtYvhIVaOjoy3xeHx8cl746Pf7EQgE0NTUBFUtztp92fDYO7Gt+yM4OvzEotem/GfmPR8Yfz7lNGxNcaHVta5kY6T5AoEAnvv5Afz4X14vyfnb2xtxy67NePW1zGuY5kJRHUU7VyH6+lZXeggV89Of/hQ+X/GqT48fP46Ojg50dHQU7ZypLFynMXkqdbzycXbviyUdAxFRMczufREdv/u5ecGjaZopp1sTERFRbWH4SFWjPSl8HB0dh66HMT4+jqGh+d2Fb7nlFqxcubJs49q17rOI6P6M6ztmPL73s7Ap2VVMUWGi0Sie/8XBogaPqcLu3/gP7y1q+CgrGoQkwzKNNHuU/kbL4bSjo7O15NepVk6ns6jhIwDs378fd955Z9F+YZKuCUy6ysd4+Mip1kRUC6xQCIZhzAseM1U+Jo5jIElERFT1pKV3ISqPzo52tLe3YOeOrbhw4QwOHTq0KHgEgDfeeAPRaLSsY9u98Qu486ovQVNi1ZhT/sGsjtvW/RH0d95RyqFRkmPHz+CHP1rcBKQQmzevWbStvb0RN93UX9TrqBWufly7pqui1680l6v4yzz4/X4cOnSo6OcF0gePqQJIIqJaEW+GldwIa+EHsPiXMURERFTdGD5SVYitkXYEt71vJ3p6Mlc1RqNRvPjii2UPIHtbb8b91zyCVte6lE1okmmKC3de9SXsWvfZMo2OTNPEv/7blYpHyzIRDM4iGg3DTFtRmNlVm9JPQ962pSevc6YTjQbTvlaOio61Pd0lv0Y127BhA0IlqBAcHBxMrBlZiKVutBeGjsmPiYhqRar3sOTQMR2GkURERNWN4SNV3ODg/9/efcfHcdf5H3/NzFaterdkW7bl3uTuOHYU4yQEJ04jCSGQg8DBcbk7+N0BCUkIIRztfuS44zgCFw740dNMOVI4hzQ7dopL7MS9SbZVrd5Wqy0z8/tjtetdaXe16pL9eT4e69md+c53vmNZY81b3/l+K9m2bRuNjY1J79PW1jYuAWSao4Abl3yHNHv8cdxm5Kzj9mU/ZGbO5WPYMqHrOqdPX5gpXVFUHI40wMTrdeP1dqPrfiC5G5Tbbl3PVx/+SNztS5aM3GzGAb8nwSPXY6O0tH8Pz0tJVlYWNpttVOrevXv3qNQbEutx7MibdyGEmCwir13xhpoQQgghxOQjYz6KcRN6JDHWo9XJCAWQmzZtGtNJaOyWVG5c8iid3vP9ttksLnJdpWPWFnFBrH8DiqJgtTqwWGz4/V58Pg8KCharDU2zoiixf/8yu7SA227dkPB4eXkZZGe5aGl1D7vtiXo9jpXS2Zd2+AiwbNkytm/fTlZW1ojW63a7qaysZObM4QfW8W6+Ez16LYQQk0WiR65jkfEehRBCiMlBwkcxptxuN42NjRw/fpy2trZh1zdeAWSao4A0R8GYHU8k52//ZjP/9eM/91uvKCo2mxPTtBMI+AkEfPj9XiyWYAipqlpU+VOn+wfLffn9/hEJHgGMQOIevGNxYyXhIyxYsACPx8POnTuxWCw4nU5sNhsWy/D/q6ypqRmR8DFS3xvyROOjCSHEZDDQdSxy4hkhhBBCTB4SPopR5ff7aWhoCL9GInDsa7wCSDHxbNy4FEVV+MFjf0TT+j9CqygqVqsdq9WOrvvR9QBerxubzYmmRf/bqalppLg4L+6xzpwZOKCcLFwuJw6HfbybMSGsWLGCFStWUF1dzcmTJ8PXLY/Hg6qq4Ueznc7gBEGR6+IxDGPEZ9LuezMea7uEj0KIySbRtavvdU8CSCGEEGLykPBRjKo333yTurq6UT9OW1sb+/fvZ82aNaN+LDGxXb5uPl97+ASu1DxSUnNR+vRqDNE0a2/gGHuW6YrKuoThY3e3dySam6TRvcHKzEwb1fono6lTpzJ16tSodU1NTXR0dNDd3R0eo7a+vh6v98K/hZaWFgKBQLi3pNPpJDMzk7Vr145Ju6XnoxBiMpNrmBBCCHFxkvBRjKo5c+ZQVVU1Io8tDqSyspLi4mKKixPPli3GTyik8fv94bHoLBYLmhYMCO32ofe+MwyDnp4eXnvtbSyahe6uBro66nG6srE70rE7MwZV37lziSdAUtSRCwQtVkfC7SYGKCqYozN+X2ZW+qjUe7HJzc0lNzd3vJsRUzI9hYQQYqJL1JNbCCGEEJOXhI9iVE2ZMgVd18ckfATYv3+/hI8TiN/vx+124/d2EWg9iNp9Aq37JIq3FrQUTNWJr3dpak701OVY8tbhdDqx2+0JH6P3eDx4PB78fj+qqvL2W+/yzr5jHNh/DFXVUFUN0zTw9XTgcbegqBoOZwaOlCxs9tQB2z7QRB1Ll8wa9N9HPImCUacrG0dKNgHdh9/TjmmM/AzvWVmDC2bFxBV5ky4360KIySjyGibXMSGEEOLiIOGjGHVlZWUcOnRoTALIzs5OOjo6SE+Xnlzjye/301K9D6XpVSztu7B1n8BmJPmY8gnwpS2nO205ZKzCmn85drsdm82Grut4PB6qqup4fcc+3th5gKam+OOIKoqKxWLDYrFhGDre3iDSZk8lJTU3Yein6wP3bJw3t4jjJ2qTO68B2Oyp+LxdUZ/TMouwWHsfC/epKCkafk8Lhj6yAWRmljx2PVklmgE20faRYs8vIHfDFdiyo3uE+lqaaNr5Ot6Gi2dsVCHE6Bvo2iVhpBBCCDE5SfgoRl1ZWRn79u0b1fDR5/Ph8Xiw2WwSPI4zv99Py7EncZx+aMh1aJ370Tr3Q+3P4KjKMc8aurR5HK7J4p1DzVSdqx90naHekFis6LqP9pazoKhYrc5wT8hQ+HfDjeu5++NXD1jnJz5xLQ899HMC+sjdDGkWG2kZRf2CUZvNic8HOLPxe1oxdN+IHTMjXcLHi8FY3pTnbiin6JbbyN1QHrfMvC9B084d1P5hK007d4xZ24QQFxcJHIUQQojJT8JHMSY2b97MU089RUFBAaqqDnp/wzDw+YJhi8fjAaCnpwfDMDBNk7y8PJYsWcLy5ctHtN1i8DqrXhpW8Lj9WBFHarJo6HTS2OGgsTM0IUxt72u4FDTNgqZZMAwdXffS7e4JTumiKCgo2G2Jx2AMmVGSz7o1hTz/wm7sjnRs9tS4E9wMRNUspGdNw+nKjlvmQgCZNaIBZFa2PHZ9MRqtG/Yl3/k38q7clFTZ3A3l5G4op3H7Kxy87/Oj0h4hxMVFwkYhhBDi4iPhoxgTU6ZM4cYbb2Tbtm243e6kekEGAgH8/uDjpcXFxSiKQn5+Pna7nYyMDDIzMykqKsLhSC4oEmND6TyKYk3H9HcMet8fvbyI144VjUKrYlNVDZX+YeFgbnxsNnt4XEkAS29PSovNgabZkhpfEiAjuyTJ4znx+5VgANnTjhHoSbqt8WTJhDMiSeufexF7Xv6g98u7chPrn3uRXVvePwqtEkIIIYQQQkxkEj6KMTNr1izuueceACoqKhKWlVBx8rJ7DmE4C9EHGT6OdfCYSENDy4BlPB5PxIzdwXElTdPAMHR6PK2YbgOzd3ZqzWILB5GKqmGxOlBV7cJ4joNk7d0fIOBV0f3dQ6oHwOGwU1g4MWdwFhPL2id+N6TgMcSel8/aJ37H23feOoKtEkIIIYQQQkx0Ej6KcTFr1sjNFCwmFkNLRXEWobjPYerJ9crbU5E/YYJHgKam1rjbAoEAO1/fw7b/3dVb9sKEN4qiomnRfSkNQ8c0zeDj3V0ewIyaSVtRNTTNRk7B3EG1UdOs2GyhOiwEvIPvaQpwx53XUTp7+pD2FZeOxd96FNes0mHX45pVyuJvPcqhB+8dgVZNXOkLF+Esnkbbu/sv+kl3tBQX2WvXEejsoHXv7vFuTlKyVq3BkpZOy9tvone7E5adjOcnhBBCCDHRSPgohBhRqj0P9C5U1wz0jmNJ7fOLnYML3sbTq6+8xXcf/XnS5dXIMSD7POFtGDoApqkT8HsG3RNS06zY7So+FBTVgt8zcI/NSPMXzOLOj1w/qH3EpSd3Qzn5V13Tb7274jTHH/020++8i9zyjVHbmna8xrknfs28ex/oF1rmX3UNuRvKBz0JTfGtH6LoxptR+gzb0XHoIMe+/fVB1TXaim65jcIPXM/Zn/+Uyp8+Pt7NGVXpCxcx9wv34e9oZ/dHbo/aNuWGmym+5Vaadu7gzM/+O6n6hrLPYM24+69JW7CI49/5Jue3/Zm5X7yf1DlzOfuLn9H8xs6osonOTwghhBBCJGfwM38IIUQCtuLNAKgpxajOwgHLH6nJiphUZmLz+Xy88vJbI1ZfaAZuTbOgB7xDrsNmTwk+1p2Sg6Ikf1n/6F/dMKRjiktL0S239VvnrjjNoQfvo+2dvRz+yv20vbM3vC1y3aEH78NdcTqpOgdiz8nFNbMUZ1Fx1MuWk9ywAat/+QTrn3uRrFVrBn3sIVEUFG1oE1BNRrEm20qdPYe0BYtIX7go6XqGss9QKKoSbnP6oiWkL1hEaunsBOUvna+lEEIIIcRIk56PQogRZclZhd6+Cb3hFbSMRSi2HIzuakx/e8zyJbmd4ceQVVWB4LzT46unnqbK17HllGG327Hb7Xg8Hh79zk/Z/05yvTkHK+Dvxu7MHNK+qqphd7jw+TyQkk2gp2PAmbBv+eDVrF69ZEjHE5cOx5QicjeU91t//NFv464Mhop6Tw+Hvvwlyr73GACHvvwl9J7gkAvuymDvyBU/+knU/rkbynFMKaKnbnAz2Jt6gKonfkPFj3846HNRbfZB7yOG5+S/P8rJf3901PcZrr2f+OiYHk8IIYQQ4lIj4aMQYsTZZ92F356Nr+Z5VGchqrMQ0/Bj+tsx/R3Bl68VTAOXPcA/vv9dnnp7GueaUsJ1qGqoB5+C0vteVVRAidg2OqpqO7G+exeGlkpn2kpqLMv4zTYfb7x1atSOqQcSh4UDURQVmy0Fn09BcWTi93bEnQl70eLZfOaeDw/reOLSECt4BJh+5110HjkUDhl9Lc3hcRx9Lc1RZafedkfcuqufeXLE2jr/y18lb+Mm3JUVpC9cjGqx0LL7LQ7e/0VW/exXuGYGxxpe/tiPad3zNu/d93kWPPQIueUbUa1WAl1dVD3xayp/8l/Mf+BhcjeU0/zmTvLedzVGTw/H/uUbFG6+PmZ5gPkPfIXC67agWm3oPZ647Vz+g8dJmTkLRdOwZWVjeL2c+80vqXj8MUr+6m6Kb7sDe14+iqZheL1U/+5pTv3Hd8m5fANz/vGLpEwvAUUh4HZz7tc/p/HVl1nw0COkL1oCioLh81L3/LOkzVuALSuLQw/ei5biYuEj30BLcXHy3/4vdc/9idW/fAJLahoH7/s8RTfdwpQbbkJzpmDqOs1v7uLwVx4gbe48Fjz8z3hqarCkOElftIS6F56j4aVt4bYYfh8oKoGurn7nuvbJ35MyvYS65//EsW9+jZmf+lum3XkXltRUME08NdUc++bXaI3oOdt3n3hf16qnnmD+g1/B19jIO3/3afRuN7P+5u+Y9pG7qP/z8zinTid90WIsKcH/V9yVFRz95tfoOPReVBsLN29h3n0PYPj9nPrP71H37B+j/q4TnZ8QQgghhEiO9sgjjzwy3o0QQlx8tPQ5WLJXYPi7MXrOoyigWFJQbVnBQNI1A8Weg2JxMT23h81LzrFx4Xmm5Xpw2nScVp3GDhumaWIaBqYRnEnaMALouh/DCIQ/m5gYpoFhGoAS3Mc0AVCUwfek9Osqt6+pYPvRXH79koNnXmzj9Nm2gXccBtM0sDnSh/Von6IoWCzW4HvViqKoGIY/qozTaednv/j2sNoqxl/o33fo37ppBicyCr10XQ+/up/9w5CPk3P5BrJWruq3PqVkBplly2h+cxe6Jxi0BTo6CHRET3y0+FuPxhwvEsBTW9NvfL1EslauJqNsOYoC2WsuI2/jJjKXr6SntgZ/ezu55RvJXLoMTJO65/6EarOROmce3vpaGre/SvrCxZgBP6f/6wc0vvoyeRuvouimW2ja8SoH7/1HMpetIHvtZbgrKzADfnLWX0Hq3Pm0v3eA5jd3YklNi1s+f9PVTL39TrqOHePsL36GLScPe24e7e8eoHXfnqjzmHLdDbhKZ9O2bzfVW58ifcEiXKWzaT90ENVqxZqeQe3//J7mXa8Ht82cRefRI0y7405S586n8vHHqPjRf6J3d9O2dw+FW24kZ305NX/YytF/fphAZycdhw9iy8klbe48Oo8dw56XR8669SiaSk99PZgmUzbfgKemCm99PSUf/yQ95+s5eP8X0FJSyF1/BarVSt2zf6Tg6mvJWrESU9dpen07zW/uZOYnPo2jcApVT/6ajkMHSZ+/gIDbTc3Wp6LOVVFVMpeWYXi9dJ+ppPSez6L3eHj3n/6B1n178DU10fDKS5h+f8x96l94Lu7Xtf3APuy5ebhmleKprsJ9+hTT7vwotuwcqn77K+x5+XSdOEb1009gmgaZy1agYNK0cwdTrrsBe34+zbt20rpvD7bcPNLmzqe7soKOo0dY+PDXkzo/MfJSbrwFTdOwWCxomoamaaiqGl4qihJehv5/77sUQgghxMQjPR+FEKNGdU7BMfdvMLpO46t+AaNtf3iboigotgywZYArONvy1Owuiqe1s9nfjumvxgx0U9/u4Hybg4oGF11eK5WNLrq9Gk2ddpo6e6d7jpg9Wic6bBuqZ3aXsnXP2M7Krge8qJp12PVYrQ5U1YIfBVWzcdnqWezYvofS0mn82388MAItFQIyV6yi7HuPcejBe/FUV/Xbnih4BHAUFAz6mIqqkr6kDHona/I2NtL46st0nzsLgN7tpuLxH1L/5+eY/+Wv4iqdg7NoKnXP/YnZn/0nTMPAffoUrXt3U/KxT4Ch07xrJ56aajqPHyVt7jzSFyzCU1sDpkH7ewc48Ll7AFj2/R/FLZ9RFgzHzv/lf6n5/TOkLVhI2vwFcc/D19xE1ZO/pXXvbjKWLiN3QznpCxZS/cyTNG5/ley169AcDjw11TiKisKT7Kg2G9mXXU7X6VOc/uH3Aci76hoUTSNz6TLa3ztA5X8He2K6ZsxCKd8Ybofu6cYMBLDnF5BSMgMtxYm7soKsVavRHE6admyn/d0D2HPzyF67jsxlKwAwvD3onm4qf/rjYBh57Wac06bjrjjN6R/+J1mr1lB43ZaY5+muOB3uHRtiy8piynVbqH7mSc5v+3NS+8T7unYcPUJG2XIyli6j8+gRXDNL8VRV0fT6dppe3076wkWklMzEfeoUOevWQ4xe896G83jr6zD1AAC5V5QnfX5CCCGEECI5Ej4KIUadmlqKY/5nMdxV6K378LcexvScQ+nTK0+xpqJYU4FiAEwjQHFWO0X+dpbNbcf0nQczELVPV4+F0+dTw+8rGoPvu70alY2u4HufFvVI90AcNn3Mg0eAFKeCYrHi8w0/QNU0C6rDhc/Xw4MPfYYHH/rMCLRQiD56e2CO2eEC/iGP+diXoqrhx5EXPvINAAxfn+EPIn6xkai8oqpgGkN6NFf3dKNYLNiysplyw82U3vMPWDOzMLw9KBYr/vZgr+uq3/4ae24+mStWkbVyNR2HD3L0G49Qs/UpUqZNJ3PFKhZ97VvM/OvPcPJ7/0rniWMEut2kTAv+csff0Y6/rY2U6dPR3cF2dh47SsbSMlCU8Ln629sxvF4saWkXGmmamIFA77lqKKqC4Y09rEM8HUcOU/30E0y/6+MUf/B2ptxwE/UvPDesmcrb9u9jypYbyViylO4zldiys2l+6w20FBeLvv5tci67HCMQANNEcziSqnOo5yeEEEIIIeKT8FEIMWZU1zRU1zSsU2/G9LWgN+1Bbz+E3l0NMSakUVQLij0H7DnhdWagC9PXiuFrw/S1kurwU1Zy4ZHo9fOa4h4/1IuyvsNBQ3vwRtQ0TY7UZOBy6MzIdZNq9+N0qPy/HfNH8MyTE/D3ULZkGucb2mhoaEPXjYF3SkBRVOz2FA4erGTJkpkj1Eohglr37ubwV+7H19ISc/uhB+9N2Pux5/z50WzegEzDQPd0c+K736Hu2T9GbSvc3L+nW6Lyy3/w+JDbYcvKwgz48dTVUnDNtag2G8e++Qh1zz8bHB9yRvB7t/Wdvey5+yNkrVjFjE//LZnLVjDjk5/m8Fce4MDn7sE1cxYzP30PeVe+j5KPf5J3/+mz+FtbcRQUAtBddRZfczPZ69bjKp2Dv70d9+mTZCxeEgyRe3sFak4nisVCoLNzyOcUz7nf/opzv/0Vxbd9iJK77qbg2s10njxOzdanh1Rf8xs78VRX45w2jayVqzECAdre2UvuFeVkLltBy+63OPTlL5F35fuYd5/0+hZCCCGEGC8SPgohxoViy8ZSdC2WomsBMP2d6B1HMTpPYbjPYnjqINC/F5FiSUWxpKKmTAvuF3Bj9gaRhq8VjPgTtxRm9FCY0UPZAG17ZnfpkM9rOFpbWtA0laIp2RTkZ1Jb10JDw/DHmjSM4YWY4tLla4kd5jduf5XDDz+A0ZO4d1iiANJ9+uTgG6QoWDMzo8JBvaeHlrffTG53VUVzOgHoPH6MzOUryV57GQ0v/4XcK8pJX7CIih//KOa+icq7z54hc8UqctZvwNvYQMai3pnk40yOZXG5yCxbjpaSQvqCxfiam4N/H9dcC4qK6nBSdOMt4YlpNKeTGXd/Cn9XBzVbnyZz314yFi9BczqZevuH0ZxOqrc+TfOuHWSvWYvmdKJ3u/HUVJG5bCWmadC963X8rS1oDgcp06bTdfI4HUcOk7ZwEQX6ZrJWrcGeX0DO+iuwpqXTeOpEzLZ3n63E396Oa2Ypee+7mowlS7FmZKC73WgpLvRud8z9UqaXUPzB22na8Rr1LzxP7vpyslauxuJMvld6LO0H3yV1zhwylpbRU1dLw8t/oeDazcG/fpsNW1YWeRs3oTqcaL3HMg0DFAXV3n8G9KGenxBCCCGEiE/CRyHEhKBY07DkrIGcNQAcOXyCIwffo/bsKaxmJ7MKfSya5ibbFR12KBYXisUFKcVogBnoDoaR/tbgUh/8o3MbF9T2PnZtYhjmqM+uHYumqUybmktOThrV1U10dsafPXcgbrc8PiiGpmnn68z7Uv/1VU/+pl/wuPhbjwKEZ70Oqd76VMzwsWnn64NqS8DdBYpK8a0fovjWD4XXdxw5TOOrL/Urb/h8YJoo1uA4qt3nzpJXvpGl//ofNL76MhWPP0bWipUUXH0tBdd8AEwTd2UFja+9EvP49S88G7d8zdanyCxbHtx29bW4KyvQu92klJTErEux2pjxyU+jWCz4O9o599PHg+fx2iukL1zMvPsexPB56Th8iNS584PjSi5bTubylcy798HgTNF1tdT8fisF115H/lXXUPr3/wcAf2srtX/8PQDtB98je806TEPHXVmBr7kJU9exZmbhPnsGgJqtT5M2Zx6F121h/bPbwDTpOHyQ6qefiNn2jiOHqf/z80z/6MdY8i//SqCri+6zweVS+wAADy9JREFUZ7Hl5pK1ajVNO16LuZ9z2nTyNl3NtA9/FBQF0zBo3f0W1b97Jmb5ePp+XVv37qZw8/VYs7JpePVlAJpe38GULTeTvXoN6373LJ6aajzVVaSWzsaeX0D7wXfJXL6CuV+8H0d+9NijQz0/IYQQQggRn2KaYzxgkxBCJGAYBn/6n5d4+aW3OXnibNS2smXzuP6aBaxbbCHQdRrTUwee2oT1mbon3DMyGEYmF+JtO1jIj/7SvwekoqjBmbv7zEqtKiow/Jk2P/fhbGq759Duz41a39zcQVV105Aexb75psv48B1XDrttYvxEzm4Nwe8T0zTRdT08u7Xf7ycQCOD3+/H5fHi9Xnw+H02f/tiwjr30u98nd0N51Dp3xWkOPXgf7srTQPTkMg0v/yUcQLpmlrL4W9/BNSv6e6lp5w7e+8LnhtWukZK1ag22nBy6ThzHXVkx5PJaiovstesIdHbQunc39vwCAl1d/XrKhR6lPvatf0bRNFr37Y0q45o5i9TZc+k6dQJ3ZUVUPa6Zs0idO49AVxfNuy6Et/b8AjLLlmMEArS8/eaQeueF6vY1N9O6d/eA5dMXLsJZPI22d/fjbThPyvSS8MQ/iWStWoM9L5/us5V0HDk86HYORs76KwBo3vU6WooLS2oq3obkHvcf6vmJ4cn9719is9mw2+3YbDasVisWiwWr1Ro183Vo1muQ2a6FEEKIyUDCRyHEhPLittf5wfd/G3fSlaKiPO69/1MsWBAMMwxPLUbHCQKdpzC6KqCnPmH9pu7tDSJDYWR33LL17Q7+Z28xh2vSBzVhzXD88fO7AOgKZFHbPZsazxxqPXNwBzLQdYMzZ8/T1ja4YOHmm9by4Ts2jkZzxRgZz/Axd0M5S7/7/X7r3RWnOf7ot5l62x39ejY2vPwXqrc+xbx7H+gXPAK894XP0bRzx7DaNVmFwscjjzyUVMgnxKVEwkchhBDi4iSPXQshJpRdO99JONtzbW0jr778Zjh8VJ1FqM4iLAXBcC3Q8g6BlgMYnSfA29Bvf0WzozgLwRmchME0fBeCSF8rZuBCsFeY0cNnrjod/lzXFpyoprPHQmXvrNoAlY0uur3RPSGHIsWuh9+nWlqZm76Huel7AGjz5VPrmcPsjDkcOJdPZVV30r0gfT4/7e29E/qYenDGcDOAEfCjBzyYRgDF1DENP4pigBEAdDACKIqBLXcNTqcTi0X+y7gUNe3cQeP2V8i7clPUetesUlb86Ccx98m/6pq4E800bn/lkg0eQwyvV8YOFEIIIYQQlwzp+SiEmDBaW9r42F334/cHEpYrKZnC4z/5+oD16W3vEWg5QKD9OIq3Lqk2mIa/TxjZf9KbMaNoKJYUFC0FLK7e9y6wpNDlddDpUTD0AJoKmgqqagaXSnCeC001UVWwaCqaagImCoO/5OtKCn77DNQpW8gsGPtZwMX49nwMWf/ci9jz8odVh7exgV1b3j8i7RFCXHyk56MQQghxcZJuLEKICaOj0z1g8AjQ0NCSVH1a5lK0zKXYAcN9Br3lHfxtR/C1VWCzxt5HUa0ojnxwBEMW0whg+tuDPSID7uDs2gF3sPfgSFPtqLZMlNDLkhq3aJrDR5oj2Yr1gYskoJndaD1HMM6cosNzE+kzNg+rPjE57dryftY+8buYj1Enw11xmrfvvHWEWyWEEEIIIYSY6CR8FEJMGE6Hg6zsdFpbOhKWmzGzOO62UL++yD7dJkDKDNSUGdimfpBv3vcwWepZSotMSgoVpuarpDpj95hQVAuKPQfsOdHHMXz9A0kjAKYf0wgMHE6qtvBM3Yo1PRg2as7E+yRgmgboPcHZvXUPpuGLW1ZRNNAcoFjA8GIa3ui/MEVFUe2g2S8sFQ3V9GE27wAJHy9Zb995a9TkMsmKnIRGCCGEEEIIcWmR8FEI0Y9JMIsyB3hP321cyLAulDUvlO27vc9nMrKZNX82+954J2H7ps+fy5nu0GOoEfsnKbe0jG2/q+WliMPMmaqzYJrB7GKTkkKV4nwNVYlfq6LaUGw2sGXFLRMOIY0AphlAUS2gWEG1oijqIFocqs+H6e8KhouhkFHvCc7gnSBsHDGqDX/uVXi8Znheb0W5MMe3Aigo0euU0PrelxJZts/2GO/F0I3WI4iHHryX3A3lFN1yW79ZsPtq2rmD2j9sveTHeBRCJE8enxZCCCEuPhI+CjGJGb3Bn2GCQTCIi700Y6+PqCNy23gOBLvyirVUHK+ktbk15vaZc2eyeHUZxjAaubp8LWdOVHD84PHwupPVGierg5PG5Bflc/PHbmPNIjvW7pNo3Wew9tRiDTQN6jiKagEsoA0+SDNNHdPfEX7h7wgGjuPJ8NFTcD2+hJ06R+5fTyiEVLkQRqqhZZ9twaUSZ31wqUbUcTEayxv2pp07aNq5A8eUInI3lJMyYyaOggIAes6fp/tMJU07d9BTVztmbRJCXJwkjBRCCCEmPwkfhRgHobAwKjTss84wzXAg2DdcjAwdLzbL1q3ANE1e/MP/cvbkmahti1Yu5tpbr6N0wexhHaOopJjNH9oCisLx945FbcsrzGPz7VtYdtlyfIAvbWHUdlvnkWEFkomYgS6MniZMbxOmv33E6h0pXQu+ja9wy5gdLzIUTy7TTO4bIjKE7BtKhj/3BpmR62KVG2/xbsrHagKGnrpaqp95clSPIYS4dAx07ZIgUgghhJicJHwUYoSYgG7Gepkx14v4ll++kvyiAqoqztFY34CqahROm0JJaQm5hXkjcoy5S+ZTPGMqR/YfprGugUBAJzsvm7mL55FfVBB3P1/awriBpMVzBs3bCKaOYhoo6ICBYhoQ+mwaKBh0dBkYhoFLa0YLNAYDR907Iuc2GtxzHsI79c7xbsaICIX2ib8PB/4m1ZRYLyXm+rG6XVYURWZ+FUJMapHXMLmOCSGEEBcHCR+FSEIgRngYiBEqXow9EcdL8YypFM+YOqrHcKWlsrp87bDriRVIxrP/jT2888Zezp06R2N9EzZ7EfOXbmTZmiWs23QZmEZveBkMKkGH3vfBdcFAM1Rm92u7eO25l1AVM9gjTzV735sR72HFujLWXLmmNwjVe+vtc6ze9eEyoeOi0zPjU8P+e7rYxP5FQv+LgBojjLT0CSktvcuhineTLjfuQojJJN51TK5lQgghxOQm4aMQfegmeA3wGeAzzN7leLdKXAzefXsfzz3xLHVVdeF1Pq+f9/Yc5uC+I7i7/Vx10weA5EdOrOk4zqnzGQOW00qms6zg+qE0WwyT0fuLCX/U2v5fYZsaeinYe98PNpAM3aRHvoQQYrKQa5gQQghxcZLwUVzy/EYobDTDoaM8Fi1GWktDE68++3JU8BjJNEzefOVNZi+cR8mcmUnXm5qellS59Mz0pOsU4+PCLzqCFyBNIRxC2pTg0hKaLVxRMHunek/UU0hu3IUQk0mia1fkOrm2CSGEEJOLOt4NEGK8tflNGrwmbX7w6BI8itFx9tQZThw6mbBM7dlajhw4NKh6i2dMx5HiSFjGZrdSunDOoOoV4083oVuHNj+c95p0BKIvTn1v0GP1GJIbdCHEZDLQdUyua0IIIcTkJOGjuOTZhzPQmhBJaqitT6rc+arkyoXMXTKPDe8vT1hm1RVrWLpm2aDqFROPXY1/0x3rZl1VVVRV/psXQkweoetWsr9IkSBSCCGEmBzksWtxyUvVwO5U+o3xKD0gxUjStOQut8oQwqKrb3o/AK88+xKGfmGAUqvNyprytZRf975B1ynGl0UBa8QYkNbex65j6XvzHQoeQ0shhJgsIq9dsa5tQgghhJicJHwUlzxVAXvv2GoQ/MHWMHvHXzPB3xtI+o3grNdCDEVRSXIzd5fMnjHoutOzMvjg3bezdPUyjh88SmtTK2kZacyYO5OytcsHXZ8YW5beYNEaChp7x3hUo+6zL4zxGEvf3o7S81EIMRnFuoYl86i1BJNCCCHExCbhoxAxqAo4NAiOpBf8gdYk2Buy/8uMuV6ISFNnTads7TLefftA3DKz5s1iXtmCIR9j9qI5zF4kYztOBArB64jW76XEWBe6ygyi/t4JZ+KNjxa6adc0bTROTwghRoWmaQkfvQ6FjBI2CiGEEJOLhI9CJEkh2EPJ0u/n3f4/AOtmsPdkOIwk9PlCUBm5XbLKi196ZjofuP16ujq6OH30VL/trjQXV15/FVOmFY1D60QyVKIDRTUiUAy/J3r7SIqc4Tryc6Lg0TRNFIcDs6dnZBsjhBAjTHE40DQtYQAJsYeaEEIIIcTEJuGjEKMgFD5Y+23p/wOySTCIDC0NEwzA7F1e+GyGP4f3iSgTWY+YmEpmz+CWu2/jvbff5eTh49RX15HiSmHRiiUsv3wF85YOvdejiC3UA1EFlMhln3WqosQsq/aWDW2baLe4kYFkKHg0DCMqfEy/chPt214Y55YKIURi6VduigofY439KEGjEEIIMTkpZqJBpIQQk07fIDIUZPYNOU0uBJpmgrJmjHVCjJTIUE8JhXwR7yMDwwvblKj91Bhl1Yi6Lyah/7JDS8Mwgt/HhhF+6boe9QoEAtQ//hgd21+RHpBCiAlHcThIv3IThZ/5eywWSziA7NsLsu9EWvIIthBCCDF5SPgohBiUUBgZfs+FcDJ0MRnwc586gmXM6O0R+9JnX8w+nyOWsbb1e9/nqtf3IhjzojiKwasS/iPG+kSfldjblMilEmNdxLZ+62OtI+Imr0+56DIR72PUFbVPn/1FcvqGj6Zp9gsf44WQoVdoW2RwGaonsk4hhBiOvo9KR/ZkDPXODi1jvSJDx1iTz0j4KIQQQkwe8ti1EGJQIkOmqJUjUrMQIpHIcR77jv/Yd2brvttDZXRdR1XVfsFjZPm+4aOEkUKIgSQai7HvuLSxAsjIZazQMVbdEjwKIYQQk4OEj0IIIcQkFXnjHTn5TKzHEhVFCY8HGSt4TBQ+CiHEYMULH/sGkJGvWJPN9N1fCCGEEJOPhI9CCCHEJBTZCxKImmwmtIwsG1ofr8dj36UQQgxXrEekYwWQfYPIWNult6MQQggxeUn4KIQQQkwifR+5jhQZPMabBTsUPgISPgohRlW88BGIChUTvR+obiGEEEJMfDLhjBBCCDEJxZt8BgiHi7EerU40uUy8HwnkRwUhxEDihYGxHr+OfB/rkWwgavgImWRGCCGEmNz+P8Xtzo7g0pawAAAAAElFTkSuQmCC
----[INFO]----Unable to locate elementPatient Module
----[FAIL]----Element 'Patient Module is not present
----[FAIL]----Element 'Patient Module is not present
data:image/png;base64,iVBORw0KGgoAAAANSUhEUgAABR8AAAJmCAYAAADVS/dbAAAAAXNSR0IArs4c6QAAIABJREFUeJzs3Xl4lOW9//EPkH0SlgATkCVkoUQYIkohGCuWoKCnINLaH6Di8YALVY+gBa1iqhb3pbgcW2Q7FlCwrUWFUwVMUNRAWATDgEGTDIlEyYBBSIaBrL8/spBlZjJZJjOB9+u6vGqeeZbv8zxjox/u7313qqysrBQAAAAAAAAAtLHO3i4AAAAAAAAAwPmJ8BEAAAAAAACARxA+AgAAAAAAAPAIwkcAAAAAAAAAHkH4CAAAAAAAAMAj/LxdAC48JRWVCujcydtlnBcyzAcabYsw9laE0eiFagDPKbbZlGM5LJvNpmyLRZIUExUlg8Gg6KhBCjUYvFwhAAAAAMARwke0q7RvT2jdoVNKio/QlIFBIoJsnmKbTVtSt2pLSmptAONIqMGg+OEmJSYk6PKE0U0GMwsWPuowyHTkLy//WTFRUW7tu2BhssvPp06epMQxCQ4/W7J8hbIth926zgtPLaq+nvv3IZ0Lr0JDDYo3mRRvGubWvWWYzU3eW4140zC98NST9bZNnDK12ce6ez1JmnP7LMVERTXreTiq0xlPndeRLalbtf6DDS6/75IUYTQqcUyCrkka5/b3EwAAAADgeYSPaBe5P9q17JM8bTYf05iRA/RB3hltt5ZoysAgJRoDvF1eh5C2I10vvfqaim22JvctttmUtiNdaTvSFWow6N2317RZHVtSUhVz+2y39s0wm11+nmOxKH64yWE4mm2xNCtIbIm6gVbajnRJVYHk1Osn65qkcR69dnM19SzrsrnxHfF12RaLXnrltSZDxxoFVqvWf7BB6z/YoFumT9PMGdM9XCEAAAAAwB3M+QiPKq+o1JLUXP32f/Zos/lYvc+OnanQ8m9O6yVzsbJOlXmpwo5hc0qqnnjmWbeCx4ZacowrW1K3ttm5im02rVm7rs3O1xayLRa9+MqrWrAwuc2fHdyTbbHowYXJbgePAAAAAADfRfgIj9mwr0BTX92tlZ9953K/Az+V6emMYq3OtutUaWU7VddxFFiteunV1zx6jea0qdaMqmwr6zds9MmQKcNs1t3zHmhVAGkICXH4bKOjBjV5bHTUoBa1D0dHDZKheiRpTFSUDCEhbX4tT523xkuvuDfCFwAAAADg+zpVVlaS9qBN7c09qWWf5Gn34ZMOPx8zcoCKu3dz+Flgl066YWCQJvYL9GSJHcrjTz+j7ek7nX4ebxqmeJNJBVarCqxWh63Km95f79a1br3jLhVYrU3ud03SOM2fe1+T+2VbLLLZbE3OVxhvMtXO21hXsc2mJctXOBxtaQgJ0arlSx22bLuakzDeNKz2749arbJajzncr0ZMVJT+8vKfHX7mau7HqZMnaU4T7enO5n68PGG0Hn/kYYefubq3d99e4/B5rF67TmvWvePwmMce/oPTeTeb4onzbk5JdRm2R0cN0iUmk6Sq71d2jkW206fr7UPbNQAAAAD4DuZ8RJs5VlSipZ/k6f0vj7b4HGfLK/WOxa40a4luGBikS3v6t2GFHdN+J0GTISRELzz9ZKORZc1ddKVGtsXiVvAoyWUYWpe7o94yzGZtTknVhPFJ9baHGgxOV+6OiY5q0QrHDRc/qZ0rcMNGh/tnWywOa2uKoRWrL7d0wZSWPI/QUM+sEt3S87qa2/L39/13o/fgKgAFAAAAAHgfbddoE3/7/Iimvrq7VcFjXd/ZyvXa1zb9JdOm/NPlbXLOjijDbHbafho/3NSmq/puSUlttM0QEuJw4ZW2br2WpDdWrPRKq22E0ag5t8/WnNmznO5DuNV+nAXghpCQZgfAAAAAAADvY+QjWuXjg8e17JM8WY6dbnrnFth9vFS7j5fqP/oHasrAIPl37uSR63REzlY0rhtIxle3p7ojzcFoxvjhJiUmJDhse96cmtridl1Him02rf9gg9faZadeP1lp6ekOR41WtbObm/U80TLORu02bK2uEWE0Kt40TBFGY+0o2UuG854AAAAAwFcQPqJFMn8o1rJP8vTZN4Xtcr1/HzmrNGupbhgYpLF9Atrlmr4uw3zAYTtwU/MMOuKs5ToxIcFpwLg9faeKbbYWtfo6s2bdO5owPslpq7WnXZOU5DT8+mo/4WN7MBp7O52H86VXX9Pv7/vvetsmjE9iRCQAAAAA+DDartEsxWfK9OdNObp16b52Cx5r/FRSoTezTuvZ/cXKPFnWrtf2lqbmDXzp1de0YGGy23MwOuOo5VpSbfB4ecJoh5+3deu1JL34imdX9nbF1Yg5V3MRou30cRE8b05J1a133KUtqVtZDRsAAAAAOghGPsJtf9/5vZZ9kqeTdu8Gf9+cLNPz+4v1i4gA3TAwSOGB52+GHhMV5XIkmFQVimWYzQo1GJQ4JkHXJI1r9gg9hy3XpmG1oxovMZkcBpxp6emtGnUWHTVIOZbD9bZlmM1K25Hepi3d7mrLEZcZ5gPMFdkCiQkJLhdMKrBa9eIrr1btOyZBiQkJDuclBQAAAAD4BsJHNCnt2xNa+mmeDuYXebuUej4vKNF2a4mmDAzSpAFB3i7HY349ebKWrFjZ5H7FNps2p6Rqc0pq1SIqs2e5FeC5armu/fsxCQ5raG3r9czp0/XXFSsahatLVqxU/HBTm7Z0uyveNMxh+NUwJG1KTSiM5rlmfJJWr13ndI7HutJ2pCttR7qWLF+hqddP1g2TJ3nlOwMAAAAAcO78HTKGVsv90a5H3z2keW8f8LngsUZ5pfSv3DNa+GWRdh0v9XY5HjH1+snNHtlVYLXqiWee1RPPPNtke2rGfscBWd3gMsJoVHTUIIf7OWvZdkdoqEG/m914jsoCq1XrP9jQ4vN6Am2+7SPUYND8ufc165him02r167TgwuTlW2xeKgyAAAAAEBLED6ikfKKSi1JzdVv/2ePNpudt/v6kh9Ol+uvmTa9ctCm3OJyb5fT5ubPvU9TJ09q9nFpO9L1xNPPutzH0UrWRmPvRi3Ilzhp5XZ0fHMkjklQvGlYo+1r1r3jcESmtziqEZ6ROCZBLzy1SEZj72Ydl22x6MGFyQTFAAAAAOBDCB9Rz4Z9BZr66m6t/Ow7b5fSIl8VluqJfUVam2OXvazS2+W0qTm3z9YLTy1qdghWM4eiIwVWq8ORYlckNG7XdtbC7axtuzmcjXTz5uIz8K54k0l/fXmxbpk+rVkhZLHNpjVr13mwMgAAAABAczDnIyRJe3NPatknedp9+KS3S2kTW74/q+3HquaDHN830NvltJl4k0kvPPWkCqzWqvnu0tNdLs5RIy3d8QIuzkLJDPMBLViY7HZdaTvSNfX6yW7v31CE0ahbpk9rtECLN+ZMdOd5uuOapHFNLsbTnGd8IQo1GDRzxnTNnDFd2RaLtqSk6iuzucn5N7ekbtWc2xu38wMAAAAA2h/h4wXOeqpEyz7N0/tfHvV2KW2uuLRSb2XbaxelGd7D39sltZkIo1FTr5+sqddPVrHNpvUfbHC5srKzQM1Zy3Rz583bkrq1VeGjVDW35ebU1EaLz7RnAOlqBGeig9GgrkQYjc1edRzOxURFKaY6UMwwm/XX5SuchpDFNpuyLRbFREW1Z4kAAAAAAAdou76A/e3zI/r1a7vPy+Cxrpyici0+YNPSQ6dVYK/wdjltrmZ02JzZs5zu4yhUc9Zy3RLZFkurzxVqcLz4THtyNhJUkuKHEyT6ipoRwK7asW3M+wgAAAAAPoGRjxegjw8e17JP8mQ5dtrbpbSrHcdKtONYia4fGKQpA4PUydsFuWFzSqq2pG6tN/rvlunTNHPG9Eb7XjM+SUtWrHT73K6CtpbYkpJaOzKtpWoWn2mr1ufmWr9ho8PthpCQC24U3cQpUyVVjeCMMBoVEzWoTVqZXZ0322LRkuUrlWOx1C4aE28apheeerLReUINBvUxGhuNlAUAAAAA+BbCxwtI5g/FWvZJnj77ptDbpXjVB3lnaluxE40B3i7HpQKr1e22Y1ctw44WqXHWcu1qrsLiYpueeMbx6tlp6TvbJJyaP/c+3XrHXa0+T3O99OprTp9ha1vKO7ICq7X6ubTtAk6Ozmuz2ZrVZl/gIniMvsDCYgAAAADwVYSPF4DiM2Va+mme1u343tul+IxjZyq0/JvTtSFkbNeO/Y9Csc2ml1ysDN1w1J6rluup1092OcovOmqQw7n2as7Z2hGCzhaf8ZQCq1VLVqx0OhLUEBJyQYePbam4DVuhXYXFRmNvhRoMbXYtAAAAAEDLdezEBU36+87vteyTPJ20l3m7FJ904KcyHfipWOP6BmrKwCB19ff9Zuw1695RhvmALqmegzDbYlHGfrPLYKfhStfOgj2jsXeT4WFiQoLThT7aovVacr74jLtcjYiru8K0rXphElfm3D7baZBVXNzyMK2lc2TabM2fLsHV/IdVbf3129xdjaJtj/PWlWE+oLvnPaD44SaFGgwqsFr11X6zy3NNSHK9yjgAAAAAoP10qqysbNteOviEtG9PaOmneTqYX+TtUhoZM3KAirt383YZjQR16aQpA4M0sV+gt0uptXrtulaPALw8YbQef+RhSdL6Dza4NS/knNmzGo32czT/pDO3TJ+mCeOTtCV1q77ab3Z6TExUlCIijJo6eVKjlaHTdqQ7bfGWHM8FuGBhcr35AlvL2fyajuYmdCQmKko3TJ5Ur4295lh3nmPdd7dgYXKdVmXnQg0Gvfv2GknSkuUrlGE+0CYLC9V93p46b4bZXC8cbglDSIhWLV/KyEcAAAAA8BGMfDzP5P5o17JP8rTZzCIMzXWmvFLvWOy1rdiX9vT3dkmtFh01SPPn3lf7s7uhnKP9mjP/ZM3+q9euc7lPzSrZ0YMGNQofW7L4THPqc8UQEqI5t892Ovelu3MTZlssjcLC5sxrWHdkobvH1H13bbEKuSOeOm9rGUJC9MLTTxI8AgAAAIAPIXw8T5RXVGrZJ3la+dl33i6lw8uzleu1r236eS9/TRkYpH4hXbxdUotcnjBa8+fe16GDmPlz79Pv5t4v22n3Wo2Nxt6tXv34mqRxmjljuiKMxladB+2rJmi/0FYlBwAAAABfR/h4Htiwr0DLPsnT0ZNnvV3KeWX38VLtPl6q/+gfqCkDg+Xfuf1rmDljuhLHJGhLSqq+MpudzrVYwxASosQxCZowPqnRSEKpajGXuitfH7VaWx3WeVKE0aip1092u/W8j9HY7PuJNw2TwWDQJSaTEsckEDp6UbzJpFXL3lDajnSlpae7Ner18oTRSkxIcDpKFQAAAADgXcz52IHtzT2pZZ/kaffhk94upVl8dc5HV3oEdNaUgUEa2yfA26Uo22KpbcfNzrEoJrpqpFeE0ehTwVmxzaYcN1tzfa12+I6681zW/b4bDAZGOQIAAABAB0D42AFZT5Vo2ad5ev/Lo94upUU6YvhYY0g3P00ZGKS4bgwaBgAAAAAAaArhYwfzt8+PaNmneSopq/B2KS3WkcPHGldGBGjKwCCFB3qhFxsAAAAAAKCDYPhWB/HxgeNa9mmeLMfcW3gDnvVZQYnSrCW6YWCQfjUgyNvlAAAAAAAA+CTCRx+X+UOxln2Sp8++KfR2KWigvFJ6N/eM0o6V6oaBQRrVy9/bJQEAAAAAAPgU2q59VPGZMi39NE/rdnzv7VLa3PnQdu3IJeH+umFgkCJDu3i7FAAAAAAAAJ/AhHU+6ujOR3Xixzxvl4Fm+OmMTSlZK7xdBgAAAAAAgM8gfPRRF4UUa37If+qFUSky9aU73pd19Zcu75quiNO3ylCxx9vlAAAAAAAA+AxSLR83omSlRhhX6t99ntCbh+J04nSZt0tCHSO75cqv+GmVnzrp1TqKbTblWA7X2xZvGualagAAAAAAAKoQPnYQ/1HxmMZdPEBv2R/ROwe7erucC15c2Cn1KvtflZzcLm9Nmro9fac2p6YqO8eiAqvV4T6hBoPih5sUbzIpMWG0IozGep8vWJjcZvW88NQiSVK2xaIly1e63Hfq5ElKHJPg8LMly1cou0GQ6khM1CDNuX222/u3xAtPLXLrftxVU3ONlj7/S4abFGE0Kt40rNE7BQAAAADAlxA+diDBZd/pdv/fKenn/6HVx2/W557JW+BC3+ByRft9pNKi1SrxUg1pO9K1ZMVKp4FjXcU2m9J2pFcds3yFpk6eVC/8yjCb27w+m83W5HkLrFbFDzcp1GBo9Fm2xaIM8wE3rlTZzP1bxp37cV/9qLql5617XLzJpJkzpineZGpVZQAAAAAAeAJzPnZA0aX/1mPdbtbjI9MV1dPf2+VcEAK7SAndMjTAfrNKi1Z7rY4lK1bqiWeedSt4dCTbYmnjilqmwGrV+g82eLuM80KG2awFC5O1OSXV26UAAAAAANAI4WMHdkXZq1ra///prvh8+XfhVXrKJV2P6rLOD6ry5NNereOlV187rwK79zZsbHGIisZeevU1pe1I93YZAAAAAADUQ9v1eeDGTg9q3KXxWnNqrjZ+E+Ttcs4bMaF29a1cq5JTm1Xu5Vo2p6S6NbLNaOytUIOh0eIzzrz79hrlWCxO5x40GntrQlJSvW0FVqu2pG51es54k0mrlr1R2x7uTLHNpiUrVuqxh/9Qb/sLTz2pDLNZm1NSHV7HaOytv7682GHL9rkahtW2IW9OTZXVeszhfrdMn9bkPblzP3WvVyPbYtH29J1Oa5Safv6GkBDFREfV/txUe/mSFSudzqUJAAAAAIA3ED6eJ3qWZmhu8GyN//l0rfphivbmV3i7pA6rV2ClhgR+qtJTS7w2r2NdxTab3nAR4hmNvTVz+nRNGF8/JFz/wQaX4Z9UvSCNi7kC+xiNmjljeqPtrsJHSYowGuuFZs6k7UhXhtncqIZ4k0lf7Xc8H2Ifo9Fl8ChJM2dMrz1nhtnsNHyse29fudivqfupmnex8XOaOGWqyzqbev4x0VF64akna38uttm0ZPkKp8+/wGpVtsWimKimnz0AAAAAAO2BXt3zjKl0nZ7vNUMPXmqWMYxsublGdftG0WdnqPTUEm+XUmv9BxtUbLM5/Cw6apD++vLiRsGjJLfCP1/w4iuvebsESVWhpq8LNRg0f+59Mhp7O93H5uS7AgAAAACAN5BOnaeuqXhG4wZ301tn/6Q1B3p5uxyfZ+r6o7qd/atKT7b96s+t5WqU4fy59zU5CtATXnhqkQwGQ5uMsCuwWrV67TqHIwfdERMVpaNWq9NRiy3RsN25pdryOdV1icnk9HtRXEz4CAAAAADwHYSP5zG/8pP6T7+5Svr5WK0unK2tObzuhgaGlGhg5/dUcupfKvV2MQ4UWK1OF2W5PGG0y1ArwmjULdOnKcJoVJ+IqlF9hjYKKl21CrfEexs2asL4JEW0YPThnNtna87ts1tdQ9325rbS1s+phqvnFBra/mE0AAAAAADOkEZdAAaUbtMjYdt09cjb9bfvrtE31jJvl+R1Yf6SKSRd5ScX+8S8js64Wr04McH1wiIRTuZr9EXFNptWr12n+XPv83YpHUKG2fkI3WjmewQAAAAA+BDCxwvI6LLlGt13ud7vu0grvx6s0yXeXsPZOy7rlquA4qdVfvKkt0tpkrO5HiXVjmb0pALrMa1Z947LfRyt9NwUo7F3ozbpLalbNWF8UpuPFow3mZpcJbq1MswHmnxO1ySNa9HIzoYKrFan93NN0jivtOEDAAAAAOAM4eMFaIqS9UtTlN6yPaT1h8K8XU67iQsrUq+ylSo5uV0dZS3wbIvF6Weeaumtq2Y+RldumT6t2bXMnD5dS5avkO306Xrblyxfqb+8/Odm1+ltGWazy9GIUlVI29rwMdti0UtOFugxhIR0mJGuAAAAAIALB+HjBapbuUV3B83R+JGTtco6XTu/83ZFntM3uFzRfh+ptGi1T7dYO3K+rlzcJ8KoqddPbjRaMNti0foPNmjq9ZO9VJlvybEc1oKFyZJct1objb31+CMPt8nISgAAAAAA2lJnbxcA7xpStkFPhd+shSN2q1/38yuLDuwiJXTL0AD7zSotWu3tctDAzBnTZTT2brR9zbp3XLabX0iKbTaXoyqNxt66Zfo0/fXlxW2+ojYAAAAAAG2B8BGSpF9WLtabkdP1X8O+93YpbeKSrkd1WeeHVHnyaW+X4jHnQ0C3wMECM8U2m5YsX+GFajqe07bT6tSpE/M8AgAAAAB81vk11A2tVKmb/BYo6bKRWnPybm3KDvJ2Qc0WE2pX38p1Kjm1Sef7cjo5FovH532MNw3TC0896cHzm3R5wmhtT99Zb/uW1K3tMqdlW7ll+jSvzLdYs0p4cXGx5tw+u92vDwAAAABAUxj5iEb6lO/R/NDZev6yf2tYn47xFekZWKkrun6insX/pRLbJm+X02ZcBXDZOc4Xo+lIfnf7bBlCQhptb2oBlwtBTVv1LdOnaerkSQ6fkySt37BRBVZrO1cHAAAAAEDTOkayBK+4tPwtvRwxQ/PiD6p7cBdvl+PUqG7fKObsDJWeWuLtUtqcq3n80hqMFnRkS+pWZZgP1P7lavVsb4kwGllgxok+RqNmzpiumTOma87ts/X4woed7tvUquQAAAAAAHgDbddo0q86PaVxQ3rprTOP6e+Z4d4up5apa6G6nf2LSk+evyPkYqKdh481C5G4Gh354iuvNtq26f31ra6rwGpVgfWYJCk6alCr5xycOWO6Nqemylp9zvNFWz+neJNJ8aZhyjAfaPTZltStmnr9ZBaeAQAAAAD4FEY+wi0hlcd1R+B/643LVuiKSO/OpjgwpES/CP27Qk7drdKz52/wKFWNCow3DXP6+ZLlK72y8MzmlFQtWPioFix8VL+56RZNnDK11SPvHC0+09E5ek6tbSd3NbfkkuUrW3VuAAAAAADaGuEjmiW6PFWPd79Vj434TIPC27cVO8xfurxbuvqcvlUlxf9q12t70zVJSU4/y7ZYdPe8BxwGWh1tNeyaxWfgWs3oR0dqRsMCAAAAAOAraLtGi/yicol+MWCJ/nHRU1r5dZTKyis9er3LuuUpoPgplZ886dHr+KIJ45O0fsMG5VgOO/y8wGrVgoXJijAaFWE0qk+EUUcLrG4vQOIqpLTZTjdq8bXZbI1Wp24rv7t9tjL2m2U7fbrNztkeC7FYjx1r9JwKrFZtSd3qketNnTzZYeu1JK1e+45eeKrjrBQOAAAAADi/ET6iVX7bZaHGxf9Ma4p/r//7NrTNzx8XVqReZf+rkpNpqmjzs3ccjz/ysH43936XoVzV/IJWZbg58K3AatWade/oq/3OD8i2WLRg4aPNqrUmdEvbke50nyXLV8pgMGjmjGn15qysWXxmzbp3mnXNhtJ2pGv9ho2SXK+aPXHKVEUYjUpMGK05t892uI87z2lzSqo2p6Q2u84nnnlWBQXOw9Ecy2EtWJisObfPqp3LcfXadS7D3wyzWXfPe0AGg0EvPLWo2TUBAAAAANCWCB/Rar0qvtG8kLs0/tKpWlVwo/Z93/pz9g0uV7TfJpUWrVJJ60/X4UUYjXrh6Se14JFH22xUYIHV2qLAzJ3zNjX/Y82q21/tH9ZowZyZM6YrLT3d6UhPd2RbLG63HxdYrS5XAffUc5LkMqCVqkalZpjNstUZnZphNje5arkvrmoOAAAAALgwET6izQyvWK8Xeq/X5t6/15vZo3SsuPkL0wR2lkaEZajy5NMq9UCNHVlMVJReePpJvfjKq60K5jqC390+WwsWJnu7DAAAfEZRUZHsdrsqKz071Q0AAB1Vp06dFBwcrLCwMG+XggYIH9HmJugl/TI6QG+XPqO3vu7j9nGXdDsqw+nFKjuZ68HqOraYqCj99eXF1W3FG5zO+9eQ0dhbVyQkaOr1k2u3RRiNniqz1eJNJl2TNM5jcyYCANCRFBUVqbKyUr169VLnzqwXCQCAIxUVFSouLlZRUREBpI/pVMkfn/qk07vvVemRDd4uo9XyOiVozU93aevhwNptY0YOUHH3brU/x4Ta1bdynUpsm7xRYpvqERKpaZe90W7XK7bZlLH/XBuuzWbTUau1dn7AmKgoxURHtWvQWGyzKcfNtt+aRXIAAIBzVquV4BEAADdUVFTo+PHjMvLfmT6FkY/wqIGV6XqkW7rGj/hP/S3/Wn177NyyMT0DKzUk8FOVnVrCvI4tFGowKHFMghLHJHi7lFqhBkOjeRwBAEDLVVZWEjwCAOCGzp07M0WJDyJ8RLtIqPybEi76m9ZH/FFfVl6kUd2+UaeTf1TZWW9XBgAAAAAAAE/hj1DRrv7foP2aO+KsLgnd5+1SAAAAAAAA4GGMfES76BI+UkFx8+RnHKsYSTG6WD8zjtfu3NU6XLjD2+UBAAAAAADAAwgf4VGdAnspKO5+BUTd0uizXoYYXTv0ceUc/0y78tboxGlWuQYAAAAAADifED7CYwJj71Rg3Dx18jO43C+615WK7nWl9h55R7vz1qi8orSdKgQAAAAAAIAnET6izfn3najAuPvVpdvFzTru0v7Tqlux1+jrgo88VB0AAAAAAADaC+Ej2kyXrnEKjLtf/hdd2+JzGAJ66arB8zTYmKTdeWv0/cmMNqwQAAAAAAAA7YnwEa3WqUuwAuPuV+Dgu9rsnBd1i9f1w59XZsEm7cpbLdvZ42127o5u4pSpbu0XExWlv7z8Z7f2Xb12ndase8ftGja9v96t/bItFi1ZvtLt89aIiY5ShNGoeNMwxURFOd1vc0qqtqRudeuc1ySN04TxSS2qreGxDXninQAAAAAAcD4gfESrBAy6WUEX369Ogb09cv64iIlVoyBz12jvEffDMVSFawVWqyKMRq/VYLPZlGE2N/u4usdEGI2aOWO6rkka12i/AqvV7fPHm4a1uLaGx7aUL7wTAAAAAADaU2dvF4COyc94pULHvqvgEU97LHis0aWTvxIG/ZemXbZUMb2u9Oi1zjdpO9K9XUKrFVitevGVV7VgYbKKbTZvl9Nq58M7AQAAAADAXYSPaJbOREoqAAAgAElEQVTOhoEKHrlYhsQ16hL+83a9do+QgbombqGuHfq4eoXGtuu1O6r1Gza6tZ+7I/EMISFtNgqwuTLMZr306mteuXZbjlR0t00cAAAAAIDzQafKyspKbxeBxk7vvlelRzZ4u4x6AuPmKShunqRO3i5FkpSR/y/tzlujkvLT3i6lVo+QSE277A2PXyfbYtHd8x5wa9+/vPxnl/Mm1pVhNmvBwmSHn02dPElzbp/tdo2SVGyzKcdiUXaORUtWOJ5f0WjsrT7V4d5Rq1VW6zGX53zs4T8ocUxCvWssWb7Caag3Z/YsTb1+stPztdU9e+qdAABQUFCgiIgIb5cBAECHwO9N38Ocj2iS/4CpCoq7X50Nkd4upZ74fr/Wz4zjtStvjQ784FtBradtSUlt1r4xzQwNHTEYDM0+JtRgULzJ5HKfCUlJmjljeu3PBVarHn/6GeVYDjvcf3Nqar3wMdRgcDkyMSa65SFfc+7ZG+/EkQKrVQUNAlyDIYSwEwAAAADgFbRdw6ku4ZfJkLhaISNf9rngsUaQfzddGXOPpl6yWAN6jPR2Oe0mLX1no22XJ4x2e19fFmE06vFHHnb6+XYfvR9feSebU1K1YOGj9f5asnyFx64HAAAAAIArhI9opFNgTwVf8qRCx66Xn3Gst8txS0TYxfrVsKeU9LMH1TWor7fL8aiaFZMbmpCU5DDsKrBalW2xtEdpbSbCaFR01CCnnzu6f2+6EN4JAAAAAAAtQfiIegJj71DYNZ8pIGqmt0tpkZ8Zk3TTz/9XPx94i7dL8RhH7b2GkBAljklQYkKCgyOk9R90vLb0UBctz74WPl4o7wQAAAAAgOZizkdIkvz7TlRg3Dx16TbU26W0iZ8PvKV6PsjV+tbq/lx8HYGjlt344VXzKl4y3PH8ir7aqtxS0T42fyHvBAAAAAAAxwgfL3BdusYpMO5++V90rbdLaXNdg/pq/M8e1M96j9fuvNUqKMr0dkmt5qy9t2Z0XU27csPFWoptNqXtSK+3UIuvyzAfcPqZq1GRDW1J3eryXK0dRXkhvRMAAAAAAJqL8PEC1alLsALj7lfg4Lu8XYrHDegxUgN6jNSBHzZoV94anSk96e2SWixtR7rD7XUDrEtMJocrRaeld5yga/XadU4/c7aIizObm7EKdUs4W+W6Pd7J5pRUWY/VX9naUdBaYD2mNeveabT9lunTWnxtAAAAAADcQfh4AQoYdLOC4u5Xp6De3i6lXQ3rO1mDjVWjIDPy13u7nBZx1KobHTWo3kjAa8Ynaf2GjW4d60uKbTblWA5rS2qqy8BwQlJSO1bVNEdhX3u9ky2pqS5HddYosFodBrqEjwAAAAAATyN8vID49f6FguLuV5eeP/d2KV4T0CVEiVF3Vbdir9Hhwh3eLsltzlZIbhjGxURFyRASItvp0/W2F9ts2pySqgnjfSu8W7PuHYej8hyJNw3zqdGb5+s7AQAAAACgrbDa9QWgc8gABY/8swxXvHVBB4919QqN1bVDH9c1cY+oR8hAb5fjFndarl1tk6rafDuq6KhBeuyRh71dRj0X+jsBAAAAAKApjHw8zwXGzVVQ3P2SOnm7FJ8U02usYnqN1d4j72hX7mpVVJZ5uySntqRudbj9xVdea7TN2SIq29N3qthma9aCLb7gmqRxmnP77BbVPWf2LMVEO18dOzvHoiUrVraorgv5nQAAAAAA4A7Cx/OU/4CpCoqbp86GQd4upUO4tP80De6dpN15a5RZsMnb5TTirL1XkjLM5madK21Heodo8zWEhChxTIImjE9SvMnU4vPEREe16nhnfOGdXJPU+NlkmM2N5oE0Gnv73FyZAAAAAIALA+HjeaZL+GUKipsnP+NV3i6lwwkN7K1fDr5fP6telOb7k/u9XVItZ+29LTpXum+Fj/GmYfUCtEuGm2QwGBQT5Xy0oi/whXfi6JjVa9c1Ch/7GI2aOWN6i+sDAAAAAKClCB/PE50Ceyoo7n4FRM30dikd3kXd4nX98Bf0dcFH2p27RraS494uyWl7b0tsT9+pAqtVEUZjm5xvwcJHZbOdlqG6bTgmOkpzZs9y+/h4k6lDBmO+/E4AAAAAAPAVhI/ngcDYOxQYd786+TFnXFu6OOLa6lWxV2vvkb97rQ5X7b23TJ/m9DhH7bc10naka+r1k9ukPkn16sswm5sVPnZEHeGdAAAAAADgCwgfOzD/vhMUGHe/unQb6u1SzltdOvsrYdAsDTaO1+68Nco5/lm71+Csvddo7O1yxGC2xaK75z3g8LMtqVsJulrB2TuJjhrEOwEAAAAAoA7Cxw6oS9chCoy7X/4XXeftUi4Y4SGRmhC3UIcLt2t37hodt2W327XXb9jocPsVCQkuj3M1Z2K2xdLsNl/rsWONRu3ZbDanI/k6iuJiW7OPcfZOLmliYZu2ficAAAAAAPi6TpWVlZXeLgKNnd59r0qPbKi3rVOXYAXGzVPg4Dleqgo1vsr/l3bnrVZpub3e9h4hkZp22Rttco0FC5NVYLWqwGp1+HlMVJQMBoPm3D6rUai1ZPkKZVsON7nqcqjBoOefWqTsHIu2pG5VjsWiYlvzw7iGNr2/XlJVe/L6DRuVtiPd6X3UvRdJeuGpRW5fZ3NKqrakbnV5n6EGg6Kjoho9p5pjm7rneJNJ1ySN04TxSe36Tlq64I6j+jrCAj4AAOcKCgoUERHh7TIAAOgQ+L3pexj52EEEDLpZQXHz1CmIUVG+4JJ+v9bPjEnanbdGB35wPAqutZoKqWrmHLQ5CM6yLRa3RiQW22yy2WwqsFqbvF5LFFitWv/Bhib3czZ/ojvnb6ruYptNGWZzo+fk7j1nmM2KNw2r/XtX2vKdtFSE0cjoSQAAAACAzyB89HF+vX+hwLh58us5ytuloIFg/+66MuZe/az3eO3KW60jP33p7ZIAAAAAAAB8CuGjDwu+7M8KGPgbb5eBJkR0vViTTE/rG2uKV1fFBgAAAAAA8DXM+eirKsqkzmTDAAAAFzrmrgIAwH383vQ9nb1dAJwgeAQAAAAAAEAHR/gIAAAAAAAAwCMIHwEAAAAAAAB4BOEjAAAAAAAAAI8gfAQAAAAAAADgEYSPAAAAAAAAADyC8BEAAAAAAACARxA+AgAAAAAAAPAIwkcAAAAAAAAAHkH4CAAAAAAAAMAjCB8BAAAAAAAAeAThIwAAAAAAAACPIHwEAAAAAAAA4BGEjwAAAAAAAAA8gvARAAAAAAAAgEcQPgIAAAAAAADwCMJHAAAAAAAAAB5B+AgAAAAAAADAIwgfAQAAAAAAAHgE4SMAAAAAAAAAjyB8BAAAAAAAAOARhI8AAAAAAAAAPILwEQAAAAAAAIBHED4CAAAAAAAA8AjCRwAAAAAAAAAeQfgIAAAAAAAAwCMIHwEAAAAAAAB4BOEjAAAAAAAAAI8gfAQAAAAAAADgEYSPAAAAAAAAADyC8BEAAAAAAACARxA+AgAAAAAAAPAIwkcAAAAAAAAAHkH4CAAAAAAAAMAjCB8BAAAAAAAAeAThIwAAAAAAAACPIHwEAAAAAAAA4BGEjwAAAAAAAAA8gvARAAAAAAAAgEcQPgIAAAAAAADwCMJHAAAAAAAAAB5B+AgAAAAAAADAIwgfAQAAAAAAAHgE4SMAAAAAAAAAjyB8BAAAAAAAAOARhI8AAAAAAAAAPILwEQAAAAAAAIBHED4CAAAAAAAA8AjCRwAAAAAAAAAeQfgIAAAAAAAAwCMIHwEAAAAAAAB4hJ+3CwAAAAAAdGBnflLekUKV1G4IUGjf/upj8GJNF6jiH3J01FZnQ1C4BvbvrgAvnQcAJMJHAAAAADh/2AqU94OtThBYJaBrhAYanaWBpSr+4bv6YZMkGSIU27fpBLHkyMd67vdvKat2S3dd/8fFumdk92aV3hGU/HhEeScaPl0nuhjUp1+EQluZ2DUKAiXJEKGBfQ31w8Dyn/TVO3/Un7bW2Xn4nVr26HUaGNSMC7bVeQCgGuGjL6ook91mV1lRgbKsRQozxqpfrzAFd8A/ZrJ+/KJe/LifZj07Q3ENPzSv0oNrzuiGhXcqMaz11yqz5+vwIauKJIUZ4zSoT7D8PDKxgFmrHlylE9f9QXPHhdf+fGZqsu683NGNlMleZJcCa96hVSkvvqhtMffoiamRkqqf0xexuuexGxTZkpLK7Mq3ZMpqk4LDIxXbP9xD9w4AAABfdiLzfT34pw91osH2PpMe1euzRiq0i4ODygv1+Yo/aPGu0nqbQ8c9pOX/PUY9HB1zQbIpe9NzmvfOEfd2N4zRH15+SOOMrbikoyBQknperUUv3KPRPVtxbgBoJ4SPvuj4p3r9xU2y1t3WOUyxk+/SnVe05jeXl1TkK98qxTkqveKU7HZJrQwfrVtf0csf5qvML1hhXewqOivJL1I3/P4eJXroF3J+/veSwmt/PmVzciPW6vcZf6uev8VUu9luK6q/n+2UGmxxz9EUvfLqJuVX+CnMIBUVlUlhl+rW+TNkCm7JCesr+3aT3viwVJPum9SyYBQAAAA+olR5Hy7SHUv2V/3YZYjuXLxIv+nfurMG9L9aDz1h0LKXlmrnqdZXCTf8uFtffPuTRvesM7q0S3ddMi1Zfwhbqmc/yGn5uavP88fuS/Wn9a04DwBUI3z0YcYJ8zX/aqNUUaS9b7+ote+v1MaoP2jSRd6uzMd8v1ErP8xX+Li5mnddv6ovdYlV5oN2xfjCnwT2ulQ33BSuMmNM25+7JFNr39ikfON4zb13ovr5SWXfb9Lrr6Zo1apIJd+V2NpcV4W5+5V7xNiyYBQAAADtqkfcFD35xAC9/dJSfXFKkvw14qaHdMe4OIXKpoM5353buTxHB3IKNTkyXL+Y+YDyjj+ndy01xzygO8YObzzqscSmo0VSn5512rGDumtgdH8NMKjp8LHcphO2APXo6u96P9tPOqHu6uHuvJHlpTrxo02Gnt0V0KXB9lNSjx5NXK/6mkfLDerTVG3VBo6dolHlO/TuFwVVGwKide2vhuhoyofa5+Q5FJ/4STJ0d78Vu0t3XXLjQ7rT/pyW7qg7+vEnpe/I1IlR9UemhvaN1sUDeihAatR671ipiq02BTR4bqF9oxVzkYPzlJfqxKkS9XDzxRRbC1TaNUI9mmjXLrYe0dFTJZIC1LN//yb3B9CxED52BJ3DdOnYUdqYsU3Zhwqli8KlskKZP9mm/cftCosaq6tG9VNYZ0knc7VtV74ixyYqMkBSiVWZB/NlD4vUpTFVo/SK8vYq63Q/DY8zyk9lKvw2TWl78lUUFqOxY0erX3VaVZZnVqYhTqYeduVnfq38oghdnBCpsIoi5Wfs1K5Mq9RruMb+0qTwut+konztTd+l/ECTBtnL1OTXrKxQWZ+ladcpY+31y6xZSjtUJNMVlyq8pn34RJb25pap39A4Gev+si4sVKEkU99+564UYJRpRJ19SgqVm5WlrEPZsgb006gxiYrtWb33yVztzfdT3NAI2b/9UnvNVvnHJ2psTHidE1Q/J3Op+o30V5mzW/kxS1/uNcsaNqr2nRQdyVWRgmUMa94wxKIjO/Xp59kqCjQqxjRcl8UYG7VSF+1K0V5bsEbfVBU8SpLfRRM1dmiK1h7MVb4Sq9rdq99J5nHJaBqrq0zh1c+qTNbM/ToVcali/fKVuW+vMs/206grLlW/4KrvSub3dklFytq3V6VBNd+bqntN27FL+UVhivnFVRrdv/qLU5Ir8zdhijOFy34kU1/nn1JE3GhFdmvW7QMAAKAlDBGKHXqZrhzqry92lEoqVbF6VM33aDukg4d+qrNzqb7LtapEEQrtYVBpTbbVJVqjx4xUbN/qEK7cprxd7+nN1f/UF7Udx/6KnfBfuvem63Rxj6aKKtWJgx/rzdVv6aOD5wK0HkOv1m+nXKeJo6Kr2sFP5Wjr+2/rzX/u0dGanYKiNW76TbrtupHqE1SqvK3/q2WfHKkOxAJk6B+nwSW79c/Nh1Rc9QA04sZ7dc84g3a9s1RLt9UU3F1XzH5A/33tcPWo+98SZwq088O39bd125R1pub++2vczDt1168a7FtPd4345XW63nZCm74oqLp2z+Ea9x9jlZf1ofbtP7dn8ZE92vDOm3pzW5127f5jNGPmzbpxVH/HrfB1hHaVfjzScNJH6cTOT7Xvx5EaZ2wiLC236ev1S/X2vhO1z61H/ziFn/hUG744UhsuDhx3px6YdZ0u7urgHAV79O7ij5W6I6d6f39dPPUBPfDbMRpYL4cs1dE9/9baf/6j3ruW/NVnxFUa98urNWXskPqhdrlNB99/UskbCyRF6DfPvKQ7h7JaEXA+IXzsKAL8VfsrxW7WqudXydw5UqbBwcp8/xVt2z5R8+8bL2PnfO3f/J6yuo/WrJ/7SVkpWvn2XqnbWIUvnKRIFWrnv9ZqU/gMXRpnlPXj1/Xix6cUOTRWYZZNeuWz7Zr4wFyNN5Ypa8c/tOrLSF1qytXeDLs06AYlJxhlfvtFrToYprj4ftK+t/XsF8M16+EZigtQVQvwy5uU7x+msKC9Sjtpl+SqVdyqTa8+Kz9DmPztRdr72S7d8PA9SlSudm7YpKzg4VX3ISn387Vau/ti3Tkirv4ZBwxSP5llfn+pNvrdoGuHNgzpMrX2jyu11z9Mxr7h0g97tfezvdX3Kem7T7V2VbbCwkpVZPevatvevkvWO57QjYMlyS7zmme1KqNUwd2CtffLIoejAIu2v6E/brbL3yDZbWna9X3VnI75e97TP7bbVdag7doV69ZX9OKHBTLGDVe/kkylrtol6+8aj3rNteRKMimmwaDKuKtnaVZSv6rg0W7Wqj+vUqYhTsP7S3vfflbb4mcpeXqc/FSo/RvXapNto8LsRbIbgqWibUr7xq7kuxOVv2ejPv22SJK/srZt1P7g8YqMMyr8aIpef3mTTvU3KbZrrjb9zyJtnzhfc8cZVZazS/9YtVORl5mU+6VZdkXqhuTRtGwDAAC0l4BwDYgeIO2oapnNO3RIR0ui1ed4pvY1mK4w72COjp4ZroEncvTtj9Ub+w/X0F7ngsevP1isB9/c02AkXamyNi/Vgyf89fqDV2ugs1rKbcr6cLEeWranOhw858TBj7X0iDTg1Xs0wrZNf35isbZaG+x0Jkdb33xSuzLv0eL7L5fth/3aWfcm9u3RF/UOsGnfP5/THf9sWMhP+mLFc5LhJf1hfETVQi1njuij15O1eNtP9XctP6Ktb/5RR8tf0vM3RtdZ1MWgi296Te+Oq1oAJrRvuLSnwWX8B+jKOS9p6JkA9ewfobP739T9T76vvIblHNmhtc/s0dczFyl56hCXAWRx7p7a0Ddg5I2aXP6+3t1XKtn26LMDhbrCGNHEKtSlKszdo5376oSB+xoWLuVtXapH7f56/fdXq0/DE1r36KN676ZUX69/TovK/6TFtw2vqr/cpqz/W6yHVjR+11Kpju77WGsLDBoxcoh6OAo4AZy3WJKiQ7DL/HGaChWumCHhyk/dKLMtVjfOv0e3Tp+l+beOVvD3m7RxX5kU1k+R3aTc3MOSJOuRXCkmVpEnrSookVSRq/zvpciYWKlkrzZ+nK9+v5qne26doVvvvVVjw/K17bMsSX6KG5uo8IpM7T2eqLlPP6/n705U2Pcp2pghjb51vmZNn6FZ992gONtepewqklSmvR9tUn7gaM16IlnJC5/QvKvDXd2YpGCZpj+hp5OT9cRDk9SvIlfbPs+XjLGK6yZlmvdXjzK0KutQkTQ4TrENT9FtrGbdlijj2SxtW/WiHnl0kV5fv1eFtcMT4/Tbx57W84uSNf/uezR//iT1q8iX+UBhvWfcdcQsJT/5hJKTb1Sc7DqcW/3b9fsUbcywq9/kh/XEwmQlPzFDjiJEe9ilmpX8tJ547GFN6i/Zs7NklRQ39Z6qkPNogRr+u5Rjhdr/Vb7U8yrdOmuGZtx6j/6wyHG7fWlF1f/6N/gnOfiiOMVVj0TMT90oc8Vo3frALM2YPkvzfh0n+5cp2lkvQe2niQue1tPJT+iuK8Okw1nKlRQ3NVl3XWWUdJGuvS9ZyXckKrzmPV80SfPuvVUzbr1Ht14RpvxPtilLkl/cWCX2lDL3nVDivKf1/PP3tMmCQgAAAHCXv/oMGaI+1T+VHM7RUVupbD8c0XflDXbN3a+sE/U/6zEkTn2q216LD72n/6kNHg26eMKNuu3GsbVhY8lX27TPWipnig+9p8V1gsfQoVdrxk1TNLruaILSAn3x9tJzwWPPkbr+pps1Y2z0ufPseEvv7jutPkOv1rVDG6yi3WO4rp92o8ZFNbi4caR+M22Krqid09KmXV98qaMlUk14+npN8BgQrXE33qwZE4bUBnlff/6l8hoPOFRo32jFxkarj8HBiMMu/urRP1qxsf3Vw5ahtUvPBY+hQ6/WjJk36tohNceVat8//qHPf3D+/FRu08EdO6pHgho06sqrdO3Y+OoaS7Vrx34VNtVf3cWgAWNu0LioBqMJAyJ08dAh9VawLt7xvj7KcnDTktR3pH4z7UZdG3vuvvN2bNfB6hbz4qz3tLhO8Nhj5HW67bbbdFudZwrgwsTIRx9m/fQNLUqX7EVFKqvwU7/r7tGkiwqV8vdCyThKg2q6eOPiFKOdyrYcli6L1aBIadt3uSrUIB0+UqhI00RFfP+e8nKl0cpWtsKVGBMmZWUqs0KKLMzS3n1VpyoLk+zf5apQsQrv7Cc/Saarz7X0Fh7KVqH8dLpgr/aekaQiySDlfpcvScrMlGSKU1xNGNa5qa9YmPpdVH0j3eJkMm7Uph+tki7V8PgwbftivzIrLpXJlqVMqxT3y0ZrZledZegNmv/keOXvStF7H+9U7va1evabXN15/w2KDZD8Au3KP5il/KJS+QcWyk+Svbxu87RRpoTYqtb1gJB6/2BU3bNRE4dUJ2idHbc1GE2jFRtWdU/h4dK5XpHmClfc4HBt+jRFb/yPXVdNHKvEweEO/2FtGDo2VqjMbwulgNOyZuyVXZKKpGDlKvc7KXFo9W4xozW6ug09OLip9vCsqvfcv1BZ+/ZWbSrrKtnzlfujFNtT8usiyTReEy/i/2IAAAC8IXRAvC7u+qGOnpL0Y6YO/lCogMzM2mAooItUUi7pTKa+zilQn5yaz/w1eHB/GbqoaqXlzR8rq/qYPpPu12OzRqrHT3t0dOs25f0oqbz6L0fKbTq47dzxASPu1OKHr9NA/5/0xQ8fa6e1KuQqO/6lPtpVE3hFa8ZD9+u2IQapZIzCbQ/o9T2lkn5S+p483TZniu4JLVXW79+qPm9/zXjwId021KATg3/Svic/rlrpu8sQ3fnIQ/pNlHQ04oh2vVoVoJYcL5SttOq+U/+9vzZUHfffD+qBsREq2V+sLzYfqg4Mz8pFLNikowe26fOaQNV4nR568E6N7iFpbIzO/v45bT0l6UyGdn5bqGv7Rzg+iS1Hu/ZUzylpGK4r4yLUp3yMRgTs0c4SqeTLbdppvUrX93fVeu2vgWNu1F3+hdpXsxJ60Ejd/9JDura/v0pyP9SiB5dq5xlJOqJ9WSdUMrRBPT3G6o9/uldXGP1VPFI6+OA/q57RT1YV2kqlriU6uLX+u37+wes0MEgqPnhCH20+VP8/j2w5Wrvw93rT0rDWAr378C16t7ru0fe8puQJTY3sBODrSAZ8WNjgqzQpPkwKCFdkVD+FB/tJssrZhIN2e9UkJZFRkVJGvnIrDisvN1gRVw7XwMi12n6kUIXKlz04VjF9JB2v+lWav2+jNpprr6qwuH5yNl6xrLxUUpEyt21Ubk3w5RemyL7hkqy1I/FapdiuIkmRcRcr+LP9ysyWTGezlKtI3TDExVe2c5j6JdygexImKX/z63rl4zRt2jVesZfblfLqi9pkNSouvp+CVagiuf/lr7rn9tXvV3N1T9d/6B+b07RxWZo29hytWffdqLgGuWBQcLCkMp2umpvZgbKq70tRpj79v9zarX7dItWvV0urK6t6z9/v1cb/OzeZTVi3i9Wvyfl+AAAA0C7C+mvoYH9t3VMq6Yi+PnhIOljdu9tzrG4aW6A31x+SZNO+/fvV54fqgEsRiokMrfpXy1PZ2negpiXZoJiIUu378C199uE/9UVti/YQDXa2mEtpgbK/PdfSPHTM8OoRld11ybQ/6fVJpVKX7gr64Z/Kqhm913e4RvStHqEXEKGhQwdIe6rax0/kHtGPpSNVb/yeob8ie1Vt8TcYFFi7fYAGdK+qK7C7UQZVL5xSUqqz5VLxDxna9UP1vgH91UcWpb7ztjb8c1vtSMUeg8+NAG0+m47m5Jwb8TksXoNrWo27R2lE7bupmnezWBEKdXCWE4e267PqOgOGjtTFPf0VoDiNGuqvnftKpZL9+mJfga7t3795AV3fOMVWv7eAiOEaNVjaWf2v9ieOnVBJeYPwsX+cBlQvxBNgCFd4gJRX9UCrnuuZIzqYWfOu/TXiiuGteHYAzjeEjz4s+KI4XTqi4XyJ4QoLl/SDvWoUmySVnFaZpHBj1b5hMbEK107l7+unfHukLo/0U0RmmPLzc5VbkS/FjK1qXe4arjBJkVOSdesIuSW8e7ikMl11xx80sU/DT08pJFhSRQvDuopCnSiSgqOMVSs0x8QppvNOfZ2Zq6ySbMk4tnpkYcPj1GACAT/1G2GS8eN82e12KTNFm74P09h752vSQEkya9WXq9xsga4ZCViksrYIVt0WrMgrb9X8K8tUtPttvfj3ndq0I0lx4+rHwoOiIqX0TJkz7Br98zrJZEWRis6GKSy4+vtSfpXuemiiy9k33Rem8G6SBtyg5FsvbZMzAgAAoI0FRGjokHPBXdbObSqu/rPogMHDNWqkUanrq0b4Hd3zqT4/Vf3v8MbhGmqsCvNKztiqRk5Kkmz6YsVzDeZX7K/rZ/6qaoESR6s7l9hUVNvBa1CPrqG1AUeImHIAACAASURBVFlo3+jq6ZRKdTTnxLn5JINC681/GNqjzorLJaXOR1k2U+mpn87N415ySGtfeq7+Dj3H6q5fxzde7dtd5aWynTo382Gooc4c/l0CFdbdIKkqrCspLam6r4bXKrfp2z3bq0YqSirZ9br+87evN7rUvh37dfTq/vXap5vFP1RhXQ2Sql9WhXvrZNdTckJHawJpGdSnZ6jrMLRLgPoMG6kRoSWSSlT47SHlVS/4Exo5RLFdA6QuBsX0DGTUI3AeYM7HDsdPl42Ik07u0qf7quZZzE/ZpkyFy2Sqjpb6xCg2uEjZn5uVb4zUoAApckCklL9Lu76rnu9RkvrH6uJgyfzJJuXay1RmL1K+eZv2umgX9hscq34qVNrHe1VYUqYyW6Fy03cq0y5JsYobLOngNm06Ypf9+71K2dNUxFcme0mZVFGm/I83aac9XKNGVdfX2aTLTFJRdoq2ZdoVNiTWYXiW/+GzeuSpldq4L1eFRUUqKsrXzn9vk1XBGhRplPz9FawiWX8oksqKlPV/KcqUmgwT7faqeDdscJyMNfdsK1TWx2nKbuKu3GIrVKGt7jDWMyr80a6yijJl7d6p3JNVK4UH9+qqYEl+AY3/RNlvxFiNNkiZ/3xFa7/MV1FRoXL3bdTSpxZp0ZqdsstPFw/uJ/2Ypo++LFRZWZnsP+ZqZ3rmufDaoerRlPVqK1KRvUxSpGIHB1e95zy7ysrsKvrerG37nL/r/M2vaNGLr2vbEae7AAAAoE35q2fsENU0phQf2lO7mvPA6Gj1uShOQ3tWf2g9VPtZQHRcndWLnYVQBsWOvVl/fPlZ3TOqu5N9JHUJUEBtclQi25mzDs7o32Bao/qtziUlJeeOCfBvHNC1VLkct1QH9dcVU+/Ryy/dq3F9m1hFugn+dWo92zA0LT139QD/AMf39VOmvtj5k4MPGtj/qXa5mjeyKeVnVWQ7N8+j03pcKS2pauOXJAVKXZp4dkH9Ne6OR/Xck3/Sc08k646ra0ZaRmjinOTq7Q/ptpEuvl8AOgxGPnZAfpfN0Kzc17Xq7UV68G1JncMUO+WuOguSDFJMjJ92mvMVnPCrqsAuJlaxJ95TVkW4xsfUzF0Yp//P3v3HR1Ue+B7/ZCaZZBImTJgwgYFAQgL5AcEgKBoKbRSkokVRqlVaqq3b/WFve7vtbt22bu9uf3m97XVvb73b7drSpWLFolgqKILEQglGQSJIIJCQQEIgIYEhYzJkJmfm/jGT378hgYDf9+ulZM458zzPec7Jr2+e5zx3PZRH5dq3ePb7b4W2RTtZtDqPORP6uDXGLuKhe47wH3/6PU8d+H2oPWMzuTv1ZrDCrPtXM6diLW/9/Pu8ZbKRvngps3ZvpbzCy+3ObnOGx4xjXPSH7Pz5d9gJEOnk5oe/Eh6dGJJ54xysv93PEazcnNn7eslJtyzl5hOvUfjCs6FyACJtZN7z1+HVqhdx++T3ee3lH/CPL4Nt+lJuv7GRt05U4sVJzycc2oiPA0/DOVqZSqTzdlbf+SH/9vrveeoARDrz+PRCL68VV3KCWb2u4hxjtULdCU61grNHVzqZmmaDPa/x1A9O8aWnHiJzajo2UyGv/c/vc+qRrzPp3a288dKG9hn2tun38tlbexn2aUpn5ddW0vz/XmX/i/+H/QCmSMbNWMrjD90cOrcFD3Hvkf/g1Ref4jsvAkRiy7yblPn0cu5gjYsH6qirB1zgbG/bD3gtvGJ35mceIu/kWt76xfd5K1ync8GXyMt19vpF5XzdKTx1cKq3v4iLiIiIyIiIc01jegzhZ/m1SSI7I4kxNgtpKVHQ0DW0mjJtMuPCgaElJoEJ8UD4/ekrvs1XF+eQNjmuYzRabyP22kTFMS4xCk6EphcfO1JN06eSsHQ7fkxCAu2PTK+r5kwTZMUBho9zNR1/4E6YnITj8vLAjqYl2BkH4WnRSXz6a49z/42ZTGmbQn65IyzNcYxLHEfb6Mbz1XWcMwiN6vSf42RNW9gXxYRkZ6+j+84fe4eittGE5iTSs50dU7ONJk6UHA+Piixlx7tVfCZ12qWNEvRUU17V8XJcUsLQy4lJwNE+ePIcDec/grYJ8sM0WlVErl0KH0cj5+186+nb+znASuaKb/Hju7x4WsAaZyWy27TjOat/TJcJsbY8vvJUXs+SMu/lWz+8G2+Tl9ZIKzZrp1uij3Y4F3yFJ+d78XhbiYy2Ye38nck6i4e++2PubfKC1YY1Erjt9t7H2KbczRM/uBtoxesFq7Xn7RiZ/RDfuuccP3gziVlpvfdGpGMO9/7dHO4NtIbOg0isNmunm9vJoq/9mLwmD15T2znezu1tIx9nrebppzuXOJV7v/8093Y+5/yv86+3ePAGrNjiQiUvuqtt7yxWdy2A9Pv/hafv76j/9m89TeeeTF/xJE+v6LRh+r08+VSnGrOfZFFrH33cXcLNrP7uzbQ2efAGInveDyYneX/1JDd7PXhbu+/v2TbbrV/h6Vv7aRuANZN7v/Vj7m6rs1t/dy9z1ud/zL94YcC1bERERERk2FgSppE7Fd4t7bQxLpVsVxxYLF2mZYeEgsn2Hz3j08jOjGNTeGGYsnf2cGxuKsmJfs4cO8CO17dwMvMrPLE8FHr5u4dMliSyc6bBvlADzr/5W17ITuCLC5LxnzrAjj+9zrFpD/P3N3daHKdpH2/sLuWm5RlYqvew6e22Z1HGkZubGloIZ6h6eSzUmImzyZ24gZOnAWopevc4CzKmMcF8jvKSd3jjj/tIePjbPJIT1+O9Hfz4Gps6RmZerOXkseOMS0lmiiOKCRk5TOB4KFQ9uJ0dJbfySG4cZ/a9zhvtK7NkclP6uJ5h38VqinZ2TLlOWLCSr37hk2Q528JRN7v/7zf414JQuFm2czu7sxeTNS0Zn+Hrc8xqO3cVZdVuJkz8iA9efYE32qdMTyN3+iUs8BLjJHta273i5703d3F47kqyYmr54J19l74Wp4hcFyKCwWDwajdCpE+tJ3j1fz3Lkdlf54m7Jl3t1oiIiIhccbW1tSQl9bESrki/mij+7RN8e2OnZ99kPMKz/3oP6THwUfGvePz7r3cEQ/GL+Od/+wYLHB2Hf1Syjm//04b2VYx7cCzmu1+J49c/+WOPgCnrkf/LDxdU859P/M9O4VY3CYv456ceJW7bD/j2huN9HASWnEd45p+WYXnzSf7qt6Xd9trJSvdzuKyp2/YkslLPcbiiW/hoyeHxZ54g+/2nePzXB+nLmFse59lvLmZCb0lc3U7+9b8/w+7uVQJTHnyKZx7OYEzTcV7+yRP86mDfU6LTV/wrP/xCTtdnS/ZRdnu5F6vZ9MP/xrM9mh5P7gwvxUe71Re/mB/8/HGmH/8Vf9u22nUfEvK/wb/9dQbFP/tvPPNe93Ju4Sv3wQu/fYePuuyws/yfn+Fh/zr+9ifb+y0fCPf/k11W6P6orpozjU1AHGMmT9ZiNXJZ9H1z9NEzH2VUqtv+U/7xO9/hO995lkLrIh5aouBRRERERGRo4piamdllFeUp2dPag50xybNDi8W0mTiNpG4D/cZkP8C3v7aYHmtNtu1PSSIqou8WWJy38Fff/go3J/S1PwGCceTe9w2+kd97WGDJXsmTX1tGen+DEIcsivQ7Huef757W5/5kZ2/rTw9B3DQ+8/jfs7z3p0cx5c5v8O3P5Vz6ojbDzJKziu9/aVHvYesgJNy4ir9f3ld/9m+MczLp6Rmkpyt4FLkeaeSjjE7hKcf0mEItIiIi8vGiERxyWRqPU7DzIOf8hFYYvmERC6aGUzyfm8O791DiDk3SjZtyC7fN7X3Kre/8cYrfO0h5bTUnGu1MnZpE2sx55KbaoeEgO3Yfp6nLtGsL47IXkZ8RrqupluJ973P42BFK6iwkT5/G9IwbuSk7qWN1a8PPmZI97C4+SHHFecZNySErZy6fyJ3cfsxHpTvZUXK+62IxUXGMi4dzDd2GCkbFMS7Ozzl3t0nIMUncsOAW0sPB60cn9vGXg9WcqT7O+Zhkprgmk507t2OKc2+aqnl35z6qLnbfYWFcxq0syLZ39KPPzeH39lB08ADl9RaSMzOZmXsrN6Xbe5/e3GvZnco1mih7Zycf1HU7r4hIbNFBPBe7zX+Pm8yCRXOJPtRp5GPCXO6/MxX/iQo8CZlk597IbTdOC/Wz0cTJ93by3mlfj3JumAolpdVdp9ib40i76ZPkTowC/Jwv3ceuknKqavyMm5pJbq4TT8lBqtouT7f+Fxlu+r45+ih8FBEREREZxfRLlIgMh/P7OoWPqat49kcrh3k0qcjooO+bo4+mXYuIiIiIiIhct/ycfOtXPPWbTs9jrHiVZ374Q54tqB54cRoRkcuk8FFERERERETkuuWjqfYgxdWdJ6s3UVayj+LTTQofRWTE6VF6IiIiIiIiItctC3FJOdycm4Cvy7MaLUxJiuv9uZMiIsNIz3wUERERERnF9OwqERGRwdP3zdFH065FRERERERERERkRCh8FBERERERERERkRGh8FFERERERERERERGhMJHERERERERERERGREKH0VERERERERERGREKHwUERERERERERGREaHwUUREREREREREREaEwkfpnc+L13e1G3F1+OoqKTlaRYPXGOBIA6/Hy0BHDZXRWEXpoUrqmq7vC2B4PXj9ve4ZfL/6vXg6X6fur0eTj/HnlIiIiIiIiHx8KXwcjTyl7HpzK1vb/vtLMTWeYa4j4KHmaCXuQO+7G/ZtYt3b5R3HVtTg6ePY60nDu+t5sbAKn7eKAx9U0X9WVEbB+gLKhrF+X9lW1m0uwUM9pUdqh7Hk0afs7fVs2u/ubQ8F6zezv9d73qChopKGttCyvID1b3e6At1eGw2VVDaMjjCyYd8mNu1ruPQCPkafhyIiIiIiInL9UPg4GrU0UHOyhaRb88ibm01KdC0Ff1hPYd0w1nGhhF07d7K/up9jjNbQv9V72f7WLkouDGP9o5KbsspW0vMWkntDHvm3pGC5wi2oOl5FYu5S5s2cx8K5yVC2ledeL73CrbiCjL6CQQNfSy+bPQfZWbCdvScGU7iHg7u2s31f5aW37yoqf/M5thzptOFKfx6eL2L9+kIuIy4VERERERERIfJqN0D6EonVZsOGjQxHMjbvWrYUl5N3R9rwFJ8wnwcfmz+4Y6fks/qx4al2dDNjNjPs06iH1AKzueuG1tExam/UsOWy4ku5gz2Y3HsfY7BHjzY9Lv2V/jzsMxgWERERERERGTyFj9eIhLE2aGoFfwlbXqoibaGD0l3F1EXlsPKB+USf3MXmgjKazWaIsJO9ZDnznHUU/r4AljxIXmK4oNOFbHirjGYA7My+ezm5dgAvVXu2sfNwHd4IG/a4ZrCF3uJ+bwMbSm3kP7CUNAu4393A5ovZzLl4kKJqDwY20vJXkJ8aHidYt5dN2w7S0ApYXaTE1eNN+RzLZnYN1tzvbmDrxRScZw5S2WRgWJJZeN9SMqyh/d5ezwnK31zDIdcqls+yAFUUPL+VuhkrePBmB+Cm6KXNGJ9aRZ7TS9VfNlNwvBmCBmbnPO5amoPdBHW717PTksecjwrZWeHBtWgljg83cfCCD95cRxkGybeuJr1qLYWxy3nwZnuoUeVbWVOezqMDhsChureXN2M2A4FE5qxYRo4NOH+QLVv2Uhs0Yw5Ek7xgOflpVsoL1rL7pIHv9HrWF7fQYoAZA4x61j1fRGzWcvID29nckseqT7gADwdfXU9RbD6PhdtT/uZzlCY/yrK0Wva+VUjJGQ+GycCIdDH/M8vIiQfOFLL+Lxby5ngo3FmOZ1I+j93h6rOvOvOd2sv2PSXUegwIGlgmzmf5nTmhW6VsK2uOOMhz1LD3cB1eLDjm3sWKGxyhNwfclGzfGrpnoh3YQ7dgH1pxf7CJdSfq8GLFecMSls91QvlWnvuzh9zlK5mX2Nd725Sz9TcFeHJWsPKm8L2xYTO+rDk0HyqiqtEAWxqLV+STYglds/KCTeysbAaTBceURHxnbSx6IA/nZV7b3lS93fe9VV6wlsLTQMM61u6NJfuuFaSXdf08JODm4NbN7K0zMEdAdPICluenYR3EtejyuRWAxNwVLJtt62jc+b1s3FKKp9XMG+vKMFwLWJ2fNqTzExEREREREQGFj9eMmrNuLHE2iHKRYi9k19sGefc+yvJ4M/hK2fJ2Da47HyXPCdQVsv6N7SR+fjEpk1rYdawBEkOhQ0NlFWQsZ/VNBoXrN1JzBnLt4DtSwPaTCSz9wnJcZg+l2zeyKzzwyX7TIrLLCqhthLREMAwDb1kJDfnLWH2HDd8HG1l3sJQFqTlYqGHXthIi536ORzOt4Clhyytu7PPNPc7JMAw8lXXkrHiUfFsoENz0dikZd2aAr5SCPs4peYKDgpoqmJUG52uoi7FjPlODDwcWXxW1HyUy0xk6p4JzGXx2dQ5WvJRs/gPb9yezcq4d5/RkWjZtZW/WMlY94sJiAtJXY3v9OcpTV7EsM9TGhrroriPA/AZG23T0/pw/QGGlg8VfWEmyKfy+KIAGCt/cD2394y1hyx82s9exknn5q7HvWc92FvPgreHA7sgWnqtIY9WdGaHXp5IwdlfhxoWdOmpa7NhbaqghDRc11NTZcNxkhshYXLMWM3upHYspFPRufK+SnNtTYEI6yf5NbN2XzbJVj+GygO/Ilj77qjNLrIucxbNZZrdAwE3RKxspqshhcSrQamDUlVCe/Gk++4gTS3UBa3eWUHPDQlxAQ9FWivw5rHwkG5vRQNGmjfQ9IdqLJyafzz7iwtJUzKY/7GRv2krmpS0l78hzVNYDA4aPaSy9tZTnKusBB2BgGF5KDzew+NOrWRrvo/jVdRw4soCU2RZ8H26j4Gwyy7+Yh9NkUPOXDWyxpXQLHi/x2vYSssZG931vpeWvpvVi13uRbp+HDUVb2c88PvfFjPZrtnmfI3TN+r0Wbg68U4Ej/1FWTiHUL/5un58J81ixzMf6t2Dxg3mEv3oM6fxEREREREREQM98HMWaqTlUQsl7u9i6aT07z7iYf5MLALMJXDctIzs+HBicrKTGns28tpTEmU1KTBVlJ8CVlkrLydLwc9saKD1pJmV6z6SgoqIGR9Z8XFGAyUaiLbrTXnPPO2ViDgtTbZgB66QkbF4PHoD6SmpM6czLDI+GsiVhj+nnNMenkR0ecOXMSMZWVxUKpPo5J4srEVtDLXWAr6oWpmSQ5K2lBuBULQ2JLpKBqpM12FMyQiPBsJKdloi7LryIiwki47LJXxAOHodbZDQWXx2VJzyhadxRZswA58uo8qeS29Y/1mwyJripLB/kikITnSR+1EBNADhVQ31CBhnW2tCCRJ4aanGRnACY7LiS7Vjw4fUa2ONjMdofomgGk5XsT+XhCg9W7bevOktwkWy3hFZuNuzY47o9mzEunfk3OEN9OsVF4sXwfUEDpSdbSM/NxmYCohzYY/s7URvJGeFrY8slPclN3elw64dyvSJ6bnLNWkhKvBmwkpxkw9sUamFFVR2unDycJgAzrkRbzzfDyF3bAXX+PHRTVtVC6uxO1ywjCXdlGe219XktzERbfNRVVuLxh16bowZR/Yifn4iIiIiIiFyPNPJxtIt1kJyTQf5UZ9eQrFOo4j7nhqjOi6PYsdsMGlqA1DRS/bsorYc8Sqkyp7C0R/bYQEMjRKYOw/Iq9W48Jjs9xzkOwjg7Nr+bFgY6pxRcRiEnPdB81oNjWg6OsweoqQPbmQZsk+ZjwU29G+pOv8jaAx1VWCZldLwwcWntHAxbLp9e3My2XetZ87YN140LWXqDC3ODG0+Ujc7Rrt1mw/D1v652O1MqyYmF1JyA5HO1RDtySbp4gL3VQEQdzROzcQEE6ti7aRsHfTZc9kiaz9bAuM5TxSO7BFkD9lWbur1s3HYQn82FPaqZ+tOQkDqYhtfj9kRjjx74yN6YTeBxN0B4DN7wC30O9BZW9jBS13aI7XV/FI2ta2XYWn0DrNAOYCN36VKa39rJ+t8VYJs4h4WLc0N/eOi3yit5fiIiIiIiInK9UPg4asXimplNL/FPD/Z4G5wJhQ6hsM6DpxnMkQAu0qaEpl67I2swpy7t5TF7NmxWcA9Hs8fZueQnwNW7OR9jw8bA5+R0uKmsbcDXkEByPiSdjaTsjAfb2RaS5oZGrNlt4Mz8HMtnX+k1q0OsU/JYvioPo6GYzZu3sDX6MZYl2rD5DToPFvQ0N4NtsDGoBdf4WErONlDTYOC6yYbTncj5mhpqqMc+PjQ61vfhOxQzk1UP5Iaux5EtPFfRV5n2QfaVj4PvFMOsVTx4Q+gql77+HOWDarcNW38jYAdgBMBmH6ngEcCBfczgPwdG5toOhR1bXAtG18pojrANLlC3JpN39yry/A0Ub93Mlu1WHrtzgK829it5fiIiIiIiInK90LTr68G0ZJz1FZR6w6/dpVRecOKaEnrpmp5Ka00JB09CyozeppJacI23UVteghcg4KH2XPOltSXRQUJTFaV1oZfG6VKqmvo5vsWLJxD6sOZIBcbE5NDIvYHOyWmnvuoA9WYnLhPYJ7nwnNlLrcdF8qSOY+oqS2krAr8HT/uLwTGbobkpHEn5Gyguqwd/19FlRqCXNwZ8+PzhMhy5pDuguckDiSm4Ik5SfqrtuHLKqi24kgf/0DzHBAfNZw9Q0+jAlQhMcWE7U0rp2Vhc4dGrLX4fRFlCwWPAQ+VpDwT6Xr14cH3VQosfoi3heNlTSU0jEBxMq104HR6q2m4Mfw11jYM7XzzFlNU6Se5rjZ/u59XPefYnaVzXz4GSivo+6rv0a9vaqW2Dubf65iBlkpmT5TXtW8rLq7C4kvtew6cTny/cjigHuWmJ0OxhwMnTw3DvioiIiIiIyMePRj5eDyw5LMmr4ZWX1lMx0Yr3tBfnJ5eT0zaIbWIaUy5uoTQmlwf7eIydY+48XC8V8OLavZiJJjkrHdvRGqrIIHkwbWgbEWXKID+vkj+8toaySDDHJ5PQ31DIxkNsev4ABgZGbDqL70oZ1DnZprqI3FSCN2N5aKXliU4Stu6iMimPxeGibXMWkVOxiXX/tR+LGQwjmpRFnVblHgT7jAzsrxSw5vndEGEjY/5sXLurqPDnkBGVhDNhF4W/24D7jpXkTex4n/f4bjbtrsSc4CLWX0ttaxr5OTbAxsIl6Wx4fR0bnQkY585jnrWExRP7aECiA1thIWufLyL51tXkpwFTk0kq2EV5Uh75ABYXicEiSnzZLA9fX1vOHJIP72TN83tDqxLfkIyjpopyfzZpvUyvHVxf2Zh9QzIv7lrD2n1msCQze4qDmqpyjKy0PkbcteILD1/NuCmXg5s2sabCgjnCRvo0Fy21NXhxdBstG4vN2kzplrWUmYBANMmd7+fOJjixFxayZoObpSvzcHV/3Ue3dtbiD43lc8zPJ/uVTaz7r9DnQMokG/h7Hn+p19YxwYFRsJm1H83nc0uzB7i3INFhY9eetazdm8yCz+fTPXt15S0h/ZXNrNuYRELgPOfNOSy5rb8zDl8Lfzm7X9tJpdmBK85H7RmDtE8tpseXhvgk7C0FbHq+DHvWclbMdQ3t3hUREREREREBIoLB4KDGLck1IODD22RgjrNe4iIqBl6P7zLe37UtPsOCJaqGXc8X43h4GdndymzYs56N7lweuzMDw0/vi15c9jmB4fXQHIjGFnep068NvF6wWoc+vdTX5KHFFIutx3sNvJ5miLFhHcxiH5dk6NdzUH3l9+LxmS+tP8PX02KzjtzzNi+T4fNhtljwHdjEHzy3sGpBj/WugeG6tpd+b7WX4PXQTG/tGIDPi6cFYod8La7EvSsiIp3V1taSlJR0tZshIiJyTdD3zdFHIx+vJyYL1j5GNg6OGavtkp/Y2C4UJFpCgVddJTURNtIGCL/6XG33ss8JzFZbz1FdQysB6yV2iyXORu8RnRmr7TJPbEBDv56D6qsoK7ZLDZ2G4XqOGL+BEWXGbLEAXsqq3Nim9j2leHiu7aXfW+0lXOr9bbFiu6Q8/krcuyIiIiIiInK9UPgow6yOvZveoLQJMIERYSNnyYo+p79a4xOuZONE+uQt384r79ZimADDIHrKIpbPujqLFYmIiIiIiIhcLzTtWkRERERkFNP0MRERkcHT983RR6tdi4iIiIiIiIiIyIhQ+CgiIiIiIiIiIiIjQuGjiIiIiIiIiIiIjAiFjyIiIiIiIiIiIjIiFD6KiIiIiIiIiIjIiFD4KFdfwIe3ydfrLl+TF1/gEsr0e/F4jctr1xVj4PV46b21/e27DIPon0vu+6vA8Hrw+q92K0RERERERESkO4WPcvWd28um9QWU99jRwN7XXmTniUsos7yA9Vv247n81oUZNFSUUucdtgI7KaNgfQFlfe7bzP7hO5GQ8gLWv917jSGX0fcjIeCh5mgl7j7C0LK317Npv/vKtacaflZ45aobFB+88BK8cKzb9mr42UuwZ7jvIREREREREZFBUPgoo0PAoLXXHQa+lksss9VH7+MpL0Ulewt2sfvo1UhwLqMPBut8EevXF9JwpesdrAsl7Nq5k/3V/RxjXMGRrhfgW3vgzJWrcWAX4OXD8ItCuNhpc0Ux/LQYdvTXdyIiIiIiIiIjJPJqN0Dk2pDG0i+lXe1GjJwrGdxdioT5PPjY/KvditHNC+50+HI1FPrgNkto845D8NWZwDUyhV5ERORyBYNBDMPAbDYTEREBQCAQIBAIdNk2HPW0trZiMpkwm8191i0iIvJxp/BxNCrbyppjNnKMCg6e9WFgI+eulcx3Ar4a9r5VSMkZD4bJwIh0Mf8zy8iJNyjZvI6a7NUsTg2XU1/I+rdg8YN5OM4fZMuW/dQHwTBiSc+/i4VTrOAvYctLVaQtdFC6q5i6qBxWrsygautm9tYZmCOAqFTyH1pIcpdGeigt2M7ek258gBGwc9NP9gAAIABJREFUkX3HcvImWQA3RRs248uaQ/OhIqoaDbClsXhFPinhQMR7spBtu0qoazFjGxtLM7Y+u6OluoD1e8rxBM3YUhexPD8Na6gUqv6ymYLjzRA0MDvncdfSHOxt43kDLVTt2cQbR+rwBi045t7Fihsc/bTdTMnmNVSmPcayzHAZvhK2vrSXWgDMJC9YRX5qR93by5sxR4B5XDZLls3DaQLOFLL+Lxby5ngo3FmOZ1I+j33K2sd1G8wN0UpLVSGbtpZS5zWwJM7jrntzcQzQB75Te9m+p4RajwFBA8vE+Sy/M6dnT5/fy8YtpXhazbyxrgzDtYDV+fZQze4Stm4oosrd8xq26+9+7e3+emA2nl77ro7C3xfAkgfJSwyXfbqQDW+V0QyAndl3LyfXDgTclGzfSlG1ByPagT20u5335C42v11Bs8nAiEhi3rJl5CT0cW0WOzg44P0+BAHY8Xv4UWXo49S58ItlEAO4D8H33oAdF0L78j4Jv1gS2rdjHezPhax34aul8NN/gLwD8HgTPH4Rvvo+HDbBL74Ij0/vpV4P7AB+Oh22HIPbZgIn4ZUJ8IsJ8LMLna85/OiXsBmwBuC+lfB4RmhXb+24zwQ/+hXsCIC3Fb78BfhyyqV2kIiIyMhqamriyJEjzJw5E6s19FOj2+3m1KlTZGdntweFl8vv97N//35sNhuZmZmYTCYuXLhAVVXVsNYjIiJyrVP4OBq1Ghinq/Dd+TkenWjGe3gLLxYUkv5gHo7IWFyzFjN7qR2LCdzvbmDje5Xk3J5C8oRYisrLITU0Qs9zooaWiXk4aKDwzQPYPrWaZZOAukLWv7Gbys8vJiUqmxR7IbveNsi791GWx5uhbCsbWmay6ou5oZDP39uouEgS0hdw3yecWKPAKNvK2ncOkHP/PGwYGIaX0sMNLP70apbG+yh+dR0HjiwgZbYFfKUUFFSRcMejLJ9oxnN0Kxt39j3yzuNPYsXn87FRRcFL29ldnsbiNPAdKaDgXAafXZ2DFS8lm//A9v3JrJwbTqG8VdTEfprPftGJpbqAtTtLqLlhIa5+2p6e7KSwohQyw0nM8UpqJyxg9eI0Sl9/juIzDZDqCNVd4+KuL+ThNEHd7vW8UZDI6ttTYEI6yf5NbN2XzbJVj+GyAAF3n9dtYF6qamL59GcfxRlZRcELBZScymXhpP77wBLrImfxbJbZLRBwU/TKRooqcjrC6TYJ81ixzNcRVAOEJ2DXVTew+I5eruFg79de7i/fkS1s6qPvUia1sOtYAySGW1FZBRnLWX2TQeH6jdScgVw7NBRtpcifw8pHsrEZDRRt2khlW3t8pRS8fZ6Mz64mxwrew1v4w469JN8/D3tv16ZsK0UD3u+Dd6YAfjYW3vouEIAXnoFnp8M3p0NMAnzz7+AXVqAVfvQj2HELLLPBbbPg9t/BDx+A44+GywrAK+/Asi9CyUq4+C5Y/wJfnh4KLLteB5gQBXNy4PF34bszoeJA6LX1PJzu9LzSF34DLIfCmYAXvvdT2PI1WDa293a88DOY8BC8NQWohft/BTd+F+bowR0iIjIKeb1eDhw4QGpqanv42NjYyLFjx8jMzBy2ULC1tZWSkhKio6OZOHEiCQkJXLhwYdjrERERudbpV8fRKi6ZjImhH1isWWkkeWqo8AAmO65kOxZ8eL0G9vhYjPCD+WwzUrCdqgiHMD4qT3lwJbvgfBlV/imkTQqX7cwgObqBmnOhl2YTuG5aRnZ8+AckiwVL40lK68JPTIzq7QcnK85kJ9YoA2+TD7PdRmy3Zyy6Zi0kJd4MWElOsuFtCj8v8Xg5NQnZzA+fn22cjeh+uiIxNRtbFBCVzMwUC7Vn6gCoOlmDPSUjPArSSnZaIu662k59mM78G5xYTMDkJBIvesIL0PTddktmKs7T5ZSGp6iWVtTjSu053brqZA32zPBIR8CZnUJ0dVm4781gspL9qbxQuAX9XreB2Uifn4vTApiSSUrw4fF0akdffZDgItluAZ8Xr2HHHjf0Zzh2voau8daOa9hdX/crPe+v/vrOlZZKy8nScPTZQOlJMynT7d0qa6D0ZAvpudnYTECUA3tsp90nK6mxp5IR6hSsWWkknq9rH73a49oM6n4fvMJDcN/s8AsT3JYLhSdDL2NckGoFvHDRBKljwN32gMZIYCZ898ZuBWaFwkaAmFS47xz0trTOmXrIcwDT4f7jsCcAOw6GwsQYK7jbwscG2OyDh2eGX1vh/gzYcqiPdoSPv21K+HUS3B8Lh7s+IFRERGRUaZtm3V0wGKSuro6ioiLeffdd9u/fz8WLFwkEAhw/frx9e11dHcFgkPr6eioqKqisrOTdd9+lubm5S3lWq5X4+HjKysoIBAIEg8H2fRcvXuTQoUO8/fbb7Nixg8rKSoLBIH6/nw8//JDjx4+ze/duDhw4QF1dHe+99x67d+/G7Xa3v/+DDz7g3Xffpbi4uEfdIiIi1wqNfLwmJHQER3F17N20jYM+Gy57JM1na2BcOByzpZMSt5GyCkiZWkFVfRJpU4Hjbjy+GrY/X9GpTBvZnTOWzo+kmZLP8pu2snXzWvZaHGTMX8zC9O6Tdb2UF2xiZ42FpPGxtLpr8JAxqLNpOO+BKAvdZ+8OhtkUidd9HrBQ74a60y+y9kDHfsukPtpg6nyy/bTdkkFqYhHlRyFjRinlZ11kLO1emJt6N0RO6XQGCXZs/gY6sr3IrtF+oJ/rNkTm9nLd/fdB3V42bjuIz+bCHtVM/WlI6D7qcUj1DvbLRaf7te22ab+/Bui7SWmk+ndRWg95lFJlTmFp9+yRetyeaOx9JNbuc26or+HF5/d3bIxJ7nR3drs2g7rfB+/wGVj3O3ihUx1zPhn692IprHoJJqZAaiv8ugG+1/nNw/TnoNuyYMc7UDgB1lkgZizsaPv0r4MdFsKBdchER9eRkV3aUQc7PPDYT7rW8U396UpERK5Bra2tfPDBB7S2tuJwONoDynPnznHo0CHGjRvXfswnPvEJmpqaeOedd0hOTu71GY4RERGkp6dz+PBh0tPTu+wzDIOWlhaCwSDNzc0UFxczfvx4IiIieP/990lNTcXn81FZWUljYyMA5eXlWK1W5syZQ3l5OdXV1SQmJraHoTfccAMmk74Ji4jItUXh47UgUI+7yUpyPPg+fIdiZrLqgfAU0SNbeK49U7STPtXGpqoaoIr6iWksMwF2GzZLOgs/vxDXIKu0Zy3lwSzwVO5iy44tFNo7PYcP4NRedp9ysvjhfJJNtD9fcjBscdbeh24NghFoxRqfANix28CZ+TmWd58GPJB+224hI8VJUUUpRlQV5yelk9bj57tQ3bU+H7RFqB4PzSZzn59Q/V+3S9VfH/g4+E4xzFrFgzeEYqbS15+j/HKrHIxO92tPA/Wdi7QpoanX7sgazKlL6ZE9YsPWY85xpxribZCYzeeW5ww64B7wfh+CVAd887Pw5Sk99617BW77Ajwenm0/8WeXVkdvKs5A1qzQx3Ny4HsvQtZdnaZntw3+SIQ8H3TOGk9fCE0J71Ui5Nngp/8El5Fdi4jIx8DpugbcjR/1OuJwJM2cMbTvUF6vF4vFgsvlIjExkejoaA4fPszFixeZPn06Fy9eZMeOHTQ3N2O1Wjl//jxz584lNTWVyMiuP+0ZhsHYsWNJTEykrKwMh8PRvi8mJoaUlBQ8Hg+NjY0UFRXh9XqJjY0lGAySlJTEpEmT2Lx5M4ZhcMsttxAMBjl37hytra2UlpbicrmYPn06FRUVnDhxgpycnC7h46Gjl/0DpYjIoJhMJuzxY5jodAx8sEg3Ch9HK38LHj84osD7YRk1CS7yLNDi90GUJRRgBTxUnvZAoOMZdfZUF9FvlLOXGuyTFoU2JrpwGLspPwWu8NRrT6MHW3wfo7v8PnxmCxYT2FIySLaW0ewBOocxvhYMcyzRJgCDhqp6mgOJDOZpeRZXIrb95ZR4M8i2gqfWzaAmkfirOFQJU25zAuBy2tlVWYp3dk74WX0ePK02bNZ+Sxmw7ZbMVJzFVRRaakmatrjXIlKTnew63lG3+0glbmdGn4uUDHTdAIwAQx751ncftNDih2hLuDM8ldQ0AsFObw4M4wrXfdyvvRmo71zTU2ktLOEgkHJHb/eoC6fDQ3FpHSQ6wV9DXSMdC85McmIvrKDUm0OOFcDA0+jDFt/HjdHX/R5fR/mxeizJ2X0Eqb3LSoXvHegUPnrAHQd2E7h9MLGtGQ3w/kdw4zD+fmZt+4o+HR7Pgolt07+dcF8dnAEmjIdlJthxMtzGtunZf9VHoeNDYWX78YD7AtjHDl+7RUTk2ne6roFAIMCM1Mmj8lmHfr8fgMjISGbPns3Ro0c5ePAgdrud3NxcGhsbMZlMeDweWltbmTp1KlFRUQQCASwWCwkJCURFRfVadmRkJDNmzKCwsJCYmJj28//oo48oKSkhPj4ek8mEyWRqn5YdFRVFQkICFouFyMhI4uPjiY6OZsyYMbS0tNDa2orH4yEYDHL+/HmioqJwuXoOIxhq8CoicqkMw+DM2XOcrmtQAClDpvBxtDKq2P37tew0GRgkMf+ueaFsJWcOyYd3sub5vZgD0STfkIyjpopyfzZpUUBiNmnWjRSX2cj9bFv6k8KC+aX8YesaKixmMAzMjjl8+u62FZO7qjuwmW0fNhPrTMTcWIPbOoe7uv9ckzqHnH2b2Ly2DDNmbFkZJBuVnHSDs+dQNQBa/OFJyYnzmDfxRQpeXMteM0QnZ5MeX0pNFWR0Se8s2MaYKS1ay9q9QMCMfeYSlk8M7bXNWUROxSbW/dd+QqcVTcqiFeSn9j3ezQgMou2WDFLHFVFUncLi23svxzJrCQtrXuHFlypwxXip8TrJ72ekna3f65aEM2EXhb/bgPuOleRN7LP5HYID9YGN2Tck8+KuNazdZwZLMrOnOKipKsfISsM8wYm9sJA1G9wsXZmHKz4Je0sBm54vw561nBVze6+2ta/Asq/79VL6bmIaUy5uoTQmlwf7yMczbsrl4KZNrKmwYI6wkT7NRUttDV4cWG3zWDRrA5t+v4b94fs9emo+Kz6V0uv16fN+ry9j754SLK2pJN/QLbiMg1vPwsQnum4reRLm3Al5/xuyP4CJptAIw+89BsvGw6p8uO1Z+LUVYpzw5RzYUgoPJ/XRWb3pNmqxzekGiGl/xigse6DbAYGO9335EXjsV7A/BS5Wg30JfLOfYdGPr4S7fgUvxAGtEDMZfv0oTBhCs0VE5Prmbvxo1ASPFouFqKgoGhsbSUxMJBAIcPr0aWJjYzGZTEyePBm73U55eTn79u1rX5gmEAhgs9mIjIzE4XBgtVppaRncA7MdDgeJiYkcO3asfXRkbW0tJ06c4M477yQYDA6pb8xmMzExMURERJCQkIDdbsdkMo2K/hWRjyez2cyE8eM4WlGt8FGGLCLY+anIMjoc2cJzH9hZ8WAedr+BuccCGAZejw9znDW0mEp39YWsf9vC0pXdAqCAD29TC8TYsPb+h9tudTRDtA1rP3NXfU0eDMtgyuulBq8Hn7n/8gdbTnMgGlvc0Aq6nLZ3FOLF4zcPsu4Brttl6LMP/F48vsG27xINeL/2YUh914uAD2+TgcVmpdca/V48FyF6UP09uPt9KC42hRaVsXcfcOkDt9HL9qvgogewQsxg/gwVAHdTaPGaQR0vIiLDpra2lqSkofyl6so7dLRi1IzCa21tpaioiPPnzzNu3Dh8Ph8NDQ3Mnj2bKVOmcOTIEXw+Hy0tLVRVVbF06VJ8Ph+7d+9un4YdGxtLZmYmFy5c4I9//CP33HMP48eP71JPc3Mzr776KkuWLGH8+PHU1tayefNmEhISuPvuuzl16hS7du0iPT0di8XC4cOHWbhwIePHj29/n91u509/+hOpqanMmTOH4uJizpw5w5IlSzhw4ACVlZW4XC78fj+TJ09m6tSpvT57UkTkShlNX+/7ci183/y40a+Qo1zvQY4Zaz9ziys/KMOa+bmeI89MFqy2wSYrZqy2gRfdsMRd+sIcZquN4chfzFYbl9KKy2l7RyFWBt2lA1y3y9FnH0RZQyuFXyGDDh5hiH3XC5MFa3+XcEjnPrj7fShi4jo9b7EzC32OCr3SYoZyyiawD28XiYiIjIjIyEhycnI4evQoXq+XiIgIMjMz24M7s9mMYRiYzWZuvPFGxo4NPUtk5syZ1NbWEggEiIyMJCIigtjYWG688UZiY2N71BMVFUVOTk77PofDwc0334zZbMZkMpGUlERWVhY+nw+r1Upubi6xsbFd3mcymcjKysJuD/10MGHCBGJjY4mIiGDGjBn4/f4uU8ZFRESuRRr5OBod2cJz5Sk8dlf2EN5UTsHzu6kKgHnCfO67I2NYgj2RAV3S/SoiIiKDdS2M4BiNI2GCwSCGYbQHjp0ZRuhRMp2393f85bbBbDZf0ojFYDBIa2trexgqInK1jcav991dC983P24UPoqIiIiIjGLXwi9R18IvoyIicvmuha/318L3zY+bYX7ynIiIiIiIiIiIiEiIwkcREREREREREREZEQofRUREREREREREZEQofBQREREREREREZERofBRRERERERERERERoTCRxERERERERERERkRkVe7ASIiIiIi8vFknDvG2+/XUe1pBcBii2fmjTnMHqdfU0RERK4XGvkoIiIiIiJXXt0hXv5zTXvwCODzNLL/z+9RWHcV2yUiIiLDSuGjiIiIiIhcYc3s/7AeL2AeO4E77v4kX7w7i5ljTYCPYx8ewzsc1bR4aGwejoL6YbTQ2NgywpWIiIhcuxQ+ioiIiIjIFXaa0xcAYsi8NYOJUUCUk3m3OhkLcKGR48NQy9nX/oHcr73M2csp5MP/YOVDa3i/r3yx+Ofkzvs5719OHSIiItcxhY8iIiIiIiK9amHPxl/yfkYaM6OHu2wPW/8+m2lPF4+SckREREaGwkcREREREbnCJjJxLMBFjuwp5bQf8Nexd08dFwDGxjPtqrYvrKWIN34HX1gyn2HPHmnhQuNoKkdERGRkKHwUEREREZErLJY5sxIZEwHGhTO8+dqf+a/XDnPoQgAiLEyfNR3roMtq4dBzj5I7I5tpM7LJWvQwzxV3miPtq6bg2b9hfm4203Lv52f7Ova1fLiGVfPD77vnSbae6lpy47aX+d2kv+GBW6Lh1DaeuGcO02ZkM23GfO74p22dpnM38v7LP2Tl/NC+v321uqMQo5qt37ufrPD7Vj13mBbqeemxRTyxE3juYabNyObH+wCjnreffjh8LnP4zPe2UWWEy+m1/j7KERERGUUUPoqIiIiIyJXnnMm9i1xMtkW2b7LY4pmz6CbynEMo5/Bv+bunG/nqH0s4fng/O3/7JEtndBqn+M5vean1bn7zyst8Z95hnv3PcGh4fhvf/vzPGf/kTo4fLuI3txTxtz94rVOgWM8br24jeeUiZpo9bP3Z13kp+2mKD5dwvPhlnlk9h/Htx77MS3un8c3fv8a/PzyWrf/j5fZnQB567m/426N3sKG4hOPbvk700w/zi+JE7vnfL/MvtwBf+CXFRUV8MxcaX/8BX3p9Dv++t4Tjh1/mnqNf5xvrq4G+6u+9HBERkdEkcuBDREREREREhp953HRuXzx9GEo6zhtvFrF06nySp2V13bXoe/z71+9mPOC8cxE/fj008vHsn19mU/PDrLszEcyQnjufma3xHdOrT7zJSzuzeOw7WYAntG3/Tt44PId7siYzs0s1j/LUTx7mRoDPLIEXfOHtxbzx78e59Tt3MTMWmJpN3qxcomMhOn480RYgOp74BBtQz9bXtsGdL3BrPMA0br19Mj/eWczZhz/ZZ/09yxERERldFD6KiIiIiMgV5TtfzaHjZ6mu/4gLLQGMtqnFZhOW6BiciXZSp01lWoJl4MKyHuHXPznLE08/yiefjWbmA0/z//5lCcnmAd4XrjM6fNz4O3/An+7s2F2282Xez72fZ6YB2Fj6T2v45pP/wPfve5knEubznV//ksdmDfwkyJZmiDbHhF/l8tgra/o89mIroenTz3XaeNvl1S8iInK1adq1iIiIiIhcEb6zx3jzjT/z+7fLOXCykXPNnYJHACOAr7mZ6pM17Hp7D8+/sY/9Z319lhcSTfr932ND4X7+vOZhol9qm6o8gHDo2GL0ss84zNbfHGbp6s+Q3LZt/Hwe/+VODhe9zFMLTvHjz/8v9rT08t7urYuFFuPiwAcCMZHAo2s4frSk479fhkZtXmr9IiIiV5vCRxERERERGXEfHd3HS3+p4bQXiIphcmoqn7ptLg+t+CRfbP/vVu6/LYP5qfGMjQLD+xEH/lLElqP9LOd85jDvn2oBczTJtyzh1klw1uPp+3gfXATGz1nEjbzAf74cCipbTu3kd9vqQ8cUv8YvTi3hzgVt05hbKCs+TKMBJGSRvygLmhtp7Cf8C4WaWeTdH82e3/yePY2A4eHQy6/xfuf3tbS9SGTOolx4c2foWKDlRDHvnxpk/S1KIkVEZHRS+CgiIiIiIiPsJIVHPsIgkvGZWTx093xuz53C1LFj6Dqx2sKYsRPIzJ3DvXffyh2ZY7AQ4OyRco70UXJj+Zv8+L7wKtBZD/O78V/nmS9k9X6wGXjnMNUtwNSHeebpRbz/vTtCq13f90vKWi8CLezZ8gJ84WGWJrS98Szv//KvmZ8VWhl7/v/Yz/Knv8bS+N7qsBDNfsqqAaK59ZtreDz6BVbNy2Za1iK+tO0s0QZAIjNvySL6d48ybcbdPHcUku99ku+kbAgdOyObrAee5o+l9QPU37McERGR0SQiGAwGr3YjRERERESkd7W1tSQlJV3tZvTr0NEKZs5I7eeIcrZsrOZszDjuuDOHiYMuuY5drx/m+MUxzFkxl9n9HNly3kOL2UJ8/BCfg9jiobEZouNtoec/Nm7jv8/7R8aueYd/WRDd/7FDqea8h5ZoG/Gxgzi20UMLvZzLZdQvIjIcBv56f/VdC983P2604IyIiIiIiFwZF8/x5sY/j0jR0Qk2Lmn5lWgbnTO+xqKdbJr0N/zpll5K63bsSLUvOr6PYy+jfhERkatF4aOIiIiIiEhY/JIfcHgBGlkoIiIyTBQ+ioiIiIjICEtj2Yq0q92IQYsexNRoERERGRwtOCMiIiIiIiIiIiIjQuGjiIiIiIiIiIiIjAiFjyIiIiIiIiIiIjIiFD6KiIiIiIiIiIjIiFD4KCIiIiIiIiIiIiNC4aOIiIiIiIiIiIiMCIWPIiIiIiIiIiIiMiIUPoqIiIiIiIiIiMiIUPgoIiIiIiIiIiIiI0Lho4iIiIiIXBaTyYRhGFe7GSIiMoIMw8BkUowkQ6e7RkRERERELos9fgxnzp5TACkicp0yDIMzZ89hjx9ztZsi16DIq90AERERERG5tk10Ojhd18DRimoCgcDVbo6IiAwzk8mEPX4ME52Oq90UuQYpfBQRERERkcs20enQL6UiIiLSg6Zdi4iIiIiIiIiIyIhQ+CgiIiIiIiIiIiIjQuGjiIiIiIiIiIiIjAiFjyIiIiIiIiIiIjIiFD6KiIiIiIiIiIjIiFD4KCIiIiIiIiIiIiNC4aOIiIiIiIiIiIiMCIWPIiIiIiIiIiIiMiIUPoqIiIiIiIiIiMiIUPgoIiIiIiIiIiIiI0Lho4iIiIiIiIiIiIwIhY8iIiIiIiIiIiIyIhQ+ioiIiIiIiIiIyIhQ+CgiIiIiIiIiIiIjIvJqN0BERORKCgQh2P5vkEAwtD0IBDt9TPh1+8ft24IEgYjw6wgi2l90bAv9r8vrPrZHRITKiAhv79gmIiIiIiJy7VP4KCIi15VAEIxgECPYPWiEQFu6OAw6QslOCWVvBwyptA6hEDKiRyDZ5eP2baHw0qTQUkRERERERhmFjyIics0KAkYAWsNhYyhwHL6A8WoKjcQMdt3Q79EhEYApIqI9iDSFQ0kTEe0fi4iIiIiIXCkKH0VE5JpiBMEfCNIaCI1wvD6ixuETpGPkZ889IaaICEzQPlrSRFtI2bFdRERERERkOCh8FBGRUS8QDhz94VGOcnkCwSAB6GU0ZWhD2+jJiE7BpDkiArNGToqIiIiIyBApfBQRkVGrNQAtgSD+gALHK6lt9GTXcDL0whQOIc0KJEVEREREZBAUPoqIyKhjBMFnBGlR6DjqBIKhFcL9QG+BZJQp9LGIiIiIiAgofBQRkVHmohGkxdCzHK8lnQPJi0aQyIgIIk0KIkVEREREROGjiIiMEv5AkItGeLqvXNNag0FajY4gMiocRGp6toiIiIjIx4/CRxERuaoCwVBI5dMU66uubbXr4eYP0P7cTgWRIiIiIiIfLwofRUTkqmkxgrQYENAk66vKHBFBjDk0QlFERERERGQ4KXwUEZErrjUAFwNBWjXa8aozRURgi9IwRBERERERGRkKH0VE5IoJBKElEFpQRkYHq/lqt0BERERERK5nCh9FROSK8IUXlAloQZlRJTJCox5FRERERGTkKHwUEZER5QsEuyw4IiIiIiIiIh8fCh9FRGTYBYIdoaOhkY6jWmswSJRGP4qIiIiIyAhR+CijVpBQgBEIBgkEQ6+DQFuO0fY6IvyfKSL8cQSYiMAUEdomIldOa3iEoy8Q1PrV1wivgVa5FhERERGREaPwUUaFIKHQojUYxAiAEYTLiy5C7w2FkhGYw0GkOQLMEREKJUWGmaZWX7sCwSAeP8SYIxRCioiIiIjIsFP4KFeNEYTWQJDW8L8jEVkECU357LqwbhBzRASRptBCC5GmUEgpIkOjqdXXDyMYpKk12P7HmrZR5BGE/mgTpb/YiIiIiIjIJVL4KFdUMAj+YBBfIBQ4Xi1GMIhhQEs48ow0RRAZ0RFGikjvAsHQCOW26dWKHK8vbY+5gNCo8bjIUBgpIiIiIiJyqRQ+yhXRNh3TH7jc6dQjozUQpBXri6LIAAAgAElEQVSA0MifyAiINIWmaOsXb/m4a3skQtu/8vEQbUJf/0RERERE5LIpfJQR5Qtc/VGOQxUIBvEFwRcATdGWj6OuoxtH5x8MZORpqrWIXKuCweD/Z+++o+u67jvRf0+7Db2zgF3sRSTVLCkqdizHlm0pLrHlFDuOJ7HjlMnMezOe917eelnJJFkzzps3JWOn2HHsRBk7rnGPY9mWbMmSSImi2CmSYC8g0W45fe/9/jgACBDtArjl3IvvZy0QwLnnnrNxCdzyvb+9fwjDcPx7XddhGEYVRzQ3KSX6+vrQ3d2Npqamag+HiIiopBg+UskpdTN0rId14CZO0dYwYYq2zqpIqg8KgBitauT6jTRG4/0bEdWoIAjwyiuvIAxD6LqOIAiwceNG9PT0QIvpnZsQAseOHUMikWD4SEREdYer21FJ+VIhFyo4QtVlgKEQTR93hEIukMgFCnao4Mtbm9oQxZNU0e+wK6IGI9lAYcSXyIcSbp3+3dLC8D6NiGpVGIY4duwYgiCAZVnI5XLYv38/XNet9tBm5fs+hBDVHgYREVHJsfKRSkIowBUKQQ1Nry6FsU7aY1O0xzrFsjKS4kCom7+jYrSicWn9hdJiBELBNHknRkS1ybIsbNu2DV1dXbh8+TK++c1vIp/Po7+/HxcvXoRt2+jp6cGWLVtgWRauX7+Ovr4+aJoGy7KwdetWSClx8uRJ+L6PIAiwZcsWZLNZJBIJrFy5ElevXkVfXx927dqFVCqFEydOYNmyZWhsbMSJEydg2zY0TcPmzZvR0tKCGzduIJfLQdM09Pf3Y8eOHchms3jttdegaRqGh4erfbMRERGVBSsfadFcoZAP5JILHqcjlZpUGTniR9VlrlAIefNQmSgVNYXxRFSJmwsUhn2JXCBhhwqeUAgZPNI8eTL63SEiqmVKKQRBAF3XoWkaXNeFUgpCCBw/fhxXr15FGIY4ePAgBgcHAUTrLwLAuXPncOrUKSilxj8GBwdx7NgxCCHQ19eHgwcPYmhoCJ7n4dChQ7BtG6dPn8a5c+eglMLAwAAOHjyIIAhQKBTw/PPP4+LFiwiCAPl8Hi+99BIKhQKklJPWqSQiIqonrHykBVuq1Y7zoRCtoRcAgIjWjDRG14w0tKibNns6ULGkij6EUqOfow/GirQY1ixV2grR/TwA6BpgaRrXgiSiGV3pH8BwNj8e3lXK9k3rpmwLggDPPvssMpkMPM/DunXr0NjYiGQyiYaGBniehxdffBGDg4NYvnw5HMdBIpHAihUr0NnZiWQyCd/3Yds22tvbsWzZMjQ0NMBxHJw+fRqu6yKXy2H16tUYGhpCIpEAADQ0NOD555/Hxo0bsWvXLly6dAlPPfUUbr/9dqTTaQwNDeGOO+7AunXrcPHiRQwODuLxxx9HMpnE1atXp/35zl68goId7ynjRFT/dF1Ha3Mjlnd3VHsoVIMYPtKCRNV9UaUfFU8h6vwdTtiiIQohDQ0wdIxP3ebr+6VLTpguPRYySlYuUhk0WzrfACGikrjSPwApJTat641FZ+mxjtdSSnR2dmLLli0wDANHjx6FlBLNzc0wTRNKKZimiV27duHkyZM4dOgQWltbsXv3bqxZswY3btxAX18fTp8+jb1796K5uRlCCAwODiIMQ6xduxbXr1+HrutoaWkZX2OypaUFmqahoaEBSin4vg9N05BIJNDW1ja+X0NDA9LpNADANKd/aba2d3klbzoiomkJIXD1+iCu9A8wgKR547RrmrexRhUMHktDIeoy7Mloymw+kBjxJbLBzSnbgYwq3ai+iNHO8GN/U2PTpbOBHP+/j5oZMXik0ms0GTwSUekMZ/NY1tUei+ARiNZ8vP/++/HII4/g3nvvRVtbGxzHwaFDh9DS0oLVq1ePh34A0Nvbi7vvvhvd3d04dOgQRkZG0NjYiPvuuw8bNmzA1atXcfbsWWQyGTQ0NODChQuwLAs9PT3I5XK4ePEili1bNt6tOpfLQSkFx3Gg6/p4ZeREyWQSjuMgCAIIIcY/ExHFkWEYWNbVjuFsvtpDoRrEykeal7HOzlR+cnRqbTC+JaqS1Eenauta9O5B9HW0jTlCPChE6zBKRJUXUkXbxj6PVTISVUtC12Dy7UciKiEpZWyCRwDQNA2maU4ak67rSKVSOH/+PEZGRgAAuVwOnufhxIkT8H0fnuehqakJlmXh/PnzuH79OgzDGA8dTdNET08PDhw4gDvuuANNTU2QUuLy5cvYuXMnLMvC5s2bcfbsWTiOg8HBQaxZswaZTAa+708aY3d3NwzDwHPPPYfGxkbouj4+LiKiODIMo+JLa1B9YPhIRSuEXN+x2qLgKpqOO/USQMOEYHL0w0C0RpsOcK22RZouVJSTto0FjPw7oXhjxSMR1TPLsrBz505kMplJ2zOZDPbu3Yv+/n5omoYtW7ZAKQVN02AYBoQQMAwDe/fuRUtLCwqFwvj07fXr12Pt2rXQNA3r169HoVDA2rVrYZomtm7diqGhIbS1tUHTNGzYsAFhGMJ1XbS2tmLz5s2wLGv8/GPjam5uxp49e3DlypXxqd/JZLIaNxkREVFZaUqx/IbmxuCxdikpIUe7OuqjT64NXYeha6OVlJjweTSo1KLrTZz+YxgGLMuCrtd+udRYiDj2G61GA8OJ2ycHjVxzkepLQteQMZlAEtWKa9euoaenp9rDmNWRk33TNn6Jm7FO14ZhQLvlXdmJz3nGSCkhhIBpmlP2X+h5FrIfEVFc1ML9fS08bi41rHykOeWCaM05qi2B7yMIfET/dQpRxHjzs64bURBpGICmQdf1qJpPCoRBCCEENETTljQoaBCA5iFpJZBIJKCPlk5F+4wGl6MbJj51vvVp9MTn1RMvm/QbpiZ/P+Xr8YAwuuTWwBDAlCAx2q80AeJYoDsfuq5B02o/uKX6INTNewMioqVkbDr2dKabNq7r+oLeeJ3tPAvZj4iIqJbxkY5mNeJLVnvVGCklXMeGnFKpqiZ9FkLMuah5FPRNvl4gPGiej2QyCdOypjl+bYqCVzkaLEpAjVZAjFaBTr09588wDCSSyVitiUVLk1AK+QBosuovfhQKMOrvxyIiIiIiqlkMH2lGDB5rz1jwOLZ+EaBw4uhpDFwfxI3rQwCAVWtXYNWaFejs6sDkwFCb9P2Jo6fx7NP7cOHsZdy4Pog9d+3A/Q/dhc3bNgBQ8DwPQRggmUzV9FRsIQQ810W0AsXMt8fY7TnT5cV8L6WA69jQdQOmZcE0DGg1fNtRbRsLIC0dMOpgqp+Egi8AUwcMpo9ERERERLHB8JGmlQ24vl2tUVLCsW1AKRQKDp767o/xL99+BnbBmXb/TEMam7dtwKo1K7F5+4bxqOzi2cv4ydP7cOHspUn7P/ujfXj2R/uw564deO/7H0dXdztEKGCHBViJaCp2raxVFK3fFCIIAkgRdWvTtKjIc3xyuqYwcWa1pim4ArBDICeAQCmEEtGHAgTU+NehjPZvMoEmE2gwgSZTocGIji+EgJQCnoqmc5mWCcuqnduP6keoFEIB1Hrl8kRKakixuJiIiIiIKDYYPtIUuUDNez07qr4gDAEoPPv0fnz+c1+bMXQcYxccHNh3GAf2HQa+VPx5Duw7jBNHT+ORRx/EY+9+EwANYeBDhAESyVQs1i0am0ItpYimT49+BkanVquba1+OVTQGUkO/p9DvAQO+Qj7UkBcKhRDIh0BBAIFc3LiWpYA9LRp2twIZQxsNOBUC30cYBLASCVhWYtE/P9FSJpSCUBqnXhPVhBAjZ4/hmSODGPSjLUYigzXbN+K+ta3g+whERET1ofopAcVKns1latJYgHW+71JRweNi2QUH//TFf8azP9qHD/7mE9i8bQOUUnAdp2pVkEpK+EEAEYaQspiUMPo93zeksG9Yod9TmLysY+n/Dq66wHdchWcHgY0NCr1pDavSCt3J6P/Qcz2EYVjzU9mJqi2QilOviWIvi9deOILnLvuTtgrfxpkDB3Hl2gY8ek8vGqs0OiIiIiodho80rhAqhAwea5IIQ9y4PoCP/9Enyx48TnTj+iA+/oefwJ67duCJDzyOzq52hIEPKQSSqcoEaEophGGAwPdHKxond9S+1UgAXHCA87bCWRu44pZ9iFNkA+ClYeCl4Wi8m5uAu1o1bG4CpBBw7AKsRBKJBKsgiRYikODUa6KYc069hhcu+wBMdG3ZgNdvWoY0bFw8eQw/Pp6Hc7kPz5xqx6O3Zao9VCIiIlokho8EAHCEQlCCbr5UHWEYzrq+Y7mNTcV+7N0/hze+5QEIIeDYNhKJBKwSB2hjU6qFEJBCIAxDADfXbHQEMOADgwEw4ClkwyhwHPvsLXLqdDmcyAEncgpbm4A3dGnoSQKB7yEcbejD7thE8yOUQig1mCwgJoqpYbx6Jg8BoGXjTjy6tXl0ewa9W+/A28UL+PJrLq6fOYfB27aivZpDJSIiokVj+EjwhIInGDzWslw2h+ee3l/VMdgFB5//7NdwYN9h/Pb//qvINGTg+x6EFEgmUwuahi2EGA8Zo+9DTGgJg4lrNl52Newbktg/VMIfqsKO5aKKzJ/t1nBXmwYlZTSV3bJg1VBDH6I4CJSCCf7NEMXTAAYKAJDB+vHg8abGre1of+0yBgs2LgIMH4mIiGocawKWuEBGVY9Uu3zfw09+tK9qVY+3OnH0FD72O3+M40dOQSkgDEI4dqHIdRhvGque9L1oHcQwDKFUVPk48fOpvMKXLil88kxtB49jCgL4+hWFL12SGPSjn9P3fTi2DTEawhLR3MIYVjkT0a10TNtVxtDZbIaIiKiOsPJxCZOKwWOtU0ohCAK8sv9wtYcyiV1w8PE//AQeefRBPPGBx6GUgmMXkEgmi+7mLISIapZGC5cCGa2VmBXAZQe47CpcdoAb/mxHqV0HR4BztsLDXRruaAWUknBtG4ZlIplIQmNDGqJZses1EREREVE8MHxcwlyhINlgpmZJKeG6Dgo5GyeOnq72cKb1L99+BsePnsavfeS9WLV2ZdTNOQhgJZIwzdnvfkzTxD9fdHGyEIWOubBCg46R4QD42mWF03ngoU4N3cmokjQMQliWhUQyyanYRLMQSsHg3whRbORPH8C3D2XhjD/9zOPAV5/GgZmvEV2umejduRM/u2HqFG0iIiKKP5bOLFGeUPDZYKYmhUEA17Hh2AUoKfH97zxT7SHN6sLZS/j4H30Szz29D5oWhaae68AuzD4V++VBgR/eAC45SzN4nOhQFvibcwrPDwESUXOdMAzgOs54h28imorF/URxch7PHZkYPM6DCnHxyGkcL/mYiIiIqBJY+bgECRVVPVJt8X0Pge9jYtZ04/ogvv+dH1dvUEWyCw7+5pOfx4H9h/HBjzyBTEMaSkk4dgHpTAP0aaYQD8SxLXUV2QL49lWFfUPA7c0a7u8ADCXg2AWk0mnoOlfHIrqVkJh+PTkiqoIAoQCARux5xx3YVfT1TuPbX72I60KiTldaISIiqnusfFyCXKHA6LF2KCnh2PZ48Khp0cdPn9mHP/wP/yU2jWaKcWDfYfyH3/1jfOPL34NjO1AK8D132n3XNPDuaTrXPeD71xWevKAwFGB0PU1n3g19iJYCwcpgoiXFu3oGp87l4N3an82+gVNnLiJr33qFHC6cOYPrWW/yduEhe+4MTl2deqxYnoOIiCjm+Op+iXGFQsDp1jVDKQXXdSCEgFJRpePnP/tP+Nhv/zE+/YnP11TwOMYuOPinL/4zPvY7f4wD+w4jDKOu1o5jwy7kkc/lkM/l0Gu4eH1ntUcbX6cKwJMXFM4WxgJIG2EQVHtYRLGiwKnXREvG8x/H1gffhjc9cg92//krN7eLF/Anux/Em978Juy+77/h5fELLuIff/0ePPTmt+GeO/81vn795lUufPkj2P3I2/CmB+/Bb37jRszPQUREFH+cdr2ECBWt9Ui1w/c8SCnh2KPTlvfFq6v1YtgFB5/5i8+js/s3sXrtyvHtE3tDvKFbQ2sC+Opl/t5Op98Dnryo8NhyDTubFbzRKlLTsqo8MqL4YNMZovjLn3wJ3ziahw8Ty7ftxJs2zb+xTHboZrLnTSwyLGTRP/a1PXHidg7XL9z8zp1QZZgdunTzm0nb43gOIiKi+DP+4A/+4A+qPQiqDFcoVoDUkLGqxxNHz+BP/u//jgtnL1d7SCUXBCGOHDyBN77lQQCAJkKYBQe6H8DK20hks1hnD2ODLGCfbKzyaG9SQkCKEEoEUCIEpISSAkpKQAM0rXJF5aECjmSBpK5hVVohDAU0TYNhcKE7IgDQocHSGT5SbSsUCmhsjM/j4HSuDwyju6Ntlj2G8NrxLGwksHzrCvSMbz+PHz3bjxEJABL5QRupzcvROef1Jkt2dqFdeEiuvR+//u63YXv3aI1FshvdHQKu1YsHfv29eHxb12j1RTPae5oB0YDb3/1ePH7/GrSMPny3tC9DixTI7HwXfunx+7G2Oc7nICKqrLnv76uvFh43lxpNsVXqkhBIhULI/+paEoYhXjt2Ch//o0/W5PTq+fjDJ96I29etnnWf78tGfDk1+z7lpJSC8BwoIaBbCRiJ5Bz7S0ApaBVsBPMzHcDP9WhQCrAsC8lUqmLnJoorU9PQaDF8pNp27do19PTMFLvFw5GTfdi+ad0se4w2jpnScOY8vvf1PlwZq/4zmnHPY3uwZc7rERFRNcx9f199tfC4udRwzcclYsqC1RR7Ugp8/nP/VPfBIwC8+NoFyDneB3mjnsdup3/WfcpBKYXAySN08tANE1ZD05zBIxBVP44HjxV6j+cnA8BXLkXnCoIAnjt9Mx+ipYStmIjibjXu29KIhAZAM7F8y4YJwSMRERHVA1brLwGeUAhZ4FpzbvQP4sTR09UeRkWcvHwDYRgiMcdahT+jhvEKuis0KkD4HoTnwkgmYSQWUUVYwfXmDowABaHwK6s1BKMNaBLJJDSueUdLVPTGBn//ieKscdMdeN+mao+CiIiIyoWVj3VOKsBj2UdNeumFV6s9hIpx/BChnLs8d7sZYrM3UPbxKKUQFHIQgQersWlxwWMVnMwDf9Gn4EmFIAjg2Da4wgYtZZK//kREREREVcPwsc75Us05nZXiyXW8uXeqExcGRiBEcSn5neFwWcciRQhvZAi6aSHR0FzR5jGldMkBPnEGGA4BKSVcx2EASUsWw0ciIiIiourhtOs6JlXU4Zpqk5RLqWS1+N/Te7QCfhjkcNlqKvkopAgR5EdgZRqLWtcx7oYC4M9PK/zaGg0rUgKObSOdyXAKNi05Epx6TVR9FkwDgMjjwFefxoH5Xt3QkSjDqIiIiKj8arOkh4ris9SjprV3tlZ7CIsipUAY+ghFEHV+nsWKtuKDRMs0sdrPLnZ4U0gRIihkYWWKayhTKnPdNovly2gK9ulCFGjbhcISC7aJWPlIFA+rcd/2ZqQX8j6AZqJ3OxvREBER1SpWPtYpVj3Wvp27t0FKAX2sY3INESKEqSvceVsvbmTzuDAwAj/wYZrTNz5JW/P7GdcrG8+XarAYCx5zsDJN0M3Zm96UWqWmdX/2vMK7VwK7mgHHLiCdydTk7xbRQjB8JIqHxg178J4N1R4FERERVRrDxzrlCgWTUytrWu/KHnR0tmFosPRVfuWklMK6rmb83mMPYXl7G0zdwIht44vPHsDXXzwMw7RgGtaE/SXWL2tHco5O1xNth13SMQeFHMxUuuLBY6V96RLgCeDedg2B4yKdSTOApCWB4SMRERERUfUwfKxTGZPBYz14/OffgL/9m6+iltYqa06Z+L3HHsK6ZcugjwbgXS0t+OijD+OB7bfhr777LE5dvQFdN6AAJAwNb9m7BYl5hI9NuoZeP4uLieZFjzf0HCgla66j9UJ946pCoIC3LNMA30E6k4FhMICk0hjL+Cb2NlITP6uJ29Sk1V6Vmrz//I+HaY4XnYNvxhERERERVQ/DR6IYe/StD+NvPvXlmqpOe+sdm7Gyo2M8eJxo55pe/LffeA+eO3oKT716AkopvPPeXVjd1TWvc1imidv8odKEj64NM5le9HFqyXevKQRK4rHlOmzbRiqVgjWP8Jeqo1zBHtRs4d1sYaCacjkREREREdGtGD4SxVhzcyPued0u7HvxSLWHUhQpBW5fuxKpxMz9KHVNw89s34j7tt2GMAxhGDqMBYSrK6W7mKECAJQUkEEAo6lt0ceqNU/1KwRS4p0rNDiOAwBLOoCcLdgb/1pNjtvmDAMnXWe24003BgZ7RERERERUHxg+EsXcjp2baiZ8XNnRjN7O9qL21TVtXlOtb7UG3oKvO0YGAYxkCppemaYvcfPMDYVAAk+s0uG6UZhbjgByfkFc6YK9aa+DaF3SW7cRERERERFReTB8JIq5Bx68E5/59FdQC+s+rulsg2lWZop4ly6RliEcfeF3YyLwYFgzV2kuBT8dVHClwBO9Oty8jWQqBSuRmLkqb8I3s62zd+t2IiIiIiIiWpoYPhLF3IoVPZBS1sS6j53NDbCMytytGLqOZUEefcnWBR8jqnxcWus9TufAMOBJiSdWavAdF2YgkEwtjQY8REREREREVF5Lc64hUY3ZuXNztYdQtEp1TrZME8vC/IKvr6SEFCF0dnoGABzNAn93QUEphSDw4bmLX1OTiIiWDl3XIYSo9jCIiKiMhBDQl+iSVbQ4/K0hqgFSymoPoSgnL99AGIYVO1+XXPi6j1JE49RqoKK0Ul7LA585B0ilIQgCBpBERFS01uZGXL0+yACSiKhOCSFw9fogWpsbqz0UqkGcdk20APNrhqGmXn7LmnkTt0+3zl7X8i4cO3ZmscMuu4sDWWQdB50V6prcsYjwEVIu2UYzs+mzgU+dU3j/Kg2ADwCcgk1ERHNa3t2BK/0DONl3sWbeNCUiouLpuo7W5kYs7+6o9lCoBjF8pNhZTGdc4GYgOG2zjGnCwqnHnO461W2g0d7ZVqUzz4/tB/j8T17Bbz/6YEXO16MtvLpCKQloDB+nc9EBPn1O4ZdXaWhBACklUuk0NC3+TY+IiKh6lnd38EUpERERTcHwcYkpNti7+UkVHewVf8zpu+OyM+7MVA3dOP9y8BR2rFqGh3duKvu5OuFDw8JCYaUUw7RZXPOAvz2v8Iu9QFcyhGPbSGcyvM2IiIiIiIhoXhg+1oF8MM203rGvY1C1R3ETNRSRcrRqUNOg6wZMwypZsPSX33sBG5d3YWWZKzYtw0Rb6GDQnH/Hak3To+pHmtGAD3z2PPC+VRpWpiQDSCIiIiIiIpo3ho81zpcKYS2VxVHVCSHwlr2bcedtq9CSyaB/OIcfHX4Nz588B8tKQi+qAYuClGrGTme2H+DLz7+K333bQ6Ud/C00TUObcBcUPuqmBSUEFNd+nFU2BD53XuGJXg3rMgJhGMKq0JqeREREREREVPsYPtY4jw0Fl4RSFprds7EXv/LwXWhtbAIAbFsNPLxrCw6du4g//dL3MOIEMI2Zw6Uw9CHEzY7WmqbDMEwYxuS7k/PXh+AHARLzDKqkUgjDsKjrWWZU+QjMv8JSN01oug4Z+jASbKgyG0cAf39e4T29GrbqPsNHIiIiIiIiKhrDxxonWPW4JJRymuudt61Gc0PjlO071/Tik7/5BP7ki9/Fq2evwjSt0crG6NxSCoRhgJ1revBLD96B1V3tOHd9CK/0XcI/HziG4YIDw7CgaToABT/wEIjiQsSJPN+HMY9KxLbQndfxJ9JNCzIMYSQWfIglI1DAkxcUPrJOYF0iYABJtYUrBRARERERVQ3DxxrmSwaPNH+OH0CfIcxsyWTwnz7wTnzlpy/ji88ewFDeGb8slbDw8/fuwjvv3YWWxibomoa2pmbsXr8Gv/L6e/DV51/Bd146iksDI2hrTOOJB/YgYc4/oArCEEai+DSwU/nzPscYM5WGn8/BTGdGQ1Oay/4hoDfjMXykmsK/biIiIiKi6mH4WMN8TrleOkpY+Xh1KDvnPu+8dy/edudOnOsfwMWBIUgpsXtdL9KpJDLJqVOUDd3Au++7A+943W64vo8gDJFKJGGZ87+L8cMAqXmEj80qnHunGRiJFHTDhnAdmOmGBR9nKdk/DNzZJln9SDWFPZKIiIiIiKqH4WMNY6OZpSOTKc2ahGHoY+Oy9qL2TVgWNq5cho0rlxV9fEM30JCaf/OXMUopBGEIcx6hZQaLS+GNVBqhU2D4OA/7h4CVaQ+mabLzNdUEVj4SEREREVUPn4/XKE65XlpWr+td1PWVUggCF3dtWIm9G1aXaFSl53geEqY147Tw6TRri/tbMJNp6KaFwM4v6jhLyf5h4JIj4boOFN8EoRrAjJyIiIiIqHoYPtaoQFZ7BFRJt+/dASkXXuFnQOBdr9uF33nrg2hrbi7hyErL9T2kknNPuRZSwA8COJ4HK3Dm3H8uicYWAIBfmHtKOkX2DwEiDOE6i7/9icpNY8cZIiIiIqKq4bTrGhVWofLR0jVYOpDQa/tFnFJR5agnAVlDVVubtq7HqRPn5n09IUJ87F0P4/Z1qxY1JbrchBDwwxCtTVE4GgWMIUIhIKTAjXQzhswkBhMNGNaTGDaSGIaFYaFjkTOvAQBWphGha8PPj4yHkTSz/cPAhgZge3MIIQQMw6j2kIhmVOMPW0RERERENY3hYw3ypUKlIzNL19Bg1serN00DkoaGpAE4IeDVyBT2B3/2Ppw8dga6Pr+QZ/f6FdixemWsg0cAyDlO1GimtQVBJo2v5ZMY1BMYViaGhY7hYHRHhShsLEPDJTOVgfA9+IUczGQK+gK6dS8lX7gE/KKuYbvhIZ3JVHs4RDOqj0cvIiIiIqLaxGnXNSis8JRrQ6uf4PFWSaN2fq43vfX1aG1vBuYZPa/pbJtX9+hqEJYF83V3IvnmR+Dt3AZndS+uJBrxipPAWXdC8FgBRiKJRKYRwnO5DmQRnh9UCMOo+pEorl/yGH4AACAASURBVFj5SERERERUPQwfa1Cl13usoXxu3nQN82puUm0f+I0nEITzT+ISVrwr+MTG9TBaW8e/dwKBS9VcSlDTYDU0QTct+PkRCN+r4mDi7UwBeHkECIMKJsRE81A79/BERERERPWJ4WONCaRCpSdd13vFSC39ePc/dA/e8Z5HEYQ+iq2AlDLe3YlETzdEe9ukbZcLIbJhlQY0gZFIItHYDBkG8PNZqJjfltXy/CBQ8PzY/67R0lRLbzAREREREdUjho81ptJTrgFA1MaSiAtWS01nAOCXP/QevOmtD8H3PSg1+y+EUgor2poqNLL5U6YJf8PayduUwmUnTv8nGqxMI8xkCoGdQ+jGuLtzlX6Xr3nA84MagsCvyvmJZsPokYiIiIiouhg+1pigCtlCIBW8Ok0ggyo07ymFD//uB/G//f5vwTA1BIELIaaWCUopYBgS63raqzDC4vjbNgP65LshKSXOFOL3v6JbCSQaW6BpGoJCFsJzqz2kqTQNwvcQOoWKn3r/sELeDaBqLMyn+sfCRyIiIiKi6mL4WEOEql6VniMUghrpCl0sVygUwtr9me5/6B781ZP/H375Q+9BS1sjPM9GELgIAhee78C0dPy7/+f3sH7rpmoPdVr+lo2QzVOrMkUY4oxdhQEVyUimYDU0QymFoJCLXQhpJJJQSsEZvAZZwUrE4QA4lFUQYQzmyxNNwCc6RERERETVpSmWqdQMTyg4Va5A1DVtygu5a67EyowOS9dqpjmNGv1H4ebKiVIpBBLwazRkPXWyD4cOHEEhb2Pnnm24fe+O6AIpkTpwCJoTn+nC/sYNED1d017WN1jA/zhVO52TZeDDt/NItcSrwtTLDkH4HgwrgWRzW0XKv9ZmgA+t1dHQ2Fj2cxEVK2VoSNXKgxPRDK5du4aenp5qD4OIiKgm8HEzfsxqD4CKF4eZz1IpTFxlMGVo2NBkVG08C6WN/jPx5aihabB0IKk05CrdUrwEbtu0DrdtWjf1Al2Hu3cXEsdfgzEwWPmB3cLfshGis2PGy8/ka++2jyMr0wQZBhCBD3vgGqx0A6yG8q7/edYGTuUVdqQFDKP27heoPjF3JCIiIiKqLs5GqiFxCB8n0jUNiTpshW1oQINZZ38amgZ/6yaEvSuqNgSVSsG7fceswaMQIc7FcL3Huei6ARkG1R7GJLppwsrcDBsDp4DQK3/166sjCr7vlf08RMUyuOgjEREREVFV1VnCUr+kAkTMZsibGlCH2SMAwNKjcLXeBGtXw9+6CSphVfS84bIeuHtvh2yafTpuGIQ4G5/Z4UXRrQQSTS2QIoRv5yq6zuJczFQaRiI1/r2fGyn7OQ9lget2CClZwUrVp6F+H6eIiIiIiGoFw8caEcYseATq/wVdvf5xiI52uHfuQbiy/FWQKpGAv30LgtvWFfULc80Oka/RfiVmMo1EpikKIGNUBWmlM5O+D+x8Wc8XKuDVESAM4nMb0NLFqkciIiIiouqr13yl7sRtyjUQVWPWs7qu29J1BOtWw71zN8IVy0rejEQ2ZOBvvg3u3Xsh2lqLvt5Zu3Z/qdRopV+ioRl+bhiIyRsGupWAmUqPfx+Fj+Ud26EcEMQogKWli+s9EhERERFVHxvO1IgwhklYIKMAsh4rIAOpIGMSHpWTSqUQrF+LYM0qmNcHYFzrh55bWGWcsiyIrk6Iro45p1fP5IJnAKix0kelEHoudMOApiegmxbMdAPckUGkWmde37KSzFQDQs8dD0T9fBaJxpYp+4WuDTOVmbJ9vq57wCtDEncnAlhWZaf4E01Uj49PRERERES1huFjDYjjeo8AoKDgCCBjaKUunKsqTyg4cSw1LSfDQLisG+GybkBIGNkstHwBum1Dc73oY3QarTIMqGQCKpmESqcgGzKQTU1QmfQcJ5nbsF9bt7sSAr6dgzc8gOZVG8a3m6kMlJRwhwdiEUDqpgkrlUHgFAAAoevASjdCm9CROijkoJlzPyQUG1AeygJ72xk+UnUZTB+JiIiIiKqO4WMNqHYOFi3Yr2G6l3BKAWfyAiszOixdi/0UNzX6j5r4/ehnpRQCCfj1Pp98LoYeTZWex3TpUlmeMXA6Jyp+3oWQgY/+Qy+ga8fdSE4IHsdYmaj60x0ZRKqlvdLDm8JMR9WPSka3r58fQXJ0XML3EDgFpNu7Zz2GnxtGoqm434uTeeBcPsSmlISuc4UPqo64PyYRERERES0FDB9rQDWbzSQNDSl99srGRsuY+cKY0QC4UsGtdqJL03rnmhSGPIkjw/Geei18F6HroPv2e6EbM9+NWplGwM7Dyw4h0dQKrYolwpquw0xnEBRyAAAR+JCBD91KQAY+jEQS2iwhoZcbgplqmNc5j+aAdS0+ksnU3DsTldhMb5oREREREVFlMXysAaJK6z2amoZ0HZaNpEZ/JgaQ8fShTRn83WkHBwbi2bAkdG0oKZFsbitqfyvTCOG7CPIjMJJpGIlkmUc4y1hSGQjPgQyjcNfPjyDV1gVoGoxZAkI/PwJN02FYiXmd73AWeL0bMHykqqjDhy+imqNiuGwQERHNTzULKKh+cC5czClUr/IxZdbvnYzJdcBi7Vc2pLG3I35rBQZ2DppujE+pLpaRSMFqaI5CSHthDX1KQtMmVS9KISA8F2YqPWOw6BeyEIGPREPzvE83HACHcwpBEM8gmeobw0eiylJKMWwkIqpzvK+nhWLlY8xVq+oRqO8XbvX8s9WLd61NoS8vMOTFo9W7nxuB1dAITV/YMgOariPR2ALhufDzIzCs5KzVhuViptIQngMR+AAALz+MTMeyafcN7DxCx0aypQ0L7Sp1JAvc2e6z8QxVHO/niSpHKQVN08ZflN76wpQvVImIas9YxePYffjY92P396yIpPlg+Bhz1VzvUakF5w2xx+fA8Zc2NLxvXQqfOG5XdRxKSgjfRaKppSTHM5IpGMkU/NwwpAjnXUVZCmY6Mx4+QgGhU4CZnryeY+jaCOw8Eo3NMKyFTxU/mQfO5wU2svEMVZhRrw9gRDEz9qJUSonjV/L49DMX8GLfCLwgHm8eEhHR4iUtHXeva8GHHlyFLcsbGUDSvPGVYMyFVXzeFtRx1+dqhrpUvNuaTdzVWdqKucSFPiQu9MHqv1LU/kpKmKlMSccAAImmVsjQR+AUSn7suRiJ1KSqS7+QG++CDUQNdfx8FlZDU0l+9sNZIPD9RR+HqFgaAK6uQVR+Y8GjUgrHL+fx4c8exo9PDjF4JCKqM14g8eOTQ/jwZw/j+OX8pPt/omKw8jHmqvnUzREKyTqdt+aKufeheNjRZmHfjYWtGah7LpKnjiL52jGkTh2dcrlMpuCvWg9v41Z4t22DnGYatG6W727SyjTByw5BN615N3NZ9LlTGQjPHf8+dAqwRtd1FL6HZFNryaaFH8kBP+sHSKbYeIYqQ+e78ERlN1bxIqWEUgp//fR5ho5ERHXOCyT++unz+LMntgIAdF1nBSQVheFjzMkqv5Mw7EukDA2WrtX8+llCRdWc7HJdW3a2mdjQZOB0rvjE2BgZQuNPf4D04Zdn3U/3XKROHUXq1FHI5Ldg33E/7DvumzaELAfdtGBlGhEUctBb2iv6oK1bCZipDEI3mtYeODaMRAq6lUCisTRTzMcMB8ChEYXXpQOu/UgVYXJeB1FFjK3vKITA/rPZag+HiIgqYP/ZLIQQMAyDlY9UNIaPMRaXWc+uYGBH1fVrmzL4s8OFOZvP6J6Lph9+a87QcabrNj73FDIvPYvcG94KZ/vehQ53XsxUBqHnQLgOzHTpp3fPeu50dO6xRVAD10ayTBWYR3LAnR0MH6kyTL77TlR2E6sehRDwqrlWEBERVYwXSgghxqseua47FYO/JTHGvI8okjY0/NrGNFKzlN+mj7yMzr/6+IKCx4l0z0XLd76M9i98quh1IedDBj7c4RuQIhzfZlhJiMAr+bnmohsmrAmBp/DcSVOxS+lkHjiXDyAlX5xS+bHykai8Jla6KKV4305EtMSMvfk0hhWQNBc+PY+xak+5JoqTlRkDv7YxPWW77rlo/8Kn0PKdL0MvYXCWuNCHjs/9ORqf+0HJjhu6DtyRQeimBd24WXhuJJIQvgclKr8YqZlqgKYb498Hbvka4BzNahBhOPeORItgahpY90hUfhObDTB8JCJaWiaGjwweqRgMH2OMT+OIJltheni48+b3jc/9AJ1/9XEkLvSV7ZyNzz2FjhJUQYaODT8/AiORnLKmYhRGGhBh5TtCa7o+qfpRBgHCMnXgPpwDPJZ0U5mx6pGossbWfSQioqWD9/00X3yKHmNxWfORKA58z4MUAvc3uOjd9wN0/48/QuNzT5W02nEmRv8V9HzxU9hy7LkFXT90bfh2FlamEcnmtmn30RNJyKDy4SMAmOkG6ObNtRgD14aSpa/CHA6Ao1m+rULlxfUeiSqHVS9EREsT7/9pvthwJsZYIER0UxAEOPPyUfzwM19GaLsVf+ckdFwMf+tb2HauD8df/66iO2KHngMASLf3zNrN2ko3wMsOQXgujAp1257ITGXg50cAAEoIhI4Nq6Gp5OcZDkp+SKJxuqax8pGIiIiIKGb4FD3GuOYjUUQKgevnLuG7//NJeHb5Kx1nM3j4KHq/9CkYI0NF7W8m0zBTmVmDRwDQdAOp1k4EbgGha5diqPNiptIwJnS6DpwClCj9+oytCT7sUPnM0pOKiIiIiIiqhK8CY4q5I9FNSins+6enqj2Mcf6VK+j+uz8vOoAslgwDpFo6IDwXgZ0v6bGLYaYbJn0v/NJ34G5JGnPvRLRADB+JiIiIiOKH4WNMVb7nLVF8CSFw+WT5msoshHJd9H7zyZKtOekXsgjsPJQUSDS1Qvju+JTtSjESyUlrP5YjfOxI8mGHysfUmT4SEREREcUNXwXGFKdcE93Uf+5y1adbT8e7cgXbjj2LxeQdMgxg37gKTdOQaGyGphtRB+pME4JCHkpU9q0IM5ke/1oEfkkbz6xt1NGZ4sMOlYehaTCZPRIRERERxQ5fBcYUm80Q3eTmKz8FuVi5557Dry4PsKVl/v27QtdG4BSQau2AlWmCpt+ckmwkkjCTqYpPvzaSKWDC+pQlq34UIR7o5EMOlQ+nXBMRERERxRNfCcaUZPhIBCBa7/Fa38VqD2NGnu3CO3IEv7E5g8dXF9mlWil42UFohoFkU+ukqc4TmakMhO9CBn4JRzw7TdcnT70uwbRy7+I5XPn0f0fu8IFFH4toJuxyTUREREQUT3yqHlOsfCSKBL6P3MBwtYcxq4vHTgMAHlqWwEe3Nsy6rwx8iMBHsrkdhpWcdV/NMGAkUgj9yk45nxg+ygVOu/avXUZu/7Pof/KvcfkT/wneudM4dOB4qYZINImGaNo1ERFRXNy5rhVv2NqJTILN9oiI5j9PkCpCB6DzhRQtcVJKCN+LXbOZW+UHhmCO/r1uaTbxkc0N+IsThWn31a3EvI5tpjNwhweQyDRNmg5dTrox4aGhyPVn/SsX4Z3vg3uhD96FPgTXr908nm7ANBO4cPYSNCFgmHzoodLjtGsiIirW7z+2EW/f04Njl/P46GcPwfZLu8b2o7u68e/fugHphIGvvXQVf/rNUyU9PhFRreErwBhSAKBFlRwaorxh8tfaNNuI6k8+72Dg1FncOH+l2kOZ1cCFK2i0bv4V3tVp4uyIhu9eXXwJ81gVoggDGPMMLhdKM26+Q2+mMtPu41+5CPfsKXgXzkZh48D1KfvougHDsKDrUZH92TMX0WBpMNkVhIiIiKpMA9DVlMC2lU3Y31faWTa2L1DwBJQChu2gpMcmIqpFDB/jSAHhrIs+znzZpGCSASbVMMdxIITA95/8ZrWHMif3lk7cQghsmD6zqwnCdca/Hut+7V+5CPfMyaiy8XwfwuHBSdfRNA2apkPXdWiaMR443iqbzaO9vbV8gyciIiIqkW0rGrG2M4OzN2wcvTy1CeC2FY3obU/jlfNZ9GdvNun70fEB/Oj4QCWHSkQUawwfY2gxtVIK6uYsyVkPxACT4svzPARBgP3few79Ma96HOMWHKQaoqBO13V8/UrtLtwaeg6C/isILp1Hvr8f7oU+iOzUigBdN6AbBgzdQLF//dlsgeEjERERxdqO3ib82zevx/aVTdAQvXI6cimH//LdMzh8MYd1XRl87K0bsGdNCzQAfijRn/PR1ZTA5569iNdv7cBt3Q2wfYG/f+4SPvX0+fGp3q9eyKK9wUJve/S88cXTw/jYPx4r+dRvIqI4YfgYQ9WOLBhgUjVJKeG6Lg79+GU8VQNVj2PGgkcAGPCBC84sO8dY/thBXPn8pyALeZhmAroeTcG+WdV48/NCZLNTqwaIiIiI4uTDD6/B9pVNGLEDvHI+i92rm7FjZRN+8w1r8FufO4z339+L3atb4PgCr5zP4rbuDHrbUnADibwbou+6g5VtKWQSBvasaR4/rgbg9lXNEFLBDyWSpo6dq5rw6O3d+NK+2njDnYhoIdjtOoaqHT6WgoKCVApCKYRSIZAKvlTwhIIrFByhYIcKhVAiH0jkAolsIDHiSwz70eesr5ANFHKBQj5UKITRdZzRY3giOmYggVBFHcKlqo/bbykLwxD9F67iB/9QO8GjvKUpSyGs3d/Cwae+CVnIQ9N0WFYSppVEIpFGIpGCaSZgGOaCg0cAECHf1SciIqL4emBTOzYta4CUCt862I9//4Vj+NbBfgipcFt3A955xzLsWtUMXQMOnBvB7z15BN94pR+BiF7/jNgh/q8vHcfVYW/a41/Levg3/3AUf/DVk8g6ISxDR0djZdb1JiKqFlY+xlCRzWXrmkIUYGIRFZhRJaU2XlU5bROf8W2swIwLpRS+8l//bso6inGWTCcnfb+20Zhhz4XRdB2QsqTHnI5/9RKCi+dhWSmYpgXTLP0TYcMo7W1DREREVEpNKRNJS4dUgBtEz78GCwFCqZC0dCxvTSFlRW/EDuTn30zG9gSePz2EO9e1wgsl0gk+NyKi+sfwMZaYPpaCQhRkTdow695TMcCsvPPHzmDkxlC1hzEvPWtWTNm2pkHHuUJpAkPNMCClQLmfmuZffn58mvXYZyIiIiK6ydD5DJ+IaL4YPsYQo8f4KEeAOTGUZIA5Da32fuJl63qnbHukR8d//sRXYHV0werogtnZDbN5/o1WZOADSkE3yn93XTh6EMDY+o7lCR8bm2q4DTgRERHVvZwbwgui9RjHKhzbGyyYugYvkBhxAoQieoO5o9ECADCPJCKaHcPHGOK06/pSzgBz7GugfgJMVYN/ABt2bJyyzT95BCPPfG/SNquzG1bXMlhdPbA6uucMJYNCDkpKpFo7yzLuiQqHDyAcvAGgfFOjW1qasH79qrIcm4iIiGi+Ohot/NkTW8e/D4TCP/z0Es4NONi9uhlv3tmF7uYk9q5phqFrOHPdxmd/chG7VzdjeWsKd61rxT/+1h3obk7AMjQEC1zamuElEdU7ho8xVHvRC5VbJQLMSUFmFQPMletXQSoFvQoVkFJKCCmgABi6DqOI6j8hBTbv2T5l+4njfTDNBJSSUEpBKYngRj+CG/3Ascn7Go1NsDp7bgaTXcuAMIBz7TKSK3qR2LKrRD/hzOwjr4x/Xa6qx917ts69ExEREVGZXR3x4I12m85MWHNxxAkxkPfxlz88h3/36Aas68rgke2dUADOXLfxlz88BwD44otX0NuexuqONNZ0ppF3Q0gFhELBC4tbdsf2QnihhGloWN2RLsePSUQUGwwfY4jhI5VD1QPMCZfNpqG5EYl0AqE7/wW8F0oqBT/wEcoQnW0tSCVM9A+NIPBDJK0EtFkG3rWiC6mGqU8Yz5+7DGPaqdJqNIxUkFJCKQlZyMPN5+CePTVpzyDw0P7I29FY5vBR5LLjU6513VhUN+vZbN22vizHJSIiIpqPTz19Hp96+vys+zzxiZdx57pWdDcl0J/zsb9vePyy504N4bk/fwn3b2yHF0rcsbYF77+/F14oMeKEAID3fuLlScf7j19/Df/x66+Nf3/0ch4f+dtDWN6SxMEL2RL+dERE8cPwMY6YPlJMVSrA7F69ApdPnitqTFJKKKiiqhRnur7tu7h3zxa84Z5daEynYZomXN/Dt5/ehxcOnkQmOfO70ctX9ky7/eqV6zNcQ4t+fm1qheFYhaRSMrr1NMC/WNztsBiFQy9DBT6A8jaa2bKF4SMRERHVjomB40SP7enByrYU9vWNQCmFu9e3wjI0DOT9Ga8znf6sh/6sV6rhEhHFFsPHGGL2SPWsmABz5ZbbZg0fAxEiFCGEvLmwjqbpSJoJmPNYrzAQIaBJ/KtfeBO2b1gzKcBMWhbe/aYH0N7ahO/9+BUkrcS0x2jvap+yLQxDDA/nix7HzZ9Bg6YZwGhfa13TEVwof/hoHxtrNKOVLXxcsaIbW7YyfCQiIqLa98j2LtyzoRUffODmWtY5N8TXXr5axVEREcUXw8cYYvhIS13PLE1J/DBAMmli76b12NC7DKtXdKEhncahU2fxrR/ug+N4c06VBqLgsakxhV94889g67rV0+5jmSbe+Lo9uHxtEMdOXZo22AxvOY8QArZtw3HcIn7S2QkRovHOBxZ9nNl4F8/COX0CwNiU6/Kstblj56ayHJeIiIio0j75g7M4erkDG3sa0Npg4bWrBXzv8HW8dHak2kMjIoolho8xVIPNfolKKtPUMONl63q78avveCPSqdSkpjSv27kVO29bi289/SKeO3AcKSs5bViolIIfBmhpzuDD730zetqnVi5OZOgG3vvoQ/h/P/MVFPIedH3yeoiBpiMXqNGGPAqObeMf//6bkHJxf8hChDA7u9Hx9vcs6jhzKbz60vjXul6+h4RdtzN8JCIiovpw9HIeRy/Pf5YLEdFSVZ6uArQozB5pyZvlj+ANr7sdDen0lG7YuqahKZPBux75GXzo3Y/ASuhwfBeBCCGVgpACfhjA9l2sWtGJj/7i2+YMHsdkkkm8++fuh24CQRg1wpFKwQ08rNqzFa7vIVQKrh/gRz98Ed/42g8W/KOPkVKgYefeRR9n1nM4NvKj4aOuG1OC1VJi5SMREREREdHSxMrHGGL4SEudEGLGy7J5Z9brWqaJ2zdtwNqVy/CdZ/bh0MlzyBVsWJaJno4W3H37Ztx7+zYkLWteY9q6bjV+91fejs997SlcvDYAANixcTW2pFMYcV0YugEhBL745DfmddyZSCWRWrexJMeaSf7V/RDZaFF0fR5rZc7Xtu0bsGxZZ9mOT0RERERERPHF8DGGOO2alrrlG9bMeNlPDxzHPbs2z3mMloYG/MLPPYC3P3wPHN9H0rJgmSYSljWlarJYyzo68Nu//BhOn7+CdCqJVcu6kBwcgteQhqPr+N43n0Z2AY1mpqOhPGsvTlQ4uD86l6bDKOOU651F/H8RERERERFRfWL4GEOKtY+0xGWaGxEKMe2ajf0DI7gxnEVna/OcxzF0Aw3pNBrS6dKNLZnCzo3rJm1rv3wV/akUfvLD50tyDqUUlJIw2zpKcrzpOK8dg3v2FIDyVj0CwKbtm+CIaF1MDYCmjX5G9MWt24mIiIiIiKh+MHyMIQ2cek1LWxD4aF3Rify1oSmXSaXgeF4VRjWZUmq8M7QuJDouXEL/6HTsxZIyRGrdxrKGj4VX949/bejlCx+bmhuxcdtt8MR092pTt0UhpDZtIKlNE1QywCQiIiIiIoo3NpwholiRQsB1HKx98H4IOXXtxyAM0NnWUoWRTabdMnXbcj387pvvL8mxhRRouqs0x5pOMHgd+dHwUTdMaFr5Hgq27tiIRDJR9P4KUcAslEKoFAKp4I9+eELBFQqOULBDhUKokA8l8oFELpDIBhIjfvSRDRRygUI+iPazRz+c0WN4IjpmIBUCCYQKEAqQim/+EBERERERlRIrH2OJtY+0NAkh4NgFXHWBn6zYDaPlx2gYGRrvwhyEAfZuX4d0ovgwqxykUtOuG/nI7Zvw6rkrGEhm8KHf/gC+9oVv4l++9dS8jh2KAK2vfwsad99dquFOUTj4ElQQde0uZ9UjAGzdWfn1HhWiytRJG+a8xmTTVWACt1ZdTqy01GbYTkREREREtLQxfIwhTWPTGVp6lFJw7AKGfOAzFzS4VhrGY++D9vefQCIMIKVE2NGBNzxQvlCu2HHO1rDmAx96L0Za2wEAP//et+FG/w0c2Hew6ONLIcre5XpsyrWm69DLHT7uKO/PUi6VDjCj7QwwiYiIiIio/jB8JCohDYCpazDqIDEQCghkZVJwpRTsQgFOqPC/LmlwR2dbi+Wr4PzyRyG+9xWo7l44b34Hvggbv6MuVS2UUVAzdqIebO8aDx7H/Kvf+VX81z/9n3jt2Kk5jy1EiNTGrUit31SSsU6n8Op++NcuA0BZO1wDQO/qFVi7flVZzxFn5Qgwp1vfctYAc8JlRERERERE1cDwMYb4OrE2mZqGjKlBr6P/wEAChbC8AaRSCrZdgB1IfOaChqvu5MvF8lVwPvCvAUR/G6+gEX+LZfigulrWcU0nCENY5sx3m94MXbV/7//4LXzuL5/EC8/un/ZyYDSkymTQ8fb3LHqcs8m/+hKAKNAqe9XjztqseoyTuASYY9chIppobP1jTdOQMDX4ZX7OQERE1ZcwtUn3/0TFYPhIVAIagAZrpnq42mXpGhpNDflQlu0cvudBCoGvXp0aPM7kx1oLOhHg7ao03aWL4fo+UrOsNRmaFtxUZsbL3//hX4JtOzh04Mj01w99tNz1BlgdXYse60y8i+dgH42mgBuGVfYnC9t2VH69R5qqkgHmze3ajJcRUX3RtOhF6J7eDF44W6j2cIiIqMz29GbG7/uJisXwkagELL3+gscxpg7omgZZhoVIlVIIwwD/64LC8cL8bsGvap1IQOHn1GDJx3Urx/OQnKPJzUhrO6Q+e9fo+x++d8bwsRKy2QgOWQAAIABJREFULzwDADAME4ZR3rv/js427LlrZ1nPQZVT6gATmL5xz+TLtNGlLBY1dCIqE03ToJQaraTX8b47O3Dggg1fsPqRiKheJQwN77uzA7quT6p+VGxaQXPgU/oYqtcQq57V01Tr6ZTjjkIKAbtQwD+eLqAwmMUe9zp6wvlVTHxB68KfaauQLeP7KLbrIplIzNpkxkumpqz1OJ2de7bjztftmbJdKQmlFKzu5Ysa62yc0yeQf+mn0DQNhmGV7Txj7r5/L1LpZNnPQ7VDIeoUL0Y/QqkQSAVfKnhCwRUKzuiHHUafGTwSxdPEapex8HHriib8yduX447eJBL1sPg1ERGNSxga7uhN4k/evhxbVzRNCh8BTr+mubHyMY40FFFVQnFSob4sVVPqSddSCNh2AQhDPGz3Y5tmR7/3EhgqCHxfa8Oz6WXwtLnvoo5qGfyf2jp8UF3FHSpXsjH6QQDH89DU0DBr8BhYCVzvWQFV5APuBz/6fnQv78a3v/rP49vC0EfHY+9Fw869ix73TLI//REAwDDLP90aAO6+r3w/Cy0N6fIuSUpEizRW9Ri9qWXAsixs723B73cmEQQBwjCEEILVMET0/7N35/Fx1ve96D+/Z5td+2LJm2TZlvHGEpvNkGBSCgkJJC/CaTlJTm+atkm6HHKaU3L7um3uyXLuuWlOF3JvSNM2NyctaZLSFgIkQAgYs5hgHNt4wRbGljftki1p9plnuX+MZjySZkazb/q8Xy+hmWee5SfLHvF89P39vlTD4u/xiqJAVVXY7XaoqgpZlhM/A+I/D4gyYfhYhfjPtvbEukLX53fOsFDUKdemYcDv90MYOppPn0e7MX+hx2ZVxv2YxW7fJB5VV2PA3rrkOQOQ8C3RjR4RwvusadxoeWHLMzI1TBPeQACqLKPR7c68r6xgtHs1IlpuFX53f/QuGLqB5576BQxTh9LWCc8Nt+Y13mz4jx9C4O23YtOtS9zhGgA2bdmAq7ay2QzlTxYCar2XlBPVgeTwUZlryCZJEqLRKEzThGnGfhYzgCQiqj3xQFGSJEiSBFVVoaoqFEVZFD4SLYXhI1ERWABChgV7nU0zMi0gUMTOlbGKxwCUYBANF0eghNJ3mGmzafi98Dn8HZBVAAkAZ2HHWbECe51deLA9BNfUJGR/AMJMH0RakoSox42g3QZ9bAxaKISGJaodAcCUJFxc0wtdyW8K8z33341QKIwXnn0R9r7SNmaZfX1v2aZbA8ANu1j1SIVx1Nl7KVE9WljtoqoqJEmCLMvQNA2GYQBg8EhEVMvi7/GyLCfe41n1SPlg+FiF+E+3NoUMCxETUMVcAxqxsHlCbbCAubXYgPN+A6ucMpSkHyiGBVh5rAtgzK3xqASDaD5zHmLupiQTp82O3/QP4v+2NWY1BRsAtjYreGCdA5bsgW9FrHO0HAhCCochRSIQugFTU2HabTBtNoQFEAwEAQgYDa3oungOUjCY8RqWEDjXu3HJBjOZhEMhbPvAHRjt7IG37+q8z7MU74F9CJ15B4qqleV/DOwOG65n+EgFUCTBtR6JasTCG8/4zallWYkPIiKqbfGgceFH/DWibDB8JCoi07IQtoDwgkUg3YpUMzfTArHwVJWATY2p3yL8enyqeXYsy0I4FMwpeIzrcDpwm/ccnmvoW3LfnW0qHljnWLTdcDpgOBdvNw0DIb8PpinBMGPfoKmOFVh5bjDtNaKqhvM967Mef2oWgsEATgW0kgaPlqFj9vU9ZZtuDQA33boTrW3NZbkW1SdWPRLVlngAGQ8dgcXVjgwhiYhqz8JgcWF3awaPlAuGj0QlVkvBY7ZcikDIiFV7ZiMUDMKMRNB8YSSn4BEAJCFwg34Zzy2x30fW2PHeFVpO57YsC4ZxJXgEgJDmwExTCxqnLy3af6apBZPtK3K6RirhUBjjIQPnjdzGm6vZ119CdHQEqlq+rtPve/9NZbsW1R9NEmD2SFR7ktf8Sq6ISd5GRES1Kfk9PF7Vzvd1ylWdRSL1gf+O64dWx9MH7bLIaip5JBKBEQ6h+cz5jGs8ZtKoSlgbmUn7+gPrHDkHjwBgWZgXPMZdbm2HKc9vtTu+YmVRgkcACEfCOG/YMGOWrp2v4fNi5pUXICtK2f7nYMeN12ATG81QAept3Vyi5SQ5dCQiovrE93rKFysfiUpIrdPgMU4SAkaGqVSmaSIcDMIzPAYlmF/wCACKJKNd9+Oc1jhvu10W+IOrnFjpzC/Ei0SjKbcbkgy/yw3P7AyiqobJji4EnK68rrFQNBpFMBzGeb2hKOdLZ/b1l4CAH7JS2urKZO/7tZvLdi2qPzZZgA2uieoLb1CJiIgIYPhYlfi/afUjh2UR61IkHIbN64XjcvqqxWwoioIheX5Y12yT8NsbHHkHjwBg6AbS/YvzNzRC1nVMtXUiYrPnfY2FwuEQTkc0jBil6zwdnRzDzMvPQy1Td2sA2LRlA3bedE3Zrkf1RUCw6pGIiIiIqE4xfCQqId0CyrfaXnmZVqzBTjqGriMaDKL9wkjB15qWNIwo7sTzbqeMP7jKWVBjCtM0YRgW0oWPIbsDoRUrYcjFe5s0TQORcBjndGfRzpnK7OsvQZHkslacvO/XuNYj5c8m8xdvRERERET1qs4nhdYmTjurH1HTQqQOyx8tAEHDQqavLBqNomFkLOcGM6l812iBay5o3NqsFBw8ArGqTCtD3GEIuajBIwCEQmFcDAuc10s3FTp84Sz8+1+DJJVuPcmFVFXFe24oXdduqm+yYNUjEREREVE9Y+VjFZKEADLGOlRLTnsNNKoC7Xa55teAtCwgYlqImMi41iMAmP4A7AVOtwaAk4aCY/4o1rcIbHYqeGCdo+BzWpaFSESHmaLZTClFwiEM6jboJazxmt23B3IZp1sDwFXbNqCh0VPWa1L90Gr8fZGIiIiIiDJj+FiFylevRMXiUiTIInXValON3VnrJhBKqmq0EAsdgcyVjskMXYdjcqoo42m/bjM+7TUwEYrig+vcSx+QhUgkAsMsyqmyFg6HcCms47xRnK8hleCptxF++0hZqx4BsOqR8qYIARurHomIiIiI6hrDxyokRGztK9Y+1oZaCxeXokiAWxKYjuSfzpmmCcest+Cx6N0r4PQ4sbOIRXWWZSEcCsM0yxvQhUNhDOo2zJbwut5XXyx78AgAm7dtLPs1qT7Y+Ns2IiIiIqK6V1+pSR2RytgogvLnUur3++RS8n97EP4A5Ei0oOtbsgx9zaqCzpFKNBKBaZb3+6brUYTnplyXiv/IrxA9N1iy82fSvWpFRa5LtU2VBFQuckxEREREVPdY+VilJAEYLH2sekodh8SFzISUitBkRl+7CpaS+1uUaZqwTBO6oQMALNOEaZoABHQ9ts20yl31GMKZqIYxo3RrMfpefaGs3a3j2jtbIcssX6PcCIBNZoiIiIiIlgmGj1VKFkBhdWNUFnV871zIl6b6/AVd23Q5oXd3ZdzH0HVYsGAYJkzDgGnGPs8buIV5z2XDBHQT0SJ3sc7ENE2EwmEM6s6SXcO3/1UYE+MlO38mHZ1tFbku1Ta7LAr6BQcREREREdUOho9VijPRaoNhAfU687qg2kVPYU1VZjrbEZ2ZSWSH2XyWDRNaOAzZMKCGw5AME2ooDAFADYcgzXWYubi6t6xdncLhEEYjwFldK8n5rUgY3pd/UZJzZ6OxuaFi16bapEpsMkNEREREtJwwfKxSElvO1ISgbsGj1udNdEjP/++fZc9ubUMhxKKgPex0QpIEbMFgxmMlw4AaCsMeCMLmD2R1PZ+7AWG7I6t9iyUcCuFcWIFRojJZ7769sPy+kpw7G41NDB8pe5xuTURERES0/DB8rFJ1vJRgXTEsC74o4FQWh2i1yrCAgG7BsPIPH02XC6ZNgxSOzNsuRKyZUvwjFSUUguvshbyvnYm3oSmn/YOBAAzDgKzIUFUVipL7mo0tDiceGBrADl3FKcmBAa0ZI2px2ncbs9Pwvfx8Uc6Vr+aWxopen2oLp1sTERERES0/DB+rlCTA2scaoVsWvFELkhA1vwSkBcC0rIL/3lmWhXBLMxwjYwAAWQhIUvrAsRxMSUbQmdu6iw6nE4GAH97ZGQCAJMmwOxxwOl2QpKW7gct6FF1n3wVkCdfJBq6FD+HwJZwM2nBMbsCArRmTSv5rQXpf3QMUEBIXQ2NTcYJUqn+cbk1EREREtDwxfKxSArEKsUKqz6h8LIDfqyShUBBWgwfu0XHIklQVlbwhhxOWWDowXCgWNMqYnZmGaRoI+H0Ih0JobWvPeJxkGmi9eG5eOCgA2DUN18DCdmsaocAYDlkO7Ld14B17a07jEpcmEHjztZy/nmJrbm2u9BCoBnC6NRERERHR8pX7nTiVTb1M46XlR0R1tI6OQZGrI3gEgKAj/wpDu92O1rZ22Gx2ALG1KpfScvE8tAzrVkpCwGm3Y5fDwmci5/CJmRPYGJrKekz/myuIvhW5BZalsKKro9JDoBrA6dZERERERMsXw8cqxvCRalXz+GTWTWDKJeAsrAO3LMtobGpGe8cKtLS2Zdy3ZegC7Dk0gXHa7bjZbuJ3w4O4e/Y0PEYk4/4brQBuVYP4+ic/VNEAUlFkdKzI/GdBxOnWRERERETLG8PHKsZvDtWqbCoDy0lXVERs2XXgXspSX1vj+Aics9N5ndftcOIuNYDPeE9gS3Ai7b4fQaxC0m3XKhpAdq3srMh1qbYweCQiIiIiWt6Yb1WxKstviLIWXLsGekP1NCKJaMUJHpfivjwFz9RkQedQZBl9ThUfD5zBewIji17fYXmxybpSVeq2a/jS/XfAbdcKum4+uletKPs1qbbYZQGFP8uIiIiIiJY1NpypYrHOwGxiQrXHUmT4Nm+CNjEJ29AI5FAou+NkGaFVK2G4Mq/PKIXDcx8RyP4A5EDmKd6mLGc99nzZfV40jQ4X7XzNHg/u856HbNewX7pS2XivtXhdyM4mD770H34dD/3j00W7fja6VzN8pPQUSbDJDBERERERMXysZixLpVoXaW9DpL0NztffhGxZECIeql9hyTL0Bg+iLc2INjfDUrIJCudXVcr+ALSJSaiXL0MKL14v0ZBKGz7K0ShaRi4W/bwetxvXNZgYnZjCeUcrbremsRLhlPtuX9uF7Wu7cOTc4mrJUlm1urts16Law+CRiIiIiIgAho9VTRJAoxaLIK25Ash4HaQ19x8L1pVtafdJvW3evpbFGksqmWhrM6zx+dORo+vWQu/uKsr5DZcTQdcaBHvWQOjGokpIX1gvynXSaR65CEkv/jVCre1o8nnxYT2Eb6EV91qZp3TfcfXGsoaPrHykdDjdmoiIiIiI4hg+Vrn4vVvK9R9F8h7FudLSgWXqsDNtAJp2H4ady4nR2QElKXw0WpuLFjwuZCnyovUmjRk/UKL8sWFiLKfO1rmQBbDRjCKsmbjXmoQHRsb9b+rvAbC3JGNJhWs+Uioqp1sTEREREVESho80TzzPXHTbKBY9KMaVYqEkqzrrntnYALOxAdLMLEyXE9ENfWW9vpBKs36qLeBHw+R40c8LAJaioGnmcuw6qppyrceF3HatbFOve9aths1W/iY3VN0kIeBg8EhEREREREkYPlJFCZS5qhMpqjHTVHUuDjHTP2dV59IiV22ENDMLo7Wl/Bcv0TekZehCaU4MQLPMvFreb+/pLkv4uOXqTSW/BtUehywgMXskIiIiIqIkDB9p2Ug7hZ1VnWVhKUplgscSaZgYg6xHS3JuIcSixjzVZsv2/koPgaqMQxZQ2SmNiIiIiIgWYPhIVCK1XtWZep/aCTvnEcWddq2GgiWbbg0AcpUHjwCwvn9dpYdAVUSTBGycbk1ERERERCkwfCSqA5Wo6kxfnVl9VZ2yJAEwi3Q2oHFirGjnSkUuYN7q2LS3iCNJbcOmXjQ0ukt+HaoNihBwsLU1ERERERGlwfCRiHKWuTFR6as648+zreqMygLBIoxIMg20jI3C7itdwFdI8OgPR/D6wNkijia1TVs2lPwaVBsEAIciivavnoiI8mAG4J01YGvwQOPyF0REVIUYPhJRVStGVaehCMwWMAbJNNAyNQHP7Az0SKSkU89lkd9dgz8cwUP/+DR8oUiRR7TYBk65pjlORYCzrYkobvjlw/jJ0MKtDtz7QD+6KzGglKZx9KmzeNUXfy6w8qpu3HNNeyUHVZjRQXzp7y9j40dvwee2TuPsgSG8dtSPZy8B2ze14rfv7kMrQ0kiIqogho9EVPdEAWsoSqaB7ovnYAuHYJilXfNSEiLnBtdnxqbw+BvH8Pxb75RmUCms7+8t27WoetllAZWtrYkoydQ5H753Fui3X0m6uld4YCvrKKax59vH8EX3Suz/ZKqfV1EMnvHhe7odn+pWAD2Mx54awKNHfXj0k73QyjrW4oroAM5fxF88H0DvOg03axHsOTiCN30SHn2gtr82IiKqbQwfa4BpXVmtLm3/klTbUrzA20Si7CUHjwBgmMVbNzKVbKdcHz03gn0DZ7Fv4FxZ1nhMdtv7b0JnR0tddGCn/KmSgJ0lj0SUSkMz/ubBLWit2ACi8GYzCaCjFZ97IBZOfuKF/Xj/qxPYM96LOztKO7qS69mKR/6P+BMdO7//S/z++VkMA+ip4LCIiGh5Y/hYAyQBBHQLulmaW/rFt4+pq6/S3WaKFE9yCkkXvJjtsSnXHFy0r8hpjBmvL5bej+pLx9hwIng0SxyqSUJASlP2eGZsCkfOjeDI2REcOTdclqnV6dx11y64MjYXufJaIY2J6r4Dew2ThYCTDWaIKEeRd47hq49N4zkdgCThnlv68Ge7OwFM4blvD+DVjWvxiekL+P1jOu65+0Y8uGkMj31/EN+YBCAp+Ph6DQeGNXz1C1vRY07htR+cwpfO6PAC8DR58Minr0a/ewJPPjyAr00DmB7C9V8ewsc/fAsevC7z2DzNGgAfTl4Edpw5jL95PYB9s2bs3G3N+O6nt6DHDuDiAL72wwk8GYgd19Pdjm//bj9aU27vxpG/fwsPN63FE/evBsxBPPzfh/CDhmY88+AWtM5VaH67Yy3+5b4uTO07hode8OGoGft6H/zoFnx8qwcYP4E//64Xt9zXiclnLuDhaSce+fPrsGP4yjVb3RJsSBEumlMYngbQYK9gGExERMTwsWYoAtBLdO7FN+5W4sa/CCersPIOKGWQm/qFpYPTEgW5KbfnEOQu2p7jOBPbqzzMtYVDcCU1ljFKFP4DseBRlWNT1CI2O8I2O06PTOL7P/oJ3jo7DE2zl+zaubjhxqtxzTWbst6/ZhoTLXiesqpzQWC6nLHBDBFlFAnjwP7Tc2GXgu7ta9GtXcAPHp/GwJouvPDxtcCBI/jkM4N4rLcT9/e0or8b+PNXBzHQ3YSvfMCD3q3AwE/O4Rs+Nx55cDO2+wbx8D9NYKC7ET0AvHsH8cWzEh76retxT/cUHvv2aXz6sdN48VNrcden1iL83XP4RlMnXvhoO2zOpYfsvRwBoGHTKsAz6cDOXe34/EYXtMmL+NIPLuPhV6bw13fI2PPUBJ5sascLX+iHJzCGgYtKLERMud2D3g4Jw2diVYfdZ/04YJfQPx3EyRCwS5vCkXFg184uYPI0/uYFHxqu68P+u1sx/NRBfOTxU+hffx12dDRguzKFP//hEO65rhOPrG3AdlzA934wgSMdnXjio+3AkXfx+3tC87+o0dP43o9H8O1ZDX/2qT54iv19JiIiygHDxxohC4EqTPZogZRBbuoX8jlZhVU+yAVSNJ5Jue/8bUEj97G7FnS0NvNO5DMLexrga21DVNGgq2pi+8v7DuPw4MWC1qsstg/e/d5KDyGtYjQmyv4qS1V1xh6krOBMtS3pebVXdToVARY9ElFGoQAe3RsPwjT8ds9adI9O4bshBQ/t7oNHAnB9O+594RyefGsI9/eshEeTANjx0Ke3YocEAIP49jsmdlzXhR1NGtDUgn7nBCBJAKaw71gIkTVduKdHA9CFu7YP4RsvX8aboT7sarDDJgFQFHiamtKPc3wK3/7hDKBHsO9sBD3rVmJ3B6B19OMeMwDvbARoa8TNDdPYp5sA5Nhxl7zYc3IKd23qRP8mAJhOsx3o6XVCOxzEwDTgORfCQEcD/uTSLIaHASCIA7Djt9crmHpzBs+ZTjzygS4AQPetzbjz4AT2HAxgx80abBqAjk782Yf7Yic+chjfDUl48H0b0N0EYL0DvcnhY+Q0vvGdERzpbsY//VY/+pt4y0dERJXFn0Q1QpFi1VGlCkCIqk2qIBdAXlW5+VQtzjY0oXF6CpJp5l8JvITpFd3wNaeeCDV8caQ0F83T5m0bseU92+HTY38YOS9bkOLFrKt601xsySUWkjYUuzI3c1VnprPnYn7YmT7ITD2FPe22PNfqtMkCGhvMENFSUq35eBGIAECiD40drU5gYDZ5GREpFhrOiZiATUrVotlE2MRcEBnjaVQAhDB1Cci5rbZiw/0f7k10u44cewuff9yLAUVCtwJMhoBYltiE3fd14XM/HsFfPHYCX0tMjU633QNsdOFejOHkeaBtNIRd3WvRi2n85Nw0btcDGGhwob8JgG7O//qbNLQBODvjT/rjSfqz0IEIJNjSTYzQJGhQcP/dW2LnJyIiqjCGjzVCAJBFrPkMEZWerqq4sKYPLr8XWjAA2/Tlop5/Yu06hJ2utK8PXxgGEAuFqoHDaYeePF+56pRvYOVaJzfd9lzWyk0ZpKa6l8eVqdTxeNmyYofG/2SVlMcREWVBQazTcqJvWwThCNDfkLn/cjhlo7e5kC7ptUhIB6CgtSWHMSU1nLliCnv2eDG8fjVeeGAtgNgaknsSx/ThU3/Uh09duoAnf3wBX0tMjU6z3d6E/qYxPHvhNFaOSth+dTt6MYg9o5dxbySC7lVd6AYwpUi4EqoCCOmIAOhudAHwI3dtuP9eBbYVeRxKRERUAryVqCGc6kZUXrqqYqapBT53Q9HOGWhsxlD/lozBo2maGLo4nHheDQGk0+mo9BCqhrXow4JpLf4w0nzoyR9m7COa5iOS4iMc/zCufITSfARTfAT01B/+uY/YcxNBw0TAMBExLShS7BdgRER52ejBvZKOn7wxFHt+bBKPBSTc3teZ5oBmbO8GDpwcxdHpALxvj2HPbPy1VmzrUYDzl/HatA6YU9jzVghoc2F7ciWgniq4zFJERwQ6vCdj152MRAAEcPbIhVgn7ZYu7FqvAKYJbyjddgBoR3+3hAPDl3FkVsPGdUDrShvaRqfw7Diwuy82zbp1gxPbEMCefdMAdEy9NoOfQMP2jWkWrFznwJ3QsedXI4AZwNlDfrwJAObcCvE+HwZHZjE8WaoV44mIiHLDyscaokgCyGPtOqLlrtB1E01ZLso4LnWvQqCxecn9RodHYRoF3DSVgMPF8HE5ine2ZvBIRAWx9+HBj/rw+ccHcf2xQQDAjq2r8fGt6W5FmrD7A63Y/b0pfPrhg9CcGnYmBYvdd/fi66On8cWHf4kIAM1px9cf2DDXVKUZ/askaMdGcP2Xx/DgAzfj4xuzHWgrdu9y47tPjeCWL4/A0+TBQ9s1fPXsNIYh4cjec/iLx88lppDfefMG7G6awZP/lGp77Iz9W1zoecyLJxua8dt2AOvc2OUbwWOmHV9fN/f192zCV997GF/ccwzXv4BYN/D39uHOtnR/PH343M0z+OS+07j+INDf3YTPdUfw7IUxYMdK4J0x/Jf9PuxSZvDXd7DPNRERVZ6wqqGkhrLmjcYqZ4goe5FIFF5vZOkd05AMA93vvJ338f6mZsx0rIApZ/f7noP7D+GRv/zbxHNNs0OknitbNh/9zQ/iNz75kYqOgcpLEgIuBo9EVWFsbAydnemqBGtIvJGL3Q2PPZufiRFEfIDmnsGTDw/g/+teiyfuX33lZd80vLoCT5O7uOMMeeGNyPA0zFUemjogKVdeCxmwOZugaQuOSbU9FxEfvAE9+3P4puGFEx63BkAHTGVuXpuOyGwIWkOR/1yIiGpE3fzcrCOsfKwxigQYRqVHQVRbilH5GPQ0wuGdyem4sNMFb2s7Qm5PTsfF13uMsywrbdOVcuG06+VFAAweiaj4JCc8TWmmEi8QOT+EyaZmdDdoiJwZw55pYNcNC6r43E3I7SdsluweeJKncEtK+teW2p4LzQ1PLsHlvK9fSVpQS2HwSEREVYXhY41RBBCu9CCIaoyiFD5t2tvWnnX4GHK54W9pRTDPtSKT13usFk5Ou15WXKrE4JGIKiiEgTcv4KG3BzE114Rl19bVePDG7IJLIiIiqi4MH2uMIgQErOptOEtUhQqtfASAiN2BqZVr0DxyEVLK7puAt6UNgcYmRO2FBXXDF0bmPa+G1TGcLt7wLRduVWKDMyKqMDu23Xcjnrmv0uMgIiKiYmD4WGOEiDWeiZqVDyOIaokQQKEZXrChEWGXG87ZaaihEIRlIappCLvciDiKE85ZloXhRZWPlf/37vak785N9cOtMHgkIiIiIqLiYvhYg1QJiFZXI1yiqidJAkYRusWbsgxfc+k6R44OjS6qdKyCwkeu+bgMuBUJSmX7GhERERERUR3ibUYNik29JqJcKDWSqqRe77Hy6SPXfKxvDB6JiIiIiKhUeKtRgyQBqBLjR6JcqGppCr11XS/q+RZ2ugaqZc1Hho/1yqUIBo9ERERERFQyvN2oUbxRJMqNqhbe8XqhYDAARVkeq1cwfKxPDkXwl1lERERERFRSjLBqlCoJSEXo4Eu0XEiSgFzEkMXv88FeYFfrbFW68vHzf/oZqKpa0TFQ8dllARuDRyIiIiIiKjGGjzVKAFB5z0iUE1UrTvXj7OwMHE4nRAl+ATA2Op5ia+XCx5vfuxM33vKeil2fSsMhC9hl/hAhIiIiIqLSY/hYwxRWrBDlpBjrPk5PX4bL5YYklebtc3xkcfhYycKYhpe+AAAgAElEQVTHG265rnIXp5JwKQI2Bo9ERERERFQmDB9rmCoBMqdeE2WtkHUfTdPEpalJuN0eyHLx148EgNf2vo7B02dTvFK59PHdgTMVn/ZNxeNRJa7xSEREREREZbU8OiXUMUUCDKPSoyCqDUIAQliwrNzCF13XcfnSFJqbW4reYMbn9eGN1/bj2KHjOHr4WNr9LMsqyTTvpbx18G187D+GYbPby35tKh5JCLgVAeaORERERERUbgwfa5wqCYQNViURZcMwDAAmgOwrF6ORCKanL6OpuQVKkZquRCIRaJoGAPj873yhKOcslfODQxg48S62X7u10kOhPMlCwMNFgomIiIiIqEI47brGKQJQOPWaKCt6NArLyv5tLxwOYXr6Epqamgvu9hwOhzA7M42Z6elE8AgAf/rVh7I6vpJTnw++caRi16bCqBKDRyIiIiIiqiyGj3VA5XeRKCuRiI5Yr/ilhYJBzExPo7GpBWpSWJgrn8+LifFR+LxeaJoNjU1N817v29iHb33/m1mcqXLh4+FfHZ+rGqVaokkCLoXBIxERERERVRZjqzqgyQISqx+JlmRkuURBIODH7OwMmppb5lUp5sNms6O5pQ2tbe2wOxyp97Hb8D+++bWCrlNKo8MT8M54Kz0MyoFdFnAyeCQiIiIioirA8LEOCAAav5NES7KyqHr0+33web1FCR4BQFXVrJrUtHe24/e/8Nm0r1e64/To8HhFr0/Zc8gCdpnBIxERERERVQdGVnVCZQtToixk/nfi83nh9/nQ3FKc4DFX111/LXbetKPs183G8PBYpYdASxCITbO2MXgkIiIiIqIqwvCxTsgitr4XEaWnqum7XHtnZxHw+9HS2gpVLX/wGPf+D+xO80plKx/HRyYren3KTBYCLlXwF1FERERERFR1GD7WEYaPRJnZbKk7Vs9MX0YwGEBrWzsUpbCu1oVa378eO258z6LtFZ51Dacr9XqVVHnxxjJc4pGIiIiIiKoRw8c6okicfk2UiWXO79hsmiampy/DAtDe0QFZTl8ZWU59G9el2FrZ9NHtdlX0+pRavLEM3/qJiIiIiKhaLd0FgWqKKgFRs9KjIKpOpnUlfDRNE7Mz01AUBW5PQwVHtVj/5o2VHsIiTrez0kOgJJIQcMj8hRMREREREVU/Vj7WGU0SkAVvRolSCYWiicd+vw92u6PqgkcAWNO7Bs2tzfO2VbrbtYvTrquGOjfNmsEjERERERHVAoaPdUjjd5VoET0ahWFcCfCcThfsjuoN1Kqp+nHnTddg27WbKz0MAmCTY8EjG1oTEREREVGtYExVhzRJQGL1I9E8kWgUyStNVMv6juls3n7VvOeVrHy852N3VezaFCMAOBUBB1NHIiIiIiKqMQwf65AQgI3fWaJ5dL3SI8jNxqsWVj5WJnxc0dWO9f29Fbk2xchCwKVK0DjNmoiIiIiIahAjqjplkwWUGq9+nI34Kj0Eooppa2/Fiu7OxPNKVT5OTU1jZnqmItemWCW7WxVQavvtnIiIiIiIljF2u65jmlx71V5D3hG8eOqvoOrHE9sU14fw6xv+Exo0dwVHRlR+m7ZswujwWOK5ZVkQefxSwbJMGGas07ckJAghZX2eaCSK1/a+gbs/cmfO16XCOGQBG6dZExERERFRjWPlYx3TpNrqhjrkHcFLJ/7zvOARAHT/0/jJkYcqNCqiyundsHC6c37Vj0JIUGQViqxCCAmmaSAcCSIaDcMwdJimmfHcb7x6MK/rUn4kIeBSJAaPRERERERUFxg+1jlbDYWPL737t5DhT/maap7FM6f+rcwjIqqsdet75j0vxtRrIQRkWYFNc0BRNQBANBpCOByErkdgzlVIJnvnxCDODV4o+Nq0NJsk4FYEVP50JiIiIiKiOsHbmzqnSLUTQMrRNzO+Pjn7eplGQlQdulZ2oW/DusTzYq/7KDAXRNqcsNmckCQ5ZfgIALPT3qJem+ZT5qodHYpAjbxlExERERERZYXh4zJgkwUEqvtudsg7svRO5kTpB0JUgOd++mrRz7n9um1XnpS46YwkyVAULeVrlWl3U/8EALscayrDakciIiIiIqpHvNVZBiQB2ORKjyKzlZ4uGHBm3EdSejK+TlSPNm/fnHhcqY7XACCzHK/oVEnArUqwc21HIiIiIiKqYwwflwmbLCDn0SW3nDTn7Rlf72q6qUwjoXqkKErJr+Gd9ePR7z1V1HP2ru/Bpi39AGJdqyvF6XZV7Nr1RhICTkXApQgwdyQiIiIionpX+rtxqgoCserHgF7pkaR389qP4pUTT6d8LSracXvvXWUeEdUTVZXx3NOv4ujR04tek2UJbrcTbo8Tbrdr7rMDzS2NWLm6M+trnBq4AF2PFnPYAICrtm7CyeMDRap8tGAYBmQ5t7d/lztzZTJlxyYJ2GSu60hERERERMsHw8dlRJMEDBkIG9W5ettKTxcMdWfKxjMed+aqSKKlKIqEtw4NYPDMcE7HudxOrFu/Cv1X9WLnDdugaqnfNo8dOYWZaT8MQ8eeX7yB3b92QzGGDQDYsGk9AMCCBcuyIAqqYo41mYlGw1AUFUJkVwDvcjF8LIQiYqEj13UkIiIiIqLlhuHjMmOXBQwT0Cu4dlwmO9d+AgffnR8+GnDi9r77KjQiqheRSBjhMOBwNKTdJ97p2bJMmKYB0zTh9wVw9PA7OHr4Hex94U3svHErrt2xGa1tTfOO3fP8G5AkGZIk48AvjxUcPvp9fhw9fAzHDh3H20dPXHnBsoAiLKGgqjZE9QgkIS1ZBdm/eT0rH/MUqzoXXNeRiIiIiIiWLYaPy4wAYFcE/FGrKrvXbmzZgIO224DwS4ltLc0PoEFzV3BUVOssy8LwhXFcvuTLuJ8kxTszyZBlNbHdNA0YRhST45fxsydfxs+efBn9V/WiZ91KAMCJ42dw8fw4bLZYQDc5PotXXvoVbr3tPVmPMRgM4/Sp8zh96jzeefsdDBw7nPprgVW03vWqokHXI9D1CBRFBdKc+cP33VmkKy4vqhQLHZk7EhERERHRcsbwcRlSRKwCMlil069vXfdJvHIiFj5GRTs+sGF+1eM7l07h4MUnENXHIQkXNnfdi2tXXFuJoVKN8Pt8eP7ZX+V9fLyiUVXtMAwdhhHBwIlBDJwYTLyuaY7E/rKi4Yl/+QU2b+1bVCGZLOAP4sTxMzj59hmcOH4GAX8QABAOXMp7rLlSFA26HkU0GoGq2ha9vvGqddhx49VlG089UCUBTYp9JiIiIiIiWu4YPi5TNlnAsICIWX0B5EpPF+ye30DI+2P0rfjdea+9OPgsxie+CQCI16UNnN+PgfHd+M3tf1LmkVItsCwLhw4M4OCBd4tyPllWIMsKLMtMNIC5UjEZI4SAotrww3/8Kf7wjz++6By/2n98UeAoSTJUxQYhBGaDMxm/nmJTFBWGkbpRzjsnzhT9evUqtq4jQ0ciIiIiIqJkDB+XMbssoFuAWYXrP97edx8ef+sUxt+YBFbHth0aPZQIHhcJ7cEzp9YtqpIk0nUdP3tycROjQgkhZVx6UVE0nD0zjOd++iruvPsWAMDhX53ASy/sx/mzIwBiQaaq2iHLSqLxi392rOhjzUbyNPOFwqEwbPbFVZEUowgBTY419SIiIiIiIqL5GD4uY5IAHDLg1ys9ksV+8fjP8cqTowCexnt3vxctrS14e+QJyBmOmZx+EgDDR5pvbHQKly9nXuuxVFTVjp//9DW8e+o8pi/NYmpyOjF9W5bVRV2rLdOA3zexxFnL/8uCYCDI8DEFea7SkaEjERERERFRelKlB0CVFW+IUG02b92ceLz/9f2xB9HjGY9RraVCG1qOhi5U7u+FJMlQNQdOv3Mely95YbO5YLO5oCjaouARAHyzY7DmOm6XgmHk95uGSKQKf0NRQbIQcMgCHlUweCQiIiIiIloCKx8J9rn1H6MVXP9xyDuCczNn4FTdaHd2oH9zPxoaGzA7M4s39r2Bbe+7GjICFRsf1a4L58cren1ZVmC3uxPTqtMxjAgCS1Y9FkaSJJimsWiNyqWEw+ESjai2SELAJgGaLIrWcZyIiIiIiKjeMXwkAIBTEfBHAb3M6z/ORnz42clvA6E9iW0nATgafhM33HwDnn/meVw4dwFnRpduFmKoO0s4UqpV1RASLRU8AsDspQvZnq2gcUSjIaiahFzis1Aokvc16wFDRyIiIiIiovxx2jUBiMUZTkVAytRBowSeOv6NecFjXHD2R9A3jySeDw4PZDyPASd2rv1E0cdHtc2yLFzMctp1vlOSiyHgm0QkXJ51KWVZgaGn7mydjh7Nbf96IYvYshQeRcDG4JGIiIiIiCgvDB8pQRKASynfDfah0UOQo+m7EMv6z9HZ3wUA8IbTdwCOSj3Yuf5/YGPLhqKPkWpbJBzG6PDlrPYt5VqLS13XNzua9f6F/n5AlmMF72YOX6+iLK8ieVUScCqxNR3tsij4z5yIiIiIiGg5W153lLQkWQAuRYJPN0t+rXOXjyy5z5rdFsYGgGAwCDQtfl12fggf3Pif0KC5SzBCqnWDZ4az7nRtVaCLNJBPk5nCkzBF0XIMH3NbI7IWSUJAlWKdq6uwBxcREREREVHNYvhIiyhSrALSr1euAU2c23YSQBNMc34YGpU344bez7DakTI6evh01vsu/DtWLsHApYpcN5emM3IdVz4qkoAmxaodmTkSEREREREVX/3eUVJBYtMOgUAJA8gGeydC3sz7yAhgxa5+NLVNAwCioh1bV38e1664tmTjovoQjUbw9rHzWe+vKGoJR5NaJOyr2HTvXNRb5aOAgCbH3ucUJo5EREREREQlxTUfKS1NEnCUcP7hjpW3ICr1LLnfyi1BhEJOTI3fgU/u/D6DR8rK7IwPI8PZVxVKkgLLKm/1o2Hk3kVaVGABwnpZ81ERsfe0BjX2mcEjERERERFR6TF8pIxscukCyAbNjRvW/RdERXvm/RznceR/Xcb0/kBJxkH16Z2TF3LaXwgByyrvUgNmjl2nYyoRPtZu5aOAgCYJuBUJbnWuazVDRyIiIiIiorJh+EhLsskCbrU0f1U2tmzAvVd/Cx3t/zltCBmbet2JS1OVWRuPatPQxclKD2FJkXB2zXCSVaTyUa2tysd44OhUBBq02GeFP+2IiIiIiIgqorbuKKliFAE0qBK8UavoXYEbNDdu770L6L0L71w6hbeGn0codAyqeTaxT8taAyf2zcI0TEgyUwRa2plTwzntb1kWTNPIqRFLISzTyCt8rIRaqHwUiHWrVtg8hoiIiIiIqKowfKSsSQJo0AQCOhA1SzM9dWPLhkQH6yHvCAYm38LZ0Tdgd16GZVm4dOkS2trbSnJtqh/RaASdXc04c3o062MsywTKOO06FJrJ+ZhKVD0C1dvtmoEjERERERFR9avOO0qqWgKASxEIGkDYKG1Qs9LThZWeLhyc7MAj//AIACASzr1BBy0vlmXh/OAwDv3qdE7HmYZeohGlFvDmMy28MvFaNVU+MnAkIiIiIiKqLQwfKS8OOXbTHypxAAnM77SrqmrJr0e1LRgI4F9//ApCwdyDasM0yvammF+n6xIMZAmSJEGWKxs+MnAkIiIiIiKqXQwfKW92WUASQEAvbQAZ8F/pcq1o/CtLme17+QgGc5huXSkudzt8s7mOs/yxm82ulf2akhBQBCALQBYCslSpmk8iIiIiIiIqFJMcKogmCUiqQNiwSrYOZCBwJXxk5SMt5eCBdws4unxrPtqdzTmHj5VY89Fmt5X8GnI8bJTmwkYmjURERERERHWD4SMVTBGAogiEjdg07GLHN8nho6aVvwqLaouQ8u+GbppGEUeSmazk83e5/Kmc3Vb8f3OKEFCkK6FjhfroEBERERERURkwfKSisckCihSrgowUsQpyYnwi8Tg5fHxx8FlcCpxBODKOrqabcHvvnUW7JtWuq69dj9Onhis9jJKoREhncxRW+SjNVTLGKhtjYSMREREREREtHwwfqahkATgVAcUEQgZgWoWHkOcGzwEAWlpbAACzER9+cuQhqObZ2DUBjE/sxz9N/jNu6PszbGzZUPA1qXat7e0q6HjTNCBJ1dPdeb4KVD467FntJ3BlyrSUNH2aWSMREREREdHylv/8RKIMNEnArQjYpMKiB8MwMHRhCADQt6FvUfCYTLUm8MaZv8ZsxFfQNam29V+1ptJDyIoeDVZ6CFmxp2g4IwsBTRJwyAIuRUKDKqFRk+BWBRxz/+4VBo9EREREREQEho9UQpIAHIqASxGQk+aLDnlHMOQdyeoc5wbPwZqrnly3YR1+duKRlMFjnGqexbGxw4UNnGpeV3dLpYewJEOP5HxMJRrOOOw22GUBpyLgUSU0aRI8auy5TRZQpdi/dSIiIiIiIqJUOO2aSk6VYgHFzwdfwcDw30O1Yms4RkU7VrY9gNt770p7bHzKNQDMrBgBwi8teb1x32kAtxQ8bqpdq9a0Y2T4Ul7HmoZelmnX4dBsya9RDG6nHXa2nyYiIiIiIqI8sfKRyuLpU8/gzND/lQgegdg06fGJb+KZU/+W9rgjh44AAJo2tUCP/Kjk46T60NraWOkhZBQJ+xD05xeOlluqaddERERERERE2WL4SCU3HfLh3Ng/pH195vJ38eLgs4u3T8/g2JFjAIAtd0xnfb21zdtzHyTVlf7Na/M+1kLxOrUvZBgRXJ44jcsTp/M8Q/krEJ1OR9mvSURERERERPWD4SOV3KsXXoEMf8Z9xie+iVOX35237bWXX4NlWdj4sQ44pItZXSsqb8a1K67Ne6xUHwrpeG2aZhFHckVXtxOTIycQCeffEKkCSz7C4cyu2zURERERERFRKgwfqeSmQ2NZ7ffGu19FxPBDnetesfeFvWjc2Iw1K7NrIGOoO3Hvtv+W9zipfjidtqqZLrxx02r89//5e7jxxv4inK0CDWccDB+JiIiIiIgof2w4QyW3vvVqHJ5Zer1GxZrAvx39Bj53/Vfw9ol3MTU5Bafmhs93F9q60q/h12DvRH/b1Vjpyb/ajepP96pWnHk3u67qySyrOJWPdruGD33kZvzaXTtj41lTm38/7XZbpYdARERERERENYzhI5Xcjd3X4sBgO5SkZjPpiMh+vHD2FQy8FJuCHRj24T9e/Zto6+yEbgK6BZhW6dbko/qxoX9VTuGjkGKF4MUKHyGAvvWdiacrujoz7JzlKSsw79rhYPhIRERERERE+eO0ayqLHb1/DAPOrPY9efFv8ObR2FTr9et70d21Apok4FQEPKqASxGwSQJSJRbAo5qxtmdFTvsLUdy3w1Awgsd++BJEOIgGVcL6Ve1FPX+5uFzZ/bslIiIiIiIiSoXhI5XFjd3X4kPbvgXJvhtRqSfjvjL8aLo6Fnjcdtuuea8JAKok4FAEGlQBtyLBLguoDCNpgcKazhhFGcOZ02N49pn9gGVCCIGm5oainLecVq/OLcQlIiIiIiIiSsZp11Q2axu78Hs7vrjkfl/6P7+OC28PQJZlvPfWmzLuq0iAktSEw7AEdMuCYQKGBRicor1stbY1ornZjcuXs+suXaopzc8+dxi3774a7e0taG1twvTl2bzOU4kp123tzehc0Vb26xIREREREVH9YOUjVZWJiSm8/fYAAODGG94Dp9OR0/GyAGxJU7QbVQmuuepIRYgK9AqmStrQvyrrfZOnXVsFh9YWdD0CAAgGI3jm2V8BAFpamwo8b3lt3bqh0kMgIiIiIiKiGsfwkarKmwcOJR7ftntXhj2zIwSgSoBdFnCrAo2aBI8qwakI2GUBTYqHkowla50kYt9LTRKwyQIOWeDGGzbldg5JBgBYBU67jkRC8wLMgXeGAABtrc0FnLX8f0evvrq/7NckIiIiIiKi+sJp11RVTp06AwCQZRnbt20uyTVkAcgpprBaEDDnpmqbFhIfhgVY4PTtSpAgIEQsdhMi9tuS+HNJAAICkog9TuXmG/rxzRyuF6t+LHy9R02bX7F7+vQYgsEgOjvzn8JciSVNr77mqvJflIiIiIiIiOoKw0eqKvHwsa+vB7Isl/XaAksHk+ZcEBn7DFhzn688Z0yZipj7byJIRPowMXl7vkKhECRJgs/ng8OhIRiMZHWcLCswjChMy8z/4mn84oWDaOtoKeAM5U0fm1sa0L2yo6zXJCIiIiIiovrD8JGqRjAYxOjoOABg/freea+dmxnB6cunMeJ9F1d37cLWtvKuRXclmIw/S7/n4lDSSjyPvwbMDy+vPK98eBn/6uINTsSC1+JhIZIei3mP54eMEOWOzYCBgfPwegPY/+a7WQePACBJsbfEwtd8XOzfH9+P3/rEzUU/b6ks5/Ueg5FZOLTcOpPncwwREREREdFywPCRqsbJgXcTjzesX5d4/OjR/4WZmacgww8AeHXmR9gj9WD3xi+UPYTMRjyIA7IJK1MdPRdIJgeWiY2FD05ceXjlcwUCwlL613//JU6dGsn5OCEEZFlBKZqkB4MRvHtmooAzlPc7tG378lzvcWBkL2RZwvqOW3M6LqIH8O7Yq9i2+oMlGhkREREREVFtYvhIVSM+5Rq4Uvn4ryceg2/mR1g4AVs1z2Lvyf8dq3Z8H012dxlHWR4pA8F6SgdLbFP/qjTho5VU1SgS1Z3JFMWGSDhQknEdPHg272PLvebjtdcuv/UeR6YH8Mrph/E7t/x7zsc2Olfg5f0Po6NxPTobNpZgdMVXigpfIioNy7Lq6t9sqp+/REREVL/Y7ZqqxsjIGADA4XCgq6sT52ZGMDn13bT7y/Dj6VP/Wq7hUQ1xu+yJx4ahQ4+GEZ370PUIdD2CSCQA01y8tqMkyZAVtSTjunTZj+bWrpKcu5gaGt1Yvab6x1k0voMIRmbx0sm/ho4Awrovr9PIisDPjnwZwcgs4DtY5EEWRzzAqKcQg4hqD9+LiIiIlhdWPlLV8Hlj06q7umJNLp468Y0l/4JO+4+UeFRUi3p6VyQey7ICyLm91amqfemd8mR3tgBTuU8JL2fp65Yt68t2rYqKjABaF+A7iEPetzCjxypTp/xn0N24PadTeUOxX56EMYXnj38D93StBdzXXblGhWR7Y88AgKj6GYYBSarduoF01Y4L339YFUlERIUwTZM/S6pQ7f4fDNUdry9WbeRyOvHL4UNQ9LcrPCKqVZ2dTZUeQlqmpUCz5b5UQDl/fm7bXhvThgtmeIELX4U/OISDF3+Y2Dww9nzOpxq8tC/x+KJ3P8b9o8DoP8TCxzJLVVGUvC3VBxFVN4fDAZ/Pl7Jiv1Zk+z7E9yYiIsqXaZrw+XxwOByVHgotwMpHqhrxykeny4kD5/8pq7+cLtu6pXeiZWdFZ0tRzvOhu3fgllu24ctf+UFOXbOX4nS3IRLOdWpv+dLH667bUrZrVZRjI7D6z/H8m38ERb3yu7izl15HWPfBpmQXEod1H44OP5F4LkkCz48ex8d3/VnRh7yUhTfrqW7es91GRNXD5XLB6/ViYmKiZv+9pqpCiW9L/poW7sfqFSIiypYQAg6HAx6Pp9JDoQUYPlLZPH3qGQzPHgUAdDdux4fW3zXvda8vFj7Ka+Wsqh4NOHH7uvuKP1CqCy0tbly6lN/afXHnz0+gZ20HPviBHfi3f79S2WaaRuIjdsNkQZZVKIqW1XltjkbIigZDL16gWSwutwM9vSsrPYyymfYP46JvYF74GNZ9eOnUX+HOq76U1TmODj+RmHYdN2NcwuDYm+jt3FnU8WaysHJoqcepnhNR9XK73XC7a7/JXqZwMZvHREREVHsYPlJZ/N2Br8MM7Uk8vxh8Ef/P+BP45HX/E012NyzLgt8fCx+ttqElz2fAifdt+jrWNi6jphiUk9YWT8HhYzAYBgDc/7Fb8dLeo5ia8gKINaWRpIU92HPjdLfDO7303/W4ct14LZv1HucMjv9qXvCY2D61D4NT+9DbenPG44dnjuDA+UcXbZckgaHpoyUPHzOFifHH6T6nO8dS1yAiSmepn1VCiEVVjpZlpQwk4/ulOoaIiIhqC8NHKrnvHfp/5wWPcap5Fj888hf43PVfgWEYAABntxsu9c2054pKPXA7tuL2dfcxeKSM1qxtx6l3R2CaOiQpv7e6QNJU6/vvuwV/+3fPFGt4cDib4ZsdhWUaRTtnMWzc2FPpIZSVQ/PAslKvqfnSqb9Cm6sPHntnymPDug97Tv1l2nNrirNYw8xKqjXTMj1OdQwRUSlkqmjMFEACSPkaERER1RaGj1RSvxw+hLD/6bSvi8h+vHD2Fby/51YAQM9tsS7DurIZANDk2g674sKqxvXY1LIBTfban25E5eF02AAUFqgMDV1KPL7ttu146eWjOHnyYsFjAwAhybA7GhH0X1p65zJq7yjOepm1YtPK2+CPTmAmfA5Dl9+CX59IvBbWfXjuxFfwsWu/lfLYPaf+ctF0a0U40d24DV2N23Ht6vItC5GqujFVM4dUz1Odh4ioWNKFivHgMd3z5P0ZQBIREdU2ho9UUu9OvbXkPieG/g7v77kVmqbh7X+eRPevPYA//MxvlWF0VM96e2LVarKsQtcjWa/HmMmf/NeP4b99+VFcuDBZ8LmAWOOZbMPHct10dXa2leU61eQ9PfcnHp+fPIjXznwHM5FzAIBJ/2kcOP8odqz5xLxjBqf24ezU64nnTrkNt234Y6xpu648g0b6wBFAoiOuaZoZO8tmqoRMdS0ionTS/ZxKVemY/HjhhyRJsCwLkiTNOy4eQDKIJCIiqj0MH6mkAuGxJfdRrAk8feoZqKqKSCSCaCRahpFRvXO57InHxbpJcTltePCPPoz/+tD3inI+RXVUXeOZjs7WSg+hota0XYc1bd/Bz499Hacv74EQwIHzj6Kn9Sa0ufoAXGlIE9ft3ok7Nv8JHFpD2ca5VPAYf57p8cLj0lVDEhHlKzlojH+OP5YkaV7guDCYNE0zEUTGtzGAJDMDr4kAACAASURBVCIiqk0MH6mk+tpuxqmLi9d7XOjs+D/DprXD7wcikeoJYrI1MPY8IoYf27o/Uumh0Byn05Z4HKt+DENRbBmOSO3UqYvYsGFV4vmRo4NFGV+czd6IgG9i6R1Rnpus9vblNe06nV/f+kX87LCJc969EALYd+Y7uGfbXwCIPQ7rsWZG65p249e3frGsY8sUDsYDxuTP8Y+F29NNwWb4SETFki58TA4cJUlKBI3xaseF21NhAElERFQ7GD5SSb2/51acGN0MRX87436KNYG2Wzbg0lPTNRU+hnUfnjr6RUz6TwMALFjY3v3RCo+KAKCvr3vecyFS37wsJRAIz3s+MJB9h+ps2BwNWYaPpdfQ4IKq8sdC3Aev+VP87DBw3rcXwzNHMDxzBB5bJwbGnwcAdLl2lD14TLaw6jFd8GgYxrwQMl0AyeYzRFRMqaZbpwoe4x/J7zvJwWNyAMmqRyIiotrEu0wquU9c8xU8evhLSwaQnb0DeAc2RKJ6mUaWnUn/aRwdfiLRWKK39eZEheO+M99JBI8AENH9FRkjLbawUkKW1aKc99Ilb1HOE6fZsmuiVI4brda25pJfo9Z88Jo/xWNvjmMqfAIHzj8Kjy22lmiDshY3rPoshoaGMD09ndh/5cqVaGpqKtv40q3hmBw6pvucrgIyfp6F1yEiyiRdY5n441TBoyzLic8Lq6/jgWQ8cEx3HSIiIqp+DB+p5JrsbvzhjX+FczMjeHP4VYx7j8KKHIOMwLz9bGIKbdduh/dyccOdQsQrG+NTLAFgeOYINNmF7sbtiQqoVI4MP44p/xls6/5IYq04Kp/4mnZFV4KbHs3mRiTsW3rHEuvqaq/0EKrSh67+Mv7lwO9jeOYInKEt8PjvgM3owd5zry3a99ixY7j++uvR29tbkrFk6lK9sLoxHjQu/MgUQMbPxbCRiAqVqrnMwuDRNM1E8CjL8rxjk8WPi+Paj0RERLWF4SOVzdrGLqxtvB9ArLPsdMiHk5dOYdI/iunQGIaGRuBZOYuh40s3qSmXs1Ovzwse4wbGfz6v4hEANMWF/o474A2N4bkTX0m8fnbqdXzsmm/BY+8sy5gpJhwOL71THrZsXotTp0aKes5qCR/XrVu19E7LkENrwFbP72Bg4DRkI1apqiN9hfbx48dLFj4ulKqL9cLQUdd1jH7nW5jd+yKsUKgs4yIiypaw29Hwvtux4jN/sPi1uYAx+ZciDBuJiIhqD8NHqpgmuxs3dl+beP6j44/jzaefAgD4fH643a5KDS2hu3F72teGZ47Me97bcjOGZ4/Ma0YBxKonveExho9lFAgE8MorR5beMQ/vv/0aPPGTXxb1nIpqz/h6uW60+tavLct1qlk0GsX0dGzt2enpaYyPj2N8fBwAICO7KfJ+vx/Hjh3D1q1bSzLGdJ2uk8PH5MrH0e98CzPP/awkYyEiKpQVCiXeo7o++4eLpmgnv7+x4zUREVFtYvhIVaOjoy3xeHx8cl746Pf7EQgE0NTUBFUtztp92fDYO7Gt+yM4OvzEotem/GfmPR8Yfz7lNGxNcaHVta5kY6T5AoEAnvv5Afz4X14vyfnb2xtxy67NePW1zGuY5kJRHUU7VyH6+lZXeggV89Of/hQ+X/GqT48fP46Ojg50dHQU7ZypLFynMXkqdbzycXbviyUdAxFRMczufREdv/u5ecGjaZopp1sTERFRbWH4SFWjPSl8HB0dh66HMT4+jqGh+d2Fb7nlFqxcubJs49q17rOI6P6M6ztmPL73s7Ap2VVMUWGi0Sie/8XBogaPqcLu3/gP7y1q+CgrGoQkwzKNNHuU/kbL4bSjo7O15NepVk6ns6jhIwDs378fd955Z9F+YZKuCUy6ysd4+Mip1kRUC6xQCIZhzAseM1U+Jo5jIElERFT1pKV3ISqPzo52tLe3YOeOrbhw4QwOHTq0KHgEgDfeeAPRaLSsY9u98Qu486ovQVNi1ZhT/sGsjtvW/RH0d95RyqFRkmPHz+CHP1rcBKQQmzevWbStvb0RN93UX9TrqBWufly7pqui1680l6v4yzz4/X4cOnSo6OcF0gePqQJIIqJaEW+GldwIa+EHsPiXMURERFTdGD5SVYitkXYEt71vJ3p6Mlc1RqNRvPjii2UPIHtbb8b91zyCVte6lE1okmmKC3de9SXsWvfZMo2OTNPEv/7blYpHyzIRDM4iGg3DTFtRmNlVm9JPQ962pSevc6YTjQbTvlaOio61Pd0lv0Y127BhA0IlqBAcHBxMrBlZiKVutBeGjsmPiYhqRar3sOTQMR2GkURERNWN4SNV3ODg/9/efcfHcdf5H3/NzFaterdkW7bl3uTuOHYU4yQEJ04jCSGQg8DBcbk7+N0BCUkIIRztfuS44zgCFw740dNMOVI4hzQ7dopL7MS9SbZVrd5Wqy0z8/tjtetdaXe16pL9eT4e69md+c53vmNZY81b3/l+K9m2bRuNjY1J79PW1jYuAWSao4Abl3yHNHv8cdxm5Kzj9mU/ZGbO5WPYMqHrOqdPX5gpXVFUHI40wMTrdeP1dqPrfiC5G5Tbbl3PVx/+SNztS5aM3GzGAb8nwSPXY6O0tH8Pz0tJVlYWNpttVOrevXv3qNQbEutx7MibdyGEmCwir13xhpoQQgghxOQjYz6KcRN6JDHWo9XJCAWQmzZtGtNJaOyWVG5c8iid3vP9ttksLnJdpWPWFnFBrH8DiqJgtTqwWGz4/V58Pg8KCharDU2zoiixf/8yu7SA227dkPB4eXkZZGe5aGl1D7vtiXo9jpXS2Zd2+AiwbNkytm/fTlZW1ojW63a7qaysZObM4QfW8W6+Ez16LYQQk0WiR65jkfEehRBCiMlBwkcxptxuN42NjRw/fpy2trZh1zdeAWSao4A0R8GYHU8k52//ZjP/9eM/91uvKCo2mxPTtBMI+AkEfPj9XiyWYAipqlpU+VOn+wfLffn9/hEJHgGMQOIevGNxYyXhIyxYsACPx8POnTuxWCw4nU5sNhsWy/D/q6ypqRmR8DFS3xvyROOjCSHEZDDQdSxy4hkhhBBCTB4SPopR5ff7aWhoCL9GInDsa7wCSDHxbNy4FEVV+MFjf0TT+j9CqygqVqsdq9WOrvvR9QBerxubzYmmRf/bqalppLg4L+6xzpwZOKCcLFwuJw6HfbybMSGsWLGCFStWUF1dzcmTJ8PXLY/Hg6qq4Ueznc7gBEGR6+IxDGPEZ9LuezMea7uEj0KIySbRtavvdU8CSCGEEGLykPBRjKo333yTurq6UT9OW1sb+/fvZ82aNaN+LDGxXb5uPl97+ASu1DxSUnNR+vRqDNE0a2/gGHuW6YrKuoThY3e3dySam6TRvcHKzEwb1fono6lTpzJ16tSodU1NTXR0dNDd3R0eo7a+vh6v98K/hZaWFgKBQLi3pNPpJDMzk7Vr145Ju6XnoxBiMpNrmBBCCHFxkvBRjKo5c+ZQVVU1Io8tDqSyspLi4mKKixPPli3GTyik8fv94bHoLBYLmhYMCO32ofe+MwyDnp4eXnvtbSyahe6uBro66nG6srE70rE7MwZV37lziSdAUtSRCwQtVkfC7SYGKCqYozN+X2ZW+qjUe7HJzc0lNzd3vJsRUzI9hYQQYqJL1JNbCCGEEJOXhI9iVE2ZMgVd18ckfATYv3+/hI8TiN/vx+124/d2EWg9iNp9Aq37JIq3FrQUTNWJr3dpak701OVY8tbhdDqx2+0JH6P3eDx4PB78fj+qqvL2W+/yzr5jHNh/DFXVUFUN0zTw9XTgcbegqBoOZwaOlCxs9tQB2z7QRB1Ll8wa9N9HPImCUacrG0dKNgHdh9/TjmmM/AzvWVmDC2bFxBV5ky4360KIySjyGibXMSGEEOLiIOGjGHVlZWUcOnRoTALIzs5OOjo6SE+Xnlzjye/301K9D6XpVSztu7B1n8BmJPmY8gnwpS2nO205ZKzCmn85drsdm82Grut4PB6qqup4fcc+3th5gKam+OOIKoqKxWLDYrFhGDre3iDSZk8lJTU3Yein6wP3bJw3t4jjJ2qTO68B2Oyp+LxdUZ/TMouwWHsfC/epKCkafk8Lhj6yAWRmljx2PVklmgE20faRYs8vIHfDFdiyo3uE+lqaaNr5Ot6Gi2dsVCHE6Bvo2iVhpBBCCDE5SfgoRl1ZWRn79u0b1fDR5/Ph8Xiw2WwSPI4zv99Py7EncZx+aMh1aJ370Tr3Q+3P4KjKMc8aurR5HK7J4p1DzVSdqx90naHekFis6LqP9pazoKhYrc5wT8hQ+HfDjeu5++NXD1jnJz5xLQ899HMC+sjdDGkWG2kZRf2CUZvNic8HOLPxe1oxdN+IHTMjXcLHi8FY3pTnbiin6JbbyN1QHrfMvC9B084d1P5hK007d4xZ24QQFxcJHIUQQojJT8JHMSY2b97MU089RUFBAaqqDnp/wzDw+YJhi8fjAaCnpwfDMDBNk7y8PJYsWcLy5ctHtN1i8DqrXhpW8Lj9WBFHarJo6HTS2OGgsTM0IUxt72u4FDTNgqZZMAwdXffS7e4JTumiKCgo2G2Jx2AMmVGSz7o1hTz/wm7sjnRs9tS4E9wMRNUspGdNw+nKjlvmQgCZNaIBZFa2PHZ9MRqtG/Yl3/k38q7clFTZ3A3l5G4op3H7Kxy87/Oj0h4hxMVFwkYhhBDi4iPhoxgTU6ZM4cYbb2Tbtm243e6kekEGAgH8/uDjpcXFxSiKQn5+Pna7nYyMDDIzMykqKsLhSC4oEmND6TyKYk3H9HcMet8fvbyI144VjUKrYlNVDZX+YeFgbnxsNnt4XEkAS29PSovNgabZkhpfEiAjuyTJ4znx+5VgANnTjhHoSbqt8WTJhDMiSeufexF7Xv6g98u7chPrn3uRXVvePwqtEkIIIYQQQkxkEj6KMTNr1izuueceACoqKhKWlVBx8rJ7DmE4C9EHGT6OdfCYSENDy4BlPB5PxIzdwXElTdPAMHR6PK2YbgOzd3ZqzWILB5GKqmGxOlBV7cJ4joNk7d0fIOBV0f3dQ6oHwOGwU1g4MWdwFhPL2id+N6TgMcSel8/aJ37H23feOoKtEkIIIYQQQkx0Ej6KcTFr1sjNFCwmFkNLRXEWobjPYerJ9crbU5E/YYJHgKam1rjbAoEAO1/fw7b/3dVb9sKEN4qiomnRfSkNQ8c0zeDj3V0ewIyaSVtRNTTNRk7B3EG1UdOs2GyhOiwEvIPvaQpwx53XUTp7+pD2FZeOxd96FNes0mHX45pVyuJvPcqhB+8dgVZNXOkLF+Esnkbbu/sv+kl3tBQX2WvXEejsoHXv7vFuTlKyVq3BkpZOy9tvone7E5adjOcnhBBCCDHRSPgohBhRqj0P9C5U1wz0jmNJ7fOLnYML3sbTq6+8xXcf/XnS5dXIMSD7POFtGDoApqkT8HsG3RNS06zY7So+FBTVgt8zcI/NSPMXzOLOj1w/qH3EpSd3Qzn5V13Tb7274jTHH/020++8i9zyjVHbmna8xrknfs28ex/oF1rmX3UNuRvKBz0JTfGtH6LoxptR+gzb0XHoIMe+/fVB1TXaim65jcIPXM/Zn/+Uyp8+Pt7NGVXpCxcx9wv34e9oZ/dHbo/aNuWGmym+5Vaadu7gzM/+O6n6hrLPYM24+69JW7CI49/5Jue3/Zm5X7yf1DlzOfuLn9H8xs6osonOTwghhBBCJGfwM38IIUQCtuLNAKgpxajOwgHLH6nJiphUZmLz+Xy88vJbI1ZfaAZuTbOgB7xDrsNmTwk+1p2Sg6Ikf1n/6F/dMKRjiktL0S239VvnrjjNoQfvo+2dvRz+yv20vbM3vC1y3aEH78NdcTqpOgdiz8nFNbMUZ1Fx1MuWk9ywAat/+QTrn3uRrFVrBn3sIVEUFG1oE1BNRrEm20qdPYe0BYtIX7go6XqGss9QKKoSbnP6oiWkL1hEaunsBOUvna+lEEIIIcRIk56PQogRZclZhd6+Cb3hFbSMRSi2HIzuakx/e8zyJbmd4ceQVVWB4LzT46unnqbK17HllGG327Hb7Xg8Hh79zk/Z/05yvTkHK+Dvxu7MHNK+qqphd7jw+TyQkk2gp2PAmbBv+eDVrF69ZEjHE5cOx5QicjeU91t//NFv464Mhop6Tw+Hvvwlyr73GACHvvwl9J7gkAvuymDvyBU/+knU/rkbynFMKaKnbnAz2Jt6gKonfkPFj3846HNRbfZB7yOG5+S/P8rJf3901PcZrr2f+OiYHk8IIYQQ4lIj4aMQYsTZZ92F356Nr+Z5VGchqrMQ0/Bj+tsx/R3Bl68VTAOXPcA/vv9dnnp7GueaUsJ1qGqoB5+C0vteVVRAidg2OqpqO7G+exeGlkpn2kpqLMv4zTYfb7x1atSOqQcSh4UDURQVmy0Fn09BcWTi93bEnQl70eLZfOaeDw/reOLSECt4BJh+5110HjkUDhl9Lc3hcRx9Lc1RZafedkfcuqufeXLE2jr/y18lb+Mm3JUVpC9cjGqx0LL7LQ7e/0VW/exXuGYGxxpe/tiPad3zNu/d93kWPPQIueUbUa1WAl1dVD3xayp/8l/Mf+BhcjeU0/zmTvLedzVGTw/H/uUbFG6+PmZ5gPkPfIXC67agWm3oPZ647Vz+g8dJmTkLRdOwZWVjeL2c+80vqXj8MUr+6m6Kb7sDe14+iqZheL1U/+5pTv3Hd8m5fANz/vGLpEwvAUUh4HZz7tc/p/HVl1nw0COkL1oCioLh81L3/LOkzVuALSuLQw/ei5biYuEj30BLcXHy3/4vdc/9idW/fAJLahoH7/s8RTfdwpQbbkJzpmDqOs1v7uLwVx4gbe48Fjz8z3hqarCkOElftIS6F56j4aVt4bYYfh8oKoGurn7nuvbJ35MyvYS65//EsW9+jZmf+lum3XkXltRUME08NdUc++bXaI3oOdt3n3hf16qnnmD+g1/B19jIO3/3afRuN7P+5u+Y9pG7qP/z8zinTid90WIsKcH/V9yVFRz95tfoOPReVBsLN29h3n0PYPj9nPrP71H37B+j/q4TnZ8QQgghhEiO9sgjjzwy3o0QQlx8tPQ5WLJXYPi7MXrOoyigWFJQbVnBQNI1A8Weg2JxMT23h81LzrFx4Xmm5Xpw2nScVp3GDhumaWIaBqYRnEnaMALouh/DCIQ/m5gYpoFhGoAS3Mc0AVCUwfek9Osqt6+pYPvRXH79koNnXmzj9Nm2gXccBtM0sDnSh/Von6IoWCzW4HvViqKoGIY/qozTaednv/j2sNoqxl/o33fo37ppBicyCr10XQ+/up/9w5CPk3P5BrJWruq3PqVkBplly2h+cxe6Jxi0BTo6CHRET3y0+FuPxhwvEsBTW9NvfL1EslauJqNsOYoC2WsuI2/jJjKXr6SntgZ/ezu55RvJXLoMTJO65/6EarOROmce3vpaGre/SvrCxZgBP6f/6wc0vvoyeRuvouimW2ja8SoH7/1HMpetIHvtZbgrKzADfnLWX0Hq3Pm0v3eA5jd3YklNi1s+f9PVTL39TrqOHePsL36GLScPe24e7e8eoHXfnqjzmHLdDbhKZ9O2bzfVW58ifcEiXKWzaT90ENVqxZqeQe3//J7mXa8Ht82cRefRI0y7405S586n8vHHqPjRf6J3d9O2dw+FW24kZ305NX/YytF/fphAZycdhw9iy8klbe48Oo8dw56XR8669SiaSk99PZgmUzbfgKemCm99PSUf/yQ95+s5eP8X0FJSyF1/BarVSt2zf6Tg6mvJWrESU9dpen07zW/uZOYnPo2jcApVT/6ajkMHSZ+/gIDbTc3Wp6LOVVFVMpeWYXi9dJ+ppPSez6L3eHj3n/6B1n178DU10fDKS5h+f8x96l94Lu7Xtf3APuy5ebhmleKprsJ9+hTT7vwotuwcqn77K+x5+XSdOEb1009gmgaZy1agYNK0cwdTrrsBe34+zbt20rpvD7bcPNLmzqe7soKOo0dY+PDXkzo/MfJSbrwFTdOwWCxomoamaaiqGl4qihJehv5/77sUQgghxMQjPR+FEKNGdU7BMfdvMLpO46t+AaNtf3iboigotgywZYArONvy1Owuiqe1s9nfjumvxgx0U9/u4Hybg4oGF11eK5WNLrq9Gk2ddpo6e6d7jpg9Wic6bBuqZ3aXsnXP2M7Krge8qJp12PVYrQ5U1YIfBVWzcdnqWezYvofS0mn82388MAItFQIyV6yi7HuPcejBe/FUV/Xbnih4BHAUFAz6mIqqkr6kDHona/I2NtL46st0nzsLgN7tpuLxH1L/5+eY/+Wv4iqdg7NoKnXP/YnZn/0nTMPAffoUrXt3U/KxT4Ch07xrJ56aajqPHyVt7jzSFyzCU1sDpkH7ewc48Ll7AFj2/R/FLZ9RFgzHzv/lf6n5/TOkLVhI2vwFcc/D19xE1ZO/pXXvbjKWLiN3QznpCxZS/cyTNG5/ley169AcDjw11TiKisKT7Kg2G9mXXU7X6VOc/uH3Aci76hoUTSNz6TLa3ztA5X8He2K6ZsxCKd8Ybofu6cYMBLDnF5BSMgMtxYm7soKsVavRHE6admyn/d0D2HPzyF67jsxlKwAwvD3onm4qf/rjYBh57Wac06bjrjjN6R/+J1mr1lB43ZaY5+muOB3uHRtiy8piynVbqH7mSc5v+3NS+8T7unYcPUJG2XIyli6j8+gRXDNL8VRV0fT6dppe3076wkWklMzEfeoUOevWQ4xe896G83jr6zD1AAC5V5QnfX5CCCGEECI5Ej4KIUadmlqKY/5nMdxV6K378LcexvScQ+nTK0+xpqJYU4FiAEwjQHFWO0X+dpbNbcf0nQczELVPV4+F0+dTw+8rGoPvu70alY2u4HufFvVI90AcNn3Mg0eAFKeCYrHi8w0/QNU0C6rDhc/Xw4MPfYYHH/rMCLRQiD56e2CO2eEC/iGP+diXoqrhx5EXPvINAAxfn+EPIn6xkai8oqpgGkN6NFf3dKNYLNiysplyw82U3vMPWDOzMLw9KBYr/vZgr+uq3/4ae24+mStWkbVyNR2HD3L0G49Qs/UpUqZNJ3PFKhZ97VvM/OvPcPJ7/0rniWMEut2kTAv+csff0Y6/rY2U6dPR3cF2dh47SsbSMlCU8Ln629sxvF4saWkXGmmamIFA77lqKKqC4Y09rEM8HUcOU/30E0y/6+MUf/B2ptxwE/UvPDesmcrb9u9jypYbyViylO4zldiys2l+6w20FBeLvv5tci67HCMQANNEcziSqnOo5yeEEEIIIeKT8FEIMWZU1zRU1zSsU2/G9LWgN+1Bbz+E3l0NMSakUVQLij0H7DnhdWagC9PXiuFrw/S1kurwU1Zy4ZHo9fOa4h4/1IuyvsNBQ3vwRtQ0TY7UZOBy6MzIdZNq9+N0qPy/HfNH8MyTE/D3ULZkGucb2mhoaEPXjYF3SkBRVOz2FA4erGTJkpkj1Eohglr37ubwV+7H19ISc/uhB+9N2Pux5/z50WzegEzDQPd0c+K736Hu2T9GbSvc3L+nW6Lyy3/w+JDbYcvKwgz48dTVUnDNtag2G8e++Qh1zz8bHB9yRvB7t/Wdvey5+yNkrVjFjE//LZnLVjDjk5/m8Fce4MDn7sE1cxYzP30PeVe+j5KPf5J3/+mz+FtbcRQUAtBddRZfczPZ69bjKp2Dv70d9+mTZCxeEgyRe3sFak4nisVCoLNzyOcUz7nf/opzv/0Vxbd9iJK77qbg2s10njxOzdanh1Rf8xs78VRX45w2jayVqzECAdre2UvuFeVkLltBy+63OPTlL5F35fuYd5/0+hZCCCGEGC8SPgohxoViy8ZSdC2WomsBMP2d6B1HMTpPYbjPYnjqINC/F5FiSUWxpKKmTAvuF3Bj9gaRhq8VjPgTtxRm9FCY0UPZAG17ZnfpkM9rOFpbWtA0laIp2RTkZ1Jb10JDw/DHmjSM4YWY4tLla4kd5jduf5XDDz+A0ZO4d1iiANJ9+uTgG6QoWDMzo8JBvaeHlrffTG53VUVzOgHoPH6MzOUryV57GQ0v/4XcK8pJX7CIih//KOa+icq7z54hc8UqctZvwNvYQMai3pnk40yOZXG5yCxbjpaSQvqCxfiam4N/H9dcC4qK6nBSdOMt4YlpNKeTGXd/Cn9XBzVbnyZz314yFi9BczqZevuH0ZxOqrc+TfOuHWSvWYvmdKJ3u/HUVJG5bCWmadC963X8rS1oDgcp06bTdfI4HUcOk7ZwEQX6ZrJWrcGeX0DO+iuwpqXTeOpEzLZ3n63E396Oa2Ypee+7mowlS7FmZKC73WgpLvRud8z9UqaXUPzB22na8Rr1LzxP7vpyslauxuJMvld6LO0H3yV1zhwylpbRU1dLw8t/oeDazcG/fpsNW1YWeRs3oTqcaL3HMg0DFAXV3n8G9KGenxBCCCGEiE/CRyHEhKBY07DkrIGcNQAcOXyCIwffo/bsKaxmJ7MKfSya5ibbFR12KBYXisUFKcVogBnoDoaR/tbgUh/8o3MbF9T2PnZtYhjmqM+uHYumqUybmktOThrV1U10dsafPXcgbrc8PiiGpmnn68z7Uv/1VU/+pl/wuPhbjwKEZ70Oqd76VMzwsWnn64NqS8DdBYpK8a0fovjWD4XXdxw5TOOrL/Urb/h8YJoo1uA4qt3nzpJXvpGl//ofNL76MhWPP0bWipUUXH0tBdd8AEwTd2UFja+9EvP49S88G7d8zdanyCxbHtx29bW4KyvQu92klJTErEux2pjxyU+jWCz4O9o599PHg+fx2iukL1zMvPsexPB56Th8iNS584PjSi5bTubylcy798HgTNF1tdT8fisF115H/lXXUPr3/wcAf2srtX/8PQDtB98je806TEPHXVmBr7kJU9exZmbhPnsGgJqtT5M2Zx6F121h/bPbwDTpOHyQ6qefiNn2jiOHqf/z80z/6MdY8i//SqCri+6zweVS+wAADy9JREFUZ7Hl5pK1ajVNO16LuZ9z2nTyNl3NtA9/FBQF0zBo3f0W1b97Jmb5ePp+XVv37qZw8/VYs7JpePVlAJpe38GULTeTvXoN6373LJ6aajzVVaSWzsaeX0D7wXfJXL6CuV+8H0d+9NijQz0/IYQQQggRn2KaYzxgkxBCJGAYBn/6n5d4+aW3OXnibNS2smXzuP6aBaxbbCHQdRrTUwee2oT1mbon3DMyGEYmF+JtO1jIj/7SvwekoqjBmbv7zEqtKiow/Jk2P/fhbGq759Duz41a39zcQVV105Aexb75psv48B1XDrttYvxEzm4Nwe8T0zTRdT08u7Xf7ycQCOD3+/H5fHi9Xnw+H02f/tiwjr30u98nd0N51Dp3xWkOPXgf7srTQPTkMg0v/yUcQLpmlrL4W9/BNSv6e6lp5w7e+8LnhtWukZK1ag22nBy6ThzHXVkx5PJaiovstesIdHbQunc39vwCAl1d/XrKhR6lPvatf0bRNFr37Y0q45o5i9TZc+k6dQJ3ZUVUPa6Zs0idO49AVxfNuy6Et/b8AjLLlmMEArS8/eaQeueF6vY1N9O6d/eA5dMXLsJZPI22d/fjbThPyvSS8MQ/iWStWoM9L5/us5V0HDk86HYORs76KwBo3vU6WooLS2oq3obkHvcf6vmJ4cn9719is9mw2+3YbDasVisWiwWr1Ro183Vo1muQ2a6FEEKIyUDCRyHEhPLittf5wfd/G3fSlaKiPO69/1MsWBAMMwxPLUbHCQKdpzC6KqCnPmH9pu7tDSJDYWR33LL17Q7+Z28xh2vSBzVhzXD88fO7AOgKZFHbPZsazxxqPXNwBzLQdYMzZ8/T1ja4YOHmm9by4Ts2jkZzxRgZz/Axd0M5S7/7/X7r3RWnOf7ot5l62x39ejY2vPwXqrc+xbx7H+gXPAK894XP0bRzx7DaNVmFwscjjzyUVMgnxKVEwkchhBDi4iSPXQshJpRdO99JONtzbW0jr778Zjh8VJ1FqM4iLAXBcC3Q8g6BlgMYnSfA29Bvf0WzozgLwRmchME0fBeCSF8rZuBCsFeY0cNnrjod/lzXFpyoprPHQmXvrNoAlY0uur3RPSGHIsWuh9+nWlqZm76Huel7AGjz5VPrmcPsjDkcOJdPZVV30r0gfT4/7e29E/qYenDGcDOAEfCjBzyYRgDF1DENP4pigBEAdDACKIqBLXcNTqcTi0X+y7gUNe3cQeP2V8i7clPUetesUlb86Ccx98m/6pq4E800bn/lkg0eQwyvV8YOFEIIIYQQlwzp+SiEmDBaW9r42F334/cHEpYrKZnC4z/5+oD16W3vEWg5QKD9OIq3Lqk2mIa/TxjZf9KbMaNoKJYUFC0FLK7e9y6wpNDlddDpUTD0AJoKmgqqagaXSnCeC001UVWwaCqaagImCoO/5OtKCn77DNQpW8gsGPtZwMX49nwMWf/ci9jz8odVh7exgV1b3j8i7RFCXHyk56MQQghxcZJuLEKICaOj0z1g8AjQ0NCSVH1a5lK0zKXYAcN9Br3lHfxtR/C1VWCzxt5HUa0ojnxwBEMW0whg+tuDPSID7uDs2gF3sPfgSFPtqLZMlNDLkhq3aJrDR5oj2Yr1gYskoJndaD1HMM6cosNzE+kzNg+rPjE57dryftY+8buYj1Enw11xmrfvvHWEWyWEEEIIIYSY6CR8FEJMGE6Hg6zsdFpbOhKWmzGzOO62UL++yD7dJkDKDNSUGdimfpBv3vcwWepZSotMSgoVpuarpDpj95hQVAuKPQfsOdHHMXz9A0kjAKYf0wgMHE6qtvBM3Yo1PRg2as7E+yRgmgboPcHZvXUPpuGLW1ZRNNAcoFjA8GIa3ui/MEVFUe2g2S8sFQ3V9GE27wAJHy9Zb995a9TkMsmKnIRGCCGEEEIIcWmR8FEI0Y9JMIsyB3hP321cyLAulDUvlO27vc9nMrKZNX82+954J2H7ps+fy5nu0GOoEfsnKbe0jG2/q+WliMPMmaqzYJrB7GKTkkKV4nwNVYlfq6LaUGw2sGXFLRMOIY0AphlAUS2gWEG1oijqIFocqs+H6e8KhouhkFHvCc7gnSBsHDGqDX/uVXi8Znheb0W5MMe3Aigo0euU0PrelxJZts/2GO/F0I3WI4iHHryX3A3lFN1yW79ZsPtq2rmD2j9sveTHeBRCJE8enxZCCCEuPhI+CjGJGb3Bn2GCQTCIi700Y6+PqCNy23gOBLvyirVUHK+ktbk15vaZc2eyeHUZxjAaubp8LWdOVHD84PHwupPVGierg5PG5Bflc/PHbmPNIjvW7pNo3Wew9tRiDTQN6jiKagEsoA0+SDNNHdPfEX7h7wgGjuPJ8NFTcD2+hJ06R+5fTyiEVLkQRqqhZZ9twaUSZ31wqUbUcTEayxv2pp07aNq5A8eUInI3lJMyYyaOggIAes6fp/tMJU07d9BTVztmbRJCXJwkjBRCCCEmPwkfhRgHobAwKjTss84wzXAg2DdcjAwdLzbL1q3ANE1e/MP/cvbkmahti1Yu5tpbr6N0wexhHaOopJjNH9oCisLx945FbcsrzGPz7VtYdtlyfIAvbWHUdlvnkWEFkomYgS6MniZMbxOmv33E6h0pXQu+ja9wy5gdLzIUTy7TTO4bIjKE7BtKhj/3BpmR62KVG2/xbsrHagKGnrpaqp95clSPIYS4dAx07ZIgUgghhJicJHwUYoSYgG7Gepkx14v4ll++kvyiAqoqztFY34CqahROm0JJaQm5hXkjcoy5S+ZTPGMqR/YfprGugUBAJzsvm7mL55FfVBB3P1/awriBpMVzBs3bCKaOYhoo6ICBYhoQ+mwaKBh0dBkYhoFLa0YLNAYDR907Iuc2GtxzHsI79c7xbsaICIX2ib8PB/4m1ZRYLyXm+rG6XVYURWZ+FUJMapHXMLmOCSGEEBcHCR+FSEIgRngYiBEqXow9EcdL8YypFM+YOqrHcKWlsrp87bDriRVIxrP/jT2888Zezp06R2N9EzZ7EfOXbmTZmiWs23QZmEZveBkMKkGH3vfBdcFAM1Rm92u7eO25l1AVM9gjTzV735sR72HFujLWXLmmNwjVe+vtc6ze9eEyoeOi0zPjU8P+e7rYxP5FQv+LgBojjLT0CSktvcuhineTLjfuQojJJN51TK5lQgghxOQm4aMQfegmeA3wGeAzzN7leLdKXAzefXsfzz3xLHVVdeF1Pq+f9/Yc5uC+I7i7/Vx10weA5EdOrOk4zqnzGQOW00qms6zg+qE0WwyT0fuLCX/U2v5fYZsaeinYe98PNpAM3aRHvoQQYrKQa5gQQghxcZLwUVzy/EYobDTDoaM8Fi1GWktDE68++3JU8BjJNEzefOVNZi+cR8mcmUnXm5qellS59Mz0pOsU4+PCLzqCFyBNIRxC2pTg0hKaLVxRMHunek/UU0hu3IUQk0mia1fkOrm2CSGEEJOLOt4NEGK8tflNGrwmbX7w6BI8itFx9tQZThw6mbBM7dlajhw4NKh6i2dMx5HiSFjGZrdSunDOoOoV4083oVuHNj+c95p0BKIvTn1v0GP1GJIbdCHEZDLQdUyua0IIIcTkJOGjuOTZhzPQmhBJaqitT6rc+arkyoXMXTKPDe8vT1hm1RVrWLpm2aDqFROPXY1/0x3rZl1VVVRV/psXQkweoetWsr9IkSBSCCGEmBzksWtxyUvVwO5U+o3xKD0gxUjStOQut8oQwqKrb3o/AK88+xKGfmGAUqvNyprytZRf975B1ynGl0UBa8QYkNbex65j6XvzHQoeQ0shhJgsIq9dsa5tQgghhJicJHwUlzxVAXvv2GoQ/MHWMHvHXzPB3xtI+o3grNdCDEVRSXIzd5fMnjHoutOzMvjg3bezdPUyjh88SmtTK2kZacyYO5OytcsHXZ8YW5beYNEaChp7x3hUo+6zL4zxGEvf3o7S81EIMRnFuoYl86i1BJNCCCHExCbhoxAxqAo4NAiOpBf8gdYk2Buy/8uMuV6ISFNnTads7TLefftA3DKz5s1iXtmCIR9j9qI5zF4kYztOBArB64jW76XEWBe6ygyi/t4JZ+KNjxa6adc0bTROTwghRoWmaQkfvQ6FjBI2CiGEEJOLhI9CJEkh2EPJ0u/n3f4/AOtmsPdkOIwk9PlCUBm5XbLKi196ZjofuP16ujq6OH30VL/trjQXV15/FVOmFY1D60QyVKIDRTUiUAy/J3r7SIqc4Tryc6Lg0TRNFIcDs6dnZBsjhBAjTHE40DQtYQAJsYeaEEIIIcTEJuGjEKMgFD5Y+23p/wOySTCIDC0NEwzA7F1e+GyGP4f3iSgTWY+YmEpmz+CWu2/jvbff5eTh49RX15HiSmHRiiUsv3wF85YOvdejiC3UA1EFlMhln3WqosQsq/aWDW2baLe4kYFkKHg0DCMqfEy/chPt214Y55YKIURi6VduigofY439KEGjEEIIMTkpZqJBpIQQk07fIDIUZPYNOU0uBJpmgrJmjHVCjJTIUE8JhXwR7yMDwwvblKj91Bhl1Yi6Lyah/7JDS8Mwgt/HhhF+6boe9QoEAtQ//hgd21+RHpBCiAlHcThIv3IThZ/5eywWSziA7NsLsu9EWvIIthBCCDF5SPgohBiUUBgZfs+FcDJ0MRnwc586gmXM6O0R+9JnX8w+nyOWsbb1e9/nqtf3IhjzojiKwasS/iPG+kSfldjblMilEmNdxLZ+62OtI+Imr0+56DIR72PUFbVPn/1FcvqGj6Zp9gsf44WQoVdoW2RwGaonsk4hhBiOvo9KR/ZkDPXODi1jvSJDx1iTz0j4KIQQQkwe8ti1EGJQIkOmqJUjUrMQIpHIcR77jv/Yd2brvttDZXRdR1XVfsFjZPm+4aOEkUKIgSQai7HvuLSxAsjIZazQMVbdEjwKIYQQk4OEj0IIIcQkFXnjHTn5TKzHEhVFCY8HGSt4TBQ+CiHEYMULH/sGkJGvWJPN9N1fCCGEEJOPhI9CCCHEJBTZCxKImmwmtIwsG1ofr8dj36UQQgxXrEekYwWQfYPIWNult6MQQggxeUn4KIQQQkwifR+5jhQZPMabBTsUPgISPgohRlW88BGIChUTvR+obiGEEEJMfDLhjBBCCDEJxZt8BgiHi7EerU40uUy8HwnkRwUhxEDihYGxHr+OfB/rkWwgavgImWRGCCGEmNz+P8Xtzo7g0pawAAAAAElFTkSuQmCC
----[INFO]----Unable to locate elementPatient Module
----[FAIL]----Element 'Patient Module is not present
----[FAIL]----Element 'Patient Module is not present
data:image/png;base64,iVBORw0KGgoAAAANSUhEUgAABR8AAAJmCAYAAADVS/dbAAAAAXNSR0IArs4c6QAAIABJREFUeJzs3Xl4lOW9//EPkH0SlgATkCVkoUQYIkohGCuWoKCnINLaH6Di8YALVY+gBa1iqhb3pbgcW2Q7FlCwrUWFUwVMUNRAWATDgEGTDIlEyYBBSIaBrL8/spBlZjJZJjOB9+u6vGqeeZbv8zxjox/u7313qqysrBQAAAAAAAAAtLHO3i4AAAAAAAAAwPmJ8BEAAAAAAACARxA+AgAAAAAAAPAIwkcAAAAAAAAAHkH4CAAAAAAAAMAj/LxdAC48JRWVCujcydtlnBcyzAcabYsw9laE0eiFagDPKbbZlGM5LJvNpmyLRZIUExUlg8Gg6KhBCjUYvFwhAAAAAMARwke0q7RvT2jdoVNKio/QlIFBIoJsnmKbTVtSt2pLSmptAONIqMGg+OEmJSYk6PKE0U0GMwsWPuowyHTkLy//WTFRUW7tu2BhssvPp06epMQxCQ4/W7J8hbIth926zgtPLaq+nvv3IZ0Lr0JDDYo3mRRvGubWvWWYzU3eW4140zC98NST9bZNnDK12ce6ez1JmnP7LMVERTXreTiq0xlPndeRLalbtf6DDS6/75IUYTQqcUyCrkka5/b3EwAAAADgeYSPaBe5P9q17JM8bTYf05iRA/RB3hltt5ZoysAgJRoDvF1eh5C2I10vvfqaim22JvctttmUtiNdaTvSFWow6N2317RZHVtSUhVz+2y39s0wm11+nmOxKH64yWE4mm2xNCtIbIm6gVbajnRJVYHk1Osn65qkcR69dnM19SzrsrnxHfF12RaLXnrltSZDxxoFVqvWf7BB6z/YoFumT9PMGdM9XCEAAAAAwB3M+QiPKq+o1JLUXP32f/Zos/lYvc+OnanQ8m9O6yVzsbJOlXmpwo5hc0qqnnjmWbeCx4ZacowrW1K3ttm5im02rVm7rs3O1xayLRa9+MqrWrAwuc2fHdyTbbHowYXJbgePAAAAAADfRfgIj9mwr0BTX92tlZ9953K/Az+V6emMYq3OtutUaWU7VddxFFiteunV1zx6jea0qdaMqmwr6zds9MmQKcNs1t3zHmhVAGkICXH4bKOjBjV5bHTUoBa1D0dHDZKheiRpTFSUDCEhbX4tT523xkuvuDfCFwAAAADg+zpVVlaS9qBN7c09qWWf5Gn34ZMOPx8zcoCKu3dz+Flgl066YWCQJvYL9GSJHcrjTz+j7ek7nX4ebxqmeJNJBVarCqxWh63Km95f79a1br3jLhVYrU3ud03SOM2fe1+T+2VbLLLZbE3OVxhvMtXO21hXsc2mJctXOBxtaQgJ0arlSx22bLuakzDeNKz2749arbJajzncr0ZMVJT+8vKfHX7mau7HqZMnaU4T7enO5n68PGG0Hn/kYYefubq3d99e4/B5rF67TmvWvePwmMce/oPTeTeb4onzbk5JdRm2R0cN0iUmk6Sq71d2jkW206fr7UPbNQAAAAD4DuZ8RJs5VlSipZ/k6f0vj7b4HGfLK/WOxa40a4luGBikS3v6t2GFHdN+J0GTISRELzz9ZKORZc1ddKVGtsXiVvAoyWUYWpe7o94yzGZtTknVhPFJ9baHGgxOV+6OiY5q0QrHDRc/qZ0rcMNGh/tnWywOa2uKoRWrL7d0wZSWPI/QUM+sEt3S87qa2/L39/13o/fgKgAFAAAAAHgfbddoE3/7/Iimvrq7VcFjXd/ZyvXa1zb9JdOm/NPlbXLOjijDbHbafho/3NSmq/puSUlttM0QEuJw4ZW2br2WpDdWrPRKq22E0ag5t8/WnNmznO5DuNV+nAXghpCQZgfAAAAAAADvY+QjWuXjg8e17JM8WY6dbnrnFth9vFS7j5fqP/oHasrAIPl37uSR63REzlY0rhtIxle3p7ojzcFoxvjhJiUmJDhse96cmtridl1Him02rf9gg9faZadeP1lp6ekOR41WtbObm/U80TLORu02bK2uEWE0Kt40TBFGY+0o2UuG854AAAAAwFcQPqJFMn8o1rJP8vTZN4Xtcr1/HzmrNGupbhgYpLF9Atrlmr4uw3zAYTtwU/MMOuKs5ToxIcFpwLg9faeKbbYWtfo6s2bdO5owPslpq7WnXZOU5DT8+mo/4WN7MBp7O52H86VXX9Pv7/vvetsmjE9iRCQAAAAA+DDartEsxWfK9OdNObp16b52Cx5r/FRSoTezTuvZ/cXKPFnWrtf2lqbmDXzp1de0YGGy23MwOuOo5VpSbfB4ecJoh5+3deu1JL34imdX9nbF1Yg5V3MRou30cRE8b05J1a133KUtqVtZDRsAAAAAOghGPsJtf9/5vZZ9kqeTdu8Gf9+cLNPz+4v1i4gA3TAwSOGB52+GHhMV5XIkmFQVimWYzQo1GJQ4JkHXJI1r9gg9hy3XpmG1oxovMZkcBpxp6emtGnUWHTVIOZbD9bZlmM1K25Hepi3d7mrLEZcZ5gPMFdkCiQkJLhdMKrBa9eIrr1btOyZBiQkJDuclBQAAAAD4BsJHNCnt2xNa+mmeDuYXebuUej4vKNF2a4mmDAzSpAFB3i7HY349ebKWrFjZ5H7FNps2p6Rqc0pq1SIqs2e5FeC5armu/fsxCQ5raG3r9czp0/XXFSsahatLVqxU/HBTm7Z0uyveNMxh+NUwJG1KTSiM5rlmfJJWr13ndI7HutJ2pCttR7qWLF+hqddP1g2TJ3nlOwMAAAAAcO78HTKGVsv90a5H3z2keW8f8LngsUZ5pfSv3DNa+GWRdh0v9XY5HjH1+snNHtlVYLXqiWee1RPPPNtke2rGfscBWd3gMsJoVHTUIIf7OWvZdkdoqEG/m914jsoCq1XrP9jQ4vN6Am2+7SPUYND8ufc165him02r167TgwuTlW2xeKgyAAAAAEBLED6ikfKKSi1JzdVv/2ePNpudt/v6kh9Ol+uvmTa9ctCm3OJyb5fT5ubPvU9TJ09q9nFpO9L1xNPPutzH0UrWRmPvRi3Ilzhp5XZ0fHMkjklQvGlYo+1r1r3jcESmtziqEZ6ROCZBLzy1SEZj72Ydl22x6MGFyQTFAAAAAOBDCB9Rz4Z9BZr66m6t/Ow7b5fSIl8VluqJfUVam2OXvazS2+W0qTm3z9YLTy1qdghWM4eiIwVWq8ORYlckNG7XdtbC7axtuzmcjXTz5uIz8K54k0l/fXmxbpk+rVkhZLHNpjVr13mwMgAAAABAczDnIyRJe3NPatknedp9+KS3S2kTW74/q+3HquaDHN830NvltJl4k0kvPPWkCqzWqvnu0tNdLs5RIy3d8QIuzkLJDPMBLViY7HZdaTvSNfX6yW7v31CE0ahbpk9rtECLN+ZMdOd5uuOapHFNLsbTnGd8IQo1GDRzxnTNnDFd2RaLtqSk6iuzucn5N7ekbtWc2xu38wMAAAAA2h/h4wXOeqpEyz7N0/tfHvV2KW2uuLRSb2XbaxelGd7D39sltZkIo1FTr5+sqddPVrHNpvUfbHC5srKzQM1Zy3Rz583bkrq1VeGjVDW35ebU1EaLz7RnAOlqBGeig9GgrkQYjc1edRzOxURFKaY6UMwwm/XX5SuchpDFNpuyLRbFREW1Z4kAAAAAAAdou76A/e3zI/r1a7vPy+Cxrpyici0+YNPSQ6dVYK/wdjltrmZ02JzZs5zu4yhUc9Zy3RLZFkurzxVqcLz4THtyNhJUkuKHEyT6ipoRwK7asW3M+wgAAAAAPoGRjxegjw8e17JP8mQ5dtrbpbSrHcdKtONYia4fGKQpA4PUydsFuWFzSqq2pG6tN/rvlunTNHPG9Eb7XjM+SUtWrHT73K6CtpbYkpJaOzKtpWoWn2mr1ufmWr9ho8PthpCQC24U3cQpUyVVjeCMMBoVEzWoTVqZXZ0322LRkuUrlWOx1C4aE28apheeerLReUINBvUxGhuNlAUAAAAA+BbCxwtI5g/FWvZJnj77ptDbpXjVB3lnaluxE40B3i7HpQKr1e22Y1ctw44WqXHWcu1qrsLiYpueeMbx6tlp6TvbJJyaP/c+3XrHXa0+T3O99OprTp9ha1vKO7ICq7X6ubTtAk6Ozmuz2ZrVZl/gIniMvsDCYgAAAADwVYSPF4DiM2Va+mme1u343tul+IxjZyq0/JvTtSFkbNeO/Y9Csc2ml1ysDN1w1J6rluup1092OcovOmqQw7n2as7Z2hGCzhaf8ZQCq1VLVqx0OhLUEBJyQYePbam4DVuhXYXFRmNvhRoMbXYtAAAAAEDLdezEBU36+87vteyTPJ20l3m7FJ904KcyHfipWOP6BmrKwCB19ff9Zuw1695RhvmALqmegzDbYlHGfrPLYKfhStfOgj2jsXeT4WFiQoLThT7aovVacr74jLtcjYiru8K0rXphElfm3D7baZBVXNzyMK2lc2TabM2fLsHV/IdVbf3129xdjaJtj/PWlWE+oLvnPaD44SaFGgwqsFr11X6zy3NNSHK9yjgAAAAAoP10qqysbNteOviEtG9PaOmneTqYX+TtUhoZM3KAirt383YZjQR16aQpA4M0sV+gt0uptXrtulaPALw8YbQef+RhSdL6Dza4NS/knNmzGo32czT/pDO3TJ+mCeOTtCV1q77ab3Z6TExUlCIijJo6eVKjlaHTdqQ7bfGWHM8FuGBhcr35AlvL2fyajuYmdCQmKko3TJ5Ur4295lh3nmPdd7dgYXKdVmXnQg0Gvfv2GknSkuUrlGE+0CYLC9V93p46b4bZXC8cbglDSIhWLV/KyEcAAAAA8BGMfDzP5P5o17JP8rTZzCIMzXWmvFLvWOy1rdiX9vT3dkmtFh01SPPn3lf7s7uhnKP9mjP/ZM3+q9euc7lPzSrZ0YMGNQofW7L4THPqc8UQEqI5t892Ovelu3MTZlssjcLC5sxrWHdkobvH1H13bbEKuSOeOm9rGUJC9MLTTxI8AgAAAIAPIXw8T5RXVGrZJ3la+dl33i6lw8uzleu1r236eS9/TRkYpH4hXbxdUotcnjBa8+fe16GDmPlz79Pv5t4v22n3Wo2Nxt6tXv34mqRxmjljuiKMxladB+2rJmi/0FYlBwAAAABfR/h4Htiwr0DLPsnT0ZNnvV3KeWX38VLtPl6q/+gfqCkDg+Xfuf1rmDljuhLHJGhLSqq+MpudzrVYwxASosQxCZowPqnRSEKpajGXuitfH7VaWx3WeVKE0aip1092u/W8j9HY7PuJNw2TwWDQJSaTEsckEDp6UbzJpFXL3lDajnSlpae7Ner18oTRSkxIcDpKFQAAAADgXcz52IHtzT2pZZ/kaffhk94upVl8dc5HV3oEdNaUgUEa2yfA26Uo22KpbcfNzrEoJrpqpFeE0ehTwVmxzaYcN1tzfa12+I6681zW/b4bDAZGOQIAAABAB0D42AFZT5Vo2ad5ev/Lo94upUU6YvhYY0g3P00ZGKS4bgwaBgAAAAAAaArhYwfzt8+PaNmneSopq/B2KS3WkcPHGldGBGjKwCCFB3qhFxsAAAAAAKCDYPhWB/HxgeNa9mmeLMfcW3gDnvVZQYnSrCW6YWCQfjUgyNvlAAAAAAAA+CTCRx+X+UOxln2Sp8++KfR2KWigvFJ6N/eM0o6V6oaBQRrVy9/bJQEAAAAAAPgU2q59VPGZMi39NE/rdnzv7VLa3PnQdu3IJeH+umFgkCJDu3i7FAAAAAAAAJ/AhHU+6ujOR3Xixzxvl4Fm+OmMTSlZK7xdBgAAAAAAgM8gfPRRF4UUa37If+qFUSky9aU73pd19Zcu75quiNO3ylCxx9vlAAAAAAAA+AxSLR83omSlRhhX6t99ntCbh+J04nSZt0tCHSO75cqv+GmVnzrp1TqKbTblWA7X2xZvGualagAAAAAAAKoQPnYQ/1HxmMZdPEBv2R/ROwe7erucC15c2Cn1KvtflZzcLm9Nmro9fac2p6YqO8eiAqvV4T6hBoPih5sUbzIpMWG0IozGep8vWJjcZvW88NQiSVK2xaIly1e63Hfq5ElKHJPg8LMly1cou0GQ6khM1CDNuX222/u3xAtPLXLrftxVU3ONlj7/S4abFGE0Kt40rNE7BQAAAADAlxA+diDBZd/pdv/fKenn/6HVx2/W557JW+BC3+ByRft9pNKi1SrxUg1pO9K1ZMVKp4FjXcU2m9J2pFcds3yFpk6eVC/8yjCb27w+m83W5HkLrFbFDzcp1GBo9Fm2xaIM8wE3rlTZzP1bxp37cV/9qLql5617XLzJpJkzpineZGpVZQAAAAAAeAJzPnZA0aX/1mPdbtbjI9MV1dPf2+VcEAK7SAndMjTAfrNKi1Z7rY4lK1bqiWeedSt4dCTbYmnjilqmwGrV+g82eLuM80KG2awFC5O1OSXV26UAAAAAANAI4WMHdkXZq1ra///prvh8+XfhVXrKJV2P6rLOD6ry5NNereOlV187rwK79zZsbHGIisZeevU1pe1I93YZAAAAAADUQ9v1eeDGTg9q3KXxWnNqrjZ+E+Ttcs4bMaF29a1cq5JTm1Xu5Vo2p6S6NbLNaOytUIOh0eIzzrz79hrlWCxO5x40GntrQlJSvW0FVqu2pG51es54k0mrlr1R2x7uTLHNpiUrVuqxh/9Qb/sLTz2pDLNZm1NSHV7HaOytv7682GHL9rkahtW2IW9OTZXVeszhfrdMn9bkPblzP3WvVyPbYtH29J1Oa5Safv6GkBDFREfV/txUe/mSFSudzqUJAAAAAIA3ED6eJ3qWZmhu8GyN//l0rfphivbmV3i7pA6rV2ClhgR+qtJTS7w2r2NdxTab3nAR4hmNvTVz+nRNGF8/JFz/wQaX4Z9UvSCNi7kC+xiNmjljeqPtrsJHSYowGuuFZs6k7UhXhtncqIZ4k0lf7Xc8H2Ifo9Fl8ChJM2dMrz1nhtnsNHyse29fudivqfupmnex8XOaOGWqyzqbev4x0VF64akna38uttm0ZPkKp8+/wGpVtsWimKimnz0AAAAAAO2BXt3zjKl0nZ7vNUMPXmqWMYxsublGdftG0WdnqPTUEm+XUmv9BxtUbLM5/Cw6apD++vLiRsGjJLfCP1/w4iuvebsESVWhpq8LNRg0f+59Mhp7O93H5uS7AgAAAACAN5BOnaeuqXhG4wZ301tn/6Q1B3p5uxyfZ+r6o7qd/atKT7b96s+t5WqU4fy59zU5CtATXnhqkQwGQ5uMsCuwWrV67TqHIwfdERMVpaNWq9NRiy3RsN25pdryOdV1icnk9HtRXEz4CAAAAADwHYSP5zG/8pP6T7+5Svr5WK0unK2tObzuhgaGlGhg5/dUcupfKvV2MQ4UWK1OF2W5PGG0y1ArwmjULdOnKcJoVJ+IqlF9hjYKKl21CrfEexs2asL4JEW0YPThnNtna87ts1tdQ9325rbS1s+phqvnFBra/mE0AAAAAADOkEZdAAaUbtMjYdt09cjb9bfvrtE31jJvl+R1Yf6SKSRd5ScX+8S8js64Wr04McH1wiIRTuZr9EXFNptWr12n+XPv83YpHUKG2fkI3WjmewQAAAAA+BDCxwvI6LLlGt13ud7vu0grvx6s0yXeXsPZOy7rlquA4qdVfvKkt0tpkrO5HiXVjmb0pALrMa1Z947LfRyt9NwUo7F3ozbpLalbNWF8UpuPFow3mZpcJbq1MswHmnxO1ySNa9HIzoYKrFan93NN0jivtOEDAAAAAOAM4eMFaIqS9UtTlN6yPaT1h8K8XU67iQsrUq+ylSo5uV0dZS3wbIvF6Weeaumtq2Y+RldumT6t2bXMnD5dS5avkO306Xrblyxfqb+8/Odm1+ltGWazy9GIUlVI29rwMdti0UtOFugxhIR0mJGuAAAAAIALB+HjBapbuUV3B83R+JGTtco6XTu/83ZFntM3uFzRfh+ptGi1T7dYO3K+rlzcJ8KoqddPbjRaMNti0foPNmjq9ZO9VJlvybEc1oKFyZJct1objb31+CMPt8nISgAAAAAA2lJnbxcA7xpStkFPhd+shSN2q1/38yuLDuwiJXTL0AD7zSotWu3tctDAzBnTZTT2brR9zbp3XLabX0iKbTaXoyqNxt66Zfo0/fXlxW2+ojYAAAAAAG2B8BGSpF9WLtabkdP1X8O+93YpbeKSrkd1WeeHVHnyaW+X4jHnQ0C3wMECM8U2m5YsX+GFajqe07bT6tSpE/M8AgAAAAB81vk11A2tVKmb/BYo6bKRWnPybm3KDvJ2Qc0WE2pX38p1Kjm1Sef7cjo5FovH532MNw3TC0896cHzm3R5wmhtT99Zb/uW1K3tMqdlW7ll+jSvzLdYs0p4cXGx5tw+u92vDwAAAABAUxj5iEb6lO/R/NDZev6yf2tYn47xFekZWKkrun6insX/pRLbJm+X02ZcBXDZOc4Xo+lIfnf7bBlCQhptb2oBlwtBTVv1LdOnaerkSQ6fkySt37BRBVZrO1cHAAAAAEDTOkayBK+4tPwtvRwxQ/PiD6p7cBdvl+PUqG7fKObsDJWeWuLtUtqcq3n80hqMFnRkS+pWZZgP1P7lavVsb4kwGllgxok+RqNmzpiumTOma87ts/X4woed7tvUquQAAAAAAHgDbddo0q86PaVxQ3rprTOP6e+Z4d4up5apa6G6nf2LSk+evyPkYqKdh481C5G4Gh354iuvNtq26f31ra6rwGpVgfWYJCk6alCr5xycOWO6Nqemylp9zvNFWz+neJNJ8aZhyjAfaPTZltStmnr9ZBaeAQAAAAD4FEY+wi0hlcd1R+B/643LVuiKSO/OpjgwpES/CP27Qk7drdKz52/wKFWNCow3DXP6+ZLlK72y8MzmlFQtWPioFix8VL+56RZNnDK11SPvHC0+09E5ek6tbSd3NbfkkuUrW3VuAAAAAADaGuEjmiW6PFWPd79Vj434TIPC27cVO8xfurxbuvqcvlUlxf9q12t70zVJSU4/y7ZYdPe8BxwGWh1tNeyaxWfgWs3oR0dqRsMCAAAAAOAraLtGi/yicol+MWCJ/nHRU1r5dZTKyis9er3LuuUpoPgplZ886dHr+KIJ45O0fsMG5VgOO/y8wGrVgoXJijAaFWE0qk+EUUcLrG4vQOIqpLTZTjdq8bXZbI1Wp24rv7t9tjL2m2U7fbrNztkeC7FYjx1r9JwKrFZtSd3qketNnTzZYeu1JK1e+45eeKrjrBQOAAAAADi/ET6iVX7bZaHGxf9Ma4p/r//7NrTNzx8XVqReZf+rkpNpqmjzs3ccjz/ysH43936XoVzV/IJWZbg58K3AatWade/oq/3OD8i2WLRg4aPNqrUmdEvbke50nyXLV8pgMGjmjGn15qysWXxmzbp3mnXNhtJ2pGv9ho2SXK+aPXHKVEUYjUpMGK05t892uI87z2lzSqo2p6Q2u84nnnlWBQXOw9Ecy2EtWJisObfPqp3LcfXadS7D3wyzWXfPe0AGg0EvPLWo2TUBAAAAANCWCB/Rar0qvtG8kLs0/tKpWlVwo/Z93/pz9g0uV7TfJpUWrVJJ60/X4UUYjXrh6Se14JFH22xUYIHV2qLAzJ3zNjX/Y82q21/tH9ZowZyZM6YrLT3d6UhPd2RbLG63HxdYrS5XAffUc5LkMqCVqkalZpjNstUZnZphNje5arkvrmoOAAAAALgwET6izQyvWK8Xeq/X5t6/15vZo3SsuPkL0wR2lkaEZajy5NMq9UCNHVlMVJReePpJvfjKq60K5jqC390+WwsWJnu7DAAAfEZRUZHsdrsqKz071Q0AAB1Vp06dFBwcrLCwMG+XggYIH9HmJugl/TI6QG+XPqO3vu7j9nGXdDsqw+nFKjuZ68HqOraYqCj99eXF1W3FG5zO+9eQ0dhbVyQkaOr1k2u3RRiNniqz1eJNJl2TNM5jcyYCANCRFBUVqbKyUr169VLnzqwXCQCAIxUVFSouLlZRUREBpI/pVMkfn/qk07vvVemRDd4uo9XyOiVozU93aevhwNptY0YOUHH3brU/x4Ta1bdynUpsm7xRYpvqERKpaZe90W7XK7bZlLH/XBuuzWbTUau1dn7AmKgoxURHtWvQWGyzKcfNtt+aRXIAAIBzVquV4BEAADdUVFTo+PHjMvLfmT6FkY/wqIGV6XqkW7rGj/hP/S3/Wn177NyyMT0DKzUk8FOVnVrCvI4tFGowKHFMghLHJHi7lFqhBkOjeRwBAEDLVVZWEjwCAOCGzp07M0WJDyJ8RLtIqPybEi76m9ZH/FFfVl6kUd2+UaeTf1TZWW9XBgAAAAAAAE/hj1DRrv7foP2aO+KsLgnd5+1SAAAAAAAA4GGMfES76BI+UkFx8+RnHKsYSTG6WD8zjtfu3NU6XLjD2+UBAAAAAADAAwgf4VGdAnspKO5+BUTd0uizXoYYXTv0ceUc/0y78tboxGlWuQYAAAAAADifED7CYwJj71Rg3Dx18jO43C+615WK7nWl9h55R7vz1qi8orSdKgQAAAAAAIAnET6izfn3najAuPvVpdvFzTru0v7Tqlux1+jrgo88VB0AAAAAAADaC+Ej2kyXrnEKjLtf/hdd2+JzGAJ66arB8zTYmKTdeWv0/cmMNqwQAAAAAAAA7YnwEa3WqUuwAuPuV+Dgu9rsnBd1i9f1w59XZsEm7cpbLdvZ42127o5u4pSpbu0XExWlv7z8Z7f2Xb12ndase8ftGja9v96t/bItFi1ZvtLt89aIiY5ShNGoeNMwxURFOd1vc0qqtqRudeuc1ySN04TxSS2qreGxDXninQAAAAAAcD4gfESrBAy6WUEX369Ogb09cv64iIlVoyBz12jvEffDMVSFawVWqyKMRq/VYLPZlGE2N/u4usdEGI2aOWO6rkka12i/AqvV7fPHm4a1uLaGx7aUL7wTAAAAAADaU2dvF4COyc94pULHvqvgEU97LHis0aWTvxIG/ZemXbZUMb2u9Oi1zjdpO9K9XUKrFVitevGVV7VgYbKKbTZvl9Nq58M7AQAAAADAXYSPaJbOREoqAAAgAElEQVTOhoEKHrlYhsQ16hL+83a9do+QgbombqGuHfq4eoXGtuu1O6r1Gza6tZ+7I/EMISFtNgqwuTLMZr306mteuXZbjlR0t00cAAAAAIDzQafKyspKbxeBxk7vvlelRzZ4u4x6AuPmKShunqRO3i5FkpSR/y/tzlujkvLT3i6lVo+QSE277A2PXyfbYtHd8x5wa9+/vPxnl/Mm1pVhNmvBwmSHn02dPElzbp/tdo2SVGyzKcdiUXaORUtWOJ5f0WjsrT7V4d5Rq1VW6zGX53zs4T8ocUxCvWssWb7Caag3Z/YsTb1+stPztdU9e+qdAABQUFCgiIgIb5cBAECHwO9N38Ocj2iS/4CpCoq7X50Nkd4upZ74fr/Wz4zjtStvjQ784FtBradtSUlt1r4xzQwNHTEYDM0+JtRgULzJ5HKfCUlJmjljeu3PBVarHn/6GeVYDjvcf3Nqar3wMdRgcDkyMSa65SFfc+7ZG+/EkQKrVQUNAlyDIYSwEwAAAADgFbRdw6ku4ZfJkLhaISNf9rngsUaQfzddGXOPpl6yWAN6jPR2Oe0mLX1no22XJ4x2e19fFmE06vFHHnb6+XYfvR9feSebU1K1YOGj9f5asnyFx64HAAAAAIArhI9opFNgTwVf8qRCx66Xn3Gst8txS0TYxfrVsKeU9LMH1TWor7fL8aiaFZMbmpCU5DDsKrBalW2xtEdpbSbCaFR01CCnnzu6f2+6EN4JAAAAAAAtQfiIegJj71DYNZ8pIGqmt0tpkZ8Zk3TTz/9XPx94i7dL8RhH7b2GkBAljklQYkKCgyOk9R90vLb0UBctz74WPl4o7wQAAAAAgOZizkdIkvz7TlRg3Dx16TbU26W0iZ8PvKV6PsjV+tbq/lx8HYGjlt344VXzKl4y3PH8ir7aqtxS0T42fyHvBAAAAAAAxwgfL3BdusYpMO5++V90rbdLaXNdg/pq/M8e1M96j9fuvNUqKMr0dkmt5qy9t2Z0XU27csPFWoptNqXtSK+3UIuvyzAfcPqZq1GRDW1J3eryXK0dRXkhvRMAAAAAAJqL8PEC1alLsALj7lfg4Lu8XYrHDegxUgN6jNSBHzZoV94anSk96e2SWixtR7rD7XUDrEtMJocrRaeld5yga/XadU4/c7aIizObm7EKdUs4W+W6Pd7J5pRUWY/VX9naUdBaYD2mNeveabT9lunTWnxtAAAAAADcQfh4AQoYdLOC4u5Xp6De3i6lXQ3rO1mDjVWjIDPy13u7nBZx1KobHTWo3kjAa8Ynaf2GjW4d60uKbTblWA5rS2qqy8BwQlJSO1bVNEdhX3u9ky2pqS5HddYosFodBrqEjwAAAAAATyN8vID49f6FguLuV5eeP/d2KV4T0CVEiVF3Vbdir9Hhwh3eLsltzlZIbhjGxURFyRASItvp0/W2F9ts2pySqgnjfSu8W7PuHYej8hyJNw3zqdGb5+s7AQAAAACgrbDa9QWgc8gABY/8swxXvHVBB4919QqN1bVDH9c1cY+oR8hAb5fjFndarl1tk6rafDuq6KhBeuyRh71dRj0X+jsBAAAAAKApjHw8zwXGzVVQ3P2SOnm7FJ8U02usYnqN1d4j72hX7mpVVJZ5uySntqRudbj9xVdea7TN2SIq29N3qthma9aCLb7gmqRxmnP77BbVPWf2LMVEO18dOzvHoiUrVraorgv5nQAAAAAA4A7Cx/OU/4CpCoqbp86GQd4upUO4tP80De6dpN15a5RZsMnb5TTirL1XkjLM5madK21Heodo8zWEhChxTIImjE9SvMnU4vPEREe16nhnfOGdXJPU+NlkmM2N5oE0Gnv73FyZAAAAAIALA+HjeaZL+GUKipsnP+NV3i6lwwkN7K1fDr5fP6telOb7k/u9XVItZ+29LTpXum+Fj/GmYfUCtEuGm2QwGBQT5Xy0oi/whXfi6JjVa9c1Ch/7GI2aOWN6i+sDAAAAAKClCB/PE50Ceyoo7n4FRM30dikd3kXd4nX98Bf0dcFH2p27RraS494uyWl7b0tsT9+pAqtVEUZjm5xvwcJHZbOdlqG6bTgmOkpzZs9y+/h4k6lDBmO+/E4AAAAAAPAVhI/ngcDYOxQYd786+TFnXFu6OOLa6lWxV2vvkb97rQ5X7b23TJ/m9DhH7bc10naka+r1k9ukPkn16sswm5sVPnZEHeGdAAAAAADgCwgfOzD/vhMUGHe/unQb6u1SzltdOvsrYdAsDTaO1+68Nco5/lm71+Csvddo7O1yxGC2xaK75z3g8LMtqVsJulrB2TuJjhrEOwEAAAAAoA7Cxw6oS9chCoy7X/4XXeftUi4Y4SGRmhC3UIcLt2t37hodt2W327XXb9jocPsVCQkuj3M1Z2K2xdLsNl/rsWONRu3ZbDanI/k6iuJiW7OPcfZOLmliYZu2ficAAAAAAPi6TpWVlZXeLgKNnd59r0qPbKi3rVOXYAXGzVPg4Dleqgo1vsr/l3bnrVZpub3e9h4hkZp22Rttco0FC5NVYLWqwGp1+HlMVJQMBoPm3D6rUai1ZPkKZVsON7nqcqjBoOefWqTsHIu2pG5VjsWiYlvzw7iGNr2/XlJVe/L6DRuVtiPd6X3UvRdJeuGpRW5fZ3NKqrakbnV5n6EGg6Kjoho9p5pjm7rneJNJ1ySN04TxSe36Tlq64I6j+jrCAj4AAOcKCgoUERHh7TIAAOgQ+L3pexj52EEEDLpZQXHz1CmIUVG+4JJ+v9bPjEnanbdGB35wPAqutZoKqWrmHLQ5CM6yLRa3RiQW22yy2WwqsFqbvF5LFFitWv/Bhib3czZ/ojvnb6ruYptNGWZzo+fk7j1nmM2KNw2r/XtX2vKdtFSE0cjoSQAAAACAzyB89HF+vX+hwLh58us5ytuloIFg/+66MuZe/az3eO3KW60jP33p7ZIAAAAAAAB8CuGjDwu+7M8KGPgbb5eBJkR0vViTTE/rG2uKV1fFBgAAAAAA8DXM+eirKsqkzmTDAAAAFzrmrgIAwH383vQ9nb1dAJwgeAQAAAAAAEAHR/gIAAAAAAAAwCMIHwEAAAAAAAB4BOEjAAAAAAAAAI8gfAQAAAAAAADgEYSPAAAAAAAAADyC8BEAAAAAAACARxA+AgAAAAAAAPAIwkcAAAAAAAAAHkH4CAAAAAAAAMAjCB8BAAAAAAAAeAThIwAAAAAAAACPIHwEAAAAAAAA4BGEjwAAAAAAAAA8gvARAAAAAAAAgEcQPgIAAAAAAADwCMJHAAAAAAAAAB5B+AgAAAAAAADAIwgfAQAAAAAAAHgE4SMAAAAAAAAAjyB8BAAAAAAAAOARhI8AAAAAAAAAPILwEQAAAAAAAIBHED4CAAAAAAAA8AjCRwAAAAAAAAAeQfgIAAAAAAAAwCMIHwEAAAAAAAB4BOEjAAAAAAAAAI8gfAQAAAAAAADgEYSPAAAAAAAAADyC8BEAAAAAAACARxA+AgAAAAAAAPAIwkcAAAAAAAAAHkH4CAAAAAAAAMAjCB8BAAAAAAAAeAThIwAAAAAAAACPIHwEAAAAAAAA4BGEjwAAAAAAAAA8gvARAAAAAAAAgEcQPgIAAAAAAADwCMJHAAAAAAAAAB5B+AgAAAAAAADAIwgfAQAAAAAAAHgE4SMAAAAAAAAAjyB8BAAAAAAAAOARhI8AAAAAAAAAPILwEQAAAAAAAIBHED4CAAAAAAAA8AjCRwAAAAAAAAAeQfgIAAAAAAAAwCMIHwEAAAAAAAB4hJ+3CwAAAAAAdGBnflLekUKV1G4IUGjf/upj8GJNF6jiH3J01FZnQ1C4BvbvrgAvnQcAJMJHAAAAADh/2AqU94OtThBYJaBrhAYanaWBpSr+4bv6YZMkGSIU27fpBLHkyMd67vdvKat2S3dd/8fFumdk92aV3hGU/HhEeScaPl0nuhjUp1+EQluZ2DUKAiXJEKGBfQ31w8Dyn/TVO3/Un7bW2Xn4nVr26HUaGNSMC7bVeQCgGuGjL6ook91mV1lRgbKsRQozxqpfrzAFd8A/ZrJ+/KJe/LifZj07Q3ENPzSv0oNrzuiGhXcqMaz11yqz5+vwIauKJIUZ4zSoT7D8PDKxgFmrHlylE9f9QXPHhdf+fGZqsu683NGNlMleZJcCa96hVSkvvqhtMffoiamRkqqf0xexuuexGxTZkpLK7Mq3ZMpqk4LDIxXbP9xD9w4AAABfdiLzfT34pw91osH2PpMe1euzRiq0i4ODygv1+Yo/aPGu0nqbQ8c9pOX/PUY9HB1zQbIpe9NzmvfOEfd2N4zRH15+SOOMrbikoyBQknperUUv3KPRPVtxbgBoJ4SPvuj4p3r9xU2y1t3WOUyxk+/SnVe05jeXl1TkK98qxTkqveKU7HZJrQwfrVtf0csf5qvML1hhXewqOivJL1I3/P4eJXroF3J+/veSwmt/PmVzciPW6vcZf6uev8VUu9luK6q/n+2UGmxxz9EUvfLqJuVX+CnMIBUVlUlhl+rW+TNkCm7JCesr+3aT3viwVJPum9SyYBQAAAA+olR5Hy7SHUv2V/3YZYjuXLxIv+nfurMG9L9aDz1h0LKXlmrnqdZXCTf8uFtffPuTRvesM7q0S3ddMi1Zfwhbqmc/yGn5uavP88fuS/Wn9a04DwBUI3z0YcYJ8zX/aqNUUaS9b7+ote+v1MaoP2jSRd6uzMd8v1ErP8xX+Li5mnddv6ovdYlV5oN2xfjCnwT2ulQ33BSuMmNM25+7JFNr39ikfON4zb13ovr5SWXfb9Lrr6Zo1apIJd+V2NpcV4W5+5V7xNiyYBQAAADtqkfcFD35xAC9/dJSfXFKkvw14qaHdMe4OIXKpoM5353buTxHB3IKNTkyXL+Y+YDyjj+ndy01xzygO8YObzzqscSmo0VSn5512rGDumtgdH8NMKjp8LHcphO2APXo6u96P9tPOqHu6uHuvJHlpTrxo02Gnt0V0KXB9lNSjx5NXK/6mkfLDerTVG3VBo6dolHlO/TuFwVVGwKide2vhuhoyofa5+Q5FJ/4STJ0d78Vu0t3XXLjQ7rT/pyW7qg7+vEnpe/I1IlR9UemhvaN1sUDeihAatR671ipiq02BTR4bqF9oxVzkYPzlJfqxKkS9XDzxRRbC1TaNUI9mmjXLrYe0dFTJZIC1LN//yb3B9CxED52BJ3DdOnYUdqYsU3Zhwqli8KlskKZP9mm/cftCosaq6tG9VNYZ0knc7VtV74ixyYqMkBSiVWZB/NlD4vUpTFVo/SK8vYq63Q/DY8zyk9lKvw2TWl78lUUFqOxY0erX3VaVZZnVqYhTqYeduVnfq38oghdnBCpsIoi5Wfs1K5Mq9RruMb+0qTwut+konztTd+l/ECTBtnL1OTXrKxQWZ+ladcpY+31y6xZSjtUJNMVlyq8pn34RJb25pap39A4Gev+si4sVKEkU99+564UYJRpRJ19SgqVm5WlrEPZsgb006gxiYrtWb33yVztzfdT3NAI2b/9UnvNVvnHJ2psTHidE1Q/J3Op+o30V5mzW/kxS1/uNcsaNqr2nRQdyVWRgmUMa94wxKIjO/Xp59kqCjQqxjRcl8UYG7VSF+1K0V5bsEbfVBU8SpLfRRM1dmiK1h7MVb4Sq9rdq99J5nHJaBqrq0zh1c+qTNbM/ToVcali/fKVuW+vMs/206grLlW/4KrvSub3dklFytq3V6VBNd+bqntN27FL+UVhivnFVRrdv/qLU5Ir8zdhijOFy34kU1/nn1JE3GhFdmvW7QMAAKAlDBGKHXqZrhzqry92lEoqVbF6VM33aDukg4d+qrNzqb7LtapEEQrtYVBpTbbVJVqjx4xUbN/qEK7cprxd7+nN1f/UF7Udx/6KnfBfuvem63Rxj6aKKtWJgx/rzdVv6aOD5wK0HkOv1m+nXKeJo6Kr2sFP5Wjr+2/rzX/u0dGanYKiNW76TbrtupHqE1SqvK3/q2WfHKkOxAJk6B+nwSW79c/Nh1Rc9QA04sZ7dc84g3a9s1RLt9UU3F1XzH5A/33tcPWo+98SZwq088O39bd125R1pub++2vczDt1168a7FtPd4345XW63nZCm74oqLp2z+Ea9x9jlZf1ofbtP7dn8ZE92vDOm3pzW5127f5jNGPmzbpxVH/HrfB1hHaVfjzScNJH6cTOT7Xvx5EaZ2wiLC236ev1S/X2vhO1z61H/ziFn/hUG744UhsuDhx3px6YdZ0u7urgHAV79O7ij5W6I6d6f39dPPUBPfDbMRpYL4cs1dE9/9baf/6j3ruW/NVnxFUa98urNWXskPqhdrlNB99/UskbCyRF6DfPvKQ7h7JaEXA+IXzsKAL8VfsrxW7WqudXydw5UqbBwcp8/xVt2z5R8+8bL2PnfO3f/J6yuo/WrJ/7SVkpWvn2XqnbWIUvnKRIFWrnv9ZqU/gMXRpnlPXj1/Xix6cUOTRWYZZNeuWz7Zr4wFyNN5Ypa8c/tOrLSF1qytXeDLs06AYlJxhlfvtFrToYprj4ftK+t/XsF8M16+EZigtQVQvwy5uU7x+msKC9Sjtpl+SqVdyqTa8+Kz9DmPztRdr72S7d8PA9SlSudm7YpKzg4VX3ISn387Vau/ti3Tkirv4ZBwxSP5llfn+pNvrdoGuHNgzpMrX2jyu11z9Mxr7h0g97tfezvdX3Kem7T7V2VbbCwkpVZPevatvevkvWO57QjYMlyS7zmme1KqNUwd2CtffLIoejAIu2v6E/brbL3yDZbWna9X3VnI75e97TP7bbVdag7doV69ZX9OKHBTLGDVe/kkylrtol6+8aj3rNteRKMimmwaDKuKtnaVZSv6rg0W7Wqj+vUqYhTsP7S3vfflbb4mcpeXqc/FSo/RvXapNto8LsRbIbgqWibUr7xq7kuxOVv2ejPv22SJK/srZt1P7g8YqMMyr8aIpef3mTTvU3KbZrrjb9zyJtnzhfc8cZVZazS/9YtVORl5mU+6VZdkXqhuTRtGwDAAC0l4BwDYgeIO2oapnNO3RIR0ui1ed4pvY1mK4w72COjp4ZroEncvTtj9Ub+w/X0F7ngsevP1isB9/c02AkXamyNi/Vgyf89fqDV2ugs1rKbcr6cLEeWranOhw858TBj7X0iDTg1Xs0wrZNf35isbZaG+x0Jkdb33xSuzLv0eL7L5fth/3aWfcm9u3RF/UOsGnfP5/THf9sWMhP+mLFc5LhJf1hfETVQi1njuij15O1eNtP9XctP6Ktb/5RR8tf0vM3RtdZ1MWgi296Te+Oq1oAJrRvuLSnwWX8B+jKOS9p6JkA9ewfobP739T9T76vvIblHNmhtc/s0dczFyl56hCXAWRx7p7a0Ddg5I2aXP6+3t1XKtn26LMDhbrCGNHEKtSlKszdo5376oSB+xoWLuVtXapH7f56/fdXq0/DE1r36KN676ZUX69/TovK/6TFtw2vqr/cpqz/W6yHVjR+11Kpju77WGsLDBoxcoh6OAo4AZy3WJKiQ7DL/HGaChWumCHhyk/dKLMtVjfOv0e3Tp+l+beOVvD3m7RxX5kU1k+R3aTc3MOSJOuRXCkmVpEnrSookVSRq/zvpciYWKlkrzZ+nK9+v5qne26doVvvvVVjw/K17bMsSX6KG5uo8IpM7T2eqLlPP6/n705U2Pcp2pghjb51vmZNn6FZ992gONtepewqklSmvR9tUn7gaM16IlnJC5/QvKvDXd2YpGCZpj+hp5OT9cRDk9SvIlfbPs+XjLGK6yZlmvdXjzK0KutQkTQ4TrENT9FtrGbdlijj2SxtW/WiHnl0kV5fv1eFtcMT4/Tbx57W84uSNf/uezR//iT1q8iX+UBhvWfcdcQsJT/5hJKTb1Sc7DqcW/3b9fsUbcywq9/kh/XEwmQlPzFDjiJEe9ilmpX8tJ547GFN6i/Zs7NklRQ39Z6qkPNogRr+u5Rjhdr/Vb7U8yrdOmuGZtx6j/6wyHG7fWlF1f/6N/gnOfiiOMVVj0TMT90oc8Vo3frALM2YPkvzfh0n+5cp2lkvQe2niQue1tPJT+iuK8Okw1nKlRQ3NVl3XWWUdJGuvS9ZyXckKrzmPV80SfPuvVUzbr1Ht14RpvxPtilLkl/cWCX2lDL3nVDivKf1/PP3tMmCQgAAAHCXv/oMGaI+1T+VHM7RUVupbD8c0XflDXbN3a+sE/U/6zEkTn2q216LD72n/6kNHg26eMKNuu3GsbVhY8lX27TPWipnig+9p8V1gsfQoVdrxk1TNLruaILSAn3x9tJzwWPPkbr+pps1Y2z0ufPseEvv7jutPkOv1rVDG6yi3WO4rp92o8ZFNbi4caR+M22Krqid09KmXV98qaMlUk14+npN8BgQrXE33qwZE4bUBnlff/6l8hoPOFRo32jFxkarj8HBiMMu/urRP1qxsf3Vw5ahtUvPBY+hQ6/WjJk36tohNceVat8//qHPf3D+/FRu08EdO6pHgho06sqrdO3Y+OoaS7Vrx34VNtVf3cWgAWNu0LioBqMJAyJ08dAh9VawLt7xvj7KcnDTktR3pH4z7UZdG3vuvvN2bNfB6hbz4qz3tLhO8Nhj5HW67bbbdFudZwrgwsTIRx9m/fQNLUqX7EVFKqvwU7/r7tGkiwqV8vdCyThKg2q6eOPiFKOdyrYcli6L1aBIadt3uSrUIB0+UqhI00RFfP+e8nKl0cpWtsKVGBMmZWUqs0KKLMzS3n1VpyoLk+zf5apQsQrv7Cc/Saarz7X0Fh7KVqH8dLpgr/aekaQiySDlfpcvScrMlGSKU1xNGNa5qa9YmPpdVH0j3eJkMm7Uph+tki7V8PgwbftivzIrLpXJlqVMqxT3y0ZrZledZegNmv/keOXvStF7H+9U7va1evabXN15/w2KDZD8Au3KP5il/KJS+QcWyk+Svbxu87RRpoTYqtb1gJB6/2BU3bNRE4dUJ2idHbc1GE2jFRtWdU/h4dK5XpHmClfc4HBt+jRFb/yPXVdNHKvEweEO/2FtGDo2VqjMbwulgNOyZuyVXZKKpGDlKvc7KXFo9W4xozW6ug09OLip9vCsqvfcv1BZ+/ZWbSrrKtnzlfujFNtT8usiyTReEy/i/2IAAAC8IXRAvC7u+qGOnpL0Y6YO/lCogMzM2mAooItUUi7pTKa+zilQn5yaz/w1eHB/GbqoaqXlzR8rq/qYPpPu12OzRqrHT3t0dOs25f0oqbz6L0fKbTq47dzxASPu1OKHr9NA/5/0xQ8fa6e1KuQqO/6lPtpVE3hFa8ZD9+u2IQapZIzCbQ/o9T2lkn5S+p483TZniu4JLVXW79+qPm9/zXjwId021KATg3/Svic/rlrpu8sQ3fnIQ/pNlHQ04oh2vVoVoJYcL5SttOq+U/+9vzZUHfffD+qBsREq2V+sLzYfqg4Mz8pFLNikowe26fOaQNV4nR568E6N7iFpbIzO/v45bT0l6UyGdn5bqGv7Rzg+iS1Hu/ZUzylpGK4r4yLUp3yMRgTs0c4SqeTLbdppvUrX93fVeu2vgWNu1F3+hdpXsxJ60Ejd/9JDura/v0pyP9SiB5dq5xlJOqJ9WSdUMrRBPT3G6o9/uldXGP1VPFI6+OA/q57RT1YV2kqlriU6uLX+u37+wes0MEgqPnhCH20+VP8/j2w5Wrvw93rT0rDWAr378C16t7ru0fe8puQJTY3sBODrSAZ8WNjgqzQpPkwKCFdkVD+FB/tJssrZhIN2e9UkJZFRkVJGvnIrDisvN1gRVw7XwMi12n6kUIXKlz04VjF9JB2v+lWav2+jNpprr6qwuH5yNl6xrLxUUpEyt21Ubk3w5RemyL7hkqy1I/FapdiuIkmRcRcr+LP9ysyWTGezlKtI3TDExVe2c5j6JdygexImKX/z63rl4zRt2jVesZfblfLqi9pkNSouvp+CVagiuf/lr7rn9tXvV3N1T9d/6B+b07RxWZo29hytWffdqLgGuWBQcLCkMp2umpvZgbKq70tRpj79v9zarX7dItWvV0urK6t6z9/v1cb/OzeZTVi3i9Wvyfl+AAAA0C7C+mvoYH9t3VMq6Yi+PnhIOljdu9tzrG4aW6A31x+SZNO+/fvV54fqgEsRiokMrfpXy1PZ2negpiXZoJiIUu378C199uE/9UVti/YQDXa2mEtpgbK/PdfSPHTM8OoRld11ybQ/6fVJpVKX7gr64Z/Kqhm913e4RvStHqEXEKGhQwdIe6rax0/kHtGPpSNVb/yeob8ie1Vt8TcYFFi7fYAGdK+qK7C7UQZVL5xSUqqz5VLxDxna9UP1vgH91UcWpb7ztjb8c1vtSMUeg8+NAG0+m47m5Jwb8TksXoNrWo27R2lE7bupmnezWBEKdXCWE4e267PqOgOGjtTFPf0VoDiNGuqvnftKpZL9+mJfga7t3795AV3fOMVWv7eAiOEaNVjaWf2v9ieOnVBJeYPwsX+cBlQvxBNgCFd4gJRX9UCrnuuZIzqYWfOu/TXiiuGteHYAzjeEjz4s+KI4XTqi4XyJ4QoLl/SDvWoUmySVnFaZpHBj1b5hMbEK107l7+unfHukLo/0U0RmmPLzc5VbkS/FjK1qXe4arjBJkVOSdesIuSW8e7ikMl11xx80sU/DT08pJFhSRQvDuopCnSiSgqOMVSs0x8QppvNOfZ2Zq6ySbMk4tnpkYcPj1GACAT/1G2GS8eN82e12KTNFm74P09h752vSQEkya9WXq9xsga4ZCViksrYIVt0WrMgrb9X8K8tUtPttvfj3ndq0I0lx4+rHwoOiIqX0TJkz7Br98zrJZEWRis6GKSy4+vtSfpXuemiiy9k33Rem8G6SBtyg5FsvbZMzAgAAoI0FRGjokHPBXdbObSqu/rPogMHDNWqkUanrq0b4Hd3zqT4/Vf3v8MbhGmqsCvNKztiqRk5Kkmz6YsVzDeZX7K/rZ/6qaoESR6s7l9hUVNvBa1CPrqG1AUeImHIAACAASURBVFlo3+jq6ZRKdTTnxLn5JINC681/GNqjzorLJaXOR1k2U+mpn87N415ySGtfeq7+Dj3H6q5fxzde7dtd5aWynTo382Gooc4c/l0CFdbdIKkqrCspLam6r4bXKrfp2z3bq0YqSirZ9br+87evN7rUvh37dfTq/vXap5vFP1RhXQ2Sql9WhXvrZNdTckJHawJpGdSnZ6jrMLRLgPoMG6kRoSWSSlT47SHlVS/4Exo5RLFdA6QuBsX0DGTUI3AeYM7HDsdPl42Ik07u0qf7quZZzE/ZpkyFy2Sqjpb6xCg2uEjZn5uVb4zUoAApckCklL9Lu76rnu9RkvrH6uJgyfzJJuXay1RmL1K+eZv2umgX9hscq34qVNrHe1VYUqYyW6Fy03cq0y5JsYobLOngNm06Ypf9+71K2dNUxFcme0mZVFGm/I83aac9XKNGVdfX2aTLTFJRdoq2ZdoVNiTWYXiW/+GzeuSpldq4L1eFRUUqKsrXzn9vk1XBGhRplPz9FawiWX8oksqKlPV/KcqUmgwT7faqeDdscJyMNfdsK1TWx2nKbuKu3GIrVKGt7jDWMyr80a6yijJl7d6p3JNVK4UH9+qqYEl+AY3/RNlvxFiNNkiZ/3xFa7/MV1FRoXL3bdTSpxZp0ZqdsstPFw/uJ/2Ypo++LFRZWZnsP+ZqZ3rmufDaoerRlPVqK1KRvUxSpGIHB1e95zy7ysrsKvrerG37nL/r/M2vaNGLr2vbEae7AAAAoE35q2fsENU0phQf2lO7mvPA6Gj1uShOQ3tWf2g9VPtZQHRcndWLnYVQBsWOvVl/fPlZ3TOqu5N9JHUJUEBtclQi25mzDs7o32Bao/qtziUlJeeOCfBvHNC1VLkct1QH9dcVU+/Ryy/dq3F9m1hFugn+dWo92zA0LT139QD/AMf39VOmvtj5k4MPGtj/qXa5mjeyKeVnVWQ7N8+j03pcKS2pauOXJAVKXZp4dkH9Ne6OR/Xck3/Sc08k646ra0ZaRmjinOTq7Q/ptpEuvl8AOgxGPnZAfpfN0Kzc17Xq7UV68G1JncMUO+WuOguSDFJMjJ92mvMVnPCrqsAuJlaxJ95TVkW4xsfUzF0Yp//P3v3HR1Ue+B7/ZCaZZBImTJgwgYFAQgL5AcEgKBoKbRSkokVRqlVaqq3b/WFve7vtbt22bu9uf3m97XVvb73b7drSpWLFolgqKILEQglGQSJIIJCQQEIgIYEhYzJkJmfm/jGT378hgYDf9+ulZM458zzPec7Jr2+e5zx3PZRH5dq3ePb7b4W2RTtZtDqPORP6uDXGLuKhe47wH3/6PU8d+H2oPWMzuTv1ZrDCrPtXM6diLW/9/Pu8ZbKRvngps3ZvpbzCy+3ObnOGx4xjXPSH7Pz5d9gJEOnk5oe/Eh6dGJJ54xysv93PEazcnNn7eslJtyzl5hOvUfjCs6FyACJtZN7z1+HVqhdx++T3ee3lH/CPL4Nt+lJuv7GRt05U4sVJzycc2oiPA0/DOVqZSqTzdlbf+SH/9vrveeoARDrz+PRCL68VV3KCWb2u4hxjtULdCU61grNHVzqZmmaDPa/x1A9O8aWnHiJzajo2UyGv/c/vc+qRrzPp3a288dKG9hn2tun38tlbexn2aUpn5ddW0vz/XmX/i/+H/QCmSMbNWMrjD90cOrcFD3Hvkf/g1Ref4jsvAkRiy7yblPn0cu5gjYsH6qirB1zgbG/bD3gtvGJ35mceIu/kWt76xfd5K1ync8GXyMt19vpF5XzdKTx1cKq3v4iLiIiIyIiIc01jegzhZ/m1SSI7I4kxNgtpKVHQ0DW0mjJtMuPCgaElJoEJ8UD4/ekrvs1XF+eQNjmuYzRabyP22kTFMS4xCk6EphcfO1JN06eSsHQ7fkxCAu2PTK+r5kwTZMUBho9zNR1/4E6YnITj8vLAjqYl2BkH4WnRSXz6a49z/42ZTGmbQn65IyzNcYxLHEfb6Mbz1XWcMwiN6vSf42RNW9gXxYRkZ6+j+84fe4eittGE5iTSs50dU7ONJk6UHA+Piixlx7tVfCZ12qWNEvRUU17V8XJcUsLQy4lJwNE+ePIcDec/grYJ8sM0WlVErl0KH0cj5+186+nb+znASuaKb/Hju7x4WsAaZyWy27TjOat/TJcJsbY8vvJUXs+SMu/lWz+8G2+Tl9ZIKzZrp1uij3Y4F3yFJ+d78XhbiYy2Ye38nck6i4e++2PubfKC1YY1Erjt9t7H2KbczRM/uBtoxesFq7Xn7RiZ/RDfuuccP3gziVlpvfdGpGMO9/7dHO4NtIbOg0isNmunm9vJoq/9mLwmD15T2znezu1tIx9nrebppzuXOJV7v/8093Y+5/yv86+3ePAGrNjiQiUvuqtt7yxWdy2A9Pv/hafv76j/9m89TeeeTF/xJE+v6LRh+r08+VSnGrOfZFFrH33cXcLNrP7uzbQ2efAGInveDyYneX/1JDd7PXhbu+/v2TbbrV/h6Vv7aRuANZN7v/Vj7m6rs1t/dy9z1ud/zL94YcC1bERERERk2FgSppE7Fd4t7bQxLpVsVxxYLF2mZYeEgsn2Hz3j08jOjGNTeGGYsnf2cGxuKsmJfs4cO8CO17dwMvMrPLE8FHr5u4dMliSyc6bBvlADzr/5W17ITuCLC5LxnzrAjj+9zrFpD/P3N3daHKdpH2/sLuWm5RlYqvew6e22Z1HGkZubGloIZ6h6eSzUmImzyZ24gZOnAWopevc4CzKmMcF8jvKSd3jjj/tIePjbPJIT1+O9Hfz4Gps6RmZerOXkseOMS0lmiiOKCRk5TOB4KFQ9uJ0dJbfySG4cZ/a9zhvtK7NkclP6uJ5h38VqinZ2TLlOWLCSr37hk2Q528JRN7v/7zf414JQuFm2czu7sxeTNS0Zn+Hrc8xqO3cVZdVuJkz8iA9efYE32qdMTyN3+iUs8BLjJHta273i5703d3F47kqyYmr54J19l74Wp4hcFyKCwWDwajdCpE+tJ3j1fz3Lkdlf54m7Jl3t1oiIiIhccbW1tSQl9bESrki/mij+7RN8e2OnZ99kPMKz/3oP6THwUfGvePz7r3cEQ/GL+Od/+wYLHB2Hf1Syjm//04b2VYx7cCzmu1+J49c/+WOPgCnrkf/LDxdU859P/M9O4VY3CYv456ceJW7bD/j2huN9HASWnEd45p+WYXnzSf7qt6Xd9trJSvdzuKyp2/YkslLPcbiiW/hoyeHxZ54g+/2nePzXB+nLmFse59lvLmZCb0lc3U7+9b8/w+7uVQJTHnyKZx7OYEzTcV7+yRP86mDfU6LTV/wrP/xCTtdnS/ZRdnu5F6vZ9MP/xrM9mh5P7gwvxUe71Re/mB/8/HGmH/8Vf9u22nUfEvK/wb/9dQbFP/tvPPNe93Ju4Sv3wQu/fYePuuyws/yfn+Fh/zr+9ifb+y0fCPf/k11W6P6orpozjU1AHGMmT9ZiNXJZ9H1z9NEzH2VUqtv+U/7xO9/hO995lkLrIh5aouBRRERERGRo4piamdllFeUp2dPag50xybNDi8W0mTiNpG4D/cZkP8C3v7aYHmtNtu1PSSIqou8WWJy38Fff/go3J/S1PwGCceTe9w2+kd97WGDJXsmTX1tGen+DEIcsivQ7Huef757W5/5kZ2/rTw9B3DQ+8/jfs7z3p0cx5c5v8O3P5Vz6ojbDzJKziu9/aVHvYesgJNy4ir9f3ld/9m+MczLp6Rmkpyt4FLkeaeSjjE7hKcf0mEItIiIi8vGiERxyWRqPU7DzIOf8hFYYvmERC6aGUzyfm8O791DiDk3SjZtyC7fN7X3Kre/8cYrfO0h5bTUnGu1MnZpE2sx55KbaoeEgO3Yfp6nLtGsL47IXkZ8RrqupluJ973P42BFK6iwkT5/G9IwbuSk7qWN1a8PPmZI97C4+SHHFecZNySErZy6fyJ3cfsxHpTvZUXK+62IxUXGMi4dzDd2GCkbFMS7Ozzl3t0nIMUncsOAW0sPB60cn9vGXg9WcqT7O+Zhkprgmk507t2OKc2+aqnl35z6qLnbfYWFcxq0syLZ39KPPzeH39lB08ADl9RaSMzOZmXsrN6Xbe5/e3GvZnco1mih7Zycf1HU7r4hIbNFBPBe7zX+Pm8yCRXOJPtRp5GPCXO6/MxX/iQo8CZlk597IbTdOC/Wz0cTJ93by3mlfj3JumAolpdVdp9ib40i76ZPkTowC/Jwv3ceuknKqavyMm5pJbq4TT8lBqtouT7f+Fxlu+r45+ih8FBEREREZxfRLlIgMh/P7OoWPqat49kcrh3k0qcjooO+bo4+mXYuIiIiIiIhct/ycfOtXPPWbTs9jrHiVZ374Q54tqB54cRoRkcuk8FFERERERETkuuWjqfYgxdWdJ6s3UVayj+LTTQofRWTE6VF6IiIiIiIiItctC3FJOdycm4Cvy7MaLUxJiuv9uZMiIsNIz3wUERERERnF9OwqERGRwdP3zdFH065FRERERERERERkRCh8FBERERERERERkRGh8FFERERERERERERGhMJHERERERERERERGREKH0VERERERERERGREKHwUERERERERERGREaHwUUREREREREREREaEwkfpnc+L13e1G3F1+OoqKTlaRYPXGOBIA6/Hy0BHDZXRWEXpoUrqmq7vC2B4PXj9ve4ZfL/6vXg6X6fur0eTj/HnlIiIiIiIiHx8KXwcjTyl7HpzK1vb/vtLMTWeYa4j4KHmaCXuQO+7G/ZtYt3b5R3HVtTg6ePY60nDu+t5sbAKn7eKAx9U0X9WVEbB+gLKhrF+X9lW1m0uwUM9pUdqh7Hk0afs7fVs2u/ubQ8F6zezv9d73qChopKGttCyvID1b3e6At1eGw2VVDaMjjCyYd8mNu1ruPQCPkafhyIiIiIiInL9UPg4GrU0UHOyhaRb88ibm01KdC0Ff1hPYd0w1nGhhF07d7K/up9jjNbQv9V72f7WLkouDGP9o5KbsspW0vMWkntDHvm3pGC5wi2oOl5FYu5S5s2cx8K5yVC2ledeL73CrbiCjL6CQQNfSy+bPQfZWbCdvScGU7iHg7u2s31f5aW37yoqf/M5thzptOFKfx6eL2L9+kIuIy4VERERERERIfJqN0D6EonVZsOGjQxHMjbvWrYUl5N3R9rwFJ8wnwcfmz+4Y6fks/qx4al2dDNjNjPs06iH1AKzueuG1tExam/UsOWy4ku5gz2Y3HsfY7BHjzY9Lv2V/jzsMxgWERERERERGTyFj9eIhLE2aGoFfwlbXqoibaGD0l3F1EXlsPKB+USf3MXmgjKazWaIsJO9ZDnznHUU/r4AljxIXmK4oNOFbHirjGYA7My+ezm5dgAvVXu2sfNwHd4IG/a4ZrCF3uJ+bwMbSm3kP7CUNAu4393A5ovZzLl4kKJqDwY20vJXkJ8aHidYt5dN2w7S0ApYXaTE1eNN+RzLZnYN1tzvbmDrxRScZw5S2WRgWJJZeN9SMqyh/d5ezwnK31zDIdcqls+yAFUUPL+VuhkrePBmB+Cm6KXNGJ9aRZ7TS9VfNlNwvBmCBmbnPO5amoPdBHW717PTksecjwrZWeHBtWgljg83cfCCD95cRxkGybeuJr1qLYWxy3nwZnuoUeVbWVOezqMDhsChureXN2M2A4FE5qxYRo4NOH+QLVv2Uhs0Yw5Ek7xgOflpVsoL1rL7pIHv9HrWF7fQYoAZA4x61j1fRGzWcvID29nckseqT7gADwdfXU9RbD6PhdtT/uZzlCY/yrK0Wva+VUjJGQ+GycCIdDH/M8vIiQfOFLL+Lxby5ngo3FmOZ1I+j93h6rOvOvOd2sv2PSXUegwIGlgmzmf5nTmhW6VsK2uOOMhz1LD3cB1eLDjm3sWKGxyhNwfclGzfGrpnoh3YQ7dgH1pxf7CJdSfq8GLFecMSls91QvlWnvuzh9zlK5mX2Nd725Sz9TcFeHJWsPKm8L2xYTO+rDk0HyqiqtEAWxqLV+STYglds/KCTeysbAaTBceURHxnbSx6IA/nZV7b3lS93fe9VV6wlsLTQMM61u6NJfuuFaSXdf08JODm4NbN7K0zMEdAdPICluenYR3EtejyuRWAxNwVLJtt62jc+b1s3FKKp9XMG+vKMFwLWJ2fNqTzExEREREREQGFj9eMmrNuLHE2iHKRYi9k19sGefc+yvJ4M/hK2fJ2Da47HyXPCdQVsv6N7SR+fjEpk1rYdawBEkOhQ0NlFWQsZ/VNBoXrN1JzBnLt4DtSwPaTCSz9wnJcZg+l2zeyKzzwyX7TIrLLCqhthLREMAwDb1kJDfnLWH2HDd8HG1l3sJQFqTlYqGHXthIi536ORzOt4Clhyytu7PPNPc7JMAw8lXXkrHiUfFsoENz0dikZd2aAr5SCPs4peYKDgpoqmJUG52uoi7FjPlODDwcWXxW1HyUy0xk6p4JzGXx2dQ5WvJRs/gPb9yezcq4d5/RkWjZtZW/WMlY94sJiAtJXY3v9OcpTV7EsM9TGhrroriPA/AZG23T0/pw/QGGlg8VfWEmyKfy+KIAGCt/cD2394y1hyx82s9exknn5q7HvWc92FvPgreHA7sgWnqtIY9WdGaHXp5IwdlfhxoWdOmpa7NhbaqghDRc11NTZcNxkhshYXLMWM3upHYspFPRufK+SnNtTYEI6yf5NbN2XzbJVj+GygO/Ilj77qjNLrIucxbNZZrdAwE3RKxspqshhcSrQamDUlVCe/Gk++4gTS3UBa3eWUHPDQlxAQ9FWivw5rHwkG5vRQNGmjfQ9IdqLJyafzz7iwtJUzKY/7GRv2krmpS0l78hzVNYDA4aPaSy9tZTnKusBB2BgGF5KDzew+NOrWRrvo/jVdRw4soCU2RZ8H26j4Gwyy7+Yh9NkUPOXDWyxpXQLHi/x2vYSssZG931vpeWvpvVi13uRbp+HDUVb2c88PvfFjPZrtnmfI3TN+r0Wbg68U4Ej/1FWTiHUL/5un58J81ixzMf6t2Dxg3mEv3oM6fxEREREREREQM98HMWaqTlUQsl7u9i6aT07z7iYf5MLALMJXDctIzs+HBicrKTGns28tpTEmU1KTBVlJ8CVlkrLydLwc9saKD1pJmV6z6SgoqIGR9Z8XFGAyUaiLbrTXnPPO2ViDgtTbZgB66QkbF4PHoD6SmpM6czLDI+GsiVhj+nnNMenkR0ecOXMSMZWVxUKpPo5J4srEVtDLXWAr6oWpmSQ5K2lBuBULQ2JLpKBqpM12FMyQiPBsJKdloi7LryIiwki47LJXxAOHodbZDQWXx2VJzyhadxRZswA58uo8qeS29Y/1mwyJripLB/kikITnSR+1EBNADhVQ31CBhnW2tCCRJ4aanGRnACY7LiS7Vjw4fUa2ONjMdofomgGk5XsT+XhCg9W7bevOktwkWy3hFZuNuzY47o9mzEunfk3OEN9OsVF4sXwfUEDpSdbSM/NxmYCohzYY/s7URvJGeFrY8slPclN3elw64dyvSJ6bnLNWkhKvBmwkpxkw9sUamFFVR2unDycJgAzrkRbzzfDyF3bAXX+PHRTVtVC6uxO1ywjCXdlGe219XktzERbfNRVVuLxh16bowZR/Yifn4iIiIiIiFyPNPJxtIt1kJyTQf5UZ9eQrFOo4j7nhqjOi6PYsdsMGlqA1DRS/bsorYc8Sqkyp7C0R/bYQEMjRKYOw/Iq9W48Jjs9xzkOwjg7Nr+bFgY6pxRcRiEnPdB81oNjWg6OsweoqQPbmQZsk+ZjwU29G+pOv8jaAx1VWCZldLwwcWntHAxbLp9e3My2XetZ87YN140LWXqDC3ODG0+Ujc7Rrt1mw/D1v652O1MqyYmF1JyA5HO1RDtySbp4gL3VQEQdzROzcQEE6ti7aRsHfTZc9kiaz9bAuM5TxSO7BFkD9lWbur1s3HYQn82FPaqZ+tOQkDqYhtfj9kRjjx74yN6YTeBxN0B4DN7wC30O9BZW9jBS13aI7XV/FI2ta2XYWn0DrNAOYCN36VKa39rJ+t8VYJs4h4WLc0N/eOi3yit5fiIiIiIiInK9UPg4asXimplNL/FPD/Z4G5wJhQ6hsM6DpxnMkQAu0qaEpl67I2swpy7t5TF7NmxWcA9Hs8fZueQnwNW7OR9jw8bA5+R0uKmsbcDXkEByPiSdjaTsjAfb2RaS5oZGrNlt4Mz8HMtnX+k1q0OsU/JYvioPo6GYzZu3sDX6MZYl2rD5DToPFvQ0N4NtsDGoBdf4WErONlDTYOC6yYbTncj5mhpqqMc+PjQ61vfhOxQzk1UP5Iaux5EtPFfRV5n2QfaVj4PvFMOsVTx4Q+gql77+HOWDarcNW38jYAdgBMBmH6ngEcCBfczgPwdG5toOhR1bXAtG18pojrANLlC3JpN39yry/A0Ub93Mlu1WHrtzgK829it5fiIiIiIiInK90LTr68G0ZJz1FZR6w6/dpVRecOKaEnrpmp5Ka00JB09CyozeppJacI23UVteghcg4KH2XPOltSXRQUJTFaV1oZfG6VKqmvo5vsWLJxD6sOZIBcbE5NDIvYHOyWmnvuoA9WYnLhPYJ7nwnNlLrcdF8qSOY+oqS2krAr8HT/uLwTGbobkpHEn5Gyguqwd/19FlRqCXNwZ8+PzhMhy5pDuguckDiSm4Ik5SfqrtuHLKqi24kgf/0DzHBAfNZw9Q0+jAlQhMcWE7U0rp2Vhc4dGrLX4fRFlCwWPAQ+VpDwT6Xr14cH3VQosfoi3heNlTSU0jEBxMq104HR6q2m4Mfw11jYM7XzzFlNU6Se5rjZ/u59XPefYnaVzXz4GSivo+6rv0a9vaqW2Dubf65iBlkpmT5TXtW8rLq7C4kvtew6cTny/cjigHuWmJ0OxhwMnTw3DvioiIiIiIyMePRj5eDyw5LMmr4ZWX1lMx0Yr3tBfnJ5eT0zaIbWIaUy5uoTQmlwf7eIydY+48XC8V8OLavZiJJjkrHdvRGqrIIHkwbWgbEWXKID+vkj+8toaySDDHJ5PQ31DIxkNsev4ABgZGbDqL70oZ1DnZprqI3FSCN2N5aKXliU4Stu6iMimPxeGibXMWkVOxiXX/tR+LGQwjmpRFnVblHgT7jAzsrxSw5vndEGEjY/5sXLurqPDnkBGVhDNhF4W/24D7jpXkTex4n/f4bjbtrsSc4CLWX0ttaxr5OTbAxsIl6Wx4fR0bnQkY585jnrWExRP7aECiA1thIWufLyL51tXkpwFTk0kq2EV5Uh75ABYXicEiSnzZLA9fX1vOHJIP72TN83tDqxLfkIyjpopyfzZpvUyvHVxf2Zh9QzIv7lrD2n1msCQze4qDmqpyjKy0PkbcteILD1/NuCmXg5s2sabCgjnCRvo0Fy21NXhxdBstG4vN2kzplrWUmYBANMmd7+fOJjixFxayZoObpSvzcHV/3Ue3dtbiD43lc8zPJ/uVTaz7r9DnQMokG/h7Hn+p19YxwYFRsJm1H83nc0uzB7i3INFhY9eetazdm8yCz+fTPXt15S0h/ZXNrNuYRELgPOfNOSy5rb8zDl8Lfzm7X9tJpdmBK85H7RmDtE8tpseXhvgk7C0FbHq+DHvWclbMdQ3t3hUREREREREBIoLB4KDGLck1IODD22RgjrNe4iIqBl6P7zLe37UtPsOCJaqGXc8X43h4GdndymzYs56N7lweuzMDw0/vi15c9jmB4fXQHIjGFnep068NvF6wWoc+vdTX5KHFFIutx3sNvJ5miLFhHcxiH5dk6NdzUH3l9+LxmS+tP8PX02KzjtzzNi+T4fNhtljwHdjEHzy3sGpBj/WugeG6tpd+b7WX4PXQTG/tGIDPi6cFYod8La7EvSsiIp3V1taSlJR0tZshIiJyTdD3zdFHIx+vJyYL1j5GNg6OGavtkp/Y2C4UJFpCgVddJTURNtIGCL/6XG33ss8JzFZbz1FdQysB6yV2iyXORu8RnRmr7TJPbEBDv56D6qsoK7ZLDZ2G4XqOGL+BEWXGbLEAXsqq3Nim9j2leHiu7aXfW+0lXOr9bbFiu6Q8/krcuyIiIiIiInK9UPgow6yOvZveoLQJMIERYSNnyYo+p79a4xOuZONE+uQt384r79ZimADDIHrKIpbPujqLFYmIiIiIiIhcLzTtWkRERERkFNP0MRERkcHT983RR6tdi4iIiIiIiIiIyIhQ+CgiIiIiIiIiIiIjQuGjiIiIiIiIiIiIjAiFjyIiIiIiIiIiIjIiFD6KiIiIiIiIiIjIiFD4KFdfwIe3ydfrLl+TF1/gEsr0e/F4jctr1xVj4PV46b21/e27DIPon0vu+6vA8Hrw+q92K0RERERERESkO4WPcvWd28um9QWU99jRwN7XXmTniUsos7yA9Vv247n81oUZNFSUUucdtgI7KaNgfQFlfe7bzP7hO5GQ8gLWv917jSGX0fcjIeCh5mgl7j7C0LK317Npv/vKtacaflZ45aobFB+88BK8cKzb9mr42UuwZ7jvIREREREREZFBUPgoo0PAoLXXHQa+lksss9VH7+MpL0Ulewt2sfvo1UhwLqMPBut8EevXF9JwpesdrAsl7Nq5k/3V/RxjXMGRrhfgW3vgzJWrcWAX4OXD8ItCuNhpc0Ux/LQYdvTXdyIiIiIiIiIjJPJqN0Dk2pDG0i+lXe1GjJwrGdxdioT5PPjY/KvditHNC+50+HI1FPrgNkto845D8NWZwDUyhV5ERORyBYNBDMPAbDYTEREBQCAQIBAIdNk2HPW0trZiMpkwm8191i0iIvJxp/BxNCrbyppjNnKMCg6e9WFgI+eulcx3Ar4a9r5VSMkZD4bJwIh0Mf8zy8iJNyjZvI6a7NUsTg2XU1/I+rdg8YN5OM4fZMuW/dQHwTBiSc+/i4VTrOAvYctLVaQtdFC6q5i6qBxWrsygautm9tYZmCOAqFTyH1pIcpdGeigt2M7ek258gBGwc9NP9gAAIABJREFUkX3HcvImWQA3RRs248uaQ/OhIqoaDbClsXhFPinhQMR7spBtu0qoazFjGxtLM7Y+u6OluoD1e8rxBM3YUhexPD8Na6gUqv6ymYLjzRA0MDvncdfSHOxt43kDLVTt2cQbR+rwBi045t7Fihsc/bTdTMnmNVSmPcayzHAZvhK2vrSXWgDMJC9YRX5qR93by5sxR4B5XDZLls3DaQLOFLL+Lxby5ngo3FmOZ1I+j33K2sd1G8wN0UpLVSGbtpZS5zWwJM7jrntzcQzQB75Te9m+p4RajwFBA8vE+Sy/M6dnT5/fy8YtpXhazbyxrgzDtYDV+fZQze4Stm4oosrd8xq26+9+7e3+emA2nl77ro7C3xfAkgfJSwyXfbqQDW+V0QyAndl3LyfXDgTclGzfSlG1ByPagT20u5335C42v11Bs8nAiEhi3rJl5CT0cW0WOzg44P0+BAHY8Xv4UWXo49S58ItlEAO4D8H33oAdF0L78j4Jv1gS2rdjHezPhax34aul8NN/gLwD8HgTPH4Rvvo+HDbBL74Ij0/vpV4P7AB+Oh22HIPbZgIn4ZUJ8IsJ8LMLna85/OiXsBmwBuC+lfB4RmhXb+24zwQ/+hXsCIC3Fb78BfhyyqV2kIiIyMhqamriyJEjzJw5E6s19FOj2+3m1KlTZGdntweFl8vv97N//35sNhuZmZmYTCYuXLhAVVXVsNYjIiJyrVP4OBq1Ghinq/Dd+TkenWjGe3gLLxYUkv5gHo7IWFyzFjN7qR2LCdzvbmDje5Xk3J5C8oRYisrLITU0Qs9zooaWiXk4aKDwzQPYPrWaZZOAukLWv7Gbys8vJiUqmxR7IbveNsi791GWx5uhbCsbWmay6ou5oZDP39uouEgS0hdw3yecWKPAKNvK2ncOkHP/PGwYGIaX0sMNLP70apbG+yh+dR0HjiwgZbYFfKUUFFSRcMejLJ9oxnN0Kxt39j3yzuNPYsXn87FRRcFL29ldnsbiNPAdKaDgXAafXZ2DFS8lm//A9v3JrJwbTqG8VdTEfprPftGJpbqAtTtLqLlhIa5+2p6e7KSwohQyw0nM8UpqJyxg9eI0Sl9/juIzDZDqCNVd4+KuL+ThNEHd7vW8UZDI6ttTYEI6yf5NbN2XzbJVj+GyAAF3n9dtYF6qamL59GcfxRlZRcELBZScymXhpP77wBLrImfxbJbZLRBwU/TKRooqcjrC6TYJ81ixzNcRVAOEJ2DXVTew+I5eruFg79de7i/fkS1s6qPvUia1sOtYAySGW1FZBRnLWX2TQeH6jdScgVw7NBRtpcifw8pHsrEZDRRt2khlW3t8pRS8fZ6Mz64mxwrew1v4w469JN8/D3tv16ZsK0UD3u+Dd6YAfjYW3vouEIAXnoFnp8M3p0NMAnzz7+AXVqAVfvQj2HELLLPBbbPg9t/BDx+A44+GywrAK+/Asi9CyUq4+C5Y/wJfnh4KLLteB5gQBXNy4PF34bszoeJA6LX1PJzu9LzSF34DLIfCmYAXvvdT2PI1WDa293a88DOY8BC8NQWohft/BTd+F+bowR0iIjIKeb1eDhw4QGpqanv42NjYyLFjx8jMzBy2ULC1tZWSkhKio6OZOHEiCQkJXLhwYdjrERERudbpV8fRKi6ZjImhH1isWWkkeWqo8AAmO65kOxZ8eL0G9vhYjPCD+WwzUrCdqgiHMD4qT3lwJbvgfBlV/imkTQqX7cwgObqBmnOhl2YTuG5aRnZ8+AckiwVL40lK68JPTIzq7QcnK85kJ9YoA2+TD7PdRmy3Zyy6Zi0kJd4MWElOsuFtCj8v8Xg5NQnZzA+fn22cjeh+uiIxNRtbFBCVzMwUC7Vn6gCoOlmDPSUjPArSSnZaIu662k59mM78G5xYTMDkJBIvesIL0PTddktmKs7T5ZSGp6iWVtTjSu053brqZA32zPBIR8CZnUJ0dVm4781gspL9qbxQuAX9XreB2Uifn4vTApiSSUrw4fF0akdffZDgItluAZ8Xr2HHHjf0Zzh2voau8daOa9hdX/crPe+v/vrOlZZKy8nScPTZQOlJMynT7d0qa6D0ZAvpudnYTECUA3tsp90nK6mxp5IR6hSsWWkknq9rH73a49oM6n4fvMJDcN/s8AsT3JYLhSdDL2NckGoFvHDRBKljwN32gMZIYCZ898ZuBWaFwkaAmFS47xz0trTOmXrIcwDT4f7jsCcAOw6GwsQYK7jbwscG2OyDh2eGX1vh/gzYcqiPdoSPv21K+HUS3B8Lh7s+IFRERGRUaZtm3V0wGKSuro6ioiLeffdd9u/fz8WLFwkEAhw/frx9e11dHcFgkPr6eioqKqisrOTdd9+lubm5S3lWq5X4+HjKysoIBAIEg8H2fRcvXuTQoUO8/fbb7Nixg8rKSoLBIH6/nw8//JDjx4+ze/duDhw4QF1dHe+99x67d+/G7Xa3v/+DDz7g3Xffpbi4uEfdIiIi1wqNfLwmJHQER3F17N20jYM+Gy57JM1na2BcOByzpZMSt5GyCkiZWkFVfRJpU4Hjbjy+GrY/X9GpTBvZnTOWzo+kmZLP8pu2snXzWvZaHGTMX8zC9O6Tdb2UF2xiZ42FpPGxtLpr8JAxqLNpOO+BKAvdZ+8OhtkUidd9HrBQ74a60y+y9kDHfsukPtpg6nyy/bTdkkFqYhHlRyFjRinlZ11kLO1emJt6N0RO6XQGCXZs/gY6sr3IrtF+oJ/rNkTm9nLd/fdB3V42bjuIz+bCHtVM/WlI6D7qcUj1DvbLRaf7te22ab+/Bui7SWmk+ndRWg95lFJlTmFp9+yRetyeaOx9JNbuc26or+HF5/d3bIxJ7nR3drs2g7rfB+/wGVj3O3ihUx1zPhn692IprHoJJqZAaiv8ugG+1/nNw/TnoNuyYMc7UDgB1lkgZizsaPv0r4MdFsKBdchER9eRkV3aUQc7PPDYT7rW8U396UpERK5Bra2tfPDBB7S2tuJwONoDynPnznHo0CHGjRvXfswnPvEJmpqaeOedd0hOTu71GY4RERGkp6dz+PBh0tPTu+wzDIOWlhaCwSDNzc0UFxczfvx4IiIieP/990lNTcXn81FZWUljYyMA5eXlWK1W5syZQ3l5OdXV1SQmJraHoTfccAMmk74Ji4jItUXh47UgUI+7yUpyPPg+fIdiZrLqgfAU0SNbeK49U7STPtXGpqoaoIr6iWksMwF2GzZLOgs/vxDXIKu0Zy3lwSzwVO5iy44tFNo7PYcP4NRedp9ysvjhfJJNtD9fcjBscdbeh24NghFoxRqfANix28CZ+TmWd58GPJB+224hI8VJUUUpRlQV5yelk9bj57tQ3bU+H7RFqB4PzSZzn59Q/V+3S9VfH/g4+E4xzFrFgzeEYqbS15+j/HKrHIxO92tPA/Wdi7QpoanX7sgazKlL6ZE9YsPWY85xpxribZCYzeeW5ww64B7wfh+CVAd887Pw5Sk99617BW77Ajwenm0/8WeXVkdvKs5A1qzQx3Ny4HsvQtZdnaZntw3+SIQ8H3TOGk9fCE0J71Ui5Nngp/8El5Fdi4jIx8DpugbcjR/1OuJwJM2cMbTvUF6vF4vFgsvlIjExkejoaA4fPszFixeZPn06Fy9eZMeOHTQ3N2O1Wjl//jxz584lNTWVyMiuP+0ZhsHYsWNJTEykrKwMh8PRvi8mJoaUlBQ8Hg+NjY0UFRXh9XqJjY0lGAySlJTEpEmT2Lx5M4ZhcMsttxAMBjl37hytra2UlpbicrmYPn06FRUVnDhxgpycnC7h46Gjl/0DpYjIoJhMJuzxY5jodAx8sEg3Ch9HK38LHj84osD7YRk1CS7yLNDi90GUJRRgBTxUnvZAoOMZdfZUF9FvlLOXGuyTFoU2JrpwGLspPwWu8NRrT6MHW3wfo7v8PnxmCxYT2FIySLaW0ewBOocxvhYMcyzRJgCDhqp6mgOJDOZpeRZXIrb95ZR4M8i2gqfWzaAmkfirOFQJU25zAuBy2tlVWYp3dk74WX0ePK02bNZ+Sxmw7ZbMVJzFVRRaakmatrjXIlKTnew63lG3+0glbmdGn4uUDHTdAIwAQx751ncftNDih2hLuDM8ldQ0AsFObw4M4wrXfdyvvRmo71zTU2ktLOEgkHJHb/eoC6fDQ3FpHSQ6wV9DXSMdC85McmIvrKDUm0OOFcDA0+jDFt/HjdHX/R5fR/mxeizJ2X0Eqb3LSoXvHegUPnrAHQd2E7h9MLGtGQ3w/kdw4zD+fmZt+4o+HR7Pgolt07+dcF8dnAEmjIdlJthxMtzGtunZf9VHoeNDYWX78YD7AtjHDl+7RUTk2ne6roFAIMCM1Mmj8lmHfr8fgMjISGbPns3Ro0c5ePAgdrud3NxcGhsbMZlMeDweWltbmTp1KlFRUQQCASwWCwkJCURFRfVadmRkJDNmzKCwsJCYmJj28//oo48oKSkhPj4ek8mEyWRqn5YdFRVFQkICFouFyMhI4uPjiY6OZsyYMbS0tNDa2orH4yEYDHL+/HmioqJwuXoOIxhq8CoicqkMw+DM2XOcrmtQAClDpvBxtDKq2P37tew0GRgkMf+ueaFsJWcOyYd3sub5vZgD0STfkIyjpopyfzZpUUBiNmnWjRSX2cj9bFv6k8KC+aX8YesaKixmMAzMjjl8+u62FZO7qjuwmW0fNhPrTMTcWIPbOoe7uv9ckzqHnH2b2Ly2DDNmbFkZJBuVnHSDs+dQNQBa/OFJyYnzmDfxRQpeXMteM0QnZ5MeX0pNFWR0Se8s2MaYKS1ay9q9QMCMfeYSlk8M7bXNWUROxSbW/dd+QqcVTcqiFeSn9j3ezQgMou2WDFLHFVFUncLi23svxzJrCQtrXuHFlypwxXip8TrJ72ekna3f65aEM2EXhb/bgPuOleRN7LP5HYID9YGN2Tck8+KuNazdZwZLMrOnOKipKsfISsM8wYm9sJA1G9wsXZmHKz4Je0sBm54vw561nBVze6+2ta/Asq/79VL6bmIaUy5uoTQmlwf7yMczbsrl4KZNrKmwYI6wkT7NRUttDV4cWG3zWDRrA5t+v4b94fs9emo+Kz6V0uv16fN+ry9j754SLK2pJN/QLbiMg1vPwsQnum4reRLm3Al5/xuyP4CJptAIw+89BsvGw6p8uO1Z+LUVYpzw5RzYUgoPJ/XRWb3pNmqxzekGiGl/xigse6DbAYGO9335EXjsV7A/BS5Wg30JfLOfYdGPr4S7fgUvxAGtEDMZfv0oTBhCs0VE5Prmbvxo1ASPFouFqKgoGhsbSUxMJBAIcPr0aWJjYzGZTEyePBm73U55eTn79u1rX5gmEAhgs9mIjIzE4XBgtVppaRncA7MdDgeJiYkcO3asfXRkbW0tJ06c4M477yQYDA6pb8xmMzExMURERJCQkIDdbsdkMo2K/hWRjyez2cyE8eM4WlGt8FGGLCLY+anIMjoc2cJzH9hZ8WAedr+BuccCGAZejw9znDW0mEp39YWsf9vC0pXdAqCAD29TC8TYsPb+h9tudTRDtA1rP3NXfU0eDMtgyuulBq8Hn7n/8gdbTnMgGlvc0Aq6nLZ3FOLF4zcPsu4Brttl6LMP/F48vsG27xINeL/2YUh914uAD2+TgcVmpdca/V48FyF6UP09uPt9KC42hRaVsXcfcOkDt9HL9qvgogewQsxg/gwVAHdTaPGaQR0vIiLDpra2lqSkofyl6so7dLRi1IzCa21tpaioiPPnzzNu3Dh8Ph8NDQ3Mnj2bKVOmcOTIEXw+Hy0tLVRVVbF06VJ8Ph+7d+9un4YdGxtLZmYmFy5c4I9//CP33HMP48eP71JPc3Mzr776KkuWLGH8+PHU1tayefNmEhISuPvuuzl16hS7du0iPT0di8XC4cOHWbhwIePHj29/n91u509/+hOpqanMmTOH4uJizpw5w5IlSzhw4ACVlZW4XC78fj+TJ09m6tSpvT57UkTkShlNX+/7ci183/y40a+Qo1zvQY4Zaz9ziys/KMOa+bmeI89MFqy2wSYrZqy2gRfdsMRd+sIcZquN4chfzFYbl9KKy2l7RyFWBt2lA1y3y9FnH0RZQyuFXyGDDh5hiH3XC5MFa3+XcEjnPrj7fShi4jo9b7EzC32OCr3SYoZyyiawD28XiYiIjIjIyEhycnI4evQoXq+XiIgIMjMz24M7s9mMYRiYzWZuvPFGxo4NPUtk5syZ1NbWEggEiIyMJCIigtjYWG688UZiY2N71BMVFUVOTk77PofDwc0334zZbMZkMpGUlERWVhY+nw+r1Upubi6xsbFd3mcymcjKysJuD/10MGHCBGJjY4mIiGDGjBn4/f4uU8ZFRESuRRr5OBod2cJz5Sk8dlf2EN5UTsHzu6kKgHnCfO67I2NYgj2RAV3S/SoiIiKDdS2M4BiNI2GCwSCGYbQHjp0ZRuhRMp2393f85bbBbDZf0ojFYDBIa2trexgqInK1jcav991dC983P24UPoqIiIiIjGLXwi9R18IvoyIicvmuha/318L3zY+bYX7ynIiIiIiIiIiIiEiIwkcREREREREREREZEQofRUREREREREREZEQofBQREREREREREZERofBRRERERERERERERoTCRxERERERERERERkRkVe7ASIiIiIi8vFknDvG2+/XUe1pBcBii2fmjTnMHqdfU0RERK4XGvkoIiIiIiJXXt0hXv5zTXvwCODzNLL/z+9RWHcV2yUiIiLDSuGjiIiIiIhcYc3s/7AeL2AeO4E77v4kX7w7i5ljTYCPYx8ewzsc1bR4aGwejoL6YbTQ2NgywpWIiIhcuxQ+ioiIiIjIFXaa0xcAYsi8NYOJUUCUk3m3OhkLcKGR48NQy9nX/oHcr73M2csp5MP/YOVDa3i/r3yx+Ofkzvs5719OHSIiItcxhY8iIiIiIiK9amHPxl/yfkYaM6OHu2wPW/8+m2lPF4+SckREREaGwkcREREREbnCJjJxLMBFjuwp5bQf8Nexd08dFwDGxjPtqrYvrKWIN34HX1gyn2HPHmnhQuNoKkdERGRkKHwUEREREZErLJY5sxIZEwHGhTO8+dqf+a/XDnPoQgAiLEyfNR3roMtq4dBzj5I7I5tpM7LJWvQwzxV3miPtq6bg2b9hfm4203Lv52f7Ova1fLiGVfPD77vnSbae6lpy47aX+d2kv+GBW6Lh1DaeuGcO02ZkM23GfO74p22dpnM38v7LP2Tl/NC+v321uqMQo5qt37ufrPD7Vj13mBbqeemxRTyxE3juYabNyObH+wCjnreffjh8LnP4zPe2UWWEy+m1/j7KERERGUUUPoqIiIiIyJXnnMm9i1xMtkW2b7LY4pmz6CbynEMo5/Bv+bunG/nqH0s4fng/O3/7JEtndBqn+M5vean1bn7zyst8Z95hnv3PcGh4fhvf/vzPGf/kTo4fLuI3txTxtz94rVOgWM8br24jeeUiZpo9bP3Z13kp+2mKD5dwvPhlnlk9h/Htx77MS3un8c3fv8a/PzyWrf/j5fZnQB567m/426N3sKG4hOPbvk700w/zi+JE7vnfL/MvtwBf+CXFRUV8MxcaX/8BX3p9Dv++t4Tjh1/mnqNf5xvrq4G+6u+9HBERkdEkcuBDREREREREhp953HRuXzx9GEo6zhtvFrF06nySp2V13bXoe/z71+9mPOC8cxE/fj008vHsn19mU/PDrLszEcyQnjufma3xHdOrT7zJSzuzeOw7WYAntG3/Tt44PId7siYzs0s1j/LUTx7mRoDPLIEXfOHtxbzx78e59Tt3MTMWmJpN3qxcomMhOn480RYgOp74BBtQz9bXtsGdL3BrPMA0br19Mj/eWczZhz/ZZ/09yxERERldFD6KiIiIiMgV5TtfzaHjZ6mu/4gLLQGMtqnFZhOW6BiciXZSp01lWoJl4MKyHuHXPznLE08/yiefjWbmA0/z//5lCcnmAd4XrjM6fNz4O3/An+7s2F2282Xez72fZ6YB2Fj6T2v45pP/wPfve5knEubznV//ksdmDfwkyJZmiDbHhF/l8tgra/o89mIroenTz3XaeNvl1S8iInK1adq1iIiIiIhcEb6zx3jzjT/z+7fLOXCykXPNnYJHACOAr7mZ6pM17Hp7D8+/sY/9Z319lhcSTfr932ND4X7+vOZhol9qm6o8gHDo2GL0ss84zNbfHGbp6s+Q3LZt/Hwe/+VODhe9zFMLTvHjz/8v9rT08t7urYuFFuPiwAcCMZHAo2s4frSk479fhkZtXmr9IiIiV5vCRxERERERGXEfHd3HS3+p4bQXiIphcmoqn7ptLg+t+CRfbP/vVu6/LYP5qfGMjQLD+xEH/lLElqP9LOd85jDvn2oBczTJtyzh1klw1uPp+3gfXATGz1nEjbzAf74cCipbTu3kd9vqQ8cUv8YvTi3hzgVt05hbKCs+TKMBJGSRvygLmhtp7Cf8C4WaWeTdH82e3/yePY2A4eHQy6/xfuf3tbS9SGTOolx4c2foWKDlRDHvnxpk/S1KIkVEZHRS+CgiIiIiIiPsJIVHPsIgkvGZWTx093xuz53C1LFj6Dqx2sKYsRPIzJ3DvXffyh2ZY7AQ4OyRco70UXJj+Zv8+L7wKtBZD/O78V/nmS9k9X6wGXjnMNUtwNSHeebpRbz/vTtCq13f90vKWi8CLezZ8gJ84WGWJrS98Szv//KvmZ8VWhl7/v/Yz/Knv8bS+N7qsBDNfsqqAaK59ZtreDz6BVbNy2Za1iK+tO0s0QZAIjNvySL6d48ybcbdPHcUku99ku+kbAgdOyObrAee5o+l9QPU37McERGR0SQiGAwGr3YjRERERESkd7W1tSQlJV3tZvTr0NEKZs5I7eeIcrZsrOZszDjuuDOHiYMuuY5drx/m+MUxzFkxl9n9HNly3kOL2UJ8/BCfg9jiobEZouNtoec/Nm7jv8/7R8aueYd/WRDd/7FDqea8h5ZoG/Gxgzi20UMLvZzLZdQvIjIcBv56f/VdC983P2604IyIiIiIiFwZF8/x5sY/j0jR0Qk2Lmn5lWgbnTO+xqKdbJr0N/zpll5K63bsSLUvOr6PYy+jfhERkatF4aOIiIiIiEhY/JIfcHgBGlkoIiIyTBQ+ioiIiIjICEtj2Yq0q92IQYsexNRoERERGRwtOCMiIiIiIiIiIiIjQuGjiIiIiIiIiIiIjAiFjyIiIiIiIiIiIjIiFD6KiIiIiIiIiIjIiFD4KCIiIiIiIiIiIiNC4aOIiIiIiIiIiIiMCIWPIiIiIiIiIiIiMiIUPoqIiIiIiIiIiMiIUPgoIiIiIiIiIiIiI0Lho4iIiIiIXBaTyYRhGFe7GSIiMoIMw8BkUowkQ6e7RkRERERELos9fgxnzp5TACkicp0yDIMzZ89hjx9ztZsi16DIq90AERERERG5tk10Ojhd18DRimoCgcDVbo6IiAwzk8mEPX4ME52Oq90UuQYpfBQRERERkcs20enQL6UiIiLSg6Zdi4iIiIiIiIiIyIhQ+CgiIiIiIiIiIiIjQuGjiIiIiIiIiIiIjAiFjyIiIiIiIiIiIjIiFD6KiIiIiIiIiIjIiFD4KCIiIiIiIiIiIiNC4aOIiIiIiIiIiIiMCIWPIiIiIiIiIiIiMiIUPoqIiIiIiIiIiMiIUPgoIiIiIiIiIiIiI0Lho4iIiIiIiIiIiIwIhY8iIiIiIiIiIiIyIhQ+ioiIiIiIiIiIyIhQ+CgiIiIiIiIiIiIjIvJqN0BERORKCgQh2P5vkEAwtD0IBDt9TPh1+8ft24IEgYjw6wgi2l90bAv9r8vrPrZHRITKiAhv79gmIiIiIiJy7VP4KCIi15VAEIxgECPYPWiEQFu6OAw6QslOCWVvBwyptA6hEDKiRyDZ5eP2baHw0qTQUkRERERERhmFjyIics0KAkYAWsNhYyhwHL6A8WoKjcQMdt3Q79EhEYApIqI9iDSFQ0kTEe0fi4iIiIiIXCkKH0VE5JpiBMEfCNIaCI1wvD6ixuETpGPkZ889IaaICEzQPlrSRFtI2bFdRERERERkOCh8FBGRUS8QDhz94VGOcnkCwSAB6GU0ZWhD2+jJiE7BpDkiArNGToqIiIiIyBApfBQRkVGrNQAtgSD+gALHK6lt9GTXcDL0whQOIc0KJEVEREREZBAUPoqIyKhjBMFnBGlR6DjqBIKhFcL9QG+BZJQp9LGIiIiIiAgofBQRkVHmohGkxdCzHK8lnQPJi0aQyIgIIk0KIkVEREREROGjiIiMEv5AkItGeLqvXNNag0FajY4gMiocRGp6toiIiIjIx4/CRxERuaoCwVBI5dMU66uubbXr4eYP0P7cTgWRIiIiIiIfLwofRUTkqmkxgrQYENAk66vKHBFBjDk0QlFERERERGQ4KXwUEZErrjUAFwNBWjXa8aozRURgi9IwRBERERERGRkKH0VE5IoJBKElEFpQRkYHq/lqt0BERERERK5nCh9FROSK8IUXlAloQZlRJTJCox5FRERERGTkKHwUEZER5QsEuyw4IiIiIiIiIh8fCh9FRGTYBYIdoaOhkY6jWmswSJRGP4qIiIiIyAhR+CijVpBQgBEIBgkEQ6+DQFuO0fY6IvyfKSL8cQSYiMAUEdomIldOa3iEoy8Q1PrV1wivgVa5FhERERGREaPwUUaFIKHQojUYxAiAEYTLiy5C7w2FkhGYw0GkOQLMEREKJUWGmaZWX7sCwSAeP8SYIxRCioiIiIjIsFP4KFeNEYTWQJDW8L8jEVkECU357LqwbhBzRASRptBCC5GmUEgpIkOjqdXXDyMYpKk12P7HmrZR5BGE/mgTpb/YiIiIiIjIJVL4KFdUMAj+YBBfIBQ4Xi1GMIhhQEs48ow0RRAZ0RFGikjvAsHQCOW26dWKHK8vbY+5gNCo8bjIUBgpIiIiIiJyqRQ+yhXRNh3TH7jc6dQjozUQpBXri6LIAAAgAElEQVSA0MifyAiINIWmaOsXb/m4a3skQtu/8vEQbUJf/0RERERE5LIpfJQR5Qtc/VGOQxUIBvEFwRcATdGWj6OuoxtH5x8MZORpqrWIXKuCweD/Z+++o+u67jvRf0+7Db2zgF3sRSTVLCkqdizHlm0pLrHlFDuOJ7HjlMnMezOe917eelnJJFkzzps3JWOn2HHsRBk7rnGPY9mWbMmSSImi2CmSYC8g0W45fe/9/jgACBDtArjl3IvvZy0QwLnnnrNxCdzyvb+9fwjDcPx7XddhGEYVRzQ3KSX6+vrQ3d2Npqamag+HiIiopBg+UskpdTN0rId14CZO0dYwYYq2zqpIqg8KgBitauT6jTRG4/0bEdWoIAjwyiuvIAxD6LqOIAiwceNG9PT0QIvpnZsQAseOHUMikWD4SEREdYer21FJ+VIhFyo4QtVlgKEQTR93hEIukMgFCnao4Mtbm9oQxZNU0e+wK6IGI9lAYcSXyIcSbp3+3dLC8D6NiGpVGIY4duwYgiCAZVnI5XLYv38/XNet9tBm5fs+hBDVHgYREVHJsfKRSkIowBUKQQ1Nry6FsU7aY1O0xzrFsjKS4kCom7+jYrSicWn9hdJiBELBNHknRkS1ybIsbNu2DV1dXbh8+TK++c1vIp/Po7+/HxcvXoRt2+jp6cGWLVtgWRauX7+Ovr4+aJoGy7KwdetWSClx8uRJ+L6PIAiwZcsWZLNZJBIJrFy5ElevXkVfXx927dqFVCqFEydOYNmyZWhsbMSJEydg2zY0TcPmzZvR0tKCGzduIJfLQdM09Pf3Y8eOHchms3jttdegaRqGh4erfbMRERGVBSsfadFcoZAP5JILHqcjlZpUGTniR9VlrlAIefNQmSgVNYXxRFSJmwsUhn2JXCBhhwqeUAgZPNI8eTL63SEiqmVKKQRBAF3XoWkaXNeFUgpCCBw/fhxXr15FGIY4ePAgBgcHAUTrLwLAuXPncOrUKSilxj8GBwdx7NgxCCHQ19eHgwcPYmhoCJ7n4dChQ7BtG6dPn8a5c+eglMLAwAAOHjyIIAhQKBTw/PPP4+LFiwiCAPl8Hi+99BIKhQKklJPWqSQiIqonrHykBVuq1Y7zoRCtoRcAgIjWjDRG14w0tKibNns6ULGkij6EUqOfow/GirQY1ixV2grR/TwA6BpgaRrXgiSiGV3pH8BwNj8e3lXK9k3rpmwLggDPPvssMpkMPM/DunXr0NjYiGQyiYaGBniehxdffBGDg4NYvnw5HMdBIpHAihUr0NnZiWQyCd/3Yds22tvbsWzZMjQ0NMBxHJw+fRqu6yKXy2H16tUYGhpCIpEAADQ0NOD555/Hxo0bsWvXLly6dAlPPfUUbr/9dqTTaQwNDeGOO+7AunXrcPHiRQwODuLxxx9HMpnE1atXp/35zl68goId7ynjRFT/dF1Ha3Mjlnd3VHsoVIMYPtKCRNV9UaUfFU8h6vwdTtiiIQohDQ0wdIxP3ebr+6VLTpguPRYySlYuUhk0WzrfACGikrjSPwApJTat641FZ+mxjtdSSnR2dmLLli0wDANHjx6FlBLNzc0wTRNKKZimiV27duHkyZM4dOgQWltbsXv3bqxZswY3btxAX18fTp8+jb1796K5uRlCCAwODiIMQ6xduxbXr1+HrutoaWkZX2OypaUFmqahoaEBSin4vg9N05BIJNDW1ja+X0NDA9LpNADANKd/aba2d3klbzoiomkJIXD1+iCu9A8wgKR547RrmrexRhUMHktDIeoy7Mloymw+kBjxJbLBzSnbgYwq3ai+iNHO8GN/U2PTpbOBHP+/j5oZMXik0ms0GTwSUekMZ/NY1tUei+ARiNZ8vP/++/HII4/g3nvvRVtbGxzHwaFDh9DS0oLVq1ePh34A0Nvbi7vvvhvd3d04dOgQRkZG0NjYiPvuuw8bNmzA1atXcfbsWWQyGTQ0NODChQuwLAs9PT3I5XK4ePEili1bNt6tOpfLQSkFx3Gg6/p4ZeREyWQSjuMgCAIIIcY/ExHFkWEYWNbVjuFsvtpDoRrEykeal7HOzlR+cnRqbTC+JaqS1Eenauta9O5B9HW0jTlCPChE6zBKRJUXUkXbxj6PVTISVUtC12Dy7UciKiEpZWyCRwDQNA2maU4ak67rSKVSOH/+PEZGRgAAuVwOnufhxIkT8H0fnuehqakJlmXh/PnzuH79OgzDGA8dTdNET08PDhw4gDvuuANNTU2QUuLy5cvYuXMnLMvC5s2bcfbsWTiOg8HBQaxZswaZTAa+708aY3d3NwzDwHPPPYfGxkbouj4+LiKiODIMo+JLa1B9YPhIRSuEXN+x2qLgKpqOO/USQMOEYHL0w0C0RpsOcK22RZouVJSTto0FjPw7oXhjxSMR1TPLsrBz505kMplJ2zOZDPbu3Yv+/n5omoYtW7ZAKQVN02AYBoQQMAwDe/fuRUtLCwqFwvj07fXr12Pt2rXQNA3r169HoVDA2rVrYZomtm7diqGhIbS1tUHTNGzYsAFhGMJ1XbS2tmLz5s2wLGv8/GPjam5uxp49e3DlypXxqd/JZLIaNxkREVFZaUqx/IbmxuCxdikpIUe7OuqjT64NXYeha6OVlJjweTSo1KLrTZz+YxgGLMuCrtd+udRYiDj2G61GA8OJ2ycHjVxzkepLQteQMZlAEtWKa9euoaenp9rDmNWRk33TNn6Jm7FO14ZhQLvlXdmJz3nGSCkhhIBpmlP2X+h5FrIfEVFc1ML9fS08bi41rHykOeWCaM05qi2B7yMIfET/dQpRxHjzs64bURBpGICmQdf1qJpPCoRBCCEENETTljQoaBCA5iFpJZBIJKCPlk5F+4wGl6MbJj51vvVp9MTn1RMvm/QbpiZ/P+Xr8YAwuuTWwBDAlCAx2q80AeJYoDsfuq5B02o/uKX6INTNewMioqVkbDr2dKabNq7r+oLeeJ3tPAvZj4iIqJbxkY5mNeJLVnvVGCklXMeGnFKpqiZ9FkLMuah5FPRNvl4gPGiej2QyCdOypjl+bYqCVzkaLEpAjVZAjFaBTr09588wDCSSyVitiUVLk1AK+QBosuovfhQKMOrvxyIiIiIiqlkMH2lGDB5rz1jwOLZ+EaBw4uhpDFwfxI3rQwCAVWtXYNWaFejs6sDkwFCb9P2Jo6fx7NP7cOHsZdy4Pog9d+3A/Q/dhc3bNgBQ8DwPQRggmUzV9FRsIQQ810W0AsXMt8fY7TnT5cV8L6WA69jQdQOmZcE0DGg1fNtRbRsLIC0dMOpgqp+Egi8AUwcMpo9ERERERLHB8JGmlQ24vl2tUVLCsW1AKRQKDp767o/xL99+BnbBmXb/TEMam7dtwKo1K7F5+4bxqOzi2cv4ydP7cOHspUn7P/ujfXj2R/uw564deO/7H0dXdztEKGCHBViJaCp2raxVFK3fFCIIAkgRdWvTtKjIc3xyuqYwcWa1pim4ArBDICeAQCmEEtGHAgTU+NehjPZvMoEmE2gwgSZTocGIji+EgJQCnoqmc5mWCcuqnduP6keoFEIB1Hrl8kRKakixuJiIiIiIKDYYPtIUuUDNez07qr4gDAEoPPv0fnz+c1+bMXQcYxccHNh3GAf2HQa+VPx5Duw7jBNHT+ORRx/EY+9+EwANYeBDhAESyVQs1i0am0ItpYimT49+BkanVquba1+OVTQGUkO/p9DvAQO+Qj7UkBcKhRDIh0BBAIFc3LiWpYA9LRp2twIZQxsNOBUC30cYBLASCVhWYtE/P9FSJpSCUBqnXhPVhBAjZ4/hmSODGPSjLUYigzXbN+K+ta3g+whERET1ofopAcVKns1latJYgHW+71JRweNi2QUH//TFf8azP9qHD/7mE9i8bQOUUnAdp2pVkEpK+EEAEYaQspiUMPo93zeksG9Yod9TmLysY+n/Dq66wHdchWcHgY0NCr1pDavSCt3J6P/Qcz2EYVjzU9mJqi2QilOviWIvi9deOILnLvuTtgrfxpkDB3Hl2gY8ek8vGqs0OiIiIiodho80rhAqhAwea5IIQ9y4PoCP/9Enyx48TnTj+iA+/oefwJ67duCJDzyOzq52hIEPKQSSqcoEaEophGGAwPdHKxond9S+1UgAXHCA87bCWRu44pZ9iFNkA+ClYeCl4Wi8m5uAu1o1bG4CpBBw7AKsRBKJBKsgiRYikODUa6KYc069hhcu+wBMdG3ZgNdvWoY0bFw8eQw/Pp6Hc7kPz5xqx6O3Zao9VCIiIlokho8EAHCEQlCCbr5UHWEYzrq+Y7mNTcV+7N0/hze+5QEIIeDYNhKJBKwSB2hjU6qFEJBCIAxDADfXbHQEMOADgwEw4ClkwyhwHPvsLXLqdDmcyAEncgpbm4A3dGnoSQKB7yEcbejD7thE8yOUQig1mCwgJoqpYbx6Jg8BoGXjTjy6tXl0ewa9W+/A28UL+PJrLq6fOYfB27aivZpDJSIiokVj+EjwhIInGDzWslw2h+ee3l/VMdgFB5//7NdwYN9h/Pb//qvINGTg+x6EFEgmUwuahi2EGA8Zo+9DTGgJg4lrNl52Newbktg/VMIfqsKO5aKKzJ/t1nBXmwYlZTSV3bJg1VBDH6I4CJSCCf7NEMXTAAYKAJDB+vHg8abGre1of+0yBgs2LgIMH4mIiGocawKWuEBGVY9Uu3zfw09+tK9qVY+3OnH0FD72O3+M40dOQSkgDEI4dqHIdRhvGque9L1oHcQwDKFUVPk48fOpvMKXLil88kxtB49jCgL4+hWFL12SGPSjn9P3fTi2DTEawhLR3MIYVjkT0a10TNtVxtDZbIaIiKiOsPJxCZOKwWOtU0ohCAK8sv9wtYcyiV1w8PE//AQeefRBPPGBx6GUgmMXkEgmi+7mLISIapZGC5cCGa2VmBXAZQe47CpcdoAb/mxHqV0HR4BztsLDXRruaAWUknBtG4ZlIplIQmNDGqJZses1EREREVE8MHxcwlyhINlgpmZJKeG6Dgo5GyeOnq72cKb1L99+BsePnsavfeS9WLV2ZdTNOQhgJZIwzdnvfkzTxD9fdHGyEIWOubBCg46R4QD42mWF03ngoU4N3cmokjQMQliWhUQyyanYRLMQSsHg3whRbORPH8C3D2XhjD/9zOPAV5/GgZmvEV2umejduRM/u2HqFG0iIiKKP5bOLFGeUPDZYKYmhUEA17Hh2AUoKfH97zxT7SHN6sLZS/j4H30Szz29D5oWhaae68AuzD4V++VBgR/eAC45SzN4nOhQFvibcwrPDwESUXOdMAzgOs54h28imorF/URxch7PHZkYPM6DCnHxyGkcL/mYiIiIqBJY+bgECRVVPVJt8X0Pge9jYtZ04/ogvv+dH1dvUEWyCw7+5pOfx4H9h/HBjzyBTEMaSkk4dgHpTAP0aaYQD8SxLXUV2QL49lWFfUPA7c0a7u8ADCXg2AWk0mnoOlfHIrqVkJh+PTkiqoIAoQCARux5xx3YVfT1TuPbX72I60KiTldaISIiqnusfFyCXKHA6LF2KCnh2PZ48Khp0cdPn9mHP/wP/yU2jWaKcWDfYfyH3/1jfOPL34NjO1AK8D132n3XNPDuaTrXPeD71xWevKAwFGB0PU1n3g19iJYCwcpgoiXFu3oGp87l4N3an82+gVNnLiJr33qFHC6cOYPrWW/yduEhe+4MTl2deqxYnoOIiCjm+Op+iXGFQsDp1jVDKQXXdSCEgFJRpePnP/tP+Nhv/zE+/YnP11TwOMYuOPinL/4zPvY7f4wD+w4jDKOu1o5jwy7kkc/lkM/l0Gu4eH1ntUcbX6cKwJMXFM4WxgJIG2EQVHtYRLGiwKnXREvG8x/H1gffhjc9cg92//krN7eLF/Anux/Em978Juy+77/h5fELLuIff/0ePPTmt+GeO/81vn795lUufPkj2P3I2/CmB+/Bb37jRszPQUREFH+cdr2ECBWt9Ui1w/c8SCnh2KPTlvfFq6v1YtgFB5/5i8+js/s3sXrtyvHtE3tDvKFbQ2sC+Opl/t5Op98Dnryo8NhyDTubFbzRKlLTsqo8MqL4YNMZovjLn3wJ3ziahw8Ty7ftxJs2zb+xTHboZrLnTSwyLGTRP/a1PXHidg7XL9z8zp1QZZgdunTzm0nb43gOIiKi+DP+4A/+4A+qPQiqDFcoVoDUkLGqxxNHz+BP/u//jgtnL1d7SCUXBCGOHDyBN77lQQCAJkKYBQe6H8DK20hks1hnD2ODLGCfbKzyaG9SQkCKEEoEUCIEpISSAkpKQAM0rXJF5aECjmSBpK5hVVohDAU0TYNhcKE7IgDQocHSGT5SbSsUCmhsjM/j4HSuDwyju6Ntlj2G8NrxLGwksHzrCvSMbz+PHz3bjxEJABL5QRupzcvROef1Jkt2dqFdeEiuvR+//u63YXv3aI1FshvdHQKu1YsHfv29eHxb12j1RTPae5oB0YDb3/1ePH7/GrSMPny3tC9DixTI7HwXfunx+7G2Oc7nICKqrLnv76uvFh43lxpNsVXqkhBIhULI/+paEoYhXjt2Ch//o0/W5PTq+fjDJ96I29etnnWf78tGfDk1+z7lpJSC8BwoIaBbCRiJ5Bz7S0ApaBVsBPMzHcDP9WhQCrAsC8lUqmLnJoorU9PQaDF8pNp27do19PTMFLvFw5GTfdi+ad0se4w2jpnScOY8vvf1PlwZq/4zmnHPY3uwZc7rERFRNcx9f199tfC4udRwzcclYsqC1RR7Ugp8/nP/VPfBIwC8+NoFyDneB3mjnsdup3/WfcpBKYXAySN08tANE1ZD05zBIxBVP44HjxV6j+cnA8BXLkXnCoIAnjt9Mx+ipYStmIjibjXu29KIhAZAM7F8y4YJwSMRERHVA1brLwGeUAhZ4FpzbvQP4sTR09UeRkWcvHwDYRgiMcdahT+jhvEKuis0KkD4HoTnwkgmYSQWUUVYwfXmDowABaHwK6s1BKMNaBLJJDSueUdLVPTGBn//ieKscdMdeN+mao+CiIiIyoWVj3VOKsBj2UdNeumFV6s9hIpx/BChnLs8d7sZYrM3UPbxKKUQFHIQgQersWlxwWMVnMwDf9Gn4EmFIAjg2Da4wgYtZZK//kREREREVcPwsc75Us05nZXiyXW8uXeqExcGRiBEcSn5neFwWcciRQhvZAi6aSHR0FzR5jGldMkBPnEGGA4BKSVcx2EASUsWw0ciIiIiourhtOs6JlXU4Zpqk5RLqWS1+N/Te7QCfhjkcNlqKvkopAgR5EdgZRqLWtcx7oYC4M9PK/zaGg0rUgKObSOdyXAKNi05Epx6TVR9FkwDgMjjwFefxoH5Xt3QkSjDqIiIiKj8arOkh4ris9SjprV3tlZ7CIsipUAY+ghFEHV+nsWKtuKDRMs0sdrPLnZ4U0gRIihkYWWKayhTKnPdNovly2gK9ulCFGjbhcISC7aJWPlIFA+rcd/2ZqQX8j6AZqJ3OxvREBER1SpWPtYpVj3Wvp27t0FKAX2sY3INESKEqSvceVsvbmTzuDAwAj/wYZrTNz5JW/P7GdcrG8+XarAYCx5zsDJN0M3Zm96UWqWmdX/2vMK7VwK7mgHHLiCdydTk7xbRQjB8JIqHxg178J4N1R4FERERVRrDxzrlCgWTUytrWu/KHnR0tmFosPRVfuWklMK6rmb83mMPYXl7G0zdwIht44vPHsDXXzwMw7RgGtaE/SXWL2tHco5O1xNth13SMQeFHMxUuuLBY6V96RLgCeDedg2B4yKdSTOApCWB4SMRERERUfUwfKxTGZPBYz14/OffgL/9m6+iltYqa06Z+L3HHsK6ZcugjwbgXS0t+OijD+OB7bfhr777LE5dvQFdN6AAJAwNb9m7BYl5hI9NuoZeP4uLieZFjzf0HCgla66j9UJ946pCoIC3LNMA30E6k4FhMICk0hjL+Cb2NlITP6uJ29Sk1V6Vmrz//I+HaY4XnYNvxhERERERVQ/DR6IYe/StD+NvPvXlmqpOe+sdm7Gyo2M8eJxo55pe/LffeA+eO3oKT716AkopvPPeXVjd1TWvc1imidv8odKEj64NM5le9HFqyXevKQRK4rHlOmzbRiqVgjWP8Jeqo1zBHtRs4d1sYaCacjkREREREdGtGD4SxVhzcyPued0u7HvxSLWHUhQpBW5fuxKpxMz9KHVNw89s34j7tt2GMAxhGDqMBYSrK6W7mKECAJQUkEEAo6lt0ceqNU/1KwRS4p0rNDiOAwBLOoCcLdgb/1pNjtvmDAMnXWe24003BgZ7RERERERUHxg+EsXcjp2baiZ8XNnRjN7O9qL21TVtXlOtb7UG3oKvO0YGAYxkCppemaYvcfPMDYVAAk+s0uG6UZhbjgByfkFc6YK9aa+DaF3SW7cRERERERFReTB8JIq5Bx68E5/59FdQC+s+rulsg2lWZop4ly6RliEcfeF3YyLwYFgzV2kuBT8dVHClwBO9Oty8jWQqBSuRmLkqb8I3s62zd+t2IiIiIiIiWpoYPhLF3IoVPZBS1sS6j53NDbCMytytGLqOZUEefcnWBR8jqnxcWus9TufAMOBJiSdWavAdF2YgkEwtjQY8REREREREVF5Lc64hUY3ZuXNztYdQtEp1TrZME8vC/IKvr6SEFCF0dnoGABzNAn93QUEphSDw4bmLX1OTiIiWDl3XIYSo9jCIiKiMhBDQl+iSVbQ4/K0hqgFSymoPoSgnL99AGIYVO1+XXPi6j1JE49RqoKK0Ul7LA585B0ilIQgCBpBERFS01uZGXL0+yACSiKhOCSFw9fogWpsbqz0UqkGcdk20APNrhqGmXn7LmnkTt0+3zl7X8i4cO3ZmscMuu4sDWWQdB50V6prcsYjwEVIu2UYzs+mzgU+dU3j/Kg2ADwCcgk1ERHNa3t2BK/0DONl3sWbeNCUiouLpuo7W5kYs7+6o9lCoBjF8pNhZTGdc4GYgOG2zjGnCwqnHnO461W2g0d7ZVqUzz4/tB/j8T17Bbz/6YEXO16MtvLpCKQloDB+nc9EBPn1O4ZdXaWhBACklUuk0NC3+TY+IiKh6lnd38EUpERERTcHwcYkpNti7+UkVHewVf8zpu+OyM+7MVA3dOP9y8BR2rFqGh3duKvu5OuFDw8JCYaUUw7RZXPOAvz2v8Iu9QFcyhGPbSGcyvM2IiIiIiIhoXhg+1oF8MM203rGvY1C1R3ETNRSRcrRqUNOg6wZMwypZsPSX33sBG5d3YWWZKzYtw0Rb6GDQnH/Hak3To+pHmtGAD3z2PPC+VRpWpiQDSCIiIiIiIpo3ho81zpcKYS2VxVHVCSHwlr2bcedtq9CSyaB/OIcfHX4Nz588B8tKQi+qAYuClGrGTme2H+DLz7+K333bQ6Ud/C00TUObcBcUPuqmBSUEFNd+nFU2BD53XuGJXg3rMgJhGMKq0JqeREREREREVPsYPtY4jw0Fl4RSFprds7EXv/LwXWhtbAIAbFsNPLxrCw6du4g//dL3MOIEMI2Zw6Uw9CHEzY7WmqbDMEwYxuS7k/PXh+AHARLzDKqkUgjDsKjrWWZU+QjMv8JSN01oug4Z+jASbKgyG0cAf39e4T29GrbqPsNHIiIiIiIiKhrDxxonWPW4JJRymuudt61Gc0PjlO071/Tik7/5BP7ki9/Fq2evwjSt0crG6NxSCoRhgJ1revBLD96B1V3tOHd9CK/0XcI/HziG4YIDw7CgaToABT/wEIjiQsSJPN+HMY9KxLbQndfxJ9JNCzIMYSQWfIglI1DAkxcUPrJOYF0iYABJtYUrBRARERERVQ3DxxrmSwaPNH+OH0CfIcxsyWTwnz7wTnzlpy/ji88ewFDeGb8slbDw8/fuwjvv3YWWxibomoa2pmbsXr8Gv/L6e/DV51/Bd146iksDI2hrTOOJB/YgYc4/oArCEEai+DSwU/nzPscYM5WGn8/BTGdGQ1Oay/4hoDfjMXykmsK/biIiIiKi6mH4WMN8TrleOkpY+Xh1KDvnPu+8dy/edudOnOsfwMWBIUgpsXtdL9KpJDLJqVOUDd3Au++7A+943W64vo8gDJFKJGGZ87+L8cMAqXmEj80qnHunGRiJFHTDhnAdmOmGBR9nKdk/DNzZJln9SDWFPZKIiIiIiKqH4WMNY6OZpSOTKc2ahGHoY+Oy9qL2TVgWNq5cho0rlxV9fEM30JCaf/OXMUopBGEIcx6hZQaLS+GNVBqhU2D4OA/7h4CVaQ+mabLzNdUEVj4SEREREVUPn4/XKE65XlpWr+td1PWVUggCF3dtWIm9G1aXaFSl53geEqY147Tw6TRri/tbMJNp6KaFwM4v6jhLyf5h4JIj4boOFN8EoRrAjJyIiIiIqHoYPtaoQFZ7BFRJt+/dASkXXuFnQOBdr9uF33nrg2hrbi7hyErL9T2kknNPuRZSwA8COJ4HK3Dm3H8uicYWAIBfmHtKOkX2DwEiDOE6i7/9icpNY8cZIiIiIqKq4bTrGhVWofLR0jVYOpDQa/tFnFJR5agnAVlDVVubtq7HqRPn5n09IUJ87F0P4/Z1qxY1JbrchBDwwxCtTVE4GgWMIUIhIKTAjXQzhswkBhMNGNaTGDaSGIaFYaFjkTOvAQBWphGha8PPj4yHkTSz/cPAhgZge3MIIQQMw6j2kIhmVOMPW0RERERENY3hYw3ypUKlIzNL19Bg1serN00DkoaGpAE4IeDVyBT2B3/2Ppw8dga6Pr+QZ/f6FdixemWsg0cAyDlO1GimtQVBJo2v5ZMY1BMYViaGhY7hYHRHhShsLEPDJTOVgfA9+IUczGQK+gK6dS8lX7gE/KKuYbvhIZ3JVHs4RDOqj0cvIiIiIqLaxGnXNSis8JRrQ6uf4PFWSaN2fq43vfX1aG1vBuYZPa/pbJtX9+hqEJYF83V3IvnmR+Dt3AZndS+uJBrxipPAWXdC8FgBRiKJRKYRwnO5DmQRnh9UCMOo+pEorl/yGH4AACAASURBVFj5SERERERUPQwfa1Cl13usoXxu3nQN82puUm0f+I0nEITzT+ISVrwr+MTG9TBaW8e/dwKBS9VcSlDTYDU0QTct+PkRCN+r4mDi7UwBeHkECIMKJsRE81A79/BERERERPWJ4WONCaRCpSdd13vFSC39ePc/dA/e8Z5HEYQ+iq2AlDLe3YlETzdEe9ukbZcLIbJhlQY0gZFIItHYDBkG8PNZqJjfltXy/CBQ8PzY/67R0lRLbzAREREREdUjho81ptJTrgFA1MaSiAtWS01nAOCXP/QevOmtD8H3PSg1+y+EUgor2poqNLL5U6YJf8PayduUwmUnTv8nGqxMI8xkCoGdQ+jGuLtzlX6Xr3nA84MagsCvyvmJZsPokYiIiIiouhg+1pigCtlCIBW8Ok0ggyo07ymFD//uB/G//f5vwTA1BIELIaaWCUopYBgS63raqzDC4vjbNgP65LshKSXOFOL3v6JbCSQaW6BpGoJCFsJzqz2kqTQNwvcQOoWKn3r/sELeDaBqLMyn+sfCRyIiIiKi6mL4WEOEql6VniMUghrpCl0sVygUwtr9me5/6B781ZP/H375Q+9BS1sjPM9GELgIAhee78C0dPy7/+f3sH7rpmoPdVr+lo2QzVOrMkUY4oxdhQEVyUimYDU0QymFoJCLXQhpJJJQSsEZvAZZwUrE4QA4lFUQYQzmyxNNwCc6RERERETVpSmWqdQMTyg4Va5A1DVtygu5a67EyowOS9dqpjmNGv1H4ebKiVIpBBLwazRkPXWyD4cOHEEhb2Pnnm24fe+O6AIpkTpwCJoTn+nC/sYNED1d017WN1jA/zhVO52TZeDDt/NItcSrwtTLDkH4HgwrgWRzW0XKv9ZmgA+t1dHQ2Fj2cxEVK2VoSNXKgxPRDK5du4aenp5qD4OIiKgm8HEzfsxqD4CKF4eZz1IpTFxlMGVo2NBkVG08C6WN/jPx5aihabB0IKk05CrdUrwEbtu0DrdtWjf1Al2Hu3cXEsdfgzEwWPmB3cLfshGis2PGy8/ka++2jyMr0wQZBhCBD3vgGqx0A6yG8q7/edYGTuUVdqQFDKP27heoPjF3JCIiIiKqLs5GqiFxCB8n0jUNiTpshW1oQINZZ38amgZ/6yaEvSuqNgSVSsG7fceswaMQIc7FcL3Huei6ARkG1R7GJLppwsrcDBsDp4DQK3/166sjCr7vlf08RMUyuOgjEREREVFV1VnCUr+kAkTMZsibGlCH2SMAwNKjcLXeBGtXw9+6CSphVfS84bIeuHtvh2yafTpuGIQ4G5/Z4UXRrQQSTS2QIoRv5yq6zuJczFQaRiI1/r2fGyn7OQ9lget2CClZwUrVp6F+H6eIiIiIiGoFw8caEcYseATq/wVdvf5xiI52uHfuQbiy/FWQKpGAv30LgtvWFfULc80Oka/RfiVmMo1EpikKIGNUBWmlM5O+D+x8Wc8XKuDVESAM4nMb0NLFqkciIiIiouqr13yl7sRtyjUQVWPWs7qu29J1BOtWw71zN8IVy0rejEQ2ZOBvvg3u3Xsh2lqLvt5Zu3Z/qdRopV+ioRl+bhiIyRsGupWAmUqPfx+Fj+Ud26EcEMQogKWli+s9EhERERFVHxvO1IgwhklYIKMAsh4rIAOpIGMSHpWTSqUQrF+LYM0qmNcHYFzrh55bWGWcsiyIrk6Iro45p1fP5IJnAKix0kelEHoudMOApiegmxbMdAPckUGkWmde37KSzFQDQs8dD0T9fBaJxpYp+4WuDTOVmbJ9vq57wCtDEncnAlhWZaf4E01Uj49PRERERES1huFjDYjjeo8AoKDgCCBjaKUunKsqTyg4cSw1LSfDQLisG+GybkBIGNkstHwBum1Dc73oY3QarTIMqGQCKpmESqcgGzKQTU1QmfQcJ5nbsF9bt7sSAr6dgzc8gOZVG8a3m6kMlJRwhwdiEUDqpgkrlUHgFAAAoevASjdCm9CROijkoJlzPyQUG1AeygJ72xk+UnUZTB+JiIiIiKqO4WMNqHYOFi3Yr2G6l3BKAWfyAiszOixdi/0UNzX6j5r4/ehnpRQCCfj1Pp98LoYeTZWex3TpUlmeMXA6Jyp+3oWQgY/+Qy+ga8fdSE4IHsdYmaj60x0ZRKqlvdLDm8JMR9WPSka3r58fQXJ0XML3EDgFpNu7Zz2GnxtGoqm434uTeeBcPsSmlISuc4UPqo64PyYRERERES0FDB9rQDWbzSQNDSl99srGRsuY+cKY0QC4UsGtdqJL03rnmhSGPIkjw/Geei18F6HroPv2e6EbM9+NWplGwM7Dyw4h0dQKrYolwpquw0xnEBRyAAAR+JCBD91KQAY+jEQS2iwhoZcbgplqmNc5j+aAdS0+ksnU3DsTldhMb5oREREREVFlMXysAaJK6z2amoZ0HZaNpEZ/JgaQ8fShTRn83WkHBwbi2bAkdG0oKZFsbitqfyvTCOG7CPIjMJJpGIlkmUc4y1hSGQjPgQyjcNfPjyDV1gVoGoxZAkI/PwJN02FYiXmd73AWeL0bMHykqqjDhy+imqNiuGwQERHNTzULKKh+cC5czClUr/IxZdbvnYzJdcBi7Vc2pLG3I35rBQZ2DppujE+pLpaRSMFqaI5CSHthDX1KQtMmVS9KISA8F2YqPWOw6BeyEIGPREPzvE83HACHcwpBEM8gmeobw0eiylJKMWwkIqpzvK+nhWLlY8xVq+oRqO8XbvX8s9WLd61NoS8vMOTFo9W7nxuB1dAITV/YMgOariPR2ALhufDzIzCs5KzVhuViptIQngMR+AAALz+MTMeyafcN7DxCx0aypQ0L7Sp1JAvc2e6z8QxVHO/niSpHKQVN08ZflN76wpQvVImIas9YxePYffjY92P396yIpPlg+Bhz1VzvUakF5w2xx+fA8Zc2NLxvXQqfOG5XdRxKSgjfRaKppSTHM5IpGMkU/NwwpAjnXUVZCmY6Mx4+QgGhU4CZnryeY+jaCOw8Eo3NMKyFTxU/mQfO5wU2svEMVZhRrw9gRDEz9qJUSonjV/L49DMX8GLfCLwgHm8eEhHR4iUtHXeva8GHHlyFLcsbGUDSvPGVYMyFVXzeFtRx1+dqhrpUvNuaTdzVWdqKucSFPiQu9MHqv1LU/kpKmKlMSccAAImmVsjQR+AUSn7suRiJ1KSqS7+QG++CDUQNdfx8FlZDU0l+9sNZIPD9RR+HqFgaAK6uQVR+Y8GjUgrHL+fx4c8exo9PDjF4JCKqM14g8eOTQ/jwZw/j+OX8pPt/omKw8jHmqvnUzREKyTqdt+aKufeheNjRZmHfjYWtGah7LpKnjiL52jGkTh2dcrlMpuCvWg9v41Z4t22DnGYatG6W727SyjTByw5BN615N3NZ9LlTGQjPHf8+dAqwRtd1FL6HZFNryaaFH8kBP+sHSKbYeIYqQ+e78ERlN1bxIqWEUgp//fR5ho5ERHXOCyT++unz+LMntgIAdF1nBSQVheFjzMkqv5Mw7EukDA2WrtX8+llCRdWc7HJdW3a2mdjQZOB0rvjE2BgZQuNPf4D04Zdn3U/3XKROHUXq1FHI5Ldg33E/7DvumzaELAfdtGBlGhEUctBb2iv6oK1bCZipDEI3mtYeODaMRAq6lUCisTRTzMcMB8ChEYXXpQOu/UgVYXJeB1FFjK3vKITA/rPZag+HiIgqYP/ZLIQQMAyDlY9UNIaPMRaXWc+uYGBH1fVrmzL4s8OFOZvP6J6Lph9+a87QcabrNj73FDIvPYvcG94KZ/vehQ53XsxUBqHnQLgOzHTpp3fPeu50dO6xRVAD10ayTBWYR3LAnR0MH6kyTL77TlR2E6sehRDwqrlWEBERVYwXSgghxqseua47FYO/JTHGvI8okjY0/NrGNFKzlN+mj7yMzr/6+IKCx4l0z0XLd76M9i98quh1IedDBj7c4RuQIhzfZlhJiMAr+bnmohsmrAmBp/DcSVOxS+lkHjiXDyAlX5xS+bHykai8Jla6KKV4305EtMSMvfk0hhWQNBc+PY+xak+5JoqTlRkDv7YxPWW77rlo/8Kn0PKdL0MvYXCWuNCHjs/9ORqf+0HJjhu6DtyRQeimBd24WXhuJJIQvgclKr8YqZlqgKYb498Hbvka4BzNahBhOPeORItgahpY90hUfhObDTB8JCJaWiaGjwweqRgMH2OMT+OIJltheni48+b3jc/9AJ1/9XEkLvSV7ZyNzz2FjhJUQYaODT8/AiORnLKmYhRGGhBh5TtCa7o+qfpRBgHCMnXgPpwDPJZ0U5mx6pGossbWfSQioqWD9/00X3yKHmNxWfORKA58z4MUAvc3uOjd9wN0/48/QuNzT5W02nEmRv8V9HzxU9hy7LkFXT90bfh2FlamEcnmtmn30RNJyKDy4SMAmOkG6ObNtRgD14aSpa/CHA6Ao1m+rULlxfUeiSqHVS9EREsT7/9pvthwJsZYIER0UxAEOPPyUfzwM19GaLsVf+ckdFwMf+tb2HauD8df/66iO2KHngMASLf3zNrN2ko3wMsOQXgujAp1257ITGXg50cAAEoIhI4Nq6Gp5OcZDkp+SKJxuqax8pGIiIiIKGb4FD3GuOYjUUQKgevnLuG7//NJeHb5Kx1nM3j4KHq/9CkYI0NF7W8m0zBTmVmDRwDQdAOp1k4EbgGha5diqPNiptIwJnS6DpwClCj9+oytCT7sUPnM0pOKiIiIiIiqhK8CY4q5I9FNSins+6enqj2Mcf6VK+j+uz8vOoAslgwDpFo6IDwXgZ0v6bGLYaYbJn0v/NJ34G5JGnPvRLRADB+JiIiIiOKH4WNMVb7nLVF8CSFw+WT5msoshHJd9H7zyZKtOekXsgjsPJQUSDS1Qvju+JTtSjESyUlrP5YjfOxI8mGHysfUmT4SEREREcUNXwXGFKdcE93Uf+5y1adbT8e7cgXbjj2LxeQdMgxg37gKTdOQaGyGphtRB+pME4JCHkpU9q0IM5ke/1oEfkkbz6xt1NGZ4sMOlYehaTCZPRIRERERxQ5fBcYUm80Q3eTmKz8FuVi5557Dry4PsKVl/v27QtdG4BSQau2AlWmCpt+ckmwkkjCTqYpPvzaSKWDC+pQlq34UIR7o5EMOlQ+nXBMRERERxRNfCcaUZPhIBCBa7/Fa38VqD2NGnu3CO3IEv7E5g8dXF9mlWil42UFohoFkU+ukqc4TmakMhO9CBn4JRzw7TdcnT70uwbRy7+I5XPn0f0fu8IFFH4toJuxyTUREREQUT3yqHlOsfCSKBL6P3MBwtYcxq4vHTgMAHlqWwEe3Nsy6rwx8iMBHsrkdhpWcdV/NMGAkUgj9yk45nxg+ygVOu/avXUZu/7Pof/KvcfkT/wneudM4dOB4qYZINImGaNo1ERFRXNy5rhVv2NqJTILN9oiI5j9PkCpCB6DzhRQtcVJKCN+LXbOZW+UHhmCO/r1uaTbxkc0N+IsThWn31a3EvI5tpjNwhweQyDRNmg5dTrox4aGhyPVn/SsX4Z3vg3uhD96FPgTXr908nm7ANBO4cPYSNCFgmHzoodLjtGsiIirW7z+2EW/f04Njl/P46GcPwfZLu8b2o7u68e/fugHphIGvvXQVf/rNUyU9PhFRreErwBhSAKBFlRwaorxh8tfaNNuI6k8+72Dg1FncOH+l2kOZ1cCFK2i0bv4V3tVp4uyIhu9eXXwJ81gVoggDGPMMLhdKM26+Q2+mMtPu41+5CPfsKXgXzkZh48D1KfvougHDsKDrUZH92TMX0WBpMNkVhIiIiKpMA9DVlMC2lU3Y31faWTa2L1DwBJQChu2gpMcmIqpFDB/jSAHhrIs+znzZpGCSASbVMMdxIITA95/8ZrWHMif3lk7cQghsmD6zqwnCdca/Hut+7V+5CPfMyaiy8XwfwuHBSdfRNA2apkPXdWiaMR443iqbzaO9vbV8gyciIiIqkW0rGrG2M4OzN2wcvTy1CeC2FY3obU/jlfNZ9GdvNun70fEB/Oj4QCWHSkQUawwfY2gxtVIK6uYsyVkPxACT4svzPARBgP3few79Ma96HOMWHKQaoqBO13V8/UrtLtwaeg6C/isILp1Hvr8f7oU+iOzUigBdN6AbBgzdQLF//dlsgeEjERERxdqO3ib82zevx/aVTdAQvXI6cimH//LdMzh8MYd1XRl87K0bsGdNCzQAfijRn/PR1ZTA5569iNdv7cBt3Q2wfYG/f+4SPvX0+fGp3q9eyKK9wUJve/S88cXTw/jYPx4r+dRvIqI4YfgYQ9WOLBhgUjVJKeG6Lg79+GU8VQNVj2PGgkcAGPCBC84sO8dY/thBXPn8pyALeZhmAroeTcG+WdV48/NCZLNTqwaIiIiI4uTDD6/B9pVNGLEDvHI+i92rm7FjZRN+8w1r8FufO4z339+L3atb4PgCr5zP4rbuDHrbUnADibwbou+6g5VtKWQSBvasaR4/rgbg9lXNEFLBDyWSpo6dq5rw6O3d+NK+2njDnYhoIdjtOoaqHT6WgoKCVApCKYRSIZAKvlTwhIIrFByhYIcKhVAiH0jkAolsIDHiSwz70eesr5ANFHKBQj5UKITRdZzRY3giOmYggVBFHcKlqo/bbykLwxD9F67iB/9QO8GjvKUpSyGs3d/Cwae+CVnIQ9N0WFYSppVEIpFGIpGCaSZgGOaCg0cAECHf1SciIqL4emBTOzYta4CUCt862I9//4Vj+NbBfgipcFt3A955xzLsWtUMXQMOnBvB7z15BN94pR+BiF7/jNgh/q8vHcfVYW/a41/Levg3/3AUf/DVk8g6ISxDR0djZdb1JiKqFlY+xlCRzWXrmkIUYGIRFZhRJaU2XlU5bROf8W2swIwLpRS+8l//bso6inGWTCcnfb+20Zhhz4XRdB2QsqTHnI5/9RKCi+dhWSmYpgXTLP0TYcMo7W1DREREVEpNKRNJS4dUgBtEz78GCwFCqZC0dCxvTSFlRW/EDuTn30zG9gSePz2EO9e1wgsl0gk+NyKi+sfwMZaYPpaCQhRkTdow695TMcCsvPPHzmDkxlC1hzEvPWtWTNm2pkHHuUJpAkPNMCClQLmfmuZffn58mvXYZyIiIiK6ydD5DJ+IaL4YPsYQo8f4KEeAOTGUZIA5Da32fuJl63qnbHukR8d//sRXYHV0werogtnZDbN5/o1WZOADSkE3yn93XTh6EMDY+o7lCR8bm2q4DTgRERHVvZwbwgui9RjHKhzbGyyYugYvkBhxAoQieoO5o9ECADCPJCKaHcPHGOK06/pSzgBz7GugfgJMVYN/ABt2bJyyzT95BCPPfG/SNquzG1bXMlhdPbA6uucMJYNCDkpKpFo7yzLuiQqHDyAcvAGgfFOjW1qasH79qrIcm4iIiGi+Ohot/NkTW8e/D4TCP/z0Es4NONi9uhlv3tmF7uYk9q5phqFrOHPdxmd/chG7VzdjeWsKd61rxT/+1h3obk7AMjQEC1zamuElEdU7ho8xVHvRC5VbJQLMSUFmFQPMletXQSoFvQoVkFJKCCmgABi6DqOI6j8hBTbv2T5l+4njfTDNBJSSUEpBKYngRj+CG/3Ascn7Go1NsDp7bgaTXcuAMIBz7TKSK3qR2LKrRD/hzOwjr4x/Xa6qx917ts69ExEREVGZXR3x4I12m85MWHNxxAkxkPfxlz88h3/36Aas68rgke2dUADOXLfxlz88BwD44otX0NuexuqONNZ0ppF3Q0gFhELBC4tbdsf2QnihhGloWN2RLsePSUQUGwwfY4jhI5VD1QPMCZfNpqG5EYl0AqE7/wW8F0oqBT/wEcoQnW0tSCVM9A+NIPBDJK0EtFkG3rWiC6mGqU8Yz5+7DGPaqdJqNIxUkFJCKQlZyMPN5+CePTVpzyDw0P7I29FY5vBR5LLjU6513VhUN+vZbN22vizHJSIiIpqPTz19Hp96+vys+zzxiZdx57pWdDcl0J/zsb9vePyy504N4bk/fwn3b2yHF0rcsbYF77+/F14oMeKEAID3fuLlScf7j19/Df/x66+Nf3/0ch4f+dtDWN6SxMEL2RL+dERE8cPwMY6YPlJMVSrA7F69ApdPnitqTFJKKKiiqhRnur7tu7h3zxa84Z5daEynYZomXN/Dt5/ehxcOnkQmOfO70ctX9ky7/eqV6zNcQ4t+fm1qheFYhaRSMrr1NMC/WNztsBiFQy9DBT6A8jaa2bKF4SMRERHVjomB40SP7enByrYU9vWNQCmFu9e3wjI0DOT9Ga8znf6sh/6sV6rhEhHFFsPHGGL2SPWsmABz5ZbbZg0fAxEiFCGEvLmwjqbpSJoJmPNYrzAQIaBJ/KtfeBO2b1gzKcBMWhbe/aYH0N7ahO/9+BUkrcS0x2jvap+yLQxDDA/nix7HzZ9Bg6YZwGhfa13TEVwof/hoHxtrNKOVLXxcsaIbW7YyfCQiIqLa98j2LtyzoRUffODmWtY5N8TXXr5axVEREcUXw8cYYvhIS13PLE1J/DBAMmli76b12NC7DKtXdKEhncahU2fxrR/ug+N4c06VBqLgsakxhV94889g67rV0+5jmSbe+Lo9uHxtEMdOXZo22AxvOY8QArZtw3HcIn7S2QkRovHOBxZ9nNl4F8/COX0CwNiU6/Kstblj56ayHJeIiIio0j75g7M4erkDG3sa0Npg4bWrBXzv8HW8dHak2kMjIoolho8xVIPNfolKKtPUMONl63q78avveCPSqdSkpjSv27kVO29bi289/SKeO3AcKSs5bViolIIfBmhpzuDD730zetqnVi5OZOgG3vvoQ/h/P/MVFPIedH3yeoiBpiMXqNGGPAqObeMf//6bkHJxf8hChDA7u9Hx9vcs6jhzKbz60vjXul6+h4RdtzN8JCIiovpw9HIeRy/Pf5YLEdFSVZ6uArQozB5pyZvlj+ANr7sdDen0lG7YuqahKZPBux75GXzo3Y/ASuhwfBeBCCGVgpACfhjA9l2sWtGJj/7i2+YMHsdkkkm8++fuh24CQRg1wpFKwQ08rNqzFa7vIVQKrh/gRz98Ed/42g8W/KOPkVKgYefeRR9n1nM4NvKj4aOuG1OC1VJi5SMREREREdHSxMrHGGL4SEudEGLGy7J5Z9brWqaJ2zdtwNqVy/CdZ/bh0MlzyBVsWJaJno4W3H37Ztx7+zYkLWteY9q6bjV+91fejs997SlcvDYAANixcTW2pFMYcV0YugEhBL745DfmddyZSCWRWrexJMeaSf7V/RDZaFF0fR5rZc7Xtu0bsGxZZ9mOT0RERERERPHF8DGGOO2alrrlG9bMeNlPDxzHPbs2z3mMloYG/MLPPYC3P3wPHN9H0rJgmSYSljWlarJYyzo68Nu//BhOn7+CdCqJVcu6kBwcgteQhqPr+N43n0Z2AY1mpqOhPGsvTlQ4uD86l6bDKOOU651F/H8RERERERFRfWL4GEOKtY+0xGWaGxEKMe2ajf0DI7gxnEVna/OcxzF0Aw3pNBrS6dKNLZnCzo3rJm1rv3wV/akUfvLD50tyDqUUlJIw2zpKcrzpOK8dg3v2FIDyVj0CwKbtm+CIaF1MDYCmjX5G9MWt24mIiIiIiKh+MHyMIQ2cek1LWxD4aF3Rify1oSmXSaXgeF4VRjWZUmq8M7QuJDouXEL/6HTsxZIyRGrdxrKGj4VX949/bejlCx+bmhuxcdtt8MR092pTt0UhpDZtIKlNE1QywCQiIiIiIoo3NpwholiRQsB1HKx98H4IOXXtxyAM0NnWUoWRTabdMnXbcj387pvvL8mxhRRouqs0x5pOMHgd+dHwUTdMaFr5Hgq27tiIRDJR9P4KUcAslEKoFAKp4I9+eELBFQqOULBDhUKokA8l8oFELpDIBhIjfvSRDRRygUI+iPazRz+c0WN4IjpmIBUCCYQKEAqQim/+EBERERERlRIrH2OJtY+0NAkh4NgFXHWBn6zYDaPlx2gYGRrvwhyEAfZuX4d0ovgwqxykUtOuG/nI7Zvw6rkrGEhm8KHf/gC+9oVv4l++9dS8jh2KAK2vfwsad99dquFOUTj4ElQQde0uZ9UjAGzdWfn1HhWiytRJG+a8xmTTVWACt1ZdTqy01GbYTkREREREtLQxfIwhTWPTGVp6lFJw7AKGfOAzFzS4VhrGY++D9vefQCIMIKVE2NGBNzxQvlCu2HHO1rDmAx96L0Za2wEAP//et+FG/w0c2Hew6ONLIcre5XpsyrWm69DLHT7uKO/PUi6VDjCj7QwwiYiIiIio/jB8JCohDYCpazDqIDEQCghkZVJwpRTsQgFOqPC/LmlwR2dbi+Wr4PzyRyG+9xWo7l44b34Hvggbv6MuVS2UUVAzdqIebO8aDx7H/Kvf+VX81z/9n3jt2Kk5jy1EiNTGrUit31SSsU6n8Op++NcuA0BZO1wDQO/qFVi7flVZzxFn5Qgwp1vfctYAc8JlRERERERE1cDwMYb4OrE2mZqGjKlBr6P/wEAChbC8AaRSCrZdgB1IfOaChqvu5MvF8lVwPvCvAUR/G6+gEX+LZfigulrWcU0nCENY5sx3m94MXbV/7//4LXzuL5/EC8/un/ZyYDSkymTQ8fb3LHqcs8m/+hKAKNAqe9XjztqseoyTuASYY9chIppobP1jTdOQMDX4ZX7OQERE1ZcwtUn3/0TFYPhIVAIagAZrpnq42mXpGhpNDflQlu0cvudBCoGvXp0aPM7kx1oLOhHg7ao03aWL4fo+UrOsNRmaFtxUZsbL3//hX4JtOzh04Mj01w99tNz1BlgdXYse60y8i+dgH42mgBuGVfYnC9t2VH69R5qqkgHmze3ajJcRUX3RtOhF6J7eDF44W6j2cIiIqMz29GbG7/uJisXwkagELL3+gscxpg7omgZZhoVIlVIIwwD/64LC8cL8bsGvap1IQOHn1GDJx3Urx/OQnKPJzUhrO6Q+e9fo+x++d8bwsRKy2QgOWQAAIABJREFULzwDADAME4ZR3rv/js427LlrZ1nPQZVT6gATmL5xz+TLtNGlLBY1dCIqE03ToJQaraTX8b47O3Dggg1fsPqRiKheJQwN77uzA7quT6p+VGxaQXPgU/oYqtcQq57V01Tr6ZTjjkIKAbtQwD+eLqAwmMUe9zp6wvlVTHxB68KfaauQLeP7KLbrIplIzNpkxkumpqz1OJ2de7bjztftmbJdKQmlFKzu5Ysa62yc0yeQf+mn0DQNhmGV7Txj7r5/L1LpZNnPQ7VDIeoUL0Y/QqkQSAVfKnhCwRUKzuiHHUafGTwSxdPEapex8HHriib8yduX447eJBL1sPg1ERGNSxga7uhN4k/evhxbVzRNCh8BTr+mubHyMY40FFFVQnFSob4sVVPqSddSCNh2AQhDPGz3Y5tmR7/3EhgqCHxfa8Oz6WXwtLnvoo5qGfyf2jp8UF3FHSpXsjH6QQDH89DU0DBr8BhYCVzvWQFV5APuBz/6fnQv78a3v/rP49vC0EfHY+9Fw869ix73TLI//REAwDDLP90aAO6+r3w/Cy0N6fIuSUpEizRW9Ri9qWXAsixs723B73cmEQQBwjCEEILVMET0/7N35/Fx1ve96D+/Z5td+2LJm2TZlvHGEpvNkGBSCgkJJC/CaTlJTm+atkm6HHKaU3L7um3uyXLuuWlOF3JvSNM2NyctaZLSFgIkQAgYs5hgHNt4wRbGljftki1p9plnuX+MZjySZkazb/q8Xy+hmWee5SfLHvF89P39vlTD4u/xiqJAVVXY7XaoqgpZlhM/A+I/D4gyYfhYhfjPtvbEukLX53fOsFDUKdemYcDv90MYOppPn0e7MX+hx2ZVxv2YxW7fJB5VV2PA3rrkOQOQ8C3RjR4RwvusadxoeWHLMzI1TBPeQACqLKPR7c68r6xgtHs1IlpuFX53f/QuGLqB5576BQxTh9LWCc8Nt+Y13mz4jx9C4O23YtOtS9zhGgA2bdmAq7ay2QzlTxYCar2XlBPVgeTwUZlryCZJEqLRKEzThGnGfhYzgCQiqj3xQFGSJEiSBFVVoaoqFEVZFD4SLYXhI1ERWABChgV7nU0zMi0gUMTOlbGKxwCUYBANF0eghNJ3mGmzafi98Dn8HZBVAAkAZ2HHWbECe51deLA9BNfUJGR/AMJMH0RakoSox42g3QZ9bAxaKISGJaodAcCUJFxc0wtdyW8K8z33341QKIwXnn0R9r7SNmaZfX1v2aZbA8ANu1j1SIVx1Nl7KVE9WljtoqoqJEmCLMvQNA2GYQBg8EhEVMvi7/GyLCfe41n1SPlg+FiF+E+3NoUMCxETUMVcAxqxsHlCbbCAubXYgPN+A6ucMpSkHyiGBVh5rAtgzK3xqASDaD5zHmLupiQTp82O3/QP4v+2NWY1BRsAtjYreGCdA5bsgW9FrHO0HAhCCochRSIQugFTU2HabTBtNoQFEAwEAQgYDa3oungOUjCY8RqWEDjXu3HJBjOZhEMhbPvAHRjt7IG37+q8z7MU74F9CJ15B4qqleV/DOwOG65n+EgFUCTBtR6JasTCG8/4zallWYkPIiKqbfGgceFH/DWibDB8JCoi07IQtoDwgkUg3YpUMzfTArHwVJWATY2p3yL8enyqeXYsy0I4FMwpeIzrcDpwm/ccnmvoW3LfnW0qHljnWLTdcDpgOBdvNw0DIb8PpinBMGPfoKmOFVh5bjDtNaKqhvM967Mef2oWgsEATgW0kgaPlqFj9vU9ZZtuDQA33boTrW3NZbkW1SdWPRLVlngAGQ8dgcXVjgwhiYhqz8JgcWF3awaPlAuGj0QlVkvBY7ZcikDIiFV7ZiMUDMKMRNB8YSSn4BEAJCFwg34Zzy2x30fW2PHeFVpO57YsC4ZxJXgEgJDmwExTCxqnLy3af6apBZPtK3K6RirhUBjjIQPnjdzGm6vZ119CdHQEqlq+rtPve/9NZbsW1R9NEmD2SFR7ktf8Sq6ISd5GRES1Kfk9PF7Vzvd1ylWdRSL1gf+O64dWx9MH7bLIaip5JBKBEQ6h+cz5jGs8ZtKoSlgbmUn7+gPrHDkHjwBgWZgXPMZdbm2HKc9vtTu+YmVRgkcACEfCOG/YMGOWrp2v4fNi5pUXICtK2f7nYMeN12ATG81QAept3Vyi5SQ5dCQiovrE93rKFysfiUpIrdPgMU4SAkaGqVSmaSIcDMIzPAYlmF/wCACKJKNd9+Oc1jhvu10W+IOrnFjpzC/Ei0SjKbcbkgy/yw3P7AyiqobJji4EnK68rrFQNBpFMBzGeb2hKOdLZ/b1l4CAH7JS2urKZO/7tZvLdi2qPzZZgA2uieoLb1CJiIgIYPhYlfi/afUjh2UR61IkHIbN64XjcvqqxWwoioIheX5Y12yT8NsbHHkHjwBg6AbS/YvzNzRC1nVMtXUiYrPnfY2FwuEQTkc0jBil6zwdnRzDzMvPQy1Td2sA2LRlA3bedE3Zrkf1RUCw6pGIiIiIqE4xfCQqId0CyrfaXnmZVqzBTjqGriMaDKL9wkjB15qWNIwo7sTzbqeMP7jKWVBjCtM0YRgW0oWPIbsDoRUrYcjFe5s0TQORcBjndGfRzpnK7OsvQZHkslacvO/XuNYj5c8m8xdvRERERET1qs4nhdYmTjurH1HTQqQOyx8tAEHDQqavLBqNomFkLOcGM6l812iBay5o3NqsFBw8ArGqTCtD3GEIuajBIwCEQmFcDAuc10s3FTp84Sz8+1+DJJVuPcmFVFXFe24oXdduqm+yYNUjEREREVE9Y+VjFZKEADLGOlRLTnsNNKoC7Xa55teAtCwgYlqImMi41iMAmP4A7AVOtwaAk4aCY/4o1rcIbHYqeGCdo+BzWpaFSESHmaLZTClFwiEM6jboJazxmt23B3IZp1sDwFXbNqCh0VPWa1L90Gr8fZGIiIiIiDJj+FiFylevRMXiUiTIInXValON3VnrJhBKqmq0EAsdgcyVjskMXYdjcqoo42m/bjM+7TUwEYrig+vcSx+QhUgkAsMsyqmyFg6HcCms47xRnK8hleCptxF++0hZqx4BsOqR8qYIARurHomIiIiI6hrDxyokRGztK9Y+1oZaCxeXokiAWxKYjuSfzpmmCcest+Cx6N0r4PQ4sbOIRXWWZSEcCsM0yxvQhUNhDOo2zJbwut5XXyx78AgAm7dtLPs1qT7Y+Ns2IiIiIqK6V1+pSR2RytgogvLnUur3++RS8n97EP4A5Ei0oOtbsgx9zaqCzpFKNBKBaZb3+6brUYTnplyXiv/IrxA9N1iy82fSvWpFRa5LtU2VBFQuckxEREREVPdY+VilJAEYLH2sekodh8SFzISUitBkRl+7CpaS+1uUaZqwTBO6oQMALNOEaZoABHQ9ts20yl31GMKZqIYxo3RrMfpefaGs3a3j2jtbIcssX6PcCIBNZoiIiIiIlgmGj1VKFkBhdWNUFnV871zIl6b6/AVd23Q5oXd3ZdzH0HVYsGAYJkzDgGnGPs8buIV5z2XDBHQT0SJ3sc7ENE2EwmEM6s6SXcO3/1UYE+MlO38mHZ1tFbku1Ta7LAr6BQcREREREdUOho9VijPRaoNhAfU687qg2kVPYU1VZjrbEZ2ZSWSH2XyWDRNaOAzZMKCGw5AME2ooDAFADYcgzXWYubi6t6xdncLhEEYjwFldK8n5rUgY3pd/UZJzZ6OxuaFi16bapEpsMkNEREREtJwwfKxSElvO1ISgbsGj1udNdEjP/++fZc9ubUMhxKKgPex0QpIEbMFgxmMlw4AaCsMeCMLmD2R1PZ+7AWG7I6t9iyUcCuFcWIFRojJZ7769sPy+kpw7G41NDB8pe5xuTURERES0/DB8rFJ1vJRgXTEsC74o4FQWh2i1yrCAgG7BsPIPH02XC6ZNgxSOzNsuRKyZUvwjFSUUguvshbyvnYm3oSmn/YOBAAzDgKzIUFUVipL7mo0tDiceGBrADl3FKcmBAa0ZI2px2ncbs9Pwvfx8Uc6Vr+aWxopen2oLp1sTERERES0/DB+rlCTA2scaoVsWvFELkhA1vwSkBcC0rIL/3lmWhXBLMxwjYwAAWQhIUvrAsRxMSUbQmdu6iw6nE4GAH97ZGQCAJMmwOxxwOl2QpKW7gct6FF1n3wVkCdfJBq6FD+HwJZwM2nBMbsCArRmTSv5rQXpf3QMUEBIXQ2NTcYJUqn+cbk1EREREtDwxfKxSArEKsUKqz6h8LIDfqyShUBBWgwfu0XHIklQVlbwhhxOWWDowXCgWNMqYnZmGaRoI+H0Ih0JobWvPeJxkGmi9eG5eOCgA2DUN18DCdmsaocAYDlkO7Ld14B17a07jEpcmEHjztZy/nmJrbm2u9BCoBnC6NRERERHR8pX7nTiVTb1M46XlR0R1tI6OQZGrI3gEgKAj/wpDu92O1rZ22Gx2ALG1KpfScvE8tAzrVkpCwGm3Y5fDwmci5/CJmRPYGJrKekz/myuIvhW5BZalsKKro9JDoBrA6dZERERERMsXw8cqxvCRalXz+GTWTWDKJeAsrAO3LMtobGpGe8cKtLS2Zdy3ZegC7Dk0gXHa7bjZbuJ3w4O4e/Y0PEYk4/4brQBuVYP4+ic/VNEAUlFkdKzI/GdBxOnWRERERETLG8PHKsZvDtWqbCoDy0lXVERs2XXgXspSX1vj+Aics9N5ndftcOIuNYDPeE9gS3Ai7b4fQaxC0m3XKhpAdq3srMh1qbYweCQiIiIiWt6Yb1WxKstviLIWXLsGekP1NCKJaMUJHpfivjwFz9RkQedQZBl9ThUfD5zBewIji17fYXmxybpSVeq2a/jS/XfAbdcKum4+uletKPs1qbbYZQGFP8uIiIiIiJY1NpypYrHOwGxiQrXHUmT4Nm+CNjEJ29AI5FAou+NkGaFVK2G4Mq/PKIXDcx8RyP4A5EDmKd6mLGc99nzZfV40jQ4X7XzNHg/u856HbNewX7pS2XivtXhdyM4mD770H34dD/3j00W7fja6VzN8pPQUSbDJDBERERERMXysZixLpVoXaW9DpL0NztffhGxZECIeql9hyTL0Bg+iLc2INjfDUrIJCudXVcr+ALSJSaiXL0MKL14v0ZBKGz7K0ShaRi4W/bwetxvXNZgYnZjCeUcrbremsRLhlPtuX9uF7Wu7cOTc4mrJUlm1urts16Law+CRiIiIiIgAho9VTRJAoxaLIK25Ash4HaQ19x8L1pVtafdJvW3evpbFGksqmWhrM6zx+dORo+vWQu/uKsr5DZcTQdcaBHvWQOjGokpIX1gvynXSaR65CEkv/jVCre1o8nnxYT2Eb6EV91qZp3TfcfXGsoaPrHykdDjdmoiIiIiI4hg+Vrn4vVvK9R9F8h7FudLSgWXqsDNtAJp2H4ady4nR2QElKXw0WpuLFjwuZCnyovUmjRk/UKL8sWFiLKfO1rmQBbDRjCKsmbjXmoQHRsb9b+rvAbC3JGNJhWs+Uioqp1sTEREREVESho80TzzPXHTbKBY9KMaVYqEkqzrrntnYALOxAdLMLEyXE9ENfWW9vpBKs36qLeBHw+R40c8LAJaioGnmcuw6qppyrceF3HatbFOve9aths1W/iY3VN0kIeBg8EhEREREREkYPlJFCZS5qhMpqjHTVHUuDjHTP2dV59IiV22ENDMLo7Wl/Bcv0TekZehCaU4MQLPMvFreb+/pLkv4uOXqTSW/BtUehywgMXskIiIiIqIkDB9p2Ug7hZ1VnWVhKUplgscSaZgYg6xHS3JuIcSixjzVZsv2/koPgaqMQxZQ2SmNiIiIiIgWYPhIVCK1XtWZep/aCTvnEcWddq2GgiWbbg0AcpUHjwCwvn9dpYdAVUSTBGycbk1ERERERCkwfCSqA5Wo6kxfnVl9VZ2yJAEwi3Q2oHFirGjnSkUuYN7q2LS3iCNJbcOmXjQ0ukt+HaoNihBwsLU1ERERERGlwfCRiHKWuTFR6as648+zreqMygLBIoxIMg20jI3C7itdwFdI8OgPR/D6wNkijia1TVs2lPwaVBsEAIciivavnoiI8mAG4J01YGvwQOPyF0REVIUYPhJRVStGVaehCMwWMAbJNNAyNQHP7Az0SKSkU89lkd9dgz8cwUP/+DR8oUiRR7TYBk65pjlORYCzrYkobvjlw/jJ0MKtDtz7QD+6KzGglKZx9KmzeNUXfy6w8qpu3HNNeyUHVZjRQXzp7y9j40dvwee2TuPsgSG8dtSPZy8B2ze14rfv7kMrQ0kiIqogho9EVPdEAWsoSqaB7ovnYAuHYJilXfNSEiLnBtdnxqbw+BvH8Pxb75RmUCms7+8t27WoetllAZWtrYkoydQ5H753Fui3X0m6uld4YCvrKKax59vH8EX3Suz/ZKqfV1EMnvHhe7odn+pWAD2Mx54awKNHfXj0k73QyjrW4oroAM5fxF88H0DvOg03axHsOTiCN30SHn2gtr82IiKqbQwfa4BpXVmtLm3/klTbUrzA20Si7CUHjwBgmMVbNzKVbKdcHz03gn0DZ7Fv4FxZ1nhMdtv7b0JnR0tddGCn/KmSgJ0lj0SUSkMz/ubBLWit2ACi8GYzCaCjFZ97IBZOfuKF/Xj/qxPYM96LOztKO7qS69mKR/6P+BMdO7//S/z++VkMA+ip4LCIiGh5Y/hYAyQBBHQLulmaW/rFt4+pq6/S3WaKFE9yCkkXvJjtsSnXHFy0r8hpjBmvL5bej+pLx9hwIng0SxyqSUJASlP2eGZsCkfOjeDI2REcOTdclqnV6dx11y64MjYXufJaIY2J6r4Dew2ThYCTDWaIKEeRd47hq49N4zkdgCThnlv68Ge7OwFM4blvD+DVjWvxiekL+P1jOu65+0Y8uGkMj31/EN+YBCAp+Ph6DQeGNXz1C1vRY07htR+cwpfO6PAC8DR58Minr0a/ewJPPjyAr00DmB7C9V8ewsc/fAsevC7z2DzNGgAfTl4Edpw5jL95PYB9s2bs3G3N+O6nt6DHDuDiAL72wwk8GYgd19Pdjm//bj9aU27vxpG/fwsPN63FE/evBsxBPPzfh/CDhmY88+AWtM5VaH67Yy3+5b4uTO07hode8OGoGft6H/zoFnx8qwcYP4E//64Xt9zXiclnLuDhaSce+fPrsGP4yjVb3RJsSBEumlMYngbQYK9gGExERMTwsWYoAtBLdO7FN+5W4sa/CCersPIOKGWQm/qFpYPTEgW5KbfnEOQu2p7jOBPbqzzMtYVDcCU1ljFKFP4DseBRlWNT1CI2O8I2O06PTOL7P/oJ3jo7DE2zl+zaubjhxqtxzTWbst6/ZhoTLXiesqpzQWC6nLHBDBFlFAnjwP7Tc2GXgu7ta9GtXcAPHp/GwJouvPDxtcCBI/jkM4N4rLcT9/e0or8b+PNXBzHQ3YSvfMCD3q3AwE/O4Rs+Nx55cDO2+wbx8D9NYKC7ET0AvHsH8cWzEh76retxT/cUHvv2aXz6sdN48VNrcden1iL83XP4RlMnXvhoO2zOpYfsvRwBoGHTKsAz6cDOXe34/EYXtMmL+NIPLuPhV6bw13fI2PPUBJ5sascLX+iHJzCGgYtKLERMud2D3g4Jw2diVYfdZ/04YJfQPx3EyRCwS5vCkXFg184uYPI0/uYFHxqu68P+u1sx/NRBfOTxU+hffx12dDRguzKFP//hEO65rhOPrG3AdlzA934wgSMdnXjio+3AkXfx+3tC87+o0dP43o9H8O1ZDX/2qT54iv19JiIiygHDxxohC4EqTPZogZRBbuoX8jlZhVU+yAVSNJ5Jue/8bUEj97G7FnS0NvNO5DMLexrga21DVNGgq2pi+8v7DuPw4MWC1qsstg/e/d5KDyGtYjQmyv4qS1V1xh6krOBMtS3pebVXdToVARY9ElFGoQAe3RsPwjT8ds9adI9O4bshBQ/t7oNHAnB9O+594RyefGsI9/eshEeTANjx0Ke3YocEAIP49jsmdlzXhR1NGtDUgn7nBCBJAKaw71gIkTVduKdHA9CFu7YP4RsvX8aboT7sarDDJgFQFHiamtKPc3wK3/7hDKBHsO9sBD3rVmJ3B6B19OMeMwDvbARoa8TNDdPYp5sA5Nhxl7zYc3IKd23qRP8mAJhOsx3o6XVCOxzEwDTgORfCQEcD/uTSLIaHASCIA7Djt9crmHpzBs+ZTjzygS4AQPetzbjz4AT2HAxgx80abBqAjk782Yf7Yic+chjfDUl48H0b0N0EYL0DvcnhY+Q0vvGdERzpbsY//VY/+pt4y0dERJXFn0Q1QpFi1VGlCkCIqk2qIBdAXlW5+VQtzjY0oXF6CpJp5l8JvITpFd3wNaeeCDV8caQ0F83T5m0bseU92+HTY38YOS9bkOLFrKt601xsySUWkjYUuzI3c1VnprPnYn7YmT7ITD2FPe22PNfqtMkCGhvMENFSUq35eBGIAECiD40drU5gYDZ5GREpFhrOiZiATUrVotlE2MRcEBnjaVQAhDB1Cci5rbZiw/0f7k10u44cewuff9yLAUVCtwJMhoBYltiE3fd14XM/HsFfPHYCX0tMjU633QNsdOFejOHkeaBtNIRd3WvRi2n85Nw0btcDGGhwob8JgG7O//qbNLQBODvjT/rjSfqz0IEIJNjSTYzQJGhQcP/dW2LnJyIiqjCGjzVCAJBFrPkMEZWerqq4sKYPLr8XWjAA2/Tlop5/Yu06hJ2utK8PXxgGEAuFqoHDaYeePF+56pRvYOVaJzfd9lzWyk0ZpKa6l8eVqdTxeNmyYofG/2SVlMcREWVBQazTcqJvWwThCNDfkLn/cjhlo7e5kC7ptUhIB6CgtSWHMSU1nLliCnv2eDG8fjVeeGAtgNgaknsSx/ThU3/Uh09duoAnf3wBX0tMjU6z3d6E/qYxPHvhNFaOSth+dTt6MYg9o5dxbySC7lVd6AYwpUi4EqoCCOmIAOhudAHwI3dtuP9eBbYVeRxKRERUAryVqCGc6kZUXrqqYqapBT53Q9HOGWhsxlD/lozBo2maGLo4nHheDQGk0+mo9BCqhrXow4JpLf4w0nzoyR9m7COa5iOS4iMc/zCufITSfARTfAT01B/+uY/YcxNBw0TAMBExLShS7BdgRER52ejBvZKOn7wxFHt+bBKPBSTc3teZ5oBmbO8GDpwcxdHpALxvj2HPbPy1VmzrUYDzl/HatA6YU9jzVghoc2F7ciWgniq4zFJERwQ6vCdj152MRAAEcPbIhVgn7ZYu7FqvAKYJbyjddgBoR3+3hAPDl3FkVsPGdUDrShvaRqfw7Diwuy82zbp1gxPbEMCefdMAdEy9NoOfQMP2jWkWrFznwJ3QsedXI4AZwNlDfrwJAObcCvE+HwZHZjE8WaoV44mIiHLDyscaokgCyGPtOqLlrtB1E01ZLso4LnWvQqCxecn9RodHYRoF3DSVgMPF8HE5ine2ZvBIRAWx9+HBj/rw+ccHcf2xQQDAjq2r8fGt6W5FmrD7A63Y/b0pfPrhg9CcGnYmBYvdd/fi66On8cWHf4kIAM1px9cf2DDXVKUZ/askaMdGcP2Xx/DgAzfj4xuzHWgrdu9y47tPjeCWL4/A0+TBQ9s1fPXsNIYh4cjec/iLx88lppDfefMG7G6awZP/lGp77Iz9W1zoecyLJxua8dt2AOvc2OUbwWOmHV9fN/f192zCV997GF/ccwzXv4BYN/D39uHOtnR/PH343M0z+OS+07j+INDf3YTPdUfw7IUxYMdK4J0x/Jf9PuxSZvDXd7DPNRERVZ6wqqGkhrLmjcYqZ4goe5FIFF5vZOkd05AMA93vvJ338f6mZsx0rIApZ/f7noP7D+GRv/zbxHNNs0OknitbNh/9zQ/iNz75kYqOgcpLEgIuBo9EVWFsbAydnemqBGtIvJGL3Q2PPZufiRFEfIDmnsGTDw/g/+teiyfuX33lZd80vLoCT5O7uOMMeeGNyPA0zFUemjogKVdeCxmwOZugaQuOSbU9FxEfvAE9+3P4puGFEx63BkAHTGVuXpuOyGwIWkOR/1yIiGpE3fzcrCOsfKwxigQYRqVHQVRbilH5GPQ0wuGdyem4sNMFb2s7Qm5PTsfF13uMsywrbdOVcuG06+VFAAweiaj4JCc8TWmmEi8QOT+EyaZmdDdoiJwZw55pYNcNC6r43E3I7SdsluweeJKncEtK+teW2p4LzQ1PLsHlvK9fSVpQS2HwSEREVYXhY41RBBCu9CCIaoyiFD5t2tvWnnX4GHK54W9pRTDPtSKT13usFk5Ou15WXKrE4JGIKiiEgTcv4KG3BzE114Rl19bVePDG7IJLIiIiqi4MH2uMIgQErOptOEtUhQqtfASAiN2BqZVr0DxyEVLK7puAt6UNgcYmRO2FBXXDF0bmPa+G1TGcLt7wLRduVWKDMyKqMDu23Xcjnrmv0uMgIiKiYmD4WGOEiDWeiZqVDyOIaokQQKEZXrChEWGXG87ZaaihEIRlIappCLvciDiKE85ZloXhRZWPlf/37vak785N9cOtMHgkIiIiIqLiYvhYg1QJiFZXI1yiqidJAkYRusWbsgxfc+k6R44OjS6qdKyCwkeu+bgMuBUJSmX7GhERERERUR3ibUYNik29JqJcKDWSqqRe77Hy6SPXfKxvDB6JiIiIiKhUeKtRgyQBqBLjR6JcqGppCr11XS/q+RZ2ugaqZc1Hho/1yqUIBo9ERERERFQyvN2oUbxRJMqNqhbe8XqhYDAARVkeq1cwfKxPDkXwl1lERERERFRSjLBqlCoJSEXo4Eu0XEiSgFzEkMXv88FeYFfrbFW68vHzf/oZqKpa0TFQ8dllARuDRyIiIiIiKjGGjzVKAFB5z0iUE1UrTvXj7OwMHE4nRAl+ATA2Op5ia+XCx5vfuxM33vKeil2fSsMhC9hl/hAhIiIiIqLSY/hYwxRWrBDlpBjrPk5PX4bL5YYklebtc3xkcfhYycKYhpe+AAAgAElEQVTHG265rnIXp5JwKQI2Bo9ERERERFQmDB9rmCoBMqdeE2WtkHUfTdPEpalJuN0eyHLx148EgNf2vo7B02dTvFK59PHdgTMVn/ZNxeNRJa7xSEREREREZbU8OiXUMUUCDKPSoyCqDUIAQliwrNzCF13XcfnSFJqbW4reYMbn9eGN1/bj2KHjOHr4WNr9LMsqyTTvpbx18G187D+GYbPby35tKh5JCLgVAeaORERERERUbgwfa5wqCYQNViURZcMwDAAmgOwrF6ORCKanL6OpuQVKkZquRCIRaJoGAPj873yhKOcslfODQxg48S62X7u10kOhPMlCwMNFgomIiIiIqEI47brGKQJQOPWaKCt6NArLyv5tLxwOYXr6Epqamgvu9hwOhzA7M42Z6elE8AgAf/rVh7I6vpJTnw++caRi16bCqBKDRyIiIiIiqiyGj3VA5XeRKCuRiI5Yr/ilhYJBzExPo7GpBWpSWJgrn8+LifFR+LxeaJoNjU1N817v29iHb33/m1mcqXLh4+FfHZ+rGqVaokkCLoXBIxERERERVRZjqzqgyQISqx+JlmRkuURBIODH7OwMmppb5lUp5sNms6O5pQ2tbe2wOxyp97Hb8D+++bWCrlNKo8MT8M54Kz0MyoFdFnAyeCQiIiIioirA8LEOCAAav5NES7KyqHr0+33web1FCR4BQFXVrJrUtHe24/e/8Nm0r1e64/To8HhFr0/Zc8gCdpnBIxERERERVQdGVnVCZQtToixk/nfi83nh9/nQ3FKc4DFX111/LXbetKPs183G8PBYpYdASxCITbO2MXgkIiIiIqIqwvCxTsgitr4XEaWnqum7XHtnZxHw+9HS2gpVLX/wGPf+D+xO80plKx/HRyYren3KTBYCLlXwF1FERERERFR1GD7WEYaPRJnZbKk7Vs9MX0YwGEBrWzsUpbCu1oVa378eO258z6LtFZ51Dacr9XqVVHnxxjJc4pGIiIiIiKoRw8c6okicfk2UiWXO79hsmiampy/DAtDe0QFZTl8ZWU59G9el2FrZ9NHtdlX0+pRavLEM3/qJiIiIiKhaLd0FgWqKKgFRs9KjIKpOpnUlfDRNE7Mz01AUBW5PQwVHtVj/5o2VHsIiTrez0kOgJJIQcMj8hRMREREREVU/Vj7WGU0SkAVvRolSCYWiicd+vw92u6PqgkcAWNO7Bs2tzfO2VbrbtYvTrquGOjfNmsEjERERERHVAoaPdUjjd5VoET0ahWFcCfCcThfsjuoN1Kqp+nHnTddg27WbKz0MAmCTY8EjG1oTEREREVGtYExVhzRJQGL1I9E8kWgUyStNVMv6juls3n7VvOeVrHy852N3VezaFCMAOBUBB1NHIiIiIiKqMQwf65AQgI3fWaJ5dL3SI8jNxqsWVj5WJnxc0dWO9f29Fbk2xchCwKVK0DjNmoiIiIiIahAjqjplkwWUGq9+nI34Kj0Eooppa2/Fiu7OxPNKVT5OTU1jZnqmItemWCW7WxVQavvtnIiIiIiIljF2u65jmlx71V5D3hG8eOqvoOrHE9sU14fw6xv+Exo0dwVHRlR+m7ZswujwWOK5ZVkQefxSwbJMGGas07ckJAghZX2eaCSK1/a+gbs/cmfO16XCOGQBG6dZExERERFRjWPlYx3TpNrqhjrkHcFLJ/7zvOARAHT/0/jJkYcqNCqiyundsHC6c37Vj0JIUGQViqxCCAmmaSAcCSIaDcMwdJimmfHcb7x6MK/rUn4kIeBSJAaPRERERERUFxg+1jlbDYWPL737t5DhT/maap7FM6f+rcwjIqqsdet75j0vxtRrIQRkWYFNc0BRNQBANBpCOByErkdgzlVIJnvnxCDODV4o+Nq0NJsk4FYEVP50JiIiIiKiOsHbmzqnSLUTQMrRNzO+Pjn7eplGQlQdulZ2oW/DusTzYq/7KDAXRNqcsNmckCQ5ZfgIALPT3qJem+ZT5qodHYpAjbxlExERERERZYXh4zJgkwUEqvtudsg7svRO5kTpB0JUgOd++mrRz7n9um1XnpS46YwkyVAULeVrlWl3U/8EALscayrDakciIiIiIqpHvNVZBiQB2ORKjyKzlZ4uGHBm3EdSejK+TlSPNm/fnHhcqY7XACCzHK/oVEnArUqwc21HIiIiIiKqYwwflwmbLCDn0SW3nDTn7Rlf72q6qUwjoXqkKErJr+Gd9ePR7z1V1HP2ru/Bpi39AGJdqyvF6XZV7Nr1RhICTkXApQgwdyQiIiIionpX+rtxqgoCserHgF7pkaR389qP4pUTT6d8LSracXvvXWUeEdUTVZXx3NOv4ujR04tek2UJbrcTbo8Tbrdr7rMDzS2NWLm6M+trnBq4AF2PFnPYAICrtm7CyeMDRap8tGAYBmQ5t7d/lztzZTJlxyYJ2GSu60hERERERMsHw8dlRJMEDBkIG9W5ettKTxcMdWfKxjMed+aqSKKlKIqEtw4NYPDMcE7HudxOrFu/Cv1X9WLnDdugaqnfNo8dOYWZaT8MQ8eeX7yB3b92QzGGDQDYsGk9AMCCBcuyIAqqYo41mYlGw1AUFUJkVwDvcjF8LIQiYqEj13UkIiIiIqLlhuHjMmOXBQwT0Cu4dlwmO9d+AgffnR8+GnDi9r77KjQiqheRSBjhMOBwNKTdJ97p2bJMmKYB0zTh9wVw9PA7OHr4Hex94U3svHErrt2xGa1tTfOO3fP8G5AkGZIk48AvjxUcPvp9fhw9fAzHDh3H20dPXHnBsoAiLKGgqjZE9QgkIS1ZBdm/eT0rH/MUqzoXXNeRiIiIiIiWLYaPy4wAYFcE/FGrKrvXbmzZgIO224DwS4ltLc0PoEFzV3BUVOssy8LwhXFcvuTLuJ8kxTszyZBlNbHdNA0YRhST45fxsydfxs+efBn9V/WiZ91KAMCJ42dw8fw4bLZYQDc5PotXXvoVbr3tPVmPMRgM4/Sp8zh96jzeefsdDBw7nPprgVW03vWqokHXI9D1CBRFBdKc+cP33VmkKy4vqhQLHZk7EhERERHRcsbwcRlSRKwCMlil069vXfdJvHIiFj5GRTs+sGF+1eM7l07h4MUnENXHIQkXNnfdi2tXXFuJoVKN8Pt8eP7ZX+V9fLyiUVXtMAwdhhHBwIlBDJwYTLyuaY7E/rKi4Yl/+QU2b+1bVCGZLOAP4sTxMzj59hmcOH4GAX8QABAOXMp7rLlSFA26HkU0GoGq2ha9vvGqddhx49VlG089UCUBTYp9JiIiIiIiWu4YPi5TNlnAsICIWX0B5EpPF+ye30DI+2P0rfjdea+9OPgsxie+CQCI16UNnN+PgfHd+M3tf1LmkVItsCwLhw4M4OCBd4tyPllWIMsKLMtMNIC5UjEZI4SAotrww3/8Kf7wjz++6By/2n98UeAoSTJUxQYhBGaDMxm/nmJTFBWGkbpRzjsnzhT9evUqtq4jQ0ciIiIiIqJkDB+XMbssoFuAWYXrP97edx8ef+sUxt+YBFbHth0aPZQIHhcJ7cEzp9YtqpIk0nUdP3tycROjQgkhZVx6UVE0nD0zjOd++iruvPsWAMDhX53ASy/sx/mzIwBiQaaq2iHLSqLxi392rOhjzUbyNPOFwqEwbPbFVZEUowgBTY419SIiIiIiIqL5GD4uY5IAHDLg1ys9ksV+8fjP8cqTowCexnt3vxctrS14e+QJyBmOmZx+EgDDR5pvbHQKly9nXuuxVFTVjp//9DW8e+o8pi/NYmpyOjF9W5bVRV2rLdOA3zexxFnL/8uCYCDI8DEFea7SkaEjERERERFRelKlB0CVFW+IUG02b92ceLz/9f2xB9HjGY9RraVCG1qOhi5U7u+FJMlQNQdOv3Mely95YbO5YLO5oCjaouARAHyzY7DmOm6XgmHk95uGSKQKf0NRQbIQcMgCHlUweCQiIiIiIloCKx8J9rn1H6MVXP9xyDuCczNn4FTdaHd2oH9zPxoaGzA7M4s39r2Bbe+7GjICFRsf1a4L58cren1ZVmC3uxPTqtMxjAgCS1Y9FkaSJJimsWiNyqWEw+ESjai2SELAJgGaLIrWcZyIiIiIiKjeMXwkAIBTEfBHAb3M6z/ORnz42clvA6E9iW0nATgafhM33HwDnn/meVw4dwFnRpduFmKoO0s4UqpV1RASLRU8AsDspQvZnq2gcUSjIaiahFzis1Aokvc16wFDRyIiIiIiovxx2jUBiMUZTkVAytRBowSeOv6NecFjXHD2R9A3jySeDw4PZDyPASd2rv1E0cdHtc2yLFzMctp1vlOSiyHgm0QkXJ51KWVZgaGn7mydjh7Nbf96IYvYshQeRcDG4JGIiIiIiCgvDB8pQRKASynfDfah0UOQo+m7EMv6z9HZ3wUA8IbTdwCOSj3Yuf5/YGPLhqKPkWpbJBzG6PDlrPYt5VqLS13XNzua9f6F/n5AlmMF72YOX6+iLK8ieVUScCqxNR3tsij4z5yIiIiIiGg5W153lLQkWQAuRYJPN0t+rXOXjyy5z5rdFsYGgGAwCDQtfl12fggf3Pif0KC5SzBCqnWDZ4az7nRtVaCLNJBPk5nCkzBF0XIMH3NbI7IWSUJAlWKdq6uwBxcREREREVHNYvhIiyhSrALSr1euAU2c23YSQBNMc34YGpU344bez7DakTI6evh01vsu/DtWLsHApYpcN5emM3IdVz4qkoAmxaodmTkSEREREREVX/3eUVJBYtMOgUAJA8gGeydC3sz7yAhgxa5+NLVNAwCioh1bV38e1664tmTjovoQjUbw9rHzWe+vKGoJR5NaJOyr2HTvXNRb5aOAgCbH3ucUJo5EREREREQlxTUfKS1NEnCUcP7hjpW3ICr1LLnfyi1BhEJOTI3fgU/u/D6DR8rK7IwPI8PZVxVKkgLLKm/1o2Hk3kVaVGABwnpZ81ERsfe0BjX2mcEjERERERFR6TF8pIxscukCyAbNjRvW/RdERXvm/RznceR/Xcb0/kBJxkH16Z2TF3LaXwgByyrvUgNmjl2nYyoRPtZu5aOAgCYJuBUJbnWuazVDRyIiIiIiorJh+EhLsskCbrU0f1U2tmzAvVd/Cx3t/zltCBmbet2JS1OVWRuPatPQxclKD2FJkXB2zXCSVaTyUa2tysd44OhUBBq02GeFP+2IiIiIiIgqorbuKKliFAE0qBK8UavoXYEbNDdu770L6L0L71w6hbeGn0codAyqeTaxT8taAyf2zcI0TEgyUwRa2plTwzntb1kWTNPIqRFLISzTyCt8rIRaqHwUiHWrVtg8hoiIiIiIqKowfKSsSQJo0AQCOhA1SzM9dWPLhkQH6yHvCAYm38LZ0Tdgd16GZVm4dOkS2trbSnJtqh/RaASdXc04c3o062MsywTKOO06FJrJ+ZhKVD0C1dvtmoEjERERERFR9avOO0qqWgKASxEIGkDYKG1Qs9LThZWeLhyc7MAj//AIACASzr1BBy0vlmXh/OAwDv3qdE7HmYZeohGlFvDmMy28MvFaNVU+MnAkIiIiIiKqLQwfKS8OOXbTHypxAAnM77SrqmrJr0e1LRgI4F9//ApCwdyDasM0yvammF+n6xIMZAmSJEGWKxs+MnAkIiIiIiKqXQwfKW92WUASQEAvbQAZ8F/pcq1o/CtLme17+QgGc5huXSkudzt8s7mOs/yxm82ulf2akhBQBCALQBYCslSpmk8iIiIiIiIqFJMcKogmCUiqQNiwSrYOZCBwJXxk5SMt5eCBdws4unxrPtqdzTmHj5VY89Fmt5X8GnI8bJTmwkYmjURERERERHWD4SMVTBGAogiEjdg07GLHN8nho6aVvwqLaouQ8u+GbppGEUeSmazk83e5/Kmc3Vb8f3OKEFCkK6FjhfroEBERERERURkwfKSisckCihSrgowUsQpyYnwi8Tg5fHxx8FlcCpxBODKOrqabcHvvnUW7JtWuq69dj9Onhis9jJKoREhncxRW+SjNVTLGKhtjYSMREREREREtHwwfqahkATgVAcUEQgZgWoWHkOcGzwEAWlpbAACzER9+cuQhqObZ2DUBjE/sxz9N/jNu6PszbGzZUPA1qXat7e0q6HjTNCBJ1dPdeb4KVD467FntJ3BlyrSUNH2aWSMREREREdHylv/8RKIMNEnArQjYpMKiB8MwMHRhCADQt6FvUfCYTLUm8MaZv8ZsxFfQNam29V+1ptJDyIoeDVZ6CFmxp2g4IwsBTRJwyAIuRUKDKqFRk+BWBRxz/+4VBo9EREREREQEho9UQpIAHIqASxGQk+aLDnlHMOQdyeoc5wbPwZqrnly3YR1+duKRlMFjnGqexbGxw4UNnGpeV3dLpYewJEOP5HxMJRrOOOw22GUBpyLgUSU0aRI8auy5TRZQpdi/dSIiIiIiIqJUOO2aSk6VYgHFzwdfwcDw30O1Yms4RkU7VrY9gNt770p7bHzKNQDMrBgBwi8teb1x32kAtxQ8bqpdq9a0Y2T4Ul7HmoZelmnX4dBsya9RDG6nHXa2nyYiIiIiIqI8sfKRyuLpU8/gzND/lQgegdg06fGJb+KZU/+W9rgjh44AAJo2tUCP/Kjk46T60NraWOkhZBQJ+xD05xeOlluqaddERERERERE2WL4SCU3HfLh3Ng/pH195vJ38eLgs4u3T8/g2JFjAIAtd0xnfb21zdtzHyTVlf7Na/M+1kLxOrUvZBgRXJ44jcsTp/M8Q/krEJ1OR9mvSURERERERPWD4SOV3KsXXoEMf8Z9xie+iVOX35237bWXX4NlWdj4sQ44pItZXSsqb8a1K67Ne6xUHwrpeG2aZhFHckVXtxOTIycQCeffEKkCSz7C4cyu2zURERERERFRKgwfqeSmQ2NZ7ffGu19FxPBDnetesfeFvWjc2Iw1K7NrIGOoO3Hvtv+W9zipfjidtqqZLrxx02r89//5e7jxxv4inK0CDWccDB+JiIiIiIgof2w4QyW3vvVqHJ5Zer1GxZrAvx39Bj53/Vfw9ol3MTU5Bafmhs93F9q60q/h12DvRH/b1Vjpyb/ajepP96pWnHk3u67qySyrOJWPdruGD33kZvzaXTtj41lTm38/7XZbpYdARERERERENYzhI5Xcjd3X4sBgO5SkZjPpiMh+vHD2FQy8FJuCHRj24T9e/Zto6+yEbgK6BZhW6dbko/qxoX9VTuGjkGKF4MUKHyGAvvWdiacrujoz7JzlKSsw79rhYPhIRERERERE+eO0ayqLHb1/DAPOrPY9efFv8ObR2FTr9et70d21Apok4FQEPKqASxGwSQJSJRbAo5qxtmdFTvsLUdy3w1Awgsd++BJEOIgGVcL6Ve1FPX+5uFzZ/bslIiIiIiIiSoXhI5XFjd3X4kPbvgXJvhtRqSfjvjL8aLo6Fnjcdtuuea8JAKok4FAEGlQBtyLBLguoDCNpgcKazhhFGcOZ02N49pn9gGVCCIGm5oainLecVq/OLcQlIiIiIiIiSsZp11Q2axu78Hs7vrjkfl/6P7+OC28PQJZlvPfWmzLuq0iAktSEw7AEdMuCYQKGBRicor1stbY1ornZjcuXs+suXaopzc8+dxi3774a7e0taG1twvTl2bzOU4kp123tzehc0Vb26xIREREREVH9YOUjVZWJiSm8/fYAAODGG94Dp9OR0/GyAGxJU7QbVQmuuepIRYgK9AqmStrQvyrrfZOnXVsFh9YWdD0CAAgGI3jm2V8BAFpamwo8b3lt3bqh0kMgIiIiIiKiGsfwkarKmwcOJR7ftntXhj2zIwSgSoBdFnCrAo2aBI8qwakI2GUBTYqHkowla50kYt9LTRKwyQIOWeDGGzbldg5JBgBYBU67jkRC8wLMgXeGAABtrc0FnLX8f0evvrq/7NckIiIiIiKi+sJp11RVTp06AwCQZRnbt20uyTVkAcgpprBaEDDnpmqbFhIfhgVY4PTtSpAgIEQsdhMi9tuS+HNJAAICkog9TuXmG/rxzRyuF6t+LHy9R02bX7F7+vQYgsEgOjvzn8JciSVNr77mqvJflIiIiIiIiOoKw0eqKvHwsa+vB7Isl/XaAksHk+ZcEBn7DFhzn688Z0yZipj7byJIRPowMXl7vkKhECRJgs/ng8OhIRiMZHWcLCswjChMy8z/4mn84oWDaOtoKeAM5U0fm1sa0L2yo6zXJCIiIiIiovrD8JGqRjAYxOjoOABg/freea+dmxnB6cunMeJ9F1d37cLWtvKuRXclmIw/S7/n4lDSSjyPvwbMDy+vPK98eBn/6uINTsSC1+JhIZIei3mP54eMEOWOzYCBgfPwegPY/+a7WQePACBJsbfEwtd8XOzfH9+P3/rEzUU/b6ks5/Ueg5FZOLTcOpPncwwREREREdFywPCRqsbJgXcTjzesX5d4/OjR/4WZmacgww8AeHXmR9gj9WD3xi+UPYTMRjyIA7IJK1MdPRdIJgeWiY2FD05ceXjlcwUCwlL613//JU6dGsn5OCEEZFlBKZqkB4MRvHtmooAzlPc7tG378lzvcWBkL2RZwvqOW3M6LqIH8O7Yq9i2+oMlGhkREREREVFtYvhIVSM+5Rq4Uvn4ryceg2/mR1g4AVs1z2Lvyf8dq3Z8H012dxlHWR4pA8F6SgdLbFP/qjTho5VU1SgS1Z3JFMWGSDhQknEdPHg272PLvebjtdcuv/UeR6YH8Mrph/E7t/x7zsc2Olfg5f0Po6NxPTobNpZgdMVXigpfIioNy7Lq6t9sqp+/REREVL/Y7ZqqxsjIGADA4XCgq6sT52ZGMDn13bT7y/Dj6VP/Wq7hUQ1xu+yJx4ahQ4+GEZ370PUIdD2CSCQA01y8tqMkyZAVtSTjunTZj+bWrpKcu5gaGt1Yvab6x1k0voMIRmbx0sm/ho4Awrovr9PIisDPjnwZwcgs4DtY5EEWRzzAqKcQg4hqD9+LiIiIlhdWPlLV8Hlj06q7umJNLp468Y0l/4JO+4+UeFRUi3p6VyQey7ICyLm91amqfemd8mR3tgBTuU8JL2fp65Yt68t2rYqKjABaF+A7iEPetzCjxypTp/xn0N24PadTeUOxX56EMYXnj38D93StBdzXXblGhWR7Y88AgKj6GYYBSarduoF01Y4L339YFUlERIUwTZM/S6pQ7f4fDNUdry9WbeRyOvHL4UNQ9LcrPCKqVZ2dTZUeQlqmpUCz5b5UQDl/fm7bXhvThgtmeIELX4U/OISDF3+Y2Dww9nzOpxq8tC/x+KJ3P8b9o8DoP8TCxzJLVVGUvC3VBxFVN4fDAZ/Pl7Jiv1Zk+z7E9yYiIsqXaZrw+XxwOByVHgotwMpHqhrxykeny4kD5/8pq7+cLtu6pXeiZWdFZ0tRzvOhu3fgllu24ctf+UFOXbOX4nS3IRLOdWpv+dLH667bUrZrVZRjI7D6z/H8m38ERb3yu7izl15HWPfBpmQXEod1H44OP5F4LkkCz48ex8d3/VnRh7yUhTfrqW7es91GRNXD5XLB6/ViYmKiZv+9pqpCiW9L/poW7sfqFSIiypYQAg6HAx6Pp9JDoQUYPlLZPH3qGQzPHgUAdDdux4fW3zXvda8vFj7Ka+Wsqh4NOHH7uvuKP1CqCy0tbly6lN/afXHnz0+gZ20HPviBHfi3f79S2WaaRuIjdsNkQZZVKIqW1XltjkbIigZDL16gWSwutwM9vSsrPYyymfYP46JvYF74GNZ9eOnUX+HOq76U1TmODj+RmHYdN2NcwuDYm+jt3FnU8WaysHJoqcepnhNR9XK73XC7a7/JXqZwMZvHREREVHsYPlJZ/N2Br8MM7Uk8vxh8Ef/P+BP45HX/E012NyzLgt8fCx+ttqElz2fAifdt+jrWNi6jphiUk9YWT8HhYzAYBgDc/7Fb8dLeo5ia8gKINaWRpIU92HPjdLfDO7303/W4ct14LZv1HucMjv9qXvCY2D61D4NT+9DbenPG44dnjuDA+UcXbZckgaHpoyUPHzOFifHH6T6nO8dS1yAiSmepn1VCiEVVjpZlpQwk4/ulOoaIiIhqC8NHKrnvHfp/5wWPcap5Fj888hf43PVfgWEYAABntxsu9c2054pKPXA7tuL2dfcxeKSM1qxtx6l3R2CaOiQpv7e6QNJU6/vvuwV/+3fPFGt4cDib4ZsdhWUaRTtnMWzc2FPpIZSVQ/PAslKvqfnSqb9Cm6sPHntnymPDug97Tv1l2nNrirNYw8xKqjXTMj1OdQwRUSlkqmjMFEACSPkaERER1RaGj1RSvxw+hLD/6bSvi8h+vHD2Fby/51YAQM9tsS7DurIZANDk2g674sKqxvXY1LIBTfban25E5eF02AAUFqgMDV1KPL7ttu146eWjOHnyYsFjAwAhybA7GhH0X1p65zJq7yjOepm1YtPK2+CPTmAmfA5Dl9+CX59IvBbWfXjuxFfwsWu/lfLYPaf+ctF0a0U40d24DV2N23Ht6vItC5GqujFVM4dUz1Odh4ioWNKFivHgMd3z5P0ZQBIREdU2ho9UUu9OvbXkPieG/g7v77kVmqbh7X+eRPevPYA//MxvlWF0VM96e2LVarKsQtcjWa/HmMmf/NeP4b99+VFcuDBZ8LmAWOOZbMPHct10dXa2leU61eQ9PfcnHp+fPIjXznwHM5FzAIBJ/2kcOP8odqz5xLxjBqf24ezU64nnTrkNt234Y6xpu648g0b6wBFAoiOuaZoZO8tmqoRMdS0ionTS/ZxKVemY/HjhhyRJsCwLkiTNOy4eQDKIJCIiqj0MH6mkAuGxJfdRrAk8feoZqKqKSCSCaCRahpFRvXO57InHxbpJcTltePCPPoz/+tD3inI+RXVUXeOZjs7WSg+hota0XYc1bd/Bz499Hacv74EQwIHzj6Kn9Sa0ufoAXGlIE9ft3ok7Nv8JHFpD2ca5VPAYf57p8cLj0lVDEhHlKzlojH+OP5YkaV7guDCYNE0zEUTGtzGAJDMDr4kAACAASURBVCIiqk0MH6mk+tpuxqmLi9d7XOjs+D/DprXD7wcikeoJYrI1MPY8IoYf27o/Uumh0Byn05Z4HKt+DENRbBmOSO3UqYvYsGFV4vmRo4NFGV+czd6IgG9i6R1Rnpus9vblNe06nV/f+kX87LCJc969EALYd+Y7uGfbXwCIPQ7rsWZG65p249e3frGsY8sUDsYDxuTP8Y+F29NNwWb4SETFki58TA4cJUlKBI3xaseF21NhAElERFQ7GD5SSb2/51acGN0MRX87436KNYG2Wzbg0lPTNRU+hnUfnjr6RUz6TwMALFjY3v3RCo+KAKCvr3vecyFS37wsJRAIz3s+MJB9h+ps2BwNWYaPpdfQ4IKq8sdC3Aev+VP87DBw3rcXwzNHMDxzBB5bJwbGnwcAdLl2lD14TLaw6jFd8GgYxrwQMl0AyeYzRFRMqaZbpwoe4x/J7zvJwWNyAMmqRyIiotrEu0wquU9c8xU8evhLSwaQnb0DeAc2RKJ6mUaWnUn/aRwdfiLRWKK39eZEheO+M99JBI8AENH9FRkjLbawUkKW1aKc99Ilb1HOE6fZsmuiVI4brda25pJfo9Z88Jo/xWNvjmMqfAIHzj8Kjy22lmiDshY3rPoshoaGMD09ndh/5cqVaGpqKtv40q3hmBw6pvucrgIyfp6F1yEiyiRdY5n441TBoyzLic8Lq6/jgWQ8cEx3HSIiIqp+DB+p5JrsbvzhjX+FczMjeHP4VYx7j8KKHIOMwLz9bGIKbdduh/dyccOdQsQrG+NTLAFgeOYINNmF7sbtiQqoVI4MP44p/xls6/5IYq04Kp/4mnZFV4KbHs3mRiTsW3rHEuvqaq/0EKrSh67+Mv7lwO9jeOYInKEt8PjvgM3owd5zry3a99ixY7j++uvR29tbkrFk6lK9sLoxHjQu/MgUQMbPxbCRiAqVqrnMwuDRNM1E8CjL8rxjk8WPi+Paj0RERLWF4SOVzdrGLqxtvB9ArLPsdMiHk5dOYdI/iunQGIaGRuBZOYuh40s3qSmXs1Ovzwse4wbGfz6v4hEANMWF/o474A2N4bkTX0m8fnbqdXzsmm/BY+8sy5gpJhwOL71THrZsXotTp0aKes5qCR/XrVu19E7LkENrwFbP72Bg4DRkI1apqiN9hfbx48dLFj4ulKqL9cLQUdd1jH7nW5jd+yKsUKgs4yIiypaw29Hwvtux4jN/sPi1uYAx+ZciDBuJiIhqD8NHqpgmuxs3dl+beP6j44/jzaefAgD4fH643a5KDS2hu3F72teGZ47Me97bcjOGZ4/Ma0YBxKonveExho9lFAgE8MorR5beMQ/vv/0aPPGTXxb1nIpqz/h6uW60+tavLct1qlk0GsX0dGzt2enpaYyPj2N8fBwAICO7KfJ+vx/Hjh3D1q1bSzLGdJ2uk8PH5MrH0e98CzPP/awkYyEiKpQVCiXeo7o++4eLpmgnv7+x4zUREVFtYvhIVaOjoy3xeHx8cl746Pf7EQgE0NTUBFUtztp92fDYO7Gt+yM4OvzEotem/GfmPR8Yfz7lNGxNcaHVta5kY6T5AoEAnvv5Afz4X14vyfnb2xtxy67NePW1zGuY5kJRHUU7VyH6+lZXeggV89Of/hQ+X/GqT48fP46Ojg50dHQU7ZypLFynMXkqdbzycXbviyUdAxFRMczufREdv/u5ecGjaZopp1sTERFRbWH4SFWjPSl8HB0dh66HMT4+jqGh+d2Fb7nlFqxcubJs49q17rOI6P6M6ztmPL73s7Ap2VVMUWGi0Sie/8XBogaPqcLu3/gP7y1q+CgrGoQkwzKNNHuU/kbL4bSjo7O15NepVk6ns6jhIwDs378fd955Z9F+YZKuCUy6ysd4+Mip1kRUC6xQCIZhzAseM1U+Jo5jIElERFT1pKV3ISqPzo52tLe3YOeOrbhw4QwOHTq0KHgEgDfeeAPRaLSsY9u98Qu486ovQVNi1ZhT/sGsjtvW/RH0d95RyqFRkmPHz+CHP1rcBKQQmzevWbStvb0RN93UX9TrqBWufly7pqui1680l6v4yzz4/X4cOnSo6OcF0gePqQJIIqJaEW+GldwIa+EHsPiXMURERFTdGD5SVYitkXYEt71vJ3p6Mlc1RqNRvPjii2UPIHtbb8b91zyCVte6lE1okmmKC3de9SXsWvfZMo2OTNPEv/7blYpHyzIRDM4iGg3DTFtRmNlVm9JPQ962pSevc6YTjQbTvlaOio61Pd0lv0Y127BhA0IlqBAcHBxMrBlZiKVutBeGjsmPiYhqRar3sOTQMR2GkURERNWN4SNV3ODg/9/efcfHcdf5H3/NzFaterdkW7bl3uTuOHYU4yQEJ04jCSGQg8DBcbk7+N0BCUkIIRztfuS44zgCFw740dNMOVI4hzQ7dopL7MS9SbZVrd5Wqy0z8/tjtetdaXe16pL9eT4e69md+c53vmNZY81b3/l+K9m2bRuNjY1J79PW1jYuAWSao4Abl3yHNHv8cdxm5Kzj9mU/ZGbO5WPYMqHrOqdPX5gpXVFUHI40wMTrdeP1dqPrfiC5G5Tbbl3PVx/+SNztS5aM3GzGAb8nwSPXY6O0tH8Pz0tJVlYWNpttVOrevXv3qNQbEutx7MibdyGEmCwir13xhpoQQgghxOQjYz6KcRN6JDHWo9XJCAWQmzZtGtNJaOyWVG5c8iid3vP9ttksLnJdpWPWFnFBrH8DiqJgtTqwWGz4/V58Pg8KCharDU2zoiixf/8yu7SA227dkPB4eXkZZGe5aGl1D7vtiXo9jpXS2Zd2+AiwbNkytm/fTlZW1ojW63a7qaysZObM4QfW8W6+Ez16LYQQk0WiR65jkfEehRBCiMlBwkcxptxuN42NjRw/fpy2trZh1zdeAWSao4A0R8GYHU8k52//ZjP/9eM/91uvKCo2mxPTtBMI+AkEfPj9XiyWYAipqlpU+VOn+wfLffn9/hEJHgGMQOIevGNxYyXhIyxYsACPx8POnTuxWCw4nU5sNhsWy/D/q6ypqRmR8DFS3xvyROOjCSHEZDDQdSxy4hkhhBBCTB4SPopR5ff7aWhoCL9GInDsa7wCSDHxbNy4FEVV+MFjf0TT+j9CqygqVqsdq9WOrvvR9QBerxubzYmmRf/bqalppLg4L+6xzpwZOKCcLFwuJw6HfbybMSGsWLGCFStWUF1dzcmTJ8PXLY/Hg6qq4Ueznc7gBEGR6+IxDGPEZ9LuezMea7uEj0KIySbRtavvdU8CSCGEEGLykPBRjKo333yTurq6UT9OW1sb+/fvZ82aNaN+LDGxXb5uPl97+ASu1DxSUnNR+vRqDNE0a2/gGHuW6YrKuoThY3e3dySam6TRvcHKzEwb1fono6lTpzJ16tSodU1NTXR0dNDd3R0eo7a+vh6v98K/hZaWFgKBQLi3pNPpJDMzk7Vr145Ju6XnoxBiMpNrmBBCCHFxkvBRjKo5c+ZQVVU1Io8tDqSyspLi4mKKixPPli3GTyik8fv94bHoLBYLmhYMCO32ofe+MwyDnp4eXnvtbSyahe6uBro66nG6srE70rE7MwZV37lziSdAUtSRCwQtVkfC7SYGKCqYozN+X2ZW+qjUe7HJzc0lNzd3vJsRUzI9hYQQYqJL1JNbCCGEEJOXhI9iVE2ZMgVd18ckfATYv3+/hI8TiN/vx+124/d2EWg9iNp9Aq37JIq3FrQUTNWJr3dpak701OVY8tbhdDqx2+0JH6P3eDx4PB78fj+qqvL2W+/yzr5jHNh/DFXVUFUN0zTw9XTgcbegqBoOZwaOlCxs9tQB2z7QRB1Ll8wa9N9HPImCUacrG0dKNgHdh9/TjmmM/AzvWVmDC2bFxBV5ky4360KIySjyGibXMSGEEOLiIOGjGHVlZWUcOnRoTALIzs5OOjo6SE+Xnlzjye/301K9D6XpVSztu7B1n8BmJPmY8gnwpS2nO205ZKzCmn85drsdm82Grut4PB6qqup4fcc+3th5gKam+OOIKoqKxWLDYrFhGDre3iDSZk8lJTU3Yein6wP3bJw3t4jjJ2qTO68B2Oyp+LxdUZ/TMouwWHsfC/epKCkafk8Lhj6yAWRmljx2PVklmgE20faRYs8vIHfDFdiyo3uE+lqaaNr5Ot6Gi2dsVCHE6Bvo2iVhpBBCCDE5SfgoRl1ZWRn79u0b1fDR5/Ph8Xiw2WwSPI4zv99Py7EncZx+aMh1aJ370Tr3Q+3P4KjKMc8aurR5HK7J4p1DzVSdqx90naHekFis6LqP9pazoKhYrc5wT8hQ+HfDjeu5++NXD1jnJz5xLQ899HMC+sjdDGkWG2kZRf2CUZvNic8HOLPxe1oxdN+IHTMjXcLHi8FY3pTnbiin6JbbyN1QHrfMvC9B084d1P5hK007d4xZ24QQFxcJHIUQQojJT8JHMSY2b97MU089RUFBAaqqDnp/wzDw+YJhi8fjAaCnpwfDMDBNk7y8PJYsWcLy5ctHtN1i8DqrXhpW8Lj9WBFHarJo6HTS2OGgsTM0IUxt72u4FDTNgqZZMAwdXffS7e4JTumiKCgo2G2Jx2AMmVGSz7o1hTz/wm7sjnRs9tS4E9wMRNUspGdNw+nKjlvmQgCZNaIBZFa2PHZ9MRqtG/Yl3/k38q7clFTZ3A3l5G4op3H7Kxy87/Oj0h4hxMVFwkYhhBDi4iPhoxgTU6ZM4cYbb2Tbtm243e6kekEGAgH8/uDjpcXFxSiKQn5+Pna7nYyMDDIzMykqKsLhSC4oEmND6TyKYk3H9HcMet8fvbyI144VjUKrYlNVDZX+YeFgbnxsNnt4XEkAS29PSovNgabZkhpfEiAjuyTJ4znx+5VgANnTjhHoSbqt8WTJhDMiSeufexF7Xv6g98u7chPrn3uRXVvePwqtEkIIIYQQQkxkEj6KMTNr1izuueceACoqKhKWlVBx8rJ7DmE4C9EHGT6OdfCYSENDy4BlPB5PxIzdwXElTdPAMHR6PK2YbgOzd3ZqzWILB5GKqmGxOlBV7cJ4joNk7d0fIOBV0f3dQ6oHwOGwU1g4MWdwFhPL2id+N6TgMcSel8/aJ37H23feOoKtEkIIIYQQQkx0Ej6KcTFr1sjNFCwmFkNLRXEWobjPYerJ9crbU5E/YYJHgKam1rjbAoEAO1/fw7b/3dVb9sKEN4qiomnRfSkNQ8c0zeDj3V0ewIyaSVtRNTTNRk7B3EG1UdOs2GyhOiwEvIPvaQpwx53XUTp7+pD2FZeOxd96FNes0mHX45pVyuJvPcqhB+8dgVZNXOkLF+Esnkbbu/sv+kl3tBQX2WvXEejsoHXv7vFuTlKyVq3BkpZOy9tvone7E5adjOcnhBBCCDHRSPgohBhRqj0P9C5U1wz0jmNJ7fOLnYML3sbTq6+8xXcf/XnS5dXIMSD7POFtGDoApqkT8HsG3RNS06zY7So+FBTVgt8zcI/NSPMXzOLOj1w/qH3EpSd3Qzn5V13Tb7274jTHH/020++8i9zyjVHbmna8xrknfs28ex/oF1rmX3UNuRvKBz0JTfGtH6LoxptR+gzb0XHoIMe+/fVB1TXaim65jcIPXM/Zn/+Uyp8+Pt7NGVXpCxcx9wv34e9oZ/dHbo/aNuWGmym+5Vaadu7gzM/+O6n6hrLPYM24+69JW7CI49/5Jue3/Zm5X7yf1DlzOfuLn9H8xs6osonOTwghhBBCJGfwM38IIUQCtuLNAKgpxajOwgHLH6nJiphUZmLz+Xy88vJbI1ZfaAZuTbOgB7xDrsNmTwk+1p2Sg6Ikf1n/6F/dMKRjiktL0S239VvnrjjNoQfvo+2dvRz+yv20vbM3vC1y3aEH78NdcTqpOgdiz8nFNbMUZ1Fx1MuWk9ywAat/+QTrn3uRrFVrBn3sIVEUFG1oE1BNRrEm20qdPYe0BYtIX7go6XqGss9QKKoSbnP6oiWkL1hEaunsBOUvna+lEEIIIcRIk56PQogRZclZhd6+Cb3hFbSMRSi2HIzuakx/e8zyJbmd4ceQVVWB4LzT46unnqbK17HllGG327Hb7Xg8Hh79zk/Z/05yvTkHK+Dvxu7MHNK+qqphd7jw+TyQkk2gp2PAmbBv+eDVrF69ZEjHE5cOx5QicjeU91t//NFv464Mhop6Tw+Hvvwlyr73GACHvvwl9J7gkAvuymDvyBU/+knU/rkbynFMKaKnbnAz2Jt6gKonfkPFj3846HNRbfZB7yOG5+S/P8rJf3901PcZrr2f+OiYHk8IIYQQ4lIj4aMQYsTZZ92F356Nr+Z5VGchqrMQ0/Bj+tsx/R3Bl68VTAOXPcA/vv9dnnp7GueaUsJ1qGqoB5+C0vteVVRAidg2OqpqO7G+exeGlkpn2kpqLMv4zTYfb7x1atSOqQcSh4UDURQVmy0Fn09BcWTi93bEnQl70eLZfOaeDw/reOLSECt4BJh+5110HjkUDhl9Lc3hcRx9Lc1RZafedkfcuqufeXLE2jr/y18lb+Mm3JUVpC9cjGqx0LL7LQ7e/0VW/exXuGYGxxpe/tiPad3zNu/d93kWPPQIueUbUa1WAl1dVD3xayp/8l/Mf+BhcjeU0/zmTvLedzVGTw/H/uUbFG6+PmZ5gPkPfIXC67agWm3oPZ647Vz+g8dJmTkLRdOwZWVjeL2c+80vqXj8MUr+6m6Kb7sDe14+iqZheL1U/+5pTv3Hd8m5fANz/vGLpEwvAUUh4HZz7tc/p/HVl1nw0COkL1oCioLh81L3/LOkzVuALSuLQw/ei5biYuEj30BLcXHy3/4vdc/9idW/fAJLahoH7/s8RTfdwpQbbkJzpmDqOs1v7uLwVx4gbe48Fjz8z3hqarCkOElftIS6F56j4aVt4bYYfh8oKoGurn7nuvbJ35MyvYS65//EsW9+jZmf+lum3XkXltRUME08NdUc++bXaI3oOdt3n3hf16qnnmD+g1/B19jIO3/3afRuN7P+5u+Y9pG7qP/z8zinTid90WIsKcH/V9yVFRz95tfoOPReVBsLN29h3n0PYPj9nPrP71H37B+j/q4TnZ8QQgghhEiO9sgjjzwy3o0QQlx8tPQ5WLJXYPi7MXrOoyigWFJQbVnBQNI1A8Weg2JxMT23h81LzrFx4Xmm5Xpw2nScVp3GDhumaWIaBqYRnEnaMALouh/DCIQ/m5gYpoFhGoAS3Mc0AVCUwfek9Osqt6+pYPvRXH79koNnXmzj9Nm2gXccBtM0sDnSh/Von6IoWCzW4HvViqKoGIY/qozTaednv/j2sNoqxl/o33fo37ppBicyCr10XQ+/up/9w5CPk3P5BrJWruq3PqVkBplly2h+cxe6Jxi0BTo6CHRET3y0+FuPxhwvEsBTW9NvfL1EslauJqNsOYoC2WsuI2/jJjKXr6SntgZ/ezu55RvJXLoMTJO65/6EarOROmce3vpaGre/SvrCxZgBP6f/6wc0vvoyeRuvouimW2ja8SoH7/1HMpetIHvtZbgrKzADfnLWX0Hq3Pm0v3eA5jd3YklNi1s+f9PVTL39TrqOHePsL36GLScPe24e7e8eoHXfnqjzmHLdDbhKZ9O2bzfVW58ifcEiXKWzaT90ENVqxZqeQe3//J7mXa8Ht82cRefRI0y7405S586n8vHHqPjRf6J3d9O2dw+FW24kZ305NX/YytF/fphAZycdhw9iy8klbe48Oo8dw56XR8669SiaSk99PZgmUzbfgKemCm99PSUf/yQ95+s5eP8X0FJSyF1/BarVSt2zf6Tg6mvJWrESU9dpen07zW/uZOYnPo2jcApVT/6ajkMHSZ+/gIDbTc3Wp6LOVVFVMpeWYXi9dJ+ppPSez6L3eHj3n/6B1n178DU10fDKS5h+f8x96l94Lu7Xtf3APuy5ebhmleKprsJ9+hTT7vwotuwcqn77K+x5+XSdOEb1009gmgaZy1agYNK0cwdTrrsBe34+zbt20rpvD7bcPNLmzqe7soKOo0dY+PDXkzo/MfJSbrwFTdOwWCxomoamaaiqGl4qihJehv5/77sUQgghxMQjPR+FEKNGdU7BMfdvMLpO46t+AaNtf3iboigotgywZYArONvy1Owuiqe1s9nfjumvxgx0U9/u4Hybg4oGF11eK5WNLrq9Gk2ddpo6e6d7jpg9Wic6bBuqZ3aXsnXP2M7Krge8qJp12PVYrQ5U1YIfBVWzcdnqWezYvofS0mn82388MAItFQIyV6yi7HuPcejBe/FUV/Xbnih4BHAUFAz6mIqqkr6kDHona/I2NtL46st0nzsLgN7tpuLxH1L/5+eY/+Wv4iqdg7NoKnXP/YnZn/0nTMPAffoUrXt3U/KxT4Ch07xrJ56aajqPHyVt7jzSFyzCU1sDpkH7ewc48Ll7AFj2/R/FLZ9RFgzHzv/lf6n5/TOkLVhI2vwFcc/D19xE1ZO/pXXvbjKWLiN3QznpCxZS/cyTNG5/ley169AcDjw11TiKisKT7Kg2G9mXXU7X6VOc/uH3Aci76hoUTSNz6TLa3ztA5X8He2K6ZsxCKd8Ybofu6cYMBLDnF5BSMgMtxYm7soKsVavRHE6admyn/d0D2HPzyF67jsxlKwAwvD3onm4qf/rjYBh57Wac06bjrjjN6R/+J1mr1lB43ZaY5+muOB3uHRtiy8piynVbqH7mSc5v+3NS+8T7unYcPUJG2XIyli6j8+gRXDNL8VRV0fT6dppe3076wkWklMzEfeoUOevWQ4xe896G83jr6zD1AAC5V5QnfX5CCCGEECI5Ej4KIUadmlqKY/5nMdxV6K378LcexvScQ+nTK0+xpqJYU4FiAEwjQHFWO0X+dpbNbcf0nQczELVPV4+F0+dTw+8rGoPvu70alY2u4HufFvVI90AcNn3Mg0eAFKeCYrHi8w0/QNU0C6rDhc/Xw4MPfYYHH/rMCLRQiD56e2CO2eEC/iGP+diXoqrhx5EXPvINAAxfn+EPIn6xkai8oqpgGkN6NFf3dKNYLNiysplyw82U3vMPWDOzMLw9KBYr/vZgr+uq3/4ae24+mStWkbVyNR2HD3L0G49Qs/UpUqZNJ3PFKhZ97VvM/OvPcPJ7/0rniWMEut2kTAv+csff0Y6/rY2U6dPR3cF2dh47SsbSMlCU8Ln629sxvF4saWkXGmmamIFA77lqKKqC4Y09rEM8HUcOU/30E0y/6+MUf/B2ptxwE/UvPDesmcrb9u9jypYbyViylO4zldiys2l+6w20FBeLvv5tci67HCMQANNEcziSqnOo5yeEEEIIIeKT8FEIMWZU1zRU1zSsU2/G9LWgN+1Bbz+E3l0NMSakUVQLij0H7DnhdWagC9PXiuFrw/S1kurwU1Zy4ZHo9fOa4h4/1IuyvsNBQ3vwRtQ0TY7UZOBy6MzIdZNq9+N0qPy/HfNH8MyTE/D3ULZkGucb2mhoaEPXjYF3SkBRVOz2FA4erGTJkpkj1Eohglr37ubwV+7H19ISc/uhB+9N2Pux5/z50WzegEzDQPd0c+K736Hu2T9GbSvc3L+nW6Lyy3/w+JDbYcvKwgz48dTVUnDNtag2G8e++Qh1zz8bHB9yRvB7t/Wdvey5+yNkrVjFjE//LZnLVjDjk5/m8Fce4MDn7sE1cxYzP30PeVe+j5KPf5J3/+mz+FtbcRQUAtBddRZfczPZ69bjKp2Dv70d9+mTZCxeEgyRe3sFak4nisVCoLNzyOcUz7nf/opzv/0Vxbd9iJK77qbg2s10njxOzdanh1Rf8xs78VRX45w2jayVqzECAdre2UvuFeVkLltBy+63OPTlL5F35fuYd5/0+hZCCCGEGC8SPgohxoViy8ZSdC2WomsBMP2d6B1HMTpPYbjPYnjqINC/F5FiSUWxpKKmTAvuF3Bj9gaRhq8VjPgTtxRm9FCY0UPZAG17ZnfpkM9rOFpbWtA0laIp2RTkZ1Jb10JDw/DHmjSM4YWY4tLla4kd5jduf5XDDz+A0ZO4d1iiANJ9+uTgG6QoWDMzo8JBvaeHlrffTG53VUVzOgHoPH6MzOUryV57GQ0v/4XcK8pJX7CIih//KOa+icq7z54hc8UqctZvwNvYQMai3pnk40yOZXG5yCxbjpaSQvqCxfiam4N/H9dcC4qK6nBSdOMt4YlpNKeTGXd/Cn9XBzVbnyZz314yFi9BczqZevuH0ZxOqrc+TfOuHWSvWYvmdKJ3u/HUVJG5bCWmadC963X8rS1oDgcp06bTdfI4HUcOk7ZwEQX6ZrJWrcGeX0DO+iuwpqXTeOpEzLZ3n63E396Oa2Ypee+7mowlS7FmZKC73WgpLvRud8z9UqaXUPzB22na8Rr1LzxP7vpyslauxuJMvld6LO0H3yV1zhwylpbRU1dLw8t/oeDazcG/fpsNW1YWeRs3oTqcaL3HMg0DFAXV3n8G9KGenxBCCCGEiE/CRyHEhKBY07DkrIGcNQAcOXyCIwffo/bsKaxmJ7MKfSya5ibbFR12KBYXisUFKcVogBnoDoaR/tbgUh/8o3MbF9T2PnZtYhjmqM+uHYumqUybmktOThrV1U10dsafPXcgbrc8PiiGpmnn68z7Uv/1VU/+pl/wuPhbjwKEZ70Oqd76VMzwsWnn64NqS8DdBYpK8a0fovjWD4XXdxw5TOOrL/Urb/h8YJoo1uA4qt3nzpJXvpGl//ofNL76MhWPP0bWipUUXH0tBdd8AEwTd2UFja+9EvP49S88G7d8zdanyCxbHtx29bW4KyvQu92klJTErEux2pjxyU+jWCz4O9o599PHg+fx2iukL1zMvPsexPB56Th8iNS584PjSi5bTubylcy798HgTNF1tdT8fisF115H/lXXUPr3/wcAf2srtX/8PQDtB98je806TEPHXVmBr7kJU9exZmbhPnsGgJqtT5M2Zx6F121h/bPbwDTpOHyQ6qefiNn2jiOHqf/z80z/6MdY8i//SqCri+6zweVS+wAADy9JREFUZ7Hl5pK1ajVNO16LuZ9z2nTyNl3NtA9/FBQF0zBo3f0W1b97Jmb5ePp+XVv37qZw8/VYs7JpePVlAJpe38GULTeTvXoN6373LJ6aajzVVaSWzsaeX0D7wXfJXL6CuV+8H0d+9NijQz0/IYQQQggRn2KaYzxgkxBCJGAYBn/6n5d4+aW3OXnibNS2smXzuP6aBaxbbCHQdRrTUwee2oT1mbon3DMyGEYmF+JtO1jIj/7SvwekoqjBmbv7zEqtKiow/Jk2P/fhbGq759Duz41a39zcQVV105Aexb75psv48B1XDrttYvxEzm4Nwe8T0zTRdT08u7Xf7ycQCOD3+/H5fHi9Xnw+H02f/tiwjr30u98nd0N51Dp3xWkOPXgf7srTQPTkMg0v/yUcQLpmlrL4W9/BNSv6e6lp5w7e+8LnhtWukZK1ag22nBy6ThzHXVkx5PJaiovstesIdHbQunc39vwCAl1d/XrKhR6lPvatf0bRNFr37Y0q45o5i9TZc+k6dQJ3ZUVUPa6Zs0idO49AVxfNuy6Et/b8AjLLlmMEArS8/eaQeueF6vY1N9O6d/eA5dMXLsJZPI22d/fjbThPyvSS8MQ/iWStWoM9L5/us5V0HDk86HYORs76KwBo3vU6WooLS2oq3obkHvcf6vmJ4cn9719is9mw2+3YbDasVisWiwWr1Ro183Vo1muQ2a6FEEKIyUDCRyHEhPLittf5wfd/G3fSlaKiPO69/1MsWBAMMwxPLUbHCQKdpzC6KqCnPmH9pu7tDSJDYWR33LL17Q7+Z28xh2vSBzVhzXD88fO7AOgKZFHbPZsazxxqPXNwBzLQdYMzZ8/T1ja4YOHmm9by4Ts2jkZzxRgZz/Axd0M5S7/7/X7r3RWnOf7ot5l62x39ejY2vPwXqrc+xbx7H+gXPAK894XP0bRzx7DaNVmFwscjjzyUVMgnxKVEwkchhBDi4iSPXQshJpRdO99JONtzbW0jr778Zjh8VJ1FqM4iLAXBcC3Q8g6BlgMYnSfA29Bvf0WzozgLwRmchME0fBeCSF8rZuBCsFeY0cNnrjod/lzXFpyoprPHQmXvrNoAlY0uur3RPSGHIsWuh9+nWlqZm76Huel7AGjz5VPrmcPsjDkcOJdPZVV30r0gfT4/7e29E/qYenDGcDOAEfCjBzyYRgDF1DENP4pigBEAdDACKIqBLXcNTqcTi0X+y7gUNe3cQeP2V8i7clPUetesUlb86Ccx98m/6pq4E800bn/lkg0eQwyvV8YOFEIIIYQQlwzp+SiEmDBaW9r42F334/cHEpYrKZnC4z/5+oD16W3vEWg5QKD9OIq3Lqk2mIa/TxjZf9KbMaNoKJYUFC0FLK7e9y6wpNDlddDpUTD0AJoKmgqqagaXSnCeC001UVWwaCqaagImCoO/5OtKCn77DNQpW8gsGPtZwMX49nwMWf/ci9jz8odVh7exgV1b3j8i7RFCXHyk56MQQghxcZJuLEKICaOj0z1g8AjQ0NCSVH1a5lK0zKXYAcN9Br3lHfxtR/C1VWCzxt5HUa0ojnxwBEMW0whg+tuDPSID7uDs2gF3sPfgSFPtqLZMlNDLkhq3aJrDR5oj2Yr1gYskoJndaD1HMM6cosNzE+kzNg+rPjE57dryftY+8buYj1Enw11xmrfvvHWEWyWEEEIIIYSY6CR8FEJMGE6Hg6zsdFpbOhKWmzGzOO62UL++yD7dJkDKDNSUGdimfpBv3vcwWepZSotMSgoVpuarpDpj95hQVAuKPQfsOdHHMXz9A0kjAKYf0wgMHE6qtvBM3Yo1PRg2as7E+yRgmgboPcHZvXUPpuGLW1ZRNNAcoFjA8GIa3ui/MEVFUe2g2S8sFQ3V9GE27wAJHy9Zb995a9TkMsmKnIRGCCGEEEIIcWmR8FEI0Y9JMIsyB3hP321cyLAulDUvlO27vc9nMrKZNX82+954J2H7ps+fy5nu0GOoEfsnKbe0jG2/q+WliMPMmaqzYJrB7GKTkkKV4nwNVYlfq6LaUGw2sGXFLRMOIY0AphlAUS2gWEG1oijqIFocqs+H6e8KhouhkFHvCc7gnSBsHDGqDX/uVXi8Znheb0W5MMe3Aigo0euU0PrelxJZts/2GO/F0I3WI4iHHryX3A3lFN1yW79ZsPtq2rmD2j9sveTHeBRCJE8enxZCCCEuPhI+CjGJGb3Bn2GCQTCIi700Y6+PqCNy23gOBLvyirVUHK+ktbk15vaZc2eyeHUZxjAaubp8LWdOVHD84PHwupPVGierg5PG5Bflc/PHbmPNIjvW7pNo3Wew9tRiDTQN6jiKagEsoA0+SDNNHdPfEX7h7wgGjuPJ8NFTcD2+hJ06R+5fTyiEVLkQRqqhZZ9twaUSZ31wqUbUcTEayxv2pp07aNq5A8eUInI3lJMyYyaOggIAes6fp/tMJU07d9BTVztmbRJCXJwkjBRCCCEmPwkfhRgHobAwKjTss84wzXAg2DdcjAwdLzbL1q3ANE1e/MP/cvbkmahti1Yu5tpbr6N0wexhHaOopJjNH9oCisLx945FbcsrzGPz7VtYdtlyfIAvbWHUdlvnkWEFkomYgS6MniZMbxOmv33E6h0pXQu+ja9wy5gdLzIUTy7TTO4bIjKE7BtKhj/3BpmR62KVG2/xbsrHagKGnrpaqp95clSPIYS4dAx07ZIgUgghhJicJHwUYoSYgG7Gepkx14v4ll++kvyiAqoqztFY34CqahROm0JJaQm5hXkjcoy5S+ZTPGMqR/YfprGugUBAJzsvm7mL55FfVBB3P1/awriBpMVzBs3bCKaOYhoo6ICBYhoQ+mwaKBh0dBkYhoFLa0YLNAYDR907Iuc2GtxzHsI79c7xbsaICIX2ib8PB/4m1ZRYLyXm+rG6XVYURWZ+FUJMapHXMLmOCSGEEBcHCR+FSEIgRngYiBEqXow9EcdL8YypFM+YOqrHcKWlsrp87bDriRVIxrP/jT2888Zezp06R2N9EzZ7EfOXbmTZmiWs23QZmEZveBkMKkGH3vfBdcFAM1Rm92u7eO25l1AVM9gjTzV735sR72HFujLWXLmmNwjVe+vtc6ze9eEyoeOi0zPjU8P+e7rYxP5FQv+LgBojjLT0CSktvcuhineTLjfuQojJJN51TK5lQgghxOQm4aMQfegmeA3wGeAzzN7leLdKXAzefXsfzz3xLHVVdeF1Pq+f9/Yc5uC+I7i7/Vx10weA5EdOrOk4zqnzGQOW00qms6zg+qE0WwyT0fuLCX/U2v5fYZsaeinYe98PNpAM3aRHvoQQYrKQa5gQQghxcZLwUVzy/EYobDTDoaM8Fi1GWktDE68++3JU8BjJNEzefOVNZi+cR8mcmUnXm5qellS59Mz0pOsU4+PCLzqCFyBNIRxC2pTg0hKaLVxRMHunek/UU0hu3IUQk0mia1fkOrm2CSGEEJOLOt4NEGK8tflNGrwmbX7w6BI8itFx9tQZThw6mbBM7dlajhw4NKh6i2dMx5HiSFjGZrdSunDOoOoV4083oVuHNj+c95p0BKIvTn1v0GP1GJIbdCHEZDLQdUyua0IIIcTkJOGjuOTZhzPQmhBJaqitT6rc+arkyoXMXTKPDe8vT1hm1RVrWLpm2aDqFROPXY1/0x3rZl1VVVRV/psXQkweoetWsr9IkSBSCCGEmBzksWtxyUvVwO5U+o3xKD0gxUjStOQut8oQwqKrb3o/AK88+xKGfmGAUqvNyprytZRf975B1ynGl0UBa8QYkNbex65j6XvzHQoeQ0shhJgsIq9dsa5tQgghhJicJHwUlzxVAXvv2GoQ/MHWMHvHXzPB3xtI+o3grNdCDEVRSXIzd5fMnjHoutOzMvjg3bezdPUyjh88SmtTK2kZacyYO5OytcsHXZ8YW5beYNEaChp7x3hUo+6zL4zxGEvf3o7S81EIMRnFuoYl86i1BJNCCCHExCbhoxAxqAo4NAiOpBf8gdYk2Buy/8uMuV6ISFNnTads7TLefftA3DKz5s1iXtmCIR9j9qI5zF4kYztOBArB64jW76XEWBe6ygyi/t4JZ+KNjxa6adc0bTROTwghRoWmaQkfvQ6FjBI2CiGEEJOLhI9CJEkh2EPJ0u/n3f4/AOtmsPdkOIwk9PlCUBm5XbLKi196ZjofuP16ujq6OH30VL/trjQXV15/FVOmFY1D60QyVKIDRTUiUAy/J3r7SIqc4Tryc6Lg0TRNFIcDs6dnZBsjhBAjTHE40DQtYQAJsYeaEEIIIcTEJuGjEKMgFD5Y+23p/wOySTCIDC0NEwzA7F1e+GyGP4f3iSgTWY+YmEpmz+CWu2/jvbff5eTh49RX15HiSmHRiiUsv3wF85YOvdejiC3UA1EFlMhln3WqosQsq/aWDW2baLe4kYFkKHg0DCMqfEy/chPt214Y55YKIURi6VduigofY439KEGjEEIIMTkpZqJBpIQQk07fIDIUZPYNOU0uBJpmgrJmjHVCjJTIUE8JhXwR7yMDwwvblKj91Bhl1Yi6Lyah/7JDS8Mwgt/HhhF+6boe9QoEAtQ//hgd21+RHpBCiAlHcThIv3IThZ/5eywWSziA7NsLsu9EWvIIthBCCDF5SPgohBiUUBgZfs+FcDJ0MRnwc586gmXM6O0R+9JnX8w+nyOWsbb1e9/nqtf3IhjzojiKwasS/iPG+kSfldjblMilEmNdxLZ+62OtI+Imr0+56DIR72PUFbVPn/1FcvqGj6Zp9gsf44WQoVdoW2RwGaonsk4hhBiOvo9KR/ZkDPXODi1jvSJDx1iTz0j4KIQQQkwe8ti1EGJQIkOmqJUjUrMQIpHIcR77jv/Yd2brvttDZXRdR1XVfsFjZPm+4aOEkUKIgSQai7HvuLSxAsjIZazQMVbdEjwKIYQQk4OEj0IIIcQkFXnjHTn5TKzHEhVFCY8HGSt4TBQ+CiHEYMULH/sGkJGvWJPN9N1fCCGEEJOPhI9CCCHEJBTZCxKImmwmtIwsG1ofr8dj36UQQgxXrEekYwWQfYPIWNult6MQQggxeUn4KIQQQkwifR+5jhQZPMabBTsUPgISPgohRlW88BGIChUTvR+obiGEEEJMfDLhjBBCCDEJxZt8BgiHi7EerU40uUy8HwnkRwUhxEDihYGxHr+OfB/rkWwgavgImWRGCCGEmNz+P8Xtzo7g0pawAAAAAElFTkSuQmCC
----[INFO]----Unable to locate elementPatient Module
----[FAIL]----Element 'Patient Module is not present
----[FAIL]----Element 'Patient Module is not present
data:image/png;base64,iVBORw0KGgoAAAANSUhEUgAABR8AAAJmCAYAAADVS/dbAAAAAXNSR0IArs4c6QAAIABJREFUeJzs3Xl4lOW9//EPkH0SlgATkCVkoUQYIkohGCuWoKCnINLaH6Di8YALVY+gBa1iqhb3pbgcW2Q7FlCwrUWFUwVMUNRAWATDgEGTDIlEyYBBSIaBrL8/spBlZjJZJjOB9+u6vGqeeZbv8zxjox/u7313qqysrBQAAAAAAAAAtLHO3i4AAAAAAAAAwPmJ8BEAAAAAAACARxA+AgAAAAAAAPAIwkcAAAAAAAAAHkH4CAAAAAAAAMAj/LxdAC48JRWVCujcydtlnBcyzAcabYsw9laE0eiFagDPKbbZlGM5LJvNpmyLRZIUExUlg8Gg6KhBCjUYvFwhAAAAAMARwke0q7RvT2jdoVNKio/QlIFBIoJsnmKbTVtSt2pLSmptAONIqMGg+OEmJSYk6PKE0U0GMwsWPuowyHTkLy//WTFRUW7tu2BhssvPp06epMQxCQ4/W7J8hbIth926zgtPLaq+nvv3IZ0Lr0JDDYo3mRRvGubWvWWYzU3eW4140zC98NST9bZNnDK12ce6ez1JmnP7LMVERTXreTiq0xlPndeRLalbtf6DDS6/75IUYTQqcUyCrkka5/b3EwAAAADgeYSPaBe5P9q17JM8bTYf05iRA/RB3hltt5ZoysAgJRoDvF1eh5C2I10vvfqaim22JvctttmUtiNdaTvSFWow6N2317RZHVtSUhVz+2y39s0wm11+nmOxKH64yWE4mm2xNCtIbIm6gVbajnRJVYHk1Osn65qkcR69dnM19SzrsrnxHfF12RaLXnrltSZDxxoFVqvWf7BB6z/YoFumT9PMGdM9XCEAAAAAwB3M+QiPKq+o1JLUXP32f/Zos/lYvc+OnanQ8m9O6yVzsbJOlXmpwo5hc0qqnnjmWbeCx4ZacowrW1K3ttm5im02rVm7rs3O1xayLRa9+MqrWrAwuc2fHdyTbbHowYXJbgePAAAAAADfRfgIj9mwr0BTX92tlZ9953K/Az+V6emMYq3OtutUaWU7VddxFFiteunV1zx6jea0qdaMqmwr6zds9MmQKcNs1t3zHmhVAGkICXH4bKOjBjV5bHTUoBa1D0dHDZKheiRpTFSUDCEhbX4tT523xkuvuDfCFwAAAADg+zpVVlaS9qBN7c09qWWf5Gn34ZMOPx8zcoCKu3dz+Flgl066YWCQJvYL9GSJHcrjTz+j7ek7nX4ebxqmeJNJBVarCqxWh63Km95f79a1br3jLhVYrU3ud03SOM2fe1+T+2VbLLLZbE3OVxhvMtXO21hXsc2mJctXOBxtaQgJ0arlSx22bLuakzDeNKz2749arbJajzncr0ZMVJT+8vKfHX7mau7HqZMnaU4T7enO5n68PGG0Hn/kYYefubq3d99e4/B5rF67TmvWvePwmMce/oPTeTeb4onzbk5JdRm2R0cN0iUmk6Sq71d2jkW206fr7UPbNQAAAAD4DuZ8RJs5VlSipZ/k6f0vj7b4HGfLK/WOxa40a4luGBikS3v6t2GFHdN+J0GTISRELzz9ZKORZc1ddKVGtsXiVvAoyWUYWpe7o94yzGZtTknVhPFJ9baHGgxOV+6OiY5q0QrHDRc/qZ0rcMNGh/tnWywOa2uKoRWrL7d0wZSWPI/QUM+sEt3S87qa2/L39/13o/fgKgAFAAAAAHgfbddoE3/7/Iimvrq7VcFjXd/ZyvXa1zb9JdOm/NPlbXLOjijDbHbafho/3NSmq/puSUlttM0QEuJw4ZW2br2WpDdWrPRKq22E0ag5t8/WnNmznO5DuNV+nAXghpCQZgfAAAAAAADvY+QjWuXjg8e17JM8WY6dbnrnFth9vFS7j5fqP/oHasrAIPl37uSR63REzlY0rhtIxle3p7ojzcFoxvjhJiUmJDhse96cmtridl1Him02rf9gg9faZadeP1lp6ekOR41WtbObm/U80TLORu02bK2uEWE0Kt40TBFGY+0o2UuG854AAAAAwFcQPqJFMn8o1rJP8vTZN4Xtcr1/HzmrNGupbhgYpLF9Atrlmr4uw3zAYTtwU/MMOuKs5ToxIcFpwLg9faeKbbYWtfo6s2bdO5owPslpq7WnXZOU5DT8+mo/4WN7MBp7O52H86VXX9Pv7/vvetsmjE9iRCQAAAAA+DDartEsxWfK9OdNObp16b52Cx5r/FRSoTezTuvZ/cXKPFnWrtf2lqbmDXzp1de0YGGy23MwOuOo5VpSbfB4ecJoh5+3deu1JL34imdX9nbF1Yg5V3MRou30cRE8b05J1a133KUtqVtZDRsAAAAAOghGPsJtf9/5vZZ9kqeTdu8Gf9+cLNPz+4v1i4gA3TAwSOGB52+GHhMV5XIkmFQVimWYzQo1GJQ4JkHXJI1r9gg9hy3XpmG1oxovMZkcBpxp6emtGnUWHTVIOZbD9bZlmM1K25Hepi3d7mrLEZcZ5gPMFdkCiQkJLhdMKrBa9eIrr1btOyZBiQkJDuclBQAAAAD4BsJHNCnt2xNa+mmeDuYXebuUej4vKNF2a4mmDAzSpAFB3i7HY349ebKWrFjZ5H7FNps2p6Rqc0pq1SIqs2e5FeC5armu/fsxCQ5raG3r9czp0/XXFSsahatLVqxU/HBTm7Z0uyveNMxh+NUwJG1KTSiM5rlmfJJWr13ndI7HutJ2pCttR7qWLF+hqddP1g2TJ3nlOwMAAAAAcO78HTKGVsv90a5H3z2keW8f8LngsUZ5pfSv3DNa+GWRdh0v9XY5HjH1+snNHtlVYLXqiWee1RPPPNtke2rGfscBWd3gMsJoVHTUIIf7OWvZdkdoqEG/m914jsoCq1XrP9jQ4vN6Am2+7SPUYND8ufc165him02r167TgwuTlW2xeKgyAAAAAEBLED6ikfKKSi1JzdVv/2ePNpudt/v6kh9Ol+uvmTa9ctCm3OJyb5fT5ubPvU9TJ09q9nFpO9L1xNPPutzH0UrWRmPvRi3Ilzhp5XZ0fHMkjklQvGlYo+1r1r3jcESmtziqEZ6ROCZBLzy1SEZj72Ydl22x6MGFyQTFAAAAAOBDCB9Rz4Z9BZr66m6t/Ow7b5fSIl8VluqJfUVam2OXvazS2+W0qTm3z9YLTy1qdghWM4eiIwVWq8ORYlckNG7XdtbC7axtuzmcjXTz5uIz8K54k0l/fXmxbpk+rVkhZLHNpjVr13mwMgAAAABAczDnIyRJe3NPatknedp9+KS3S2kTW74/q+3HquaDHN830NvltJl4k0kvPPWkCqzWqvnu0tNdLs5RIy3d8QIuzkLJDPMBLViY7HZdaTvSNfX6yW7v31CE0ahbpk9rtECLN+ZMdOd5uuOapHFNLsbTnGd8IQo1GDRzxnTNnDFd2RaLtqSk6iuzucn5N7ekbtWc2xu38wMAAAAA2h/h4wXOeqpEyz7N0/tfHvV2KW2uuLRSb2XbaxelGd7D39sltZkIo1FTr5+sqddPVrHNpvUfbHC5srKzQM1Zy3Rz583bkrq1VeGjVDW35ebU1EaLz7RnAOlqBGeig9GgrkQYjc1edRzOxURFKaY6UMwwm/XX5SuchpDFNpuyLRbFREW1Z4kAAAAAAAdou76A/e3zI/r1a7vPy+Cxrpyici0+YNPSQ6dVYK/wdjltrmZ02JzZs5zu4yhUc9Zy3RLZFkurzxVqcLz4THtyNhJUkuKHEyT6ipoRwK7asW3M+wgAAAAAPoGRjxegjw8e17JP8mQ5dtrbpbSrHcdKtONYia4fGKQpA4PUydsFuWFzSqq2pG6tN/rvlunTNHPG9Eb7XjM+SUtWrHT73K6CtpbYkpJaOzKtpWoWn2mr1ufmWr9ho8PthpCQC24U3cQpUyVVjeCMMBoVEzWoTVqZXZ0322LRkuUrlWOx1C4aE28apheeerLReUINBvUxGhuNlAUAAAAA+BbCxwtI5g/FWvZJnj77ptDbpXjVB3lnaluxE40B3i7HpQKr1e22Y1ctw44WqXHWcu1qrsLiYpueeMbx6tlp6TvbJJyaP/c+3XrHXa0+T3O99OprTp9ha1vKO7ICq7X6ubTtAk6Ozmuz2ZrVZl/gIniMvsDCYgAAAADwVYSPF4DiM2Va+mme1u343tul+IxjZyq0/JvTtSFkbNeO/Y9Csc2ml1ysDN1w1J6rluup1092OcovOmqQw7n2as7Z2hGCzhaf8ZQCq1VLVqx0OhLUEBJyQYePbam4DVuhXYXFRmNvhRoMbXYtAAAAAEDLdezEBU36+87vteyTPJ20l3m7FJ904KcyHfipWOP6BmrKwCB19ff9Zuw1695RhvmALqmegzDbYlHGfrPLYKfhStfOgj2jsXeT4WFiQoLThT7aovVacr74jLtcjYiru8K0rXphElfm3D7baZBVXNzyMK2lc2TabM2fLsHV/IdVbf3129xdjaJtj/PWlWE+oLvnPaD44SaFGgwqsFr11X6zy3NNSHK9yjgAAAAAoP10qqysbNteOviEtG9PaOmneTqYX+TtUhoZM3KAirt383YZjQR16aQpA4M0sV+gt0uptXrtulaPALw8YbQef+RhSdL6Dza4NS/knNmzGo32czT/pDO3TJ+mCeOTtCV1q77ab3Z6TExUlCIijJo6eVKjlaHTdqQ7bfGWHM8FuGBhcr35AlvL2fyajuYmdCQmKko3TJ5Ur4295lh3nmPdd7dgYXKdVmXnQg0Gvfv2GknSkuUrlGE+0CYLC9V93p46b4bZXC8cbglDSIhWLV/KyEcAAAAA8BGMfDzP5P5o17JP8rTZzCIMzXWmvFLvWOy1rdiX9vT3dkmtFh01SPPn3lf7s7uhnKP9mjP/ZM3+q9euc7lPzSrZ0YMGNQofW7L4THPqc8UQEqI5t892Ovelu3MTZlssjcLC5sxrWHdkobvH1H13bbEKuSOeOm9rGUJC9MLTTxI8AgAAAIAPIXw8T5RXVGrZJ3la+dl33i6lw8uzleu1r236eS9/TRkYpH4hXbxdUotcnjBa8+fe16GDmPlz79Pv5t4v22n3Wo2Nxt6tXv34mqRxmjljuiKMxladB+2rJmi/0FYlBwAAAABfR/h4Htiwr0DLPsnT0ZNnvV3KeWX38VLtPl6q/+gfqCkDg+Xfuf1rmDljuhLHJGhLSqq+MpudzrVYwxASosQxCZowPqnRSEKpajGXuitfH7VaWx3WeVKE0aip1092u/W8j9HY7PuJNw2TwWDQJSaTEsckEDp6UbzJpFXL3lDajnSlpae7Ner18oTRSkxIcDpKFQAAAADgXcz52IHtzT2pZZ/kaffhk94upVl8dc5HV3oEdNaUgUEa2yfA26Uo22KpbcfNzrEoJrpqpFeE0ehTwVmxzaYcN1tzfa12+I6681zW/b4bDAZGOQIAAABAB0D42AFZT5Vo2ad5ev/Lo94upUU6YvhYY0g3P00ZGKS4bgwaBgAAAAAAaArhYwfzt8+PaNmneSopq/B2KS3WkcPHGldGBGjKwCCFB3qhFxsAAAAAAKCDYPhWB/HxgeNa9mmeLMfcW3gDnvVZQYnSrCW6YWCQfjUgyNvlAAAAAAAA+CTCRx+X+UOxln2Sp8++KfR2KWigvFJ6N/eM0o6V6oaBQRrVy9/bJQEAAAAAAPgU2q59VPGZMi39NE/rdnzv7VLa3PnQdu3IJeH+umFgkCJDu3i7FAAAAAAAAJ/AhHU+6ujOR3Xixzxvl4Fm+OmMTSlZK7xdBgAAAAAAgM8gfPRRF4UUa37If+qFUSky9aU73pd19Zcu75quiNO3ylCxx9vlAAAAAAAA+AxSLR83omSlRhhX6t99ntCbh+J04nSZt0tCHSO75cqv+GmVnzrp1TqKbTblWA7X2xZvGualagAAAAAAAKoQPnYQ/1HxmMZdPEBv2R/ROwe7erucC15c2Cn1KvtflZzcLm9Nmro9fac2p6YqO8eiAqvV4T6hBoPih5sUbzIpMWG0IozGep8vWJjcZvW88NQiSVK2xaIly1e63Hfq5ElKHJPg8LMly1cou0GQ6khM1CDNuX222/u3xAtPLXLrftxVU3ONlj7/S4abFGE0Kt40rNE7BQAAAADAlxA+diDBZd/pdv/fKenn/6HVx2/W557JW+BC3+ByRft9pNKi1SrxUg1pO9K1ZMVKp4FjXcU2m9J2pFcds3yFpk6eVC/8yjCb27w+m83W5HkLrFbFDzcp1GBo9Fm2xaIM8wE3rlTZzP1bxp37cV/9qLql5617XLzJpJkzpineZGpVZQAAAAAAeAJzPnZA0aX/1mPdbtbjI9MV1dPf2+VcEAK7SAndMjTAfrNKi1Z7rY4lK1bqiWeedSt4dCTbYmnjilqmwGrV+g82eLuM80KG2awFC5O1OSXV26UAAAAAANAI4WMHdkXZq1ra///prvh8+XfhVXrKJV2P6rLOD6ry5NNereOlV187rwK79zZsbHGIisZeevU1pe1I93YZAAAAAADUQ9v1eeDGTg9q3KXxWnNqrjZ+E+Ttcs4bMaF29a1cq5JTm1Xu5Vo2p6S6NbLNaOytUIOh0eIzzrz79hrlWCxO5x40GntrQlJSvW0FVqu2pG51es54k0mrlr1R2x7uTLHNpiUrVuqxh/9Qb/sLTz2pDLNZm1NSHV7HaOytv7682GHL9rkahtW2IW9OTZXVeszhfrdMn9bkPblzP3WvVyPbYtH29J1Oa5Safv6GkBDFREfV/txUe/mSFSudzqUJAAAAAIA3ED6eJ3qWZmhu8GyN//l0rfphivbmV3i7pA6rV2ClhgR+qtJTS7w2r2NdxTab3nAR4hmNvTVz+nRNGF8/JFz/wQaX4Z9UvSCNi7kC+xiNmjljeqPtrsJHSYowGuuFZs6k7UhXhtncqIZ4k0lf7Xc8H2Ifo9Fl8ChJM2dMrz1nhtnsNHyse29fudivqfupmnex8XOaOGWqyzqbev4x0VF64akna38uttm0ZPkKp8+/wGpVtsWimKimnz0AAAAAAO2BXt3zjKl0nZ7vNUMPXmqWMYxsublGdftG0WdnqPTUEm+XUmv9BxtUbLM5/Cw6apD++vLiRsGjJLfCP1/w4iuvebsESVWhpq8LNRg0f+59Mhp7O93H5uS7AgAAAACAN5BOnaeuqXhG4wZ301tn/6Q1B3p5uxyfZ+r6o7qd/atKT7b96s+t5WqU4fy59zU5CtATXnhqkQwGQ5uMsCuwWrV67TqHIwfdERMVpaNWq9NRiy3RsN25pdryOdV1icnk9HtRXEz4CAAAAADwHYSP5zG/8pP6T7+5Svr5WK0unK2tObzuhgaGlGhg5/dUcupfKvV2MQ4UWK1OF2W5PGG0y1ArwmjULdOnKcJoVJ+IqlF9hjYKKl21CrfEexs2asL4JEW0YPThnNtna87ts1tdQ9325rbS1s+phqvnFBra/mE0AAAAAADOkEZdAAaUbtMjYdt09cjb9bfvrtE31jJvl+R1Yf6SKSRd5ScX+8S8js64Wr04McH1wiIRTuZr9EXFNptWr12n+XPv83YpHUKG2fkI3WjmewQAAAAA+BDCxwvI6LLlGt13ud7vu0grvx6s0yXeXsPZOy7rlquA4qdVfvKkt0tpkrO5HiXVjmb0pALrMa1Z947LfRyt9NwUo7F3ozbpLalbNWF8UpuPFow3mZpcJbq1MswHmnxO1ySNa9HIzoYKrFan93NN0jivtOEDAAAAAOAM4eMFaIqS9UtTlN6yPaT1h8K8XU67iQsrUq+ylSo5uV0dZS3wbIvF6Weeaumtq2Y+RldumT6t2bXMnD5dS5avkO306Xrblyxfqb+8/Odm1+ltGWazy9GIUlVI29rwMdti0UtOFugxhIR0mJGuAAAAAIALB+HjBapbuUV3B83R+JGTtco6XTu/83ZFntM3uFzRfh+ptGi1T7dYO3K+rlzcJ8KoqddPbjRaMNti0foPNmjq9ZO9VJlvybEc1oKFyZJct1objb31+CMPt8nISgAAAAAA2lJnbxcA7xpStkFPhd+shSN2q1/38yuLDuwiJXTL0AD7zSotWu3tctDAzBnTZTT2brR9zbp3XLabX0iKbTaXoyqNxt66Zfo0/fXlxW2+ojYAAAAAAG2B8BGSpF9WLtabkdP1X8O+93YpbeKSrkd1WeeHVHnyaW+X4jHnQ0C3wMECM8U2m5YsX+GFajqe07bT6tSpE/M8AgAAAAB81vk11A2tVKmb/BYo6bKRWnPybm3KDvJ2Qc0WE2pX38p1Kjm1Sef7cjo5FovH532MNw3TC0896cHzm3R5wmhtT99Zb/uW1K3tMqdlW7ll+jSvzLdYs0p4cXGx5tw+u92vDwAAAABAUxj5iEb6lO/R/NDZev6yf2tYn47xFekZWKkrun6insX/pRLbJm+X02ZcBXDZOc4Xo+lIfnf7bBlCQhptb2oBlwtBTVv1LdOnaerkSQ6fkySt37BRBVZrO1cHAAAAAEDTOkayBK+4tPwtvRwxQ/PiD6p7cBdvl+PUqG7fKObsDJWeWuLtUtqcq3n80hqMFnRkS+pWZZgP1P7lavVsb4kwGllgxok+RqNmzpiumTOma87ts/X4woed7tvUquQAAAAAAHgDbddo0q86PaVxQ3rprTOP6e+Z4d4up5apa6G6nf2LSk+evyPkYqKdh481C5G4Gh354iuvNtq26f31ra6rwGpVgfWYJCk6alCr5xycOWO6Nqemylp9zvNFWz+neJNJ8aZhyjAfaPTZltStmnr9ZBaeAQAAAAD4FEY+wi0hlcd1R+B/643LVuiKSO/OpjgwpES/CP27Qk7drdKz52/wKFWNCow3DXP6+ZLlK72y8MzmlFQtWPioFix8VL+56RZNnDK11SPvHC0+09E5ek6tbSd3NbfkkuUrW3VuAAAAAADaGuEjmiW6PFWPd79Vj434TIPC27cVO8xfurxbuvqcvlUlxf9q12t70zVJSU4/y7ZYdPe8BxwGWh1tNeyaxWfgWs3oR0dqRsMCAAAAAOAraLtGi/yicol+MWCJ/nHRU1r5dZTKyis9er3LuuUpoPgplZ886dHr+KIJ45O0fsMG5VgOO/y8wGrVgoXJijAaFWE0qk+EUUcLrG4vQOIqpLTZTjdq8bXZbI1Wp24rv7t9tjL2m2U7fbrNztkeC7FYjx1r9JwKrFZtSd3qketNnTzZYeu1JK1e+45eeKrjrBQOAAAAADi/ET6iVX7bZaHGxf9Ma4p/r//7NrTNzx8XVqReZf+rkpNpqmjzs3ccjz/ysH43936XoVzV/IJWZbg58K3AatWade/oq/3OD8i2WLRg4aPNqrUmdEvbke50nyXLV8pgMGjmjGn15qysWXxmzbp3mnXNhtJ2pGv9ho2SXK+aPXHKVEUYjUpMGK05t892uI87z2lzSqo2p6Q2u84nnnlWBQXOw9Ecy2EtWJisObfPqp3LcfXadS7D3wyzWXfPe0AGg0EvPLWo2TUBAAAAANCWCB/Rar0qvtG8kLs0/tKpWlVwo/Z93/pz9g0uV7TfJpUWrVJJ60/X4UUYjXrh6Se14JFH22xUYIHV2qLAzJ3zNjX/Y82q21/tH9ZowZyZM6YrLT3d6UhPd2RbLG63HxdYrS5XAffUc5LkMqCVqkalZpjNstUZnZphNje5arkvrmoOAAAAALgwET6izQyvWK8Xeq/X5t6/15vZo3SsuPkL0wR2lkaEZajy5NMq9UCNHVlMVJReePpJvfjKq60K5jqC390+WwsWJnu7DAAAfEZRUZHsdrsqKz071Q0AAB1Vp06dFBwcrLCwMG+XggYIH9HmJugl/TI6QG+XPqO3vu7j9nGXdDsqw+nFKjuZ68HqOraYqCj99eXF1W3FG5zO+9eQ0dhbVyQkaOr1k2u3RRiNniqz1eJNJl2TNM5jcyYCANCRFBUVqbKyUr169VLnzqwXCQCAIxUVFSouLlZRUREBpI/pVMkfn/qk07vvVemRDd4uo9XyOiVozU93aevhwNptY0YOUHH3brU/x4Ta1bdynUpsm7xRYpvqERKpaZe90W7XK7bZlLH/XBuuzWbTUau1dn7AmKgoxURHtWvQWGyzKcfNtt+aRXIAAIBzVquV4BEAADdUVFTo+PHjMvLfmT6FkY/wqIGV6XqkW7rGj/hP/S3/Wn177NyyMT0DKzUk8FOVnVrCvI4tFGowKHFMghLHJHi7lFqhBkOjeRwBAEDLVVZWEjwCAOCGzp07M0WJDyJ8RLtIqPybEi76m9ZH/FFfVl6kUd2+UaeTf1TZWW9XBgAAAAAAAE/hj1DRrv7foP2aO+KsLgnd5+1SAAAAAAAA4GGMfES76BI+UkFx8+RnHKsYSTG6WD8zjtfu3NU6XLjD2+UBAAAAAADAAwgf4VGdAnspKO5+BUTd0uizXoYYXTv0ceUc/0y78tboxGlWuQYAAAAAADifED7CYwJj71Rg3Dx18jO43C+615WK7nWl9h55R7vz1qi8orSdKgQAAAAAAIAnET6izfn3najAuPvVpdvFzTru0v7Tqlux1+jrgo88VB0AAAAAAADaC+Ej2kyXrnEKjLtf/hdd2+JzGAJ66arB8zTYmKTdeWv0/cmMNqwQAAAAAAAA7YnwEa3WqUuwAuPuV+Dgu9rsnBd1i9f1w59XZsEm7cpbLdvZ42127o5u4pSpbu0XExWlv7z8Z7f2Xb12ndase8ftGja9v96t/bItFi1ZvtLt89aIiY5ShNGoeNMwxURFOd1vc0qqtqRudeuc1ySN04TxSS2qreGxDXninQAAAAAAcD4gfESrBAy6WUEX369Ogb09cv64iIlVoyBz12jvEffDMVSFawVWqyKMRq/VYLPZlGE2N/u4usdEGI2aOWO6rkka12i/AqvV7fPHm4a1uLaGx7aUL7wTAAAAAADaU2dvF4COyc94pULHvqvgEU97LHis0aWTvxIG/ZemXbZUMb2u9Oi1zjdpO9K9XUKrFVitevGVV7VgYbKKbTZvl9Nq58M7AQAAAADAXYSPaJbOREoqAAAgAElEQVTOhoEKHrlYhsQ16hL+83a9do+QgbombqGuHfq4eoXGtuu1O6r1Gza6tZ+7I/EMISFtNgqwuTLMZr306mteuXZbjlR0t00cAAAAAIDzQafKyspKbxeBxk7vvlelRzZ4u4x6AuPmKShunqRO3i5FkpSR/y/tzlujkvLT3i6lVo+QSE277A2PXyfbYtHd8x5wa9+/vPxnl/Mm1pVhNmvBwmSHn02dPElzbp/tdo2SVGyzKcdiUXaORUtWOJ5f0WjsrT7V4d5Rq1VW6zGX53zs4T8ocUxCvWssWb7Caag3Z/YsTb1+stPztdU9e+qdAABQUFCgiIgIb5cBAECHwO9N38Ocj2iS/4CpCoq7X50Nkd4upZ74fr/Wz4zjtStvjQ784FtBradtSUlt1r4xzQwNHTEYDM0+JtRgULzJ5HKfCUlJmjljeu3PBVarHn/6GeVYDjvcf3Nqar3wMdRgcDkyMSa65SFfc+7ZG+/EkQKrVQUNAlyDIYSwEwAAAADgFbRdw6ku4ZfJkLhaISNf9rngsUaQfzddGXOPpl6yWAN6jPR2Oe0mLX1no22XJ4x2e19fFmE06vFHHnb6+XYfvR9feSebU1K1YOGj9f5asnyFx64HAAAAAIArhI9opFNgTwVf8qRCx66Xn3Gst8txS0TYxfrVsKeU9LMH1TWor7fL8aiaFZMbmpCU5DDsKrBalW2xtEdpbSbCaFR01CCnnzu6f2+6EN4JAAAAAAAtQfiIegJj71DYNZ8pIGqmt0tpkZ8Zk3TTz/9XPx94i7dL8RhH7b2GkBAljklQYkKCgyOk9R90vLb0UBctz74WPl4o7wQAAAAAgOZizkdIkvz7TlRg3Dx16TbU26W0iZ8PvKV6PsjV+tbq/lx8HYGjlt344VXzKl4y3PH8ir7aqtxS0T42fyHvBAAAAAAAxwgfL3BdusYpMO5++V90rbdLaXNdg/pq/M8e1M96j9fuvNUqKMr0dkmt5qy9t2Z0XU27csPFWoptNqXtSK+3UIuvyzAfcPqZq1GRDW1J3eryXK0dRXkhvRMAAAAAAJqL8PEC1alLsALj7lfg4Lu8XYrHDegxUgN6jNSBHzZoV94anSk96e2SWixtR7rD7XUDrEtMJocrRaeld5yga/XadU4/c7aIizObm7EKdUs4W+W6Pd7J5pRUWY/VX9naUdBaYD2mNeveabT9lunTWnxtAAAAAADcQfh4AQoYdLOC4u5Xp6De3i6lXQ3rO1mDjVWjIDPy13u7nBZx1KobHTWo3kjAa8Ynaf2GjW4d60uKbTblWA5rS2qqy8BwQlJSO1bVNEdhX3u9ky2pqS5HddYosFodBrqEjwAAAAAATyN8vID49f6FguLuV5eeP/d2KV4T0CVEiVF3Vbdir9Hhwh3eLsltzlZIbhjGxURFyRASItvp0/W2F9ts2pySqgnjfSu8W7PuHYej8hyJNw3zqdGb5+s7AQAAAACgrbDa9QWgc8gABY/8swxXvHVBB4919QqN1bVDH9c1cY+oR8hAb5fjFndarl1tk6rafDuq6KhBeuyRh71dRj0X+jsBAAAAAKApjHw8zwXGzVVQ3P2SOnm7FJ8U02usYnqN1d4j72hX7mpVVJZ5uySntqRudbj9xVdea7TN2SIq29N3qthma9aCLb7gmqRxmnP77BbVPWf2LMVEO18dOzvHoiUrVraorgv5nQAAAAAA4A7Cx/OU/4CpCoqbp86GQd4upUO4tP80De6dpN15a5RZsMnb5TTirL1XkjLM5madK21Heodo8zWEhChxTIImjE9SvMnU4vPEREe16nhnfOGdXJPU+NlkmM2N5oE0Gnv73FyZAAAAAIALA+HjeaZL+GUKipsnP+NV3i6lwwkN7K1fDr5fP6telOb7k/u9XVItZ+29LTpXum+Fj/GmYfUCtEuGm2QwGBQT5Xy0oi/whXfi6JjVa9c1Ch/7GI2aOWN6i+sDAAAAAKClCB/PE50Ceyoo7n4FRM30dikd3kXd4nX98Bf0dcFH2p27RraS494uyWl7b0tsT9+pAqtVEUZjm5xvwcJHZbOdlqG6bTgmOkpzZs9y+/h4k6lDBmO+/E4AAAAAAPAVhI/ngcDYOxQYd786+TFnXFu6OOLa6lWxV2vvkb97rQ5X7b23TJ/m9DhH7bc10naka+r1k9ukPkn16sswm5sVPnZEHeGdAAAAAADgCwgfOzD/vhMUGHe/unQb6u1SzltdOvsrYdAsDTaO1+68Nco5/lm71+Csvddo7O1yxGC2xaK75z3g8LMtqVsJulrB2TuJjhrEOwEAAAAAoA7Cxw6oS9chCoy7X/4XXeftUi4Y4SGRmhC3UIcLt2t37hodt2W327XXb9jocPsVCQkuj3M1Z2K2xdLsNl/rsWONRu3ZbDanI/k6iuJiW7OPcfZOLmliYZu2ficAAAAAAPi6TpWVlZXeLgKNnd59r0qPbKi3rVOXYAXGzVPg4Dleqgo1vsr/l3bnrVZpub3e9h4hkZp22Rttco0FC5NVYLWqwGp1+HlMVJQMBoPm3D6rUai1ZPkKZVsON7nqcqjBoOefWqTsHIu2pG5VjsWiYlvzw7iGNr2/XlJVe/L6DRuVtiPd6X3UvRdJeuGpRW5fZ3NKqrakbnV5n6EGg6Kjoho9p5pjm7rneJNJ1ySN04TxSe36Tlq64I6j+jrCAj4AAOcKCgoUERHh7TIAAOgQ+L3pexj52EEEDLpZQXHz1CmIUVG+4JJ+v9bPjEnanbdGB35wPAqutZoKqWrmHLQ5CM6yLRa3RiQW22yy2WwqsFqbvF5LFFitWv/Bhib3czZ/ojvnb6ruYptNGWZzo+fk7j1nmM2KNw2r/XtX2vKdtFSE0cjoSQAAAACAzyB89HF+vX+hwLh58us5ytuloIFg/+66MuZe/az3eO3KW60jP33p7ZIAAAAAAAB8CuGjDwu+7M8KGPgbb5eBJkR0vViTTE/rG2uKV1fFBgAAAAAA8DXM+eirKsqkzmTDAAAAFzrmrgIAwH383vQ9nb1dAJwgeAQAAAAAAEAHR/gIAAAAAAAAwCMIHwEAAAAAAAB4BOEjAAAAAAAAAI8gfAQAAAAAAADgEYSPAAAAAAAAADyC8BEAAAAAAACARxA+AgAAAAAAAPAIwkcAAAAAAAAAHkH4CAAAAAAAAMAjCB8BAAAAAAAAeAThIwAAAAAAAACPIHwEAAAAAAAA4BGEjwAAAAAAAAA8gvARAAAAAAAAgEcQPgIAAAAAAADwCMJHAAAAAAAAAB5B+AgAAAAAAADAIwgfAQAAAAAAAHgE4SMAAAAAAAAAjyB8BAAAAAAAAOARhI8AAAAAAAAAPILwEQAAAAAAAIBHED4CAAAAAAAA8AjCRwAAAAAAAAAeQfgIAAAAAAAAwCMIHwEAAAAAAAB4BOEjAAAAAAAAAI8gfAQAAAAAAADgEYSPAAAAAAAAADyC8BEAAAAAAACARxA+AgAAAAAAAPAIwkcAAAAAAAAAHkH4CAAAAAAAAMAjCB8BAAAAAAAAeAThIwAAAAAAAACPIHwEAAAAAAAA4BGEjwAAAAAAAAA8gvARAAAAAAAAgEcQPgIAAAAAAADwCMJHAAAAAAAAAB5B+AgAAAAAAADAIwgfAQAAAAAAAHgE4SMAAAAAAAAAjyB8BAAAAAAAAOARhI8AAAAAAAAAPILwEQAAAAAAAIBHED4CAAAAAAAA8AjCRwAAAAAAAAAeQfgIAAAAAAAAwCMIHwEAAAAAAAB4hJ+3CwAAAAAAdGBnflLekUKV1G4IUGjf/upj8GJNF6jiH3J01FZnQ1C4BvbvrgAvnQcAJMJHAAAAADh/2AqU94OtThBYJaBrhAYanaWBpSr+4bv6YZMkGSIU27fpBLHkyMd67vdvKat2S3dd/8fFumdk92aV3hGU/HhEeScaPl0nuhjUp1+EQluZ2DUKAiXJEKGBfQ31w8Dyn/TVO3/Un7bW2Xn4nVr26HUaGNSMC7bVeQCgGuGjL6ook91mV1lRgbKsRQozxqpfrzAFd8A/ZrJ+/KJe/LifZj07Q3ENPzSv0oNrzuiGhXcqMaz11yqz5+vwIauKJIUZ4zSoT7D8PDKxgFmrHlylE9f9QXPHhdf+fGZqsu683NGNlMleZJcCa96hVSkvvqhtMffoiamRkqqf0xexuuexGxTZkpLK7Mq3ZMpqk4LDIxXbP9xD9w4AAABfdiLzfT34pw91osH2PpMe1euzRiq0i4ODygv1+Yo/aPGu0nqbQ8c9pOX/PUY9HB1zQbIpe9NzmvfOEfd2N4zRH15+SOOMrbikoyBQknperUUv3KPRPVtxbgBoJ4SPvuj4p3r9xU2y1t3WOUyxk+/SnVe05jeXl1TkK98qxTkqveKU7HZJrQwfrVtf0csf5qvML1hhXewqOivJL1I3/P4eJXroF3J+/veSwmt/PmVzciPW6vcZf6uev8VUu9luK6q/n+2UGmxxz9EUvfLqJuVX+CnMIBUVlUlhl+rW+TNkCm7JCesr+3aT3viwVJPum9SyYBQAAAA+olR5Hy7SHUv2V/3YZYjuXLxIv+nfurMG9L9aDz1h0LKXlmrnqdZXCTf8uFtffPuTRvesM7q0S3ddMi1Zfwhbqmc/yGn5uavP88fuS/Wn9a04DwBUI3z0YcYJ8zX/aqNUUaS9b7+ote+v1MaoP2jSRd6uzMd8v1ErP8xX+Li5mnddv6ovdYlV5oN2xfjCnwT2ulQ33BSuMmNM25+7JFNr39ikfON4zb13ovr5SWXfb9Lrr6Zo1apIJd+V2NpcV4W5+5V7xNiyYBQAAADtqkfcFD35xAC9/dJSfXFKkvw14qaHdMe4OIXKpoM5353buTxHB3IKNTkyXL+Y+YDyjj+ndy01xzygO8YObzzqscSmo0VSn5512rGDumtgdH8NMKjp8LHcphO2APXo6u96P9tPOqHu6uHuvJHlpTrxo02Gnt0V0KXB9lNSjx5NXK/6mkfLDerTVG3VBo6dolHlO/TuFwVVGwKide2vhuhoyofa5+Q5FJ/4STJ0d78Vu0t3XXLjQ7rT/pyW7qg7+vEnpe/I1IlR9UemhvaN1sUDeihAatR671ipiq02BTR4bqF9oxVzkYPzlJfqxKkS9XDzxRRbC1TaNUI9mmjXLrYe0dFTJZIC1LN//yb3B9CxED52BJ3DdOnYUdqYsU3Zhwqli8KlskKZP9mm/cftCosaq6tG9VNYZ0knc7VtV74ixyYqMkBSiVWZB/NlD4vUpTFVo/SK8vYq63Q/DY8zyk9lKvw2TWl78lUUFqOxY0erX3VaVZZnVqYhTqYeduVnfq38oghdnBCpsIoi5Wfs1K5Mq9RruMb+0qTwut+konztTd+l/ECTBtnL1OTXrKxQWZ+ladcpY+31y6xZSjtUJNMVlyq8pn34RJb25pap39A4Gev+si4sVKEkU99+564UYJRpRJ19SgqVm5WlrEPZsgb006gxiYrtWb33yVztzfdT3NAI2b/9UnvNVvnHJ2psTHidE1Q/J3Op+o30V5mzW/kxS1/uNcsaNqr2nRQdyVWRgmUMa94wxKIjO/Xp59kqCjQqxjRcl8UYG7VSF+1K0V5bsEbfVBU8SpLfRRM1dmiK1h7MVb4Sq9rdq99J5nHJaBqrq0zh1c+qTNbM/ToVcali/fKVuW+vMs/206grLlW/4KrvSub3dklFytq3V6VBNd+bqntN27FL+UVhivnFVRrdv/qLU5Ir8zdhijOFy34kU1/nn1JE3GhFdmvW7QMAAKAlDBGKHXqZrhzqry92lEoqVbF6VM33aDukg4d+qrNzqb7LtapEEQrtYVBpTbbVJVqjx4xUbN/qEK7cprxd7+nN1f/UF7Udx/6KnfBfuvem63Rxj6aKKtWJgx/rzdVv6aOD5wK0HkOv1m+nXKeJo6Kr2sFP5Wjr+2/rzX/u0dGanYKiNW76TbrtupHqE1SqvK3/q2WfHKkOxAJk6B+nwSW79c/Nh1Rc9QA04sZ7dc84g3a9s1RLt9UU3F1XzH5A/33tcPWo+98SZwq088O39bd125R1pub++2vczDt1168a7FtPd4345XW63nZCm74oqLp2z+Ea9x9jlZf1ofbtP7dn8ZE92vDOm3pzW5127f5jNGPmzbpxVH/HrfB1hHaVfjzScNJH6cTOT7Xvx5EaZ2wiLC236ev1S/X2vhO1z61H/ziFn/hUG744UhsuDhx3px6YdZ0u7urgHAV79O7ij5W6I6d6f39dPPUBPfDbMRpYL4cs1dE9/9baf/6j3ruW/NVnxFUa98urNWXskPqhdrlNB99/UskbCyRF6DfPvKQ7h7JaEXA+IXzsKAL8VfsrxW7WqudXydw5UqbBwcp8/xVt2z5R8+8bL2PnfO3f/J6yuo/WrJ/7SVkpWvn2XqnbWIUvnKRIFWrnv9ZqU/gMXRpnlPXj1/Xix6cUOTRWYZZNeuWz7Zr4wFyNN5Ypa8c/tOrLSF1qytXeDLs06AYlJxhlfvtFrToYprj4ftK+t/XsF8M16+EZigtQVQvwy5uU7x+msKC9Sjtpl+SqVdyqTa8+Kz9DmPztRdr72S7d8PA9SlSudm7YpKzg4VX3ISn387Vau/ti3Tkirv4ZBwxSP5llfn+pNvrdoGuHNgzpMrX2jyu11z9Mxr7h0g97tfezvdX3Kem7T7V2VbbCwkpVZPevatvevkvWO57QjYMlyS7zmme1KqNUwd2CtffLIoejAIu2v6E/brbL3yDZbWna9X3VnI75e97TP7bbVdag7doV69ZX9OKHBTLGDVe/kkylrtol6+8aj3rNteRKMimmwaDKuKtnaVZSv6rg0W7Wqj+vUqYhTsP7S3vfflbb4mcpeXqc/FSo/RvXapNto8LsRbIbgqWibUr7xq7kuxOVv2ejPv22SJK/srZt1P7g8YqMMyr8aIpef3mTTvU3KbZrrjb9zyJtnzhfc8cZVZazS/9YtVORl5mU+6VZdkXqhuTRtGwDAAC0l4BwDYgeIO2oapnNO3RIR0ui1ed4pvY1mK4w72COjp4ZroEncvTtj9Ub+w/X0F7ngsevP1isB9/c02AkXamyNi/Vgyf89fqDV2ugs1rKbcr6cLEeWranOhw858TBj7X0iDTg1Xs0wrZNf35isbZaG+x0Jkdb33xSuzLv0eL7L5fth/3aWfcm9u3RF/UOsGnfP5/THf9sWMhP+mLFc5LhJf1hfETVQi1njuij15O1eNtP9XctP6Ktb/5RR8tf0vM3RtdZ1MWgi296Te+Oq1oAJrRvuLSnwWX8B+jKOS9p6JkA9ewfobP739T9T76vvIblHNmhtc/s0dczFyl56hCXAWRx7p7a0Ddg5I2aXP6+3t1XKtn26LMDhbrCGNHEKtSlKszdo5376oSB+xoWLuVtXapH7f56/fdXq0/DE1r36KN676ZUX69/TovK/6TFtw2vqr/cpqz/W6yHVjR+11Kpju77WGsLDBoxcoh6OAo4AZy3WJKiQ7DL/HGaChWumCHhyk/dKLMtVjfOv0e3Tp+l+beOVvD3m7RxX5kU1k+R3aTc3MOSJOuRXCkmVpEnrSookVSRq/zvpciYWKlkrzZ+nK9+v5qne26doVvvvVVjw/K17bMsSX6KG5uo8IpM7T2eqLlPP6/n705U2Pcp2pghjb51vmZNn6FZ992gONtepewqklSmvR9tUn7gaM16IlnJC5/QvKvDXd2YpGCZpj+hp5OT9cRDk9SvIlfbPs+XjLGK6yZlmvdXjzK0KutQkTQ4TrENT9FtrGbdlijj2SxtW/WiHnl0kV5fv1eFtcMT4/Tbx57W84uSNf/uezR//iT1q8iX+UBhvWfcdcQsJT/5hJKTb1Sc7DqcW/3b9fsUbcywq9/kh/XEwmQlPzFDjiJEe9ilmpX8tJ547GFN6i/Zs7NklRQ39Z6qkPNogRr+u5Rjhdr/Vb7U8yrdOmuGZtx6j/6wyHG7fWlF1f/6N/gnOfiiOMVVj0TMT90oc8Vo3frALM2YPkvzfh0n+5cp2lkvQe2niQue1tPJT+iuK8Okw1nKlRQ3NVl3XWWUdJGuvS9ZyXckKrzmPV80SfPuvVUzbr1Ht14RpvxPtilLkl/cWCX2lDL3nVDivKf1/PP3tMmCQgAAAHCXv/oMGaI+1T+VHM7RUVupbD8c0XflDXbN3a+sE/U/6zEkTn2q216LD72n/6kNHg26eMKNuu3GsbVhY8lX27TPWipnig+9p8V1gsfQoVdrxk1TNLruaILSAn3x9tJzwWPPkbr+pps1Y2z0ufPseEvv7jutPkOv1rVDG6yi3WO4rp92o8ZFNbi4caR+M22Krqid09KmXV98qaMlUk14+npN8BgQrXE33qwZE4bUBnlff/6l8hoPOFRo32jFxkarj8HBiMMu/urRP1qxsf3Vw5ahtUvPBY+hQ6/WjJk36tohNceVat8//qHPf3D+/FRu08EdO6pHgho06sqrdO3Y+OoaS7Vrx34VNtVf3cWgAWNu0LioBqMJAyJ08dAh9VawLt7xvj7KcnDTktR3pH4z7UZdG3vuvvN2bNfB6hbz4qz3tLhO8Nhj5HW67bbbdFudZwrgwsTIRx9m/fQNLUqX7EVFKqvwU7/r7tGkiwqV8vdCyThKg2q6eOPiFKOdyrYcli6L1aBIadt3uSrUIB0+UqhI00RFfP+e8nKl0cpWtsKVGBMmZWUqs0KKLMzS3n1VpyoLk+zf5apQsQrv7Cc/Saarz7X0Fh7KVqH8dLpgr/aekaQiySDlfpcvScrMlGSKU1xNGNa5qa9YmPpdVH0j3eJkMm7Uph+tki7V8PgwbftivzIrLpXJlqVMqxT3y0ZrZledZegNmv/keOXvStF7H+9U7va1evabXN15/w2KDZD8Au3KP5il/KJS+QcWyk+Svbxu87RRpoTYqtb1gJB6/2BU3bNRE4dUJ2idHbc1GE2jFRtWdU/h4dK5XpHmClfc4HBt+jRFb/yPXVdNHKvEweEO/2FtGDo2VqjMbwulgNOyZuyVXZKKpGDlKvc7KXFo9W4xozW6ug09OLip9vCsqvfcv1BZ+/ZWbSrrKtnzlfujFNtT8usiyTReEy/i/2IAAAC8IXRAvC7u+qGOnpL0Y6YO/lCogMzM2mAooItUUi7pTKa+zilQn5yaz/w1eHB/GbqoaqXlzR8rq/qYPpPu12OzRqrHT3t0dOs25f0oqbz6L0fKbTq47dzxASPu1OKHr9NA/5/0xQ8fa6e1KuQqO/6lPtpVE3hFa8ZD9+u2IQapZIzCbQ/o9T2lkn5S+p483TZniu4JLVXW79+qPm9/zXjwId021KATg3/Svic/rlrpu8sQ3fnIQ/pNlHQ04oh2vVoVoJYcL5SttOq+U/+9vzZUHfffD+qBsREq2V+sLzYfqg4Mz8pFLNikowe26fOaQNV4nR568E6N7iFpbIzO/v45bT0l6UyGdn5bqGv7Rzg+iS1Hu/ZUzylpGK4r4yLUp3yMRgTs0c4SqeTLbdppvUrX93fVeu2vgWNu1F3+hdpXsxJ60Ejd/9JDura/v0pyP9SiB5dq5xlJOqJ9WSdUMrRBPT3G6o9/uldXGP1VPFI6+OA/q57RT1YV2kqlriU6uLX+u37+wes0MEgqPnhCH20+VP8/j2w5Wrvw93rT0rDWAr378C16t7ru0fe8puQJTY3sBODrSAZ8WNjgqzQpPkwKCFdkVD+FB/tJssrZhIN2e9UkJZFRkVJGvnIrDisvN1gRVw7XwMi12n6kUIXKlz04VjF9JB2v+lWav2+jNpprr6qwuH5yNl6xrLxUUpEyt21Ubk3w5RemyL7hkqy1I/FapdiuIkmRcRcr+LP9ysyWTGezlKtI3TDExVe2c5j6JdygexImKX/z63rl4zRt2jVesZfblfLqi9pkNSouvp+CVagiuf/lr7rn9tXvV3N1T9d/6B+b07RxWZo29hytWffdqLgGuWBQcLCkMp2umpvZgbKq70tRpj79v9zarX7dItWvV0urK6t6z9/v1cb/OzeZTVi3i9Wvyfl+AAAA0C7C+mvoYH9t3VMq6Yi+PnhIOljdu9tzrG4aW6A31x+SZNO+/fvV54fqgEsRiokMrfpXy1PZ2negpiXZoJiIUu378C199uE/9UVti/YQDXa2mEtpgbK/PdfSPHTM8OoRld11ybQ/6fVJpVKX7gr64Z/Kqhm913e4RvStHqEXEKGhQwdIe6rax0/kHtGPpSNVb/yeob8ie1Vt8TcYFFi7fYAGdK+qK7C7UQZVL5xSUqqz5VLxDxna9UP1vgH91UcWpb7ztjb8c1vtSMUeg8+NAG0+m47m5Jwb8TksXoNrWo27R2lE7bupmnezWBEKdXCWE4e267PqOgOGjtTFPf0VoDiNGuqvnftKpZL9+mJfga7t3795AV3fOMVWv7eAiOEaNVjaWf2v9ieOnVBJeYPwsX+cBlQvxBNgCFd4gJRX9UCrnuuZIzqYWfOu/TXiiuGteHYAzjeEjz4s+KI4XTqi4XyJ4QoLl/SDvWoUmySVnFaZpHBj1b5hMbEK107l7+unfHukLo/0U0RmmPLzc5VbkS/FjK1qXe4arjBJkVOSdesIuSW8e7ikMl11xx80sU/DT08pJFhSRQvDuopCnSiSgqOMVSs0x8QppvNOfZ2Zq6ySbMk4tnpkYcPj1GACAT/1G2GS8eN82e12KTNFm74P09h752vSQEkya9WXq9xsga4ZCViksrYIVt0WrMgrb9X8K8tUtPttvfj3ndq0I0lx4+rHwoOiIqX0TJkz7Br98zrJZEWRis6GKSy4+vtSfpXuemiiy9k33Rem8G6SBtyg5FsvbZMzAgAAoI0FRGjokHPBXdbObSqu/rPogMHDNWqkUanrq0b4Hd3zqT4/Vf3v8MbhGmqsCvNKztiqRk5Kkmz6YsVzDeZX7K/rZ/6qaoESR6s7l9hUVNvBa1CPrqG1AUeImHIAACAASURBVFlo3+jq6ZRKdTTnxLn5JINC681/GNqjzorLJaXOR1k2U+mpn87N415ySGtfeq7+Dj3H6q5fxzde7dtd5aWynTo382Gooc4c/l0CFdbdIKkqrCspLam6r4bXKrfp2z3bq0YqSirZ9br+87evN7rUvh37dfTq/vXap5vFP1RhXQ2Sql9WhXvrZNdTckJHawJpGdSnZ6jrMLRLgPoMG6kRoSWSSlT47SHlVS/4Exo5RLFdA6QuBsX0DGTUI3AeYM7HDsdPl42Ik07u0qf7quZZzE/ZpkyFy2Sqjpb6xCg2uEjZn5uVb4zUoAApckCklL9Lu76rnu9RkvrH6uJgyfzJJuXay1RmL1K+eZv2umgX9hscq34qVNrHe1VYUqYyW6Fy03cq0y5JsYobLOngNm06Ypf9+71K2dNUxFcme0mZVFGm/I83aac9XKNGVdfX2aTLTFJRdoq2ZdoVNiTWYXiW/+GzeuSpldq4L1eFRUUqKsrXzn9vk1XBGhRplPz9FawiWX8oksqKlPV/KcqUmgwT7faqeDdscJyMNfdsK1TWx2nKbuKu3GIrVKGt7jDWMyr80a6yijJl7d6p3JNVK4UH9+qqYEl+AY3/RNlvxFiNNkiZ/3xFa7/MV1FRoXL3bdTSpxZp0ZqdsstPFw/uJ/2Ypo++LFRZWZnsP+ZqZ3rmufDaoerRlPVqK1KRvUxSpGIHB1e95zy7ysrsKvrerG37nL/r/M2vaNGLr2vbEae7AAAAoE35q2fsENU0phQf2lO7mvPA6Gj1uShOQ3tWf2g9VPtZQHRcndWLnYVQBsWOvVl/fPlZ3TOqu5N9JHUJUEBtclQi25mzDs7o32Bao/qtziUlJeeOCfBvHNC1VLkct1QH9dcVU+/Ryy/dq3F9m1hFugn+dWo92zA0LT139QD/AMf39VOmvtj5k4MPGtj/qXa5mjeyKeVnVWQ7N8+j03pcKS2pauOXJAVKXZp4dkH9Ne6OR/Xck3/Sc08k646ra0ZaRmjinOTq7Q/ptpEuvl8AOgxGPnZAfpfN0Kzc17Xq7UV68G1JncMUO+WuOguSDFJMjJ92mvMVnPCrqsAuJlaxJ95TVkW4xsfUzF0Yp//P3v3HR1Ue+B7/ZCaZZBImTJgwgYFAQgL5AcEgKBoKbRSkokVRqlVaqq3b/WFve7vtbt22bu9uf3m97XVvb73b7drSpWLFolgqKILEQglGQSJIIJCQQEIgIYEhYzJkJmfm/jGT378hgYDf9+ulZM458zzPec7Jr2+e5zx3PZRH5dq3ePb7b4W2RTtZtDqPORP6uDXGLuKhe47wH3/6PU8d+H2oPWMzuTv1ZrDCrPtXM6diLW/9/Pu8ZbKRvngps3ZvpbzCy+3ObnOGx4xjXPSH7Pz5d9gJEOnk5oe/Eh6dGJJ54xysv93PEazcnNn7eslJtyzl5hOvUfjCs6FyACJtZN7z1+HVqhdx++T3ee3lH/CPL4Nt+lJuv7GRt05U4sVJzycc2oiPA0/DOVqZSqTzdlbf+SH/9vrveeoARDrz+PRCL68VV3KCWb2u4hxjtULdCU61grNHVzqZmmaDPa/x1A9O8aWnHiJzajo2UyGv/c/vc+qRrzPp3a288dKG9hn2tun38tlbexn2aUpn5ddW0vz/XmX/i/+H/QCmSMbNWMrjD90cOrcFD3Hvkf/g1Ref4jsvAkRiy7yblPn0cu5gjYsH6qirB1zgbG/bD3gtvGJ35mceIu/kWt76xfd5K1ync8GXyMt19vpF5XzdKTx1cKq3v4iLiIiIyIiIc01jegzhZ/m1SSI7I4kxNgtpKVHQ0DW0mjJtMuPCgaElJoEJ8UD4/ekrvs1XF+eQNjmuYzRabyP22kTFMS4xCk6EphcfO1JN06eSsHQ7fkxCAu2PTK+r5kwTZMUBho9zNR1/4E6YnITj8vLAjqYl2BkH4WnRSXz6a49z/42ZTGmbQn65IyzNcYxLHEfb6Mbz1XWcMwiN6vSf42RNW9gXxYRkZ6+j+84fe4eittGE5iTSs50dU7ONJk6UHA+Piixlx7tVfCZ12qWNEvRUU17V8XJcUsLQy4lJwNE+ePIcDec/grYJ8sM0WlVErl0KH0cj5+186+nb+znASuaKb/Hju7x4WsAaZyWy27TjOat/TJcJsbY8vvJUXs+SMu/lWz+8G2+Tl9ZIKzZrp1uij3Y4F3yFJ+d78XhbiYy2Ye38nck6i4e++2PubfKC1YY1Erjt9t7H2KbczRM/uBtoxesFq7Xn7RiZ/RDfuuccP3gziVlpvfdGpGMO9/7dHO4NtIbOg0isNmunm9vJoq/9mLwmD15T2znezu1tIx9nrebppzuXOJV7v/8093Y+5/yv86+3ePAGrNjiQiUvuqtt7yxWdy2A9Pv/hafv76j/9m89TeeeTF/xJE+v6LRh+r08+VSnGrOfZFFrH33cXcLNrP7uzbQ2efAGInveDyYneX/1JDd7PXhbu+/v2TbbrV/h6Vv7aRuANZN7v/Vj7m6rs1t/dy9z1ud/zL94YcC1bERERERk2FgSppE7Fd4t7bQxLpVsVxxYLF2mZYeEgsn2Hz3j08jOjGNTeGGYsnf2cGxuKsmJfs4cO8CO17dwMvMrPLE8FHr5u4dMliSyc6bBvlADzr/5W17ITuCLC5LxnzrAjj+9zrFpD/P3N3daHKdpH2/sLuWm5RlYqvew6e22Z1HGkZubGloIZ6h6eSzUmImzyZ24gZOnAWopevc4CzKmMcF8jvKSd3jjj/tIePjbPJIT1+O9Hfz4Gps6RmZerOXkseOMS0lmiiOKCRk5TOB4KFQ9uJ0dJbfySG4cZ/a9zhvtK7NkclP6uJ5h38VqinZ2TLlOWLCSr37hk2Q528JRN7v/7zf414JQuFm2czu7sxeTNS0Zn+Hrc8xqO3cVZdVuJkz8iA9efYE32qdMTyN3+iUs8BLjJHta273i5703d3F47kqyYmr54J19l74Wp4hcFyKCwWDwajdCpE+tJ3j1fz3Lkdlf54m7Jl3t1oiIiIhccbW1tSQl9bESrki/mij+7RN8e2OnZ99kPMKz/3oP6THwUfGvePz7r3cEQ/GL+Od/+wYLHB2Hf1Syjm//04b2VYx7cCzmu1+J49c/+WOPgCnrkf/LDxdU859P/M9O4VY3CYv456ceJW7bD/j2huN9HASWnEd45p+WYXnzSf7qt6Xd9trJSvdzuKyp2/YkslLPcbiiW/hoyeHxZ54g+/2nePzXB+nLmFse59lvLmZCb0lc3U7+9b8/w+7uVQJTHnyKZx7OYEzTcV7+yRP86mDfU6LTV/wrP/xCTtdnS/ZRdnu5F6vZ9MP/xrM9mh5P7gwvxUe71Re/mB/8/HGmH/8Vf9u22nUfEvK/wb/9dQbFP/tvPPNe93Ju4Sv3wQu/fYePuuyws/yfn+Fh/zr+9ifb+y0fCPf/k11W6P6orpozjU1AHGMmT9ZiNXJZ9H1z9NEzH2VUqtv+U/7xO9/hO995lkLrIh5aouBRRERERGRo4piamdllFeUp2dPag50xybNDi8W0mTiNpG4D/cZkP8C3v7aYHmtNtu1PSSIqou8WWJy38Fff/go3J/S1PwGCceTe9w2+kd97WGDJXsmTX1tGen+DEIcsivQ7Huef757W5/5kZ2/rTw9B3DQ+8/jfs7z3p0cx5c5v8O3P5Vz6ojbDzJKziu9/aVHvYesgJNy4ir9f3ld/9m+MczLp6Rmkpyt4FLkeaeSjjE7hKcf0mEItIiIi8vGiERxyWRqPU7DzIOf8hFYYvmERC6aGUzyfm8O791DiDk3SjZtyC7fN7X3Kre/8cYrfO0h5bTUnGu1MnZpE2sx55KbaoeEgO3Yfp6nLtGsL47IXkZ8RrqupluJ973P42BFK6iwkT5/G9IwbuSk7qWN1a8PPmZI97C4+SHHFecZNySErZy6fyJ3cfsxHpTvZUXK+62IxUXGMi4dzDd2GCkbFMS7Ozzl3t0nIMUncsOAW0sPB60cn9vGXg9WcqT7O+Zhkprgmk507t2OKc2+aqnl35z6qLnbfYWFcxq0syLZ39KPPzeH39lB08ADl9RaSMzOZmXsrN6Xbe5/e3GvZnco1mih7Zycf1HU7r4hIbNFBPBe7zX+Pm8yCRXOJPtRp5GPCXO6/MxX/iQo8CZlk597IbTdOC/Wz0cTJ93by3mlfj3JumAolpdVdp9ib40i76ZPkTowC/Jwv3ceuknKqavyMm5pJbq4TT8lBqtouT7f+Fxlu+r45+ih8FBEREREZxfRLlIgMh/P7OoWPqat49kcrh3k0qcjooO+bo4+mXYuIiIiIiIhct/ycfOtXPPWbTs9jrHiVZ374Q54tqB54cRoRkcuk8FFERERERETkuuWjqfYgxdWdJ6s3UVayj+LTTQofRWTE6VF6IiIiIiIiItctC3FJOdycm4Cvy7MaLUxJiuv9uZMiIsNIz3wUERERERnF9OwqERGRwdP3zdFH065FRERERERERERkRCh8FBERERERERERkRGh8FFERERERERERERGhMJHERERERERERERGREKH0VERERERERERGREKHwUERERERERERGREaHwUUREREREREREREaEwkfpnc+L13e1G3F1+OoqKTlaRYPXGOBIA6/Hy0BHDZXRWEXpoUrqmq7vC2B4PXj9ve4ZfL/6vXg6X6fur0eTj/HnlIiIiIiIiHx8KXwcjTyl7HpzK1vb/vtLMTWeYa4j4KHmaCXuQO+7G/ZtYt3b5R3HVtTg6ePY60nDu+t5sbAKn7eKAx9U0X9WVEbB+gLKhrF+X9lW1m0uwUM9pUdqh7Hk0afs7fVs2u/ubQ8F6zezv9d73qChopKGttCyvID1b3e6At1eGw2VVDaMjjCyYd8mNu1ruPQCPkafhyIiIiIiInL9UPg4GrU0UHOyhaRb88ibm01KdC0Ff1hPYd0w1nGhhF07d7K/up9jjNbQv9V72f7WLkouDGP9o5KbsspW0vMWkntDHvm3pGC5wi2oOl5FYu5S5s2cx8K5yVC2ledeL73CrbiCjL6CQQNfSy+bPQfZWbCdvScGU7iHg7u2s31f5aW37yoqf/M5thzptOFKfx6eL2L9+kIuIy4VERERERERIfJqN0D6EonVZsOGjQxHMjbvWrYUl5N3R9rwFJ8wnwcfmz+4Y6fks/qx4al2dDNjNjPs06iH1AKzueuG1tExam/UsOWy4ku5gz2Y3HsfY7BHjzY9Lv2V/jzsMxgWERERERERGTyFj9eIhLE2aGoFfwlbXqoibaGD0l3F1EXlsPKB+USf3MXmgjKazWaIsJO9ZDnznHUU/r4AljxIXmK4oNOFbHirjGYA7My+ezm5dgAvVXu2sfNwHd4IG/a4ZrCF3uJ+bwMbSm3kP7CUNAu4393A5ovZzLl4kKJqDwY20vJXkJ8aHidYt5dN2w7S0ApYXaTE1eNN+RzLZnYN1tzvbmDrxRScZw5S2WRgWJJZeN9SMqyh/d5ezwnK31zDIdcqls+yAFUUPL+VuhkrePBmB+Cm6KXNGJ9aRZ7TS9VfNlNwvBmCBmbnPO5amoPdBHW717PTksecjwrZWeHBtWgljg83cfCCD95cRxkGybeuJr1qLYWxy3nwZnuoUeVbWVOezqMDhsChureXN2M2A4FE5qxYRo4NOH+QLVv2Uhs0Yw5Ek7xgOflpVsoL1rL7pIHv9HrWF7fQYoAZA4x61j1fRGzWcvID29nckseqT7gADwdfXU9RbD6PhdtT/uZzlCY/yrK0Wva+VUjJGQ+GycCIdDH/M8vIiQfOFLL+Lxby5ngo3FmOZ1I+j93h6rOvOvOd2sv2PSXUegwIGlgmzmf5nTmhW6VsK2uOOMhz1LD3cB1eLDjm3sWKGxyhNwfclGzfGrpnoh3YQ7dgH1pxf7CJdSfq8GLFecMSls91QvlWnvuzh9zlK5mX2Nd725Sz9TcFeHJWsPKm8L2xYTO+rDk0HyqiqtEAWxqLV+STYglds/KCTeysbAaTBceURHxnbSx6IA/nZV7b3lS93fe9VV6wlsLTQMM61u6NJfuuFaSXdf08JODm4NbN7K0zMEdAdPICluenYR3EtejyuRWAxNwVLJtt62jc+b1s3FKKp9XMG+vKMFwLWJ2fNqTzExEREREREQGFj9eMmrNuLHE2iHKRYi9k19sGefc+yvJ4M/hK2fJ2Da47HyXPCdQVsv6N7SR+fjEpk1rYdawBEkOhQ0NlFWQsZ/VNBoXrN1JzBnLt4DtSwPaTCSz9wnJcZg+l2zeyKzzwyX7TIrLLCqhthLREMAwDb1kJDfnLWH2HDd8HG1l3sJQFqTlYqGHXthIi536ORzOt4Clhyytu7PPNPc7JMAw8lXXkrHiUfFsoENz0dikZd2aAr5SCPs4peYKDgpoqmJUG52uoi7FjPlODDwcWXxW1HyUy0xk6p4JzGXx2dQ5WvJRs/gPb9yezcq4d5/RkWjZtZW/WMlY94sJiAtJXY3v9OcpTV7EsM9TGhrroriPA/AZG23T0/pw/QGGlg8VfWEmyKfy+KIAGCt/cD2394y1hyx82s9exknn5q7HvWc92FvPgreHA7sgWnqtIY9WdGaHXp5IwdlfhxoWdOmpa7NhbaqghDRc11NTZcNxkhshYXLMWM3upHYspFPRufK+SnNtTYEI6yf5NbN2XzbJVj+GygO/Ilj77qjNLrIucxbNZZrdAwE3RKxspqshhcSrQamDUlVCe/Gk++4gTS3UBa3eWUHPDQlxAQ9FWivw5rHwkG5vRQNGmjfQ9IdqLJyafzz7iwtJUzKY/7GRv2krmpS0l78hzVNYDA4aPaSy9tZTnKusBB2BgGF5KDzew+NOrWRrvo/jVdRw4soCU2RZ8H26j4Gwyy7+Yh9NkUPOXDWyxpXQLHi/x2vYSssZG931vpeWvpvVi13uRbp+HDUVb2c88PvfFjPZrtnmfI3TN+r0Wbg68U4Ej/1FWTiHUL/5un58J81ixzMf6t2Dxg3mEv3oM6fxEREREREREQM98HMWaqTlUQsl7u9i6aT07z7iYf5MLALMJXDctIzs+HBicrKTGns28tpTEmU1KTBVlJ8CVlkrLydLwc9saKD1pJmV6z6SgoqIGR9Z8XFGAyUaiLbrTXnPPO2ViDgtTbZgB66QkbF4PHoD6SmpM6czLDI+GsiVhj+nnNMenkR0ecOXMSMZWVxUKpPo5J4srEVtDLXWAr6oWpmSQ5K2lBuBULQ2JLpKBqpM12FMyQiPBsJKdloi7LryIiwki47LJXxAOHodbZDQWXx2VJzyhadxRZswA58uo8qeS29Y/1mwyJripLB/kikITnSR+1EBNADhVQ31CBhnW2tCCRJ4aanGRnACY7LiS7Vjw4fUa2ONjMdofomgGk5XsT+XhCg9W7bevOktwkWy3hFZuNuzY47o9mzEunfk3OEN9OsVF4sXwfUEDpSdbSM/NxmYCohzYY/s7URvJGeFrY8slPclN3elw64dyvSJ6bnLNWkhKvBmwkpxkw9sUamFFVR2unDycJgAzrkRbzzfDyF3bAXX+PHRTVtVC6uxO1ywjCXdlGe219XktzERbfNRVVuLxh16bowZR/Yifn4iIiIiIiFyPNPJxtIt1kJyTQf5UZ9eQrFOo4j7nhqjOi6PYsdsMGlqA1DRS/bsorYc8Sqkyp7C0R/bYQEMjRKYOw/Iq9W48Jjs9xzkOwjg7Nr+bFgY6pxRcRiEnPdB81oNjWg6OsweoqQPbmQZsk+ZjwU29G+pOv8jaAx1VWCZldLwwcWntHAxbLp9e3My2XetZ87YN140LWXqDC3ODG0+Ujc7Rrt1mw/D1v652O1MqyYmF1JyA5HO1RDtySbp4gL3VQEQdzROzcQEE6ti7aRsHfTZc9kiaz9bAuM5TxSO7BFkD9lWbur1s3HYQn82FPaqZ+tOQkDqYhtfj9kRjjx74yN6YTeBxN0B4DN7wC30O9BZW9jBS13aI7XV/FI2ta2XYWn0DrNAOYCN36VKa39rJ+t8VYJs4h4WLc0N/eOi3yit5fiIiIiIiInK9UPg4asXimplNL/FPD/Z4G5wJhQ6hsM6DpxnMkQAu0qaEpl67I2swpy7t5TF7NmxWcA9Hs8fZueQnwNW7OR9jw8bA5+R0uKmsbcDXkEByPiSdjaTsjAfb2RaS5oZGrNlt4Mz8HMtnX+k1q0OsU/JYvioPo6GYzZu3sDX6MZYl2rD5DToPFvQ0N4NtsDGoBdf4WErONlDTYOC6yYbTncj5mhpqqMc+PjQ61vfhOxQzk1UP5Iaux5EtPFfRV5n2QfaVj4PvFMOsVTx4Q+gql77+HOWDarcNW38jYAdgBMBmH6ngEcCBfczgPwdG5toOhR1bXAtG18pojrANLlC3JpN39yry/A0Ub93Mlu1WHrtzgK829it5fiIiIiIiInK90LTr68G0ZJz1FZR6w6/dpVRecOKaEnrpmp5Ka00JB09CyozeppJacI23UVteghcg4KH2XPOltSXRQUJTFaV1oZfG6VKqmvo5vsWLJxD6sOZIBcbE5NDIvYHOyWmnvuoA9WYnLhPYJ7nwnNlLrcdF8qSOY+oqS2krAr8HT/uLwTGbobkpHEn5Gyguqwd/19FlRqCXNwZ8+PzhMhy5pDuguckDiSm4Ik5SfqrtuHLKqi24kgf/0DzHBAfNZw9Q0+jAlQhMcWE7U0rp2Vhc4dGrLX4fRFlCwWPAQ+VpDwT6Xr14cH3VQosfoi3heNlTSU0jEBxMq104HR6q2m4Mfw11jYM7XzzFlNU6Se5rjZ/u59XPefYnaVzXz4GSivo+6rv0a9vaqW2Dubf65iBlkpmT5TXtW8rLq7C4kvtew6cTny/cjigHuWmJ0OxhwMnTw3DvioiIiIiIyMePRj5eDyw5LMmr4ZWX1lMx0Yr3tBfnJ5eT0zaIbWIaUy5uoTQmlwf7eIydY+48XC8V8OLavZiJJjkrHdvRGqrIIHkwbWgbEWXKID+vkj+8toaySDDHJ5PQ31DIxkNsev4ABgZGbDqL70oZ1DnZprqI3FSCN2N5aKXliU4Stu6iMimPxeGibXMWkVOxiXX/tR+LGQwjmpRFnVblHgT7jAzsrxSw5vndEGEjY/5sXLurqPDnkBGVhDNhF4W/24D7jpXkTex4n/f4bjbtrsSc4CLWX0ttaxr5OTbAxsIl6Wx4fR0bnQkY585jnrWExRP7aECiA1thIWufLyL51tXkpwFTk0kq2EV5Uh75ABYXicEiSnzZLA9fX1vOHJIP72TN83tDqxLfkIyjpopyfzZpvUyvHVxf2Zh9QzIv7lrD2n1msCQze4qDmqpyjKy0PkbcteILD1/NuCmXg5s2sabCgjnCRvo0Fy21NXhxdBstG4vN2kzplrWUmYBANMmd7+fOJjixFxayZoObpSvzcHV/3Ue3dtbiD43lc8zPJ/uVTaz7r9DnQMokG/h7Hn+p19YxwYFRsJm1H83nc0uzB7i3INFhY9eetazdm8yCz+fTPXt15S0h/ZXNrNuYRELgPOfNOSy5rb8zDl8Lfzm7X9tJpdmBK85H7RmDtE8tpseXhvgk7C0FbHq+DHvWclbMdQ3t3hUREREREREBIoLB4KDGLck1IODD22RgjrNe4iIqBl6P7zLe37UtPsOCJaqGXc8X43h4GdndymzYs56N7lweuzMDw0/vi15c9jmB4fXQHIjGFnep068NvF6wWoc+vdTX5KHFFIutx3sNvJ5miLFhHcxiH5dk6NdzUH3l9+LxmS+tP8PX02KzjtzzNi+T4fNhtljwHdjEHzy3sGpBj/WugeG6tpd+b7WX4PXQTG/tGIDPi6cFYod8La7EvSsiIp3V1taSlJR0tZshIiJyTdD3zdFHIx+vJyYL1j5GNg6OGavtkp/Y2C4UJFpCgVddJTURNtIGCL/6XG33ss8JzFZbz1FdQysB6yV2iyXORu8RnRmr7TJPbEBDv56D6qsoK7ZLDZ2G4XqOGL+BEWXGbLEAXsqq3Nim9j2leHiu7aXfW+0lXOr9bbFiu6Q8/krcuyIiIiIiInK9UPgow6yOvZveoLQJMIERYSNnyYo+p79a4xOuZONE+uQt384r79ZimADDIHrKIpbPujqLFYmIiIiIiIhcLzTtWkRERERkFNP0MRERkcHT983RR6tdi4iIiIiIiIiIyIhQ+CgiIiIiIiIiIiIjQuGjiIiIiIiIiIiIjAiFjyIiIiIiIiIiIjIiFD6KiIiIiIiIiIjIiFD4KFdfwIe3ydfrLl+TF1/gEsr0e/F4jctr1xVj4PV46b21/e27DIPon0vu+6vA8Hrw+q92K0RERERERESkO4WPcvWd28um9QWU99jRwN7XXmTniUsos7yA9Vv247n81oUZNFSUUucdtgI7KaNgfQFlfe7bzP7hO5GQ8gLWv917jSGX0fcjIeCh5mgl7j7C0LK317Npv/vKtacaflZ45aobFB+88BK8cKzb9mr42UuwZ7jvIREREREREZFBUPgoo0PAoLXXHQa+lksss9VH7+MpL0Ulewt2sfvo1UhwLqMPBut8EevXF9JwpesdrAsl7Nq5k/3V/RxjXMGRrhfgW3vgzJWrcWAX4OXD8ItCuNhpc0Ux/LQYdvTXdyIiIiIiIiIjJPJqN0Dk2pDG0i+lXe1GjJwrGdxdioT5PPjY/KvditHNC+50+HI1FPrgNkto845D8NWZwDUyhV5ERORyBYNBDMPAbDYTEREBQCAQIBAIdNk2HPW0trZiMpkwm8191i0iIvJxp/BxNCrbyppjNnKMCg6e9WFgI+eulcx3Ar4a9r5VSMkZD4bJwIh0Mf8zy8iJNyjZvI6a7NUsTg2XU1/I+rdg8YN5OM4fZMuW/dQHwTBiSc+/i4VTrOAvYctLVaQtdFC6q5i6qBxWrsygautm9tYZmCOAqFTyH1pIcpdGeigt2M7ek258gBGwc9NP9gAAIABJREFUkX3HcvImWQA3RRs248uaQ/OhIqoaDbClsXhFPinhQMR7spBtu0qoazFjGxtLM7Y+u6OluoD1e8rxBM3YUhexPD8Na6gUqv6ymYLjzRA0MDvncdfSHOxt43kDLVTt2cQbR+rwBi045t7Fihsc/bTdTMnmNVSmPcayzHAZvhK2vrSXWgDMJC9YRX5qR93by5sxR4B5XDZLls3DaQLOFLL+Lxby5ngo3FmOZ1I+j33K2sd1G8wN0UpLVSGbtpZS5zWwJM7jrntzcQzQB75Te9m+p4RajwFBA8vE+Sy/M6dnT5/fy8YtpXhazbyxrgzDtYDV+fZQze4Stm4oosrd8xq26+9+7e3+emA2nl77ro7C3xfAkgfJSwyXfbqQDW+V0QyAndl3LyfXDgTclGzfSlG1ByPagT20u5335C42v11Bs8nAiEhi3rJl5CT0cW0WOzg44P0+BAHY8Xv4UWXo49S58ItlEAO4D8H33oAdF0L78j4Jv1gS2rdjHezPhax34aul8NN/gLwD8HgTPH4Rvvo+HDbBL74Ij0/vpV4P7AB+Oh22HIPbZgIn4ZUJ8IsJ8LMLna85/OiXsBmwBuC+lfB4RmhXb+24zwQ/+hXsCIC3Fb78BfhyyqV2kIiIyMhqamriyJEjzJw5E6s19FOj2+3m1KlTZGdntweFl8vv97N//35sNhuZmZmYTCYuXLhAVVXVsNYjIiJyrVP4OBq1Ghinq/Dd+TkenWjGe3gLLxYUkv5gHo7IWFyzFjN7qR2LCdzvbmDje5Xk3J5C8oRYisrLITU0Qs9zooaWiXk4aKDwzQPYPrWaZZOAukLWv7Gbys8vJiUqmxR7IbveNsi791GWx5uhbCsbWmay6ou5oZDP39uouEgS0hdw3yecWKPAKNvK2ncOkHP/PGwYGIaX0sMNLP70apbG+yh+dR0HjiwgZbYFfKUUFFSRcMejLJ9oxnN0Kxt39j3yzuNPYsXn87FRRcFL29ldnsbiNPAdKaDgXAafXZ2DFS8lm//A9v3JrJwbTqG8VdTEfprPftGJpbqAtTtLqLlhIa5+2p6e7KSwohQyw0nM8UpqJyxg9eI0Sl9/juIzDZDqCNVd4+KuL+ThNEHd7vW8UZDI6ttTYEI6yf5NbN2XzbJVj+GyAAF3n9dtYF6qamL59GcfxRlZRcELBZScymXhpP77wBLrImfxbJbZLRBwU/TKRooqcjrC6TYJ81ixzNcRVAOEJ2DXVTew+I5eruFg79de7i/fkS1s6qPvUia1sOtYAySGW1FZBRnLWX2TQeH6jdScgVw7NBRtpcifw8pHsrEZDRRt2khlW3t8pRS8fZ6Mz64mxwrew1v4w469JN8/D3tv16ZsK0UD3u+Dd6YAfjYW3vouEIAXnoFnp8M3p0NMAnzz7+AXVqAVfvQj2HELLLPBbbPg9t/BDx+A44+GywrAK+/Asi9CyUq4+C5Y/wJfnh4KLLteB5gQBXNy4PF34bszoeJA6LX1PJzu9LzSF34DLIfCmYAXvvdT2PI1WDa293a88DOY8BC8NQWohft/BTd+F+bowR0iIjIKeb1eDhw4QGpqanv42NjYyLFjx8jMzBy2ULC1tZWSkhKio6OZOHEiCQkJXLhwYdjrERERudbpV8fRKi6ZjImhH1isWWkkeWqo8AAmO65kOxZ8eL0G9vhYjPCD+WwzUrCdqgiHMD4qT3lwJbvgfBlV/imkTQqX7cwgObqBmnOhl2YTuG5aRnZ8+AckiwVL40lK68JPTIzq7QcnK85kJ9YoA2+TD7PdRmy3Zyy6Zi0kJd4MWElOsuFtCj8v8Xg5NQnZzA+fn22cjeh+uiIxNRtbFBCVzMwUC7Vn6gCoOlmDPSUjPArSSnZaIu662k59mM78G5xYTMDkJBIvesIL0PTddktmKs7T5ZSGp6iWVtTjSu053brqZA32zPBIR8CZnUJ0dVm4781gspL9qbxQuAX9XreB2Uifn4vTApiSSUrw4fF0akdffZDgItluAZ8Xr2HHHjf0Zzh2voau8daOa9hdX/crPe+v/vrOlZZKy8nScPTZQOlJMynT7d0qa6D0ZAvpudnYTECUA3tsp90nK6mxp5IR6hSsWWkknq9rH73a49oM6n4fvMJDcN/s8AsT3JYLhSdDL2NckGoFvHDRBKljwN32gMZIYCZ898ZuBWaFwkaAmFS47xz0trTOmXrIcwDT4f7jsCcAOw6GwsQYK7jbwscG2OyDh2eGX1vh/gzYcqiPdoSPv21K+HUS3B8Lh7s+IFRERGRUaZtm3V0wGKSuro6ioiLeffdd9u/fz8WLFwkEAhw/frx9e11dHcFgkPr6eioqKqisrOTdd9+lubm5S3lWq5X4+HjKysoIBAIEg8H2fRcvXuTQoUO8/fbb7Nixg8rKSoLBIH6/nw8//JDjx4+ze/duDhw4QF1dHe+99x67d+/G7Xa3v/+DDz7g3Xffpbi4uEfdIiIi1wqNfLwmJHQER3F17N20jYM+Gy57JM1na2BcOByzpZMSt5GyCkiZWkFVfRJpU4Hjbjy+GrY/X9GpTBvZnTOWzo+kmZLP8pu2snXzWvZaHGTMX8zC9O6Tdb2UF2xiZ42FpPGxtLpr8JAxqLNpOO+BKAvdZ+8OhtkUidd9HrBQ74a60y+y9kDHfsukPtpg6nyy/bTdkkFqYhHlRyFjRinlZ11kLO1emJt6N0RO6XQGCXZs/gY6sr3IrtF+oJ/rNkTm9nLd/fdB3V42bjuIz+bCHtVM/WlI6D7qcUj1DvbLRaf7te22ab+/Bui7SWmk+ndRWg95lFJlTmFp9+yRetyeaOx9JNbuc26or+HF5/d3bIxJ7nR3drs2g7rfB+/wGVj3O3ihUx1zPhn692IprHoJJqZAaiv8ugG+1/nNw/TnoNuyYMc7UDgB1lkgZizsaPv0r4MdFsKBdchER9eRkV3aUQc7PPDYT7rW8U396UpERK5Bra2tfPDBB7S2tuJwONoDynPnznHo0CHGjRvXfswnPvEJmpqaeOedd0hOTu71GY4RERGkp6dz+PBh0tPTu+wzDIOWlhaCwSDNzc0UFxczfvx4IiIieP/990lNTcXn81FZWUljYyMA5eXlWK1W5syZQ3l5OdXV1SQmJraHoTfccAMmk74Ji4jItUXh47UgUI+7yUpyPPg+fIdiZrLqgfAU0SNbeK49U7STPtXGpqoaoIr6iWksMwF2GzZLOgs/vxDXIKu0Zy3lwSzwVO5iy44tFNo7PYcP4NRedp9ysvjhfJJNtD9fcjBscdbeh24NghFoxRqfANix28CZ+TmWd58GPJB+224hI8VJUUUpRlQV5yelk9bj57tQ3bU+H7RFqB4PzSZzn59Q/V+3S9VfH/g4+E4xzFrFgzeEYqbS15+j/HKrHIxO92tPA/Wdi7QpoanX7sgazKlL6ZE9YsPWY85xpxribZCYzeeW5ww64B7wfh+CVAd887Pw5Sk99617BW77Ajwenm0/8WeXVkdvKs5A1qzQx3Ny4HsvQtZdnaZntw3+SIQ8H3TOGk9fCE0J71Ui5Nngp/8El5Fdi4jIx8DpugbcjR/1OuJwJM2cMbTvUF6vF4vFgsvlIjExkejoaA4fPszFixeZPn06Fy9eZMeOHTQ3N2O1Wjl//jxz584lNTWVyMiuP+0ZhsHYsWNJTEykrKwMh8PRvi8mJoaUlBQ8Hg+NjY0UFRXh9XqJjY0lGAySlJTEpEmT2Lx5M4ZhcMsttxAMBjl37hytra2UlpbicrmYPn06FRUVnDhxgpycnC7h46Gjl/0DpYjIoJhMJuzxY5jodAx8sEg3Ch9HK38LHj84osD7YRk1CS7yLNDi90GUJRRgBTxUnvZAoOMZdfZUF9FvlLOXGuyTFoU2JrpwGLspPwWu8NRrT6MHW3wfo7v8PnxmCxYT2FIySLaW0ewBOocxvhYMcyzRJgCDhqp6mgOJDOZpeRZXIrb95ZR4M8i2gqfWzaAmkfirOFQJU25zAuBy2tlVWYp3dk74WX0ePK02bNZ+Sxmw7ZbMVJzFVRRaakmatrjXIlKTnew63lG3+0glbmdGn4uUDHTdAIwAQx751ncftNDih2hLuDM8ldQ0AsFObw4M4wrXfdyvvRmo71zTU2ktLOEgkHJHb/eoC6fDQ3FpHSQ6wV9DXSMdC85McmIvrKDUm0OOFcDA0+jDFt/HjdHX/R5fR/mxeizJ2X0Eqb3LSoXvHegUPnrAHQd2E7h9MLGtGQ3w/kdw4zD+fmZt+4o+HR7Pgolt07+dcF8dnAEmjIdlJthxMtzGtunZf9VHoeNDYWX78YD7AtjHDl+7RUTk2ne6roFAIMCM1Mmj8lmHfr8fgMjISGbPns3Ro0c5ePAgdrud3NxcGhsbMZlMeDweWltbmTp1KlFRUQQCASwWCwkJCURFRfVadmRkJDNmzKCwsJCYmJj28//oo48oKSkhPj4ek8mEyWRqn5YdFRVFQkICFouFyMhI4uPjiY6OZsyYMbS0tNDa2orH4yEYDHL+/HmioqJwuXoOIxhq8CoicqkMw+DM2XOcrmtQAClDpvBxtDKq2P37tew0GRgkMf+ueaFsJWcOyYd3sub5vZgD0STfkIyjpopyfzZpUUBiNmnWjRSX2cj9bFv6k8KC+aX8YesaKixmMAzMjjl8+u62FZO7qjuwmW0fNhPrTMTcWIPbOoe7uv9ckzqHnH2b2Ly2DDNmbFkZJBuVnHSDs+dQNQBa/OFJyYnzmDfxRQpeXMteM0QnZ5MeX0pNFWR0Se8s2MaYKS1ay9q9QMCMfeYSlk8M7bXNWUROxSbW/dd+QqcVTcqiFeSn9j3ezQgMou2WDFLHFVFUncLi23svxzJrCQtrXuHFlypwxXip8TrJ72ekna3f65aEM2EXhb/bgPuOleRN7LP5HYID9YGN2Tck8+KuNazdZwZLMrOnOKipKsfISsM8wYm9sJA1G9wsXZmHKz4Je0sBm54vw561nBVze6+2ta/Asq/79VL6bmIaUy5uoTQmlwf7yMczbsrl4KZNrKmwYI6wkT7NRUttDV4cWG3zWDRrA5t+v4b94fs9emo+Kz6V0uv16fN+ry9j754SLK2pJN/QLbiMg1vPwsQnum4reRLm3Al5/xuyP4CJptAIw+89BsvGw6p8uO1Z+LUVYpzw5RzYUgoPJ/XRWb3pNmqxzekGiGl/xigse6DbAYGO9335EXjsV7A/BS5Wg30JfLOfYdGPr4S7fgUvxAGtEDMZfv0oTBhCs0VE5Prmbvxo1ASPFouFqKgoGhsbSUxMJBAIcPr0aWJjYzGZTEyePBm73U55eTn79u1rX5gmEAhgs9mIjIzE4XBgtVppaRncA7MdDgeJiYkcO3asfXRkbW0tJ06c4M477yQYDA6pb8xmMzExMURERJCQkIDdbsdkMo2K/hWRjyez2cyE8eM4WlGt8FGGLCLY+anIMjoc2cJzH9hZ8WAedr+BuccCGAZejw9znDW0mEp39YWsf9vC0pXdAqCAD29TC8TYsPb+h9tudTRDtA1rP3NXfU0eDMtgyuulBq8Hn7n/8gdbTnMgGlvc0Aq6nLZ3FOLF4zcPsu4Brttl6LMP/F48vsG27xINeL/2YUh914uAD2+TgcVmpdca/V48FyF6UP09uPt9KC42hRaVsXcfcOkDt9HL9qvgogewQsxg/gwVAHdTaPGaQR0vIiLDpra2lqSkofyl6so7dLRi1IzCa21tpaioiPPnzzNu3Dh8Ph8NDQ3Mnj2bKVOmcOTIEXw+Hy0tLVRVVbF06VJ8Ph+7d+9un4YdGxtLZmYmFy5c4I9//CP33HMP48eP71JPc3Mzr776KkuWLGH8+PHU1tayefNmEhISuPvuuzl16hS7du0iPT0di8XC4cOHWbhwIePHj29/n91u509/+hOpqanMmTOH4uJizpw5w5IlSzhw4ACVlZW4XC78fj+TJ09m6tSpvT57UkTkShlNX+/7ci183/y40a+Qo1zvQY4Zaz9ziys/KMOa+bmeI89MFqy2wSYrZqy2gRfdsMRd+sIcZquN4chfzFYbl9KKy2l7RyFWBt2lA1y3y9FnH0RZQyuFXyGDDh5hiH3XC5MFa3+XcEjnPrj7fShi4jo9b7EzC32OCr3SYoZyyiawD28XiYiIjIjIyEhycnI4evQoXq+XiIgIMjMz24M7s9mMYRiYzWZuvPFGxo4NPUtk5syZ1NbWEggEiIyMJCIigtjYWG688UZiY2N71BMVFUVOTk77PofDwc0334zZbMZkMpGUlERWVhY+nw+r1Upubi6xsbFd3mcymcjKysJuD/10MGHCBGJjY4mIiGDGjBn4/f4uU8ZFRESuRRr5OBod2cJz5Sk8dlf2EN5UTsHzu6kKgHnCfO67I2NYgj2RAV3S/SoiIiKDdS2M4BiNI2GCwSCGYbQHjp0ZRuhRMp2393f85bbBbDZf0ojFYDBIa2trexgqInK1jcav991dC983P24UPoqIiIiIjGLXwi9R18IvoyIicvmuha/318L3zY+bYX7ynIiIiIiIiIiIiEiIwkcREREREREREREZEQofRUREREREREREZEQofBQREREREREREZERofBRRERERERERERERoTCRxERERERERERERkRkVe7ASIiIiIi8vFknDvG2+/XUe1pBcBii2fmjTnMHqdfU0RERK4XGvkoIiIiIiJXXt0hXv5zTXvwCODzNLL/z+9RWHcV2yUiIiLDSuGjiIiIiIhcYc3s/7AeL2AeO4E77v4kX7w7i5ljTYCPYx8ewzsc1bR4aGwejoL6YbTQ2NgywpWIiIhcuxQ+ioiIiIjIFXaa0xcAYsi8NYOJUUCUk3m3OhkLcKGR48NQy9nX/oHcr73M2csp5MP/YOVDa3i/r3yx+Ofkzvs5719OHSIiItcxhY8iIiIiIiK9amHPxl/yfkYaM6OHu2wPW/8+m2lPF4+SckREREaGwkcREREREbnCJjJxLMBFjuwp5bQf8Nexd08dFwDGxjPtqrYvrKWIN34HX1gyn2HPHmnhQuNoKkdERGRkKHwUEREREZErLJY5sxIZEwHGhTO8+dqf+a/XDnPoQgAiLEyfNR3roMtq4dBzj5I7I5tpM7LJWvQwzxV3miPtq6bg2b9hfm4203Lv52f7Ova1fLiGVfPD77vnSbae6lpy47aX+d2kv+GBW6Lh1DaeuGcO02ZkM23GfO74p22dpnM38v7LP2Tl/NC+v321uqMQo5qt37ufrPD7Vj13mBbqeemxRTyxE3juYabNyObH+wCjnreffjh8LnP4zPe2UWWEy+m1/j7KERERGUUUPoqIiIiIyJXnnMm9i1xMtkW2b7LY4pmz6CbynEMo5/Bv+bunG/nqH0s4fng/O3/7JEtndBqn+M5vean1bn7zyst8Z95hnv3PcGh4fhvf/vzPGf/kTo4fLuI3txTxtz94rVOgWM8br24jeeUiZpo9bP3Z13kp+2mKD5dwvPhlnlk9h/Htx77MS3un8c3fv8a/PzyWrf/j5fZnQB567m/426N3sKG4hOPbvk700w/zi+JE7vnfL/MvtwBf+CXFRUV8MxcaX/8BX3p9Dv++t4Tjh1/mnqNf5xvrq4G+6u+9HBERkdEkcuBDREREREREhp953HRuXzx9GEo6zhtvFrF06nySp2V13bXoe/z71+9mPOC8cxE/fj008vHsn19mU/PDrLszEcyQnjufma3xHdOrT7zJSzuzeOw7WYAntG3/Tt44PId7siYzs0s1j/LUTx7mRoDPLIEXfOHtxbzx78e59Tt3MTMWmJpN3qxcomMhOn480RYgOp74BBtQz9bXtsGdL3BrPMA0br19Mj/eWczZhz/ZZ/09yxERERldFD6KiIiIiMgV5TtfzaHjZ6mu/4gLLQGMtqnFZhOW6BiciXZSp01lWoJl4MKyHuHXPznLE08/yiefjWbmA0/z//5lCcnmAd4XrjM6fNz4O3/An+7s2F2282Xez72fZ6YB2Fj6T2v45pP/wPfve5knEubznV//ksdmDfwkyJZmiDbHhF/l8tgra/o89mIroenTz3XaeNvl1S8iInK1adq1iIiIiIhcEb6zx3jzjT/z+7fLOXCykXPNnYJHACOAr7mZ6pM17Hp7D8+/sY/9Z319lhcSTfr932ND4X7+vOZhol9qm6o8gHDo2GL0ss84zNbfHGbp6s+Q3LZt/Hwe/+VODhe9zFMLTvHjz/8v9rT08t7urYuFFuPiwAcCMZHAo2s4frSk479fhkZtXmr9IiIiV5vCRxERERERGXEfHd3HS3+p4bQXiIphcmoqn7ptLg+t+CRfbP/vVu6/LYP5qfGMjQLD+xEH/lLElqP9LOd85jDvn2oBczTJtyzh1klw1uPp+3gfXATGz1nEjbzAf74cCipbTu3kd9vqQ8cUv8YvTi3hzgVt05hbKCs+TKMBJGSRvygLmhtp7Cf8C4WaWeTdH82e3/yePY2A4eHQy6/xfuf3tbS9SGTOolx4c2foWKDlRDHvnxpk/S1KIkVEZHRS+CgiIiIiIiPsJIVHPsIgkvGZWTx093xuz53C1LFj6Dqx2sKYsRPIzJ3DvXffyh2ZY7AQ4OyRco70UXJj+Zv8+L7wKtBZD/O78V/nmS9k9X6wGXjnMNUtwNSHeebpRbz/vTtCq13f90vKWi8CLezZ8gJ84WGWJrS98Szv//KvmZ8VWhl7/v/Yz/Knv8bS+N7qsBDNfsqqAaK59ZtreDz6BVbNy2Za1iK+tO0s0QZAIjNvySL6d48ybcbdPHcUku99ku+kbAgdOyObrAee5o+l9QPU37McERGR0SQiGAwGr3YjRERERESkd7W1tSQlJV3tZvTr0NEKZs5I7eeIcrZsrOZszDjuuDOHiYMuuY5drx/m+MUxzFkxl9n9HNly3kOL2UJ8/BCfg9jiobEZouNtoec/Nm7jv8/7R8aueYd/WRDd/7FDqea8h5ZoG/Gxgzi20UMLvZzLZdQvIjIcBv56f/VdC983P2604IyIiIiIiFwZF8/x5sY/j0jR0Qk2Lmn5lWgbnTO+xqKdbJr0N/zpll5K63bsSLUvOr6PYy+jfhERkatF4aOIiIiIiEhY/JIfcHgBGlkoIiIyTBQ+ioiIiIjICEtj2Yq0q92IQYsexNRoERERGRwtOCMiIiIiIiIiIiIjQuGjiIiIiIiIiIiIjAiFjyIiIiIiIiIiIjIiFD6KiIiIiIiIiIjIiFD4KCIiIiIiIiIiIiNC4aOIiIiIiIiIiIiMCIWPIiIiIiIiIiIiMiIUPoqIiIiIiIiIiMiIUPgoIiIiIiIiIiIiI0Lho4iIiIiIXBaTyYRhGFe7GSIiMoIMw8BkUowkQ6e7RkRERERELos9fgxnzp5TACkicp0yDIMzZ89hjx9ztZsi16DIq90AERERERG5tk10Ojhd18DRimoCgcDVbo6IiAwzk8mEPX4ME52Oq90UuQYpfBQRERERkcs20enQL6UiIiLSg6Zdi4iIiIiIiIiIyIhQ+CgiIiIiIiIiIiIjQuGjiIiIiIiIiIiIjAiFjyIiIiIiIiIiIjIiFD6KiIiIiIiIiIjIiFD4KCIiIiIiIiIiIiNC4aOIiIiIiIiIiIiMCIWPIiIiIiIiIiIiMiIUPoqIiIiIiIiIiMiIUPgoIiIiIiIiIiIiI0Lho4iIiIiIiIiIiIwIhY8iIiIiIiIiIiIyIhQ+ioiIiIiIiIiIyIhQ+CgiIiIiIiIiIiIjIvJqN0BERORKCgQh2P5vkEAwtD0IBDt9TPh1+8ft24IEgYjw6wgi2l90bAv9r8vrPrZHRITKiAhv79gmIiIiIiJy7VP4KCIi15VAEIxgECPYPWiEQFu6OAw6QslOCWVvBwyptA6hEDKiRyDZ5eP2baHw0qTQUkRERERERhmFjyIics0KAkYAWsNhYyhwHL6A8WoKjcQMdt3Q79EhEYApIqI9iDSFQ0kTEe0fi4iIiIiIXCkKH0VE5JpiBMEfCNIaCI1wvD6ixuETpGPkZ889IaaICEzQPlrSRFtI2bFdRERERERkOCh8FBGRUS8QDhz94VGOcnkCwSAB6GU0ZWhD2+jJiE7BpDkiArNGToqIiIiIyBApfBQRkVGrNQAtgSD+gALHK6lt9GTXcDL0whQOIc0KJEVEREREZBAUPoqIyKhjBMFnBGlR6DjqBIKhFcL9QG+BZJQp9LGIiIiIiAgofBQRkVHmohGkxdCzHK8lnQPJi0aQyIgIIk0KIkVEREREROGjiIiMEv5AkItGeLqvXNNag0FajY4gMiocRGp6toiIiIjIx4/CRxERuaoCwVBI5dMU66uubbXr4eYP0P7cTgWRIiIiIiIfLwofRUTkqmkxgrQYENAk66vKHBFBjDk0QlFERERERGQ4KXwUEZErrjUAFwNBWjXa8aozRURgi9IwRBERERERGRkKH0VE5IoJBKElEFpQRkYHq/lqt0BERERERK5nCh9FROSK8IUXlAloQZlRJTJCox5FRERERGTkKHwUEZER5QsEuyw4IiIiIiIiIh8fCh9FRGTYBYIdoaOhkY6jWmswSJRGP4qIiIiIyAhR+CijVpBQgBEIBgkEQ6+DQFuO0fY6IvyfKSL8cQSYiMAUEdomIldOa3iEoy8Q1PrV1wivgVa5FhERERGREaPwUUaFIKHQojUYxAiAEYTLiy5C7w2FkhGYw0GkOQLMEREKJUWGmaZWX7sCwSAeP8SYIxRCioiIiIjIsFP4KFeNEYTWQJDW8L8jEVkECU357LqwbhBzRASRptBCC5GmUEgpIkOjqdXXDyMYpKk12P7HmrZR5BGE/mgTpb/YiIiIiIjIJVL4KFdUMAj+YBBfIBQ4Xi1GMIhhQEs48ow0RRAZ0RFGikjvAsHQCOW26dWKHK8vbY+5gNCo8bjIUBgpIiIiIiJyqRQ+yhXRNh3TH7jc6dQjozUQpBXri6LIAAAgAElEQVSA0MifyAiINIWmaOsXb/m4a3skQtu/8vEQbUJf/0RERERE5LIpfJQR5Qtc/VGOQxUIBvEFwRcATdGWj6OuoxtH5x8MZORpqrWIXKuCweD/Z+++o+u67jvRf0+7Db2zgF3sRSTVLCkqdizHlm0pLrHlFDuOJ7HjlMnMezOe917eelnJJFkzzps3JWOn2HHsRBk7rnGPY9mWbMmSSImi2CmSYC8g0W45fe/9/jgACBDtArjl3IvvZy0QwLnnnrNxCdzyvb+9fwjDcPx7XddhGEYVRzQ3KSX6+vrQ3d2Npqamag+HiIiopBg+UskpdTN0rId14CZO0dYwYYq2zqpIqg8KgBitauT6jTRG4/0bEdWoIAjwyiuvIAxD6LqOIAiwceNG9PT0QIvpnZsQAseOHUMikWD4SEREdYer21FJ+VIhFyo4QtVlgKEQTR93hEIukMgFCnao4Mtbm9oQxZNU0e+wK6IGI9lAYcSXyIcSbp3+3dLC8D6NiGpVGIY4duwYgiCAZVnI5XLYv38/XNet9tBm5fs+hBDVHgYREVHJsfKRSkIowBUKQQ1Nry6FsU7aY1O0xzrFsjKS4kCom7+jYrSicWn9hdJiBELBNHknRkS1ybIsbNu2DV1dXbh8+TK++c1vIp/Po7+/HxcvXoRt2+jp6cGWLVtgWRauX7+Ovr4+aJoGy7KwdetWSClx8uRJ+L6PIAiwZcsWZLNZJBIJrFy5ElevXkVfXx927dqFVCqFEydOYNmyZWhsbMSJEydg2zY0TcPmzZvR0tKCGzduIJfLQdM09Pf3Y8eOHchms3jttdegaRqGh4erfbMRERGVBSsfadFcoZAP5JILHqcjlZpUGTniR9VlrlAIefNQmSgVNYXxRFSJmwsUhn2JXCBhhwqeUAgZPNI8eTL63SEiqmVKKQRBAF3XoWkaXNeFUgpCCBw/fhxXr15FGIY4ePAgBgcHAUTrLwLAuXPncOrUKSilxj8GBwdx7NgxCCHQ19eHgwcPYmhoCJ7n4dChQ7BtG6dPn8a5c+eglMLAwAAOHjyIIAhQKBTw/PPP4+LFiwiCAPl8Hi+99BIKhQKklJPWqSQiIqonrHykBVuq1Y7zoRCtoRcAgIjWjDRG14w0tKibNns6ULGkij6EUqOfow/GirQY1ixV2grR/TwA6BpgaRrXgiSiGV3pH8BwNj8e3lXK9k3rpmwLggDPPvssMpkMPM/DunXr0NjYiGQyiYaGBniehxdffBGDg4NYvnw5HMdBIpHAihUr0NnZiWQyCd/3Yds22tvbsWzZMjQ0NMBxHJw+fRqu6yKXy2H16tUYGhpCIpEAADQ0NOD555/Hxo0bsWvXLly6dAlPPfUUbr/9dqTTaQwNDeGOO+7AunXrcPHiRQwODuLxxx9HMpnE1atXp/35zl68goId7ynjRFT/dF1Ha3Mjlnd3VHsoVIMYPtKCRNV9UaUfFU8h6vwdTtiiIQohDQ0wdIxP3ebr+6VLTpguPRYySlYuUhk0WzrfACGikrjSPwApJTat641FZ+mxjtdSSnR2dmLLli0wDANHjx6FlBLNzc0wTRNKKZimiV27duHkyZM4dOgQWltbsXv3bqxZswY3btxAX18fTp8+jb1796K5uRlCCAwODiIMQ6xduxbXr1+HrutoaWkZX2OypaUFmqahoaEBSin4vg9N05BIJNDW1ja+X0NDA9LpNADANKd/aba2d3klbzoiomkJIXD1+iCu9A8wgKR547RrmrexRhUMHktDIeoy7Mloymw+kBjxJbLBzSnbgYwq3ai+iNHO8GN/U2PTpbOBHP+/j5oZMXik0ms0GTwSUekMZ/NY1tUei+ARiNZ8vP/++/HII4/g3nvvRVtbGxzHwaFDh9DS0oLVq1ePh34A0Nvbi7vvvhvd3d04dOgQRkZG0NjYiPvuuw8bNmzA1atXcfbsWWQyGTQ0NODChQuwLAs9PT3I5XK4ePEili1bNt6tOpfLQSkFx3Gg6/p4ZeREyWQSjuMgCAIIIcY/ExHFkWEYWNbVjuFsvtpDoRrEykeal7HOzlR+cnRqbTC+JaqS1Eenauta9O5B9HW0jTlCPChE6zBKRJUXUkXbxj6PVTISVUtC12Dy7UciKiEpZWyCRwDQNA2maU4ak67rSKVSOH/+PEZGRgAAuVwOnufhxIkT8H0fnuehqakJlmXh/PnzuH79OgzDGA8dTdNET08PDhw4gDvuuANNTU2QUuLy5cvYuXMnLMvC5s2bcfbsWTiOg8HBQaxZswaZTAa+708aY3d3NwzDwHPPPYfGxkbouj4+LiKiODIMo+JLa1B9YPhIRSuEXN+x2qLgKpqOO/USQMOEYHL0w0C0RpsOcK22RZouVJSTto0FjPw7oXhjxSMR1TPLsrBz505kMplJ2zOZDPbu3Yv+/n5omoYtW7ZAKQVN02AYBoQQMAwDe/fuRUtLCwqFwvj07fXr12Pt2rXQNA3r169HoVDA2rVrYZomtm7diqGhIbS1tUHTNGzYsAFhGMJ1XbS2tmLz5s2wLGv8/GPjam5uxp49e3DlypXxqd/JZLIaNxkREVFZaUqx/IbmxuCxdikpIUe7OuqjT64NXYeha6OVlJjweTSo1KLrTZz+YxgGLMuCrtd+udRYiDj2G61GA8OJ2ycHjVxzkepLQteQMZlAEtWKa9euoaenp9rDmNWRk33TNn6Jm7FO14ZhQLvlXdmJz3nGSCkhhIBpmlP2X+h5FrIfEVFc1ML9fS08bi41rHykOeWCaM05qi2B7yMIfET/dQpRxHjzs64bURBpGICmQdf1qJpPCoRBCCEENETTljQoaBCA5iFpJZBIJKCPlk5F+4wGl6MbJj51vvVp9MTn1RMvm/QbpiZ/P+Xr8YAwuuTWwBDAlCAx2q80AeJYoDsfuq5B02o/uKX6INTNewMioqVkbDr2dKabNq7r+oLeeJ3tPAvZj4iIqJbxkY5mNeJLVnvVGCklXMeGnFKpqiZ9FkLMuah5FPRNvl4gPGiej2QyCdOypjl+bYqCVzkaLEpAjVZAjFaBTr09588wDCSSyVitiUVLk1AK+QBosuovfhQKMOrvxyIiIiIiqlkMH2lGDB5rz1jwOLZ+EaBw4uhpDFwfxI3rQwCAVWtXYNWaFejs6sDkwFCb9P2Jo6fx7NP7cOHsZdy4Pog9d+3A/Q/dhc3bNgBQ8DwPQRggmUzV9FRsIQQ810W0AsXMt8fY7TnT5cV8L6WA69jQdQOmZcE0DGg1fNtRbRsLIC0dMOpgqp+Egi8AUwcMpo9ERERERLHB8JGmlQ24vl2tUVLCsW1AKRQKDp767o/xL99+BnbBmXb/TEMam7dtwKo1K7F5+4bxqOzi2cv4ydP7cOHspUn7P/ujfXj2R/uw564deO/7H0dXdztEKGCHBViJaCp2raxVFK3fFCIIAkgRdWvTtKjIc3xyuqYwcWa1pim4ArBDICeAQCmEEtGHAgTU+NehjPZvMoEmE2gwgSZTocGIji+EgJQCnoqmc5mWCcuqnduP6keoFEIB1Hrl8kRKakixuJiIiIiIKDYYPtIUuUDNez07qr4gDAEoPPv0fnz+c1+bMXQcYxccHNh3GAf2HQa+VPx5Duw7jBNHT+ORRx/EY+9+EwANYeBDhAESyVQs1i0am0ItpYimT49+BkanVquba1+OVTQGUkO/p9DvAQO+Qj7UkBcKhRDIh0BBAIFc3LiWpYA9LRp2twIZQxsNOBUC30cYBLASCVhWYtE/P9FSJpSCUBqnXhPVhBAjZ4/hmSODGPSjLUYigzXbN+K+ta3g+whERET1ofopAcVKns1latJYgHW+71JRweNi2QUH//TFf8azP9qHD/7mE9i8bQOUUnAdp2pVkEpK+EEAEYaQspiUMPo93zeksG9Yod9TmLysY+n/Dq66wHdchWcHgY0NCr1pDavSCt3J6P/Qcz2EYVjzU9mJqi2QilOviWIvi9deOILnLvuTtgrfxpkDB3Hl2gY8ek8vGqs0OiIiIiodho80rhAqhAwea5IIQ9y4PoCP/9Enyx48TnTj+iA+/oefwJ67duCJDzyOzq52hIEPKQSSqcoEaEophGGAwPdHKxond9S+1UgAXHCA87bCWRu44pZ9iFNkA+ClYeCl4Wi8m5uAu1o1bG4CpBBw7AKsRBKJBKsgiRYikODUa6KYc069hhcu+wBMdG3ZgNdvWoY0bFw8eQw/Pp6Hc7kPz5xqx6O3Zao9VCIiIlokho8EAHCEQlCCbr5UHWEYzrq+Y7mNTcV+7N0/hze+5QEIIeDYNhKJBKwSB2hjU6qFEJBCIAxDADfXbHQEMOADgwEw4ClkwyhwHPvsLXLqdDmcyAEncgpbm4A3dGnoSQKB7yEcbejD7thE8yOUQig1mCwgJoqpYbx6Jg8BoGXjTjy6tXl0ewa9W+/A28UL+PJrLq6fOYfB27aivZpDJSIiokVj+EjwhIInGDzWslw2h+ee3l/VMdgFB5//7NdwYN9h/Pb//qvINGTg+x6EFEgmUwuahi2EGA8Zo+9DTGgJg4lrNl52Newbktg/VMIfqsKO5aKKzJ/t1nBXmwYlZTSV3bJg1VBDH6I4CJSCCf7NEMXTAAYKAJDB+vHg8abGre1of+0yBgs2LgIMH4mIiGocawKWuEBGVY9Uu3zfw09+tK9qVY+3OnH0FD72O3+M40dOQSkgDEI4dqHIdRhvGque9L1oHcQwDKFUVPk48fOpvMKXLil88kxtB49jCgL4+hWFL12SGPSjn9P3fTi2DTEawhLR3MIYVjkT0a10TNtVxtDZbIaIiKiOsPJxCZOKwWOtU0ohCAK8sv9wtYcyiV1w8PE//AQeefRBPPGBx6GUgmMXkEgmi+7mLISIapZGC5cCGa2VmBXAZQe47CpcdoAb/mxHqV0HR4BztsLDXRruaAWUknBtG4ZlIplIQmNDGqJZses1EREREVE8MHxcwlyhINlgpmZJKeG6Dgo5GyeOnq72cKb1L99+BsePnsavfeS9WLV2ZdTNOQhgJZIwzdnvfkzTxD9fdHGyEIWOubBCg46R4QD42mWF03ngoU4N3cmokjQMQliWhUQyyanYRLMQSsHg3whRbORPH8C3D2XhjD/9zOPAV5/GgZmvEV2umejduRM/u2HqFG0iIiKKP5bOLFGeUPDZYKYmhUEA17Hh2AUoKfH97zxT7SHN6sLZS/j4H30Szz29D5oWhaae68AuzD4V++VBgR/eAC45SzN4nOhQFvibcwrPDwESUXOdMAzgOs54h28imorF/URxch7PHZkYPM6DCnHxyGkcL/mYiIiIqBJY+bgECRVVPVJt8X0Pge9jYtZ04/ogvv+dH1dvUEWyCw7+5pOfx4H9h/HBjzyBTEMaSkk4dgHpTAP0aaYQD8SxLXUV2QL49lWFfUPA7c0a7u8ADCXg2AWk0mnoOlfHIrqVkJh+PTkiqoIAoQCARux5xx3YVfT1TuPbX72I60KiTldaISIiqnusfFyCXKHA6LF2KCnh2PZ48Khp0cdPn9mHP/wP/yU2jWaKcWDfYfyH3/1jfOPL34NjO1AK8D132n3XNPDuaTrXPeD71xWevKAwFGB0PU1n3g19iJYCwcpgoiXFu3oGp87l4N3an82+gVNnLiJr33qFHC6cOYPrWW/yduEhe+4MTl2deqxYnoOIiCjm+Op+iXGFQsDp1jVDKQXXdSCEgFJRpePnP/tP+Nhv/zE+/YnP11TwOMYuOPinL/4zPvY7f4wD+w4jDKOu1o5jwy7kkc/lkM/l0Gu4eH1ntUcbX6cKwJMXFM4WxgJIG2EQVHtYRLGiwKnXREvG8x/H1gffhjc9cg92//krN7eLF/Anux/Em978Juy+77/h5fELLuIff/0ePPTmt+GeO/81vn795lUufPkj2P3I2/CmB+/Bb37jRszPQUREFH+cdr2ECBWt9Ui1w/c8SCnh2KPTlvfFq6v1YtgFB5/5i8+js/s3sXrtyvHtE3tDvKFbQ2sC+Opl/t5Op98Dnryo8NhyDTubFbzRKlLTsqo8MqL4YNMZovjLn3wJ3ziahw8Ty7ftxJs2zb+xTHboZrLnTSwyLGTRP/a1PXHidg7XL9z8zp1QZZgdunTzm0nb43gOIiKi+DP+4A/+4A+qPQiqDFcoVoDUkLGqxxNHz+BP/u//jgtnL1d7SCUXBCGOHDyBN77lQQCAJkKYBQe6H8DK20hks1hnD2ODLGCfbKzyaG9SQkCKEEoEUCIEpISSAkpKQAM0rXJF5aECjmSBpK5hVVohDAU0TYNhcKE7IgDQocHSGT5SbSsUCmhsjM/j4HSuDwyju6Ntlj2G8NrxLGwksHzrCvSMbz+PHz3bjxEJABL5QRupzcvROef1Jkt2dqFdeEiuvR+//u63YXv3aI1FshvdHQKu1YsHfv29eHxb12j1RTPae5oB0YDb3/1ePH7/GrSMPny3tC9DixTI7HwXfunx+7G2Oc7nICKqrLnv76uvFh43lxpNsVXqkhBIhULI/+paEoYhXjt2Ch//o0/W5PTq+fjDJ96I29etnnWf78tGfDk1+z7lpJSC8BwoIaBbCRiJ5Bz7S0ApaBVsBPMzHcDP9WhQCrAsC8lUqmLnJoorU9PQaDF8pNp27do19PTMFLvFw5GTfdi+ad0se4w2jpnScOY8vvf1PlwZq/4zmnHPY3uwZc7rERFRNcx9f199tfC4udRwzcclYsqC1RR7Ugp8/nP/VPfBIwC8+NoFyDneB3mjnsdup3/WfcpBKYXAySN08tANE1ZD05zBIxBVP44HjxV6j+cnA8BXLkXnCoIAnjt9Mx+ipYStmIjibjXu29KIhAZAM7F8y4YJwSMRERHVA1brLwGeUAhZ4FpzbvQP4sTR09UeRkWcvHwDYRgiMcdahT+jhvEKuis0KkD4HoTnwkgmYSQWUUVYwfXmDowABaHwK6s1BKMNaBLJJDSueUdLVPTGBn//ieKscdMdeN+mao+CiIiIyoWVj3VOKsBj2UdNeumFV6s9hIpx/BChnLs8d7sZYrM3UPbxKKUQFHIQgQersWlxwWMVnMwDf9Gn4EmFIAjg2Da4wgYtZZK//kREREREVcPwsc75Us05nZXiyXW8uXeqExcGRiBEcSn5neFwWcciRQhvZAi6aSHR0FzR5jGldMkBPnEGGA4BKSVcx2EASUsWw0ciIiIiourhtOs6JlXU4Zpqk5RLqWS1+N/Te7QCfhjkcNlqKvkopAgR5EdgZRqLWtcx7oYC4M9PK/zaGg0rUgKObSOdyXAKNi05Epx6TVR9FkwDgMjjwFefxoH5Xt3QkSjDqIiIiKj8arOkh4ris9SjprV3tlZ7CIsipUAY+ghFEHV+nsWKtuKDRMs0sdrPLnZ4U0gRIihkYWWKayhTKnPdNovly2gK9ulCFGjbhcISC7aJWPlIFA+rcd/2ZqQX8j6AZqJ3OxvREBER1SpWPtYpVj3Wvp27t0FKAX2sY3INESKEqSvceVsvbmTzuDAwAj/wYZrTNz5JW/P7GdcrG8+XarAYCx5zsDJN0M3Zm96UWqWmdX/2vMK7VwK7mgHHLiCdydTk7xbRQjB8JIqHxg178J4N1R4FERERVRrDxzrlCgWTUytrWu/KHnR0tmFosPRVfuWklMK6rmb83mMPYXl7G0zdwIht44vPHsDXXzwMw7RgGtaE/SXWL2tHco5O1xNth13SMQeFHMxUuuLBY6V96RLgCeDedg2B4yKdSTOApCWB4SMRERERUfUwfKxTGZPBYz14/OffgL/9m6+iltYqa06Z+L3HHsK6ZcugjwbgXS0t+OijD+OB7bfhr777LE5dvQFdN6AAJAwNb9m7BYl5hI9NuoZeP4uLieZFjzf0HCgla66j9UJ946pCoIC3LNMA30E6k4FhMICk0hjL+Cb2NlITP6uJ29Sk1V6Vmrz//I+HaY4XnYNvxhERERERVQ/DR6IYe/StD+NvPvXlmqpOe+sdm7Gyo2M8eJxo55pe/LffeA+eO3oKT716AkopvPPeXVjd1TWvc1imidv8odKEj64NM5le9HFqyXevKQRK4rHlOmzbRiqVgjWP8Jeqo1zBHtRs4d1sYaCacjkREREREdGtGD4SxVhzcyPued0u7HvxSLWHUhQpBW5fuxKpxMz9KHVNw89s34j7tt2GMAxhGDqMBYSrK6W7mKECAJQUkEEAo6lt0ceqNU/1KwRS4p0rNDiOAwBLOoCcLdgb/1pNjtvmDAMnXWe24003BgZ7RERERERUHxg+EsXcjp2baiZ8XNnRjN7O9qL21TVtXlOtb7UG3oKvO0YGAYxkCppemaYvcfPMDYVAAk+s0uG6UZhbjgByfkFc6YK9aa+DaF3SW7cRERERERFReTB8JIq5Bx68E5/59FdQC+s+rulsg2lWZop4ly6RliEcfeF3YyLwYFgzV2kuBT8dVHClwBO9Oty8jWQqBSuRmLkqb8I3s62zd+t2IiIiIiIiWpoYPhLF3IoVPZBS1sS6j53NDbCMytytGLqOZUEefcnWBR8jqnxcWus9TufAMOBJiSdWavAdF2YgkEwtjQY8REREREREVF5Lc64hUY3ZuXNztYdQtEp1TrZME8vC/IKvr6SEFCF0dnoGABzNAn93QUEphSDw4bmLX1OTiIiWDl3XIYSo9jCIiKiMhBDQl+iSVbQ4/K0hqgFSymoPoSgnL99AGIYVO1+XXPi6j1JE49RqoKK0Ul7LA585B0ilIQgCBpBERFS01uZGXL0+yACSiKhOCSFw9fogWpsbqz0UqkGcdk20APNrhqGmXn7LmnkTt0+3zl7X8i4cO3ZmscMuu4sDWWQdB50V6prcsYjwEVIu2UYzs+mzgU+dU3j/Kg2ADwCcgk1ERHNa3t2BK/0DONl3sWbeNCUiouLpuo7W5kYs7+6o9lCoBjF8pNhZTGdc4GYgOG2zjGnCwqnHnO461W2g0d7ZVqUzz4/tB/j8T17Bbz/6YEXO16MtvLpCKQloDB+nc9EBPn1O4ZdXaWhBACklUuk0NC3+TY+IiKh6lnd38EUpERERTcHwcYkpNti7+UkVHewVf8zpu+OyM+7MVA3dOP9y8BR2rFqGh3duKvu5OuFDw8JCYaUUw7RZXPOAvz2v8Iu9QFcyhGPbSGcyvM2IiIiIiIhoXhg+1oF8MM203rGvY1C1R3ETNRSRcrRqUNOg6wZMwypZsPSX33sBG5d3YWWZKzYtw0Rb6GDQnH/Hak3To+pHmtGAD3z2PPC+VRpWpiQDSCIiIiIiIpo3ho81zpcKYS2VxVHVCSHwlr2bcedtq9CSyaB/OIcfHX4Nz588B8tKQi+qAYuClGrGTme2H+DLz7+K333bQ6Ud/C00TUObcBcUPuqmBSUEFNd+nFU2BD53XuGJXg3rMgJhGMKq0JqeREREREREVPsYPtY4jw0Fl4RSFprds7EXv/LwXWhtbAIAbFsNPLxrCw6du4g//dL3MOIEMI2Zw6Uw9CHEzY7WmqbDMEwYxuS7k/PXh+AHARLzDKqkUgjDsKjrWWZU+QjMv8JSN01oug4Z+jASbKgyG0cAf39e4T29GrbqPsNHIiIiIiIiKhrDxxonWPW4JJRymuudt61Gc0PjlO071/Tik7/5BP7ki9/Fq2evwjSt0crG6NxSCoRhgJ1revBLD96B1V3tOHd9CK/0XcI/HziG4YIDw7CgaToABT/wEIjiQsSJPN+HMY9KxLbQndfxJ9JNCzIMYSQWfIglI1DAkxcUPrJOYF0iYABJtYUrBRARERERVQ3DxxrmSwaPNH+OH0CfIcxsyWTwnz7wTnzlpy/ji88ewFDeGb8slbDw8/fuwjvv3YWWxibomoa2pmbsXr8Gv/L6e/DV51/Bd146iksDI2hrTOOJB/YgYc4/oArCEEai+DSwU/nzPscYM5WGn8/BTGdGQ1Oay/4hoDfjMXykmsK/biIiIiKi6mH4WMN8TrleOkpY+Xh1KDvnPu+8dy/edudOnOsfwMWBIUgpsXtdL9KpJDLJqVOUDd3Au++7A+943W64vo8gDJFKJGGZ87+L8cMAqXmEj80qnHunGRiJFHTDhnAdmOmGBR9nKdk/DNzZJln9SDWFPZKIiIiIiKqH4WMNY6OZpSOTKc2ahGHoY+Oy9qL2TVgWNq5cho0rlxV9fEM30JCaf/OXMUopBGEIcx6hZQaLS+GNVBqhU2D4OA/7h4CVaQ+mabLzNdUEVj4SEREREVUPn4/XKE65XlpWr+td1PWVUggCF3dtWIm9G1aXaFSl53geEqY147Tw6TRri/tbMJNp6KaFwM4v6jhLyf5h4JIj4boOFN8EoRrAjJyIiIiIqHoYPtaoQFZ7BFRJt+/dASkXXuFnQOBdr9uF33nrg2hrbi7hyErL9T2kknNPuRZSwA8COJ4HK3Dm3H8uicYWAIBfmHtKOkX2DwEiDOE6i7/9icpNY8cZIiIiIqKq4bTrGhVWofLR0jVYOpDQa/tFnFJR5agnAVlDVVubtq7HqRPn5n09IUJ87F0P4/Z1qxY1JbrchBDwwxCtTVE4GgWMIUIhIKTAjXQzhswkBhMNGNaTGDaSGIaFYaFjkTOvAQBWphGha8PPj4yHkTSz/cPAhgZge3MIIQQMw6j2kIhmVOMPW0RERERENY3hYw3ypUKlIzNL19Bg1serN00DkoaGpAE4IeDVyBT2B3/2Ppw8dga6Pr+QZ/f6FdixemWsg0cAyDlO1GimtQVBJo2v5ZMY1BMYViaGhY7hYHRHhShsLEPDJTOVgfA9+IUczGQK+gK6dS8lX7gE/KKuYbvhIZ3JVHs4RDOqj0cvIiIiIqLaxGnXNSis8JRrQ6uf4PFWSaN2fq43vfX1aG1vBuYZPa/pbJtX9+hqEJYF83V3IvnmR+Dt3AZndS+uJBrxipPAWXdC8FgBRiKJRKYRwnO5DmQRnh9UCMOo+pEorl/yGH4AACAASURBVFj5SERERERUPQwfa1Cl13usoXxu3nQN82puUm0f+I0nEITzT+ISVrwr+MTG9TBaW8e/dwKBS9VcSlDTYDU0QTct+PkRCN+r4mDi7UwBeHkECIMKJsRE81A79/BERERERPWJ4WONCaRCpSdd13vFSC39ePc/dA/e8Z5HEYQ+iq2AlDLe3YlETzdEe9ukbZcLIbJhlQY0gZFIItHYDBkG8PNZqJjfltXy/CBQ8PzY/67R0lRLbzAREREREdUjho81ptJTrgFA1MaSiAtWS01nAOCXP/QevOmtD8H3PSg1+y+EUgor2poqNLL5U6YJf8PayduUwmUnTv8nGqxMI8xkCoGdQ+jGuLtzlX6Xr3nA84MagsCvyvmJZsPokYiIiIiouhg+1pigCtlCIBW8Ok0ggyo07ymFD//uB/G//f5vwTA1BIELIaaWCUopYBgS63raqzDC4vjbNgP65LshKSXOFOL3v6JbCSQaW6BpGoJCFsJzqz2kqTQNwvcQOoWKn3r/sELeDaBqLMyn+sfCRyIiIiKi6mL4WEOEql6VniMUghrpCl0sVygUwtr9me5/6B781ZP/H375Q+9BS1sjPM9GELgIAhee78C0dPy7/+f3sH7rpmoPdVr+lo2QzVOrMkUY4oxdhQEVyUimYDU0QymFoJCLXQhpJJJQSsEZvAZZwUrE4QA4lFUQYQzmyxNNwCc6RERERETVpSmWqdQMTyg4Va5A1DVtygu5a67EyowOS9dqpjmNGv1H4ebKiVIpBBLwazRkPXWyD4cOHEEhb2Pnnm24fe+O6AIpkTpwCJoTn+nC/sYNED1d017WN1jA/zhVO52TZeDDt/NItcSrwtTLDkH4HgwrgWRzW0XKv9ZmgA+t1dHQ2Fj2cxEVK2VoSNXKgxPRDK5du4aenp5qD4OIiKgm8HEzfsxqD4CKF4eZz1IpTFxlMGVo2NBkVG08C6WN/jPx5aihabB0IKk05CrdUrwEbtu0DrdtWjf1Al2Hu3cXEsdfgzEwWPmB3cLfshGis2PGy8/ka++2jyMr0wQZBhCBD3vgGqx0A6yG8q7/edYGTuUVdqQFDKP27heoPjF3JCIiIiKqLs5GqiFxCB8n0jUNiTpshW1oQINZZ38amgZ/6yaEvSuqNgSVSsG7fceswaMQIc7FcL3Huei6ARkG1R7GJLppwsrcDBsDp4DQK3/166sjCr7vlf08RMUyuOgjEREREVFV1VnCUr+kAkTMZsibGlCH2SMAwNKjcLXeBGtXw9+6CSphVfS84bIeuHtvh2yafTpuGIQ4G5/Z4UXRrQQSTS2QIoRv5yq6zuJczFQaRiI1/r2fGyn7OQ9lget2CClZwUrVp6F+H6eIiIiIiGoFw8caEcYseATq/wVdvf5xiI52uHfuQbiy/FWQKpGAv30LgtvWFfULc80Oka/RfiVmMo1EpikKIGNUBWmlM5O+D+x8Wc8XKuDVESAM4nMb0NLFqkciIiIiouqr13yl7sRtyjUQVWPWs7qu29J1BOtWw71zN8IVy0rejEQ2ZOBvvg3u3Xsh2lqLvt5Zu3Z/qdRopV+ioRl+bhiIyRsGupWAmUqPfx+Fj+Ud26EcEMQogKWli+s9EhERERFVHxvO1IgwhklYIKMAsh4rIAOpIGMSHpWTSqUQrF+LYM0qmNcHYFzrh55bWGWcsiyIrk6Iro45p1fP5IJnAKix0kelEHoudMOApiegmxbMdAPckUGkWmde37KSzFQDQs8dD0T9fBaJxpYp+4WuDTOVmbJ9vq57wCtDEncnAlhWZaf4E01Uj49PRERERES1huFjDYjjeo8AoKDgCCBjaKUunKsqTyg4cSw1LSfDQLisG+GybkBIGNkstHwBum1Dc73oY3QarTIMqGQCKpmESqcgGzKQTU1QmfQcJ5nbsF9bt7sSAr6dgzc8gOZVG8a3m6kMlJRwhwdiEUDqpgkrlUHgFAAAoevASjdCm9CROijkoJlzPyQUG1AeygJ72xk+UnUZTB+JiIiIiKqO4WMNqHYOFi3Yr2G6l3BKAWfyAiszOixdi/0UNzX6j5r4/ehnpRQCCfj1Pp98LoYeTZWex3TpUlmeMXA6Jyp+3oWQgY/+Qy+ga8fdSE4IHsdYmaj60x0ZRKqlvdLDm8JMR9WPSka3r58fQXJ0XML3EDgFpNu7Zz2GnxtGoqm434uTeeBcPsSmlISuc4UPqo64PyYRERERES0FDB9rQDWbzSQNDSl99srGRsuY+cKY0QC4UsGtdqJL03rnmhSGPIkjw/Geei18F6HroPv2e6EbM9+NWplGwM7Dyw4h0dQKrYolwpquw0xnEBRyAAAR+JCBD91KQAY+jEQS2iwhoZcbgplqmNc5j+aAdS0+ksnU3DsTldhMb5oREREREVFlMXysAaJK6z2amoZ0HZaNpEZ/JgaQ8fShTRn83WkHBwbi2bAkdG0oKZFsbitqfyvTCOG7CPIjMJJpGIlkmUc4y1hSGQjPgQyjcNfPjyDV1gVoGoxZAkI/PwJN02FYiXmd73AWeL0bMHykqqjDhy+imqNiuGwQERHNTzULKKh+cC5czClUr/IxZdbvnYzJdcBi7Vc2pLG3I35rBQZ2DppujE+pLpaRSMFqaI5CSHthDX1KQtMmVS9KISA8F2YqPWOw6BeyEIGPREPzvE83HACHcwpBEM8gmeobw0eiylJKMWwkIqpzvK+nhWLlY8xVq+oRqO8XbvX8s9WLd61NoS8vMOTFo9W7nxuB1dAITV/YMgOariPR2ALhufDzIzCs5KzVhuViptIQngMR+AAALz+MTMeyafcN7DxCx0aypQ0L7Sp1JAvc2e6z8QxVHO/niSpHKQVN08ZflN76wpQvVImIas9YxePYffjY92P396yIpPlg+Bhz1VzvUakF5w2xx+fA8Zc2NLxvXQqfOG5XdRxKSgjfRaKppSTHM5IpGMkU/NwwpAjnXUVZCmY6Mx4+QgGhU4CZnryeY+jaCOw8Eo3NMKyFTxU/mQfO5wU2svEMVZhRrw9gRDEz9qJUSonjV/L49DMX8GLfCLwgHm8eEhHR4iUtHXeva8GHHlyFLcsbGUDSvPGVYMyFVXzeFtRx1+dqhrpUvNuaTdzVWdqKucSFPiQu9MHqv1LU/kpKmKlMSccAAImmVsjQR+AUSn7suRiJ1KSqS7+QG++CDUQNdfx8FlZDU0l+9sNZIPD9RR+HqFgaAK6uQVR+Y8GjUgrHL+fx4c8exo9PDjF4JCKqM14g8eOTQ/jwZw/j+OX8pPt/omKw8jHmqvnUzREKyTqdt+aKufeheNjRZmHfjYWtGah7LpKnjiL52jGkTh2dcrlMpuCvWg9v41Z4t22DnGYatG6W727SyjTByw5BN615N3NZ9LlTGQjPHf8+dAqwRtd1FL6HZFNryaaFH8kBP+sHSKbYeIYqQ+e78ERlN1bxIqWEUgp//fR5ho5ERHXOCyT++unz+LMntgIAdF1nBSQVheFjzMkqv5Mw7EukDA2WrtX8+llCRdWc7HJdW3a2mdjQZOB0rvjE2BgZQuNPf4D04Zdn3U/3XKROHUXq1FHI5Ldg33E/7DvumzaELAfdtGBlGhEUctBb2iv6oK1bCZipDEI3mtYeODaMRAq6lUCisTRTzMcMB8ChEYXXpQOu/UgVYXJeB1FFjK3vKITA/rPZag+HiIgqYP/ZLIQQMAyDlY9UNIaPMRaXWc+uYGBH1fVrmzL4s8OFOZvP6J6Lph9+a87QcabrNj73FDIvPYvcG94KZ/vehQ53XsxUBqHnQLgOzHTpp3fPeu50dO6xRVAD10ayTBWYR3LAnR0MH6kyTL77TlR2E6sehRDwqrlWEBERVYwXSgghxqseua47FYO/JTHGvI8okjY0/NrGNFKzlN+mj7yMzr/6+IKCx4l0z0XLd76M9i98quh1IedDBj7c4RuQIhzfZlhJiMAr+bnmohsmrAmBp/DcSVOxS+lkHjiXDyAlX5xS+bHykai8Jla6KKV4305EtMSMvfk0hhWQNBc+PY+xak+5JoqTlRkDv7YxPWW77rlo/8Kn0PKdL0MvYXCWuNCHjs/9ORqf+0HJjhu6DtyRQeimBd24WXhuJJIQvgclKr8YqZlqgKYb498Hbvka4BzNahBhOPeORItgahpY90hUfhObDTB8JCJaWiaGjwweqRgMH2OMT+OIJltheni48+b3jc/9AJ1/9XEkLvSV7ZyNzz2FjhJUQYaODT8/AiORnLKmYhRGGhBh5TtCa7o+qfpRBgHCMnXgPpwDPJZ0U5mx6pGossbWfSQioqWD9/00X3yKHmNxWfORKA58z4MUAvc3uOjd9wN0/48/QuNzT5W02nEmRv8V9HzxU9hy7LkFXT90bfh2FlamEcnmtmn30RNJyKDy4SMAmOkG6ObNtRgD14aSpa/CHA6Ao1m+rULlxfUeiSqHVS9EREsT7/9pvthwJsZYIER0UxAEOPPyUfzwM19GaLsVf+ckdFwMf+tb2HauD8df/66iO2KHngMASLf3zNrN2ko3wMsOQXgujAp1257ITGXg50cAAEoIhI4Nq6Gp5OcZDkp+SKJxuqax8pGIiIiIKGb4FD3GuOYjUUQKgevnLuG7//NJeHb5Kx1nM3j4KHq/9CkYI0NF7W8m0zBTmVmDRwDQdAOp1k4EbgGha5diqPNiptIwJnS6DpwClCj9+oytCT7sUPnM0pOKiIiIiIiqhK8CY4q5I9FNSins+6enqj2Mcf6VK+j+uz8vOoAslgwDpFo6IDwXgZ0v6bGLYaYbJn0v/NJ34G5JGnPvRLRADB+JiIiIiOKH4WNMVb7nLVF8CSFw+WT5msoshHJd9H7zyZKtOekXsgjsPJQUSDS1Qvju+JTtSjESyUlrP5YjfOxI8mGHysfUmT4SEREREcUNXwXGFKdcE93Uf+5y1adbT8e7cgXbjj2LxeQdMgxg37gKTdOQaGyGphtRB+pME4JCHkpU9q0IM5ke/1oEfkkbz6xt1NGZ4sMOlYehaTCZPRIRERERxQ5fBcYUm80Q3eTmKz8FuVi5557Dry4PsKVl/v27QtdG4BSQau2AlWmCpt+ckmwkkjCTqYpPvzaSKWDC+pQlq34UIR7o5EMOlQ+nXBMRERERxRNfCcaUZPhIBCBa7/Fa38VqD2NGnu3CO3IEv7E5g8dXF9mlWil42UFohoFkU+ukqc4TmakMhO9CBn4JRzw7TdcnT70uwbRy7+I5XPn0f0fu8IFFH4toJuxyTUREREQUT3yqHlOsfCSKBL6P3MBwtYcxq4vHTgMAHlqWwEe3Nsy6rwx8iMBHsrkdhpWcdV/NMGAkUgj9yk45nxg+ygVOu/avXUZu/7Pof/KvcfkT/wneudM4dOB4qYZINImGaNo1ERFRXNy5rhVv2NqJTILN9oiI5j9PkCpCB6DzhRQtcVJKCN+LXbOZW+UHhmCO/r1uaTbxkc0N+IsThWn31a3EvI5tpjNwhweQyDRNmg5dTrox4aGhyPVn/SsX4Z3vg3uhD96FPgTXr908nm7ANBO4cPYSNCFgmHzoodLjtGsiIirW7z+2EW/f04Njl/P46GcPwfZLu8b2o7u68e/fugHphIGvvXQVf/rNUyU9PhFRreErwBhSAKBFlRwaorxh8tfaNNuI6k8+72Dg1FncOH+l2kOZ1cCFK2i0bv4V3tVp4uyIhu9eXXwJ81gVoggDGPMMLhdKM26+Q2+mMtPu41+5CPfsKXgXzkZh48D1KfvougHDsKDrUZH92TMX0WBpMNkVhIiIiKpMA9DVlMC2lU3Y31faWTa2L1DwBJQChu2gpMcmIqpFDB/jSAHhrIs+znzZpGCSASbVMMdxIITA95/8ZrWHMif3lk7cQghsmD6zqwnCdca/Hut+7V+5CPfMyaiy8XwfwuHBSdfRNA2apkPXdWiaMR443iqbzaO9vbV8gyciIiIqkW0rGrG2M4OzN2wcvTy1CeC2FY3obU/jlfNZ9GdvNun70fEB/Oj4QCWHSkQUawwfY2gxtVIK6uYsyVkPxACT4svzPARBgP3few79Ma96HOMWHKQaoqBO13V8/UrtLtwaeg6C/isILp1Hvr8f7oU+iOzUigBdN6AbBgzdQLF//dlsgeEjERERxdqO3ib82zevx/aVTdAQvXI6cimH//LdMzh8MYd1XRl87K0bsGdNCzQAfijRn/PR1ZTA5569iNdv7cBt3Q2wfYG/f+4SPvX0+fGp3q9eyKK9wUJve/S88cXTw/jYPx4r+dRvIqI4YfgYQ9WOLBhgUjVJKeG6Lg79+GU8VQNVj2PGgkcAGPCBC84sO8dY/thBXPn8pyALeZhmAroeTcG+WdV48/NCZLNTqwaIiIiI4uTDD6/B9pVNGLEDvHI+i92rm7FjZRN+8w1r8FufO4z339+L3atb4PgCr5zP4rbuDHrbUnADibwbou+6g5VtKWQSBvasaR4/rgbg9lXNEFLBDyWSpo6dq5rw6O3d+NK+2njDnYhoIdjtOoaqHT6WgoKCVApCKYRSIZAKvlTwhIIrFByhYIcKhVAiH0jkAolsIDHiSwz70eesr5ANFHKBQj5UKITRdZzRY3giOmYggVBFHcKlqo/bbykLwxD9F67iB/9QO8GjvKUpSyGs3d/Cwae+CVnIQ9N0WFYSppVEIpFGIpGCaSZgGOaCg0cAECHf1SciIqL4emBTOzYta4CUCt862I9//4Vj+NbBfgipcFt3A955xzLsWtUMXQMOnBvB7z15BN94pR+BiF7/jNgh/q8vHcfVYW/a41/Levg3/3AUf/DVk8g6ISxDR0djZdb1JiKqFlY+xlCRzWXrmkIUYGIRFZhRJaU2XlU5bROf8W2swIwLpRS+8l//bso6inGWTCcnfb+20Zhhz4XRdB2QsqTHnI5/9RKCi+dhWSmYpgXTLP0TYcMo7W1DREREVEpNKRNJS4dUgBtEz78GCwFCqZC0dCxvTSFlRW/EDuTn30zG9gSePz2EO9e1wgsl0gk+NyKi+sfwMZaYPpaCQhRkTdow695TMcCsvPPHzmDkxlC1hzEvPWtWTNm2pkHHuUJpAkPNMCClQLmfmuZffn58mvXYZyIiIiK6ydD5DJ+IaL4YPsYQo8f4KEeAOTGUZIA5Da32fuJl63qnbHukR8d//sRXYHV0werogtnZDbN5/o1WZOADSkE3yn93XTh6EMDY+o7lCR8bm2q4DTgRERHVvZwbwgui9RjHKhzbGyyYugYvkBhxAoQieoO5o9ECADCPJCKaHcPHGOK06/pSzgBz7GugfgJMVYN/ABt2bJyyzT95BCPPfG/SNquzG1bXMlhdPbA6uucMJYNCDkpKpFo7yzLuiQqHDyAcvAGgfFOjW1qasH79qrIcm4iIiGi+Ohot/NkTW8e/D4TCP/z0Es4NONi9uhlv3tmF7uYk9q5phqFrOHPdxmd/chG7VzdjeWsKd61rxT/+1h3obk7AMjQEC1zamuElEdU7ho8xVHvRC5VbJQLMSUFmFQPMletXQSoFvQoVkFJKCCmgABi6DqOI6j8hBTbv2T5l+4njfTDNBJSSUEpBKYngRj+CG/3Ascn7Go1NsDp7bgaTXcuAMIBz7TKSK3qR2LKrRD/hzOwjr4x/Xa6qx917ts69ExEREVGZXR3x4I12m85MWHNxxAkxkPfxlz88h3/36Aas68rgke2dUADOXLfxlz88BwD44otX0NuexuqONNZ0ppF3Q0gFhELBC4tbdsf2QnihhGloWN2RLsePSUQUGwwfY4jhI5VD1QPMCZfNpqG5EYl0AqE7/wW8F0oqBT/wEcoQnW0tSCVM9A+NIPBDJK0EtFkG3rWiC6mGqU8Yz5+7DGPaqdJqNIxUkFJCKQlZyMPN5+CePTVpzyDw0P7I29FY5vBR5LLjU6513VhUN+vZbN22vizHJSIiIpqPTz19Hp96+vys+zzxiZdx57pWdDcl0J/zsb9vePyy504N4bk/fwn3b2yHF0rcsbYF77+/F14oMeKEAID3fuLlScf7j19/Df/x66+Nf3/0ch4f+dtDWN6SxMEL2RL+dERE8cPwMY6YPlJMVSrA7F69ApdPnitqTFJKKKiiqhRnur7tu7h3zxa84Z5daEynYZomXN/Dt5/ehxcOnkQmOfO70ctX9ky7/eqV6zNcQ4t+fm1qheFYhaRSMrr1NMC/WNztsBiFQy9DBT6A8jaa2bKF4SMRERHVjomB40SP7enByrYU9vWNQCmFu9e3wjI0DOT9Ga8znf6sh/6sV6rhEhHFFsPHGGL2SPWsmABz5ZbbZg0fAxEiFCGEvLmwjqbpSJoJmPNYrzAQIaBJ/KtfeBO2b1gzKcBMWhbe/aYH0N7ahO/9+BUkrcS0x2jvap+yLQxDDA/nix7HzZ9Bg6YZwGhfa13TEVwof/hoHxtrNKOVLXxcsaIbW7YyfCQiIqLa98j2LtyzoRUffODmWtY5N8TXXr5axVEREcUXw8cYYvhIS13PLE1J/DBAMmli76b12NC7DKtXdKEhncahU2fxrR/ug+N4c06VBqLgsakxhV94889g67rV0+5jmSbe+Lo9uHxtEMdOXZo22AxvOY8QArZtw3HcIn7S2QkRovHOBxZ9nNl4F8/COX0CwNiU6/Kstblj56ayHJeIiIio0j75g7M4erkDG3sa0Npg4bWrBXzv8HW8dHak2kMjIoolho8xVIPNfolKKtPUMONl63q78avveCPSqdSkpjSv27kVO29bi289/SKeO3AcKSs5bViolIIfBmhpzuDD730zetqnVi5OZOgG3vvoQ/h/P/MVFPIedH3yeoiBpiMXqNGGPAqObeMf//6bkHJxf8hChDA7u9Hx9vcs6jhzKbz60vjXul6+h4RdtzN8JCIiovpw9HIeRy/Pf5YLEdFSVZ6uArQozB5pyZvlj+ANr7sdDen0lG7YuqahKZPBux75GXzo3Y/ASuhwfBeBCCGVgpACfhjA9l2sWtGJj/7i2+YMHsdkkkm8++fuh24CQRg1wpFKwQ08rNqzFa7vIVQKrh/gRz98Ed/42g8W/KOPkVKgYefeRR9n1nM4NvKj4aOuG1OC1VJi5SMREREREdHSxMrHGGL4SEudEGLGy7J5Z9brWqaJ2zdtwNqVy/CdZ/bh0MlzyBVsWJaJno4W3H37Ztx7+zYkLWteY9q6bjV+91fejs997SlcvDYAANixcTW2pFMYcV0YugEhBL745DfmddyZSCWRWrexJMeaSf7V/RDZaFF0fR5rZc7Xtu0bsGxZZ9mOT0RERERERPHF8DGGOO2alrrlG9bMeNlPDxzHPbs2z3mMloYG/MLPPYC3P3wPHN9H0rJgmSYSljWlarJYyzo68Nu//BhOn7+CdCqJVcu6kBwcgteQhqPr+N43n0Z2AY1mpqOhPGsvTlQ4uD86l6bDKOOU651F/H8RERERERFRfWL4GEOKtY+0xGWaGxEKMe2ajf0DI7gxnEVna/OcxzF0Aw3pNBrS6dKNLZnCzo3rJm1rv3wV/akUfvLD50tyDqUUlJIw2zpKcrzpOK8dg3v2FIDyVj0CwKbtm+CIaF1MDYCmjX5G9MWt24mIiIiIiKh+MHyMIQ2cek1LWxD4aF3Rify1oSmXSaXgeF4VRjWZUmq8M7QuJDouXEL/6HTsxZIyRGrdxrKGj4VX949/bejlCx+bmhuxcdtt8MR092pTt0UhpDZtIKlNE1QywCQiIiIiIoo3NpwholiRQsB1HKx98H4IOXXtxyAM0NnWUoWRTabdMnXbcj387pvvL8mxhRRouqs0x5pOMHgd+dHwUTdMaFr5Hgq27tiIRDJR9P4KUcAslEKoFAKp4I9+eELBFQqOULBDhUKokA8l8oFELpDIBhIjfvSRDRRygUI+iPazRz+c0WN4IjpmIBUCCYQKEAqQim/+EBERERERlRIrH2OJtY+0NAkh4NgFXHWBn6zYDaPlx2gYGRrvwhyEAfZuX4d0ovgwqxykUtOuG/nI7Zvw6rkrGEhm8KHf/gC+9oVv4l++9dS8jh2KAK2vfwsad99dquFOUTj4ElQQde0uZ9UjAGzdWfn1HhWiytRJG+a8xmTTVWACt1ZdTqy01GbYTkREREREtLQxfIwhTWPTGVp6lFJw7AKGfOAzFzS4VhrGY++D9vefQCIMIKVE2NGBNzxQvlCu2HHO1rDmAx96L0Za2wEAP//et+FG/w0c2Hew6ONLIcre5XpsyrWm69DLHT7uKO/PUi6VDjCj7QwwiYiIiIio/jB8JCohDYCpazDqIDEQCghkZVJwpRTsQgFOqPC/LmlwR2dbi+Wr4PzyRyG+9xWo7l44b34Hvggbv6MuVS2UUVAzdqIebO8aDx7H/Kvf+VX81z/9n3jt2Kk5jy1EiNTGrUit31SSsU6n8Op++NcuA0BZO1wDQO/qFVi7flVZzxFn5Qgwp1vfctYAc8JlRERERERE1cDwMYb4OrE2mZqGjKlBr6P/wEAChbC8AaRSCrZdgB1IfOaChqvu5MvF8lVwPvCvAUR/G6+gEX+LZfigulrWcU0nCENY5sx3m94MXbV/7//4LXzuL5/EC8/un/ZyYDSkymTQ8fb3LHqcs8m/+hKAKNAqe9XjztqseoyTuASYY9chIppobP1jTdOQMDX4ZX7OQERE1ZcwtUn3/0TFYPhIVAIagAZrpnq42mXpGhpNDflQlu0cvudBCoGvXp0aPM7kx1oLOhHg7ao03aWL4fo+UrOsNRmaFtxUZsbL3//hX4JtOzh04Mj01w99tNz1BlgdXYse60y8i+dgH42mgBuGVfYnC9t2VH69R5qqkgHmze3ajJcRUX3RtOhF6J7eDF44W6j2cIiIqMz29GbG7/uJisXwkagELL3+gscxpg7omgZZhoVIlVIIwwD/64LC8cL8bsGvap1IQOHn1GDJx3Urx/OQnKPJzUhrO6Q+e9fo+x++d8bwsRKy2QgOWQAAIABJREFULzwDADAME4ZR3rv/js427LlrZ1nPQZVT6gATmL5xz+TLtNGlLBY1dCIqE03ToJQaraTX8b47O3Dggg1fsPqRiKheJQwN77uzA7quT6p+VGxaQXPgU/oYqtcQq57V01Tr6ZTjjkIKAbtQwD+eLqAwmMUe9zp6wvlVTHxB68KfaauQLeP7KLbrIplIzNpkxkumpqz1OJ2de7bjztftmbJdKQmlFKzu5Ysa62yc0yeQf+mn0DQNhmGV7Txj7r5/L1LpZNnPQ7VDIeoUL0Y/QqkQSAVfKnhCwRUKzuiHHUafGTwSxdPEapex8HHriib8yduX447eJBL1sPg1ERGNSxga7uhN4k/evhxbVzRNCh8BTr+mubHyMY40FFFVQnFSob4sVVPqSddSCNh2AQhDPGz3Y5tmR7/3EhgqCHxfa8Oz6WXwtLnvoo5qGfyf2jp8UF3FHSpXsjH6QQDH89DU0DBr8BhYCVzvWQFV5APuBz/6fnQv78a3v/rP49vC0EfHY+9Fw869ix73TLI//REAwDDLP90aAO6+r3w/Cy0N6fIuSUpEizRW9Ri9qWXAsixs723B73cmEQQBwjCEEILVMET0/7N35/Fx1ve96D+/Z5td+2LJm2TZlvHGEpvNkGBSCgkJJC/CaTlJTm+atkm6HHKaU3L7um3uyXLuuWlOF3JvSNM2NyctaZLSFgIkQAgYs5hgHNt4wRbGljftki1p9plnuX+MZjySZkazb/q8Xy+hmWee5SfLHvF89P39vlTD4u/xiqJAVVXY7XaoqgpZlhM/A+I/D4gyYfhYhfjPtvbEukLX53fOsFDUKdemYcDv90MYOppPn0e7MX+hx2ZVxv2YxW7fJB5VV2PA3rrkOQOQ8C3RjR4RwvusadxoeWHLMzI1TBPeQACqLKPR7c68r6xgtHs1IlpuFX53f/QuGLqB5576BQxTh9LWCc8Nt+Y13mz4jx9C4O23YtOtS9zhGgA2bdmAq7ay2QzlTxYCar2XlBPVgeTwUZlryCZJEqLRKEzThGnGfhYzgCQiqj3xQFGSJEiSBFVVoaoqFEVZFD4SLYXhI1ERWABChgV7nU0zMi0gUMTOlbGKxwCUYBANF0eghNJ3mGmzafi98Dn8HZBVAAkAZ2HHWbECe51deLA9BNfUJGR/AMJMH0RakoSox42g3QZ9bAxaKISGJaodAcCUJFxc0wtdyW8K8z33341QKIwXnn0R9r7SNmaZfX1v2aZbA8ANu1j1SIVx1Nl7KVE9WljtoqoqJEmCLMvQNA2GYQBg8EhEVMvi7/GyLCfe41n1SPlg+FiF+E+3NoUMCxETUMVcAxqxsHlCbbCAubXYgPN+A6ucMpSkHyiGBVh5rAtgzK3xqASDaD5zHmLupiQTp82O3/QP4v+2NWY1BRsAtjYreGCdA5bsgW9FrHO0HAhCCochRSIQugFTU2HabTBtNoQFEAwEAQgYDa3oungOUjCY8RqWEDjXu3HJBjOZhEMhbPvAHRjt7IG37+q8z7MU74F9CJ15B4qqleV/DOwOG65n+EgFUCTBtR6JasTCG8/4zallWYkPIiKqbfGgceFH/DWibDB8JCoi07IQtoDwgkUg3YpUMzfTArHwVJWATY2p3yL8enyqeXYsy0I4FMwpeIzrcDpwm/ccnmvoW3LfnW0qHljnWLTdcDpgOBdvNw0DIb8PpinBMGPfoKmOFVh5bjDtNaKqhvM967Mef2oWgsEATgW0kgaPlqFj9vU9ZZtuDQA33boTrW3NZbkW1SdWPRLVlngAGQ8dgcXVjgwhiYhqz8JgcWF3awaPlAuGj0QlVkvBY7ZcikDIiFV7ZiMUDMKMRNB8YSSn4BEAJCFwg34Zzy2x30fW2PHeFVpO57YsC4ZxJXgEgJDmwExTCxqnLy3af6apBZPtK3K6RirhUBjjIQPnjdzGm6vZ119CdHQEqlq+rtPve/9NZbsW1R9NEmD2SFR7ktf8Sq6ISd5GRES1Kfk9PF7Vzvd1ylWdRSL1gf+O64dWx9MH7bLIaip5JBKBEQ6h+cz5jGs8ZtKoSlgbmUn7+gPrHDkHjwBgWZgXPMZdbm2HKc9vtTu+YmVRgkcACEfCOG/YMGOWrp2v4fNi5pUXICtK2f7nYMeN12ATG81QAept3Vyi5SQ5dCQiovrE93rKFysfiUpIrdPgMU4SAkaGqVSmaSIcDMIzPAYlmF/wCACKJKNd9+Oc1jhvu10W+IOrnFjpzC/Ei0SjKbcbkgy/yw3P7AyiqobJji4EnK68rrFQNBpFMBzGeb2hKOdLZ/b1l4CAH7JS2urKZO/7tZvLdi2qPzZZgA2uieoLb1CJiIgIYPhYlfi/afUjh2UR61IkHIbN64XjcvqqxWwoioIheX5Y12yT8NsbHHkHjwBg6AbS/YvzNzRC1nVMtXUiYrPnfY2FwuEQTkc0jBil6zwdnRzDzMvPQy1Td2sA2LRlA3bedE3Zrkf1RUCw6pGIiIiIqE4xfCQqId0CyrfaXnmZVqzBTjqGriMaDKL9wkjB15qWNIwo7sTzbqeMP7jKWVBjCtM0YRgW0oWPIbsDoRUrYcjFe5s0TQORcBjndGfRzpnK7OsvQZHkslacvO/XuNYj5c8m8xdvRERERET1qs4nhdYmTjurH1HTQqQOyx8tAEHDQqavLBqNomFkLOcGM6l812iBay5o3NqsFBw8ArGqTCtD3GEIuajBIwCEQmFcDAuc10s3FTp84Sz8+1+DJJVuPcmFVFXFe24oXdduqm+yYNUjEREREVE9Y+VjFZKEADLGOlRLTnsNNKoC7Xa55teAtCwgYlqImMi41iMAmP4A7AVOtwaAk4aCY/4o1rcIbHYqeGCdo+BzWpaFSESHmaLZTClFwiEM6jboJazxmt23B3IZp1sDwFXbNqCh0VPWa1L90Gr8fZGIiIiIiDJj+FiFylevRMXiUiTIInXValON3VnrJhBKqmq0EAsdgcyVjskMXYdjcqoo42m/bjM+7TUwEYrig+vcSx+QhUgkAsMsyqmyFg6HcCms47xRnK8hleCptxF++0hZqx4BsOqR8qYIARurHomIiIiI6hrDxyokRGztK9Y+1oZaCxeXokiAWxKYjuSfzpmmCcest+Cx6N0r4PQ4sbOIRXWWZSEcCsM0yxvQhUNhDOo2zJbwut5XXyx78AgAm7dtLPs1qT7Y+Ns2IiIiIqK6V1+pSR2RytgogvLnUur3++RS8n97EP4A5Ei0oOtbsgx9zaqCzpFKNBKBaZb3+6brUYTnplyXiv/IrxA9N1iy82fSvWpFRa5LtU2VBFQuckxEREREVPdY+VilJAEYLH2sekodh8SFzISUitBkRl+7CpaS+1uUaZqwTBO6oQMALNOEaZoABHQ9ts20yl31GMKZqIYxo3RrMfpefaGs3a3j2jtbIcssX6PcCIBNZoiIiIiIlgmGj1VKFkBhdWNUFnV871zIl6b6/AVd23Q5oXd3ZdzH0HVYsGAYJkzDgGnGPs8buIV5z2XDBHQT0SJ3sc7ENE2EwmEM6s6SXcO3/1UYE+MlO38mHZ1tFbku1Ta7LAr6BQcREREREdUOho9VijPRaoNhAfU687qg2kVPYU1VZjrbEZ2ZSWSH2XyWDRNaOAzZMKCGw5AME2ooDAFADYcgzXWYubi6t6xdncLhEEYjwFldK8n5rUgY3pd/UZJzZ6OxuaFi16bapEpsMkNEREREtJwwfKxSElvO1ISgbsGj1udNdEjP/++fZc9ubUMhxKKgPex0QpIEbMFgxmMlw4AaCsMeCMLmD2R1PZ+7AWG7I6t9iyUcCuFcWIFRojJZ7769sPy+kpw7G41NDB8pe5xuTURERES0/DB8rFJ1vJRgXTEsC74o4FQWh2i1yrCAgG7BsPIPH02XC6ZNgxSOzNsuRKyZUvwjFSUUguvshbyvnYm3oSmn/YOBAAzDgKzIUFUVipL7mo0tDiceGBrADl3FKcmBAa0ZI2px2ncbs9Pwvfx8Uc6Vr+aWxopen2oLp1sTERERES0/DB+rlCTA2scaoVsWvFELkhA1vwSkBcC0rIL/3lmWhXBLMxwjYwAAWQhIUvrAsRxMSUbQmdu6iw6nE4GAH97ZGQCAJMmwOxxwOl2QpKW7gct6FF1n3wVkCdfJBq6FD+HwJZwM2nBMbsCArRmTSv5rQXpf3QMUEBIXQ2NTcYJUqn+cbk1EREREtDwxfKxSArEKsUKqz6h8LIDfqyShUBBWgwfu0XHIklQVlbwhhxOWWDowXCgWNMqYnZmGaRoI+H0Ih0JobWvPeJxkGmi9eG5eOCgA2DUN18DCdmsaocAYDlkO7Ld14B17a07jEpcmEHjztZy/nmJrbm2u9BCoBnC6NRERERHR8pX7nTiVTb1M46XlR0R1tI6OQZGrI3gEgKAj/wpDu92O1rZ22Gx2ALG1KpfScvE8tAzrVkpCwGm3Y5fDwmci5/CJmRPYGJrKekz/myuIvhW5BZalsKKro9JDoBrA6dZERERERMsXw8cqxvCRalXz+GTWTWDKJeAsrAO3LMtobGpGe8cKtLS2Zdy3ZegC7Dk0gXHa7bjZbuJ3w4O4e/Y0PEYk4/4brQBuVYP4+ic/VNEAUlFkdKzI/GdBxOnWRERERETLG8PHKsZvDtWqbCoDy0lXVERs2XXgXspSX1vj+Aics9N5ndftcOIuNYDPeE9gS3Ai7b4fQaxC0m3XKhpAdq3srMh1qbYweCQiIiIiWt6Yb1WxKstviLIWXLsGekP1NCKJaMUJHpfivjwFz9RkQedQZBl9ThUfD5zBewIji17fYXmxybpSVeq2a/jS/XfAbdcKum4+uletKPs1qbbYZQGFP8uIiIiIiJY1NpypYrHOwGxiQrXHUmT4Nm+CNjEJ29AI5FAou+NkGaFVK2G4Mq/PKIXDcx8RyP4A5EDmKd6mLGc99nzZfV40jQ4X7XzNHg/u856HbNewX7pS2XivtXhdyM4mD770H34dD/3j00W7fja6VzN8pPQUSbDJDBERERERMXysZixLpVoXaW9DpL0NztffhGxZECIeql9hyTL0Bg+iLc2INjfDUrIJCudXVcr+ALSJSaiXL0MKL14v0ZBKGz7K0ShaRi4W/bwetxvXNZgYnZjCeUcrbremsRLhlPtuX9uF7Wu7cOTc4mrJUlm1urts16Law+CRiIiIiIgAho9VTRJAoxaLIK25Ash4HaQ19x8L1pVtafdJvW3evpbFGksqmWhrM6zx+dORo+vWQu/uKsr5DZcTQdcaBHvWQOjGokpIX1gvynXSaR65CEkv/jVCre1o8nnxYT2Eb6EV91qZp3TfcfXGsoaPrHykdDjdmoiIiIiI4hg+Vrn4vVvK9R9F8h7FudLSgWXqsDNtAJp2H4ady4nR2QElKXw0WpuLFjwuZCnyovUmjRk/UKL8sWFiLKfO1rmQBbDRjCKsmbjXmoQHRsb9b+rvAbC3JGNJhWs+Uioqp1sTEREREVESho80TzzPXHTbKBY9KMaVYqEkqzrrntnYALOxAdLMLEyXE9ENfWW9vpBKs36qLeBHw+R40c8LAJaioGnmcuw6qppyrceF3HatbFOve9aths1W/iY3VN0kIeBg8EhEREREREkYPlJFCZS5qhMpqjHTVHUuDjHTP2dV59IiV22ENDMLo7Wl/Bcv0TekZehCaU4MQLPMvFreb+/pLkv4uOXqTSW/BtUehywgMXskIiIiIqIkDB9p2Ug7hZ1VnWVhKUplgscSaZgYg6xHS3JuIcSixjzVZsv2/koPgaqMQxZQ2SmNiIiIiIgWYPhIVCK1XtWZep/aCTvnEcWddq2GgiWbbg0AcpUHjwCwvn9dpYdAVUSTBGycbk1ERERERCkwfCSqA5Wo6kxfnVl9VZ2yJAEwi3Q2oHFirGjnSkUuYN7q2LS3iCNJbcOmXjQ0ukt+HaoNihBwsLU1ERERERGlwfCRiHKWuTFR6as648+zreqMygLBIoxIMg20jI3C7itdwFdI8OgPR/D6wNkijia1TVs2lPwaVBsEAIciivavnoiI8mAG4J01YGvwQOPyF0REVIUYPhJRVStGVaehCMwWMAbJNNAyNQHP7Az0SKSkU89lkd9dgz8cwUP/+DR8oUiRR7TYBk65pjlORYCzrYkobvjlw/jJ0MKtDtz7QD+6KzGglKZx9KmzeNUXfy6w8qpu3HNNeyUHVZjRQXzp7y9j40dvwee2TuPsgSG8dtSPZy8B2ze14rfv7kMrQ0kiIqogho9EVPdEAWsoSqaB7ovnYAuHYJilXfNSEiLnBtdnxqbw+BvH8Pxb75RmUCms7+8t27WoetllAZWtrYkoydQ5H753Fui3X0m6uld4YCvrKKax59vH8EX3Suz/ZKqfV1EMnvHhe7odn+pWAD2Mx54awKNHfXj0k73QyjrW4oroAM5fxF88H0DvOg03axHsOTiCN30SHn2gtr82IiKqbQwfa4BpXVmtLm3/klTbUrzA20Si7CUHjwBgmMVbNzKVbKdcHz03gn0DZ7Fv4FxZ1nhMdtv7b0JnR0tddGCn/KmSgJ0lj0SUSkMz/ubBLWit2ACi8GYzCaCjFZ97IBZOfuKF/Xj/qxPYM96LOztKO7qS69mKR/6P+BMdO7//S/z++VkMA+ip4LCIiGh5Y/hYAyQBBHQLulmaW/rFt4+pq6/S3WaKFE9yCkkXvJjtsSnXHFy0r8hpjBmvL5bej+pLx9hwIng0SxyqSUJASlP2eGZsCkfOjeDI2REcOTdclqnV6dx11y64MjYXufJaIY2J6r4Dew2ThYCTDWaIKEeRd47hq49N4zkdgCThnlv68Ge7OwFM4blvD+DVjWvxiekL+P1jOu65+0Y8uGkMj31/EN+YBCAp+Ph6DQeGNXz1C1vRY07htR+cwpfO6PAC8DR58Minr0a/ewJPPjyAr00DmB7C9V8ewsc/fAsevC7z2DzNGgAfTl4Edpw5jL95PYB9s2bs3G3N+O6nt6DHDuDiAL72wwk8GYgd19Pdjm//bj9aU27vxpG/fwsPN63FE/evBsxBPPzfh/CDhmY88+AWtM5VaH67Yy3+5b4uTO07hode8OGoGft6H/zoFnx8qwcYP4E//64Xt9zXiclnLuDhaSce+fPrsGP4yjVb3RJsSBEumlMYngbQYK9gGExERMTwsWYoAtBLdO7FN+5W4sa/CCersPIOKGWQm/qFpYPTEgW5KbfnEOQu2p7jOBPbqzzMtYVDcCU1ljFKFP4DseBRlWNT1CI2O8I2O06PTOL7P/oJ3jo7DE2zl+zaubjhxqtxzTWbst6/ZhoTLXiesqpzQWC6nLHBDBFlFAnjwP7Tc2GXgu7ta9GtXcAPHp/GwJouvPDxtcCBI/jkM4N4rLcT9/e0or8b+PNXBzHQ3YSvfMCD3q3AwE/O4Rs+Nx55cDO2+wbx8D9NYKC7ET0AvHsH8cWzEh76retxT/cUHvv2aXz6sdN48VNrcden1iL83XP4RlMnXvhoO2zOpYfsvRwBoGHTKsAz6cDOXe34/EYXtMmL+NIPLuPhV6bw13fI2PPUBJ5sascLX+iHJzCGgYtKLERMud2D3g4Jw2diVYfdZ/04YJfQPx3EyRCwS5vCkXFg184uYPI0/uYFHxqu68P+u1sx/NRBfOTxU+hffx12dDRguzKFP//hEO65rhOPrG3AdlzA934wgSMdnXjio+3AkXfx+3tC87+o0dP43o9H8O1ZDX/2qT54iv19JiIiygHDxxohC4EqTPZogZRBbuoX8jlZhVU+yAVSNJ5Jue/8bUEj97G7FnS0NvNO5DMLexrga21DVNGgq2pi+8v7DuPw4MWC1qsstg/e/d5KDyGtYjQmyv4qS1V1xh6krOBMtS3pebVXdToVARY9ElFGoQAe3RsPwjT8ds9adI9O4bshBQ/t7oNHAnB9O+594RyefGsI9/eshEeTANjx0Ke3YocEAIP49jsmdlzXhR1NGtDUgn7nBCBJAKaw71gIkTVduKdHA9CFu7YP4RsvX8aboT7sarDDJgFQFHiamtKPc3wK3/7hDKBHsO9sBD3rVmJ3B6B19OMeMwDvbARoa8TNDdPYp5sA5Nhxl7zYc3IKd23qRP8mAJhOsx3o6XVCOxzEwDTgORfCQEcD/uTSLIaHASCIA7Djt9crmHpzBs+ZTjzygS4AQPetzbjz4AT2HAxgx80abBqAjk782Yf7Yic+chjfDUl48H0b0N0EYL0DvcnhY+Q0vvGdERzpbsY//VY/+pt4y0dERJXFn0Q1QpFi1VGlCkCIqk2qIBdAXlW5+VQtzjY0oXF6CpJp5l8JvITpFd3wNaeeCDV8caQ0F83T5m0bseU92+HTY38YOS9bkOLFrKt601xsySUWkjYUuzI3c1VnprPnYn7YmT7ITD2FPe22PNfqtMkCGhvMENFSUq35eBGIAECiD40drU5gYDZ5GREpFhrOiZiATUrVotlE2MRcEBnjaVQAhDB1Cci5rbZiw/0f7k10u44cewuff9yLAUVCtwJMhoBYltiE3fd14XM/HsFfPHYCX0tMjU633QNsdOFejOHkeaBtNIRd3WvRi2n85Nw0btcDGGhwob8JgG7O//qbNLQBODvjT/rjSfqz0IEIJNjSTYzQJGhQcP/dW2LnJyIiqjCGjzVCAJBFrPkMEZWerqq4sKYPLr8XWjAA2/Tlop5/Yu06hJ2utK8PXxgGEAuFqoHDaYeePF+56pRvYOVaJzfd9lzWyk0ZpKa6l8eVqdTxeNmyYofG/2SVlMcREWVBQazTcqJvWwThCNDfkLn/cjhlo7e5kC7ptUhIB6CgtSWHMSU1nLliCnv2eDG8fjVeeGAtgNgaknsSx/ThU3/Uh09duoAnf3wBX0tMjU6z3d6E/qYxPHvhNFaOSth+dTt6MYg9o5dxbySC7lVd6AYwpUi4EqoCCOmIAOhudAHwI3dtuP9eBbYVeRxKRERUAryVqCGc6kZUXrqqYqapBT53Q9HOGWhsxlD/lozBo2maGLo4nHheDQGk0+mo9BCqhrXow4JpLf4w0nzoyR9m7COa5iOS4iMc/zCufITSfARTfAT01B/+uY/YcxNBw0TAMBExLShS7BdgRER52ejBvZKOn7wxFHt+bBKPBSTc3teZ5oBmbO8GDpwcxdHpALxvj2HPbPy1VmzrUYDzl/HatA6YU9jzVghoc2F7ciWgniq4zFJERwQ6vCdj152MRAAEcPbIhVgn7ZYu7FqvAKYJbyjddgBoR3+3hAPDl3FkVsPGdUDrShvaRqfw7Diwuy82zbp1gxPbEMCefdMAdEy9NoOfQMP2jWkWrFznwJ3QsedXI4AZwNlDfrwJAObcCvE+HwZHZjE8WaoV44mIiHLDyscaokgCyGPtOqLlrtB1E01ZLso4LnWvQqCxecn9RodHYRoF3DSVgMPF8HE5ine2ZvBIRAWx9+HBj/rw+ccHcf2xQQDAjq2r8fGt6W5FmrD7A63Y/b0pfPrhg9CcGnYmBYvdd/fi66On8cWHf4kIAM1px9cf2DDXVKUZ/askaMdGcP2Xx/DgAzfj4xuzHWgrdu9y47tPjeCWL4/A0+TBQ9s1fPXsNIYh4cjec/iLx88lppDfefMG7G6awZP/lGp77Iz9W1zoecyLJxua8dt2AOvc2OUbwWOmHV9fN/f192zCV997GF/ccwzXv4BYN/D39uHOtnR/PH343M0z+OS+07j+INDf3YTPdUfw7IUxYMdK4J0x/Jf9PuxSZvDXd7DPNRERVZ6wqqGkhrLmjcYqZ4goe5FIFF5vZOkd05AMA93vvJ338f6mZsx0rIApZ/f7noP7D+GRv/zbxHNNs0OknitbNh/9zQ/iNz75kYqOgcpLEgIuBo9EVWFsbAydnemqBGtIvJGL3Q2PPZufiRFEfIDmnsGTDw/g/+teiyfuX33lZd80vLoCT5O7uOMMeeGNyPA0zFUemjogKVdeCxmwOZugaQuOSbU9FxEfvAE9+3P4puGFEx63BkAHTGVuXpuOyGwIWkOR/1yIiGpE3fzcrCOsfKwxigQYRqVHQVRbilH5GPQ0wuGdyem4sNMFb2s7Qm5PTsfF13uMsywrbdOVcuG06+VFAAweiaj4JCc8TWmmEi8QOT+EyaZmdDdoiJwZw55pYNcNC6r43E3I7SdsluweeJKncEtK+teW2p4LzQ1PLsHlvK9fSVpQS2HwSEREVYXhY41RBBCu9CCIaoyiFD5t2tvWnnX4GHK54W9pRTDPtSKT13usFk5Ou15WXKrE4JGIKiiEgTcv4KG3BzE114Rl19bVePDG7IJLIiIiqi4MH2uMIgQErOptOEtUhQqtfASAiN2BqZVr0DxyEVLK7puAt6UNgcYmRO2FBXXDF0bmPa+G1TGcLt7wLRduVWKDMyKqMDu23Xcjnrmv0uMgIiKiYmD4WGOEiDWeiZqVDyOIaokQQKEZXrChEWGXG87ZaaihEIRlIappCLvciDiKE85ZloXhRZWPlf/37vak785N9cOtMHgkIiIiIqLiYvhYg1QJiFZXI1yiqidJAkYRusWbsgxfc+k6R44OjS6qdKyCwkeu+bgMuBUJSmX7GhERERERUR3ibUYNik29JqJcKDWSqqRe77Hy6SPXfKxvDB6JiIiIiKhUeKtRgyQBqBLjR6JcqGppCr11XS/q+RZ2ugaqZc1Hho/1yqUIBo9ERERERFQyvN2oUbxRJMqNqhbe8XqhYDAARVkeq1cwfKxPDkXwl1lERERERFRSjLBqlCoJSEXo4Eu0XEiSgFzEkMXv88FeYFfrbFW68vHzf/oZqKpa0TFQ8dllARuDRyIiIiIiKjGGjzVKAFB5z0iUE1UrTvXj7OwMHE4nRAl+ATA2Op5ia+XCx5vfuxM33vKeil2fSsMhC9hl/hAhIiIiIqLSY/hYwxRWrBDlpBjrPk5PX4bL5YYklebtc3xkcfhYycKYhpe+AAAgAElEQVTHG265rnIXp5JwKQI2Bo9ERERERFQmDB9rmCoBMqdeE2WtkHUfTdPEpalJuN0eyHLx148EgNf2vo7B02dTvFK59PHdgTMVn/ZNxeNRJa7xSEREREREZbU8OiXUMUUCDKPSoyCqDUIAQliwrNzCF13XcfnSFJqbW4reYMbn9eGN1/bj2KHjOHr4WNr9LMsqyTTvpbx18G187D+GYbPby35tKh5JCLgVAeaORERERERUbgwfa5wqCYQNViURZcMwDAAmgOwrF6ORCKanL6OpuQVKkZquRCIRaJoGAPj873yhKOcslfODQxg48S62X7u10kOhPMlCwMNFgomIiIiIqEI47brGKQJQOPWaKCt6NArLyv5tLxwOYXr6Epqamgvu9hwOhzA7M42Z6elE8AgAf/rVh7I6vpJTnw++caRi16bCqBKDRyIiIiIiqiyGj3VA5XeRKCuRiI5Yr/ilhYJBzExPo7GpBWpSWJgrn8+LifFR+LxeaJoNjU1N817v29iHb33/m1mcqXLh4+FfHZ+rGqVaokkCLoXBIxERERERVRZjqzqgyQISqx+JlmRkuURBIODH7OwMmppb5lUp5sNms6O5pQ2tbe2wOxyp97Hb8D+++bWCrlNKo8MT8M54Kz0MyoFdFnAyeCQiIiIioirA8LEOCAAav5NES7KyqHr0+33web1FCR4BQFXVrJrUtHe24/e/8Nm0r1e64/To8HhFr0/Zc8gCdpnBIxERERERVQdGVnVCZQtToixk/nfi83nh9/nQ3FKc4DFX111/LXbetKPs183G8PBYpYdASxCITbO2MXgkIiIiIqIqwvCxTsgitr4XEaWnqum7XHtnZxHw+9HS2gpVLX/wGPf+D+xO80plKx/HRyYren3KTBYCLlXwF1FERERERFR1GD7WEYaPRJnZbKk7Vs9MX0YwGEBrWzsUpbCu1oVa378eO258z6LtFZ51Dacr9XqVVHnxxjJc4pGIiIiIiKoRw8c6okicfk2UiWXO79hsmiampy/DAtDe0QFZTl8ZWU59G9el2FrZ9NHtdlX0+pRavLEM3/qJiIiIiKhaLd0FgWqKKgFRs9KjIKpOpnUlfDRNE7Mz01AUBW5PQwVHtVj/5o2VHsIiTrez0kOgJJIQcMj8hRMREREREVU/Vj7WGU0SkAVvRolSCYWiicd+vw92u6PqgkcAWNO7Bs2tzfO2VbrbtYvTrquGOjfNmsEjERERERHVAoaPdUjjd5VoET0ahWFcCfCcThfsjuoN1Kqp+nHnTddg27WbKz0MAmCTY8EjG1oTEREREVGtYExVhzRJQGL1I9E8kWgUyStNVMv6juls3n7VvOeVrHy852N3VezaFCMAOBUBB1NHIiIiIiKqMQwf65AQgI3fWaJ5dL3SI8jNxqsWVj5WJnxc0dWO9f29Fbk2xchCwKVK0DjNmoiIiIiIahAjqjplkwWUGq9+nI34Kj0Eooppa2/Fiu7OxPNKVT5OTU1jZnqmItemWCW7WxVQavvtnIiIiIiIljF2u65jmlx71V5D3hG8eOqvoOrHE9sU14fw6xv+Exo0dwVHRlR+m7ZswujwWOK5ZVkQefxSwbJMGGas07ckJAghZX2eaCSK1/a+gbs/cmfO16XCOGQBG6dZExERERFRjWPlYx3TpNrqhjrkHcFLJ/7zvOARAHT/0/jJkYcqNCqiyundsHC6c37Vj0JIUGQViqxCCAmmaSAcCSIaDcMwdJimmfHcb7x6MK/rUn4kIeBSJAaPRERERERUFxg+1jlbDYWPL737t5DhT/maap7FM6f+rcwjIqqsdet75j0vxtRrIQRkWYFNc0BRNQBANBpCOByErkdgzlVIJnvnxCDODV4o+Nq0NJsk4FYEVP50JiIiIiKiOsHbmzqnSLUTQMrRNzO+Pjn7eplGQlQdulZ2oW/DusTzYq/7KDAXRNqcsNmckCQ5ZfgIALPT3qJem+ZT5qodHYpAjbxlExERERERZYXh4zJgkwUEqvtudsg7svRO5kTpB0JUgOd++mrRz7n9um1XnpS46YwkyVAULeVrlWl3U/8EALscayrDakciIiIiIqpHvNVZBiQB2ORKjyKzlZ4uGHBm3EdSejK+TlSPNm/fnHhcqY7XACCzHK/oVEnArUqwc21HIiIiIiKqYwwflwmbLCDn0SW3nDTn7Rlf72q6qUwjoXqkKErJr+Gd9ePR7z1V1HP2ru/Bpi39AGJdqyvF6XZV7Nr1RhICTkXApQgwdyQiIiIionpX+rtxqgoCserHgF7pkaR389qP4pUTT6d8LSracXvvXWUeEdUTVZXx3NOv4ujR04tek2UJbrcTbo8Tbrdr7rMDzS2NWLm6M+trnBq4AF2PFnPYAICrtm7CyeMDRap8tGAYBmQ5t7d/lztzZTJlxyYJ2GSu60hERERERMsHw8dlRJMEDBkIG9W5ettKTxcMdWfKxjMed+aqSKKlKIqEtw4NYPDMcE7HudxOrFu/Cv1X9WLnDdugaqnfNo8dOYWZaT8MQ8eeX7yB3b92QzGGDQDYsGk9AMCCBcuyIAqqYo41mYlGw1AUFUJkVwDvcjF8LIQiYqEj13UkIiIiIqLlhuHjMmOXBQwT0Cu4dlwmO9d+AgffnR8+GnDi9r77KjQiqheRSBjhMOBwNKTdJ97p2bJMmKYB0zTh9wVw9PA7OHr4Hex94U3svHErrt2xGa1tTfOO3fP8G5AkGZIk48AvjxUcPvp9fhw9fAzHDh3H20dPXHnBsoAiLKGgqjZE9QgkIS1ZBdm/eT0rH/MUqzoXXNeRiIiIiIiWLYaPy4wAYFcE/FGrKrvXbmzZgIO224DwS4ltLc0PoEFzV3BUVOssy8LwhXFcvuTLuJ8kxTszyZBlNbHdNA0YRhST45fxsydfxs+efBn9V/WiZ91KAMCJ42dw8fw4bLZYQDc5PotXXvoVbr3tPVmPMRgM4/Sp8zh96jzeefsdDBw7nPprgVW03vWqokHXI9D1CBRFBdKc+cP33VmkKy4vqhQLHZk7EhERERHRcsbwcRlSRKwCMlil069vXfdJvHIiFj5GRTs+sGF+1eM7l07h4MUnENXHIQkXNnfdi2tXXFuJoVKN8Pt8eP7ZX+V9fLyiUVXtMAwdhhHBwIlBDJwYTLyuaY7E/rKi4Yl/+QU2b+1bVCGZLOAP4sTxMzj59hmcOH4GAX8QABAOXMp7rLlSFA26HkU0GoGq2ha9vvGqddhx49VlG089UCUBTYp9JiIiIiIiWu4YPi5TNlnAsICIWX0B5EpPF+ye30DI+2P0rfjdea+9OPgsxie+CQCI16UNnN+PgfHd+M3tf1LmkVItsCwLhw4M4OCBd4tyPllWIMsKLMtMNIC5UjEZI4SAotrww3/8Kf7wjz++6By/2n98UeAoSTJUxQYhBGaDMxm/nmJTFBWGkbpRzjsnzhT9evUqtq4jQ0ciIiIiIqJkDB+XMbssoFuAWYXrP97edx8ef+sUxt+YBFbHth0aPZQIHhcJ7cEzp9YtqpIk0nUdP3tycROjQgkhZVx6UVE0nD0zjOd++iruvPsWAMDhX53ASy/sx/mzIwBiQaaq2iHLSqLxi392rOhjzUbyNPOFwqEwbPbFVZEUowgBTY419SIiIiIiIqL5GD4uY5IAHDLg1ys9ksV+8fjP8cqTowCexnt3vxctrS14e+QJyBmOmZx+EgDDR5pvbHQKly9nXuuxVFTVjp//9DW8e+o8pi/NYmpyOjF9W5bVRV2rLdOA3zexxFnL/8uCYCDI8DEFea7SkaEjERERERFRelKlB0CVFW+IUG02b92ceLz/9f2xB9HjGY9RraVCG1qOhi5U7u+FJMlQNQdOv3Mely95YbO5YLO5oCjaouARAHyzY7DmOm6XgmHk95uGSKQKf0NRQbIQcMgCHlUweCQiIiIiIloCKx8J9rn1H6MVXP9xyDuCczNn4FTdaHd2oH9zPxoaGzA7M4s39r2Bbe+7GjICFRsf1a4L58cren1ZVmC3uxPTqtMxjAgCS1Y9FkaSJJimsWiNyqWEw+ESjai2SELAJgGaLIrWcZyIiIiIiKjeMXwkAIBTEfBHAb3M6z/ORnz42clvA6E9iW0nATgafhM33HwDnn/meVw4dwFnRpduFmKoO0s4UqpV1RASLRU8AsDspQvZnq2gcUSjIaiahFzis1Aokvc16wFDRyIiIiIiovxx2jUBiMUZTkVAytRBowSeOv6NecFjXHD2R9A3jySeDw4PZDyPASd2rv1E0cdHtc2yLFzMctp1vlOSiyHgm0QkXJ51KWVZgaGn7mydjh7Nbf96IYvYshQeRcDG4JGIiIiIiCgvDB8pQRKASynfDfah0UOQo+m7EMv6z9HZ3wUA8IbTdwCOSj3Yuf5/YGPLhqKPkWpbJBzG6PDlrPYt5VqLS13XNzua9f6F/n5AlmMF72YOX6+iLK8ieVUScCqxNR3tsij4z5yIiIiIiGg5W153lLQkWQAuRYJPN0t+rXOXjyy5z5rdFsYGgGAwCDQtfl12fggf3Pif0KC5SzBCqnWDZ4az7nRtVaCLNJBPk5nCkzBF0XIMH3NbI7IWSUJAlWKdq6uwBxcREREREVHNYvhIiyhSrALSr1euAU2c23YSQBNMc34YGpU344bez7DakTI6evh01vsu/DtWLsHApYpcN5emM3IdVz4qkoAmxaodmTkSEREREREVX/3eUVJBYtMOgUAJA8gGeydC3sz7yAhgxa5+NLVNAwCioh1bV38e1664tmTjovoQjUbw9rHzWe+vKGoJR5NaJOyr2HTvXNRb5aOAgCbH3ucUJo5EREREREQlxTUfKS1NEnCUcP7hjpW3ICr1LLnfyi1BhEJOTI3fgU/u/D6DR8rK7IwPI8PZVxVKkgLLKm/1o2Hk3kVaVGABwnpZ81ERsfe0BjX2mcEjERERERFR6TF8pIxscukCyAbNjRvW/RdERXvm/RznceR/Xcb0/kBJxkH16Z2TF3LaXwgByyrvUgNmjl2nYyoRPtZu5aOAgCYJuBUJbnWuazVDRyIiIiIiorJh+EhLsskCbrU0f1U2tmzAvVd/Cx3t/zltCBmbet2JS1OVWRuPatPQxclKD2FJkXB2zXCSVaTyUa2tysd44OhUBBq02GeFP+2IiIiIiIgqorbuKKliFAE0qBK8UavoXYEbNDdu770L6L0L71w6hbeGn0codAyqeTaxT8taAyf2zcI0TEgyUwRa2plTwzntb1kWTNPIqRFLISzTyCt8rIRaqHwUiHWrVtg8hoiIiIiIqKowfKSsSQJo0AQCOhA1SzM9dWPLhkQH6yHvCAYm38LZ0Tdgd16GZVm4dOkS2trbSnJtqh/RaASdXc04c3o062MsywTKOO06FJrJ+ZhKVD0C1dvtmoEjERERERFR9avOO0qqWgKASxEIGkDYKG1Qs9LThZWeLhyc7MAj//AIACASzr1BBy0vlmXh/OAwDv3qdE7HmYZeohGlFvDmMy28MvFaNVU+MnAkIiIiIiKqLQwfKS8OOXbTHypxAAnM77SrqmrJr0e1LRgI4F9//ApCwdyDasM0yvammF+n6xIMZAmSJEGWKxs+MnAkIiIiIiKqXQwfKW92WUASQEAvbQAZ8F/pcq1o/CtLme17+QgGc5huXSkudzt8s7mOs/yxm82ulf2akhBQBCALQBYCslSpmk8iIiIiIiIqFJMcKogmCUiqQNiwSrYOZCBwJXxk5SMt5eCBdws4unxrPtqdzTmHj5VY89Fmt5X8GnI8bJTmwkYmjURERERERHWD4SMVTBGAogiEjdg07GLHN8nho6aVvwqLaouQ8u+GbppGEUeSmazk83e5/Kmc3Vb8f3OKEFCkK6FjhfroEBERERERURkwfKSisckCihSrgowUsQpyYnwi8Tg5fHxx8FlcCpxBODKOrqabcHvvnUW7JtWuq69dj9Onhis9jJKoREhncxRW+SjNVTLGKhtjYSMREREREREtHwwfqahkATgVAcUEQgZgWoWHkOcGzwEAWlpbAACzER9+cuQhqObZ2DUBjE/sxz9N/jNu6PszbGzZUPA1qXat7e0q6HjTNCBJ1dPdeb4KVD467FntJ3BlyrSUNH2aWSMREREREdHylv/8RKIMNEnArQjYpMKiB8MwMHRhCADQt6FvUfCYTLUm8MaZv8ZsxFfQNam29V+1ptJDyIoeDVZ6CFmxp2g4IwsBTRJwyAIuRUKDKqFRk+BWBRxz/+4VBo9EREREREQEho9UQpIAHIqASxGQk+aLDnlHMOQdyeoc5wbPwZqrnly3YR1+duKRlMFjnGqexbGxw4UNnGpeV3dLpYewJEOP5HxMJRrOOOw22GUBpyLgUSU0aRI8auy5TRZQpdi/dSIiIiIiIqJUOO2aSk6VYgHFzwdfwcDw30O1Yms4RkU7VrY9gNt770p7bHzKNQDMrBgBwi8teb1x32kAtxQ8bqpdq9a0Y2T4Ul7HmoZelmnX4dBsya9RDG6nHXa2nyYiIiIiIqI8sfKRyuLpU8/gzND/lQgegdg06fGJb+KZU/+W9rgjh44AAJo2tUCP/Kjk46T60NraWOkhZBQJ+xD05xeOlluqaddERERERERE2WL4SCU3HfLh3Ng/pH195vJ38eLgs4u3T8/g2JFjAIAtd0xnfb21zdtzHyTVlf7Na/M+1kLxOrUvZBgRXJ44jcsTp/M8Q/krEJ1OR9mvSURERERERPWD4SOV3KsXXoEMf8Z9xie+iVOX35237bWXX4NlWdj4sQ44pItZXSsqb8a1K67Ne6xUHwrpeG2aZhFHckVXtxOTIycQCeffEKkCSz7C4cyu2zURERERERFRKgwfqeSmQ2NZ7ffGu19FxPBDnetesfeFvWjc2Iw1K7NrIGOoO3Hvtv+W9zipfjidtqqZLrxx02r89//5e7jxxv4inK0CDWccDB+JiIiIiIgof2w4QyW3vvVqHJ5Zer1GxZrAvx39Bj53/Vfw9ol3MTU5Bafmhs93F9q60q/h12DvRH/b1Vjpyb/ajepP96pWnHk3u67qySyrOJWPdruGD33kZvzaXTtj41lTm38/7XZbpYdARERERERENYzhI5Xcjd3X4sBgO5SkZjPpiMh+vHD2FQy8FJuCHRj24T9e/Zto6+yEbgK6BZhW6dbko/qxoX9VTuGjkGKF4MUKHyGAvvWdiacrujoz7JzlKSsw79rhYPhIRERERERE+eO0ayqLHb1/DAPOrPY9efFv8ObR2FTr9et70d21Apok4FQEPKqASxGwSQJSJRbAo5qxtmdFTvsLUdy3w1Awgsd++BJEOIgGVcL6Ve1FPX+5uFzZ/bslIiIiIiIiSoXhI5XFjd3X4kPbvgXJvhtRqSfjvjL8aLo6Fnjcdtuuea8JAKok4FAEGlQBtyLBLguoDCNpgcKazhhFGcOZ02N49pn9gGVCCIGm5oainLecVq/OLcQlIiIiIiIiSsZp11Q2axu78Hs7vrjkfl/6P7+OC28PQJZlvPfWmzLuq0iAktSEw7AEdMuCYQKGBRicor1stbY1ornZjcuXs+suXaopzc8+dxi3774a7e0taG1twvTl2bzOU4kp123tzehc0Vb26xIREREREVH9YOUjVZWJiSm8/fYAAODGG94Dp9OR0/GyAGxJU7QbVQmuuepIRYgK9AqmStrQvyrrfZOnXVsFh9YWdD0CAAgGI3jm2V8BAFpamwo8b3lt3bqh0kMgIiIiIiKiGsfwkarKmwcOJR7ftntXhj2zIwSgSoBdFnCrAo2aBI8qwakI2GUBTYqHkowla50kYt9LTRKwyQIOWeDGGzbldg5JBgBYBU67jkRC8wLMgXeGAABtrc0FnLX8f0evvrq/7NckIiIiIiKi+sJp11RVTp06AwCQZRnbt20uyTVkAcgpprBaEDDnpmqbFhIfhgVY4PTtSpAgIEQsdhMi9tuS+HNJAAICkog9TuXmG/rxzRyuF6t+LHy9R02bX7F7+vQYgsEgOjvzn8JciSVNr77mqvJflIiIiIiIiOoKw0eqKvHwsa+vB7Isl/XaAksHk+ZcEBn7DFhzn688Z0yZipj7byJIRPowMXl7vkKhECRJgs/ng8OhIRiMZHWcLCswjChMy8z/4mn84oWDaOtoKeAM5U0fm1sa0L2yo6zXJCIiIiIiovrD8JGqRjAYxOjoOABg/freea+dmxnB6cunMeJ9F1d37cLWtvKuRXclmIw/S7/n4lDSSjyPvwbMDy+vPK98eBn/6uINTsSC1+JhIZIei3mP54eMEOWOzYCBgfPwegPY/+a7WQePACBJsbfEwtd8XOzfH9+P3/rEzUU/b6ks5/Ueg5FZOLTcOpPncwwREREREdFywPCRqsbJgXcTjzesX5d4/OjR/4WZmacgww8AeHXmR9gj9WD3xi+UPYTMRjyIA7IJK1MdPRdIJgeWiY2FD05ceXjlcwUCwlL613//JU6dGsn5OCEEZFlBKZqkB4MRvHtmooAzlPc7tG378lzvcWBkL2RZwvqOW3M6LqIH8O7Yq9i2+oMlGhkREREREVFtYvhIVSM+5Rq4Uvn4ryceg2/mR1g4AVs1z2Lvyf8dq3Z8H012dxlHWR4pA8F6SgdLbFP/qjTho5VU1SgS1Z3JFMWGSDhQknEdPHg272PLvebjtdcuv/UeR6YH8Mrph/E7t/x7zsc2Olfg5f0Po6NxPTobNpZgdMVXigpfIioNy7Lq6t9sqp+/REREVL/Y7ZqqxsjIGADA4XCgq6sT52ZGMDn13bT7y/Dj6VP/Wq7hUQ1xu+yJx4ahQ4+GEZ370PUIdD2CSCQA01y8tqMkyZAVtSTjunTZj+bWrpKcu5gaGt1Yvab6x1k0voMIRmbx0sm/ho4Awrovr9PIisDPjnwZwcgs4DtY5EEWRzzAqKcQg4hqD9+LiIiIlhdWPlLV8Hlj06q7umJNLp468Y0l/4JO+4+UeFRUi3p6VyQey7ICyLm91amqfemd8mR3tgBTuU8JL2fp65Yt68t2rYqKjABaF+A7iEPetzCjxypTp/xn0N24PadTeUOxX56EMYXnj38D93StBdzXXblGhWR7Y88AgKj6GYYBSarduoF01Y4L339YFUlERIUwTZM/S6pQ7f4fDNUdry9WbeRyOvHL4UNQ9LcrPCKqVZ2dTZUeQlqmpUCz5b5UQDl/fm7bXhvThgtmeIELX4U/OISDF3+Y2Dww9nzOpxq8tC/x+KJ3P8b9o8DoP8TCxzJLVVGUvC3VBxFVN4fDAZ/Pl7Jiv1Zk+z7E9yYiIsqXaZrw+XxwOByVHgotwMpHqhrxykeny4kD5/8pq7+cLtu6pXeiZWdFZ0tRzvOhu3fgllu24ctf+UFOXbOX4nS3IRLOdWpv+dLH667bUrZrVZRjI7D6z/H8m38ERb3yu7izl15HWPfBpmQXEod1H44OP5F4LkkCz48ex8d3/VnRh7yUhTfrqW7es91GRNXD5XLB6/ViYmKiZv+9pqpCiW9L/poW7sfqFSIiypYQAg6HAx6Pp9JDoQUYPlLZPH3qGQzPHgUAdDdux4fW3zXvda8vFj7Ka+Wsqh4NOHH7uvuKP1CqCy0tbly6lN/afXHnz0+gZ20HPviBHfi3f79S2WaaRuIjdsNkQZZVKIqW1XltjkbIigZDL16gWSwutwM9vSsrPYyymfYP46JvYF74GNZ9eOnUX+HOq76U1TmODj+RmHYdN2NcwuDYm+jt3FnU8WaysHJoqcepnhNR9XK73XC7a7/JXqZwMZvHREREVHsYPlJZ/N2Br8MM7Uk8vxh8Ef/P+BP45HX/E012NyzLgt8fCx+ttqElz2fAifdt+jrWNi6jphiUk9YWT8HhYzAYBgDc/7Fb8dLeo5ia8gKINaWRpIU92HPjdLfDO7303/W4ct14LZv1HucMjv9qXvCY2D61D4NT+9DbenPG44dnjuDA+UcXbZckgaHpoyUPHzOFifHH6T6nO8dS1yAiSmepn1VCiEVVjpZlpQwk4/ulOoaIiIhqC8NHKrnvHfp/5wWPcap5Fj888hf43PVfgWEYAABntxsu9c2054pKPXA7tuL2dfcxeKSM1qxtx6l3R2CaOiQpv7e6QNJU6/vvuwV/+3fPFGt4cDib4ZsdhWUaRTtnMWzc2FPpIZSVQ/PAslKvqfnSqb9Cm6sPHntnymPDug97Tv1l2nNrirNYw8xKqjXTMj1OdQwRUSlkqmjMFEACSPkaERER1RaGj1RSvxw+hLD/6bSvi8h+vHD2Fby/51YAQM9tsS7DurIZANDk2g674sKqxvXY1LIBTfban25E5eF02AAUFqgMDV1KPL7ttu146eWjOHnyYsFjAwAhybA7GhH0X1p65zJq7yjOepm1YtPK2+CPTmAmfA5Dl9+CX59IvBbWfXjuxFfwsWu/lfLYPaf+ctF0a0U40d24DV2N23Ht6vItC5GqujFVM4dUz1Odh4ioWNKFivHgMd3z5P0ZQBIREdU2ho9UUu9OvbXkPieG/g7v77kVmqbh7X+eRPevPYA//MxvlWF0VM96e2LVarKsQtcjWa/HmMmf/NeP4b99+VFcuDBZ8LmAWOOZbMPHct10dXa2leU61eQ9PfcnHp+fPIjXznwHM5FzAIBJ/2kcOP8odqz5xLxjBqf24ezU64nnTrkNt234Y6xpu648g0b6wBFAoiOuaZoZO8tmqoRMdS0ionTS/ZxKVemY/HjhhyRJsCwLkiTNOy4eQDKIJCIiqj0MH6mkAuGxJfdRrAk8feoZqKqKSCSCaCRahpFRvXO57InHxbpJcTltePCPPoz/+tD3inI+RXVUXeOZjs7WSg+hota0XYc1bd/Bz499Hacv74EQwIHzj6Kn9Sa0ufoAXGlIE9ft3ok7Nv8JHFpD2ca5VPAYf57p8cLj0lVDEhHlKzlojH+OP5YkaV7guDCYNE0zEUTGtzGAJDMDr4kAACAASURBVCIiqk0MH6mk+tpuxqmLi9d7XOjs+D/DprXD7wcikeoJYrI1MPY8IoYf27o/Uumh0Byn05Z4HKt+DENRbBmOSO3UqYvYsGFV4vmRo4NFGV+czd6IgG9i6R1Rnpus9vblNe06nV/f+kX87LCJc969EALYd+Y7uGfbXwCIPQ7rsWZG65p249e3frGsY8sUDsYDxuTP8Y+F29NNwWb4SETFki58TA4cJUlKBI3xaseF21NhAElERFQ7GD5SSb2/51acGN0MRX87436KNYG2Wzbg0lPTNRU+hnUfnjr6RUz6TwMALFjY3v3RCo+KAKCvr3vecyFS37wsJRAIz3s+MJB9h+ps2BwNWYaPpdfQ4IKq8sdC3Aev+VP87DBw3rcXwzNHMDxzBB5bJwbGnwcAdLl2lD14TLaw6jFd8GgYxrwQMl0AyeYzRFRMqaZbpwoe4x/J7zvJwWNyAMmqRyIiotrEu0wquU9c8xU8evhLSwaQnb0DeAc2RKJ6mUaWnUn/aRwdfiLRWKK39eZEheO+M99JBI8AENH9FRkjLbawUkKW1aKc99Ilb1HOE6fZsmuiVI4brda25pJfo9Z88Jo/xWNvjmMqfAIHzj8Kjy22lmiDshY3rPoshoaGMD09ndh/5cqVaGpqKtv40q3hmBw6pvucrgIyfp6F1yEiyiRdY5n441TBoyzLic8Lq6/jgWQ8cEx3HSIiIqp+DB+p5JrsbvzhjX+FczMjeHP4VYx7j8KKHIOMwLz9bGIKbdduh/dyccOdQsQrG+NTLAFgeOYINNmF7sbtiQqoVI4MP44p/xls6/5IYq04Kp/4mnZFV4KbHs3mRiTsW3rHEuvqaq/0EKrSh67+Mv7lwO9jeOYInKEt8PjvgM3owd5zry3a99ixY7j++uvR29tbkrFk6lK9sLoxHjQu/MgUQMbPxbCRiAqVqrnMwuDRNM1E8CjL8rxjk8WPi+Paj0RERLWF4SOVzdrGLqxtvB9ArLPsdMiHk5dOYdI/iunQGIaGRuBZOYuh40s3qSmXs1Ovzwse4wbGfz6v4hEANMWF/o474A2N4bkTX0m8fnbqdXzsmm/BY+8sy5gpJhwOL71THrZsXotTp0aKes5qCR/XrVu19E7LkENrwFbP72Bg4DRkI1apqiN9hfbx48dLFj4ulKqL9cLQUdd1jH7nW5jd+yKsUKgs4yIiypaw29Hwvtux4jN/sPi1uYAx+ZciDBuJiIhqD8NHqpgmuxs3dl+beP6j44/jzaefAgD4fH643a5KDS2hu3F72teGZ47Me97bcjOGZ4/Ma0YBxKonveExho9lFAgE8MorR5beMQ/vv/0aPPGTXxb1nIpqz/h6uW60+tavLct1qlk0GsX0dGzt2enpaYyPj2N8fBwAICO7KfJ+vx/Hjh3D1q1bSzLGdJ2uk8PH5MrH0e98CzPP/awkYyEiKpQVCiXeo7o++4eLpmgnv7+x4zUREVFtYvhIVaOjoy3xeHx8cl746Pf7EQgE0NTUBFUtztp92fDYO7Gt+yM4OvzEotem/GfmPR8Yfz7lNGxNcaHVta5kY6T5AoEAnvv5Afz4X14vyfnb2xtxy67NePW1zGuY5kJRHUU7VyH6+lZXeggV89Of/hQ+X/GqT48fP46Ojg50dHQU7ZypLFynMXkqdbzycXbviyUdAxFRMczufREdv/u5ecGjaZopp1sTERFRbWH4SFWjPSl8HB0dh66HMT4+jqGh+d2Fb7nlFqxcubJs49q17rOI6P6M6ztmPL73s7Ap2VVMUWGi0Sie/8XBogaPqcLu3/gP7y1q+CgrGoQkwzKNNHuU/kbL4bSjo7O15NepVk6ns6jhIwDs378fd955Z9F+YZKuCUy6ysd4+Mip1kRUC6xQCIZhzAseM1U+Jo5jIElERFT1pKV3ISqPzo52tLe3YOeOrbhw4QwOHTq0KHgEgDfeeAPRaLSsY9u98Qu486ovQVNi1ZhT/sGsjtvW/RH0d95RyqFRkmPHz+CHP1rcBKQQmzevWbStvb0RN93UX9TrqBWufly7pqui1680l6v4yzz4/X4cOnSo6OcF0gePqQJIIqJaEW+GldwIa+EHsPiXMURERFTdGD5SVYitkXYEt71vJ3p6Mlc1RqNRvPjii2UPIHtbb8b91zyCVte6lE1okmmKC3de9SXsWvfZMo2OTNPEv/7blYpHyzIRDM4iGg3DTFtRmNlVm9JPQ962pSevc6YTjQbTvlaOio61Pd0lv0Y127BhA0IlqBAcHBxMrBlZiKVutBeGjsmPiYhqRar3sOTQMR2GkURERNWN4SNV3ODg/9/efcfHcdf5H3/NzFaterdkW7bl3uTuOHYU4yQEJ04jCSGQg8DBcbk7+N0BCUkIIRztfuS44zgCFw740dNMOVI4hzQ7dopL7MS9SbZVrd5Wqy0z8/tjtetdaXe16pL9eT4e69md+c53vmNZY81b3/l+K9m2bRuNjY1J79PW1jYuAWSao4Abl3yHNHv8cdxm5Kzj9mU/ZGbO5WPYMqHrOqdPX5gpXVFUHI40wMTrdeP1dqPrfiC5G5Tbbl3PVx/+SNztS5aM3GzGAb8nwSPXY6O0tH8Pz0tJVlYWNpttVOrevXv3qNQbEutx7MibdyGEmCwir13xhpoQQgghxOQjYz6KcRN6JDHWo9XJCAWQmzZtGtNJaOyWVG5c8iid3vP9ttksLnJdpWPWFnFBrH8DiqJgtTqwWGz4/V58Pg8KCharDU2zoiixf/8yu7SA227dkPB4eXkZZGe5aGl1D7vtiXo9jpXS2Zd2+AiwbNkytm/fTlZW1ojW63a7qaysZObM4QfW8W6+Ez16LYQQk0WiR65jkfEehRBCiMlBwkcxptxuN42NjRw/fpy2trZh1zdeAWSao4A0R8GYHU8k52//ZjP/9eM/91uvKCo2mxPTtBMI+AkEfPj9XiyWYAipqlpU+VOn+wfLffn9/hEJHgGMQOIevGNxYyXhIyxYsACPx8POnTuxWCw4nU5sNhsWy/D/q6ypqRmR8DFS3xvyROOjCSHEZDDQdSxy4hkhhBBCTB4SPopR5ff7aWhoCL9GInDsa7wCSDHxbNy4FEVV+MFjf0TT+j9CqygqVqsdq9WOrvvR9QBerxubzYmmRf/bqalppLg4L+6xzpwZOKCcLFwuJw6HfbybMSGsWLGCFStWUF1dzcmTJ8PXLY/Hg6qq4Ueznc7gBEGR6+IxDGPEZ9LuezMea7uEj0KIySbRtavvdU8CSCGEEGLykPBRjKo333yTurq6UT9OW1sb+/fvZ82aNaN+LDGxXb5uPl97+ASu1DxSUnNR+vRqDNE0a2/gGHuW6YrKuoThY3e3dySam6TRvcHKzEwb1fono6lTpzJ16tSodU1NTXR0dNDd3R0eo7a+vh6v98K/hZaWFgKBQLi3pNPpJDMzk7Vr145Ju6XnoxBiMpNrmBBCCHFxkvBRjKo5c+ZQVVU1Io8tDqSyspLi4mKKixPPli3GTyik8fv94bHoLBYLmhYMCO32ofe+MwyDnp4eXnvtbSyahe6uBro66nG6srE70rE7MwZV37lziSdAUtSRCwQtVkfC7SYGKCqYozN+X2ZW+qjUe7HJzc0lNzd3vJsRUzI9hYQQYqJL1JNbCCGEEJOXhI9iVE2ZMgVd18ckfATYv3+/hI8TiN/vx+124/d2EWg9iNp9Aq37JIq3FrQUTNWJr3dpak701OVY8tbhdDqx2+0JH6P3eDx4PB78fj+qqvL2W+/yzr5jHNh/DFXVUFUN0zTw9XTgcbegqBoOZwaOlCxs9tQB2z7QRB1Ll8wa9N9HPImCUacrG0dKNgHdh9/TjmmM/AzvWVmDC2bFxBV5ky4360KIySjyGibXMSGEEOLiIOGjGHVlZWUcOnRoTALIzs5OOjo6SE+Xnlzjye/301K9D6XpVSztu7B1n8BmJPmY8gnwpS2nO205ZKzCmn85drsdm82Grut4PB6qqup4fcc+3th5gKam+OOIKoqKxWLDYrFhGDre3iDSZk8lJTU3Yein6wP3bJw3t4jjJ2qTO68B2Oyp+LxdUZ/TMouwWHsfC/epKCkafk8Lhj6yAWRmljx2PVklmgE20faRYs8vIHfDFdiyo3uE+lqaaNr5Ot6Gi2dsVCHE6Bvo2iVhpBBCCDE5SfgoRl1ZWRn79u0b1fDR5/Ph8Xiw2WwSPI4zv99Py7EncZx+aMh1aJ370Tr3Q+3P4KjKMc8aurR5HK7J4p1DzVSdqx90naHekFis6LqP9pazoKhYrc5wT8hQ+HfDjeu5++NXD1jnJz5xLQ899HMC+sjdDGkWG2kZRf2CUZvNic8HOLPxe1oxdN+IHTMjXcLHi8FY3pTnbiin6JbbyN1QHrfMvC9B084d1P5hK007d4xZ24QQFxcJHIUQQojJT8JHMSY2b97MU089RUFBAaqqDnp/wzDw+YJhi8fjAaCnpwfDMDBNk7y8PJYsWcLy5ctHtN1i8DqrXhpW8Lj9WBFHarJo6HTS2OGgsTM0IUxt72u4FDTNgqZZMAwdXffS7e4JTumiKCgo2G2Jx2AMmVGSz7o1hTz/wm7sjnRs9tS4E9wMRNUspGdNw+nKjlvmQgCZNaIBZFa2PHZ9MRqtG/Yl3/k38q7clFTZ3A3l5G4op3H7Kxy87/Oj0h4hxMVFwkYhhBDi4iPhoxgTU6ZM4cYbb2Tbtm243e6kekEGAgH8/uDjpcXFxSiKQn5+Pna7nYyMDDIzMykqKsLhSC4oEmND6TyKYk3H9HcMet8fvbyI144VjUKrYlNVDZX+YeFgbnxsNnt4XEkAS29PSovNgabZkhpfEiAjuyTJ4znx+5VgANnTjhHoSbqt8WTJhDMiSeufexF7Xv6g98u7chPrn3uRXVvePwqtEkIIIYQQQkxkEj6KMTNr1izuueceACoqKhKWlVBx8rJ7DmE4C9EHGT6OdfCYSENDy4BlPB5PxIzdwXElTdPAMHR6PK2YbgOzd3ZqzWILB5GKqmGxOlBV7cJ4joNk7d0fIOBV0f3dQ6oHwOGwU1g4MWdwFhPL2id+N6TgMcSel8/aJ37H23feOoKtEkIIIYQQQkx0Ej6KcTFr1sjNFCwmFkNLRXEWobjPYerJ9crbU5E/YYJHgKam1rjbAoEAO1/fw7b/3dVb9sKEN4qiomnRfSkNQ8c0zeDj3V0ewIyaSVtRNTTNRk7B3EG1UdOs2GyhOiwEvIPvaQpwx53XUTp7+pD2FZeOxd96FNes0mHX45pVyuJvPcqhB+8dgVZNXOkLF+Esnkbbu/sv+kl3tBQX2WvXEejsoHXv7vFuTlKyVq3BkpZOy9tvone7E5adjOcnhBBCCDHRSPgohBhRqj0P9C5U1wz0jmNJ7fOLnYML3sbTq6+8xXcf/XnS5dXIMSD7POFtGDoApqkT8HsG3RNS06zY7So+FBTVgt8zcI/NSPMXzOLOj1w/qH3EpSd3Qzn5V13Tb7274jTHH/020++8i9zyjVHbmna8xrknfs28ex/oF1rmX3UNuRvKBz0JTfGtH6LoxptR+gzb0XHoIMe+/fVB1TXaim65jcIPXM/Zn/+Uyp8+Pt7NGVXpCxcx9wv34e9oZ/dHbo/aNuWGmym+5Vaadu7gzM/+O6n6hrLPYM24+69JW7CI49/5Jue3/Zm5X7yf1DlzOfuLn9H8xs6osonOTwghhBBCJGfwM38IIUQCtuLNAKgpxajOwgHLH6nJiphUZmLz+Xy88vJbI1ZfaAZuTbOgB7xDrsNmTwk+1p2Sg6Ikf1n/6F/dMKRjiktL0S239VvnrjjNoQfvo+2dvRz+yv20vbM3vC1y3aEH78NdcTqpOgdiz8nFNbMUZ1Fx1MuWk9ywAat/+QTrn3uRrFVrBn3sIVEUFG1oE1BNRrEm20qdPYe0BYtIX7go6XqGss9QKKoSbnP6oiWkL1hEaunsBOUvna+lEEIIIcRIk56PQogRZclZhd6+Cb3hFbSMRSi2HIzuakx/e8zyJbmd4ceQVVWB4LzT46unnqbK17HllGG327Hb7Xg8Hh79zk/Z/05yvTkHK+Dvxu7MHNK+qqphd7jw+TyQkk2gp2PAmbBv+eDVrF69ZEjHE5cOx5QicjeU91t//NFv464Mhop6Tw+Hvvwlyr73GACHvvwl9J7gkAvuymDvyBU/+knU/rkbynFMKaKnbnAz2Jt6gKonfkPFj3846HNRbfZB7yOG5+S/P8rJf3901PcZrr2f+OiYHk8IIYQQ4lIj4aMQYsTZZ92F356Nr+Z5VGchqrMQ0/Bj+tsx/R3Bl68VTAOXPcA/vv9dnnp7GueaUsJ1qGqoB5+C0vteVVRAidg2OqpqO7G+exeGlkpn2kpqLMv4zTYfb7x1atSOqQcSh4UDURQVmy0Fn09BcWTi93bEnQl70eLZfOaeDw/reOLSECt4BJh+5110HjkUDhl9Lc3hcRx9Lc1RZafedkfcuqufeXLE2jr/y18lb+Mm3JUVpC9cjGqx0LL7LQ7e/0VW/exXuGYGxxpe/tiPad3zNu/d93kWPPQIueUbUa1WAl1dVD3xayp/8l/Mf+BhcjeU0/zmTvLedzVGTw/H/uUbFG6+PmZ5gPkPfIXC67agWm3oPZ647Vz+g8dJmTkLRdOwZWVjeL2c+80vqXj8MUr+6m6Kb7sDe14+iqZheL1U/+5pTv3Hd8m5fANz/vGLpEwvAUUh4HZz7tc/p/HVl1nw0COkL1oCioLh81L3/LOkzVuALSuLQw/ei5biYuEj30BLcXHy3/4vdc/9idW/fAJLahoH7/s8RTfdwpQbbkJzpmDqOs1v7uLwVx4gbe48Fjz8z3hqarCkOElftIS6F56j4aVt4bYYfh8oKoGurn7nuvbJ35MyvYS65//EsW9+jZmf+lum3XkXltRUME08NdUc++bXaI3oOdt3n3hf16qnnmD+g1/B19jIO3/3afRuN7P+5u+Y9pG7qP/z8zinTid90WIsKcH/V9yVFRz95tfoOPReVBsLN29h3n0PYPj9nPrP71H37B+j/q4TnZ8QQgghhEiO9sgjjzwy3o0QQlx8tPQ5WLJXYPi7MXrOoyigWFJQbVnBQNI1A8Weg2JxMT23h81LzrFx4Xmm5Xpw2nScVp3GDhumaWIaBqYRnEnaMALouh/DCIQ/m5gYpoFhGoAS3Mc0AVCUwfek9Osqt6+pYPvRXH79koNnXmzj9Nm2gXccBtM0sDnSh/Von6IoWCzW4HvViqKoGIY/qozTaednv/j2sNoqxl/o33fo37ppBicyCr10XQ+/up/9w5CPk3P5BrJWruq3PqVkBplly2h+cxe6Jxi0BTo6CHRET3y0+FuPxhwvEsBTW9NvfL1EslauJqNsOYoC2WsuI2/jJjKXr6SntgZ/ezu55RvJXLoMTJO65/6EarOROmce3vpaGre/SvrCxZgBP6f/6wc0vvoyeRuvouimW2ja8SoH7/1HMpetIHvtZbgrKzADfnLWX0Hq3Pm0v3eA5jd3YklNi1s+f9PVTL39TrqOHePsL36GLScPe24e7e8eoHXfnqjzmHLdDbhKZ9O2bzfVW58ifcEiXKWzaT90ENVqxZqeQe3//J7mXa8Ht82cRefRI0y7405S586n8vHHqPjRf6J3d9O2dw+FW24kZ305NX/YytF/fphAZycdhw9iy8klbe48Oo8dw56XR8669SiaSk99PZgmUzbfgKemCm99PSUf/yQ95+s5eP8X0FJSyF1/BarVSt2zf6Tg6mvJWrESU9dpen07zW/uZOYnPo2jcApVT/6ajkMHSZ+/gIDbTc3Wp6LOVVFVMpeWYXi9dJ+ppPSez6L3eHj3n/6B1n178DU10fDKS5h+f8x96l94Lu7Xtf3APuy5ebhmleKprsJ9+hTT7vwotuwcqn77K+x5+XSdOEb1009gmgaZy1agYNK0cwdTrrsBe34+zbt20rpvD7bcPNLmzqe7soKOo0dY+PDXkzo/MfJSbrwFTdOwWCxomoamaaiqGl4qihJehv5/77sUQgghxMQjPR+FEKNGdU7BMfdvMLpO46t+AaNtf3iboigotgywZYArONvy1Owuiqe1s9nfjumvxgx0U9/u4Hybg4oGF11eK5WNLrq9Gk2ddpo6e6d7jpg9Wic6bBuqZ3aXsnXP2M7Krge8qJp12PVYrQ5U1YIfBVWzcdnqWezYvofS0mn82388MAItFQIyV6yi7HuPcejBe/FUV/Xbnih4BHAUFAz6mIqqkr6kDHona/I2NtL46st0nzsLgN7tpuLxH1L/5+eY/+Wv4iqdg7NoKnXP/YnZn/0nTMPAffoUrXt3U/KxT4Ch07xrJ56aajqPHyVt7jzSFyzCU1sDpkH7ewc48Ll7AFj2/R/FLZ9RFgzHzv/lf6n5/TOkLVhI2vwFcc/D19xE1ZO/pXXvbjKWLiN3QznpCxZS/cyTNG5/ley169AcDjw11TiKisKT7Kg2G9mXXU7X6VOc/uH3Aci76hoUTSNz6TLa3ztA5X8He2K6ZsxCKd8Ybofu6cYMBLDnF5BSMgMtxYm7soKsVavRHE6admyn/d0D2HPzyF67jsxlKwAwvD3onm4qf/rjYBh57Wac06bjrjjN6R/+J1mr1lB43ZaY5+muOB3uHRtiy8piynVbqH7mSc5v+3NS+8T7unYcPUJG2XIyli6j8+gRXDNL8VRV0fT6dppe3076wkWklMzEfeoUOevWQ4xe896G83jr6zD1AAC5V5QnfX5CCCGEECI5Ej4KIUadmlqKY/5nMdxV6K378LcexvScQ+nTK0+xpqJYU4FiAEwjQHFWO0X+dpbNbcf0nQczELVPV4+F0+dTw+8rGoPvu70alY2u4HufFvVI90AcNn3Mg0eAFKeCYrHi8w0/QNU0C6rDhc/Xw4MPfYYHH/rMCLRQiD56e2CO2eEC/iGP+diXoqrhx5EXPvINAAxfn+EPIn6xkai8oqpgGkN6NFf3dKNYLNiysplyw82U3vMPWDOzMLw9KBYr/vZgr+uq3/4ae24+mStWkbVyNR2HD3L0G49Qs/UpUqZNJ3PFKhZ97VvM/OvPcPJ7/0rniWMEut2kTAv+csff0Y6/rY2U6dPR3cF2dh47SsbSMlCU8Ln629sxvF4saWkXGmmamIFA77lqKKqC4Y09rEM8HUcOU/30E0y/6+MUf/B2ptxwE/UvPDesmcrb9u9jypYbyViylO4zldiys2l+6w20FBeLvv5tci67HCMQANNEcziSqnOo5yeEEEIIIeKT8FEIMWZU1zRU1zSsU2/G9LWgN+1Bbz+E3l0NMSakUVQLij0H7DnhdWagC9PXiuFrw/S1kurwU1Zy4ZHo9fOa4h4/1IuyvsNBQ3vwRtQ0TY7UZOBy6MzIdZNq9+N0qPy/HfNH8MyTE/D3ULZkGucb2mhoaEPXjYF3SkBRVOz2FA4erGTJkpkj1Eohglr37ubwV+7H19ISc/uhB+9N2Pux5/z50WzegEzDQPd0c+K736Hu2T9GbSvc3L+nW6Lyy3/w+JDbYcvKwgz48dTVUnDNtag2G8e++Qh1zz8bHB9yRvB7t/Wdvey5+yNkrVjFjE//LZnLVjDjk5/m8Fce4MDn7sE1cxYzP30PeVe+j5KPf5J3/+mz+FtbcRQUAtBddRZfczPZ69bjKp2Dv70d9+mTZCxeEgyRe3sFak4nisVCoLNzyOcUz7nf/opzv/0Vxbd9iJK77qbg2s10njxOzdanh1Rf8xs78VRX45w2jayVqzECAdre2UvuFeVkLltBy+63OPTlL5F35fuYd5/0+hZCCCGEGC8SPgohxoViy8ZSdC2WomsBMP2d6B1HMTpPYbjPYnjqINC/F5FiSUWxpKKmTAvuF3Bj9gaRhq8VjPgTtxRm9FCY0UPZAG17ZnfpkM9rOFpbWtA0laIp2RTkZ1Jb10JDw/DHmjSM4YWY4tLla4kd5jduf5XDDz+A0ZO4d1iiANJ9+uTgG6QoWDMzo8JBvaeHlrffTG53VUVzOgHoPH6MzOUryV57GQ0v/4XcK8pJX7CIih//KOa+icq7z54hc8UqctZvwNvYQMai3pnk40yOZXG5yCxbjpaSQvqCxfiam4N/H9dcC4qK6nBSdOMt4YlpNKeTGXd/Cn9XBzVbnyZz314yFi9BczqZevuH0ZxOqrc+TfOuHWSvWYvmdKJ3u/HUVJG5bCWmadC963X8rS1oDgcp06bTdfI4HUcOk7ZwEQX6ZrJWrcGeX0DO+iuwpqXTeOpEzLZ3n63E396Oa2Ypee+7mowlS7FmZKC73WgpLvRud8z9UqaXUPzB22na8Rr1LzxP7vpyslauxuJMvld6LO0H3yV1zhwylpbRU1dLw8t/oeDazcG/fpsNW1YWeRs3oTqcaL3HMg0DFAXV3n8G9KGenxBCCCGEiE/CRyHEhKBY07DkrIGcNQAcOXyCIwffo/bsKaxmJ7MKfSya5ibbFR12KBYXisUFKcVogBnoDoaR/tbgUh/8o3MbF9T2PnZtYhjmqM+uHYumqUybmktOThrV1U10dsafPXcgbrc8PiiGpmnn68z7Uv/1VU/+pl/wuPhbjwKEZ70Oqd76VMzwsWnn64NqS8DdBYpK8a0fovjWD4XXdxw5TOOrL/Urb/h8YJoo1uA4qt3nzpJXvpGl//ofNL76MhWPP0bWipUUXH0tBdd8AEwTd2UFja+9EvP49S88G7d8zdanyCxbHtx29bW4KyvQu92klJTErEux2pjxyU+jWCz4O9o599PHg+fx2iukL1zMvPsexPB56Th8iNS584PjSi5bTubylcy798HgTNF1tdT8fisF115H/lXXUPr3/wcAf2srtX/8PQDtB98je806TEPHXVmBr7kJU9exZmbhPnsGgJqtT5M2Zx6F121h/bPbwDTpOHyQ6qefiNn2jiOHqf/z80z/6MdY8i//SqCri+6zweVS+wAADy9JREFUZ7Hl5pK1ajVNO16LuZ9z2nTyNl3NtA9/FBQF0zBo3f0W1b97Jmb5ePp+XVv37qZw8/VYs7JpePVlAJpe38GULTeTvXoN6373LJ6aajzVVaSWzsaeX0D7wXfJXL6CuV+8H0d+9NijQz0/IYQQQggRn2KaYzxgkxBCJGAYBn/6n5d4+aW3OXnibNS2smXzuP6aBaxbbCHQdRrTUwee2oT1mbon3DMyGEYmF+JtO1jIj/7SvwekoqjBmbv7zEqtKiow/Jk2P/fhbGq759Duz41a39zcQVV105Aexb75psv48B1XDrttYvxEzm4Nwe8T0zTRdT08u7Xf7ycQCOD3+/H5fHi9Xnw+H02f/tiwjr30u98nd0N51Dp3xWkOPXgf7srTQPTkMg0v/yUcQLpmlrL4W9/BNSv6e6lp5w7e+8LnhtWukZK1ag22nBy6ThzHXVkx5PJaiovstesIdHbQunc39vwCAl1d/XrKhR6lPvatf0bRNFr37Y0q45o5i9TZc+k6dQJ3ZUVUPa6Zs0idO49AVxfNuy6Et/b8AjLLlmMEArS8/eaQeueF6vY1N9O6d/eA5dMXLsJZPI22d/fjbThPyvSS8MQ/iWStWoM9L5/us5V0HDk86HYORs76KwBo3vU6WooLS2oq3obkHvcf6vmJ4cn9719is9mw2+3YbDasVisWiwWr1Ro183Vo1muQ2a6FEEKIyUDCRyHEhPLittf5wfd/G3fSlaKiPO69/1MsWBAMMwxPLUbHCQKdpzC6KqCnPmH9pu7tDSJDYWR33LL17Q7+Z28xh2vSBzVhzXD88fO7AOgKZFHbPZsazxxqPXNwBzLQdYMzZ8/T1ja4YOHmm9by4Ts2jkZzxRgZz/Axd0M5S7/7/X7r3RWnOf7ot5l62x39ejY2vPwXqrc+xbx7H+gXPAK894XP0bRzx7DaNVmFwscjjzyUVMgnxKVEwkchhBDi4iSPXQshJpRdO99JONtzbW0jr778Zjh8VJ1FqM4iLAXBcC3Q8g6BlgMYnSfA29Bvf0WzozgLwRmchME0fBeCSF8rZuBCsFeY0cNnrjod/lzXFpyoprPHQmXvrNoAlY0uur3RPSGHIsWuh9+nWlqZm76Huel7AGjz5VPrmcPsjDkcOJdPZVV30r0gfT4/7e29E/qYenDGcDOAEfCjBzyYRgDF1DENP4pigBEAdDACKIqBLXcNTqcTi0X+y7gUNe3cQeP2V8i7clPUetesUlb86Ccx98m/6pq4E800bn/lkg0eQwyvV8YOFEIIIYQQlwzp+SiEmDBaW9r42F334/cHEpYrKZnC4z/5+oD16W3vEWg5QKD9OIq3Lqk2mIa/TxjZf9KbMaNoKJYUFC0FLK7e9y6wpNDlddDpUTD0AJoKmgqqagaXSnCeC001UVWwaCqaagImCoO/5OtKCn77DNQpW8gsGPtZwMX49nwMWf/ci9jz8odVh7exgV1b3j8i7RFCXHyk56MQQghxcZJuLEKICaOj0z1g8AjQ0NCSVH1a5lK0zKXYAcN9Br3lHfxtR/C1VWCzxt5HUa0ojnxwBEMW0whg+tuDPSID7uDs2gF3sPfgSFPtqLZMlNDLkhq3aJrDR5oj2Yr1gYskoJndaD1HMM6cosNzE+kzNg+rPjE57dryftY+8buYj1Enw11xmrfvvHWEWyWEEEIIIYSY6CR8FEJMGE6Hg6zsdFpbOhKWmzGzOO62UL++yD7dJkDKDNSUGdimfpBv3vcwWepZSotMSgoVpuarpDpj95hQVAuKPQfsOdHHMXz9A0kjAKYf0wgMHE6qtvBM3Yo1PRg2as7E+yRgmgboPcHZvXUPpuGLW1ZRNNAcoFjA8GIa3ui/MEVFUe2g2S8sFQ3V9GE27wAJHy9Zb995a9TkMsmKnIRGCCGEEEIIcWmR8FEI0Y9JMIsyB3hP321cyLAulDUvlO27vc9nMrKZNX82+954J2H7ps+fy5nu0GOoEfsnKbe0jG2/q+WliMPMmaqzYJrB7GKTkkKV4nwNVYlfq6LaUGw2sGXFLRMOIY0AphlAUS2gWEG1oijqIFocqs+H6e8KhouhkFHvCc7gnSBsHDGqDX/uVXi8Znheb0W5MMe3Aigo0euU0PrelxJZts/2GO/F0I3WI4iHHryX3A3lFN1yW79ZsPtq2rmD2j9sveTHeBRCJE8enxZCCCEuPhI+CjGJGb3Bn2GCQTCIi700Y6+PqCNy23gOBLvyirVUHK+ktbk15vaZc2eyeHUZxjAaubp8LWdOVHD84PHwupPVGierg5PG5Bflc/PHbmPNIjvW7pNo3Wew9tRiDTQN6jiKagEsoA0+SDNNHdPfEX7h7wgGjuPJ8NFTcD2+hJ06R+5fTyiEVLkQRqqhZZ9twaUSZ31wqUbUcTEayxv2pp07aNq5A8eUInI3lJMyYyaOggIAes6fp/tMJU07d9BTVztmbRJCXJwkjBRCCCEmPwkfhRgHobAwKjTss84wzXAg2DdcjAwdLzbL1q3ANE1e/MP/cvbkmahti1Yu5tpbr6N0wexhHaOopJjNH9oCisLx945FbcsrzGPz7VtYdtlyfIAvbWHUdlvnkWEFkomYgS6MniZMbxOmv33E6h0pXQu+ja9wy5gdLzIUTy7TTO4bIjKE7BtKhj/3BpmR62KVG2/xbsrHagKGnrpaqp95clSPIYS4dAx07ZIgUgghhJicJHwUYoSYgG7Gepkx14v4ll++kvyiAqoqztFY34CqahROm0JJaQm5hXkjcoy5S+ZTPGMqR/YfprGugUBAJzsvm7mL55FfVBB3P1/awriBpMVzBs3bCKaOYhoo6ICBYhoQ+mwaKBh0dBkYhoFLa0YLNAYDR907Iuc2GtxzHsI79c7xbsaICIX2ib8PB/4m1ZRYLyXm+rG6XVYURWZ+FUJMapHXMLmOCSGEEBcHCR+FSEIgRngYiBEqXow9EcdL8YypFM+YOqrHcKWlsrp87bDriRVIxrP/jT2888Zezp06R2N9EzZ7EfOXbmTZmiWs23QZmEZveBkMKkGH3vfBdcFAM1Rm92u7eO25l1AVM9gjTzV735sR72HFujLWXLmmNwjVe+vtc6ze9eEyoeOi0zPjU8P+e7rYxP5FQv+LgBojjLT0CSktvcuhineTLjfuQojJJN51TK5lQgghxOQm4aMQfegmeA3wGeAzzN7leLdKXAzefXsfzz3xLHVVdeF1Pq+f9/Yc5uC+I7i7/Vx10weA5EdOrOk4zqnzGQOW00qms6zg+qE0WwyT0fuLCX/U2v5fYZsaeinYe98PNpAM3aRHvoQQYrKQa5gQQghxcZLwUVzy/EYobDTDoaM8Fi1GWktDE68++3JU8BjJNEzefOVNZi+cR8mcmUnXm5qellS59Mz0pOsU4+PCLzqCFyBNIRxC2pTg0hKaLVxRMHunek/UU0hu3IUQk0mia1fkOrm2CSGEEJOLOt4NEGK8tflNGrwmbX7w6BI8itFx9tQZThw6mbBM7dlajhw4NKh6i2dMx5HiSFjGZrdSunDOoOoV4083oVuHNj+c95p0BKIvTn1v0GP1GJIbdCHEZDLQdUyua0IIIcTkJOGjuOTZhzPQmhBJaqitT6rc+arkyoXMXTKPDe8vT1hm1RVrWLpm2aDqFROPXY1/0x3rZl1VVVRV/psXQkweoetWsr9IkSBSCCGEmBzksWtxyUvVwO5U+o3xKD0gxUjStOQut8oQwqKrb3o/AK88+xKGfmGAUqvNyprytZRf975B1ynGl0UBa8QYkNbex65j6XvzHQoeQ0shhJgsIq9dsa5tQgghhJicJHwUlzxVAXvv2GoQ/MHWMHvHXzPB3xtI+o3grNdCDEVRSXIzd5fMnjHoutOzMvjg3bezdPUyjh88SmtTK2kZacyYO5OytcsHXZ8YW5beYNEaChp7x3hUo+6zL4zxGEvf3o7S81EIMRnFuoYl86i1BJNCCCHExCbhoxAxqAo4NAiOpBf8gdYk2Buy/8uMuV6ISFNnTads7TLefftA3DKz5s1iXtmCIR9j9qI5zF4kYztOBArB64jW76XEWBe6ygyi/t4JZ+KNjxa6adc0bTROTwghRoWmaQkfvQ6FjBI2CiGEEJOLhI9CJEkh2EPJ0u/n3f4/AOtmsPdkOIwk9PlCUBm5XbLKi196ZjofuP16ujq6OH30VL/trjQXV15/FVOmFY1D60QyVKIDRTUiUAy/J3r7SIqc4Tryc6Lg0TRNFIcDs6dnZBsjhBAjTHE40DQtYQAJsYeaEEIIIcTEJuGjEKMgFD5Y+23p/wOySTCIDC0NEwzA7F1e+GyGP4f3iSgTWY+YmEpmz+CWu2/jvbff5eTh49RX15HiSmHRiiUsv3wF85YOvdejiC3UA1EFlMhln3WqosQsq/aWDW2baLe4kYFkKHg0DCMqfEy/chPt214Y55YKIURi6VduigofY439KEGjEEIIMTkpZqJBpIQQk07fIDIUZPYNOU0uBJpmgrJmjHVCjJTIUE8JhXwR7yMDwwvblKj91Bhl1Yi6Lyah/7JDS8Mwgt/HhhF+6boe9QoEAtQ//hgd21+RHpBCiAlHcThIv3IThZ/5eywWSziA7NsLsu9EWvIIthBCCDF5SPgohBiUUBgZfs+FcDJ0MRnwc586gmXM6O0R+9JnX8w+nyOWsbb1e9/nqtf3IhjzojiKwasS/iPG+kSfldjblMilEmNdxLZ+62OtI+Imr0+56DIR72PUFbVPn/1FcvqGj6Zp9gsf44WQoVdoW2RwGaonsk4hhBiOvo9KR/ZkDPXODi1jvSJDx1iTz0j4KIQQQkwe8ti1EGJQIkOmqJUjUrMQIpHIcR77jv/Yd2brvttDZXRdR1XVfsFjZPm+4aOEkUKIgSQai7HvuLSxAsjIZazQMVbdEjwKIYQQk4OEj0IIIcQkFXnjHTn5TKzHEhVFCY8HGSt4TBQ+CiHEYMULH/sGkJGvWJPN9N1fCCGEEJOPhI9CCCHEJBTZCxKImmwmtIwsG1ofr8dj36UQQgxXrEekYwWQfYPIWNult6MQQggxeUn4KIQQQkwifR+5jhQZPMabBTsUPgISPgohRlW88BGIChUTvR+obiGEEEJMfDLhjBBCCDEJxZt8BgiHi7EerU40uUy8HwnkRwUhxEDihYGxHr+OfB/rkWwgavgImWRGCCGEmNz+P8Xtzo7g0pawAAAAAElFTkSuQmCC
----[INFO]----Unable to locate elementPatient Module
----[FAIL]----Element 'Patient Module is not present
----[FAIL]----Element 'Patient Module is not present
data:image/png;base64,iVBORw0KGgoAAAANSUhEUgAABR8AAAJmCAYAAADVS/dbAAAAAXNSR0IArs4c6QAAIABJREFUeJzs3Xl4lOW9//EPkH0SlgATkCVkoUQYIkohGCuWoKCnINLaH6Di8YALVY+gBa1iqhb3pbgcW2Q7FlCwrUWFUwVMUNRAWATDgEGTDIlEyYBBSIaBrL8/spBlZjJZJjOB9+u6vGqeeZbv8zxjox/u7313qqysrBQAAAAAAAAAtLHO3i4AAAAAAAAAwPmJ8BEAAAAAAACARxA+AgAAAAAAAPAIwkcAAAAAAAAAHkH4CAAAAAAAAMAj/LxdAC48JRWVCujcydtlnBcyzAcabYsw9laE0eiFagDPKbbZlGM5LJvNpmyLRZIUExUlg8Gg6KhBCjUYvFwhAAAAAMARwke0q7RvT2jdoVNKio/QlIFBIoJsnmKbTVtSt2pLSmptAONIqMGg+OEmJSYk6PKE0U0GMwsWPuowyHTkLy//WTFRUW7tu2BhssvPp06epMQxCQ4/W7J8hbIth926zgtPLaq+nvv3IZ0Lr0JDDYo3mRRvGubWvWWYzU3eW4140zC98NST9bZNnDK12ce6ez1JmnP7LMVERTXreTiq0xlPndeRLalbtf6DDS6/75IUYTQqcUyCrkka5/b3EwAAAADgeYSPaBe5P9q17JM8bTYf05iRA/RB3hltt5ZoysAgJRoDvF1eh5C2I10vvfqaim22JvctttmUtiNdaTvSFWow6N2317RZHVtSUhVz+2y39s0wm11+nmOxKH64yWE4mm2xNCtIbIm6gVbajnRJVYHk1Osn65qkcR69dnM19SzrsrnxHfF12RaLXnrltSZDxxoFVqvWf7BB6z/YoFumT9PMGdM9XCEAAAAAwB3M+QiPKq+o1JLUXP32f/Zos/lYvc+OnanQ8m9O6yVzsbJOlXmpwo5hc0qqnnjmWbeCx4ZacowrW1K3ttm5im02rVm7rs3O1xayLRa9+MqrWrAwuc2fHdyTbbHowYXJbgePAAAAAADfRfgIj9mwr0BTX92tlZ9953K/Az+V6emMYq3OtutUaWU7VddxFFiteunV1zx6jea0qdaMqmwr6zds9MmQKcNs1t3zHmhVAGkICXH4bKOjBjV5bHTUoBa1D0dHDZKheiRpTFSUDCEhbX4tT523xkuvuDfCFwAAAADg+zpVVlaS9qBN7c09qWWf5Gn34ZMOPx8zcoCKu3dz+Flgl066YWCQJvYL9GSJHcrjTz+j7ek7nX4ebxqmeJNJBVarCqxWh63Km95f79a1br3jLhVYrU3ud03SOM2fe1+T+2VbLLLZbE3OVxhvMtXO21hXsc2mJctXOBxtaQgJ0arlSx22bLuakzDeNKz2749arbJajzncr0ZMVJT+8vKfHX7mau7HqZMnaU4T7enO5n68PGG0Hn/kYYefubq3d99e4/B5rF67TmvWvePwmMce/oPTeTeb4onzbk5JdRm2R0cN0iUmk6Sq71d2jkW206fr7UPbNQAAAAD4DuZ8RJs5VlSipZ/k6f0vj7b4HGfLK/WOxa40a4luGBikS3v6t2GFHdN+J0GTISRELzz9ZKORZc1ddKVGtsXiVvAoyWUYWpe7o94yzGZtTknVhPFJ9baHGgxOV+6OiY5q0QrHDRc/qZ0rcMNGh/tnWywOa2uKoRWrL7d0wZSWPI/QUM+sEt3S87qa2/L39/13o/fgKgAFAAAAAHgfbddoE3/7/Iimvrq7VcFjXd/ZyvXa1zb9JdOm/NPlbXLOjijDbHbafho/3NSmq/puSUlttM0QEuJw4ZW2br2WpDdWrPRKq22E0ag5t8/WnNmznO5DuNV+nAXghpCQZgfAAAAAAADvY+QjWuXjg8e17JM8WY6dbnrnFth9vFS7j5fqP/oHasrAIPl37uSR63REzlY0rhtIxle3p7ojzcFoxvjhJiUmJDhse96cmtridl1Him02rf9gg9faZadeP1lp6ekOR41WtbObm/U80TLORu02bK2uEWE0Kt40TBFGY+0o2UuG854AAAAAwFcQPqJFMn8o1rJP8vTZN4Xtcr1/HzmrNGupbhgYpLF9Atrlmr4uw3zAYTtwU/MMOuKs5ToxIcFpwLg9faeKbbYWtfo6s2bdO5owPslpq7WnXZOU5DT8+mo/4WN7MBp7O52H86VXX9Pv7/vvetsmjE9iRCQAAAAA+DDartEsxWfK9OdNObp16b52Cx5r/FRSoTezTuvZ/cXKPFnWrtf2lqbmDXzp1de0YGGy23MwOuOo5VpSbfB4ecJoh5+3deu1JL34imdX9nbF1Yg5V3MRou30cRE8b05J1a133KUtqVtZDRsAAAAAOghGPsJtf9/5vZZ9kqeTdu8Gf9+cLNPz+4v1i4gA3TAwSOGB52+GHhMV5XIkmFQVimWYzQo1GJQ4JkHXJI1r9gg9hy3XpmG1oxovMZkcBpxp6emtGnUWHTVIOZbD9bZlmM1K25Hepi3d7mrLEZcZ5gPMFdkCiQkJLhdMKrBa9eIrr1btOyZBiQkJDuclBQAAAAD4BsJHNCnt2xNa+mmeDuYXebuUej4vKNF2a4mmDAzSpAFB3i7HY349ebKWrFjZ5H7FNps2p6Rqc0pq1SIqs2e5FeC5armu/fsxCQ5raG3r9czp0/XXFSsahatLVqxU/HBTm7Z0uyveNMxh+NUwJG1KTSiM5rlmfJJWr13ndI7HutJ2pCttR7qWLF+hqddP1g2TJ3nlOwMAAAAAcO78HTKGVsv90a5H3z2keW8f8LngsUZ5pfSv3DNa+GWRdh0v9XY5HjH1+snNHtlVYLXqiWee1RPPPNtke2rGfscBWd3gMsJoVHTUIIf7OWvZdkdoqEG/m914jsoCq1XrP9jQ4vN6Am2+7SPUYND8ufc165him02r167TgwuTlW2xeKgyAAAAAEBLED6ikfKKSi1JzdVv/2ePNpudt/v6kh9Ol+uvmTa9ctCm3OJyb5fT5ubPvU9TJ09q9nFpO9L1xNPPutzH0UrWRmPvRi3Ilzhp5XZ0fHMkjklQvGlYo+1r1r3jcESmtziqEZ6ROCZBLzy1SEZj72Ydl22x6MGFyQTFAAAAAOBDCB9Rz4Z9BZr66m6t/Ow7b5fSIl8VluqJfUVam2OXvazS2+W0qTm3z9YLTy1qdghWM4eiIwVWq8ORYlckNG7XdtbC7axtuzmcjXTz5uIz8K54k0l/fXmxbpk+rVkhZLHNpjVr13mwMgAAAABAczDnIyRJe3NPatknedp9+KS3S2kTW74/q+3HquaDHN830NvltJl4k0kvPPWkCqzWqvnu0tNdLs5RIy3d8QIuzkLJDPMBLViY7HZdaTvSNfX6yW7v31CE0ahbpk9rtECLN+ZMdOd5uuOapHFNLsbTnGd8IQo1GDRzxnTNnDFd2RaLtqSk6iuzucn5N7ekbtWc2xu38wMAAAAA2h/h4wXOeqpEyz7N0/tfHvV2KW2uuLRSb2XbaxelGd7D39sltZkIo1FTr5+sqddPVrHNpvUfbHC5srKzQM1Zy3Rz583bkrq1VeGjVDW35ebU1EaLz7RnAOlqBGeig9GgrkQYjc1edRzOxURFKaY6UMwwm/XX5SuchpDFNpuyLRbFREW1Z4kAAAAAAAdou76A/e3zI/r1a7vPy+Cxrpyici0+YNPSQ6dVYK/wdjltrmZ02JzZs5zu4yhUc9Zy3RLZFkurzxVqcLz4THtyNhJUkuKHEyT6ipoRwK7asW3M+wgAAAAAPoGRjxegjw8e17JP8mQ5dtrbpbSrHcdKtONYia4fGKQpA4PUydsFuWFzSqq2pG6tN/rvlunTNHPG9Eb7XjM+SUtWrHT73K6CtpbYkpJaOzKtpWoWn2mr1ufmWr9ho8PthpCQC24U3cQpUyVVjeCMMBoVEzWoTVqZXZ0322LRkuUrlWOx1C4aE28apheeerLReUINBvUxGhuNlAUAAAAA+BbCxwtI5g/FWvZJnj77ptDbpXjVB3lnaluxE40B3i7HpQKr1e22Y1ctw44WqXHWcu1qrsLiYpueeMbx6tlp6TvbJJyaP/c+3XrHXa0+T3O99OprTp9ha1vKO7ICq7X6ubTtAk6Ozmuz2ZrVZl/gIniMvsDCYgAAAADwVYSPF4DiM2Va+mme1u343tul+IxjZyq0/JvTtSFkbNeO/Y9Csc2ml1ysDN1w1J6rluup1092OcovOmqQw7n2as7Z2hGCzhaf8ZQCq1VLVqx0OhLUEBJyQYePbam4DVuhXYXFRmNvhRoMbXYtAAAAAEDLdezEBU36+87vteyTPJ20l3m7FJ904KcyHfipWOP6BmrKwCB19ff9Zuw1695RhvmALqmegzDbYlHGfrPLYKfhStfOgj2jsXeT4WFiQoLThT7aovVacr74jLtcjYiru8K0rXphElfm3D7baZBVXNzyMK2lc2TabM2fLsHV/IdVbf3129xdjaJtj/PWlWE+oLvnPaD44SaFGgwqsFr11X6zy3NNSHK9yjgAAAAAoP10qqysbNteOviEtG9PaOmneTqYX+TtUhoZM3KAirt383YZjQR16aQpA4M0sV+gt0uptXrtulaPALw8YbQef+RhSdL6Dza4NS/knNmzGo32czT/pDO3TJ+mCeOTtCV1q77ab3Z6TExUlCIijJo6eVKjlaHTdqQ7bfGWHM8FuGBhcr35AlvL2fyajuYmdCQmKko3TJ5Ur4295lh3nmPdd7dgYXKdVmXnQg0Gvfv2GknSkuUrlGE+0CYLC9V93p46b4bZXC8cbglDSIhWLV/KyEcAAAAA8BGMfDzP5P5o17JP8rTZzCIMzXWmvFLvWOy1rdiX9vT3dkmtFh01SPPn3lf7s7uhnKP9mjP/ZM3+q9euc7lPzSrZ0YMGNQofW7L4THPqc8UQEqI5t892Ovelu3MTZlssjcLC5sxrWHdkobvH1H13bbEKuSOeOm9rGUJC9MLTTxI8AgAAAIAPIXw8T5RXVGrZJ3la+dl33i6lw8uzleu1r236eS9/TRkYpH4hXbxdUotcnjBa8+fe16GDmPlz79Pv5t4v22n3Wo2Nxt6tXv34mqRxmjljuiKMxladB+2rJmi/0FYlBwAAAABfR/h4Htiwr0DLPsnT0ZNnvV3KeWX38VLtPl6q/+gfqCkDg+Xfuf1rmDljuhLHJGhLSqq+MpudzrVYwxASosQxCZowPqnRSEKpajGXuitfH7VaWx3WeVKE0aip1092u/W8j9HY7PuJNw2TwWDQJSaTEsckEDp6UbzJpFXL3lDajnSlpae7Ner18oTRSkxIcDpKFQAAAADgXcz52IHtzT2pZZ/kaffhk94upVl8dc5HV3oEdNaUgUEa2yfA26Uo22KpbcfNzrEoJrpqpFeE0ehTwVmxzaYcN1tzfa12+I6681zW/b4bDAZGOQIAAABAB0D42AFZT5Vo2ad5ev/Lo94upUU6YvhYY0g3P00ZGKS4bgwaBgAAAAAAaArhYwfzt8+PaNmneSopq/B2KS3WkcPHGldGBGjKwCCFB3qhFxsAAAAAAKCDYPhWB/HxgeNa9mmeLMfcW3gDnvVZQYnSrCW6YWCQfjUgyNvlAAAAAAAA+CTCRx+X+UOxln2Sp8++KfR2KWigvFJ6N/eM0o6V6oaBQRrVy9/bJQEAAAAAAPgU2q59VPGZMi39NE/rdnzv7VLa3PnQdu3IJeH+umFgkCJDu3i7FAAAAAAAAJ/AhHU+6ujOR3Xixzxvl4Fm+OmMTSlZK7xdBgAAAAAAgM8gfPRRF4UUa37If+qFUSky9aU73pd19Zcu75quiNO3ylCxx9vlAAAAAAAA+AxSLR83omSlRhhX6t99ntCbh+J04nSZt0tCHSO75cqv+GmVnzrp1TqKbTblWA7X2xZvGualagAAAAAAAKoQPnYQ/1HxmMZdPEBv2R/ROwe7erucC15c2Cn1KvtflZzcLm9Nmro9fac2p6YqO8eiAqvV4T6hBoPih5sUbzIpMWG0IozGep8vWJjcZvW88NQiSVK2xaIly1e63Hfq5ElKHJPg8LMly1cou0GQ6khM1CDNuX222/u3xAtPLXLrftxVU3ONlj7/S4abFGE0Kt40rNE7BQAAAADAlxA+diDBZd/pdv/fKenn/6HVx2/W557JW+BC3+ByRft9pNKi1SrxUg1pO9K1ZMVKp4FjXcU2m9J2pFcds3yFpk6eVC/8yjCb27w+m83W5HkLrFbFDzcp1GBo9Fm2xaIM8wE3rlTZzP1bxp37cV/9qLql5617XLzJpJkzpineZGpVZQAAAAAAeAJzPnZA0aX/1mPdbtbjI9MV1dPf2+VcEAK7SAndMjTAfrNKi1Z7rY4lK1bqiWeedSt4dCTbYmnjilqmwGrV+g82eLuM80KG2awFC5O1OSXV26UAAAAAANAI4WMHdkXZq1ra///prvh8+XfhVXrKJV2P6rLOD6ry5NNereOlV187rwK79zZsbHGIisZeevU1pe1I93YZAAAAAADUQ9v1eeDGTg9q3KXxWnNqrjZ+E+Ttcs4bMaF29a1cq5JTm1Xu5Vo2p6S6NbLNaOytUIOh0eIzzrz79hrlWCxO5x40GntrQlJSvW0FVqu2pG51es54k0mrlr1R2x7uTLHNpiUrVuqxh/9Qb/sLTz2pDLNZm1NSHV7HaOytv7682GHL9rkahtW2IW9OTZXVeszhfrdMn9bkPblzP3WvVyPbYtH29J1Oa5Safv6GkBDFREfV/txUe/mSFSudzqUJAAAAAIA3ED6eJ3qWZmhu8GyN//l0rfphivbmV3i7pA6rV2ClhgR+qtJTS7w2r2NdxTab3nAR4hmNvTVz+nRNGF8/JFz/wQaX4Z9UvSCNi7kC+xiNmjljeqPtrsJHSYowGuuFZs6k7UhXhtncqIZ4k0lf7Xc8H2Ifo9Fl8ChJM2dMrz1nhtnsNHyse29fudivqfupmnex8XOaOGWqyzqbev4x0VF64akna38uttm0ZPkKp8+/wGpVtsWimKimnz0AAAAAAO2BXt3zjKl0nZ7vNUMPXmqWMYxsublGdftG0WdnqPTUEm+XUmv9BxtUbLM5/Cw6apD++vLiRsGjJLfCP1/w4iuvebsESVWhpq8LNRg0f+59Mhp7O93H5uS7AgAAAACAN5BOnaeuqXhG4wZ301tn/6Q1B3p5uxyfZ+r6o7qd/atKT7b96s+t5WqU4fy59zU5CtATXnhqkQwGQ5uMsCuwWrV67TqHIwfdERMVpaNWq9NRiy3RsN25pdryOdV1icnk9HtRXEz4CAAAAADwHYSP5zG/8pP6T7+5Svr5WK0unK2tObzuhgaGlGhg5/dUcupfKvV2MQ4UWK1OF2W5PGG0y1ArwmjULdOnKcJoVJ+IqlF9hjYKKl21CrfEexs2asL4JEW0YPThnNtna87ts1tdQ9325rbS1s+phqvnFBra/mE0AAAAAADOkEZdAAaUbtMjYdt09cjb9bfvrtE31jJvl+R1Yf6SKSRd5ScX+8S8js64Wr04McH1wiIRTuZr9EXFNptWr12n+XPv83YpHUKG2fkI3WjmewQAAAAA+BDCxwvI6LLlGt13ud7vu0grvx6s0yXeXsPZOy7rlquA4qdVfvKkt0tpkrO5HiXVjmb0pALrMa1Z947LfRyt9NwUo7F3ozbpLalbNWF8UpuPFow3mZpcJbq1MswHmnxO1ySNa9HIzoYKrFan93NN0jivtOEDAAAAAOAM4eMFaIqS9UtTlN6yPaT1h8K8XU67iQsrUq+ylSo5uV0dZS3wbIvF6Weeaumtq2Y+RldumT6t2bXMnD5dS5avkO306Xrblyxfqb+8/Odm1+ltGWazy9GIUlVI29rwMdti0UtOFugxhIR0mJGuAAAAAIALB+HjBapbuUV3B83R+JGTtco6XTu/83ZFntM3uFzRfh+ptGi1T7dYO3K+rlzcJ8KoqddPbjRaMNti0foPNmjq9ZO9VJlvybEc1oKFyZJct1objb31+CMPt8nISgAAAAAA2lJnbxcA7xpStkFPhd+shSN2q1/38yuLDuwiJXTL0AD7zSotWu3tctDAzBnTZTT2brR9zbp3XLabX0iKbTaXoyqNxt66Zfo0/fXlxW2+ojYAAAAAAG2B8BGSpF9WLtabkdP1X8O+93YpbeKSrkd1WeeHVHnyaW+X4jHnQ0C3wMECM8U2m5YsX+GFajqe07bT6tSpE/M8AgAAAAB81vk11A2tVKmb/BYo6bKRWnPybm3KDvJ2Qc0WE2pX38p1Kjm1Sef7cjo5FovH532MNw3TC0896cHzm3R5wmhtT99Zb/uW1K3tMqdlW7ll+jSvzLdYs0p4cXGx5tw+u92vDwAAAABAUxj5iEb6lO/R/NDZev6yf2tYn47xFekZWKkrun6insX/pRLbJm+X02ZcBXDZOc4Xo+lIfnf7bBlCQhptb2oBlwtBTVv1LdOnaerkSQ6fkySt37BRBVZrO1cHAAAAAEDTOkayBK+4tPwtvRwxQ/PiD6p7cBdvl+PUqG7fKObsDJWeWuLtUtqcq3n80hqMFnRkS+pWZZgP1P7lavVsb4kwGllgxok+RqNmzpiumTOma87ts/X4woed7tvUquQAAAAAAHgDbddo0q86PaVxQ3rprTOP6e+Z4d4up5apa6G6nf2LSk+evyPkYqKdh481C5G4Gh354iuvNtq26f31ra6rwGpVgfWYJCk6alCr5xycOWO6Nqemylp9zvNFWz+neJNJ8aZhyjAfaPTZltStmnr9ZBaeAQAAAAD4FEY+wi0hlcd1R+B/643LVuiKSO/OpjgwpES/CP27Qk7drdKz52/wKFWNCow3DXP6+ZLlK72y8MzmlFQtWPioFix8VL+56RZNnDK11SPvHC0+09E5ek6tbSd3NbfkkuUrW3VuAAAAAADaGuEjmiW6PFWPd79Vj434TIPC27cVO8xfurxbuvqcvlUlxf9q12t70zVJSU4/y7ZYdPe8BxwGWh1tNeyaxWfgWs3oR0dqRsMCAAAAAOAraLtGi/yicol+MWCJ/nHRU1r5dZTKyis9er3LuuUpoPgplZ886dHr+KIJ45O0fsMG5VgOO/y8wGrVgoXJijAaFWE0qk+EUUcLrG4vQOIqpLTZTjdq8bXZbI1Wp24rv7t9tjL2m2U7fbrNztkeC7FYjx1r9JwKrFZtSd3qketNnTzZYeu1JK1e+45eeKrjrBQOAAAAADi/ET6iVX7bZaHGxf9Ma4p/r//7NrTNzx8XVqReZf+rkpNpqmjzs3ccjz/ysH43936XoVzV/IJWZbg58K3AatWade/oq/3OD8i2WLRg4aPNqrUmdEvbke50nyXLV8pgMGjmjGn15qysWXxmzbp3mnXNhtJ2pGv9ho2SXK+aPXHKVEUYjUpMGK05t892uI87z2lzSqo2p6Q2u84nnnlWBQXOw9Ecy2EtWJisObfPqp3LcfXadS7D3wyzWXfPe0AGg0EvPLWo2TUBAAAAANCWCB/Rar0qvtG8kLs0/tKpWlVwo/Z93/pz9g0uV7TfJpUWrVJJ60/X4UUYjXrh6Se14JFH22xUYIHV2qLAzJ3zNjX/Y82q21/tH9ZowZyZM6YrLT3d6UhPd2RbLG63HxdYrS5XAffUc5LkMqCVqkalZpjNstUZnZphNje5arkvrmoOAAAAALgwET6izQyvWK8Xeq/X5t6/15vZo3SsuPkL0wR2lkaEZajy5NMq9UCNHVlMVJReePpJvfjKq60K5jqC390+WwsWJnu7DAAAfEZRUZHsdrsqKz071Q0AAB1Vp06dFBwcrLCwMG+XggYIH9HmJugl/TI6QG+XPqO3vu7j9nGXdDsqw+nFKjuZ68HqOraYqCj99eXF1W3FG5zO+9eQ0dhbVyQkaOr1k2u3RRiNniqz1eJNJl2TNM5jcyYCANCRFBUVqbKyUr169VLnzqwXCQCAIxUVFSouLlZRUREBpI/pVMkfn/qk07vvVemRDd4uo9XyOiVozU93aevhwNptY0YOUHH3brU/x4Ta1bdynUpsm7xRYpvqERKpaZe90W7XK7bZlLH/XBuuzWbTUau1dn7AmKgoxURHtWvQWGyzKcfNtt+aRXIAAIBzVquV4BEAADdUVFTo+PHjMvLfmT6FkY/wqIGV6XqkW7rGj/hP/S3/Wn177NyyMT0DKzUk8FOVnVrCvI4tFGowKHFMghLHJHi7lFqhBkOjeRwBAEDLVVZWEjwCAOCGzp07M0WJDyJ8RLtIqPybEi76m9ZH/FFfVl6kUd2+UaeTf1TZWW9XBgAAAAAAAE/hj1DRrv7foP2aO+KsLgnd5+1SAAAAAAAA4GGMfES76BI+UkFx8+RnHKsYSTG6WD8zjtfu3NU6XLjD2+UBAAAAAADAAwgf4VGdAnspKO5+BUTd0uizXoYYXTv0ceUc/0y78tboxGlWuQYAAAAAADifED7CYwJj71Rg3Dx18jO43C+615WK7nWl9h55R7vz1qi8orSdKgQAAAAAAIAnET6izfn3najAuPvVpdvFzTru0v7Tqlux1+jrgo88VB0AAAAAAADaC+Ej2kyXrnEKjLtf/hdd2+JzGAJ66arB8zTYmKTdeWv0/cmMNqwQAAAAAAAA7YnwEa3WqUuwAuPuV+Dgu9rsnBd1i9f1w59XZsEm7cpbLdvZ42127o5u4pSpbu0XExWlv7z8Z7f2Xb12ndase8ftGja9v96t/bItFi1ZvtLt89aIiY5ShNGoeNMwxURFOd1vc0qqtqRudeuc1ySN04TxSS2qreGxDXninQAAAAAAcD4gfESrBAy6WUEX369Ogb09cv64iIlVoyBz12jvEffDMVSFawVWqyKMRq/VYLPZlGE2N/u4usdEGI2aOWO6rkka12i/AqvV7fPHm4a1uLaGx7aUL7wTAAAAAADaU2dvF4COyc94pULHvqvgEU97LHis0aWTvxIG/ZemXbZUMb2u9Oi1zjdpO9K9XUKrFVitevGVV7VgYbKKbTZvl9Nq58M7AQAAAADAXYSPaJbOREoqAAAgAElEQVTOhoEKHrlYhsQ16hL+83a9do+QgbombqGuHfq4eoXGtuu1O6r1Gza6tZ+7I/EMISFtNgqwuTLMZr306mteuXZbjlR0t00cAAAAAIDzQafKyspKbxeBxk7vvlelRzZ4u4x6AuPmKShunqRO3i5FkpSR/y/tzlujkvLT3i6lVo+QSE277A2PXyfbYtHd8x5wa9+/vPxnl/Mm1pVhNmvBwmSHn02dPElzbp/tdo2SVGyzKcdiUXaORUtWOJ5f0WjsrT7V4d5Rq1VW6zGX53zs4T8ocUxCvWssWb7Caag3Z/YsTb1+stPztdU9e+qdAABQUFCgiIgIb5cBAECHwO9N38Ocj2iS/4CpCoq7X50Nkd4upZ74fr/Wz4zjtStvjQ784FtBradtSUlt1r4xzQwNHTEYDM0+JtRgULzJ5HKfCUlJmjljeu3PBVarHn/6GeVYDjvcf3Nqar3wMdRgcDkyMSa65SFfc+7ZG+/EkQKrVQUNAlyDIYSwEwAAAADgFbRdw6ku4ZfJkLhaISNf9rngsUaQfzddGXOPpl6yWAN6jPR2Oe0mLX1no22XJ4x2e19fFmE06vFHHnb6+XYfvR9feSebU1K1YOGj9f5asnyFx64HAAAAAIArhI9opFNgTwVf8qRCx66Xn3Gst8txS0TYxfrVsKeU9LMH1TWor7fL8aiaFZMbmpCU5DDsKrBalW2xtEdpbSbCaFR01CCnnzu6f2+6EN4JAAAAAAAtQfiIegJj71DYNZ8pIGqmt0tpkZ8Zk3TTz/9XPx94i7dL8RhH7b2GkBAljklQYkKCgyOk9R90vLb0UBctz74WPl4o7wQAAAAAgOZizkdIkvz7TlRg3Dx16TbU26W0iZ8PvKV6PsjV+tbq/lx8HYGjlt344VXzKl4y3PH8ir7aqtxS0T42fyHvBAAAAAAAxwgfL3BdusYpMO5++V90rbdLaXNdg/pq/M8e1M96j9fuvNUqKMr0dkmt5qy9t2Z0XU27csPFWoptNqXtSK+3UIuvyzAfcPqZq1GRDW1J3eryXK0dRXkhvRMAAAAAAJqL8PEC1alLsALj7lfg4Lu8XYrHDegxUgN6jNSBHzZoV94anSk96e2SWixtR7rD7XUDrEtMJocrRaeld5yga/XadU4/c7aIizObm7EKdUs4W+W6Pd7J5pRUWY/VX9naUdBaYD2mNeveabT9lunTWnxtAAAAAADcQfh4AQoYdLOC4u5Xp6De3i6lXQ3rO1mDjVWjIDPy13u7nBZx1KobHTWo3kjAa8Ynaf2GjW4d60uKbTblWA5rS2qqy8BwQlJSO1bVNEdhX3u9ky2pqS5HddYosFodBrqEjwAAAAAATyN8vID49f6FguLuV5eeP/d2KV4T0CVEiVF3Vbdir9Hhwh3eLsltzlZIbhjGxURFyRASItvp0/W2F9ts2pySqgnjfSu8W7PuHYej8hyJNw3zqdGb5+s7AQAAAACgrbDa9QWgc8gABY/8swxXvHVBB4919QqN1bVDH9c1cY+oR8hAb5fjFndarl1tk6rafDuq6KhBeuyRh71dRj0X+jsBAAAAAKApjHw8zwXGzVVQ3P2SOnm7FJ8U02usYnqN1d4j72hX7mpVVJZ5uySntqRudbj9xVdea7TN2SIq29N3qthma9aCLb7gmqRxmnP77BbVPWf2LMVEO18dOzvHoiUrVraorgv5nQAAAAAA4A7Cx/OU/4CpCoqbp86GQd4upUO4tP80De6dpN15a5RZsMnb5TTirL1XkjLM5madK21Heodo8zWEhChxTIImjE9SvMnU4vPEREe16nhnfOGdXJPU+NlkmM2N5oE0Gnv73FyZAAAAAIALA+HjeaZL+GUKipsnP+NV3i6lwwkN7K1fDr5fP6telOb7k/u9XVItZ+29LTpXum+Fj/GmYfUCtEuGm2QwGBQT5Xy0oi/whXfi6JjVa9c1Ch/7GI2aOWN6i+sDAAAAAKClCB/PE50Ceyoo7n4FRM30dikd3kXd4nX98Bf0dcFH2p27RraS494uyWl7b0tsT9+pAqtVEUZjm5xvwcJHZbOdlqG6bTgmOkpzZs9y+/h4k6lDBmO+/E4AAAAAAPAVhI/ngcDYOxQYd786+TFnXFu6OOLa6lWxV2vvkb97rQ5X7b23TJ/m9DhH7bc10naka+r1k9ukPkn16sswm5sVPnZEHeGdAAAAAADgCwgfOzD/vhMUGHe/unQb6u1SzltdOvsrYdAsDTaO1+68Nco5/lm71+Csvddo7O1yxGC2xaK75z3g8LMtqVsJulrB2TuJjhrEOwEAAAAAoA7Cxw6oS9chCoy7X/4XXeftUi4Y4SGRmhC3UIcLt2t37hodt2W327XXb9jocPsVCQkuj3M1Z2K2xdLsNl/rsWONRu3ZbDanI/k6iuJiW7OPcfZOLmliYZu2ficAAAAAAPi6TpWVlZXeLgKNnd59r0qPbKi3rVOXYAXGzVPg4Dleqgo1vsr/l3bnrVZpub3e9h4hkZp22Rttco0FC5NVYLWqwGp1+HlMVJQMBoPm3D6rUai1ZPkKZVsON7nqcqjBoOefWqTsHIu2pG5VjsWiYlvzw7iGNr2/XlJVe/L6DRuVtiPd6X3UvRdJeuGpRW5fZ3NKqrakbnV5n6EGg6Kjoho9p5pjm7rneJNJ1ySN04TxSe36Tlq64I6j+jrCAj4AAOcKCgoUERHh7TIAAOgQ+L3pexj52EEEDLpZQXHz1CmIUVG+4JJ+v9bPjEnanbdGB35wPAqutZoKqWrmHLQ5CM6yLRa3RiQW22yy2WwqsFqbvF5LFFitWv/Bhib3czZ/ojvnb6ruYptNGWZzo+fk7j1nmM2KNw2r/XtX2vKdtFSE0cjoSQAAAACAzyB89HF+vX+hwLh58us5ytuloIFg/+66MuZe/az3eO3KW60jP33p7ZIAAAAAAAB8CuGjDwu+7M8KGPgbb5eBJkR0vViTTE/rG2uKV1fFBgAAAAAA8DXM+eirKsqkzmTDAAAAFzrmrgIAwH383vQ9nb1dAJwgeAQAAAAAAEAHR/gIAAAAAAAAwCMIHwEAAAAAAAB4BOEjAAAAAAAAAI8gfAQAAAAAAADgEYSPAAAAAAAAADyC8BEAAAAAAACARxA+AgAAAAAAAPAIwkcAAAAAAAAAHkH4CAAAAAAAAMAjCB8BAAAAAAAAeAThIwAAAAAAAACPIHwEAAAAAAAA4BGEjwAAAAAAAAA8gvARAAAAAAAAgEcQPgIAAAAAAADwCMJHAAAAAAAAAB5B+AgAAAAAAADAIwgfAQAAAAAAAHgE4SMAAAAAAAAAjyB8BAAAAAAAAOARhI8AAAAAAAAAPILwEQAAAAAAAIBHED4CAAAAAAAA8AjCRwAAAAAAAAAeQfgIAAAAAAAAwCMIHwEAAAAAAAB4BOEjAAAAAAAAAI8gfAQAAAAAAADgEYSPAAAAAAAAADyC8BEAAAAAAACARxA+AgAAAAAAAPAIwkcAAAAAAAAAHkH4CAAAAAAAAMAjCB8BAAAAAAAAeAThIwAAAAAAAACPIHwEAAAAAAAA4BGEjwAAAAAAAAA8gvARAAAAAAAAgEcQPgIAAAAAAADwCMJHAAAAAAAAAB5B+AgAAAAAAADAIwgfAQAAAAAAAHgE4SMAAAAAAAAAjyB8BAAAAAAAAOARhI8AAAAAAAAAPILwEQAAAAAAAIBHED4CAAAAAAAA8AjCRwAAAAAAAAAeQfgIAAAAAAAAwCMIHwEAAAAAAAB4hJ+3CwAAAAAAdGBnflLekUKV1G4IUGjf/upj8GJNF6jiH3J01FZnQ1C4BvbvrgAvnQcAJMJHAAAAADh/2AqU94OtThBYJaBrhAYanaWBpSr+4bv6YZMkGSIU27fpBLHkyMd67vdvKat2S3dd/8fFumdk92aV3hGU/HhEeScaPl0nuhjUp1+EQluZ2DUKAiXJEKGBfQ31w8Dyn/TVO3/Un7bW2Xn4nVr26HUaGNSMC7bVeQCgGuGjL6ook91mV1lRgbKsRQozxqpfrzAFd8A/ZrJ+/KJe/LifZj07Q3ENPzSv0oNrzuiGhXcqMaz11yqz5+vwIauKJIUZ4zSoT7D8PDKxgFmrHlylE9f9QXPHhdf+fGZqsu683NGNlMleZJcCa96hVSkvvqhtMffoiamRkqqf0xexuuexGxTZkpLK7Mq3ZMpqk4LDIxXbP9xD9w4AAABfdiLzfT34pw91osH2PpMe1euzRiq0i4ODygv1+Yo/aPGu0nqbQ8c9pOX/PUY9HB1zQbIpe9NzmvfOEfd2N4zRH15+SOOMrbikoyBQknperUUv3KPRPVtxbgBoJ4SPvuj4p3r9xU2y1t3WOUyxk+/SnVe05jeXl1TkK98qxTkqveKU7HZJrQwfrVtf0csf5qvML1hhXewqOivJL1I3/P4eJXroF3J+/veSwmt/PmVzciPW6vcZf6uev8VUu9luK6q/n+2UGmxxz9EUvfLqJuVX+CnMIBUVlUlhl+rW+TNkCm7JCesr+3aT3viwVJPum9SyYBQAAAA+olR5Hy7SHUv2V/3YZYjuXLxIv+nfurMG9L9aDz1h0LKXlmrnqdZXCTf8uFtffPuTRvesM7q0S3ddMi1Zfwhbqmc/yGn5uavP88fuS/Wn9a04DwBUI3z0YcYJ8zX/aqNUUaS9b7+ote+v1MaoP2jSRd6uzMd8v1ErP8xX+Li5mnddv6ovdYlV5oN2xfjCnwT2ulQ33BSuMmNM25+7JFNr39ikfON4zb13ovr5SWXfb9Lrr6Zo1apIJd+V2NpcV4W5+5V7xNiyYBQAAADtqkfcFD35xAC9/dJSfXFKkvw14qaHdMe4OIXKpoM5353buTxHB3IKNTkyXL+Y+YDyjj+ndy01xzygO8YObzzqscSmo0VSn5512rGDumtgdH8NMKjp8LHcphO2APXo6u96P9tPOqHu6uHuvJHlpTrxo02Gnt0V0KXB9lNSjx5NXK/6mkfLDerTVG3VBo6dolHlO/TuFwVVGwKide2vhuhoyofa5+Q5FJ/4STJ0d78Vu0t3XXLjQ7rT/pyW7qg7+vEnpe/I1IlR9UemhvaN1sUDeihAatR671ipiq02BTR4bqF9oxVzkYPzlJfqxKkS9XDzxRRbC1TaNUI9mmjXLrYe0dFTJZIC1LN//yb3B9CxED52BJ3DdOnYUdqYsU3Zhwqli8KlskKZP9mm/cftCosaq6tG9VNYZ0knc7VtV74ixyYqMkBSiVWZB/NlD4vUpTFVo/SK8vYq63Q/DY8zyk9lKvw2TWl78lUUFqOxY0erX3VaVZZnVqYhTqYeduVnfq38oghdnBCpsIoi5Wfs1K5Mq9RruMb+0qTwut+konztTd+l/ECTBtnL1OTXrKxQWZ+ladcpY+31y6xZSjtUJNMVlyq8pn34RJb25pap39A4Gev+si4sVKEkU99+564UYJRpRJ19SgqVm5WlrEPZsgb006gxiYrtWb33yVztzfdT3NAI2b/9UnvNVvnHJ2psTHidE1Q/J3Op+o30V5mzW/kxS1/uNcsaNqr2nRQdyVWRgmUMa94wxKIjO/Xp59kqCjQqxjRcl8UYG7VSF+1K0V5bsEbfVBU8SpLfRRM1dmiK1h7MVb4Sq9rdq99J5nHJaBqrq0zh1c+qTNbM/ToVcali/fKVuW+vMs/206grLlW/4KrvSub3dklFytq3V6VBNd+bqntN27FL+UVhivnFVRrdv/qLU5Ir8zdhijOFy34kU1/nn1JE3GhFdmvW7QMAAKAlDBGKHXqZrhzqry92lEoqVbF6VM33aDukg4d+qrNzqb7LtapEEQrtYVBpTbbVJVqjx4xUbN/qEK7cprxd7+nN1f/UF7Udx/6KnfBfuvem63Rxj6aKKtWJgx/rzdVv6aOD5wK0HkOv1m+nXKeJo6Kr2sFP5Wjr+2/rzX/u0dGanYKiNW76TbrtupHqE1SqvK3/q2WfHKkOxAJk6B+nwSW79c/Nh1Rc9QA04sZ7dc84g3a9s1RLt9UU3F1XzH5A/33tcPWo+98SZwq088O39bd125R1pub++2vczDt1168a7FtPd4345XW63nZCm74oqLp2z+Ea9x9jlZf1ofbtP7dn8ZE92vDOm3pzW5127f5jNGPmzbpxVH/HrfB1hHaVfjzScNJH6cTOT7Xvx5EaZ2wiLC236ev1S/X2vhO1z61H/ziFn/hUG744UhsuDhx3px6YdZ0u7urgHAV79O7ij5W6I6d6f39dPPUBPfDbMRpYL4cs1dE9/9baf/6j3ruW/NVnxFUa98urNWXskPqhdrlNB99/UskbCyRF6DfPvKQ7h7JaEXA+IXzsKAL8VfsrxW7WqudXydw5UqbBwcp8/xVt2z5R8+8bL2PnfO3f/J6yuo/WrJ/7SVkpWvn2XqnbWIUvnKRIFWrnv9ZqU/gMXRpnlPXj1/Xix6cUOTRWYZZNeuWz7Zr4wFyNN5Ypa8c/tOrLSF1qytXeDLs06AYlJxhlfvtFrToYprj4ftK+t/XsF8M16+EZigtQVQvwy5uU7x+msKC9Sjtpl+SqVdyqTa8+Kz9DmPztRdr72S7d8PA9SlSudm7YpKzg4VX3ISn387Vau/ti3Tkirv4ZBwxSP5llfn+pNvrdoGuHNgzpMrX2jyu11z9Mxr7h0g97tfezvdX3Kem7T7V2VbbCwkpVZPevatvevkvWO57QjYMlyS7zmme1KqNUwd2CtffLIoejAIu2v6E/brbL3yDZbWna9X3VnI75e97TP7bbVdag7doV69ZX9OKHBTLGDVe/kkylrtol6+8aj3rNteRKMimmwaDKuKtnaVZSv6rg0W7Wqj+vUqYhTsP7S3vfflbb4mcpeXqc/FSo/RvXapNto8LsRbIbgqWibUr7xq7kuxOVv2ejPv22SJK/srZt1P7g8YqMMyr8aIpef3mTTvU3KbZrrjb9zyJtnzhfc8cZVZazS/9YtVORl5mU+6VZdkXqhuTRtGwDAAC0l4BwDYgeIO2oapnNO3RIR0ui1ed4pvY1mK4w72COjp4ZroEncvTtj9Ub+w/X0F7ngsevP1isB9/c02AkXamyNi/Vgyf89fqDV2ugs1rKbcr6cLEeWranOhw858TBj7X0iDTg1Xs0wrZNf35isbZaG+x0Jkdb33xSuzLv0eL7L5fth/3aWfcm9u3RF/UOsGnfP5/THf9sWMhP+mLFc5LhJf1hfETVQi1njuij15O1eNtP9XctP6Ktb/5RR8tf0vM3RtdZ1MWgi296Te+Oq1oAJrRvuLSnwWX8B+jKOS9p6JkA9ewfobP739T9T76vvIblHNmhtc/s0dczFyl56hCXAWRx7p7a0Ddg5I2aXP6+3t1XKtn26LMDhbrCGNHEKtSlKszdo5376oSB+xoWLuVtXapH7f56/fdXq0/DE1r36KN676ZUX69/TovK/6TFtw2vqr/cpqz/W6yHVjR+11Kpju77WGsLDBoxcoh6OAo4AZy3WJKiQ7DL/HGaChWumCHhyk/dKLMtVjfOv0e3Tp+l+beOVvD3m7RxX5kU1k+R3aTc3MOSJOuRXCkmVpEnrSookVSRq/zvpciYWKlkrzZ+nK9+v5qne26doVvvvVVjw/K17bMsSX6KG5uo8IpM7T2eqLlPP6/n705U2Pcp2pghjb51vmZNn6FZ992gONtepewqklSmvR9tUn7gaM16IlnJC5/QvKvDXd2YpGCZpj+hp5OT9cRDk9SvIlfbPs+XjLGK6yZlmvdXjzK0KutQkTQ4TrENT9FtrGbdlijj2SxtW/WiHnl0kV5fv1eFtcMT4/Tbx57W84uSNf/uezR//iT1q8iX+UBhvWfcdcQsJT/5hJKTb1Sc7DqcW/3b9fsUbcywq9/kh/XEwmQlPzFDjiJEe9ilmpX8tJ547GFN6i/Zs7NklRQ39Z6qkPNogRr+u5Rjhdr/Vb7U8yrdOmuGZtx6j/6wyHG7fWlF1f/6N/gnOfiiOMVVj0TMT90oc8Vo3frALM2YPkvzfh0n+5cp2lkvQe2niQue1tPJT+iuK8Okw1nKlRQ3NVl3XWWUdJGuvS9ZyXckKrzmPV80SfPuvVUzbr1Ht14RpvxPtilLkl/cWCX2lDL3nVDivKf1/PP3tMmCQgAAAHCXv/oMGaI+1T+VHM7RUVupbD8c0XflDXbN3a+sE/U/6zEkTn2q216LD72n/6kNHg26eMKNuu3GsbVhY8lX27TPWipnig+9p8V1gsfQoVdrxk1TNLruaILSAn3x9tJzwWPPkbr+pps1Y2z0ufPseEvv7jutPkOv1rVDG6yi3WO4rp92o8ZFNbi4caR+M22Krqid09KmXV98qaMlUk14+npN8BgQrXE33qwZE4bUBnlff/6l8hoPOFRo32jFxkarj8HBiMMu/urRP1qxsf3Vw5ahtUvPBY+hQ6/WjJk36tohNceVat8//qHPf3D+/FRu08EdO6pHgho06sqrdO3Y+OoaS7Vrx34VNtVf3cWgAWNu0LioBqMJAyJ08dAh9VawLt7xvj7KcnDTktR3pH4z7UZdG3vuvvN2bNfB6hbz4qz3tLhO8Nhj5HW67bbbdFudZwrgwsTIRx9m/fQNLUqX7EVFKqvwU7/r7tGkiwqV8vdCyThKg2q6eOPiFKOdyrYcli6L1aBIadt3uSrUIB0+UqhI00RFfP+e8nKl0cpWtsKVGBMmZWUqs0KKLMzS3n1VpyoLk+zf5apQsQrv7Cc/Saarz7X0Fh7KVqH8dLpgr/aekaQiySDlfpcvScrMlGSKU1xNGNa5qa9YmPpdVH0j3eJkMm7Uph+tki7V8PgwbftivzIrLpXJlqVMqxT3y0ZrZledZegNmv/keOXvStF7H+9U7va1evabXN15/w2KDZD8Au3KP5il/KJS+QcWyk+Svbxu87RRpoTYqtb1gJB6/2BU3bNRE4dUJ2idHbc1GE2jFRtWdU/h4dK5XpHmClfc4HBt+jRFb/yPXVdNHKvEweEO/2FtGDo2VqjMbwulgNOyZuyVXZKKpGDlKvc7KXFo9W4xozW6ug09OLip9vCsqvfcv1BZ+/ZWbSrrKtnzlfujFNtT8usiyTReEy/i/2IAAAC8IXRAvC7u+qGOnpL0Y6YO/lCogMzM2mAooItUUi7pTKa+zilQn5yaz/w1eHB/GbqoaqXlzR8rq/qYPpPu12OzRqrHT3t0dOs25f0oqbz6L0fKbTq47dzxASPu1OKHr9NA/5/0xQ8fa6e1KuQqO/6lPtpVE3hFa8ZD9+u2IQapZIzCbQ/o9T2lkn5S+p483TZniu4JLVXW79+qPm9/zXjwId021KATg3/Svic/rlrpu8sQ3fnIQ/pNlHQ04oh2vVoVoJYcL5SttOq+U/+9vzZUHfffD+qBsREq2V+sLzYfqg4Mz8pFLNikowe26fOaQNV4nR568E6N7iFpbIzO/v45bT0l6UyGdn5bqGv7Rzg+iS1Hu/ZUzylpGK4r4yLUp3yMRgTs0c4SqeTLbdppvUrX93fVeu2vgWNu1F3+hdpXsxJ60Ejd/9JDura/v0pyP9SiB5dq5xlJOqJ9WSdUMrRBPT3G6o9/uldXGP1VPFI6+OA/q57RT1YV2kqlriU6uLX+u37+wes0MEgqPnhCH20+VP8/j2w5Wrvw93rT0rDWAr378C16t7ru0fe8puQJTY3sBODrSAZ8WNjgqzQpPkwKCFdkVD+FB/tJssrZhIN2e9UkJZFRkVJGvnIrDisvN1gRVw7XwMi12n6kUIXKlz04VjF9JB2v+lWav2+jNpprr6qwuH5yNl6xrLxUUpEyt21Ubk3w5RemyL7hkqy1I/FapdiuIkmRcRcr+LP9ysyWTGezlKtI3TDExVe2c5j6JdygexImKX/z63rl4zRt2jVesZfblfLqi9pkNSouvp+CVagiuf/lr7rn9tXvV3N1T9d/6B+b07RxWZo29hytWffdqLgGuWBQcLCkMp2umpvZgbKq70tRpj79v9zarX7dItWvV0urK6t6z9/v1cb/OzeZTVi3i9Wvyfl+AAAA0C7C+mvoYH9t3VMq6Yi+PnhIOljdu9tzrG4aW6A31x+SZNO+/fvV54fqgEsRiokMrfpXy1PZ2negpiXZoJiIUu378C199uE/9UVti/YQDXa2mEtpgbK/PdfSPHTM8OoRld11ybQ/6fVJpVKX7gr64Z/Kqhm913e4RvStHqEXEKGhQwdIe6rax0/kHtGPpSNVb/yeob8ie1Vt8TcYFFi7fYAGdK+qK7C7UQZVL5xSUqqz5VLxDxna9UP1vgH91UcWpb7ztjb8c1vtSMUeg8+NAG0+m47m5Jwb8TksXoNrWo27R2lE7bupmnezWBEKdXCWE4e267PqOgOGjtTFPf0VoDiNGuqvnftKpZL9+mJfga7t3795AV3fOMVWv7eAiOEaNVjaWf2v9ieOnVBJeYPwsX+cBlQvxBNgCFd4gJRX9UCrnuuZIzqYWfOu/TXiiuGteHYAzjeEjz4s+KI4XTqi4XyJ4QoLl/SDvWoUmySVnFaZpHBj1b5hMbEK107l7+unfHukLo/0U0RmmPLzc5VbkS/FjK1qXe4arjBJkVOSdesIuSW8e7ikMl11xx80sU/DT08pJFhSRQvDuopCnSiSgqOMVSs0x8QppvNOfZ2Zq6ySbMk4tnpkYcPj1GACAT/1G2GS8eN82e12KTNFm74P09h752vSQEkya9WXq9xsga4ZCViksrYIVt0WrMgrb9X8K8tUtPttvfj3ndq0I0lx4+rHwoOiIqX0TJkz7Br98zrJZEWRis6GKSy4+vtSfpXuemiiy9k33Rem8G6SBtyg5FsvbZMzAgAAoI0FRGjokHPBXdbObSqu/rPogMHDNWqkUanrq0b4Hd3zqT4/Vf3v8MbhGmqsCvNKztiqRk5Kkmz6YsVzDeZX7K/rZ/6qaoESR6s7l9hUVNvBa1CPrqG1AUeImHIAACAASURBVFlo3+jq6ZRKdTTnxLn5JINC681/GNqjzorLJaXOR1k2U+mpn87N415ySGtfeq7+Dj3H6q5fxzde7dtd5aWynTo382Gooc4c/l0CFdbdIKkqrCspLam6r4bXKrfp2z3bq0YqSirZ9br+87evN7rUvh37dfTq/vXap5vFP1RhXQ2Sql9WhXvrZNdTckJHawJpGdSnZ6jrMLRLgPoMG6kRoSWSSlT47SHlVS/4Exo5RLFdA6QuBsX0DGTUI3AeYM7HDsdPl42Ik07u0qf7quZZzE/ZpkyFy2Sqjpb6xCg2uEjZn5uVb4zUoAApckCklL9Lu76rnu9RkvrH6uJgyfzJJuXay1RmL1K+eZv2umgX9hscq34qVNrHe1VYUqYyW6Fy03cq0y5JsYobLOngNm06Ypf9+71K2dNUxFcme0mZVFGm/I83aac9XKNGVdfX2aTLTFJRdoq2ZdoVNiTWYXiW/+GzeuSpldq4L1eFRUUqKsrXzn9vk1XBGhRplPz9FawiWX8oksqKlPV/KcqUmgwT7faqeDdscJyMNfdsK1TWx2nKbuKu3GIrVKGt7jDWMyr80a6yijJl7d6p3JNVK4UH9+qqYEl+AY3/RNlvxFiNNkiZ/3xFa7/MV1FRoXL3bdTSpxZp0ZqdsstPFw/uJ/2Ypo++LFRZWZnsP+ZqZ3rmufDaoerRlPVqK1KRvUxSpGIHB1e95zy7ysrsKvrerG37nL/r/M2vaNGLr2vbEae7AAAAoE35q2fsENU0phQf2lO7mvPA6Gj1uShOQ3tWf2g9VPtZQHRcndWLnYVQBsWOvVl/fPlZ3TOqu5N9JHUJUEBtclQi25mzDs7o32Bao/qtziUlJeeOCfBvHNC1VLkct1QH9dcVU+/Ryy/dq3F9m1hFugn+dWo92zA0LT139QD/AMf39VOmvtj5k4MPGtj/qXa5mjeyKeVnVWQ7N8+j03pcKS2pauOXJAVKXZp4dkH9Ne6OR/Xck3/Sc08k646ra0ZaRmjinOTq7Q/ptpEuvl8AOgxGPnZAfpfN0Kzc17Xq7UV68G1JncMUO+WuOguSDFJMjJ92mvMVnPCrqsAuJlaxJ95TVkW4xsfUzF0Yp//P3v3HR1Ue+B7/ZCaZZBImTJgwgYFAQgL5AcEgKBoKbRSkokVRqlVaqq3b/WFve7vtbt22bu9uf3m97XVvb73b7drSpWLFolgqKILEQglGQSJIIJCQQEIgIYEhYzJkJmfm/jGT378hgYDf9+ulZM458zzPec7Jr2+e5zx3PZRH5dq3ePb7b4W2RTtZtDqPORP6uDXGLuKhe47wH3/6PU8d+H2oPWMzuTv1ZrDCrPtXM6diLW/9/Pu8ZbKRvngps3ZvpbzCy+3ObnOGx4xjXPSH7Pz5d9gJEOnk5oe/Eh6dGJJ54xysv93PEazcnNn7eslJtyzl5hOvUfjCs6FyACJtZN7z1+HVqhdx++T3ee3lH/CPL4Nt+lJuv7GRt05U4sVJzycc2oiPA0/DOVqZSqTzdlbf+SH/9vrveeoARDrz+PRCL68VV3KCWb2u4hxjtULdCU61grNHVzqZmmaDPa/x1A9O8aWnHiJzajo2UyGv/c/vc+qRrzPp3a288dKG9hn2tun38tlbexn2aUpn5ddW0vz/XmX/i/+H/QCmSMbNWMrjD90cOrcFD3Hvkf/g1Ref4jsvAkRiy7yblPn0cu5gjYsH6qirB1zgbG/bD3gtvGJ35mceIu/kWt76xfd5K1ync8GXyMt19vpF5XzdKTx1cKq3v4iLiIiIyIiIc01jegzhZ/m1SSI7I4kxNgtpKVHQ0DW0mjJtMuPCgaElJoEJ8UD4/ekrvs1XF+eQNjmuYzRabyP22kTFMS4xCk6EphcfO1JN06eSsHQ7fkxCAu2PTK+r5kwTZMUBho9zNR1/4E6YnITj8vLAjqYl2BkH4WnRSXz6a49z/42ZTGmbQn65IyzNcYxLHEfb6Mbz1XWcMwiN6vSf42RNW9gXxYRkZ6+j+84fe4eittGE5iTSs50dU7ONJk6UHA+Piixlx7tVfCZ12qWNEvRUU17V8XJcUsLQy4lJwNE+ePIcDec/grYJ8sM0WlVErl0KH0cj5+186+nb+znASuaKb/Hju7x4WsAaZyWy27TjOat/TJcJsbY8vvJUXs+SMu/lWz+8G2+Tl9ZIKzZrp1uij3Y4F3yFJ+d78XhbiYy2Ye38nck6i4e++2PubfKC1YY1Erjt9t7H2KbczRM/uBtoxesFq7Xn7RiZ/RDfuuccP3gziVlpvfdGpGMO9/7dHO4NtIbOg0isNmunm9vJoq/9mLwmD15T2znezu1tIx9nrebppzuXOJV7v/8093Y+5/yv86+3ePAGrNjiQiUvuqtt7yxWdy2A9Pv/hafv76j/9m89TeeeTF/xJE+v6LRh+r08+VSnGrOfZFFrH33cXcLNrP7uzbQ2efAGInveDyYneX/1JDd7PXhbu+/v2TbbrV/h6Vv7aRuANZN7v/Vj7m6rs1t/dy9z1ud/zL94YcC1bERERERk2FgSppE7Fd4t7bQxLpVsVxxYLF2mZYeEgsn2Hz3j08jOjGNTeGGYsnf2cGxuKsmJfs4cO8CO17dwMvMrPLE8FHr5u4dMliSyc6bBvlADzr/5W17ITuCLC5LxnzrAjj+9zrFpD/P3N3daHKdpH2/sLuWm5RlYqvew6e22Z1HGkZubGloIZ6h6eSzUmImzyZ24gZOnAWopevc4CzKmMcF8jvKSd3jjj/tIePjbPJIT1+O9Hfz4Gps6RmZerOXkseOMS0lmiiOKCRk5TOB4KFQ9uJ0dJbfySG4cZ/a9zhvtK7NkclP6uJ5h38VqinZ2TLlOWLCSr37hk2Q528JRN7v/7zf414JQuFm2czu7sxeTNS0Zn+Hrc8xqO3cVZdVuJkz8iA9efYE32qdMTyN3+iUs8BLjJHta273i5703d3F47kqyYmr54J19l74Wp4hcFyKCwWDwajdCpE+tJ3j1fz3Lkdlf54m7Jl3t1oiIiIhccbW1tSQl9bESrki/mij+7RN8e2OnZ99kPMKz/3oP6THwUfGvePz7r3cEQ/GL+Od/+wYLHB2Hf1Syjm//04b2VYx7cCzmu1+J49c/+WOPgCnrkf/LDxdU859P/M9O4VY3CYv456ceJW7bD/j2huN9HASWnEd45p+WYXnzSf7qt6Xd9trJSvdzuKyp2/YkslLPcbiiW/hoyeHxZ54g+/2nePzXB+nLmFse59lvLmZCb0lc3U7+9b8/w+7uVQJTHnyKZx7OYEzTcV7+yRP86mDfU6LTV/wrP/xCTtdnS/ZRdnu5F6vZ9MP/xrM9mh5P7gwvxUe71Re/mB/8/HGmH/8Vf9u22nUfEvK/wb/9dQbFP/tvPPNe93Ju4Sv3wQu/fYePuuyws/yfn+Fh/zr+9ifb+y0fCPf/k11W6P6orpozjU1AHGMmT9ZiNXJZ9H1z9NEzH2VUqtv+U/7xO9/hO995lkLrIh5aouBRRERERGRo4piamdllFeUp2dPag50xybNDi8W0mTiNpG4D/cZkP8C3v7aYHmtNtu1PSSIqou8WWJy38Fff/go3J/S1PwGCceTe9w2+kd97WGDJXsmTX1tGen+DEIcsivQ7Huef757W5/5kZ2/rTw9B3DQ+8/jfs7z3p0cx5c5v8O3P5Vz6ojbDzJKziu9/aVHvYesgJNy4ir9f3ld/9m+MczLp6Rmkpyt4FLkeaeSjjE7hKcf0mEItIiIi8vGiERxyWRqPU7DzIOf8hFYYvmERC6aGUzyfm8O791DiDk3SjZtyC7fN7X3Kre/8cYrfO0h5bTUnGu1MnZpE2sx55KbaoeEgO3Yfp6nLtGsL47IXkZ8RrqupluJ973P42BFK6iwkT5/G9IwbuSk7qWN1a8PPmZI97C4+SHHFecZNySErZy6fyJ3cfsxHpTvZUXK+62IxUXGMi4dzDd2GCkbFMS7Ozzl3t0nIMUncsOAW0sPB60cn9vGXg9WcqT7O+Zhkprgmk507t2OKc2+aqnl35z6qLnbfYWFcxq0syLZ39KPPzeH39lB08ADl9RaSMzOZmXsrN6Xbe5/e3GvZnco1mih7Zycf1HU7r4hIbNFBPBe7zX+Pm8yCRXOJPtRp5GPCXO6/MxX/iQo8CZlk597IbTdOC/Wz0cTJ93by3mlfj3JumAolpdVdp9ib40i76ZPkTowC/Jwv3ceuknKqavyMm5pJbq4TT8lBqtouT7f+Fxlu+r45+ih8FBEREREZxfRLlIgMh/P7OoWPqat49kcrh3k0qcjooO+bo4+mXYuIiIiIiIhct/ycfOtXPPWbTs9jrHiVZ374Q54tqB54cRoRkcuk8FFERERERETkuuWjqfYgxdWdJ6s3UVayj+LTTQofRWTE6VF6IiIiIiIiItctC3FJOdycm4Cvy7MaLUxJiuv9uZMiIsNIz3wUERERERnF9OwqERGRwdP3zdFH065FRERERERERERkRCh8FBERERERERERkRGh8FFERERERERERERGhMJHERERERERERERGREKH0VERERERERERGREKHwUERERERERERGREaHwUUREREREREREREaEwkfpnc+L13e1G3F1+OoqKTlaRYPXGOBIA6/Hy0BHDZXRWEXpoUrqmq7vC2B4PXj9ve4ZfL/6vXg6X6fur0eTj/HnlIiIiIiIiHx8KXwcjTyl7HpzK1vb/vtLMTWeYa4j4KHmaCXuQO+7G/ZtYt3b5R3HVtTg6ePY60nDu+t5sbAKn7eKAx9U0X9WVEbB+gLKhrF+X9lW1m0uwUM9pUdqh7Hk0afs7fVs2u/ubQ8F6zezv9d73qChopKGttCyvID1b3e6At1eGw2VVDaMjjCyYd8mNu1ruPQCPkafhyIiIiIiInL9UPg4GrU0UHOyhaRb88ibm01KdC0Ff1hPYd0w1nGhhF07d7K/up9jjNbQv9V72f7WLkouDGP9o5KbsspW0vMWkntDHvm3pGC5wi2oOl5FYu5S5s2cx8K5yVC2ledeL73CrbiCjL6CQQNfSy+bPQfZWbCdvScGU7iHg7u2s31f5aW37yoqf/M5thzptOFKfx6eL2L9+kIuIy4VERERERERIfJqN0D6EonVZsOGjQxHMjbvWrYUl5N3R9rwFJ8wnwcfmz+4Y6fks/qx4al2dDNjNjPs06iH1AKzueuG1tExam/UsOWy4ku5gz2Y3HsfY7BHjzY9Lv2V/jzsMxgWERERERERGTyFj9eIhLE2aGoFfwlbXqoibaGD0l3F1EXlsPKB+USf3MXmgjKazWaIsJO9ZDnznHUU/r4AljxIXmK4oNOFbHirjGYA7My+ezm5dgAvVXu2sfNwHd4IG/a4ZrCF3uJ+bwMbSm3kP7CUNAu4393A5ovZzLl4kKJqDwY20vJXkJ8aHidYt5dN2w7S0ApYXaTE1eNN+RzLZnYN1tzvbmDrxRScZw5S2WRgWJJZeN9SMqyh/d5ezwnK31zDIdcqls+yAFUUPL+VuhkrePBmB+Cm6KXNGJ9aRZ7TS9VfNlNwvBmCBmbnPO5amoPdBHW717PTksecjwrZWeHBtWgljg83cfCCD95cRxkGybeuJr1qLYWxy3nwZnuoUeVbWVOezqMDhsChureXN2M2A4FE5qxYRo4NOH+QLVv2Uhs0Yw5Ek7xgOflpVsoL1rL7pIHv9HrWF7fQYoAZA4x61j1fRGzWcvID29nckseqT7gADwdfXU9RbD6PhdtT/uZzlCY/yrK0Wva+VUjJGQ+GycCIdDH/M8vIiQfOFLL+Lxby5ngo3FmOZ1I+j93h6rOvOvOd2sv2PSXUegwIGlgmzmf5nTmhW6VsK2uOOMhz1LD3cB1eLDjm3sWKGxyhNwfclGzfGrpnoh3YQ7dgH1pxf7CJdSfq8GLFecMSls91QvlWnvuzh9zlK5mX2Nd725Sz9TcFeHJWsPKm8L2xYTO+rDk0HyqiqtEAWxqLV+STYglds/KCTeysbAaTBceURHxnbSx6IA/nZV7b3lS93fe9VV6wlsLTQMM61u6NJfuuFaSXdf08JODm4NbN7K0zMEdAdPICluenYR3EtejyuRWAxNwVLJtt62jc+b1s3FKKp9XMG+vKMFwLWJ2fNqTzExEREREREQGFj9eMmrNuLHE2iHKRYi9k19sGefc+yvJ4M/hK2fJ2Da47HyXPCdQVsv6N7SR+fjEpk1rYdawBEkOhQ0NlFWQsZ/VNBoXrN1JzBnLt4DtSwPaTCSz9wnJcZg+l2zeyKzzwyX7TIrLLCqhthLREMAwDb1kJDfnLWH2HDd8HG1l3sJQFqTlYqGHXthIi536ORzOt4Clhyytu7PPNPc7JMAw8lXXkrHiUfFsoENz0dikZd2aAr5SCPs4peYKDgpoqmJUG52uoi7FjPlODDwcWXxW1HyUy0xk6p4JzGXx2dQ5WvJRs/gPb9yezcq4d5/RkWjZtZW/WMlY94sJiAtJXY3v9OcpTV7EsM9TGhrroriPA/AZG23T0/pw/QGGlg8VfWEmyKfy+KIAGCt/cD2394y1hyx82s9exknn5q7HvWc92FvPgreHA7sgWnqtIY9WdGaHXp5IwdlfhxoWdOmpa7NhbaqghDRc11NTZcNxkhshYXLMWM3upHYspFPRufK+SnNtTYEI6yf5NbN2XzbJVj+GygO/Ilj77qjNLrIucxbNZZrdAwE3RKxspqshhcSrQamDUlVCe/Gk++4gTS3UBa3eWUHPDQlxAQ9FWivw5rHwkG5vRQNGmjfQ9IdqLJyafzz7iwtJUzKY/7GRv2krmpS0l78hzVNYDA4aPaSy9tZTnKusBB2BgGF5KDzew+NOrWRrvo/jVdRw4soCU2RZ8H26j4Gwyy7+Yh9NkUPOXDWyxpXQLHi/x2vYSssZG931vpeWvpvVi13uRbp+HDUVb2c88PvfFjPZrtnmfI3TN+r0Wbg68U4Ej/1FWTiHUL/5un58J81ixzMf6t2Dxg3mEv3oM6fxEREREREREQM98HMWaqTlUQsl7u9i6aT07z7iYf5MLALMJXDctIzs+HBicrKTGns28tpTEmU1KTBVlJ8CVlkrLydLwc9saKD1pJmV6z6SgoqIGR9Z8XFGAyUaiLbrTXnPPO2ViDgtTbZgB66QkbF4PHoD6SmpM6czLDI+GsiVhj+nnNMenkR0ecOXMSMZWVxUKpPo5J4srEVtDLXWAr6oWpmSQ5K2lBuBULQ2JLpKBqpM12FMyQiPBsJKdloi7LryIiwki47LJXxAOHodbZDQWXx2VJzyhadxRZswA58uo8qeS29Y/1mwyJripLB/kikITnSR+1EBNADhVQ31CBhnW2tCCRJ4aanGRnACY7LiS7Vjw4fUa2ONjMdofomgGk5XsT+XhCg9W7bevOktwkWy3hFZuNuzY47o9mzEunfk3OEN9OsVF4sXwfUEDpSdbSM/NxmYCohzYY/s7URvJGeFrY8slPclN3elw64dyvSJ6bnLNWkhKvBmwkpxkw9sUamFFVR2unDycJgAzrkRbzzfDyF3bAXX+PHRTVtVC6uxO1ywjCXdlGe219XktzERbfNRVVuLxh16bowZR/Yifn4iIiIiIiFyPNPJxtIt1kJyTQf5UZ9eQrFOo4j7nhqjOi6PYsdsMGlqA1DRS/bsorYc8Sqkyp7C0R/bYQEMjRKYOw/Iq9W48Jjs9xzkOwjg7Nr+bFgY6pxRcRiEnPdB81oNjWg6OsweoqQPbmQZsk+ZjwU29G+pOv8jaAx1VWCZldLwwcWntHAxbLp9e3My2XetZ87YN140LWXqDC3ODG0+Ujc7Rrt1mw/D1v652O1MqyYmF1JyA5HO1RDtySbp4gL3VQEQdzROzcQEE6ti7aRsHfTZc9kiaz9bAuM5TxSO7BFkD9lWbur1s3HYQn82FPaqZ+tOQkDqYhtfj9kRjjx74yN6YTeBxN0B4DN7wC30O9BZW9jBS13aI7XV/FI2ta2XYWn0DrNAOYCN36VKa39rJ+t8VYJs4h4WLc0N/eOi3yit5fiIiIiIiInK9UPg4asXimplNL/FPD/Z4G5wJhQ6hsM6DpxnMkQAu0qaEpl67I2swpy7t5TF7NmxWcA9Hs8fZueQnwNW7OR9jw8bA5+R0uKmsbcDXkEByPiSdjaTsjAfb2RaS5oZGrNlt4Mz8HMtnX+k1q0OsU/JYvioPo6GYzZu3sDX6MZYl2rD5DToPFvQ0N4NtsDGoBdf4WErONlDTYOC6yYbTncj5mhpqqMc+PjQ61vfhOxQzk1UP5Iaux5EtPFfRV5n2QfaVj4PvFMOsVTx4Q+gql77+HOWDarcNW38jYAdgBMBmH6ngEcCBfczgPwdG5toOhR1bXAtG18pojrANLlC3JpN39yry/A0Ub93Mlu1WHrtzgK829it5fiIiIiIiInK90LTr68G0ZJz1FZR6w6/dpVRecOKaEnrpmp5Ka00JB09CyozeppJacI23UVteghcg4KH2XPOltSXRQUJTFaV1oZfG6VKqmvo5vsWLJxD6sOZIBcbE5NDIvYHOyWmnvuoA9WYnLhPYJ7nwnNlLrcdF8qSOY+oqS2krAr8HT/uLwTGbobkpHEn5Gyguqwd/19FlRqCXNwZ8+PzhMhy5pDuguckDiSm4Ik5SfqrtuHLKqi24kgf/0DzHBAfNZw9Q0+jAlQhMcWE7U0rp2Vhc4dGrLX4fRFlCwWPAQ+VpDwT6Xr14cH3VQosfoi3heNlTSU0jEBxMq104HR6q2m4Mfw11jYM7XzzFlNU6Se5rjZ/u59XPefYnaVzXz4GSivo+6rv0a9vaqW2Dubf65iBlkpmT5TXtW8rLq7C4kvtew6cTny/cjigHuWmJ0OxhwMnTw3DvioiIiIiIyMePRj5eDyw5LMmr4ZWX1lMx0Yr3tBfnJ5eT0zaIbWIaUy5uoTQmlwf7eIydY+48XC8V8OLavZiJJjkrHdvRGqrIIHkwbWgbEWXKID+vkj+8toaySDDHJ5PQ31DIxkNsev4ABgZGbDqL70oZ1DnZprqI3FSCN2N5aKXliU4Stu6iMimPxeGibXMWkVOxiXX/tR+LGQwjmpRFnVblHgT7jAzsrxSw5vndEGEjY/5sXLurqPDnkBGVhDNhF4W/24D7jpXkTex4n/f4bjbtrsSc4CLWX0ttaxr5OTbAxsIl6Wx4fR0bnQkY585jnrWExRP7aECiA1thIWufLyL51tXkpwFTk0kq2EV5Uh75ABYXicEiSnzZLA9fX1vOHJIP72TN83tDqxLfkIyjpopyfzZpvUyvHVxf2Zh9QzIv7lrD2n1msCQze4qDmqpyjKy0PkbcteILD1/NuCmXg5s2sabCgjnCRvo0Fy21NXhxdBstG4vN2kzplrWUmYBANMmd7+fOJjixFxayZoObpSvzcHV/3Ue3dtbiD43lc8zPJ/uVTaz7r9DnQMokG/h7Hn+p19YxwYFRsJm1H83nc0uzB7i3INFhY9eetazdm8yCz+fTPXt15S0h/ZXNrNuYRELgPOfNOSy5rb8zDl8Lfzm7X9tJpdmBK85H7RmDtE8tpseXhvgk7C0FbHq+DHvWclbMdQ3t3hUREREREREBIoLB4KDGLck1IODD22RgjrNe4iIqBl6P7zLe37UtPsOCJaqGXc8X43h4GdndymzYs56N7lweuzMDw0/vi15c9jmB4fXQHIjGFnep068NvF6wWoc+vdTX5KHFFIutx3sNvJ5miLFhHcxiH5dk6NdzUH3l9+LxmS+tP8PX02KzjtzzNi+T4fNhtljwHdjEHzy3sGpBj/WugeG6tpd+b7WX4PXQTG/tGIDPi6cFYod8La7EvSsiIp3V1taSlJR0tZshIiJyTdD3zdFHIx+vJyYL1j5GNg6OGavtkp/Y2C4UJFpCgVddJTURNtIGCL/6XG33ss8JzFZbz1FdQysB6yV2iyXORu8RnRmr7TJPbEBDv56D6qsoK7ZLDZ2G4XqOGL+BEWXGbLEAXsqq3Nim9j2leHiu7aXfW+0lXOr9bbFiu6Q8/krcuyIiIiIiInK9UPgow6yOvZveoLQJMIERYSNnyYo+p79a4xOuZONE+uQt384r79ZimADDIHrKIpbPujqLFYmIiIiIiIhcLzTtWkRERERkFNP0MRERkcHT983RR6tdi4iIiIiIiIiIyIhQ+CgiIiIiIiIiIiIjQuGjiIiIiIiIiIiIjAiFjyIiIiIiIiIiIjIiFD6KiIiIiIiIiIjIiFD4KFdfwIe3ydfrLl+TF1/gEsr0e/F4jctr1xVj4PV46b21/e27DIPon0vu+6vA8Hrw+q92K0RERERERESkO4WPcvWd28um9QWU99jRwN7XXmTniUsos7yA9Vv247n81oUZNFSUUucdtgI7KaNgfQFlfe7bzP7hO5GQ8gLWv917jSGX0fcjIeCh5mgl7j7C0LK317Npv/vKtacaflZ45aobFB+88BK8cKzb9mr42UuwZ7jvIREREREREZFBUPgoo0PAoLXXHQa+lksss9VH7+MpL0Ulewt2sfvo1UhwLqMPBut8EevXF9JwpesdrAsl7Nq5k/3V/RxjXMGRrhfgW3vgzJWrcWAX4OXD8ItCuNhpc0Ux/LQYdvTXdyIiIiIiIiIjJPJqN0Dk2pDG0i+lXe1GjJwrGdxdioT5PPjY/KvditHNC+50+HI1FPrgNkto845D8NWZwDUyhV5ERORyBYNBDMPAbDYTEREBQCAQIBAIdNk2HPW0trZiMpkwm8191i0iIvJxp/BxNCrbyppjNnKMCg6e9WFgI+eulcx3Ar4a9r5VSMkZD4bJwIh0Mf8zy8iJNyjZvI6a7NUsTg2XU1/I+rdg8YN5OM4fZMuW/dQHwTBiSc+/i4VTrOAvYctLVaQtdFC6q5i6qBxWrsygautm9tYZmCOAqFTyH1pIcpdGeigt2M7ek258gBGwc9NP9gAAIABJREFUkX3HcvImWQA3RRs248uaQ/OhIqoaDbClsXhFPinhQMR7spBtu0qoazFjGxtLM7Y+u6OluoD1e8rxBM3YUhexPD8Na6gUqv6ymYLjzRA0MDvncdfSHOxt43kDLVTt2cQbR+rwBi045t7Fihsc/bTdTMnmNVSmPcayzHAZvhK2vrSXWgDMJC9YRX5qR93by5sxR4B5XDZLls3DaQLOFLL+Lxby5ngo3FmOZ1I+j33K2sd1G8wN0UpLVSGbtpZS5zWwJM7jrntzcQzQB75Te9m+p4RajwFBA8vE+Sy/M6dnT5/fy8YtpXhazbyxrgzDtYDV+fZQze4Stm4oosrd8xq26+9+7e3+emA2nl77ro7C3xfAkgfJSwyXfbqQDW+V0QyAndl3LyfXDgTclGzfSlG1ByPagT20u5335C42v11Bs8nAiEhi3rJl5CT0cW0WOzg44P0+BAHY8Xv4UWXo49S58ItlEAO4D8H33oAdF0L78j4Jv1gS2rdjHezPhax34aul8NN/gLwD8HgTPH4Rvvo+HDbBL74Ij0/vpV4P7AB+Oh22HIPbZgIn4ZUJ8IsJ8LMLna85/OiXsBmwBuC+lfB4RmhXb+24zwQ/+hXsCIC3Fb78BfhyyqV2kIiIyMhqamriyJEjzJw5E6s19FOj2+3m1KlTZGdntweFl8vv97N//35sNhuZmZmYTCYuXLhAVVXVsNYjIiJyrVP4OBq1Ghinq/Dd+TkenWjGe3gLLxYUkv5gHo7IWFyzFjN7qR2LCdzvbmDje5Xk3J5C8oRYisrLITU0Qs9zooaWiXk4aKDwzQPYPrWaZZOAukLWv7Gbys8vJiUqmxR7IbveNsi791GWx5uhbCsbWmay6ou5oZDP39uouEgS0hdw3yecWKPAKNvK2ncOkHP/PGwYGIaX0sMNLP70apbG+yh+dR0HjiwgZbYFfKUUFFSRcMejLJ9oxnN0Kxt39j3yzuNPYsXn87FRRcFL29ldnsbiNPAdKaDgXAafXZ2DFS8lm//A9v3JrJwbTqG8VdTEfprPftGJpbqAtTtLqLlhIa5+2p6e7KSwohQyw0nM8UpqJyxg9eI0Sl9/juIzDZDqCNVd4+KuL+ThNEHd7vW8UZDI6ttTYEI6yf5NbN2XzbJVj+GyAAF3n9dtYF6qamL59GcfxRlZRcELBZScymXhpP77wBLrImfxbJbZLRBwU/TKRooqcjrC6TYJ81ixzNcRVAOEJ2DXVTew+I5eruFg79de7i/fkS1s6qPvUia1sOtYAySGW1FZBRnLWX2TQeH6jdScgVw7NBRtpcifw8pHsrEZDRRt2khlW3t8pRS8fZ6Mz64mxwrew1v4w469JN8/D3tv16ZsK0UD3u+Dd6YAfjYW3vouEIAXnoFnp8M3p0NMAnzz7+AXVqAVfvQj2HELLLPBbbPg9t/BDx+A44+GywrAK+/Asi9CyUq4+C5Y/wJfnh4KLLteB5gQBXNy4PF34bszoeJA6LX1PJzu9LzSF34DLIfCmYAXvvdT2PI1WDa293a88DOY8BC8NQWohft/BTd+F+bowR0iIjIKeb1eDhw4QGpqanv42NjYyLFjx8jMzBy2ULC1tZWSkhKio6OZOHEiCQkJXLhwYdjrERERudbpV8fRKi6ZjImhH1isWWkkeWqo8AAmO65kOxZ8eL0G9vhYjPCD+WwzUrCdqgiHMD4qT3lwJbvgfBlV/imkTQqX7cwgObqBmnOhl2YTuG5aRnZ8+AckiwVL40lK68JPTIzq7QcnK85kJ9YoA2+TD7PdRmy3Zyy6Zi0kJd4MWElOsuFtCj8v8Xg5NQnZzA+fn22cjeh+uiIxNRtbFBCVzMwUC7Vn6gCoOlmDPSUjPArSSnZaIu662k59mM78G5xYTMDkJBIvesIL0PTddktmKs7T5ZSGp6iWVtTjSu053brqZA32zPBIR8CZnUJ0dVm4781gspL9qbxQuAX9XreB2Uifn4vTApiSSUrw4fF0akdffZDgItluAZ8Xr2HHHjf0Zzh2voau8daOa9hdX/crPe+v/vrOlZZKy8nScPTZQOlJMynT7d0qa6D0ZAvpudnYTECUA3tsp90nK6mxp5IR6hSsWWkknq9rH73a49oM6n4fvMJDcN/s8AsT3JYLhSdDL2NckGoFvHDRBKljwN32gMZIYCZ898ZuBWaFwkaAmFS47xz0trTOmXrIcwDT4f7jsCcAOw6GwsQYK7jbwscG2OyDh2eGX1vh/gzYcqiPdoSPv21K+HUS3B8Lh7s+IFRERGRUaZtm3V0wGKSuro6ioiLeffdd9u/fz8WLFwkEAhw/frx9e11dHcFgkPr6eioqKqisrOTdd9+lubm5S3lWq5X4+HjKysoIBAIEg8H2fRcvXuTQoUO8/fbb7Nixg8rKSoLBIH6/nw8//JDjx4+ze/duDhw4QF1dHe+99x67d+/G7Xa3v/+DDz7g3Xffpbi4uEfdIiIi1wqNfLwmJHQER3F17N20jYM+Gy57JM1na2BcOByzpZMSt5GyCkiZWkFVfRJpU4Hjbjy+GrY/X9GpTBvZnTOWzo+kmZLP8pu2snXzWvZaHGTMX8zC9O6Tdb2UF2xiZ42FpPGxtLpr8JAxqLNpOO+BKAvdZ+8OhtkUidd9HrBQ74a60y+y9kDHfsukPtpg6nyy/bTdkkFqYhHlRyFjRinlZ11kLO1emJt6N0RO6XQGCXZs/gY6sr3IrtF+oJ/rNkTm9nLd/fdB3V42bjuIz+bCHtVM/WlI6D7qcUj1DvbLRaf7te22ab+/Bui7SWmk+ndRWg95lFJlTmFp9+yRetyeaOx9JNbuc26or+HF5/d3bIxJ7nR3drs2g7rfB+/wGVj3O3ihUx1zPhn692IprHoJJqZAaiv8ugG+1/nNw/TnoNuyYMc7UDgB1lkgZizsaPv0r4MdFsKBdchER9eRkV3aUQc7PPDYT7rW8U396UpERK5Bra2tfPDBB7S2tuJwONoDynPnznHo0CHGjRvXfswnPvEJmpqaeOedd0hOTu71GY4RERGkp6dz+PBh0tPTu+wzDIOWlhaCwSDNzc0UFxczfvx4IiIieP/990lNTcXn81FZWUljYyMA5eXlWK1W5syZQ3l5OdXV1SQmJraHoTfccAMmk74Ji4jItUXh47UgUI+7yUpyPPg+fIdiZrLqgfAU0SNbeK49U7STPtXGpqoaoIr6iWksMwF2GzZLOgs/vxDXIKu0Zy3lwSzwVO5iy44tFNo7PYcP4NRedp9ysvjhfJJNtD9fcjBscdbeh24NghFoxRqfANix28CZ+TmWd58GPJB+224hI8VJUUUpRlQV5yelk9bj57tQ3bU+H7RFqB4PzSZzn59Q/V+3S9VfH/g4+E4xzFrFgzeEYqbS15+j/HKrHIxO92tPA/Wdi7QpoanX7sgazKlL6ZE9YsPWY85xpxribZCYzeeW5ww64B7wfh+CVAd887Pw5Sk99617BW77Ajwenm0/8WeXVkdvKs5A1qzQx3Ny4HsvQtZdnaZntw3+SIQ8H3TOGk9fCE0J71Ui5Nngp/8El5Fdi4jIx8DpugbcjR/1OuJwJM2cMbTvUF6vF4vFgsvlIjExkejoaA4fPszFixeZPn06Fy9eZMeOHTQ3N2O1Wjl//jxz584lNTWVyMiuP+0ZhsHYsWNJTEykrKwMh8PRvi8mJoaUlBQ8Hg+NjY0UFRXh9XqJjY0lGAySlJTEpEmT2Lx5M4ZhcMsttxAMBjl37hytra2UlpbicrmYPn06FRUVnDhxgpycnC7h46Gjl/0DpYjIoJhMJuzxY5jodAx8sEg3Ch9HK38LHj84osD7YRk1CS7yLNDi90GUJRRgBTxUnvZAoOMZdfZUF9FvlLOXGuyTFoU2JrpwGLspPwWu8NRrT6MHW3wfo7v8PnxmCxYT2FIySLaW0ewBOocxvhYMcyzRJgCDhqp6mgOJDOZpeRZXIrb95ZR4M8i2gqfWzaAmkfirOFQJU25zAuBy2tlVWYp3dk74WX0ePK02bNZ+Sxmw7ZbMVJzFVRRaakmatrjXIlKTnew63lG3+0glbmdGn4uUDHTdAIwAQx751ncftNDih2hLuDM8ldQ0AsFObw4M4wrXfdyvvRmo71zTU2ktLOEgkHJHb/eoC6fDQ3FpHSQ6wV9DXSMdC85McmIvrKDUm0OOFcDA0+jDFt/HjdHX/R5fR/mxeizJ2X0Eqb3LSoXvHegUPnrAHQd2E7h9MLGtGQ3w/kdw4zD+fmZt+4o+HR7Pgolt07+dcF8dnAEmjIdlJthxMtzGtunZf9VHoeNDYWX78YD7AtjHDl+7RUTk2ne6roFAIMCM1Mmj8lmHfr8fgMjISGbPns3Ro0c5ePAgdrud3NxcGhsbMZlMeDweWltbmTp1KlFRUQQCASwWCwkJCURFRfVadmRkJDNmzKCwsJCYmJj28//oo48oKSkhPj4ek8mEyWRqn5YdFRVFQkICFouFyMhI4uPjiY6OZsyYMbS0tNDa2orH4yEYDHL+/HmioqJwuXoOIxhq8CoicqkMw+DM2XOcrmtQAClDpvBxtDKq2P37tew0GRgkMf+ueaFsJWcOyYd3sub5vZgD0STfkIyjpopyfzZpUUBiNmnWjRSX2cj9bFv6k8KC+aX8YesaKixmMAzMjjl8+u62FZO7qjuwmW0fNhPrTMTcWIPbOoe7uv9ckzqHnH2b2Ly2DDNmbFkZJBuVnHSDs+dQNQBa/OFJyYnzmDfxRQpeXMteM0QnZ5MeX0pNFWR0Se8s2MaYKS1ay9q9QMCMfeYSlk8M7bXNWUROxSbW/dd+QqcVTcqiFeSn9j3ezQgMou2WDFLHFVFUncLi23svxzJrCQtrXuHFlypwxXip8TrJ72ekna3f65aEM2EXhb/bgPuOleRN7LP5HYID9YGN2Tck8+KuNazdZwZLMrOnOKipKsfISsM8wYm9sJA1G9wsXZmHKz4Je0sBm54vw561nBVze6+2ta/Asq/79VL6bmIaUy5uoTQmlwf7yMczbsrl4KZNrKmwYI6wkT7NRUttDV4cWG3zWDRrA5t+v4b94fs9emo+Kz6V0uv16fN+ry9j754SLK2pJN/QLbiMg1vPwsQnum4reRLm3Al5/xuyP4CJptAIw+89BsvGw6p8uO1Z+LUVYpzw5RzYUgoPJ/XRWb3pNmqxzekGiGl/xigse6DbAYGO9335EXjsV7A/BS5Wg30JfLOfYdGPr4S7fgUvxAGtEDMZfv0oTBhCs0VE5Prmbvxo1ASPFouFqKgoGhsbSUxMJBAIcPr0aWJjYzGZTEyePBm73U55eTn79u1rX5gmEAhgs9mIjIzE4XBgtVppaRncA7MdDgeJiYkcO3asfXRkbW0tJ06c4M477yQYDA6pb8xmMzExMURERJCQkIDdbsdkMo2K/hWRjyez2cyE8eM4WlGt8FGGLCLY+anIMjoc2cJzH9hZ8WAedr+BuccCGAZejw9znDW0mEp39YWsf9vC0pXdAqCAD29TC8TYsPb+h9tudTRDtA1rP3NXfU0eDMtgyuulBq8Hn7n/8gdbTnMgGlvc0Aq6nLZ3FOLF4zcPsu4Brttl6LMP/F48vsG27xINeL/2YUh914uAD2+TgcVmpdca/V48FyF6UP09uPt9KC42hRaVsXcfcOkDt9HL9qvgogewQsxg/gwVAHdTaPGaQR0vIiLDpra2lqSkofyl6so7dLRi1IzCa21tpaioiPPnzzNu3Dh8Ph8NDQ3Mnj2bKVOmcOTIEXw+Hy0tLVRVVbF06VJ8Ph+7d+9un4YdGxtLZmYmFy5c4I9//CP33HMP48eP71JPc3Mzr776KkuWLGH8+PHU1tayefNmEhISuPvuuzl16hS7du0iPT0di8XC4cOHWbhwIePHj29/n91u509/+hOpqanMmTOH4uJizpw5w5IlSzhw4ACVlZW4XC78fj+TJ09m6tSpvT57UkTkShlNX+/7ci183/y40a+Qo1zvQY4Zaz9ziys/KMOa+bmeI89MFqy2wSYrZqy2gRfdsMRd+sIcZquN4chfzFYbl9KKy2l7RyFWBt2lA1y3y9FnH0RZQyuFXyGDDh5hiH3XC5MFa3+XcEjnPrj7fShi4jo9b7EzC32OCr3SYoZyyiawD28XiYiIjIjIyEhycnI4evQoXq+XiIgIMjMz24M7s9mMYRiYzWZuvPFGxo4NPUtk5syZ1NbWEggEiIyMJCIigtjYWG688UZiY2N71BMVFUVOTk77PofDwc0334zZbMZkMpGUlERWVhY+nw+r1Upubi6xsbFd3mcymcjKysJuD/10MGHCBGJjY4mIiGDGjBn4/f4uU8ZFRESuRRr5OBod2cJz5Sk8dlf2EN5UTsHzu6kKgHnCfO67I2NYgj2RAV3S/SoiIiKDdS2M4BiNI2GCwSCGYbQHjp0ZRuhRMp2393f85bbBbDZf0ojFYDBIa2trexgqInK1jcav991dC983P24UPoqIiIiIjGLXwi9R18IvoyIicvmuha/318L3zY+bYX7ynIiIiIiIiIiIiEiIwkcREREREREREREZEQofRUREREREREREZEQofBQREREREREREZERofBRRERERERERERERoTCRxERERERERERERkRkVe7ASIiIiIi8vFknDvG2+/XUe1pBcBii2fmjTnMHqdfU0RERK4XGvkoIiIiIiJXXt0hXv5zTXvwCODzNLL/z+9RWHcV2yUiIiLDSuGjiIiIiIhcYc3s/7AeL2AeO4E77v4kX7w7i5ljTYCPYx8ewzsc1bR4aGwejoL6YbTQ2NgywpWIiIhcuxQ+ioiIiIjIFXaa0xcAYsi8NYOJUUCUk3m3OhkLcKGR48NQy9nX/oHcr73M2csp5MP/YOVDa3i/r3yx+Ofkzvs5719OHSIiItcxhY8iIiIiIiK9amHPxl/yfkYaM6OHu2wPW/8+m2lPF4+SckREREaGwkcREREREbnCJjJxLMBFjuwp5bQf8Nexd08dFwDGxjPtqrYvrKWIN34HX1gyn2HPHmnhQuNoKkdERGRkKHwUEREREZErLJY5sxIZEwHGhTO8+dqf+a/XDnPoQgAiLEyfNR3roMtq4dBzj5I7I5tpM7LJWvQwzxV3miPtq6bg2b9hfm4203Lv52f7Ova1fLiGVfPD77vnSbae6lpy47aX+d2kv+GBW6Lh1DaeuGcO02ZkM23GfO74p22dpnM38v7LP2Tl/NC+v321uqMQo5qt37ufrPD7Vj13mBbqeemxRTyxE3juYabNyObH+wCjnreffjh8LnP4zPe2UWWEy+m1/j7KERERGUUUPoqIiIiIyJXnnMm9i1xMtkW2b7LY4pmz6CbynEMo5/Bv+bunG/nqH0s4fng/O3/7JEtndBqn+M5vean1bn7zyst8Z95hnv3PcGh4fhvf/vzPGf/kTo4fLuI3txTxtz94rVOgWM8br24jeeUiZpo9bP3Z13kp+2mKD5dwvPhlnlk9h/Htx77MS3un8c3fv8a/PzyWrf/j5fZnQB567m/426N3sKG4hOPbvk700w/zi+JE7vnfL/MvtwBf+CXFRUV8MxcaX/8BX3p9Dv++t4Tjh1/mnqNf5xvrq4G+6u+9HBERkdEkcuBDREREREREhp953HRuXzx9GEo6zhtvFrF06nySp2V13bXoe/z71+9mPOC8cxE/fj008vHsn19mU/PDrLszEcyQnjufma3xHdOrT7zJSzuzeOw7WYAntG3/Tt44PId7siYzs0s1j/LUTx7mRoDPLIEXfOHtxbzx78e59Tt3MTMWmJpN3qxcomMhOn480RYgOp74BBtQz9bXtsGdL3BrPMA0br19Mj/eWczZhz/ZZ/09yxERERldFD6KiIiIiMgV5TtfzaHjZ6mu/4gLLQGMtqnFZhOW6BiciXZSp01lWoJl4MKyHuHXPznLE08/yiefjWbmA0/z//5lCcnmAd4XrjM6fNz4O3/An+7s2F2282Xez72fZ6YB2Fj6T2v45pP/wPfve5knEubznV//ksdmDfwkyJZmiDbHhF/l8tgra/o89mIroenTz3XaeNvl1S8iInK1adq1iIiIiIhcEb6zx3jzjT/z+7fLOXCykXPNnYJHACOAr7mZ6pM17Hp7D8+/sY/9Z319lhcSTfr932ND4X7+vOZhol9qm6o8gHDo2GL0ss84zNbfHGbp6s+Q3LZt/Hwe/+VODhe9zFMLTvHjz/8v9rT08t7urYuFFuPiwAcCMZHAo2s4frSk479fhkZtXmr9IiIiV5vCRxERERERGXEfHd3HS3+p4bQXiIphcmoqn7ptLg+t+CRfbP/vVu6/LYP5qfGMjQLD+xEH/lLElqP9LOd85jDvn2oBczTJtyzh1klw1uPp+3gfXATGz1nEjbzAf74cCipbTu3kd9vqQ8cUv8YvTi3hzgVt05hbKCs+TKMBJGSRvygLmhtp7Cf8C4WaWeTdH82e3/yePY2A4eHQy6/xfuf3tbS9SGTOolx4c2foWKDlRDHvnxpk/S1KIkVEZHRS+CgiIiIiIiPsJIVHPsIgkvGZWTx093xuz53C1LFj6Dqx2sKYsRPIzJ3DvXffyh2ZY7AQ4OyRco70UXJj+Zv8+L7wKtBZD/O78V/nmS9k9X6wGXjnMNUtwNSHeebpRbz/vTtCq13f90vKWi8CLezZ8gJ84WGWJrS98Szv//KvmZ8VWhl7/v/Yz/Knv8bS+N7qsBDNfsqqAaK59ZtreDz6BVbNy2Za1iK+tO0s0QZAIjNvySL6d48ybcbdPHcUku99ku+kbAgdOyObrAee5o+l9QPU37McERGR0SQiGAwGr3YjRERERESkd7W1tSQlJV3tZvTr0NEKZs5I7eeIcrZsrOZszDjuuDOHiYMuuY5drx/m+MUxzFkxl9n9HNly3kOL2UJ8/BCfg9jiobEZouNtoec/Nm7jv8/7R8aueYd/WRDd/7FDqea8h5ZoG/Gxgzi20UMLvZzLZdQvIjIcBv56f/VdC983P2604IyIiIiIiFwZF8/x5sY/j0jR0Qk2Lmn5lWgbnTO+xqKdbJr0N/zpll5K63bsSLUvOr6PYy+jfhERkatF4aOIiIiIiEhY/JIfcHgBGlkoIiIyTBQ+ioiIiIjICEtj2Yq0q92IQYsexNRoERERGRwtOCMiIiIiIiIiIiIjQuGjiIiIiIiIiIiIjAiFjyIiIiIiIiIiIjIiFD6KiIiIiIiIiIjIiFD4KCIiIiIiIiIiIiNC4aOIiIiIiIiIiIiMCIWPIiIiIiIiIiIiMiIUPoqIiIiIiIiIiMiIUPgoIiIiIiIiIiIiI0Lho4iIiIiIXBaTyYRhGFe7GSIiMoIMw8BkUowkQ6e7RkRERERELos9fgxnzp5TACkicp0yDIMzZ89hjx9ztZsi16DIq90AERERERG5tk10Ojhd18DRimoCgcDVbo6IiAwzk8mEPX4ME52Oq90UuQYpfBQRERERkcs20enQL6UiIiLSg6Zdi4iIiIiIiIiIyIhQ+CgiIiIiIiIiIiIjQuGjiIiIiIiIiIiIjAiFjyIiIiIiIiIiIjIiFD6KiIiIiIiIiIjIiFD4KCIiIiIiIiIiIiNC4aOIiIiIiIiIiIiMCIWPIiIiIiIiIiIiMiIUPoqIiIiIiIiIiMiIUPgoIiIiIiIiIiIiI0Lho4iIiIiIiIiIiIwIhY8iIiIiIiIiIiIyIhQ+ioiIiIiIiIiIyIhQ+CgiIiIiIiIiIiIjIvJqN0BERORKCgQh2P5vkEAwtD0IBDt9TPh1+8ft24IEgYjw6wgi2l90bAv9r8vrPrZHRITKiAhv79gmIiIiIiJy7VP4KCIi15VAEIxgECPYPWiEQFu6OAw6QslOCWVvBwyptA6hEDKiRyDZ5eP2baHw0qTQUkRERERERhmFjyIics0KAkYAWsNhYyhwHL6A8WoKjcQMdt3Q79EhEYApIqI9iDSFQ0kTEe0fi4iIiIiIXCkKH0VE5JpiBMEfCNIaCI1wvD6ixuETpGPkZ889IaaICEzQPlrSRFtI2bFdRERERERkOCh8FBGRUS8QDhz94VGOcnkCwSAB6GU0ZWhD2+jJiE7BpDkiArNGToqIiIiIyBApfBQRkVGrNQAtgSD+gALHK6lt9GTXcDL0whQOIc0KJEVEREREZBAUPoqIyKhjBMFnBGlR6DjqBIKhFcL9QG+BZJQp9LGIiIiIiAgofBQRkVHmohGkxdCzHK8lnQPJi0aQyIgIIk0KIkVEREREROGjiIiMEv5AkItGeLqvXNNag0FajY4gMiocRGp6toiIiIjIx4/CRxERuaoCwVBI5dMU66uubbXr4eYP0P7cTgWRIiIiIiIfLwofRUTkqmkxgrQYENAk66vKHBFBjDk0QlFERERERGQ4KXwUEZErrjUAFwNBWjXa8aozRURgi9IwRBERERERGRkKH0VE5IoJBKElEFpQRkYHq/lqt0BERERERK5nCh9FROSK8IUXlAloQZlRJTJCox5FRERERGTkKHwUEZER5QsEuyw4IiIiIiIiIh8fCh9FRGTYBYIdoaOhkY6jWmswSJRGP4qIiIiIyAhR+CijVpBQgBEIBgkEQ6+DQFuO0fY6IvyfKSL8cQSYiMAUEdomIldOa3iEoy8Q1PrV1wivgVa5FhERERGREaPwUUaFIKHQojUYxAiAEYTLiy5C7w2FkhGYw0GkOQLMEREKJUWGmaZWX7sCwSAeP8SYIxRCioiIiIjIsFP4KFeNEYTWQJDW8L8jEVkECU357LqwbhBzRASRptBCC5GmUEgpIkOjqdXXDyMYpKk12P7HmrZR5BGE/mgTpb/YiIiIiIjIJVL4KFdUMAj+YBBfIBQ4Xi1GMIhhQEs48ow0RRAZ0RFGikjvAsHQCOW26dWKHK8vbY+5gNCo8bjIUBgpIiIiIiJyqRQ+yhXRNh3TH7jc6dQjozUQpBXri6LIAAAgAElEQVSA0MifyAiINIWmaOsXb/m4a3skQtu/8vEQbUJf/0RERERE5LIpfJQR5Qtc/VGOQxUIBvEFwRcATdGWj6OuoxtH5x8MZORpqrWIXKuCweD/Z+++o+u67jvRf0+7Db2zgF3sRSTVLCkqdizHlm0pLrHlFDuOJ7HjlMnMezOe917eelnJJFkzzps3JWOn2HHsRBk7rnGPY9mWbMmSSImi2CmSYC8g0W45fe/9/jgACBDtArjl3IvvZy0QwLnnnrNxCdzyvb+9fwjDcPx7XddhGEYVRzQ3KSX6+vrQ3d2Npqamag+HiIiopBg+UskpdTN0rId14CZO0dYwYYq2zqpIqg8KgBitauT6jTRG4/0bEdWoIAjwyiuvIAxD6LqOIAiwceNG9PT0QIvpnZsQAseOHUMikWD4SEREdYer21FJ+VIhFyo4QtVlgKEQTR93hEIukMgFCnao4Mtbm9oQxZNU0e+wK6IGI9lAYcSXyIcSbp3+3dLC8D6NiGpVGIY4duwYgiCAZVnI5XLYv38/XNet9tBm5fs+hBDVHgYREVHJsfKRSkIowBUKQQ1Nry6FsU7aY1O0xzrFsjKS4kCom7+jYrSicWn9hdJiBELBNHknRkS1ybIsbNu2DV1dXbh8+TK++c1vIp/Po7+/HxcvXoRt2+jp6cGWLVtgWRauX7+Ovr4+aJoGy7KwdetWSClx8uRJ+L6PIAiwZcsWZLNZJBIJrFy5ElevXkVfXx927dqFVCqFEydOYNmyZWhsbMSJEydg2zY0TcPmzZvR0tKCGzduIJfLQdM09Pf3Y8eOHchms3jttdegaRqGh4erfbMRERGVBSsfadFcoZAP5JILHqcjlZpUGTniR9VlrlAIefNQmSgVNYXxRFSJmwsUhn2JXCBhhwqeUAgZPNI8eTL63SEiqmVKKQRBAF3XoWkaXNeFUgpCCBw/fhxXr15FGIY4ePAgBgcHAUTrLwLAuXPncOrUKSilxj8GBwdx7NgxCCHQ19eHgwcPYmhoCJ7n4dChQ7BtG6dPn8a5c+eglMLAwAAOHjyIIAhQKBTw/PPP4+LFiwiCAPl8Hi+99BIKhQKklJPWqSQiIqonrHykBVuq1Y7zoRCtoRcAgIjWjDRG14w0tKibNns6ULGkij6EUqOfow/GirQY1ixV2grR/TwA6BpgaRrXgiSiGV3pH8BwNj8e3lXK9k3rpmwLggDPPvssMpkMPM/DunXr0NjYiGQyiYaGBniehxdffBGDg4NYvnw5HMdBIpHAihUr0NnZiWQyCd/3Yds22tvbsWzZMjQ0NMBxHJw+fRqu6yKXy2H16tUYGhpCIpEAADQ0NOD555/Hxo0bsWvXLly6dAlPPfUUbr/9dqTTaQwNDeGOO+7AunXrcPHiRQwODuLxxx9HMpnE1atXp/35zl68goId7ynjRFT/dF1Ha3Mjlnd3VHsoVIMYPtKCRNV9UaUfFU8h6vwdTtiiIQohDQ0wdIxP3ebr+6VLTpguPRYySlYuUhk0WzrfACGikrjSPwApJTat641FZ+mxjtdSSnR2dmLLli0wDANHjx6FlBLNzc0wTRNKKZimiV27duHkyZM4dOgQWltbsXv3bqxZswY3btxAX18fTp8+jb1796K5uRlCCAwODiIMQ6xduxbXr1+HrutoaWkZX2OypaUFmqahoaEBSin4vg9N05BIJNDW1ja+X0NDA9LpNADANKd/aba2d3klbzoiomkJIXD1+iCu9A8wgKR547RrmrexRhUMHktDIeoy7Mloymw+kBjxJbLBzSnbgYwq3ai+iNHO8GN/U2PTpbOBHP+/j5oZMXik0ms0GTwSUekMZ/NY1tUei+ARiNZ8vP/++/HII4/g3nvvRVtbGxzHwaFDh9DS0oLVq1ePh34A0Nvbi7vvvhvd3d04dOgQRkZG0NjYiPvuuw8bNmzA1atXcfbsWWQyGTQ0NODChQuwLAs9PT3I5XK4ePEili1bNt6tOpfLQSkFx3Gg6/p4ZeREyWQSjuMgCAIIIcY/ExHFkWEYWNbVjuFsvtpDoRrEykeal7HOzlR+cnRqbTC+JaqS1Eenauta9O5B9HW0jTlCPChE6zBKRJUXUkXbxj6PVTISVUtC12Dy7UciKiEpZWyCRwDQNA2maU4ak67rSKVSOH/+PEZGRgAAuVwOnufhxIkT8H0fnuehqakJlmXh/PnzuH79OgzDGA8dTdNET08PDhw4gDvuuANNTU2QUuLy5cvYuXMnLMvC5s2bcfbsWTiOg8HBQaxZswaZTAa+708aY3d3NwzDwHPPPYfGxkbouj4+LiKiODIMo+JLa1B9YPhIRSuEXN+x2qLgKpqOO/USQMOEYHL0w0C0RpsOcK22RZouVJSTto0FjPw7oXhjxSMR1TPLsrBz505kMplJ2zOZDPbu3Yv+/n5omoYtW7ZAKQVN02AYBoQQMAwDe/fuRUtLCwqFwvj07fXr12Pt2rXQNA3r169HoVDA2rVrYZomtm7diqGhIbS1tUHTNGzYsAFhGMJ1XbS2tmLz5s2wLGv8/GPjam5uxp49e3DlypXxqd/JZLIaNxkREVFZaUqx/IbmxuCxdikpIUe7OuqjT64NXYeha6OVlJjweTSo1KLrTZz+YxgGLMuCrtd+udRYiDj2G61GA8OJ2ycHjVxzkepLQteQMZlAEtWKa9euoaenp9rDmNWRk33TNn6Jm7FO14ZhQLvlXdmJz3nGSCkhhIBpmlP2X+h5FrIfEVFc1ML9fS08bi41rHykOeWCaM05qi2B7yMIfET/dQpRxHjzs64bURBpGICmQdf1qJpPCoRBCCEENETTljQoaBCA5iFpJZBIJKCPlk5F+4wGl6MbJj51vvVp9MTn1RMvm/QbpiZ/P+Xr8YAwuuTWwBDAlCAx2q80AeJYoDsfuq5B02o/uKX6INTNewMioqVkbDr2dKabNq7r+oLeeJ3tPAvZj4iIqJbxkY5mNeJLVnvVGCklXMeGnFKpqiZ9FkLMuah5FPRNvl4gPGiej2QyCdOypjl+bYqCVzkaLEpAjVZAjFaBTr09588wDCSSyVitiUVLk1AK+QBosuovfhQKMOrvxyIiIiIiqlkMH2lGDB5rz1jwOLZ+EaBw4uhpDFwfxI3rQwCAVWtXYNWaFejs6sDkwFCb9P2Jo6fx7NP7cOHsZdy4Pog9d+3A/Q/dhc3bNgBQ8DwPQRggmUzV9FRsIQQ810W0AsXMt8fY7TnT5cV8L6WA69jQdQOmZcE0DGg1fNtRbRsLIC0dMOpgqp+Egi8AUwcMpo9ERERERLHB8JGmlQ24vl2tUVLCsW1AKRQKDp767o/xL99+BnbBmXb/TEMam7dtwKo1K7F5+4bxqOzi2cv4ydP7cOHspUn7P/ujfXj2R/uw564deO/7H0dXdztEKGCHBViJaCp2raxVFK3fFCIIAkgRdWvTtKjIc3xyuqYwcWa1pim4ArBDICeAQCmEEtGHAgTU+NehjPZvMoEmE2gwgSZTocGIji+EgJQCnoqmc5mWCcuqnduP6keoFEIB1Hrl8kRKakixuJiIiIiIKDYYPtIUuUDNez07qr4gDAEoPPv0fnz+c1+bMXQcYxccHNh3GAf2HQa+VPx5Duw7jBNHT+ORRx/EY+9+EwANYeBDhAESyVQs1i0am0ItpYimT49+BkanVquba1+OVTQGUkO/p9DvAQO+Qj7UkBcKhRDIh0BBAIFc3LiWpYA9LRp2twIZQxsNOBUC30cYBLASCVhWYtE/P9FSJpSCUBqnXhPVhBAjZ4/hmSODGPSjLUYigzXbN+K+ta3g+whERET1ofopAcVKns1latJYgHW+71JRweNi2QUH//TFf8azP9qHD/7mE9i8bQOUUnAdp2pVkEpK+EEAEYaQspiUMPo93zeksG9Yod9TmLysY+n/Dq66wHdchWcHgY0NCr1pDavSCt3J6P/Qcz2EYVjzU9mJqi2QilOviWIvi9deOILnLvuTtgrfxpkDB3Hl2gY8ek8vGqs0OiIiIiodho80rhAqhAwea5IIQ9y4PoCP/9Enyx48TnTj+iA+/oefwJ67duCJDzyOzq52hIEPKQSSqcoEaEophGGAwPdHKxond9S+1UgAXHCA87bCWRu44pZ9iFNkA+ClYeCl4Wi8m5uAu1o1bG4CpBBw7AKsRBKJBKsgiRYikODUa6KYc069hhcu+wBMdG3ZgNdvWoY0bFw8eQw/Pp6Hc7kPz5xqx6O3Zao9VCIiIlokho8EAHCEQlCCbr5UHWEYzrq+Y7mNTcV+7N0/hze+5QEIIeDYNhKJBKwSB2hjU6qFEJBCIAxDADfXbHQEMOADgwEw4ClkwyhwHPvsLXLqdDmcyAEncgpbm4A3dGnoSQKB7yEcbejD7thE8yOUQig1mCwgJoqpYbx6Jg8BoGXjTjy6tXl0ewa9W+/A28UL+PJrLq6fOYfB27aivZpDJSIiokVj+EjwhIInGDzWslw2h+ee3l/VMdgFB5//7NdwYN9h/Pb//qvINGTg+x6EFEgmUwuahi2EGA8Zo+9DTGgJg4lrNl52Newbktg/VMIfqsKO5aKKzJ/t1nBXmwYlZTSV3bJg1VBDH6I4CJSCCf7NEMXTAAYKAJDB+vHg8abGre1of+0yBgs2LgIMH4mIiGocawKWuEBGVY9Uu3zfw09+tK9qVY+3OnH0FD72O3+M40dOQSkgDEI4dqHIdRhvGque9L1oHcQwDKFUVPk48fOpvMKXLil88kxtB49jCgL4+hWFL12SGPSjn9P3fTi2DTEawhLR3MIYVjkT0a10TNtVxtDZbIaIiKiOsPJxCZOKwWOtU0ohCAK8sv9wtYcyiV1w8PE//AQeefRBPPGBx6GUgmMXkEgmi+7mLISIapZGC5cCGa2VmBXAZQe47CpcdoAb/mxHqV0HR4BztsLDXRruaAWUknBtG4ZlIplIQmNDGqJZses1EREREVE8MHxcwlyhINlgpmZJKeG6Dgo5GyeOnq72cKb1L99+BsePnsavfeS9WLV2ZdTNOQhgJZIwzdnvfkzTxD9fdHGyEIWOubBCg46R4QD42mWF03ngoU4N3cmokjQMQliWhUQyyanYRLMQSsHg3whRbORPH8C3D2XhjD/9zOPAV5/GgZmvEV2umejduRM/u2HqFG0iIiKKP5bOLFGeUPDZYKYmhUEA17Hh2AUoKfH97zxT7SHN6sLZS/j4H30Szz29D5oWhaae68AuzD4V++VBgR/eAC45SzN4nOhQFvibcwrPDwESUXOdMAzgOs54h28imorF/URxch7PHZkYPM6DCnHxyGkcL/mYiIiIqBJY+bgECRVVPVJt8X0Pge9jYtZ04/ogvv+dH1dvUEWyCw7+5pOfx4H9h/HBjzyBTEMaSkk4dgHpTAP0aaYQD8SxLXUV2QL49lWFfUPA7c0a7u8ADCXg2AWk0mnoOlfHIrqVkJh+PTkiqoIAoQCARux5xx3YVfT1TuPbX72I60KiTldaISIiqnusfFyCXKHA6LF2KCnh2PZ48Khp0cdPn9mHP/wP/yU2jWaKcWDfYfyH3/1jfOPL34NjO1AK8D132n3XNPDuaTrXPeD71xWevKAwFGB0PU1n3g19iJYCwcpgoiXFu3oGp87l4N3an82+gVNnLiJr33qFHC6cOYPrWW/yduEhe+4MTl2deqxYnoOIiCjm+Op+iXGFQsDp1jVDKQXXdSCEgFJRpePnP/tP+Nhv/zE+/YnP11TwOMYuOPinL/4zPvY7f4wD+w4jDKOu1o5jwy7kkc/lkM/l0Gu4eH1ntUcbX6cKwJMXFM4WxgJIG2EQVHtYRLGiwKnXREvG8x/H1gffhjc9cg92//krN7eLF/Anux/Em978Juy+77/h5fELLuIff/0ePPTmt+GeO/81vn795lUufPkj2P3I2/CmB+/Bb37jRszPQUREFH+cdr2ECBWt9Ui1w/c8SCnh2KPTlvfFq6v1YtgFB5/5i8+js/s3sXrtyvHtE3tDvKFbQ2sC+Opl/t5Op98Dnryo8NhyDTubFbzRKlLTsqo8MqL4YNMZovjLn3wJ3ziahw8Ty7ftxJs2zb+xTHboZrLnTSwyLGTRP/a1PXHidg7XL9z8zp1QZZgdunTzm0nb43gOIiKi+DP+4A/+4A+qPQiqDFcoVoDUkLGqxxNHz+BP/u//jgtnL1d7SCUXBCGOHDyBN77lQQCAJkKYBQe6H8DK20hks1hnD2ODLGCfbKzyaG9SQkCKEEoEUCIEpISSAkpKQAM0rXJF5aECjmSBpK5hVVohDAU0TYNhcKE7IgDQocHSGT5SbSsUCmhsjM/j4HSuDwyju6Ntlj2G8NrxLGwksHzrCvSMbz+PHz3bjxEJABL5QRupzcvROef1Jkt2dqFdeEiuvR+//u63YXv3aI1FshvdHQKu1YsHfv29eHxb12j1RTPae5oB0YDb3/1ePH7/GrSMPny3tC9DixTI7HwXfunx+7G2Oc7nICKqrLnv76uvFh43lxpNsVXqkhBIhULI/+paEoYhXjt2Ch//o0/W5PTq+fjDJ96I29etnnWf78tGfDk1+z7lpJSC8BwoIaBbCRiJ5Bz7S0ApaBVsBPMzHcDP9WhQCrAsC8lUqmLnJoorU9PQaDF8pNp27do19PTMFLvFw5GTfdi+ad0se4w2jpnScOY8vvf1PlwZq/4zmnHPY3uwZc7rERFRNcx9f199tfC4udRwzcclYsqC1RR7Ugp8/nP/VPfBIwC8+NoFyDneB3mjnsdup3/WfcpBKYXAySN08tANE1ZD05zBIxBVP44HjxV6j+cnA8BXLkXnCoIAnjt9Mx+ipYStmIjibjXu29KIhAZAM7F8y4YJwSMRERHVA1brLwGeUAhZ4FpzbvQP4sTR09UeRkWcvHwDYRgiMcdahT+jhvEKuis0KkD4HoTnwkgmYSQWUUVYwfXmDowABaHwK6s1BKMNaBLJJDSueUdLVPTGBn//ieKscdMdeN+mao+CiIiIyoWVj3VOKsBj2UdNeumFV6s9hIpx/BChnLs8d7sZYrM3UPbxKKUQFHIQgQersWlxwWMVnMwDf9Gn4EmFIAjg2Da4wgYtZZK//kREREREVcPwsc75Us05nZXiyXW8uXeqExcGRiBEcSn5neFwWcciRQhvZAi6aSHR0FzR5jGldMkBPnEGGA4BKSVcx2EASUsWw0ciIiIiourhtOs6JlXU4Zpqk5RLqWS1+N/Te7QCfhjkcNlqKvkopAgR5EdgZRqLWtcx7oYC4M9PK/zaGg0rUgKObSOdyXAKNi05Epx6TVR9FkwDgMjjwFefxoH5Xt3QkSjDqIiIiKj8arOkh4ris9SjprV3tlZ7CIsipUAY+ghFEHV+nsWKtuKDRMs0sdrPLnZ4U0gRIihkYWWKayhTKnPdNovly2gK9ulCFGjbhcISC7aJWPlIFA+rcd/2ZqQX8j6AZqJ3OxvREBER1SpWPtYpVj3Wvp27t0FKAX2sY3INESKEqSvceVsvbmTzuDAwAj/wYZrTNz5JW/P7GdcrG8+XarAYCx5zsDJN0M3Zm96UWqWmdX/2vMK7VwK7mgHHLiCdydTk7xbRQjB8JIqHxg178J4N1R4FERERVRrDxzrlCgWTUytrWu/KHnR0tmFosPRVfuWklMK6rmb83mMPYXl7G0zdwIht44vPHsDXXzwMw7RgGtaE/SXWL2tHco5O1xNth13SMQeFHMxUuuLBY6V96RLgCeDedg2B4yKdSTOApCWB4SMRERERUfUwfKxTGZPBYz14/OffgL/9m6+iltYqa06Z+L3HHsK6ZcugjwbgXS0t+OijD+OB7bfhr777LE5dvQFdN6AAJAwNb9m7BYl5hI9NuoZeP4uLieZFjzf0HCgla66j9UJ946pCoIC3LNMA30E6k4FhMICk0hjL+Cb2NlITP6uJ29Sk1V6Vmrz//I+HaY4XnYNvxhERERERVQ/DR6IYe/StD+NvPvXlmqpOe+sdm7Gyo2M8eJxo55pe/LffeA+eO3oKT716AkopvPPeXVjd1TWvc1imidv8odKEj64NM5le9HFqyXevKQRK4rHlOmzbRiqVgjWP8Jeqo1zBHtRs4d1sYaCacjkREREREdGtGD4SxVhzcyPued0u7HvxSLWHUhQpBW5fuxKpxMz9KHVNw89s34j7tt2GMAxhGDqMBYSrK6W7mKECAJQUkEEAo6lt0ceqNU/1KwRS4p0rNDiOAwBLOoCcLdgb/1pNjtvmDAMnXWe24003BgZ7RERERERUHxg+EsXcjp2baiZ8XNnRjN7O9qL21TVtXlOtb7UG3oKvO0YGAYxkCppemaYvcfPMDYVAAk+s0uG6UZhbjgByfkFc6YK9aa+DaF3SW7cRERERERFReTB8JIq5Bx68E5/59FdQC+s+rulsg2lWZop4ly6RliEcfeF3YyLwYFgzV2kuBT8dVHClwBO9Oty8jWQqBSuRmLkqb8I3s62zd+t2IiIiIiIiWpoYPhLF3IoVPZBS1sS6j53NDbCMytytGLqOZUEefcnWBR8jqnxcWus9TufAMOBJiSdWavAdF2YgkEwtjQY8REREREREVF5Lc64hUY3ZuXNztYdQtEp1TrZME8vC/IKvr6SEFCF0dnoGABzNAn93QUEphSDw4bmLX1OTiIiWDl3XIYSo9jCIiKiMhBDQl+iSVbQ4/K0hqgFSymoPoSgnL99AGIYVO1+XXPi6j1JE49RqoKK0Ul7LA585B0ilIQgCBpBERFS01uZGXL0+yACSiKhOCSFw9fogWpsbqz0UqkGcdk20APNrhqGmXn7LmnkTt0+3zl7X8i4cO3ZmscMuu4sDWWQdB50V6prcsYjwEVIu2UYzs+mzgU+dU3j/Kg2ADwCcgk1ERHNa3t2BK/0DONl3sWbeNCUiouLpuo7W5kYs7+6o9lCoBjF8pNhZTGdc4GYgOG2zjGnCwqnHnO461W2g0d7ZVqUzz4/tB/j8T17Bbz/6YEXO16MtvLpCKQloDB+nc9EBPn1O4ZdXaWhBACklUuk0NC3+TY+IiKh6lnd38EUpERERTcHwcYkpNti7+UkVHewVf8zpu+OyM+7MVA3dOP9y8BR2rFqGh3duKvu5OuFDw8JCYaUUw7RZXPOAvz2v8Iu9QFcyhGPbSGcyvM2IiIiIiIhoXhg+1oF8MM203rGvY1C1R3ETNRSRcrRqUNOg6wZMwypZsPSX33sBG5d3YWWZKzYtw0Rb6GDQnH/Hak3To+pHmtGAD3z2PPC+VRpWpiQDSCIiIiIiIpo3ho81zpcKYS2VxVHVCSHwlr2bcedtq9CSyaB/OIcfHX4Nz588B8tKQi+qAYuClGrGTme2H+DLz7+K333bQ6Ud/C00TUObcBcUPuqmBSUEFNd+nFU2BD53XuGJXg3rMgJhGMKq0JqeREREREREVPsYPtY4jw0Fl4RSFprds7EXv/LwXWhtbAIAbFsNPLxrCw6du4g//dL3MOIEMI2Zw6Uw9CHEzY7WmqbDMEwYxuS7k/PXh+AHARLzDKqkUgjDsKjrWWZU+QjMv8JSN01oug4Z+jASbKgyG0cAf39e4T29GrbqPsNHIiIiIiIiKhrDxxonWPW4JJRymuudt61Gc0PjlO071/Tik7/5BP7ki9/Fq2evwjSt0crG6NxSCoRhgJ1revBLD96B1V3tOHd9CK/0XcI/HziG4YIDw7CgaToABT/wEIjiQsSJPN+HMY9KxLbQndfxJ9JNCzIMYSQWfIglI1DAkxcUPrJOYF0iYABJtYUrBRARERERVQ3DxxrmSwaPNH+OH0CfIcxsyWTwnz7wTnzlpy/ji88ewFDeGb8slbDw8/fuwjvv3YWWxibomoa2pmbsXr8Gv/L6e/DV51/Bd146iksDI2hrTOOJB/YgYc4/oArCEEai+DSwU/nzPscYM5WGn8/BTGdGQ1Oay/4hoDfjMXykmsK/biIiIiKi6mH4WMN8TrleOkpY+Xh1KDvnPu+8dy/edudOnOsfwMWBIUgpsXtdL9KpJDLJqVOUDd3Au++7A+943W64vo8gDJFKJGGZ87+L8cMAqXmEj80qnHunGRiJFHTDhnAdmOmGBR9nKdk/DNzZJln9SDWFPZKIiIiIiKqH4WMNY6OZpSOTKc2ahGHoY+Oy9qL2TVgWNq5cho0rlxV9fEM30JCaf/OXMUopBGEIcx6hZQaLS+GNVBqhU2D4OA/7h4CVaQ+mabLzNdUEVj4SEREREVUPn4/XKE65XlpWr+td1PWVUggCF3dtWIm9G1aXaFSl53geEqY147Tw6TRri/tbMJNp6KaFwM4v6jhLyf5h4JIj4boOFN8EoRrAjJyIiIiIqHoYPtaoQFZ7BFRJt+/dASkXXuFnQOBdr9uF33nrg2hrbi7hyErL9T2kknNPuRZSwA8COJ4HK3Dm3H8uicYWAIBfmHtKOkX2DwEiDOE6i7/9icpNY8cZIiIiIqKq4bTrGhVWofLR0jVYOpDQa/tFnFJR5agnAVlDVVubtq7HqRPn5n09IUJ87F0P4/Z1qxY1JbrchBDwwxCtTVE4GgWMIUIhIKTAjXQzhswkBhMNGNaTGDaSGIaFYaFjkTOvAQBWphGha8PPj4yHkTSz/cPAhgZge3MIIQQMw6j2kIhmVOMPW0RERERENY3hYw3ypUKlIzNL19Bg1serN00DkoaGpAE4IeDVyBT2B3/2Ppw8dga6Pr+QZ/f6FdixemWsg0cAyDlO1GimtQVBJo2v5ZMY1BMYViaGhY7hYHRHhShsLEPDJTOVgfA9+IUczGQK+gK6dS8lX7gE/KKuYbvhIZ3JVHs4RDOqj0cvIiIiIqLaxGnXNSis8JRrQ6uf4PFWSaN2fq43vfX1aG1vBuYZPa/pbJtX9+hqEJYF83V3IvnmR+Dt3AZndS+uJBrxipPAWXdC8FgBRiKJRKYRwnO5DmQRnh9UCMOo+pEorl/yGH4AACAASURBVFj5SERERERUPQwfa1Cl13usoXxu3nQN82puUm0f+I0nEITzT+ISVrwr+MTG9TBaW8e/dwKBS9VcSlDTYDU0QTct+PkRCN+r4mDi7UwBeHkECIMKJsRE81A79/BERERERPWJ4WONCaRCpSdd13vFSC39ePc/dA/e8Z5HEYQ+iq2AlDLe3YlETzdEe9ukbZcLIbJhlQY0gZFIItHYDBkG8PNZqJjfltXy/CBQ8PzY/67R0lRLbzAREREREdUjho81ptJTrgFA1MaSiAtWS01nAOCXP/QevOmtD8H3PSg1+y+EUgor2poqNLL5U6YJf8PayduUwmUnTv8nGqxMI8xkCoGdQ+jGuLtzlX6Xr3nA84MagsCvyvmJZsPokYiIiIiouhg+1pigCtlCIBW8Ok0ggyo07ymFD//uB/G//f5vwTA1BIELIaaWCUopYBgS63raqzDC4vjbNgP65LshKSXOFOL3v6JbCSQaW6BpGoJCFsJzqz2kqTQNwvcQOoWKn3r/sELeDaBqLMyn+sfCRyIiIiKi6mL4WEOEql6VniMUghrpCl0sVygUwtr9me5/6B781ZP/H375Q+9BS1sjPM9GELgIAhee78C0dPy7/+f3sH7rpmoPdVr+lo2QzVOrMkUY4oxdhQEVyUimYDU0QymFoJCLXQhpJJJQSsEZvAZZwUrE4QA4lFUQYQzmyxNNwCc6RERERETVpSmWqdQMTyg4Va5A1DVtygu5a67EyowOS9dqpjmNGv1H4ebKiVIpBBLwazRkPXWyD4cOHEEhb2Pnnm24fe+O6AIpkTpwCJoTn+nC/sYNED1d017WN1jA/zhVO52TZeDDt/NItcSrwtTLDkH4HgwrgWRzW0XKv9ZmgA+t1dHQ2Fj2cxEVK2VoSNXKgxPRDK5du4aenp5qD4OIiKgm8HEzfsxqD4CKF4eZz1IpTFxlMGVo2NBkVG08C6WN/jPx5aihabB0IKk05CrdUrwEbtu0DrdtWjf1Al2Hu3cXEsdfgzEwWPmB3cLfshGis2PGy8/ka++2jyMr0wQZBhCBD3vgGqx0A6yG8q7/edYGTuUVdqQFDKP27heoPjF3JCIiIiKqLs5GqiFxCB8n0jUNiTpshW1oQINZZ38amgZ/6yaEvSuqNgSVSsG7fceswaMQIc7FcL3Huei6ARkG1R7GJLppwsrcDBsDp4DQK3/166sjCr7vlf08RMUyuOgjEREREVFV1VnCUr+kAkTMZsibGlCH2SMAwNKjcLXeBGtXw9+6CSphVfS84bIeuHtvh2yafTpuGIQ4G5/Z4UXRrQQSTS2QIoRv5yq6zuJczFQaRiI1/r2fGyn7OQ9lget2CClZwUrVp6F+H6eIiIiIiGoFw8caEcYseATq/wVdvf5xiI52uHfuQbiy/FWQKpGAv30LgtvWFfULc80Oka/RfiVmMo1EpikKIGNUBWmlM5O+D+x8Wc8XKuDVESAM4nMb0NLFqkciIiIiouqr13yl7sRtyjUQVWPWs7qu29J1BOtWw71zN8IVy0rejEQ2ZOBvvg3u3Xsh2lqLvt5Zu3Z/qdRopV+ioRl+bhiIyRsGupWAmUqPfx+Fj+Ud26EcEMQogKWli+s9EhERERFVHxvO1IgwhklYIKMAsh4rIAOpIGMSHpWTSqUQrF+LYM0qmNcHYFzrh55bWGWcsiyIrk6Iro45p1fP5IJnAKix0kelEHoudMOApiegmxbMdAPckUGkWmde37KSzFQDQs8dD0T9fBaJxpYp+4WuDTOVmbJ9vq57wCtDEncnAlhWZaf4E01Uj49PRERERES1huFjDYjjeo8AoKDgCCBjaKUunKsqTyg4cSw1LSfDQLisG+GybkBIGNkstHwBum1Dc73oY3QarTIMqGQCKpmESqcgGzKQTU1QmfQcJ5nbsF9bt7sSAr6dgzc8gOZVG8a3m6kMlJRwhwdiEUDqpgkrlUHgFAAAoevASjdCm9CROijkoJlzPyQUG1AeygJ72xk+UnUZTB+JiIiIiKqO4WMNqHYOFi3Yr2G6l3BKAWfyAiszOixdi/0UNzX6j5r4/ehnpRQCCfj1Pp98LoYeTZWex3TpUlmeMXA6Jyp+3oWQgY/+Qy+ga8fdSE4IHsdYmaj60x0ZRKqlvdLDm8JMR9WPSka3r58fQXJ0XML3EDgFpNu7Zz2GnxtGoqm434uTeeBcPsSmlISuc4UPqo64PyYRERERES0FDB9rQDWbzSQNDSl99srGRsuY+cKY0QC4UsGtdqJL03rnmhSGPIkjw/Geei18F6HroPv2e6EbM9+NWplGwM7Dyw4h0dQKrYolwpquw0xnEBRyAAAR+JCBD91KQAY+jEQS2iwhoZcbgplqmNc5j+aAdS0+ksnU3DsTldhMb5oREREREVFlMXysAaJK6z2amoZ0HZaNpEZ/JgaQ8fShTRn83WkHBwbi2bAkdG0oKZFsbitqfyvTCOG7CPIjMJJpGIlkmUc4y1hSGQjPgQyjcNfPjyDV1gVoGoxZAkI/PwJN02FYiXmd73AWeL0bMHykqqjDhy+imqNiuGwQERHNTzULKKh+cC5czClUr/IxZdbvnYzJdcBi7Vc2pLG3I35rBQZ2DppujE+pLpaRSMFqaI5CSHthDX1KQtMmVS9KISA8F2YqPWOw6BeyEIGPREPzvE83HACHcwpBEM8gmeobw0eiylJKMWwkIqpzvK+nhWLlY8xVq+oRqO8XbvX8s9WLd61NoS8vMOTFo9W7nxuB1dAITV/YMgOariPR2ALhufDzIzCs5KzVhuViptIQngMR+AAALz+MTMeyafcN7DxCx0aypQ0L7Sp1JAvc2e6z8QxVHO/niSpHKQVN08ZflN76wpQvVImIas9YxePYffjY92P396yIpPlg+Bhz1VzvUakF5w2xx+fA8Zc2NLxvXQqfOG5XdRxKSgjfRaKppSTHM5IpGMkU/NwwpAjnXUVZCmY6Mx4+QgGhU4CZnryeY+jaCOw8Eo3NMKyFTxU/mQfO5wU2svEMVZhRrw9gRDEz9qJUSonjV/L49DMX8GLfCLwgHm8eEhHR4iUtHXeva8GHHlyFLcsbGUDSvPGVYMyFVXzeFtRx1+dqhrpUvNuaTdzVWdqKucSFPiQu9MHqv1LU/kpKmKlMSccAAImmVsjQR+AUSn7suRiJ1KSqS7+QG++CDUQNdfx8FlZDU0l+9sNZIPD9RR+HqFgaAK6uQVR+Y8GjUgrHL+fx4c8exo9PDjF4JCKqM14g8eOTQ/jwZw/j+OX8pPt/omKw8jHmqvnUzREKyTqdt+aKufeheNjRZmHfjYWtGah7LpKnjiL52jGkTh2dcrlMpuCvWg9v41Z4t22DnGYatG6W727SyjTByw5BN615N3NZ9LlTGQjPHf8+dAqwRtd1FL6HZFNryaaFH8kBP+sHSKbYeIYqQ+e78ERlN1bxIqWEUgp//fR5ho5ERHXOCyT++unz+LMntgIAdF1nBSQVheFjzMkqv5Mw7EukDA2WrtX8+llCRdWc7HJdW3a2mdjQZOB0rvjE2BgZQuNPf4D04Zdn3U/3XKROHUXq1FHI5Ldg33E/7DvumzaELAfdtGBlGhEUctBb2iv6oK1bCZipDEI3mtYeODaMRAq6lUCisTRTzMcMB8ChEYXXpQOu/UgVYXJeB1FFjK3vKITA/rPZag+HiIgqYP/ZLIQQMAyDlY9UNIaPMRaXWc+uYGBH1fVrmzL4s8OFOZvP6J6Lph9+a87QcabrNj73FDIvPYvcG94KZ/vehQ53XsxUBqHnQLgOzHTpp3fPeu50dO6xRVAD10ayTBWYR3LAnR0MH6kyTL77TlR2E6sehRDwqrlWEBERVYwXSgghxqseua47FYO/JTHGvI8okjY0/NrGNFKzlN+mj7yMzr/6+IKCx4l0z0XLd76M9i98quh1IedDBj7c4RuQIhzfZlhJiMAr+bnmohsmrAmBp/DcSVOxS+lkHjiXDyAlX5xS+bHykai8Jla6KKV4305EtMSMvfk0hhWQNBc+PY+xak+5JoqTlRkDv7YxPWW77rlo/8Kn0PKdL0MvYXCWuNCHjs/9ORqf+0HJjhu6DtyRQeimBd24WXhuJJIQvgclKr8YqZlqgKYb498Hbvka4BzNahBhOPeORItgahpY90hUfhObDTB8JCJaWiaGjwweqRgMH2OMT+OIJltheni48+b3jc/9AJ1/9XEkLvSV7ZyNzz2FjhJUQYaODT8/AiORnLKmYhRGGhBh5TtCa7o+qfpRBgHCMnXgPpwDPJZ0U5mx6pGossbWfSQioqWD9/00X3yKHmNxWfORKA58z4MUAvc3uOjd9wN0/48/QuNzT5W02nEmRv8V9HzxU9hy7LkFXT90bfh2FlamEcnmtmn30RNJyKDy4SMAmOkG6ObNtRgD14aSpa/CHA6Ao1m+rULlxfUeiSqHVS9EREsT7/9pvthwJsZYIER0UxAEOPPyUfzwM19GaLsVf+ckdFwMf+tb2HauD8df/66iO2KHngMASLf3zNrN2ko3wMsOQXgujAp1257ITGXg50cAAEoIhI4Nq6Gp5OcZDkp+SKJxuqax8pGIiIiIKGb4FD3GuOYjUUQKgevnLuG7//NJeHb5Kx1nM3j4KHq/9CkYI0NF7W8m0zBTmVmDRwDQdAOp1k4EbgGha5diqPNiptIwJnS6DpwClCj9+oytCT7sUPnM0pOKiIiIiIiqhK8CY4q5I9FNSins+6enqj2Mcf6VK+j+uz8vOoAslgwDpFo6IDwXgZ0v6bGLYaYbJn0v/NJ34G5JGnPvRLRADB+JiIiIiOKH4WNMVb7nLVF8CSFw+WT5msoshHJd9H7zyZKtOekXsgjsPJQUSDS1Qvju+JTtSjESyUlrP5YjfOxI8mGHysfUmT4SEREREcUNXwXGFKdcE93Uf+5y1adbT8e7cgXbjj2LxeQdMgxg37gKTdOQaGyGphtRB+pME4JCHkpU9q0IM5ke/1oEfkkbz6xt1NGZ4sMOlYehaTCZPRIRERERxQ5fBcYUm80Q3eTmKz8FuVi5557Dry4PsKVl/v27QtdG4BSQau2AlWmCpt+ckmwkkjCTqYpPvzaSKWDC+pQlq34UIR7o5EMOlQ+nXBMRERERxRNfCcaUZPhIBCBa7/Fa38VqD2NGnu3CO3IEv7E5g8dXF9mlWil42UFohoFkU+ukqc4TmakMhO9CBn4JRzw7TdcnT70uwbRy7+I5XPn0f0fu8IFFH4toJuxyTUREREQUT3yqHlOsfCSKBL6P3MBwtYcxq4vHTgMAHlqWwEe3Nsy6rwx8iMBHsrkdhpWcdV/NMGAkUgj9yk45nxg+ygVOu/avXUZu/7Pof/KvcfkT/wneudM4dOB4qYZINImGaNo1ERFRXNy5rhVv2NqJTILN9oiI5j9PkCpCB6DzhRQtcVJKCN+LXbOZW+UHhmCO/r1uaTbxkc0N+IsThWn31a3EvI5tpjNwhweQyDRNmg5dTrox4aGhyPVn/SsX4Z3vg3uhD96FPgTXr908nm7ANBO4cPYSNCFgmHzoodLjtGsiIirW7z+2EW/f04Njl/P46GcPwfZLu8b2o7u68e/fugHphIGvvXQVf/rNUyU9PhFRreErwBhSAKBFlRwaorxh8tfaNNuI6k8+72Dg1FncOH+l2kOZ1cCFK2i0bv4V3tVp4uyIhu9eXXwJ81gVoggDGPMMLhdKM26+Q2+mMtPu41+5CPfsKXgXzkZh48D1KfvougHDsKDrUZH92TMX0WBpMNkVhIiIiKpMA9DVlMC2lU3Y31faWTa2L1DwBJQChu2gpMcmIqpFDB/jSAHhrIs+znzZpGCSASbVMMdxIITA95/8ZrWHMif3lk7cQghsmD6zqwnCdca/Hut+7V+5CPfMyaiy8XwfwuHBSdfRNA2apkPXdWiaMR443iqbzaO9vbV8gyciIiIqkW0rGrG2M4OzN2wcvTy1CeC2FY3obU/jlfNZ9GdvNun70fEB/Oj4QCWHSkQUawwfY2gxtVIK6uYsyVkPxACT4svzPARBgP3few79Ma96HOMWHKQaoqBO13V8/UrtLtwaeg6C/isILp1Hvr8f7oU+iOzUigBdN6AbBgzdQLF//dlsgeEjERERxdqO3ib82zevx/aVTdAQvXI6cimH//LdMzh8MYd1XRl87K0bsGdNCzQAfijRn/PR1ZTA5569iNdv7cBt3Q2wfYG/f+4SPvX0+fGp3q9eyKK9wUJve/S88cXTw/jYPx4r+dRvIqI4YfgYQ9WOLBhgUjVJKeG6Lg79+GU8VQNVj2PGgkcAGPCBC84sO8dY/thBXPn8pyALeZhmAroeTcG+WdV48/NCZLNTqwaIiIiI4uTDD6/B9pVNGLEDvHI+i92rm7FjZRN+8w1r8FufO4z339+L3atb4PgCr5zP4rbuDHrbUnADibwbou+6g5VtKWQSBvasaR4/rgbg9lXNEFLBDyWSpo6dq5rw6O3d+NK+2njDnYhoIdjtOoaqHT6WgoKCVApCKYRSIZAKvlTwhIIrFByhYIcKhVAiH0jkAolsIDHiSwz70eesr5ANFHKBQj5UKITRdZzRY3giOmYggVBFHcKlqo/bbykLwxD9F67iB/9QO8GjvKUpSyGs3d/Cwae+CVnIQ9N0WFYSppVEIpFGIpGCaSZgGOaCg0cAECHf1SciIqL4emBTOzYta4CUCt862I9//4Vj+NbBfgipcFt3A955xzLsWtUMXQMOnBvB7z15BN94pR+BiF7/jNgh/q8vHcfVYW/a41/Levg3/3AUf/DVk8g6ISxDR0djZdb1JiKqFlY+xlCRzWXrmkIUYGIRFZhRJaU2XlU5bROf8W2swIwLpRS+8l//bso6inGWTCcnfb+20Zhhz4XRdB2QsqTHnI5/9RKCi+dhWSmYpgXTLP0TYcMo7W1DREREVEpNKRNJS4dUgBtEz78GCwFCqZC0dCxvTSFlRW/EDuTn30zG9gSePz2EO9e1wgsl0gk+NyKi+sfwMZaYPpaCQhRkTdow695TMcCsvPPHzmDkxlC1hzEvPWtWTNm2pkHHuUJpAkPNMCClQLmfmuZffn58mvXYZyIiIiK6ydD5DJ+IaL4YPsYQo8f4KEeAOTGUZIA5Da32fuJl63qnbHukR8d//sRXYHV0werogtnZDbN5/o1WZOADSkE3yn93XTh6EMDY+o7lCR8bm2q4DTgRERHVvZwbwgui9RjHKhzbGyyYugYvkBhxAoQieoO5o9ECADCPJCKaHcPHGOK06/pSzgBz7GugfgJMVYN/ABt2bJyyzT95BCPPfG/SNquzG1bXMlhdPbA6uucMJYNCDkpKpFo7yzLuiQqHDyAcvAGgfFOjW1qasH79qrIcm4iIiGi+Ohot/NkTW8e/D4TCP/z0Es4NONi9uhlv3tmF7uYk9q5phqFrOHPdxmd/chG7VzdjeWsKd61rxT/+1h3obk7AMjQEC1zamuElEdU7ho8xVHvRC5VbJQLMSUFmFQPMletXQSoFvQoVkFJKCCmgABi6DqOI6j8hBTbv2T5l+4njfTDNBJSSUEpBKYngRj+CG/3Ascn7Go1NsDp7bgaTXcuAMIBz7TKSK3qR2LKrRD/hzOwjr4x/Xa6qx917ts69ExEREVGZXR3x4I12m85MWHNxxAkxkPfxlz88h3/36Aas68rgke2dUADOXLfxlz88BwD44otX0NuexuqONNZ0ppF3Q0gFhELBC4tbdsf2QnihhGloWN2RLsePSUQUGwwfY4jhI5VD1QPMCZfNpqG5EYl0AqE7/wW8F0oqBT/wEcoQnW0tSCVM9A+NIPBDJK0EtFkG3rWiC6mGqU8Yz5+7DGPaqdJqNIxUkFJCKQlZyMPN5+CePTVpzyDw0P7I29FY5vBR5LLjU6513VhUN+vZbN22vizHJSIiIpqPTz19Hp96+vys+zzxiZdx57pWdDcl0J/zsb9vePyy504N4bk/fwn3b2yHF0rcsbYF77+/F14oMeKEAID3fuLlScf7j19/Df/x66+Nf3/0ch4f+dtDWN6SxMEL2RL+dERE8cPwMY6YPlJMVSrA7F69ApdPnitqTFJKKKiiqhRnur7tu7h3zxa84Z5daEynYZomXN/Dt5/ehxcOnkQmOfO70ctX9ky7/eqV6zNcQ4t+fm1qheFYhaRSMrr1NMC/WNztsBiFQy9DBT6A8jaa2bKF4SMRERHVjomB40SP7enByrYU9vWNQCmFu9e3wjI0DOT9Ga8znf6sh/6sV6rhEhHFFsPHGGL2SPWsmABz5ZbbZg0fAxEiFCGEvLmwjqbpSJoJmPNYrzAQIaBJ/KtfeBO2b1gzKcBMWhbe/aYH0N7ahO/9+BUkrcS0x2jvap+yLQxDDA/nix7HzZ9Bg6YZwGhfa13TEVwof/hoHxtrNKOVLXxcsaIbW7YyfCQiIqLa98j2LtyzoRUffODmWtY5N8TXXr5axVEREcUXw8cYYvhIS13PLE1J/DBAMmli76b12NC7DKtXdKEhncahU2fxrR/ug+N4c06VBqLgsakxhV94889g67rV0+5jmSbe+Lo9uHxtEMdOXZo22AxvOY8QArZtw3HcIn7S2QkRovHOBxZ9nNl4F8/COX0CwNiU6/Kstblj56ayHJeIiIio0j75g7M4erkDG3sa0Npg4bWrBXzv8HW8dHak2kMjIoolho8xVIPNfolKKtPUMONl63q78avveCPSqdSkpjSv27kVO29bi289/SKeO3AcKSs5bViolIIfBmhpzuDD730zetqnVi5OZOgG3vvoQ/h/P/MVFPIedH3yeoiBpiMXqNGGPAqObeMf//6bkHJxf8hChDA7u9Hx9vcs6jhzKbz60vjXul6+h4RdtzN8JCIiovpw9HIeRy/Pf5YLEdFSVZ6uArQozB5pyZvlj+ANr7sdDen0lG7YuqahKZPBux75GXzo3Y/ASuhwfBeBCCGVgpACfhjA9l2sWtGJj/7i2+YMHsdkkkm8++fuh24CQRg1wpFKwQ08rNqzFa7vIVQKrh/gRz98Ed/42g8W/KOPkVKgYefeRR9n1nM4NvKj4aOuG1OC1VJi5SMREREREdHSxMrHGGL4SEudEGLGy7J5Z9brWqaJ2zdtwNqVy/CdZ/bh0MlzyBVsWJaJno4W3H37Ztx7+zYkLWteY9q6bjV+91fejs997SlcvDYAANixcTW2pFMYcV0YugEhBL745DfmddyZSCWRWrexJMeaSf7V/RDZaFF0fR5rZc7Xtu0bsGxZZ9mOT0RERERERPHF8DGGOO2alrrlG9bMeNlPDxzHPbs2z3mMloYG/MLPPYC3P3wPHN9H0rJgmSYSljWlarJYyzo68Nu//BhOn7+CdCqJVcu6kBwcgteQhqPr+N43n0Z2AY1mpqOhPGsvTlQ4uD86l6bDKOOU651F/H8RERERERFRfWL4GEOKtY+0xGWaGxEKMe2ajf0DI7gxnEVna/OcxzF0Aw3pNBrS6dKNLZnCzo3rJm1rv3wV/akUfvLD50tyDqUUlJIw2zpKcrzpOK8dg3v2FIDyVj0CwKbtm+CIaF1MDYCmjX5G9MWt24mIiIiIiKh+MHyMIQ2cek1LWxD4aF3Rify1oSmXSaXgeF4VRjWZUmq8M7QuJDouXEL/6HTsxZIyRGrdxrKGj4VX949/bejlCx+bmhuxcdtt8MR092pTt0UhpDZtIKlNE1QywCQiIiIiIoo3NpwholiRQsB1HKx98H4IOXXtxyAM0NnWUoWRTabdMnXbcj387pvvL8mxhRRouqs0x5pOMHgd+dHwUTdMaFr5Hgq27tiIRDJR9P4KUcAslEKoFAKp4I9+eELBFQqOULBDhUKokA8l8oFELpDIBhIjfvSRDRRygUI+iPazRz+c0WN4IjpmIBUCCYQKEAqQim/+EBERERERlRIrH2OJtY+0NAkh4NgFXHWBn6zYDaPlx2gYGRrvwhyEAfZuX4d0ovgwqxykUtOuG/nI7Zvw6rkrGEhm8KHf/gC+9oVv4l++9dS8jh2KAK2vfwsad99dquFOUTj4ElQQde0uZ9UjAGzdWfn1HhWiytRJG+a8xmTTVWACt1ZdTqy01GbYTkREREREtLQxfIwhTWPTGVp6lFJw7AKGfOAzFzS4VhrGY++D9vefQCIMIKVE2NGBNzxQvlCu2HHO1rDmAx96L0Za2wEAP//et+FG/w0c2Hew6ONLIcre5XpsyrWm69DLHT7uKO/PUi6VDjCj7QwwiYiIiIio/jB8JCohDYCpazDqIDEQCghkZVJwpRTsQgFOqPC/LmlwR2dbi+Wr4PzyRyG+9xWo7l44b34Hvggbv6MuVS2UUVAzdqIebO8aDx7H/Kvf+VX81z/9n3jt2Kk5jy1EiNTGrUit31SSsU6n8Op++NcuA0BZO1wDQO/qFVi7flVZzxFn5Qgwp1vfctYAc8JlRERERERE1cDwMYb4OrE2mZqGjKlBr6P/wEAChbC8AaRSCrZdgB1IfOaChqvu5MvF8lVwPvCvAUR/G6+gEX+LZfigulrWcU0nCENY5sx3m94MXbV/7//4LXzuL5/EC8/un/ZyYDSkymTQ8fb3LHqcs8m/+hKAKNAqe9XjztqseoyTuASYY9chIppobP1jTdOQMDX4ZX7OQERE1ZcwtUn3/0TFYPhIVAIagAZrpnq42mXpGhpNDflQlu0cvudBCoGvXp0aPM7kx1oLOhHg7ao03aWL4fo+UrOsNRmaFtxUZsbL3//hX4JtOzh04Mj01w99tNz1BlgdXYse60y8i+dgH42mgBuGVfYnC9t2VH69R5qqkgHmze3ajJcRUX3RtOhF6J7eDF44W6j2cIiIqMz29GbG7/uJisXwkagELL3+gscxpg7omgZZhoVIlVIIwwD/64LC8cL8bsGvap1IQOHn1GDJx3Urx/OQnKPJzUhrO6Q+e9fo+x++d8bwsRKy2QgOWQAAIABJREFULzwDADAME4ZR3rv/js427LlrZ1nPQZVT6gATmL5xz+TLtNGlLBY1dCIqE03ToJQaraTX8b47O3Dggg1fsPqRiKheJQwN77uzA7quT6p+VGxaQXPgU/oYqtcQq57V01Tr6ZTjjkIKAbtQwD+eLqAwmMUe9zp6wvlVTHxB68KfaauQLeP7KLbrIplIzNpkxkumpqz1OJ2de7bjztftmbJdKQmlFKzu5Ysa62yc0yeQf+mn0DQNhmGV7Txj7r5/L1LpZNnPQ7VDIeoUL0Y/QqkQSAVfKnhCwRUKzuiHHUafGTwSxdPEapex8HHriib8yduX447eJBL1sPg1ERGNSxga7uhN4k/evhxbVzRNCh8BTr+mubHyMY40FFFVQnFSob4sVVPqSddSCNh2AQhDPGz3Y5tmR7/3EhgqCHxfa8Oz6WXwtLnvoo5qGfyf2jp8UF3FHSpXsjH6QQDH89DU0DBr8BhYCVzvWQFV5APuBz/6fnQv78a3v/rP49vC0EfHY+9Fw869ix73TLI//REAwDDLP90aAO6+r3w/Cy0N6fIuSUpEizRW9Ri9qWXAsixs723B73cmEQQBwjCEEILVMET0/7N35/Fx1ve96D+/Z5td+2LJm2TZlvHGEpvNkGBSCgkJJC/CaTlJTm+atkm6HHKaU3L7um3uyXLuuWlOF3JvSNM2NyctaZLSFgIkQAgYs5hgHNt4wRbGljftki1p9plnuX+MZjySZkazb/q8Xy+hmWee5SfLHvF89P39vlTD4u/xiqJAVVXY7XaoqgpZlhM/A+I/D4gyYfhYhfjPtvbEukLX53fOsFDUKdemYcDv90MYOppPn0e7MX+hx2ZVxv2YxW7fJB5VV2PA3rrkOQOQ8C3RjR4RwvusadxoeWHLMzI1TBPeQACqLKPR7c68r6xgtHs1IlpuFX53f/QuGLqB5576BQxTh9LWCc8Nt+Y13mz4jx9C4O23YtOtS9zhGgA2bdmAq7ay2QzlTxYCar2XlBPVgeTwUZlryCZJEqLRKEzThGnGfhYzgCQiqj3xQFGSJEiSBFVVoaoqFEVZFD4SLYXhI1ERWABChgV7nU0zMi0gUMTOlbGKxwCUYBANF0eghNJ3mGmzafi98Dn8HZBVAAkAZ2HHWbECe51deLA9BNfUJGR/AMJMH0RakoSox42g3QZ9bAxaKISGJaodAcCUJFxc0wtdyW8K8z33341QKIwXnn0R9r7SNmaZfX1v2aZbA8ANu1j1SIVx1Nl7KVE9WljtoqoqJEmCLMvQNA2GYQBg8EhEVMvi7/GyLCfe41n1SPlg+FiF+E+3NoUMCxETUMVcAxqxsHlCbbCAubXYgPN+A6ucMpSkHyiGBVh5rAtgzK3xqASDaD5zHmLupiQTp82O3/QP4v+2NWY1BRsAtjYreGCdA5bsgW9FrHO0HAhCCochRSIQugFTU2HabTBtNoQFEAwEAQgYDa3oungOUjCY8RqWEDjXu3HJBjOZhEMhbPvAHRjt7IG37+q8z7MU74F9CJ15B4qqleV/DOwOG65n+EgFUCTBtR6JasTCG8/4zallWYkPIiKqbfGgceFH/DWibDB8JCoi07IQtoDwgkUg3YpUMzfTArHwVJWATY2p3yL8enyqeXYsy0I4FMwpeIzrcDpwm/ccnmvoW3LfnW0qHljnWLTdcDpgOBdvNw0DIb8PpinBMGPfoKmOFVh5bjDtNaKqhvM967Mef2oWgsEATgW0kgaPlqFj9vU9ZZtuDQA33boTrW3NZbkW1SdWPRLVlngAGQ8dgcXVjgwhiYhqz8JgcWF3awaPlAuGj0QlVkvBY7ZcikDIiFV7ZiMUDMKMRNB8YSSn4BEAJCFwg34Zzy2x30fW2PHeFVpO57YsC4ZxJXgEgJDmwExTCxqnLy3af6apBZPtK3K6RirhUBjjIQPnjdzGm6vZ119CdHQEqlq+rtPve/9NZbsW1R9NEmD2SFR7ktf8Sq6ISd5GRES1Kfk9PF7Vzvd1ylWdRSL1gf+O64dWx9MH7bLIaip5JBKBEQ6h+cz5jGs8ZtKoSlgbmUn7+gPrHDkHjwBgWZgXPMZdbm2HKc9vtTu+YmVRgkcACEfCOG/YMGOWrp2v4fNi5pUXICtK2f7nYMeN12ATG81QAept3Vyi5SQ5dCQiovrE93rKFysfiUpIrdPgMU4SAkaGqVSmaSIcDMIzPAYlmF/wCACKJKNd9+Oc1jhvu10W+IOrnFjpzC/Ei0SjKbcbkgy/yw3P7AyiqobJji4EnK68rrFQNBpFMBzGeb2hKOdLZ/b1l4CAH7JS2urKZO/7tZvLdi2qPzZZgA2uieoLb1CJiIgIYPhYlfi/afUjh2UR61IkHIbN64XjcvqqxWwoioIheX5Y12yT8NsbHHkHjwBg6AbS/YvzNzRC1nVMtXUiYrPnfY2FwuEQTkc0jBil6zwdnRzDzMvPQy1Td2sA2LRlA3bedE3Zrkf1RUCw6pGIiIiIqE4xfCQqId0CyrfaXnmZVqzBTjqGriMaDKL9wkjB15qWNIwo7sTzbqeMP7jKWVBjCtM0YRgW0oWPIbsDoRUrYcjFe5s0TQORcBjndGfRzpnK7OsvQZHkslacvO/XuNYj5c8m8xdvRERERET1qs4nhdYmTjurH1HTQqQOyx8tAEHDQqavLBqNomFkLOcGM6l812iBay5o3NqsFBw8ArGqTCtD3GEIuajBIwCEQmFcDAuc10s3FTp84Sz8+1+DJJVuPcmFVFXFe24oXdduqm+yYNUjEREREVE9Y+VjFZKEADLGOlRLTnsNNKoC7Xa55teAtCwgYlqImMi41iMAmP4A7AVOtwaAk4aCY/4o1rcIbHYqeGCdo+BzWpaFSESHmaLZTClFwiEM6jboJazxmt23B3IZp1sDwFXbNqCh0VPWa1L90Gr8fZGIiIiIiDJj+FiFylevRMXiUiTIInXValON3VnrJhBKqmq0EAsdgcyVjskMXYdjcqoo42m/bjM+7TUwEYrig+vcSx+QhUgkAsMsyqmyFg6HcCms47xRnK8hleCptxF++0hZqx4BsOqR8qYIARurHomIiIiI6hrDxyokRGztK9Y+1oZaCxeXokiAWxKYjuSfzpmmCcest+Cx6N0r4PQ4sbOIRXWWZSEcCsM0yxvQhUNhDOo2zJbwut5XXyx78AgAm7dtLPs1qT7Y+Ns2IiIiIqK6V1+pSR2RytgogvLnUur3++RS8n97EP4A5Ei0oOtbsgx9zaqCzpFKNBKBaZb3+6brUYTnplyXiv/IrxA9N1iy82fSvWpFRa5LtU2VBFQuckxEREREVPdY+VilJAEYLH2sekodh8SFzISUitBkRl+7CpaS+1uUaZqwTBO6oQMALNOEaZoABHQ9ts20yl31GMKZqIYxo3RrMfpefaGs3a3j2jtbIcssX6PcCIBNZoiIiIiIlgmGj1VKFkBhdWNUFnV871zIl6b6/AVd23Q5oXd3ZdzH0HVYsGAYJkzDgGnGPs8buIV5z2XDBHQT0SJ3sc7ENE2EwmEM6s6SXcO3/1UYE+MlO38mHZ1tFbku1Ta7LAr6BQcREREREdUOho9VijPRaoNhAfU687qg2kVPYU1VZjrbEZ2ZSWSH2XyWDRNaOAzZMKCGw5AME2ooDAFADYcgzXWYubi6t6xdncLhEEYjwFldK8n5rUgY3pd/UZJzZ6OxuaFi16bapEpsMkNEREREtJwwfKxSElvO1ISgbsGj1udNdEjP/++fZc9ubUMhxKKgPex0QpIEbMFgxmMlw4AaCsMeCMLmD2R1PZ+7AWG7I6t9iyUcCuFcWIFRojJZ7769sPy+kpw7G41NDB8pe5xuTURERES0/DB8rFJ1vJRgXTEsC74o4FQWh2i1yrCAgG7BsPIPH02XC6ZNgxSOzNsuRKyZUvwjFSUUguvshbyvnYm3oSmn/YOBAAzDgKzIUFUVipL7mo0tDiceGBrADl3FKcmBAa0ZI2px2ncbs9Pwvfx8Uc6Vr+aWxopen2oLp1sTERERES0/DB+rlCTA2scaoVsWvFELkhA1vwSkBcC0rIL/3lmWhXBLMxwjYwAAWQhIUvrAsRxMSUbQmdu6iw6nE4GAH97ZGQCAJMmwOxxwOl2QpKW7gct6FF1n3wVkCdfJBq6FD+HwJZwM2nBMbsCArRmTSv5rQXpf3QMUEBIXQ2NTcYJUqn+cbk1EREREtDwxfKxSArEKsUKqz6h8LIDfqyShUBBWgwfu0XHIklQVlbwhhxOWWDowXCgWNMqYnZmGaRoI+H0Ih0JobWvPeJxkGmi9eG5eOCgA2DUN18DCdmsaocAYDlkO7Ld14B17a07jEpcmEHjztZy/nmJrbm2u9BCoBnC6NRERERHR8pX7nTiVTb1M46XlR0R1tI6OQZGrI3gEgKAj/wpDu92O1rZ22Gx2ALG1KpfScvE8tAzrVkpCwGm3Y5fDwmci5/CJmRPYGJrKekz/myuIvhW5BZalsKKro9JDoBrA6dZERERERMsXw8cqxvCRalXz+GTWTWDKJeAsrAO3LMtobGpGe8cKtLS2Zdy3ZegC7Dk0gXHa7bjZbuJ3w4O4e/Y0PEYk4/4brQBuVYP4+ic/VNEAUlFkdKzI/GdBxOnWRERERETLG8PHKsZvDtWqbCoDy0lXVERs2XXgXspSX1vj+Aics9N5ndftcOIuNYDPeE9gS3Ai7b4fQaxC0m3XKhpAdq3srMh1qbYweCQiIiIiWt6Yb1WxKstviLIWXLsGekP1NCKJaMUJHpfivjwFz9RkQedQZBl9ThUfD5zBewIji17fYXmxybpSVeq2a/jS/XfAbdcKum4+uletKPs1qbbYZQGFP8uIiIiIiJY1NpypYrHOwGxiQrXHUmT4Nm+CNjEJ29AI5FAou+NkGaFVK2G4Mq/PKIXDcx8RyP4A5EDmKd6mLGc99nzZfV40jQ4X7XzNHg/u856HbNewX7pS2XivtXhdyM4mD770H34dD/3j00W7fja6VzN8pPQUSbDJDBERERERMXysZixLpVoXaW9DpL0NztffhGxZECIeql9hyTL0Bg+iLc2INjfDUrIJCudXVcr+ALSJSaiXL0MKL14v0ZBKGz7K0ShaRi4W/bwetxvXNZgYnZjCeUcrbremsRLhlPtuX9uF7Wu7cOTc4mrJUlm1urts16Law+CRiIiIiIgAho9VTRJAoxaLIK25Ash4HaQ19x8L1pVtafdJvW3evpbFGksqmWhrM6zx+dORo+vWQu/uKsr5DZcTQdcaBHvWQOjGokpIX1gvynXSaR65CEkv/jVCre1o8nnxYT2Eb6EV91qZp3TfcfXGsoaPrHykdDjdmoiIiIiI4hg+Vrn4vVvK9R9F8h7FudLSgWXqsDNtAJp2H4ady4nR2QElKXw0WpuLFjwuZCnyovUmjRk/UKL8sWFiLKfO1rmQBbDRjCKsmbjXmoQHRsb9b+rvAbC3JGNJhWs+Uioqp1sTEREREVESho80TzzPXHTbKBY9KMaVYqEkqzrrntnYALOxAdLMLEyXE9ENfWW9vpBKs36qLeBHw+R40c8LAJaioGnmcuw6qppyrceF3HatbFOve9aths1W/iY3VN0kIeBg8EhEREREREkYPlJFCZS5qhMpqjHTVHUuDjHTP2dV59IiV22ENDMLo7Wl/Bcv0TekZehCaU4MQLPMvFreb+/pLkv4uOXqTSW/BtUehywgMXskIiIiIqIkDB9p2Ug7hZ1VnWVhKUplgscSaZgYg6xHS3JuIcSixjzVZsv2/koPgaqMQxZQ2SmNiIiIiIgWYPhIVCK1XtWZep/aCTvnEcWddq2GgiWbbg0AcpUHjwCwvn9dpYdAVUSTBGycbk1ERERERCkwfCSqA5Wo6kxfnVl9VZ2yJAEwi3Q2oHFirGjnSkUuYN7q2LS3iCNJbcOmXjQ0ukt+HaoNihBwsLU1ERERERGlwfCRiHKWuTFR6as648+zreqMygLBIoxIMg20jI3C7itdwFdI8OgPR/D6wNkijia1TVs2lPwaVBsEAIciivavnoiI8mAG4J01YGvwQOPyF0REVIUYPhJRVStGVaehCMwWMAbJNNAyNQHP7Az0SKSkU89lkd9dgz8cwUP/+DR8oUiRR7TYBk65pjlORYCzrYkobvjlw/jJ0MKtDtz7QD+6KzGglKZx9KmzeNUXfy6w8qpu3HNNeyUHVZjRQXzp7y9j40dvwee2TuPsgSG8dtSPZy8B2ze14rfv7kMrQ0kiIqogho9EVPdEAWsoSqaB7ovnYAuHYJilXfNSEiLnBtdnxqbw+BvH8Pxb75RmUCms7+8t27WoetllAZWtrYkoydQ5H753Fui3X0m6uld4YCvrKKax59vH8EX3Suz/ZKqfV1EMnvHhe7odn+pWAD2Mx54awKNHfXj0k73QyjrW4oroAM5fxF88H0DvOg03axHsOTiCN30SHn2gtr82IiKqbQwfa4BpXVmtLm3/klTbUrzA20Si7CUHjwBgmMVbNzKVbKdcHz03gn0DZ7Fv4FxZ1nhMdtv7b0JnR0tddGCn/KmSgJ0lj0SUSkMz/ubBLWit2ACi8GYzCaCjFZ97IBZOfuKF/Xj/qxPYM96LOztKO7qS69mKR/6P+BMdO7//S/z++VkMA+ip4LCIiGh5Y/hYAyQBBHQLulmaW/rFt4+pq6/S3WaKFE9yCkkXvJjtsSnXHFy0r8hpjBmvL5bej+pLx9hwIng0SxyqSUJASlP2eGZsCkfOjeDI2REcOTdclqnV6dx11y64MjYXufJaIY2J6r4Dew2ThYCTDWaIKEeRd47hq49N4zkdgCThnlv68Ge7OwFM4blvD+DVjWvxiekL+P1jOu65+0Y8uGkMj31/EN+YBCAp+Ph6DQeGNXz1C1vRY07htR+cwpfO6PAC8DR58Minr0a/ewJPPjyAr00DmB7C9V8ewsc/fAsevC7z2DzNGgAfTl4Edpw5jL95PYB9s2bs3G3N+O6nt6DHDuDiAL72wwk8GYgd19Pdjm//bj9aU27vxpG/fwsPN63FE/evBsxBPPzfh/CDhmY88+AWtM5VaH67Yy3+5b4uTO07hode8OGoGft6H/zoFnx8qwcYP4E//64Xt9zXiclnLuDhaSce+fPrsGP4yjVb3RJsSBEumlMYngbQYK9gGExERMTwsWYoAtBLdO7FN+5W4sa/CCersPIOKGWQm/qFpYPTEgW5KbfnEOQu2p7jOBPbqzzMtYVDcCU1ljFKFP4DseBRlWNT1CI2O8I2O06PTOL7P/oJ3jo7DE2zl+zaubjhxqtxzTWbst6/ZhoTLXiesqpzQWC6nLHBDBFlFAnjwP7Tc2GXgu7ta9GtXcAPHp/GwJouvPDxtcCBI/jkM4N4rLcT9/e0or8b+PNXBzHQ3YSvfMCD3q3AwE/O4Rs+Nx55cDO2+wbx8D9NYKC7ET0AvHsH8cWzEh76retxT/cUHvv2aXz6sdN48VNrcden1iL83XP4RlMnXvhoO2zOpYfsvRwBoGHTKsAz6cDOXe34/EYXtMmL+NIPLuPhV6bw13fI2PPUBJ5sascLX+iHJzCGgYtKLERMud2D3g4Jw2diVYfdZ/04YJfQPx3EyRCwS5vCkXFg184uYPI0/uYFHxqu68P+u1sx/NRBfOTxU+hffx12dDRguzKFP//hEO65rhOPrG3AdlzA934wgSMdnXjio+3AkXfx+3tC87+o0dP43o9H8O1ZDX/2qT54iv19JiIiygHDxxohC4EqTPZogZRBbuoX8jlZhVU+yAVSNJ5Jue/8bUEj97G7FnS0NvNO5DMLexrga21DVNGgq2pi+8v7DuPw4MWC1qsstg/e/d5KDyGtYjQmyv4qS1V1xh6krOBMtS3pebVXdToVARY9ElFGoQAe3RsPwjT8ds9adI9O4bshBQ/t7oNHAnB9O+594RyefGsI9/eshEeTANjx0Ke3YocEAIP49jsmdlzXhR1NGtDUgn7nBCBJAKaw71gIkTVduKdHA9CFu7YP4RsvX8aboT7sarDDJgFQFHiamtKPc3wK3/7hDKBHsO9sBD3rVmJ3B6B19OMeMwDvbARoa8TNDdPYp5sA5Nhxl7zYc3IKd23qRP8mAJhOsx3o6XVCOxzEwDTgORfCQEcD/uTSLIaHASCIA7Djt9crmHpzBs+ZTjzygS4AQPetzbjz4AT2HAxgx80abBqAjk782Yf7Yic+chjfDUl48H0b0N0EYL0DvcnhY+Q0vvGdERzpbsY//VY/+pt4y0dERJXFn0Q1QpFi1VGlCkCIqk2qIBdAXlW5+VQtzjY0oXF6CpJp5l8JvITpFd3wNaeeCDV8caQ0F83T5m0bseU92+HTY38YOS9bkOLFrKt601xsySUWkjYUuzI3c1VnprPnYn7YmT7ITD2FPe22PNfqtMkCGhvMENFSUq35eBGIAECiD40drU5gYDZ5GREpFhrOiZiATUrVotlE2MRcEBnjaVQAhDB1Cci5rbZiw/0f7k10u44cewuff9yLAUVCtwJMhoBYltiE3fd14XM/HsFfPHYCX0tMjU633QNsdOFejOHkeaBtNIRd3WvRi2n85Nw0btcDGGhwob8JgG7O//qbNLQBODvjT/rjSfqz0IEIJNjSTYzQJGhQcP/dW2LnJyIiqjCGjzVCAJBFrPkMEZWerqq4sKYPLr8XWjAA2/Tlop5/Yu06hJ2utK8PXxgGEAuFqoHDaYeePF+56pRvYOVaJzfd9lzWyk0ZpKa6l8eVqdTxeNmyYofG/2SVlMcREWVBQazTcqJvWwThCNDfkLn/cjhlo7e5kC7ptUhIB6CgtSWHMSU1nLliCnv2eDG8fjVeeGAtgNgaknsSx/ThU3/Uh09duoAnf3wBX0tMjU6z3d6E/qYxPHvhNFaOSth+dTt6MYg9o5dxbySC7lVd6AYwpUi4EqoCCOmIAOhudAHwI3dtuP9eBbYVeRxKRERUAryVqCGc6kZUXrqqYqapBT53Q9HOGWhsxlD/lozBo2maGLo4nHheDQGk0+mo9BCqhrXow4JpLf4w0nzoyR9m7COa5iOS4iMc/zCufITSfARTfAT01B/+uY/YcxNBw0TAMBExLShS7BdgRER52ejBvZKOn7wxFHt+bBKPBSTc3teZ5oBmbO8GDpwcxdHpALxvj2HPbPy1VmzrUYDzl/HatA6YU9jzVghoc2F7ciWgniq4zFJERwQ6vCdj152MRAAEcPbIhVgn7ZYu7FqvAKYJbyjddgBoR3+3hAPDl3FkVsPGdUDrShvaRqfw7Diwuy82zbp1gxPbEMCefdMAdEy9NoOfQMP2jWkWrFznwJ3QsedXI4AZwNlDfrwJAObcCvE+HwZHZjE8WaoV44mIiHLDyscaokgCyGPtOqLlrtB1E01ZLso4LnWvQqCxecn9RodHYRoF3DSVgMPF8HE5ine2ZvBIRAWx9+HBj/rw+ccHcf2xQQDAjq2r8fGt6W5FmrD7A63Y/b0pfPrhg9CcGnYmBYvdd/fi66On8cWHf4kIAM1px9cf2DDXVKUZ/askaMdGcP2Xx/DgAzfj4xuzHWgrdu9y47tPjeCWL4/A0+TBQ9s1fPXsNIYh4cjec/iLx88lppDfefMG7G6awZP/lGp77Iz9W1zoecyLJxua8dt2AOvc2OUbwWOmHV9fN/f192zCV997GF/ccwzXv4BYN/D39uHOtnR/PH343M0z+OS+07j+INDf3YTPdUfw7IUxYMdK4J0x/Jf9PuxSZvDXd7DPNRERVZ6wqqGkhrLmjcYqZ4goe5FIFF5vZOkd05AMA93vvJ338f6mZsx0rIApZ/f7noP7D+GRv/zbxHNNs0OknitbNh/9zQ/iNz75kYqOgcpLEgIuBo9EVWFsbAydnemqBGtIvJGL3Q2PPZufiRFEfIDmnsGTDw/g/+teiyfuX33lZd80vLoCT5O7uOMMeeGNyPA0zFUemjogKVdeCxmwOZugaQuOSbU9FxEfvAE9+3P4puGFEx63BkAHTGVuXpuOyGwIWkOR/1yIiGpE3fzcrCOsfKwxigQYRqVHQVRbilH5GPQ0wuGdyem4sNMFb2s7Qm5PTsfF13uMsywrbdOVcuG06+VFAAweiaj4JCc8TWmmEi8QOT+EyaZmdDdoiJwZw55pYNcNC6r43E3I7SdsluweeJKncEtK+teW2p4LzQ1PLsHlvK9fSVpQS2HwSEREVYXhY41RBBCu9CCIaoyiFD5t2tvWnnX4GHK54W9pRTDPtSKT13usFk5Ou15WXKrE4JGIKiiEgTcv4KG3BzE114Rl19bVePDG7IJLIiIiqi4MH2uMIgQErOptOEtUhQqtfASAiN2BqZVr0DxyEVLK7puAt6UNgcYmRO2FBXXDF0bmPa+G1TGcLt7wLRduVWKDMyKqMDu23Xcjnrmv0uMgIiKiYmD4WGOEiDWeiZqVDyOIaokQQKEZXrChEWGXG87ZaaihEIRlIappCLvciDiKE85ZloXhRZWPlf/37vak785N9cOtMHgkIiIiIqLiYvhYg1QJiFZXI1yiqidJAkYRusWbsgxfc+k6R44OjS6qdKyCwkeu+bgMuBUJSmX7GhERERERUR3ibUYNik29JqJcKDWSqqRe77Hy6SPXfKxvDB6JiIiIiKhUeKtRgyQBqBLjR6JcqGppCr11XS/q+RZ2ugaqZc1Hho/1yqUIBo9ERERERFQyvN2oUbxRJMqNqhbe8XqhYDAARVkeq1cwfKxPDkXwl1lERERERFRSjLBqlCoJSEXo4Eu0XEiSgFzEkMXv88FeYFfrbFW68vHzf/oZqKpa0TFQ8dllARuDRyIiIiIiKjGGjzVKAFB5z0iUE1UrTvXj7OwMHE4nRAl+ATA2Op5ia+XCx5vfuxM33vKeil2fSsMhC9hl/hAhIiIiIqLSY/hYwxRWrBDlpBjrPk5PX4bL5YYklebtc3xkcfhYycKYhpe+AAAgAElEQVTHG265rnIXp5JwKQI2Bo9ERERERFQmDB9rmCoBMqdeE2WtkHUfTdPEpalJuN0eyHLx148EgNf2vo7B02dTvFK59PHdgTMVn/ZNxeNRJa7xSEREREREZbU8OiXUMUUCDKPSoyCqDUIAQliwrNzCF13XcfnSFJqbW4reYMbn9eGN1/bj2KHjOHr4WNr9LMsqyTTvpbx18G187D+GYbPby35tKh5JCLgVAeaORERERERUbgwfa5wqCYQNViURZcMwDAAmgOwrF6ORCKanL6OpuQVKkZquRCIRaJoGAPj873yhKOcslfODQxg48S62X7u10kOhPMlCwMNFgomIiIiIqEI47brGKQJQOPWaKCt6NArLyv5tLxwOYXr6Epqamgvu9hwOhzA7M42Z6elE8AgAf/rVh7I6vpJTnw++caRi16bCqBKDRyIiIiIiqiyGj3VA5XeRKCuRiI5Yr/ilhYJBzExPo7GpBWpSWJgrn8+LifFR+LxeaJoNjU1N817v29iHb33/m1mcqXLh4+FfHZ+rGqVaokkCLoXBIxERERERVRZjqzqgyQISqx+JlmRkuURBIODH7OwMmppb5lUp5sNms6O5pQ2tbe2wOxyp97Hb8D+++bWCrlNKo8MT8M54Kz0MyoFdFnAyeCQiIiIioirA8LEOCAAav5NES7KyqHr0+33web1FCR4BQFXVrJrUtHe24/e/8Nm0r1e64/To8HhFr0/Zc8gCdpnBIxERERERVQdGVnVCZQtToixk/nfi83nh9/nQ3FKc4DFX111/LXbetKPs183G8PBYpYdASxCITbO2MXgkIiIiIqIqwvCxTsgitr4XEaWnqum7XHtnZxHw+9HS2gpVLX/wGPf+D+xO80plKx/HRyYren3KTBYCLlXwF1FERERERFR1GD7WEYaPRJnZbKk7Vs9MX0YwGEBrWzsUpbCu1oVa378eO258z6LtFZ51Dacr9XqVVHnxxjJc4pGIiIiIiKoRw8c6okicfk2UiWXO79hsmiampy/DAtDe0QFZTl8ZWU59G9el2FrZ9NHtdlX0+pRavLEM3/qJiIiIiKhaLd0FgWqKKgFRs9KjIKpOpnUlfDRNE7Mz01AUBW5PQwVHtVj/5o2VHsIiTrez0kOgJJIQcMj8hRMREREREVU/Vj7WGU0SkAVvRolSCYWiicd+vw92u6PqgkcAWNO7Bs2tzfO2VbrbtYvTrquGOjfNmsEjERERERHVAoaPdUjjd5VoET0ahWFcCfCcThfsjuoN1Kqp+nHnTddg27WbKz0MAmCTY8EjG1oTEREREVGtYExVhzRJQGL1I9E8kWgUyStNVMv6juls3n7VvOeVrHy852N3VezaFCMAOBUBB1NHIiIiIiKqMQwf65AQgI3fWaJ5dL3SI8jNxqsWVj5WJnxc0dWO9f29Fbk2xchCwKVK0DjNmoiIiIiIahAjqjplkwWUGq9+nI34Kj0Eooppa2/Fiu7OxPNKVT5OTU1jZnqmItemWCW7WxVQavvtnIiIiIiIljF2u65jmlx71V5D3hG8eOqvoOrHE9sU14fw6xv+Exo0dwVHRlR+m7ZswujwWOK5ZVkQefxSwbJMGGas07ckJAghZX2eaCSK1/a+gbs/cmfO16XCOGQBG6dZExERERFRjWPlYx3TpNrqhjrkHcFLJ/7zvOARAHT/0/jJkYcqNCqiyundsHC6c37Vj0JIUGQViqxCCAmmaSAcCSIaDcMwdJimmfHcb7x6MK/rUn4kIeBSJAaPRERERERUFxg+1jlbDYWPL737t5DhT/maap7FM6f+rcwjIqqsdet75j0vxtRrIQRkWYFNc0BRNQBANBpCOByErkdgzlVIJnvnxCDODV4o+Nq0NJsk4FYEVP50JiIiIiKiOsHbmzqnSLUTQMrRNzO+Pjn7eplGQlQdulZ2oW/DusTzYq/7KDAXRNqcsNmckCQ5ZfgIALPT3qJem+ZT5qodHYpAjbxlExERERERZYXh4zJgkwUEqvtudsg7svRO5kTpB0JUgOd++mrRz7n9um1XnpS46YwkyVAULeVrlWl3U/8EALscayrDakciIiIiIqpHvNVZBiQB2ORKjyKzlZ4uGHBm3EdSejK+TlSPNm/fnHhcqY7XACCzHK/oVEnArUqwc21HIiIiIiKqYwwflwmbLCDn0SW3nDTn7Rlf72q6qUwjoXqkKErJr+Gd9ePR7z1V1HP2ru/Bpi39AGJdqyvF6XZV7Nr1RhICTkXApQgwdyQiIiIionpX+rtxqgoCserHgF7pkaR389qP4pUTT6d8LSracXvvXWUeEdUTVZXx3NOv4ujR04tek2UJbrcTbo8Tbrdr7rMDzS2NWLm6M+trnBq4AF2PFnPYAICrtm7CyeMDRap8tGAYBmQ5t7d/lztzZTJlxyYJ2GSu60hERERERMsHw8dlRJMEDBkIG9W5ettKTxcMdWfKxjMed+aqSKKlKIqEtw4NYPDMcE7HudxOrFu/Cv1X9WLnDdugaqnfNo8dOYWZaT8MQ8eeX7yB3b92QzGGDQDYsGk9AMCCBcuyIAqqYo41mYlGw1AUFUJkVwDvcjF8LIQiYqEj13UkIiIiIqLlhuHjMmOXBQwT0Cu4dlwmO9d+AgffnR8+GnDi9r77KjQiqheRSBjhMOBwNKTdJ97p2bJMmKYB0zTh9wVw9PA7OHr4Hex94U3svHErrt2xGa1tTfOO3fP8G5AkGZIk48AvjxUcPvp9fhw9fAzHDh3H20dPXHnBsoAiLKGgqjZE9QgkIS1ZBdm/eT0rH/MUqzoXXNeRiIiIiIiWLYaPy4wAYFcE/FGrKrvXbmzZgIO224DwS4ltLc0PoEFzV3BUVOssy8LwhXFcvuTLuJ8kxTszyZBlNbHdNA0YRhST45fxsydfxs+efBn9V/WiZ91KAMCJ42dw8fw4bLZYQDc5PotXXvoVbr3tPVmPMRgM4/Sp8zh96jzeefsdDBw7nPprgVW03vWqokHXI9D1CBRFBdKc+cP33VmkKy4vqhQLHZk7EhERERHRcsbwcRlSRKwCMlil069vXfdJvHIiFj5GRTs+sGF+1eM7l07h4MUnENXHIQkXNnfdi2tXXFuJoVKN8Pt8eP7ZX+V9fLyiUVXtMAwdhhHBwIlBDJwYTLyuaY7E/rKi4Yl/+QU2b+1bVCGZLOAP4sTxMzj59hmcOH4GAX8QABAOXMp7rLlSFA26HkU0GoGq2ha9vvGqddhx49VlG089UCUBTYp9JiIiIiIiWu4YPi5TNlnAsICIWX0B5EpPF+ye30DI+2P0rfjdea+9OPgsxie+CQCI16UNnN+PgfHd+M3tf1LmkVItsCwLhw4M4OCBd4tyPllWIMsKLMtMNIC5UjEZI4SAotrww3/8Kf7wjz++6By/2n98UeAoSTJUxQYhBGaDMxm/nmJTFBWGkbpRzjsnzhT9evUqtq4jQ0ciIiIiIqJkDB+XMbssoFuAWYXrP97edx8ef+sUxt+YBFbHth0aPZQIHhcJ7cEzp9YtqpIk0nUdP3tycROjQgkhZVx6UVE0nD0zjOd++iruvPsWAMDhX53ASy/sx/mzIwBiQaaq2iHLSqLxi392rOhjzUbyNPOFwqEwbPbFVZEUowgBTY419SIiIiIiIqL5GD4uY5IAHDLg1ys9ksV+8fjP8cqTowCexnt3vxctrS14e+QJyBmOmZx+EgDDR5pvbHQKly9nXuuxVFTVjp//9DW8e+o8pi/NYmpyOjF9W5bVRV2rLdOA3zexxFnL/8uCYCDI8DEFea7SkaEjERERERFRelKlB0CVFW+IUG02b92ceLz/9f2xB9HjGY9RraVCG1qOhi5U7u+FJMlQNQdOv3Mely95YbO5YLO5oCjaouARAHyzY7DmOm6XgmHk95uGSKQKf0NRQbIQcMgCHlUweCQiIiIiIloCKx8J9rn1H6MVXP9xyDuCczNn4FTdaHd2oH9zPxoaGzA7M4s39r2Bbe+7GjICFRsf1a4L58cren1ZVmC3uxPTqtMxjAgCS1Y9FkaSJJimsWiNyqWEw+ESjai2SELAJgGaLIrWcZyIiIiIiKjeMXwkAIBTEfBHAb3M6z/ORnz42clvA6E9iW0nATgafhM33HwDnn/meVw4dwFnRpduFmKoO0s4UqpV1RASLRU8AsDspQvZnq2gcUSjIaiahFzis1Aokvc16wFDRyIiIiIiovxx2jUBiMUZTkVAytRBowSeOv6NecFjXHD2R9A3jySeDw4PZDyPASd2rv1E0cdHtc2yLFzMctp1vlOSiyHgm0QkXJ51KWVZgaGn7mydjh7Nbf96IYvYshQeRcDG4JGIiIiIiCgvDB8pQRKASynfDfah0UOQo+m7EMv6z9HZ3wUA8IbTdwCOSj3Yuf5/YGPLhqKPkWpbJBzG6PDlrPYt5VqLS13XNzua9f6F/n5AlmMF72YOX6+iLK8ieVUScCqxNR3tsij4z5yIiIiIiGg5W153lLQkWQAuRYJPN0t+rXOXjyy5z5rdFsYGgGAwCDQtfl12fggf3Pif0KC5SzBCqnWDZ4az7nRtVaCLNJBPk5nCkzBF0XIMH3NbI7IWSUJAlWKdq6uwBxcREREREVHNYvhIiyhSrALSr1euAU2c23YSQBNMc34YGpU344bez7DakTI6evh01vsu/DtWLsHApYpcN5emM3IdVz4qkoAmxaodmTkSEREREREVX/3eUVJBYtMOgUAJA8gGeydC3sz7yAhgxa5+NLVNAwCioh1bV38e1664tmTjovoQjUbw9rHzWe+vKGoJR5NaJOyr2HTvXNRb5aOAgCbH3ucUJo5EREREREQlxTUfKS1NEnCUcP7hjpW3ICr1LLnfyi1BhEJOTI3fgU/u/D6DR8rK7IwPI8PZVxVKkgLLKm/1o2Hk3kVaVGABwnpZ81ERsfe0BjX2mcEjERERERFR6TF8pIxscukCyAbNjRvW/RdERXvm/RznceR/Xcb0/kBJxkH16Z2TF3LaXwgByyrvUgNmjl2nYyoRPtZu5aOAgCYJuBUJbnWuazVDRyIiIiIiorJh+EhLsskCbrU0f1U2tmzAvVd/Cx3t/zltCBmbet2JS1OVWRuPatPQxclKD2FJkXB2zXCSVaTyUa2tysd44OhUBBq02GeFP+2IiIiIiIgqorbuKKliFAE0qBK8UavoXYEbNDdu770L6L0L71w6hbeGn0codAyqeTaxT8taAyf2zcI0TEgyUwRa2plTwzntb1kWTNPIqRFLISzTyCt8rIRaqHwUiHWrVtg8hoiIiIiIqKowfKSsSQJo0AQCOhA1SzM9dWPLhkQH6yHvCAYm38LZ0Tdgd16GZVm4dOkS2trbSnJtqh/RaASdXc04c3o062MsywTKOO06FJrJ+ZhKVD0C1dvtmoEjERERERFR9avOO0qqWgKASxEIGkDYKG1Qs9LThZWeLhyc7MAj//AIACASzr1BBy0vlmXh/OAwDv3qdE7HmYZeohGlFvDmMy28MvFaNVU+MnAkIiIiIiKqLQwfKS8OOXbTHypxAAnM77SrqmrJr0e1LRgI4F9//ApCwdyDasM0yvammF+n6xIMZAmSJEGWKxs+MnAkIiIiIiKqXQwfKW92WUASQEAvbQAZ8F/pcq1o/CtLme17+QgGc5huXSkudzt8s7mOs/yxm82ulf2akhBQBCALQBYCslSpmk8iIiIiIiIqFJMcKogmCUiqQNiwSrYOZCBwJXxk5SMt5eCBdws4unxrPtqdzTmHj5VY89Fmt5X8GnI8bJTmwkYmjURERERERHWD4SMVTBGAogiEjdg07GLHN8nho6aVvwqLaouQ8u+GbppGEUeSmazk83e5/Kmc3Vb8f3OKEFCkK6FjhfroEBERERERURkwfKSisckCihSrgowUsQpyYnwi8Tg5fHxx8FlcCpxBODKOrqabcHvvnUW7JtWuq69dj9Onhis9jJKoREhncxRW+SjNVTLGKhtjYSMREREREREtHwwfqahkATgVAcUEQgZgWoWHkOcGzwEAWlpbAACzER9+cuQhqObZ2DUBjE/sxz9N/jNu6PszbGzZUPA1qXat7e0q6HjTNCBJ1dPdeb4KVD467FntJ3BlyrSUNH2aWSMREREREdHylv/8RKIMNEnArQjYpMKiB8MwMHRhCADQt6FvUfCYTLUm8MaZv8ZsxFfQNam29V+1ptJDyIoeDVZ6CFmxp2g4IwsBTRJwyAIuRUKDKqFRk+BWBRxz/+4VBo9EREREREQEho9UQpIAHIqASxGQk+aLDnlHMOQdyeoc5wbPwZqrnly3YR1+duKRlMFjnGqexbGxw4UNnGpeV3dLpYewJEOP5HxMJRrOOOw22GUBpyLgUSU0aRI8auy5TRZQpdi/dSIiIiIiIqJUOO2aSk6VYgHFzwdfwcDw30O1Yms4RkU7VrY9gNt770p7bHzKNQDMrBgBwi8teb1x32kAtxQ8bqpdq9a0Y2T4Ul7HmoZelmnX4dBsya9RDG6nHXa2nyYiIiIiIqI8sfKRyuLpU8/gzND/lQgegdg06fGJb+KZU/+W9rgjh44AAJo2tUCP/Kjk46T60NraWOkhZBQJ+xD05xeOlluqaddERERERERE2WL4SCU3HfLh3Ng/pH195vJ38eLgs4u3T8/g2JFjAIAtd0xnfb21zdtzHyTVlf7Na/M+1kLxOrUvZBgRXJ44jcsTp/M8Q/krEJ1OR9mvSURERERERPWD4SOV3KsXXoEMf8Z9xie+iVOX35237bWXX4NlWdj4sQ44pItZXSsqb8a1K67Ne6xUHwrpeG2aZhFHckVXtxOTIycQCeffEKkCSz7C4cyu2zURERERERFRKgwfqeSmQ2NZ7ffGu19FxPBDnetesfeFvWjc2Iw1K7NrIGOoO3Hvtv+W9zipfjidtqqZLrxx02r89//5e7jxxv4inK0CDWccDB+JiIiIiIgof2w4QyW3vvVqHJ5Zer1GxZrAvx39Bj53/Vfw9ol3MTU5Bafmhs93F9q60q/h12DvRH/b1Vjpyb/ajepP96pWnHk3u67qySyrOJWPdruGD33kZvzaXTtj41lTm38/7XZbpYdARERERERENYzhI5Xcjd3X4sBgO5SkZjPpiMh+vHD2FQy8FJuCHRj24T9e/Zto6+yEbgK6BZhW6dbko/qxoX9VTuGjkGKF4MUKHyGAvvWdiacrujoz7JzlKSsw79rhYPhIRERERERE+eO0ayqLHb1/DAPOrPY9efFv8ObR2FTr9et70d21Apok4FQEPKqASxGwSQJSJRbAo5qxtmdFTvsLUdy3w1Awgsd++BJEOIgGVcL6Ve1FPX+5uFzZ/bslIiIiIiIiSoXhI5XFjd3X4kPbvgXJvhtRqSfjvjL8aLo6Fnjcdtuuea8JAKok4FAEGlQBtyLBLguoDCNpgcKazhhFGcOZ02N49pn9gGVCCIGm5oainLecVq/OLcQlIiIiIiIiSsZp11Q2axu78Hs7vrjkfl/6P7+OC28PQJZlvPfWmzLuq0iAktSEw7AEdMuCYQKGBRicor1stbY1ornZjcuXs+suXaopzc8+dxi3774a7e0taG1twvTl2bzOU4kp123tzehc0Vb26xIREREREVH9YOUjVZWJiSm8/fYAAODGG94Dp9OR0/GyAGxJU7QbVQmuuepIRYgK9AqmStrQvyrrfZOnXVsFh9YWdD0CAAgGI3jm2V8BAFpamwo8b3lt3bqh0kMgIiIiIiKiGsfwkarKmwcOJR7ftntXhj2zIwSgSoBdFnCrAo2aBI8qwakI2GUBTYqHkowla50kYt9LTRKwyQIOWeDGGzbldg5JBgBYBU67jkRC8wLMgXeGAABtrc0FnLX8f0evvrq/7NckIiIiIiKi+sJp11RVTp06AwCQZRnbt20uyTVkAcgpprBaEDDnpmqbFhIfhgVY4PTtSpAgIEQsdhMi9tuS+HNJAAICkog9TuXmG/rxzRyuF6t+LHy9R02bX7F7+vQYgsEgOjvzn8JciSVNr77mqvJflIiIiIiIiOoKw0eqKvHwsa+vB7Isl/XaAksHk+ZcEBn7DFhzn688Z0yZipj7byJIRPowMXl7vkKhECRJgs/ng8OhIRiMZHWcLCswjChMy8z/4mn84oWDaOtoKeAM5U0fm1sa0L2yo6zXJCIiIiIiovrD8JGqRjAYxOjoOABg/freea+dmxnB6cunMeJ9F1d37cLWtvKuRXclmIw/S7/n4lDSSjyPvwbMDy+vPK98eBn/6uINTsSC1+JhIZIei3mP54eMEOWOzYCBgfPwegPY/+a7WQePACBJsbfEwtd8XOzfH9+P3/rEzUU/b6ks5/Ueg5FZOLTcOpPncwwREREREdFywPCRqsbJgXcTjzesX5d4/OjR/4WZmacgww8AeHXmR9gj9WD3xi+UPYTMRjyIA7IJK1MdPRdIJgeWiY2FD05ceXjlcwUCwlL613//JU6dGsn5OCEEZFlBKZqkB4MRvHtmooAzlPc7tG378lzvcWBkL2RZwvqOW3M6LqIH8O7Yq9i2+oMlGhkREREREVFtYvhIVSM+5Rq4Uvn4ryceg2/mR1g4AVs1z2Lvyf8dq3Z8H012dxlHWR4pA8F6SgdLbFP/qjTho5VU1SgS1Z3JFMWGSDhQknEdPHg272PLvebjtdcuv/UeR6YH8Mrph/E7t/x7zsc2Olfg5f0Po6NxPTobNpZgdMVXigpfIioNy7Lq6t9sqp+/REREVL/Y7ZqqxsjIGADA4XCgq6sT52ZGMDn13bT7y/Dj6VP/Wq7hUQ1xu+yJx4ahQ4+GEZ370PUIdD2CSCQA01y8tqMkyZAVtSTjunTZj+bWrpKcu5gaGt1Yvab6x1k0voMIRmbx0sm/ho4Awrovr9PIisDPjnwZwcgs4DtY5EEWRzzAqKcQg4hqD9+LiIiIlhdWPlLV8Hlj06q7umJNLp468Y0l/4JO+4+UeFRUi3p6VyQey7ICyLm91amqfemd8mR3tgBTuU8JL2fp65Yt68t2rYqKjABaF+A7iEPetzCjxypTp/xn0N24PadTeUOxX56EMYXnj38D93StBdzXXblGhWR7Y88AgKj6GYYBSarduoF01Y4L339YFUlERIUwTZM/S6pQ7f4fDNUdry9WbeRyOvHL4UNQ9LcrPCKqVZ2dTZUeQlqmpUCz5b5UQDl/fm7bXhvThgtmeIELX4U/OISDF3+Y2Dww9nzOpxq8tC/x+KJ3P8b9o8DoP8TCxzJLVVGUvC3VBxFVN4fDAZ/Pl7Jiv1Zk+z7E9yYiIsqXaZrw+XxwOByVHgotwMpHqhrxykeny4kD5/8pq7+cLtu6pXeiZWdFZ0tRzvOhu3fgllu24ctf+UFOXbOX4nS3IRLOdWpv+dLH667bUrZrVZRjI7D6z/H8m38ERb3yu7izl15HWPfBpmQXEod1H44OP5F4LkkCz48ex8d3/VnRh7yUhTfrqW7es91GRNXD5XLB6/ViYmKiZv+9pqpCiW9L/poW7sfqFSIiypYQAg6HAx6Pp9JDoQUYPlLZPH3qGQzPHgUAdDdux4fW3zXvda8vFj7Ka+Wsqh4NOHH7uvuKP1CqCy0tbly6lN/afXHnz0+gZ20HPviBHfi3f79S2WaaRuIjdsNkQZZVKIqW1XltjkbIigZDL16gWSwutwM9vSsrPYyymfYP46JvYF74GNZ9eOnUX+HOq76U1TmODj+RmHYdN2NcwuDYm+jt3FnU8WaysHJoqcepnhNR9XK73XC7a7/JXqZwMZvHREREVHsYPlJZ/N2Br8MM7Uk8vxh8Ef/P+BP45HX/E012NyzLgt8fCx+ttqElz2fAifdt+jrWNi6jphiUk9YWT8HhYzAYBgDc/7Fb8dLeo5ia8gKINaWRpIU92HPjdLfDO7303/W4ct14LZv1HucMjv9qXvCY2D61D4NT+9DbenPG44dnjuDA+UcXbZckgaHpoyUPHzOFifHH6T6nO8dS1yAiSmepn1VCiEVVjpZlpQwk4/ulOoaIiIhqC8NHKrnvHfp/5wWPcap5Fj888hf43PVfgWEYAABntxsu9c2054pKPXA7tuL2dfcxeKSM1qxtx6l3R2CaOiQpv7e6QNJU6/vvuwV/+3fPFGt4cDib4ZsdhWUaRTtnMWzc2FPpIZSVQ/PAslKvqfnSqb9Cm6sPHntnymPDug97Tv1l2nNrirNYw8xKqjXTMj1OdQwRUSlkqmjMFEACSPkaERER1RaGj1RSvxw+hLD/6bSvi8h+vHD2Fby/51YAQM9tsS7DurIZANDk2g674sKqxvXY1LIBTfban25E5eF02AAUFqgMDV1KPL7ttu146eWjOHnyYsFjAwAhybA7GhH0X1p65zJq7yjOepm1YtPK2+CPTmAmfA5Dl9+CX59IvBbWfXjuxFfwsWu/lfLYPaf+ctF0a0U40d24DV2N23Ht6vItC5GqujFVM4dUz1Odh4ioWNKFivHgMd3z5P0ZQBIREdU2ho9UUu9OvbXkPieG/g7v77kVmqbh7X+eRPevPYA//MxvlWF0VM96e2LVarKsQtcjWa/HmMmf/NeP4b99+VFcuDBZ8LmAWOOZbMPHct10dXa2leU61eQ9PfcnHp+fPIjXznwHM5FzAIBJ/2kcOP8odqz5xLxjBqf24ezU64nnTrkNt234Y6xpu648g0b6wBFAoiOuaZoZO8tmqoRMdS0ionTS/ZxKVemY/HjhhyRJsCwLkiTNOy4eQDKIJCIiqj0MH6mkAuGxJfdRrAk8feoZqKqKSCSCaCRahpFRvXO57InHxbpJcTltePCPPoz/+tD3inI+RXVUXeOZjs7WSg+hota0XYc1bd/Bz499Hacv74EQwIHzj6Kn9Sa0ufoAXGlIE9ft3ok7Nv8JHFpD2ca5VPAYf57p8cLj0lVDEhHlKzlojH+OP5YkaV7guDCYNE0zEUTGtzGAJDMDr4kAACAASURBVCIiqk0MH6mk+tpuxqmLi9d7XOjs+D/DprXD7wcikeoJYrI1MPY8IoYf27o/Uumh0Byn05Z4HKt+DENRbBmOSO3UqYvYsGFV4vmRo4NFGV+czd6IgG9i6R1Rnpus9vblNe06nV/f+kX87LCJc969EALYd+Y7uGfbXwCIPQ7rsWZG65p249e3frGsY8sUDsYDxuTP8Y+F29NNwWb4SETFki58TA4cJUlKBI3xaseF21NhAElERFQ7GD5SSb2/51acGN0MRX87436KNYG2Wzbg0lPTNRU+hnUfnjr6RUz6TwMALFjY3v3RCo+KAKCvr3vecyFS37wsJRAIz3s+MJB9h+ps2BwNWYaPpdfQ4IKq8sdC3Aev+VP87DBw3rcXwzNHMDxzBB5bJwbGnwcAdLl2lD14TLaw6jFd8GgYxrwQMl0AyeYzRFRMqaZbpwoe4x/J7zvJwWNyAMmqRyIiotrEu0wquU9c8xU8evhLSwaQnb0DeAc2RKJ6mUaWnUn/aRwdfiLRWKK39eZEheO+M99JBI8AENH9FRkjLbawUkKW1aKc99Ilb1HOE6fZsmuiVI4brda25pJfo9Z88Jo/xWNvjmMqfAIHzj8Kjy22lmiDshY3rPoshoaGMD09ndh/5cqVaGpqKtv40q3hmBw6pvucrgIyfp6F1yEiyiRdY5n441TBoyzLic8Lq6/jgWQ8cEx3HSIiIqp+DB+p5JrsbvzhjX+FczMjeHP4VYx7j8KKHIOMwLz9bGIKbdduh/dyccOdQsQrG+NTLAFgeOYINNmF7sbtiQqoVI4MP44p/xls6/5IYq04Kp/4mnZFV4KbHs3mRiTsW3rHEuvqaq/0EKrSh67+Mv7lwO9jeOYInKEt8PjvgM3owd5zry3a99ixY7j++uvR29tbkrFk6lK9sLoxHjQu/MgUQMbPxbCRiAqVqrnMwuDRNM1E8CjL8rxjk8WPi+Paj0RERLWF4SOVzdrGLqxtvB9ArLPsdMiHk5dOYdI/iunQGIaGRuBZOYuh40s3qSmXs1Ovzwse4wbGfz6v4hEANMWF/o474A2N4bkTX0m8fnbqdXzsmm/BY+8sy5gpJhwOL71THrZsXotTp0aKes5qCR/XrVu19E7LkENrwFbP72Bg4DRkI1apqiN9hfbx48dLFj4ulKqL9cLQUdd1jH7nW5jd+yKsUKgs4yIiypaw29Hwvtux4jN/sPi1uYAx+ZciDBuJiIhqD8NHqpgmuxs3dl+beP6j44/jzaefAgD4fH643a5KDS2hu3F72teGZ47Me97bcjOGZ4/Ma0YBxKonveExho9lFAgE8MorR5beMQ/vv/0aPPGTXxb1nIpqz/h6uW60+tavLct1qlk0GsX0dGzt2enpaYyPj2N8fBwAICO7KfJ+vx/Hjh3D1q1bSzLGdJ2uk8PH5MrH0e98CzPP/awkYyEiKpQVCiXeo7o++4eLpmgnv7+x4zUREVFtYvhIVaOjoy3xeHx8cl746Pf7EQgE0NTUBFUtztp92fDYO7Gt+yM4OvzEotem/GfmPR8Yfz7lNGxNcaHVta5kY6T5AoEAnvv5Afz4X14vyfnb2xtxy67NePW1zGuY5kJRHUU7VyH6+lZXeggV89Of/hQ+X/GqT48fP46Ojg50dHQU7ZypLFynMXkqdbzycXbviyUdAxFRMczufREdv/u5ecGjaZopp1sTERFRbWH4SFWjPSl8HB0dh66HMT4+jqGh+d2Fb7nlFqxcubJs49q17rOI6P6M6ztmPL73s7Ap2VVMUWGi0Sie/8XBogaPqcLu3/gP7y1q+CgrGoQkwzKNNHuU/kbL4bSjo7O15NepVk6ns6jhIwDs378fd955Z9F+YZKuCUy6ysd4+Mip1kRUC6xQCIZhzAseM1U+Jo5jIElERFT1pKV3ISqPzo52tLe3YOeOrbhw4QwOHTq0KHgEgDfeeAPRaLSsY9u98Qu486ovQVNi1ZhT/sGsjtvW/RH0d95RyqFRkmPHz+CHP1rcBKQQmzevWbStvb0RN93UX9TrqBWufly7pqui1680l6v4yzz4/X4cOnSo6OcF0gePqQJIIqJaEW+GldwIa+EHsPiXMURERFTdGD5SVYitkXYEt71vJ3p6Mlc1RqNRvPjii2UPIHtbb8b91zyCVte6lE1okmmKC3de9SXsWvfZMo2OTNPEv/7blYpHyzIRDM4iGg3DTFtRmNlVm9JPQ962pSevc6YTjQbTvlaOio61Pd0lv0Y127BhA0IlqBAcHBxMrBlZiKVutBeGjsmPiYhqRar3sOTQMR2GkURERNWN4SNV3ODg/9/efcfHcdf5H3/NzFaterdkW7bl3uTuOHYU4yQEJ04jCSGQg8DBcbk7+N0BCUkIIRztfuS44zgCFw740dNMOVI4hzQ7dopL7MS9SbZVrd5Wqy0z8/tjtetdaXe16pL9eT4e69md+c53vmNZY81b3/l+K9m2bRuNjY1J79PW1jYuAWSao4Abl3yHNHv8cdxm5Kzj9mU/ZGbO5WPYMqHrOqdPX5gpXVFUHI40wMTrdeP1dqPrfiC5G5Tbbl3PVx/+SNztS5aM3GzGAb8nwSPXY6O0tH8Pz0tJVlYWNpttVOrevXv3qNQbEutx7MibdyGEmCwir13xhpoQQgghxOQjYz6KcRN6JDHWo9XJCAWQmzZtGtNJaOyWVG5c8iid3vP9ttksLnJdpWPWFnFBrH8DiqJgtTqwWGz4/V58Pg8KCharDU2zoiixf/8yu7SA227dkPB4eXkZZGe5aGl1D7vtiXo9jpXS2Zd2+AiwbNkytm/fTlZW1ojW63a7qaysZObM4QfW8W6+Ez16LYQQk0WiR65jkfEehRBCiMlBwkcxptxuN42NjRw/fpy2trZh1zdeAWSao4A0R8GYHU8k52//ZjP/9eM/91uvKCo2mxPTtBMI+AkEfPj9XiyWYAipqlpU+VOn+wfLffn9/hEJHgGMQOIevGNxYyXhIyxYsACPx8POnTuxWCw4nU5sNhsWy/D/q6ypqRmR8DFS3xvyROOjCSHEZDDQdSxy4hkhhBBCTB4SPopR5ff7aWhoCL9GInDsa7wCSDHxbNy4FEVV+MFjf0TT+j9CqygqVqsdq9WOrvvR9QBerxubzYmmRf/bqalppLg4L+6xzpwZOKCcLFwuJw6HfbybMSGsWLGCFStWUF1dzcmTJ8PXLY/Hg6qq4Ueznc7gBEGR6+IxDGPEZ9LuezMea7uEj0KIySbRtavvdU8CSCGEEGLykPBRjKo333yTurq6UT9OW1sb+/fvZ82aNaN+LDGxXb5uPl97+ASu1DxSUnNR+vRqDNE0a2/gGHuW6YrKuoThY3e3dySam6TRvcHKzEwb1fono6lTpzJ16tSodU1NTXR0dNDd3R0eo7a+vh6v98K/hZaWFgKBQLi3pNPpJDMzk7Vr145Ju6XnoxBiMpNrmBBCCHFxkvBRjKo5c+ZQVVU1Io8tDqSyspLi4mKKixPPli3GTyik8fv94bHoLBYLmhYMCO32ofe+MwyDnp4eXnvtbSyahe6uBro66nG6srE70rE7MwZV37lziSdAUtSRCwQtVkfC7SYGKCqYozN+X2ZW+qjUe7HJzc0lNzd3vJsRUzI9hYQQYqJL1JNbCCGEEJOXhI9iVE2ZMgVd18ckfATYv3+/hI8TiN/vx+124/d2EWg9iNp9Aq37JIq3FrQUTNWJr3dpak701OVY8tbhdDqx2+0JH6P3eDx4PB78fj+qqvL2W+/yzr5jHNh/DFXVUFUN0zTw9XTgcbegqBoOZwaOlCxs9tQB2z7QRB1Ll8wa9N9HPImCUacrG0dKNgHdh9/TjmmM/AzvWVmDC2bFxBV5ky4360KIySjyGibXMSGEEOLiIOGjGHVlZWUcOnRoTALIzs5OOjo6SE+Xnlzjye/301K9D6XpVSztu7B1n8BmJPmY8gnwpS2nO205ZKzCmn85drsdm82Grut4PB6qqup4fcc+3th5gKam+OOIKoqKxWLDYrFhGDre3iDSZk8lJTU3Yein6wP3bJw3t4jjJ2qTO68B2Oyp+LxdUZ/TMouwWHsfC/epKCkafk8Lhj6yAWRmljx2PVklmgE20faRYs8vIHfDFdiyo3uE+lqaaNr5Ot6Gi2dsVCHE6Bvo2iVhpBBCCDE5SfgoRl1ZWRn79u0b1fDR5/Ph8Xiw2WwSPI4zv99Py7EncZx+aMh1aJ370Tr3Q+3P4KjKMc8aurR5HK7J4p1DzVSdqx90naHekFis6LqP9pazoKhYrc5wT8hQ+HfDjeu5++NXD1jnJz5xLQ899HMC+sjdDGkWG2kZRf2CUZvNic8HOLPxe1oxdN+IHTMjXcLHi8FY3pTnbiin6JbbyN1QHrfMvC9B084d1P5hK007d4xZ24QQFxcJHIUQQojJT8JHMSY2b97MU089RUFBAaqqDnp/wzDw+YJhi8fjAaCnpwfDMDBNk7y8PJYsWcLy5ctHtN1i8DqrXhpW8Lj9WBFHarJo6HTS2OGgsTM0IUxt72u4FDTNgqZZMAwdXffS7e4JTumiKCgo2G2Jx2AMmVGSz7o1hTz/wm7sjnRs9tS4E9wMRNUspGdNw+nKjlvmQgCZNaIBZFa2PHZ9MRqtG/Yl3/k38q7clFTZ3A3l5G4op3H7Kxy87/Oj0h4hxMVFwkYhhBDi4iPhoxgTU6ZM4cYbb2Tbtm243e6kekEGAgH8/uDjpcXFxSiKQn5+Pna7nYyMDDIzMykqKsLhSC4oEmND6TyKYk3H9HcMet8fvbyI144VjUKrYlNVDZX+YeFgbnxsNnt4XEkAS29PSovNgabZkhpfEiAjuyTJ4znx+5VgANnTjhHoSbqt8WTJhDMiSeufexF7Xv6g98u7chPrn3uRXVvePwqtEkIIIYQQQkxkEj6KMTNr1izuueceACoqKhKWlVBx8rJ7DmE4C9EHGT6OdfCYSENDy4BlPB5PxIzdwXElTdPAMHR6PK2YbgOzd3ZqzWILB5GKqmGxOlBV7cJ4joNk7d0fIOBV0f3dQ6oHwOGwU1g4MWdwFhPL2id+N6TgMcSel8/aJ37H23feOoKtEkIIIYQQQkx0Ej6KcTFr1sjNFCwmFkNLRXEWobjPYerJ9crbU5E/YYJHgKam1rjbAoEAO1/fw7b/3dVb9sKEN4qiomnRfSkNQ8c0zeDj3V0ewIyaSVtRNTTNRk7B3EG1UdOs2GyhOiwEvIPvaQpwx53XUTp7+pD2FZeOxd96FNes0mHX45pVyuJvPcqhB+8dgVZNXOkLF+Esnkbbu/sv+kl3tBQX2WvXEejsoHXv7vFuTlKyVq3BkpZOy9tvone7E5adjOcnhBBCCDHRSPgohBhRqj0P9C5U1wz0jmNJ7fOLnYML3sbTq6+8xXcf/XnS5dXIMSD7POFtGDoApqkT8HsG3RNS06zY7So+FBTVgt8zcI/NSPMXzOLOj1w/qH3EpSd3Qzn5V13Tb7274jTHH/020++8i9zyjVHbmna8xrknfs28ex/oF1rmX3UNuRvKBz0JTfGtH6LoxptR+gzb0XHoIMe+/fVB1TXaim65jcIPXM/Zn/+Uyp8+Pt7NGVXpCxcx9wv34e9oZ/dHbo/aNuWGmym+5Vaadu7gzM/+O6n6hrLPYM24+69JW7CI49/5Jue3/Zm5X7yf1DlzOfuLn9H8xs6osonOTwghhBBCJGfwM38IIUQCtuLNAKgpxajOwgHLH6nJiphUZmLz+Xy88vJbI1ZfaAZuTbOgB7xDrsNmTwk+1p2Sg6Ikf1n/6F/dMKRjiktL0S239VvnrjjNoQfvo+2dvRz+yv20vbM3vC1y3aEH78NdcTqpOgdiz8nFNbMUZ1Fx1MuWk9ywAat/+QTrn3uRrFVrBn3sIVEUFG1oE1BNRrEm20qdPYe0BYtIX7go6XqGss9QKKoSbnP6oiWkL1hEaunsBOUvna+lEEIIIcRIk56PQogRZclZhd6+Cb3hFbSMRSi2HIzuakx/e8zyJbmd4ceQVVWB4LzT46unnqbK17HllGG327Hb7Xg8Hh79zk/Z/05yvTkHK+Dvxu7MHNK+qqphd7jw+TyQkk2gp2PAmbBv+eDVrF69ZEjHE5cOx5QicjeU91t//NFv464Mhop6Tw+Hvvwlyr73GACHvvwl9J7gkAvuymDvyBU/+knU/rkbynFMKaKnbnAz2Jt6gKonfkPFj3846HNRbfZB7yOG5+S/P8rJf3901PcZrr2f+OiYHk8IIYQQ4lIj4aMQYsTZZ92F356Nr+Z5VGchqrMQ0/Bj+tsx/R3Bl68VTAOXPcA/vv9dnnp7GueaUsJ1qGqoB5+C0vteVVRAidg2OqpqO7G+exeGlkpn2kpqLMv4zTYfb7x1atSOqQcSh4UDURQVmy0Fn09BcWTi93bEnQl70eLZfOaeDw/reOLSECt4BJh+5110HjkUDhl9Lc3hcRx9Lc1RZafedkfcuqufeXLE2jr/y18lb+Mm3JUVpC9cjGqx0LL7LQ7e/0VW/exXuGYGxxpe/tiPad3zNu/d93kWPPQIueUbUa1WAl1dVD3xayp/8l/Mf+BhcjeU0/zmTvLedzVGTw/H/uUbFG6+PmZ5gPkPfIXC67agWm3oPZ647Vz+g8dJmTkLRdOwZWVjeL2c+80vqXj8MUr+6m6Kb7sDe14+iqZheL1U/+5pTv3Hd8m5fANz/vGLpEwvAUUh4HZz7tc/p/HVl1nw0COkL1oCioLh81L3/LOkzVuALSuLQw/ei5biYuEj30BLcXHy3/4vdc/9idW/fAJLahoH7/s8RTfdwpQbbkJzpmDqOs1v7uLwVx4gbe48Fjz8z3hqarCkOElftIS6F56j4aVt4bYYfh8oKoGurn7nuvbJ35MyvYS65//EsW9+jZmf+lum3XkXltRUME08NdUc++bXaI3oOdt3n3hf16qnnmD+g1/B19jIO3/3afRuN7P+5u+Y9pG7qP/z8zinTid90WIsKcH/V9yVFRz95tfoOPReVBsLN29h3n0PYPj9nPrP71H37B+j/q4TnZ8QQgghhEiO9sgjjzwy3o0QQlx8tPQ5WLJXYPi7MXrOoyigWFJQbVnBQNI1A8Weg2JxMT23h81LzrFx4Xmm5Xpw2nScVp3GDhumaWIaBqYRnEnaMALouh/DCIQ/m5gYpoFhGoAS3Mc0AVCUwfek9Osqt6+pYPvRXH79koNnXmzj9Nm2gXccBtM0sDnSh/Von6IoWCzW4HvViqKoGIY/qozTaednv/j2sNoqxl/o33fo37ppBicyCr10XQ+/up/9w5CPk3P5BrJWruq3PqVkBplly2h+cxe6Jxi0BTo6CHRET3y0+FuPxhwvEsBTW9NvfL1EslauJqNsOYoC2WsuI2/jJjKXr6SntgZ/ezu55RvJXLoMTJO65/6EarOROmce3vpaGre/SvrCxZgBP6f/6wc0vvoyeRuvouimW2ja8SoH7/1HMpetIHvtZbgrKzADfnLWX0Hq3Pm0v3eA5jd3YklNi1s+f9PVTL39TrqOHePsL36GLScPe24e7e8eoHXfnqjzmHLdDbhKZ9O2bzfVW58ifcEiXKWzaT90ENVqxZqeQe3//J7mXa8Ht82cRefRI0y7405S586n8vHHqPjRf6J3d9O2dw+FW24kZ305NX/YytF/fphAZycdhw9iy8klbe48Oo8dw56XR8669SiaSk99PZgmUzbfgKemCm99PSUf/yQ95+s5eP8X0FJSyF1/BarVSt2zf6Tg6mvJWrESU9dpen07zW/uZOYnPo2jcApVT/6ajkMHSZ+/gIDbTc3Wp6LOVVFVMpeWYXi9dJ+ppPSez6L3eHj3n/6B1n178DU10fDKS5h+f8x96l94Lu7Xtf3APuy5ebhmleKprsJ9+hTT7vwotuwcqn77K+x5+XSdOEb1009gmgaZy1agYNK0cwdTrrsBe34+zbt20rpvD7bcPNLmzqe7soKOo0dY+PDXkzo/MfJSbrwFTdOwWCxomoamaaiqGl4qihJehv5/77sUQgghxMQjPR+FEKNGdU7BMfdvMLpO46t+AaNtf3iboigotgywZYArONvy1Owuiqe1s9nfjumvxgx0U9/u4Hybg4oGF11eK5WNLrq9Gk2ddpo6e6d7jpg9Wic6bBuqZ3aXsnXP2M7Krge8qJp12PVYrQ5U1YIfBVWzcdnqWezYvofS0mn82388MAItFQIyV6yi7HuPcejBe/FUV/Xbnih4BHAUFAz6mIqqkr6kDHona/I2NtL46st0nzsLgN7tpuLxH1L/5+eY/+Wv4iqdg7NoKnXP/YnZn/0nTMPAffoUrXt3U/KxT4Ch07xrJ56aajqPHyVt7jzSFyzCU1sDpkH7ewc48Ll7AFj2/R/FLZ9RFgzHzv/lf6n5/TOkLVhI2vwFcc/D19xE1ZO/pXXvbjKWLiN3QznpCxZS/cyTNG5/ley169AcDjw11TiKisKT7Kg2G9mXXU7X6VOc/uH3Aci76hoUTSNz6TLa3ztA5X8He2K6ZsxCKd8Ybofu6cYMBLDnF5BSMgMtxYm7soKsVavRHE6admyn/d0D2HPzyF67jsxlKwAwvD3onm4qf/rjYBh57Wac06bjrjjN6R/+J1mr1lB43ZaY5+muOB3uHRtiy8piynVbqH7mSc5v+3NS+8T7unYcPUJG2XIyli6j8+gRXDNL8VRV0fT6dppe3076wkWklMzEfeoUOevWQ4xe896G83jr6zD1AAC5V5QnfX5CCCGEECI5Ej4KIUadmlqKY/5nMdxV6K378LcexvScQ+nTK0+xpqJYU4FiAEwjQHFWO0X+dpbNbcf0nQczELVPV4+F0+dTw+8rGoPvu70alY2u4HufFvVI90AcNn3Mg0eAFKeCYrHi8w0/QNU0C6rDhc/Xw4MPfYYHH/rMCLRQiD56e2CO2eEC/iGP+diXoqrhx5EXPvINAAxfn+EPIn6xkai8oqpgGkN6NFf3dKNYLNiysplyw82U3vMPWDOzMLw9KBYr/vZgr+uq3/4ae24+mStWkbVyNR2HD3L0G49Qs/UpUqZNJ3PFKhZ97VvM/OvPcPJ7/0rniWMEut2kTAv+csff0Y6/rY2U6dPR3cF2dh47SsbSMlCU8Ln629sxvF4saWkXGmmamIFA77lqKKqC4Y09rEM8HUcOU/30E0y/6+MUf/B2ptxwE/UvPDesmcrb9u9jypYbyViylO4zldiys2l+6w20FBeLvv5tci67HCMQANNEcziSqnOo5yeEEEIIIeKT8FEIMWZU1zRU1zSsU2/G9LWgN+1Bbz+E3l0NMSakUVQLij0H7DnhdWagC9PXiuFrw/S1kurwU1Zy4ZHo9fOa4h4/1IuyvsNBQ3vwRtQ0TY7UZOBy6MzIdZNq9+N0qPy/HfNH8MyTE/D3ULZkGucb2mhoaEPXjYF3SkBRVOz2FA4erGTJkpkj1Eohglr37ubwV+7H19ISc/uhB+9N2Pux5/z50WzegEzDQPd0c+K736Hu2T9GbSvc3L+nW6Lyy3/w+JDbYcvKwgz48dTVUnDNtag2G8e++Qh1zz8bHB9yRvB7t/Wdvey5+yNkrVjFjE//LZnLVjDjk5/m8Fce4MDn7sE1cxYzP30PeVe+j5KPf5J3/+mz+FtbcRQUAtBddRZfczPZ69bjKp2Dv70d9+mTZCxeEgyRe3sFak4nisVCoLNzyOcUz7nf/opzv/0Vxbd9iJK77qbg2s10njxOzdanh1Rf8xs78VRX45w2jayVqzECAdre2UvuFeVkLltBy+63OPTlL5F35fuYd5/0+hZCCCGEGC8SPgohxoViy8ZSdC2WomsBMP2d6B1HMTpPYbjPYnjqINC/F5FiSUWxpKKmTAvuF3Bj9gaRhq8VjPgTtxRm9FCY0UPZAG17ZnfpkM9rOFpbWtA0laIp2RTkZ1Jb10JDw/DHmjSM4YWY4tLla4kd5jduf5XDDz+A0ZO4d1iiANJ9+uTgG6QoWDMzo8JBvaeHlrffTG53VUVzOgHoPH6MzOUryV57GQ0v/4XcK8pJX7CIih//KOa+icq7z54hc8UqctZvwNvYQMai3pnk40yOZXG5yCxbjpaSQvqCxfiam4N/H9dcC4qK6nBSdOMt4YlpNKeTGXd/Cn9XBzVbnyZz314yFi9BczqZevuH0ZxOqrc+TfOuHWSvWYvmdKJ3u/HUVJG5bCWmadC963X8rS1oDgcp06bTdfI4HUcOk7ZwEQX6ZrJWrcGeX0DO+iuwpqXTeOpEzLZ3n63E396Oa2Ypee+7mowlS7FmZKC73WgpLvRud8z9UqaXUPzB22na8Rr1LzxP7vpyslauxuJMvld6LO0H3yV1zhwylpbRU1dLw8t/oeDazcG/fpsNW1YWeRs3oTqcaL3HMg0DFAXV3n8G9KGenxBCCCGEiE/CRyHEhKBY07DkrIGcNQAcOXyCIwffo/bsKaxmJ7MKfSya5ibbFR12KBYXisUFKcVogBnoDoaR/tbgUh/8o3MbF9T2PnZtYhjmqM+uHYumqUybmktOThrV1U10dsafPXcgbrc8PiiGpmnn68z7Uv/1VU/+pl/wuPhbjwKEZ70Oqd76VMzwsWnn64NqS8DdBYpK8a0fovjWD4XXdxw5TOOrL/Urb/h8YJoo1uA4qt3nzpJXvpGl//ofNL76MhWPP0bWipUUXH0tBdd8AEwTd2UFja+9EvP49S88G7d8zdanyCxbHtx29bW4KyvQu92klJTErEux2pjxyU+jWCz4O9o599PHg+fx2iukL1zMvPsexPB56Th8iNS584PjSi5bTubylcy798HgTNF1tdT8fisF115H/lXXUPr3/wcAf2srtX/8PQDtB98je806TEPHXVmBr7kJU9exZmbhPnsGgJqtT5M2Zx6F121h/bPbwDTpOHyQ6qefiNn2jiOHqf/z80z/6MdY8i//SqCri+6zweVS+wAADy9JREFUZ7Hl5pK1ajVNO16LuZ9z2nTyNl3NtA9/FBQF0zBo3f0W1b97Jmb5ePp+XVv37qZw8/VYs7JpePVlAJpe38GULTeTvXoN6373LJ6aajzVVaSWzsaeX0D7wXfJXL6CuV+8H0d+9NijQz0/IYQQQggRn2KaYzxgkxBCJGAYBn/6n5d4+aW3OXnibNS2smXzuP6aBaxbbCHQdRrTUwee2oT1mbon3DMyGEYmF+JtO1jIj/7SvwekoqjBmbv7zEqtKiow/Jk2P/fhbGq759Duz41a39zcQVV105Aexb75psv48B1XDrttYvxEzm4Nwe8T0zTRdT08u7Xf7ycQCOD3+/H5fHi9Xnw+H02f/tiwjr30u98nd0N51Dp3xWkOPXgf7srTQPTkMg0v/yUcQLpmlrL4W9/BNSv6e6lp5w7e+8LnhtWukZK1ag22nBy6ThzHXVkx5PJaiovstesIdHbQunc39vwCAl1d/XrKhR6lPvatf0bRNFr37Y0q45o5i9TZc+k6dQJ3ZUVUPa6Zs0idO49AVxfNuy6Et/b8AjLLlmMEArS8/eaQeueF6vY1N9O6d/eA5dMXLsJZPI22d/fjbThPyvSS8MQ/iWStWoM9L5/us5V0HDk86HYORs76KwBo3vU6WooLS2oq3obkHvcf6vmJ4cn9719is9mw2+3YbDasVisWiwWr1Ro183Vo1muQ2a6FEEKIyUDCRyHEhPLittf5wfd/G3fSlaKiPO69/1MsWBAMMwxPLUbHCQKdpzC6KqCnPmH9pu7tDSJDYWR33LL17Q7+Z28xh2vSBzVhzXD88fO7AOgKZFHbPZsazxxqPXNwBzLQdYMzZ8/T1ja4YOHmm9by4Ts2jkZzxRgZz/Axd0M5S7/7/X7r3RWnOf7ot5l62x39ejY2vPwXqrc+xbx7H+gXPAK894XP0bRzx7DaNVmFwscjjzyUVMgnxKVEwkchhBDi4iSPXQshJpRdO99JONtzbW0jr778Zjh8VJ1FqM4iLAXBcC3Q8g6BlgMYnSfA29Bvf0WzozgLwRmchME0fBeCSF8rZuBCsFeY0cNnrjod/lzXFpyoprPHQmXvrNoAlY0uur3RPSGHIsWuh9+nWlqZm76Huel7AGjz5VPrmcPsjDkcOJdPZVV30r0gfT4/7e29E/qYenDGcDOAEfCjBzyYRgDF1DENP4pigBEAdDACKIqBLXcNTqcTi0X+y7gUNe3cQeP2V8i7clPUetesUlb86Ccx98m/6pq4E800bn/lkg0eQwyvV8YOFEIIIYQQlwzp+SiEmDBaW9r42F334/cHEpYrKZnC4z/5+oD16W3vEWg5QKD9OIq3Lqk2mIa/TxjZf9KbMaNoKJYUFC0FLK7e9y6wpNDlddDpUTD0AJoKmgqqagaXSnCeC001UVWwaCqaagImCoO/5OtKCn77DNQpW8gsGPtZwMX49nwMWf/ci9jz8odVh7exgV1b3j8i7RFCXHyk56MQQghxcZJuLEKICaOj0z1g8AjQ0NCSVH1a5lK0zKXYAcN9Br3lHfxtR/C1VWCzxt5HUa0ojnxwBEMW0whg+tuDPSID7uDs2gF3sPfgSFPtqLZMlNDLkhq3aJrDR5oj2Yr1gYskoJndaD1HMM6cosNzE+kzNg+rPjE57dryftY+8buYj1Enw11xmrfvvHWEWyWEEEIIIYSY6CR8FEJMGE6Hg6zsdFpbOhKWmzGzOO62UL++yD7dJkDKDNSUGdimfpBv3vcwWepZSotMSgoVpuarpDpj95hQVAuKPQfsOdHHMXz9A0kjAKYf0wgMHE6qtvBM3Yo1PRg2as7E+yRgmgboPcHZvXUPpuGLW1ZRNNAcoFjA8GIa3ui/MEVFUe2g2S8sFQ3V9GE27wAJHy9Zb995a9TkMsmKnIRGCCGEEEIIcWmR8FEI0Y9JMIsyB3hP321cyLAulDUvlO27vc9nMrKZNX82+954J2H7ps+fy5nu0GOoEfsnKbe0jG2/q+WliMPMmaqzYJrB7GKTkkKV4nwNVYlfq6LaUGw2sGXFLRMOIY0AphlAUS2gWEG1oijqIFocqs+H6e8KhouhkFHvCc7gnSBsHDGqDX/uVXi8Znheb0W5MMe3Aigo0euU0PrelxJZts/2GO/F0I3WI4iHHryX3A3lFN1yW79ZsPtq2rmD2j9sveTHeBRCJE8enxZCCCEuPhI+CjGJGb3Bn2GCQTCIi700Y6+PqCNy23gOBLvyirVUHK+ktbk15vaZc2eyeHUZxjAaubp8LWdOVHD84PHwupPVGierg5PG5Bflc/PHbmPNIjvW7pNo3Wew9tRiDTQN6jiKagEsoA0+SDNNHdPfEX7h7wgGjuPJ8NFTcD2+hJ06R+5fTyiEVLkQRqqhZZ9twaUSZ31wqUbUcTEayxv2pp07aNq5A8eUInI3lJMyYyaOggIAes6fp/tMJU07d9BTVztmbRJCXJwkjBRCCCEmPwkfhRgHobAwKjTss84wzXAg2DdcjAwdLzbL1q3ANE1e/MP/cvbkmahti1Yu5tpbr6N0wexhHaOopJjNH9oCisLx945FbcsrzGPz7VtYdtlyfIAvbWHUdlvnkWEFkomYgS6MniZMbxOmv33E6h0pXQu+ja9wy5gdLzIUTy7TTO4bIjKE7BtKhj/3BpmR62KVG2/xbsrHagKGnrpaqp95clSPIYS4dAx07ZIgUgghhJicJHwUYoSYgG7Gepkx14v4ll++kvyiAqoqztFY34CqahROm0JJaQm5hXkjcoy5S+ZTPGMqR/YfprGugUBAJzsvm7mL55FfVBB3P1/awriBpMVzBs3bCKaOYhoo6ICBYhoQ+mwaKBh0dBkYhoFLa0YLNAYDR907Iuc2GtxzHsI79c7xbsaICIX2ib8PB/4m1ZRYLyXm+rG6XVYURWZ+FUJMapHXMLmOCSGEEBcHCR+FSEIgRngYiBEqXow9EcdL8YypFM+YOqrHcKWlsrp87bDriRVIxrP/jT2888Zezp06R2N9EzZ7EfOXbmTZmiWs23QZmEZveBkMKkGH3vfBdcFAM1Rm92u7eO25l1AVM9gjTzV735sR72HFujLWXLmmNwjVe+vtc6ze9eEyoeOi0zPjU8P+e7rYxP5FQv+LgBojjLT0CSktvcuhineTLjfuQojJJN51TK5lQgghxOQm4aMQfegmeA3wGeAzzN7leLdKXAzefXsfzz3xLHVVdeF1Pq+f9/Yc5uC+I7i7/Vx10weA5EdOrOk4zqnzGQOW00qms6zg+qE0WwyT0fuLCX/U2v5fYZsaeinYe98PNpAM3aRHvoQQYrKQa5gQQghxcZLwUVzy/EYobDTDoaM8Fi1GWktDE68++3JU8BjJNEzefOVNZi+cR8mcmUnXm5qellS59Mz0pOsU4+PCLzqCFyBNIRxC2pTg0hKaLVxRMHunek/UU0hu3IUQk0mia1fkOrm2CSGEEJOLOt4NEGK8tflNGrwmbX7w6BI8itFx9tQZThw6mbBM7dlajhw4NKh6i2dMx5HiSFjGZrdSunDOoOoV4083oVuHNj+c95p0BKIvTn1v0GP1GJIbdCHEZDLQdUyua0IIIcTkJOGjuOTZhzPQmhBJaqitT6rc+arkyoXMXTKPDe8vT1hm1RVrWLpm2aDqFROPXY1/0x3rZl1VVVRV/psXQkweoetWsr9IkSBSCCGEmBzksWtxyUvVwO5U+o3xKD0gxUjStOQut8oQwqKrb3o/AK88+xKGfmGAUqvNyprytZRf975B1ynGl0UBa8QYkNbex65j6XvzHQoeQ0shhJgsIq9dsa5tQgghhJicJHwUlzxVAXvv2GoQ/MHWMHvHXzPB3xtI+o3grNdCDEVRSXIzd5fMnjHoutOzMvjg3bezdPUyjh88SmtTK2kZacyYO5OytcsHXZ8YW5beYNEaChp7x3hUo+6zL4zxGEvf3o7S81EIMRnFuoYl86i1BJNCCCHExCbhoxAxqAo4NAiOpBf8gdYk2Buy/8uMuV6ISFNnTads7TLefftA3DKz5s1iXtmCIR9j9qI5zF4kYztOBArB64jW76XEWBe6ygyi/t4JZ+KNjxa6adc0bTROTwghRoWmaQkfvQ6FjBI2CiGEEJOLhI9CJEkh2EPJ0u/n3f4/AOtmsPdkOIwk9PlCUBm5XbLKi196ZjofuP16ujq6OH30VL/trjQXV15/FVOmFY1D60QyVKIDRTUiUAy/J3r7SIqc4Tryc6Lg0TRNFIcDs6dnZBsjhBAjTHE40DQtYQAJsYeaEEIIIcTEJuGjEKMgFD5Y+23p/wOySTCIDC0NEwzA7F1e+GyGP4f3iSgTWY+YmEpmz+CWu2/jvbff5eTh49RX15HiSmHRiiUsv3wF85YOvdejiC3UA1EFlMhln3WqosQsq/aWDW2baLe4kYFkKHg0DCMqfEy/chPt214Y55YKIURi6VduigofY439KEGjEEIIMTkpZqJBpIQQk07fIDIUZPYNOU0uBJpmgrJmjHVCjJTIUE8JhXwR7yMDwwvblKj91Bhl1Yi6Lyah/7JDS8Mwgt/HhhF+6boe9QoEAtQ//hgd21+RHpBCiAlHcThIv3IThZ/5eywWSziA7NsLsu9EWvIIthBCCDF5SPgohBiUUBgZfs+FcDJ0MRnwc586gmXM6O0R+9JnX8w+nyOWsbb1e9/nqtf3IhjzojiKwasS/iPG+kSfldjblMilEmNdxLZ+62OtI+Imr0+56DIR72PUFbVPn/1FcvqGj6Zp9gsf44WQoVdoW2RwGaonsk4hhBiOvo9KR/ZkDPXODi1jvSJDx1iTz0j4KIQQQkwe8ti1EGJQIkOmqJUjUrMQIpHIcR77jv/Yd2brvttDZXRdR1XVfsFjZPm+4aOEkUKIgSQai7HvuLSxAsjIZazQMVbdEjwKIYQQk4OEj0IIIcQkFXnjHTn5TKzHEhVFCY8HGSt4TBQ+CiHEYMULH/sGkJGvWJPN9N1fCCGEEJOPhI9CCCHEJBTZCxKImmwmtIwsG1ofr8dj36UQQgxXrEekYwWQfYPIWNult6MQQggxeUn4KIQQQkwifR+5jhQZPMabBTsUPgISPgohRlW88BGIChUTvR+obiGEEEJMfDLhjBBCCDEJxZt8BgiHi7EerU40uUy8HwnkRwUhxEDihYGxHr+OfB/rkWwgavgImWRGCCGEmNz+P8Xtzo7g0pawAAAAAElFTkSuQmCC
----[INFO]----Unable to locate elementPatient Module
----[FAIL]----Element 'Patient Module is not present
----[FAIL]----Element 'Patient Module is not present
data:image/png;base64,iVBORw0KGgoAAAANSUhEUgAABR8AAAJmCAYAAADVS/dbAAAAAXNSR0IArs4c6QAAIABJREFUeJzs3Xl4lOW9//EPkH0SlgATkCVkoUQYIkohGCuWoKCnINLaH6Di8YALVY+gBa1iqhb3pbgcW2Q7FlCwrUWFUwVMUNRAWATDgEGTDIlEyYBBSIaBrL8/spBlZjJZJjOB9+u6vGqeeZbv8zxjox/u7313qqysrBQAAAAAAAAAtLHO3i4AAAAAAAAAwPmJ8BEAAAAAAACARxA+AgAAAAAAAPAIwkcAAAAAAAAAHkH4CAAAAAAAAMAj/LxdAC48JRWVCujcydtlnBcyzAcabYsw9laE0eiFagDPKbbZlGM5LJvNpmyLRZIUExUlg8Gg6KhBCjUYvFwhAAAAAMARwke0q7RvT2jdoVNKio/QlIFBIoJsnmKbTVtSt2pLSmptAONIqMGg+OEmJSYk6PKE0U0GMwsWPuowyHTkLy//WTFRUW7tu2BhssvPp06epMQxCQ4/W7J8hbIth926zgtPLaq+nvv3IZ0Lr0JDDYo3mRRvGubWvWWYzU3eW4140zC98NST9bZNnDK12ce6ez1JmnP7LMVERTXreTiq0xlPndeRLalbtf6DDS6/75IUYTQqcUyCrkka5/b3EwAAAADgeYSPaBe5P9q17JM8bTYf05iRA/RB3hltt5ZoysAgJRoDvF1eh5C2I10vvfqaim22JvctttmUtiNdaTvSFWow6N2317RZHVtSUhVz+2y39s0wm11+nmOxKH64yWE4mm2xNCtIbIm6gVbajnRJVYHk1Osn65qkcR69dnM19SzrsrnxHfF12RaLXnrltSZDxxoFVqvWf7BB6z/YoFumT9PMGdM9XCEAAAAAwB3M+QiPKq+o1JLUXP32f/Zos/lYvc+OnanQ8m9O6yVzsbJOlXmpwo5hc0qqnnjmWbeCx4ZacowrW1K3ttm5im02rVm7rs3O1xayLRa9+MqrWrAwuc2fHdyTbbHowYXJbgePAAAAAADfRfgIj9mwr0BTX92tlZ9953K/Az+V6emMYq3OtutUaWU7VddxFFiteunV1zx6jea0qdaMqmwr6zds9MmQKcNs1t3zHmhVAGkICXH4bKOjBjV5bHTUoBa1D0dHDZKheiRpTFSUDCEhbX4tT523xkuvuDfCFwAAAADg+zpVVlaS9qBN7c09qWWf5Gn34ZMOPx8zcoCKu3dz+Flgl066YWCQJvYL9GSJHcrjTz+j7ek7nX4ebxqmeJNJBVarCqxWh63Km95f79a1br3jLhVYrU3ud03SOM2fe1+T+2VbLLLZbE3OVxhvMtXO21hXsc2mJctXOBxtaQgJ0arlSx22bLuakzDeNKz2749arbJajzncr0ZMVJT+8vKfHX7mau7HqZMnaU4T7enO5n68PGG0Hn/kYYefubq3d99e4/B5rF67TmvWvePwmMce/oPTeTeb4onzbk5JdRm2R0cN0iUmk6Sq71d2jkW206fr7UPbNQAAAAD4DuZ8RJs5VlSipZ/k6f0vj7b4HGfLK/WOxa40a4luGBikS3v6t2GFHdN+J0GTISRELzz9ZKORZc1ddKVGtsXiVvAoyWUYWpe7o94yzGZtTknVhPFJ9baHGgxOV+6OiY5q0QrHDRc/qZ0rcMNGh/tnWywOa2uKoRWrL7d0wZSWPI/QUM+sEt3S87qa2/L39/13o/fgKgAFAAAAAHgfbddoE3/7/Iimvrq7VcFjXd/ZyvXa1zb9JdOm/NPlbXLOjijDbHbafho/3NSmq/puSUlttM0QEuJw4ZW2br2WpDdWrPRKq22E0ag5t8/WnNmznO5DuNV+nAXghpCQZgfAAAAAAADvY+QjWuXjg8e17JM8WY6dbnrnFth9vFS7j5fqP/oHasrAIPl37uSR63REzlY0rhtIxle3p7ojzcFoxvjhJiUmJDhse96cmtridl1Him02rf9gg9faZadeP1lp6ekOR41WtbObm/U80TLORu02bK2uEWE0Kt40TBFGY+0o2UuG854AAAAAwFcQPqJFMn8o1rJP8vTZN4Xtcr1/HzmrNGupbhgYpLF9Atrlmr4uw3zAYTtwU/MMOuKs5ToxIcFpwLg9faeKbbYWtfo6s2bdO5owPslpq7WnXZOU5DT8+mo/4WN7MBp7O52H86VXX9Pv7/vvetsmjE9iRCQAAAAA+DDartEsxWfK9OdNObp16b52Cx5r/FRSoTezTuvZ/cXKPFnWrtf2lqbmDXzp1de0YGGy23MwOuOo5VpSbfB4ecJoh5+3deu1JL34imdX9nbF1Yg5V3MRou30cRE8b05J1a133KUtqVtZDRsAAAAAOghGPsJtf9/5vZZ9kqeTdu8Gf9+cLNPz+4v1i4gA3TAwSOGB52+GHhMV5XIkmFQVimWYzQo1GJQ4JkHXJI1r9gg9hy3XpmG1oxovMZkcBpxp6emtGnUWHTVIOZbD9bZlmM1K25Hepi3d7mrLEZcZ5gPMFdkCiQkJLhdMKrBa9eIrr1btOyZBiQkJDuclBQAAAAD4BsJHNCnt2xNa+mmeDuYXebuUej4vKNF2a4mmDAzSpAFB3i7HY349ebKWrFjZ5H7FNps2p6Rqc0pq1SIqs2e5FeC5armu/fsxCQ5raG3r9czp0/XXFSsahatLVqxU/HBTm7Z0uyveNMxh+NUwJG1KTSiM5rlmfJJWr13ndI7HutJ2pCttR7qWLF+hqddP1g2TJ3nlOwMAAAAAcO78HTKGVsv90a5H3z2keW8f8LngsUZ5pfSv3DNa+GWRdh0v9XY5HjH1+snNHtlVYLXqiWee1RPPPNtke2rGfscBWd3gMsJoVHTUIIf7OWvZdkdoqEG/m914jsoCq1XrP9jQ4vN6Am2+7SPUYND8ufc165him02r167TgwuTlW2xeKgyAAAAAEBLED6ikfKKSi1JzdVv/2ePNpudt/v6kh9Ol+uvmTa9ctCm3OJyb5fT5ubPvU9TJ09q9nFpO9L1xNPPutzH0UrWRmPvRi3Ilzhp5XZ0fHMkjklQvGlYo+1r1r3jcESmtziqEZ6ROCZBLzy1SEZj72Ydl22x6MGFyQTFAAAAAOBDCB9Rz4Z9BZr66m6t/Ow7b5fSIl8VluqJfUVam2OXvazS2+W0qTm3z9YLTy1qdghWM4eiIwVWq8ORYlckNG7XdtbC7axtuzmcjXTz5uIz8K54k0l/fXmxbpk+rVkhZLHNpjVr13mwMgAAAABAczDnIyRJe3NPatknedp9+KS3S2kTW74/q+3HquaDHN830NvltJl4k0kvPPWkCqzWqvnu0tNdLs5RIy3d8QIuzkLJDPMBLViY7HZdaTvSNfX6yW7v31CE0ahbpk9rtECLN+ZMdOd5uuOapHFNLsbTnGd8IQo1GDRzxnTNnDFd2RaLtqSk6iuzucn5N7ekbtWc2xu38wMAAAAA2h/h4wXOeqpEyz7N0/tfHvV2KW2uuLRSb2XbaxelGd7D39sltZkIo1FTr5+sqddPVrHNpvUfbHC5srKzQM1Zy3Rz583bkrq1VeGjVDW35ebU1EaLz7RnAOlqBGeig9GgrkQYjc1edRzOxURFKaY6UMwwm/XX5SuchpDFNpuyLRbFREW1Z4kAAAAAAAdou76A/e3zI/r1a7vPy+Cxrpyici0+YNPSQ6dVYK/wdjltrmZ02JzZs5zu4yhUc9Zy3RLZFkurzxVqcLz4THtyNhJUkuKHEyT6ipoRwK7asW3M+wgAAAAAPoGRjxegjw8e17JP8mQ5dtrbpbSrHcdKtONYia4fGKQpA4PUydsFuWFzSqq2pG6tN/rvlunTNHPG9Eb7XjM+SUtWrHT73K6CtpbYkpJaOzKtpWoWn2mr1ufmWr9ho8PthpCQC24U3cQpUyVVjeCMMBoVEzWoTVqZXZ0322LRkuUrlWOx1C4aE28apheeerLReUINBvUxGhuNlAUAAAAA+BbCxwtI5g/FWvZJnj77ptDbpXjVB3lnaluxE40B3i7HpQKr1e22Y1ctw44WqXHWcu1qrsLiYpueeMbx6tlp6TvbJJyaP/c+3XrHXa0+T3O99OprTp9ha1vKO7ICq7X6ubTtAk6Ozmuz2ZrVZl/gIniMvsDCYgAAAADwVYSPF4DiM2Va+mme1u343tul+IxjZyq0/JvTtSFkbNeO/Y9Csc2ml1ysDN1w1J6rluup1092OcovOmqQw7n2as7Z2hGCzhaf8ZQCq1VLVqx0OhLUEBJyQYePbam4DVuhXYXFRmNvhRoMbXYtAAAAAEDLdezEBU36+87vteyTPJ20l3m7FJ904KcyHfipWOP6BmrKwCB19ff9Zuw1695RhvmALqmegzDbYlHGfrPLYKfhStfOgj2jsXeT4WFiQoLThT7aovVacr74jLtcjYiru8K0rXphElfm3D7baZBVXNzyMK2lc2TabM2fLsHV/IdVbf3129xdjaJtj/PWlWE+oLvnPaD44SaFGgwqsFr11X6zy3NNSHK9yjgAAAAAoP10qqysbNteOviEtG9PaOmneTqYX+TtUhoZM3KAirt383YZjQR16aQpA4M0sV+gt0uptXrtulaPALw8YbQef+RhSdL6Dza4NS/knNmzGo32czT/pDO3TJ+mCeOTtCV1q77ab3Z6TExUlCIijJo6eVKjlaHTdqQ7bfGWHM8FuGBhcr35AlvL2fyajuYmdCQmKko3TJ5Ur4295lh3nmPdd7dgYXKdVmXnQg0Gvfv2GknSkuUrlGE+0CYLC9V93p46b4bZXC8cbglDSIhWLV/KyEcAAAAA8BGMfDzP5P5o17JP8rTZzCIMzXWmvFLvWOy1rdiX9vT3dkmtFh01SPPn3lf7s7uhnKP9mjP/ZM3+q9euc7lPzSrZ0YMGNQofW7L4THPqc8UQEqI5t892Ovelu3MTZlssjcLC5sxrWHdkobvH1H13bbEKuSOeOm9rGUJC9MLTTxI8AgAAAIAPIXw8T5RXVGrZJ3la+dl33i6lw8uzleu1r236eS9/TRkYpH4hXbxdUotcnjBa8+fe16GDmPlz79Pv5t4v22n3Wo2Nxt6tXv34mqRxmjljuiKMxladB+2rJmi/0FYlBwAAAABfR/h4Htiwr0DLPsnT0ZNnvV3KeWX38VLtPl6q/+gfqCkDg+Xfuf1rmDljuhLHJGhLSqq+MpudzrVYwxASosQxCZowPqnRSEKpajGXuitfH7VaWx3WeVKE0aip1092u/W8j9HY7PuJNw2TwWDQJSaTEsckEDp6UbzJpFXL3lDajnSlpae7Ner18oTRSkxIcDpKFQAAAADgXcz52IHtzT2pZZ/kaffhk94upVl8dc5HV3oEdNaUgUEa2yfA26Uo22KpbcfNzrEoJrpqpFeE0ehTwVmxzaYcN1tzfa12+I6681zW/b4bDAZGOQIAAABAB0D42AFZT5Vo2ad5ev/Lo94upUU6YvhYY0g3P00ZGKS4bgwaBgAAAAAAaArhYwfzt8+PaNmneSopq/B2KS3WkcPHGldGBGjKwCCFB3qhFxsAAAAAAKCDYPhWB/HxgeNa9mmeLMfcW3gDnvVZQYnSrCW6YWCQfjUgyNvlAAAAAAAA+CTCRx+X+UOxln2Sp8++KfR2KWigvFJ6N/eM0o6V6oaBQRrVy9/bJQEAAAAAAPgU2q59VPGZMi39NE/rdnzv7VLa3PnQdu3IJeH+umFgkCJDu3i7FAAAAAAAAJ/AhHU+6ujOR3Xixzxvl4Fm+OmMTSlZK7xdBgAAAAAAgM8gfPRRF4UUa37If+qFUSky9aU73pd19Zcu75quiNO3ylCxx9vlAAAAAAAA+AxSLR83omSlRhhX6t99ntCbh+J04nSZt0tCHSO75cqv+GmVnzrp1TqKbTblWA7X2xZvGualagAAAAAAAKoQPnYQ/1HxmMZdPEBv2R/ROwe7erucC15c2Cn1KvtflZzcLm9Nmro9fac2p6YqO8eiAqvV4T6hBoPih5sUbzIpMWG0IozGep8vWJjcZvW88NQiSVK2xaIly1e63Hfq5ElKHJPg8LMly1cou0GQ6khM1CDNuX222/u3xAtPLXLrftxVU3ONlj7/S4abFGE0Kt40rNE7BQAAAADAlxA+diDBZd/pdv/fKenn/6HVx2/W557JW+BC3+ByRft9pNKi1SrxUg1pO9K1ZMVKp4FjXcU2m9J2pFcds3yFpk6eVC/8yjCb27w+m83W5HkLrFbFDzcp1GBo9Fm2xaIM8wE3rlTZzP1bxp37cV/9qLql5617XLzJpJkzpineZGpVZQAAAAAAeAJzPnZA0aX/1mPdbtbjI9MV1dPf2+VcEAK7SAndMjTAfrNKi1Z7rY4lK1bqiWeedSt4dCTbYmnjilqmwGrV+g82eLuM80KG2awFC5O1OSXV26UAAAAAANAI4WMHdkXZq1ra///prvh8+XfhVXrKJV2P6rLOD6ry5NNereOlV187rwK79zZsbHGIisZeevU1pe1I93YZAAAAAADUQ9v1eeDGTg9q3KXxWnNqrjZ+E+Ttcs4bMaF29a1cq5JTm1Xu5Vo2p6S6NbLNaOytUIOh0eIzzrz79hrlWCxO5x40GntrQlJSvW0FVqu2pG51es54k0mrlr1R2x7uTLHNpiUrVuqxh/9Qb/sLTz2pDLNZm1NSHV7HaOytv7682GHL9rkahtW2IW9OTZXVeszhfrdMn9bkPblzP3WvVyPbYtH29J1Oa5Safv6GkBDFREfV/txUe/mSFSudzqUJAAAAAIA3ED6eJ3qWZmhu8GyN//l0rfphivbmV3i7pA6rV2ClhgR+qtJTS7w2r2NdxTab3nAR4hmNvTVz+nRNGF8/JFz/wQaX4Z9UvSCNi7kC+xiNmjljeqPtrsJHSYowGuuFZs6k7UhXhtncqIZ4k0lf7Xc8H2Ifo9Fl8ChJM2dMrz1nhtnsNHyse29fudivqfupmnex8XOaOGWqyzqbev4x0VF64akna38uttm0ZPkKp8+/wGpVtsWimKimnz0AAAAAAO2BXt3zjKl0nZ7vNUMPXmqWMYxsublGdftG0WdnqPTUEm+XUmv9BxtUbLM5/Cw6apD++vLiRsGjJLfCP1/w4iuvebsESVWhpq8LNRg0f+59Mhp7O93H5uS7AgAAAACAN5BOnaeuqXhG4wZ301tn/6Q1B3p5uxyfZ+r6o7qd/atKT7b96s+t5WqU4fy59zU5CtATXnhqkQwGQ5uMsCuwWrV67TqHIwfdERMVpaNWq9NRiy3RsN25pdryOdV1icnk9HtRXEz4CAAAAADwHYSP5zG/8pP6T7+5Svr5WK0unK2tObzuhgaGlGhg5/dUcupfKvV2MQ4UWK1OF2W5PGG0y1ArwmjULdOnKcJoVJ+IqlF9hjYKKl21CrfEexs2asL4JEW0YPThnNtna87ts1tdQ9325rbS1s+phqvnFBra/mE0AAAAAADOkEZdAAaUbtMjYdt09cjb9bfvrtE31jJvl+R1Yf6SKSRd5ScX+8S8js64Wr04McH1wiIRTuZr9EXFNptWr12n+XPv83YpHUKG2fkI3WjmewQAAAAA+BDCxwvI6LLlGt13ud7vu0grvx6s0yXeXsPZOy7rlquA4qdVfvKkt0tpkrO5HiXVjmb0pALrMa1Z947LfRyt9NwUo7F3ozbpLalbNWF8UpuPFow3mZpcJbq1MswHmnxO1ySNa9HIzoYKrFan93NN0jivtOEDAAAAAOAM4eMFaIqS9UtTlN6yPaT1h8K8XU67iQsrUq+ylSo5uV0dZS3wbIvF6Weeaumtq2Y+RldumT6t2bXMnD5dS5avkO306Xrblyxfqb+8/Odm1+ltGWazy9GIUlVI29rwMdti0UtOFugxhIR0mJGuAAAAAIALB+HjBapbuUV3B83R+JGTtco6XTu/83ZFntM3uFzRfh+ptGi1T7dYO3K+rlzcJ8KoqddPbjRaMNti0foPNmjq9ZO9VJlvybEc1oKFyZJct1objb31+CMPt8nISgAAAAAA2lJnbxcA7xpStkFPhd+shSN2q1/38yuLDuwiJXTL0AD7zSotWu3tctDAzBnTZTT2brR9zbp3XLabX0iKbTaXoyqNxt66Zfo0/fXlxW2+ojYAAAAAAG2B8BGSpF9WLtabkdP1X8O+93YpbeKSrkd1WeeHVHnyaW+X4jHnQ0C3wMECM8U2m5YsX+GFajqe07bT6tSpE/M8AgAAAAB81vk11A2tVKmb/BYo6bKRWnPybm3KDvJ2Qc0WE2pX38p1Kjm1Sef7cjo5FovH532MNw3TC0896cHzm3R5wmhtT99Zb/uW1K3tMqdlW7ll+jSvzLdYs0p4cXGx5tw+u92vDwAAAABAUxj5iEb6lO/R/NDZev6yf2tYn47xFekZWKkrun6insX/pRLbJm+X02ZcBXDZOc4Xo+lIfnf7bBlCQhptb2oBlwtBTVv1LdOnaerkSQ6fkySt37BRBVZrO1cHAAAAAEDTOkayBK+4tPwtvRwxQ/PiD6p7cBdvl+PUqG7fKObsDJWeWuLtUtqcq3n80hqMFnRkS+pWZZgP1P7lavVsb4kwGllgxok+RqNmzpiumTOma87ts/X4woed7tvUquQAAAAAAHgDbddo0q86PaVxQ3rprTOP6e+Z4d4up5apa6G6nf2LSk+evyPkYqKdh481C5G4Gh354iuvNtq26f31ra6rwGpVgfWYJCk6alCr5xycOWO6Nqemylp9zvNFWz+neJNJ8aZhyjAfaPTZltStmnr9ZBaeAQAAAAD4FEY+wi0hlcd1R+B/643LVuiKSO/OpjgwpES/CP27Qk7drdKz52/wKFWNCow3DXP6+ZLlK72y8MzmlFQtWPioFix8VL+56RZNnDK11SPvHC0+09E5ek6tbSd3NbfkkuUrW3VuAAAAAADaGuEjmiW6PFWPd79Vj434TIPC27cVO8xfurxbuvqcvlUlxf9q12t70zVJSU4/y7ZYdPe8BxwGWh1tNeyaxWfgWs3oR0dqRsMCAAAAAOAraLtGi/yicol+MWCJ/nHRU1r5dZTKyis9er3LuuUpoPgplZ886dHr+KIJ45O0fsMG5VgOO/y8wGrVgoXJijAaFWE0qk+EUUcLrG4vQOIqpLTZTjdq8bXZbI1Wp24rv7t9tjL2m2U7fbrNztkeC7FYjx1r9JwKrFZtSd3qketNnTzZYeu1JK1e+45eeKrjrBQOAAAAADi/ET6iVX7bZaHGxf9Ma4p/r//7NrTNzx8XVqReZf+rkpNpqmjzs3ccjz/ysH43936XoVzV/IJWZbg58K3AatWade/oq/3OD8i2WLRg4aPNqrUmdEvbke50nyXLV8pgMGjmjGn15qysWXxmzbp3mnXNhtJ2pGv9ho2SXK+aPXHKVEUYjUpMGK05t892uI87z2lzSqo2p6Q2u84nnnlWBQXOw9Ecy2EtWJisObfPqp3LcfXadS7D3wyzWXfPe0AGg0EvPLWo2TUBAAAAANCWCB/Rar0qvtG8kLs0/tKpWlVwo/Z93/pz9g0uV7TfJpUWrVJJ60/X4UUYjXrh6Se14JFH22xUYIHV2qLAzJ3zNjX/Y82q21/tH9ZowZyZM6YrLT3d6UhPd2RbLG63HxdYrS5XAffUc5LkMqCVqkalZpjNstUZnZphNje5arkvrmoOAAAAALgwET6izQyvWK8Xeq/X5t6/15vZo3SsuPkL0wR2lkaEZajy5NMq9UCNHVlMVJReePpJvfjKq60K5jqC390+WwsWJnu7DAAAfEZRUZHsdrsqKz071Q0AAB1Vp06dFBwcrLCwMG+XggYIH9HmJugl/TI6QG+XPqO3vu7j9nGXdDsqw+nFKjuZ68HqOraYqCj99eXF1W3FG5zO+9eQ0dhbVyQkaOr1k2u3RRiNniqz1eJNJl2TNM5jcyYCANCRFBUVqbKyUr169VLnzqwXCQCAIxUVFSouLlZRUREBpI/pVMkfn/qk07vvVemRDd4uo9XyOiVozU93aevhwNptY0YOUHH3brU/x4Ta1bdynUpsm7xRYpvqERKpaZe90W7XK7bZlLH/XBuuzWbTUau1dn7AmKgoxURHtWvQWGyzKcfNtt+aRXIAAIBzVquV4BEAADdUVFTo+PHjMvLfmT6FkY/wqIGV6XqkW7rGj/hP/S3/Wn177NyyMT0DKzUk8FOVnVrCvI4tFGowKHFMghLHJHi7lFqhBkOjeRwBAEDLVVZWEjwCAOCGzp07M0WJDyJ8RLtIqPybEi76m9ZH/FFfVl6kUd2+UaeTf1TZWW9XBgAAAAAAAE/hj1DRrv7foP2aO+KsLgnd5+1SAAAAAAAA4GGMfES76BI+UkFx8+RnHKsYSTG6WD8zjtfu3NU6XLjD2+UBAAAAAADAAwgf4VGdAnspKO5+BUTd0uizXoYYXTv0ceUc/0y78tboxGlWuQYAAAAAADifED7CYwJj71Rg3Dx18jO43C+615WK7nWl9h55R7vz1qi8orSdKgQAAAAAAIAnET6izfn3najAuPvVpdvFzTru0v7Tqlux1+jrgo88VB0AAAAAAADaC+Ej2kyXrnEKjLtf/hdd2+JzGAJ66arB8zTYmKTdeWv0/cmMNqwQAAAAAAAA7YnwEa3WqUuwAuPuV+Dgu9rsnBd1i9f1w59XZsEm7cpbLdvZ42127o5u4pSpbu0XExWlv7z8Z7f2Xb12ndase8ftGja9v96t/bItFi1ZvtLt89aIiY5ShNGoeNMwxURFOd1vc0qqtqRudeuc1ySN04TxSS2qreGxDXninQAAAAAAcD4gfESrBAy6WUEX369Ogb09cv64iIlVoyBz12jvEffDMVSFawVWqyKMRq/VYLPZlGE2N/u4usdEGI2aOWO6rkka12i/AqvV7fPHm4a1uLaGx7aUL7wTAAAAAADaU2dvF4COyc94pULHvqvgEU97LHis0aWTvxIG/ZemXbZUMb2u9Oi1zjdpO9K9XUKrFVitevGVV7VgYbKKbTZvl9Nq58M7AQAAAADAXYSPaJbOREoqAAAgAElEQVTOhoEKHrlYhsQ16hL+83a9do+QgbombqGuHfq4eoXGtuu1O6r1Gza6tZ+7I/EMISFtNgqwuTLMZr306mteuXZbjlR0t00cAAAAAIDzQafKyspKbxeBxk7vvlelRzZ4u4x6AuPmKShunqRO3i5FkpSR/y/tzlujkvLT3i6lVo+QSE277A2PXyfbYtHd8x5wa9+/vPxnl/Mm1pVhNmvBwmSHn02dPElzbp/tdo2SVGyzKcdiUXaORUtWOJ5f0WjsrT7V4d5Rq1VW6zGX53zs4T8ocUxCvWssWb7Caag3Z/YsTb1+stPztdU9e+qdAABQUFCgiIgIb5cBAECHwO9N38Ocj2iS/4CpCoq7X50Nkd4upZ74fr/Wz4zjtStvjQ784FtBradtSUlt1r4xzQwNHTEYDM0+JtRgULzJ5HKfCUlJmjljeu3PBVarHn/6GeVYDjvcf3Nqar3wMdRgcDkyMSa65SFfc+7ZG+/EkQKrVQUNAlyDIYSwEwAAAADgFbRdw6ku4ZfJkLhaISNf9rngsUaQfzddGXOPpl6yWAN6jPR2Oe0mLX1no22XJ4x2e19fFmE06vFHHnb6+XYfvR9feSebU1K1YOGj9f5asnyFx64HAAAAAIArhI9opFNgTwVf8qRCx66Xn3Gst8txS0TYxfrVsKeU9LMH1TWor7fL8aiaFZMbmpCU5DDsKrBalW2xtEdpbSbCaFR01CCnnzu6f2+6EN4JAAAAAAAtQfiIegJj71DYNZ8pIGqmt0tpkZ8Zk3TTz/9XPx94i7dL8RhH7b2GkBAljklQYkKCgyOk9R90vLb0UBctz74WPl4o7wQAAAAAgOZizkdIkvz7TlRg3Dx16TbU26W0iZ8PvKV6PsjV+tbq/lx8HYGjlt344VXzKl4y3PH8ir7aqtxS0T42fyHvBAAAAAAAxwgfL3BdusYpMO5++V90rbdLaXNdg/pq/M8e1M96j9fuvNUqKMr0dkmt5qy9t2Z0XU27csPFWoptNqXtSK+3UIuvyzAfcPqZq1GRDW1J3eryXK0dRXkhvRMAAAAAAJqL8PEC1alLsALj7lfg4Lu8XYrHDegxUgN6jNSBHzZoV94anSk96e2SWixtR7rD7XUDrEtMJocrRaeld5yga/XadU4/c7aIizObm7EKdUs4W+W6Pd7J5pRUWY/VX9naUdBaYD2mNeveabT9lunTWnxtAAAAAADcQfh4AQoYdLOC4u5Xp6De3i6lXQ3rO1mDjVWjIDPy13u7nBZx1KobHTWo3kjAa8Ynaf2GjW4d60uKbTblWA5rS2qqy8BwQlJSO1bVNEdhX3u9ky2pqS5HddYosFodBrqEjwAAAAAATyN8vID49f6FguLuV5eeP/d2KV4T0CVEiVF3Vbdir9Hhwh3eLsltzlZIbhjGxURFyRASItvp0/W2F9ts2pySqgnjfSu8W7PuHYej8hyJNw3zqdGb5+s7AQAAAACgrbDa9QWgc8gABY/8swxXvHVBB4919QqN1bVDH9c1cY+oR8hAb5fjFndarl1tk6rafDuq6KhBeuyRh71dRj0X+jsBAAAAAKApjHw8zwXGzVVQ3P2SOnm7FJ8U02usYnqN1d4j72hX7mpVVJZ5uySntqRudbj9xVdea7TN2SIq29N3qthma9aCLb7gmqRxmnP77BbVPWf2LMVEO18dOzvHoiUrVraorgv5nQAAAAAA4A7Cx/OU/4CpCoqbp86GQd4upUO4tP80De6dpN15a5RZsMnb5TTirL1XkjLM5madK21Heodo8zWEhChxTIImjE9SvMnU4vPEREe16nhnfOGdXJPU+NlkmM2N5oE0Gnv73FyZAAAAAIALA+HjeaZL+GUKipsnP+NV3i6lwwkN7K1fDr5fP6telOb7k/u9XVItZ+29LTpXum+Fj/GmYfUCtEuGm2QwGBQT5Xy0oi/whXfi6JjVa9c1Ch/7GI2aOWN6i+sDAAAAAKClCB/PE50Ceyoo7n4FRM30dikd3kXd4nX98Bf0dcFH2p27RraS494uyWl7b0tsT9+pAqtVEUZjm5xvwcJHZbOdlqG6bTgmOkpzZs9y+/h4k6lDBmO+/E4AAAAAAPAVhI/ngcDYOxQYd786+TFnXFu6OOLa6lWxV2vvkb97rQ5X7b23TJ/m9DhH7bc10naka+r1k9ukPkn16sswm5sVPnZEHeGdAAAAAADgCwgfOzD/vhMUGHe/unQb6u1SzltdOvsrYdAsDTaO1+68Nco5/lm71+Csvddo7O1yxGC2xaK75z3g8LMtqVsJulrB2TuJjhrEOwEAAAAAoA7Cxw6oS9chCoy7X/4XXeftUi4Y4SGRmhC3UIcLt2t37hodt2W327XXb9jocPsVCQkuj3M1Z2K2xdLsNl/rsWONRu3ZbDanI/k6iuJiW7OPcfZOLmliYZu2ficAAAAAAPi6TpWVlZXeLgKNnd59r0qPbKi3rVOXYAXGzVPg4Dleqgo1vsr/l3bnrVZpub3e9h4hkZp22Rttco0FC5NVYLWqwGp1+HlMVJQMBoPm3D6rUai1ZPkKZVsON7nqcqjBoOefWqTsHIu2pG5VjsWiYlvzw7iGNr2/XlJVe/L6DRuVtiPd6X3UvRdJeuGpRW5fZ3NKqrakbnV5n6EGg6Kjoho9p5pjm7rneJNJ1ySN04TxSe36Tlq64I6j+jrCAj4AAOcKCgoUERHh7TIAAOgQ+L3pexj52EEEDLpZQXHz1CmIUVG+4JJ+v9bPjEnanbdGB35wPAqutZoKqWrmHLQ5CM6yLRa3RiQW22yy2WwqsFqbvF5LFFitWv/Bhib3czZ/ojvnb6ruYptNGWZzo+fk7j1nmM2KNw2r/XtX2vKdtFSE0cjoSQAAAACAzyB89HF+vX+hwLh58us5ytuloIFg/+66MuZe/az3eO3KW60jP33p7ZIAAAAAAAB8CuGjDwu+7M8KGPgbb5eBJkR0vViTTE/rG2uKV1fFBgAAAAAA8DXM+eirKsqkzmTDAAAAFzrmrgIAwH383vQ9nb1dAJwgeAQAAAAAAEAHR/gIAAAAAAAAwCMIHwEAAAAAAAB4BOEjAAAAAAAAAI8gfAQAAAAAAADgEYSPAAAAAAAAADyC8BEAAAAAAACARxA+AgAAAAAAAPAIwkcAAAAAAAAAHkH4CAAAAAAAAMAjCB8BAAAAAAAAeAThIwAAAAAAAACPIHwEAAAAAAAA4BGEjwAAAAAAAAA8gvARAAAAAAAAgEcQPgIAAAAAAADwCMJHAAAAAAAAAB5B+AgAAAAAAADAIwgfAQAAAAAAAHgE4SMAAAAAAAAAjyB8BAAAAAAAAOARhI8AAAAAAAAAPILwEQAAAAAAAIBHED4CAAAAAAAA8AjCRwAAAAAAAAAeQfgIAAAAAAAAwCMIHwEAAAAAAAB4BOEjAAAAAAAAAI8gfAQAAAAAAADgEYSPAAAAAAAAADyC8BEAAAAAAACARxA+AgAAAAAAAPAIwkcAAAAAAAAAHkH4CAAAAAAAAMAjCB8BAAAAAAAAeAThIwAAAAAAAACPIHwEAAAAAAAA4BGEjwAAAAAAAAA8gvARAAAAAAAAgEcQPgIAAAAAAADwCMJHAAAAAAAAAB5B+AgAAAAAAADAIwgfAQAAAAAAAHgE4SMAAAAAAAAAjyB8BAAAAAAAAOARhI8AAAAAAAAAPILwEQAAAAAAAIBHED4CAAAAAAAA8AjCRwAAAAAAAAAeQfgIAAAAAAAAwCMIHwEAAAAAAAB4hJ+3CwAAAAAAdGBnflLekUKV1G4IUGjf/upj8GJNF6jiH3J01FZnQ1C4BvbvrgAvnQcAJMJHAAAAADh/2AqU94OtThBYJaBrhAYanaWBpSr+4bv6YZMkGSIU27fpBLHkyMd67vdvKat2S3dd/8fFumdk92aV3hGU/HhEeScaPl0nuhjUp1+EQluZ2DUKAiXJEKGBfQ31w8Dyn/TVO3/Un7bW2Xn4nVr26HUaGNSMC7bVeQCgGuGjL6ook91mV1lRgbKsRQozxqpfrzAFd8A/ZrJ+/KJe/LifZj07Q3ENPzSv0oNrzuiGhXcqMaz11yqz5+vwIauKJIUZ4zSoT7D8PDKxgFmrHlylE9f9QXPHhdf+fGZqsu683NGNlMleZJcCa96hVSkvvqhtMffoiamRkqqf0xexuuexGxTZkpLK7Mq3ZMpqk4LDIxXbP9xD9w4AAABfdiLzfT34pw91osH2PpMe1euzRiq0i4ODygv1+Yo/aPGu0nqbQ8c9pOX/PUY9HB1zQbIpe9NzmvfOEfd2N4zRH15+SOOMrbikoyBQknperUUv3KPRPVtxbgBoJ4SPvuj4p3r9xU2y1t3WOUyxk+/SnVe05jeXl1TkK98qxTkqveKU7HZJrQwfrVtf0csf5qvML1hhXewqOivJL1I3/P4eJXroF3J+/veSwmt/PmVzciPW6vcZf6uev8VUu9luK6q/n+2UGmxxz9EUvfLqJuVX+CnMIBUVlUlhl+rW+TNkCm7JCesr+3aT3viwVJPum9SyYBQAAAA+olR5Hy7SHUv2V/3YZYjuXLxIv+nfurMG9L9aDz1h0LKXlmrnqdZXCTf8uFtffPuTRvesM7q0S3ddMi1Zfwhbqmc/yGn5uavP88fuS/Wn9a04DwBUI3z0YcYJ8zX/aqNUUaS9b7+ote+v1MaoP2jSRd6uzMd8v1ErP8xX+Li5mnddv6ovdYlV5oN2xfjCnwT2ulQ33BSuMmNM25+7JFNr39ikfON4zb13ovr5SWXfb9Lrr6Zo1apIJd+V2NpcV4W5+5V7xNiyYBQAAADtqkfcFD35xAC9/dJSfXFKkvw14qaHdMe4OIXKpoM5353buTxHB3IKNTkyXL+Y+YDyjj+ndy01xzygO8YObzzqscSmo0VSn5512rGDumtgdH8NMKjp8LHcphO2APXo6u96P9tPOqHu6uHuvJHlpTrxo02Gnt0V0KXB9lNSjx5NXK/6mkfLDerTVG3VBo6dolHlO/TuFwVVGwKide2vhuhoyofa5+Q5FJ/4STJ0d78Vu0t3XXLjQ7rT/pyW7qg7+vEnpe/I1IlR9UemhvaN1sUDeihAatR671ipiq02BTR4bqF9oxVzkYPzlJfqxKkS9XDzxRRbC1TaNUI9mmjXLrYe0dFTJZIC1LN//yb3B9CxED52BJ3DdOnYUdqYsU3Zhwqli8KlskKZP9mm/cftCosaq6tG9VNYZ0knc7VtV74ixyYqMkBSiVWZB/NlD4vUpTFVo/SK8vYq63Q/DY8zyk9lKvw2TWl78lUUFqOxY0erX3VaVZZnVqYhTqYeduVnfq38oghdnBCpsIoi5Wfs1K5Mq9RruMb+0qTwut+konztTd+l/ECTBtnL1OTXrKxQWZ+ladcpY+31y6xZSjtUJNMVlyq8pn34RJb25pap39A4Gev+si4sVKEkU99+564UYJRpRJ19SgqVm5WlrEPZsgb006gxiYrtWb33yVztzfdT3NAI2b/9UnvNVvnHJ2psTHidE1Q/J3Op+o30V5mzW/kxS1/uNcsaNqr2nRQdyVWRgmUMa94wxKIjO/Xp59kqCjQqxjRcl8UYG7VSF+1K0V5bsEbfVBU8SpLfRRM1dmiK1h7MVb4Sq9rdq99J5nHJaBqrq0zh1c+qTNbM/ToVcali/fKVuW+vMs/206grLlW/4KrvSub3dklFytq3V6VBNd+bqntN27FL+UVhivnFVRrdv/qLU5Ir8zdhijOFy34kU1/nn1JE3GhFdmvW7QMAAKAlDBGKHXqZrhzqry92lEoqVbF6VM33aDukg4d+qrNzqb7LtapEEQrtYVBpTbbVJVqjx4xUbN/qEK7cprxd7+nN1f/UF7Udx/6KnfBfuvem63Rxj6aKKtWJgx/rzdVv6aOD5wK0HkOv1m+nXKeJo6Kr2sFP5Wjr+2/rzX/u0dGanYKiNW76TbrtupHqE1SqvK3/q2WfHKkOxAJk6B+nwSW79c/Nh1Rc9QA04sZ7dc84g3a9s1RLt9UU3F1XzH5A/33tcPWo+98SZwq088O39bd125R1pub++2vczDt1168a7FtPd4345XW63nZCm74oqLp2z+Ea9x9jlZf1ofbtP7dn8ZE92vDOm3pzW5127f5jNGPmzbpxVH/HrfB1hHaVfjzScNJH6cTOT7Xvx5EaZ2wiLC236ev1S/X2vhO1z61H/ziFn/hUG744UhsuDhx3px6YdZ0u7urgHAV79O7ij5W6I6d6f39dPPUBPfDbMRpYL4cs1dE9/9baf/6j3ruW/NVnxFUa98urNWXskPqhdrlNB99/UskbCyRF6DfPvKQ7h7JaEXA+IXzsKAL8VfsrxW7WqudXydw5UqbBwcp8/xVt2z5R8+8bL2PnfO3f/J6yuo/WrJ/7SVkpWvn2XqnbWIUvnKRIFWrnv9ZqU/gMXRpnlPXj1/Xix6cUOTRWYZZNeuWz7Zr4wFyNN5Ypa8c/tOrLSF1qytXeDLs06AYlJxhlfvtFrToYprj4ftK+t/XsF8M16+EZigtQVQvwy5uU7x+msKC9Sjtpl+SqVdyqTa8+Kz9DmPztRdr72S7d8PA9SlSudm7YpKzg4VX3ISn387Vau/ti3Tkirv4ZBwxSP5llfn+pNvrdoGuHNgzpMrX2jyu11z9Mxr7h0g97tfezvdX3Kem7T7V2VbbCwkpVZPevatvevkvWO57QjYMlyS7zmme1KqNUwd2CtffLIoejAIu2v6E/brbL3yDZbWna9X3VnI75e97TP7bbVdag7doV69ZX9OKHBTLGDVe/kkylrtol6+8aj3rNteRKMimmwaDKuKtnaVZSv6rg0W7Wqj+vUqYhTsP7S3vfflbb4mcpeXqc/FSo/RvXapNto8LsRbIbgqWibUr7xq7kuxOVv2ejPv22SJK/srZt1P7g8YqMMyr8aIpef3mTTvU3KbZrrjb9zyJtnzhfc8cZVZazS/9YtVORl5mU+6VZdkXqhuTRtGwDAAC0l4BwDYgeIO2oapnNO3RIR0ui1ed4pvY1mK4w72COjp4ZroEncvTtj9Ub+w/X0F7ngsevP1isB9/c02AkXamyNi/Vgyf89fqDV2ugs1rKbcr6cLEeWranOhw858TBj7X0iDTg1Xs0wrZNf35isbZaG+x0Jkdb33xSuzLv0eL7L5fth/3aWfcm9u3RF/UOsGnfP5/THf9sWMhP+mLFc5LhJf1hfETVQi1njuij15O1eNtP9XctP6Ktb/5RR8tf0vM3RtdZ1MWgi296Te+Oq1oAJrRvuLSnwWX8B+jKOS9p6JkA9ewfobP739T9T76vvIblHNmhtc/s0dczFyl56hCXAWRx7p7a0Ddg5I2aXP6+3t1XKtn26LMDhbrCGNHEKtSlKszdo5376oSB+xoWLuVtXapH7f56/fdXq0/DE1r36KN676ZUX69/TovK/6TFtw2vqr/cpqz/W6yHVjR+11Kpju77WGsLDBoxcoh6OAo4AZy3WJKiQ7DL/HGaChWumCHhyk/dKLMtVjfOv0e3Tp+l+beOVvD3m7RxX5kU1k+R3aTc3MOSJOuRXCkmVpEnrSookVSRq/zvpciYWKlkrzZ+nK9+v5qne26doVvvvVVjw/K17bMsSX6KG5uo8IpM7T2eqLlPP6/n705U2Pcp2pghjb51vmZNn6FZ992gONtepewqklSmvR9tUn7gaM16IlnJC5/QvKvDXd2YpGCZpj+hp5OT9cRDk9SvIlfbPs+XjLGK6yZlmvdXjzK0KutQkTQ4TrENT9FtrGbdlijj2SxtW/WiHnl0kV5fv1eFtcMT4/Tbx57W84uSNf/uezR//iT1q8iX+UBhvWfcdcQsJT/5hJKTb1Sc7DqcW/3b9fsUbcywq9/kh/XEwmQlPzFDjiJEe9ilmpX8tJ547GFN6i/Zs7NklRQ39Z6qkPNogRr+u5Rjhdr/Vb7U8yrdOmuGZtx6j/6wyHG7fWlF1f/6N/gnOfiiOMVVj0TMT90oc8Vo3frALM2YPkvzfh0n+5cp2lkvQe2niQue1tPJT+iuK8Okw1nKlRQ3NVl3XWWUdJGuvS9ZyXckKrzmPV80SfPuvVUzbr1Ht14RpvxPtilLkl/cWCX2lDL3nVDivKf1/PP3tMmCQgAAAHCXv/oMGaI+1T+VHM7RUVupbD8c0XflDXbN3a+sE/U/6zEkTn2q216LD72n/6kNHg26eMKNuu3GsbVhY8lX27TPWipnig+9p8V1gsfQoVdrxk1TNLruaILSAn3x9tJzwWPPkbr+pps1Y2z0ufPseEvv7jutPkOv1rVDG6yi3WO4rp92o8ZFNbi4caR+M22Krqid09KmXV98qaMlUk14+npN8BgQrXE33qwZE4bUBnlff/6l8hoPOFRo32jFxkarj8HBiMMu/urRP1qxsf3Vw5ahtUvPBY+hQ6/WjJk36tohNceVat8//qHPf3D+/FRu08EdO6pHgho06sqrdO3Y+OoaS7Vrx34VNtVf3cWgAWNu0LioBqMJAyJ08dAh9VawLt7xvj7KcnDTktR3pH4z7UZdG3vuvvN2bNfB6hbz4qz3tLhO8Nhj5HW67bbbdFudZwrgwsTIRx9m/fQNLUqX7EVFKqvwU7/r7tGkiwqV8vdCyThKg2q6eOPiFKOdyrYcli6L1aBIadt3uSrUIB0+UqhI00RFfP+e8nKl0cpWtsKVGBMmZWUqs0KKLMzS3n1VpyoLk+zf5apQsQrv7Cc/Saarz7X0Fh7KVqH8dLpgr/aekaQiySDlfpcvScrMlGSKU1xNGNa5qa9YmPpdVH0j3eJkMm7Uph+tki7V8PgwbftivzIrLpXJlqVMqxT3y0ZrZledZegNmv/keOXvStF7H+9U7va1evabXN15/w2KDZD8Au3KP5il/KJS+QcWyk+Svbxu87RRpoTYqtb1gJB6/2BU3bNRE4dUJ2idHbc1GE2jFRtWdU/h4dK5XpHmClfc4HBt+jRFb/yPXVdNHKvEweEO/2FtGDo2VqjMbwulgNOyZuyVXZKKpGDlKvc7KXFo9W4xozW6ug09OLip9vCsqvfcv1BZ+/ZWbSrrKtnzlfujFNtT8usiyTReEy/i/2IAAAC8IXRAvC7u+qGOnpL0Y6YO/lCogMzM2mAooItUUi7pTKa+zilQn5yaz/w1eHB/GbqoaqXlzR8rq/qYPpPu12OzRqrHT3t0dOs25f0oqbz6L0fKbTq47dzxASPu1OKHr9NA/5/0xQ8fa6e1KuQqO/6lPtpVE3hFa8ZD9+u2IQapZIzCbQ/o9T2lkn5S+p483TZniu4JLVXW79+qPm9/zXjwId021KATg3/Svic/rlrpu8sQ3fnIQ/pNlHQ04oh2vVoVoJYcL5SttOq+U/+9vzZUHfffD+qBsREq2V+sLzYfqg4Mz8pFLNikowe26fOaQNV4nR568E6N7iFpbIzO/v45bT0l6UyGdn5bqGv7Rzg+iS1Hu/ZUzylpGK4r4yLUp3yMRgTs0c4SqeTLbdppvUrX93fVeu2vgWNu1F3+hdpXsxJ60Ejd/9JDura/v0pyP9SiB5dq5xlJOqJ9WSdUMrRBPT3G6o9/uldXGP1VPFI6+OA/q57RT1YV2kqlriU6uLX+u37+wes0MEgqPnhCH20+VP8/j2w5Wrvw93rT0rDWAr378C16t7ru0fe8puQJTY3sBODrSAZ8WNjgqzQpPkwKCFdkVD+FB/tJssrZhIN2e9UkJZFRkVJGvnIrDisvN1gRVw7XwMi12n6kUIXKlz04VjF9JB2v+lWav2+jNpprr6qwuH5yNl6xrLxUUpEyt21Ubk3w5RemyL7hkqy1I/FapdiuIkmRcRcr+LP9ysyWTGezlKtI3TDExVe2c5j6JdygexImKX/z63rl4zRt2jVesZfblfLqi9pkNSouvp+CVagiuf/lr7rn9tXvV3N1T9d/6B+b07RxWZo29hytWffdqLgGuWBQcLCkMp2umpvZgbKq70tRpj79v9zarX7dItWvV0urK6t6z9/v1cb/OzeZTVi3i9Wvyfl+AAAA0C7C+mvoYH9t3VMq6Yi+PnhIOljdu9tzrG4aW6A31x+SZNO+/fvV54fqgEsRiokMrfpXy1PZ2negpiXZoJiIUu378C199uE/9UVti/YQDXa2mEtpgbK/PdfSPHTM8OoRld11ybQ/6fVJpVKX7gr64Z/Kqhm913e4RvStHqEXEKGhQwdIe6rax0/kHtGPpSNVb/yeob8ie1Vt8TcYFFi7fYAGdK+qK7C7UQZVL5xSUqqz5VLxDxna9UP1vgH91UcWpb7ztjb8c1vtSMUeg8+NAG0+m47m5Jwb8TksXoNrWo27R2lE7bupmnezWBEKdXCWE4e267PqOgOGjtTFPf0VoDiNGuqvnftKpZL9+mJfga7t3795AV3fOMVWv7eAiOEaNVjaWf2v9ieOnVBJeYPwsX+cBlQvxBNgCFd4gJRX9UCrnuuZIzqYWfOu/TXiiuGteHYAzjeEjz4s+KI4XTqi4XyJ4QoLl/SDvWoUmySVnFaZpHBj1b5hMbEK107l7+unfHukLo/0U0RmmPLzc5VbkS/FjK1qXe4arjBJkVOSdesIuSW8e7ikMl11xx80sU/DT08pJFhSRQvDuopCnSiSgqOMVSs0x8QppvNOfZ2Zq6ySbMk4tnpkYcPj1GACAT/1G2GS8eN82e12KTNFm74P09h752vSQEkya9WXq9xsga4ZCViksrYIVt0WrMgrb9X8K8tUtPttvfj3ndq0I0lx4+rHwoOiIqX0TJkz7Br98zrJZEWRis6GKSy4+vtSfpXuemiiy9k33Rem8G6SBtyg5FsvbZMzAgAAoI0FRGjokHPBXdbObSqu/rPogMHDNWqkUanrq0b4Hd3zqT4/Vf3v8MbhGmqsCvNKztiqRk5Kkmz6YsVzDeZX7K/rZ/6qaoESR6s7l9hUVNvBa1CPrqG1AUeImHIAACAASURBVFlo3+jq6ZRKdTTnxLn5JINC681/GNqjzorLJaXOR1k2U+mpn87N415ySGtfeq7+Dj3H6q5fxzde7dtd5aWynTo382Gooc4c/l0CFdbdIKkqrCspLam6r4bXKrfp2z3bq0YqSirZ9br+87evN7rUvh37dfTq/vXap5vFP1RhXQ2Sql9WhXvrZNdTckJHawJpGdSnZ6jrMLRLgPoMG6kRoSWSSlT47SHlVS/4Exo5RLFdA6QuBsX0DGTUI3AeYM7HDsdPl42Ik07u0qf7quZZzE/ZpkyFy2Sqjpb6xCg2uEjZn5uVb4zUoAApckCklL9Lu76rnu9RkvrH6uJgyfzJJuXay1RmL1K+eZv2umgX9hscq34qVNrHe1VYUqYyW6Fy03cq0y5JsYobLOngNm06Ypf9+71K2dNUxFcme0mZVFGm/I83aac9XKNGVdfX2aTLTFJRdoq2ZdoVNiTWYXiW/+GzeuSpldq4L1eFRUUqKsrXzn9vk1XBGhRplPz9FawiWX8oksqKlPV/KcqUmgwT7faqeDdscJyMNfdsK1TWx2nKbuKu3GIrVKGt7jDWMyr80a6yijJl7d6p3JNVK4UH9+qqYEl+AY3/RNlvxFiNNkiZ/3xFa7/MV1FRoXL3bdTSpxZp0ZqdsstPFw/uJ/2Ypo++LFRZWZnsP+ZqZ3rmufDaoerRlPVqK1KRvUxSpGIHB1e95zy7ysrsKvrerG37nL/r/M2vaNGLr2vbEae7AAAAoE35q2fsENU0phQf2lO7mvPA6Gj1uShOQ3tWf2g9VPtZQHRcndWLnYVQBsWOvVl/fPlZ3TOqu5N9JHUJUEBtclQi25mzDs7o32Bao/qtziUlJeeOCfBvHNC1VLkct1QH9dcVU+/Ryy/dq3F9m1hFugn+dWo92zA0LT139QD/AMf39VOmvtj5k4MPGtj/qXa5mjeyKeVnVWQ7N8+j03pcKS2pauOXJAVKXZp4dkH9Ne6OR/Xck3/Sc08k646ra0ZaRmjinOTq7Q/ptpEuvl8AOgxGPnZAfpfN0Kzc17Xq7UV68G1JncMUO+WuOguSDFJMjJ92mvMVnPCrqsAuJlaxJ95TVkW4xsfUzF0Yp//P3v3HR1Ue+B7/ZCaZZBImTJgwgYFAQgL5AcEgKBoKbRSkokVRqlVaqq3b/WFve7vtbt22bu9uf3m97XVvb73b7drSpWLFolgqKILEQglGQSJIIJCQQEIgIYEhYzJkJmfm/jGT378hgYDf9+ulZM458zzPec7Jr2+e5zx3PZRH5dq3ePb7b4W2RTtZtDqPORP6uDXGLuKhe47wH3/6PU8d+H2oPWMzuTv1ZrDCrPtXM6diLW/9/Pu8ZbKRvngps3ZvpbzCy+3ObnOGx4xjXPSH7Pz5d9gJEOnk5oe/Eh6dGJJ54xysv93PEazcnNn7eslJtyzl5hOvUfjCs6FyACJtZN7z1+HVqhdx++T3ee3lH/CPL4Nt+lJuv7GRt05U4sVJzycc2oiPA0/DOVqZSqTzdlbf+SH/9vrveeoARDrz+PRCL68VV3KCWb2u4hxjtULdCU61grNHVzqZmmaDPa/x1A9O8aWnHiJzajo2UyGv/c/vc+qRrzPp3a288dKG9hn2tun38tlbexn2aUpn5ddW0vz/XmX/i/+H/QCmSMbNWMrjD90cOrcFD3Hvkf/g1Ref4jsvAkRiy7yblPn0cu5gjYsH6qirB1zgbG/bD3gtvGJ35mceIu/kWt76xfd5K1ync8GXyMt19vpF5XzdKTx1cKq3v4iLiIiIyIiIc01jegzhZ/m1SSI7I4kxNgtpKVHQ0DW0mjJtMuPCgaElJoEJ8UD4/ekrvs1XF+eQNjmuYzRabyP22kTFMS4xCk6EphcfO1JN06eSsHQ7fkxCAu2PTK+r5kwTZMUBho9zNR1/4E6YnITj8vLAjqYl2BkH4WnRSXz6a49z/42ZTGmbQn65IyzNcYxLHEfb6Mbz1XWcMwiN6vSf42RNW9gXxYRkZ6+j+84fe4eittGE5iTSs50dU7ONJk6UHA+Piixlx7tVfCZ12qWNEvRUU17V8XJcUsLQy4lJwNE+ePIcDec/grYJ8sM0WlVErl0KH0cj5+186+nb+znASuaKb/Hju7x4WsAaZyWy27TjOat/TJcJsbY8vvJUXs+SMu/lWz+8G2+Tl9ZIKzZrp1uij3Y4F3yFJ+d78XhbiYy2Ye38nck6i4e++2PubfKC1YY1Erjt9t7H2KbczRM/uBtoxesFq7Xn7RiZ/RDfuuccP3gziVlpvfdGpGMO9/7dHO4NtIbOg0isNmunm9vJoq/9mLwmD15T2znezu1tIx9nrebppzuXOJV7v/8093Y+5/yv86+3ePAGrNjiQiUvuqtt7yxWdy2A9Pv/hafv76j/9m89TeeeTF/xJE+v6LRh+r08+VSnGrOfZFFrH33cXcLNrP7uzbQ2efAGInveDyYneX/1JDd7PXhbu+/v2TbbrV/h6Vv7aRuANZN7v/Vj7m6rs1t/dy9z1ud/zL94YcC1bERERERk2FgSppE7Fd4t7bQxLpVsVxxYLF2mZYeEgsn2Hz3j08jOjGNTeGGYsnf2cGxuKsmJfs4cO8CO17dwMvMrPLE8FHr5u4dMliSyc6bBvlADzr/5W17ITuCLC5LxnzrAjj+9zrFpD/P3N3daHKdpH2/sLuWm5RlYqvew6e22Z1HGkZubGloIZ6h6eSzUmImzyZ24gZOnAWopevc4CzKmMcF8jvKSd3jjj/tIePjbPJIT1+O9Hfz4Gps6RmZerOXkseOMS0lmiiOKCRk5TOB4KFQ9uJ0dJbfySG4cZ/a9zhvtK7NkclP6uJ5h38VqinZ2TLlOWLCSr37hk2Q528JRN7v/7zf414JQuFm2czu7sxeTNS0Zn+Hrc8xqO3cVZdVuJkz8iA9efYE32qdMTyN3+iUs8BLjJHta273i5703d3F47kqyYmr54J19l74Wp4hcFyKCwWDwajdCpE+tJ3j1fz3Lkdlf54m7Jl3t1oiIiIhccbW1tSQl9bESrki/mij+7RN8e2OnZ99kPMKz/3oP6THwUfGvePz7r3cEQ/GL+Od/+wYLHB2Hf1Syjm//04b2VYx7cCzmu1+J49c/+WOPgCnrkf/LDxdU859P/M9O4VY3CYv456ceJW7bD/j2huN9HASWnEd45p+WYXnzSf7qt6Xd9trJSvdzuKyp2/YkslLPcbiiW/hoyeHxZ54g+/2nePzXB+nLmFse59lvLmZCb0lc3U7+9b8/w+7uVQJTHnyKZx7OYEzTcV7+yRP86mDfU6LTV/wrP/xCTtdnS/ZRdnu5F6vZ9MP/xrM9mh5P7gwvxUe71Re/mB/8/HGmH/8Vf9u22nUfEvK/wb/9dQbFP/tvPPNe93Ju4Sv3wQu/fYePuuyws/yfn+Fh/zr+9ifb+y0fCPf/k11W6P6orpozjU1AHGMmT9ZiNXJZ9H1z9NEzH2VUqtv+U/7xO9/hO995lkLrIh5aouBRRERERGRo4piamdllFeUp2dPag50xybNDi8W0mTiNpG4D/cZkP8C3v7aYHmtNtu1PSSIqou8WWJy38Fff/go3J/S1PwGCceTe9w2+kd97WGDJXsmTX1tGen+DEIcsivQ7Huef757W5/5kZ2/rTw9B3DQ+8/jfs7z3p0cx5c5v8O3P5Vz6ojbDzJKziu9/aVHvYesgJNy4ir9f3ld/9m+MczLp6Rmkpyt4FLkeaeSjjE7hKcf0mEItIiIi8vGiERxyWRqPU7DzIOf8hFYYvmERC6aGUzyfm8O791DiDk3SjZtyC7fN7X3Kre/8cYrfO0h5bTUnGu1MnZpE2sx55KbaoeEgO3Yfp6nLtGsL47IXkZ8RrqupluJ973P42BFK6iwkT5/G9IwbuSk7qWN1a8PPmZI97C4+SHHFecZNySErZy6fyJ3cfsxHpTvZUXK+62IxUXGMi4dzDd2GCkbFMS7Ozzl3t0nIMUncsOAW0sPB60cn9vGXg9WcqT7O+Zhkprgmk507t2OKc2+aqnl35z6qLnbfYWFcxq0syLZ39KPPzeH39lB08ADl9RaSMzOZmXsrN6Xbe5/e3GvZnco1mih7Zycf1HU7r4hIbNFBPBe7zX+Pm8yCRXOJPtRp5GPCXO6/MxX/iQo8CZlk597IbTdOC/Wz0cTJ93by3mlfj3JumAolpdVdp9ib40i76ZPkTowC/Jwv3ceuknKqavyMm5pJbq4TT8lBqtouT7f+Fxlu+r45+ih8FBEREREZxfRLlIgMh/P7OoWPqat49kcrh3k0qcjooO+bo4+mXYuIiIiIiIhct/ycfOtXPPWbTs9jrHiVZ374Q54tqB54cRoRkcuk8FFERERERETkuuWjqfYgxdWdJ6s3UVayj+LTTQofRWTE6VF6IiIiIiIiItctC3FJOdycm4Cvy7MaLUxJiuv9uZMiIsNIz3wUERERERnF9OwqERGRwdP3zdFH065FRERERERERERkRCh8FBERERERERERkRGh8FFERERERERERERGhMJHERERERERERERGREKH0VERERERERERGREKHwUERERERERERGREaHwUUREREREREREREaEwkfpnc+L13e1G3F1+OoqKTlaRYPXGOBIA6/Hy0BHDZXRWEXpoUrqmq7vC2B4PXj9ve4ZfL/6vXg6X6fur0eTj/HnlIiIiIiIiHx8KXwcjTyl7HpzK1vb/vtLMTWeYa4j4KHmaCXuQO+7G/ZtYt3b5R3HVtTg6ePY60nDu+t5sbAKn7eKAx9U0X9WVEbB+gLKhrF+X9lW1m0uwUM9pUdqh7Hk0afs7fVs2u/ubQ8F6zezv9d73qChopKGttCyvID1b3e6At1eGw2VVDaMjjCyYd8mNu1ruPQCPkafhyIiIiIiInL9UPg4GrU0UHOyhaRb88ibm01KdC0Ff1hPYd0w1nGhhF07d7K/up9jjNbQv9V72f7WLkouDGP9o5KbsspW0vMWkntDHvm3pGC5wi2oOl5FYu5S5s2cx8K5yVC2ledeL73CrbiCjL6CQQNfSy+bPQfZWbCdvScGU7iHg7u2s31f5aW37yoqf/M5thzptOFKfx6eL2L9+kIuIy4VERERERERIfJqN0D6EonVZsOGjQxHMjbvWrYUl5N3R9rwFJ8wnwcfmz+4Y6fks/qx4al2dDNjNjPs06iH1AKzueuG1tExam/UsOWy4ku5gz2Y3HsfY7BHjzY9Lv2V/jzsMxgWERERERERGTyFj9eIhLE2aGoFfwlbXqoibaGD0l3F1EXlsPKB+USf3MXmgjKazWaIsJO9ZDnznHUU/r4AljxIXmK4oNOFbHirjGYA7My+ezm5dgAvVXu2sfNwHd4IG/a4ZrCF3uJ+bwMbSm3kP7CUNAu4393A5ovZzLl4kKJqDwY20vJXkJ8aHidYt5dN2w7S0ApYXaTE1eNN+RzLZnYN1tzvbmDrxRScZw5S2WRgWJJZeN9SMqyh/d5ezwnK31zDIdcqls+yAFUUPL+VuhkrePBmB+Cm6KXNGJ9aRZ7TS9VfNlNwvBmCBmbnPO5amoPdBHW717PTksecjwrZWeHBtWgljg83cfCCD95cRxkGybeuJr1qLYWxy3nwZnuoUeVbWVOezqMDhsChureXN2M2A4FE5qxYRo4NOH+QLVv2Uhs0Yw5Ek7xgOflpVsoL1rL7pIHv9HrWF7fQYoAZA4x61j1fRGzWcvID29nckseqT7gADwdfXU9RbD6PhdtT/uZzlCY/yrK0Wva+VUjJGQ+GycCIdDH/M8vIiQfOFLL+Lxby5ngo3FmOZ1I+j93h6rOvOvOd2sv2PSXUegwIGlgmzmf5nTmhW6VsK2uOOMhz1LD3cB1eLDjm3sWKGxyhNwfclGzfGrpnoh3YQ7dgH1pxf7CJdSfq8GLFecMSls91QvlWnvuzh9zlK5mX2Nd725Sz9TcFeHJWsPKm8L2xYTO+rDk0HyqiqtEAWxqLV+STYglds/KCTeysbAaTBceURHxnbSx6IA/nZV7b3lS93fe9VV6wlsLTQMM61u6NJfuuFaSXdf08JODm4NbN7K0zMEdAdPICluenYR3EtejyuRWAxNwVLJtt62jc+b1s3FKKp9XMG+vKMFwLWJ2fNqTzExEREREREQGFj9eMmrNuLHE2iHKRYi9k19sGefc+yvJ4M/hK2fJ2Da47HyXPCdQVsv6N7SR+fjEpk1rYdawBEkOhQ0NlFWQsZ/VNBoXrN1JzBnLt4DtSwPaTCSz9wnJcZg+l2zeyKzzwyX7TIrLLCqhthLREMAwDb1kJDfnLWH2HDd8HG1l3sJQFqTlYqGHXthIi536ORzOt4Clhyytu7PPNPc7JMAw8lXXkrHiUfFsoENz0dikZd2aAr5SCPs4peYKDgpoqmJUG52uoi7FjPlODDwcWXxW1HyUy0xk6p4JzGXx2dQ5WvJRs/gPb9yezcq4d5/RkWjZtZW/WMlY94sJiAtJXY3v9OcpTV7EsM9TGhrroriPA/AZG23T0/pw/QGGlg8VfWEmyKfy+KIAGCt/cD2394y1hyx82s9exknn5q7HvWc92FvPgreHA7sgWnqtIY9WdGaHXp5IwdlfhxoWdOmpa7NhbaqghDRc11NTZcNxkhshYXLMWM3upHYspFPRufK+SnNtTYEI6yf5NbN2XzbJVj+GygO/Ilj77qjNLrIucxbNZZrdAwE3RKxspqshhcSrQamDUlVCe/Gk++4gTS3UBa3eWUHPDQlxAQ9FWivw5rHwkG5vRQNGmjfQ9IdqLJyafzz7iwtJUzKY/7GRv2krmpS0l78hzVNYDA4aPaSy9tZTnKusBB2BgGF5KDzew+NOrWRrvo/jVdRw4soCU2RZ8H26j4Gwyy7+Yh9NkUPOXDWyxpXQLHi/x2vYSssZG931vpeWvpvVi13uRbp+HDUVb2c88PvfFjPZrtnmfI3TN+r0Wbg68U4Ej/1FWTiHUL/5un58J81ixzMf6t2Dxg3mEv3oM6fxEREREREREQM98HMWaqTlUQsl7u9i6aT07z7iYf5MLALMJXDctIzs+HBicrKTGns28tpTEmU1KTBVlJ8CVlkrLydLwc9saKD1pJmV6z6SgoqIGR9Z8XFGAyUaiLbrTXnPPO2ViDgtTbZgB66QkbF4PHoD6SmpM6czLDI+GsiVhj+nnNMenkR0ecOXMSMZWVxUKpPo5J4srEVtDLXWAr6oWpmSQ5K2lBuBULQ2JLpKBqpM12FMyQiPBsJKdloi7LryIiwki47LJXxAOHodbZDQWXx2VJzyhadxRZswA58uo8qeS29Y/1mwyJripLB/kikITnSR+1EBNADhVQ31CBhnW2tCCRJ4aanGRnACY7LiS7Vjw4fUa2ONjMdofomgGk5XsT+XhCg9W7bevOktwkWy3hFZuNuzY47o9mzEunfk3OEN9OsVF4sXwfUEDpSdbSM/NxmYCohzYY/s7URvJGeFrY8slPclN3elw64dyvSJ6bnLNWkhKvBmwkpxkw9sUamFFVR2unDycJgAzrkRbzzfDyF3bAXX+PHRTVtVC6uxO1ywjCXdlGe219XktzERbfNRVVuLxh16bowZR/Yifn4iIiIiIiFyPNPJxtIt1kJyTQf5UZ9eQrFOo4j7nhqjOi6PYsdsMGlqA1DRS/bsorYc8Sqkyp7C0R/bYQEMjRKYOw/Iq9W48Jjs9xzkOwjg7Nr+bFgY6pxRcRiEnPdB81oNjWg6OsweoqQPbmQZsk+ZjwU29G+pOv8jaAx1VWCZldLwwcWntHAxbLp9e3My2XetZ87YN140LWXqDC3ODG0+Ujc7Rrt1mw/D1v652O1MqyYmF1JyA5HO1RDtySbp4gL3VQEQdzROzcQEE6ti7aRsHfTZc9kiaz9bAuM5TxSO7BFkD9lWbur1s3HYQn82FPaqZ+tOQkDqYhtfj9kRjjx74yN6YTeBxN0B4DN7wC30O9BZW9jBS13aI7XV/FI2ta2XYWn0DrNAOYCN36VKa39rJ+t8VYJs4h4WLc0N/eOi3yit5fiIiIiIiInK9UPg4asXimplNL/FPD/Z4G5wJhQ6hsM6DpxnMkQAu0qaEpl67I2swpy7t5TF7NmxWcA9Hs8fZueQnwNW7OR9jw8bA5+R0uKmsbcDXkEByPiSdjaTsjAfb2RaS5oZGrNlt4Mz8HMtnX+k1q0OsU/JYvioPo6GYzZu3sDX6MZYl2rD5DToPFvQ0N4NtsDGoBdf4WErONlDTYOC6yYbTncj5mhpqqMc+PjQ61vfhOxQzk1UP5Iaux5EtPFfRV5n2QfaVj4PvFMOsVTx4Q+gql77+HOWDarcNW38jYAdgBMBmH6ngEcCBfczgPwdG5toOhR1bXAtG18pojrANLlC3JpN39yry/A0Ub93Mlu1WHrtzgK829it5fiIiIiIiInK90LTr68G0ZJz1FZR6w6/dpVRecOKaEnrpmp5Ka00JB09CyozeppJacI23UVteghcg4KH2XPOltSXRQUJTFaV1oZfG6VKqmvo5vsWLJxD6sOZIBcbE5NDIvYHOyWmnvuoA9WYnLhPYJ7nwnNlLrcdF8qSOY+oqS2krAr8HT/uLwTGbobkpHEn5Gyguqwd/19FlRqCXNwZ8+PzhMhy5pDuguckDiSm4Ik5SfqrtuHLKqi24kgf/0DzHBAfNZw9Q0+jAlQhMcWE7U0rp2Vhc4dGrLX4fRFlCwWPAQ+VpDwT6Xr14cH3VQosfoi3heNlTSU0jEBxMq104HR6q2m4Mfw11jYM7XzzFlNU6Se5rjZ/u59XPefYnaVzXz4GSivo+6rv0a9vaqW2Dubf65iBlkpmT5TXtW8rLq7C4kvtew6cTny/cjigHuWmJ0OxhwMnTw3DvioiIiIiIyMePRj5eDyw5LMmr4ZWX1lMx0Yr3tBfnJ5eT0zaIbWIaUy5uoTQmlwf7eIydY+48XC8V8OLavZiJJjkrHdvRGqrIIHkwbWgbEWXKID+vkj+8toaySDDHJ5PQ31DIxkNsev4ABgZGbDqL70oZ1DnZprqI3FSCN2N5aKXliU4Stu6iMimPxeGibXMWkVOxiXX/tR+LGQwjmpRFnVblHgT7jAzsrxSw5vndEGEjY/5sXLurqPDnkBGVhDNhF4W/24D7jpXkTex4n/f4bjbtrsSc4CLWX0ttaxr5OTbAxsIl6Wx4fR0bnQkY585jnrWExRP7aECiA1thIWufLyL51tXkpwFTk0kq2EV5Uh75ABYXicEiSnzZLA9fX1vOHJIP72TN83tDqxLfkIyjpopyfzZpvUyvHVxf2Zh9QzIv7lrD2n1msCQze4qDmqpyjKy0PkbcteILD1/NuCmXg5s2sabCgjnCRvo0Fy21NXhxdBstG4vN2kzplrWUmYBANMmd7+fOJjixFxayZoObpSvzcHV/3Ue3dtbiD43lc8zPJ/uVTaz7r9DnQMokG/h7Hn+p19YxwYFRsJm1H83nc0uzB7i3INFhY9eetazdm8yCz+fTPXt15S0h/ZXNrNuYRELgPOfNOSy5rb8zDl8Lfzm7X9tJpdmBK85H7RmDtE8tpseXhvgk7C0FbHq+DHvWclbMdQ3t3hUREREREREBIoLB4KDGLck1IODD22RgjrNe4iIqBl6P7zLe37UtPsOCJaqGXc8X43h4GdndymzYs56N7lweuzMDw0/vi15c9jmB4fXQHIjGFnep068NvF6wWoc+vdTX5KHFFIutx3sNvJ5miLFhHcxiH5dk6NdzUH3l9+LxmS+tP8PX02KzjtzzNi+T4fNhtljwHdjEHzy3sGpBj/WugeG6tpd+b7WX4PXQTG/tGIDPi6cFYod8La7EvSsiIp3V1taSlJR0tZshIiJyTdD3zdFHIx+vJyYL1j5GNg6OGavtkp/Y2C4UJFpCgVddJTURNtIGCL/6XG33ss8JzFZbz1FdQysB6yV2iyXORu8RnRmr7TJPbEBDv56D6qsoK7ZLDZ2G4XqOGL+BEWXGbLEAXsqq3Nim9j2leHiu7aXfW+0lXOr9bbFiu6Q8/krcuyIiIiIiInK9UPgow6yOvZveoLQJMIERYSNnyYo+p79a4xOuZONE+uQt384r79ZimADDIHrKIpbPujqLFYmIiIiIiIhcLzTtWkRERERkFNP0MRERkcHT983RR6tdi4iIiIiIiIiIyIhQ+CgiIiIiIiIiIiIjQuGjiIiIiIiIiIiIjAiFjyIiIiIiIiIiIjIiFD6KiIiIiIiIiIjIiFD4KFdfwIe3ydfrLl+TF1/gEsr0e/F4jctr1xVj4PV46b21/e27DIPon0vu+6vA8Hrw+q92K0RERERERESkO4WPcvWd28um9QWU99jRwN7XXmTniUsos7yA9Vv247n81oUZNFSUUucdtgI7KaNgfQFlfe7bzP7hO5GQ8gLWv917jSGX0fcjIeCh5mgl7j7C0LK317Npv/vKtacaflZ45aobFB+88BK8cKzb9mr42UuwZ7jvIREREREREZFBUPgoo0PAoLXXHQa+lksss9VH7+MpL0Ulewt2sfvo1UhwLqMPBut8EevXF9JwpesdrAsl7Nq5k/3V/RxjXMGRrhfgW3vgzJWrcWAX4OXD8ItCuNhpc0Ux/LQYdvTXdyIiIiIiIiIjJPJqN0Dk2pDG0i+lXe1GjJwrGdxdioT5PPjY/KvditHNC+50+HI1FPrgNkto845D8NWZwDUyhV5ERORyBYNBDMPAbDYTEREBQCAQIBAIdNk2HPW0trZiMpkwm8191i0iIvJxp/BxNCrbyppjNnKMCg6e9WFgI+eulcx3Ar4a9r5VSMkZD4bJwIh0Mf8zy8iJNyjZvI6a7NUsTg2XU1/I+rdg8YN5OM4fZMuW/dQHwTBiSc+/i4VTrOAvYctLVaQtdFC6q5i6qBxWrsygautm9tYZmCOAqFTyH1pIcpdGeigt2M7ek258gBGwc9NP9gAAIABJREFUkX3HcvImWQA3RRs248uaQ/OhIqoaDbClsXhFPinhQMR7spBtu0qoazFjGxtLM7Y+u6OluoD1e8rxBM3YUhexPD8Na6gUqv6ymYLjzRA0MDvncdfSHOxt43kDLVTt2cQbR+rwBi045t7Fihsc/bTdTMnmNVSmPcayzHAZvhK2vrSXWgDMJC9YRX5qR93by5sxR4B5XDZLls3DaQLOFLL+Lxby5ngo3FmOZ1I+j33K2sd1G8wN0UpLVSGbtpZS5zWwJM7jrntzcQzQB75Te9m+p4RajwFBA8vE+Sy/M6dnT5/fy8YtpXhazbyxrgzDtYDV+fZQze4Stm4oosrd8xq26+9+7e3+emA2nl77ro7C3xfAkgfJSwyXfbqQDW+V0QyAndl3LyfXDgTclGzfSlG1ByPagT20u5335C42v11Bs8nAiEhi3rJl5CT0cW0WOzg44P0+BAHY8Xv4UWXo49S58ItlEAO4D8H33oAdF0L78j4Jv1gS2rdjHezPhax34aul8NN/gLwD8HgTPH4Rvvo+HDbBL74Ij0/vpV4P7AB+Oh22HIPbZgIn4ZUJ8IsJ8LMLna85/OiXsBmwBuC+lfB4RmhXb+24zwQ/+hXsCIC3Fb78BfhyyqV2kIiIyMhqamriyJEjzJw5E6s19FOj2+3m1KlTZGdntweFl8vv97N//35sNhuZmZmYTCYuXLhAVVXVsNYjIiJyrVP4OBq1Ghinq/Dd+TkenWjGe3gLLxYUkv5gHo7IWFyzFjN7qR2LCdzvbmDje5Xk3J5C8oRYisrLITU0Qs9zooaWiXk4aKDwzQPYPrWaZZOAukLWv7Gbys8vJiUqmxR7IbveNsi791GWx5uhbCsbWmay6ou5oZDP39uouEgS0hdw3yecWKPAKNvK2ncOkHP/PGwYGIaX0sMNLP70apbG+yh+dR0HjiwgZbYFfKUUFFSRcMejLJ9oxnN0Kxt39j3yzuNPYsXn87FRRcFL29ldnsbiNPAdKaDgXAafXZ2DFS8lm//A9v3JrJwbTqG8VdTEfprPftGJpbqAtTtLqLlhIa5+2p6e7KSwohQyw0nM8UpqJyxg9eI0Sl9/juIzDZDqCNVd4+KuL+ThNEHd7vW8UZDI6ttTYEI6yf5NbN2XzbJVj+GyAAF3n9dtYF6qamL59GcfxRlZRcELBZScymXhpP77wBLrImfxbJbZLRBwU/TKRooqcjrC6TYJ81ixzNcRVAOEJ2DXVTew+I5eruFg79de7i/fkS1s6qPvUia1sOtYAySGW1FZBRnLWX2TQeH6jdScgVw7NBRtpcifw8pHsrEZDRRt2khlW3t8pRS8fZ6Mz64mxwrew1v4w469JN8/D3tv16ZsK0UD3u+Dd6YAfjYW3vouEIAXnoFnp8M3p0NMAnzz7+AXVqAVfvQj2HELLLPBbbPg9t/BDx+A44+GywrAK+/Asi9CyUq4+C5Y/wJfnh4KLLteB5gQBXNy4PF34bszoeJA6LX1PJzu9LzSF34DLIfCmYAXvvdT2PI1WDa293a88DOY8BC8NQWohft/BTd+F+bowR0iIjIKeb1eDhw4QGpqanv42NjYyLFjx8jMzBy2ULC1tZWSkhKio6OZOHEiCQkJXLhwYdjrERERudbpV8fRKi6ZjImhH1isWWkkeWqo8AAmO65kOxZ8eL0G9vhYjPCD+WwzUrCdqgiHMD4qT3lwJbvgfBlV/imkTQqX7cwgObqBmnOhl2YTuG5aRnZ8+AckiwVL40lK68JPTIzq7QcnK85kJ9YoA2+TD7PdRmy3Zyy6Zi0kJd4MWElOsuFtCj8v8Xg5NQnZzA+fn22cjeh+uiIxNRtbFBCVzMwUC7Vn6gCoOlmDPSUjPArSSnZaIu662k59mM78G5xYTMDkJBIvesIL0PTddktmKs7T5ZSGp6iWVtTjSu053brqZA32zPBIR8CZnUJ0dVm4781gspL9qbxQuAX9XreB2Uifn4vTApiSSUrw4fF0akdffZDgItluAZ8Xr2HHHjf0Zzh2voau8daOa9hdX/crPe+v/vrOlZZKy8nScPTZQOlJMynT7d0qa6D0ZAvpudnYTECUA3tsp90nK6mxp5IR6hSsWWkknq9rH73a49oM6n4fvMJDcN/s8AsT3JYLhSdDL2NckGoFvHDRBKljwN32gMZIYCZ898ZuBWaFwkaAmFS47xz0trTOmXrIcwDT4f7jsCcAOw6GwsQYK7jbwscG2OyDh2eGX1vh/gzYcqiPdoSPv21K+HUS3B8Lh7s+IFRERGRUaZtm3V0wGKSuro6ioiLeffdd9u/fz8WLFwkEAhw/frx9e11dHcFgkPr6eioqKqisrOTdd9+lubm5S3lWq5X4+HjKysoIBAIEg8H2fRcvXuTQoUO8/fbb7Nixg8rKSoLBIH6/nw8//JDjx4+ze/duDhw4QF1dHe+99x67d+/G7Xa3v/+DDz7g3Xffpbi4uEfdIiIi1wqNfLwmJHQER3F17N20jYM+Gy57JM1na2BcOByzpZMSt5GyCkiZWkFVfRJpU4Hjbjy+GrY/X9GpTBvZnTOWzo+kmZLP8pu2snXzWvZaHGTMX8zC9O6Tdb2UF2xiZ42FpPGxtLpr8JAxqLNpOO+BKAvdZ+8OhtkUidd9HrBQ74a60y+y9kDHfsukPtpg6nyy/bTdkkFqYhHlRyFjRinlZ11kLO1emJt6N0RO6XQGCXZs/gY6sr3IrtF+oJ/rNkTm9nLd/fdB3V42bjuIz+bCHtVM/WlI6D7qcUj1DvbLRaf7te22ab+/Bui7SWmk+ndRWg95lFJlTmFp9+yRetyeaOx9JNbuc26or+HF5/d3bIxJ7nR3drs2g7rfB+/wGVj3O3ihUx1zPhn692IprHoJJqZAaiv8ugG+1/nNw/TnoNuyYMc7UDgB1lkgZizsaPv0r4MdFsKBdchER9eRkV3aUQc7PPDYT7rW8U396UpERK5Bra2tfPDBB7S2tuJwONoDynPnznHo0CHGjRvXfswnPvEJmpqaeOedd0hOTu71GY4RERGkp6dz+PBh0tPTu+wzDIOWlhaCwSDNzc0UFxczfvx4IiIieP/990lNTcXn81FZWUljYyMA5eXlWK1W5syZQ3l5OdXV1SQmJraHoTfccAMmk74Ji4jItUXh47UgUI+7yUpyPPg+fIdiZrLqgfAU0SNbeK49U7STPtXGpqoaoIr6iWksMwF2GzZLOgs/vxDXIKu0Zy3lwSzwVO5iy44tFNo7PYcP4NRedp9ysvjhfJJNtD9fcjBscdbeh24NghFoxRqfANix28CZ+TmWd58GPJB+224hI8VJUUUpRlQV5yelk9bj57tQ3bU+H7RFqB4PzSZzn59Q/V+3S9VfH/g4+E4xzFrFgzeEYqbS15+j/HKrHIxO92tPA/Wdi7QpoanX7sgazKlL6ZE9YsPWY85xpxribZCYzeeW5ww64B7wfh+CVAd887Pw5Sk99617BW77Ajwenm0/8WeXVkdvKs5A1qzQx3Ny4HsvQtZdnaZntw3+SIQ8H3TOGk9fCE0J71Ui5Nngp/8El5Fdi4jIx8DpugbcjR/1OuJwJM2cMbTvUF6vF4vFgsvlIjExkejoaA4fPszFixeZPn06Fy9eZMeOHTQ3N2O1Wjl//jxz584lNTWVyMiuP+0ZhsHYsWNJTEykrKwMh8PRvi8mJoaUlBQ8Hg+NjY0UFRXh9XqJjY0lGAySlJTEpEmT2Lx5M4ZhcMsttxAMBjl37hytra2UlpbicrmYPn06FRUVnDhxgpycnC7h46Gjl/0DpYjIoJhMJuzxY5jodAx8sEg3Ch9HK38LHj84osD7YRk1CS7yLNDi90GUJRRgBTxUnvZAoOMZdfZUF9FvlLOXGuyTFoU2JrpwGLspPwWu8NRrT6MHW3wfo7v8PnxmCxYT2FIySLaW0ewBOocxvhYMcyzRJgCDhqp6mgOJDOZpeRZXIrb95ZR4M8i2gqfWzaAmkfirOFQJU25zAuBy2tlVWYp3dk74WX0ePK02bNZ+Sxmw7ZbMVJzFVRRaakmatrjXIlKTnew63lG3+0glbmdGn4uUDHTdAIwAQx751ncftNDih2hLuDM8ldQ0AsFObw4M4wrXfdyvvRmo71zTU2ktLOEgkHJHb/eoC6fDQ3FpHSQ6wV9DXSMdC85McmIvrKDUm0OOFcDA0+jDFt/HjdHX/R5fR/mxeizJ2X0Eqb3LSoXvHegUPnrAHQd2E7h9MLGtGQ3w/kdw4zD+fmZt+4o+HR7Pgolt07+dcF8dnAEmjIdlJthxMtzGtunZf9VHoeNDYWX78YD7AtjHDl+7RUTk2ne6roFAIMCM1Mmj8lmHfr8fgMjISGbPns3Ro0c5ePAgdrud3NxcGhsbMZlMeDweWltbmTp1KlFRUQQCASwWCwkJCURFRfVadmRkJDNmzKCwsJCYmJj28//oo48oKSkhPj4ek8mEyWRqn5YdFRVFQkICFouFyMhI4uPjiY6OZsyYMbS0tNDa2orH4yEYDHL+/HmioqJwuXoOIxhq8CoicqkMw+DM2XOcrmtQAClDpvBxtDKq2P37tew0GRgkMf+ueaFsJWcOyYd3sub5vZgD0STfkIyjpopyfzZpUUBiNmnWjRSX2cj9bFv6k8KC+aX8YesaKixmMAzMjjl8+u62FZO7qjuwmW0fNhPrTMTcWIPbOoe7uv9ckzqHnH2b2Ly2DDNmbFkZJBuVnHSDs+dQNQBa/OFJyYnzmDfxRQpeXMteM0QnZ5MeX0pNFWR0Se8s2MaYKS1ay9q9QMCMfeYSlk8M7bXNWUROxSbW/dd+QqcVTcqiFeSn9j3ezQgMou2WDFLHFVFUncLi23svxzJrCQtrXuHFlypwxXip8TrJ72ekna3f65aEM2EXhb/bgPuOleRN7LP5HYID9YGN2Tck8+KuNazdZwZLMrOnOKipKsfISsM8wYm9sJA1G9wsXZmHKz4Je0sBm54vw561nBVze6+2ta/Asq/79VL6bmIaUy5uoTQmlwf7yMczbsrl4KZNrKmwYI6wkT7NRUttDV4cWG3zWDRrA5t+v4b94fs9emo+Kz6V0uv16fN+ry9j754SLK2pJN/QLbiMg1vPwsQnum4reRLm3Al5/xuyP4CJptAIw+89BsvGw6p8uO1Z+LUVYpzw5RzYUgoPJ/XRWb3pNmqxzekGiGl/xigse6DbAYGO9335EXjsV7A/BS5Wg30JfLOfYdGPr4S7fgUvxAGtEDMZfv0oTBhCs0VE5Prmbvxo1ASPFouFqKgoGhsbSUxMJBAIcPr0aWJjYzGZTEyePBm73U55eTn79u1rX5gmEAhgs9mIjIzE4XBgtVppaRncA7MdDgeJiYkcO3asfXRkbW0tJ06c4M477yQYDA6pb8xmMzExMURERJCQkIDdbsdkMo2K/hWRjyez2cyE8eM4WlGt8FGGLCLY+anIMjoc2cJzH9hZ8WAedr+BuccCGAZejw9znDW0mEp39YWsf9vC0pXdAqCAD29TC8TYsPb+h9tudTRDtA1rP3NXfU0eDMtgyuulBq8Hn7n/8gdbTnMgGlvc0Aq6nLZ3FOLF4zcPsu4Brttl6LMP/F48vsG27xINeL/2YUh914uAD2+TgcVmpdca/V48FyF6UP09uPt9KC42hRaVsXcfcOkDt9HL9qvgogewQsxg/gwVAHdTaPGaQR0vIiLDpra2lqSkofyl6so7dLRi1IzCa21tpaioiPPnzzNu3Dh8Ph8NDQ3Mnj2bKVOmcOTIEXw+Hy0tLVRVVbF06VJ8Ph+7d+9un4YdGxtLZmYmFy5c4I9//CP33HMP48eP71JPc3Mzr776KkuWLGH8+PHU1tayefNmEhISuPvuuzl16hS7du0iPT0di8XC4cOHWbhwIePHj29/n91u509/+hOpqanMmTOH4uJizpw5w5IlSzhw4ACVlZW4XC78fj+TJ09m6tSpvT57UkTkShlNX+/7ci183/y40a+Qo1zvQY4Zaz9ziys/KMOa+bmeI89MFqy2wSYrZqy2gRfdsMRd+sIcZquN4chfzFYbl9KKy2l7RyFWBt2lA1y3y9FnH0RZQyuFXyGDDh5hiH3XC5MFa3+XcEjnPrj7fShi4jo9b7EzC32OCr3SYoZyyiawD28XiYiIjIjIyEhycnI4evQoXq+XiIgIMjMz24M7s9mMYRiYzWZuvPFGxo4NPUtk5syZ1NbWEggEiIyMJCIigtjYWG688UZiY2N71BMVFUVOTk77PofDwc0334zZbMZkMpGUlERWVhY+nw+r1Upubi6xsbFd3mcymcjKysJuD/10MGHCBGJjY4mIiGDGjBn4/f4uU8ZFRESuRRr5OBod2cJz5Sk8dlf2EN5UTsHzu6kKgHnCfO67I2NYgj2RAV3S/SoiIiKDdS2M4BiNI2GCwSCGYbQHjp0ZRuhRMp2393f85bbBbDZf0ojFYDBIa2trexgqInK1jcav991dC983P24UPoqIiIiIjGLXwi9R18IvoyIicvmuha/318L3zY+bYX7ynIiIiIiIiIiIiEiIwkcREREREREREREZEQofRUREREREREREZEQofBQREREREREREZERofBRRERERERERERERoTCRxERERERERERERkRkVe7ASIiIiIi8vFknDvG2+/XUe1pBcBii2fmjTnMHqdfU0RERK4XGvkoIiIiIiJXXt0hXv5zTXvwCODzNLL/z+9RWHcV2yUiIiLDSuGjiIiIiIhcYc3s/7AeL2AeO4E77v4kX7w7i5ljTYCPYx8ewzsc1bR4aGwejoL6YbTQ2NgywpWIiIhcuxQ+ioiIiIjIFXaa0xcAYsi8NYOJUUCUk3m3OhkLcKGR48NQy9nX/oHcr73M2csp5MP/YOVDa3i/r3yx+Ofkzvs5719OHSIiItcxhY8iIiIiIiK9amHPxl/yfkYaM6OHu2wPW/8+m2lPF4+SckREREaGwkcREREREbnCJjJxLMBFjuwp5bQf8Nexd08dFwDGxjPtqrYvrKWIN34HX1gyn2HPHmnhQuNoKkdERGRkKHwUEREREZErLJY5sxIZEwHGhTO8+dqf+a/XDnPoQgAiLEyfNR3roMtq4dBzj5I7I5tpM7LJWvQwzxV3miPtq6bg2b9hfm4203Lv52f7Ova1fLiGVfPD77vnSbae6lpy47aX+d2kv+GBW6Lh1DaeuGcO02ZkM23GfO74p22dpnM38v7LP2Tl/NC+v321uqMQo5qt37ufrPD7Vj13mBbqeemxRTyxE3juYabNyObH+wCjnreffjh8LnP4zPe2UWWEy+m1/j7KERERGUUUPoqIiIiIyJXnnMm9i1xMtkW2b7LY4pmz6CbynEMo5/Bv+bunG/nqH0s4fng/O3/7JEtndBqn+M5vean1bn7zyst8Z95hnv3PcGh4fhvf/vzPGf/kTo4fLuI3txTxtz94rVOgWM8br24jeeUiZpo9bP3Z13kp+2mKD5dwvPhlnlk9h/Htx77MS3un8c3fv8a/PzyWrf/j5fZnQB567m/426N3sKG4hOPbvk700w/zi+JE7vnfL/MvtwBf+CXFRUV8MxcaX/8BX3p9Dv++t4Tjh1/mnqNf5xvrq4G+6u+9HBERkdEkcuBDREREREREhp953HRuXzx9GEo6zhtvFrF06nySp2V13bXoe/z71+9mPOC8cxE/fj008vHsn19mU/PDrLszEcyQnjufma3xHdOrT7zJSzuzeOw7WYAntG3/Tt44PId7siYzs0s1j/LUTx7mRoDPLIEXfOHtxbzx78e59Tt3MTMWmJpN3qxcomMhOn480RYgOp74BBtQz9bXtsGdL3BrPMA0br19Mj/eWczZhz/ZZ/09yxERERldFD6KiIiIiMgV5TtfzaHjZ6mu/4gLLQGMtqnFZhOW6BiciXZSp01lWoJl4MKyHuHXPznLE08/yiefjWbmA0/z//5lCcnmAd4XrjM6fNz4O3/An+7s2F2282Xez72fZ6YB2Fj6T2v45pP/wPfve5knEubznV//ksdmDfwkyJZmiDbHhF/l8tgra/o89mIroenTz3XaeNvl1S8iInK1adq1iIiIiIhcEb6zx3jzjT/z+7fLOXCykXPNnYJHACOAr7mZ6pM17Hp7D8+/sY/9Z319lhcSTfr932ND4X7+vOZhol9qm6o8gHDo2GL0ss84zNbfHGbp6s+Q3LZt/Hwe/+VODhe9zFMLTvHjz/8v9rT08t7urYuFFuPiwAcCMZHAo2s4frSk479fhkZtXmr9IiIiV5vCRxERERERGXEfHd3HS3+p4bQXiIphcmoqn7ptLg+t+CRfbP/vVu6/LYP5qfGMjQLD+xEH/lLElqP9LOd85jDvn2oBczTJtyzh1klw1uPp+3gfXATGz1nEjbzAf74cCipbTu3kd9vqQ8cUv8YvTi3hzgVt05hbKCs+TKMBJGSRvygLmhtp7Cf8C4WaWeTdH82e3/yePY2A4eHQy6/xfuf3tbS9SGTOolx4c2foWKDlRDHvnxpk/S1KIkVEZHRS+CgiIiIiIiPsJIVHPsIgkvGZWTx093xuz53C1LFj6Dqx2sKYsRPIzJ3DvXffyh2ZY7AQ4OyRco70UXJj+Zv8+L7wKtBZD/O78V/nmS9k9X6wGXjnMNUtwNSHeebpRbz/vTtCq13f90vKWi8CLezZ8gJ84WGWJrS98Szv//KvmZ8VWhl7/v/Yz/Knv8bS+N7qsBDNfsqqAaK59ZtreDz6BVbNy2Za1iK+tO0s0QZAIjNvySL6d48ybcbdPHcUku99ku+kbAgdOyObrAee5o+l9QPU37McERGR0SQiGAwGr3YjRERERESkd7W1tSQlJV3tZvTr0NEKZs5I7eeIcrZsrOZszDjuuDOHiYMuuY5drx/m+MUxzFkxl9n9HNly3kOL2UJ8/BCfg9jiobEZouNtoec/Nm7jv8/7R8aueYd/WRDd/7FDqea8h5ZoG/Gxgzi20UMLvZzLZdQvIjIcBv56f/VdC983P2604IyIiIiIiFwZF8/x5sY/j0jR0Qk2Lmn5lWgbnTO+xqKdbJr0N/zpll5K63bsSLUvOr6PYy+jfhERkatF4aOIiIiIiEhY/JIfcHgBGlkoIiIyTBQ+ioiIiIjICEtj2Yq0q92IQYsexNRoERERGRwtOCMiIiIiIiIiIiIjQuGjiIiIiIiIiIiIjAiFjyIiIiIiIiIiIjIiFD6KiIiIiIiIiIjIiFD4KCIiIiIiIiIiIiNC4aOIiIiIiIiIiIiMCIWPIiIiIiIiIiIiMiIUPoqIiIiIiIiIiMiIUPgoIiIiIiIiIiIiI0Lho4iIiIiIXBaTyYRhGFe7GSIiMoIMw8BkUowkQ6e7RkRERERELos9fgxnzp5TACkicp0yDIMzZ89hjx9ztZsi16DIq90AERERERG5tk10Ojhd18DRimoCgcDVbo6IiAwzk8mEPX4ME52Oq90UuQYpfBQRERERkcs20enQL6UiIiLSg6Zdi4iIiIiIiIiIyIhQ+CgiIiIiIiIiIiIjQuGjiIiIiIiIiIiIjAiFjyIiIiIiIiIiIjIiFD6KiIiIiIiIiIjIiFD4KCIiIiIiIiIiIiNC4aOIiIiIiIiIiIiMCIWPIiIiIiIiIiIiMiIUPoqIiIiIiIiIiMiIUPgoIiIiIiIiIiIiI0Lho4iIiIiIiIiIiIwIhY8iIiIiIiIiIiIyIhQ+ioiIiIiIiIiIyIhQ+CgiIiIiIiIiIiIjIvJqN0BERORKCgQh2P5vkEAwtD0IBDt9TPh1+8ft24IEgYjw6wgi2l90bAv9r8vrPrZHRITKiAhv79gmIiIiIiJy7VP4KCIi15VAEIxgECPYPWiEQFu6OAw6QslOCWVvBwyptA6hEDKiRyDZ5eP2baHw0qTQUkRERERERhmFjyIics0KAkYAWsNhYyhwHL6A8WoKjcQMdt3Q79EhEYApIqI9iDSFQ0kTEe0fi4iIiIiIXCkKH0VE5JpiBMEfCNIaCI1wvD6ixuETpGPkZ889IaaICEzQPlrSRFtI2bFdRERERERkOCh8FBGRUS8QDhz94VGOcnkCwSAB6GU0ZWhD2+jJiE7BpDkiArNGToqIiIiIyBApfBQRkVGrNQAtgSD+gALHK6lt9GTXcDL0whQOIc0KJEVEREREZBAUPoqIyKhjBMFnBGlR6DjqBIKhFcL9QG+BZJQp9LGIiIiIiAgofBQRkVHmohGkxdCzHK8lnQPJi0aQyIgIIk0KIkVEREREROGjiIiMEv5AkItGeLqvXNNag0FajY4gMiocRGp6toiIiIjIx4/CRxERuaoCwVBI5dMU66uubbXr4eYP0P7cTgWRIiIiIiIfLwofRUTkqmkxgrQYENAk66vKHBFBjDk0QlFERERERGQ4KXwUEZErrjUAFwNBWjXa8aozRURgi9IwRBERERERGRkKH0VE5IoJBKElEFpQRkYHq/lqt0BERERERK5nCh9FROSK8IUXlAloQZlRJTJCox5FRERERGTkKHwUEZER5QsEuyw4IiIiIiIiIh8fCh9FRGTYBYIdoaOhkY6jWmswSJRGP4qIiIiIyAhR+CijVpBQgBEIBgkEQ6+DQFuO0fY6IvyfKSL8cQSYiMAUEdomIldOa3iEoy8Q1PrV1wivgVa5FhERERGREaPwUUaFIKHQojUYxAiAEYTLiy5C7w2FkhGYw0GkOQLMEREKJUWGmaZWX7sCwSAeP8SYIxRCioiIiIjIsFP4KFeNEYTWQJDW8L8jEVkECU357LqwbhBzRASRptBCC5GmUEgpIkOjqdXXDyMYpKk12P7HmrZR5BGE/mgTpb/YiIiIiIjIJVL4KFdUMAj+YBBfIBQ4Xi1GMIhhQEs48ow0RRAZ0RFGikjvAsHQCOW26dWKHK8vbY+5gNCo8bjIUBgpIiIiIiJyqRQ+yhXRNh3TH7jc6dQjozUQpBXri6LIAAAgAElEQVSA0MifyAiINIWmaOsXb/m4a3skQtu/8vEQbUJf/0RERERE5LIpfJQR5Qtc/VGOQxUIBvEFwRcATdGWj6OuoxtH5x8MZORpqrWIXKuCweD/Z+++o+u67jvRf0+7Db2zgF3sRSTVLCkqdizHlm0pLrHlFDuOJ7HjlMnMezOe917eelnJJFkzzps3JWOn2HHsRBk7rnGPY9mWbMmSSImi2CmSYC8g0W45fe/9/jgACBDtArjl3IvvZy0QwLnnnrNxCdzyvb+9fwjDcPx7XddhGEYVRzQ3KSX6+vrQ3d2Npqamag+HiIiopBg+UskpdTN0rId14CZO0dYwYYq2zqpIqg8KgBitauT6jTRG4/0bEdWoIAjwyiuvIAxD6LqOIAiwceNG9PT0QIvpnZsQAseOHUMikWD4SEREdYer21FJ+VIhFyo4QtVlgKEQTR93hEIukMgFCnao4Mtbm9oQxZNU0e+wK6IGI9lAYcSXyIcSbp3+3dLC8D6NiGpVGIY4duwYgiCAZVnI5XLYv38/XNet9tBm5fs+hBDVHgYREVHJsfKRSkIowBUKQQ1Nry6FsU7aY1O0xzrFsjKS4kCom7+jYrSicWn9hdJiBELBNHknRkS1ybIsbNu2DV1dXbh8+TK++c1vIp/Po7+/HxcvXoRt2+jp6cGWLVtgWRauX7+Ovr4+aJoGy7KwdetWSClx8uRJ+L6PIAiwZcsWZLNZJBIJrFy5ElevXkVfXx927dqFVCqFEydOYNmyZWhsbMSJEydg2zY0TcPmzZvR0tKCGzduIJfLQdM09Pf3Y8eOHchms3jttdegaRqGh4erfbMRERGVBSsfadFcoZAP5JILHqcjlZpUGTniR9VlrlAIefNQmSgVNYXxRFSJmwsUhn2JXCBhhwqeUAgZPNI8eTL63SEiqmVKKQRBAF3XoWkaXNeFUgpCCBw/fhxXr15FGIY4ePAgBgcHAUTrLwLAuXPncOrUKSilxj8GBwdx7NgxCCHQ19eHgwcPYmhoCJ7n4dChQ7BtG6dPn8a5c+eglMLAwAAOHjyIIAhQKBTw/PPP4+LFiwiCAPl8Hi+99BIKhQKklJPWqSQiIqonrHykBVuq1Y7zoRCtoRcAgIjWjDRG14w0tKibNns6ULGkij6EUqOfow/GirQY1ixV2grR/TwA6BpgaRrXgiSiGV3pH8BwNj8e3lXK9k3rpmwLggDPPvssMpkMPM/DunXr0NjYiGQyiYaGBniehxdffBGDg4NYvnw5HMdBIpHAihUr0NnZiWQyCd/3Yds22tvbsWzZMjQ0NMBxHJw+fRqu6yKXy2H16tUYGhpCIpEAADQ0NOD555/Hxo0bsWvXLly6dAlPPfUUbr/9dqTTaQwNDeGOO+7AunXrcPHiRQwODuLxxx9HMpnE1atXp/35zl68goId7ynjRFT/dF1Ha3Mjlnd3VHsoVIMYPtKCRNV9UaUfFU8h6vwdTtiiIQohDQ0wdIxP3ebr+6VLTpguPRYySlYuUhk0WzrfACGikrjSPwApJTat641FZ+mxjtdSSnR2dmLLli0wDANHjx6FlBLNzc0wTRNKKZimiV27duHkyZM4dOgQWltbsXv3bqxZswY3btxAX18fTp8+jb1796K5uRlCCAwODiIMQ6xduxbXr1+HrutoaWkZX2OypaUFmqahoaEBSin4vg9N05BIJNDW1ja+X0NDA9LpNADANKd/aba2d3klbzoiomkJIXD1+iCu9A8wgKR547RrmrexRhUMHktDIeoy7Mloymw+kBjxJbLBzSnbgYwq3ai+iNHO8GN/U2PTpbOBHP+/j5oZMXik0ms0GTwSUekMZ/NY1tUei+ARiNZ8vP/++/HII4/g3nvvRVtbGxzHwaFDh9DS0oLVq1ePh34A0Nvbi7vvvhvd3d04dOgQRkZG0NjYiPvuuw8bNmzA1atXcfbsWWQyGTQ0NODChQuwLAs9PT3I5XK4ePEili1bNt6tOpfLQSkFx3Gg6/p4ZeREyWQSjuMgCAIIIcY/ExHFkWEYWNbVjuFsvtpDoRrEykeal7HOzlR+cnRqbTC+JaqS1Eenauta9O5B9HW0jTlCPChE6zBKRJUXUkXbxj6PVTISVUtC12Dy7UciKiEpZWyCRwDQNA2maU4ak67rSKVSOH/+PEZGRgAAuVwOnufhxIkT8H0fnuehqakJlmXh/PnzuH79OgzDGA8dTdNET08PDhw4gDvuuANNTU2QUuLy5cvYuXMnLMvC5s2bcfbsWTiOg8HBQaxZswaZTAa+708aY3d3NwzDwHPPPYfGxkbouj4+LiKiODIMo+JLa1B9YPhIRSuEXN+x2qLgKpqOO/USQMOEYHL0w0C0RpsOcK22RZouVJSTto0FjPw7oXhjxSMR1TPLsrBz505kMplJ2zOZDPbu3Yv+/n5omoYtW7ZAKQVN02AYBoQQMAwDe/fuRUtLCwqFwvj07fXr12Pt2rXQNA3r169HoVDA2rVrYZomtm7diqGhIbS1tUHTNGzYsAFhGMJ1XbS2tmLz5s2wLGv8/GPjam5uxp49e3DlypXxqd/JZLIaNxkREVFZaUqx/IbmxuCxdikpIUe7OuqjT64NXYeha6OVlJjweTSo1KLrTZz+YxgGLMuCrtd+udRYiDj2G61GA8OJ2ycHjVxzkepLQteQMZlAEtWKa9euoaenp9rDmNWRk33TNn6Jm7FO14ZhQLvlXdmJz3nGSCkhhIBpmlP2X+h5FrIfEVFc1ML9fS08bi41rHykOeWCaM05qi2B7yMIfET/dQpRxHjzs64bURBpGICmQdf1qJpPCoRBCCEENETTljQoaBCA5iFpJZBIJKCPlk5F+4wGl6MbJj51vvVp9MTn1RMvm/QbpiZ/P+Xr8YAwuuTWwBDAlCAx2q80AeJYoDsfuq5B02o/uKX6INTNewMioqVkbDr2dKabNq7r+oLeeJ3tPAvZj4iIqJbxkY5mNeJLVnvVGCklXMeGnFKpqiZ9FkLMuah5FPRNvl4gPGiej2QyCdOypjl+bYqCVzkaLEpAjVZAjFaBTr09588wDCSSyVitiUVLk1AK+QBosuovfhQKMOrvxyIiIiIiqlkMH2lGDB5rz1jwOLZ+EaBw4uhpDFwfxI3rQwCAVWtXYNWaFejs6sDkwFCb9P2Jo6fx7NP7cOHsZdy4Pog9d+3A/Q/dhc3bNgBQ8DwPQRggmUzV9FRsIQQ810W0AsXMt8fY7TnT5cV8L6WA69jQdQOmZcE0DGg1fNtRbRsLIC0dMOpgqp+Egi8AUwcMpo9ERERERLHB8JGmlQ24vl2tUVLCsW1AKRQKDp767o/xL99+BnbBmXb/TEMam7dtwKo1K7F5+4bxqOzi2cv4ydP7cOHspUn7P/ujfXj2R/uw564deO/7H0dXdztEKGCHBViJaCp2raxVFK3fFCIIAkgRdWvTtKjIc3xyuqYwcWa1pim4ArBDICeAQCmEEtGHAgTU+NehjPZvMoEmE2gwgSZTocGIji+EgJQCnoqmc5mWCcuqnduP6keoFEIB1Hrl8kRKakixuJiIiIiIKDYYPtIUuUDNez07qr4gDAEoPPv0fnz+c1+bMXQcYxccHNh3GAf2HQa+VPx5Duw7jBNHT+ORRx/EY+9+EwANYeBDhAESyVQs1i0am0ItpYimT49+BkanVquba1+OVTQGUkO/p9DvAQO+Qj7UkBcKhRDIh0BBAIFc3LiWpYA9LRp2twIZQxsNOBUC30cYBLASCVhWYtE/P9FSJpSCUBqnXhPVhBAjZ4/hmSODGPSjLUYigzXbN+K+ta3g+whERET1ofopAcVKns1latJYgHW+71JRweNi2QUH//TFf8azP9qHD/7mE9i8bQOUUnAdp2pVkEpK+EEAEYaQspiUMPo93zeksG9Yod9TmLysY+n/Dq66wHdchWcHgY0NCr1pDavSCt3J6P/Qcz2EYVjzU9mJqi2QilOviWIvi9deOILnLvuTtgrfxpkDB3Hl2gY8ek8vGqs0OiIiIiodho80rhAqhAwea5IIQ9y4PoCP/9Enyx48TnTj+iA+/oefwJ67duCJDzyOzq52hIEPKQSSqcoEaEophGGAwPdHKxond9S+1UgAXHCA87bCWRu44pZ9iFNkA+ClYeCl4Wi8m5uAu1o1bG4CpBBw7AKsRBKJBKsgiRYikODUa6KYc069hhcu+wBMdG3ZgNdvWoY0bFw8eQw/Pp6Hc7kPz5xqx6O3Zao9VCIiIlokho8EAHCEQlCCbr5UHWEYzrq+Y7mNTcV+7N0/hze+5QEIIeDYNhKJBKwSB2hjU6qFEJBCIAxDADfXbHQEMOADgwEw4ClkwyhwHPvsLXLqdDmcyAEncgpbm4A3dGnoSQKB7yEcbejD7thE8yOUQig1mCwgJoqpYbx6Jg8BoGXjTjy6tXl0ewa9W+/A28UL+PJrLq6fOYfB27aivZpDJSIiokVj+EjwhIInGDzWslw2h+ee3l/VMdgFB5//7NdwYN9h/Pb//qvINGTg+x6EFEgmUwuahi2EGA8Zo+9DTGgJg4lrNl52Newbktg/VMIfqsKO5aKKzJ/t1nBXmwYlZTSV3bJg1VBDH6I4CJSCCf7NEMXTAAYKAJDB+vHg8abGre1of+0yBgs2LgIMH4mIiGocawKWuEBGVY9Uu3zfw09+tK9qVY+3OnH0FD72O3+M40dOQSkgDEI4dqHIdRhvGque9L1oHcQwDKFUVPk48fOpvMKXLil88kxtB49jCgL4+hWFL12SGPSjn9P3fTi2DTEawhLR3MIYVjkT0a10TNtVxtDZbIaIiKiOsPJxCZOKwWOtU0ohCAK8sv9wtYcyiV1w8PE//AQeefRBPPGBx6GUgmMXkEgmi+7mLISIapZGC5cCGa2VmBXAZQe47CpcdoAb/mxHqV0HR4BztsLDXRruaAWUknBtG4ZlIplIQmNDGqJZses1EREREVE8MHxcwlyhINlgpmZJKeG6Dgo5GyeOnq72cKb1L99+BsePnsavfeS9WLV2ZdTNOQhgJZIwzdnvfkzTxD9fdHGyEIWOubBCg46R4QD42mWF03ngoU4N3cmokjQMQliWhUQyyanYRLMQSsHg3whRbORPH8C3D2XhjD/9zOPAV5/GgZmvEV2umejduRM/u2HqFG0iIiKKP5bOLFGeUPDZYKYmhUEA17Hh2AUoKfH97zxT7SHN6sLZS/j4H30Szz29D5oWhaae68AuzD4V++VBgR/eAC45SzN4nOhQFvibcwrPDwESUXOdMAzgOs54h28imorF/URxch7PHZkYPM6DCnHxyGkcL/mYiIiIqBJY+bgECRVVPVJt8X0Pge9jYtZ04/ogvv+dH1dvUEWyCw7+5pOfx4H9h/HBjzyBTEMaSkk4dgHpTAP0aaYQD8SxLXUV2QL49lWFfUPA7c0a7u8ADCXg2AWk0mnoOlfHIrqVkJh+PTkiqoIAoQCARux5xx3YVfT1TuPbX72I60KiTldaISIiqnusfFyCXKHA6LF2KCnh2PZ48Khp0cdPn9mHP/wP/yU2jWaKcWDfYfyH3/1jfOPL34NjO1AK8D132n3XNPDuaTrXPeD71xWevKAwFGB0PU1n3g19iJYCwcpgoiXFu3oGp87l4N3an82+gVNnLiJr33qFHC6cOYPrWW/yduEhe+4MTl2deqxYnoOIiCjm+Op+iXGFQsDp1jVDKQXXdSCEgFJRpePnP/tP+Nhv/zE+/YnP11TwOMYuOPinL/4zPvY7f4wD+w4jDKOu1o5jwy7kkc/lkM/l0Gu4eH1ntUcbX6cKwJMXFM4WxgJIG2EQVHtYRLGiwKnXREvG8x/H1gffhjc9cg92//krN7eLF/Anux/Em978Juy+77/h5fELLuIff/0ePPTmt+GeO/81vn795lUufPkj2P3I2/CmB+/Bb37jRszPQUREFH+cdr2ECBWt9Ui1w/c8SCnh2KPTlvfFq6v1YtgFB5/5i8+js/s3sXrtyvHtE3tDvKFbQ2sC+Opl/t5Op98Dnryo8NhyDTubFbzRKlLTsqo8MqL4YNMZovjLn3wJ3ziahw8Ty7ftxJs2zb+xTHboZrLnTSwyLGTRP/a1PXHidg7XL9z8zp1QZZgdunTzm0nb43gOIiKi+DP+4A/+4A+qPQiqDFcoVoDUkLGqxxNHz+BP/u//jgtnL1d7SCUXBCGOHDyBN77lQQCAJkKYBQe6H8DK20hks1hnD2ODLGCfbKzyaG9SQkCKEEoEUCIEpISSAkpKQAM0rXJF5aECjmSBpK5hVVohDAU0TYNhcKE7IgDQocHSGT5SbSsUCmhsjM/j4HSuDwyju6Ntlj2G8NrxLGwksHzrCvSMbz+PHz3bjxEJABL5QRupzcvROef1Jkt2dqFdeEiuvR+//u63YXv3aI1FshvdHQKu1YsHfv29eHxb12j1RTPae5oB0YDb3/1ePH7/GrSMPny3tC9DixTI7HwXfunx+7G2Oc7nICKqrLnv76uvFh43lxpNsVXqkhBIhULI/+paEoYhXjt2Ch//o0/W5PTq+fjDJ96I29etnnWf78tGfDk1+z7lpJSC8BwoIaBbCRiJ5Bz7S0ApaBVsBPMzHcDP9WhQCrAsC8lUqmLnJoorU9PQaDF8pNp27do19PTMFLvFw5GTfdi+ad0se4w2jpnScOY8vvf1PlwZq/4zmnHPY3uwZc7rERFRNcx9f199tfC4udRwzcclYsqC1RR7Ugp8/nP/VPfBIwC8+NoFyDneB3mjnsdup3/WfcpBKYXAySN08tANE1ZD05zBIxBVP44HjxV6j+cnA8BXLkXnCoIAnjt9Mx+ipYStmIjibjXu29KIhAZAM7F8y4YJwSMRERHVA1brLwGeUAhZ4FpzbvQP4sTR09UeRkWcvHwDYRgiMcdahT+jhvEKuis0KkD4HoTnwkgmYSQWUUVYwfXmDowABaHwK6s1BKMNaBLJJDSueUdLVPTGBn//ieKscdMdeN+mao+CiIiIyoWVj3VOKsBj2UdNeumFV6s9hIpx/BChnLs8d7sZYrM3UPbxKKUQFHIQgQersWlxwWMVnMwDf9Gn4EmFIAjg2Da4wgYtZZK//kREREREVcPwsc75Us05nZXiyXW8uXeqExcGRiBEcSn5neFwWcciRQhvZAi6aSHR0FzR5jGldMkBPnEGGA4BKSVcx2EASUsWw0ciIiIiourhtOs6JlXU4Zpqk5RLqWS1+N/Te7QCfhjkcNlqKvkopAgR5EdgZRqLWtcx7oYC4M9PK/zaGg0rUgKObSOdyXAKNi05Epx6TVR9FkwDgMjjwFefxoH5Xt3QkSjDqIiIiKj8arOkh4ris9SjprV3tlZ7CIsipUAY+ghFEHV+nsWKtuKDRMs0sdrPLnZ4U0gRIihkYWWKayhTKnPdNovly2gK9ulCFGjbhcISC7aJWPlIFA+rcd/2ZqQX8j6AZqJ3OxvREBER1SpWPtYpVj3Wvp27t0FKAX2sY3INESKEqSvceVsvbmTzuDAwAj/wYZrTNz5JW/P7GdcrG8+XarAYCx5zsDJN0M3Zm96UWqWmdX/2vMK7VwK7mgHHLiCdydTk7xbRQjB8JIqHxg178J4N1R4FERERVRrDxzrlCgWTUytrWu/KHnR0tmFosPRVfuWklMK6rmb83mMPYXl7G0zdwIht44vPHsDXXzwMw7RgGtaE/SXWL2tHco5O1xNth13SMQeFHMxUuuLBY6V96RLgCeDedg2B4yKdSTOApCWB4SMRERERUfUwfKxTGZPBYz14/OffgL/9m6+iltYqa06Z+L3HHsK6ZcugjwbgXS0t+OijD+OB7bfhr777LE5dvQFdN6AAJAwNb9m7BYl5hI9NuoZeP4uLieZFjzf0HCgla66j9UJ946pCoIC3LNMA30E6k4FhMICk0hjL+Cb2NlITP6uJ29Sk1V6Vmrz//I+HaY4XnYNvxhERERERVQ/DR6IYe/StD+NvPvXlmqpOe+sdm7Gyo2M8eJxo55pe/LffeA+eO3oKT716AkopvPPeXVjd1TWvc1imidv8odKEj64NM5le9HFqyXevKQRK4rHlOmzbRiqVgjWP8Jeqo1zBHtRs4d1sYaCacjkREREREdGtGD4SxVhzcyPued0u7HvxSLWHUhQpBW5fuxKpxMz9KHVNw89s34j7tt2GMAxhGDqMBYSrK6W7mKECAJQUkEEAo6lt0ceqNU/1KwRS4p0rNDiOAwBLOoCcLdgb/1pNjtvmDAMnXWe24003BgZ7RERERERUHxg+EsXcjp2baiZ8XNnRjN7O9qL21TVtXlOtb7UG3oKvO0YGAYxkCppemaYvcfPMDYVAAk+s0uG6UZhbjgByfkFc6YK9aa+DaF3SW7cRERERERFReTB8JIq5Bx68E5/59FdQC+s+rulsg2lWZop4ly6RliEcfeF3YyLwYFgzV2kuBT8dVHClwBO9Oty8jWQqBSuRmLkqb8I3s62zd+t2IiIiIiIiWpoYPhLF3IoVPZBS1sS6j53NDbCMytytGLqOZUEefcnWBR8jqnxcWus9TufAMOBJiSdWavAdF2YgkEwtjQY8REREREREVF5Lc64hUY3ZuXNztYdQtEp1TrZME8vC/IKvr6SEFCF0dnoGABzNAn93QUEphSDw4bmLX1OTiIiWDl3XIYSo9jCIiKiMhBDQl+iSVbQ4/K0hqgFSymoPoSgnL99AGIYVO1+XXPi6j1JE49RqoKK0Ul7LA585B0ilIQgCBpBERFS01uZGXL0+yACSiKhOCSFw9fogWpsbqz0UqkGcdk20APNrhqGmXn7LmnkTt0+3zl7X8i4cO3ZmscMuu4sDWWQdB50V6prcsYjwEVIu2UYzs+mzgU+dU3j/Kg2ADwCcgk1ERHNa3t2BK/0DONl3sWbeNCUiouLpuo7W5kYs7+6o9lCoBjF8pNhZTGdc4GYgOG2zjGnCwqnHnO461W2g0d7ZVqUzz4/tB/j8T17Bbz/6YEXO16MtvLpCKQloDB+nc9EBPn1O4ZdXaWhBACklUuk0NC3+TY+IiKh6lnd38EUpERERTcHwcYkpNti7+UkVHewVf8zpu+OyM+7MVA3dOP9y8BR2rFqGh3duKvu5OuFDw8JCYaUUw7RZXPOAvz2v8Iu9QFcyhGPbSGcyvM2IiIiIiIhoXhg+1oF8MM203rGvY1C1R3ETNRSRcrRqUNOg6wZMwypZsPSX33sBG5d3YWWZKzYtw0Rb6GDQnH/Hak3To+pHmtGAD3z2PPC+VRpWpiQDSCIiIiIiIpo3ho81zpcKYS2VxVHVCSHwlr2bcedtq9CSyaB/OIcfHX4Nz588B8tKQi+qAYuClGrGTme2H+DLz7+K333bQ6Ud/C00TUObcBcUPuqmBSUEFNd+nFU2BD53XuGJXg3rMgJhGMKq0JqeREREREREVPsYPtY4jw0Fl4RSFprds7EXv/LwXWhtbAIAbFsNPLxrCw6du4g//dL3MOIEMI2Zw6Uw9CHEzY7WmqbDMEwYxuS7k/PXh+AHARLzDKqkUgjDsKjrWWZU+QjMv8JSN01oug4Z+jASbKgyG0cAf39e4T29GrbqPsNHIiIiIiIiKhrDxxonWPW4JJRymuudt61Gc0PjlO071/Tik7/5BP7ki9/Fq2evwjSt0crG6NxSCoRhgJ1revBLD96B1V3tOHd9CK/0XcI/HziG4YIDw7CgaToABT/wEIjiQsSJPN+HMY9KxLbQndfxJ9JNCzIMYSQWfIglI1DAkxcUPrJOYF0iYABJtYUrBRARERERVQ3DxxrmSwaPNH+OH0CfIcxsyWTwnz7wTnzlpy/ji88ewFDeGb8slbDw8/fuwjvv3YWWxibomoa2pmbsXr8Gv/L6e/DV51/Bd146iksDI2hrTOOJB/YgYc4/oArCEEai+DSwU/nzPscYM5WGn8/BTGdGQ1Oay/4hoDfjMXykmsK/biIiIiKi6mH4WMN8TrleOkpY+Xh1KDvnPu+8dy/edudOnOsfwMWBIUgpsXtdL9KpJDLJqVOUDd3Au++7A+943W64vo8gDJFKJGGZ87+L8cMAqXmEj80qnHunGRiJFHTDhnAdmOmGBR9nKdk/DNzZJln9SDWFPZKIiIiIiKqH4WMNY6OZpSOTKc2ahGHoY+Oy9qL2TVgWNq5cho0rlxV9fEM30JCaf/OXMUopBGEIcx6hZQaLS+GNVBqhU2D4OA/7h4CVaQ+mabLzNdUEVj4SEREREVUPn4/XKE65XlpWr+td1PWVUggCF3dtWIm9G1aXaFSl53geEqY147Tw6TRri/tbMJNp6KaFwM4v6jhLyf5h4JIj4boOFN8EoRrAjJyIiIiIqHoYPtaoQFZ7BFRJt+/dASkXXuFnQOBdr9uF33nrg2hrbi7hyErL9T2kknNPuRZSwA8COJ4HK3Dm3H8uicYWAIBfmHtKOkX2DwEiDOE6i7/9icpNY8cZIiIiIqKq4bTrGhVWofLR0jVYOpDQa/tFnFJR5agnAVlDVVubtq7HqRPn5n09IUJ87F0P4/Z1qxY1JbrchBDwwxCtTVE4GgWMIUIhIKTAjXQzhswkBhMNGNaTGDaSGIaFYaFjkTOvAQBWphGha8PPj4yHkTSz/cPAhgZge3MIIQQMw6j2kIhmVOMPW0RERERENY3hYw3ypUKlIzNL19Bg1serN00DkoaGpAE4IeDVyBT2B3/2Ppw8dga6Pr+QZ/f6FdixemWsg0cAyDlO1GimtQVBJo2v5ZMY1BMYViaGhY7hYHRHhShsLEPDJTOVgfA9+IUczGQK+gK6dS8lX7gE/KKuYbvhIZ3JVHs4RDOqj0cvIiIiIqLaxGnXNSis8JRrQ6uf4PFWSaN2fq43vfX1aG1vBuYZPa/pbJtX9+hqEJYF83V3IvnmR+Dt3AZndS+uJBrxipPAWXdC8FgBRiKJRKYRwnO5DmQRnh9UCMOo+pEorl/yGH4AACAASURBVFj5SERERERUPQwfa1Cl13usoXxu3nQN82puUm0f+I0nEITzT+ISVrwr+MTG9TBaW8e/dwKBS9VcSlDTYDU0QTct+PkRCN+r4mDi7UwBeHkECIMKJsRE81A79/BERERERPWJ4WONCaRCpSdd13vFSC39ePc/dA/e8Z5HEYQ+iq2AlDLe3YlETzdEe9ukbZcLIbJhlQY0gZFIItHYDBkG8PNZqJjfltXy/CBQ8PzY/67R0lRLbzAREREREdUjho81ptJTrgFA1MaSiAtWS01nAOCXP/QevOmtD8H3PSg1+y+EUgor2poqNLL5U6YJf8PayduUwmUnTv8nGqxMI8xkCoGdQ+jGuLtzlX6Xr3nA84MagsCvyvmJZsPokYiIiIiouhg+1pigCtlCIBW8Ok0ggyo07ymFD//uB/G//f5vwTA1BIELIaaWCUopYBgS63raqzDC4vjbNgP65LshKSXOFOL3v6JbCSQaW6BpGoJCFsJzqz2kqTQNwvcQOoWKn3r/sELeDaBqLMyn+sfCRyIiIiKi6mL4WEOEql6VniMUghrpCl0sVygUwtr9me5/6B781ZP/H375Q+9BS1sjPM9GELgIAhee78C0dPy7/+f3sH7rpmoPdVr+lo2QzVOrMkUY4oxdhQEVyUimYDU0QymFoJCLXQhpJJJQSsEZvAZZwUrE4QA4lFUQYQzmyxNNwCc6RERERETVpSmWqdQMTyg4Va5A1DVtygu5a67EyowOS9dqpjmNGv1H4ebKiVIpBBLwazRkPXWyD4cOHEEhb2Pnnm24fe+O6AIpkTpwCJoTn+nC/sYNED1d017WN1jA/zhVO52TZeDDt/NItcSrwtTLDkH4HgwrgWRzW0XKv9ZmgA+t1dHQ2Fj2cxEVK2VoSNXKgxPRDK5du4aenp5qD4OIiKgm8HEzfsxqD4CKF4eZz1IpTFxlMGVo2NBkVG08C6WN/jPx5aihabB0IKk05CrdUrwEbtu0DrdtWjf1Al2Hu3cXEsdfgzEwWPmB3cLfshGis2PGy8/ka++2jyMr0wQZBhCBD3vgGqx0A6yG8q7/edYGTuUVdqQFDKP27heoPjF3JCIiIiKqLs5GqiFxCB8n0jUNiTpshW1oQINZZ38amgZ/6yaEvSuqNgSVSsG7fceswaMQIc7FcL3Huei6ARkG1R7GJLppwsrcDBsDp4DQK3/166sjCr7vlf08RMUyuOgjEREREVFV1VnCUr+kAkTMZsibGlCH2SMAwNKjcLXeBGtXw9+6CSphVfS84bIeuHtvh2yafTpuGIQ4G5/Z4UXRrQQSTS2QIoRv5yq6zuJczFQaRiI1/r2fGyn7OQ9lget2CClZwUrVp6F+H6eIiIiIiGoFw8caEcYseATq/wVdvf5xiI52uHfuQbiy/FWQKpGAv30LgtvWFfULc80Oka/RfiVmMo1EpikKIGNUBWmlM5O+D+x8Wc8XKuDVESAM4nMb0NLFqkciIiIiouqr13yl7sRtyjUQVWPWs7qu29J1BOtWw71zN8IVy0rejEQ2ZOBvvg3u3Xsh2lqLvt5Zu3Z/qdRopV+ioRl+bhiIyRsGupWAmUqPfx+Fj+Ud26EcEMQogKWli+s9EhERERFVHxvO1IgwhklYIKMAsh4rIAOpIGMSHpWTSqUQrF+LYM0qmNcHYFzrh55bWGWcsiyIrk6Iro45p1fP5IJnAKix0kelEHoudMOApiegmxbMdAPckUGkWmde37KSzFQDQs8dD0T9fBaJxpYp+4WuDTOVmbJ9vq57wCtDEncnAlhWZaf4E01Uj49PRERERES1huFjDYjjeo8AoKDgCCBjaKUunKsqTyg4cSw1LSfDQLisG+GybkBIGNkstHwBum1Dc73oY3QarTIMqGQCKpmESqcgGzKQTU1QmfQcJ5nbsF9bt7sSAr6dgzc8gOZVG8a3m6kMlJRwhwdiEUDqpgkrlUHgFAAAoevASjdCm9CROijkoJlzPyQUG1AeygJ72xk+UnUZTB+JiIiIiKqO4WMNqHYOFi3Yr2G6l3BKAWfyAiszOixdi/0UNzX6j5r4/ehnpRQCCfj1Pp98LoYeTZWex3TpUlmeMXA6Jyp+3oWQgY/+Qy+ga8fdSE4IHsdYmaj60x0ZRKqlvdLDm8JMR9WPSka3r58fQXJ0XML3EDgFpNu7Zz2GnxtGoqm434uTeeBcPsSmlISuc4UPqo64PyYRERERES0FDB9rQDWbzSQNDSl99srGRsuY+cKY0QC4UsGtdqJL03rnmhSGPIkjw/Geei18F6HroPv2e6EbM9+NWplGwM7Dyw4h0dQKrYolwpquw0xnEBRyAAAR+JCBD91KQAY+jEQS2iwhoZcbgplqmNc5j+aAdS0+ksnU3DsTldhMb5oREREREVFlMXysAaJK6z2amoZ0HZaNpEZ/JgaQ8fShTRn83WkHBwbi2bAkdG0oKZFsbitqfyvTCOG7CPIjMJJpGIlkmUc4y1hSGQjPgQyjcNfPjyDV1gVoGoxZAkI/PwJN02FYiXmd73AWeL0bMHykqqjDhy+imqNiuGwQERHNTzULKKh+cC5czClUr/IxZdbvnYzJdcBi7Vc2pLG3I35rBQZ2DppujE+pLpaRSMFqaI5CSHthDX1KQtMmVS9KISA8F2YqPWOw6BeyEIGPREPzvE83HACHcwpBEM8gmeobw0eiylJKMWwkIqpzvK+nhWLlY8xVq+oRqO8XbvX8s9WLd61NoS8vMOTFo9W7nxuB1dAITV/YMgOariPR2ALhufDzIzCs5KzVhuViptIQngMR+AAALz+MTMeyafcN7DxCx0aypQ0L7Sp1JAvc2e6z8QxVHO/niSpHKQVN08ZflN76wpQvVImIas9YxePYffjY92P396yIpPlg+Bhz1VzvUakF5w2xx+fA8Zc2NLxvXQqfOG5XdRxKSgjfRaKppSTHM5IpGMkU/NwwpAjnXUVZCmY6Mx4+QgGhU4CZnryeY+jaCOw8Eo3NMKyFTxU/mQfO5wU2svEMVZhRrw9gRDEz9qJUSonjV/L49DMX8GLfCLwgHm8eEhHR4iUtHXeva8GHHlyFLcsbGUDSvPGVYMyFVXzeFtRx1+dqhrpUvNuaTdzVWdqKucSFPiQu9MHqv1LU/kpKmKlMSccAAImmVsjQR+AUSn7suRiJ1KSqS7+QG++CDUQNdfx8FlZDU0l+9sNZIPD9RR+HqFgaAK6uQVR+Y8GjUgrHL+fx4c8exo9PDjF4JCKqM14g8eOTQ/jwZw/j+OX8pPt/omKw8jHmqvnUzREKyTqdt+aKufeheNjRZmHfjYWtGah7LpKnjiL52jGkTh2dcrlMpuCvWg9v41Z4t22DnGYatG6W727SyjTByw5BN615N3NZ9LlTGQjPHf8+dAqwRtd1FL6HZFNryaaFH8kBP+sHSKbYeIYqQ+e78ERlN1bxIqWEUgp//fR5ho5ERHXOCyT++unz+LMntgIAdF1nBSQVheFjzMkqv5Mw7EukDA2WrtX8+llCRdWc7HJdW3a2mdjQZOB0rvjE2BgZQuNPf4D04Zdn3U/3XKROHUXq1FHI5Ldg33E/7DvumzaELAfdtGBlGhEUctBb2iv6oK1bCZipDEI3mtYeODaMRAq6lUCisTRTzMcMB8ChEYXXpQOu/UgVYXJeB1FFjK3vKITA/rPZag+HiIgqYP/ZLIQQMAyDlY9UNIaPMRaXWc+uYGBH1fVrmzL4s8OFOZvP6J6Lph9+a87QcabrNj73FDIvPYvcG94KZ/vehQ53XsxUBqHnQLgOzHTpp3fPeu50dO6xRVAD10ayTBWYR3LAnR0MH6kyTL77TlR2E6sehRDwqrlWEBERVYwXSgghxqseua47FYO/JTHGvI8okjY0/NrGNFKzlN+mj7yMzr/6+IKCx4l0z0XLd76M9i98quh1IedDBj7c4RuQIhzfZlhJiMAr+bnmohsmrAmBp/DcSVOxS+lkHjiXDyAlX5xS+bHykai8Jla6KKV4305EtMSMvfk0hhWQNBc+PY+xak+5JoqTlRkDv7YxPWW77rlo/8Kn0PKdL0MvYXCWuNCHjs/9ORqf+0HJjhu6DtyRQeimBd24WXhuJJIQvgclKr8YqZlqgKYb498Hbvka4BzNahBhOPeORItgahpY90hUfhObDTB8JCJaWiaGjwweqRgMH2OMT+OIJltheni48+b3jc/9AJ1/9XEkLvSV7ZyNzz2FjhJUQYaODT8/AiORnLKmYhRGGhBh5TtCa7o+qfpRBgHCMnXgPpwDPJZ0U5mx6pGossbWfSQioqWD9/00X3yKHmNxWfORKA58z4MUAvc3uOjd9wN0/48/QuNzT5W02nEmRv8V9HzxU9hy7LkFXT90bfh2FlamEcnmtmn30RNJyKDy4SMAmOkG6ObNtRgD14aSpa/CHA6Ao1m+rULlxfUeiSqHVS9EREsT7/9pvthwJsZYIER0UxAEOPPyUfzwM19GaLsVf+ckdFwMf+tb2HauD8df/66iO2KHngMASLf3zNrN2ko3wMsOQXgujAp1257ITGXg50cAAEoIhI4Nq6Gp5OcZDkp+SKJxuqax8pGIiIiIKGb4FD3GuOYjUUQKgevnLuG7//NJeHb5Kx1nM3j4KHq/9CkYI0NF7W8m0zBTmVmDRwDQdAOp1k4EbgGha5diqPNiptIwJnS6DpwClCj9+oytCT7sUPnM0pOKiIiIiIiqhK8CY4q5I9FNSins+6enqj2Mcf6VK+j+uz8vOoAslgwDpFo6IDwXgZ0v6bGLYaYbJn0v/NJ34G5JGnPvRLRADB+JiIiIiOKH4WNMVb7nLVF8CSFw+WT5msoshHJd9H7zyZKtOekXsgjsPJQUSDS1Qvju+JTtSjESyUlrP5YjfOxI8mGHysfUmT4SEREREcUNXwXGFKdcE93Uf+5y1adbT8e7cgXbjj2LxeQdMgxg37gKTdOQaGyGphtRB+pME4JCHkpU9q0IM5ke/1oEfkkbz6xt1NGZ4sMOlYehaTCZPRIRERERxQ5fBcYUm80Q3eTmKz8FuVi5557Dry4PsKVl/v27QtdG4BSQau2AlWmCpt+ckmwkkjCTqYpPvzaSKWDC+pQlq34UIR7o5EMOlQ+nXBMRERERxRNfCcaUZPhIBCBa7/Fa38VqD2NGnu3CO3IEv7E5g8dXF9mlWil42UFohoFkU+ukqc4TmakMhO9CBn4JRzw7TdcnT70uwbRy7+I5XPn0f0fu8IFFH4toJuxyTUREREQUT3yqHlOsfCSKBL6P3MBwtYcxq4vHTgMAHlqWwEe3Nsy6rwx8iMBHsrkdhpWcdV/NMGAkUgj9yk45nxg+ygVOu/avXUZu/7Pof/KvcfkT/wneudM4dOB4qYZINImGaNo1ERFRXNy5rhVv2NqJTILN9oiI5j9PkCpCB6DzhRQtcVJKCN+LXbOZW+UHhmCO/r1uaTbxkc0N+IsThWn31a3EvI5tpjNwhweQyDRNmg5dTrox4aGhyPVn/SsX4Z3vg3uhD96FPgTXr908nm7ANBO4cPYSNCFgmHzoodLjtGsiIirW7z+2EW/f04Njl/P46GcPwfZLu8b2o7u68e/fugHphIGvvXQVf/rNUyU9PhFRreErwBhSAKBFlRwaorxh8tfaNNuI6k8+72Dg1FncOH+l2kOZ1cCFK2i0bv4V3tVp4uyIhu9eXXwJ81gVoggDGPMMLhdKM26+Q2+mMtPu41+5CPfsKXgXzkZh48D1KfvougHDsKDrUZH92TMX0WBpMNkVhIiIiKpMA9DVlMC2lU3Y31faWTa2L1DwBJQChu2gpMcmIqpFDB/jSAHhrIs+znzZpGCSASbVMMdxIITA95/8ZrWHMif3lk7cQghsmD6zqwnCdca/Hut+7V+5CPfMyaiy8XwfwuHBSdfRNA2apkPXdWiaMR443iqbzaO9vbV8gyciIiIqkW0rGrG2M4OzN2wcvTy1CeC2FY3obU/jlfNZ9GdvNun70fEB/Oj4QCWHSkQUawwfY2gxtVIK6uYsyVkPxACT4svzPARBgP3few79Ma96HOMWHKQaoqBO13V8/UrtLtwaeg6C/isILp1Hvr8f7oU+iOzUigBdN6AbBgzdQLF//dlsgeEjERERxdqO3ib82zevx/aVTdAQvXI6cimH//LdMzh8MYd1XRl87K0bsGdNCzQAfijRn/PR1ZTA5569iNdv7cBt3Q2wfYG/f+4SPvX0+fGp3q9eyKK9wUJve/S88cXTw/jYPx4r+dRvIqI4YfgYQ9WOLBhgUjVJKeG6Lg79+GU8VQNVj2PGgkcAGPCBC84sO8dY/thBXPn8pyALeZhmAroeTcG+WdV48/NCZLNTqwaIiIiI4uTDD6/B9pVNGLEDvHI+i92rm7FjZRN+8w1r8FufO4z339+L3atb4PgCr5zP4rbuDHrbUnADibwbou+6g5VtKWQSBvasaR4/rgbg9lXNEFLBDyWSpo6dq5rw6O3d+NK+2njDnYhoIdjtOoaqHT6WgoKCVApCKYRSIZAKvlTwhIIrFByhYIcKhVAiH0jkAolsIDHiSwz70eesr5ANFHKBQj5UKITRdZzRY3giOmYggVBFHcKlqo/bbykLwxD9F67iB/9QO8GjvKUpSyGs3d/Cwae+CVnIQ9N0WFYSppVEIpFGIpGCaSZgGOaCg0cAECHf1SciIqL4emBTOzYta4CUCt862I9//4Vj+NbBfgipcFt3A955xzLsWtUMXQMOnBvB7z15BN94pR+BiF7/jNgh/q8vHcfVYW/a41/Levg3/3AUf/DVk8g6ISxDR0djZdb1JiKqFlY+xlCRzWXrmkIUYGIRFZhRJaU2XlU5bROf8W2swIwLpRS+8l//bso6inGWTCcnfb+20Zhhz4XRdB2QsqTHnI5/9RKCi+dhWSmYpgXTLP0TYcMo7W1DREREVEpNKRNJS4dUgBtEz78GCwFCqZC0dCxvTSFlRW/EDuTn30zG9gSePz2EO9e1wgsl0gk+NyKi+sfwMZaYPpaCQhRkTdow695TMcCsvPPHzmDkxlC1hzEvPWtWTNm2pkHHuUJpAkPNMCClQLmfmuZffn58mvXYZyIiIiK6ydD5DJ+IaL4YPsYQo8f4KEeAOTGUZIA5Da32fuJl63qnbHukR8d//sRXYHV0werogtnZDbN5/o1WZOADSkE3yn93XTh6EMDY+o7lCR8bm2q4DTgRERHVvZwbwgui9RjHKhzbGyyYugYvkBhxAoQieoO5o9ECADCPJCKaHcPHGOK06/pSzgBz7GugfgJMVYN/ABt2bJyyzT95BCPPfG/SNquzG1bXMlhdPbA6uucMJYNCDkpKpFo7yzLuiQqHDyAcvAGgfFOjW1qasH79qrIcm4iIiGi+Ohot/NkTW8e/D4TCP/z0Es4NONi9uhlv3tmF7uYk9q5phqFrOHPdxmd/chG7VzdjeWsKd61rxT/+1h3obk7AMjQEC1zamuElEdU7ho8xVHvRC5VbJQLMSUFmFQPMletXQSoFvQoVkFJKCCmgABi6DqOI6j8hBTbv2T5l+4njfTDNBJSSUEpBKYngRj+CG/3Ascn7Go1NsDp7bgaTXcuAMIBz7TKSK3qR2LKrRD/hzOwjr4x/Xa6qx917ts69ExEREVGZXR3x4I12m85MWHNxxAkxkPfxlz88h3/36Aas68rgke2dUADOXLfxlz88BwD44otX0NuexuqONNZ0ppF3Q0gFhELBC4tbdsf2QnihhGloWN2RLsePSUQUGwwfY4jhI5VD1QPMCZfNpqG5EYl0AqE7/wW8F0oqBT/wEcoQnW0tSCVM9A+NIPBDJK0EtFkG3rWiC6mGqU8Yz5+7DGPaqdJqNIxUkFJCKQlZyMPN5+CePTVpzyDw0P7I29FY5vBR5LLjU6513VhUN+vZbN22vizHJSIiIpqPTz19Hp96+vys+zzxiZdx57pWdDcl0J/zsb9vePyy504N4bk/fwn3b2yHF0rcsbYF77+/F14oMeKEAID3fuLlScf7j19/Df/x66+Nf3/0ch4f+dtDWN6SxMEL2RL+dERE8cPwMY6YPlJMVSrA7F69ApdPnitqTFJKKKiiqhRnur7tu7h3zxa84Z5daEynYZomXN/Dt5/ehxcOnkQmOfO70ctX9ky7/eqV6zNcQ4t+fm1qheFYhaRSMrr1NMC/WNztsBiFQy9DBT6A8jaa2bKF4SMRERHVjomB40SP7enByrYU9vWNQCmFu9e3wjI0DOT9Ga8znf6sh/6sV6rhEhHFFsPHGGL2SPWsmABz5ZbbZg0fAxEiFCGEvLmwjqbpSJoJmPNYrzAQIaBJ/KtfeBO2b1gzKcBMWhbe/aYH0N7ahO/9+BUkrcS0x2jvap+yLQxDDA/nix7HzZ9Bg6YZwGhfa13TEVwof/hoHxtrNKOVLXxcsaIbW7YyfCQiIqLa98j2LtyzoRUffODmWtY5N8TXXr5axVEREcUXw8cYYvhIS13PLE1J/DBAMmli76b12NC7DKtXdKEhncahU2fxrR/ug+N4c06VBqLgsakxhV94889g67rV0+5jmSbe+Lo9uHxtEMdOXZo22AxvOY8QArZtw3HcIn7S2QkRovHOBxZ9nNl4F8/COX0CwNiU6/Kstblj56ayHJeIiIio0j75g7M4erkDG3sa0Npg4bWrBXzv8HW8dHak2kMjIoolho8xVIPNfolKKtPUMONl63q78avveCPSqdSkpjSv27kVO29bi289/SKeO3AcKSs5bViolIIfBmhpzuDD730zetqnVi5OZOgG3vvoQ/h/P/MVFPIedH3yeoiBpiMXqNGGPAqObeMf//6bkHJxf8hChDA7u9Hx9vcs6jhzKbz60vjXul6+h4RdtzN8JCIiovpw9HIeRy/Pf5YLEdFSVZ6uArQozB5pyZvlj+ANr7sdDen0lG7YuqahKZPBux75GXzo3Y/ASuhwfBeBCCGVgpACfhjA9l2sWtGJj/7i2+YMHsdkkkm8++fuh24CQRg1wpFKwQ08rNqzFa7vIVQKrh/gRz98Ed/42g8W/KOPkVKgYefeRR9n1nM4NvKj4aOuG1OC1VJi5SMREREREdHSxMrHGGL4SEudEGLGy7J5Z9brWqaJ2zdtwNqVy/CdZ/bh0MlzyBVsWJaJno4W3H37Ztx7+zYkLWteY9q6bjV+91fejs997SlcvDYAANixcTW2pFMYcV0YugEhBL745DfmddyZSCWRWrexJMeaSf7V/RDZaFF0fR5rZc7Xtu0bsGxZZ9mOT0RERERERPHF8DGGOO2alrrlG9bMeNlPDxzHPbs2z3mMloYG/MLPPYC3P3wPHN9H0rJgmSYSljWlarJYyzo68Nu//BhOn7+CdCqJVcu6kBwcgteQhqPr+N43n0Z2AY1mpqOhPGsvTlQ4uD86l6bDKOOU651F/H8RERERERFRfWL4GEOKtY+0xGWaGxEKMe2ajf0DI7gxnEVna/OcxzF0Aw3pNBrS6dKNLZnCzo3rJm1rv3wV/akUfvLD50tyDqUUlJIw2zpKcrzpOK8dg3v2FIDyVj0CwKbtm+CIaF1MDYCmjX5G9MWt24mIiIiIiKh+MHyMIQ2cek1LWxD4aF3Rify1oSmXSaXgeF4VRjWZUmq8M7QuJDouXEL/6HTsxZIyRGrdxrKGj4VX949/bejlCx+bmhuxcdtt8MR092pTt0UhpDZtIKlNE1QywCQiIiIiIoo3NpwholiRQsB1HKx98H4IOXXtxyAM0NnWUoWRTabdMnXbcj387pvvL8mxhRRouqs0x5pOMHgd+dHwUTdMaFr5Hgq27tiIRDJR9P4KUcAslEKoFAKp4I9+eELBFQqOULBDhUKokA8l8oFELpDIBhIjfvSRDRRygUI+iPazRz+c0WN4IjpmIBUCCYQKEAqQim/+EBERERERlRIrH2OJtY+0NAkh4NgFXHWBn6zYDaPlx2gYGRrvwhyEAfZuX4d0ovgwqxykUtOuG/nI7Zvw6rkrGEhm8KHf/gC+9oVv4l++9dS8jh2KAK2vfwsad99dquFOUTj4ElQQde0uZ9UjAGzdWfn1HhWiytRJG+a8xmTTVWACt1ZdTqy01GbYTkREREREtLQxfIwhTWPTGVp6lFJw7AKGfOAzFzS4VhrGY++D9vefQCIMIKVE2NGBNzxQvlCu2HHO1rDmAx96L0Za2wEAP//et+FG/w0c2Hew6ONLIcre5XpsyrWm69DLHT7uKO/PUi6VDjCj7QwwiYiIiIio/jB8JCohDYCpazDqIDEQCghkZVJwpRTsQgFOqPC/LmlwR2dbi+Wr4PzyRyG+9xWo7l44b34Hvggbv6MuVS2UUVAzdqIebO8aDx7H/Kvf+VX81z/9n3jt2Kk5jy1EiNTGrUit31SSsU6n8Op++NcuA0BZO1wDQO/qFVi7flVZzxFn5Qgwp1vfctYAc8JlRERERERE1cDwMYb4OrE2mZqGjKlBr6P/wEAChbC8AaRSCrZdgB1IfOaChqvu5MvF8lVwPvCvAUR/G6+gEX+LZfigulrWcU0nCENY5sx3m94MXbV/7//4LXzuL5/EC8/un/ZyYDSkymTQ8fb3LHqcs8m/+hKAKNAqe9XjztqseoyTuASYY9chIppobP1jTdOQMDX4ZX7OQERE1ZcwtUn3/0TFYPhIVAIagAZrpnq42mXpGhpNDflQlu0cvudBCoGvXp0aPM7kx1oLOhHg7ao03aWL4fo+UrOsNRmaFtxUZsbL3//hX4JtOzh04Mj01w99tNz1BlgdXYse60y8i+dgH42mgBuGVfYnC9t2VH69R5qqkgHmze3ajJcRUX3RtOhF6J7eDF44W6j2cIiIqMz29GbG7/uJisXwkagELL3+gscxpg7omgZZhoVIlVIIwwD/64LC8cL8bsGvap1IQOHn1GDJx3Urx/OQnKPJzUhrO6Q+e9fo+x++d8bwsRKy2QgOWQAAIABJREFULzwDADAME4ZR3rv/js427LlrZ1nPQZVT6gATmL5xz+TLtNGlLBY1dCIqE03ToJQaraTX8b47O3Dggg1fsPqRiKheJQwN77uzA7quT6p+VGxaQXPgU/oYqtcQq57V01Tr6ZTjjkIKAbtQwD+eLqAwmMUe9zp6wvlVTHxB68KfaauQLeP7KLbrIplIzNpkxkumpqz1OJ2de7bjztftmbJdKQmlFKzu5Ysa62yc0yeQf+mn0DQNhmGV7Txj7r5/L1LpZNnPQ7VDIeoUL0Y/QqkQSAVfKnhCwRUKzuiHHUafGTwSxdPEapex8HHriib8yduX447eJBL1sPg1ERGNSxga7uhN4k/evhxbVzRNCh8BTr+mubHyMY40FFFVQnFSob4sVVPqSddSCNh2AQhDPGz3Y5tmR7/3EhgqCHxfa8Oz6WXwtLnvoo5qGfyf2jp8UF3FHSpXsjH6QQDH89DU0DBr8BhYCVzvWQFV5APuBz/6fnQv78a3v/rP49vC0EfHY+9Fw869ix73TLI//REAwDDLP90aAO6+r3w/Cy0N6fIuSUpEizRW9Ri9qWXAsixs723B73cmEQQBwjCEEILVMET0/7N35/Fx1ve96D+/Z5td+2LJm2TZlvHGEpvNkGBSCgkJJC/CaTlJTm+atkm6HHKaU3L7um3uyXLuuWlOF3JvSNM2NyctaZLSFgIkQAgYs5hgHNt4wRbGljftki1p9plnuX+MZjySZkazb/q8Xy+hmWee5SfLHvF89P39vlTD4u/xiqJAVVXY7XaoqgpZlhM/A+I/D4gyYfhYhfjPtvbEukLX53fOsFDUKdemYcDv90MYOppPn0e7MX+hx2ZVxv2YxW7fJB5VV2PA3rrkOQOQ8C3RjR4RwvusadxoeWHLMzI1TBPeQACqLKPR7c68r6xgtHs1IlpuFX53f/QuGLqB5576BQxTh9LWCc8Nt+Y13mz4jx9C4O23YtOtS9zhGgA2bdmAq7ay2QzlTxYCar2XlBPVgeTwUZlryCZJEqLRKEzThGnGfhYzgCQiqj3xQFGSJEiSBFVVoaoqFEVZFD4SLYXhI1ERWABChgV7nU0zMi0gUMTOlbGKxwCUYBANF0eghNJ3mGmzafi98Dn8HZBVAAkAZ2HHWbECe51deLA9BNfUJGR/AMJMH0RakoSox42g3QZ9bAxaKISGJaodAcCUJFxc0wtdyW8K8z33341QKIwXnn0R9r7SNmaZfX1v2aZbA8ANu1j1SIVx1Nl7KVE9WljtoqoqJEmCLMvQNA2GYQBg8EhEVMvi7/GyLCfe41n1SPlg+FiF+E+3NoUMCxETUMVcAxqxsHlCbbCAubXYgPN+A6ucMpSkHyiGBVh5rAtgzK3xqASDaD5zHmLupiQTp82O3/QP4v+2NWY1BRsAtjYreGCdA5bsgW9FrHO0HAhCCochRSIQugFTU2HabTBtNoQFEAwEAQgYDa3oungOUjCY8RqWEDjXu3HJBjOZhEMhbPvAHRjt7IG37+q8z7MU74F9CJ15B4qqleV/DOwOG65n+EgFUCTBtR6JasTCG8/4zallWYkPIiKqbfGgceFH/DWibDB8JCoi07IQtoDwgkUg3YpUMzfTArHwVJWATY2p3yL8enyqeXYsy0I4FMwpeIzrcDpwm/ccnmvoW3LfnW0qHljnWLTdcDpgOBdvNw0DIb8PpinBMGPfoKmOFVh5bjDtNaKqhvM967Mef2oWgsEATgW0kgaPlqFj9vU9ZZtuDQA33boTrW3NZbkW1SdWPRLVlngAGQ8dgcXVjgwhiYhqz8JgcWF3awaPlAuGj0QlVkvBY7ZcikDIiFV7ZiMUDMKMRNB8YSSn4BEAJCFwg34Zzy2x30fW2PHeFVpO57YsC4ZxJXgEgJDmwExTCxqnLy3af6apBZPtK3K6RirhUBjjIQPnjdzGm6vZ119CdHQEqlq+rtPve/9NZbsW1R9NEmD2SFR7ktf8Sq6ISd5GRES1Kfk9PF7Vzvd1ylWdRSL1gf+O64dWx9MH7bLIaip5JBKBEQ6h+cz5jGs8ZtKoSlgbmUn7+gPrHDkHjwBgWZgXPMZdbm2HKc9vtTu+YmVRgkcACEfCOG/YMGOWrp2v4fNi5pUXICtK2f7nYMeN12ATG81QAept3Vyi5SQ5dCQiovrE93rKFysfiUpIrdPgMU4SAkaGqVSmaSIcDMIzPAYlmF/wCACKJKNd9+Oc1jhvu10W+IOrnFjpzC/Ei0SjKbcbkgy/yw3P7AyiqobJji4EnK68rrFQNBpFMBzGeb2hKOdLZ/b1l4CAH7JS2urKZO/7tZvLdi2qPzZZgA2uieoLb1CJiIgIYPhYlfi/afUjh2UR61IkHIbN64XjcvqqxWwoioIheX5Y12yT8NsbHHkHjwBg6AbS/YvzNzRC1nVMtXUiYrPnfY2FwuEQTkc0jBil6zwdnRzDzMvPQy1Td2sA2LRlA3bedE3Zrkf1RUCw6pGIiIiIqE4xfCQqId0CyrfaXnmZVqzBTjqGriMaDKL9wkjB15qWNIwo7sTzbqeMP7jKWVBjCtM0YRgW0oWPIbsDoRUrYcjFe5s0TQORcBjndGfRzpnK7OsvQZHkslacvO/XuNYj5c8m8xdvRERERET1qs4nhdYmTjurH1HTQqQOyx8tAEHDQqavLBqNomFkLOcGM6l812iBay5o3NqsFBw8ArGqTCtD3GEIuajBIwCEQmFcDAuc10s3FTp84Sz8+1+DJJVuPcmFVFXFe24oXdduqm+yYNUjEREREVE9Y+VjFZKEADLGOlRLTnsNNKoC7Xa55teAtCwgYlqImMi41iMAmP4A7AVOtwaAk4aCY/4o1rcIbHYqeGCdo+BzWpaFSESHmaLZTClFwiEM6jboJazxmt23B3IZp1sDwFXbNqCh0VPWa1L90Gr8fZGIiIiIiDJj+FiFylevRMXiUiTIInXValON3VnrJhBKqmq0EAsdgcyVjskMXYdjcqoo42m/bjM+7TUwEYrig+vcSx+QhUgkAsMsyqmyFg6HcCms47xRnK8hleCptxF++0hZqx4BsOqR8qYIARurHomIiIiI6hrDxyokRGztK9Y+1oZaCxeXokiAWxKYjuSfzpmmCcest+Cx6N0r4PQ4sbOIRXWWZSEcCsM0yxvQhUNhDOo2zJbwut5XXyx78AgAm7dtLPs1qT7Y+Ns2IiIiIqK6V1+pSR2RytgogvLnUur3++RS8n97EP4A5Ei0oOtbsgx9zaqCzpFKNBKBaZb3+6brUYTnplyXiv/IrxA9N1iy82fSvWpFRa5LtU2VBFQuckxEREREVPdY+VilJAEYLH2sekodh8SFzISUitBkRl+7CpaS+1uUaZqwTBO6oQMALNOEaZoABHQ9ts20yl31GMKZqIYxo3RrMfpefaGs3a3j2jtbIcssX6PcCIBNZoiIiIiIlgmGj1VKFkBhdWNUFnV871zIl6b6/AVd23Q5oXd3ZdzH0HVYsGAYJkzDgGnGPs8buIV5z2XDBHQT0SJ3sc7ENE2EwmEM6s6SXcO3/1UYE+MlO38mHZ1tFbku1Ta7LAr6BQcREREREdUOho9VijPRaoNhAfU687qg2kVPYU1VZjrbEZ2ZSWSH2XyWDRNaOAzZMKCGw5AME2ooDAFADYcgzXWYubi6t6xdncLhEEYjwFldK8n5rUgY3pd/UZJzZ6OxuaFi16bapEpsMkNEREREtJwwfKxSElvO1ISgbsGj1udNdEjP/++fZc9ubUMhxKKgPex0QpIEbMFgxmMlw4AaCsMeCMLmD2R1PZ+7AWG7I6t9iyUcCuFcWIFRojJZ7769sPy+kpw7G41NDB8pe5xuTURERES0/DB8rFJ1vJRgXTEsC74o4FQWh2i1yrCAgG7BsPIPH02XC6ZNgxSOzNsuRKyZUvwjFSUUguvshbyvnYm3oSmn/YOBAAzDgKzIUFUVipL7mo0tDiceGBrADl3FKcmBAa0ZI2px2ncbs9Pwvfx8Uc6Vr+aWxopen2oLp1sTERERES0/DB+rlCTA2scaoVsWvFELkhA1vwSkBcC0rIL/3lmWhXBLMxwjYwAAWQhIUvrAsRxMSUbQmdu6iw6nE4GAH97ZGQCAJMmwOxxwOl2QpKW7gct6FF1n3wVkCdfJBq6FD+HwJZwM2nBMbsCArRmTSv5rQXpf3QMUEBIXQ2NTcYJUqn+cbk1EREREtDwxfKxSArEKsUKqz6h8LIDfqyShUBBWgwfu0XHIklQVlbwhhxOWWDowXCgWNMqYnZmGaRoI+H0Ih0JobWvPeJxkGmi9eG5eOCgA2DUN18DCdmsaocAYDlkO7Ld14B17a07jEpcmEHjztZy/nmJrbm2u9BCoBnC6NRERERHR8pX7nTiVTb1M46XlR0R1tI6OQZGrI3gEgKAj/wpDu92O1rZ22Gx2ALG1KpfScvE8tAzrVkpCwGm3Y5fDwmci5/CJmRPYGJrKekz/myuIvhW5BZalsKKro9JDoBrA6dZERERERMsXw8cqxvCRalXz+GTWTWDKJeAsrAO3LMtobGpGe8cKtLS2Zdy3ZegC7Dk0gXHa7bjZbuJ3w4O4e/Y0PEYk4/4brQBuVYP4+ic/VNEAUlFkdKzI/GdBxOnWRERERETLG8PHKsZvDtWqbCoDy0lXVERs2XXgXspSX1vj+Aics9N5ndftcOIuNYDPeE9gS3Ai7b4fQaxC0m3XKhpAdq3srMh1qbYweCQiIiIiWt6Yb1WxKstviLIWXLsGekP1NCKJaMUJHpfivjwFz9RkQedQZBl9ThUfD5zBewIji17fYXmxybpSVeq2a/jS/XfAbdcKum4+uletKPs1qbbYZQGFP8uIiIiIiJY1NpypYrHOwGxiQrXHUmT4Nm+CNjEJ29AI5FAou+NkGaFVK2G4Mq/PKIXDcx8RyP4A5EDmKd6mLGc99nzZfV40jQ4X7XzNHg/u856HbNewX7pS2XivtXhdyM4mD770H34dD/3j00W7fja6VzN8pPQUSbDJDBERERERMXysZixLpVoXaW9DpL0NztffhGxZECIeql9hyTL0Bg+iLc2INjfDUrIJCudXVcr+ALSJSaiXL0MKL14v0ZBKGz7K0ShaRi4W/bwetxvXNZgYnZjCeUcrbremsRLhlPtuX9uF7Wu7cOTc4mrJUlm1urts16Law+CRiIiIiIgAho9VTRJAoxaLIK25Ash4HaQ19x8L1pVtafdJvW3evpbFGksqmWhrM6zx+dORo+vWQu/uKsr5DZcTQdcaBHvWQOjGokpIX1gvynXSaR65CEkv/jVCre1o8nnxYT2Eb6EV91qZp3TfcfXGsoaPrHykdDjdmoiIiIiI4hg+Vrn4vVvK9R9F8h7FudLSgWXqsDNtAJp2H4ady4nR2QElKXw0WpuLFjwuZCnyovUmjRk/UKL8sWFiLKfO1rmQBbDRjCKsmbjXmoQHRsb9b+rvAbC3JGNJhWs+Uioqp1sTEREREVESho80TzzPXHTbKBY9KMaVYqEkqzrrntnYALOxAdLMLEyXE9ENfWW9vpBKs36qLeBHw+R40c8LAJaioGnmcuw6qppyrceF3HatbFOve9aths1W/iY3VN0kIeBg8EhEREREREkYPlJFCZS5qhMpqjHTVHUuDjHTP2dV59IiV22ENDMLo7Wl/Bcv0TekZehCaU4MQLPMvFreb+/pLkv4uOXqTSW/BtUehywgMXskIiIiIqIkDB9p2Ug7hZ1VnWVhKUplgscSaZgYg6xHS3JuIcSixjzVZsv2/koPgaqMQxZQ2SmNiIiIiIgWYPhIVCK1XtWZep/aCTvnEcWddq2GgiWbbg0AcpUHjwCwvn9dpYdAVUSTBGycbk1ERERERCkwfCSqA5Wo6kxfnVl9VZ2yJAEwi3Q2oHFirGjnSkUuYN7q2LS3iCNJbcOmXjQ0ukt+HaoNihBwsLU1ERERERGlwfCRiHKWuTFR6as648+zreqMygLBIoxIMg20jI3C7itdwFdI8OgPR/D6wNkijia1TVs2lPwaVBsEAIciivavnoiI8mAG4J01YGvwQOPyF0REVIUYPhJRVStGVaehCMwWMAbJNNAyNQHP7Az0SKSkU89lkd9dgz8cwUP/+DR8oUiRR7TYBk65pjlORYCzrYkobvjlw/jJ0MKtDtz7QD+6KzGglKZx9KmzeNUXfy6w8qpu3HNNeyUHVZjRQXzp7y9j40dvwee2TuPsgSG8dtSPZy8B2ze14rfv7kMrQ0kiIqogho9EVPdEAWsoSqaB7ovnYAuHYJilXfNSEiLnBtdnxqbw+BvH8Pxb75RmUCms7+8t27WoetllAZWtrYkoydQ5H753Fui3X0m6uld4YCvrKKax59vH8EX3Suz/ZKqfV1EMnvHhe7odn+pWAD2Mx54awKNHfXj0k73QyjrW4oroAM5fxF88H0DvOg03axHsOTiCN30SHn2gtr82IiKqbQwfa4BpXVmtLm3/klTbUrzA20Si7CUHjwBgmMVbNzKVbKdcHz03gn0DZ7Fv4FxZ1nhMdtv7b0JnR0tddGCn/KmSgJ0lj0SUSkMz/ubBLWit2ACi8GYzCaCjFZ97IBZOfuKF/Xj/qxPYM96LOztKO7qS69mKR/6P+BMdO7//S/z++VkMA+ip4LCIiGh5Y/hYAyQBBHQLulmaW/rFt4+pq6/S3WaKFE9yCkkXvJjtsSnXHFy0r8hpjBmvL5bej+pLx9hwIng0SxyqSUJASlP2eGZsCkfOjeDI2REcOTdclqnV6dx11y64MjYXufJaIY2J6r4Dew2ThYCTDWaIKEeRd47hq49N4zkdgCThnlv68Ge7OwFM4blvD+DVjWvxiekL+P1jOu65+0Y8uGkMj31/EN+YBCAp+Ph6DQeGNXz1C1vRY07htR+cwpfO6PAC8DR58Minr0a/ewJPPjyAr00DmB7C9V8ewsc/fAsevC7z2DzNGgAfTl4Edpw5jL95PYB9s2bs3G3N+O6nt6DHDuDiAL72wwk8GYgd19Pdjm//bj9aU27vxpG/fwsPN63FE/evBsxBPPzfh/CDhmY88+AWtM5VaH67Yy3+5b4uTO07hode8OGoGft6H/zoFnx8qwcYP4E//64Xt9zXiclnLuDhaSce+fPrsGP4yjVb3RJsSBEumlMYngbQYK9gGExERMTwsWYoAtBLdO7FN+5W4sa/CCersPIOKGWQm/qFpYPTEgW5KbfnEOQu2p7jOBPbqzzMtYVDcCU1ljFKFP4DseBRlWNT1CI2O8I2O06PTOL7P/oJ3jo7DE2zl+zaubjhxqtxzTWbst6/ZhoTLXiesqpzQWC6nLHBDBFlFAnjwP7Tc2GXgu7ta9GtXcAPHp/GwJouvPDxtcCBI/jkM4N4rLcT9/e0or8b+PNXBzHQ3YSvfMCD3q3AwE/O4Rs+Nx55cDO2+wbx8D9NYKC7ET0AvHsH8cWzEh76retxT/cUHvv2aXz6sdN48VNrcden1iL83XP4RlMnXvhoO2zOpYfsvRwBoGHTKsAz6cDOXe34/EYXtMmL+NIPLuPhV6bw13fI2PPUBJ5sascLX+iHJzCGgYtKLERMud2D3g4Jw2diVYfdZ/04YJfQPx3EyRCwS5vCkXFg184uYPI0/uYFHxqu68P+u1sx/NRBfOTxU+hffx12dDRguzKFP//hEO65rhOPrG3AdlzA934wgSMdnXjio+3AkXfx+3tC87+o0dP43o9H8O1ZDX/2qT54iv19JiIiygHDxxohC4EqTPZogZRBbuoX8jlZhVU+yAVSNJ5Jue/8bUEj97G7FnS0NvNO5DMLexrga21DVNGgq2pi+8v7DuPw4MWC1qsstg/e/d5KDyGtYjQmyv4qS1V1xh6krOBMtS3pebVXdToVARY9ElFGoQAe3RsPwjT8ds9adI9O4bshBQ/t7oNHAnB9O+594RyefGsI9/eshEeTANjx0Ke3YocEAIP49jsmdlzXhR1NGtDUgn7nBCBJAKaw71gIkTVduKdHA9CFu7YP4RsvX8aboT7sarDDJgFQFHiamtKPc3wK3/7hDKBHsO9sBD3rVmJ3B6B19OMeMwDvbARoa8TNDdPYp5sA5Nhxl7zYc3IKd23qRP8mAJhOsx3o6XVCOxzEwDTgORfCQEcD/uTSLIaHASCIA7Djt9crmHpzBs+ZTjzygS4AQPetzbjz4AT2HAxgx80abBqAjk782Yf7Yic+chjfDUl48H0b0N0EYL0DvcnhY+Q0vvGdERzpbsY//VY/+pt4y0dERJXFn0Q1QpFi1VGlCkCIqk2qIBdAXlW5+VQtzjY0oXF6CpJp5l8JvITpFd3wNaeeCDV8caQ0F83T5m0bseU92+HTY38YOS9bkOLFrKt601xsySUWkjYUuzI3c1VnprPnYn7YmT7ITD2FPe22PNfqtMkCGhvMENFSUq35eBGIAECiD40drU5gYDZ5GREpFhrOiZiATUrVotlE2MRcEBnjaVQAhDB1Cci5rbZiw/0f7k10u44cewuff9yLAUVCtwJMhoBYltiE3fd14XM/HsFfPHYCX0tMjU633QNsdOFejOHkeaBtNIRd3WvRi2n85Nw0btcDGGhwob8JgG7O//qbNLQBODvjT/rjSfqz0IEIJNjSTYzQJGhQcP/dW2LnJyIiqjCGjzVCAJBFrPkMEZWerqq4sKYPLr8XWjAA2/Tlop5/Yu06hJ2utK8PXxgGEAuFqoHDaYeePF+56pRvYOVaJzfd9lzWyk0ZpKa6l8eVqdTxeNmyYofG/2SVlMcREWVBQazTcqJvWwThCNDfkLn/cjhlo7e5kC7ptUhIB6CgtSWHMSU1nLliCnv2eDG8fjVeeGAtgNgaknsSx/ThU3/Uh09duoAnf3wBX0tMjU6z3d6E/qYxPHvhNFaOSth+dTt6MYg9o5dxbySC7lVd6AYwpUi4EqoCCOmIAOhudAHwI3dtuP9eBbYVeRxKRERUAryVqCGc6kZUXrqqYqapBT53Q9HOGWhsxlD/lozBo2maGLo4nHheDQGk0+mo9BCqhrXow4JpLf4w0nzoyR9m7COa5iOS4iMc/zCufITSfARTfAT01B/+uY/YcxNBw0TAMBExLShS7BdgRER52ejBvZKOn7wxFHt+bBKPBSTc3teZ5oBmbO8GDpwcxdHpALxvj2HPbPy1VmzrUYDzl/HatA6YU9jzVghoc2F7ciWgniq4zFJERwQ6vCdj152MRAAEcPbIhVgn7ZYu7FqvAKYJbyjddgBoR3+3hAPDl3FkVsPGdUDrShvaRqfw7Diwuy82zbp1gxPbEMCefdMAdEy9NoOfQMP2jWkWrFznwJ3QsedXI4AZwNlDfrwJAObcCvE+HwZHZjE8WaoV44mIiHLDyscaokgCyGPtOqLlrtB1E01ZLso4LnWvQqCxecn9RodHYRoF3DSVgMPF8HE5ine2ZvBIRAWx9+HBj/rw+ccHcf2xQQDAjq2r8fGt6W5FmrD7A63Y/b0pfPrhg9CcGnYmBYvdd/fi66On8cWHf4kIAM1px9cf2DDXVKUZ/askaMdGcP2Xx/DgAzfj4xuzHWgrdu9y47tPjeCWL4/A0+TBQ9s1fPXsNIYh4cjec/iLx88lppDfefMG7G6awZP/lGp77Iz9W1zoecyLJxua8dt2AOvc2OUbwWOmHV9fN/f192zCV997GF/ccwzXv4BYN/D39uHOtnR/PH343M0z+OS+07j+INDf3YTPdUfw7IUxYMdK4J0x/Jf9PuxSZvDXd7DPNRERVZ6wqqGkhrLmjcYqZ4goe5FIFF5vZOkd05AMA93vvJ338f6mZsx0rIApZ/f7noP7D+GRv/zbxHNNs0OknitbNh/9zQ/iNz75kYqOgcpLEgIuBo9EVWFsbAydnemqBGtIvJGL3Q2PPZufiRFEfIDmnsGTDw/g/+teiyfuX33lZd80vLoCT5O7uOMMeeGNyPA0zFUemjogKVdeCxmwOZugaQuOSbU9FxEfvAE9+3P4puGFEx63BkAHTGVuXpuOyGwIWkOR/1yIiGpE3fzcrCOsfKwxigQYRqVHQVRbilH5GPQ0wuGdyem4sNMFb2s7Qm5PTsfF13uMsywrbdOVcuG06+VFAAweiaj4JCc8TWmmEi8QOT+EyaZmdDdoiJwZw55pYNcNC6r43E3I7SdsluweeJKncEtK+teW2p4LzQ1PLsHlvK9fSVpQS2HwSEREVYXhY41RBBCu9CCIaoyiFD5t2tvWnnX4GHK54W9pRTDPtSKT13usFk5Ou15WXKrE4JGIKiiEgTcv4KG3BzE114Rl19bVePDG7IJLIiIiqi4MH2uMIgQErOptOEtUhQqtfASAiN2BqZVr0DxyEVLK7puAt6UNgcYmRO2FBXXDF0bmPa+G1TGcLt7wLRduVWKDMyKqMDu23Xcjnrmv0uMgIiKiYmD4WGOEiDWeiZqVDyOIaokQQKEZXrChEWGXG87ZaaihEIRlIappCLvciDiKE85ZloXhRZWPlf/37vak785N9cOtMHgkIiIiIqLiYvhYg1QJiFZXI1yiqidJAkYRusWbsgxfc+k6R44OjS6qdKyCwkeu+bgMuBUJSmX7GhERERERUR3ibUYNik29JqJcKDWSqqRe77Hy6SPXfKxvDB6JiIiIiKhUeKtRgyQBqBLjR6JcqGppCr11XS/q+RZ2ugaqZc1Hho/1yqUIBo9ERERERFQyvN2oUbxRJMqNqhbe8XqhYDAARVkeq1cwfKxPDkXwl1lERERERFRSjLBqlCoJSEXo4Eu0XEiSgFzEkMXv88FeYFfrbFW68vHzf/oZqKpa0TFQ8dllARuDRyIiIiIiKjGGjzVKAFB5z0iUE1UrTvXj7OwMHE4nRAl+ATA2Op5ia+XCx5vfuxM33vKeil2fSsMhC9hl/hAhIiIiIqLSY/hYwxRWrBDlpBjrPk5PX4bL5YYklebtc3xkcfhYycKYhpe+AAAgAElEQVTHG265rnIXp5JwKQI2Bo9ERERERFQmDB9rmCoBMqdeE2WtkHUfTdPEpalJuN0eyHLx148EgNf2vo7B02dTvFK59PHdgTMVn/ZNxeNRJa7xSEREREREZbU8OiXUMUUCDKPSoyCqDUIAQliwrNzCF13XcfnSFJqbW4reYMbn9eGN1/bj2KHjOHr4WNr9LMsqyTTvpbx18G187D+GYbPby35tKh5JCLgVAeaORERERERUbgwfa5wqCYQNViURZcMwDAAmgOwrF6ORCKanL6OpuQVKkZquRCIRaJoGAPj873yhKOcslfODQxg48S62X7u10kOhPMlCwMNFgomIiIiIqEI47brGKQJQOPWaKCt6NArLyv5tLxwOYXr6Epqamgvu9hwOhzA7M42Z6elE8AgAf/rVh7I6vpJTnw++caRi16bCqBKDRyIiIiIiqiyGj3VA5XeRKCuRiI5Yr/ilhYJBzExPo7GpBWpSWJgrn8+LifFR+LxeaJoNjU1N817v29iHb33/m1mcqXLh4+FfHZ+rGqVaokkCLoXBIxERERERVRZjqzqgyQISqx+JlmRkuURBIODH7OwMmppb5lUp5sNms6O5pQ2tbe2wOxyp97Hb8D+++bWCrlNKo8MT8M54Kz0MyoFdFnAyeCQiIiIioirA8LEOCAAav5NES7KyqHr0+33web1FCR4BQFXVrJrUtHe24/e/8Nm0r1e64/To8HhFr0/Zc8gCdpnBIxERERERVQdGVnVCZQtToixk/nfi83nh9/nQ3FKc4DFX111/LXbetKPs183G8PBYpYdASxCITbO2MXgkIiIiIqIqwvCxTsgitr4XEaWnqum7XHtnZxHw+9HS2gpVLX/wGPf+D+xO80plKx/HRyYren3KTBYCLlXwF1FERERERFR1GD7WEYaPRJnZbKk7Vs9MX0YwGEBrWzsUpbCu1oVa378eO258z6LtFZ51Dacr9XqVVHnxxjJc4pGIiIiIiKoRw8c6okicfk2UiWXO79hsmiampy/DAtDe0QFZTl8ZWU59G9el2FrZ9NHtdlX0+pRavLEM3/qJiIiIiKhaLd0FgWqKKgFRs9KjIKpOpnUlfDRNE7Mz01AUBW5PQwVHtVj/5o2VHsIiTrez0kOgJJIQcMj8hRMREREREVU/Vj7WGU0SkAVvRolSCYWiicd+vw92u6PqgkcAWNO7Bs2tzfO2VbrbtYvTrquGOjfNmsEjERERERHVAoaPdUjjd5VoET0ahWFcCfCcThfsjuoN1Kqp+nHnTddg27WbKz0MAmCTY8EjG1oTEREREVGtYExVhzRJQGL1I9E8kWgUyStNVMv6juls3n7VvOeVrHy852N3VezaFCMAOBUBB1NHIiIiIiKqMQwf65AQgI3fWaJ5dL3SI8jNxqsWVj5WJnxc0dWO9f29Fbk2xchCwKVK0DjNmoiIiIiIahAjqjplkwWUGq9+nI34Kj0Eooppa2/Fiu7OxPNKVT5OTU1jZnqmItemWCW7WxVQavvtnIiIiIiIljF2u65jmlx71V5D3hG8eOqvoOrHE9sU14fw6xv+Exo0dwVHRlR+m7ZswujwWOK5ZVkQefxSwbJMGGas07ckJAghZX2eaCSK1/a+gbs/cmfO16XCOGQBG6dZExERERFRjWPlYx3TpNrqhjrkHcFLJ/7zvOARAHT/0/jJkYcqNCqiyundsHC6c37Vj0JIUGQViqxCCAmmaSAcCSIaDcMwdJimmfHcb7x6MK/rUn4kIeBSJAaPRERERERUFxg+1jlbDYWPL737t5DhT/maap7FM6f+rcwjIqqsdet75j0vxtRrIQRkWYFNc0BRNQBANBpCOByErkdgzlVIJnvnxCDODV4o+Nq0NJsk4FYEVP50JiIiIiKiOsHbmzqnSLUTQMrRNzO+Pjn7eplGQlQdulZ2oW/DusTzYq/7KDAXRNqcsNmckCQ5ZfgIALPT3qJem+ZT5qodHYpAjbxlExERERERZYXh4zJgkwUEqvtudsg7svRO5kTpB0JUgOd++mrRz7n9um1XnpS46YwkyVAULeVrlWl3U/8EALscayrDakciIiIiIqpHvNVZBiQB2ORKjyKzlZ4uGHBm3EdSejK+TlSPNm/fnHhcqY7XACCzHK/oVEnArUqwc21HIiIiIiKqYwwflwmbLCDn0SW3nDTn7Rlf72q6qUwjoXqkKErJr+Gd9ePR7z1V1HP2ru/Bpi39AGJdqyvF6XZV7Nr1RhICTkXApQgwdyQiIiIionpX+rtxqgoCserHgF7pkaR389qP4pUTT6d8LSracXvvXWUeEdUTVZXx3NOv4ujR04tek2UJbrcTbo8Tbrdr7rMDzS2NWLm6M+trnBq4AF2PFnPYAICrtm7CyeMDRap8tGAYBmQ5t7d/lztzZTJlxyYJ2GSu60hERERERMsHw8dlRJMEDBkIG9W5ettKTxcMdWfKxjMed+aqSKKlKIqEtw4NYPDMcE7HudxOrFu/Cv1X9WLnDdugaqnfNo8dOYWZaT8MQ8eeX7yB3b92QzGGDQDYsGk9AMCCBcuyIAqqYo41mYlGw1AUFUJkVwDvcjF8LIQiYqEj13UkIiIiIqLlhuHjMmOXBQwT0Cu4dlwmO9d+AgffnR8+GnDi9r77KjQiqheRSBjhMOBwNKTdJ97p2bJMmKYB0zTh9wVw9PA7OHr4Hex94U3svHErrt2xGa1tTfOO3fP8G5AkGZIk48AvjxUcPvp9fhw9fAzHDh3H20dPXHnBsoAiLKGgqjZE9QgkIS1ZBdm/eT0rH/MUqzoXXNeRiIiIiIiWLYaPy4wAYFcE/FGrKrvXbmzZgIO224DwS4ltLc0PoEFzV3BUVOssy8LwhXFcvuTLuJ8kxTszyZBlNbHdNA0YRhST45fxsydfxs+efBn9V/WiZ91KAMCJ42dw8fw4bLZYQDc5PotXXvoVbr3tPVmPMRgM4/Sp8zh96jzeefsdDBw7nPprgVW03vWqokHXI9D1CBRFBdKc+cP33VmkKy4vqhQLHZk7EhERERHRcsbwcRlSRKwCMlil069vXfdJvHIiFj5GRTs+sGF+1eM7l07h4MUnENXHIQkXNnfdi2tXXFuJoVKN8Pt8eP7ZX+V9fLyiUVXtMAwdhhHBwIlBDJwYTLyuaY7E/rKi4Yl/+QU2b+1bVCGZLOAP4sTxMzj59hmcOH4GAX8QABAOXMp7rLlSFA26HkU0GoGq2ha9vvGqddhx49VlG089UCUBTYp9JiIiIiIiWu4YPi5TNlnAsICIWX0B5EpPF+ye30DI+2P0rfjdea+9OPgsxie+CQCI16UNnN+PgfHd+M3tf1LmkVItsCwLhw4M4OCBd4tyPllWIMsKLMtMNIC5UjEZI4SAotrww3/8Kf7wjz++6By/2n98UeAoSTJUxQYhBGaDMxm/nmJTFBWGkbpRzjsnzhT9evUqtq4jQ0ciIiIiIqJkDB+XMbssoFuAWYXrP97edx8ef+sUxt+YBFbHth0aPZQIHhcJ7cEzp9YtqpIk0nUdP3tycROjQgkhZVx6UVE0nD0zjOd++iruvPsWAMDhX53ASy/sx/mzIwBiQaaq2iHLSqLxi392rOhjzUbyNPOFwqEwbPbFVZEUowgBTY419SIiIiIiIqL5GD4uY5IAHDLg1ys9ksV+8fjP8cqTowCexnt3vxctrS14e+QJyBmOmZx+EgDDR5pvbHQKly9nXuuxVFTVjp//9DW8e+o8pi/NYmpyOjF9W5bVRV2rLdOA3zexxFnL/8uCYCDI8DEFea7SkaEjERERERFRelKlB0CVFW+IUG02b92ceLz/9f2xB9HjGY9RraVCG1qOhi5U7u+FJMlQNQdOv3Mely95YbO5YLO5oCjaouARAHyzY7DmOm6XgmHk95uGSKQKf0NRQbIQcMgCHlUweCQiIiIiIloCKx8J9rn1H6MVXP9xyDuCczNn4FTdaHd2oH9zPxoaGzA7M4s39r2Bbe+7GjICFRsf1a4L58cren1ZVmC3uxPTqtMxjAgCS1Y9FkaSJJimsWiNyqWEw+ESjai2SELAJgGaLIrWcZyIiIiIiKjeMXwkAIBTEfBHAb3M6z/ORnz42clvA6E9iW0nATgafhM33HwDnn/meVw4dwFnRpduFmKoO0s4UqpV1RASLRU8AsDspQvZnq2gcUSjIaiahFzis1Aokvc16wFDRyIiIiIiovxx2jUBiMUZTkVAytRBowSeOv6NecFjXHD2R9A3jySeDw4PZDyPASd2rv1E0cdHtc2yLFzMctp1vlOSiyHgm0QkXJ51KWVZgaGn7mydjh7Nbf96IYvYshQeRcDG4JGIiIiIiCgvDB8pQRKASynfDfah0UOQo+m7EMv6z9HZ3wUA8IbTdwCOSj3Yuf5/YGPLhqKPkWpbJBzG6PDlrPYt5VqLS13XNzua9f6F/n5AlmMF72YOX6+iLK8ieVUScCqxNR3tsij4z5yIiIiIiGg5W153lLQkWQAuRYJPN0t+rXOXjyy5z5rdFsYGgGAwCDQtfl12fggf3Pif0KC5SzBCqnWDZ4az7nRtVaCLNJBPk5nCkzBF0XIMH3NbI7IWSUJAlWKdq6uwBxcREREREVHNYvhIiyhSrALSr1euAU2c23YSQBNMc34YGpU344bez7DakTI6evh01vsu/DtWLsHApYpcN5emM3IdVz4qkoAmxaodmTkSEREREREVX/3eUVJBYtMOgUAJA8gGeydC3sz7yAhgxa5+NLVNAwCioh1bV38e1664tmTjovoQjUbw9rHzWe+vKGoJR5NaJOyr2HTvXNRb5aOAgCbH3ucUJo5EREREREQlxTUfKS1NEnCUcP7hjpW3ICr1LLnfyi1BhEJOTI3fgU/u/D6DR8rK7IwPI8PZVxVKkgLLKm/1o2Hk3kVaVGABwnpZ81ERsfe0BjX2mcEjERERERFR6TF8pIxscukCyAbNjRvW/RdERXvm/RznceR/Xcb0/kBJxkH16Z2TF3LaXwgByyrvUgNmjl2nYyoRPtZu5aOAgCYJuBUJbnWuazVDRyIiIiIiorJh+EhLsskCbrU0f1U2tmzAvVd/Cx3t/zltCBmbet2JS1OVWRuPatPQxclKD2FJkXB2zXCSVaTyUa2tysd44OhUBBq02GeFP+2IiIiIiIgqorbuKKliFAE0qBK8UavoXYEbNDdu770L6L0L71w6hbeGn0codAyqeTaxT8taAyf2zcI0TEgyUwRa2plTwzntb1kWTNPIqRFLISzTyCt8rIRaqHwUiHWrVtg8hoiIiIiIqKowfKSsSQJo0AQCOhA1SzM9dWPLhkQH6yHvCAYm38LZ0Tdgd16GZVm4dOkS2trbSnJtqh/RaASdXc04c3o062MsywTKOO06FJrJ+ZhKVD0C1dvtmoEjERERERFR9avOO0qqWgKASxEIGkDYKG1Qs9LThZWeLhyc7MAj//AIACASzr1BBy0vlmXh/OAwDv3qdE7HmYZeohGlFvDmMy28MvFaNVU+MnAkIiIiIiKqLQwfKS8OOXbTHypxAAnM77SrqmrJr0e1LRgI4F9//ApCwdyDasM0yvammF+n6xIMZAmSJEGWKxs+MnAkIiIiIiKqXQwfKW92WUASQEAvbQAZ8F/pcq1o/CtLme17+QgGc5huXSkudzt8s7mOs/yxm82ulf2akhBQBCALQBYCslSpmk8iIiIiIiIqFJMcKogmCUiqQNiwSrYOZCBwJXxk5SMt5eCBdws4unxrPtqdzTmHj5VY89Fmt5X8GnI8bJTmwkYmjURERERERHWD4SMVTBGAogiEjdg07GLHN8nho6aVvwqLaouQ8u+GbppGEUeSmazk83e5/Kmc3Vb8f3OKEFCkK6FjhfroEBERERERURkwfKSisckCihSrgowUsQpyYnwi8Tg5fHxx8FlcCpxBODKOrqabcHvvnUW7JtWuq69dj9Onhis9jJKoREhncxRW+SjNVTLGKhtjYSMREREREREtHwwfqahkATgVAcUEQgZgWoWHkOcGzwEAWlpbAACzER9+cuQhqObZ2DUBjE/sxz9N/jNu6PszbGzZUPA1qXat7e0q6HjTNCBJ1dPdeb4KVD467FntJ3BlyrSUNH2aWSMREREREdHylv/8RKIMNEnArQjYpMKiB8MwMHRhCADQt6FvUfCYTLUm8MaZv8ZsxFfQNam29V+1ptJDyIoeDVZ6CFmxp2g4IwsBTRJwyAIuRUKDKqFRk+BWBRxz/+4VBo9EREREREQEho9UQpIAHIqASxGQk+aLDnlHMOQdyeoc5wbPwZqrnly3YR1+duKRlMFjnGqexbGxw4UNnGpeV3dLpYewJEOP5HxMJRrOOOw22GUBpyLgUSU0aRI8auy5TRZQpdi/dSIiIiIiIqJUOO2aSk6VYgHFzwdfwcDw30O1Yms4RkU7VrY9gNt770p7bHzKNQDMrBgBwi8teb1x32kAtxQ8bqpdq9a0Y2T4Ul7HmoZelmnX4dBsya9RDG6nHXa2nyYiIiIiIqI8sfKRyuLpU8/gzND/lQgegdg06fGJb+KZU/+W9rgjh44AAJo2tUCP/Kjk46T60NraWOkhZBQJ+xD05xeOlluqaddERERERERE2WL4SCU3HfLh3Ng/pH195vJ38eLgs4u3T8/g2JFjAIAtd0xnfb21zdtzHyTVlf7Na/M+1kLxOrUvZBgRXJ44jcsTp/M8Q/krEJ1OR9mvSURERERERPWD4SOV3KsXXoEMf8Z9xie+iVOX35237bWXX4NlWdj4sQ44pItZXSsqb8a1K67Ne6xUHwrpeG2aZhFHckVXtxOTIycQCeffEKkCSz7C4cyu2zURERERERFRKgwfqeSmQ2NZ7ffGu19FxPBDnetesfeFvWjc2Iw1K7NrIGOoO3Hvtv+W9zipfjidtqqZLrxx02r89//5e7jxxv4inK0CDWccDB+JiIiIiIgof2w4QyW3vvVqHJ5Zer1GxZrAvx39Bj53/Vfw9ol3MTU5Bafmhs93F9q60q/h12DvRH/b1Vjpyb/ajepP96pWnHk3u67qySyrOJWPdruGD33kZvzaXTtj41lTm38/7XZbpYdARERERERENYzhI5Xcjd3X4sBgO5SkZjPpiMh+vHD2FQy8FJuCHRj24T9e/Zto6+yEbgK6BZhW6dbko/qxoX9VTuGjkGKF4MUKHyGAvvWdiacrujoz7JzlKSsw79rhYPhIRERERERE+eO0ayqLHb1/DAPOrPY9efFv8ObR2FTr9et70d21Apok4FQEPKqASxGwSQJSJRbAo5qxtmdFTvsLUdy3w1Awgsd++BJEOIgGVcL6Ve1FPX+5uFzZ/bslIiIiIiIiSoXhI5XFjd3X4kPbvgXJvhtRqSfjvjL8aLo6Fnjcdtuuea8JAKok4FAEGlQBtyLBLguoDCNpgcKazhhFGcOZ02N49pn9gGVCCIGm5oainLecVq/OLcQlIiIiIiIiSsZp11Q2axu78Hs7vrjkfl/6P7+OC28PQJZlvPfWmzLuq0iAktSEw7AEdMuCYQKGBRicor1stbY1ornZjcuXs+suXaopzc8+dxi3774a7e0taG1twvTl2bzOU4kp123tzehc0Vb26xIREREREVH9YOUjVZWJiSm8/fYAAODGG94Dp9OR0/GyAGxJU7QbVQmuuepIRYgK9AqmStrQvyrrfZOnXVsFh9YWdD0CAAgGI3jm2V8BAFpamwo8b3lt3bqh0kMgIiIiIiKiGsfwkarKmwcOJR7ftntXhj2zIwSgSoBdFnCrAo2aBI8qwakI2GUBTYqHkowla50kYt9LTRKwyQIOWeDGGzbldg5JBgBYBU67jkRC8wLMgXeGAABtrc0FnLX8f0evvrq/7NckIiIiIiKi+sJp11RVTp06AwCQZRnbt20uyTVkAcgpprBaEDDnpmqbFhIfhgVY4PTtSpAgIEQsdhMi9tuS+HNJAAICkog9TuXmG/rxzRyuF6t+LHy9R02bX7F7+vQYgsEgOjvzn8JciSVNr77mqvJflIiIiIiIiOoKw0eqKvHwsa+vB7Isl/XaAksHk+ZcEBn7DFhzn688Z0yZipj7byJIRPowMXl7vkKhECRJgs/ng8OhIRiMZHWcLCswjChMy8z/4mn84oWDaOtoKeAM5U0fm1sa0L2yo6zXJCIiIiIiovrD8JGqRjAYxOjoOABg/freea+dmxnB6cunMeJ9F1d37cLWtvKuRXclmIw/S7/n4lDSSjyPvwbMDy+vPK98eBn/6uINTsSC1+JhIZIei3mP54eMEOWOzYCBgfPwegPY/+a7WQePACBJsbfEwtd8XOzfH9+P3/rEzUU/b6ks5/Ueg5FZOLTcOpPncwwREREREdFywPCRqsbJgXcTjzesX5d4/OjR/4WZmacgww8AeHXmR9gj9WD3xi+UPYTMRjyIA7IJK1MdPRdIJgeWiY2FD05ceXjlcwUCwlL613//JU6dGsn5OCEEZFlBKZqkB4MRvHtmooAzlPc7tG378lzvcWBkL2RZwvqOW3M6LqIH8O7Yq9i2+oMlGhkREREREVFtYvhIVSM+5Rq4Uvn4ryceg2/mR1g4AVs1z2Lvyf8dq3Z8H012dxlHWR4pA8F6SgdLbFP/qjTho5VU1SgS1Z3JFMWGSDhQknEdPHg272PLvebjtdcuv/UeR6YH8Mrph/E7t/x7zsc2Olfg5f0Po6NxPTobNpZgdMVXigpfIioNy7Lq6t9sqp+/REREVL/Y7ZqqxsjIGADA4XCgq6sT52ZGMDn13bT7y/Dj6VP/Wq7hUQ1xu+yJx4ahQ4+GEZ370PUIdD2CSCQA01y8tqMkyZAVtSTjunTZj+bWrpKcu5gaGt1Yvab6x1k0voMIRmbx0sm/ho4Awrovr9PIisDPjnwZwcgs4DtY5EEWRzzAqKcQg4hqD9+LiIiIlhdWPlLV8Hlj06q7umJNLp468Y0l/4JO+4+UeFRUi3p6VyQey7ICyLm91amqfemd8mR3tgBTuU8JL2fp65Yt68t2rYqKjABaF+A7iEPetzCjxypTp/xn0N24PadTeUOxX56EMYXnj38D93StBdzXXblGhWR7Y88AgKj6GYYBSarduoF01Y4L339YFUlERIUwTZM/S6pQ7f4fDNUdry9WbeRyOvHL4UNQ9LcrPCKqVZ2dTZUeQlqmpUCz5b5UQDl/fm7bXhvThgtmeIELX4U/OISDF3+Y2Dww9nzOpxq8tC/x+KJ3P8b9o8DoP8TCxzJLVVGUvC3VBxFVN4fDAZ/Pl7Jiv1Zk+z7E9yYiIsqXaZrw+XxwOByVHgotwMpHqhrxykeny4kD5/8pq7+cLtu6pXeiZWdFZ0tRzvOhu3fgllu24ctf+UFOXbOX4nS3IRLOdWpv+dLH667bUrZrVZRjI7D6z/H8m38ERb3yu7izl15HWPfBpmQXEod1H44OP5F4LkkCz48ex8d3/VnRh7yUhTfrqW7es91GRNXD5XLB6/ViYmKiZv+9pqpCiW9L/poW7sfqFSIiypYQAg6HAx6Pp9JDoQUYPlLZPH3qGQzPHgUAdDdux4fW3zXvda8vFj7Ka+Wsqh4NOHH7uvuKP1CqCy0tbly6lN/afXHnz0+gZ20HPviBHfi3f79S2WaaRuIjdsNkQZZVKIqW1XltjkbIigZDL16gWSwutwM9vSsrPYyymfYP46JvYF74GNZ9eOnUX+HOq76U1TmODj+RmHYdN2NcwuDYm+jt3FnU8WaysHJoqcepnhNR9XK73XC7a7/JXqZwMZvHREREVHsYPlJZ/N2Br8MM7Uk8vxh8Ef/P+BP45HX/E012NyzLgt8fCx+ttqElz2fAifdt+jrWNi6jphiUk9YWT8HhYzAYBgDc/7Fb8dLeo5ia8gKINaWRpIU92HPjdLfDO7303/W4ct14LZv1HucMjv9qXvCY2D61D4NT+9DbenPG44dnjuDA+UcXbZckgaHpoyUPHzOFifHH6T6nO8dS1yAiSmepn1VCiEVVjpZlpQwk4/ulOoaIiIhqC8NHKrnvHfp/5wWPcap5Fj888hf43PVfgWEYAABntxsu9c2054pKPXA7tuL2dfcxeKSM1qxtx6l3R2CaOiQpv7e6QNJU6/vvuwV/+3fPFGt4cDib4ZsdhWUaRTtnMWzc2FPpIZSVQ/PAslKvqfnSqb9Cm6sPHntnymPDug97Tv1l2nNrirNYw8xKqjXTMj1OdQwRUSlkqmjMFEACSPkaERER1RaGj1RSvxw+hLD/6bSvi8h+vHD2Fby/51YAQM9tsS7DurIZANDk2g674sKqxvXY1LIBTfban25E5eF02AAUFqgMDV1KPL7ttu146eWjOHnyYsFjAwAhybA7GhH0X1p65zJq7yjOepm1YtPK2+CPTmAmfA5Dl9+CX59IvBbWfXjuxFfwsWu/lfLYPaf+ctF0a0U40d24DV2N23Ht6vItC5GqujFVM4dUz1Odh4ioWNKFivHgMd3z5P0ZQBIREdU2ho9UUu9OvbXkPieG/g7v77kVmqbh7X+eRPevPYA//MxvlWF0VM96e2LVarKsQtcjWa/HmMmf/NeP4b99+VFcuDBZ8LmAWOOZbMPHct10dXa2leU61eQ9PfcnHp+fPIjXznwHM5FzAIBJ/2kcOP8odqz5xLxjBqf24ezU64nnTrkNt234Y6xpu648g0b6wBFAoiOuaZoZO8tmqoRMdS0ionTS/ZxKVemY/HjhhyRJsCwLkiTNOy4eQDKIJCIiqj0MH6mkAuGxJfdRrAk8feoZqKqKSCSCaCRahpFRvXO57InHxbpJcTltePCPPoz/+tD3inI+RXVUXeOZjs7WSg+hota0XYc1bd/Bz499Hacv74EQwIHzj6Kn9Sa0ufoAXGlIE9ft3ok7Nv8JHFpD2ca5VPAYf57p8cLj0lVDEhHlKzlojH+OP5YkaV7guDCYNE0zEUTGtzGAJDMDr4kAACAASURBVCIiqk0MH6mk+tpuxqmLi9d7XOjs+D/DprXD7wcikeoJYrI1MPY8IoYf27o/Uumh0Byn05Z4HKt+DENRbBmOSO3UqYvYsGFV4vmRo4NFGV+czd6IgG9i6R1Rnpus9vblNe06nV/f+kX87LCJc969EALYd+Y7uGfbXwCIPQ7rsWZG65p249e3frGsY8sUDsYDxuTP8Y+F29NNwWb4SETFki58TA4cJUlKBI3xaseF21NhAElERFQ7GD5SSb2/51acGN0MRX87436KNYG2Wzbg0lPTNRU+hnUfnjr6RUz6TwMALFjY3v3RCo+KAKCvr3vecyFS37wsJRAIz3s+MJB9h+ps2BwNWYaPpdfQ4IKq8sdC3Aev+VP87DBw3rcXwzNHMDxzBB5bJwbGnwcAdLl2lD14TLaw6jFd8GgYxrwQMl0AyeYzRFRMqaZbpwoe4x/J7zvJwWNyAMmqRyIiotrEu0wquU9c8xU8evhLSwaQnb0DeAc2RKJ6mUaWnUn/aRwdfiLRWKK39eZEheO+M99JBI8AENH9FRkjLbawUkKW1aKc99Ilb1HOE6fZsmuiVI4brda25pJfo9Z88Jo/xWNvjmMqfAIHzj8Kjy22lmiDshY3rPoshoaGMD09ndh/5cqVaGpqKtv40q3hmBw6pvucrgIyfp6F1yEiyiRdY5n441TBoyzLic8Lq6/jgWQ8cEx3HSIiIqp+DB+p5JrsbvzhjX+FczMjeHP4VYx7j8KKHIOMwLz9bGIKbdduh/dyccOdQsQrG+NTLAFgeOYINNmF7sbtiQqoVI4MP44p/xls6/5IYq04Kp/4mnZFV4KbHs3mRiTsW3rHEuvqaq/0EKrSh67+Mv7lwO9jeOYInKEt8PjvgM3owd5zry3a99ixY7j++uvR29tbkrFk6lK9sLoxHjQu/MgUQMbPxbCRiAqVqrnMwuDRNM1E8CjL8rxjk8WPi+Paj0RERLWF4SOVzdrGLqxtvB9ArLPsdMiHk5dOYdI/iunQGIaGRuBZOYuh40s3qSmXs1Ovzwse4wbGfz6v4hEANMWF/o474A2N4bkTX0m8fnbqdXzsmm/BY+8sy5gpJhwOL71THrZsXotTp0aKes5qCR/XrVu19E7LkENrwFbP72Bg4DRkI1apqiN9hfbx48dLFj4ulKqL9cLQUdd1jH7nW5jd+yKsUKgs4yIiypaw29Hwvtux4jN/sPi1uYAx+ZciDBuJiIhqD8NHqpgmuxs3dl+beP6j44/jzaefAgD4fH643a5KDS2hu3F72teGZ47Me97bcjOGZ4/Ma0YBxKonveExho9lFAgE8MorR5beMQ/vv/0aPPGTXxb1nIpqz/h6uW60+tavLct1qlk0GsX0dGzt2enpaYyPj2N8fBwAICO7KfJ+vx/Hjh3D1q1bSzLGdJ2uk8PH5MrH0e98CzPP/awkYyEiKpQVCiXeo7o++4eLpmgnv7+x4zUREVFtYvhIVaOjoy3xeHx8cl746Pf7EQgE0NTUBFUtztp92fDYO7Gt+yM4OvzEotem/GfmPR8Yfz7lNGxNcaHVta5kY6T5AoEAnvv5Afz4X14vyfnb2xtxy67NePW1zGuY5kJRHUU7VyH6+lZXeggV89Of/hQ+X/GqT48fP46Ojg50dHQU7ZypLFynMXkqdbzycXbviyUdAxFRMczufREdv/u5ecGjaZopp1sTERFRbWH4SFWjPSl8HB0dh66HMT4+jqGh+d2Fb7nlFqxcubJs49q17rOI6P6M6ztmPL73s7Ap2VVMUWGi0Sie/8XBogaPqcLu3/gP7y1q+CgrGoQkwzKNNHuU/kbL4bSjo7O15NepVk6ns6jhIwDs378fd955Z9F+YZKuCUy6ysd4+Mip1kRUC6xQCIZhzAseM1U+Jo5jIElERFT1pKV3ISqPzo52tLe3YOeOrbhw4QwOHTq0KHgEgDfeeAPRaLSsY9u98Qu486ovQVNi1ZhT/sGsjtvW/RH0d95RyqFRkmPHz+CHP1rcBKQQmzevWbStvb0RN93UX9TrqBWufly7pqui1680l6v4yzz4/X4cOnSo6OcF0gePqQJIIqJaEW+GldwIa+EHsPiXMURERFTdGD5SVYitkXYEt71vJ3p6Mlc1RqNRvPjii2UPIHtbb8b91zyCVte6lE1okmmKC3de9SXsWvfZMo2OTNPEv/7blYpHyzIRDM4iGg3DTFtRmNlVm9JPQ962pSevc6YTjQbTvlaOio61Pd0lv0Y127BhA0IlqBAcHBxMrBlZiKVutBeGjsmPiYhqRar3sOTQMR2GkURERNWN4SNV3ODg/9/efcfHcdf5H3/NzFaterdkW7bl3uTuOHYU4yQEJ04jCSGQg8DBcbk7+N0BCUkIIRztfuS44zgCFw740dNMOVI4hzQ7dopL7MS9SbZVrd5Wqy0z8/tjtetdaXe16pL9eT4e69md+c53vmNZY81b3/l+K9m2bRuNjY1J79PW1jYuAWSao4Abl3yHNHv8cdxm5Kzj9mU/ZGbO5WPYMqHrOqdPX5gpXVFUHI40wMTrdeP1dqPrfiC5G5Tbbl3PVx/+SNztS5aM3GzGAb8nwSPXY6O0tH8Pz0tJVlYWNpttVOrevXv3qNQbEutx7MibdyGEmCwir13xhpoQQgghxOQjYz6KcRN6JDHWo9XJCAWQmzZtGtNJaOyWVG5c8iid3vP9ttksLnJdpWPWFnFBrH8DiqJgtTqwWGz4/V58Pg8KCharDU2zoiixf/8yu7SA227dkPB4eXkZZGe5aGl1D7vtiXo9jpXS2Zd2+AiwbNkytm/fTlZW1ojW63a7qaysZObM4QfW8W6+Ez16LYQQk0WiR65jkfEehRBCiMlBwkcxptxuN42NjRw/fpy2trZh1zdeAWSao4A0R8GYHU8k52//ZjP/9eM/91uvKCo2mxPTtBMI+AkEfPj9XiyWYAipqlpU+VOn+wfLffn9/hEJHgGMQOIevGNxYyXhIyxYsACPx8POnTuxWCw4nU5sNhsWy/D/q6ypqRmR8DFS3xvyROOjCSHEZDDQdSxy4hkhhBBCTB4SPopR5ff7aWhoCL9GInDsa7wCSDHxbNy4FEVV+MFjf0TT+j9CqygqVqsdq9WOrvvR9QBerxubzYmmRf/bqalppLg4L+6xzpwZOKCcLFwuJw6HfbybMSGsWLGCFStWUF1dzcmTJ8PXLY/Hg6qq4Ueznc7gBEGR6+IxDGPEZ9LuezMea7uEj0KIySbRtavvdU8CSCGEEGLykPBRjKo333yTurq6UT9OW1sb+/fvZ82aNaN+LDGxXb5uPl97+ASu1DxSUnNR+vRqDNE0a2/gGHuW6YrKuoThY3e3dySam6TRvcHKzEwb1fono6lTpzJ16tSodU1NTXR0dNDd3R0eo7a+vh6v98K/hZaWFgKBQLi3pNPpJDMzk7Vr145Ju6XnoxBiMpNrmBBCCHFxkvBRjKo5c+ZQVVU1Io8tDqSyspLi4mKKixPPli3GTyik8fv94bHoLBYLmhYMCO32ofe+MwyDnp4eXnvtbSyahe6uBro66nG6srE70rE7MwZV37lziSdAUtSRCwQtVkfC7SYGKCqYozN+X2ZW+qjUe7HJzc0lNzd3vJsRUzI9hYQQYqJL1JNbCCGEEJOXhI9iVE2ZMgVd18ckfATYv3+/hI8TiN/vx+124/d2EWg9iNp9Aq37JIq3FrQUTNWJr3dpak701OVY8tbhdDqx2+0JH6P3eDx4PB78fj+qqvL2W+/yzr5jHNh/DFXVUFUN0zTw9XTgcbegqBoOZwaOlCxs9tQB2z7QRB1Ll8wa9N9HPImCUacrG0dKNgHdh9/TjmmM/AzvWVmDC2bFxBV5ky4360KIySjyGibXMSGEEOLiIOGjGHVlZWUcOnRoTALIzs5OOjo6SE+Xnlzjye/301K9D6XpVSztu7B1n8BmJPmY8gnwpS2nO205ZKzCmn85drsdm82Grut4PB6qqup4fcc+3th5gKam+OOIKoqKxWLDYrFhGDre3iDSZk8lJTU3Yein6wP3bJw3t4jjJ2qTO68B2Oyp+LxdUZ/TMouwWHsfC/epKCkafk8Lhj6yAWRmljx2PVklmgE20faRYs8vIHfDFdiyo3uE+lqaaNr5Ot6Gi2dsVCHE6Bvo2iVhpBBCCDE5SfgoRl1ZWRn79u0b1fDR5/Ph8Xiw2WwSPI4zv99Py7EncZx+aMh1aJ370Tr3Q+3P4KjKMc8aurR5HK7J4p1DzVSdqx90naHekFis6LqP9pazoKhYrc5wT8hQ+HfDjeu5++NXD1jnJz5xLQ899HMC+sjdDGkWG2kZRf2CUZvNic8HOLPxe1oxdN+IHTMjXcLHi8FY3pTnbiin6JbbyN1QHrfMvC9B084d1P5hK007d4xZ24QQFxcJHIUQQojJT8JHMSY2b97MU089RUFBAaqqDnp/wzDw+YJhi8fjAaCnpwfDMDBNk7y8PJYsWcLy5ctHtN1i8DqrXhpW8Lj9WBFHarJo6HTS2OGgsTM0IUxt72u4FDTNgqZZMAwdXffS7e4JTumiKCgo2G2Jx2AMmVGSz7o1hTz/wm7sjnRs9tS4E9wMRNUspGdNw+nKjlvmQgCZNaIBZFa2PHZ9MRqtG/Yl3/k38q7clFTZ3A3l5G4op3H7Kxy87/Oj0h4hxMVFwkYhhBDi4iPhoxgTU6ZM4cYbb2Tbtm243e6kekEGAgH8/uDjpcXFxSiKQn5+Pna7nYyMDDIzMykqKsLhSC4oEmND6TyKYk3H9HcMet8fvbyI144VjUKrYlNVDZX+YeFgbnxsNnt4XEkAS29PSovNgabZkhpfEiAjuyTJ4znx+5VgANnTjhHoSbqt8WTJhDMiSeufexF7Xv6g98u7chPrn3uRXVvePwqtEkIIIYQQQkxkEj6KMTNr1izuueceACoqKhKWlVBx8rJ7DmE4C9EHGT6OdfCYSENDy4BlPB5PxIzdwXElTdPAMHR6PK2YbgOzd3ZqzWILB5GKqmGxOlBV7cJ4joNk7d0fIOBV0f3dQ6oHwOGwU1g4MWdwFhPL2id+N6TgMcSel8/aJ37H23feOoKtEkIIIYQQQkx0Ej6KcTFr1sjNFCwmFkNLRXEWobjPYerJ9crbU5E/YYJHgKam1rjbAoEAO1/fw7b/3dVb9sKEN4qiomnRfSkNQ8c0zeDj3V0ewIyaSVtRNTTNRk7B3EG1UdOs2GyhOiwEvIPvaQpwx53XUTp7+pD2FZeOxd96FNes0mHX45pVyuJvPcqhB+8dgVZNXOkLF+Esnkbbu/sv+kl3tBQX2WvXEejsoHXv7vFuTlKyVq3BkpZOy9tvone7E5adjOcnhBBCCDHRSPgohBhRqj0P9C5U1wz0jmNJ7fOLnYML3sbTq6+8xXcf/XnS5dXIMSD7POFtGDoApqkT8HsG3RNS06zY7So+FBTVgt8zcI/NSPMXzOLOj1w/qH3EpSd3Qzn5V13Tb7274jTHH/020++8i9zyjVHbmna8xrknfs28ex/oF1rmX3UNuRvKBz0JTfGtH6LoxptR+gzb0XHoIMe+/fVB1TXaim65jcIPXM/Zn/+Uyp8+Pt7NGVXpCxcx9wv34e9oZ/dHbo/aNuWGmym+5Vaadu7gzM/+O6n6hrLPYM24+69JW7CI49/5Jue3/Zm5X7yf1DlzOfuLn9H8xs6osonOTwghhBBCJGfwM38IIUQCtuLNAKgpxajOwgHLH6nJiphUZmLz+Xy88vJbI1ZfaAZuTbOgB7xDrsNmTwk+1p2Sg6Ikf1n/6F/dMKRjiktL0S239VvnrjjNoQfvo+2dvRz+yv20vbM3vC1y3aEH78NdcTqpOgdiz8nFNbMUZ1Fx1MuWk9ywAat/+QTrn3uRrFVrBn3sIVEUFG1oE1BNRrEm20qdPYe0BYtIX7go6XqGss9QKKoSbnP6oiWkL1hEaunsBOUvna+lEEIIIcRIk56PQogRZclZhd6+Cb3hFbSMRSi2HIzuakx/e8zyJbmd4ceQVVWB4LzT46unnqbK17HllGG327Hb7Xg8Hh79zk/Z/05yvTkHK+Dvxu7MHNK+qqphd7jw+TyQkk2gp2PAmbBv+eDVrF69ZEjHE5cOx5QicjeU91t//NFv464Mhop6Tw+Hvvwlyr73GACHvvwl9J7gkAvuymDvyBU/+knU/rkbynFMKaKnbnAz2Jt6gKonfkPFj3846HNRbfZB7yOG5+S/P8rJf3901PcZrr2f+OiYHk8IIYQQ4lIj4aMQYsTZZ92F356Nr+Z5VGchqrMQ0/Bj+tsx/R3Bl68VTAOXPcA/vv9dnnp7GueaUsJ1qGqoB5+C0vteVVRAidg2OqpqO7G+exeGlkpn2kpqLMv4zTYfb7x1atSOqQcSh4UDURQVmy0Fn09BcWTi93bEnQl70eLZfOaeDw/reOLSECt4BJh+5110HjkUDhl9Lc3hcRx9Lc1RZafedkfcuqufeXLE2jr/y18lb+Mm3JUVpC9cjGqx0LL7LQ7e/0VW/exXuGYGxxpe/tiPad3zNu/d93kWPPQIueUbUa1WAl1dVD3xayp/8l/Mf+BhcjeU0/zmTvLedzVGTw/H/uUbFG6+PmZ5gPkPfIXC67agWm3oPZ647Vz+g8dJmTkLRdOwZWVjeL2c+80vqXj8MUr+6m6Kb7sDe14+iqZheL1U/+5pTv3Hd8m5fANz/vGLpEwvAUUh4HZz7tc/p/HVl1nw0COkL1oCioLh81L3/LOkzVuALSuLQw/ei5biYuEj30BLcXHy3/4vdc/9idW/fAJLahoH7/s8RTfdwpQbbkJzpmDqOs1v7uLwVx4gbe48Fjz8z3hqarCkOElftIS6F56j4aVt4bYYfh8oKoGurn7nuvbJ35MyvYS65//EsW9+jZmf+lum3XkXltRUME08NdUc++bXaI3oOdt3n3hf16qnnmD+g1/B19jIO3/3afRuN7P+5u+Y9pG7qP/z8zinTid90WIsKcH/V9yVFRz95tfoOPReVBsLN29h3n0PYPj9nPrP71H37B+j/q4TnZ8QQgghhEiO9sgjjzwy3o0QQlx8tPQ5WLJXYPi7MXrOoyigWFJQbVnBQNI1A8Weg2JxMT23h81LzrFx4Xmm5Xpw2nScVp3GDhumaWIaBqYRnEnaMALouh/DCIQ/m5gYpoFhGoAS3Mc0AVCUwfek9Osqt6+pYPvRXH79koNnXmzj9Nm2gXccBtM0sDnSh/Von6IoWCzW4HvViqKoGIY/qozTaednv/j2sNoqxl/o33fo37ppBicyCr10XQ+/up/9w5CPk3P5BrJWruq3PqVkBplly2h+cxe6Jxi0BTo6CHRET3y0+FuPxhwvEsBTW9NvfL1EslauJqNsOYoC2WsuI2/jJjKXr6SntgZ/ezu55RvJXLoMTJO65/6EarOROmce3vpaGre/SvrCxZgBP6f/6wc0vvoyeRuvouimW2ja8SoH7/1HMpetIHvtZbgrKzADfnLWX0Hq3Pm0v3eA5jd3YklNi1s+f9PVTL39TrqOHePsL36GLScPe24e7e8eoHXfnqjzmHLdDbhKZ9O2bzfVW58ifcEiXKWzaT90ENVqxZqeQe3//J7mXa8Ht82cRefRI0y7405S586n8vHHqPjRf6J3d9O2dw+FW24kZ305NX/YytF/fphAZycdhw9iy8klbe48Oo8dw56XR8669SiaSk99PZgmUzbfgKemCm99PSUf/yQ95+s5eP8X0FJSyF1/BarVSt2zf6Tg6mvJWrESU9dpen07zW/uZOYnPo2jcApVT/6ajkMHSZ+/gIDbTc3Wp6LOVVFVMpeWYXi9dJ+ppPSez6L3eHj3n/6B1n178DU10fDKS5h+f8x96l94Lu7Xtf3APuy5ebhmleKprsJ9+hTT7vwotuwcqn77K+x5+XSdOEb1009gmgaZy1agYNK0cwdTrrsBe34+zbt20rpvD7bcPNLmzqe7soKOo0dY+PDXkzo/MfJSbrwFTdOwWCxomoamaaiqGl4qihJehv5/77sUQgghxMQjPR+FEKNGdU7BMfdvMLpO46t+AaNtf3iboigotgywZYArONvy1Owuiqe1s9nfjumvxgx0U9/u4Hybg4oGF11eK5WNLrq9Gk2ddpo6e6d7jpg9Wic6bBuqZ3aXsnXP2M7Krge8qJp12PVYrQ5U1YIfBVWzcdnqWezYvofS0mn82388MAItFQIyV6yi7HuPcejBe/FUV/Xbnih4BHAUFAz6mIqqkr6kDHona/I2NtL46st0nzsLgN7tpuLxH1L/5+eY/+Wv4iqdg7NoKnXP/YnZn/0nTMPAffoUrXt3U/KxT4Ch07xrJ56aajqPHyVt7jzSFyzCU1sDpkH7ewc48Ll7AFj2/R/FLZ9RFgzHzv/lf6n5/TOkLVhI2vwFcc/D19xE1ZO/pXXvbjKWLiN3QznpCxZS/cyTNG5/ley169AcDjw11TiKisKT7Kg2G9mXXU7X6VOc/uH3Aci76hoUTSNz6TLa3ztA5X8He2K6ZsxCKd8Ybofu6cYMBLDnF5BSMgMtxYm7soKsVavRHE6admyn/d0D2HPzyF67jsxlKwAwvD3onm4qf/rjYBh57Wac06bjrjjN6R/+J1mr1lB43ZaY5+muOB3uHRtiy8piynVbqH7mSc5v+3NS+8T7unYcPUJG2XIyli6j8+gRXDNL8VRV0fT6dppe3076wkWklMzEfeoUOevWQ4xe896G83jr6zD1AAC5V5QnfX5CCCGEECI5Ej4KIUadmlqKY/5nMdxV6K378LcexvScQ+nTK0+xpqJYU4FiAEwjQHFWO0X+dpbNbcf0nQczELVPV4+F0+dTw+8rGoPvu70alY2u4HufFvVI90AcNn3Mg0eAFKeCYrHi8w0/QNU0C6rDhc/Xw4MPfYYHH/rMCLRQiD56e2CO2eEC/iGP+diXoqrhx5EXPvINAAxfn+EPIn6xkai8oqpgGkN6NFf3dKNYLNiysplyw82U3vMPWDOzMLw9KBYr/vZgr+uq3/4ae24+mStWkbVyNR2HD3L0G49Qs/UpUqZNJ3PFKhZ97VvM/OvPcPJ7/0rniWMEut2kTAv+csff0Y6/rY2U6dPR3cF2dh47SsbSMlCU8Ln629sxvF4saWkXGmmamIFA77lqKKqC4Y09rEM8HUcOU/30E0y/6+MUf/B2ptxwE/UvPDesmcrb9u9jypYbyViylO4zldiys2l+6w20FBeLvv5tci67HCMQANNEcziSqnOo5yeEEEIIIeKT8FEIMWZU1zRU1zSsU2/G9LWgN+1Bbz+E3l0NMSakUVQLij0H7DnhdWagC9PXiuFrw/S1kurwU1Zy4ZHo9fOa4h4/1IuyvsNBQ3vwRtQ0TY7UZOBy6MzIdZNq9+N0qPy/HfNH8MyTE/D3ULZkGucb2mhoaEPXjYF3SkBRVOz2FA4erGTJkpkj1Eohglr37ubwV+7H19ISc/uhB+9N2Pux5/z50WzegEzDQPd0c+K736Hu2T9GbSvc3L+nW6Lyy3/w+JDbYcvKwgz48dTVUnDNtag2G8e++Qh1zz8bHB9yRvB7t/Wdvey5+yNkrVjFjE//LZnLVjDjk5/m8Fce4MDn7sE1cxYzP30PeVe+j5KPf5J3/+mz+FtbcRQUAtBddRZfczPZ69bjKp2Dv70d9+mTZCxeEgyRe3sFak4nisVCoLNzyOcUz7nf/opzv/0Vxbd9iJK77qbg2s10njxOzdanh1Rf8xs78VRX45w2jayVqzECAdre2UvuFeVkLltBy+63OPTlL5F35fuYd5/0+hZCCCGEGC8SPgohxoViy8ZSdC2WomsBMP2d6B1HMTpPYbjPYnjqINC/F5FiSUWxpKKmTAvuF3Bj9gaRhq8VjPgTtxRm9FCY0UPZAG17ZnfpkM9rOFpbWtA0laIp2RTkZ1Jb10JDw/DHmjSM4YWY4tLla4kd5jduf5XDDz+A0ZO4d1iiANJ9+uTgG6QoWDMzo8JBvaeHlrffTG53VUVzOgHoPH6MzOUryV57GQ0v/4XcK8pJX7CIih//KOa+icq7z54hc8UqctZvwNvYQMai3pnk40yOZXG5yCxbjpaSQvqCxfiam4N/H9dcC4qK6nBSdOMt4YlpNKeTGXd/Cn9XBzVbnyZz314yFi9BczqZevuH0ZxOqrc+TfOuHWSvWYvmdKJ3u/HUVJG5bCWmadC963X8rS1oDgcp06bTdfI4HUcOk7ZwEQX6ZrJWrcGeX0DO+iuwpqXTeOpEzLZ3n63E396Oa2Ypee+7mowlS7FmZKC73WgpLvRud8z9UqaXUPzB22na8Rr1LzxP7vpyslauxuJMvld6LO0H3yV1zhwylpbRU1dLw8t/oeDazcG/fpsNW1YWeRs3oTqcaL3HMg0DFAXV3n8G9KGenxBCCCGEiE/CRyHEhKBY07DkrIGcNQAcOXyCIwffo/bsKaxmJ7MKfSya5ibbFR12KBYXisUFKcVogBnoDoaR/tbgUh/8o3MbF9T2PnZtYhjmqM+uHYumqUybmktOThrV1U10dsafPXcgbrc8PiiGpmnn68z7Uv/1VU/+pl/wuPhbjwKEZ70Oqd76VMzwsWnn64NqS8DdBYpK8a0fovjWD4XXdxw5TOOrL/Urb/h8YJoo1uA4qt3nzpJXvpGl//ofNL76MhWPP0bWipUUXH0tBdd8AEwTd2UFja+9EvP49S88G7d8zdanyCxbHtx29bW4KyvQu92klJTErEux2pjxyU+jWCz4O9o599PHg+fx2iukL1zMvPsexPB56Th8iNS584PjSi5bTubylcy798HgTNF1tdT8fisF115H/lXXUPr3/wcAf2srtX/8PQDtB98je806TEPHXVmBr7kJU9exZmbhPnsGgJqtT5M2Zx6F121h/bPbwDTpOHyQ6qefiNn2jiOHqf/z80z/6MdY8i//SqCri+6zweVS+wAADy9JREFUZ7Hl5pK1ajVNO16LuZ9z2nTyNl3NtA9/FBQF0zBo3f0W1b97Jmb5ePp+XVv37qZw8/VYs7JpePVlAJpe38GULTeTvXoN6373LJ6aajzVVaSWzsaeX0D7wXfJXL6CuV+8H0d+9NijQz0/IYQQQggRn2KaYzxgkxBCJGAYBn/6n5d4+aW3OXnibNS2smXzuP6aBaxbbCHQdRrTUwee2oT1mbon3DMyGEYmF+JtO1jIj/7SvwekoqjBmbv7zEqtKiow/Jk2P/fhbGq759Duz41a39zcQVV105Aexb75psv48B1XDrttYvxEzm4Nwe8T0zTRdT08u7Xf7ycQCOD3+/H5fHi9Xnw+H02f/tiwjr30u98nd0N51Dp3xWkOPXgf7srTQPTkMg0v/yUcQLpmlrL4W9/BNSv6e6lp5w7e+8LnhtWukZK1ag22nBy6ThzHXVkx5PJaiovstesIdHbQunc39vwCAl1d/XrKhR6lPvatf0bRNFr37Y0q45o5i9TZc+k6dQJ3ZUVUPa6Zs0idO49AVxfNuy6Et/b8AjLLlmMEArS8/eaQeueF6vY1N9O6d/eA5dMXLsJZPI22d/fjbThPyvSS8MQ/iWStWoM9L5/us5V0HDk86HYORs76KwBo3vU6WooLS2oq3obkHvcf6vmJ4cn9719is9mw2+3YbDasVisWiwWr1Ro183Vo1muQ2a6FEEKIyUDCRyHEhPLittf5wfd/G3fSlaKiPO69/1MsWBAMMwxPLUbHCQKdpzC6KqCnPmH9pu7tDSJDYWR33LL17Q7+Z28xh2vSBzVhzXD88fO7AOgKZFHbPZsazxxqPXNwBzLQdYMzZ8/T1ja4YOHmm9by4Ts2jkZzxRgZz/Axd0M5S7/7/X7r3RWnOf7ot5l62x39ejY2vPwXqrc+xbx7H+gXPAK894XP0bRzx7DaNVmFwscjjzyUVMgnxKVEwkchhBDi4iSPXQshJpRdO99JONtzbW0jr778Zjh8VJ1FqM4iLAXBcC3Q8g6BlgMYnSfA29Bvf0WzozgLwRmchME0fBeCSF8rZuBCsFeY0cNnrjod/lzXFpyoprPHQmXvrNoAlY0uur3RPSGHIsWuh9+nWlqZm76Huel7AGjz5VPrmcPsjDkcOJdPZVV30r0gfT4/7e29E/qYenDGcDOAEfCjBzyYRgDF1DENP4pigBEAdDACKIqBLXcNTqcTi0X+y7gUNe3cQeP2V8i7clPUetesUlb86Ccx98m/6pq4E800bn/lkg0eQwyvV8YOFEIIIYQQlwzp+SiEmDBaW9r42F334/cHEpYrKZnC4z/5+oD16W3vEWg5QKD9OIq3Lqk2mIa/TxjZf9KbMaNoKJYUFC0FLK7e9y6wpNDlddDpUTD0AJoKmgqqagaXSnCeC001UVWwaCqaagImCoO/5OtKCn77DNQpW8gsGPtZwMX49nwMWf/ci9jz8odVh7exgV1b3j8i7RFCXHyk56MQQghxcZJuLEKICaOj0z1g8AjQ0NCSVH1a5lK0zKXYAcN9Br3lHfxtR/C1VWCzxt5HUa0ojnxwBEMW0whg+tuDPSID7uDs2gF3sPfgSFPtqLZMlNDLkhq3aJrDR5oj2Yr1gYskoJndaD1HMM6cosNzE+kzNg+rPjE57dryftY+8buYj1Enw11xmrfvvHWEWyWEEEIIIYSY6CR8FEJMGE6Hg6zsdFpbOhKWmzGzOO62UL++yD7dJkDKDNSUGdimfpBv3vcwWepZSotMSgoVpuarpDpj95hQVAuKPQfsOdHHMXz9A0kjAKYf0wgMHE6qtvBM3Yo1PRg2as7E+yRgmgboPcHZvXUPpuGLW1ZRNNAcoFjA8GIa3ui/MEVFUe2g2S8sFQ3V9GE27wAJHy9Zb995a9TkMsmKnIRGCCGEEEIIcWmR8FEI0Y9JMIsyB3hP321cyLAulDUvlO27vc9nMrKZNX82+954J2H7ps+fy5nu0GOoEfsnKbe0jG2/q+WliMPMmaqzYJrB7GKTkkKV4nwNVYlfq6LaUGw2sGXFLRMOIY0AphlAUS2gWEG1oijqIFocqs+H6e8KhouhkFHvCc7gnSBsHDGqDX/uVXi8Znheb0W5MMe3Aigo0euU0PrelxJZts/2GO/F0I3WI4iHHryX3A3lFN1yW79ZsPtq2rmD2j9sveTHeBRCJE8enxZCCCEuPhI+CjGJGb3Bn2GCQTCIi700Y6+PqCNy23gOBLvyirVUHK+ktbk15vaZc2eyeHUZxjAaubp8LWdOVHD84PHwupPVGierg5PG5Bflc/PHbmPNIjvW7pNo3Wew9tRiDTQN6jiKagEsoA0+SDNNHdPfEX7h7wgGjuPJ8NFTcD2+hJ06R+5fTyiEVLkQRqqhZZ9twaUSZ31wqUbUcTEayxv2pp07aNq5A8eUInI3lJMyYyaOggIAes6fp/tMJU07d9BTVztmbRJCXJwkjBRCCCEmPwkfhRgHobAwKjTss84wzXAg2DdcjAwdLzbL1q3ANE1e/MP/cvbkmahti1Yu5tpbr6N0wexhHaOopJjNH9oCisLx945FbcsrzGPz7VtYdtlyfIAvbWHUdlvnkWEFkomYgS6MniZMbxOmv33E6h0pXQu+ja9wy5gdLzIUTy7TTO4bIjKE7BtKhj/3BpmR62KVG2/xbsrHagKGnrpaqp95clSPIYS4dAx07ZIgUgghhJicJHwUYoSYgG7Gepkx14v4ll++kvyiAqoqztFY34CqahROm0JJaQm5hXkjcoy5S+ZTPGMqR/YfprGugUBAJzsvm7mL55FfVBB3P1/awriBpMVzBs3bCKaOYhoo6ICBYhoQ+mwaKBh0dBkYhoFLa0YLNAYDR907Iuc2GtxzHsI79c7xbsaICIX2ib8PB/4m1ZRYLyXm+rG6XVYURWZ+FUJMapHXMLmOCSGEEBcHCR+FSEIgRngYiBEqXow9EcdL8YypFM+YOqrHcKWlsrp87bDriRVIxrP/jT2888Zezp06R2N9EzZ7EfOXbmTZmiWs23QZmEZveBkMKkGH3vfBdcFAM1Rm92u7eO25l1AVM9gjTzV735sR72HFujLWXLmmNwjVe+vtc6ze9eEyoeOi0zPjU8P+e7rYxP5FQv+LgBojjLT0CSktvcuhineTLjfuQojJJN51TK5lQgghxOQm4aMQfegmeA3wGeAzzN7leLdKXAzefXsfzz3xLHVVdeF1Pq+f9/Yc5uC+I7i7/Vx10weA5EdOrOk4zqnzGQOW00qms6zg+qE0WwyT0fuLCX/U2v5fYZsaeinYe98PNpAM3aRHvoQQYrKQa5gQQghxcZLwUVzy/EYobDTDoaM8Fi1GWktDE68++3JU8BjJNEzefOVNZi+cR8mcmUnXm5qellS59Mz0pOsU4+PCLzqCFyBNIRxC2pTg0hKaLVxRMHunek/UU0hu3IUQk0mia1fkOrm2CSGEEJOLOt4NEGK8tflNGrwmbX7w6BI8itFx9tQZThw6mbBM7dlajhw4NKh6i2dMx5HiSFjGZrdSunDOoOoV4083oVuHNj+c95p0BKIvTn1v0GP1GJIbdCHEZDLQdUyua0IIIcTkJOGjuOTZhzPQmhBJaqitT6rc+arkyoXMXTKPDe8vT1hm1RVrWLpm2aDqFROPXY1/0x3rZl1VVVRV/psXQkweoetWsr9IkSBSCCGEmBzksWtxyUvVwO5U+o3xKD0gxUjStOQut8oQwqKrb3o/AK88+xKGfmGAUqvNyprytZRf975B1ynGl0UBa8QYkNbex65j6XvzHQoeQ0shhJgsIq9dsa5tQgghhJicJHwUlzxVAXvv2GoQ/MHWMHvHXzPB3xtI+o3grNdCDEVRSXIzd5fMnjHoutOzMvjg3bezdPUyjh88SmtTK2kZacyYO5OytcsHXZ8YW5beYNEaChp7x3hUo+6zL4zxGEvf3o7S81EIMRnFuoYl86i1BJNCCCHExCbhoxAxqAo4NAiOpBf8gdYk2Buy/8uMuV6ISFNnTads7TLefftA3DKz5s1iXtmCIR9j9qI5zF4kYztOBArB64jW76XEWBe6ygyi/t4JZ+KNjxa6adc0bTROTwghRoWmaQkfvQ6FjBI2CiGEEJOLhI9CJEkh2EPJ0u/n3f4/AOtmsPdkOIwk9PlCUBm5XbLKi196ZjofuP16ujq6OH30VL/trjQXV15/FVOmFY1D60QyVKIDRTUiUAy/J3r7SIqc4Tryc6Lg0TRNFIcDs6dnZBsjhBAjTHE40DQtYQAJsYeaEEIIIcTEJuGjEKMgFD5Y+23p/wOySTCIDC0NEwzA7F1e+GyGP4f3iSgTWY+YmEpmz+CWu2/jvbff5eTh49RX15HiSmHRiiUsv3wF85YOvdejiC3UA1EFlMhln3WqosQsq/aWDW2baLe4kYFkKHg0DCMqfEy/chPt214Y55YKIURi6VduigofY439KEGjEEIIMTkpZqJBpIQQk07fIDIUZPYNOU0uBJpmgrJmjHVCjJTIUE8JhXwR7yMDwwvblKj91Bhl1Yi6Lyah/7JDS8Mwgt/HhhF+6boe9QoEAtQ//hgd21+RHpBCiAlHcThIv3IThZ/5eywWSziA7NsLsu9EWvIIthBCCDF5SPgohBiUUBgZfs+FcDJ0MRnwc586gmXM6O0R+9JnX8w+nyOWsbb1e9/nqtf3IhjzojiKwasS/iPG+kSfldjblMilEmNdxLZ+62OtI+Imr0+56DIR72PUFbVPn/1FcvqGj6Zp9gsf44WQoVdoW2RwGaonsk4hhBiOvo9KR/ZkDPXODi1jvSJDx1iTz0j4KIQQQkwe8ti1EGJQIkOmqJUjUrMQIpHIcR77jv/Yd2brvttDZXRdR1XVfsFjZPm+4aOEkUKIgSQai7HvuLSxAsjIZazQMVbdEjwKIYQQk4OEj0IIIcQkFXnjHTn5TKzHEhVFCY8HGSt4TBQ+CiHEYMULH/sGkJGvWJPN9N1fCCGEEJOPhI9CCCHEJBTZCxKImmwmtIwsG1ofr8dj36UQQgxXrEekYwWQfYPIWNult6MQQggxeUn4KIQQQkwifR+5jhQZPMabBTsUPgISPgohRlW88BGIChUTvR+obiGEEEJMfDLhjBBCCDEJxZt8BgiHi7EerU40uUy8HwnkRwUhxEDihYGxHr+OfB/rkWwgavgImWRGCCGEmNz+P8Xtzo7g0pawAAAAAElFTkSuQmCC
----[INFO]----Unable to locate elementPatient Module
----[FAIL]----Element 'Patient Module is not present
----[FAIL]----Element 'Patient Module is not present
data:image/png;base64,iVBORw0KGgoAAAANSUhEUgAABR8AAAJmCAYAAADVS/dbAAAAAXNSR0IArs4c6QAAIABJREFUeJzs3Xl4lOW9//EPkH0SlgATkCVkoUQYIkohGCuWoKCnINLaH6Di8YALVY+gBa1iqhb3pbgcW2Q7FlCwrUWFUwVMUNRAWATDgEGTDIlEyYBBSIaBrL8/spBlZjJZJjOB9+u6vGqeeZbv8zxjox/u7313qqysrBQAAAAAAAAAtLHO3i4AAAAAAAAAwPmJ8BEAAAAAAACARxA+AgAAAAAAAPAIwkcAAAAAAAAAHkH4CAAAAAAAAMAj/LxdAC48JRWVCujcydtlnBcyzAcabYsw9laE0eiFagDPKbbZlGM5LJvNpmyLRZIUExUlg8Gg6KhBCjUYvFwhAAAAAMARwke0q7RvT2jdoVNKio/QlIFBIoJsnmKbTVtSt2pLSmptAONIqMGg+OEmJSYk6PKE0U0GMwsWPuowyHTkLy//WTFRUW7tu2BhssvPp06epMQxCQ4/W7J8hbIth926zgtPLaq+nvv3IZ0Lr0JDDYo3mRRvGubWvWWYzU3eW4140zC98NST9bZNnDK12ce6ez1JmnP7LMVERTXreTiq0xlPndeRLalbtf6DDS6/75IUYTQqcUyCrkka5/b3EwAAAADgeYSPaBe5P9q17JM8bTYf05iRA/RB3hltt5ZoysAgJRoDvF1eh5C2I10vvfqaim22JvctttmUtiNdaTvSFWow6N2317RZHVtSUhVz+2y39s0wm11+nmOxKH64yWE4mm2xNCtIbIm6gVbajnRJVYHk1Osn65qkcR69dnM19SzrsrnxHfF12RaLXnrltSZDxxoFVqvWf7BB6z/YoFumT9PMGdM9XCEAAAAAwB3M+QiPKq+o1JLUXP32f/Zos/lYvc+OnanQ8m9O6yVzsbJOlXmpwo5hc0qqnnjmWbeCx4ZacowrW1K3ttm5im02rVm7rs3O1xayLRa9+MqrWrAwuc2fHdyTbbHowYXJbgePAAAAAADfRfgIj9mwr0BTX92tlZ9953K/Az+V6emMYq3OtutUaWU7VddxFFiteunV1zx6jea0qdaMqmwr6zds9MmQKcNs1t3zHmhVAGkICXH4bKOjBjV5bHTUoBa1D0dHDZKheiRpTFSUDCEhbX4tT523xkuvuDfCFwAAAADg+zpVVlaS9qBN7c09qWWf5Gn34ZMOPx8zcoCKu3dz+Flgl066YWCQJvYL9GSJHcrjTz+j7ek7nX4ebxqmeJNJBVarCqxWh63Km95f79a1br3jLhVYrU3ud03SOM2fe1+T+2VbLLLZbE3OVxhvMtXO21hXsc2mJctXOBxtaQgJ0arlSx22bLuakzDeNKz2749arbJajzncr0ZMVJT+8vKfHX7mau7HqZMnaU4T7enO5n68PGG0Hn/kYYefubq3d99e4/B5rF67TmvWvePwmMce/oPTeTeb4onzbk5JdRm2R0cN0iUmk6Sq71d2jkW206fr7UPbNQAAAAD4DuZ8RJs5VlSipZ/k6f0vj7b4HGfLK/WOxa40a4luGBikS3v6t2GFHdN+J0GTISRELzz9ZKORZc1ddKVGtsXiVvAoyWUYWpe7o94yzGZtTknVhPFJ9baHGgxOV+6OiY5q0QrHDRc/qZ0rcMNGh/tnWywOa2uKoRWrL7d0wZSWPI/QUM+sEt3S87qa2/L39/13o/fgKgAFAAAAAHgfbddoE3/7/Iimvrq7VcFjXd/ZyvXa1zb9JdOm/NPlbXLOjijDbHbafho/3NSmq/puSUlttM0QEuJw4ZW2br2WpDdWrPRKq22E0ag5t8/WnNmznO5DuNV+nAXghpCQZgfAAAAAAADvY+QjWuXjg8e17JM8WY6dbnrnFth9vFS7j5fqP/oHasrAIPl37uSR63REzlY0rhtIxle3p7ojzcFoxvjhJiUmJDhse96cmtridl1Him02rf9gg9faZadeP1lp6ekOR41WtbObm/U80TLORu02bK2uEWE0Kt40TBFGY+0o2UuG854AAAAAwFcQPqJFMn8o1rJP8vTZN4Xtcr1/HzmrNGupbhgYpLF9Atrlmr4uw3zAYTtwU/MMOuKs5ToxIcFpwLg9faeKbbYWtfo6s2bdO5owPslpq7WnXZOU5DT8+mo/4WN7MBp7O52H86VXX9Pv7/vvetsmjE9iRCQAAAAA+DDartEsxWfK9OdNObp16b52Cx5r/FRSoTezTuvZ/cXKPFnWrtf2lqbmDXzp1de0YGGy23MwOuOo5VpSbfB4ecJoh5+3deu1JL34imdX9nbF1Yg5V3MRou30cRE8b05J1a133KUtqVtZDRsAAAAAOghGPsJtf9/5vZZ9kqeTdu8Gf9+cLNPz+4v1i4gA3TAwSOGB52+GHhMV5XIkmFQVimWYzQo1GJQ4JkHXJI1r9gg9hy3XpmG1oxovMZkcBpxp6emtGnUWHTVIOZbD9bZlmM1K25Hepi3d7mrLEZcZ5gPMFdkCiQkJLhdMKrBa9eIrr1btOyZBiQkJDuclBQAAAAD4BsJHNCnt2xNa+mmeDuYXebuUej4vKNF2a4mmDAzSpAFB3i7HY349ebKWrFjZ5H7FNps2p6Rqc0pq1SIqs2e5FeC5armu/fsxCQ5raG3r9czp0/XXFSsahatLVqxU/HBTm7Z0uyveNMxh+NUwJG1KTSiM5rlmfJJWr13ndI7HutJ2pCttR7qWLF+hqddP1g2TJ3nlOwMAAAAAcO78HTKGVsv90a5H3z2keW8f8LngsUZ5pfSv3DNa+GWRdh0v9XY5HjH1+snNHtlVYLXqiWee1RPPPNtke2rGfscBWd3gMsJoVHTUIIf7OWvZdkdoqEG/m914jsoCq1XrP9jQ4vN6Am2+7SPUYND8ufc165him02r167TgwuTlW2xeKgyAAAAAEBLED6ikfKKSi1JzdVv/2ePNpudt/v6kh9Ol+uvmTa9ctCm3OJyb5fT5ubPvU9TJ09q9nFpO9L1xNPPutzH0UrWRmPvRi3Ilzhp5XZ0fHMkjklQvGlYo+1r1r3jcESmtziqEZ6ROCZBLzy1SEZj72Ydl22x6MGFyQTFAAAAAOBDCB9Rz4Z9BZr66m6t/Ow7b5fSIl8VluqJfUVam2OXvazS2+W0qTm3z9YLTy1qdghWM4eiIwVWq8ORYlckNG7XdtbC7axtuzmcjXTz5uIz8K54k0l/fXmxbpk+rVkhZLHNpjVr13mwMgAAAABAczDnIyRJe3NPatknedp9+KS3S2kTW74/q+3HquaDHN830NvltJl4k0kvPPWkCqzWqvnu0tNdLs5RIy3d8QIuzkLJDPMBLViY7HZdaTvSNfX6yW7v31CE0ahbpk9rtECLN+ZMdOd5uuOapHFNLsbTnGd8IQo1GDRzxnTNnDFd2RaLtqSk6iuzucn5N7ekbtWc2xu38wMAAAAA2h/h4wXOeqpEyz7N0/tfHvV2KW2uuLRSb2XbaxelGd7D39sltZkIo1FTr5+sqddPVrHNpvUfbHC5srKzQM1Zy3Rz583bkrq1VeGjVDW35ebU1EaLz7RnAOlqBGeig9GgrkQYjc1edRzOxURFKaY6UMwwm/XX5SuchpDFNpuyLRbFREW1Z4kAAAAAAAdou76A/e3zI/r1a7vPy+Cxrpyici0+YNPSQ6dVYK/wdjltrmZ02JzZs5zu4yhUc9Zy3RLZFkurzxVqcLz4THtyNhJUkuKHEyT6ipoRwK7asW3M+wgAAAAAPoGRjxegjw8e17JP8mQ5dtrbpbSrHcdKtONYia4fGKQpA4PUydsFuWFzSqq2pG6tN/rvlunTNHPG9Eb7XjM+SUtWrHT73K6CtpbYkpJaOzKtpWoWn2mr1ufmWr9ho8PthpCQC24U3cQpUyVVjeCMMBoVEzWoTVqZXZ0322LRkuUrlWOx1C4aE28apheeerLReUINBvUxGhuNlAUAAAAA+BbCxwtI5g/FWvZJnj77ptDbpXjVB3lnaluxE40B3i7HpQKr1e22Y1ctw44WqXHWcu1qrsLiYpueeMbx6tlp6TvbJJyaP/c+3XrHXa0+T3O99OprTp9ha1vKO7ICq7X6ubTtAk6Ozmuz2ZrVZl/gIniMvsDCYgAAAADwVYSPF4DiM2Va+mme1u343tul+IxjZyq0/JvTtSFkbNeO/Y9Csc2ml1ysDN1w1J6rluup1092OcovOmqQw7n2as7Z2hGCzhaf8ZQCq1VLVqx0OhLUEBJyQYePbam4DVuhXYXFRmNvhRoMbXYtAAAAAEDLdezEBU36+87vteyTPJ20l3m7FJ904KcyHfipWOP6BmrKwCB19ff9Zuw1695RhvmALqmegzDbYlHGfrPLYKfhStfOgj2jsXeT4WFiQoLThT7aovVacr74jLtcjYiru8K0rXphElfm3D7baZBVXNzyMK2lc2TabM2fLsHV/IdVbf3129xdjaJtj/PWlWE+oLvnPaD44SaFGgwqsFr11X6zy3NNSHK9yjgAAAAAoP10qqysbNteOviEtG9PaOmneTqYX+TtUhoZM3KAirt383YZjQR16aQpA4M0sV+gt0uptXrtulaPALw8YbQef+RhSdL6Dza4NS/knNmzGo32czT/pDO3TJ+mCeOTtCV1q77ab3Z6TExUlCIijJo6eVKjlaHTdqQ7bfGWHM8FuGBhcr35AlvL2fyajuYmdCQmKko3TJ5Ur4295lh3nmPdd7dgYXKdVmXnQg0Gvfv2GknSkuUrlGE+0CYLC9V93p46b4bZXC8cbglDSIhWLV/KyEcAAAAA8BGMfDzP5P5o17JP8rTZzCIMzXWmvFLvWOy1rdiX9vT3dkmtFh01SPPn3lf7s7uhnKP9mjP/ZM3+q9euc7lPzSrZ0YMGNQofW7L4THPqc8UQEqI5t892Ovelu3MTZlssjcLC5sxrWHdkobvH1H13bbEKuSOeOm9rGUJC9MLTTxI8AgAAAIAPIXw8T5RXVGrZJ3la+dl33i6lw8uzleu1r236eS9/TRkYpH4hXbxdUotcnjBa8+fe16GDmPlz79Pv5t4v22n3Wo2Nxt6tXv34mqRxmjljuiKMxladB+2rJmi/0FYlBwAAAABfR/h4Htiwr0DLPsnT0ZNnvV3KeWX38VLtPl6q/+gfqCkDg+Xfuf1rmDljuhLHJGhLSqq+MpudzrVYwxASosQxCZowPqnRSEKpajGXuitfH7VaWx3WeVKE0aip1092u/W8j9HY7PuJNw2TwWDQJSaTEsckEDp6UbzJpFXL3lDajnSlpae7Ner18oTRSkxIcDpKFQAAAADgXcz52IHtzT2pZZ/kaffhk94upVl8dc5HV3oEdNaUgUEa2yfA26Uo22KpbcfNzrEoJrpqpFeE0ehTwVmxzaYcN1tzfa12+I6681zW/b4bDAZGOQIAAABAB0D42AFZT5Vo2ad5ev/Lo94upUU6YvhYY0g3P00ZGKS4bgwaBgAAAAAAaArhYwfzt8+PaNmneSopq/B2KS3WkcPHGldGBGjKwCCFB3qhFxsAAAAAAKCDYPhWB/HxgeNa9mmeLMfcW3gDnvVZQYnSrCW6YWCQfjUgyNvlAAAAAAAA+CTCRx+X+UOxln2Sp8++KfR2KWigvFJ6N/eM0o6V6oaBQRrVy9/bJQEAAAAAAPgU2q59VPGZMi39NE/rdnzv7VLa3PnQdu3IJeH+umFgkCJDu3i7FAAAAAAAAJ/AhHU+6ujOR3Xixzxvl4Fm+OmMTSlZK7xdBgAAAAAAgM8gfPRRF4UUa37If+qFUSky9aU73pd19Zcu75quiNO3ylCxx9vlAAAAAAAA+AxSLR83omSlRhhX6t99ntCbh+J04nSZt0tCHSO75cqv+GmVnzrp1TqKbTblWA7X2xZvGualagAAAAAAAKoQPnYQ/1HxmMZdPEBv2R/ROwe7erucC15c2Cn1KvtflZzcLm9Nmro9fac2p6YqO8eiAqvV4T6hBoPih5sUbzIpMWG0IozGep8vWJjcZvW88NQiSVK2xaIly1e63Hfq5ElKHJPg8LMly1cou0GQ6khM1CDNuX222/u3xAtPLXLrftxVU3ONlj7/S4abFGE0Kt40rNE7BQAAAADAlxA+diDBZd/pdv/fKenn/6HVx2/W557JW+BC3+ByRft9pNKi1SrxUg1pO9K1ZMVKp4FjXcU2m9J2pFcds3yFpk6eVC/8yjCb27w+m83W5HkLrFbFDzcp1GBo9Fm2xaIM8wE3rlTZzP1bxp37cV/9qLql5617XLzJpJkzpineZGpVZQAAAAAAeAJzPnZA0aX/1mPdbtbjI9MV1dPf2+VcEAK7SAndMjTAfrNKi1Z7rY4lK1bqiWeedSt4dCTbYmnjilqmwGrV+g82eLuM80KG2awFC5O1OSXV26UAAAAAANAI4WMHdkXZq1ra///prvh8+XfhVXrKJV2P6rLOD6ry5NNereOlV187rwK79zZsbHGIisZeevU1pe1I93YZAAAAAADUQ9v1eeDGTg9q3KXxWnNqrjZ+E+Ttcs4bMaF29a1cq5JTm1Xu5Vo2p6S6NbLNaOytUIOh0eIzzrz79hrlWCxO5x40GntrQlJSvW0FVqu2pG51es54k0mrlr1R2x7uTLHNpiUrVuqxh/9Qb/sLTz2pDLNZm1NSHV7HaOytv7682GHL9rkahtW2IW9OTZXVeszhfrdMn9bkPblzP3WvVyPbYtH29J1Oa5Safv6GkBDFREfV/txUe/mSFSudzqUJAAAAAIA3ED6eJ3qWZmhu8GyN//l0rfphivbmV3i7pA6rV2ClhgR+qtJTS7w2r2NdxTab3nAR4hmNvTVz+nRNGF8/JFz/wQaX4Z9UvSCNi7kC+xiNmjljeqPtrsJHSYowGuuFZs6k7UhXhtncqIZ4k0lf7Xc8H2Ifo9Fl8ChJM2dMrz1nhtnsNHyse29fudivqfupmnex8XOaOGWqyzqbev4x0VF64akna38uttm0ZPkKp8+/wGpVtsWimKimnz0AAAAAAO2BXt3zjKl0nZ7vNUMPXmqWMYxsublGdftG0WdnqPTUEm+XUmv9BxtUbLM5/Cw6apD++vLiRsGjJLfCP1/w4iuvebsESVWhpq8LNRg0f+59Mhp7O93H5uS7AgAAAACAN5BOnaeuqXhG4wZ301tn/6Q1B3p5uxyfZ+r6o7qd/atKT7b96s+t5WqU4fy59zU5CtATXnhqkQwGQ5uMsCuwWrV67TqHIwfdERMVpaNWq9NRiy3RsN25pdryOdV1icnk9HtRXEz4CAAAAADwHYSP5zG/8pP6T7+5Svr5WK0unK2tObzuhgaGlGhg5/dUcupfKvV2MQ4UWK1OF2W5PGG0y1ArwmjULdOnKcJoVJ+IqlF9hjYKKl21CrfEexs2asL4JEW0YPThnNtna87ts1tdQ9325rbS1s+phqvnFBra/mE0AAAAAADOkEZdAAaUbtMjYdt09cjb9bfvrtE31jJvl+R1Yf6SKSRd5ScX+8S8js64Wr04McH1wiIRTuZr9EXFNptWr12n+XPv83YpHUKG2fkI3WjmewQAAAAA+BDCxwvI6LLlGt13ud7vu0grvx6s0yXeXsPZOy7rlquA4qdVfvKkt0tpkrO5HiXVjmb0pALrMa1Z947LfRyt9NwUo7F3ozbpLalbNWF8UpuPFow3mZpcJbq1MswHmnxO1ySNa9HIzoYKrFan93NN0jivtOEDAAAAAOAM4eMFaIqS9UtTlN6yPaT1h8K8XU67iQsrUq+ylSo5uV0dZS3wbIvF6Weeaumtq2Y+RldumT6t2bXMnD5dS5avkO306Xrblyxfqb+8/Odm1+ltGWazy9GIUlVI29rwMdti0UtOFugxhIR0mJGuAAAAAIALB+HjBapbuUV3B83R+JGTtco6XTu/83ZFntM3uFzRfh+ptGi1T7dYO3K+rlzcJ8KoqddPbjRaMNti0foPNmjq9ZO9VJlvybEc1oKFyZJct1objb31+CMPt8nISgAAAAAA2lJnbxcA7xpStkFPhd+shSN2q1/38yuLDuwiJXTL0AD7zSotWu3tctDAzBnTZTT2brR9zbp3XLabX0iKbTaXoyqNxt66Zfo0/fXlxW2+ojYAAAAAAG2B8BGSpF9WLtabkdP1X8O+93YpbeKSrkd1WeeHVHnyaW+X4jHnQ0C3wMECM8U2m5YsX+GFajqe07bT6tSpE/M8AgAAAAB81vk11A2tVKmb/BYo6bKRWnPybm3KDvJ2Qc0WE2pX38p1Kjm1Sef7cjo5FovH532MNw3TC0896cHzm3R5wmhtT99Zb/uW1K3tMqdlW7ll+jSvzLdYs0p4cXGx5tw+u92vDwAAAABAUxj5iEb6lO/R/NDZev6yf2tYn47xFekZWKkrun6insX/pRLbJm+X02ZcBXDZOc4Xo+lIfnf7bBlCQhptb2oBlwtBTVv1LdOnaerkSQ6fkySt37BRBVZrO1cHAAAAAEDTOkayBK+4tPwtvRwxQ/PiD6p7cBdvl+PUqG7fKObsDJWeWuLtUtqcq3n80hqMFnRkS+pWZZgP1P7lavVsb4kwGllgxok+RqNmzpiumTOma87ts/X4woed7tvUquQAAAAAAHgDbddo0q86PaVxQ3rprTOP6e+Z4d4up5apa6G6nf2LSk+evyPkYqKdh481C5G4Gh354iuvNtq26f31ra6rwGpVgfWYJCk6alCr5xycOWO6Nqemylp9zvNFWz+neJNJ8aZhyjAfaPTZltStmnr9ZBaeAQAAAAD4FEY+wi0hlcd1R+B/643LVuiKSO/OpjgwpES/CP27Qk7drdKz52/wKFWNCow3DXP6+ZLlK72y8MzmlFQtWPioFix8VL+56RZNnDK11SPvHC0+09E5ek6tbSd3NbfkkuUrW3VuAAAAAADaGuEjmiW6PFWPd79Vj434TIPC27cVO8xfurxbuvqcvlUlxf9q12t70zVJSU4/y7ZYdPe8BxwGWh1tNeyaxWfgWs3oR0dqRsMCAAAAAOAraLtGi/yicol+MWCJ/nHRU1r5dZTKyis9er3LuuUpoPgplZ886dHr+KIJ45O0fsMG5VgOO/y8wGrVgoXJijAaFWE0qk+EUUcLrG4vQOIqpLTZTjdq8bXZbI1Wp24rv7t9tjL2m2U7fbrNztkeC7FYjx1r9JwKrFZtSd3qketNnTzZYeu1JK1e+45eeKrjrBQOAAAAADi/ET6iVX7bZaHGxf9Ma4p/r//7NrTNzx8XVqReZf+rkpNpqmjzs3ccjz/ysH43936XoVzV/IJWZbg58K3AatWade/oq/3OD8i2WLRg4aPNqrUmdEvbke50nyXLV8pgMGjmjGn15qysWXxmzbp3mnXNhtJ2pGv9ho2SXK+aPXHKVEUYjUpMGK05t892uI87z2lzSqo2p6Q2u84nnnlWBQXOw9Ecy2EtWJisObfPqp3LcfXadS7D3wyzWXfPe0AGg0EvPLWo2TUBAAAAANCWCB/Rar0qvtG8kLs0/tKpWlVwo/Z93/pz9g0uV7TfJpUWrVJJ60/X4UUYjXrh6Se14JFH22xUYIHV2qLAzJ3zNjX/Y82q21/tH9ZowZyZM6YrLT3d6UhPd2RbLG63HxdYrS5XAffUc5LkMqCVqkalZpjNstUZnZphNje5arkvrmoOAAAAALgwET6izQyvWK8Xeq/X5t6/15vZo3SsuPkL0wR2lkaEZajy5NMq9UCNHVlMVJReePpJvfjKq60K5jqC390+WwsWJnu7DAAAfEZRUZHsdrsqKz071Q0AAB1Vp06dFBwcrLCwMG+XggYIH9HmJugl/TI6QG+XPqO3vu7j9nGXdDsqw+nFKjuZ68HqOraYqCj99eXF1W3FG5zO+9eQ0dhbVyQkaOr1k2u3RRiNniqz1eJNJl2TNM5jcyYCANCRFBUVqbKyUr169VLnzqwXCQCAIxUVFSouLlZRUREBpI/pVMkfn/qk07vvVemRDd4uo9XyOiVozU93aevhwNptY0YOUHH3brU/x4Ta1bdynUpsm7xRYpvqERKpaZe90W7XK7bZlLH/XBuuzWbTUau1dn7AmKgoxURHtWvQWGyzKcfNtt+aRXIAAIBzVquV4BEAADdUVFTo+PHjMvLfmT6FkY/wqIGV6XqkW7rGj/hP/S3/Wn177NyyMT0DKzUk8FOVnVrCvI4tFGowKHFMghLHJHi7lFqhBkOjeRwBAEDLVVZWEjwCAOCGzp07M0WJDyJ8RLtIqPybEi76m9ZH/FFfVl6kUd2+UaeTf1TZWW9XBgAAAAAAAE/hj1DRrv7foP2aO+KsLgnd5+1SAAAAAAAA4GGMfES76BI+UkFx8+RnHKsYSTG6WD8zjtfu3NU6XLjD2+UBAAAAAADAAwgf4VGdAnspKO5+BUTd0uizXoYYXTv0ceUc/0y78tboxGlWuQYAAAAAADifED7CYwJj71Rg3Dx18jO43C+615WK7nWl9h55R7vz1qi8orSdKgQAAAAAAIAnET6izfn3najAuPvVpdvFzTru0v7Tqlux1+jrgo88VB0AAAAAAADaC+Ej2kyXrnEKjLtf/hdd2+JzGAJ66arB8zTYmKTdeWv0/cmMNqwQAAAAAAAA7YnwEa3WqUuwAuPuV+Dgu9rsnBd1i9f1w59XZsEm7cpbLdvZ42127o5u4pSpbu0XExWlv7z8Z7f2Xb12ndase8ftGja9v96t/bItFi1ZvtLt89aIiY5ShNGoeNMwxURFOd1vc0qqtqRudeuc1ySN04TxSS2qreGxDXninQAAAAAAcD4gfESrBAy6WUEX369Ogb09cv64iIlVoyBz12jvEffDMVSFawVWqyKMRq/VYLPZlGE2N/u4usdEGI2aOWO6rkka12i/AqvV7fPHm4a1uLaGx7aUL7wTAAAAAADaU2dvF4COyc94pULHvqvgEU97LHis0aWTvxIG/ZemXbZUMb2u9Oi1zjdpO9K9XUKrFVitevGVV7VgYbKKbTZvl9Nq58M7AQAAAADAXYSPaJbOREoqAAAgAElEQVTOhoEKHrlYhsQ16hL+83a9do+QgbombqGuHfq4eoXGtuu1O6r1Gza6tZ+7I/EMISFtNgqwuTLMZr306mteuXZbjlR0t00cAAAAAIDzQafKyspKbxeBxk7vvlelRzZ4u4x6AuPmKShunqRO3i5FkpSR/y/tzlujkvLT3i6lVo+QSE277A2PXyfbYtHd8x5wa9+/vPxnl/Mm1pVhNmvBwmSHn02dPElzbp/tdo2SVGyzKcdiUXaORUtWOJ5f0WjsrT7V4d5Rq1VW6zGX53zs4T8ocUxCvWssWb7Caag3Z/YsTb1+stPztdU9e+qdAABQUFCgiIgIb5cBAECHwO9N38Ocj2iS/4CpCoq7X50Nkd4upZ74fr/Wz4zjtStvjQ784FtBradtSUlt1r4xzQwNHTEYDM0+JtRgULzJ5HKfCUlJmjljeu3PBVarHn/6GeVYDjvcf3Nqar3wMdRgcDkyMSa65SFfc+7ZG+/EkQKrVQUNAlyDIYSwEwAAAADgFbRdw6ku4ZfJkLhaISNf9rngsUaQfzddGXOPpl6yWAN6jPR2Oe0mLX1no22XJ4x2e19fFmE06vFHHnb6+XYfvR9feSebU1K1YOGj9f5asnyFx64HAAAAAIArhI9opFNgTwVf8qRCx66Xn3Gst8txS0TYxfrVsKeU9LMH1TWor7fL8aiaFZMbmpCU5DDsKrBalW2xtEdpbSbCaFR01CCnnzu6f2+6EN4JAAAAAAAtQfiIegJj71DYNZ8pIGqmt0tpkZ8Zk3TTz/9XPx94i7dL8RhH7b2GkBAljklQYkKCgyOk9R90vLb0UBctz74WPl4o7wQAAAAAgOZizkdIkvz7TlRg3Dx16TbU26W0iZ8PvKV6PsjV+tbq/lx8HYGjlt344VXzKl4y3PH8ir7aqtxS0T42fyHvBAAAAAAAxwgfL3BdusYpMO5++V90rbdLaXNdg/pq/M8e1M96j9fuvNUqKMr0dkmt5qy9t2Z0XU27csPFWoptNqXtSK+3UIuvyzAfcPqZq1GRDW1J3eryXK0dRXkhvRMAAAAAAJqL8PEC1alLsALj7lfg4Lu8XYrHDegxUgN6jNSBHzZoV94anSk96e2SWixtR7rD7XUDrEtMJocrRaeld5yga/XadU4/c7aIizObm7EKdUs4W+W6Pd7J5pRUWY/VX9naUdBaYD2mNeveabT9lunTWnxtAAAAAADcQfh4AQoYdLOC4u5Xp6De3i6lXQ3rO1mDjVWjIDPy13u7nBZx1KobHTWo3kjAa8Ynaf2GjW4d60uKbTblWA5rS2qqy8BwQlJSO1bVNEdhX3u9ky2pqS5HddYosFodBrqEjwAAAAAATyN8vID49f6FguLuV5eeP/d2KV4T0CVEiVF3Vbdir9Hhwh3eLsltzlZIbhjGxURFyRASItvp0/W2F9ts2pySqgnjfSu8W7PuHYej8hyJNw3zqdGb5+s7AQAAAACgrbDa9QWgc8gABY/8swxXvHVBB4919QqN1bVDH9c1cY+oR8hAb5fjFndarl1tk6rafDuq6KhBeuyRh71dRj0X+jsBAAAAAKApjHw8zwXGzVVQ3P2SOnm7FJ8U02usYnqN1d4j72hX7mpVVJZ5uySntqRudbj9xVdea7TN2SIq29N3qthma9aCLb7gmqRxmnP77BbVPWf2LMVEO18dOzvHoiUrVraorgv5nQAAAAAA4A7Cx/OU/4CpCoqbp86GQd4upUO4tP80De6dpN15a5RZsMnb5TTirL1XkjLM5madK21Heodo8zWEhChxTIImjE9SvMnU4vPEREe16nhnfOGdXJPU+NlkmM2N5oE0Gnv73FyZAAAAAIALA+HjeaZL+GUKipsnP+NV3i6lwwkN7K1fDr5fP6telOb7k/u9XVItZ+29LTpXum+Fj/GmYfUCtEuGm2QwGBQT5Xy0oi/whXfi6JjVa9c1Ch/7GI2aOWN6i+sDAAAAAKClCB/PE50Ceyoo7n4FRM30dikd3kXd4nX98Bf0dcFH2p27RraS494uyWl7b0tsT9+pAqtVEUZjm5xvwcJHZbOdlqG6bTgmOkpzZs9y+/h4k6lDBmO+/E4AAAAAAPAVhI/ngcDYOxQYd786+TFnXFu6OOLa6lWxV2vvkb97rQ5X7b23TJ/m9DhH7bc10naka+r1k9ukPkn16sswm5sVPnZEHeGdAAAAAADgCwgfOzD/vhMUGHe/unQb6u1SzltdOvsrYdAsDTaO1+68Nco5/lm71+Csvddo7O1yxGC2xaK75z3g8LMtqVsJulrB2TuJjhrEOwEAAAAAoA7Cxw6oS9chCoy7X/4XXeftUi4Y4SGRmhC3UIcLt2t37hodt2W327XXb9jocPsVCQkuj3M1Z2K2xdLsNl/rsWONRu3ZbDanI/k6iuJiW7OPcfZOLmliYZu2ficAAAAAAPi6TpWVlZXeLgKNnd59r0qPbKi3rVOXYAXGzVPg4Dleqgo1vsr/l3bnrVZpub3e9h4hkZp22Rttco0FC5NVYLWqwGp1+HlMVJQMBoPm3D6rUai1ZPkKZVsON7nqcqjBoOefWqTsHIu2pG5VjsWiYlvzw7iGNr2/XlJVe/L6DRuVtiPd6X3UvRdJeuGpRW5fZ3NKqrakbnV5n6EGg6Kjoho9p5pjm7rneJNJ1ySN04TxSe36Tlq64I6j+jrCAj4AAOcKCgoUERHh7TIAAOgQ+L3pexj52EEEDLpZQXHz1CmIUVG+4JJ+v9bPjEnanbdGB35wPAqutZoKqWrmHLQ5CM6yLRa3RiQW22yy2WwqsFqbvF5LFFitWv/Bhib3czZ/ojvnb6ruYptNGWZzo+fk7j1nmM2KNw2r/XtX2vKdtFSE0cjoSQAAAACAzyB89HF+vX+hwLh58us5ytuloIFg/+66MuZe/az3eO3KW60jP33p7ZIAAAAAAAB8CuGjDwu+7M8KGPgbb5eBJkR0vViTTE/rG2uKV1fFBgAAAAAA8DXM+eirKsqkzmTDAAAAFzrmrgIAwH383vQ9nb1dAJwgeAQAAAAAAEAHR/gIAAAAAAAAwCMIHwEAAAAAAAB4BOEjAAAAAAAAAI8gfAQAAAAAAADgEYSPAAAAAAAAADyC8BEAAAAAAACARxA+AgAAAAAAAPAIwkcAAAAAAAAAHkH4CAAAAAAAAMAjCB8BAAAAAAAAeAThIwAAAAAAAACPIHwEAAAAAAAA4BGEjwAAAAAAAAA8gvARAAAAAAAAgEcQPgIAAAAAAADwCMJHAAAAAAAAAB5B+AgAAAAAAADAIwgfAQAAAAAAAHgE4SMAAAAAAAAAjyB8BAAAAAAAAOARhI8AAAAAAAAAPILwEQAAAAAAAIBHED4CAAAAAAAA8AjCRwAAAAAAAAAeQfgIAAAAAAAAwCMIHwEAAAAAAAB4BOEjAAAAAAAAAI8gfAQAAAAAAADgEYSPAAAAAAAAADyC8BEAAAAAAACARxA+AgAAAAAAAPAIwkcAAAAAAAAAHkH4CAAAAAAAAMAjCB8BAAAAAAAAeAThIwAAAAAAAACPIHwEAAAAAAAA4BGEjwAAAAAAAAA8gvARAAAAAAAAgEcQPgIAAAAAAADwCMJHAAAAAAAAAB5B+AgAAAAAAADAIwgfAQAAAAAAAHgE4SMAAAAAAAAAjyB8BAAAAAAAAOARhI8AAAAAAAAAPILwEQAAAAAAAIBHED4CAAAAAAAA8AjCRwAAAAAAAAAeQfgIAAAAAAAAwCMIHwEAAAAAAAB4hJ+3CwAAAAAAdGBnflLekUKV1G4IUGjf/upj8GJNF6jiH3J01FZnQ1C4BvbvrgAvnQcAJMJHAAAAADh/2AqU94OtThBYJaBrhAYanaWBpSr+4bv6YZMkGSIU27fpBLHkyMd67vdvKat2S3dd/8fFumdk92aV3hGU/HhEeScaPl0nuhjUp1+EQluZ2DUKAiXJEKGBfQ31w8Dyn/TVO3/Un7bW2Xn4nVr26HUaGNSMC7bVeQCgGuGjL6ook91mV1lRgbKsRQozxqpfrzAFd8A/ZrJ+/KJe/LifZj07Q3ENPzSv0oNrzuiGhXcqMaz11yqz5+vwIauKJIUZ4zSoT7D8PDKxgFmrHlylE9f9QXPHhdf+fGZqsu683NGNlMleZJcCa96hVSkvvqhtMffoiamRkqqf0xexuuexGxTZkpLK7Mq3ZMpqk4LDIxXbP9xD9w4AAABfdiLzfT34pw91osH2PpMe1euzRiq0i4ODygv1+Yo/aPGu0nqbQ8c9pOX/PUY9HB1zQbIpe9NzmvfOEfd2N4zRH15+SOOMrbikoyBQknperUUv3KPRPVtxbgBoJ4SPvuj4p3r9xU2y1t3WOUyxk+/SnVe05jeXl1TkK98qxTkqveKU7HZJrQwfrVtf0csf5qvML1hhXewqOivJL1I3/P4eJXroF3J+/veSwmt/PmVzciPW6vcZf6uev8VUu9luK6q/n+2UGmxxz9EUvfLqJuVX+CnMIBUVlUlhl+rW+TNkCm7JCesr+3aT3viwVJPum9SyYBQAAAA+olR5Hy7SHUv2V/3YZYjuXLxIv+nfurMG9L9aDz1h0LKXlmrnqdZXCTf8uFtffPuTRvesM7q0S3ddMi1Zfwhbqmc/yGn5uavP88fuS/Wn9a04DwBUI3z0YcYJ8zX/aqNUUaS9b7+ote+v1MaoP2jSRd6uzMd8v1ErP8xX+Li5mnddv6ovdYlV5oN2xfjCnwT2ulQ33BSuMmNM25+7JFNr39ikfON4zb13ovr5SWXfb9Lrr6Zo1apIJd+V2NpcV4W5+5V7xNiyYBQAAADtqkfcFD35xAC9/dJSfXFKkvw14qaHdMe4OIXKpoM5353buTxHB3IKNTkyXL+Y+YDyjj+ndy01xzygO8YObzzqscSmo0VSn5512rGDumtgdH8NMKjp8LHcphO2APXo6u96P9tPOqHu6uHuvJHlpTrxo02Gnt0V0KXB9lNSjx5NXK/6mkfLDerTVG3VBo6dolHlO/TuFwVVGwKide2vhuhoyofa5+Q5FJ/4STJ0d78Vu0t3XXLjQ7rT/pyW7qg7+vEnpe/I1IlR9UemhvaN1sUDeihAatR671ipiq02BTR4bqF9oxVzkYPzlJfqxKkS9XDzxRRbC1TaNUI9mmjXLrYe0dFTJZIC1LN//yb3B9CxED52BJ3DdOnYUdqYsU3Zhwqli8KlskKZP9mm/cftCosaq6tG9VNYZ0knc7VtV74ixyYqMkBSiVWZB/NlD4vUpTFVo/SK8vYq63Q/DY8zyk9lKvw2TWl78lUUFqOxY0erX3VaVZZnVqYhTqYeduVnfq38oghdnBCpsIoi5Wfs1K5Mq9RruMb+0qTwut+konztTd+l/ECTBtnL1OTXrKxQWZ+ladcpY+31y6xZSjtUJNMVlyq8pn34RJb25pap39A4Gev+si4sVKEkU99+564UYJRpRJ19SgqVm5WlrEPZsgb006gxiYrtWb33yVztzfdT3NAI2b/9UnvNVvnHJ2psTHidE1Q/J3Op+o30V5mzW/kxS1/uNcsaNqr2nRQdyVWRgmUMa94wxKIjO/Xp59kqCjQqxjRcl8UYG7VSF+1K0V5bsEbfVBU8SpLfRRM1dmiK1h7MVb4Sq9rdq99J5nHJaBqrq0zh1c+qTNbM/ToVcali/fKVuW+vMs/206grLlW/4KrvSub3dklFytq3V6VBNd+bqntN27FL+UVhivnFVRrdv/qLU5Ir8zdhijOFy34kU1/nn1JE3GhFdmvW7QMAAKAlDBGKHXqZrhzqry92lEoqVbF6VM33aDukg4d+qrNzqb7LtapEEQrtYVBpTbbVJVqjx4xUbN/qEK7cprxd7+nN1f/UF7Udx/6KnfBfuvem63Rxj6aKKtWJgx/rzdVv6aOD5wK0HkOv1m+nXKeJo6Kr2sFP5Wjr+2/rzX/u0dGanYKiNW76TbrtupHqE1SqvK3/q2WfHKkOxAJk6B+nwSW79c/Nh1Rc9QA04sZ7dc84g3a9s1RLt9UU3F1XzH5A/33tcPWo+98SZwq088O39bd125R1pub++2vczDt1168a7FtPd4345XW63nZCm74oqLp2z+Ea9x9jlZf1ofbtP7dn8ZE92vDOm3pzW5127f5jNGPmzbpxVH/HrfB1hHaVfjzScNJH6cTOT7Xvx5EaZ2wiLC236ev1S/X2vhO1z61H/ziFn/hUG744UhsuDhx3px6YdZ0u7urgHAV79O7ij5W6I6d6f39dPPUBPfDbMRpYL4cs1dE9/9baf/6j3ruW/NVnxFUa98urNWXskPqhdrlNB99/UskbCyRF6DfPvKQ7h7JaEXA+IXzsKAL8VfsrxW7WqudXydw5UqbBwcp8/xVt2z5R8+8bL2PnfO3f/J6yuo/WrJ/7SVkpWvn2XqnbWIUvnKRIFWrnv9ZqU/gMXRpnlPXj1/Xix6cUOTRWYZZNeuWz7Zr4wFyNN5Ypa8c/tOrLSF1qytXeDLs06AYlJxhlfvtFrToYprj4ftK+t/XsF8M16+EZigtQVQvwy5uU7x+msKC9Sjtpl+SqVdyqTa8+Kz9DmPztRdr72S7d8PA9SlSudm7YpKzg4VX3ISn387Vau/ti3Tkirv4ZBwxSP5llfn+pNvrdoGuHNgzpMrX2jyu11z9Mxr7h0g97tfezvdX3Kem7T7V2VbbCwkpVZPevatvevkvWO57QjYMlyS7zmme1KqNUwd2CtffLIoejAIu2v6E/brbL3yDZbWna9X3VnI75e97TP7bbVdag7doV69ZX9OKHBTLGDVe/kkylrtol6+8aj3rNteRKMimmwaDKuKtnaVZSv6rg0W7Wqj+vUqYhTsP7S3vfflbb4mcpeXqc/FSo/RvXapNto8LsRbIbgqWibUr7xq7kuxOVv2ejPv22SJK/srZt1P7g8YqMMyr8aIpef3mTTvU3KbZrrjb9zyJtnzhfc8cZVZazS/9YtVORl5mU+6VZdkXqhuTRtGwDAAC0l4BwDYgeIO2oapnNO3RIR0ui1ed4pvY1mK4w72COjp4ZroEncvTtj9Ub+w/X0F7ngsevP1isB9/c02AkXamyNi/Vgyf89fqDV2ugs1rKbcr6cLEeWranOhw858TBj7X0iDTg1Xs0wrZNf35isbZaG+x0Jkdb33xSuzLv0eL7L5fth/3aWfcm9u3RF/UOsGnfP5/THf9sWMhP+mLFc5LhJf1hfETVQi1njuij15O1eNtP9XctP6Ktb/5RR8tf0vM3RtdZ1MWgi296Te+Oq1oAJrRvuLSnwWX8B+jKOS9p6JkA9ewfobP739T9T76vvIblHNmhtc/s0dczFyl56hCXAWRx7p7a0Ddg5I2aXP6+3t1XKtn26LMDhbrCGNHEKtSlKszdo5376oSB+xoWLuVtXapH7f56/fdXq0/DE1r36KN676ZUX69/TovK/6TFtw2vqr/cpqz/W6yHVjR+11Kpju77WGsLDBoxcoh6OAo4AZy3WJKiQ7DL/HGaChWumCHhyk/dKLMtVjfOv0e3Tp+l+beOVvD3m7RxX5kU1k+R3aTc3MOSJOuRXCkmVpEnrSookVSRq/zvpciYWKlkrzZ+nK9+v5qne26doVvvvVVjw/K17bMsSX6KG5uo8IpM7T2eqLlPP6/n705U2Pcp2pghjb51vmZNn6FZ992gONtepewqklSmvR9tUn7gaM16IlnJC5/QvKvDXd2YpGCZpj+hp5OT9cRDk9SvIlfbPs+XjLGK6yZlmvdXjzK0KutQkTQ4TrENT9FtrGbdlijj2SxtW/WiHnl0kV5fv1eFtcMT4/Tbx57W84uSNf/uezR//iT1q8iX+UBhvWfcdcQsJT/5hJKTb1Sc7DqcW/3b9fsUbcywq9/kh/XEwmQlPzFDjiJEe9ilmpX8tJ547GFN6i/Zs7NklRQ39Z6qkPNogRr+u5Rjhdr/Vb7U8yrdOmuGZtx6j/6wyHG7fWlF1f/6N/gnOfiiOMVVj0TMT90oc8Vo3frALM2YPkvzfh0n+5cp2lkvQe2niQue1tPJT+iuK8Okw1nKlRQ3NVl3XWWUdJGuvS9ZyXckKrzmPV80SfPuvVUzbr1Ht14RpvxPtilLkl/cWCX2lDL3nVDivKf1/PP3tMmCQgAAAHCXv/oMGaI+1T+VHM7RUVupbD8c0XflDXbN3a+sE/U/6zEkTn2q216LD72n/6kNHg26eMKNuu3GsbVhY8lX27TPWipnig+9p8V1gsfQoVdrxk1TNLruaILSAn3x9tJzwWPPkbr+pps1Y2z0ufPseEvv7jutPkOv1rVDG6yi3WO4rp92o8ZFNbi4caR+M22Krqid09KmXV98qaMlUk14+npN8BgQrXE33qwZE4bUBnlff/6l8hoPOFRo32jFxkarj8HBiMMu/urRP1qxsf3Vw5ahtUvPBY+hQ6/WjJk36tohNceVat8//qHPf3D+/FRu08EdO6pHgho06sqrdO3Y+OoaS7Vrx34VNtVf3cWgAWNu0LioBqMJAyJ08dAh9VawLt7xvj7KcnDTktR3pH4z7UZdG3vuvvN2bNfB6hbz4qz3tLhO8Nhj5HW67bbbdFudZwrgwsTIRx9m/fQNLUqX7EVFKqvwU7/r7tGkiwqV8vdCyThKg2q6eOPiFKOdyrYcli6L1aBIadt3uSrUIB0+UqhI00RFfP+e8nKl0cpWtsKVGBMmZWUqs0KKLMzS3n1VpyoLk+zf5apQsQrv7Cc/Saarz7X0Fh7KVqH8dLpgr/aekaQiySDlfpcvScrMlGSKU1xNGNa5qa9YmPpdVH0j3eJkMm7Uph+tki7V8PgwbftivzIrLpXJlqVMqxT3y0ZrZledZegNmv/keOXvStF7H+9U7va1evabXN15/w2KDZD8Au3KP5il/KJS+QcWyk+Svbxu87RRpoTYqtb1gJB6/2BU3bNRE4dUJ2idHbc1GE2jFRtWdU/h4dK5XpHmClfc4HBt+jRFb/yPXVdNHKvEweEO/2FtGDo2VqjMbwulgNOyZuyVXZKKpGDlKvc7KXFo9W4xozW6ug09OLip9vCsqvfcv1BZ+/ZWbSrrKtnzlfujFNtT8usiyTReEy/i/2IAAAC8IXRAvC7u+qGOnpL0Y6YO/lCogMzM2mAooItUUi7pTKa+zilQn5yaz/w1eHB/GbqoaqXlzR8rq/qYPpPu12OzRqrHT3t0dOs25f0oqbz6L0fKbTq47dzxASPu1OKHr9NA/5/0xQ8fa6e1KuQqO/6lPtpVE3hFa8ZD9+u2IQapZIzCbQ/o9T2lkn5S+p483TZniu4JLVXW79+qPm9/zXjwId021KATg3/Svic/rlrpu8sQ3fnIQ/pNlHQ04oh2vVoVoJYcL5SttOq+U/+9vzZUHfffD+qBsREq2V+sLzYfqg4Mz8pFLNikowe26fOaQNV4nR568E6N7iFpbIzO/v45bT0l6UyGdn5bqGv7Rzg+iS1Hu/ZUzylpGK4r4yLUp3yMRgTs0c4SqeTLbdppvUrX93fVeu2vgWNu1F3+hdpXsxJ60Ejd/9JDura/v0pyP9SiB5dq5xlJOqJ9WSdUMrRBPT3G6o9/uldXGP1VPFI6+OA/q57RT1YV2kqlriU6uLX+u37+wes0MEgqPnhCH20+VP8/j2w5Wrvw93rT0rDWAr378C16t7ru0fe8puQJTY3sBODrSAZ8WNjgqzQpPkwKCFdkVD+FB/tJssrZhIN2e9UkJZFRkVJGvnIrDisvN1gRVw7XwMi12n6kUIXKlz04VjF9JB2v+lWav2+jNpprr6qwuH5yNl6xrLxUUpEyt21Ubk3w5RemyL7hkqy1I/FapdiuIkmRcRcr+LP9ysyWTGezlKtI3TDExVe2c5j6JdygexImKX/z63rl4zRt2jVesZfblfLqi9pkNSouvp+CVagiuf/lr7rn9tXvV3N1T9d/6B+b07RxWZo29hytWffdqLgGuWBQcLCkMp2umpvZgbKq70tRpj79v9zarX7dItWvV0urK6t6z9/v1cb/OzeZTVi3i9Wvyfl+AAAA0C7C+mvoYH9t3VMq6Yi+PnhIOljdu9tzrG4aW6A31x+SZNO+/fvV54fqgEsRiokMrfpXy1PZ2negpiXZoJiIUu378C199uE/9UVti/YQDXa2mEtpgbK/PdfSPHTM8OoRld11ybQ/6fVJpVKX7gr64Z/Kqhm913e4RvStHqEXEKGhQwdIe6rax0/kHtGPpSNVb/yeob8ie1Vt8TcYFFi7fYAGdK+qK7C7UQZVL5xSUqqz5VLxDxna9UP1vgH91UcWpb7ztjb8c1vtSMUeg8+NAG0+m47m5Jwb8TksXoNrWo27R2lE7bupmnezWBEKdXCWE4e267PqOgOGjtTFPf0VoDiNGuqvnftKpZL9+mJfga7t3795AV3fOMVWv7eAiOEaNVjaWf2v9ieOnVBJeYPwsX+cBlQvxBNgCFd4gJRX9UCrnuuZIzqYWfOu/TXiiuGteHYAzjeEjz4s+KI4XTqi4XyJ4QoLl/SDvWoUmySVnFaZpHBj1b5hMbEK107l7+unfHukLo/0U0RmmPLzc5VbkS/FjK1qXe4arjBJkVOSdesIuSW8e7ikMl11xx80sU/DT08pJFhSRQvDuopCnSiSgqOMVSs0x8QppvNOfZ2Zq6ySbMk4tnpkYcPj1GACAT/1G2GS8eN82e12KTNFm74P09h752vSQEkya9WXq9xsga4ZCViksrYIVt0WrMgrb9X8K8tUtPttvfj3ndq0I0lx4+rHwoOiIqX0TJkz7Br98zrJZEWRis6GKSy4+vtSfpXuemiiy9k33Rem8G6SBtyg5FsvbZMzAgAAoI0FRGjokHPBXdbObSqu/rPogMHDNWqkUanrq0b4Hd3zqT4/Vf3v8MbhGmqsCvNKztiqRk5Kkmz6YsVzDeZX7K/rZ/6qaoESR6s7l9hUVNvBa1CPrqG1AUeImHIAACAASURBVFlo3+jq6ZRKdTTnxLn5JINC681/GNqjzorLJaXOR1k2U+mpn87N415ySGtfeq7+Dj3H6q5fxzde7dtd5aWynTo382Gooc4c/l0CFdbdIKkqrCspLam6r4bXKrfp2z3bq0YqSirZ9br+87evN7rUvh37dfTq/vXap5vFP1RhXQ2Sql9WhXvrZNdTckJHawJpGdSnZ6jrMLRLgPoMG6kRoSWSSlT47SHlVS/4Exo5RLFdA6QuBsX0DGTUI3AeYM7HDsdPl42Ik07u0qf7quZZzE/ZpkyFy2Sqjpb6xCg2uEjZn5uVb4zUoAApckCklL9Lu76rnu9RkvrH6uJgyfzJJuXay1RmL1K+eZv2umgX9hscq34qVNrHe1VYUqYyW6Fy03cq0y5JsYobLOngNm06Ypf9+71K2dNUxFcme0mZVFGm/I83aac9XKNGVdfX2aTLTFJRdoq2ZdoVNiTWYXiW/+GzeuSpldq4L1eFRUUqKsrXzn9vk1XBGhRplPz9FawiWX8oksqKlPV/KcqUmgwT7faqeDdscJyMNfdsK1TWx2nKbuKu3GIrVKGt7jDWMyr80a6yijJl7d6p3JNVK4UH9+qqYEl+AY3/RNlvxFiNNkiZ/3xFa7/MV1FRoXL3bdTSpxZp0ZqdsstPFw/uJ/2Ypo++LFRZWZnsP+ZqZ3rmufDaoerRlPVqK1KRvUxSpGIHB1e95zy7ysrsKvrerG37nL/r/M2vaNGLr2vbEae7AAAAoE35q2fsENU0phQf2lO7mvPA6Gj1uShOQ3tWf2g9VPtZQHRcndWLnYVQBsWOvVl/fPlZ3TOqu5N9JHUJUEBtclQi25mzDs7o32Bao/qtziUlJeeOCfBvHNC1VLkct1QH9dcVU+/Ryy/dq3F9m1hFugn+dWo92zA0LT139QD/AMf39VOmvtj5k4MPGtj/qXa5mjeyKeVnVWQ7N8+j03pcKS2pauOXJAVKXZp4dkH9Ne6OR/Xck3/Sc08k646ra0ZaRmjinOTq7Q/ptpEuvl8AOgxGPnZAfpfN0Kzc17Xq7UV68G1JncMUO+WuOguSDFJMjJ92mvMVnPCrqsAuJlaxJ95TVkW4xsfUzF0Yp//P3v3HR1Ue+B7/ZCaZZBImTJgwgYFAQgL5AcEgKBoKbRSkokVRqlVaqq3b/WFve7vtbt22bu9uf3m97XVvb73b7drSpWLFolgqKILEQglGQSJIIJCQQEIgIYEhYzJkJmfm/jGT378hgYDf9+ulZM458zzPec7Jr2+e5zx3PZRH5dq3ePb7b4W2RTtZtDqPORP6uDXGLuKhe47wH3/6PU8d+H2oPWMzuTv1ZrDCrPtXM6diLW/9/Pu8ZbKRvngps3ZvpbzCy+3ObnOGx4xjXPSH7Pz5d9gJEOnk5oe/Eh6dGJJ54xysv93PEazcnNn7eslJtyzl5hOvUfjCs6FyACJtZN7z1+HVqhdx++T3ee3lH/CPL4Nt+lJuv7GRt05U4sVJzycc2oiPA0/DOVqZSqTzdlbf+SH/9vrveeoARDrz+PRCL68VV3KCWb2u4hxjtULdCU61grNHVzqZmmaDPa/x1A9O8aWnHiJzajo2UyGv/c/vc+qRrzPp3a288dKG9hn2tun38tlbexn2aUpn5ddW0vz/XmX/i/+H/QCmSMbNWMrjD90cOrcFD3Hvkf/g1Ref4jsvAkRiy7yblPn0cu5gjYsH6qirB1zgbG/bD3gtvGJ35mceIu/kWt76xfd5K1ync8GXyMt19vpF5XzdKTx1cKq3v4iLiIiIyIiIc01jegzhZ/m1SSI7I4kxNgtpKVHQ0DW0mjJtMuPCgaElJoEJ8UD4/ekrvs1XF+eQNjmuYzRabyP22kTFMS4xCk6EphcfO1JN06eSsHQ7fkxCAu2PTK+r5kwTZMUBho9zNR1/4E6YnITj8vLAjqYl2BkH4WnRSXz6a49z/42ZTGmbQn65IyzNcYxLHEfb6Mbz1XWcMwiN6vSf42RNW9gXxYRkZ6+j+84fe4eittGE5iTSs50dU7ONJk6UHA+Piixlx7tVfCZ12qWNEvRUU17V8XJcUsLQy4lJwNE+ePIcDec/grYJ8sM0WlVErl0KH0cj5+186+nb+znASuaKb/Hju7x4WsAaZyWy27TjOat/TJcJsbY8vvJUXs+SMu/lWz+8G2+Tl9ZIKzZrp1uij3Y4F3yFJ+d78XhbiYy2Ye38nck6i4e++2PubfKC1YY1Erjt9t7H2KbczRM/uBtoxesFq7Xn7RiZ/RDfuuccP3gziVlpvfdGpGMO9/7dHO4NtIbOg0isNmunm9vJoq/9mLwmD15T2znezu1tIx9nrebppzuXOJV7v/8093Y+5/yv86+3ePAGrNjiQiUvuqtt7yxWdy2A9Pv/hafv76j/9m89TeeeTF/xJE+v6LRh+r08+VSnGrOfZFFrH33cXcLNrP7uzbQ2efAGInveDyYneX/1JDd7PXhbu+/v2TbbrV/h6Vv7aRuANZN7v/Vj7m6rs1t/dy9z1ud/zL94YcC1bERERERk2FgSppE7Fd4t7bQxLpVsVxxYLF2mZYeEgsn2Hz3j08jOjGNTeGGYsnf2cGxuKsmJfs4cO8CO17dwMvMrPLE8FHr5u4dMliSyc6bBvlADzr/5W17ITuCLC5LxnzrAjj+9zrFpD/P3N3daHKdpH2/sLuWm5RlYqvew6e22Z1HGkZubGloIZ6h6eSzUmImzyZ24gZOnAWopevc4CzKmMcF8jvKSd3jjj/tIePjbPJIT1+O9Hfz4Gps6RmZerOXkseOMS0lmiiOKCRk5TOB4KFQ9uJ0dJbfySG4cZ/a9zhvtK7NkclP6uJ5h38VqinZ2TLlOWLCSr37hk2Q528JRN7v/7zf414JQuFm2czu7sxeTNS0Zn+Hrc8xqO3cVZdVuJkz8iA9efYE32qdMTyN3+iUs8BLjJHta273i5703d3F47kqyYmr54J19l74Wp4hcFyKCwWDwajdCpE+tJ3j1fz3Lkdlf54m7Jl3t1oiIiIhccbW1tSQl9bESrki/mij+7RN8e2OnZ99kPMKz/3oP6THwUfGvePz7r3cEQ/GL+Od/+wYLHB2Hf1Syjm//04b2VYx7cCzmu1+J49c/+WOPgCnrkf/LDxdU859P/M9O4VY3CYv456ceJW7bD/j2huN9HASWnEd45p+WYXnzSf7qt6Xd9trJSvdzuKyp2/YkslLPcbiiW/hoyeHxZ54g+/2nePzXB+nLmFse59lvLmZCb0lc3U7+9b8/w+7uVQJTHnyKZx7OYEzTcV7+yRP86mDfU6LTV/wrP/xCTtdnS/ZRdnu5F6vZ9MP/xrM9mh5P7gwvxUe71Re/mB/8/HGmH/8Vf9u22nUfEvK/wb/9dQbFP/tvPPNe93Ju4Sv3wQu/fYePuuyws/yfn+Fh/zr+9ifb+y0fCPf/k11W6P6orpozjU1AHGMmT9ZiNXJZ9H1z9NEzH2VUqtv+U/7xO9/hO995lkLrIh5aouBRRERERGRo4piamdllFeUp2dPag50xybNDi8W0mTiNpG4D/cZkP8C3v7aYHmtNtu1PSSIqou8WWJy38Fff/go3J/S1PwGCceTe9w2+kd97WGDJXsmTX1tGen+DEIcsivQ7Huef757W5/5kZ2/rTw9B3DQ+8/jfs7z3p0cx5c5v8O3P5Vz6ojbDzJKziu9/aVHvYesgJNy4ir9f3ld/9m+MczLp6Rmkpyt4FLkeaeSjjE7hKcf0mEItIiIi8vGiERxyWRqPU7DzIOf8hFYYvmERC6aGUzyfm8O791DiDk3SjZtyC7fN7X3Kre/8cYrfO0h5bTUnGu1MnZpE2sx55KbaoeEgO3Yfp6nLtGsL47IXkZ8RrqupluJ973P42BFK6iwkT5/G9IwbuSk7qWN1a8PPmZI97C4+SHHFecZNySErZy6fyJ3cfsxHpTvZUXK+62IxUXGMi4dzDd2GCkbFMS7Ozzl3t0nIMUncsOAW0sPB60cn9vGXg9WcqT7O+Zhkprgmk507t2OKc2+aqnl35z6qLnbfYWFcxq0syLZ39KPPzeH39lB08ADl9RaSMzOZmXsrN6Xbe5/e3GvZnco1mih7Zycf1HU7r4hIbNFBPBe7zX+Pm8yCRXOJPtRp5GPCXO6/MxX/iQo8CZlk597IbTdOC/Wz0cTJ93by3mlfj3JumAolpdVdp9ib40i76ZPkTowC/Jwv3ceuknKqavyMm5pJbq4TT8lBqtouT7f+Fxlu+r45+ih8FBEREREZxfRLlIgMh/P7OoWPqat49kcrh3k0qcjooO+bo4+mXYuIiIiIiIhct/ycfOtXPPWbTs9jrHiVZ374Q54tqB54cRoRkcuk8FFERERERETkuuWjqfYgxdWdJ6s3UVayj+LTTQofRWTE6VF6IiIiIiIiItctC3FJOdycm4Cvy7MaLUxJiuv9uZMiIsNIz3wUERERERnF9OwqERGRwdP3zdFH065FRERERERERERkRCh8FBERERERERERkRGh8FFERERERERERERGhMJHERERERERERERGREKH0VERERERERERGREKHwUERERERERERGREaHwUUREREREREREREaEwkfpnc+L13e1G3F1+OoqKTlaRYPXGOBIA6/Hy0BHDZXRWEXpoUrqmq7vC2B4PXj9ve4ZfL/6vXg6X6fur0eTj/HnlIiIiIiIiHx8KXwcjTyl7HpzK1vb/vtLMTWeYa4j4KHmaCXuQO+7G/ZtYt3b5R3HVtTg6ePY60nDu+t5sbAKn7eKAx9U0X9WVEbB+gLKhrF+X9lW1m0uwUM9pUdqh7Hk0afs7fVs2u/ubQ8F6zezv9d73qChopKGttCyvID1b3e6At1eGw2VVDaMjjCyYd8mNu1ruPQCPkafhyIiIiIiInL9UPg4GrU0UHOyhaRb88ibm01KdC0Ff1hPYd0w1nGhhF07d7K/up9jjNbQv9V72f7WLkouDGP9o5KbsspW0vMWkntDHvm3pGC5wi2oOl5FYu5S5s2cx8K5yVC2ledeL73CrbiCjL6CQQNfSy+bPQfZWbCdvScGU7iHg7u2s31f5aW37yoqf/M5thzptOFKfx6eL2L9+kIuIy4VERERERERIfJqN0D6EonVZsOGjQxHMjbvWrYUl5N3R9rwFJ8wnwcfmz+4Y6fks/qx4al2dDNjNjPs06iH1AKzueuG1tExam/UsOWy4ku5gz2Y3HsfY7BHjzY9Lv2V/jzsMxgWERERERERGTyFj9eIhLE2aGoFfwlbXqoibaGD0l3F1EXlsPKB+USf3MXmgjKazWaIsJO9ZDnznHUU/r4AljxIXmK4oNOFbHirjGYA7My+ezm5dgAvVXu2sfNwHd4IG/a4ZrCF3uJ+bwMbSm3kP7CUNAu4393A5ovZzLl4kKJqDwY20vJXkJ8aHidYt5dN2w7S0ApYXaTE1eNN+RzLZnYN1tzvbmDrxRScZw5S2WRgWJJZeN9SMqyh/d5ezwnK31zDIdcqls+yAFUUPL+VuhkrePBmB+Cm6KXNGJ9aRZ7TS9VfNlNwvBmCBmbnPO5amoPdBHW717PTksecjwrZWeHBtWgljg83cfCCD95cRxkGybeuJr1qLYWxy3nwZnuoUeVbWVOezqMDhsChureXN2M2A4FE5qxYRo4NOH+QLVv2Uhs0Yw5Ek7xgOflpVsoL1rL7pIHv9HrWF7fQYoAZA4x61j1fRGzWcvID29nckseqT7gADwdfXU9RbD6PhdtT/uZzlCY/yrK0Wva+VUjJGQ+GycCIdDH/M8vIiQfOFLL+Lxby5ngo3FmOZ1I+j93h6rOvOvOd2sv2PSXUegwIGlgmzmf5nTmhW6VsK2uOOMhz1LD3cB1eLDjm3sWKGxyhNwfclGzfGrpnoh3YQ7dgH1pxf7CJdSfq8GLFecMSls91QvlWnvuzh9zlK5mX2Nd725Sz9TcFeHJWsPKm8L2xYTO+rDk0HyqiqtEAWxqLV+STYglds/KCTeysbAaTBceURHxnbSx6IA/nZV7b3lS93fe9VV6wlsLTQMM61u6NJfuuFaSXdf08JODm4NbN7K0zMEdAdPICluenYR3EtejyuRWAxNwVLJtt62jc+b1s3FKKp9XMG+vKMFwLWJ2fNqTzExEREREREQGFj9eMmrNuLHE2iHKRYi9k19sGefc+yvJ4M/hK2fJ2Da47HyXPCdQVsv6N7SR+fjEpk1rYdawBEkOhQ0NlFWQsZ/VNBoXrN1JzBnLt4DtSwPaTCSz9wnJcZg+l2zeyKzzwyX7TIrLLCqhthLREMAwDb1kJDfnLWH2HDd8HG1l3sJQFqTlYqGHXthIi536ORzOt4Clhyytu7PPNPc7JMAw8lXXkrHiUfFsoENz0dikZd2aAr5SCPs4peYKDgpoqmJUG52uoi7FjPlODDwcWXxW1HyUy0xk6p4JzGXx2dQ5WvJRs/gPb9yezcq4d5/RkWjZtZW/WMlY94sJiAtJXY3v9OcpTV7EsM9TGhrroriPA/AZG23T0/pw/QGGlg8VfWEmyKfy+KIAGCt/cD2394y1hyx82s9exknn5q7HvWc92FvPgreHA7sgWnqtIY9WdGaHXp5IwdlfhxoWdOmpa7NhbaqghDRc11NTZcNxkhshYXLMWM3upHYspFPRufK+SnNtTYEI6yf5NbN2XzbJVj+GygO/Ilj77qjNLrIucxbNZZrdAwE3RKxspqshhcSrQamDUlVCe/Gk++4gTS3UBa3eWUHPDQlxAQ9FWivw5rHwkG5vRQNGmjfQ9IdqLJyafzz7iwtJUzKY/7GRv2krmpS0l78hzVNYDA4aPaSy9tZTnKusBB2BgGF5KDzew+NOrWRrvo/jVdRw4soCU2RZ8H26j4Gwyy7+Yh9NkUPOXDWyxpXQLHi/x2vYSssZG931vpeWvpvVi13uRbp+HDUVb2c88PvfFjPZrtnmfI3TN+r0Wbg68U4Ej/1FWTiHUL/5un58J81ixzMf6t2Dxg3mEv3oM6fxEREREREREQM98HMWaqTlUQsl7u9i6aT07z7iYf5MLALMJXDctIzs+HBicrKTGns28tpTEmU1KTBVlJ8CVlkrLydLwc9saKD1pJmV6z6SgoqIGR9Z8XFGAyUaiLbrTXnPPO2ViDgtTbZgB66QkbF4PHoD6SmpM6czLDI+GsiVhj+nnNMenkR0ecOXMSMZWVxUKpPo5J4srEVtDLXWAr6oWpmSQ5K2lBuBULQ2JLpKBqpM12FMyQiPBsJKdloi7LryIiwki47LJXxAOHodbZDQWXx2VJzyhadxRZswA58uo8qeS29Y/1mwyJripLB/kikITnSR+1EBNADhVQ31CBhnW2tCCRJ4aanGRnACY7LiS7Vjw4fUa2ONjMdofomgGk5XsT+XhCg9W7bevOktwkWy3hFZuNuzY47o9mzEunfk3OEN9OsVF4sXwfUEDpSdbSM/NxmYCohzYY/s7URvJGeFrY8slPclN3elw64dyvSJ6bnLNWkhKvBmwkpxkw9sUamFFVR2unDycJgAzrkRbzzfDyF3bAXX+PHRTVtVC6uxO1ywjCXdlGe219XktzERbfNRVVuLxh16bowZR/Yifn4iIiIiIiFyPNPJxtIt1kJyTQf5UZ9eQrFOo4j7nhqjOi6PYsdsMGlqA1DRS/bsorYc8Sqkyp7C0R/bYQEMjRKYOw/Iq9W48Jjs9xzkOwjg7Nr+bFgY6pxRcRiEnPdB81oNjWg6OsweoqQPbmQZsk+ZjwU29G+pOv8jaAx1VWCZldLwwcWntHAxbLp9e3My2XetZ87YN140LWXqDC3ODG0+Ujc7Rrt1mw/D1v652O1MqyYmF1JyA5HO1RDtySbp4gL3VQEQdzROzcQEE6ti7aRsHfTZc9kiaz9bAuM5TxSO7BFkD9lWbur1s3HYQn82FPaqZ+tOQkDqYhtfj9kRjjx74yN6YTeBxN0B4DN7wC30O9BZW9jBS13aI7XV/FI2ta2XYWn0DrNAOYCN36VKa39rJ+t8VYJs4h4WLc0N/eOi3yit5fiIiIiIiInK9UPg4asXimplNL/FPD/Z4G5wJhQ6hsM6DpxnMkQAu0qaEpl67I2swpy7t5TF7NmxWcA9Hs8fZueQnwNW7OR9jw8bA5+R0uKmsbcDXkEByPiSdjaTsjAfb2RaS5oZGrNlt4Mz8HMtnX+k1q0OsU/JYvioPo6GYzZu3sDX6MZYl2rD5DToPFvQ0N4NtsDGoBdf4WErONlDTYOC6yYbTncj5mhpqqMc+PjQ61vfhOxQzk1UP5Iaux5EtPFfRV5n2QfaVj4PvFMOsVTx4Q+gql77+HOWDarcNW38jYAdgBMBmH6ngEcCBfczgPwdG5toOhR1bXAtG18pojrANLlC3JpN39yry/A0Ub93Mlu1WHrtzgK829it5fiIiIiIiInK90LTr68G0ZJz1FZR6w6/dpVRecOKaEnrpmp5Ka00JB09CyozeppJacI23UVteghcg4KH2XPOltSXRQUJTFaV1oZfG6VKqmvo5vsWLJxD6sOZIBcbE5NDIvYHOyWmnvuoA9WYnLhPYJ7nwnNlLrcdF8qSOY+oqS2krAr8HT/uLwTGbobkpHEn5Gyguqwd/19FlRqCXNwZ8+PzhMhy5pDuguckDiSm4Ik5SfqrtuHLKqi24kgf/0DzHBAfNZw9Q0+jAlQhMcWE7U0rp2Vhc4dGrLX4fRFlCwWPAQ+VpDwT6Xr14cH3VQosfoi3heNlTSU0jEBxMq104HR6q2m4Mfw11jYM7XzzFlNU6Se5rjZ/u59XPefYnaVzXz4GSivo+6rv0a9vaqW2Dubf65iBlkpmT5TXtW8rLq7C4kvtew6cTny/cjigHuWmJ0OxhwMnTw3DvioiIiIiIyMePRj5eDyw5LMmr4ZWX1lMx0Yr3tBfnJ5eT0zaIbWIaUy5uoTQmlwf7eIydY+48XC8V8OLavZiJJjkrHdvRGqrIIHkwbWgbEWXKID+vkj+8toaySDDHJ5PQ31DIxkNsev4ABgZGbDqL70oZ1DnZprqI3FSCN2N5aKXliU4Stu6iMimPxeGibXMWkVOxiXX/tR+LGQwjmpRFnVblHgT7jAzsrxSw5vndEGEjY/5sXLurqPDnkBGVhDNhF4W/24D7jpXkTex4n/f4bjbtrsSc4CLWX0ttaxr5OTbAxsIl6Wx4fR0bnQkY585jnrWExRP7aECiA1thIWufLyL51tXkpwFTk0kq2EV5Uh75ABYXicEiSnzZLA9fX1vOHJIP72TN83tDqxLfkIyjpopyfzZpvUyvHVxf2Zh9QzIv7lrD2n1msCQze4qDmqpyjKy0PkbcteILD1/NuCmXg5s2sabCgjnCRvo0Fy21NXhxdBstG4vN2kzplrWUmYBANMmd7+fOJjixFxayZoObpSvzcHV/3Ue3dtbiD43lc8zPJ/uVTaz7r9DnQMokG/h7Hn+p19YxwYFRsJm1H83nc0uzB7i3INFhY9eetazdm8yCz+fTPXt15S0h/ZXNrNuYRELgPOfNOSy5rb8zDl8Lfzm7X9tJpdmBK85H7RmDtE8tpseXhvgk7C0FbHq+DHvWclbMdQ3t3hUREREREREBIoLB4KDGLck1IODD22RgjrNe4iIqBl6P7zLe37UtPsOCJaqGXc8X43h4GdndymzYs56N7lweuzMDw0/vi15c9jmB4fXQHIjGFnep068NvF6wWoc+vdTX5KHFFIutx3sNvJ5miLFhHcxiH5dk6NdzUH3l9+LxmS+tP8PX02KzjtzzNi+T4fNhtljwHdjEHzy3sGpBj/WugeG6tpd+b7WX4PXQTG/tGIDPi6cFYod8La7EvSsiIp3V1taSlJR0tZshIiJyTdD3zdFHIx+vJyYL1j5GNg6OGavtkp/Y2C4UJFpCgVddJTURNtIGCL/6XG33ss8JzFZbz1FdQysB6yV2iyXORu8RnRmr7TJPbEBDv56D6qsoK7ZLDZ2G4XqOGL+BEWXGbLEAXsqq3Nim9j2leHiu7aXfW+0lXOr9bbFiu6Q8/krcuyIiIiIiInK9UPgow6yOvZveoLQJMIERYSNnyYo+p79a4xOuZONE+uQt384r79ZimADDIHrKIpbPujqLFYmIiIiIiIhcLzTtWkRERERkFNP0MRERkcHT983RR6tdi4iIiIiIiIiIyIhQ+CgiIiIiIiIiIiIjQuGjiIiIiIiIiIiIjAiFjyIiIiIiIiIiIjIiFD6KiIiIiIiIiIjIiFD4KFdfwIe3ydfrLl+TF1/gEsr0e/F4jctr1xVj4PV46b21/e27DIPon0vu+6vA8Hrw+q92K0RERERERESkO4WPcvWd28um9QWU99jRwN7XXmTniUsos7yA9Vv247n81oUZNFSUUucdtgI7KaNgfQFlfe7bzP7hO5GQ8gLWv917jSGX0fcjIeCh5mgl7j7C0LK317Npv/vKtacaflZ45aobFB+88BK8cKzb9mr42UuwZ7jvIREREREREZFBUPgoo0PAoLXXHQa+lksss9VH7+MpL0Ulewt2sfvo1UhwLqMPBut8EevXF9JwpesdrAsl7Nq5k/3V/RxjXMGRrhfgW3vgzJWrcWAX4OXD8ItCuNhpc0Ux/LQYdvTXdyIiIiIiIiIjJPJqN0Dk2pDG0i+lXe1GjJwrGdxdioT5PPjY/KvditHNC+50+HI1FPrgNkto845D8NWZwDUyhV5ERORyBYNBDMPAbDYTEREBQCAQIBAIdNk2HPW0trZiMpkwm8191i0iIvJxp/BxNCrbyppjNnKMCg6e9WFgI+eulcx3Ar4a9r5VSMkZD4bJwIh0Mf8zy8iJNyjZvI6a7NUsTg2XU1/I+rdg8YN5OM4fZMuW/dQHwTBiSc+/i4VTrOAvYctLVaQtdFC6q5i6qBxWrsygautm9tYZmCOAqFTyH1pIcpdGeigt2M7ek258gBGwc9NP9gAAIABJREFUkX3HcvImWQA3RRs248uaQ/OhIqoaDbClsXhFPinhQMR7spBtu0qoazFjGxtLM7Y+u6OluoD1e8rxBM3YUhexPD8Na6gUqv6ymYLjzRA0MDvncdfSHOxt43kDLVTt2cQbR+rwBi045t7Fihsc/bTdTMnmNVSmPcayzHAZvhK2vrSXWgDMJC9YRX5qR93by5sxR4B5XDZLls3DaQLOFLL+Lxby5ngo3FmOZ1I+j33K2sd1G8wN0UpLVSGbtpZS5zWwJM7jrntzcQzQB75Te9m+p4RajwFBA8vE+Sy/M6dnT5/fy8YtpXhazbyxrgzDtYDV+fZQze4Stm4oosrd8xq26+9+7e3+emA2nl77ro7C3xfAkgfJSwyXfbqQDW+V0QyAndl3LyfXDgTclGzfSlG1ByPagT20u5335C42v11Bs8nAiEhi3rJl5CT0cW0WOzg44P0+BAHY8Xv4UWXo49S58ItlEAO4D8H33oAdF0L78j4Jv1gS2rdjHezPhax34aul8NN/gLwD8HgTPH4Rvvo+HDbBL74Ij0/vpV4P7AB+Oh22HIPbZgIn4ZUJ8IsJ8LMLna85/OiXsBmwBuC+lfB4RmhXb+24zwQ/+hXsCIC3Fb78BfhyyqV2kIiIyMhqamriyJEjzJw5E6s19FOj2+3m1KlTZGdntweFl8vv97N//35sNhuZmZmYTCYuXLhAVVXVsNYjIiJyrVP4OBq1Ghinq/Dd+TkenWjGe3gLLxYUkv5gHo7IWFyzFjN7qR2LCdzvbmDje5Xk3J5C8oRYisrLITU0Qs9zooaWiXk4aKDwzQPYPrWaZZOAukLWv7Gbys8vJiUqmxR7IbveNsi791GWx5uhbCsbWmay6ou5oZDP39uouEgS0hdw3yecWKPAKNvK2ncOkHP/PGwYGIaX0sMNLP70apbG+yh+dR0HjiwgZbYFfKUUFFSRcMejLJ9oxnN0Kxt39j3yzuNPYsXn87FRRcFL29ldnsbiNPAdKaDgXAafXZ2DFS8lm//A9v3JrJwbTqG8VdTEfprPftGJpbqAtTtLqLlhIa5+2p6e7KSwohQyw0nM8UpqJyxg9eI0Sl9/juIzDZDqCNVd4+KuL+ThNEHd7vW8UZDI6ttTYEI6yf5NbN2XzbJVj+GyAAF3n9dtYF6qamL59GcfxRlZRcELBZScymXhpP77wBLrImfxbJbZLRBwU/TKRooqcjrC6TYJ81ixzNcRVAOEJ2DXVTew+I5eruFg79de7i/fkS1s6qPvUia1sOtYAySGW1FZBRnLWX2TQeH6jdScgVw7NBRtpcifw8pHsrEZDRRt2khlW3t8pRS8fZ6Mz64mxwrew1v4w469JN8/D3tv16ZsK0UD3u+Dd6YAfjYW3vouEIAXnoFnp8M3p0NMAnzz7+AXVqAVfvQj2HELLLPBbbPg9t/BDx+A44+GywrAK+/Asi9CyUq4+C5Y/wJfnh4KLLteB5gQBXNy4PF34bszoeJA6LX1PJzu9LzSF34DLIfCmYAXvvdT2PI1WDa293a88DOY8BC8NQWohft/BTd+F+bowR0iIjIKeb1eDhw4QGpqanv42NjYyLFjx8jMzBy2ULC1tZWSkhKio6OZOHEiCQkJXLhwYdjrERERudbpV8fRKi6ZjImhH1isWWkkeWqo8AAmO65kOxZ8eL0G9vhYjPCD+WwzUrCdqgiHMD4qT3lwJbvgfBlV/imkTQqX7cwgObqBmnOhl2YTuG5aRnZ8+AckiwVL40lK68JPTIzq7QcnK85kJ9YoA2+TD7PdRmy3Zyy6Zi0kJd4MWElOsuFtCj8v8Xg5NQnZzA+fn22cjeh+uiIxNRtbFBCVzMwUC7Vn6gCoOlmDPSUjPArSSnZaIu662k59mM78G5xYTMDkJBIvesIL0PTddktmKs7T5ZSGp6iWVtTjSu053brqZA32zPBIR8CZnUJ0dVm4781gspL9qbxQuAX9XreB2Uifn4vTApiSSUrw4fF0akdffZDgItluAZ8Xr2HHHjf0Zzh2voau8daOa9hdX/crPe+v/vrOlZZKy8nScPTZQOlJMynT7d0qa6D0ZAvpudnYTECUA3tsp90nK6mxp5IR6hSsWWkknq9rH73a49oM6n4fvMJDcN/s8AsT3JYLhSdDL2NckGoFvHDRBKljwN32gMZIYCZ898ZuBWaFwkaAmFS47xz0trTOmXrIcwDT4f7jsCcAOw6GwsQYK7jbwscG2OyDh2eGX1vh/gzYcqiPdoSPv21K+HUS3B8Lh7s+IFRERGRUaZtm3V0wGKSuro6ioiLeffdd9u/fz8WLFwkEAhw/frx9e11dHcFgkPr6eioqKqisrOTdd9+lubm5S3lWq5X4+HjKysoIBAIEg8H2fRcvXuTQoUO8/fbb7Nixg8rKSoLBIH6/nw8//JDjx4+ze/duDhw4QF1dHe+99x67d+/G7Xa3v/+DDz7g3Xffpbi4uEfdIiIi1wqNfLwmJHQER3F17N20jYM+Gy57JM1na2BcOByzpZMSt5GyCkiZWkFVfRJpU4Hjbjy+GrY/X9GpTBvZnTOWzo+kmZLP8pu2snXzWvZaHGTMX8zC9O6Tdb2UF2xiZ42FpPGxtLpr8JAxqLNpOO+BKAvdZ+8OhtkUidd9HrBQ74a60y+y9kDHfsukPtpg6nyy/bTdkkFqYhHlRyFjRinlZ11kLO1emJt6N0RO6XQGCXZs/gY6sr3IrtF+oJ/rNkTm9nLd/fdB3V42bjuIz+bCHtVM/WlI6D7qcUj1DvbLRaf7te22ab+/Bui7SWmk+ndRWg95lFJlTmFp9+yRetyeaOx9JNbuc26or+HF5/d3bIxJ7nR3drs2g7rfB+/wGVj3O3ihUx1zPhn692IprHoJJqZAaiv8ugG+1/nNw/TnoNuyYMc7UDgB1lkgZizsaPv0r4MdFsKBdchER9eRkV3aUQc7PPDYT7rW8U396UpERK5Bra2tfPDBB7S2tuJwONoDynPnznHo0CHGjRvXfswnPvEJmpqaeOedd0hOTu71GY4RERGkp6dz+PBh0tPTu+wzDIOWlhaCwSDNzc0UFxczfvx4IiIieP/990lNTcXn81FZWUljYyMA5eXlWK1W5syZQ3l5OdXV1SQmJraHoTfccAMmk74Ji4jItUXh47UgUI+7yUpyPPg+fIdiZrLqgfAU0SNbeK49U7STPtXGpqoaoIr6iWksMwF2GzZLOgs/vxDXIKu0Zy3lwSzwVO5iy44tFNo7PYcP4NRedp9ysvjhfJJNtD9fcjBscdbeh24NghFoxRqfANix28CZ+TmWd58GPJB+224hI8VJUUUpRlQV5yelk9bj57tQ3bU+H7RFqB4PzSZzn59Q/V+3S9VfH/g4+E4xzFrFgzeEYqbS15+j/HKrHIxO92tPA/Wdi7QpoanX7sgazKlL6ZE9YsPWY85xpxribZCYzeeW5ww64B7wfh+CVAd887Pw5Sk99617BW77Ajwenm0/8WeXVkdvKs5A1qzQx3Ny4HsvQtZdnaZntw3+SIQ8H3TOGk9fCE0J71Ui5Nngp/8El5Fdi4jIx8DpugbcjR/1OuJwJM2cMbTvUF6vF4vFgsvlIjExkejoaA4fPszFixeZPn06Fy9eZMeOHTQ3N2O1Wjl//jxz584lNTWVyMiuP+0ZhsHYsWNJTEykrKwMh8PRvi8mJoaUlBQ8Hg+NjY0UFRXh9XqJjY0lGAySlJTEpEmT2Lx5M4ZhcMsttxAMBjl37hytra2UlpbicrmYPn06FRUVnDhxgpycnC7h46Gjl/0DpYjIoJhMJuzxY5jodAx8sEg3Ch9HK38LHj84osD7YRk1CS7yLNDi90GUJRRgBTxUnvZAoOMZdfZUF9FvlLOXGuyTFoU2JrpwGLspPwWu8NRrT6MHW3wfo7v8PnxmCxYT2FIySLaW0ewBOocxvhYMcyzRJgCDhqp6mgOJDOZpeRZXIrb95ZR4M8i2gqfWzaAmkfirOFQJU25zAuBy2tlVWYp3dk74WX0ePK02bNZ+Sxmw7ZbMVJzFVRRaakmatrjXIlKTnew63lG3+0glbmdGn4uUDHTdAIwAQx751ncftNDih2hLuDM8ldQ0AsFObw4M4wrXfdyvvRmo71zTU2ktLOEgkHJHb/eoC6fDQ3FpHSQ6wV9DXSMdC85McmIvrKDUm0OOFcDA0+jDFt/HjdHX/R5fR/mxeizJ2X0Eqb3LSoXvHegUPnrAHQd2E7h9MLGtGQ3w/kdw4zD+fmZt+4o+HR7Pgolt07+dcF8dnAEmjIdlJthxMtzGtunZf9VHoeNDYWX78YD7AtjHDl+7RUTk2ne6roFAIMCM1Mmj8lmHfr8fgMjISGbPns3Ro0c5ePAgdrud3NxcGhsbMZlMeDweWltbmTp1KlFRUQQCASwWCwkJCURFRfVadmRkJDNmzKCwsJCYmJj28//oo48oKSkhPj4ek8mEyWRqn5YdFRVFQkICFouFyMhI4uPjiY6OZsyYMbS0tNDa2orH4yEYDHL+/HmioqJwuXoOIxhq8CoicqkMw+DM2XOcrmtQAClDpvBxtDKq2P37tew0GRgkMf+ueaFsJWcOyYd3sub5vZgD0STfkIyjpopyfzZpUUBiNmnWjRSX2cj9bFv6k8KC+aX8YesaKixmMAzMjjl8+u62FZO7qjuwmW0fNhPrTMTcWIPbOoe7uv9ckzqHnH2b2Ly2DDNmbFkZJBuVnHSDs+dQNQBa/OFJyYnzmDfxRQpeXMteM0QnZ5MeX0pNFWR0Se8s2MaYKS1ay9q9QMCMfeYSlk8M7bXNWUROxSbW/dd+QqcVTcqiFeSn9j3ezQgMou2WDFLHFVFUncLi23svxzJrCQtrXuHFlypwxXip8TrJ72ekna3f65aEM2EXhb/bgPuOleRN7LP5HYID9YGN2Tck8+KuNazdZwZLMrOnOKipKsfISsM8wYm9sJA1G9wsXZmHKz4Je0sBm54vw561nBVze6+2ta/Asq/79VL6bmIaUy5uoTQmlwf7yMczbsrl4KZNrKmwYI6wkT7NRUttDV4cWG3zWDRrA5t+v4b94fs9emo+Kz6V0uv16fN+ry9j754SLK2pJN/QLbiMg1vPwsQnum4reRLm3Al5/xuyP4CJptAIw+89BsvGw6p8uO1Z+LUVYpzw5RzYUgoPJ/XRWb3pNmqxzekGiGl/xigse6DbAYGO9335EXjsV7A/BS5Wg30JfLOfYdGPr4S7fgUvxAGtEDMZfv0oTBhCs0VE5Prmbvxo1ASPFouFqKgoGhsbSUxMJBAIcPr0aWJjYzGZTEyePBm73U55eTn79u1rX5gmEAhgs9mIjIzE4XBgtVppaRncA7MdDgeJiYkcO3asfXRkbW0tJ06c4M477yQYDA6pb8xmMzExMURERJCQkIDdbsdkMo2K/hWRjyez2cyE8eM4WlGt8FGGLCLY+anIMjoc2cJzH9hZ8WAedr+BuccCGAZejw9znDW0mEp39YWsf9vC0pXdAqCAD29TC8TYsPb+h9tudTRDtA1rP3NXfU0eDMtgyuulBq8Hn7n/8gdbTnMgGlvc0Aq6nLZ3FOLF4zcPsu4Brttl6LMP/F48vsG27xINeL/2YUh914uAD2+TgcVmpdca/V48FyF6UP09uPt9KC42hRaVsXcfcOkDt9HL9qvgogewQsxg/gwVAHdTaPGaQR0vIiLDpra2lqSkofyl6so7dLRi1IzCa21tpaioiPPnzzNu3Dh8Ph8NDQ3Mnj2bKVOmcOTIEXw+Hy0tLVRVVbF06VJ8Ph+7d+9un4YdGxtLZmYmFy5c4I9//CP33HMP48eP71JPc3Mzr776KkuWLGH8+PHU1tayefNmEhISuPvuuzl16hS7du0iPT0di8XC4cOHWbhwIePHj29/n91u509/+hOpqanMmTOH4uJizpw5w5IlSzhw4ACVlZW4XC78fj+TJ09m6tSpvT57UkTkShlNX+/7ci183/y40a+Qo1zvQY4Zaz9ziys/KMOa+bmeI89MFqy2wSYrZqy2gRfdsMRd+sIcZquN4chfzFYbl9KKy2l7RyFWBt2lA1y3y9FnH0RZQyuFXyGDDh5hiH3XC5MFa3+XcEjnPrj7fShi4jo9b7EzC32OCr3SYoZyyiawD28XiYiIjIjIyEhycnI4evQoXq+XiIgIMjMz24M7s9mMYRiYzWZuvPFGxo4NPUtk5syZ1NbWEggEiIyMJCIigtjYWG688UZiY2N71BMVFUVOTk77PofDwc0334zZbMZkMpGUlERWVhY+nw+r1Upubi6xsbFd3mcymcjKysJuD/10MGHCBGJjY4mIiGDGjBn4/f4uU8ZFRESuRRr5OBod2cJz5Sk8dlf2EN5UTsHzu6kKgHnCfO67I2NYgj2RAV3S/SoiIiKDdS2M4BiNI2GCwSCGYbQHjp0ZRuhRMp2393f85bbBbDZf0ojFYDBIa2trexgqInK1jcav991dC983P24UPoqIiIiIjGLXwi9R18IvoyIicvmuha/318L3zY+bYX7ynIiIiIiIiIiIiEiIwkcREREREREREREZEQofRUREREREREREZEQofBQREREREREREZERofBRRERERERERERERoTCRxERERERERERERkRkVe7ASIiIiIi8vFknDvG2+/XUe1pBcBii2fmjTnMHqdfU0RERK4XGvkoIiIiIiJXXt0hXv5zTXvwCODzNLL/z+9RWHcV2yUiIiLDSuGjiIiIiIhcYc3s/7AeL2AeO4E77v4kX7w7i5ljTYCPYx8ewzsc1bR4aGwejoL6YbTQ2NgywpWIiIhcuxQ+ioiIiIjIFXaa0xcAYsi8NYOJUUCUk3m3OhkLcKGR48NQy9nX/oHcr73M2csp5MP/YOVDa3i/r3yx+Ofkzvs5719OHSIiItcxhY8iIiIiIiK9amHPxl/yfkYaM6OHu2wPW/8+m2lPF4+SckREREaGwkcREREREbnCJjJxLMBFjuwp5bQf8Nexd08dFwDGxjPtqrYvrKWIN34HX1gyn2HPHmnhQuNoKkdERGRkKHwUEREREZErLJY5sxIZEwHGhTO8+dqf+a/XDnPoQgAiLEyfNR3roMtq4dBzj5I7I5tpM7LJWvQwzxV3miPtq6bg2b9hfm4203Lv52f7Ova1fLiGVfPD77vnSbae6lpy47aX+d2kv+GBW6Lh1DaeuGcO02ZkM23GfO74p22dpnM38v7LP2Tl/NC+v321uqMQo5qt37ufrPD7Vj13mBbqeemxRTyxE3juYabNyObH+wCjnreffjh8LnP4zPe2UWWEy+m1/j7KERERGUUUPoqIiIiIyJXnnMm9i1xMtkW2b7LY4pmz6CbynEMo5/Bv+bunG/nqH0s4fng/O3/7JEtndBqn+M5vean1bn7zyst8Z95hnv3PcGh4fhvf/vzPGf/kTo4fLuI3txTxtz94rVOgWM8br24jeeUiZpo9bP3Z13kp+2mKD5dwvPhlnlk9h/Htx77MS3un8c3fv8a/PzyWrf/j5fZnQB567m/426N3sKG4hOPbvk700w/zi+JE7vnfL/MvtwBf+CXFRUV8MxcaX/8BX3p9Dv++t4Tjh1/mnqNf5xvrq4G+6u+9HBERkdEkcuBDREREREREhp953HRuXzx9GEo6zhtvFrF06nySp2V13bXoe/z71+9mPOC8cxE/fj008vHsn19mU/PDrLszEcyQnjufma3xHdOrT7zJSzuzeOw7WYAntG3/Tt44PId7siYzs0s1j/LUTx7mRoDPLIEXfOHtxbzx78e59Tt3MTMWmJpN3qxcomMhOn480RYgOp74BBtQz9bXtsGdL3BrPMA0br19Mj/eWczZhz/ZZ/09yxERERldFD6KiIiIiMgV5TtfzaHjZ6mu/4gLLQGMtqnFZhOW6BiciXZSp01lWoJl4MKyHuHXPznLE08/yiefjWbmA0/z//5lCcnmAd4XrjM6fNz4O3/An+7s2F2282Xez72fZ6YB2Fj6T2v45pP/wPfve5knEubznV//ksdmDfwkyJZmiDbHhF/l8tgra/o89mIroenTz3XaeNvl1S8iInK1adq1iIiIiIhcEb6zx3jzjT/z+7fLOXCykXPNnYJHACOAr7mZ6pM17Hp7D8+/sY/9Z319lhcSTfr932ND4X7+vOZhol9qm6o8gHDo2GL0ss84zNbfHGbp6s+Q3LZt/Hwe/+VODhe9zFMLTvHjz/8v9rT08t7urYuFFuPiwAcCMZHAo2s4frSk479fhkZtXmr9IiIiV5vCRxERERERGXEfHd3HS3+p4bQXiIphcmoqn7ptLg+t+CRfbP/vVu6/LYP5qfGMjQLD+xEH/lLElqP9LOd85jDvn2oBczTJtyzh1klw1uPp+3gfXATGz1nEjbzAf74cCipbTu3kd9vqQ8cUv8YvTi3hzgVt05hbKCs+TKMBJGSRvygLmhtp7Cf8C4WaWeTdH82e3/yePY2A4eHQy6/xfuf3tbS9SGTOolx4c2foWKDlRDHvnxpk/S1KIkVEZHRS+CgiIiIiIiPsJIVHPsIgkvGZWTx093xuz53C1LFj6Dqx2sKYsRPIzJ3DvXffyh2ZY7AQ4OyRco70UXJj+Zv8+L7wKtBZD/O78V/nmS9k9X6wGXjnMNUtwNSHeebpRbz/vTtCq13f90vKWi8CLezZ8gJ84WGWJrS98Szv//KvmZ8VWhl7/v/Yz/Knv8bS+N7qsBDNfsqqAaK59ZtreDz6BVbNy2Za1iK+tO0s0QZAIjNvySL6d48ybcbdPHcUku99ku+kbAgdOyObrAee5o+l9QPU37McERGR0SQiGAwGr3YjRERERESkd7W1tSQlJV3tZvTr0NEKZs5I7eeIcrZsrOZszDjuuDOHiYMuuY5drx/m+MUxzFkxl9n9HNly3kOL2UJ8/BCfg9jiobEZouNtoec/Nm7jv8/7R8aueYd/WRDd/7FDqea8h5ZoG/Gxgzi20UMLvZzLZdQvIjIcBv56f/VdC983P2604IyIiIiIiFwZF8/x5sY/j0jR0Qk2Lmn5lWgbnTO+xqKdbJr0N/zpll5K63bsSLUvOr6PYy+jfhERkatF4aOIiIiIiEhY/JIfcHgBGlkoIiIyTBQ+ioiIiIjICEtj2Yq0q92IQYsexNRoERERGRwtOCMiIiIiIiIiIiIjQuGjiIiIiIiIiIiIjAiFjyIiIiIiIiIiIjIiFD6KiIiIiIiIiIjIiFD4KCIiIiIiIiIiIiNC4aOIiIiIiIiIiIiMCIWPIiIiIiIiIiIiMiIUPoqIiIiIiIiIiMiIUPgoIiIiIiIiIiIiI0Lho4iIiIiIXBaTyYRhGFe7GSIiMoIMw8BkUowkQ6e7RkRERERELos9fgxnzp5TACkicp0yDIMzZ89hjx9ztZsi16DIq90AERERERG5tk10Ojhd18DRimoCgcDVbo6IiAwzk8mEPX4ME52Oq90UuQYpfBQRERERkcs20enQL6UiIiLSg6Zdi4iIiIiIiIiIyIhQ+CgiIiIiIiIiIiIjQuGjiIiIiIiIiIiIjAiFjyIiIiIiIiIiIjIiFD6KiIiIiIiIiIjIiFD4KCIiIiIiIiIiIiNC4aOIiIiIiIiIiIiMCIWPIiIiIiIiIiIiMiIUPoqIiIiIiIiIiMiIUPgoIiIiIiIiIiIiI0Lho4iIiIiIiIiIiIwIhY8iIiIiIiIiIiIyIhQ+ioiIiIiIiIiIyIhQ+CgiIiIiIiIiIiIjIvJqN0BERORKCgQh2P5vkEAwtD0IBDt9TPh1+8ft24IEgYjw6wgi2l90bAv9r8vrPrZHRITKiAhv79gmIiIiIiJy7VP4KCIi15VAEIxgECPYPWiEQFu6OAw6QslOCWVvBwyptA6hEDKiRyDZ5eP2baHw0qTQUkRERERERhmFjyIics0KAkYAWsNhYyhwHL6A8WoKjcQMdt3Q79EhEYApIqI9iDSFQ0kTEe0fi4iIiIiIXCkKH0VE5JpiBMEfCNIaCI1wvD6ixuETpGPkZ889IaaICEzQPlrSRFtI2bFdRERERERkOCh8FBGRUS8QDhz94VGOcnkCwSAB6GU0ZWhD2+jJiE7BpDkiArNGToqIiIiIyBApfBQRkVGrNQAtgSD+gALHK6lt9GTXcDL0whQOIc0KJEVEREREZBAUPoqIyKhjBMFnBGlR6DjqBIKhFcL9QG+BZJQp9LGIiIiIiAgofBQRkVHmohGkxdCzHK8lnQPJi0aQyIgIIk0KIkVEREREROGjiIiMEv5AkItGeLqvXNNag0FajY4gMiocRGp6toiIiIjIx4/CRxERuaoCwVBI5dMU66uubbXr4eYP0P7cTgWRIiIiIiIfLwofRUTkqmkxgrQYENAk66vKHBFBjDk0QlFERERERGQ4KXwUEZErrjUAFwNBWjXa8aozRURgi9IwRBERERERGRkKH0VE5IoJBKElEFpQRkYHq/lqt0BERERERK5nCh9FROSK8IUXlAloQZlRJTJCox5FRERERGTkKHwUEZER5QsEuyw4IiIiIiIiIh8fCh9FRGTYBYIdoaOhkY6jWmswSJRGP4qIiIiIyAhR+CijVpBQgBEIBgkEQ6+DQFuO0fY6IvyfKSL8cQSYiMAUEdomIldOa3iEoy8Q1PrV1wivgVa5FhERERGREaPwUUaFIKHQojUYxAiAEYTLiy5C7w2FkhGYw0GkOQLMEREKJUWGmaZWX7sCwSAeP8SYIxRCioiIiIjIsFP4KFeNEYTWQJDW8L8jEVkECU357LqwbhBzRASRptBCC5GmUEgpIkOjqdXXDyMYpKk12P7HmrZR5BGE/mgTpb/YiIiIiIjIJVL4KFdUMAj+YBBfIBQ4Xi1GMIhhQEs48ow0RRAZ0RFGikjvAsHQCOW26dWKHK8vbY+5gNCo8bjIUBgpIiIiIiJyqRQ+yhXRNh3TH7jc6dQjozUQpBXri6LIAAAgAElEQVSA0MifyAiINIWmaOsXb/m4a3skQtu/8vEQbUJf/0RERERE5LIpfJQR5Qtc/VGOQxUIBvEFwRcATdGWj6OuoxtH5x8MZORpqrWIXKuCweD/Z+++o+u67jvRf0+7Db2zgF3sRSTVLCkqdizHlm0pLrHlFDuOJ7HjlMnMezOe917eelnJJFkzzps3JWOn2HHsRBk7rnGPY9mWbMmSSImi2CmSYC8g0W45fe/9/jgACBDtArjl3IvvZy0QwLnnnrNxCdzyvb+9fwjDcPx7XddhGEYVRzQ3KSX6+vrQ3d2Npqamag+HiIiopBg+UskpdTN0rId14CZO0dYwYYq2zqpIqg8KgBitauT6jTRG4/0bEdWoIAjwyiuvIAxD6LqOIAiwceNG9PT0QIvpnZsQAseOHUMikWD4SEREdYer21FJ+VIhFyo4QtVlgKEQTR93hEIukMgFCnao4Mtbm9oQxZNU0e+wK6IGI9lAYcSXyIcSbp3+3dLC8D6NiGpVGIY4duwYgiCAZVnI5XLYv38/XNet9tBm5fs+hBDVHgYREVHJsfKRSkIowBUKQQ1Nry6FsU7aY1O0xzrFsjKS4kCom7+jYrSicWn9hdJiBELBNHknRkS1ybIsbNu2DV1dXbh8+TK++c1vIp/Po7+/HxcvXoRt2+jp6cGWLVtgWRauX7+Ovr4+aJoGy7KwdetWSClx8uRJ+L6PIAiwZcsWZLNZJBIJrFy5ElevXkVfXx927dqFVCqFEydOYNmyZWhsbMSJEydg2zY0TcPmzZvR0tKCGzduIJfLQdM09Pf3Y8eOHchms3jttdegaRqGh4erfbMRERGVBSsfadFcoZAP5JILHqcjlZpUGTniR9VlrlAIefNQmSgVNYXxRFSJmwsUhn2JXCBhhwqeUAgZPNI8eTL63SEiqmVKKQRBAF3XoWkaXNeFUgpCCBw/fhxXr15FGIY4ePAgBgcHAUTrLwLAuXPncOrUKSilxj8GBwdx7NgxCCHQ19eHgwcPYmhoCJ7n4dChQ7BtG6dPn8a5c+eglMLAwAAOHjyIIAhQKBTw/PPP4+LFiwiCAPl8Hi+99BIKhQKklJPWqSQiIqonrHykBVuq1Y7zoRCtoRcAgIjWjDRG14w0tKibNns6ULGkij6EUqOfow/GirQY1ixV2grR/TwA6BpgaRrXgiSiGV3pH8BwNj8e3lXK9k3rpmwLggDPPvssMpkMPM/DunXr0NjYiGQyiYaGBniehxdffBGDg4NYvnw5HMdBIpHAihUr0NnZiWQyCd/3Yds22tvbsWzZMjQ0NMBxHJw+fRqu6yKXy2H16tUYGhpCIpEAADQ0NOD555/Hxo0bsWvXLly6dAlPPfUUbr/9dqTTaQwNDeGOO+7AunXrcPHiRQwODuLxxx9HMpnE1atXp/35zl68goId7ynjRFT/dF1Ha3Mjlnd3VHsoVIMYPtKCRNV9UaUfFU8h6vwdTtiiIQohDQ0wdIxP3ebr+6VLTpguPRYySlYuUhk0WzrfACGikrjSPwApJTat641FZ+mxjtdSSnR2dmLLli0wDANHjx6FlBLNzc0wTRNKKZimiV27duHkyZM4dOgQWltbsXv3bqxZswY3btxAX18fTp8+jb1796K5uRlCCAwODiIMQ6xduxbXr1+HrutoaWkZX2OypaUFmqahoaEBSin4vg9N05BIJNDW1ja+X0NDA9LpNADANKd/aba2d3klbzoiomkJIXD1+iCu9A8wgKR547RrmrexRhUMHktDIeoy7Mloymw+kBjxJbLBzSnbgYwq3ai+iNHO8GN/U2PTpbOBHP+/j5oZMXik0ms0GTwSUekMZ/NY1tUei+ARiNZ8vP/++/HII4/g3nvvRVtbGxzHwaFDh9DS0oLVq1ePh34A0Nvbi7vvvhvd3d04dOgQRkZG0NjYiPvuuw8bNmzA1atXcfbsWWQyGTQ0NODChQuwLAs9PT3I5XK4ePEili1bNt6tOpfLQSkFx3Gg6/p4ZeREyWQSjuMgCAIIIcY/ExHFkWEYWNbVjuFsvtpDoRrEykeal7HOzlR+cnRqbTC+JaqS1Eenauta9O5B9HW0jTlCPChE6zBKRJUXUkXbxj6PVTISVUtC12Dy7UciKiEpZWyCRwDQNA2maU4ak67rSKVSOH/+PEZGRgAAuVwOnufhxIkT8H0fnuehqakJlmXh/PnzuH79OgzDGA8dTdNET08PDhw4gDvuuANNTU2QUuLy5cvYuXMnLMvC5s2bcfbsWTiOg8HBQaxZswaZTAa+708aY3d3NwzDwHPPPYfGxkbouj4+LiKiODIMo+JLa1B9YPhIRSuEXN+x2qLgKpqOO/USQMOEYHL0w0C0RpsOcK22RZouVJSTto0FjPw7oXhjxSMR1TPLsrBz505kMplJ2zOZDPbu3Yv+/n5omoYtW7ZAKQVN02AYBoQQMAwDe/fuRUtLCwqFwvj07fXr12Pt2rXQNA3r169HoVDA2rVrYZomtm7diqGhIbS1tUHTNGzYsAFhGMJ1XbS2tmLz5s2wLGv8/GPjam5uxp49e3DlypXxqd/JZLIaNxkREVFZaUqx/IbmxuCxdikpIUe7OuqjT64NXYeha6OVlJjweTSo1KLrTZz+YxgGLMuCrtd+udRYiDj2G61GA8OJ2ycHjVxzkepLQteQMZlAEtWKa9euoaenp9rDmNWRk33TNn6Jm7FO14ZhQLvlXdmJz3nGSCkhhIBpmlP2X+h5FrIfEVFc1ML9fS08bi41rHykOeWCaM05qi2B7yMIfET/dQpRxHjzs64bURBpGICmQdf1qJpPCoRBCCEENETTljQoaBCA5iFpJZBIJKCPlk5F+4wGl6MbJj51vvVp9MTn1RMvm/QbpiZ/P+Xr8YAwuuTWwBDAlCAx2q80AeJYoDsfuq5B02o/uKX6INTNewMioqVkbDr2dKabNq7r+oLeeJ3tPAvZj4iIqJbxkY5mNeJLVnvVGCklXMeGnFKpqiZ9FkLMuah5FPRNvl4gPGiej2QyCdOypjl+bYqCVzkaLEpAjVZAjFaBTr09588wDCSSyVitiUVLk1AK+QBosuovfhQKMOrvxyIiIiIiqlkMH2lGDB5rz1jwOLZ+EaBw4uhpDFwfxI3rQwCAVWtXYNWaFejs6sDkwFCb9P2Jo6fx7NP7cOHsZdy4Pog9d+3A/Q/dhc3bNgBQ8DwPQRggmUzV9FRsIQQ810W0AsXMt8fY7TnT5cV8L6WA69jQdQOmZcE0DGg1fNtRbRsLIC0dMOpgqp+Egi8AUwcMpo9ERERERLHB8JGmlQ24vl2tUVLCsW1AKRQKDp767o/xL99+BnbBmXb/TEMam7dtwKo1K7F5+4bxqOzi2cv4ydP7cOHspUn7P/ujfXj2R/uw564deO/7H0dXdztEKGCHBViJaCp2raxVFK3fFCIIAkgRdWvTtKjIc3xyuqYwcWa1pim4ArBDICeAQCmEEtGHAgTU+NehjPZvMoEmE2gwgSZTocGIji+EgJQCnoqmc5mWCcuqnduP6keoFEIB1Hrl8kRKakixuJiIiIiIKDYYPtIUuUDNez07qr4gDAEoPPv0fnz+c1+bMXQcYxccHNh3GAf2HQa+VPx5Duw7jBNHT+ORRx/EY+9+EwANYeBDhAESyVQs1i0am0ItpYimT49+BkanVquba1+OVTQGUkO/p9DvAQO+Qj7UkBcKhRDIh0BBAIFc3LiWpYA9LRp2twIZQxsNOBUC30cYBLASCVhWYtE/P9FSJpSCUBqnXhPVhBAjZ4/hmSODGPSjLUYigzXbN+K+ta3g+whERET1ofopAcVKns1latJYgHW+71JRweNi2QUH//TFf8azP9qHD/7mE9i8bQOUUnAdp2pVkEpK+EEAEYaQspiUMPo93zeksG9Yod9TmLysY+n/Dq66wHdchWcHgY0NCr1pDavSCt3J6P/Qcz2EYVjzU9mJqi2QilOviWIvi9deOILnLvuTtgrfxpkDB3Hl2gY8ek8vGqs0OiIiIiodho80rhAqhAwea5IIQ9y4PoCP/9Enyx48TnTj+iA+/oefwJ67duCJDzyOzq52hIEPKQSSqcoEaEophGGAwPdHKxond9S+1UgAXHCA87bCWRu44pZ9iFNkA+ClYeCl4Wi8m5uAu1o1bG4CpBBw7AKsRBKJBKsgiRYikODUa6KYc069hhcu+wBMdG3ZgNdvWoY0bFw8eQw/Pp6Hc7kPz5xqx6O3Zao9VCIiIlokho8EAHCEQlCCbr5UHWEYzrq+Y7mNTcV+7N0/hze+5QEIIeDYNhKJBKwSB2hjU6qFEJBCIAxDADfXbHQEMOADgwEw4ClkwyhwHPvsLXLqdDmcyAEncgpbm4A3dGnoSQKB7yEcbejD7thE8yOUQig1mCwgJoqpYbx6Jg8BoGXjTjy6tXl0ewa9W+/A28UL+PJrLq6fOYfB27aivZpDJSIiokVj+EjwhIInGDzWslw2h+ee3l/VMdgFB5//7NdwYN9h/Pb//qvINGTg+x6EFEgmUwuahi2EGA8Zo+9DTGgJg4lrNl52Newbktg/VMIfqsKO5aKKzJ/t1nBXmwYlZTSV3bJg1VBDH6I4CJSCCf7NEMXTAAYKAJDB+vHg8abGre1of+0yBgs2LgIMH4mIiGocawKWuEBGVY9Uu3zfw09+tK9qVY+3OnH0FD72O3+M40dOQSkgDEI4dqHIdRhvGque9L1oHcQwDKFUVPk48fOpvMKXLil88kxtB49jCgL4+hWFL12SGPSjn9P3fTi2DTEawhLR3MIYVjkT0a10TNtVxtDZbIaIiKiOsPJxCZOKwWOtU0ohCAK8sv9wtYcyiV1w8PE//AQeefRBPPGBx6GUgmMXkEgmi+7mLISIapZGC5cCGa2VmBXAZQe47CpcdoAb/mxHqV0HR4BztsLDXRruaAWUknBtG4ZlIplIQmNDGqJZses1EREREVE8MHxcwlyhINlgpmZJKeG6Dgo5GyeOnq72cKb1L99+BsePnsavfeS9WLV2ZdTNOQhgJZIwzdnvfkzTxD9fdHGyEIWOubBCg46R4QD42mWF03ngoU4N3cmokjQMQliWhUQyyanYRLMQSsHg3whRbORPH8C3D2XhjD/9zOPAV5/GgZmvEV2umejduRM/u2HqFG0iIiKKP5bOLFGeUPDZYKYmhUEA17Hh2AUoKfH97zxT7SHN6sLZS/j4H30Szz29D5oWhaae68AuzD4V++VBgR/eAC45SzN4nOhQFvibcwrPDwESUXOdMAzgOs54h28imorF/URxch7PHZkYPM6DCnHxyGkcL/mYiIiIqBJY+bgECRVVPVJt8X0Pge9jYtZ04/ogvv+dH1dvUEWyCw7+5pOfx4H9h/HBjzyBTEMaSkk4dgHpTAP0aaYQD8SxLXUV2QL49lWFfUPA7c0a7u8ADCXg2AWk0mnoOlfHIrqVkJh+PTkiqoIAoQCARux5xx3YVfT1TuPbX72I60KiTldaISIiqnusfFyCXKHA6LF2KCnh2PZ48Khp0cdPn9mHP/wP/yU2jWaKcWDfYfyH3/1jfOPL34NjO1AK8D132n3XNPDuaTrXPeD71xWevKAwFGB0PU1n3g19iJYCwcpgoiXFu3oGp87l4N3an82+gVNnLiJr33qFHC6cOYPrWW/yduEhe+4MTl2deqxYnoOIiCjm+Op+iXGFQsDp1jVDKQXXdSCEgFJRpePnP/tP+Nhv/zE+/YnP11TwOMYuOPinL/4zPvY7f4wD+w4jDKOu1o5jwy7kkc/lkM/l0Gu4eH1ntUcbX6cKwJMXFM4WxgJIG2EQVHtYRLGiwKnXREvG8x/H1gffhjc9cg92//krN7eLF/Anux/Em978Juy+77/h5fELLuIff/0ePPTmt+GeO/81vn795lUufPkj2P3I2/CmB+/Bb37jRszPQUREFH+cdr2ECBWt9Ui1w/c8SCnh2KPTlvfFq6v1YtgFB5/5i8+js/s3sXrtyvHtE3tDvKFbQ2sC+Opl/t5Op98Dnryo8NhyDTubFbzRKlLTsqo8MqL4YNMZovjLn3wJ3ziahw8Ty7ftxJs2zb+xTHboZrLnTSwyLGTRP/a1PXHidg7XL9z8zp1QZZgdunTzm0nb43gOIiKi+DP+4A/+4A+qPQiqDFcoVoDUkLGqxxNHz+BP/u//jgtnL1d7SCUXBCGOHDyBN77lQQCAJkKYBQe6H8DK20hks1hnD2ODLGCfbKzyaG9SQkCKEEoEUCIEpISSAkpKQAM0rXJF5aECjmSBpK5hVVohDAU0TYNhcKE7IgDQocHSGT5SbSsUCmhsjM/j4HSuDwyju6Ntlj2G8NrxLGwksHzrCvSMbz+PHz3bjxEJABL5QRupzcvROef1Jkt2dqFdeEiuvR+//u63YXv3aI1FshvdHQKu1YsHfv29eHxb12j1RTPae5oB0YDb3/1ePH7/GrSMPny3tC9DixTI7HwXfunx+7G2Oc7nICKqrLnv76uvFh43lxpNsVXqkhBIhULI/+paEoYhXjt2Ch//o0/W5PTq+fjDJ96I29etnnWf78tGfDk1+z7lpJSC8BwoIaBbCRiJ5Bz7S0ApaBVsBPMzHcDP9WhQCrAsC8lUqmLnJoorU9PQaDF8pNp27do19PTMFLvFw5GTfdi+ad0se4w2jpnScOY8vvf1PlwZq/4zmnHPY3uwZc7rERFRNcx9f199tfC4udRwzcclYsqC1RR7Ugp8/nP/VPfBIwC8+NoFyDneB3mjnsdup3/WfcpBKYXAySN08tANE1ZD05zBIxBVP44HjxV6j+cnA8BXLkXnCoIAnjt9Mx+ipYStmIjibjXu29KIhAZAM7F8y4YJwSMRERHVA1brLwGeUAhZ4FpzbvQP4sTR09UeRkWcvHwDYRgiMcdahT+jhvEKuis0KkD4HoTnwkgmYSQWUUVYwfXmDowABaHwK6s1BKMNaBLJJDSueUdLVPTGBn//ieKscdMdeN+mao+CiIiIyoWVj3VOKsBj2UdNeumFV6s9hIpx/BChnLs8d7sZYrM3UPbxKKUQFHIQgQersWlxwWMVnMwDf9Gn4EmFIAjg2Da4wgYtZZK//kREREREVcPwsc75Us05nZXiyXW8uXeqExcGRiBEcSn5neFwWcciRQhvZAi6aSHR0FzR5jGldMkBPnEGGA4BKSVcx2EASUsWw0ciIiIiourhtOs6JlXU4Zpqk5RLqWS1+N/Te7QCfhjkcNlqKvkopAgR5EdgZRqLWtcx7oYC4M9PK/zaGg0rUgKObSOdyXAKNi05Epx6TVR9FkwDgMjjwFefxoH5Xt3QkSjDqIiIiKj8arOkh4ris9SjprV3tlZ7CIsipUAY+ghFEHV+nsWKtuKDRMs0sdrPLnZ4U0gRIihkYWWKayhTKnPdNovly2gK9ulCFGjbhcISC7aJWPlIFA+rcd/2ZqQX8j6AZqJ3OxvREBER1SpWPtYpVj3Wvp27t0FKAX2sY3INESKEqSvceVsvbmTzuDAwAj/wYZrTNz5JW/P7GdcrG8+XarAYCx5zsDJN0M3Zm96UWqWmdX/2vMK7VwK7mgHHLiCdydTk7xbRQjB8JIqHxg178J4N1R4FERERVRrDxzrlCgWTUytrWu/KHnR0tmFosPRVfuWklMK6rmb83mMPYXl7G0zdwIht44vPHsDXXzwMw7RgGtaE/SXWL2tHco5O1xNth13SMQeFHMxUuuLBY6V96RLgCeDedg2B4yKdSTOApCWB4SMRERERUfUwfKxTGZPBYz14/OffgL/9m6+iltYqa06Z+L3HHsK6ZcugjwbgXS0t+OijD+OB7bfhr777LE5dvQFdN6AAJAwNb9m7BYl5hI9NuoZeP4uLieZFjzf0HCgla66j9UJ946pCoIC3LNMA30E6k4FhMICk0hjL+Cb2NlITP6uJ29Sk1V6Vmrz//I+HaY4XnYNvxhERERERVQ/DR6IYe/StD+NvPvXlmqpOe+sdm7Gyo2M8eJxo55pe/LffeA+eO3oKT716AkopvPPeXVjd1TWvc1imidv8odKEj64NM5le9HFqyXevKQRK4rHlOmzbRiqVgjWP8Jeqo1zBHtRs4d1sYaCacjkREREREdGtGD4SxVhzcyPued0u7HvxSLWHUhQpBW5fuxKpxMz9KHVNw89s34j7tt2GMAxhGDqMBYSrK6W7mKECAJQUkEEAo6lt0ceqNU/1KwRS4p0rNDiOAwBLOoCcLdgb/1pNjtvmDAMnXWe24003BgZ7RERERERUHxg+EsXcjp2baiZ8XNnRjN7O9qL21TVtXlOtb7UG3oKvO0YGAYxkCppemaYvcfPMDYVAAk+s0uG6UZhbjgByfkFc6YK9aa+DaF3SW7cRERERERFReTB8JIq5Bx68E5/59FdQC+s+rulsg2lWZop4ly6RliEcfeF3YyLwYFgzV2kuBT8dVHClwBO9Oty8jWQqBSuRmLkqb8I3s62zd+t2IiIiIiIiWpoYPhLF3IoVPZBS1sS6j53NDbCMytytGLqOZUEefcnWBR8jqnxcWus9TufAMOBJiSdWavAdF2YgkEwtjQY8REREREREVF5Lc64hUY3ZuXNztYdQtEp1TrZME8vC/IKvr6SEFCF0dnoGABzNAn93QUEphSDw4bmLX1OTiIiWDl3XIYSo9jCIiKiMhBDQl+iSVbQ4/K0hqgFSymoPoSgnL99AGIYVO1+XXPi6j1JE49RqoKK0Ul7LA585B0ilIQgCBpBERFS01uZGXL0+yACSiKhOCSFw9fogWpsbqz0UqkGcdk20APNrhqGmXn7LmnkTt0+3zl7X8i4cO3ZmscMuu4sDWWQdB50V6prcsYjwEVIu2UYzs+mzgU+dU3j/Kg2ADwCcgk1ERHNa3t2BK/0DONl3sWbeNCUiouLpuo7W5kYs7+6o9lCoBjF8pNhZTGdc4GYgOG2zjGnCwqnHnO461W2g0d7ZVqUzz4/tB/j8T17Bbz/6YEXO16MtvLpCKQloDB+nc9EBPn1O4ZdXaWhBACklUuk0NC3+TY+IiKh6lnd38EUpERERTcHwcYkpNti7+UkVHewVf8zpu+OyM+7MVA3dOP9y8BR2rFqGh3duKvu5OuFDw8JCYaUUw7RZXPOAvz2v8Iu9QFcyhGPbSGcyvM2IiIiIiIhoXhg+1oF8MM203rGvY1C1R3ETNRSRcrRqUNOg6wZMwypZsPSX33sBG5d3YWWZKzYtw0Rb6GDQnH/Hak3To+pHmtGAD3z2PPC+VRpWpiQDSCIiIiIiIpo3ho81zpcKYS2VxVHVCSHwlr2bcedtq9CSyaB/OIcfHX4Nz588B8tKQi+qAYuClGrGTme2H+DLz7+K333bQ6Ud/C00TUObcBcUPuqmBSUEFNd+nFU2BD53XuGJXg3rMgJhGMKq0JqeREREREREVPsYPtY4jw0Fl4RSFprds7EXv/LwXWhtbAIAbFsNPLxrCw6du4g//dL3MOIEMI2Zw6Uw9CHEzY7WmqbDMEwYxuS7k/PXh+AHARLzDKqkUgjDsKjrWWZU+QjMv8JSN01oug4Z+jASbKgyG0cAf39e4T29GrbqPsNHIiIiIiIiKhrDxxonWPW4JJRymuudt61Gc0PjlO071/Tik7/5BP7ki9/Fq2evwjSt0crG6NxSCoRhgJ1revBLD96B1V3tOHd9CK/0XcI/HziG4YIDw7CgaToABT/wEIjiQsSJPN+HMY9KxLbQndfxJ9JNCzIMYSQWfIglI1DAkxcUPrJOYF0iYABJtYUrBRARERERVQ3DxxrmSwaPNH+OH0CfIcxsyWTwnz7wTnzlpy/ji88ewFDeGb8slbDw8/fuwjvv3YWWxibomoa2pmbsXr8Gv/L6e/DV51/Bd146iksDI2hrTOOJB/YgYc4/oArCEEai+DSwU/nzPscYM5WGn8/BTGdGQ1Oay/4hoDfjMXykmsK/biIiIiKi6mH4WMN8TrleOkpY+Xh1KDvnPu+8dy/edudOnOsfwMWBIUgpsXtdL9KpJDLJqVOUDd3Au++7A+943W64vo8gDJFKJGGZ87+L8cMAqXmEj80qnHunGRiJFHTDhnAdmOmGBR9nKdk/DNzZJln9SDWFPZKIiIiIiKqH4WMNY6OZpSOTKc2ahGHoY+Oy9qL2TVgWNq5cho0rlxV9fEM30JCaf/OXMUopBGEIcx6hZQaLS+GNVBqhU2D4OA/7h4CVaQ+mabLzNdUEVj4SEREREVUPn4/XKE65XlpWr+td1PWVUggCF3dtWIm9G1aXaFSl53geEqY147Tw6TRri/tbMJNp6KaFwM4v6jhLyf5h4JIj4boOFN8EoRrAjJyIiIiIqHoYPtaoQFZ7BFRJt+/dASkXXuFnQOBdr9uF33nrg2hrbi7hyErL9T2kknNPuRZSwA8COJ4HK3Dm3H8uicYWAIBfmHtKOkX2DwEiDOE6i7/9icpNY8cZIiIiIqKq4bTrGhVWofLR0jVYOpDQa/tFnFJR5agnAVlDVVubtq7HqRPn5n09IUJ87F0P4/Z1qxY1JbrchBDwwxCtTVE4GgWMIUIhIKTAjXQzhswkBhMNGNaTGDaSGIaFYaFjkTOvAQBWphGha8PPj4yHkTSz/cPAhgZge3MIIQQMw6j2kIhmVOMPW0RERERENY3hYw3ypUKlIzNL19Bg1serN00DkoaGpAE4IeDVyBT2B3/2Ppw8dga6Pr+QZ/f6FdixemWsg0cAyDlO1GimtQVBJo2v5ZMY1BMYViaGhY7hYHRHhShsLEPDJTOVgfA9+IUczGQK+gK6dS8lX7gE/KKuYbvhIZ3JVHs4RDOqj0cvIiIiIqLaxGnXNSis8JRrQ6uf4PFWSaN2fq43vfX1aG1vBuYZPa/pbJtX9+hqEJYF83V3IvnmR+Dt3AZndS+uJBrxipPAWXdC8FgBRiKJRKYRwnO5DmQRnh9UCMOo+pEorl/yGH4AACAASURBVFj5SERERERUPQwfa1Cl13usoXxu3nQN82puUm0f+I0nEITzT+ISVrwr+MTG9TBaW8e/dwKBS9VcSlDTYDU0QTct+PkRCN+r4mDi7UwBeHkECIMKJsRE81A79/BERERERPWJ4WONCaRCpSdd13vFSC39ePc/dA/e8Z5HEYQ+iq2AlDLe3YlETzdEe9ukbZcLIbJhlQY0gZFIItHYDBkG8PNZqJjfltXy/CBQ8PzY/67R0lRLbzAREREREdUjho81ptJTrgFA1MaSiAtWS01nAOCXP/QevOmtD8H3PSg1+y+EUgor2poqNLL5U6YJf8PayduUwmUnTv8nGqxMI8xkCoGdQ+jGuLtzlX6Xr3nA84MagsCvyvmJZsPokYiIiIiouhg+1pigCtlCIBW8Ok0ggyo07ymFD//uB/G//f5vwTA1BIELIaaWCUopYBgS63raqzDC4vjbNgP65LshKSXOFOL3v6JbCSQaW6BpGoJCFsJzqz2kqTQNwvcQOoWKn3r/sELeDaBqLMyn+sfCRyIiIiKi6mL4WEOEql6VniMUghrpCl0sVygUwtr9me5/6B781ZP/H375Q+9BS1sjPM9GELgIAhee78C0dPy7/+f3sH7rpmoPdVr+lo2QzVOrMkUY4oxdhQEVyUimYDU0QymFoJCLXQhpJJJQSsEZvAZZwUrE4QA4lFUQYQzmyxNNwCc6RERERETVpSmWqdQMTyg4Va5A1DVtygu5a67EyowOS9dqpjmNGv1H4ebKiVIpBBLwazRkPXWyD4cOHEEhb2Pnnm24fe+O6AIpkTpwCJoTn+nC/sYNED1d017WN1jA/zhVO52TZeDDt/NItcSrwtTLDkH4HgwrgWRzW0XKv9ZmgA+t1dHQ2Fj2cxEVK2VoSNXKgxPRDK5du4aenp5qD4OIiKgm8HEzfsxqD4CKF4eZz1IpTFxlMGVo2NBkVG08C6WN/jPx5aihabB0IKk05CrdUrwEbtu0DrdtWjf1Al2Hu3cXEsdfgzEwWPmB3cLfshGis2PGy8/ka++2jyMr0wQZBhCBD3vgGqx0A6yG8q7/edYGTuUVdqQFDKP27heoPjF3JCIiIiKqLs5GqiFxCB8n0jUNiTpshW1oQINZZ38amgZ/6yaEvSuqNgSVSsG7fceswaMQIc7FcL3Huei6ARkG1R7GJLppwsrcDBsDp4DQK3/166sjCr7vlf08RMUyuOgjEREREVFV1VnCUr+kAkTMZsibGlCH2SMAwNKjcLXeBGtXw9+6CSphVfS84bIeuHtvh2yafTpuGIQ4G5/Z4UXRrQQSTS2QIoRv5yq6zuJczFQaRiI1/r2fGyn7OQ9lget2CClZwUrVp6F+H6eIiIiIiGoFw8caEcYseATq/wVdvf5xiI52uHfuQbiy/FWQKpGAv30LgtvWFfULc80Oka/RfiVmMo1EpikKIGNUBWmlM5O+D+x8Wc8XKuDVESAM4nMb0NLFqkciIiIiouqr13yl7sRtyjUQVWPWs7qu29J1BOtWw71zN8IVy0rejEQ2ZOBvvg3u3Xsh2lqLvt5Zu3Z/qdRopV+ioRl+bhiIyRsGupWAmUqPfx+Fj+Ud26EcEMQogKWli+s9EhERERFVHxvO1IgwhklYIKMAsh4rIAOpIGMSHpWTSqUQrF+LYM0qmNcHYFzrh55bWGWcsiyIrk6Iro45p1fP5IJnAKix0kelEHoudMOApiegmxbMdAPckUGkWmde37KSzFQDQs8dD0T9fBaJxpYp+4WuDTOVmbJ9vq57wCtDEncnAlhWZaf4E01Uj49PRERERES1huFjDYjjeo8AoKDgCCBjaKUunKsqTyg4cSw1LSfDQLisG+GybkBIGNkstHwBum1Dc73oY3QarTIMqGQCKpmESqcgGzKQTU1QmfQcJ5nbsF9bt7sSAr6dgzc8gOZVG8a3m6kMlJRwhwdiEUDqpgkrlUHgFAAAoevASjdCm9CROijkoJlzPyQUG1AeygJ72xk+UnUZTB+JiIiIiKqO4WMNqHYOFi3Yr2G6l3BKAWfyAiszOixdi/0UNzX6j5r4/ehnpRQCCfj1Pp98LoYeTZWex3TpUlmeMXA6Jyp+3oWQgY/+Qy+ga8fdSE4IHsdYmaj60x0ZRKqlvdLDm8JMR9WPSka3r58fQXJ0XML3EDgFpNu7Zz2GnxtGoqm434uTeeBcPsSmlISuc4UPqo64PyYRERERES0FDB9rQDWbzSQNDSl99srGRsuY+cKY0QC4UsGtdqJL03rnmhSGPIkjw/Geei18F6HroPv2e6EbM9+NWplGwM7Dyw4h0dQKrYolwpquw0xnEBRyAAAR+JCBD91KQAY+jEQS2iwhoZcbgplqmNc5j+aAdS0+ksnU3DsTldhMb5oREREREVFlMXysAaJK6z2amoZ0HZaNpEZ/JgaQ8fShTRn83WkHBwbi2bAkdG0oKZFsbitqfyvTCOG7CPIjMJJpGIlkmUc4y1hSGQjPgQyjcNfPjyDV1gVoGoxZAkI/PwJN02FYiXmd73AWeL0bMHykqqjDhy+imqNiuGwQERHNTzULKKh+cC5czClUr/IxZdbvnYzJdcBi7Vc2pLG3I35rBQZ2DppujE+pLpaRSMFqaI5CSHthDX1KQtMmVS9KISA8F2YqPWOw6BeyEIGPREPzvE83HACHcwpBEM8gmeobw0eiylJKMWwkIqpzvK+nhWLlY8xVq+oRqO8XbvX8s9WLd61NoS8vMOTFo9W7nxuB1dAITV/YMgOariPR2ALhufDzIzCs5KzVhuViptIQngMR+AAALz+MTMeyafcN7DxCx0aypQ0L7Sp1JAvc2e6z8QxVHO/niSpHKQVN08ZflN76wpQvVImIas9YxePYffjY92P396yIpPlg+Bhz1VzvUakF5w2xx+fA8Zc2NLxvXQqfOG5XdRxKSgjfRaKppSTHM5IpGMkU/NwwpAjnXUVZCmY6Mx4+QgGhU4CZnryeY+jaCOw8Eo3NMKyFTxU/mQfO5wU2svEMVZhRrw9gRDEz9qJUSonjV/L49DMX8GLfCLwgHm8eEhHR4iUtHXeva8GHHlyFLcsbGUDSvPGVYMyFVXzeFtRx1+dqhrpUvNuaTdzVWdqKucSFPiQu9MHqv1LU/kpKmKlMSccAAImmVsjQR+AUSn7suRiJ1KSqS7+QG++CDUQNdfx8FlZDU0l+9sNZIPD9RR+HqFgaAK6uQVR+Y8GjUgrHL+fx4c8exo9PDjF4JCKqM14g8eOTQ/jwZw/j+OX8pPt/omKw8jHmqvnUzREKyTqdt+aKufeheNjRZmHfjYWtGah7LpKnjiL52jGkTh2dcrlMpuCvWg9v41Z4t22DnGYatG6W727SyjTByw5BN615N3NZ9LlTGQjPHf8+dAqwRtd1FL6HZFNryaaFH8kBP+sHSKbYeIYqQ+e78ERlN1bxIqWEUgp//fR5ho5ERHXOCyT++unz+LMntgIAdF1nBSQVheFjzMkqv5Mw7EukDA2WrtX8+llCRdWc7HJdW3a2mdjQZOB0rvjE2BgZQuNPf4D04Zdn3U/3XKROHUXq1FHI5Ldg33E/7DvumzaELAfdtGBlGhEUctBb2iv6oK1bCZipDEI3mtYeODaMRAq6lUCisTRTzMcMB8ChEYXXpQOu/UgVYXJeB1FFjK3vKITA/rPZag+HiIgqYP/ZLIQQMAyDlY9UNIaPMRaXWc+uYGBH1fVrmzL4s8OFOZvP6J6Lph9+a87QcabrNj73FDIvPYvcG94KZ/vehQ53XsxUBqHnQLgOzHTpp3fPeu50dO6xRVAD10ayTBWYR3LAnR0MH6kyTL77TlR2E6sehRDwqrlWEBERVYwXSgghxqseua47FYO/JTHGvI8okjY0/NrGNFKzlN+mj7yMzr/6+IKCx4l0z0XLd76M9i98quh1IedDBj7c4RuQIhzfZlhJiMAr+bnmohsmrAmBp/DcSVOxS+lkHjiXDyAlX5xS+bHykai8Jla6KKV4305EtMSMvfk0hhWQNBc+PY+xak+5JoqTlRkDv7YxPWW77rlo/8Kn0PKdL0MvYXCWuNCHjs/9ORqf+0HJjhu6DtyRQeimBd24WXhuJJIQvgclKr8YqZlqgKYb498Hbvka4BzNahBhOPeORItgahpY90hUfhObDTB8JCJaWiaGjwweqRgMH2OMT+OIJltheni48+b3jc/9AJ1/9XEkLvSV7ZyNzz2FjhJUQYaODT8/AiORnLKmYhRGGhBh5TtCa7o+qfpRBgHCMnXgPpwDPJZ0U5mx6pGossbWfSQioqWD9/00X3yKHmNxWfORKA58z4MUAvc3uOjd9wN0/48/QuNzT5W02nEmRv8V9HzxU9hy7LkFXT90bfh2FlamEcnmtmn30RNJyKDy4SMAmOkG6ObNtRgD14aSpa/CHA6Ao1m+rULlxfUeiSqHVS9EREsT7/9pvthwJsZYIER0UxAEOPPyUfzwM19GaLsVf+ckdFwMf+tb2HauD8df/66iO2KHngMASLf3zNrN2ko3wMsOQXgujAp1257ITGXg50cAAEoIhI4Nq6Gp5OcZDkp+SKJxuqax8pGIiIiIKGb4FD3GuOYjUUQKgevnLuG7//NJeHb5Kx1nM3j4KHq/9CkYI0NF7W8m0zBTmVmDRwDQdAOp1k4EbgGha5diqPNiptIwJnS6DpwClCj9+oytCT7sUPnM0pOKiIiIiIiqhK8CY4q5I9FNSins+6enqj2Mcf6VK+j+uz8vOoAslgwDpFo6IDwXgZ0v6bGLYaYbJn0v/NJ34G5JGnPvRLRADB+JiIiIiOKH4WNMVb7nLVF8CSFw+WT5msoshHJd9H7zyZKtOekXsgjsPJQUSDS1Qvju+JTtSjESyUlrP5YjfOxI8mGHysfUmT4SEREREcUNXwXGFKdcE93Uf+5y1adbT8e7cgXbjj2LxeQdMgxg37gKTdOQaGyGphtRB+pME4JCHkpU9q0IM5ke/1oEfkkbz6xt1NGZ4sMOlYehaTCZPRIRERERxQ5fBcYUm80Q3eTmKz8FuVi5557Dry4PsKVl/v27QtdG4BSQau2AlWmCpt+ckmwkkjCTqYpPvzaSKWDC+pQlq34UIR7o5EMOlQ+nXBMRERERxRNfCcaUZPhIBCBa7/Fa38VqD2NGnu3CO3IEv7E5g8dXF9mlWil42UFohoFkU+ukqc4TmakMhO9CBn4JRzw7TdcnT70uwbRy7+I5XPn0f0fu8IFFH4toJuxyTUREREQUT3yqHlOsfCSKBL6P3MBwtYcxq4vHTgMAHlqWwEe3Nsy6rwx8iMBHsrkdhpWcdV/NMGAkUgj9yk45nxg+ygVOu/avXUZu/7Pof/KvcfkT/wneudM4dOB4qYZINImGaNo1ERFRXNy5rhVv2NqJTILN9oiI5j9PkCpCB6DzhRQtcVJKCN+LXbOZW+UHhmCO/r1uaTbxkc0N+IsThWn31a3EvI5tpjNwhweQyDRNmg5dTrox4aGhyPVn/SsX4Z3vg3uhD96FPgTXr908nm7ANBO4cPYSNCFgmHzoodLjtGsiIirW7z+2EW/f04Njl/P46GcPwfZLu8b2o7u68e/fugHphIGvvXQVf/rNUyU9PhFRreErwBhSAKBFlRwaorxh8tfaNNuI6k8+72Dg1FncOH+l2kOZ1cCFK2i0bv4V3tVp4uyIhu9eXXwJ81gVoggDGPMMLhdKM26+Q2+mMtPu41+5CPfsKXgXzkZh48D1KfvougHDsKDrUZH92TMX0WBpMNkVhIiIiKpMA9DVlMC2lU3Y31faWTa2L1DwBJQChu2gpMcmIqpFDB/jSAHhrIs+znzZpGCSASbVMMdxIITA95/8ZrWHMif3lk7cQghsmD6zqwnCdca/Hut+7V+5CPfMyaiy8XwfwuHBSdfRNA2apkPXdWiaMR443iqbzaO9vbV8gyciIiIqkW0rGrG2M4OzN2wcvTy1CeC2FY3obU/jlfNZ9GdvNun70fEB/Oj4QCWHSkQUawwfY2gxtVIK6uYsyVkPxACT4svzPARBgP3few79Ma96HOMWHKQaoqBO13V8/UrtLtwaeg6C/isILp1Hvr8f7oU+iOzUigBdN6AbBgzdQLF//dlsgeEjERERxdqO3ib82zevx/aVTdAQvXI6cimH//LdMzh8MYd1XRl87K0bsGdNCzQAfijRn/PR1ZTA5569iNdv7cBt3Q2wfYG/f+4SPvX0+fGp3q9eyKK9wUJve/S88cXTw/jYPx4r+dRvIqI4YfgYQ9WOLBhgUjVJKeG6Lg79+GU8VQNVj2PGgkcAGPCBC84sO8dY/thBXPn8pyALeZhmAroeTcG+WdV48/NCZLNTqwaIiIiI4uTDD6/B9pVNGLEDvHI+i92rm7FjZRN+8w1r8FufO4z339+L3atb4PgCr5zP4rbuDHrbUnADibwbou+6g5VtKWQSBvasaR4/rgbg9lXNEFLBDyWSpo6dq5rw6O3d+NK+2njDnYhoIdjtOoaqHT6WgoKCVApCKYRSIZAKvlTwhIIrFByhYIcKhVAiH0jkAolsIDHiSwz70eesr5ANFHKBQj5UKITRdZzRY3giOmYggVBFHcKlqo/bbykLwxD9F67iB/9QO8GjvKUpSyGs3d/Cwae+CVnIQ9N0WFYSppVEIpFGIpGCaSZgGOaCg0cAECHf1SciIqL4emBTOzYta4CUCt862I9//4Vj+NbBfgipcFt3A955xzLsWtUMXQMOnBvB7z15BN94pR+BiF7/jNgh/q8vHcfVYW/a41/Levg3/3AUf/DVk8g6ISxDR0djZdb1JiKqFlY+xlCRzWXrmkIUYGIRFZhRJaU2XlU5bROf8W2swIwLpRS+8l//bso6inGWTCcnfb+20Zhhz4XRdB2QsqTHnI5/9RKCi+dhWSmYpgXTLP0TYcMo7W1DREREVEpNKRNJS4dUgBtEz78GCwFCqZC0dCxvTSFlRW/EDuTn30zG9gSePz2EO9e1wgsl0gk+NyKi+sfwMZaYPpaCQhRkTdow695TMcCsvPPHzmDkxlC1hzEvPWtWTNm2pkHHuUJpAkPNMCClQLmfmuZffn58mvXYZyIiIiK6ydD5DJ+IaL4YPsYQo8f4KEeAOTGUZIA5Da32fuJl63qnbHukR8d//sRXYHV0werogtnZDbN5/o1WZOADSkE3yn93XTh6EMDY+o7lCR8bm2q4DTgRERHVvZwbwgui9RjHKhzbGyyYugYvkBhxAoQieoO5o9ECADCPJCKaHcPHGOK06/pSzgBz7GugfgJMVYN/ABt2bJyyzT95BCPPfG/SNquzG1bXMlhdPbA6uucMJYNCDkpKpFo7yzLuiQqHDyAcvAGgfFOjW1qasH79qrIcm4iIiGi+Ohot/NkTW8e/D4TCP/z0Es4NONi9uhlv3tmF7uYk9q5phqFrOHPdxmd/chG7VzdjeWsKd61rxT/+1h3obk7AMjQEC1zamuElEdU7ho8xVHvRC5VbJQLMSUFmFQPMletXQSoFvQoVkFJKCCmgABi6DqOI6j8hBTbv2T5l+4njfTDNBJSSUEpBKYngRj+CG/3Ascn7Go1NsDp7bgaTXcuAMIBz7TKSK3qR2LKrRD/hzOwjr4x/Xa6qx917ts69ExEREVGZXR3x4I12m85MWHNxxAkxkPfxlz88h3/36Aas68rgke2dUADOXLfxlz88BwD44otX0NuexuqONNZ0ppF3Q0gFhELBC4tbdsf2QnihhGloWN2RLsePSUQUGwwfY4jhI5VD1QPMCZfNpqG5EYl0AqE7/wW8F0oqBT/wEcoQnW0tSCVM9A+NIPBDJK0EtFkG3rWiC6mGqU8Yz5+7DGPaqdJqNIxUkFJCKQlZyMPN5+CePTVpzyDw0P7I29FY5vBR5LLjU6513VhUN+vZbN22vizHJSIiIpqPTz19Hp96+vys+zzxiZdx57pWdDcl0J/zsb9vePyy504N4bk/fwn3b2yHF0rcsbYF77+/F14oMeKEAID3fuLlScf7j19/Df/x66+Nf3/0ch4f+dtDWN6SxMEL2RL+dERE8cPwMY6YPlJMVSrA7F69ApdPnitqTFJKKKiiqhRnur7tu7h3zxa84Z5daEynYZomXN/Dt5/ehxcOnkQmOfO70ctX9ky7/eqV6zNcQ4t+fm1qheFYhaRSMrr1NMC/WNztsBiFQy9DBT6A8jaa2bKF4SMRERHVjomB40SP7enByrYU9vWNQCmFu9e3wjI0DOT9Ga8znf6sh/6sV6rhEhHFFsPHGGL2SPWsmABz5ZbbZg0fAxEiFCGEvLmwjqbpSJoJmPNYrzAQIaBJ/KtfeBO2b1gzKcBMWhbe/aYH0N7ahO/9+BUkrcS0x2jvap+yLQxDDA/nix7HzZ9Bg6YZwGhfa13TEVwof/hoHxtrNKOVLXxcsaIbW7YyfCQiIqLa98j2LtyzoRUffODmWtY5N8TXXr5axVEREcUXw8cYYvhIS13PLE1J/DBAMmli76b12NC7DKtXdKEhncahU2fxrR/ug+N4c06VBqLgsakxhV94889g67rV0+5jmSbe+Lo9uHxtEMdOXZo22AxvOY8QArZtw3HcIn7S2QkRovHOBxZ9nNl4F8/COX0CwNiU6/Kstblj56ayHJeIiIio0j75g7M4erkDG3sa0Npg4bWrBXzv8HW8dHak2kMjIoolho8xVIPNfolKKtPUMONl63q78avveCPSqdSkpjSv27kVO29bi289/SKeO3AcKSs5bViolIIfBmhpzuDD730zetqnVi5OZOgG3vvoQ/h/P/MVFPIedH3yeoiBpiMXqNGGPAqObeMf//6bkHJxf8hChDA7u9Hx9vcs6jhzKbz60vjXul6+h4RdtzN8JCIiovpw9HIeRy/Pf5YLEdFSVZ6uArQozB5pyZvlj+ANr7sdDen0lG7YuqahKZPBux75GXzo3Y/ASuhwfBeBCCGVgpACfhjA9l2sWtGJj/7i2+YMHsdkkkm8++fuh24CQRg1wpFKwQ08rNqzFa7vIVQKrh/gRz98Ed/42g8W/KOPkVKgYefeRR9n1nM4NvKj4aOuG1OC1VJi5SMREREREdHSxMrHGGL4SEudEGLGy7J5Z9brWqaJ2zdtwNqVy/CdZ/bh0MlzyBVsWJaJno4W3H37Ztx7+zYkLWteY9q6bjV+91fejs997SlcvDYAANixcTW2pFMYcV0YugEhBL745DfmddyZSCWRWrexJMeaSf7V/RDZaFF0fR5rZc7Xtu0bsGxZZ9mOT0RERERERPHF8DGGOO2alrrlG9bMeNlPDxzHPbs2z3mMloYG/MLPPYC3P3wPHN9H0rJgmSYSljWlarJYyzo68Nu//BhOn7+CdCqJVcu6kBwcgteQhqPr+N43n0Z2AY1mpqOhPGsvTlQ4uD86l6bDKOOU651F/H8RERERERFRfWL4GEOKtY+0xGWaGxEKMe2ajf0DI7gxnEVna/OcxzF0Aw3pNBrS6dKNLZnCzo3rJm1rv3wV/akUfvLD50tyDqUUlJIw2zpKcrzpOK8dg3v2FIDyVj0CwKbtm+CIaF1MDYCmjX5G9MWt24mIiIiIiKh+MHyMIQ2cek1LWxD4aF3Rify1oSmXSaXgeF4VRjWZUmq8M7QuJDouXEL/6HTsxZIyRGrdxrKGj4VX949/bejlCx+bmhuxcdtt8MR092pTt0UhpDZtIKlNE1QywCQiIiIiIoo3NpwholiRQsB1HKx98H4IOXXtxyAM0NnWUoWRTabdMnXbcj387pvvL8mxhRRouqs0x5pOMHgd+dHwUTdMaFr5Hgq27tiIRDJR9P4KUcAslEKoFAKp4I9+eELBFQqOULBDhUKokA8l8oFELpDIBhIjfvSRDRRygUI+iPazRz+c0WN4IjpmIBUCCYQKEAqQim/+EBERERERlRIrH2OJtY+0NAkh4NgFXHWBn6zYDaPlx2gYGRrvwhyEAfZuX4d0ovgwqxykUtOuG/nI7Zvw6rkrGEhm8KHf/gC+9oVv4l++9dS8jh2KAK2vfwsad99dquFOUTj4ElQQde0uZ9UjAGzdWfn1HhWiytRJG+a8xmTTVWACt1ZdTqy01GbYTkREREREtLQxfIwhTWPTGVp6lFJw7AKGfOAzFzS4VhrGY++D9vefQCIMIKVE2NGBNzxQvlCu2HHO1rDmAx96L0Za2wEAP//et+FG/w0c2Hew6ONLIcre5XpsyrWm69DLHT7uKO/PUi6VDjCj7QwwiYiIiIio/jB8JCohDYCpazDqIDEQCghkZVJwpRTsQgFOqPC/LmlwR2dbi+Wr4PzyRyG+9xWo7l44b34Hvggbv6MuVS2UUVAzdqIebO8aDx7H/Kvf+VX81z/9n3jt2Kk5jy1EiNTGrUit31SSsU6n8Op++NcuA0BZO1wDQO/qFVi7flVZzxFn5Qgwp1vfctYAc8JlRERERERE1cDwMYb4OrE2mZqGjKlBr6P/wEAChbC8AaRSCrZdgB1IfOaChqvu5MvF8lVwPvCvAUR/G6+gEX+LZfigulrWcU0nCENY5sx3m94MXbV/7//4LXzuL5/EC8/un/ZyYDSkymTQ8fb3LHqcs8m/+hKAKNAqe9XjztqseoyTuASYY9chIppobP1jTdOQMDX4ZX7OQERE1ZcwtUn3/0TFYPhIVAIagAZrpnq42mXpGhpNDflQlu0cvudBCoGvXp0aPM7kx1oLOhHg7ao03aWL4fo+UrOsNRmaFtxUZsbL3//hX4JtOzh04Mj01w99tNz1BlgdXYse60y8i+dgH42mgBuGVfYnC9t2VH69R5qqkgHmze3ajJcRUX3RtOhF6J7eDF44W6j2cIiIqMz29GbG7/uJisXwkagELL3+gscxpg7omgZZhoVIlVIIwwD/64LC8cL8bsGvap1IQOHn1GDJx3Urx/OQnKPJzUhrO6Q+e9fo+x++d8bwsRKy2QgOWQAAIABJREFULzwDADAME4ZR3rv/js427LlrZ1nPQZVT6gATmL5xz+TLtNGlLBY1dCIqE03ToJQaraTX8b47O3Dggg1fsPqRiKheJQwN77uzA7quT6p+VGxaQXPgU/oYqtcQq57V01Tr6ZTjjkIKAbtQwD+eLqAwmMUe9zp6wvlVTHxB68KfaauQLeP7KLbrIplIzNpkxkumpqz1OJ2de7bjztftmbJdKQmlFKzu5Ysa62yc0yeQf+mn0DQNhmGV7Txj7r5/L1LpZNnPQ7VDIeoUL0Y/QqkQSAVfKnhCwRUKzuiHHUafGTwSxdPEapex8HHriib8yduX447eJBL1sPg1ERGNSxga7uhN4k/evhxbVzRNCh8BTr+mubHyMY40FFFVQnFSob4sVVPqSddSCNh2AQhDPGz3Y5tmR7/3EhgqCHxfa8Oz6WXwtLnvoo5qGfyf2jp8UF3FHSpXsjH6QQDH89DU0DBr8BhYCVzvWQFV5APuBz/6fnQv78a3v/rP49vC0EfHY+9Fw869ix73TLI//REAwDDLP90aAO6+r3w/Cy0N6fIuSUpEizRW9Ri9qWXAsixs723B73cmEQQBwjCEEILVMET0/7N35/Fx1ve96D+/Z5td+2LJm2TZlvHGEpvNkGBSCgkJJC/CaTlJTm+atkm6HHKaU3L7um3uyXLuuWlOF3JvSNM2NyctaZLSFgIkQAgYs5hgHNt4wRbGljftki1p9plnuX+MZjySZkazb/q8Xy+hmWee5SfLHvF89P39vlTD4u/xiqJAVVXY7XaoqgpZlhM/A+I/D4gyYfhYhfjPtvbEukLX53fOsFDUKdemYcDv90MYOppPn0e7MX+hx2ZVxv2YxW7fJB5VV2PA3rrkOQOQ8C3RjR4RwvusadxoeWHLMzI1TBPeQACqLKPR7c68r6xgtHs1IlpuFX53f/QuGLqB5576BQxTh9LWCc8Nt+Y13mz4jx9C4O23YtOtS9zhGgA2bdmAq7ay2QzlTxYCar2XlBPVgeTwUZlryCZJEqLRKEzThGnGfhYzgCQiqj3xQFGSJEiSBFVVoaoqFEVZFD4SLYXhI1ERWABChgV7nU0zMi0gUMTOlbGKxwCUYBANF0eghNJ3mGmzafi98Dn8HZBVAAkAZ2HHWbECe51deLA9BNfUJGR/AMJMH0RakoSox42g3QZ9bAxaKISGJaodAcCUJFxc0wtdyW8K8z33341QKIwXnn0R9r7SNmaZfX1v2aZbA8ANu1j1SIVx1Nl7KVE9WljtoqoqJEmCLMvQNA2GYQBg8EhEVMvi7/GyLCfe41n1SPlg+FiF+E+3NoUMCxETUMVcAxqxsHlCbbCAubXYgPN+A6ucMpSkHyiGBVh5rAtgzK3xqASDaD5zHmLupiQTp82O3/QP4v+2NWY1BRsAtjYreGCdA5bsgW9FrHO0HAhCCochRSIQugFTU2HabTBtNoQFEAwEAQgYDa3oungOUjCY8RqWEDjXu3HJBjOZhEMhbPvAHRjt7IG37+q8z7MU74F9CJ15B4qqleV/DOwOG65n+EgFUCTBtR6JasTCG8/4zallWYkPIiKqbfGgceFH/DWibDB8JCoi07IQtoDwgkUg3YpUMzfTArHwVJWATY2p3yL8enyqeXYsy0I4FMwpeIzrcDpwm/ccnmvoW3LfnW0qHljnWLTdcDpgOBdvNw0DIb8PpinBMGPfoKmOFVh5bjDtNaKqhvM967Mef2oWgsEATgW0kgaPlqFj9vU9ZZtuDQA33boTrW3NZbkW1SdWPRLVlngAGQ8dgcXVjgwhiYhqz8JgcWF3awaPlAuGj0QlVkvBY7ZcikDIiFV7ZiMUDMKMRNB8YSSn4BEAJCFwg34Zzy2x30fW2PHeFVpO57YsC4ZxJXgEgJDmwExTCxqnLy3af6apBZPtK3K6RirhUBjjIQPnjdzGm6vZ119CdHQEqlq+rtPve/9NZbsW1R9NEmD2SFR7ktf8Sq6ISd5GRES1Kfk9PF7Vzvd1ylWdRSL1gf+O64dWx9MH7bLIaip5JBKBEQ6h+cz5jGs8ZtKoSlgbmUn7+gPrHDkHjwBgWZgXPMZdbm2HKc9vtTu+YmVRgkcACEfCOG/YMGOWrp2v4fNi5pUXICtK2f7nYMeN12ATG81QAept3Vyi5SQ5dCQiovrE93rKFysfiUpIrdPgMU4SAkaGqVSmaSIcDMIzPAYlmF/wCACKJKNd9+Oc1jhvu10W+IOrnFjpzC/Ei0SjKbcbkgy/yw3P7AyiqobJji4EnK68rrFQNBpFMBzGeb2hKOdLZ/b1l4CAH7JS2urKZO/7tZvLdi2qPzZZgA2uieoLb1CJiIgIYPhYlfi/afUjh2UR61IkHIbN64XjcvqqxWwoioIheX5Y12yT8NsbHHkHjwBg6AbS/YvzNzRC1nVMtXUiYrPnfY2FwuEQTkc0jBil6zwdnRzDzMvPQy1Td2sA2LRlA3bedE3Zrkf1RUCw6pGIiIiIqE4xfCQqId0CyrfaXnmZVqzBTjqGriMaDKL9wkjB15qWNIwo7sTzbqeMP7jKWVBjCtM0YRgW0oWPIbsDoRUrYcjFe5s0TQORcBjndGfRzpnK7OsvQZHkslacvO/XuNYj5c8m8xdvRERERET1qs4nhdYmTjurH1HTQqQOyx8tAEHDQqavLBqNomFkLOcGM6l812iBay5o3NqsFBw8ArGqTCtD3GEIuajBIwCEQmFcDAuc10s3FTp84Sz8+1+DJJVuPcmFVFXFe24oXdduqm+yYNUjEREREVE9Y+VjFZKEADLGOlRLTnsNNKoC7Xa55teAtCwgYlqImMi41iMAmP4A7AVOtwaAk4aCY/4o1rcIbHYqeGCdo+BzWpaFSESHmaLZTClFwiEM6jboJazxmt23B3IZp1sDwFXbNqCh0VPWa1L90Gr8fZGIiIiIiDJj+FiFylevRMXiUiTIInXValON3VnrJhBKqmq0EAsdgcyVjskMXYdjcqoo42m/bjM+7TUwEYrig+vcSx+QhUgkAsMsyqmyFg6HcCms47xRnK8hleCptxF++0hZqx4BsOqR8qYIARurHomIiIiI6hrDxyokRGztK9Y+1oZaCxeXokiAWxKYjuSfzpmmCcest+Cx6N0r4PQ4sbOIRXWWZSEcCsM0yxvQhUNhDOo2zJbwut5XXyx78AgAm7dtLPs1qT7Y+Ns2IiIiIqK6V1+pSR2RytgogvLnUur3++RS8n97EP4A5Ei0oOtbsgx9zaqCzpFKNBKBaZb3+6brUYTnplyXiv/IrxA9N1iy82fSvWpFRa5LtU2VBFQuckxEREREVPdY+VilJAEYLH2sekodh8SFzISUitBkRl+7CpaS+1uUaZqwTBO6oQMALNOEaZoABHQ9ts20yl31GMKZqIYxo3RrMfpefaGs3a3j2jtbIcssX6PcCIBNZoiIiIiIlgmGj1VKFkBhdWNUFnV871zIl6b6/AVd23Q5oXd3ZdzH0HVYsGAYJkzDgGnGPs8buIV5z2XDBHQT0SJ3sc7ENE2EwmEM6s6SXcO3/1UYE+MlO38mHZ1tFbku1Ta7LAr6BQcREREREdUOho9VijPRaoNhAfU687qg2kVPYU1VZjrbEZ2ZSWSH2XyWDRNaOAzZMKCGw5AME2ooDAFADYcgzXWYubi6t6xdncLhEEYjwFldK8n5rUgY3pd/UZJzZ6OxuaFi16bapEpsMkNEREREtJwwfKxSElvO1ISgbsGj1udNdEjP/++fZc9ubUMhxKKgPex0QpIEbMFgxmMlw4AaCsMeCMLmD2R1PZ+7AWG7I6t9iyUcCuFcWIFRojJZ7769sPy+kpw7G41NDB8pe5xuTURERES0/DB8rFJ1vJRgXTEsC74o4FQWh2i1yrCAgG7BsPIPH02XC6ZNgxSOzNsuRKyZUvwjFSUUguvshbyvnYm3oSmn/YOBAAzDgKzIUFUVipL7mo0tDiceGBrADl3FKcmBAa0ZI2px2ncbs9Pwvfx8Uc6Vr+aWxopen2oLp1sTERERES0/DB+rlCTA2scaoVsWvFELkhA1vwSkBcC0rIL/3lmWhXBLMxwjYwAAWQhIUvrAsRxMSUbQmdu6iw6nE4GAH97ZGQCAJMmwOxxwOl2QpKW7gct6FF1n3wVkCdfJBq6FD+HwJZwM2nBMbsCArRmTSv5rQXpf3QMUEBIXQ2NTcYJUqn+cbk1EREREtDwxfKxSArEKsUKqz6h8LIDfqyShUBBWgwfu0XHIklQVlbwhhxOWWDowXCgWNMqYnZmGaRoI+H0Ih0JobWvPeJxkGmi9eG5eOCgA2DUN18DCdmsaocAYDlkO7Ld14B17a07jEpcmEHjztZy/nmJrbm2u9BCoBnC6NRERERHR8pX7nTiVTb1M46XlR0R1tI6OQZGrI3gEgKAj/wpDu92O1rZ22Gx2ALG1KpfScvE8tAzrVkpCwGm3Y5fDwmci5/CJmRPYGJrKekz/myuIvhW5BZalsKKro9JDoBrA6dZERERERMsXw8cqxvCRalXz+GTWTWDKJeAsrAO3LMtobGpGe8cKtLS2Zdy3ZegC7Dk0gXHa7bjZbuJ3w4O4e/Y0PEYk4/4brQBuVYP4+ic/VNEAUlFkdKzI/GdBxOnWRERERETLG8PHKsZvDtWqbCoDy0lXVERs2XXgXspSX1vj+Aics9N5ndftcOIuNYDPeE9gS3Ai7b4fQaxC0m3XKhpAdq3srMh1qbYweCQiIiIiWt6Yb1WxKstviLIWXLsGekP1NCKJaMUJHpfivjwFz9RkQedQZBl9ThUfD5zBewIji17fYXmxybpSVeq2a/jS/XfAbdcKum4+uletKPs1qbbYZQGFP8uIiIiIiJY1NpypYrHOwGxiQrXHUmT4Nm+CNjEJ29AI5FAou+NkGaFVK2G4Mq/PKIXDcx8RyP4A5EDmKd6mLGc99nzZfV40jQ4X7XzNHg/u856HbNewX7pS2XivtXhdyM4mD770H34dD/3j00W7fja6VzN8pPQUSbDJDBERERERMXysZixLpVoXaW9DpL0NztffhGxZECIeql9hyTL0Bg+iLc2INjfDUrIJCudXVcr+ALSJSaiXL0MKL14v0ZBKGz7K0ShaRi4W/bwetxvXNZgYnZjCeUcrbremsRLhlPtuX9uF7Wu7cOTc4mrJUlm1urts16Law+CRiIiIiIgAho9VTRJAoxaLIK25Ash4HaQ19x8L1pVtafdJvW3evpbFGksqmWhrM6zx+dORo+vWQu/uKsr5DZcTQdcaBHvWQOjGokpIX1gvynXSaR65CEkv/jVCre1o8nnxYT2Eb6EV91qZp3TfcfXGsoaPrHykdDjdmoiIiIiI4hg+Vrn4vVvK9R9F8h7FudLSgWXqsDNtAJp2H4ady4nR2QElKXw0WpuLFjwuZCnyovUmjRk/UKL8sWFiLKfO1rmQBbDRjCKsmbjXmoQHRsb9b+rvAbC3JGNJhWs+Uioqp1sTEREREVESho80TzzPXHTbKBY9KMaVYqEkqzrrntnYALOxAdLMLEyXE9ENfWW9vpBKs36qLeBHw+R40c8LAJaioGnmcuw6qppyrceF3HatbFOve9aths1W/iY3VN0kIeBg8EhEREREREkYPlJFCZS5qhMpqjHTVHUuDjHTP2dV59IiV22ENDMLo7Wl/Bcv0TekZehCaU4MQLPMvFreb+/pLkv4uOXqTSW/BtUehywgMXskIiIiIqIkDB9p2Ug7hZ1VnWVhKUplgscSaZgYg6xHS3JuIcSixjzVZsv2/koPgaqMQxZQ2SmNiIiIiIgWYPhIVCK1XtWZep/aCTvnEcWddq2GgiWbbg0AcpUHjwCwvn9dpYdAVUSTBGycbk1ERERERCkwfCSqA5Wo6kxfnVl9VZ2yJAEwi3Q2oHFirGjnSkUuYN7q2LS3iCNJbcOmXjQ0ukt+HaoNihBwsLU1ERERERGlwfCRiHKWuTFR6as648+zreqMygLBIoxIMg20jI3C7itdwFdI8OgPR/D6wNkijia1TVs2lPwaVBsEAIciivavnoiI8mAG4J01YGvwQOPyF0REVIUYPhJRVStGVaehCMwWMAbJNNAyNQHP7Az0SKSkU89lkd9dgz8cwUP/+DR8oUiRR7TYBk65pjlORYCzrYkobvjlw/jJ0MKtDtz7QD+6KzGglKZx9KmzeNUXfy6w8qpu3HNNeyUHVZjRQXzp7y9j40dvwee2TuPsgSG8dtSPZy8B2ze14rfv7kMrQ0kiIqogho9EVPdEAWsoSqaB7ovnYAuHYJilXfNSEiLnBtdnxqbw+BvH8Pxb75RmUCms7+8t27WoetllAZWtrYkoydQ5H753Fui3X0m6uld4YCvrKKax59vH8EX3Suz/ZKqfV1EMnvHhe7odn+pWAD2Mx54awKNHfXj0k73QyjrW4oroAM5fxF88H0DvOg03axHsOTiCN30SHn2gtr82IiKqbQwfa4BpXVmtLm3/klTbUrzA20Si7CUHjwBgmMVbNzKVbKdcHz03gn0DZ7Fv4FxZ1nhMdtv7b0JnR0tddGCn/KmSgJ0lj0SUSkMz/ubBLWit2ACi8GYzCaCjFZ97IBZOfuKF/Xj/qxPYM96LOztKO7qS69mKR/6P+BMdO7//S/z++VkMA+ip4LCIiGh5Y/hYAyQBBHQLulmaW/rFt4+pq6/S3WaKFE9yCkkXvJjtsSnXHFy0r8hpjBmvL5bej+pLx9hwIng0SxyqSUJASlP2eGZsCkfOjeDI2REcOTdclqnV6dx11y64MjYXufJaIY2J6r4Dew2ThYCTDWaIKEeRd47hq49N4zkdgCThnlv68Ge7OwFM4blvD+DVjWvxiekL+P1jOu65+0Y8uGkMj31/EN+YBCAp+Ph6DQeGNXz1C1vRY07htR+cwpfO6PAC8DR58Minr0a/ewJPPjyAr00DmB7C9V8ewsc/fAsevC7z2DzNGgAfTl4Edpw5jL95PYB9s2bs3G3N+O6nt6DHDuDiAL72wwk8GYgd19Pdjm//bj9aU27vxpG/fwsPN63FE/evBsxBPPzfh/CDhmY88+AWtM5VaH67Yy3+5b4uTO07hode8OGoGft6H/zoFnx8qwcYP4E//64Xt9zXiclnLuDhaSce+fPrsGP4yjVb3RJsSBEumlMYngbQYK9gGExERMTwsWYoAtBLdO7FN+5W4sa/CCersPIOKGWQm/qFpYPTEgW5KbfnEOQu2p7jOBPbqzzMtYVDcCU1ljFKFP4DseBRlWNT1CI2O8I2O06PTOL7P/oJ3jo7DE2zl+zaubjhxqtxzTWbst6/ZhoTLXiesqpzQWC6nLHBDBFlFAnjwP7Tc2GXgu7ta9GtXcAPHp/GwJouvPDxtcCBI/jkM4N4rLcT9/e0or8b+PNXBzHQ3YSvfMCD3q3AwE/O4Rs+Nx55cDO2+wbx8D9NYKC7ET0AvHsH8cWzEh76retxT/cUHvv2aXz6sdN48VNrcden1iL83XP4RlMnXvhoO2zOpYfsvRwBoGHTKsAz6cDOXe34/EYXtMmL+NIPLuPhV6bw13fI2PPUBJ5sascLX+iHJzCGgYtKLERMud2D3g4Jw2diVYfdZ/04YJfQPx3EyRCwS5vCkXFg184uYPI0/uYFHxqu68P+u1sx/NRBfOTxU+hffx12dDRguzKFP//hEO65rhOPrG3AdlzA934wgSMdnXjio+3AkXfx+3tC87+o0dP43o9H8O1ZDX/2qT54iv19JiIiygHDxxohC4EqTPZogZRBbuoX8jlZhVU+yAVSNJ5Jue/8bUEj97G7FnS0NvNO5DMLexrga21DVNGgq2pi+8v7DuPw4MWC1qsstg/e/d5KDyGtYjQmyv4qS1V1xh6krOBMtS3pebVXdToVARY9ElFGoQAe3RsPwjT8ds9adI9O4bshBQ/t7oNHAnB9O+594RyefGsI9/eshEeTANjx0Ke3YocEAIP49jsmdlzXhR1NGtDUgn7nBCBJAKaw71gIkTVduKdHA9CFu7YP4RsvX8aboT7sarDDJgFQFHiamtKPc3wK3/7hDKBHsO9sBD3rVmJ3B6B19OMeMwDvbARoa8TNDdPYp5sA5Nhxl7zYc3IKd23qRP8mAJhOsx3o6XVCOxzEwDTgORfCQEcD/uTSLIaHASCIA7Djt9crmHpzBs+ZTjzygS4AQPetzbjz4AT2HAxgx80abBqAjk782Yf7Yic+chjfDUl48H0b0N0EYL0DvcnhY+Q0vvGdERzpbsY//VY/+pt4y0dERJXFn0Q1QpFi1VGlCkCIqk2qIBdAXlW5+VQtzjY0oXF6CpJp5l8JvITpFd3wNaeeCDV8caQ0F83T5m0bseU92+HTY38YOS9bkOLFrKt601xsySUWkjYUuzI3c1VnprPnYn7YmT7ITD2FPe22PNfqtMkCGhvMENFSUq35eBGIAECiD40drU5gYDZ5GREpFhrOiZiATUrVotlE2MRcEBnjaVQAhDB1Cci5rbZiw/0f7k10u44cewuff9yLAUVCtwJMhoBYltiE3fd14XM/HsFfPHYCX0tMjU633QNsdOFejOHkeaBtNIRd3WvRi2n85Nw0btcDGGhwob8JgG7O//qbNLQBODvjT/rjSfqz0IEIJNjSTYzQJGhQcP/dW2LnJyIiqjCGjzVCAJBFrPkMEZWerqq4sKYPLr8XWjAA2/Tlop5/Yu06hJ2utK8PXxgGEAuFqoHDaYeePF+56pRvYOVaJzfd9lzWyk0ZpKa6l8eVqdTxeNmyYofG/2SVlMcREWVBQazTcqJvWwThCNDfkLn/cjhlo7e5kC7ptUhIB6CgtSWHMSU1nLliCnv2eDG8fjVeeGAtgNgaknsSx/ThU3/Uh09duoAnf3wBX0tMjU6z3d6E/qYxPHvhNFaOSth+dTt6MYg9o5dxbySC7lVd6AYwpUi4EqoCCOmIAOhudAHwI3dtuP9eBbYVeRxKRERUAryVqCGc6kZUXrqqYqapBT53Q9HOGWhsxlD/lozBo2maGLo4nHheDQGk0+mo9BCqhrXow4JpLf4w0nzoyR9m7COa5iOS4iMc/zCufITSfARTfAT01B/+uY/YcxNBw0TAMBExLShS7BdgRER52ejBvZKOn7wxFHt+bBKPBSTc3teZ5oBmbO8GDpwcxdHpALxvj2HPbPy1VmzrUYDzl/HatA6YU9jzVghoc2F7ciWgniq4zFJERwQ6vCdj152MRAAEcPbIhVgn7ZYu7FqvAKYJbyjddgBoR3+3hAPDl3FkVsPGdUDrShvaRqfw7Diwuy82zbp1gxPbEMCefdMAdEy9NoOfQMP2jWkWrFznwJ3QsedXI4AZwNlDfrwJAObcCvE+HwZHZjE8WaoV44mIiHLDyscaokgCyGPtOqLlrtB1E01ZLso4LnWvQqCxecn9RodHYRoF3DSVgMPF8HE5ine2ZvBIRAWx9+HBj/rw+ccHcf2xQQDAjq2r8fGt6W5FmrD7A63Y/b0pfPrhg9CcGnYmBYvdd/fi66On8cWHf4kIAM1px9cf2DDXVKUZ/askaMdGcP2Xx/DgAzfj4xuzHWgrdu9y47tPjeCWL4/A0+TBQ9s1fPXsNIYh4cjec/iLx88lppDfefMG7G6awZP/lGp77Iz9W1zoecyLJxua8dt2AOvc2OUbwWOmHV9fN/f192zCV997GF/ccwzXv4BYN/D39uHOtnR/PH343M0z+OS+07j+INDf3YTPdUfw7IUxYMdK4J0x/Jf9PuxSZvDXd7DPNRERVZ6wqqGkhrLmjcYqZ4goe5FIFF5vZOkd05AMA93vvJ338f6mZsx0rIApZ/f7noP7D+GRv/zbxHNNs0OknitbNh/9zQ/iNz75kYqOgcpLEgIuBo9EVWFsbAydnemqBGtIvJGL3Q2PPZufiRFEfIDmnsGTDw/g/+teiyfuX33lZd80vLoCT5O7uOMMeeGNyPA0zFUemjogKVdeCxmwOZugaQuOSbU9FxEfvAE9+3P4puGFEx63BkAHTGVuXpuOyGwIWkOR/1yIiGpE3fzcrCOsfKwxigQYRqVHQVRbilH5GPQ0wuGdyem4sNMFb2s7Qm5PTsfF13uMsywrbdOVcuG06+VFAAweiaj4JCc8TWmmEi8QOT+EyaZmdDdoiJwZw55pYNcNC6r43E3I7SdsluweeJKncEtK+teW2p4LzQ1PLsHlvK9fSVpQS2HwSEREVYXhY41RBBCu9CCIaoyiFD5t2tvWnnX4GHK54W9pRTDPtSKT13usFk5Ou15WXKrE4JGIKiiEgTcv4KG3BzE114Rl19bVePDG7IJLIiIiqi4MH2uMIgQErOptOEtUhQqtfASAiN2BqZVr0DxyEVLK7puAt6UNgcYmRO2FBXXDF0bmPa+G1TGcLt7wLRduVWKDMyKqMDu23Xcjnrmv0uMgIiKiYmD4WGOEiDWeiZqVDyOIaokQQKEZXrChEWGXG87ZaaihEIRlIappCLvciDiKE85ZloXhRZWPlf/37vak785N9cOtMHgkIiIiIqLiYvhYg1QJiFZXI1yiqidJAkYRusWbsgxfc+k6R44OjS6qdKyCwkeu+bgMuBUJSmX7GhERERERUR3ibUYNik29JqJcKDWSqqRe77Hy6SPXfKxvDB6JiIiIiKhUeKtRgyQBqBLjR6JcqGppCr11XS/q+RZ2ugaqZc1Hho/1yqUIBo9ERERERFQyvN2oUbxRJMqNqhbe8XqhYDAARVkeq1cwfKxPDkXwl1lERERERFRSjLBqlCoJSEXo4Eu0XEiSgFzEkMXv88FeYFfrbFW68vHzf/oZqKpa0TFQ8dllARuDRyIiIiIiKjGGjzVKAFB5z0iUE1UrTvXj7OwMHE4nRAl+ATA2Op5ia+XCx5vfuxM33vKeil2fSsMhC9hl/hAhIiIiIqLSY/hYwxRWrBDlpBjrPk5PX4bL5YYklebtc3xkcfhYycKYhpe+AAAgAElEQVTHG265rnIXp5JwKQI2Bo9ERERERFQmDB9rmCoBMqdeE2WtkHUfTdPEpalJuN0eyHLx148EgNf2vo7B02dTvFK59PHdgTMVn/ZNxeNRJa7xSEREREREZbU8OiXUMUUCDKPSoyCqDUIAQliwrNzCF13XcfnSFJqbW4reYMbn9eGN1/bj2KHjOHr4WNr9LMsqyTTvpbx18G187D+GYbPby35tKh5JCLgVAeaORERERERUbgwfa5wqCYQNViURZcMwDAAmgOwrF6ORCKanL6OpuQVKkZquRCIRaJoGAPj873yhKOcslfODQxg48S62X7u10kOhPMlCwMNFgomIiIiIqEI47brGKQJQOPWaKCt6NArLyv5tLxwOYXr6Epqamgvu9hwOhzA7M42Z6elE8AgAf/rVh7I6vpJTnw++caRi16bCqBKDRyIiIiIiqiyGj3VA5XeRKCuRiI5Yr/ilhYJBzExPo7GpBWpSWJgrn8+LifFR+LxeaJoNjU1N817v29iHb33/m1mcqXLh4+FfHZ+rGqVaokkCLoXBIxERERERVRZjqzqgyQISqx+JlmRkuURBIODH7OwMmppb5lUp5sNms6O5pQ2tbe2wOxyp97Hb8D+++bWCrlNKo8MT8M54Kz0MyoFdFnAyeCQiIiIioirA8LEOCAAav5NES7KyqHr0+33web1FCR4BQFXVrJrUtHe24/e/8Nm0r1e64/To8HhFr0/Zc8gCdpnBIxERERERVQdGVnVCZQtToixk/nfi83nh9/nQ3FKc4DFX111/LXbetKPs183G8PBYpYdASxCITbO2MXgkIiIiIqIqwvCxTsgitr4XEaWnqum7XHtnZxHw+9HS2gpVLX/wGPf+D+xO80plKx/HRyYren3KTBYCLlXwF1FERERERFR1GD7WEYaPRJnZbKk7Vs9MX0YwGEBrWzsUpbCu1oVa378eO258z6LtFZ51Dacr9XqVVHnxxjJc4pGIiIiIiKoRw8c6okicfk2UiWXO79hsmiampy/DAtDe0QFZTl8ZWU59G9el2FrZ9NHtdlX0+pRavLEM3/qJiIiIiKhaLd0FgWqKKgFRs9KjIKpOpnUlfDRNE7Mz01AUBW5PQwVHtVj/5o2VHsIiTrez0kOgJJIQcMj8hRMREREREVU/Vj7WGU0SkAVvRolSCYWiicd+vw92u6PqgkcAWNO7Bs2tzfO2VbrbtYvTrquGOjfNmsEjERERERHVAoaPdUjjd5VoET0ahWFcCfCcThfsjuoN1Kqp+nHnTddg27WbKz0MAmCTY8EjG1oTEREREVGtYExVhzRJQGL1I9E8kWgUyStNVMv6juls3n7VvOeVrHy852N3VezaFCMAOBUBB1NHIiIiIiKqMQwf65AQgI3fWaJ5dL3SI8jNxqsWVj5WJnxc0dWO9f29Fbk2xchCwKVK0DjNmoiIiIiIahAjqjplkwWUGq9+nI34Kj0Eooppa2/Fiu7OxPNKVT5OTU1jZnqmItemWCW7WxVQavvtnIiIiIiIljF2u65jmlx71V5D3hG8eOqvoOrHE9sU14fw6xv+Exo0dwVHRlR+m7ZswujwWOK5ZVkQefxSwbJMGGas07ckJAghZX2eaCSK1/a+gbs/cmfO16XCOGQBG6dZExERERFRjWPlYx3TpNrqhjrkHcFLJ/7zvOARAHT/0/jJkYcqNCqiyundsHC6c37Vj0JIUGQViqxCCAmmaSAcCSIaDcMwdJimmfHcb7x6MK/rUn4kIeBSJAaPRERERERUFxg+1jlbDYWPL737t5DhT/maap7FM6f+rcwjIqqsdet75j0vxtRrIQRkWYFNc0BRNQBANBpCOByErkdgzlVIJnvnxCDODV4o+Nq0NJsk4FYEVP50JiIiIiKiOsHbmzqnSLUTQMrRNzO+Pjn7eplGQlQdulZ2oW/DusTzYq/7KDAXRNqcsNmckCQ5ZfgIALPT3qJem+ZT5qodHYpAjbxlExERERERZYXh4zJgkwUEqvtudsg7svRO5kTpB0JUgOd++mrRz7n9um1XnpS46YwkyVAULeVrlWl3U/8EALscayrDakciIiIiIqpHvNVZBiQB2ORKjyKzlZ4uGHBm3EdSejK+TlSPNm/fnHhcqY7XACCzHK/oVEnArUqwc21HIiIiIiKqYwwflwmbLCDn0SW3nDTn7Rlf72q6qUwjoXqkKErJr+Gd9ePR7z1V1HP2ru/Bpi39AGJdqyvF6XZV7Nr1RhICTkXApQgwdyQiIiIionpX+rtxqgoCserHgF7pkaR389qP4pUTT6d8LSracXvvXWUeEdUTVZXx3NOv4ujR04tek2UJbrcTbo8Tbrdr7rMDzS2NWLm6M+trnBq4AF2PFnPYAICrtm7CyeMDRap8tGAYBmQ5t7d/lztzZTJlxyYJ2GSu60hERERERMsHw8dlRJMEDBkIG9W5ettKTxcMdWfKxjMed+aqSKKlKIqEtw4NYPDMcE7HudxOrFu/Cv1X9WLnDdugaqnfNo8dOYWZaT8MQ8eeX7yB3b92QzGGDQDYsGk9AMCCBcuyIAqqYo41mYlGw1AUFUJkVwDvcjF8LIQiYqEj13UkIiIiIqLlhuHjMmOXBQwT0Cu4dlwmO9d+AgffnR8+GnDi9r77KjQiqheRSBjhMOBwNKTdJ97p2bJMmKYB0zTh9wVw9PA7OHr4Hex94U3svHErrt2xGa1tTfOO3fP8G5AkGZIk48AvjxUcPvp9fhw9fAzHDh3H20dPXHnBsoAiLKGgqjZE9QgkIS1ZBdm/eT0rH/MUqzoXXNeRiIiIiIiWLYaPy4wAYFcE/FGrKrvXbmzZgIO224DwS4ltLc0PoEFzV3BUVOssy8LwhXFcvuTLuJ8kxTszyZBlNbHdNA0YRhST45fxsydfxs+efBn9V/WiZ91KAMCJ42dw8fw4bLZYQDc5PotXXvoVbr3tPVmPMRgM4/Sp8zh96jzeefsdDBw7nPprgVW03vWqokHXI9D1CBRFBdKc+cP33VmkKy4vqhQLHZk7EhERERHRcsbwcRlSRKwCMlil069vXfdJvHIiFj5GRTs+sGF+1eM7l07h4MUnENXHIQkXNnfdi2tXXFuJoVKN8Pt8eP7ZX+V9fLyiUVXtMAwdhhHBwIlBDJwYTLyuaY7E/rKi4Yl/+QU2b+1bVCGZLOAP4sTxMzj59hmcOH4GAX8QABAOXMp7rLlSFA26HkU0GoGq2ha9vvGqddhx49VlG089UCUBTYp9JiIiIiIiWu4YPi5TNlnAsICIWX0B5EpPF+ye30DI+2P0rfjdea+9OPgsxie+CQCI16UNnN+PgfHd+M3tf1LmkVItsCwLhw4M4OCBd4tyPllWIMsKLMtMNIC5UjEZI4SAotrww3/8Kf7wjz++6By/2n98UeAoSTJUxQYhBGaDMxm/nmJTFBWGkbpRzjsnzhT9evUqtq4jQ0ciIiIiIqJkDB+XMbssoFuAWYXrP97edx8ef+sUxt+YBFbHth0aPZQIHhcJ7cEzp9YtqpIk0nUdP3tycROjQgkhZVx6UVE0nD0zjOd++iruvPsWAMDhX53ASy/sx/mzIwBiQaaq2iHLSqLxi392rOhjzUbyNPOFwqEwbPbFVZEUowgBTY419SIiIiIiIqL5GD4uY5IAHDLg1ys9ksV+8fjP8cqTowCexnt3vxctrS14e+QJyBmOmZx+EgDDR5pvbHQKly9nXuuxVFTVjp//9DW8e+o8pi/NYmpyOjF9W5bVRV2rLdOA3zexxFnL/8uCYCDI8DEFea7SkaEjERERERFRelKlB0CVFW+IUG02b92ceLz/9f2xB9HjGY9RraVCG1qOhi5U7u+FJMlQNQdOv3Mely95YbO5YLO5oCjaouARAHyzY7DmOm6XgmHk95uGSKQKf0NRQbIQcMgCHlUweCQiIiIiIloCKx8J9rn1H6MVXP9xyDuCczNn4FTdaHd2oH9zPxoaGzA7M4s39r2Bbe+7GjICFRsf1a4L58cren1ZVmC3uxPTqtMxjAgCS1Y9FkaSJJimsWiNyqWEw+ESjai2SELAJgGaLIrWcZyIiIiIiKjeMXwkAIBTEfBHAb3M6z/ORnz42clvA6E9iW0nATgafhM33HwDnn/meVw4dwFnRpduFmKoO0s4UqpV1RASLRU8AsDspQvZnq2gcUSjIaiahFzis1Aokvc16wFDRyIiIiIiovxx2jUBiMUZTkVAytRBowSeOv6NecFjXHD2R9A3jySeDw4PZDyPASd2rv1E0cdHtc2yLFzMctp1vlOSiyHgm0QkXJ51KWVZgaGn7mydjh7Nbf96IYvYshQeRcDG4JGIiIiIiCgvDB8pQRKASynfDfah0UOQo+m7EMv6z9HZ3wUA8IbTdwCOSj3Yuf5/YGPLhqKPkWpbJBzG6PDlrPYt5VqLS13XNzua9f6F/n5AlmMF72YOX6+iLK8ieVUScCqxNR3tsij4z5yIiIiIiGg5W153lLQkWQAuRYJPN0t+rXOXjyy5z5rdFsYGgGAwCDQtfl12fggf3Pif0KC5SzBCqnWDZ4az7nRtVaCLNJBPk5nCkzBF0XIMH3NbI7IWSUJAlWKdq6uwBxcREREREVHNYvhIiyhSrALSr1euAU2c23YSQBNMc34YGpU344bez7DakTI6evh01vsu/DtWLsHApYpcN5emM3IdVz4qkoAmxaodmTkSEREREREVX/3eUVJBYtMOgUAJA8gGeydC3sz7yAhgxa5+NLVNAwCioh1bV38e1664tmTjovoQjUbw9rHzWe+vKGoJR5NaJOyr2HTvXNRb5aOAgCbH3ucUJo5EREREREQlxTUfKS1NEnCUcP7hjpW3ICr1LLnfyi1BhEJOTI3fgU/u/D6DR8rK7IwPI8PZVxVKkgLLKm/1o2Hk3kVaVGABwnpZ81ERsfe0BjX2mcEjERERERFR6TF8pIxscukCyAbNjRvW/RdERXvm/RznceR/Xcb0/kBJxkH16Z2TF3LaXwgByyrvUgNmjl2nYyoRPtZu5aOAgCYJuBUJbnWuazVDRyIiIiIiorJh+EhLsskCbrU0f1U2tmzAvVd/Cx3t/zltCBmbet2JS1OVWRuPatPQxclKD2FJkXB2zXCSVaTyUa2tysd44OhUBBq02GeFP+2IiIiIiIgqorbuKKliFAE0qBK8UavoXYEbNDdu770L6L0L71w6hbeGn0codAyqeTaxT8taAyf2zcI0TEgyUwRa2plTwzntb1kWTNPIqRFLISzTyCt8rIRaqHwUiHWrVtg8hoiIiIiIqKowfKSsSQJo0AQCOhA1SzM9dWPLhkQH6yHvCAYm38LZ0Tdgd16GZVm4dOkS2trbSnJtqh/RaASdXc04c3o062MsywTKOO06FJrJ+ZhKVD0C1dvtmoEjERERERFR9avOO0qqWgKASxEIGkDYKG1Qs9LThZWeLhyc7MAj//AIACASzr1BBy0vlmXh/OAwDv3qdE7HmYZeohGlFvDmMy28MvFaNVU+MnAkIiIiIiKqLQwfKS8OOXbTHypxAAnM77SrqmrJr0e1LRgI4F9//ApCwdyDasM0yvammF+n6xIMZAmSJEGWKxs+MnAkIiIiIiKqXQwfKW92WUASQEAvbQAZ8F/pcq1o/CtLme17+QgGc5huXSkudzt8s7mOs/yxm82ulf2akhBQBCALQBYCslSpmk8iIiIiIiIqFJMcKogmCUiqQNiwSrYOZCBwJXxk5SMt5eCBdws4unxrPtqdzTmHj5VY89Fmt5X8GnI8bJTmwkYmjURERERERHWD4SMVTBGAogiEjdg07GLHN8nho6aVvwqLaouQ8u+GbppGEUeSmazk83e5/Kmc3Vb8f3OKEFCkK6FjhfroEBERERERURkwfKSisckCihSrgowUsQpyYnwi8Tg5fHxx8FlcCpxBODKOrqabcHvvnUW7JtWuq69dj9Onhis9jJKoREhncxRW+SjNVTLGKhtjYSMREREREREtHwwfqahkATgVAcUEQgZgWoWHkOcGzwEAWlpbAACzER9+cuQhqObZ2DUBjE/sxz9N/jNu6PszbGzZUPA1qXat7e0q6HjTNCBJ1dPdeb4KVD467FntJ3BlyrSUNH2aWSMREREREdHylv/8RKIMNEnArQjYpMKiB8MwMHRhCADQt6FvUfCYTLUm8MaZv8ZsxFfQNam29V+1ptJDyIoeDVZ6CFmxp2g4IwsBTRJwyAIuRUKDKqFRk+BWBRxz/+4VBo9EREREREQEho9UQpIAHIqASxGQk+aLDnlHMOQdyeoc5wbPwZqrnly3YR1+duKRlMFjnGqexbGxw4UNnGpeV3dLpYewJEOP5HxMJRrOOOw22GUBpyLgUSU0aRI8auy5TRZQpdi/dSIiIiIiIqJUOO2aSk6VYgHFzwdfwcDw30O1Yms4RkU7VrY9gNt770p7bHzKNQDMrBgBwi8teb1x32kAtxQ8bqpdq9a0Y2T4Ul7HmoZelmnX4dBsya9RDG6nHXa2nyYiIiIiIqI8sfKRyuLpU8/gzND/lQgegdg06fGJb+KZU/+W9rgjh44AAJo2tUCP/Kjk46T60NraWOkhZBQJ+xD05xeOlluqaddERERERERE2WL4SCU3HfLh3Ng/pH195vJ38eLgs4u3T8/g2JFjAIAtd0xnfb21zdtzHyTVlf7Na/M+1kLxOrUvZBgRXJ44jcsTp/M8Q/krEJ1OR9mvSURERERERPWD4SOV3KsXXoEMf8Z9xie+iVOX35237bWXX4NlWdj4sQ44pItZXSsqb8a1K67Ne6xUHwrpeG2aZhFHckVXtxOTIycQCeffEKkCSz7C4cyu2zURERERERFRKgwfqeSmQ2NZ7ffGu19FxPBDnetesfeFvWjc2Iw1K7NrIGOoO3Hvtv+W9zipfjidtqqZLrxx02r89//5e7jxxv4inK0CDWccDB+JiIiIiIgof2w4QyW3vvVqHJ5Zer1GxZrAvx39Bj53/Vfw9ol3MTU5Bafmhs93F9q60q/h12DvRH/b1Vjpyb/ajepP96pWnHk3u67qySyrOJWPdruGD33kZvzaXTtj41lTm38/7XZbpYdARERERERENYzhI5Xcjd3X4sBgO5SkZjPpiMh+vHD2FQy8FJuCHRj24T9e/Zto6+yEbgK6BZhW6dbko/qxoX9VTuGjkGKF4MUKHyGAvvWdiacrujoz7JzlKSsw79rhYPhIRERERERE+eO0ayqLHb1/DAPOrPY9efFv8ObR2FTr9et70d21Apok4FQEPKqASxGwSQJSJRbAo5qxtmdFTvsLUdy3w1Awgsd++BJEOIgGVcL6Ve1FPX+5uFzZ/bslIiIiIiIiSoXhI5XFjd3X4kPbvgXJvhtRqSfjvjL8aLo6Fnjcdtuuea8JAKok4FAEGlQBtyLBLguoDCNpgcKazhhFGcOZ02N49pn9gGVCCIGm5oainLecVq/OLcQlIiIiIiIiSsZp11Q2axu78Hs7vrjkfl/6P7+OC28PQJZlvPfWmzLuq0iAktSEw7AEdMuCYQKGBRicor1stbY1ornZjcuXs+suXaopzc8+dxi3774a7e0taG1twvTl2bzOU4kp123tzehc0Vb26xIREREREVH9YOUjVZWJiSm8/fYAAODGG94Dp9OR0/GyAGxJU7QbVQmuuepIRYgK9AqmStrQvyrrfZOnXVsFh9YWdD0CAAgGI3jm2V8BAFpamwo8b3lt3bqh0kMgIiIiIiKiGsfwkarKmwcOJR7ftntXhj2zIwSgSoBdFnCrAo2aBI8qwakI2GUBTYqHkowla50kYt9LTRKwyQIOWeDGGzbldg5JBgBYBU67jkRC8wLMgXeGAABtrc0FnLX8f0evvrq/7NckIiIiIiKi+sJp11RVTp06AwCQZRnbt20uyTVkAcgpprBaEDDnpmqbFhIfhgVY4PTtSpAgIEQsdhMi9tuS+HNJAAICkog9TuXmG/rxzRyuF6t+LHy9R02bX7F7+vQYgsEgOjvzn8JciSVNr77mqvJflIiIiIiIiOoKw0eqKvHwsa+vB7Isl/XaAksHk+ZcEBn7DFhzn688Z0yZipj7byJIRPowMXl7vkKhECRJgs/ng8OhIRiMZHWcLCswjChMy8z/4mn84oWDaOtoKeAM5U0fm1sa0L2yo6zXJCIiIiIiovrD8JGqRjAYxOjoOABg/freea+dmxnB6cunMeJ9F1d37cLWtvKuRXclmIw/S7/n4lDSSjyPvwbMDy+vPK98eBn/6uINTsSC1+JhIZIei3mP54eMEOWOzYCBgfPwegPY/+a7WQePACBJsbfEwtd8XOzfH9+P3/rEzUU/b6ks5/Ueg5FZOLTcOpPncwwREREREdFywPCRqsbJgXcTjzesX5d4/OjR/4WZmacgww8AeHXmR9gj9WD3xi+UPYTMRjyIA7IJK1MdPRdIJgeWiY2FD05ceXjlcwUCwlL613//JU6dGsn5OCEEZFlBKZqkB4MRvHtmooAzlPc7tG378lzvcWBkL2RZwvqOW3M6LqIH8O7Yq9i2+oMlGhkREREREVFtYvhIVSM+5Rq4Uvn4ryceg2/mR1g4AVs1z2Lvyf8dq3Z8H012dxlHWR4pA8F6SgdLbFP/qjTho5VU1SgS1Z3JFMWGSDhQknEdPHg272PLvebjtdcuv/UeR6YH8Mrph/E7t/x7zsc2Olfg5f0Po6NxPTobNpZgdMVXigpfIioNy7Lq6t9sqp+/REREVL/Y7ZqqxsjIGADA4XCgq6sT52ZGMDn13bT7y/Dj6VP/Wq7hUQ1xu+yJx4ahQ4+GEZ370PUIdD2CSCQA01y8tqMkyZAVtSTjunTZj+bWrpKcu5gaGt1Yvab6x1k0voMIRmbx0sm/ho4Awrovr9PIisDPjnwZwcgs4DtY5EEWRzzAqKcQg4hqD9+LiIiIlhdWPlLV8Hlj06q7umJNLp468Y0l/4JO+4+UeFRUi3p6VyQey7ICyLm91amqfemd8mR3tgBTuU8JL2fp65Yt68t2rYqKjABaF+A7iEPetzCjxypTp/xn0N24PadTeUOxX56EMYXnj38D93StBdzXXblGhWR7Y88AgKj6GYYBSarduoF01Y4L339YFUlERIUwTZM/S6pQ7f4fDNUdry9WbeRyOvHL4UNQ9LcrPCKqVZ2dTZUeQlqmpUCz5b5UQDl/fm7bXhvThgtmeIELX4U/OISDF3+Y2Dww9nzOpxq8tC/x+KJ3P8b9o8DoP8TCxzJLVVGUvC3VBxFVN4fDAZ/Pl7Jiv1Zk+z7E9yYiIsqXaZrw+XxwOByVHgotwMpHqhrxykeny4kD5/8pq7+cLtu6pXeiZWdFZ0tRzvOhu3fgllu24ctf+UFOXbOX4nS3IRLOdWpv+dLH667bUrZrVZRjI7D6z/H8m38ERb3yu7izl15HWPfBpmQXEod1H44OP5F4LkkCz48ex8d3/VnRh7yUhTfrqW7es91GRNXD5XLB6/ViYmKiZv+9pqpCiW9L/poW7sfqFSIiypYQAg6HAx6Pp9JDoQUYPlLZPH3qGQzPHgUAdDdux4fW3zXvda8vFj7Ka+Wsqh4NOHH7uvuKP1CqCy0tbly6lN/afXHnz0+gZ20HPviBHfi3f79S2WaaRuIjdsNkQZZVKIqW1XltjkbIigZDL16gWSwutwM9vSsrPYyymfYP46JvYF74GNZ9eOnUX+HOq76U1TmODj+RmHYdN2NcwuDYm+jt3FnU8WaysHJoqcepnhNR9XK73XC7a7/JXqZwMZvHREREVHsYPlJZ/N2Br8MM7Uk8vxh8Ef/P+BP45HX/E012NyzLgt8fCx+ttqElz2fAifdt+jrWNi6jphiUk9YWT8HhYzAYBgDc/7Fb8dLeo5ia8gKINaWRpIU92HPjdLfDO7303/W4ct14LZv1HucMjv9qXvCY2D61D4NT+9DbenPG44dnjuDA+UcXbZckgaHpoyUPHzOFifHH6T6nO8dS1yAiSmepn1VCiEVVjpZlpQwk4/ulOoaIiIhqC8NHKrnvHfp/5wWPcap5Fj888hf43PVfgWEYAABntxsu9c2054pKPXA7tuL2dfcxeKSM1qxtx6l3R2CaOiQpv7e6QNJU6/vvuwV/+3fPFGt4cDib4ZsdhWUaRTtnMWzc2FPpIZSVQ/PAslKvqfnSqb9Cm6sPHntnymPDug97Tv1l2nNrirNYw8xKqjXTMj1OdQwRUSlkqmjMFEACSPkaERER1RaGj1RSvxw+hLD/6bSvi8h+vHD2Fby/51YAQM9tsS7DurIZANDk2g674sKqxvXY1LIBTfban25E5eF02AAUFqgMDV1KPL7ttu146eWjOHnyYsFjAwAhybA7GhH0X1p65zJq7yjOepm1YtPK2+CPTmAmfA5Dl9+CX59IvBbWfXjuxFfwsWu/lfLYPaf+ctF0a0U40d24DV2N23Ht6vItC5GqujFVM4dUz1Odh4ioWNKFivHgMd3z5P0ZQBIREdU2ho9UUu9OvbXkPieG/g7v77kVmqbh7X+eRPevPYA//MxvlWF0VM96e2LVarKsQtcjWa/HmMmf/NeP4b99+VFcuDBZ8LmAWOOZbMPHct10dXa2leU61eQ9PfcnHp+fPIjXznwHM5FzAIBJ/2kcOP8odqz5xLxjBqf24ezU64nnTrkNt234Y6xpu648g0b6wBFAoiOuaZoZO8tmqoRMdS0ionTS/ZxKVemY/HjhhyRJsCwLkiTNOy4eQDKIJCIiqj0MH6mkAuGxJfdRrAk8feoZqKqKSCSCaCRahpFRvXO57InHxbpJcTltePCPPoz/+tD3inI+RXVUXeOZjs7WSg+hota0XYc1bd/Bz499Hacv74EQwIHzj6Kn9Sa0ufoAXGlIE9ft3ok7Nv8JHFpD2ca5VPAYf57p8cLj0lVDEhHlKzlojH+OP5YkaV7guDCYNE0zEUTGtzGAJDMDr4kAACAASURBVCIiqk0MH6mk+tpuxqmLi9d7XOjs+D/DprXD7wcikeoJYrI1MPY8IoYf27o/Uumh0Byn05Z4HKt+DENRbBmOSO3UqYvYsGFV4vmRo4NFGV+czd6IgG9i6R1Rnpus9vblNe06nV/f+kX87LCJc969EALYd+Y7uGfbXwCIPQ7rsWZG65p249e3frGsY8sUDsYDxuTP8Y+F29NNwWb4SETFki58TA4cJUlKBI3xaseF21NhAElERFQ7GD5SSb2/51acGN0MRX87436KNYG2Wzbg0lPTNRU+hnUfnjr6RUz6TwMALFjY3v3RCo+KAKCvr3vecyFS37wsJRAIz3s+MJB9h+ps2BwNWYaPpdfQ4IKq8sdC3Aev+VP87DBw3rcXwzNHMDxzBB5bJwbGnwcAdLl2lD14TLaw6jFd8GgYxrwQMl0AyeYzRFRMqaZbpwoe4x/J7zvJwWNyAMmqRyIiotrEu0wquU9c8xU8evhLSwaQnb0DeAc2RKJ6mUaWnUn/aRwdfiLRWKK39eZEheO+M99JBI8AENH9FRkjLbawUkKW1aKc99Ilb1HOE6fZsmuiVI4brda25pJfo9Z88Jo/xWNvjmMqfAIHzj8Kjy22lmiDshY3rPoshoaGMD09ndh/5cqVaGpqKtv40q3hmBw6pvucrgIyfp6F1yEiyiRdY5n441TBoyzLic8Lq6/jgWQ8cEx3HSIiIqp+DB+p5JrsbvzhjX+FczMjeHP4VYx7j8KKHIOMwLz9bGIKbdduh/dyccOdQsQrG+NTLAFgeOYINNmF7sbtiQqoVI4MP44p/xls6/5IYq04Kp/4mnZFV4KbHs3mRiTsW3rHEuvqaq/0EKrSh67+Mv7lwO9jeOYInKEt8PjvgM3owd5zry3a99ixY7j++uvR29tbkrFk6lK9sLoxHjQu/MgUQMbPxbCRiAqVqrnMwuDRNM1E8CjL8rxjk8WPi+Paj0RERLWF4SOVzdrGLqxtvB9ArLPsdMiHk5dOYdI/iunQGIaGRuBZOYuh40s3qSmXs1Ovzwse4wbGfz6v4hEANMWF/o474A2N4bkTX0m8fnbqdXzsmm/BY+8sy5gpJhwOL71THrZsXotTp0aKes5qCR/XrVu19E7LkENrwFbP72Bg4DRkI1apqiN9hfbx48dLFj4ulKqL9cLQUdd1jH7nW5jd+yKsUKgs4yIiypaw29Hwvtux4jN/sPi1uYAx+ZciDBuJiIhqD8NHqpgmuxs3dl+beP6j44/jzaefAgD4fH643a5KDS2hu3F72teGZ47Me97bcjOGZ4/Ma0YBxKonveExho9lFAgE8MorR5beMQ/vv/0aPPGTXxb1nIpqz/h6uW60+tavLct1qlk0GsX0dGzt2enpaYyPj2N8fBwAICO7KfJ+vx/Hjh3D1q1bSzLGdJ2uk8PH5MrH0e98CzPP/awkYyEiKpQVCiXeo7o++4eLpmgnv7+x4zUREVFtYvhIVaOjoy3xeHx8cl746Pf7EQgE0NTUBFUtztp92fDYO7Gt+yM4OvzEotem/GfmPR8Yfz7lNGxNcaHVta5kY6T5AoEAnvv5Afz4X14vyfnb2xtxy67NePW1zGuY5kJRHUU7VyH6+lZXeggV89Of/hQ+X/GqT48fP46Ojg50dHQU7ZypLFynMXkqdbzycXbviyUdAxFRMczufREdv/u5ecGjaZopp1sTERFRbWH4SFWjPSl8HB0dh66HMT4+jqGh+d2Fb7nlFqxcubJs49q17rOI6P6M6ztmPL73s7Ap2VVMUWGi0Sie/8XBogaPqcLu3/gP7y1q+CgrGoQkwzKNNHuU/kbL4bSjo7O15NepVk6ns6jhIwDs378fd955Z9F+YZKuCUy6ysd4+Mip1kRUC6xQCIZhzAseM1U+Jo5jIElERFT1pKV3ISqPzo52tLe3YOeOrbhw4QwOHTq0KHgEgDfeeAPRaLSsY9u98Qu486ovQVNi1ZhT/sGsjtvW/RH0d95RyqFRkmPHz+CHP1rcBKQQmzevWbStvb0RN93UX9TrqBWufly7pqui1680l6v4yzz4/X4cOnSo6OcF0gePqQJIIqJaEW+GldwIa+EHsPiXMURERFTdGD5SVYitkXYEt71vJ3p6Mlc1RqNRvPjii2UPIHtbb8b91zyCVte6lE1okmmKC3de9SXsWvfZMo2OTNPEv/7blYpHyzIRDM4iGg3DTFtRmNlVm9JPQ962pSevc6YTjQbTvlaOio61Pd0lv0Y127BhA0IlqBAcHBxMrBlZiKVutBeGjsmPiYhqRar3sOTQMR2GkURERNWN4SNV3ODg/9/efcfHcdf5H3/NzFaterdkW7bl3uTuOHYU4yQEJ04jCSGQg8DBcbk7+N0BCUkIIRztfuS44zgCFw740dNMOVI4hzQ7dopL7MS9SbZVrd5Wqy0z8/tjtetdaXe16pL9eT4e69md+c53vmNZY81b3/l+K9m2bRuNjY1J79PW1jYuAWSao4Abl3yHNHv8cdxm5Kzj9mU/ZGbO5WPYMqHrOqdPX5gpXVFUHI40wMTrdeP1dqPrfiC5G5Tbbl3PVx/+SNztS5aM3GzGAb8nwSPXY6O0tH8Pz0tJVlYWNpttVOrevXv3qNQbEutx7MibdyGEmCwir13xhpoQQgghxOQjYz6KcRN6JDHWo9XJCAWQmzZtGtNJaOyWVG5c8iid3vP9ttksLnJdpWPWFnFBrH8DiqJgtTqwWGz4/V58Pg8KCharDU2zoiixf/8yu7SA227dkPB4eXkZZGe5aGl1D7vtiXo9jpXS2Zd2+AiwbNkytm/fTlZW1ojW63a7qaysZObM4QfW8W6+Ez16LYQQk0WiR65jkfEehRBCiMlBwkcxptxuN42NjRw/fpy2trZh1zdeAWSao4A0R8GYHU8k52//ZjP/9eM/91uvKCo2mxPTtBMI+AkEfPj9XiyWYAipqlpU+VOn+wfLffn9/hEJHgGMQOIevGNxYyXhIyxYsACPx8POnTuxWCw4nU5sNhsWy/D/q6ypqRmR8DFS3xvyROOjCSHEZDDQdSxy4hkhhBBCTB4SPopR5ff7aWhoCL9GInDsa7wCSDHxbNy4FEVV+MFjf0TT+j9CqygqVqsdq9WOrvvR9QBerxubzYmmRf/bqalppLg4L+6xzpwZOKCcLFwuJw6HfbybMSGsWLGCFStWUF1dzcmTJ8PXLY/Hg6qq4Ueznc7gBEGR6+IxDGPEZ9LuezMea7uEj0KIySbRtavvdU8CSCGEEGLykPBRjKo333yTurq6UT9OW1sb+/fvZ82aNaN+LDGxXb5uPl97+ASu1DxSUnNR+vRqDNE0a2/gGHuW6YrKuoThY3e3dySam6TRvcHKzEwb1fono6lTpzJ16tSodU1NTXR0dNDd3R0eo7a+vh6v98K/hZaWFgKBQLi3pNPpJDMzk7Vr145Ju6XnoxBiMpNrmBBCCHFxkvBRjKo5c+ZQVVU1Io8tDqSyspLi4mKKixPPli3GTyik8fv94bHoLBYLmhYMCO32ofe+MwyDnp4eXnvtbSyahe6uBro66nG6srE70rE7MwZV37lziSdAUtSRCwQtVkfC7SYGKCqYozN+X2ZW+qjUe7HJzc0lNzd3vJsRUzI9hYQQYqJL1JNbCCGEEJOXhI9iVE2ZMgVd18ckfATYv3+/hI8TiN/vx+124/d2EWg9iNp9Aq37JIq3FrQUTNWJr3dpak701OVY8tbhdDqx2+0JH6P3eDx4PB78fj+qqvL2W+/yzr5jHNh/DFXVUFUN0zTw9XTgcbegqBoOZwaOlCxs9tQB2z7QRB1Ll8wa9N9HPImCUacrG0dKNgHdh9/TjmmM/AzvWVmDC2bFxBV5ky4360KIySjyGibXMSGEEOLiIOGjGHVlZWUcOnRoTALIzs5OOjo6SE+Xnlzjye/301K9D6XpVSztu7B1n8BmJPmY8gnwpS2nO205ZKzCmn85drsdm82Grut4PB6qqup4fcc+3th5gKam+OOIKoqKxWLDYrFhGDre3iDSZk8lJTU3Yein6wP3bJw3t4jjJ2qTO68B2Oyp+LxdUZ/TMouwWHsfC/epKCkafk8Lhj6yAWRmljx2PVklmgE20faRYs8vIHfDFdiyo3uE+lqaaNr5Ot6Gi2dsVCHE6Bvo2iVhpBBCCDE5SfgoRl1ZWRn79u0b1fDR5/Ph8Xiw2WwSPI4zv99Py7EncZx+aMh1aJ370Tr3Q+3P4KjKMc8aurR5HK7J4p1DzVSdqx90naHekFis6LqP9pazoKhYrc5wT8hQ+HfDjeu5++NXD1jnJz5xLQ899HMC+sjdDGkWG2kZRf2CUZvNic8HOLPxe1oxdN+IHTMjXcLHi8FY3pTnbiin6JbbyN1QHrfMvC9B084d1P5hK007d4xZ24QQFxcJHIUQQojJT8JHMSY2b97MU089RUFBAaqqDnp/wzDw+YJhi8fjAaCnpwfDMDBNk7y8PJYsWcLy5ctHtN1i8DqrXhpW8Lj9WBFHarJo6HTS2OGgsTM0IUxt72u4FDTNgqZZMAwdXffS7e4JTumiKCgo2G2Jx2AMmVGSz7o1hTz/wm7sjnRs9tS4E9wMRNUspGdNw+nKjlvmQgCZNaIBZFa2PHZ9MRqtG/Yl3/k38q7clFTZ3A3l5G4op3H7Kxy87/Oj0h4hxMVFwkYhhBDi4iPhoxgTU6ZM4cYbb2Tbtm243e6kekEGAgH8/uDjpcXFxSiKQn5+Pna7nYyMDDIzMykqKsLhSC4oEmND6TyKYk3H9HcMet8fvbyI144VjUKrYlNVDZX+YeFgbnxsNnt4XEkAS29PSovNgabZkhpfEiAjuyTJ4znx+5VgANnTjhHoSbqt8WTJhDMiSeufexF7Xv6g98u7chPrn3uRXVvePwqtEkIIIYQQQkxkEj6KMTNr1izuueceACoqKhKWlVBx8rJ7DmE4C9EHGT6OdfCYSENDy4BlPB5PxIzdwXElTdPAMHR6PK2YbgOzd3ZqzWILB5GKqmGxOlBV7cJ4joNk7d0fIOBV0f3dQ6oHwOGwU1g4MWdwFhPL2id+N6TgMcSel8/aJ37H23feOoKtEkIIIYQQQkx0Ej6KcTFr1sjNFCwmFkNLRXEWobjPYerJ9crbU5E/YYJHgKam1rjbAoEAO1/fw7b/3dVb9sKEN4qiomnRfSkNQ8c0zeDj3V0ewIyaSVtRNTTNRk7B3EG1UdOs2GyhOiwEvIPvaQpwx53XUTp7+pD2FZeOxd96FNes0mHX45pVyuJvPcqhB+8dgVZNXOkLF+Esnkbbu/sv+kl3tBQX2WvXEejsoHXv7vFuTlKyVq3BkpZOy9tvone7E5adjOcnhBBCCDHRSPgohBhRqj0P9C5U1wz0jmNJ7fOLnYML3sbTq6+8xXcf/XnS5dXIMSD7POFtGDoApqkT8HsG3RNS06zY7So+FBTVgt8zcI/NSPMXzOLOj1w/qH3EpSd3Qzn5V13Tb7274jTHH/020++8i9zyjVHbmna8xrknfs28ex/oF1rmX3UNuRvKBz0JTfGtH6LoxptR+gzb0XHoIMe+/fVB1TXaim65jcIPXM/Zn/+Uyp8+Pt7NGVXpCxcx9wv34e9oZ/dHbo/aNuWGmym+5Vaadu7gzM/+O6n6hrLPYM24+69JW7CI49/5Jue3/Zm5X7yf1DlzOfuLn9H8xs6osonOTwghhBBCJGfwM38IIUQCtuLNAKgpxajOwgHLH6nJiphUZmLz+Xy88vJbI1ZfaAZuTbOgB7xDrsNmTwk+1p2Sg6Ikf1n/6F/dMKRjiktL0S239VvnrjjNoQfvo+2dvRz+yv20vbM3vC1y3aEH78NdcTqpOgdiz8nFNbMUZ1Fx1MuWk9ywAat/+QTrn3uRrFVrBn3sIVEUFG1oE1BNRrEm20qdPYe0BYtIX7go6XqGss9QKKoSbnP6oiWkL1hEaunsBOUvna+lEEIIIcRIk56PQogRZclZhd6+Cb3hFbSMRSi2HIzuakx/e8zyJbmd4ceQVVWB4LzT46unnqbK17HllGG327Hb7Xg8Hh79zk/Z/05yvTkHK+Dvxu7MHNK+qqphd7jw+TyQkk2gp2PAmbBv+eDVrF69ZEjHE5cOx5QicjeU91t//NFv464Mhop6Tw+Hvvwlyr73GACHvvwl9J7gkAvuymDvyBU/+knU/rkbynFMKaKnbnAz2Jt6gKonfkPFj3846HNRbfZB7yOG5+S/P8rJf3901PcZrr2f+OiYHk8IIYQQ4lIj4aMQYsTZZ92F356Nr+Z5VGchqrMQ0/Bj+tsx/R3Bl68VTAOXPcA/vv9dnnp7GueaUsJ1qGqoB5+C0vteVVRAidg2OqpqO7G+exeGlkpn2kpqLMv4zTYfb7x1atSOqQcSh4UDURQVmy0Fn09BcWTi93bEnQl70eLZfOaeDw/reOLSECt4BJh+5110HjkUDhl9Lc3hcRx9Lc1RZafedkfcuqufeXLE2jr/y18lb+Mm3JUVpC9cjGqx0LL7LQ7e/0VW/exXuGYGxxpe/tiPad3zNu/d93kWPPQIueUbUa1WAl1dVD3xayp/8l/Mf+BhcjeU0/zmTvLedzVGTw/H/uUbFG6+PmZ5gPkPfIXC67agWm3oPZ647Vz+g8dJmTkLRdOwZWVjeL2c+80vqXj8MUr+6m6Kb7sDe14+iqZheL1U/+5pTv3Hd8m5fANz/vGLpEwvAUUh4HZz7tc/p/HVl1nw0COkL1oCioLh81L3/LOkzVuALSuLQw/ei5biYuEj30BLcXHy3/4vdc/9idW/fAJLahoH7/s8RTfdwpQbbkJzpmDqOs1v7uLwVx4gbe48Fjz8z3hqarCkOElftIS6F56j4aVt4bYYfh8oKoGurn7nuvbJ35MyvYS65//EsW9+jZmf+lum3XkXltRUME08NdUc++bXaI3oOdt3n3hf16qnnmD+g1/B19jIO3/3afRuN7P+5u+Y9pG7qP/z8zinTid90WIsKcH/V9yVFRz95tfoOPReVBsLN29h3n0PYPj9nPrP71H37B+j/q4TnZ8QQgghhEiO9sgjjzwy3o0QQlx8tPQ5WLJXYPi7MXrOoyigWFJQbVnBQNI1A8Weg2JxMT23h81LzrFx4Xmm5Xpw2nScVp3GDhumaWIaBqYRnEnaMALouh/DCIQ/m5gYpoFhGoAS3Mc0AVCUwfek9Osqt6+pYPvRXH79koNnXmzj9Nm2gXccBtM0sDnSh/Von6IoWCzW4HvViqKoGIY/qozTaednv/j2sNoqxl/o33fo37ppBicyCr10XQ+/up/9w5CPk3P5BrJWruq3PqVkBplly2h+cxe6Jxi0BTo6CHRET3y0+FuPxhwvEsBTW9NvfL1EslauJqNsOYoC2WsuI2/jJjKXr6SntgZ/ezu55RvJXLoMTJO65/6EarOROmce3vpaGre/SvrCxZgBP6f/6wc0vvoyeRuvouimW2ja8SoH7/1HMpetIHvtZbgrKzADfnLWX0Hq3Pm0v3eA5jd3YklNi1s+f9PVTL39TrqOHePsL36GLScPe24e7e8eoHXfnqjzmHLdDbhKZ9O2bzfVW58ifcEiXKWzaT90ENVqxZqeQe3//J7mXa8Ht82cRefRI0y7405S586n8vHHqPjRf6J3d9O2dw+FW24kZ305NX/YytF/fphAZycdhw9iy8klbe48Oo8dw56XR8669SiaSk99PZgmUzbfgKemCm99PSUf/yQ95+s5eP8X0FJSyF1/BarVSt2zf6Tg6mvJWrESU9dpen07zW/uZOYnPo2jcApVT/6ajkMHSZ+/gIDbTc3Wp6LOVVFVMpeWYXi9dJ+ppPSez6L3eHj3n/6B1n178DU10fDKS5h+f8x96l94Lu7Xtf3APuy5ebhmleKprsJ9+hTT7vwotuwcqn77K+x5+XSdOEb1009gmgaZy1agYNK0cwdTrrsBe34+zbt20rpvD7bcPNLmzqe7soKOo0dY+PDXkzo/MfJSbrwFTdOwWCxomoamaaiqGl4qihJehv5/77sUQgghxMQjPR+FEKNGdU7BMfdvMLpO46t+AaNtf3iboigotgywZYArONvy1Owuiqe1s9nfjumvxgx0U9/u4Hybg4oGF11eK5WNLrq9Gk2ddpo6e6d7jpg9Wic6bBuqZ3aXsnXP2M7Krge8qJp12PVYrQ5U1YIfBVWzcdnqWezYvofS0mn82388MAItFQIyV6yi7HuPcejBe/FUV/Xbnih4BHAUFAz6mIqqkr6kDHona/I2NtL46st0nzsLgN7tpuLxH1L/5+eY/+Wv4iqdg7NoKnXP/YnZn/0nTMPAffoUrXt3U/KxT4Ch07xrJ56aajqPHyVt7jzSFyzCU1sDpkH7ewc48Ll7AFj2/R/FLZ9RFgzHzv/lf6n5/TOkLVhI2vwFcc/D19xE1ZO/pXXvbjKWLiN3QznpCxZS/cyTNG5/ley169AcDjw11TiKisKT7Kg2G9mXXU7X6VOc/uH3Aci76hoUTSNz6TLa3ztA5X8He2K6ZsxCKd8Ybofu6cYMBLDnF5BSMgMtxYm7soKsVavRHE6admyn/d0D2HPzyF67jsxlKwAwvD3onm4qf/rjYBh57Wac06bjrjjN6R/+J1mr1lB43ZaY5+muOB3uHRtiy8piynVbqH7mSc5v+3NS+8T7unYcPUJG2XIyli6j8+gRXDNL8VRV0fT6dppe3076wkWklMzEfeoUOevWQ4xe896G83jr6zD1AAC5V5QnfX5CCCGEECI5Ej4KIUadmlqKY/5nMdxV6K378LcexvScQ+nTK0+xpqJYU4FiAEwjQHFWO0X+dpbNbcf0nQczELVPV4+F0+dTw+8rGoPvu70alY2u4HufFvVI90AcNn3Mg0eAFKeCYrHi8w0/QNU0C6rDhc/Xw4MPfYYHH/rMCLRQiD56e2CO2eEC/iGP+diXoqrhx5EXPvINAAxfn+EPIn6xkai8oqpgGkN6NFf3dKNYLNiysplyw82U3vMPWDOzMLw9KBYr/vZgr+uq3/4ae24+mStWkbVyNR2HD3L0G49Qs/UpUqZNJ3PFKhZ97VvM/OvPcPJ7/0rniWMEut2kTAv+csff0Y6/rY2U6dPR3cF2dh47SsbSMlCU8Ln629sxvF4saWkXGmmamIFA77lqKKqC4Y09rEM8HUcOU/30E0y/6+MUf/B2ptxwE/UvPDesmcrb9u9jypYbyViylO4zldiys2l+6w20FBeLvv5tci67HCMQANNEcziSqnOo5yeEEEIIIeKT8FEIMWZU1zRU1zSsU2/G9LWgN+1Bbz+E3l0NMSakUVQLij0H7DnhdWagC9PXiuFrw/S1kurwU1Zy4ZHo9fOa4h4/1IuyvsNBQ3vwRtQ0TY7UZOBy6MzIdZNq9+N0qPy/HfNH8MyTE/D3ULZkGucb2mhoaEPXjYF3SkBRVOz2FA4erGTJkpkj1Eohglr37ubwV+7H19ISc/uhB+9N2Pux5/z50WzegEzDQPd0c+K736Hu2T9GbSvc3L+nW6Lyy3/w+JDbYcvKwgz48dTVUnDNtag2G8e++Qh1zz8bHB9yRvB7t/Wdvey5+yNkrVjFjE//LZnLVjDjk5/m8Fce4MDn7sE1cxYzP30PeVe+j5KPf5J3/+mz+FtbcRQUAtBddRZfczPZ69bjKp2Dv70d9+mTZCxeEgyRe3sFak4nisVCoLNzyOcUz7nf/opzv/0Vxbd9iJK77qbg2s10njxOzdanh1Rf8xs78VRX45w2jayVqzECAdre2UvuFeVkLltBy+63OPTlL5F35fuYd5/0+hZCCCGEGC8SPgohxoViy8ZSdC2WomsBMP2d6B1HMTpPYbjPYnjqINC/F5FiSUWxpKKmTAvuF3Bj9gaRhq8VjPgTtxRm9FCY0UPZAG17ZnfpkM9rOFpbWtA0laIp2RTkZ1Jb10JDw/DHmjSM4YWY4tLla4kd5jduf5XDDz+A0ZO4d1iiANJ9+uTgG6QoWDMzo8JBvaeHlrffTG53VUVzOgHoPH6MzOUryV57GQ0v/4XcK8pJX7CIih//KOa+icq7z54hc8UqctZvwNvYQMai3pnk40yOZXG5yCxbjpaSQvqCxfiam4N/H9dcC4qK6nBSdOMt4YlpNKeTGXd/Cn9XBzVbnyZz314yFi9BczqZevuH0ZxOqrc+TfOuHWSvWYvmdKJ3u/HUVJG5bCWmadC963X8rS1oDgcp06bTdfI4HUcOk7ZwEQX6ZrJWrcGeX0DO+iuwpqXTeOpEzLZ3n63E396Oa2Ypee+7mowlS7FmZKC73WgpLvRud8z9UqaXUPzB22na8Rr1LzxP7vpyslauxuJMvld6LO0H3yV1zhwylpbRU1dLw8t/oeDazcG/fpsNW1YWeRs3oTqcaL3HMg0DFAXV3n8G9KGenxBCCCGEiE/CRyHEhKBY07DkrIGcNQAcOXyCIwffo/bsKaxmJ7MKfSya5ibbFR12KBYXisUFKcVogBnoDoaR/tbgUh/8o3MbF9T2PnZtYhjmqM+uHYumqUybmktOThrV1U10dsafPXcgbrc8PiiGpmnn68z7Uv/1VU/+pl/wuPhbjwKEZ70Oqd76VMzwsWnn64NqS8DdBYpK8a0fovjWD4XXdxw5TOOrL/Urb/h8YJoo1uA4qt3nzpJXvpGl//ofNL76MhWPP0bWipUUXH0tBdd8AEwTd2UFja+9EvP49S88G7d8zdanyCxbHtx29bW4KyvQu92klJTErEux2pjxyU+jWCz4O9o599PHg+fx2iukL1zMvPsexPB56Th8iNS584PjSi5bTubylcy798HgTNF1tdT8fisF115H/lXXUPr3/wcAf2srtX/8PQDtB98je806TEPHXVmBr7kJU9exZmbhPnsGgJqtT5M2Zx6F121h/bPbwDTpOHyQ6qefiNn2jiOHqf/z80z/6MdY8i//SqCri+6zweVS+wAADy9JREFUZ7Hl5pK1ajVNO16LuZ9z2nTyNl3NtA9/FBQF0zBo3f0W1b97Jmb5ePp+XVv37qZw8/VYs7JpePVlAJpe38GULTeTvXoN6373LJ6aajzVVaSWzsaeX0D7wXfJXL6CuV+8H0d+9NijQz0/IYQQQggRn2KaYzxgkxBCJGAYBn/6n5d4+aW3OXnibNS2smXzuP6aBaxbbCHQdRrTUwee2oT1mbon3DMyGEYmF+JtO1jIj/7SvwekoqjBmbv7zEqtKiow/Jk2P/fhbGq759Duz41a39zcQVV105Aexb75psv48B1XDrttYvxEzm4Nwe8T0zTRdT08u7Xf7ycQCOD3+/H5fHi9Xnw+H02f/tiwjr30u98nd0N51Dp3xWkOPXgf7srTQPTkMg0v/yUcQLpmlrL4W9/BNSv6e6lp5w7e+8LnhtWukZK1ag22nBy6ThzHXVkx5PJaiovstesIdHbQunc39vwCAl1d/XrKhR6lPvatf0bRNFr37Y0q45o5i9TZc+k6dQJ3ZUVUPa6Zs0idO49AVxfNuy6Et/b8AjLLlmMEArS8/eaQeueF6vY1N9O6d/eA5dMXLsJZPI22d/fjbThPyvSS8MQ/iWStWoM9L5/us5V0HDk86HYORs76KwBo3vU6WooLS2oq3obkHvcf6vmJ4cn9719is9mw2+3YbDasVisWiwWr1Ro183Vo1muQ2a6FEEKIyUDCRyHEhPLittf5wfd/G3fSlaKiPO69/1MsWBAMMwxPLUbHCQKdpzC6KqCnPmH9pu7tDSJDYWR33LL17Q7+Z28xh2vSBzVhzXD88fO7AOgKZFHbPZsazxxqPXNwBzLQdYMzZ8/T1ja4YOHmm9by4Ts2jkZzxRgZz/Axd0M5S7/7/X7r3RWnOf7ot5l62x39ejY2vPwXqrc+xbx7H+gXPAK894XP0bRzx7DaNVmFwscjjzyUVMgnxKVEwkchhBDi4iSPXQshJpRdO99JONtzbW0jr778Zjh8VJ1FqM4iLAXBcC3Q8g6BlgMYnSfA29Bvf0WzozgLwRmchME0fBeCSF8rZuBCsFeY0cNnrjod/lzXFpyoprPHQmXvrNoAlY0uur3RPSGHIsWuh9+nWlqZm76Huel7AGjz5VPrmcPsjDkcOJdPZVV30r0gfT4/7e29E/qYenDGcDOAEfCjBzyYRgDF1DENP4pigBEAdDACKIqBLXcNTqcTi0X+y7gUNe3cQeP2V8i7clPUetesUlb86Ccx98m/6pq4E800bn/lkg0eQwyvV8YOFEIIIYQQlwzp+SiEmDBaW9r42F334/cHEpYrKZnC4z/5+oD16W3vEWg5QKD9OIq3Lqk2mIa/TxjZf9KbMaNoKJYUFC0FLK7e9y6wpNDlddDpUTD0AJoKmgqqagaXSnCeC001UVWwaCqaagImCoO/5OtKCn77DNQpW8gsGPtZwMX49nwMWf/ci9jz8odVh7exgV1b3j8i7RFCXHyk56MQQghxcZJuLEKICaOj0z1g8AjQ0NCSVH1a5lK0zKXYAcN9Br3lHfxtR/C1VWCzxt5HUa0ojnxwBEMW0whg+tuDPSID7uDs2gF3sPfgSFPtqLZMlNDLkhq3aJrDR5oj2Yr1gYskoJndaD1HMM6cosNzE+kzNg+rPjE57dryftY+8buYj1Enw11xmrfvvHWEWyWEEEIIIYSY6CR8FEJMGE6Hg6zsdFpbOhKWmzGzOO62UL++yD7dJkDKDNSUGdimfpBv3vcwWepZSotMSgoVpuarpDpj95hQVAuKPQfsOdHHMXz9A0kjAKYf0wgMHE6qtvBM3Yo1PRg2as7E+yRgmgboPcHZvXUPpuGLW1ZRNNAcoFjA8GIa3ui/MEVFUe2g2S8sFQ3V9GE27wAJHy9Zb995a9TkMsmKnIRGCCGEEEIIcWmR8FEI0Y9JMIsyB3hP321cyLAulDUvlO27vc9nMrKZNX82+954J2H7ps+fy5nu0GOoEfsnKbe0jG2/q+WliMPMmaqzYJrB7GKTkkKV4nwNVYlfq6LaUGw2sGXFLRMOIY0AphlAUS2gWEG1oijqIFocqs+H6e8KhouhkFHvCc7gnSBsHDGqDX/uVXi8Znheb0W5MMe3Aigo0euU0PrelxJZts/2GO/F0I3WI4iHHryX3A3lFN1yW79ZsPtq2rmD2j9sveTHeBRCJE8enxZCCCEuPhI+CjGJGb3Bn2GCQTCIi700Y6+PqCNy23gOBLvyirVUHK+ktbk15vaZc2eyeHUZxjAaubp8LWdOVHD84PHwupPVGierg5PG5Bflc/PHbmPNIjvW7pNo3Wew9tRiDTQN6jiKagEsoA0+SDNNHdPfEX7h7wgGjuPJ8NFTcD2+hJ06R+5fTyiEVLkQRqqhZZ9twaUSZ31wqUbUcTEayxv2pp07aNq5A8eUInI3lJMyYyaOggIAes6fp/tMJU07d9BTVztmbRJCXJwkjBRCCCEmPwkfhRgHobAwKjTss84wzXAg2DdcjAwdLzbL1q3ANE1e/MP/cvbkmahti1Yu5tpbr6N0wexhHaOopJjNH9oCisLx945FbcsrzGPz7VtYdtlyfIAvbWHUdlvnkWEFkomYgS6MniZMbxOmv33E6h0pXQu+ja9wy5gdLzIUTy7TTO4bIjKE7BtKhj/3BpmR62KVG2/xbsrHagKGnrpaqp95clSPIYS4dAx07ZIgUgghhJicJHwUYoSYgG7Gepkx14v4ll++kvyiAqoqztFY34CqahROm0JJaQm5hXkjcoy5S+ZTPGMqR/YfprGugUBAJzsvm7mL55FfVBB3P1/awriBpMVzBs3bCKaOYhoo6ICBYhoQ+mwaKBh0dBkYhoFLa0YLNAYDR907Iuc2GtxzHsI79c7xbsaICIX2ib8PB/4m1ZRYLyXm+rG6XVYURWZ+FUJMapHXMLmOCSGEEBcHCR+FSEIgRngYiBEqXow9EcdL8YypFM+YOqrHcKWlsrp87bDriRVIxrP/jT2888Zezp06R2N9EzZ7EfOXbmTZmiWs23QZmEZveBkMKkGH3vfBdcFAM1Rm92u7eO25l1AVM9gjTzV735sR72HFujLWXLmmNwjVe+vtc6ze9eEyoeOi0zPjU8P+e7rYxP5FQv+LgBojjLT0CSktvcuhineTLjfuQojJJN51TK5lQgghxOQm4aMQfegmeA3wGeAzzN7leLdKXAzefXsfzz3xLHVVdeF1Pq+f9/Yc5uC+I7i7/Vx10weA5EdOrOk4zqnzGQOW00qms6zg+qE0WwyT0fuLCX/U2v5fYZsaeinYe98PNpAM3aRHvoQQYrKQa5gQQghxcZLwUVzy/EYobDTDoaM8Fi1GWktDE68++3JU8BjJNEzefOVNZi+cR8mcmUnXm5qellS59Mz0pOsU4+PCLzqCFyBNIRxC2pTg0hKaLVxRMHunek/UU0hu3IUQk0mia1fkOrm2CSGEEJOLOt4NEGK8tflNGrwmbX7w6BI8itFx9tQZThw6mbBM7dlajhw4NKh6i2dMx5HiSFjGZrdSunDOoOoV4083oVuHNj+c95p0BKIvTn1v0GP1GJIbdCHEZDLQdUyua0IIIcTkJOGjuOTZhzPQmhBJaqitT6rc+arkyoXMXTKPDe8vT1hm1RVrWLpm2aDqFROPXY1/0x3rZl1VVVRV/psXQkweoetWsr9IkSBSCCGEmBzksWtxyUvVwO5U+o3xKD0gxUjStOQut8oQwqKrb3o/AK88+xKGfmGAUqvNyprytZRf975B1ynGl0UBa8QYkNbex65j6XvzHQoeQ0shhJgsIq9dsa5tQgghhJicJHwUlzxVAXvv2GoQ/MHWMHvHXzPB3xtI+o3grNdCDEVRSXIzd5fMnjHoutOzMvjg3bezdPUyjh88SmtTK2kZacyYO5OytcsHXZ8YW5beYNEaChp7x3hUo+6zL4zxGEvf3o7S81EIMRnFuoYl86i1BJNCCCHExCbhoxAxqAo4NAiOpBf8gdYk2Buy/8uMuV6ISFNnTads7TLefftA3DKz5s1iXtmCIR9j9qI5zF4kYztOBArB64jW76XEWBe6ygyi/t4JZ+KNjxa6adc0bTROTwghRoWmaQkfvQ6FjBI2CiGEEJOLhI9CJEkh2EPJ0u/n3f4/AOtmsPdkOIwk9PlCUBm5XbLKi196ZjofuP16ujq6OH30VL/trjQXV15/FVOmFY1D60QyVKIDRTUiUAy/J3r7SIqc4Tryc6Lg0TRNFIcDs6dnZBsjhBAjTHE40DQtYQAJsYeaEEIIIcTEJuGjEKMgFD5Y+23p/wOySTCIDC0NEwzA7F1e+GyGP4f3iSgTWY+YmEpmz+CWu2/jvbff5eTh49RX15HiSmHRiiUsv3wF85YOvdejiC3UA1EFlMhln3WqosQsq/aWDW2baLe4kYFkKHg0DCMqfEy/chPt214Y55YKIURi6VduigofY439KEGjEEIIMTkpZqJBpIQQk07fIDIUZPYNOU0uBJpmgrJmjHVCjJTIUE8JhXwR7yMDwwvblKj91Bhl1Yi6Lyah/7JDS8Mwgt/HhhF+6boe9QoEAtQ//hgd21+RHpBCiAlHcThIv3IThZ/5eywWSziA7NsLsu9EWvIIthBCCDF5SPgohBiUUBgZfs+FcDJ0MRnwc586gmXM6O0R+9JnX8w+nyOWsbb1e9/nqtf3IhjzojiKwasS/iPG+kSfldjblMilEmNdxLZ+62OtI+Imr0+56DIR72PUFbVPn/1FcvqGj6Zp9gsf44WQoVdoW2RwGaonsk4hhBiOvo9KR/ZkDPXODi1jvSJDx1iTz0j4KIQQQkwe8ti1EGJQIkOmqJUjUrMQIpHIcR77jv/Yd2brvttDZXRdR1XVfsFjZPm+4aOEkUKIgSQai7HvuLSxAsjIZazQMVbdEjwKIYQQk4OEj0IIIcQkFXnjHTn5TKzHEhVFCY8HGSt4TBQ+CiHEYMULH/sGkJGvWJPN9N1fCCGEEJOPhI9CCCHEJBTZCxKImmwmtIwsG1ofr8dj36UQQgxXrEekYwWQfYPIWNult6MQQggxeUn4KIQQQkwifR+5jhQZPMabBTsUPgISPgohRlW88BGIChUTvR+obiGEEEJMfDLhjBBCCDEJxZt8BgiHi7EerU40uUy8HwnkRwUhxEDihYGxHr+OfB/rkWwgavgImWRGCCGEmNz+P8Xtzo7g0pawAAAAAElFTkSuQmCC
----[INFO]----Unable to locate elementPatient Module
----[FAIL]----Element 'Patient Module is not present
----[FAIL]----Element 'Patient Module is not present
data:image/png;base64,iVBORw0KGgoAAAANSUhEUgAABR8AAAJmCAYAAADVS/dbAAAAAXNSR0IArs4c6QAAIABJREFUeJzs3Xl4lOW9//EPkH0SlgATkCVkoUQYIkohGCuWoKCnINLaH6Di8YALVY+gBa1iqhb3pbgcW2Q7FlCwrUWFUwVMUNRAWATDgEGTDIlEyYBBSIaBrL8/spBlZjJZJjOB9+u6vGqeeZbv8zxjox/u7313qqysrBQAAAAAAAAAtLHO3i4AAAAAAAAAwPmJ8BEAAAAAAACARxA+AgAAAAAAAPAIwkcAAAAAAAAAHkH4CAAAAAAAAMAj/LxdAC48JRWVCujcydtlnBcyzAcabYsw9laE0eiFagDPKbbZlGM5LJvNpmyLRZIUExUlg8Gg6KhBCjUYvFwhAAAAAMARwke0q7RvT2jdoVNKio/QlIFBIoJsnmKbTVtSt2pLSmptAONIqMGg+OEmJSYk6PKE0U0GMwsWPuowyHTkLy//WTFRUW7tu2BhssvPp06epMQxCQ4/W7J8hbIth926zgtPLaq+nvv3IZ0Lr0JDDYo3mRRvGubWvWWYzU3eW4140zC98NST9bZNnDK12ce6ez1JmnP7LMVERTXreTiq0xlPndeRLalbtf6DDS6/75IUYTQqcUyCrkka5/b3EwAAAADgeYSPaBe5P9q17JM8bTYf05iRA/RB3hltt5ZoysAgJRoDvF1eh5C2I10vvfqaim22JvctttmUtiNdaTvSFWow6N2317RZHVtSUhVz+2y39s0wm11+nmOxKH64yWE4mm2xNCtIbIm6gVbajnRJVYHk1Osn65qkcR69dnM19SzrsrnxHfF12RaLXnrltSZDxxoFVqvWf7BB6z/YoFumT9PMGdM9XCEAAAAAwB3M+QiPKq+o1JLUXP32f/Zos/lYvc+OnanQ8m9O6yVzsbJOlXmpwo5hc0qqnnjmWbeCx4ZacowrW1K3ttm5im02rVm7rs3O1xayLRa9+MqrWrAwuc2fHdyTbbHowYXJbgePAAAAAADfRfgIj9mwr0BTX92tlZ9953K/Az+V6emMYq3OtutUaWU7VddxFFiteunV1zx6jea0qdaMqmwr6zds9MmQKcNs1t3zHmhVAGkICXH4bKOjBjV5bHTUoBa1D0dHDZKheiRpTFSUDCEhbX4tT523xkuvuDfCFwAAAADg+zpVVlaS9qBN7c09qWWf5Gn34ZMOPx8zcoCKu3dz+Flgl066YWCQJvYL9GSJHcrjTz+j7ek7nX4ebxqmeJNJBVarCqxWh63Km95f79a1br3jLhVYrU3ud03SOM2fe1+T+2VbLLLZbE3OVxhvMtXO21hXsc2mJctXOBxtaQgJ0arlSx22bLuakzDeNKz2749arbJajzncr0ZMVJT+8vKfHX7mau7HqZMnaU4T7enO5n68PGG0Hn/kYYefubq3d99e4/B5rF67TmvWvePwmMce/oPTeTeb4onzbk5JdRm2R0cN0iUmk6Sq71d2jkW206fr7UPbNQAAAAD4DuZ8RJs5VlSipZ/k6f0vj7b4HGfLK/WOxa40a4luGBikS3v6t2GFHdN+J0GTISRELzz9ZKORZc1ddKVGtsXiVvAoyWUYWpe7o94yzGZtTknVhPFJ9baHGgxOV+6OiY5q0QrHDRc/qZ0rcMNGh/tnWywOa2uKoRWrL7d0wZSWPI/QUM+sEt3S87qa2/L39/13o/fgKgAFAAAAAHgfbddoE3/7/Iimvrq7VcFjXd/ZyvXa1zb9JdOm/NPlbXLOjijDbHbafho/3NSmq/puSUlttM0QEuJw4ZW2br2WpDdWrPRKq22E0ag5t8/WnNmznO5DuNV+nAXghpCQZgfAAAAAAADvY+QjWuXjg8e17JM8WY6dbnrnFth9vFS7j5fqP/oHasrAIPl37uSR63REzlY0rhtIxle3p7ojzcFoxvjhJiUmJDhse96cmtridl1Him02rf9gg9faZadeP1lp6ekOR41WtbObm/U80TLORu02bK2uEWE0Kt40TBFGY+0o2UuG854AAAAAwFcQPqJFMn8o1rJP8vTZN4Xtcr1/HzmrNGupbhgYpLF9Atrlmr4uw3zAYTtwU/MMOuKs5ToxIcFpwLg9faeKbbYWtfo6s2bdO5owPslpq7WnXZOU5DT8+mo/4WN7MBp7O52H86VXX9Pv7/vvetsmjE9iRCQAAAAA+DDartEsxWfK9OdNObp16b52Cx5r/FRSoTezTuvZ/cXKPFnWrtf2lqbmDXzp1de0YGGy23MwOuOo5VpSbfB4ecJoh5+3deu1JL34imdX9nbF1Yg5V3MRou30cRE8b05J1a133KUtqVtZDRsAAAAAOghGPsJtf9/5vZZ9kqeTdu8Gf9+cLNPz+4v1i4gA3TAwSOGB52+GHhMV5XIkmFQVimWYzQo1GJQ4JkHXJI1r9gg9hy3XpmG1oxovMZkcBpxp6emtGnUWHTVIOZbD9bZlmM1K25Hepi3d7mrLEZcZ5gPMFdkCiQkJLhdMKrBa9eIrr1btOyZBiQkJDuclBQAAAAD4BsJHNCnt2xNa+mmeDuYXebuUej4vKNF2a4mmDAzSpAFB3i7HY349ebKWrFjZ5H7FNps2p6Rqc0pq1SIqs2e5FeC5armu/fsxCQ5raG3r9czp0/XXFSsahatLVqxU/HBTm7Z0uyveNMxh+NUwJG1KTSiM5rlmfJJWr13ndI7HutJ2pCttR7qWLF+hqddP1g2TJ3nlOwMAAAAAcO78HTKGVsv90a5H3z2keW8f8LngsUZ5pfSv3DNa+GWRdh0v9XY5HjH1+snNHtlVYLXqiWee1RPPPNtke2rGfscBWd3gMsJoVHTUIIf7OWvZdkdoqEG/m914jsoCq1XrP9jQ4vN6Am2+7SPUYND8ufc165him02r167TgwuTlW2xeKgyAAAAAEBLED6ikfKKSi1JzdVv/2ePNpudt/v6kh9Ol+uvmTa9ctCm3OJyb5fT5ubPvU9TJ09q9nFpO9L1xNPPutzH0UrWRmPvRi3Ilzhp5XZ0fHMkjklQvGlYo+1r1r3jcESmtziqEZ6ROCZBLzy1SEZj72Ydl22x6MGFyQTFAAAAAOBDCB9Rz4Z9BZr66m6t/Ow7b5fSIl8VluqJfUVam2OXvazS2+W0qTm3z9YLTy1qdghWM4eiIwVWq8ORYlckNG7XdtbC7axtuzmcjXTz5uIz8K54k0l/fXmxbpk+rVkhZLHNpjVr13mwMgAAAABAczDnIyRJe3NPatknedp9+KS3S2kTW74/q+3HquaDHN830NvltJl4k0kvPPWkCqzWqvnu0tNdLs5RIy3d8QIuzkLJDPMBLViY7HZdaTvSNfX6yW7v31CE0ahbpk9rtECLN+ZMdOd5uuOapHFNLsbTnGd8IQo1GDRzxnTNnDFd2RaLtqSk6iuzucn5N7ekbtWc2xu38wMAAAAA2h/h4wXOeqpEyz7N0/tfHvV2KW2uuLRSb2XbaxelGd7D39sltZkIo1FTr5+sqddPVrHNpvUfbHC5srKzQM1Zy3Rz583bkrq1VeGjVDW35ebU1EaLz7RnAOlqBGeig9GgrkQYjc1edRzOxURFKaY6UMwwm/XX5SuchpDFNpuyLRbFREW1Z4kAAAAAAAdou76A/e3zI/r1a7vPy+Cxrpyici0+YNPSQ6dVYK/wdjltrmZ02JzZs5zu4yhUc9Zy3RLZFkurzxVqcLz4THtyNhJUkuKHEyT6ipoRwK7asW3M+wgAAAAAPoGRjxegjw8e17JP8mQ5dtrbpbSrHcdKtONYia4fGKQpA4PUydsFuWFzSqq2pG6tN/rvlunTNHPG9Eb7XjM+SUtWrHT73K6CtpbYkpJaOzKtpWoWn2mr1ufmWr9ho8PthpCQC24U3cQpUyVVjeCMMBoVEzWoTVqZXZ0322LRkuUrlWOx1C4aE28apheeerLReUINBvUxGhuNlAUAAAAA+BbCxwtI5g/FWvZJnj77ptDbpXjVB3lnaluxE40B3i7HpQKr1e22Y1ctw44WqXHWcu1qrsLiYpueeMbx6tlp6TvbJJyaP/c+3XrHXa0+T3O99OprTp9ha1vKO7ICq7X6ubTtAk6Ozmuz2ZrVZl/gIniMvsDCYgAAAADwVYSPF4DiM2Va+mme1u343tul+IxjZyq0/JvTtSFkbNeO/Y9Csc2ml1ysDN1w1J6rluup1092OcovOmqQw7n2as7Z2hGCzhaf8ZQCq1VLVqx0OhLUEBJyQYePbam4DVuhXYXFRmNvhRoMbXYtAAAAAEDLdezEBU36+87vteyTPJ20l3m7FJ904KcyHfipWOP6BmrKwCB19ff9Zuw1695RhvmALqmegzDbYlHGfrPLYKfhStfOgj2jsXeT4WFiQoLThT7aovVacr74jLtcjYiru8K0rXphElfm3D7baZBVXNzyMK2lc2TabM2fLsHV/IdVbf3129xdjaJtj/PWlWE+oLvnPaD44SaFGgwqsFr11X6zy3NNSHK9yjgAAAAAoP10qqysbNteOviEtG9PaOmneTqYX+TtUhoZM3KAirt383YZjQR16aQpA4M0sV+gt0uptXrtulaPALw8YbQef+RhSdL6Dza4NS/knNmzGo32czT/pDO3TJ+mCeOTtCV1q77ab3Z6TExUlCIijJo6eVKjlaHTdqQ7bfGWHM8FuGBhcr35AlvL2fyajuYmdCQmKko3TJ5Ur4295lh3nmPdd7dgYXKdVmXnQg0Gvfv2GknSkuUrlGE+0CYLC9V93p46b4bZXC8cbglDSIhWLV/KyEcAAAAA8BGMfDzP5P5o17JP8rTZzCIMzXWmvFLvWOy1rdiX9vT3dkmtFh01SPPn3lf7s7uhnKP9mjP/ZM3+q9euc7lPzSrZ0YMGNQofW7L4THPqc8UQEqI5t892Ovelu3MTZlssjcLC5sxrWHdkobvH1H13bbEKuSOeOm9rGUJC9MLTTxI8AgAAAIAPIXw8T5RXVGrZJ3la+dl33i6lw8uzleu1r236eS9/TRkYpH4hXbxdUotcnjBa8+fe16GDmPlz79Pv5t4v22n3Wo2Nxt6tXv34mqRxmjljuiKMxladB+2rJmi/0FYlBwAAAABfR/h4Htiwr0DLPsnT0ZNnvV3KeWX38VLtPl6q/+gfqCkDg+Xfuf1rmDljuhLHJGhLSqq+MpudzrVYwxASosQxCZowPqnRSEKpajGXuitfH7VaWx3WeVKE0aip1092u/W8j9HY7PuJNw2TwWDQJSaTEsckEDp6UbzJpFXL3lDajnSlpae7Ner18oTRSkxIcDpKFQAAAADgXcz52IHtzT2pZZ/kaffhk94upVl8dc5HV3oEdNaUgUEa2yfA26Uo22KpbcfNzrEoJrpqpFeE0ehTwVmxzaYcN1tzfa12+I6681zW/b4bDAZGOQIAAABAB0D42AFZT5Vo2ad5ev/Lo94upUU6YvhYY0g3P00ZGKS4bgwaBgAAAAAAaArhYwfzt8+PaNmneSopq/B2KS3WkcPHGldGBGjKwCCFB3qhFxsAAAAAAKCDYPhWB/HxgeNa9mmeLMfcW3gDnvVZQYnSrCW6YWCQfjUgyNvlAAAAAAAA+CTCRx+X+UOxln2Sp8++KfR2KWigvFJ6N/eM0o6V6oaBQRrVy9/bJQEAAAAAAPgU2q59VPGZMi39NE/rdnzv7VLa3PnQdu3IJeH+umFgkCJDu3i7FAAAAAAAAJ/AhHU+6ujOR3Xixzxvl4Fm+OmMTSlZK7xdBgAAAAAAgM8gfPRRF4UUa37If+qFUSky9aU73pd19Zcu75quiNO3ylCxx9vlAAAAAAAA+AxSLR83omSlRhhX6t99ntCbh+J04nSZt0tCHSO75cqv+GmVnzrp1TqKbTblWA7X2xZvGualagAAAAAAAKoQPnYQ/1HxmMZdPEBv2R/ROwe7erucC15c2Cn1KvtflZzcLm9Nmro9fac2p6YqO8eiAqvV4T6hBoPih5sUbzIpMWG0IozGep8vWJjcZvW88NQiSVK2xaIly1e63Hfq5ElKHJPg8LMly1cou0GQ6khM1CDNuX222/u3xAtPLXLrftxVU3ONlj7/S4abFGE0Kt40rNE7BQAAAADAlxA+diDBZd/pdv/fKenn/6HVx2/W557JW+BC3+ByRft9pNKi1SrxUg1pO9K1ZMVKp4FjXcU2m9J2pFcds3yFpk6eVC/8yjCb27w+m83W5HkLrFbFDzcp1GBo9Fm2xaIM8wE3rlTZzP1bxp37cV/9qLql5617XLzJpJkzpineZGpVZQAAAAAAeAJzPnZA0aX/1mPdbtbjI9MV1dPf2+VcEAK7SAndMjTAfrNKi1Z7rY4lK1bqiWeedSt4dCTbYmnjilqmwGrV+g82eLuM80KG2awFC5O1OSXV26UAAAAAANAI4WMHdkXZq1ra///prvh8+XfhVXrKJV2P6rLOD6ry5NNereOlV187rwK79zZsbHGIisZeevU1pe1I93YZAAAAAADUQ9v1eeDGTg9q3KXxWnNqrjZ+E+Ttcs4bMaF29a1cq5JTm1Xu5Vo2p6S6NbLNaOytUIOh0eIzzrz79hrlWCxO5x40GntrQlJSvW0FVqu2pG51es54k0mrlr1R2x7uTLHNpiUrVuqxh/9Qb/sLTz2pDLNZm1NSHV7HaOytv7682GHL9rkahtW2IW9OTZXVeszhfrdMn9bkPblzP3WvVyPbYtH29J1Oa5Safv6GkBDFREfV/txUe/mSFSudzqUJAAAAAIA3ED6eJ3qWZmhu8GyN//l0rfphivbmV3i7pA6rV2ClhgR+qtJTS7w2r2NdxTab3nAR4hmNvTVz+nRNGF8/JFz/wQaX4Z9UvSCNi7kC+xiNmjljeqPtrsJHSYowGuuFZs6k7UhXhtncqIZ4k0lf7Xc8H2Ifo9Fl8ChJM2dMrz1nhtnsNHyse29fudivqfupmnex8XOaOGWqyzqbev4x0VF64akna38uttm0ZPkKp8+/wGpVtsWimKimnz0AAAAAAO2BXt3zjKl0nZ7vNUMPXmqWMYxsublGdftG0WdnqPTUEm+XUmv9BxtUbLM5/Cw6apD++vLiRsGjJLfCP1/w4iuvebsESVWhpq8LNRg0f+59Mhp7O93H5uS7AgAAAACAN5BOnaeuqXhG4wZ301tn/6Q1B3p5uxyfZ+r6o7qd/atKT7b96s+t5WqU4fy59zU5CtATXnhqkQwGQ5uMsCuwWrV67TqHIwfdERMVpaNWq9NRiy3RsN25pdryOdV1icnk9HtRXEz4CAAAAADwHYSP5zG/8pP6T7+5Svr5WK0unK2tObzuhgaGlGhg5/dUcupfKvV2MQ4UWK1OF2W5PGG0y1ArwmjULdOnKcJoVJ+IqlF9hjYKKl21CrfEexs2asL4JEW0YPThnNtna87ts1tdQ9325rbS1s+phqvnFBra/mE0AAAAAADOkEZdAAaUbtMjYdt09cjb9bfvrtE31jJvl+R1Yf6SKSRd5ScX+8S8js64Wr04McH1wiIRTuZr9EXFNptWr12n+XPv83YpHUKG2fkI3WjmewQAAAAA+BDCxwvI6LLlGt13ud7vu0grvx6s0yXeXsPZOy7rlquA4qdVfvKkt0tpkrO5HiXVjmb0pALrMa1Z947LfRyt9NwUo7F3ozbpLalbNWF8UpuPFow3mZpcJbq1MswHmnxO1ySNa9HIzoYKrFan93NN0jivtOEDAAAAAOAM4eMFaIqS9UtTlN6yPaT1h8K8XU67iQsrUq+ylSo5uV0dZS3wbIvF6Weeaumtq2Y+RldumT6t2bXMnD5dS5avkO306Xrblyxfqb+8/Odm1+ltGWazy9GIUlVI29rwMdti0UtOFugxhIR0mJGuAAAAAIALB+HjBapbuUV3B83R+JGTtco6XTu/83ZFntM3uFzRfh+ptGi1T7dYO3K+rlzcJ8KoqddPbjRaMNti0foPNmjq9ZO9VJlvybEc1oKFyZJct1objb31+CMPt8nISgAAAAAA2lJnbxcA7xpStkFPhd+shSN2q1/38yuLDuwiJXTL0AD7zSotWu3tctDAzBnTZTT2brR9zbp3XLabX0iKbTaXoyqNxt66Zfo0/fXlxW2+ojYAAAAAAG2B8BGSpF9WLtabkdP1X8O+93YpbeKSrkd1WeeHVHnyaW+X4jHnQ0C3wMECM8U2m5YsX+GFajqe07bT6tSpE/M8AgAAAAB81vk11A2tVKmb/BYo6bKRWnPybm3KDvJ2Qc0WE2pX38p1Kjm1Sef7cjo5FovH532MNw3TC0896cHzm3R5wmhtT99Zb/uW1K3tMqdlW7ll+jSvzLdYs0p4cXGx5tw+u92vDwAAAABAUxj5iEb6lO/R/NDZev6yf2tYn47xFekZWKkrun6insX/pRLbJm+X02ZcBXDZOc4Xo+lIfnf7bBlCQhptb2oBlwtBTVv1LdOnaerkSQ6fkySt37BRBVZrO1cHAAAAAEDTOkayBK+4tPwtvRwxQ/PiD6p7cBdvl+PUqG7fKObsDJWeWuLtUtqcq3n80hqMFnRkS+pWZZgP1P7lavVsb4kwGllgxok+RqNmzpiumTOma87ts/X4woed7tvUquQAAAAAAHgDbddo0q86PaVxQ3rprTOP6e+Z4d4up5apa6G6nf2LSk+evyPkYqKdh481C5G4Gh354iuvNtq26f31ra6rwGpVgfWYJCk6alCr5xycOWO6Nqemylp9zvNFWz+neJNJ8aZhyjAfaPTZltStmnr9ZBaeAQAAAAD4FEY+wi0hlcd1R+B/643LVuiKSO/OpjgwpES/CP27Qk7drdKz52/wKFWNCow3DXP6+ZLlK72y8MzmlFQtWPioFix8VL+56RZNnDK11SPvHC0+09E5ek6tbSd3NbfkkuUrW3VuAAAAAADaGuEjmiW6PFWPd79Vj434TIPC27cVO8xfurxbuvqcvlUlxf9q12t70zVJSU4/y7ZYdPe8BxwGWh1tNeyaxWfgWs3oR0dqRsMCAAAAAOAraLtGi/yicol+MWCJ/nHRU1r5dZTKyis9er3LuuUpoPgplZ886dHr+KIJ45O0fsMG5VgOO/y8wGrVgoXJijAaFWE0qk+EUUcLrG4vQOIqpLTZTjdq8bXZbI1Wp24rv7t9tjL2m2U7fbrNztkeC7FYjx1r9JwKrFZtSd3qketNnTzZYeu1JK1e+45eeKrjrBQOAAAAADi/ET6iVX7bZaHGxf9Ma4p/r//7NrTNzx8XVqReZf+rkpNpqmjzs3ccjz/ysH43936XoVzV/IJWZbg58K3AatWade/oq/3OD8i2WLRg4aPNqrUmdEvbke50nyXLV8pgMGjmjGn15qysWXxmzbp3mnXNhtJ2pGv9ho2SXK+aPXHKVEUYjUpMGK05t892uI87z2lzSqo2p6Q2u84nnnlWBQXOw9Ecy2EtWJisObfPqp3LcfXadS7D3wyzWXfPe0AGg0EvPLWo2TUBAAAAANCWCB/Rar0qvtG8kLs0/tKpWlVwo/Z93/pz9g0uV7TfJpUWrVJJ60/X4UUYjXrh6Se14JFH22xUYIHV2qLAzJ3zNjX/Y82q21/tH9ZowZyZM6YrLT3d6UhPd2RbLG63HxdYrS5XAffUc5LkMqCVqkalZpjNstUZnZphNje5arkvrmoOAAAAALgwET6izQyvWK8Xeq/X5t6/15vZo3SsuPkL0wR2lkaEZajy5NMq9UCNHVlMVJReePpJvfjKq60K5jqC390+WwsWJnu7DAAAfEZRUZHsdrsqKz071Q0AAB1Vp06dFBwcrLCwMG+XggYIH9HmJugl/TI6QG+XPqO3vu7j9nGXdDsqw+nFKjuZ68HqOraYqCj99eXF1W3FG5zO+9eQ0dhbVyQkaOr1k2u3RRiNniqz1eJNJl2TNM5jcyYCANCRFBUVqbKyUr169VLnzqwXCQCAIxUVFSouLlZRUREBpI/pVMkfn/qk07vvVemRDd4uo9XyOiVozU93aevhwNptY0YOUHH3brU/x4Ta1bdynUpsm7xRYpvqERKpaZe90W7XK7bZlLH/XBuuzWbTUau1dn7AmKgoxURHtWvQWGyzKcfNtt+aRXIAAIBzVquV4BEAADdUVFTo+PHjMvLfmT6FkY/wqIGV6XqkW7rGj/hP/S3/Wn177NyyMT0DKzUk8FOVnVrCvI4tFGowKHFMghLHJHi7lFqhBkOjeRwBAEDLVVZWEjwCAOCGzp07M0WJDyJ8RLtIqPybEi76m9ZH/FFfVl6kUd2+UaeTf1TZWW9XBgAAAAAAAE/hj1DRrv7foP2aO+KsLgnd5+1SAAAAAAAA4GGMfES76BI+UkFx8+RnHKsYSTG6WD8zjtfu3NU6XLjD2+UBAAAAAADAAwgf4VGdAnspKO5+BUTd0uizXoYYXTv0ceUc/0y78tboxGlWuQYAAAAAADifED7CYwJj71Rg3Dx18jO43C+615WK7nWl9h55R7vz1qi8orSdKgQAAAAAAIAnET6izfn3najAuPvVpdvFzTru0v7Tqlux1+jrgo88VB0AAAAAAADaC+Ej2kyXrnEKjLtf/hdd2+JzGAJ66arB8zTYmKTdeWv0/cmMNqwQAAAAAAAA7YnwEa3WqUuwAuPuV+Dgu9rsnBd1i9f1w59XZsEm7cpbLdvZ42127o5u4pSpbu0XExWlv7z8Z7f2Xb12ndase8ftGja9v96t/bItFi1ZvtLt89aIiY5ShNGoeNMwxURFOd1vc0qqtqRudeuc1ySN04TxSS2qreGxDXninQAAAAAAcD4gfESrBAy6WUEX369Ogb09cv64iIlVoyBz12jvEffDMVSFawVWqyKMRq/VYLPZlGE2N/u4usdEGI2aOWO6rkka12i/AqvV7fPHm4a1uLaGx7aUL7wTAAAAAADaU2dvF4COyc94pULHvqvgEU97LHis0aWTvxIG/ZemXbZUMb2u9Oi1zjdpO9K9XUKrFVitevGVV7VgYbKKbTZvl9Nq58M7AQAAAADAXYSPaJbOREoqAAAgAElEQVTOhoEKHrlYhsQ16hL+83a9do+QgbombqGuHfq4eoXGtuu1O6r1Gza6tZ+7I/EMISFtNgqwuTLMZr306mteuXZbjlR0t00cAAAAAIDzQafKyspKbxeBxk7vvlelRzZ4u4x6AuPmKShunqRO3i5FkpSR/y/tzlujkvLT3i6lVo+QSE277A2PXyfbYtHd8x5wa9+/vPxnl/Mm1pVhNmvBwmSHn02dPElzbp/tdo2SVGyzKcdiUXaORUtWOJ5f0WjsrT7V4d5Rq1VW6zGX53zs4T8ocUxCvWssWb7Caag3Z/YsTb1+stPztdU9e+qdAABQUFCgiIgIb5cBAECHwO9N38Ocj2iS/4CpCoq7X50Nkd4upZ74fr/Wz4zjtStvjQ784FtBradtSUlt1r4xzQwNHTEYDM0+JtRgULzJ5HKfCUlJmjljeu3PBVarHn/6GeVYDjvcf3Nqar3wMdRgcDkyMSa65SFfc+7ZG+/EkQKrVQUNAlyDIYSwEwAAAADgFbRdw6ku4ZfJkLhaISNf9rngsUaQfzddGXOPpl6yWAN6jPR2Oe0mLX1no22XJ4x2e19fFmE06vFHHnb6+XYfvR9feSebU1K1YOGj9f5asnyFx64HAAAAAIArhI9opFNgTwVf8qRCx66Xn3Gst8txS0TYxfrVsKeU9LMH1TWor7fL8aiaFZMbmpCU5DDsKrBalW2xtEdpbSbCaFR01CCnnzu6f2+6EN4JAAAAAAAtQfiIegJj71DYNZ8pIGqmt0tpkZ8Zk3TTz/9XPx94i7dL8RhH7b2GkBAljklQYkKCgyOk9R90vLb0UBctz74WPl4o7wQAAAAAgOZizkdIkvz7TlRg3Dx16TbU26W0iZ8PvKV6PsjV+tbq/lx8HYGjlt344VXzKl4y3PH8ir7aqtxS0T42fyHvBAAAAAAAxwgfL3BdusYpMO5++V90rbdLaXNdg/pq/M8e1M96j9fuvNUqKMr0dkmt5qy9t2Z0XU27csPFWoptNqXtSK+3UIuvyzAfcPqZq1GRDW1J3eryXK0dRXkhvRMAAAAAAJqL8PEC1alLsALj7lfg4Lu8XYrHDegxUgN6jNSBHzZoV94anSk96e2SWixtR7rD7XUDrEtMJocrRaeld5yga/XadU4/c7aIizObm7EKdUs4W+W6Pd7J5pRUWY/VX9naUdBaYD2mNeveabT9lunTWnxtAAAAAADcQfh4AQoYdLOC4u5Xp6De3i6lXQ3rO1mDjVWjIDPy13u7nBZx1KobHTWo3kjAa8Ynaf2GjW4d60uKbTblWA5rS2qqy8BwQlJSO1bVNEdhX3u9ky2pqS5HddYosFodBrqEjwAAAAAATyN8vID49f6FguLuV5eeP/d2KV4T0CVEiVF3Vbdir9Hhwh3eLsltzlZIbhjGxURFyRASItvp0/W2F9ts2pySqgnjfSu8W7PuHYej8hyJNw3zqdGb5+s7AQAAAACgrbDa9QWgc8gABY/8swxXvHVBB4919QqN1bVDH9c1cY+oR8hAb5fjFndarl1tk6rafDuq6KhBeuyRh71dRj0X+jsBAAAAAKApjHw8zwXGzVVQ3P2SOnm7FJ8U02usYnqN1d4j72hX7mpVVJZ5uySntqRudbj9xVdea7TN2SIq29N3qthma9aCLb7gmqRxmnP77BbVPWf2LMVEO18dOzvHoiUrVraorgv5nQAAAAAA4A7Cx/OU/4CpCoqbp86GQd4upUO4tP80De6dpN15a5RZsMnb5TTirL1XkjLM5madK21Heodo8zWEhChxTIImjE9SvMnU4vPEREe16nhnfOGdXJPU+NlkmM2N5oE0Gnv73FyZAAAAAIALA+HjeaZL+GUKipsnP+NV3i6lwwkN7K1fDr5fP6telOb7k/u9XVItZ+29LTpXum+Fj/GmYfUCtEuGm2QwGBQT5Xy0oi/whXfi6JjVa9c1Ch/7GI2aOWN6i+sDAAAAAKClCB/PE50Ceyoo7n4FRM30dikd3kXd4nX98Bf0dcFH2p27RraS494uyWl7b0tsT9+pAqtVEUZjm5xvwcJHZbOdlqG6bTgmOkpzZs9y+/h4k6lDBmO+/E4AAAAAAPAVhI/ngcDYOxQYd786+TFnXFu6OOLa6lWxV2vvkb97rQ5X7b23TJ/m9DhH7bc10naka+r1k9ukPkn16sswm5sVPnZEHeGdAAAAAADgCwgfOzD/vhMUGHe/unQb6u1SzltdOvsrYdAsDTaO1+68Nco5/lm71+Csvddo7O1yxGC2xaK75z3g8LMtqVsJulrB2TuJjhrEOwEAAAAAoA7Cxw6oS9chCoy7X/4XXeftUi4Y4SGRmhC3UIcLt2t37hodt2W327XXb9jocPsVCQkuj3M1Z2K2xdLsNl/rsWONRu3ZbDanI/k6iuJiW7OPcfZOLmliYZu2ficAAAAAAPi6TpWVlZXeLgKNnd59r0qPbKi3rVOXYAXGzVPg4Dleqgo1vsr/l3bnrVZpub3e9h4hkZp22Rttco0FC5NVYLWqwGp1+HlMVJQMBoPm3D6rUai1ZPkKZVsON7nqcqjBoOefWqTsHIu2pG5VjsWiYlvzw7iGNr2/XlJVe/L6DRuVtiPd6X3UvRdJeuGpRW5fZ3NKqrakbnV5n6EGg6Kjoho9p5pjm7rneJNJ1ySN04TxSe36Tlq64I6j+jrCAj4AAOcKCgoUERHh7TIAAOgQ+L3pexj52EEEDLpZQXHz1CmIUVG+4JJ+v9bPjEnanbdGB35wPAqutZoKqWrmHLQ5CM6yLRa3RiQW22yy2WwqsFqbvF5LFFitWv/Bhib3czZ/ojvnb6ruYptNGWZzo+fk7j1nmM2KNw2r/XtX2vKdtFSE0cjoSQAAAACAzyB89HF+vX+hwLh58us5ytuloIFg/+66MuZe/az3eO3KW60jP33p7ZIAAAAAAAB8CuGjDwu+7M8KGPgbb5eBJkR0vViTTE/rG2uKV1fFBgAAAAAA8DXM+eirKsqkzmTDAAAAFzrmrgIAwH383vQ9nb1dAJwgeAQAAAAAAEAHR/gIAAAAAAAAwCMIHwEAAAAAAAB4BOEjAAAAAAAAAI8gfAQAAAAAAADgEYSPAAAAAAAAADyC8BEAAAAAAACARxA+AgAAAAAAAPAIwkcAAAAAAAAAHkH4CAAAAAAAAMAjCB8BAAAAAAAAeAThIwAAAAAAAACPIHwEAAAAAAAA4BGEjwAAAAAAAAA8gvARAAAAAAAAgEcQPgIAAAAAAADwCMJHAAAAAAAAAB5B+AgAAAAAAADAIwgfAQAAAAAAAHgE4SMAAAAAAAAAjyB8BAAAAAAAAOARhI8AAAAAAAAAPILwEQAAAAAAAIBHED4CAAAAAAAA8AjCRwAAAAAAAAAeQfgIAAAAAAAAwCMIHwEAAAAAAAB4BOEjAAAAAAAAAI8gfAQAAAAAAADgEYSPAAAAAAAAADyC8BEAAAAAAACARxA+AgAAAAAAAPAIwkcAAAAAAAAAHkH4CAAAAAAAAMAjCB8BAAAAAAAAeAThIwAAAAAAAACPIHwEAAAAAAAA4BGEjwAAAAAAAAA8gvARAAAAAAAAgEcQPgIAAAAAAADwCMJHAAAAAAAAAB5B+AgAAAAAAADAIwgfAQAAAAAAAHgE4SMAAAAAAAAAjyB8BAAAAAAAAOARhI8AAAAAAAAAPILwEQAAAAAAAIBHED4CAAAAAAAA8AjCRwAAAAAAAAAeQfgIAAAAAAAAwCMIHwEAAAAAAAB4hJ+3CwAAAAAAdGBnflLekUKV1G4IUGjf/upj8GJNF6jiH3J01FZnQ1C4BvbvrgAvnQcAJMJHAAAAADh/2AqU94OtThBYJaBrhAYanaWBpSr+4bv6YZMkGSIU27fpBLHkyMd67vdvKat2S3dd/8fFumdk92aV3hGU/HhEeScaPl0nuhjUp1+EQluZ2DUKAiXJEKGBfQ31w8Dyn/TVO3/Un7bW2Xn4nVr26HUaGNSMC7bVeQCgGuGjL6ook91mV1lRgbKsRQozxqpfrzAFd8A/ZrJ+/KJe/LifZj07Q3ENPzSv0oNrzuiGhXcqMaz11yqz5+vwIauKJIUZ4zSoT7D8PDKxgFmrHlylE9f9QXPHhdf+fGZqsu683NGNlMleZJcCa96hVSkvvqhtMffoiamRkqqf0xexuuexGxTZkpLK7Mq3ZMpqk4LDIxXbP9xD9w4AAABfdiLzfT34pw91osH2PpMe1euzRiq0i4ODygv1+Yo/aPGu0nqbQ8c9pOX/PUY9HB1zQbIpe9NzmvfOEfd2N4zRH15+SOOMrbikoyBQknperUUv3KPRPVtxbgBoJ4SPvuj4p3r9xU2y1t3WOUyxk+/SnVe05jeXl1TkK98qxTkqveKU7HZJrQwfrVtf0csf5qvML1hhXewqOivJL1I3/P4eJXroF3J+/veSwmt/PmVzciPW6vcZf6uev8VUu9luK6q/n+2UGmxxz9EUvfLqJuVX+CnMIBUVlUlhl+rW+TNkCm7JCesr+3aT3viwVJPum9SyYBQAAAA+olR5Hy7SHUv2V/3YZYjuXLxIv+nfurMG9L9aDz1h0LKXlmrnqdZXCTf8uFtffPuTRvesM7q0S3ddMi1Zfwhbqmc/yGn5uavP88fuS/Wn9a04DwBUI3z0YcYJ8zX/aqNUUaS9b7+ote+v1MaoP2jSRd6uzMd8v1ErP8xX+Li5mnddv6ovdYlV5oN2xfjCnwT2ulQ33BSuMmNM25+7JFNr39ikfON4zb13ovr5SWXfb9Lrr6Zo1apIJd+V2NpcV4W5+5V7xNiyYBQAAADtqkfcFD35xAC9/dJSfXFKkvw14qaHdMe4OIXKpoM5353buTxHB3IKNTkyXL+Y+YDyjj+ndy01xzygO8YObzzqscSmo0VSn5512rGDumtgdH8NMKjp8LHcphO2APXo6u96P9tPOqHu6uHuvJHlpTrxo02Gnt0V0KXB9lNSjx5NXK/6mkfLDerTVG3VBo6dolHlO/TuFwVVGwKide2vhuhoyofa5+Q5FJ/4STJ0d78Vu0t3XXLjQ7rT/pyW7qg7+vEnpe/I1IlR9UemhvaN1sUDeihAatR671ipiq02BTR4bqF9oxVzkYPzlJfqxKkS9XDzxRRbC1TaNUI9mmjXLrYe0dFTJZIC1LN//yb3B9CxED52BJ3DdOnYUdqYsU3Zhwqli8KlskKZP9mm/cftCosaq6tG9VNYZ0knc7VtV74ixyYqMkBSiVWZB/NlD4vUpTFVo/SK8vYq63Q/DY8zyk9lKvw2TWl78lUUFqOxY0erX3VaVZZnVqYhTqYeduVnfq38oghdnBCpsIoi5Wfs1K5Mq9RruMb+0qTwut+konztTd+l/ECTBtnL1OTXrKxQWZ+ladcpY+31y6xZSjtUJNMVlyq8pn34RJb25pap39A4Gev+si4sVKEkU99+564UYJRpRJ19SgqVm5WlrEPZsgb006gxiYrtWb33yVztzfdT3NAI2b/9UnvNVvnHJ2psTHidE1Q/J3Op+o30V5mzW/kxS1/uNcsaNqr2nRQdyVWRgmUMa94wxKIjO/Xp59kqCjQqxjRcl8UYG7VSF+1K0V5bsEbfVBU8SpLfRRM1dmiK1h7MVb4Sq9rdq99J5nHJaBqrq0zh1c+qTNbM/ToVcali/fKVuW+vMs/206grLlW/4KrvSub3dklFytq3V6VBNd+bqntN27FL+UVhivnFVRrdv/qLU5Ir8zdhijOFy34kU1/nn1JE3GhFdmvW7QMAAKAlDBGKHXqZrhzqry92lEoqVbF6VM33aDukg4d+qrNzqb7LtapEEQrtYVBpTbbVJVqjx4xUbN/qEK7cprxd7+nN1f/UF7Udx/6KnfBfuvem63Rxj6aKKtWJgx/rzdVv6aOD5wK0HkOv1m+nXKeJo6Kr2sFP5Wjr+2/rzX/u0dGanYKiNW76TbrtupHqE1SqvK3/q2WfHKkOxAJk6B+nwSW79c/Nh1Rc9QA04sZ7dc84g3a9s1RLt9UU3F1XzH5A/33tcPWo+98SZwq088O39bd125R1pub++2vczDt1168a7FtPd4345XW63nZCm74oqLp2z+Ea9x9jlZf1ofbtP7dn8ZE92vDOm3pzW5127f5jNGPmzbpxVH/HrfB1hHaVfjzScNJH6cTOT7Xvx5EaZ2wiLC236ev1S/X2vhO1z61H/ziFn/hUG744UhsuDhx3px6YdZ0u7urgHAV79O7ij5W6I6d6f39dPPUBPfDbMRpYL4cs1dE9/9baf/6j3ruW/NVnxFUa98urNWXskPqhdrlNB99/UskbCyRF6DfPvKQ7h7JaEXA+IXzsKAL8VfsrxW7WqudXydw5UqbBwcp8/xVt2z5R8+8bL2PnfO3f/J6yuo/WrJ/7SVkpWvn2XqnbWIUvnKRIFWrnv9ZqU/gMXRpnlPXj1/Xix6cUOTRWYZZNeuWz7Zr4wFyNN5Ypa8c/tOrLSF1qytXeDLs06AYlJxhlfvtFrToYprj4ftK+t/XsF8M16+EZigtQVQvwy5uU7x+msKC9Sjtpl+SqVdyqTa8+Kz9DmPztRdr72S7d8PA9SlSudm7YpKzg4VX3ISn387Vau/ti3Tkirv4ZBwxSP5llfn+pNvrdoGuHNgzpMrX2jyu11z9Mxr7h0g97tfezvdX3Kem7T7V2VbbCwkpVZPevatvevkvWO57QjYMlyS7zmme1KqNUwd2CtffLIoejAIu2v6E/brbL3yDZbWna9X3VnI75e97TP7bbVdag7doV69ZX9OKHBTLGDVe/kkylrtol6+8aj3rNteRKMimmwaDKuKtnaVZSv6rg0W7Wqj+vUqYhTsP7S3vfflbb4mcpeXqc/FSo/RvXapNto8LsRbIbgqWibUr7xq7kuxOVv2ejPv22SJK/srZt1P7g8YqMMyr8aIpef3mTTvU3KbZrrjb9zyJtnzhfc8cZVZazS/9YtVORl5mU+6VZdkXqhuTRtGwDAAC0l4BwDYgeIO2oapnNO3RIR0ui1ed4pvY1mK4w72COjp4ZroEncvTtj9Ub+w/X0F7ngsevP1isB9/c02AkXamyNi/Vgyf89fqDV2ugs1rKbcr6cLEeWranOhw858TBj7X0iDTg1Xs0wrZNf35isbZaG+x0Jkdb33xSuzLv0eL7L5fth/3aWfcm9u3RF/UOsGnfP5/THf9sWMhP+mLFc5LhJf1hfETVQi1njuij15O1eNtP9XctP6Ktb/5RR8tf0vM3RtdZ1MWgi296Te+Oq1oAJrRvuLSnwWX8B+jKOS9p6JkA9ewfobP739T9T76vvIblHNmhtc/s0dczFyl56hCXAWRx7p7a0Ddg5I2aXP6+3t1XKtn26LMDhbrCGNHEKtSlKszdo5376oSB+xoWLuVtXapH7f56/fdXq0/DE1r36KN676ZUX69/TovK/6TFtw2vqr/cpqz/W6yHVjR+11Kpju77WGsLDBoxcoh6OAo4AZy3WJKiQ7DL/HGaChWumCHhyk/dKLMtVjfOv0e3Tp+l+beOVvD3m7RxX5kU1k+R3aTc3MOSJOuRXCkmVpEnrSookVSRq/zvpciYWKlkrzZ+nK9+v5qne26doVvvvVVjw/K17bMsSX6KG5uo8IpM7T2eqLlPP6/n705U2Pcp2pghjb51vmZNn6FZ992gONtepewqklSmvR9tUn7gaM16IlnJC5/QvKvDXd2YpGCZpj+hp5OT9cRDk9SvIlfbPs+XjLGK6yZlmvdXjzK0KutQkTQ4TrENT9FtrGbdlijj2SxtW/WiHnl0kV5fv1eFtcMT4/Tbx57W84uSNf/uezR//iT1q8iX+UBhvWfcdcQsJT/5hJKTb1Sc7DqcW/3b9fsUbcywq9/kh/XEwmQlPzFDjiJEe9ilmpX8tJ547GFN6i/Zs7NklRQ39Z6qkPNogRr+u5Rjhdr/Vb7U8yrdOmuGZtx6j/6wyHG7fWlF1f/6N/gnOfiiOMVVj0TMT90oc8Vo3frALM2YPkvzfh0n+5cp2lkvQe2niQue1tPJT+iuK8Okw1nKlRQ3NVl3XWWUdJGuvS9ZyXckKrzmPV80SfPuvVUzbr1Ht14RpvxPtilLkl/cWCX2lDL3nVDivKf1/PP3tMmCQgAAAHCXv/oMGaI+1T+VHM7RUVupbD8c0XflDXbN3a+sE/U/6zEkTn2q216LD72n/6kNHg26eMKNuu3GsbVhY8lX27TPWipnig+9p8V1gsfQoVdrxk1TNLruaILSAn3x9tJzwWPPkbr+pps1Y2z0ufPseEvv7jutPkOv1rVDG6yi3WO4rp92o8ZFNbi4caR+M22Krqid09KmXV98qaMlUk14+npN8BgQrXE33qwZE4bUBnlff/6l8hoPOFRo32jFxkarj8HBiMMu/urRP1qxsf3Vw5ahtUvPBY+hQ6/WjJk36tohNceVat8//qHPf3D+/FRu08EdO6pHgho06sqrdO3Y+OoaS7Vrx34VNtVf3cWgAWNu0LioBqMJAyJ08dAh9VawLt7xvj7KcnDTktR3pH4z7UZdG3vuvvN2bNfB6hbz4qz3tLhO8Nhj5HW67bbbdFudZwrgwsTIRx9m/fQNLUqX7EVFKqvwU7/r7tGkiwqV8vdCyThKg2q6eOPiFKOdyrYcli6L1aBIadt3uSrUIB0+UqhI00RFfP+e8nKl0cpWtsKVGBMmZWUqs0KKLMzS3n1VpyoLk+zf5apQsQrv7Cc/Saarz7X0Fh7KVqH8dLpgr/aekaQiySDlfpcvScrMlGSKU1xNGNa5qa9YmPpdVH0j3eJkMm7Uph+tki7V8PgwbftivzIrLpXJlqVMqxT3y0ZrZledZegNmv/keOXvStF7H+9U7va1evabXN15/w2KDZD8Au3KP5il/KJS+QcWyk+Svbxu87RRpoTYqtb1gJB6/2BU3bNRE4dUJ2idHbc1GE2jFRtWdU/h4dK5XpHmClfc4HBt+jRFb/yPXVdNHKvEweEO/2FtGDo2VqjMbwulgNOyZuyVXZKKpGDlKvc7KXFo9W4xozW6ug09OLip9vCsqvfcv1BZ+/ZWbSrrKtnzlfujFNtT8usiyTReEy/i/2IAAAC8IXRAvC7u+qGOnpL0Y6YO/lCogMzM2mAooItUUi7pTKa+zilQn5yaz/w1eHB/GbqoaqXlzR8rq/qYPpPu12OzRqrHT3t0dOs25f0oqbz6L0fKbTq47dzxASPu1OKHr9NA/5/0xQ8fa6e1KuQqO/6lPtpVE3hFa8ZD9+u2IQapZIzCbQ/o9T2lkn5S+p483TZniu4JLVXW79+qPm9/zXjwId021KATg3/Svic/rlrpu8sQ3fnIQ/pNlHQ04oh2vVoVoJYcL5SttOq+U/+9vzZUHfffD+qBsREq2V+sLzYfqg4Mz8pFLNikowe26fOaQNV4nR568E6N7iFpbIzO/v45bT0l6UyGdn5bqGv7Rzg+iS1Hu/ZUzylpGK4r4yLUp3yMRgTs0c4SqeTLbdppvUrX93fVeu2vgWNu1F3+hdpXsxJ60Ejd/9JDura/v0pyP9SiB5dq5xlJOqJ9WSdUMrRBPT3G6o9/uldXGP1VPFI6+OA/q57RT1YV2kqlriU6uLX+u37+wes0MEgqPnhCH20+VP8/j2w5Wrvw93rT0rDWAr378C16t7ru0fe8puQJTY3sBODrSAZ8WNjgqzQpPkwKCFdkVD+FB/tJssrZhIN2e9UkJZFRkVJGvnIrDisvN1gRVw7XwMi12n6kUIXKlz04VjF9JB2v+lWav2+jNpprr6qwuH5yNl6xrLxUUpEyt21Ubk3w5RemyL7hkqy1I/FapdiuIkmRcRcr+LP9ysyWTGezlKtI3TDExVe2c5j6JdygexImKX/z63rl4zRt2jVesZfblfLqi9pkNSouvp+CVagiuf/lr7rn9tXvV3N1T9d/6B+b07RxWZo29hytWffdqLgGuWBQcLCkMp2umpvZgbKq70tRpj79v9zarX7dItWvV0urK6t6z9/v1cb/OzeZTVi3i9Wvyfl+AAAA0C7C+mvoYH9t3VMq6Yi+PnhIOljdu9tzrG4aW6A31x+SZNO+/fvV54fqgEsRiokMrfpXy1PZ2negpiXZoJiIUu378C199uE/9UVti/YQDXa2mEtpgbK/PdfSPHTM8OoRld11ybQ/6fVJpVKX7gr64Z/Kqhm913e4RvStHqEXEKGhQwdIe6rax0/kHtGPpSNVb/yeob8ie1Vt8TcYFFi7fYAGdK+qK7C7UQZVL5xSUqqz5VLxDxna9UP1vgH91UcWpb7ztjb8c1vtSMUeg8+NAG0+m47m5Jwb8TksXoNrWo27R2lE7bupmnezWBEKdXCWE4e267PqOgOGjtTFPf0VoDiNGuqvnftKpZL9+mJfga7t3795AV3fOMVWv7eAiOEaNVjaWf2v9ieOnVBJeYPwsX+cBlQvxBNgCFd4gJRX9UCrnuuZIzqYWfOu/TXiiuGteHYAzjeEjz4s+KI4XTqi4XyJ4QoLl/SDvWoUmySVnFaZpHBj1b5hMbEK107l7+unfHukLo/0U0RmmPLzc5VbkS/FjK1qXe4arjBJkVOSdesIuSW8e7ikMl11xx80sU/DT08pJFhSRQvDuopCnSiSgqOMVSs0x8QppvNOfZ2Zq6ySbMk4tnpkYcPj1GACAT/1G2GS8eN82e12KTNFm74P09h752vSQEkya9WXq9xsga4ZCViksrYIVt0WrMgrb9X8K8tUtPttvfj3ndq0I0lx4+rHwoOiIqX0TJkz7Br98zrJZEWRis6GKSy4+vtSfpXuemiiy9k33Rem8G6SBtyg5FsvbZMzAgAAoI0FRGjokHPBXdbObSqu/rPogMHDNWqkUanrq0b4Hd3zqT4/Vf3v8MbhGmqsCvNKztiqRk5Kkmz6YsVzDeZX7K/rZ/6qaoESR6s7l9hUVNvBa1CPrqG1AUeImHIAACAASURBVFlo3+jq6ZRKdTTnxLn5JINC681/GNqjzorLJaXOR1k2U+mpn87N415ySGtfeq7+Dj3H6q5fxzde7dtd5aWynTo382Gooc4c/l0CFdbdIKkqrCspLam6r4bXKrfp2z3bq0YqSirZ9br+87evN7rUvh37dfTq/vXap5vFP1RhXQ2Sql9WhXvrZNdTckJHawJpGdSnZ6jrMLRLgPoMG6kRoSWSSlT47SHlVS/4Exo5RLFdA6QuBsX0DGTUI3AeYM7HDsdPl42Ik07u0qf7quZZzE/ZpkyFy2Sqjpb6xCg2uEjZn5uVb4zUoAApckCklL9Lu76rnu9RkvrH6uJgyfzJJuXay1RmL1K+eZv2umgX9hscq34qVNrHe1VYUqYyW6Fy03cq0y5JsYobLOngNm06Ypf9+71K2dNUxFcme0mZVFGm/I83aac9XKNGVdfX2aTLTFJRdoq2ZdoVNiTWYXiW/+GzeuSpldq4L1eFRUUqKsrXzn9vk1XBGhRplPz9FawiWX8oksqKlPV/KcqUmgwT7faqeDdscJyMNfdsK1TWx2nKbuKu3GIrVKGt7jDWMyr80a6yijJl7d6p3JNVK4UH9+qqYEl+AY3/RNlvxFiNNkiZ/3xFa7/MV1FRoXL3bdTSpxZp0ZqdsstPFw/uJ/2Ypo++LFRZWZnsP+ZqZ3rmufDaoerRlPVqK1KRvUxSpGIHB1e95zy7ysrsKvrerG37nL/r/M2vaNGLr2vbEae7AAAAoE35q2fsENU0phQf2lO7mvPA6Gj1uShOQ3tWf2g9VPtZQHRcndWLnYVQBsWOvVl/fPlZ3TOqu5N9JHUJUEBtclQi25mzDs7o32Bao/qtziUlJeeOCfBvHNC1VLkct1QH9dcVU+/Ryy/dq3F9m1hFugn+dWo92zA0LT139QD/AMf39VOmvtj5k4MPGtj/qXa5mjeyKeVnVWQ7N8+j03pcKS2pauOXJAVKXZp4dkH9Ne6OR/Xck3/Sc08k646ra0ZaRmjinOTq7Q/ptpEuvl8AOgxGPnZAfpfN0Kzc17Xq7UV68G1JncMUO+WuOguSDFJMjJ92mvMVnPCrqsAuJlaxJ95TVkW4xsfUzF0Yp//P3v3HR1Ue+B7/ZCaZZBImTJgwgYFAQgL5AcEgKBoKbRSkokVRqlVaqq3b/WFve7vtbt22bu9uf3m97XVvb73b7drSpWLFolgqKILEQglGQSJIIJCQQEIgIYEhYzJkJmfm/jGT378hgYDf9+ulZM458zzPec7Jr2+e5zx3PZRH5dq3ePb7b4W2RTtZtDqPORP6uDXGLuKhe47wH3/6PU8d+H2oPWMzuTv1ZrDCrPtXM6diLW/9/Pu8ZbKRvngps3ZvpbzCy+3ObnOGx4xjXPSH7Pz5d9gJEOnk5oe/Eh6dGJJ54xysv93PEazcnNn7eslJtyzl5hOvUfjCs6FyACJtZN7z1+HVqhdx++T3ee3lH/CPL4Nt+lJuv7GRt05U4sVJzycc2oiPA0/DOVqZSqTzdlbf+SH/9vrveeoARDrz+PRCL68VV3KCWb2u4hxjtULdCU61grNHVzqZmmaDPa/x1A9O8aWnHiJzajo2UyGv/c/vc+qRrzPp3a288dKG9hn2tun38tlbexn2aUpn5ddW0vz/XmX/i/+H/QCmSMbNWMrjD90cOrcFD3Hvkf/g1Ref4jsvAkRiy7yblPn0cu5gjYsH6qirB1zgbG/bD3gtvGJ35mceIu/kWt76xfd5K1ync8GXyMt19vpF5XzdKTx1cKq3v4iLiIiIyIiIc01jegzhZ/m1SSI7I4kxNgtpKVHQ0DW0mjJtMuPCgaElJoEJ8UD4/ekrvs1XF+eQNjmuYzRabyP22kTFMS4xCk6EphcfO1JN06eSsHQ7fkxCAu2PTK+r5kwTZMUBho9zNR1/4E6YnITj8vLAjqYl2BkH4WnRSXz6a49z/42ZTGmbQn65IyzNcYxLHEfb6Mbz1XWcMwiN6vSf42RNW9gXxYRkZ6+j+84fe4eittGE5iTSs50dU7ONJk6UHA+Piixlx7tVfCZ12qWNEvRUU17V8XJcUsLQy4lJwNE+ePIcDec/grYJ8sM0WlVErl0KH0cj5+186+nb+znASuaKb/Hju7x4WsAaZyWy27TjOat/TJcJsbY8vvJUXs+SMu/lWz+8G2+Tl9ZIKzZrp1uij3Y4F3yFJ+d78XhbiYy2Ye38nck6i4e++2PubfKC1YY1Erjt9t7H2KbczRM/uBtoxesFq7Xn7RiZ/RDfuuccP3gziVlpvfdGpGMO9/7dHO4NtIbOg0isNmunm9vJoq/9mLwmD15T2znezu1tIx9nrebppzuXOJV7v/8093Y+5/yv86+3ePAGrNjiQiUvuqtt7yxWdy2A9Pv/hafv76j/9m89TeeeTF/xJE+v6LRh+r08+VSnGrOfZFFrH33cXcLNrP7uzbQ2efAGInveDyYneX/1JDd7PXhbu+/v2TbbrV/h6Vv7aRuANZN7v/Vj7m6rs1t/dy9z1ud/zL94YcC1bERERERk2FgSppE7Fd4t7bQxLpVsVxxYLF2mZYeEgsn2Hz3j08jOjGNTeGGYsnf2cGxuKsmJfs4cO8CO17dwMvMrPLE8FHr5u4dMliSyc6bBvlADzr/5W17ITuCLC5LxnzrAjj+9zrFpD/P3N3daHKdpH2/sLuWm5RlYqvew6e22Z1HGkZubGloIZ6h6eSzUmImzyZ24gZOnAWopevc4CzKmMcF8jvKSd3jjj/tIePjbPJIT1+O9Hfz4Gps6RmZerOXkseOMS0lmiiOKCRk5TOB4KFQ9uJ0dJbfySG4cZ/a9zhvtK7NkclP6uJ5h38VqinZ2TLlOWLCSr37hk2Q528JRN7v/7zf414JQuFm2czu7sxeTNS0Zn+Hrc8xqO3cVZdVuJkz8iA9efYE32qdMTyN3+iUs8BLjJHta273i5703d3F47kqyYmr54J19l74Wp4hcFyKCwWDwajdCpE+tJ3j1fz3Lkdlf54m7Jl3t1oiIiIhccbW1tSQl9bESrki/mij+7RN8e2OnZ99kPMKz/3oP6THwUfGvePz7r3cEQ/GL+Od/+wYLHB2Hf1Syjm//04b2VYx7cCzmu1+J49c/+WOPgCnrkf/LDxdU859P/M9O4VY3CYv456ceJW7bD/j2huN9HASWnEd45p+WYXnzSf7qt6Xd9trJSvdzuKyp2/YkslLPcbiiW/hoyeHxZ54g+/2nePzXB+nLmFse59lvLmZCb0lc3U7+9b8/w+7uVQJTHnyKZx7OYEzTcV7+yRP86mDfU6LTV/wrP/xCTtdnS/ZRdnu5F6vZ9MP/xrM9mh5P7gwvxUe71Re/mB/8/HGmH/8Vf9u22nUfEvK/wb/9dQbFP/tvPPNe93Ju4Sv3wQu/fYePuuyws/yfn+Fh/zr+9ifb+y0fCPf/k11W6P6orpozjU1AHGMmT9ZiNXJZ9H1z9NEzH2VUqtv+U/7xO9/hO995lkLrIh5aouBRRERERGRo4piamdllFeUp2dPag50xybNDi8W0mTiNpG4D/cZkP8C3v7aYHmtNtu1PSSIqou8WWJy38Fff/go3J/S1PwGCceTe9w2+kd97WGDJXsmTX1tGen+DEIcsivQ7Huef757W5/5kZ2/rTw9B3DQ+8/jfs7z3p0cx5c5v8O3P5Vz6ojbDzJKziu9/aVHvYesgJNy4ir9f3ld/9m+MczLp6Rmkpyt4FLkeaeSjjE7hKcf0mEItIiIi8vGiERxyWRqPU7DzIOf8hFYYvmERC6aGUzyfm8O791DiDk3SjZtyC7fN7X3Kre/8cYrfO0h5bTUnGu1MnZpE2sx55KbaoeEgO3Yfp6nLtGsL47IXkZ8RrqupluJ973P42BFK6iwkT5/G9IwbuSk7qWN1a8PPmZI97C4+SHHFecZNySErZy6fyJ3cfsxHpTvZUXK+62IxUXGMi4dzDd2GCkbFMS7Ozzl3t0nIMUncsOAW0sPB60cn9vGXg9WcqT7O+Zhkprgmk507t2OKc2+aqnl35z6qLnbfYWFcxq0syLZ39KPPzeH39lB08ADl9RaSMzOZmXsrN6Xbe5/e3GvZnco1mih7Zycf1HU7r4hIbNFBPBe7zX+Pm8yCRXOJPtRp5GPCXO6/MxX/iQo8CZlk597IbTdOC/Wz0cTJ93by3mlfj3JumAolpdVdp9ib40i76ZPkTowC/Jwv3ceuknKqavyMm5pJbq4TT8lBqtouT7f+Fxlu+r45+ih8FBEREREZxfRLlIgMh/P7OoWPqat49kcrh3k0qcjooO+bo4+mXYuIiIiIiIhct/ycfOtXPPWbTs9jrHiVZ374Q54tqB54cRoRkcuk8FFERERERETkuuWjqfYgxdWdJ6s3UVayj+LTTQofRWTE6VF6IiIiIiIiItctC3FJOdycm4Cvy7MaLUxJiuv9uZMiIsNIz3wUERERERnF9OwqERGRwdP3zdFH065FRERERERERERkRCh8FBERERERERERkRGh8FFERERERERERERGhMJHERERERERERERGREKH0VERERERERERGREKHwUERERERERERGREaHwUUREREREREREREaEwkfpnc+L13e1G3F1+OoqKTlaRYPXGOBIA6/Hy0BHDZXRWEXpoUrqmq7vC2B4PXj9ve4ZfL/6vXg6X6fur0eTj/HnlIiIiIiIiHx8KXwcjTyl7HpzK1vb/vtLMTWeYa4j4KHmaCXuQO+7G/ZtYt3b5R3HVtTg6ePY60nDu+t5sbAKn7eKAx9U0X9WVEbB+gLKhrF+X9lW1m0uwUM9pUdqh7Hk0afs7fVs2u/ubQ8F6zezv9d73qChopKGttCyvID1b3e6At1eGw2VVDaMjjCyYd8mNu1ruPQCPkafhyIiIiIiInL9UPg4GrU0UHOyhaRb88ibm01KdC0Ff1hPYd0w1nGhhF07d7K/up9jjNbQv9V72f7WLkouDGP9o5KbsspW0vMWkntDHvm3pGC5wi2oOl5FYu5S5s2cx8K5yVC2ledeL73CrbiCjL6CQQNfSy+bPQfZWbCdvScGU7iHg7u2s31f5aW37yoqf/M5thzptOFKfx6eL2L9+kIuIy4VERERERERIfJqN0D6EonVZsOGjQxHMjbvWrYUl5N3R9rwFJ8wnwcfmz+4Y6fks/qx4al2dDNjNjPs06iH1AKzueuG1tExam/UsOWy4ku5gz2Y3HsfY7BHjzY9Lv2V/jzsMxgWERERERERGTyFj9eIhLE2aGoFfwlbXqoibaGD0l3F1EXlsPKB+USf3MXmgjKazWaIsJO9ZDnznHUU/r4AljxIXmK4oNOFbHirjGYA7My+ezm5dgAvVXu2sfNwHd4IG/a4ZrCF3uJ+bwMbSm3kP7CUNAu4393A5ovZzLl4kKJqDwY20vJXkJ8aHidYt5dN2w7S0ApYXaTE1eNN+RzLZnYN1tzvbmDrxRScZw5S2WRgWJJZeN9SMqyh/d5ezwnK31zDIdcqls+yAFUUPL+VuhkrePBmB+Cm6KXNGJ9aRZ7TS9VfNlNwvBmCBmbnPO5amoPdBHW717PTksecjwrZWeHBtWgljg83cfCCD95cRxkGybeuJr1qLYWxy3nwZnuoUeVbWVOezqMDhsChureXN2M2A4FE5qxYRo4NOH+QLVv2Uhs0Yw5Ek7xgOflpVsoL1rL7pIHv9HrWF7fQYoAZA4x61j1fRGzWcvID29nckseqT7gADwdfXU9RbD6PhdtT/uZzlCY/yrK0Wva+VUjJGQ+GycCIdDH/M8vIiQfOFLL+Lxby5ngo3FmOZ1I+j93h6rOvOvOd2sv2PSXUegwIGlgmzmf5nTmhW6VsK2uOOMhz1LD3cB1eLDjm3sWKGxyhNwfclGzfGrpnoh3YQ7dgH1pxf7CJdSfq8GLFecMSls91QvlWnvuzh9zlK5mX2Nd725Sz9TcFeHJWsPKm8L2xYTO+rDk0HyqiqtEAWxqLV+STYglds/KCTeysbAaTBceURHxnbSx6IA/nZV7b3lS93fe9VV6wlsLTQMM61u6NJfuuFaSXdf08JODm4NbN7K0zMEdAdPICluenYR3EtejyuRWAxNwVLJtt62jc+b1s3FKKp9XMG+vKMFwLWJ2fNqTzExEREREREQGFj9eMmrNuLHE2iHKRYi9k19sGefc+yvJ4M/hK2fJ2Da47HyXPCdQVsv6N7SR+fjEpk1rYdawBEkOhQ0NlFWQsZ/VNBoXrN1JzBnLt4DtSwPaTCSz9wnJcZg+l2zeyKzzwyX7TIrLLCqhthLREMAwDb1kJDfnLWH2HDd8HG1l3sJQFqTlYqGHXthIi536ORzOt4Clhyytu7PPNPc7JMAw8lXXkrHiUfFsoENz0dikZd2aAr5SCPs4peYKDgpoqmJUG52uoi7FjPlODDwcWXxW1HyUy0xk6p4JzGXx2dQ5WvJRs/gPb9yezcq4d5/RkWjZtZW/WMlY94sJiAtJXY3v9OcpTV7EsM9TGhrroriPA/AZG23T0/pw/QGGlg8VfWEmyKfy+KIAGCt/cD2394y1hyx82s9exknn5q7HvWc92FvPgreHA7sgWnqtIY9WdGaHXp5IwdlfhxoWdOmpa7NhbaqghDRc11NTZcNxkhshYXLMWM3upHYspFPRufK+SnNtTYEI6yf5NbN2XzbJVj+GygO/Ilj77qjNLrIucxbNZZrdAwE3RKxspqshhcSrQamDUlVCe/Gk++4gTS3UBa3eWUHPDQlxAQ9FWivw5rHwkG5vRQNGmjfQ9IdqLJyafzz7iwtJUzKY/7GRv2krmpS0l78hzVNYDA4aPaSy9tZTnKusBB2BgGF5KDzew+NOrWRrvo/jVdRw4soCU2RZ8H26j4Gwyy7+Yh9NkUPOXDWyxpXQLHi/x2vYSssZG931vpeWvpvVi13uRbp+HDUVb2c88PvfFjPZrtnmfI3TN+r0Wbg68U4Ej/1FWTiHUL/5un58J81ixzMf6t2Dxg3mEv3oM6fxEREREREREQM98HMWaqTlUQsl7u9i6aT07z7iYf5MLALMJXDctIzs+HBicrKTGns28tpTEmU1KTBVlJ8CVlkrLydLwc9saKD1pJmV6z6SgoqIGR9Z8XFGAyUaiLbrTXnPPO2ViDgtTbZgB66QkbF4PHoD6SmpM6czLDI+GsiVhj+nnNMenkR0ecOXMSMZWVxUKpPo5J4srEVtDLXWAr6oWpmSQ5K2lBuBULQ2JLpKBqpM12FMyQiPBsJKdloi7LryIiwki47LJXxAOHodbZDQWXx2VJzyhadxRZswA58uo8qeS29Y/1mwyJripLB/kikITnSR+1EBNADhVQ31CBhnW2tCCRJ4aanGRnACY7LiS7Vjw4fUa2ONjMdofomgGk5XsT+XhCg9W7bevOktwkWy3hFZuNuzY47o9mzEunfk3OEN9OsVF4sXwfUEDpSdbSM/NxmYCohzYY/s7URvJGeFrY8slPclN3elw64dyvSJ6bnLNWkhKvBmwkpxkw9sUamFFVR2unDycJgAzrkRbzzfDyF3bAXX+PHRTVtVC6uxO1ywjCXdlGe219XktzERbfNRVVuLxh16bowZR/Yifn4iIiIiIiFyPNPJxtIt1kJyTQf5UZ9eQrFOo4j7nhqjOi6PYsdsMGlqA1DRS/bsorYc8Sqkyp7C0R/bYQEMjRKYOw/Iq9W48Jjs9xzkOwjg7Nr+bFgY6pxRcRiEnPdB81oNjWg6OsweoqQPbmQZsk+ZjwU29G+pOv8jaAx1VWCZldLwwcWntHAxbLp9e3My2XetZ87YN140LWXqDC3ODG0+Ujc7Rrt1mw/D1v652O1MqyYmF1JyA5HO1RDtySbp4gL3VQEQdzROzcQEE6ti7aRsHfTZc9kiaz9bAuM5TxSO7BFkD9lWbur1s3HYQn82FPaqZ+tOQkDqYhtfj9kRjjx74yN6YTeBxN0B4DN7wC30O9BZW9jBS13aI7XV/FI2ta2XYWn0DrNAOYCN36VKa39rJ+t8VYJs4h4WLc0N/eOi3yit5fiIiIiIiInK9UPg4asXimplNL/FPD/Z4G5wJhQ6hsM6DpxnMkQAu0qaEpl67I2swpy7t5TF7NmxWcA9Hs8fZueQnwNW7OR9jw8bA5+R0uKmsbcDXkEByPiSdjaTsjAfb2RaS5oZGrNlt4Mz8HMtnX+k1q0OsU/JYvioPo6GYzZu3sDX6MZYl2rD5DToPFvQ0N4NtsDGoBdf4WErONlDTYOC6yYbTncj5mhpqqMc+PjQ61vfhOxQzk1UP5Iaux5EtPFfRV5n2QfaVj4PvFMOsVTx4Q+gql77+HOWDarcNW38jYAdgBMBmH6ngEcCBfczgPwdG5toOhR1bXAtG18pojrANLlC3JpN39yry/A0Ub93Mlu1WHrtzgK829it5fiIiIiIiInK90LTr68G0ZJz1FZR6w6/dpVRecOKaEnrpmp5Ka00JB09CyozeppJacI23UVteghcg4KH2XPOltSXRQUJTFaV1oZfG6VKqmvo5vsWLJxD6sOZIBcbE5NDIvYHOyWmnvuoA9WYnLhPYJ7nwnNlLrcdF8qSOY+oqS2krAr8HT/uLwTGbobkpHEn5Gyguqwd/19FlRqCXNwZ8+PzhMhy5pDuguckDiSm4Ik5SfqrtuHLKqi24kgf/0DzHBAfNZw9Q0+jAlQhMcWE7U0rp2Vhc4dGrLX4fRFlCwWPAQ+VpDwT6Xr14cH3VQosfoi3heNlTSU0jEBxMq104HR6q2m4Mfw11jYM7XzzFlNU6Se5rjZ/u59XPefYnaVzXz4GSivo+6rv0a9vaqW2Dubf65iBlkpmT5TXtW8rLq7C4kvtew6cTny/cjigHuWmJ0OxhwMnTw3DvioiIiIiIyMePRj5eDyw5LMmr4ZWX1lMx0Yr3tBfnJ5eT0zaIbWIaUy5uoTQmlwf7eIydY+48XC8V8OLavZiJJjkrHdvRGqrIIHkwbWgbEWXKID+vkj+8toaySDDHJ5PQ31DIxkNsev4ABgZGbDqL70oZ1DnZprqI3FSCN2N5aKXliU4Stu6iMimPxeGibXMWkVOxiXX/tR+LGQwjmpRFnVblHgT7jAzsrxSw5vndEGEjY/5sXLurqPDnkBGVhDNhF4W/24D7jpXkTex4n/f4bjbtrsSc4CLWX0ttaxr5OTbAxsIl6Wx4fR0bnQkY585jnrWExRP7aECiA1thIWufLyL51tXkpwFTk0kq2EV5Uh75ABYXicEiSnzZLA9fX1vOHJIP72TN83tDqxLfkIyjpopyfzZpvUyvHVxf2Zh9QzIv7lrD2n1msCQze4qDmqpyjKy0PkbcteILD1/NuCmXg5s2sabCgjnCRvo0Fy21NXhxdBstG4vN2kzplrWUmYBANMmd7+fOJjixFxayZoObpSvzcHV/3Ue3dtbiD43lc8zPJ/uVTaz7r9DnQMokG/h7Hn+p19YxwYFRsJm1H83nc0uzB7i3INFhY9eetazdm8yCz+fTPXt15S0h/ZXNrNuYRELgPOfNOSy5rb8zDl8Lfzm7X9tJpdmBK85H7RmDtE8tpseXhvgk7C0FbHq+DHvWclbMdQ3t3hUREREREREBIoLB4KDGLck1IODD22RgjrNe4iIqBl6P7zLe37UtPsOCJaqGXc8X43h4GdndymzYs56N7lweuzMDw0/vi15c9jmB4fXQHIjGFnep068NvF6wWoc+vdTX5KHFFIutx3sNvJ5miLFhHcxiH5dk6NdzUH3l9+LxmS+tP8PX02KzjtzzNi+T4fNhtljwHdjEHzy3sGpBj/WugeG6tpd+b7WX4PXQTG/tGIDPi6cFYod8La7EvSsiIp3V1taSlJR0tZshIiJyTdD3zdFHIx+vJyYL1j5GNg6OGavtkp/Y2C4UJFpCgVddJTURNtIGCL/6XG33ss8JzFZbz1FdQysB6yV2iyXORu8RnRmr7TJPbEBDv56D6qsoK7ZLDZ2G4XqOGL+BEWXGbLEAXsqq3Nim9j2leHiu7aXfW+0lXOr9bbFiu6Q8/krcuyIiIiIiInK9UPgow6yOvZveoLQJMIERYSNnyYo+p79a4xOuZONE+uQt384r79ZimADDIHrKIpbPujqLFYmIiIiIiIhcLzTtWkRERERkFNP0MRERkcHT983RR6tdi4iIiIiIiIiIyIhQ+CgiIiIiIiIiIiIjQuGjiIiIiIiIiIiIjAiFjyIiIiIiIiIiIjIiFD6KiIiIiIiIiIjIiFD4KFdfwIe3ydfrLl+TF1/gEsr0e/F4jctr1xVj4PV46b21/e27DIPon0vu+6vA8Hrw+q92K0RERERERESkO4WPcvWd28um9QWU99jRwN7XXmTniUsos7yA9Vv247n81oUZNFSUUucdtgI7KaNgfQFlfe7bzP7hO5GQ8gLWv917jSGX0fcjIeCh5mgl7j7C0LK317Npv/vKtacaflZ45aobFB+88BK8cKzb9mr42UuwZ7jvIREREREREZFBUPgoo0PAoLXXHQa+lksss9VH7+MpL0Ulewt2sfvo1UhwLqMPBut8EevXF9JwpesdrAsl7Nq5k/3V/RxjXMGRrhfgW3vgzJWrcWAX4OXD8ItCuNhpc0Ux/LQYdvTXdyIiIiIiIiIjJPJqN0Dk2pDG0i+lXe1GjJwrGdxdioT5PPjY/KvditHNC+50+HI1FPrgNkto845D8NWZwDUyhV5ERORyBYNBDMPAbDYTEREBQCAQIBAIdNk2HPW0trZiMpkwm8191i0iIvJxp/BxNCrbyppjNnKMCg6e9WFgI+eulcx3Ar4a9r5VSMkZD4bJwIh0Mf8zy8iJNyjZvI6a7NUsTg2XU1/I+rdg8YN5OM4fZMuW/dQHwTBiSc+/i4VTrOAvYctLVaQtdFC6q5i6qBxWrsygautm9tYZmCOAqFTyH1pIcpdGeigt2M7ek258gBGwc9NP9gAAIABJREFUkX3HcvImWQA3RRs248uaQ/OhIqoaDbClsXhFPinhQMR7spBtu0qoazFjGxtLM7Y+u6OluoD1e8rxBM3YUhexPD8Na6gUqv6ymYLjzRA0MDvncdfSHOxt43kDLVTt2cQbR+rwBi045t7Fihsc/bTdTMnmNVSmPcayzHAZvhK2vrSXWgDMJC9YRX5qR93by5sxR4B5XDZLls3DaQLOFLL+Lxby5ngo3FmOZ1I+j33K2sd1G8wN0UpLVSGbtpZS5zWwJM7jrntzcQzQB75Te9m+p4RajwFBA8vE+Sy/M6dnT5/fy8YtpXhazbyxrgzDtYDV+fZQze4Stm4oosrd8xq26+9+7e3+emA2nl77ro7C3xfAkgfJSwyXfbqQDW+V0QyAndl3LyfXDgTclGzfSlG1ByPagT20u5335C42v11Bs8nAiEhi3rJl5CT0cW0WOzg44P0+BAHY8Xv4UWXo49S58ItlEAO4D8H33oAdF0L78j4Jv1gS2rdjHezPhax34aul8NN/gLwD8HgTPH4Rvvo+HDbBL74Ij0/vpV4P7AB+Oh22HIPbZgIn4ZUJ8IsJ8LMLna85/OiXsBmwBuC+lfB4RmhXb+24zwQ/+hXsCIC3Fb78BfhyyqV2kIiIyMhqamriyJEjzJw5E6s19FOj2+3m1KlTZGdntweFl8vv97N//35sNhuZmZmYTCYuXLhAVVXVsNYjIiJyrVP4OBq1Ghinq/Dd+TkenWjGe3gLLxYUkv5gHo7IWFyzFjN7qR2LCdzvbmDje5Xk3J5C8oRYisrLITU0Qs9zooaWiXk4aKDwzQPYPrWaZZOAukLWv7Gbys8vJiUqmxR7IbveNsi791GWx5uhbCsbWmay6ou5oZDP39uouEgS0hdw3yecWKPAKNvK2ncOkHP/PGwYGIaX0sMNLP70apbG+yh+dR0HjiwgZbYFfKUUFFSRcMejLJ9oxnN0Kxt39j3yzuNPYsXn87FRRcFL29ldnsbiNPAdKaDgXAafXZ2DFS8lm//A9v3JrJwbTqG8VdTEfprPftGJpbqAtTtLqLlhIa5+2p6e7KSwohQyw0nM8UpqJyxg9eI0Sl9/juIzDZDqCNVd4+KuL+ThNEHd7vW8UZDI6ttTYEI6yf5NbN2XzbJVj+GyAAF3n9dtYF6qamL59GcfxRlZRcELBZScymXhpP77wBLrImfxbJbZLRBwU/TKRooqcjrC6TYJ81ixzNcRVAOEJ2DXVTew+I5eruFg79de7i/fkS1s6qPvUia1sOtYAySGW1FZBRnLWX2TQeH6jdScgVw7NBRtpcifw8pHsrEZDRRt2khlW3t8pRS8fZ6Mz64mxwrew1v4w469JN8/D3tv16ZsK0UD3u+Dd6YAfjYW3vouEIAXnoFnp8M3p0NMAnzz7+AXVqAVfvQj2HELLLPBbbPg9t/BDx+A44+GywrAK+/Asi9CyUq4+C5Y/wJfnh4KLLteB5gQBXNy4PF34bszoeJA6LX1PJzu9LzSF34DLIfCmYAXvvdT2PI1WDa293a88DOY8BC8NQWohft/BTd+F+bowR0iIjIKeb1eDhw4QGpqanv42NjYyLFjx8jMzBy2ULC1tZWSkhKio6OZOHEiCQkJXLhwYdjrERERudbpV8fRKi6ZjImhH1isWWkkeWqo8AAmO65kOxZ8eL0G9vhYjPCD+WwzUrCdqgiHMD4qT3lwJbvgfBlV/imkTQqX7cwgObqBmnOhl2YTuG5aRnZ8+AckiwVL40lK68JPTIzq7QcnK85kJ9YoA2+TD7PdRmy3Zyy6Zi0kJd4MWElOsuFtCj8v8Xg5NQnZzA+fn22cjeh+uiIxNRtbFBCVzMwUC7Vn6gCoOlmDPSUjPArSSnZaIu662k59mM78G5xYTMDkJBIvesIL0PTddktmKs7T5ZSGp6iWVtTjSu053brqZA32zPBIR8CZnUJ0dVm4781gspL9qbxQuAX9XreB2Uifn4vTApiSSUrw4fF0akdffZDgItluAZ8Xr2HHHjf0Zzh2voau8daOa9hdX/crPe+v/vrOlZZKy8nScPTZQOlJMynT7d0qa6D0ZAvpudnYTECUA3tsp90nK6mxp5IR6hSsWWkknq9rH73a49oM6n4fvMJDcN/s8AsT3JYLhSdDL2NckGoFvHDRBKljwN32gMZIYCZ898ZuBWaFwkaAmFS47xz0trTOmXrIcwDT4f7jsCcAOw6GwsQYK7jbwscG2OyDh2eGX1vh/gzYcqiPdoSPv21K+HUS3B8Lh7s+IFRERGRUaZtm3V0wGKSuro6ioiLeffdd9u/fz8WLFwkEAhw/frx9e11dHcFgkPr6eioqKqisrOTdd9+lubm5S3lWq5X4+HjKysoIBAIEg8H2fRcvXuTQoUO8/fbb7Nixg8rKSoLBIH6/nw8//JDjx4+ze/duDhw4QF1dHe+99x67d+/G7Xa3v/+DDz7g3Xffpbi4uEfdIiIi1wqNfLwmJHQER3F17N20jYM+Gy57JM1na2BcOByzpZMSt5GyCkiZWkFVfRJpU4Hjbjy+GrY/X9GpTBvZnTOWzo+kmZLP8pu2snXzWvZaHGTMX8zC9O6Tdb2UF2xiZ42FpPGxtLpr8JAxqLNpOO+BKAvdZ+8OhtkUidd9HrBQ74a60y+y9kDHfsukPtpg6nyy/bTdkkFqYhHlRyFjRinlZ11kLO1emJt6N0RO6XQGCXZs/gY6sr3IrtF+oJ/rNkTm9nLd/fdB3V42bjuIz+bCHtVM/WlI6D7qcUj1DvbLRaf7te22ab+/Bui7SWmk+ndRWg95lFJlTmFp9+yRetyeaOx9JNbuc26or+HF5/d3bIxJ7nR3drs2g7rfB+/wGVj3O3ihUx1zPhn692IprHoJJqZAaiv8ugG+1/nNw/TnoNuyYMc7UDgB1lkgZizsaPv0r4MdFsKBdchER9eRkV3aUQc7PPDYT7rW8U396UpERK5Bra2tfPDBB7S2tuJwONoDynPnznHo0CHGjRvXfswnPvEJmpqaeOedd0hOTu71GY4RERGkp6dz+PBh0tPTu+wzDIOWlhaCwSDNzc0UFxczfvx4IiIieP/990lNTcXn81FZWUljYyMA5eXlWK1W5syZQ3l5OdXV1SQmJraHoTfccAMmk74Ji4jItUXh47UgUI+7yUpyPPg+fIdiZrLqgfAU0SNbeK49U7STPtXGpqoaoIr6iWksMwF2GzZLOgs/vxDXIKu0Zy3lwSzwVO5iy44tFNo7PYcP4NRedp9ysvjhfJJNtD9fcjBscdbeh24NghFoxRqfANix28CZ+TmWd58GPJB+224hI8VJUUUpRlQV5yelk9bj57tQ3bU+H7RFqB4PzSZzn59Q/V+3S9VfH/g4+E4xzFrFgzeEYqbS15+j/HKrHIxO92tPA/Wdi7QpoanX7sgazKlL6ZE9YsPWY85xpxribZCYzeeW5ww64B7wfh+CVAd887Pw5Sk99617BW77Ajwenm0/8WeXVkdvKs5A1qzQx3Ny4HsvQtZdnaZntw3+SIQ8H3TOGk9fCE0J71Ui5Nngp/8El5Fdi4jIx8DpugbcjR/1OuJwJM2cMbTvUF6vF4vFgsvlIjExkejoaA4fPszFixeZPn06Fy9eZMeOHTQ3N2O1Wjl//jxz584lNTWVyMiuP+0ZhsHYsWNJTEykrKwMh8PRvi8mJoaUlBQ8Hg+NjY0UFRXh9XqJjY0lGAySlJTEpEmT2Lx5M4ZhcMsttxAMBjl37hytra2UlpbicrmYPn06FRUVnDhxgpycnC7h46Gjl/0DpYjIoJhMJuzxY5jodAx8sEg3Ch9HK38LHj84osD7YRk1CS7yLNDi90GUJRRgBTxUnvZAoOMZdfZUF9FvlLOXGuyTFoU2JrpwGLspPwWu8NRrT6MHW3wfo7v8PnxmCxYT2FIySLaW0ewBOocxvhYMcyzRJgCDhqp6mgOJDOZpeRZXIrb95ZR4M8i2gqfWzaAmkfirOFQJU25zAuBy2tlVWYp3dk74WX0ePK02bNZ+Sxmw7ZbMVJzFVRRaakmatrjXIlKTnew63lG3+0glbmdGn4uUDHTdAIwAQx751ncftNDih2hLuDM8ldQ0AsFObw4M4wrXfdyvvRmo71zTU2ktLOEgkHJHb/eoC6fDQ3FpHSQ6wV9DXSMdC85McmIvrKDUm0OOFcDA0+jDFt/HjdHX/R5fR/mxeizJ2X0Eqb3LSoXvHegUPnrAHQd2E7h9MLGtGQ3w/kdw4zD+fmZt+4o+HR7Pgolt07+dcF8dnAEmjIdlJthxMtzGtunZf9VHoeNDYWX78YD7AtjHDl+7RUTk2ne6roFAIMCM1Mmj8lmHfr8fgMjISGbPns3Ro0c5ePAgdrud3NxcGhsbMZlMeDweWltbmTp1KlFRUQQCASwWCwkJCURFRfVadmRkJDNmzKCwsJCYmJj28//oo48oKSkhPj4ek8mEyWRqn5YdFRVFQkICFouFyMhI4uPjiY6OZsyYMbS0tNDa2orH4yEYDHL+/HmioqJwuXoOIxhq8CoicqkMw+DM2XOcrmtQAClDpvBxtDKq2P37tew0GRgkMf+ueaFsJWcOyYd3sub5vZgD0STfkIyjpopyfzZpUUBiNmnWjRSX2cj9bFv6k8KC+aX8YesaKixmMAzMjjl8+u62FZO7qjuwmW0fNhPrTMTcWIPbOoe7uv9ckzqHnH2b2Ly2DDNmbFkZJBuVnHSDs+dQNQBa/OFJyYnzmDfxRQpeXMteM0QnZ5MeX0pNFWR0Se8s2MaYKS1ay9q9QMCMfeYSlk8M7bXNWUROxSbW/dd+QqcVTcqiFeSn9j3ezQgMou2WDFLHFVFUncLi23svxzJrCQtrXuHFlypwxXip8TrJ72ekna3f65aEM2EXhb/bgPuOleRN7LP5HYID9YGN2Tck8+KuNazdZwZLMrOnOKipKsfISsM8wYm9sJA1G9wsXZmHKz4Je0sBm54vw561nBVze6+2ta/Asq/79VL6bmIaUy5uoTQmlwf7yMczbsrl4KZNrKmwYI6wkT7NRUttDV4cWG3zWDRrA5t+v4b94fs9emo+Kz6V0uv16fN+ry9j754SLK2pJN/QLbiMg1vPwsQnum4reRLm3Al5/xuyP4CJptAIw+89BsvGw6p8uO1Z+LUVYpzw5RzYUgoPJ/XRWb3pNmqxzekGiGl/xigse6DbAYGO9335EXjsV7A/BS5Wg30JfLOfYdGPr4S7fgUvxAGtEDMZfv0oTBhCs0VE5Prmbvxo1ASPFouFqKgoGhsbSUxMJBAIcPr0aWJjYzGZTEyePBm73U55eTn79u1rX5gmEAhgs9mIjIzE4XBgtVppaRncA7MdDgeJiYkcO3asfXRkbW0tJ06c4M477yQYDA6pb8xmMzExMURERJCQkIDdbsdkMo2K/hWRjyez2cyE8eM4WlGt8FGGLCLY+anIMjoc2cJzH9hZ8WAedr+BuccCGAZejw9znDW0mEp39YWsf9vC0pXdAqCAD29TC8TYsPb+h9tudTRDtA1rP3NXfU0eDMtgyuulBq8Hn7n/8gdbTnMgGlvc0Aq6nLZ3FOLF4zcPsu4Brttl6LMP/F48vsG27xINeL/2YUh914uAD2+TgcVmpdca/V48FyF6UP09uPt9KC42hRaVsXcfcOkDt9HL9qvgogewQsxg/gwVAHdTaPGaQR0vIiLDpra2lqSkofyl6so7dLRi1IzCa21tpaioiPPnzzNu3Dh8Ph8NDQ3Mnj2bKVOmcOTIEXw+Hy0tLVRVVbF06VJ8Ph+7d+9un4YdGxtLZmYmFy5c4I9//CP33HMP48eP71JPc3Mzr776KkuWLGH8+PHU1tayefNmEhISuPvuuzl16hS7du0iPT0di8XC4cOHWbhwIePHj29/n91u509/+hOpqanMmTOH4uJizpw5w5IlSzhw4ACVlZW4XC78fj+TJ09m6tSpvT57UkTkShlNX+/7ci183/y40a+Qo1zvQY4Zaz9ziys/KMOa+bmeI89MFqy2wSYrZqy2gRfdsMRd+sIcZquN4chfzFYbl9KKy2l7RyFWBt2lA1y3y9FnH0RZQyuFXyGDDh5hiH3XC5MFa3+XcEjnPrj7fShi4jo9b7EzC32OCr3SYoZyyiawD28XiYiIjIjIyEhycnI4evQoXq+XiIgIMjMz24M7s9mMYRiYzWZuvPFGxo4NPUtk5syZ1NbWEggEiIyMJCIigtjYWG688UZiY2N71BMVFUVOTk77PofDwc0334zZbMZkMpGUlERWVhY+nw+r1Upubi6xsbFd3mcymcjKysJuD/10MGHCBGJjY4mIiGDGjBn4/f4uU8ZFRESuRRr5OBod2cJz5Sk8dlf2EN5UTsHzu6kKgHnCfO67I2NYgj2RAV3S/SoiIiKDdS2M4BiNI2GCwSCGYbQHjp0ZRuhRMp2393f85bbBbDZf0ojFYDBIa2trexgqInK1jcav991dC983P24UPoqIiIiIjGLXwi9R18IvoyIicvmuha/318L3zY+bYX7ynIiIiIiIiIiIiEiIwkcREREREREREREZEQofRUREREREREREZEQofBQREREREREREZERofBRRERERERERERERoTCRxERERERERERERkRkVe7ASIiIiIi8vFknDvG2+/XUe1pBcBii2fmjTnMHqdfU0RERK4XGvkoIiIiIiJXXt0hXv5zTXvwCODzNLL/z+9RWHcV2yUiIiLDSuGjiIiIiIhcYc3s/7AeL2AeO4E77v4kX7w7i5ljTYCPYx8ewzsc1bR4aGwejoL6YbTQ2NgywpWIiIhcuxQ+ioiIiIjIFXaa0xcAYsi8NYOJUUCUk3m3OhkLcKGR48NQy9nX/oHcr73M2csp5MP/YOVDa3i/r3yx+Ofkzvs5719OHSIiItcxhY8iIiIiIiK9amHPxl/yfkYaM6OHu2wPW/8+m2lPF4+SckREREaGwkcREREREbnCJjJxLMBFjuwp5bQf8Nexd08dFwDGxjPtqrYvrKWIN34HX1gyn2HPHmnhQuNoKkdERGRkKHwUEREREZErLJY5sxIZEwHGhTO8+dqf+a/XDnPoQgAiLEyfNR3roMtq4dBzj5I7I5tpM7LJWvQwzxV3miPtq6bg2b9hfm4203Lv52f7Ova1fLiGVfPD77vnSbae6lpy47aX+d2kv+GBW6Lh1DaeuGcO02ZkM23GfO74p22dpnM38v7LP2Tl/NC+v321uqMQo5qt37ufrPD7Vj13mBbqeemxRTyxE3juYabNyObH+wCjnreffjh8LnP4zPe2UWWEy+m1/j7KERERGUUUPoqIiIiIyJXnnMm9i1xMtkW2b7LY4pmz6CbynEMo5/Bv+bunG/nqH0s4fng/O3/7JEtndBqn+M5vean1bn7zyst8Z95hnv3PcGh4fhvf/vzPGf/kTo4fLuI3txTxtz94rVOgWM8br24jeeUiZpo9bP3Z13kp+2mKD5dwvPhlnlk9h/Htx77MS3un8c3fv8a/PzyWrf/j5fZnQB567m/426N3sKG4hOPbvk700w/zi+JE7vnfL/MvtwBf+CXFRUV8MxcaX/8BX3p9Dv++t4Tjh1/mnqNf5xvrq4G+6u+9HBERkdEkcuBDREREREREhp953HRuXzx9GEo6zhtvFrF06nySp2V13bXoe/z71+9mPOC8cxE/fj008vHsn19mU/PDrLszEcyQnjufma3xHdOrT7zJSzuzeOw7WYAntG3/Tt44PId7siYzs0s1j/LUTx7mRoDPLIEXfOHtxbzx78e59Tt3MTMWmJpN3qxcomMhOn480RYgOp74BBtQz9bXtsGdL3BrPMA0br19Mj/eWczZhz/ZZ/09yxERERldFD6KiIiIiMgV5TtfzaHjZ6mu/4gLLQGMtqnFZhOW6BiciXZSp01lWoJl4MKyHuHXPznLE08/yiefjWbmA0/z//5lCcnmAd4XrjM6fNz4O3/An+7s2F2282Xez72fZ6YB2Fj6T2v45pP/wPfve5knEubznV//ksdmDfwkyJZmiDbHhF/l8tgra/o89mIroenTz3XaeNvl1S8iInK1adq1iIiIiIhcEb6zx3jzjT/z+7fLOXCykXPNnYJHACOAr7mZ6pM17Hp7D8+/sY/9Z319lhcSTfr932ND4X7+vOZhol9qm6o8gHDo2GL0ss84zNbfHGbp6s+Q3LZt/Hwe/+VODhe9zFMLTvHjz/8v9rT08t7urYuFFuPiwAcCMZHAo2s4frSk479fhkZtXmr9IiIiV5vCRxERERERGXEfHd3HS3+p4bQXiIphcmoqn7ptLg+t+CRfbP/vVu6/LYP5qfGMjQLD+xEH/lLElqP9LOd85jDvn2oBczTJtyzh1klw1uPp+3gfXATGz1nEjbzAf74cCipbTu3kd9vqQ8cUv8YvTi3hzgVt05hbKCs+TKMBJGSRvygLmhtp7Cf8C4WaWeTdH82e3/yePY2A4eHQy6/xfuf3tbS9SGTOolx4c2foWKDlRDHvnxpk/S1KIkVEZHRS+CgiIiIiIiPsJIVHPsIgkvGZWTx093xuz53C1LFj6Dqx2sKYsRPIzJ3DvXffyh2ZY7AQ4OyRco70UXJj+Zv8+L7wKtBZD/O78V/nmS9k9X6wGXjnMNUtwNSHeebpRbz/vTtCq13f90vKWi8CLezZ8gJ84WGWJrS98Szv//KvmZ8VWhl7/v/Yz/Knv8bS+N7qsBDNfsqqAaK59ZtreDz6BVbNy2Za1iK+tO0s0QZAIjNvySL6d48ybcbdPHcUku99ku+kbAgdOyObrAee5o+l9QPU37McERGR0SQiGAwGr3YjRERERESkd7W1tSQlJV3tZvTr0NEKZs5I7eeIcrZsrOZszDjuuDOHiYMuuY5drx/m+MUxzFkxl9n9HNly3kOL2UJ8/BCfg9jiobEZouNtoec/Nm7jv8/7R8aueYd/WRDd/7FDqea8h5ZoG/Gxgzi20UMLvZzLZdQvIjIcBv56f/VdC983P2604IyIiIiIiFwZF8/x5sY/j0jR0Qk2Lmn5lWgbnTO+xqKdbJr0N/zpll5K63bsSLUvOr6PYy+jfhERkatF4aOIiIiIiEhY/JIfcHgBGlkoIiIyTBQ+ioiIiIjICEtj2Yq0q92IQYsexNRoERERGRwtOCMiIiIiIiIiIiIjQuGjiIiIiIiIiIiIjAiFjyIiIiIiIiIiIjIiFD6KiIiIiIiIiIjIiFD4KCIiIiIiIiIiIiNC4aOIiIiIiIiIiIiMCIWPIiIiIiIiIiIiMiIUPoqIiIiIiIiIiMiIUPgoIiIiIiIiIiIiI0Lho4iIiIiIXBaTyYRhGFe7GSIiMoIMw8BkUowkQ6e7RkRERERELos9fgxnzp5TACkicp0yDIMzZ89hjx9ztZsi16DIq90AERERERG5tk10Ojhd18DRimoCgcDVbo6IiAwzk8mEPX4ME52Oq90UuQYpfBQRERERkcs20enQL6UiIiLSg6Zdi4iIiIiIiIiIyIhQ+CgiIiIiIiIiIiIjQuGjiIiIiIiIiIiIjAiFjyIiIiIiIiIiIjIiFD6KiIiIiIiIiIjIiFD4KCIiIiIiIiIiIiNC4aOIiIiIiIiIiIiMCIWPIiIiIiIiIiIiMiIUPoqIiIiIiIiIiMiIUPgoIiIiIiIiIiIiI0Lho4iIiIiIiIiIiIwIhY8iIiIiIiIiIiIyIhQ+ioiIiIiIiIiIyIhQ+CgiIiIiIiIiIiIjIvJqN0BERORKCgQh2P5vkEAwtD0IBDt9TPh1+8ft24IEgYjw6wgi2l90bAv9r8vrPrZHRITKiAhv79gmIiIiIiJy7VP4KCIi15VAEIxgECPYPWiEQFu6OAw6QslOCWVvBwyptA6hEDKiRyDZ5eP2baHw0qTQUkRERERERhmFjyIics0KAkYAWsNhYyhwHL6A8WoKjcQMdt3Q79EhEYApIqI9iDSFQ0kTEe0fi4iIiIiIXCkKH0VE5JpiBMEfCNIaCI1wvD6ixuETpGPkZ889IaaICEzQPlrSRFtI2bFdRERERERkOCh8FBGRUS8QDhz94VGOcnkCwSAB6GU0ZWhD2+jJiE7BpDkiArNGToqIiIiIyBApfBQRkVGrNQAtgSD+gALHK6lt9GTXcDL0whQOIc0KJEVEREREZBAUPoqIyKhjBMFnBGlR6DjqBIKhFcL9QG+BZJQp9LGIiIiIiAgofBQRkVHmohGkxdCzHK8lnQPJi0aQyIgIIk0KIkVEREREROGjiIiMEv5AkItGeLqvXNNag0FajY4gMiocRGp6toiIiIjIx4/CRxERuaoCwVBI5dMU66uubbXr4eYP0P7cTgWRIiIiIiIfLwofRUTkqmkxgrQYENAk66vKHBFBjDk0QlFERERERGQ4KXwUEZErrjUAFwNBWjXa8aozRURgi9IwRBERERERGRkKH0VE5IoJBKElEFpQRkYHq/lqt0BERERERK5nCh9FROSK8IUXlAloQZlRJTJCox5FRERERGTkKHwUEZER5QsEuyw4IiIiIiIiIh8fCh9FRGTYBYIdoaOhkY6jWmswSJRGP4qIiIiIyAhR+CijVpBQgBEIBgkEQ6+DQFuO0fY6IvyfKSL8cQSYiMAUEdomIldOa3iEoy8Q1PrV1wivgVa5FhERERGREaPwUUaFIKHQojUYxAiAEYTLiy5C7w2FkhGYw0GkOQLMEREKJUWGmaZWX7sCwSAeP8SYIxRCioiIiIjIsFP4KFeNEYTWQJDW8L8jEVkECU357LqwbhBzRASRptBCC5GmUEgpIkOjqdXXDyMYpKk12P7HmrZR5BGE/mgTpb/YiIiIiIjIJVL4KFdUMAj+YBBfIBQ4Xi1GMIhhQEs48ow0RRAZ0RFGikjvAsHQCOW26dWKHK8vbY+5gNCo8bjIUBgpIiIiIiJyqRQ+yhXRNh3TH7jc6dQjozUQpBXri6LIAAAgAElEQVSA0MifyAiINIWmaOsXb/m4a3skQtu/8vEQbUJf/0RERERE5LIpfJQR5Qtc/VGOQxUIBvEFwRcATdGWj6OuoxtH5x8MZORpqrWIXKuCweD/Z+++o+u67jvRf0+7Db2zgF3sRSTVLCkqdizHlm0pLrHlFDuOJ7HjlMnMezOe917eelnJJFkzzps3JWOn2HHsRBk7rnGPY9mWbMmSSImi2CmSYC8g0W45fe/9/jgACBDtArjl3IvvZy0QwLnnnrNxCdzyvb+9fwjDcPx7XddhGEYVRzQ3KSX6+vrQ3d2Npqamag+HiIiopBg+UskpdTN0rId14CZO0dYwYYq2zqpIqg8KgBitauT6jTRG4/0bEdWoIAjwyiuvIAxD6LqOIAiwceNG9PT0QIvpnZsQAseOHUMikWD4SEREdYer21FJ+VIhFyo4QtVlgKEQTR93hEIukMgFCnao4Mtbm9oQxZNU0e+wK6IGI9lAYcSXyIcSbp3+3dLC8D6NiGpVGIY4duwYgiCAZVnI5XLYv38/XNet9tBm5fs+hBDVHgYREVHJsfKRSkIowBUKQQ1Nry6FsU7aY1O0xzrFsjKS4kCom7+jYrSicWn9hdJiBELBNHknRkS1ybIsbNu2DV1dXbh8+TK++c1vIp/Po7+/HxcvXoRt2+jp6cGWLVtgWRauX7+Ovr4+aJoGy7KwdetWSClx8uRJ+L6PIAiwZcsWZLNZJBIJrFy5ElevXkVfXx927dqFVCqFEydOYNmyZWhsbMSJEydg2zY0TcPmzZvR0tKCGzduIJfLQdM09Pf3Y8eOHchms3jttdegaRqGh4erfbMRERGVBSsfadFcoZAP5JILHqcjlZpUGTniR9VlrlAIefNQmSgVNYXxRFSJmwsUhn2JXCBhhwqeUAgZPNI8eTL63SEiqmVKKQRBAF3XoWkaXNeFUgpCCBw/fhxXr15FGIY4ePAgBgcHAUTrLwLAuXPncOrUKSilxj8GBwdx7NgxCCHQ19eHgwcPYmhoCJ7n4dChQ7BtG6dPn8a5c+eglMLAwAAOHjyIIAhQKBTw/PPP4+LFiwiCAPl8Hi+99BIKhQKklJPWqSQiIqonrHykBVuq1Y7zoRCtoRcAgIjWjDRG14w0tKibNns6ULGkij6EUqOfow/GirQY1ixV2grR/TwA6BpgaRrXgiSiGV3pH8BwNj8e3lXK9k3rpmwLggDPPvssMpkMPM/DunXr0NjYiGQyiYaGBniehxdffBGDg4NYvnw5HMdBIpHAihUr0NnZiWQyCd/3Yds22tvbsWzZMjQ0NMBxHJw+fRqu6yKXy2H16tUYGhpCIpEAADQ0NOD555/Hxo0bsWvXLly6dAlPPfUUbr/9dqTTaQwNDeGOO+7AunXrcPHiRQwODuLxxx9HMpnE1atXp/35zl68goId7ynjRFT/dF1Ha3Mjlnd3VHsoVIMYPtKCRNV9UaUfFU8h6vwdTtiiIQohDQ0wdIxP3ebr+6VLTpguPRYySlYuUhk0WzrfACGikrjSPwApJTat641FZ+mxjtdSSnR2dmLLli0wDANHjx6FlBLNzc0wTRNKKZimiV27duHkyZM4dOgQWltbsXv3bqxZswY3btxAX18fTp8+jb1796K5uRlCCAwODiIMQ6xduxbXr1+HrutoaWkZX2OypaUFmqahoaEBSin4vg9N05BIJNDW1ja+X0NDA9LpNADANKd/aba2d3klbzoiomkJIXD1+iCu9A8wgKR547RrmrexRhUMHktDIeoy7Mloymw+kBjxJbLBzSnbgYwq3ai+iNHO8GN/U2PTpbOBHP+/j5oZMXik0ms0GTwSUekMZ/NY1tUei+ARiNZ8vP/++/HII4/g3nvvRVtbGxzHwaFDh9DS0oLVq1ePh34A0Nvbi7vvvhvd3d04dOgQRkZG0NjYiPvuuw8bNmzA1atXcfbsWWQyGTQ0NODChQuwLAs9PT3I5XK4ePEili1bNt6tOpfLQSkFx3Gg6/p4ZeREyWQSjuMgCAIIIcY/ExHFkWEYWNbVjuFsvtpDoRrEykeal7HOzlR+cnRqbTC+JaqS1Eenauta9O5B9HW0jTlCPChE6zBKRJUXUkXbxj6PVTISVUtC12Dy7UciKiEpZWyCRwDQNA2maU4ak67rSKVSOH/+PEZGRgAAuVwOnufhxIkT8H0fnuehqakJlmXh/PnzuH79OgzDGA8dTdNET08PDhw4gDvuuANNTU2QUuLy5cvYuXMnLMvC5s2bcfbsWTiOg8HBQaxZswaZTAa+708aY3d3NwzDwHPPPYfGxkbouj4+LiKiODIMo+JLa1B9YPhIRSuEXN+x2qLgKpqOO/USQMOEYHL0w0C0RpsOcK22RZouVJSTto0FjPw7oXhjxSMR1TPLsrBz505kMplJ2zOZDPbu3Yv+/n5omoYtW7ZAKQVN02AYBoQQMAwDe/fuRUtLCwqFwvj07fXr12Pt2rXQNA3r169HoVDA2rVrYZomtm7diqGhIbS1tUHTNGzYsAFhGMJ1XbS2tmLz5s2wLGv8/GPjam5uxp49e3DlypXxqd/JZLIaNxkREVFZaUqx/IbmxuCxdikpIUe7OuqjT64NXYeha6OVlJjweTSo1KLrTZz+YxgGLMuCrtd+udRYiDj2G61GA8OJ2ycHjVxzkepLQteQMZlAEtWKa9euoaenp9rDmNWRk33TNn6Jm7FO14ZhQLvlXdmJz3nGSCkhhIBpmlP2X+h5FrIfEVFc1ML9fS08bi41rHykOeWCaM05qi2B7yMIfET/dQpRxHjzs64bURBpGICmQdf1qJpPCoRBCCEENETTljQoaBCA5iFpJZBIJKCPlk5F+4wGl6MbJj51vvVp9MTn1RMvm/QbpiZ/P+Xr8YAwuuTWwBDAlCAx2q80AeJYoDsfuq5B02o/uKX6INTNewMioqVkbDr2dKabNq7r+oLeeJ3tPAvZj4iIqJbxkY5mNeJLVnvVGCklXMeGnFKpqiZ9FkLMuah5FPRNvl4gPGiej2QyCdOypjl+bYqCVzkaLEpAjVZAjFaBTr09588wDCSSyVitiUVLk1AK+QBosuovfhQKMOrvxyIiIiIiqlkMH2lGDB5rz1jwOLZ+EaBw4uhpDFwfxI3rQwCAVWtXYNWaFejs6sDkwFCb9P2Jo6fx7NP7cOHsZdy4Pog9d+3A/Q/dhc3bNgBQ8DwPQRggmUzV9FRsIQQ810W0AsXMt8fY7TnT5cV8L6WA69jQdQOmZcE0DGg1fNtRbRsLIC0dMOpgqp+Egi8AUwcMpo9ERERERLHB8JGmlQ24vl2tUVLCsW1AKRQKDp767o/xL99+BnbBmXb/TEMam7dtwKo1K7F5+4bxqOzi2cv4ydP7cOHspUn7P/ujfXj2R/uw564deO/7H0dXdztEKGCHBViJaCp2raxVFK3fFCIIAkgRdWvTtKjIc3xyuqYwcWa1pim4ArBDICeAQCmEEtGHAgTU+NehjPZvMoEmE2gwgSZTocGIji+EgJQCnoqmc5mWCcuqnduP6keoFEIB1Hrl8kRKakixuJiIiIiIKDYYPtIUuUDNez07qr4gDAEoPPv0fnz+c1+bMXQcYxccHNh3GAf2HQa+VPx5Duw7jBNHT+ORRx/EY+9+EwANYeBDhAESyVQs1i0am0ItpYimT49+BkanVquba1+OVTQGUkO/p9DvAQO+Qj7UkBcKhRDIh0BBAIFc3LiWpYA9LRp2twIZQxsNOBUC30cYBLASCVhWYtE/P9FSJpSCUBqnXhPVhBAjZ4/hmSODGPSjLUYigzXbN+K+ta3g+whERET1ofopAcVKns1latJYgHW+71JRweNi2QUH//TFf8azP9qHD/7mE9i8bQOUUnAdp2pVkEpK+EEAEYaQspiUMPo93zeksG9Yod9TmLysY+n/Dq66wHdchWcHgY0NCr1pDavSCt3J6P/Qcz2EYVjzU9mJqi2QilOviWIvi9deOILnLvuTtgrfxpkDB3Hl2gY8ek8vGqs0OiIiIiodho80rhAqhAwea5IIQ9y4PoCP/9Enyx48TnTj+iA+/oefwJ67duCJDzyOzq52hIEPKQSSqcoEaEophGGAwPdHKxond9S+1UgAXHCA87bCWRu44pZ9iFNkA+ClYeCl4Wi8m5uAu1o1bG4CpBBw7AKsRBKJBKsgiRYikODUa6KYc069hhcu+wBMdG3ZgNdvWoY0bFw8eQw/Pp6Hc7kPz5xqx6O3Zao9VCIiIlokho8EAHCEQlCCbr5UHWEYzrq+Y7mNTcV+7N0/hze+5QEIIeDYNhKJBKwSB2hjU6qFEJBCIAxDADfXbHQEMOADgwEw4ClkwyhwHPvsLXLqdDmcyAEncgpbm4A3dGnoSQKB7yEcbejD7thE8yOUQig1mCwgJoqpYbx6Jg8BoGXjTjy6tXl0ewa9W+/A28UL+PJrLq6fOYfB27aivZpDJSIiokVj+EjwhIInGDzWslw2h+ee3l/VMdgFB5//7NdwYN9h/Pb//qvINGTg+x6EFEgmUwuahi2EGA8Zo+9DTGgJg4lrNl52Newbktg/VMIfqsKO5aKKzJ/t1nBXmwYlZTSV3bJg1VBDH6I4CJSCCf7NEMXTAAYKAJDB+vHg8abGre1of+0yBgs2LgIMH4mIiGocawKWuEBGVY9Uu3zfw09+tK9qVY+3OnH0FD72O3+M40dOQSkgDEI4dqHIdRhvGque9L1oHcQwDKFUVPk48fOpvMKXLil88kxtB49jCgL4+hWFL12SGPSjn9P3fTi2DTEawhLR3MIYVjkT0a10TNtVxtDZbIaIiKiOsPJxCZOKwWOtU0ohCAK8sv9wtYcyiV1w8PE//AQeefRBPPGBx6GUgmMXkEgmi+7mLISIapZGC5cCGa2VmBXAZQe47CpcdoAb/mxHqV0HR4BztsLDXRruaAWUknBtG4ZlIplIQmNDGqJZses1EREREVE8MHxcwlyhINlgpmZJKeG6Dgo5GyeOnq72cKb1L99+BsePnsavfeS9WLV2ZdTNOQhgJZIwzdnvfkzTxD9fdHGyEIWOubBCg46R4QD42mWF03ngoU4N3cmokjQMQliWhUQyyanYRLMQSsHg3whRbORPH8C3D2XhjD/9zOPAV5/GgZmvEV2umejduRM/u2HqFG0iIiKKP5bOLFGeUPDZYKYmhUEA17Hh2AUoKfH97zxT7SHN6sLZS/j4H30Szz29D5oWhaae68AuzD4V++VBgR/eAC45SzN4nOhQFvibcwrPDwESUXOdMAzgOs54h28imorF/URxch7PHZkYPM6DCnHxyGkcL/mYiIiIqBJY+bgECRVVPVJt8X0Pge9jYtZ04/ogvv+dH1dvUEWyCw7+5pOfx4H9h/HBjzyBTEMaSkk4dgHpTAP0aaYQD8SxLXUV2QL49lWFfUPA7c0a7u8ADCXg2AWk0mnoOlfHIrqVkJh+PTkiqoIAoQCARux5xx3YVfT1TuPbX72I60KiTldaISIiqnusfFyCXKHA6LF2KCnh2PZ48Khp0cdPn9mHP/wP/yU2jWaKcWDfYfyH3/1jfOPL34NjO1AK8D132n3XNPDuaTrXPeD71xWevKAwFGB0PU1n3g19iJYCwcpgoiXFu3oGp87l4N3an82+gVNnLiJr33qFHC6cOYPrWW/yduEhe+4MTl2deqxYnoOIiCjm+Op+iXGFQsDp1jVDKQXXdSCEgFJRpePnP/tP+Nhv/zE+/YnP11TwOMYuOPinL/4zPvY7f4wD+w4jDKOu1o5jwy7kkc/lkM/l0Gu4eH1ntUcbX6cKwJMXFM4WxgJIG2EQVHtYRLGiwKnXREvG8x/H1gffhjc9cg92//krN7eLF/Anux/Em978Juy+77/h5fELLuIff/0ePPTmt+GeO/81vn795lUufPkj2P3I2/CmB+/Bb37jRszPQUREFH+cdr2ECBWt9Ui1w/c8SCnh2KPTlvfFq6v1YtgFB5/5i8+js/s3sXrtyvHtE3tDvKFbQ2sC+Opl/t5Op98Dnryo8NhyDTubFbzRKlLTsqo8MqL4YNMZovjLn3wJ3ziahw8Ty7ftxJs2zb+xTHboZrLnTSwyLGTRP/a1PXHidg7XL9z8zp1QZZgdunTzm0nb43gOIiKi+DP+4A/+4A+qPQiqDFcoVoDUkLGqxxNHz+BP/u//jgtnL1d7SCUXBCGOHDyBN77lQQCAJkKYBQe6H8DK20hks1hnD2ODLGCfbKzyaG9SQkCKEEoEUCIEpISSAkpKQAM0rXJF5aECjmSBpK5hVVohDAU0TYNhcKE7IgDQocHSGT5SbSsUCmhsjM/j4HSuDwyju6Ntlj2G8NrxLGwksHzrCvSMbz+PHz3bjxEJABL5QRupzcvROef1Jkt2dqFdeEiuvR+//u63YXv3aI1FshvdHQKu1YsHfv29eHxb12j1RTPae5oB0YDb3/1ePH7/GrSMPny3tC9DixTI7HwXfunx+7G2Oc7nICKqrLnv76uvFh43lxpNsVXqkhBIhULI/+paEoYhXjt2Ch//o0/W5PTq+fjDJ96I29etnnWf78tGfDk1+z7lpJSC8BwoIaBbCRiJ5Bz7S0ApaBVsBPMzHcDP9WhQCrAsC8lUqmLnJoorU9PQaDF8pNp27do19PTMFLvFw5GTfdi+ad0se4w2jpnScOY8vvf1PlwZq/4zmnHPY3uwZc7rERFRNcx9f199tfC4udRwzcclYsqC1RR7Ugp8/nP/VPfBIwC8+NoFyDneB3mjnsdup3/WfcpBKYXAySN08tANE1ZD05zBIxBVP44HjxV6j+cnA8BXLkXnCoIAnjt9Mx+ipYStmIjibjXu29KIhAZAM7F8y4YJwSMRERHVA1brLwGeUAhZ4FpzbvQP4sTR09UeRkWcvHwDYRgiMcdahT+jhvEKuis0KkD4HoTnwkgmYSQWUUVYwfXmDowABaHwK6s1BKMNaBLJJDSueUdLVPTGBn//ieKscdMdeN+mao+CiIiIyoWVj3VOKsBj2UdNeumFV6s9hIpx/BChnLs8d7sZYrM3UPbxKKUQFHIQgQersWlxwWMVnMwDf9Gn4EmFIAjg2Da4wgYtZZK//kREREREVcPwsc75Us05nZXiyXW8uXeqExcGRiBEcSn5neFwWcciRQhvZAi6aSHR0FzR5jGldMkBPnEGGA4BKSVcx2EASUsWw0ciIiIiourhtOs6JlXU4Zpqk5RLqWS1+N/Te7QCfhjkcNlqKvkopAgR5EdgZRqLWtcx7oYC4M9PK/zaGg0rUgKObSOdyXAKNi05Epx6TVR9FkwDgMjjwFefxoH5Xt3QkSjDqIiIiKj8arOkh4ris9SjprV3tlZ7CIsipUAY+ghFEHV+nsWKtuKDRMs0sdrPLnZ4U0gRIihkYWWKayhTKnPdNovly2gK9ulCFGjbhcISC7aJWPlIFA+rcd/2ZqQX8j6AZqJ3OxvREBER1SpWPtYpVj3Wvp27t0FKAX2sY3INESKEqSvceVsvbmTzuDAwAj/wYZrTNz5JW/P7GdcrG8+XarAYCx5zsDJN0M3Zm96UWqWmdX/2vMK7VwK7mgHHLiCdydTk7xbRQjB8JIqHxg178J4N1R4FERERVRrDxzrlCgWTUytrWu/KHnR0tmFosPRVfuWklMK6rmb83mMPYXl7G0zdwIht44vPHsDXXzwMw7RgGtaE/SXWL2tHco5O1xNth13SMQeFHMxUuuLBY6V96RLgCeDedg2B4yKdSTOApCWB4SMRERERUfUwfKxTGZPBYz14/OffgL/9m6+iltYqa06Z+L3HHsK6ZcugjwbgXS0t+OijD+OB7bfhr777LE5dvQFdN6AAJAwNb9m7BYl5hI9NuoZeP4uLieZFjzf0HCgla66j9UJ946pCoIC3LNMA30E6k4FhMICk0hjL+Cb2NlITP6uJ29Sk1V6Vmrz//I+HaY4XnYNvxhERERERVQ/DR6IYe/StD+NvPvXlmqpOe+sdm7Gyo2M8eJxo55pe/LffeA+eO3oKT716AkopvPPeXVjd1TWvc1imidv8odKEj64NM5le9HFqyXevKQRK4rHlOmzbRiqVgjWP8Jeqo1zBHtRs4d1sYaCacjkREREREdGtGD4SxVhzcyPued0u7HvxSLWHUhQpBW5fuxKpxMz9KHVNw89s34j7tt2GMAxhGDqMBYSrK6W7mKECAJQUkEEAo6lt0ceqNU/1KwRS4p0rNDiOAwBLOoCcLdgb/1pNjtvmDAMnXWe24003BgZ7RERERERUHxg+EsXcjp2baiZ8XNnRjN7O9qL21TVtXlOtb7UG3oKvO0YGAYxkCppemaYvcfPMDYVAAk+s0uG6UZhbjgByfkFc6YK9aa+DaF3SW7cRERERERFReTB8JIq5Bx68E5/59FdQC+s+rulsg2lWZop4ly6RliEcfeF3YyLwYFgzV2kuBT8dVHClwBO9Oty8jWQqBSuRmLkqb8I3s62zd+t2IiIiIiIiWpoYPhLF3IoVPZBS1sS6j53NDbCMytytGLqOZUEefcnWBR8jqnxcWus9TufAMOBJiSdWavAdF2YgkEwtjQY8REREREREVF5Lc64hUY3ZuXNztYdQtEp1TrZME8vC/IKvr6SEFCF0dnoGABzNAn93QUEphSDw4bmLX1OTiIiWDl3XIYSo9jCIiKiMhBDQl+iSVbQ4/K0hqgFSymoPoSgnL99AGIYVO1+XXPi6j1JE49RqoKK0Ul7LA585B0ilIQgCBpBERFS01uZGXL0+yACSiKhOCSFw9fogWpsbqz0UqkGcdk20APNrhqGmXn7LmnkTt0+3zl7X8i4cO3ZmscMuu4sDWWQdB50V6prcsYjwEVIu2UYzs+mzgU+dU3j/Kg2ADwCcgk1ERHNa3t2BK/0DONl3sWbeNCUiouLpuo7W5kYs7+6o9lCoBjF8pNhZTGdc4GYgOG2zjGnCwqnHnO461W2g0d7ZVqUzz4/tB/j8T17Bbz/6YEXO16MtvLpCKQloDB+nc9EBPn1O4ZdXaWhBACklUuk0NC3+TY+IiKh6lnd38EUpERERTcHwcYkpNti7+UkVHewVf8zpu+OyM+7MVA3dOP9y8BR2rFqGh3duKvu5OuFDw8JCYaUUw7RZXPOAvz2v8Iu9QFcyhGPbSGcyvM2IiIiIiIhoXhg+1oF8MM203rGvY1C1R3ETNRSRcrRqUNOg6wZMwypZsPSX33sBG5d3YWWZKzYtw0Rb6GDQnH/Hak3To+pHmtGAD3z2PPC+VRpWpiQDSCIiIiIiIpo3ho81zpcKYS2VxVHVCSHwlr2bcedtq9CSyaB/OIcfHX4Nz588B8tKQi+qAYuClGrGTme2H+DLz7+K333bQ6Ud/C00TUObcBcUPuqmBSUEFNd+nFU2BD53XuGJXg3rMgJhGMKq0JqeREREREREVPsYPtY4jw0Fl4RSFprds7EXv/LwXWhtbAIAbFsNPLxrCw6du4g//dL3MOIEMI2Zw6Uw9CHEzY7WmqbDMEwYxuS7k/PXh+AHARLzDKqkUgjDsKjrWWZU+QjMv8JSN01oug4Z+jASbKgyG0cAf39e4T29GrbqPsNHIiIiIiIiKhrDxxonWPW4JJRymuudt61Gc0PjlO071/Tik7/5BP7ki9/Fq2evwjSt0crG6NxSCoRhgJ1revBLD96B1V3tOHd9CK/0XcI/HziG4YIDw7CgaToABT/wEIjiQsSJPN+HMY9KxLbQndfxJ9JNCzIMYSQWfIglI1DAkxcUPrJOYF0iYABJtYUrBRARERERVQ3DxxrmSwaPNH+OH0CfIcxsyWTwnz7wTnzlpy/ji88ewFDeGb8slbDw8/fuwjvv3YWWxibomoa2pmbsXr8Gv/L6e/DV51/Bd146iksDI2hrTOOJB/YgYc4/oArCEEai+DSwU/nzPscYM5WGn8/BTGdGQ1Oay/4hoDfjMXykmsK/biIiIiKi6mH4WMN8TrleOkpY+Xh1KDvnPu+8dy/edudOnOsfwMWBIUgpsXtdL9KpJDLJqVOUDd3Au++7A+943W64vo8gDJFKJGGZ87+L8cMAqXmEj80qnHunGRiJFHTDhnAdmOmGBR9nKdk/DNzZJln9SDWFPZKIiIiIiKqH4WMNY6OZpSOTKc2ahGHoY+Oy9qL2TVgWNq5cho0rlxV9fEM30JCaf/OXMUopBGEIcx6hZQaLS+GNVBqhU2D4OA/7h4CVaQ+mabLzNdUEVj4SEREREVUPn4/XKE65XlpWr+td1PWVUggCF3dtWIm9G1aXaFSl53geEqY147Tw6TRri/tbMJNp6KaFwM4v6jhLyf5h4JIj4boOFN8EoRrAjJyIiIiIqHoYPtaoQFZ7BFRJt+/dASkXXuFnQOBdr9uF33nrg2hrbi7hyErL9T2kknNPuRZSwA8COJ4HK3Dm3H8uicYWAIBfmHtKOkX2DwEiDOE6i7/9icpNY8cZIiIiIqKq4bTrGhVWofLR0jVYOpDQa/tFnFJR5agnAVlDVVubtq7HqRPn5n09IUJ87F0P4/Z1qxY1JbrchBDwwxCtTVE4GgWMIUIhIKTAjXQzhswkBhMNGNaTGDaSGIaFYaFjkTOvAQBWphGha8PPj4yHkTSz/cPAhgZge3MIIQQMw6j2kIhmVOMPW0RERERENY3hYw3ypUKlIzNL19Bg1serN00DkoaGpAE4IeDVyBT2B3/2Ppw8dga6Pr+QZ/f6FdixemWsg0cAyDlO1GimtQVBJo2v5ZMY1BMYViaGhY7hYHRHhShsLEPDJTOVgfA9+IUczGQK+gK6dS8lX7gE/KKuYbvhIZ3JVHs4RDOqj0cvIiIiIqLaxGnXNSis8JRrQ6uf4PFWSaN2fq43vfX1aG1vBuYZPa/pbJtX9+hqEJYF83V3IvnmR+Dt3AZndS+uJBrxipPAWXdC8FgBRiKJRKYRwnO5DmQRnh9UCMOo+pEorl/yGH4AACAASURBVFj5SERERERUPQwfa1Cl13usoXxu3nQN82puUm0f+I0nEITzT+ISVrwr+MTG9TBaW8e/dwKBS9VcSlDTYDU0QTct+PkRCN+r4mDi7UwBeHkECIMKJsRE81A79/BERERERPWJ4WONCaRCpSdd13vFSC39ePc/dA/e8Z5HEYQ+iq2AlDLe3YlETzdEe9ukbZcLIbJhlQY0gZFIItHYDBkG8PNZqJjfltXy/CBQ8PzY/67R0lRLbzAREREREdUjho81ptJTrgFA1MaSiAtWS01nAOCXP/QevOmtD8H3PSg1+y+EUgor2poqNLL5U6YJf8PayduUwmUnTv8nGqxMI8xkCoGdQ+jGuLtzlX6Xr3nA84MagsCvyvmJZsPokYiIiIiouhg+1pigCtlCIBW8Ok0ggyo07ymFD//uB/G//f5vwTA1BIELIaaWCUopYBgS63raqzDC4vjbNgP65LshKSXOFOL3v6JbCSQaW6BpGoJCFsJzqz2kqTQNwvcQOoWKn3r/sELeDaBqLMyn+sfCRyIiIiKi6mL4WEOEql6VniMUghrpCl0sVygUwtr9me5/6B781ZP/H375Q+9BS1sjPM9GELgIAhee78C0dPy7/+f3sH7rpmoPdVr+lo2QzVOrMkUY4oxdhQEVyUimYDU0QymFoJCLXQhpJJJQSsEZvAZZwUrE4QA4lFUQYQzmyxNNwCc6RERERETVpSmWqdQMTyg4Va5A1DVtygu5a67EyowOS9dqpjmNGv1H4ebKiVIpBBLwazRkPXWyD4cOHEEhb2Pnnm24fe+O6AIpkTpwCJoTn+nC/sYNED1d017WN1jA/zhVO52TZeDDt/NItcSrwtTLDkH4HgwrgWRzW0XKv9ZmgA+t1dHQ2Fj2cxEVK2VoSNXKgxPRDK5du4aenp5qD4OIiKgm8HEzfsxqD4CKF4eZz1IpTFxlMGVo2NBkVG08C6WN/jPx5aihabB0IKk05CrdUrwEbtu0DrdtWjf1Al2Hu3cXEsdfgzEwWPmB3cLfshGis2PGy8/ka++2jyMr0wQZBhCBD3vgGqx0A6yG8q7/edYGTuUVdqQFDKP27heoPjF3JCIiIiKqLs5GqiFxCB8n0jUNiTpshW1oQINZZ38amgZ/6yaEvSuqNgSVSsG7fceswaMQIc7FcL3Huei6ARkG1R7GJLppwsrcDBsDp4DQK3/166sjCr7vlf08RMUyuOgjEREREVFV1VnCUr+kAkTMZsibGlCH2SMAwNKjcLXeBGtXw9+6CSphVfS84bIeuHtvh2yafTpuGIQ4G5/Z4UXRrQQSTS2QIoRv5yq6zuJczFQaRiI1/r2fGyn7OQ9lget2CClZwUrVp6F+H6eIiIiIiGoFw8caEcYseATq/wVdvf5xiI52uHfuQbiy/FWQKpGAv30LgtvWFfULc80Oka/RfiVmMo1EpikKIGNUBWmlM5O+D+x8Wc8XKuDVESAM4nMb0NLFqkciIiIiouqr13yl7sRtyjUQVWPWs7qu29J1BOtWw71zN8IVy0rejEQ2ZOBvvg3u3Xsh2lqLvt5Zu3Z/qdRopV+ioRl+bhiIyRsGupWAmUqPfx+Fj+Ud26EcEMQogKWli+s9EhERERFVHxvO1IgwhklYIKMAsh4rIAOpIGMSHpWTSqUQrF+LYM0qmNcHYFzrh55bWGWcsiyIrk6Iro45p1fP5IJnAKix0kelEHoudMOApiegmxbMdAPckUGkWmde37KSzFQDQs8dD0T9fBaJxpYp+4WuDTOVmbJ9vq57wCtDEncnAlhWZaf4E01Uj49PRERERES1huFjDYjjeo8AoKDgCCBjaKUunKsqTyg4cSw1LSfDQLisG+GybkBIGNkstHwBum1Dc73oY3QarTIMqGQCKpmESqcgGzKQTU1QmfQcJ5nbsF9bt7sSAr6dgzc8gOZVG8a3m6kMlJRwhwdiEUDqpgkrlUHgFAAAoevASjdCm9CROijkoJlzPyQUG1AeygJ72xk+UnUZTB+JiIiIiKqO4WMNqHYOFi3Yr2G6l3BKAWfyAiszOixdi/0UNzX6j5r4/ehnpRQCCfj1Pp98LoYeTZWex3TpUlmeMXA6Jyp+3oWQgY/+Qy+ga8fdSE4IHsdYmaj60x0ZRKqlvdLDm8JMR9WPSka3r58fQXJ0XML3EDgFpNu7Zz2GnxtGoqm434uTeeBcPsSmlISuc4UPqo64PyYRERERES0FDB9rQDWbzSQNDSl99srGRsuY+cKY0QC4UsGtdqJL03rnmhSGPIkjw/Geei18F6HroPv2e6EbM9+NWplGwM7Dyw4h0dQKrYolwpquw0xnEBRyAAAR+JCBD91KQAY+jEQS2iwhoZcbgplqmNc5j+aAdS0+ksnU3DsTldhMb5oREREREVFlMXysAaJK6z2amoZ0HZaNpEZ/JgaQ8fShTRn83WkHBwbi2bAkdG0oKZFsbitqfyvTCOG7CPIjMJJpGIlkmUc4y1hSGQjPgQyjcNfPjyDV1gVoGoxZAkI/PwJN02FYiXmd73AWeL0bMHykqqjDhy+imqNiuGwQERHNTzULKKh+cC5czClUr/IxZdbvnYzJdcBi7Vc2pLG3I35rBQZ2DppujE+pLpaRSMFqaI5CSHthDX1KQtMmVS9KISA8F2YqPWOw6BeyEIGPREPzvE83HACHcwpBEM8gmeobw0eiylJKMWwkIqpzvK+nhWLlY8xVq+oRqO8XbvX8s9WLd61NoS8vMOTFo9W7nxuB1dAITV/YMgOariPR2ALhufDzIzCs5KzVhuViptIQngMR+AAALz+MTMeyafcN7DxCx0aypQ0L7Sp1JAvc2e6z8QxVHO/niSpHKQVN08ZflN76wpQvVImIas9YxePYffjY92P396yIpPlg+Bhz1VzvUakF5w2xx+fA8Zc2NLxvXQqfOG5XdRxKSgjfRaKppSTHM5IpGMkU/NwwpAjnXUVZCmY6Mx4+QgGhU4CZnryeY+jaCOw8Eo3NMKyFTxU/mQfO5wU2svEMVZhRrw9gRDEz9qJUSonjV/L49DMX8GLfCLwgHm8eEhHR4iUtHXeva8GHHlyFLcsbGUDSvPGVYMyFVXzeFtRx1+dqhrpUvNuaTdzVWdqKucSFPiQu9MHqv1LU/kpKmKlMSccAAImmVsjQR+AUSn7suRiJ1KSqS7+QG++CDUQNdfx8FlZDU0l+9sNZIPD9RR+HqFgaAK6uQVR+Y8GjUgrHL+fx4c8exo9PDjF4JCKqM14g8eOTQ/jwZw/j+OX8pPt/omKw8jHmqvnUzREKyTqdt+aKufeheNjRZmHfjYWtGah7LpKnjiL52jGkTh2dcrlMpuCvWg9v41Z4t22DnGYatG6W727SyjTByw5BN615N3NZ9LlTGQjPHf8+dAqwRtd1FL6HZFNryaaFH8kBP+sHSKbYeIYqQ+e78ERlN1bxIqWEUgp//fR5ho5ERHXOCyT++unz+LMntgIAdF1nBSQVheFjzMkqv5Mw7EukDA2WrtX8+llCRdWc7HJdW3a2mdjQZOB0rvjE2BgZQuNPf4D04Zdn3U/3XKROHUXq1FHI5Ldg33E/7DvumzaELAfdtGBlGhEUctBb2iv6oK1bCZipDEI3mtYeODaMRAq6lUCisTRTzMcMB8ChEYXXpQOu/UgVYXJeB1FFjK3vKITA/rPZag+HiIgqYP/ZLIQQMAyDlY9UNIaPMRaXWc+uYGBH1fVrmzL4s8OFOZvP6J6Lph9+a87QcabrNj73FDIvPYvcG94KZ/vehQ53XsxUBqHnQLgOzHTpp3fPeu50dO6xRVAD10ayTBWYR3LAnR0MH6kyTL77TlR2E6sehRDwqrlWEBERVYwXSgghxqseua47FYO/JTHGvI8okjY0/NrGNFKzlN+mj7yMzr/6+IKCx4l0z0XLd76M9i98quh1IedDBj7c4RuQIhzfZlhJiMAr+bnmohsmrAmBp/DcSVOxS+lkHjiXDyAlX5xS+bHykai8Jla6KKV4305EtMSMvfk0hhWQNBc+PY+xak+5JoqTlRkDv7YxPWW77rlo/8Kn0PKdL0MvYXCWuNCHjs/9ORqf+0HJjhu6DtyRQeimBd24WXhuJJIQvgclKr8YqZlqgKYb498Hbvka4BzNahBhOPeORItgahpY90hUfhObDTB8JCJaWiaGjwweqRgMH2OMT+OIJltheni48+b3jc/9AJ1/9XEkLvSV7ZyNzz2FjhJUQYaODT8/AiORnLKmYhRGGhBh5TtCa7o+qfpRBgHCMnXgPpwDPJZ0U5mx6pGossbWfSQioqWD9/00X3yKHmNxWfORKA58z4MUAvc3uOjd9wN0/48/QuNzT5W02nEmRv8V9HzxU9hy7LkFXT90bfh2FlamEcnmtmn30RNJyKDy4SMAmOkG6ObNtRgD14aSpa/CHA6Ao1m+rULlxfUeiSqHVS9EREsT7/9pvthwJsZYIER0UxAEOPPyUfzwM19GaLsVf+ckdFwMf+tb2HauD8df/66iO2KHngMASLf3zNrN2ko3wMsOQXgujAp1257ITGXg50cAAEoIhI4Nq6Gp5OcZDkp+SKJxuqax8pGIiIiIKGb4FD3GuOYjUUQKgevnLuG7//NJeHb5Kx1nM3j4KHq/9CkYI0NF7W8m0zBTmVmDRwDQdAOp1k4EbgGha5diqPNiptIwJnS6DpwClCj9+oytCT7sUPnM0pOKiIiIiIiqhK8CY4q5I9FNSins+6enqj2Mcf6VK+j+uz8vOoAslgwDpFo6IDwXgZ0v6bGLYaYbJn0v/NJ34G5JGnPvRLRADB+JiIiIiOKH4WNMVb7nLVF8CSFw+WT5msoshHJd9H7zyZKtOekXsgjsPJQUSDS1Qvju+JTtSjESyUlrP5YjfOxI8mGHysfUmT4SEREREcUNXwXGFKdcE93Uf+5y1adbT8e7cgXbjj2LxeQdMgxg37gKTdOQaGyGphtRB+pME4JCHkpU9q0IM5ke/1oEfkkbz6xt1NGZ4sMOlYehaTCZPRIRERERxQ5fBcYUm80Q3eTmKz8FuVi5557Dry4PsKVl/v27QtdG4BSQau2AlWmCpt+ckmwkkjCTqYpPvzaSKWDC+pQlq34UIR7o5EMOlQ+nXBMRERERxRNfCcaUZPhIBCBa7/Fa38VqD2NGnu3CO3IEv7E5g8dXF9mlWil42UFohoFkU+ukqc4TmakMhO9CBn4JRzw7TdcnT70uwbRy7+I5XPn0f0fu8IFFH4toJuxyTUREREQUT3yqHlOsfCSKBL6P3MBwtYcxq4vHTgMAHlqWwEe3Nsy6rwx8iMBHsrkdhpWcdV/NMGAkUgj9yk45nxg+ygVOu/avXUZu/7Pof/KvcfkT/wneudM4dOB4qYZINImGaNo1ERFRXNy5rhVv2NqJTILN9oiI5j9PkCpCB6DzhRQtcVJKCN+LXbOZW+UHhmCO/r1uaTbxkc0N+IsThWn31a3EvI5tpjNwhweQyDRNmg5dTrox4aGhyPVn/SsX4Z3vg3uhD96FPgTXr908nm7ANBO4cPYSNCFgmHzoodLjtGsiIirW7z+2EW/f04Njl/P46GcPwfZLu8b2o7u68e/fugHphIGvvXQVf/rNUyU9PhFRreErwBhSAKBFlRwaorxh8tfaNNuI6k8+72Dg1FncOH+l2kOZ1cCFK2i0bv4V3tVp4uyIhu9eXXwJ81gVoggDGPMMLhdKM26+Q2+mMtPu41+5CPfsKXgXzkZh48D1KfvougHDsKDrUZH92TMX0WBpMNkVhIiIiKpMA9DVlMC2lU3Y31faWTa2L1DwBJQChu2gpMcmIqpFDB/jSAHhrIs+znzZpGCSASbVMMdxIITA95/8ZrWHMif3lk7cQghsmD6zqwnCdca/Hut+7V+5CPfMyaiy8XwfwuHBSdfRNA2apkPXdWiaMR443iqbzaO9vbV8gyciIiIqkW0rGrG2M4OzN2wcvTy1CeC2FY3obU/jlfNZ9GdvNun70fEB/Oj4QCWHSkQUawwfY2gxtVIK6uYsyVkPxACT4svzPARBgP3few79Ma96HOMWHKQaoqBO13V8/UrtLtwaeg6C/isILp1Hvr8f7oU+iOzUigBdN6AbBgzdQLF//dlsgeEjERERxdqO3ib82zevx/aVTdAQvXI6cimH//LdMzh8MYd1XRl87K0bsGdNCzQAfijRn/PR1ZTA5569iNdv7cBt3Q2wfYG/f+4SPvX0+fGp3q9eyKK9wUJve/S88cXTw/jYPx4r+dRvIqI4YfgYQ9WOLBhgUjVJKeG6Lg79+GU8VQNVj2PGgkcAGPCBC84sO8dY/thBXPn8pyALeZhmAroeTcG+WdV48/NCZLNTqwaIiIiI4uTDD6/B9pVNGLEDvHI+i92rm7FjZRN+8w1r8FufO4z339+L3atb4PgCr5zP4rbuDHrbUnADibwbou+6g5VtKWQSBvasaR4/rgbg9lXNEFLBDyWSpo6dq5rw6O3d+NK+2njDnYhoIdjtOoaqHT6WgoKCVApCKYRSIZAKvlTwhIIrFByhYIcKhVAiH0jkAolsIDHiSwz70eesr5ANFHKBQj5UKITRdZzRY3giOmYggVBFHcKlqo/bbykLwxD9F67iB/9QO8GjvKUpSyGs3d/Cwae+CVnIQ9N0WFYSppVEIpFGIpGCaSZgGOaCg0cAECHf1SciIqL4emBTOzYta4CUCt862I9//4Vj+NbBfgipcFt3A955xzLsWtUMXQMOnBvB7z15BN94pR+BiF7/jNgh/q8vHcfVYW/a41/Levg3/3AUf/DVk8g6ISxDR0djZdb1JiKqFlY+xlCRzWXrmkIUYGIRFZhRJaU2XlU5bROf8W2swIwLpRS+8l//bso6inGWTCcnfb+20Zhhz4XRdB2QsqTHnI5/9RKCi+dhWSmYpgXTLP0TYcMo7W1DREREVEpNKRNJS4dUgBtEz78GCwFCqZC0dCxvTSFlRW/EDuTn30zG9gSePz2EO9e1wgsl0gk+NyKi+sfwMZaYPpaCQhRkTdow695TMcCsvPPHzmDkxlC1hzEvPWtWTNm2pkHHuUJpAkPNMCClQLmfmuZffn58mvXYZyIiIiK6ydD5DJ+IaL4YPsYQo8f4KEeAOTGUZIA5Da32fuJl63qnbHukR8d//sRXYHV0werogtnZDbN5/o1WZOADSkE3yn93XTh6EMDY+o7lCR8bm2q4DTgRERHVvZwbwgui9RjHKhzbGyyYugYvkBhxAoQieoO5o9ECADCPJCKaHcPHGOK06/pSzgBz7GugfgJMVYN/ABt2bJyyzT95BCPPfG/SNquzG1bXMlhdPbA6uucMJYNCDkpKpFo7yzLuiQqHDyAcvAGgfFOjW1qasH79qrIcm4iIiGi+Ohot/NkTW8e/D4TCP/z0Es4NONi9uhlv3tmF7uYk9q5phqFrOHPdxmd/chG7VzdjeWsKd61rxT/+1h3obk7AMjQEC1zamuElEdU7ho8xVHvRC5VbJQLMSUFmFQPMletXQSoFvQoVkFJKCCmgABi6DqOI6j8hBTbv2T5l+4njfTDNBJSSUEpBKYngRj+CG/3Ascn7Go1NsDp7bgaTXcuAMIBz7TKSK3qR2LKrRD/hzOwjr4x/Xa6qx917ts69ExEREVGZXR3x4I12m85MWHNxxAkxkPfxlz88h3/36Aas68rgke2dUADOXLfxlz88BwD44otX0NuexuqONNZ0ppF3Q0gFhELBC4tbdsf2QnihhGloWN2RLsePSUQUGwwfY4jhI5VD1QPMCZfNpqG5EYl0AqE7/wW8F0oqBT/wEcoQnW0tSCVM9A+NIPBDJK0EtFkG3rWiC6mGqU8Yz5+7DGPaqdJqNIxUkFJCKQlZyMPN5+CePTVpzyDw0P7I29FY5vBR5LLjU6513VhUN+vZbN22vizHJSIiIpqPTz19Hp96+vys+zzxiZdx57pWdDcl0J/zsb9vePyy504N4bk/fwn3b2yHF0rcsbYF77+/F14oMeKEAID3fuLlScf7j19/Df/x66+Nf3/0ch4f+dtDWN6SxMEL2RL+dERE8cPwMY6YPlJMVSrA7F69ApdPnitqTFJKKKiiqhRnur7tu7h3zxa84Z5daEynYZomXN/Dt5/ehxcOnkQmOfO70ctX9ky7/eqV6zNcQ4t+fm1qheFYhaRSMrr1NMC/WNztsBiFQy9DBT6A8jaa2bKF4SMRERHVjomB40SP7enByrYU9vWNQCmFu9e3wjI0DOT9Ga8znf6sh/6sV6rhEhHFFsPHGGL2SPWsmABz5ZbbZg0fAxEiFCGEvLmwjqbpSJoJmPNYrzAQIaBJ/KtfeBO2b1gzKcBMWhbe/aYH0N7ahO/9+BUkrcS0x2jvap+yLQxDDA/nix7HzZ9Bg6YZwGhfa13TEVwof/hoHxtrNKOVLXxcsaIbW7YyfCQiIqLa98j2LtyzoRUffODmWtY5N8TXXr5axVEREcUXw8cYYvhIS13PLE1J/DBAMmli76b12NC7DKtXdKEhncahU2fxrR/ug+N4c06VBqLgsakxhV94889g67rV0+5jmSbe+Lo9uHxtEMdOXZo22AxvOY8QArZtw3HcIn7S2QkRovHOBxZ9nNl4F8/COX0CwNiU6/Kstblj56ayHJeIiIio0j75g7M4erkDG3sa0Npg4bWrBXzv8HW8dHak2kMjIoolho8xVIPNfolKKtPUMONl63q78avveCPSqdSkpjSv27kVO29bi289/SKeO3AcKSs5bViolIIfBmhpzuDD730zetqnVi5OZOgG3vvoQ/h/P/MVFPIedH3yeoiBpiMXqNGGPAqObeMf//6bkHJxf8hChDA7u9Hx9vcs6jhzKbz60vjXul6+h4RdtzN8JCIiovpw9HIeRy/Pf5YLEdFSVZ6uArQozB5pyZvlj+ANr7sdDen0lG7YuqahKZPBux75GXzo3Y/ASuhwfBeBCCGVgpACfhjA9l2sWtGJj/7i2+YMHsdkkkm8++fuh24CQRg1wpFKwQ08rNqzFa7vIVQKrh/gRz98Ed/42g8W/KOPkVKgYefeRR9n1nM4NvKj4aOuG1OC1VJi5SMREREREdHSxMrHGGL4SEudEGLGy7J5Z9brWqaJ2zdtwNqVy/CdZ/bh0MlzyBVsWJaJno4W3H37Ztx7+zYkLWteY9q6bjV+91fejs997SlcvDYAANixcTW2pFMYcV0YugEhBL745DfmddyZSCWRWrexJMeaSf7V/RDZaFF0fR5rZc7Xtu0bsGxZZ9mOT0RERERERPHF8DGGOO2alrrlG9bMeNlPDxzHPbs2z3mMloYG/MLPPYC3P3wPHN9H0rJgmSYSljWlarJYyzo68Nu//BhOn7+CdCqJVcu6kBwcgteQhqPr+N43n0Z2AY1mpqOhPGsvTlQ4uD86l6bDKOOU651F/H8RERERERFRfWL4GEOKtY+0xGWaGxEKMe2ajf0DI7gxnEVna/OcxzF0Aw3pNBrS6dKNLZnCzo3rJm1rv3wV/akUfvLD50tyDqUUlJIw2zpKcrzpOK8dg3v2FIDyVj0CwKbtm+CIaF1MDYCmjX5G9MWt24mIiIiIiKh+MHyMIQ2cek1LWxD4aF3Rify1oSmXSaXgeF4VRjWZUmq8M7QuJDouXEL/6HTsxZIyRGrdxrKGj4VX949/bejlCx+bmhuxcdtt8MR092pTt0UhpDZtIKlNE1QywCQiIiIiIoo3NpwholiRQsB1HKx98H4IOXXtxyAM0NnWUoWRTabdMnXbcj387pvvL8mxhRRouqs0x5pOMHgd+dHwUTdMaFr5Hgq27tiIRDJR9P4KUcAslEKoFAKp4I9+eELBFQqOULBDhUKokA8l8oFELpDIBhIjfvSRDRRygUI+iPazRz+c0WN4IjpmIBUCCYQKEAqQim/+EBERERERlRIrH2OJtY+0NAkh4NgFXHWBn6zYDaPlx2gYGRrvwhyEAfZuX4d0ovgwqxykUtOuG/nI7Zvw6rkrGEhm8KHf/gC+9oVv4l++9dS8jh2KAK2vfwsad99dquFOUTj4ElQQde0uZ9UjAGzdWfn1HhWiytRJG+a8xmTTVWACt1ZdTqy01GbYTkREREREtLQxfIwhTWPTGVp6lFJw7AKGfOAzFzS4VhrGY++D9vefQCIMIKVE2NGBNzxQvlCu2HHO1rDmAx96L0Za2wEAP//et+FG/w0c2Hew6ONLIcre5XpsyrWm69DLHT7uKO/PUi6VDjCj7QwwiYiIiIio/jB8JCohDYCpazDqIDEQCghkZVJwpRTsQgFOqPC/LmlwR2dbi+Wr4PzyRyG+9xWo7l44b34Hvggbv6MuVS2UUVAzdqIebO8aDx7H/Kvf+VX81z/9n3jt2Kk5jy1EiNTGrUit31SSsU6n8Op++NcuA0BZO1wDQO/qFVi7flVZzxFn5Qgwp1vfctYAc8JlRERERERE1cDwMYb4OrE2mZqGjKlBr6P/wEAChbC8AaRSCrZdgB1IfOaChqvu5MvF8lVwPvCvAUR/G6+gEX+LZfigulrWcU0nCENY5sx3m94MXbV/7//4LXzuL5/EC8/un/ZyYDSkymTQ8fb3LHqcs8m/+hKAKNAqe9XjztqseoyTuASYY9chIppobP1jTdOQMDX4ZX7OQERE1ZcwtUn3/0TFYPhIVAIagAZrpnq42mXpGhpNDflQlu0cvudBCoGvXp0aPM7kx1oLOhHg7ao03aWL4fo+UrOsNRmaFtxUZsbL3//hX4JtOzh04Mj01w99tNz1BlgdXYse60y8i+dgH42mgBuGVfYnC9t2VH69R5qqkgHmze3ajJcRUX3RtOhF6J7eDF44W6j2cIiIqMz29GbG7/uJisXwkagELL3+gscxpg7omgZZhoVIlVIIwwD/64LC8cL8bsGvap1IQOHn1GDJx3Urx/OQnKPJzUhrO6Q+e9fo+x++d8bwsRKy2QgOWQAAIABJREFULzwDADAME4ZR3rv/js427LlrZ1nPQZVT6gATmL5xz+TLtNGlLBY1dCIqE03ToJQaraTX8b47O3Dggg1fsPqRiKheJQwN77uzA7quT6p+VGxaQXPgU/oYqtcQq57V01Tr6ZTjjkIKAbtQwD+eLqAwmMUe9zp6wvlVTHxB68KfaauQLeP7KLbrIplIzNpkxkumpqz1OJ2de7bjztftmbJdKQmlFKzu5Ysa62yc0yeQf+mn0DQNhmGV7Txj7r5/L1LpZNnPQ7VDIeoUL0Y/QqkQSAVfKnhCwRUKzuiHHUafGTwSxdPEapex8HHriib8yduX447eJBL1sPg1ERGNSxga7uhN4k/evhxbVzRNCh8BTr+mubHyMY40FFFVQnFSob4sVVPqSddSCNh2AQhDPGz3Y5tmR7/3EhgqCHxfa8Oz6WXwtLnvoo5qGfyf2jp8UF3FHSpXsjH6QQDH89DU0DBr8BhYCVzvWQFV5APuBz/6fnQv78a3v/rP49vC0EfHY+9Fw869ix73TLI//REAwDDLP90aAO6+r3w/Cy0N6fIuSUpEizRW9Ri9qWXAsixs723B73cmEQQBwjCEEILVMET0/7N35/Fx1ve96D+/Z5td+2LJm2TZlvHGEpvNkGBSCgkJJC/CaTlJTm+atkm6HHKaU3L7um3uyXLuuWlOF3JvSNM2NyctaZLSFgIkQAgYs5hgHNt4wRbGljftki1p9plnuX+MZjySZkazb/q8Xy+hmWee5SfLHvF89P39vlTD4u/xiqJAVVXY7XaoqgpZlhM/A+I/D4gyYfhYhfjPtvbEukLX53fOsFDUKdemYcDv90MYOppPn0e7MX+hx2ZVxv2YxW7fJB5VV2PA3rrkOQOQ8C3RjR4RwvusadxoeWHLMzI1TBPeQACqLKPR7c68r6xgtHs1IlpuFX53f/QuGLqB5576BQxTh9LWCc8Nt+Y13mz4jx9C4O23YtOtS9zhGgA2bdmAq7ay2QzlTxYCar2XlBPVgeTwUZlryCZJEqLRKEzThGnGfhYzgCQiqj3xQFGSJEiSBFVVoaoqFEVZFD4SLYXhI1ERWABChgV7nU0zMi0gUMTOlbGKxwCUYBANF0eghNJ3mGmzafi98Dn8HZBVAAkAZ2HHWbECe51deLA9BNfUJGR/AMJMH0RakoSox42g3QZ9bAxaKISGJaodAcCUJFxc0wtdyW8K8z33341QKIwXnn0R9r7SNmaZfX1v2aZbA8ANu1j1SIVx1Nl7KVE9WljtoqoqJEmCLMvQNA2GYQBg8EhEVMvi7/GyLCfe41n1SPlg+FiF+E+3NoUMCxETUMVcAxqxsHlCbbCAubXYgPN+A6ucMpSkHyiGBVh5rAtgzK3xqASDaD5zHmLupiQTp82O3/QP4v+2NWY1BRsAtjYreGCdA5bsgW9FrHO0HAhCCochRSIQugFTU2HabTBtNoQFEAwEAQgYDa3oungOUjCY8RqWEDjXu3HJBjOZhEMhbPvAHRjt7IG37+q8z7MU74F9CJ15B4qqleV/DOwOG65n+EgFUCTBtR6JasTCG8/4zallWYkPIiKqbfGgceFH/DWibDB8JCoi07IQtoDwgkUg3YpUMzfTArHwVJWATY2p3yL8enyqeXYsy0I4FMwpeIzrcDpwm/ccnmvoW3LfnW0qHljnWLTdcDpgOBdvNw0DIb8PpinBMGPfoKmOFVh5bjDtNaKqhvM967Mef2oWgsEATgW0kgaPlqFj9vU9ZZtuDQA33boTrW3NZbkW1SdWPRLVlngAGQ8dgcXVjgwhiYhqz8JgcWF3awaPlAuGj0QlVkvBY7ZcikDIiFV7ZiMUDMKMRNB8YSSn4BEAJCFwg34Zzy2x30fW2PHeFVpO57YsC4ZxJXgEgJDmwExTCxqnLy3af6apBZPtK3K6RirhUBjjIQPnjdzGm6vZ119CdHQEqlq+rtPve/9NZbsW1R9NEmD2SFR7ktf8Sq6ISd5GRES1Kfk9PF7Vzvd1ylWdRSL1gf+O64dWx9MH7bLIaip5JBKBEQ6h+cz5jGs8ZtKoSlgbmUn7+gPrHDkHjwBgWZgXPMZdbm2HKc9vtTu+YmVRgkcACEfCOG/YMGOWrp2v4fNi5pUXICtK2f7nYMeN12ATG81QAept3Vyi5SQ5dCQiovrE93rKFysfiUpIrdPgMU4SAkaGqVSmaSIcDMIzPAYlmF/wCACKJKNd9+Oc1jhvu10W+IOrnFjpzC/Ei0SjKbcbkgy/yw3P7AyiqobJji4EnK68rrFQNBpFMBzGeb2hKOdLZ/b1l4CAH7JS2urKZO/7tZvLdi2qPzZZgA2uieoLb1CJiIgIYPhYlfi/afUjh2UR61IkHIbN64XjcvqqxWwoioIheX5Y12yT8NsbHHkHjwBg6AbS/YvzNzRC1nVMtXUiYrPnfY2FwuEQTkc0jBil6zwdnRzDzMvPQy1Td2sA2LRlA3bedE3Zrkf1RUCw6pGIiIiIqE4xfCQqId0CyrfaXnmZVqzBTjqGriMaDKL9wkjB15qWNIwo7sTzbqeMP7jKWVBjCtM0YRgW0oWPIbsDoRUrYcjFe5s0TQORcBjndGfRzpnK7OsvQZHkslacvO/XuNYj5c8m8xdvRERERET1qs4nhdYmTjurH1HTQqQOyx8tAEHDQqavLBqNomFkLOcGM6l812iBay5o3NqsFBw8ArGqTCtD3GEIuajBIwCEQmFcDAuc10s3FTp84Sz8+1+DJJVuPcmFVFXFe24oXdduqm+yYNUjEREREVE9Y+VjFZKEADLGOlRLTnsNNKoC7Xa55teAtCwgYlqImMi41iMAmP4A7AVOtwaAk4aCY/4o1rcIbHYqeGCdo+BzWpaFSESHmaLZTClFwiEM6jboJazxmt23B3IZp1sDwFXbNqCh0VPWa1L90Gr8fZGIiIiIiDJj+FiFylevRMXiUiTIInXValON3VnrJhBKqmq0EAsdgcyVjskMXYdjcqoo42m/bjM+7TUwEYrig+vcSx+QhUgkAsMsyqmyFg6HcCms47xRnK8hleCptxF++0hZqx4BsOqR8qYIARurHomIiIiI6hrDxyokRGztK9Y+1oZaCxeXokiAWxKYjuSfzpmmCcest+Cx6N0r4PQ4sbOIRXWWZSEcCsM0yxvQhUNhDOo2zJbwut5XXyx78AgAm7dtLPs1qT7Y+Ns2IiIiIqK6V1+pSR2RytgogvLnUur3++RS8n97EP4A5Ei0oOtbsgx9zaqCzpFKNBKBaZb3+6brUYTnplyXiv/IrxA9N1iy82fSvWpFRa5LtU2VBFQuckxEREREVPdY+VilJAEYLH2sekodh8SFzISUitBkRl+7CpaS+1uUaZqwTBO6oQMALNOEaZoABHQ9ts20yl31GMKZqIYxo3RrMfpefaGs3a3j2jtbIcssX6PcCIBNZoiIiIiIlgmGj1VKFkBhdWNUFnV871zIl6b6/AVd23Q5oXd3ZdzH0HVYsGAYJkzDgGnGPs8buIV5z2XDBHQT0SJ3sc7ENE2EwmEM6s6SXcO3/1UYE+MlO38mHZ1tFbku1Ta7LAr6BQcREREREdUOho9VijPRaoNhAfU687qg2kVPYU1VZjrbEZ2ZSWSH2XyWDRNaOAzZMKCGw5AME2ooDAFADYcgzXWYubi6t6xdncLhEEYjwFldK8n5rUgY3pd/UZJzZ6OxuaFi16bapEpsMkNEREREtJwwfKxSElvO1ISgbsGj1udNdEjP/++fZc9ubUMhxKKgPex0QpIEbMFgxmMlw4AaCsMeCMLmD2R1PZ+7AWG7I6t9iyUcCuFcWIFRojJZ7769sPy+kpw7G41NDB8pe5xuTURERES0/DB8rFJ1vJRgXTEsC74o4FQWh2i1yrCAgG7BsPIPH02XC6ZNgxSOzNsuRKyZUvwjFSUUguvshbyvnYm3oSmn/YOBAAzDgKzIUFUVipL7mo0tDiceGBrADl3FKcmBAa0ZI2px2ncbs9Pwvfx8Uc6Vr+aWxopen2oLp1sTERERES0/DB+rlCTA2scaoVsWvFELkhA1vwSkBcC0rIL/3lmWhXBLMxwjYwAAWQhIUvrAsRxMSUbQmdu6iw6nE4GAH97ZGQCAJMmwOxxwOl2QpKW7gct6FF1n3wVkCdfJBq6FD+HwJZwM2nBMbsCArRmTSv5rQXpf3QMUEBIXQ2NTcYJUqn+cbk1EREREtDwxfKxSArEKsUKqz6h8LIDfqyShUBBWgwfu0XHIklQVlbwhhxOWWDowXCgWNMqYnZmGaRoI+H0Ih0JobWvPeJxkGmi9eG5eOCgA2DUN18DCdmsaocAYDlkO7Ld14B17a07jEpcmEHjztZy/nmJrbm2u9BCoBnC6NRERERHR8pX7nTiVTb1M46XlR0R1tI6OQZGrI3gEgKAj/wpDu92O1rZ22Gx2ALG1KpfScvE8tAzrVkpCwGm3Y5fDwmci5/CJmRPYGJrKekz/myuIvhW5BZalsKKro9JDoBrA6dZERERERMsXw8cqxvCRalXz+GTWTWDKJeAsrAO3LMtobGpGe8cKtLS2Zdy3ZegC7Dk0gXHa7bjZbuJ3w4O4e/Y0PEYk4/4brQBuVYP4+ic/VNEAUlFkdKzI/GdBxOnWRERERETLG8PHKsZvDtWqbCoDy0lXVERs2XXgXspSX1vj+Aics9N5ndftcOIuNYDPeE9gS3Ai7b4fQaxC0m3XKhpAdq3srMh1qbYweCQiIiIiWt6Yb1WxKstviLIWXLsGekP1NCKJaMUJHpfivjwFz9RkQedQZBl9ThUfD5zBewIji17fYXmxybpSVeq2a/jS/XfAbdcKum4+uletKPs1qbbYZQGFP8uIiIiIiJY1NpypYrHOwGxiQrXHUmT4Nm+CNjEJ29AI5FAou+NkGaFVK2G4Mq/PKIXDcx8RyP4A5EDmKd6mLGc99nzZfV40jQ4X7XzNHg/u856HbNewX7pS2XivtXhdyM4mD770H34dD/3j00W7fja6VzN8pPQUSbDJDBERERERMXysZixLpVoXaW9DpL0NztffhGxZECIeql9hyTL0Bg+iLc2INjfDUrIJCudXVcr+ALSJSaiXL0MKL14v0ZBKGz7K0ShaRi4W/bwetxvXNZgYnZjCeUcrbremsRLhlPtuX9uF7Wu7cOTc4mrJUlm1urts16Law+CRiIiIiIgAho9VTRJAoxaLIK25Ash4HaQ19x8L1pVtafdJvW3evpbFGksqmWhrM6zx+dORo+vWQu/uKsr5DZcTQdcaBHvWQOjGokpIX1gvynXSaR65CEkv/jVCre1o8nnxYT2Eb6EV91qZp3TfcfXGsoaPrHykdDjdmoiIiIiI4hg+Vrn4vVvK9R9F8h7FudLSgWXqsDNtAJp2H4ady4nR2QElKXw0WpuLFjwuZCnyovUmjRk/UKL8sWFiLKfO1rmQBbDRjCKsmbjXmoQHRsb9b+rvAbC3JGNJhWs+Uioqp1sTEREREVESho80TzzPXHTbKBY9KMaVYqEkqzrrntnYALOxAdLMLEyXE9ENfWW9vpBKs36qLeBHw+R40c8LAJaioGnmcuw6qppyrceF3HatbFOve9aths1W/iY3VN0kIeBg8EhEREREREkYPlJFCZS5qhMpqjHTVHUuDjHTP2dV59IiV22ENDMLo7Wl/Bcv0TekZehCaU4MQLPMvFreb+/pLkv4uOXqTSW/BtUehywgMXskIiIiIqIkDB9p2Ug7hZ1VnWVhKUplgscSaZgYg6xHS3JuIcSixjzVZsv2/koPgaqMQxZQ2SmNiIiIiIgWYPhIVCK1XtWZep/aCTvnEcWddq2GgiWbbg0AcpUHjwCwvn9dpYdAVUSTBGycbk1ERERERCkwfCSqA5Wo6kxfnVl9VZ2yJAEwi3Q2oHFirGjnSkUuYN7q2LS3iCNJbcOmXjQ0ukt+HaoNihBwsLU1ERERERGlwfCRiHKWuTFR6as648+zreqMygLBIoxIMg20jI3C7itdwFdI8OgPR/D6wNkijia1TVs2lPwaVBsEAIciivavnoiI8mAG4J01YGvwQOPyF0REVIUYPhJRVStGVaehCMwWMAbJNNAyNQHP7Az0SKSkU89lkd9dgz8cwUP/+DR8oUiRR7TYBk65pjlORYCzrYkobvjlw/jJ0MKtDtz7QD+6KzGglKZx9KmzeNUXfy6w8qpu3HNNeyUHVZjRQXzp7y9j40dvwee2TuPsgSG8dtSPZy8B2ze14rfv7kMrQ0kiIqogho9EVPdEAWsoSqaB7ovnYAuHYJilXfNSEiLnBtdnxqbw+BvH8Pxb75RmUCms7+8t27WoetllAZWtrYkoydQ5H753Fui3X0m6uld4YCvrKKax59vH8EX3Suz/ZKqfV1EMnvHhe7odn+pWAD2Mx54awKNHfXj0k73QyjrW4oroAM5fxF88H0DvOg03axHsOTiCN30SHn2gtr82IiKqbQwfa4BpXVmtLm3/klTbUrzA20Si7CUHjwBgmMVbNzKVbKdcHz03gn0DZ7Fv4FxZ1nhMdtv7b0JnR0tddGCn/KmSgJ0lj0SUSkMz/ubBLWit2ACi8GYzCaCjFZ97IBZOfuKF/Xj/qxPYM96LOztKO7qS69mKR/6P+BMdO7//S/z++VkMA+ip4LCIiGh5Y/hYAyQBBHQLulmaW/rFt4+pq6/S3WaKFE9yCkkXvJjtsSnXHFy0r8hpjBmvL5bej+pLx9hwIng0SxyqSUJASlP2eGZsCkfOjeDI2REcOTdclqnV6dx11y64MjYXufJaIY2J6r4Dew2ThYCTDWaIKEeRd47hq49N4zkdgCThnlv68Ge7OwFM4blvD+DVjWvxiekL+P1jOu65+0Y8uGkMj31/EN+YBCAp+Ph6DQeGNXz1C1vRY07htR+cwpfO6PAC8DR58Minr0a/ewJPPjyAr00DmB7C9V8ewsc/fAsevC7z2DzNGgAfTl4Edpw5jL95PYB9s2bs3G3N+O6nt6DHDuDiAL72wwk8GYgd19Pdjm//bj9aU27vxpG/fwsPN63FE/evBsxBPPzfh/CDhmY88+AWtM5VaH67Yy3+5b4uTO07hode8OGoGft6H/zoFnx8qwcYP4E//64Xt9zXiclnLuDhaSce+fPrsGP4yjVb3RJsSBEumlMYngbQYK9gGExERMTwsWYoAtBLdO7FN+5W4sa/CCersPIOKGWQm/qFpYPTEgW5KbfnEOQu2p7jOBPbqzzMtYVDcCU1ljFKFP4DseBRlWNT1CI2O8I2O06PTOL7P/oJ3jo7DE2zl+zaubjhxqtxzTWbst6/ZhoTLXiesqpzQWC6nLHBDBFlFAnjwP7Tc2GXgu7ta9GtXcAPHp/GwJouvPDxtcCBI/jkM4N4rLcT9/e0or8b+PNXBzHQ3YSvfMCD3q3AwE/O4Rs+Nx55cDO2+wbx8D9NYKC7ET0AvHsH8cWzEh76retxT/cUHvv2aXz6sdN48VNrcden1iL83XP4RlMnXvhoO2zOpYfsvRwBoGHTKsAz6cDOXe34/EYXtMmL+NIPLuPhV6bw13fI2PPUBJ5sascLX+iHJzCGgYtKLERMud2D3g4Jw2diVYfdZ/04YJfQPx3EyRCwS5vCkXFg184uYPI0/uYFHxqu68P+u1sx/NRBfOTxU+hffx12dDRguzKFP//hEO65rhOPrG3AdlzA934wgSMdnXjio+3AkXfx+3tC87+o0dP43o9H8O1ZDX/2qT54iv19JiIiygHDxxohC4EqTPZogZRBbuoX8jlZhVU+yAVSNJ5Jue/8bUEj97G7FnS0NvNO5DMLexrga21DVNGgq2pi+8v7DuPw4MWC1qsstg/e/d5KDyGtYjQmyv4qS1V1xh6krOBMtS3pebVXdToVARY9ElFGoQAe3RsPwjT8ds9adI9O4bshBQ/t7oNHAnB9O+594RyefGsI9/eshEeTANjx0Ke3YocEAIP49jsmdlzXhR1NGtDUgn7nBCBJAKaw71gIkTVduKdHA9CFu7YP4RsvX8aboT7sarDDJgFQFHiamtKPc3wK3/7hDKBHsO9sBD3rVmJ3B6B19OMeMwDvbARoa8TNDdPYp5sA5Nhxl7zYc3IKd23qRP8mAJhOsx3o6XVCOxzEwDTgORfCQEcD/uTSLIaHASCIA7Djt9crmHpzBs+ZTjzygS4AQPetzbjz4AT2HAxgx80abBqAjk782Yf7Yic+chjfDUl48H0b0N0EYL0DvcnhY+Q0vvGdERzpbsY//VY/+pt4y0dERJXFn0Q1QpFi1VGlCkCIqk2qIBdAXlW5+VQtzjY0oXF6CpJp5l8JvITpFd3wNaeeCDV8caQ0F83T5m0bseU92+HTY38YOS9bkOLFrKt601xsySUWkjYUuzI3c1VnprPnYn7YmT7ITD2FPe22PNfqtMkCGhvMENFSUq35eBGIAECiD40drU5gYDZ5GREpFhrOiZiATUrVotlE2MRcEBnjaVQAhDB1Cci5rbZiw/0f7k10u44cewuff9yLAUVCtwJMhoBYltiE3fd14XM/HsFfPHYCX0tMjU633QNsdOFejOHkeaBtNIRd3WvRi2n85Nw0btcDGGhwob8JgG7O//qbNLQBODvjT/rjSfqz0IEIJNjSTYzQJGhQcP/dW2LnJyIiqjCGjzVCAJBFrPkMEZWerqq4sKYPLr8XWjAA2/Tlop5/Yu06hJ2utK8PXxgGEAuFqoHDaYeePF+56pRvYOVaJzfd9lzWyk0ZpKa6l8eVqdTxeNmyYofG/2SVlMcREWVBQazTcqJvWwThCNDfkLn/cjhlo7e5kC7ptUhIB6CgtSWHMSU1nLliCnv2eDG8fjVeeGAtgNgaknsSx/ThU3/Uh09duoAnf3wBX0tMjU6z3d6E/qYxPHvhNFaOSth+dTt6MYg9o5dxbySC7lVd6AYwpUi4EqoCCOmIAOhudAHwI3dtuP9eBbYVeRxKRERUAryVqCGc6kZUXrqqYqapBT53Q9HOGWhsxlD/lozBo2maGLo4nHheDQGk0+mo9BCqhrXow4JpLf4w0nzoyR9m7COa5iOS4iMc/zCufITSfARTfAT01B/+uY/YcxNBw0TAMBExLShS7BdgRER52ejBvZKOn7wxFHt+bBKPBSTc3teZ5oBmbO8GDpwcxdHpALxvj2HPbPy1VmzrUYDzl/HatA6YU9jzVghoc2F7ciWgniq4zFJERwQ6vCdj152MRAAEcPbIhVgn7ZYu7FqvAKYJbyjddgBoR3+3hAPDl3FkVsPGdUDrShvaRqfw7Diwuy82zbp1gxPbEMCefdMAdEy9NoOfQMP2jWkWrFznwJ3QsedXI4AZwNlDfrwJAObcCvE+HwZHZjE8WaoV44mIiHLDyscaokgCyGPtOqLlrtB1E01ZLso4LnWvQqCxecn9RodHYRoF3DSVgMPF8HE5ine2ZvBIRAWx9+HBj/rw+ccHcf2xQQDAjq2r8fGt6W5FmrD7A63Y/b0pfPrhg9CcGnYmBYvdd/fi66On8cWHf4kIAM1px9cf2DDXVKUZ/askaMdGcP2Xx/DgAzfj4xuzHWgrdu9y47tPjeCWL4/A0+TBQ9s1fPXsNIYh4cjec/iLx88lppDfefMG7G6awZP/lGp77Iz9W1zoecyLJxua8dt2AOvc2OUbwWOmHV9fN/f192zCV997GF/ccwzXv4BYN/D39uHOtnR/PH343M0z+OS+07j+INDf3YTPdUfw7IUxYMdK4J0x/Jf9PuxSZvDXd7DPNRERVZ6wqqGkhrLmjcYqZ4goe5FIFF5vZOkd05AMA93vvJ338f6mZsx0rIApZ/f7noP7D+GRv/zbxHNNs0OknitbNh/9zQ/iNz75kYqOgcpLEgIuBo9EVWFsbAydnemqBGtIvJGL3Q2PPZufiRFEfIDmnsGTDw/g/+teiyfuX33lZd80vLoCT5O7uOMMeeGNyPA0zFUemjogKVdeCxmwOZugaQuOSbU9FxEfvAE9+3P4puGFEx63BkAHTGVuXpuOyGwIWkOR/1yIiGpE3fzcrCOsfKwxigQYRqVHQVRbilH5GPQ0wuGdyem4sNMFb2s7Qm5PTsfF13uMsywrbdOVcuG06+VFAAweiaj4JCc8TWmmEi8QOT+EyaZmdDdoiJwZw55pYNcNC6r43E3I7SdsluweeJKncEtK+teW2p4LzQ1PLsHlvK9fSVpQS2HwSEREVYXhY41RBBCu9CCIaoyiFD5t2tvWnnX4GHK54W9pRTDPtSKT13usFk5Ou15WXKrE4JGIKiiEgTcv4KG3BzE114Rl19bVePDG7IJLIiIiqi4MH2uMIgQErOptOEtUhQqtfASAiN2BqZVr0DxyEVLK7puAt6UNgcYmRO2FBXXDF0bmPa+G1TGcLt7wLRduVWKDMyKqMDu23Xcjnrmv0uMgIiKiYmD4WGOEiDWeiZqVDyOIaokQQKEZXrChEWGXG87ZaaihEIRlIappCLvciDiKE85ZloXhRZWPlf/37vak785N9cOtMHgkIiIiIqLiYvhYg1QJiFZXI1yiqidJAkYRusWbsgxfc+k6R44OjS6qdKyCwkeu+bgMuBUJSmX7GhERERERUR3ibUYNik29JqJcKDWSqqRe77Hy6SPXfKxvDB6JiIiIiKhUeKtRgyQBqBLjR6JcqGppCr11XS/q+RZ2ugaqZc1Hho/1yqUIBo9ERERERFQyvN2oUbxRJMqNqhbe8XqhYDAARVkeq1cwfKxPDkXwl1lERERERFRSjLBqlCoJSEXo4Eu0XEiSgFzEkMXv88FeYFfrbFW68vHzf/oZqKpa0TFQ8dllARuDRyIiIiIiKjGGjzVKAFB5z0iUE1UrTvXj7OwMHE4nRAl+ATA2Op5ia+XCx5vfuxM33vKeil2fSsMhC9hl/hAhIiIiIqLSY/hYwxRWrBDlpBjrPk5PX4bL5YYklebtc3xkcfhYycKYhpe+AAAgAElEQVTHG265rnIXp5JwKQI2Bo9ERERERFQmDB9rmCoBMqdeE2WtkHUfTdPEpalJuN0eyHLx148EgNf2vo7B02dTvFK59PHdgTMVn/ZNxeNRJa7xSEREREREZbU8OiXUMUUCDKPSoyCqDUIAQliwrNzCF13XcfnSFJqbW4reYMbn9eGN1/bj2KHjOHr4WNr9LMsqyTTvpbx18G187D+GYbPby35tKh5JCLgVAeaORERERERUbgwfa5wqCYQNViURZcMwDAAmgOwrF6ORCKanL6OpuQVKkZquRCIRaJoGAPj873yhKOcslfODQxg48S62X7u10kOhPMlCwMNFgomIiIiIqEI47brGKQJQOPWaKCt6NArLyv5tLxwOYXr6Epqamgvu9hwOhzA7M42Z6elE8AgAf/rVh7I6vpJTnw++caRi16bCqBKDRyIiIiIiqiyGj3VA5XeRKCuRiI5Yr/ilhYJBzExPo7GpBWpSWJgrn8+LifFR+LxeaJoNjU1N817v29iHb33/m1mcqXLh4+FfHZ+rGqVaokkCLoXBIxERERERVRZjqzqgyQISqx+JlmRkuURBIODH7OwMmppb5lUp5sNms6O5pQ2tbe2wOxyp97Hb8D+++bWCrlNKo8MT8M54Kz0MyoFdFnAyeCQiIiIioirA8LEOCAAav5NES7KyqHr0+33web1FCR4BQFXVrJrUtHe24/e/8Nm0r1e64/To8HhFr0/Zc8gCdpnBIxERERERVQdGVnVCZQtToixk/nfi83nh9/nQ3FKc4DFX111/LXbetKPs183G8PBYpYdASxCITbO2MXgkIiIiIqIqwvCxTsgitr4XEaWnqum7XHtnZxHw+9HS2gpVLX/wGPf+D+xO80plKx/HRyYren3KTBYCLlXwF1FERERERFR1GD7WEYaPRJnZbKk7Vs9MX0YwGEBrWzsUpbCu1oVa378eO258z6LtFZ51Dacr9XqVVHnxxjJc4pGIiIiIiKoRw8c6okicfk2UiWXO79hsmiampy/DAtDe0QFZTl8ZWU59G9el2FrZ9NHtdlX0+pRavLEM3/qJiIiIiKhaLd0FgWqKKgFRs9KjIKpOpnUlfDRNE7Mz01AUBW5PQwVHtVj/5o2VHsIiTrez0kOgJJIQcMj8hRMREREREVU/Vj7WGU0SkAVvRolSCYWiicd+vw92u6PqgkcAWNO7Bs2tzfO2VbrbtYvTrquGOjfNmsEjERERERHVAoaPdUjjd5VoET0ahWFcCfCcThfsjuoN1Kqp+nHnTddg27WbKz0MAmCTY8EjG1oTEREREVGtYExVhzRJQGL1I9E8kWgUyStNVMv6juls3n7VvOeVrHy852N3VezaFCMAOBUBB1NHIiIiIiKqMQwf65AQgI3fWaJ5dL3SI8jNxqsWVj5WJnxc0dWO9f29Fbk2xchCwKVK0DjNmoiIiIiIahAjqjplkwWUGq9+nI34Kj0Eooppa2/Fiu7OxPNKVT5OTU1jZnqmItemWCW7WxVQavvtnIiIiIiIljF2u65jmlx71V5D3hG8eOqvoOrHE9sU14fw6xv+Exo0dwVHRlR+m7ZswujwWOK5ZVkQefxSwbJMGGas07ckJAghZX2eaCSK1/a+gbs/cmfO16XCOGQBG6dZExERERFRjWPlYx3TpNrqhjrkHcFLJ/7zvOARAHT/0/jJkYcqNCqiyundsHC6c37Vj0JIUGQViqxCCAmmaSAcCSIaDcMwdJimmfHcb7x6MK/rUn4kIeBSJAaPRERERERUFxg+1jlbDYWPL737t5DhT/maap7FM6f+rcwjIqqsdet75j0vxtRrIQRkWYFNc0BRNQBANBpCOByErkdgzlVIJnvnxCDODV4o+Nq0NJsk4FYEVP50JiIiIiKiOsHbmzqnSLUTQMrRNzO+Pjn7eplGQlQdulZ2oW/DusTzYq/7KDAXRNqcsNmckCQ5ZfgIALPT3qJem+ZT5qodHYpAjbxlExERERERZYXh4zJgkwUEqvtudsg7svRO5kTpB0JUgOd++mrRz7n9um1XnpS46YwkyVAULeVrlWl3U/8EALscayrDakciIiIiIqpHvNVZBiQB2ORKjyKzlZ4uGHBm3EdSejK+TlSPNm/fnHhcqY7XACCzHK/oVEnArUqwc21HIiIiIiKqYwwflwmbLCDn0SW3nDTn7Rlf72q6qUwjoXqkKErJr+Gd9ePR7z1V1HP2ru/Bpi39AGJdqyvF6XZV7Nr1RhICTkXApQgwdyQiIiIionpX+rtxqgoCserHgF7pkaR389qP4pUTT6d8LSracXvvXWUeEdUTVZXx3NOv4ujR04tek2UJbrcTbo8Tbrdr7rMDzS2NWLm6M+trnBq4AF2PFnPYAICrtm7CyeMDRap8tGAYBmQ5t7d/lztzZTJlxyYJ2GSu60hERERERMsHw8dlRJMEDBkIG9W5ettKTxcMdWfKxjMed+aqSKKlKIqEtw4NYPDMcE7HudxOrFu/Cv1X9WLnDdugaqnfNo8dOYWZaT8MQ8eeX7yB3b92QzGGDQDYsGk9AMCCBcuyIAqqYo41mYlGw1AUFUJkVwDvcjF8LIQiYqEj13UkIiIiIqLlhuHjMmOXBQwT0Cu4dlwmO9d+AgffnR8+GnDi9r77KjQiqheRSBjhMOBwNKTdJ97p2bJMmKYB0zTh9wVw9PA7OHr4Hex94U3svHErrt2xGa1tTfOO3fP8G5AkGZIk48AvjxUcPvp9fhw9fAzHDh3H20dPXHnBsoAiLKGgqjZE9QgkIS1ZBdm/eT0rH/MUqzoXXNeRiIiIiIiWLYaPy4wAYFcE/FGrKrvXbmzZgIO224DwS4ltLc0PoEFzV3BUVOssy8LwhXFcvuTLuJ8kxTszyZBlNbHdNA0YRhST45fxsydfxs+efBn9V/WiZ91KAMCJ42dw8fw4bLZYQDc5PotXXvoVbr3tPVmPMRgM4/Sp8zh96jzeefsdDBw7nPprgVW03vWqokHXI9D1CBRFBdKc+cP33VmkKy4vqhQLHZk7EhERERHRcsbwcRlSRKwCMlil069vXfdJvHIiFj5GRTs+sGF+1eM7l07h4MUnENXHIQkXNnfdi2tXXFuJoVKN8Pt8eP7ZX+V9fLyiUVXtMAwdhhHBwIlBDJwYTLyuaY7E/rKi4Yl/+QU2b+1bVCGZLOAP4sTxMzj59hmcOH4GAX8QABAOXMp7rLlSFA26HkU0GoGq2ha9vvGqddhx49VlG089UCUBTYp9JiIiIiIiWu4YPi5TNlnAsICIWX0B5EpPF+ye30DI+2P0rfjdea+9OPgsxie+CQCI16UNnN+PgfHd+M3tf1LmkVItsCwLhw4M4OCBd4tyPllWIMsKLMtMNIC5UjEZI4SAotrww3/8Kf7wjz++6By/2n98UeAoSTJUxQYhBGaDMxm/nmJTFBWGkbpRzjsnzhT9evUqtq4jQ0ciIiIiIqJkDB+XMbssoFuAWYXrP97edx8ef+sUxt+YBFbHth0aPZQIHhcJ7cEzp9YtqpIk0nUdP3tycROjQgkhZVx6UVE0nD0zjOd++iruvPsWAMDhX53ASy/sx/mzIwBiQaaq2iHLSqLxi392rOhjzUbyNPOFwqEwbPbFVZEUowgBTY419SIiIiIiIqL5GD4uY5IAHDLg1ys9ksV+8fjP8cqTowCexnt3vxctrS14e+QJyBmOmZx+EgDDR5pvbHQKly9nXuuxVFTVjp//9DW8e+o8pi/NYmpyOjF9W5bVRV2rLdOA3zexxFnL/8uCYCDI8DEFea7SkaEjERERERFRelKlB0CVFW+IUG02b92ceLz/9f2xB9HjGY9RraVCG1qOhi5U7u+FJMlQNQdOv3Mely95YbO5YLO5oCjaouARAHyzY7DmOm6XgmHk95uGSKQKf0NRQbIQcMgCHlUweCQiIiIiIloCKx8J9rn1H6MVXP9xyDuCczNn4FTdaHd2oH9zPxoaGzA7M4s39r2Bbe+7GjICFRsf1a4L58cren1ZVmC3uxPTqtMxjAgCS1Y9FkaSJJimsWiNyqWEw+ESjai2SELAJgGaLIrWcZyIiIiIiKjeMXwkAIBTEfBHAb3M6z/ORnz42clvA6E9iW0nATgafhM33HwDnn/meVw4dwFnRpduFmKoO0s4UqpV1RASLRU8AsDspQvZnq2gcUSjIaiahFzis1Aokvc16wFDRyIiIiIiovxx2jUBiMUZTkVAytRBowSeOv6NecFjXHD2R9A3jySeDw4PZDyPASd2rv1E0cdHtc2yLFzMctp1vlOSiyHgm0QkXJ51KWVZgaGn7mydjh7Nbf96IYvYshQeRcDG4JGIiIiIiCgvDB8pQRKASynfDfah0UOQo+m7EMv6z9HZ3wUA8IbTdwCOSj3Yuf5/YGPLhqKPkWpbJBzG6PDlrPYt5VqLS13XNzua9f6F/n5AlmMF72YOX6+iLK8ieVUScCqxNR3tsij4z5yIiIiIiGg5W153lLQkWQAuRYJPN0t+rXOXjyy5z5rdFsYGgGAwCDQtfl12fggf3Pif0KC5SzBCqnWDZ4az7nRtVaCLNJBPk5nCkzBF0XIMH3NbI7IWSUJAlWKdq6uwBxcREREREVHNYvhIiyhSrALSr1euAU2c23YSQBNMc34YGpU344bez7DakTI6evh01vsu/DtWLsHApYpcN5emM3IdVz4qkoAmxaodmTkSEREREREVX/3eUVJBYtMOgUAJA8gGeydC3sz7yAhgxa5+NLVNAwCioh1bV38e1664tmTjovoQjUbw9rHzWe+vKGoJR5NaJOyr2HTvXNRb5aOAgCbH3ucUJo5EREREREQlxTUfKS1NEnCUcP7hjpW3ICr1LLnfyi1BhEJOTI3fgU/u/D6DR8rK7IwPI8PZVxVKkgLLKm/1o2Hk3kVaVGABwnpZ81ERsfe0BjX2mcEjERERERFR6TF8pIxscukCyAbNjRvW/RdERXvm/RznceR/Xcb0/kBJxkH16Z2TF3LaXwgByyrvUgNmjl2nYyoRPtZu5aOAgCYJuBUJbnWuazVDRyIiIiIiorJh+EhLsskCbrU0f1U2tmzAvVd/Cx3t/zltCBmbet2JS1OVWRuPatPQxclKD2FJkXB2zXCSVaTyUa2tysd44OhUBBq02GeFP+2IiIiIiIgqorbuKKliFAE0qBK8UavoXYEbNDdu770L6L0L71w6hbeGn0codAyqeTaxT8taAyf2zcI0TEgyUwRa2plTwzntb1kWTNPIqRFLISzTyCt8rIRaqHwUiHWrVtg8hoiIiIiIqKowfKSsSQJo0AQCOhA1SzM9dWPLhkQH6yHvCAYm38LZ0Tdgd16GZVm4dOkS2trbSnJtqh/RaASdXc04c3o062MsywTKOO06FJrJ+ZhKVD0C1dvtmoEjERERERFR9avOO0qqWgKASxEIGkDYKG1Qs9LThZWeLhyc7MAj//AIACASzr1BBy0vlmXh/OAwDv3qdE7HmYZeohGlFvDmMy28MvFaNVU+MnAkIiIiIiKqLQwfKS8OOXbTHypxAAnM77SrqmrJr0e1LRgI4F9//ApCwdyDasM0yvammF+n6xIMZAmSJEGWKxs+MnAkIiIiIiKqXQwfKW92WUASQEAvbQAZ8F/pcq1o/CtLme17+QgGc5huXSkudzt8s7mOs/yxm82ulf2akhBQBCALQBYCslSpmk8iIiIiIiIqFJMcKogmCUiqQNiwSrYOZCBwJXxk5SMt5eCBdws4unxrPtqdzTmHj5VY89Fmt5X8GnI8bJTmwkYmjURERERERHWD4SMVTBGAogiEjdg07GLHN8nho6aVvwqLaouQ8u+GbppGEUeSmazk83e5/Kmc3Vb8f3OKEFCkK6FjhfroEBERERERURkwfKSisckCihSrgowUsQpyYnwi8Tg5fHxx8FlcCpxBODKOrqabcHvvnUW7JtWuq69dj9Onhis9jJKoREhncxRW+SjNVTLGKhtjYSMREREREREtHwwfqahkATgVAcUEQgZgWoWHkOcGzwEAWlpbAACzER9+cuQhqObZ2DUBjE/sxz9N/jNu6PszbGzZUPA1qXat7e0q6HjTNCBJ1dPdeb4KVD467FntJ3BlyrSUNH2aWSMREREREdHylv/8RKIMNEnArQjYpMKiB8MwMHRhCADQt6FvUfCYTLUm8MaZv8ZsxFfQNam29V+1ptJDyIoeDVZ6CFmxp2g4IwsBTRJwyAIuRUKDKqFRk+BWBRxz/+4VBo9EREREREQEho9UQpIAHIqASxGQk+aLDnlHMOQdyeoc5wbPwZqrnly3YR1+duKRlMFjnGqexbGxw4UNnGpeV3dLpYewJEOP5HxMJRrOOOw22GUBpyLgUSU0aRI8auy5TRZQpdi/dSIiIiIiIqJUOO2aSk6VYgHFzwdfwcDw30O1Yms4RkU7VrY9gNt770p7bHzKNQDMrBgBwi8teb1x32kAtxQ8bqpdq9a0Y2T4Ul7HmoZelmnX4dBsya9RDG6nHXa2nyYiIiIiIqI8sfKRyuLpU8/gzND/lQgegdg06fGJb+KZU/+W9rgjh44AAJo2tUCP/Kjk46T60NraWOkhZBQJ+xD05xeOlluqaddERERERERE2WL4SCU3HfLh3Ng/pH195vJ38eLgs4u3T8/g2JFjAIAtd0xnfb21zdtzHyTVlf7Na/M+1kLxOrUvZBgRXJ44jcsTp/M8Q/krEJ1OR9mvSURERERERPWD4SOV3KsXXoEMf8Z9xie+iVOX35237bWXX4NlWdj4sQ44pItZXSsqb8a1K67Ne6xUHwrpeG2aZhFHckVXtxOTIycQCeffEKkCSz7C4cyu2zURERERERFRKgwfqeSmQ2NZ7ffGu19FxPBDnetesfeFvWjc2Iw1K7NrIGOoO3Hvtv+W9zipfjidtqqZLrxx02r89//5e7jxxv4inK0CDWccDB+JiIiIiIgof2w4QyW3vvVqHJ5Zer1GxZrAvx39Bj53/Vfw9ol3MTU5Bafmhs93F9q60q/h12DvRH/b1Vjpyb/ajepP96pWnHk3u67qySyrOJWPdruGD33kZvzaXTtj41lTm38/7XZbpYdARERERERENYzhI5Xcjd3X4sBgO5SkZjPpiMh+vHD2FQy8FJuCHRj24T9e/Zto6+yEbgK6BZhW6dbko/qxoX9VTuGjkGKF4MUKHyGAvvWdiacrujoz7JzlKSsw79rhYPhIRERERERE+eO0ayqLHb1/DAPOrPY9efFv8ObR2FTr9et70d21Apok4FQEPKqASxGwSQJSJRbAo5qxtmdFTvsLUdy3w1Awgsd++BJEOIgGVcL6Ve1FPX+5uFzZ/bslIiIiIiIiSoXhI5XFjd3X4kPbvgXJvhtRqSfjvjL8aLo6Fnjcdtuuea8JAKok4FAEGlQBtyLBLguoDCNpgcKazhhFGcOZ02N49pn9gGVCCIGm5oainLecVq/OLcQlIiIiIiIiSsZp11Q2axu78Hs7vrjkfl/6P7+OC28PQJZlvPfWmzLuq0iAktSEw7AEdMuCYQKGBRicor1stbY1ornZjcuXs+suXaopzc8+dxi3774a7e0taG1twvTl2bzOU4kp123tzehc0Vb26xIREREREVH9YOUjVZWJiSm8/fYAAODGG94Dp9OR0/GyAGxJU7QbVQmuuepIRYgK9AqmStrQvyrrfZOnXVsFh9YWdD0CAAgGI3jm2V8BAFpamwo8b3lt3bqh0kMgIiIiIiKiGsfwkarKmwcOJR7ftntXhj2zIwSgSoBdFnCrAo2aBI8qwakI2GUBTYqHkowla50kYt9LTRKwyQIOWeDGGzbldg5JBgBYBU67jkRC8wLMgXeGAABtrc0FnLX8f0evvrq/7NckIiIiIiKi+sJp11RVTp06AwCQZRnbt20uyTVkAcgpprBaEDDnpmqbFhIfhgVY4PTtSpAgIEQsdhMi9tuS+HNJAAICkog9TuXmG/rxzRyuF6t+LHy9R02bX7F7+vQYgsEgOjvzn8JciSVNr77mqvJflIiIiIiIiOoKw0eqKvHwsa+vB7Isl/XaAksHk+ZcEBn7DFhzn688Z0yZipj7byJIRPowMXl7vkKhECRJgs/ng8OhIRiMZHWcLCswjChMy8z/4mn84oWDaOtoKeAM5U0fm1sa0L2yo6zXJCIiIiIiovrD8JGqRjAYxOjoOABg/freea+dmxnB6cunMeJ9F1d37cLWtvKuRXclmIw/S7/n4lDSSjyPvwbMDy+vPK98eBn/6uINTsSC1+JhIZIei3mP54eMEOWOzYCBgfPwegPY/+a7WQePACBJsbfEwtd8XOzfH9+P3/rEzUU/b6ks5/Ueg5FZOLTcOpPncwwREREREdFywPCRqsbJgXcTjzesX5d4/OjR/4WZmacgww8AeHXmR9gj9WD3xi+UPYTMRjyIA7IJK1MdPRdIJgeWiY2FD05ceXjlcwUCwlL613//JU6dGsn5OCEEZFlBKZqkB4MRvHtmooAzlPc7tG378lzvcWBkL2RZwvqOW3M6LqIH8O7Yq9i2+oMlGhkREREREVFtYvhIVSM+5Rq4Uvn4ryceg2/mR1g4AVs1z2Lvyf8dq3Z8H012dxlHWR4pA8F6SgdLbFP/qjTho5VU1SgS1Z3JFMWGSDhQknEdPHg272PLvebjtdcuv/UeR6YH8Mrph/E7t/x7zsc2Olfg5f0Po6NxPTobNpZgdMVXigpfIioNy7Lq6t9sqp+/REREVL/Y7ZqqxsjIGADA4XCgq6sT52ZGMDn13bT7y/Dj6VP/Wq7hUQ1xu+yJx4ahQ4+GEZ370PUIdD2CSCQA01y8tqMkyZAVtSTjunTZj+bWrpKcu5gaGt1Yvab6x1k0voMIRmbx0sm/ho4Awrovr9PIisDPjnwZwcgs4DtY5EEWRzzAqKcQg4hqD9+LiIiIlhdWPlLV8Hlj06q7umJNLp468Y0l/4JO+4+UeFRUi3p6VyQey7ICyLm91amqfemd8mR3tgBTuU8JL2fp65Yt68t2rYqKjABaF+A7iEPetzCjxypTp/xn0N24PadTeUOxX56EMYXnj38D93StBdzXXblGhWR7Y88AgKj6GYYBSarduoF01Y4L339YFUlERIUwTZM/S6pQ7f4fDNUdry9WbeRyOvHL4UNQ9LcrPCKqVZ2dTZUeQlqmpUCz5b5UQDl/fm7bXhvThgtmeIELX4U/OISDF3+Y2Dww9nzOpxq8tC/x+KJ3P8b9o8DoP8TCxzJLVVGUvC3VBxFVN4fDAZ/Pl7Jiv1Zk+z7E9yYiIsqXaZrw+XxwOByVHgotwMpHqhrxykeny4kD5/8pq7+cLtu6pXeiZWdFZ0tRzvOhu3fgllu24ctf+UFOXbOX4nS3IRLOdWpv+dLH667bUrZrVZRjI7D6z/H8m38ERb3yu7izl15HWPfBpmQXEod1H44OP5F4LkkCz48ex8d3/VnRh7yUhTfrqW7es91GRNXD5XLB6/ViYmKiZv+9pqpCiW9L/poW7sfqFSIiypYQAg6HAx6Pp9JDoQUYPlLZPH3qGQzPHgUAdDdux4fW3zXvda8vFj7Ka+Wsqh4NOHH7uvuKP1CqCy0tbly6lN/afXHnz0+gZ20HPviBHfi3f79S2WaaRuIjdsNkQZZVKIqW1XltjkbIigZDL16gWSwutwM9vSsrPYyymfYP46JvYF74GNZ9eOnUX+HOq76U1TmODj+RmHYdN2NcwuDYm+jt3FnU8WaysHJoqcepnhNR9XK73XC7a7/JXqZwMZvHREREVHsYPlJZ/N2Br8MM7Uk8vxh8Ef/P+BP45HX/E012NyzLgt8fCx+ttqElz2fAifdt+jrWNi6jphiUk9YWT8HhYzAYBgDc/7Fb8dLeo5ia8gKINaWRpIU92HPjdLfDO7303/W4ct14LZv1HucMjv9qXvCY2D61D4NT+9DbenPG44dnjuDA+UcXbZckgaHpoyUPHzOFifHH6T6nO8dS1yAiSmepn1VCiEVVjpZlpQwk4/ulOoaIiIhqC8NHKrnvHfp/5wWPcap5Fj888hf43PVfgWEYAABntxsu9c2054pKPXA7tuL2dfcxeKSM1qxtx6l3R2CaOiQpv7e6QNJU6/vvuwV/+3fPFGt4cDib4ZsdhWUaRTtnMWzc2FPpIZSVQ/PAslKvqfnSqb9Cm6sPHntnymPDug97Tv1l2nNrirNYw8xKqjXTMj1OdQwRUSlkqmjMFEACSPkaERER1RaGj1RSvxw+hLD/6bSvi8h+vHD2Fby/51YAQM9tsS7DurIZANDk2g674sKqxvXY1LIBTfban25E5eF02AAUFqgMDV1KPL7ttu146eWjOHnyYsFjAwAhybA7GhH0X1p65zJq7yjOepm1YtPK2+CPTmAmfA5Dl9+CX59IvBbWfXjuxFfwsWu/lfLYPaf+ctF0a0U40d24DV2N23Ht6vItC5GqujFVM4dUz1Odh4ioWNKFivHgMd3z5P0ZQBIREdU2ho9UUu9OvbXkPieG/g7v77kVmqbh7X+eRPevPYA//MxvlWF0VM96e2LVarKsQtcjWa/HmMmf/NeP4b99+VFcuDBZ8LmAWOOZbMPHct10dXa2leU61eQ9PfcnHp+fPIjXznwHM5FzAIBJ/2kcOP8odqz5xLxjBqf24ezU64nnTrkNt234Y6xpu648g0b6wBFAoiOuaZoZO8tmqoRMdS0ionTS/ZxKVemY/HjhhyRJsCwLkiTNOy4eQDKIJCIiqj0MH6mkAuGxJfdRrAk8feoZqKqKSCSCaCRahpFRvXO57InHxbpJcTltePCPPoz/+tD3inI+RXVUXeOZjs7WSg+hota0XYc1bd/Bz499Hacv74EQwIHzj6Kn9Sa0ufoAXGlIE9ft3ok7Nv8JHFpD2ca5VPAYf57p8cLj0lVDEhHlKzlojH+OP5YkaV7guDCYNE0zEUTGtzGAJDMDr4kAACAASURBVCIiqk0MH6mk+tpuxqmLi9d7XOjs+D/DprXD7wcikeoJYrI1MPY8IoYf27o/Uumh0Byn05Z4HKt+DENRbBmOSO3UqYvYsGFV4vmRo4NFGV+czd6IgG9i6R1Rnpus9vblNe06nV/f+kX87LCJc969EALYd+Y7uGfbXwCIPQ7rsWZG65p249e3frGsY8sUDsYDxuTP8Y+F29NNwWb4SETFki58TA4cJUlKBI3xaseF21NhAElERFQ7GD5SSb2/51acGN0MRX87436KNYG2Wzbg0lPTNRU+hnUfnjr6RUz6TwMALFjY3v3RCo+KAKCvr3vecyFS37wsJRAIz3s+MJB9h+ps2BwNWYaPpdfQ4IKq8sdC3Aev+VP87DBw3rcXwzNHMDxzBB5bJwbGnwcAdLl2lD14TLaw6jFd8GgYxrwQMl0AyeYzRFRMqaZbpwoe4x/J7zvJwWNyAMmqRyIiotrEu0wquU9c8xU8evhLSwaQnb0DeAc2RKJ6mUaWnUn/aRwdfiLRWKK39eZEheO+M99JBI8AENH9FRkjLbawUkKW1aKc99Ilb1HOE6fZsmuiVI4brda25pJfo9Z88Jo/xWNvjmMqfAIHzj8Kjy22lmiDshY3rPoshoaGMD09ndh/5cqVaGpqKtv40q3hmBw6pvucrgIyfp6F1yEiyiRdY5n441TBoyzLic8Lq6/jgWQ8cEx3HSIiIqp+DB+p5JrsbvzhjX+FczMjeHP4VYx7j8KKHIOMwLz9bGIKbdduh/dyccOdQsQrG+NTLAFgeOYINNmF7sbtiQqoVI4MP44p/xls6/5IYq04Kp/4mnZFV4KbHs3mRiTsW3rHEuvqaq/0EKrSh67+Mv7lwO9jeOYInKEt8PjvgM3owd5zry3a99ixY7j++uvR29tbkrFk6lK9sLoxHjQu/MgUQMbPxbCRiAqVqrnMwuDRNM1E8CjL8rxjk8WPi+Paj0RERLWF4SOVzdrGLqxtvB9ArLPsdMiHk5dOYdI/iunQGIaGRuBZOYuh40s3qSmXs1Ovzwse4wbGfz6v4hEANMWF/o474A2N4bkTX0m8fnbqdXzsmm/BY+8sy5gpJhwOL71THrZsXotTp0aKes5qCR/XrVu19E7LkENrwFbP72Bg4DRkI1apqiN9hfbx48dLFj4ulKqL9cLQUdd1jH7nW5jd+yKsUKgs4yIiypaw29Hwvtux4jN/sPi1uYAx+ZciDBuJiIhqD8NHqpgmuxs3dl+beP6j44/jzaefAgD4fH643a5KDS2hu3F72teGZ47Me97bcjOGZ4/Ma0YBxKonveExho9lFAgE8MorR5beMQ/vv/0aPPGTXxb1nIpqz/h6uW60+tavLct1qlk0GsX0dGzt2enpaYyPj2N8fBwAICO7KfJ+vx/Hjh3D1q1bSzLGdJ2uk8PH5MrH0e98CzPP/awkYyEiKpQVCiXeo7o++4eLpmgnv7+x4zUREVFtYvhIVaOjoy3xeHx8cl746Pf7EQgE0NTUBFUtztp92fDYO7Gt+yM4OvzEotem/GfmPR8Yfz7lNGxNcaHVta5kY6T5AoEAnvv5Afz4X14vyfnb2xtxy67NePW1zGuY5kJRHUU7VyH6+lZXeggV89Of/hQ+X/GqT48fP46Ojg50dHQU7ZypLFynMXkqdbzycXbviyUdAxFRMczufREdv/u5ecGjaZopp1sTERFRbWH4SFWjPSl8HB0dh66HMT4+jqGh+d2Fb7nlFqxcubJs49q17rOI6P6M6ztmPL73s7Ap2VVMUWGi0Sie/8XBogaPqcLu3/gP7y1q+CgrGoQkwzKNNHuU/kbL4bSjo7O15NepVk6ns6jhIwDs378fd955Z9F+YZKuCUy6ysd4+Mip1kRUC6xQCIZhzAseM1U+Jo5jIElERFT1pKV3ISqPzo52tLe3YOeOrbhw4QwOHTq0KHgEgDfeeAPRaLSsY9u98Qu486ovQVNi1ZhT/sGsjtvW/RH0d95RyqFRkmPHz+CHP1rcBKQQmzevWbStvb0RN93UX9TrqBWufly7pqui1680l6v4yzz4/X4cOnSo6OcF0gePqQJIIqJaEW+GldwIa+EHsPiXMURERFTdGD5SVYitkXYEt71vJ3p6Mlc1RqNRvPjii2UPIHtbb8b91zyCVte6lE1okmmKC3de9SXsWvfZMo2OTNPEv/7blYpHyzIRDM4iGg3DTFtRmNlVm9JPQ962pSevc6YTjQbTvlaOio61Pd0lv0Y127BhA0IlqBAcHBxMrBlZiKVutBeGjsmPiYhqRar3sOTQMR2GkURERNWN4SNV3ODg/9/efcfHcdf5H3/NzFaterdkW7bl3uTuOHYU4yQEJ04jCSGQg8DBcbk7+N0BCUkIIRztfuS44zgCFw740dNMOVI4hzQ7dopL7MS9SbZVrd5Wqy0z8/tjtetdaXe16pL9eT4e69md+c53vmNZY81b3/l+K9m2bRuNjY1J79PW1jYuAWSao4Abl3yHNHv8cdxm5Kzj9mU/ZGbO5WPYMqHrOqdPX5gpXVFUHI40wMTrdeP1dqPrfiC5G5Tbbl3PVx/+SNztS5aM3GzGAb8nwSPXY6O0tH8Pz0tJVlYWNpttVOrevXv3qNQbEutx7MibdyGEmCwir13xhpoQQgghxOQjYz6KcRN6JDHWo9XJCAWQmzZtGtNJaOyWVG5c8iid3vP9ttksLnJdpWPWFnFBrH8DiqJgtTqwWGz4/V58Pg8KCharDU2zoiixf/8yu7SA227dkPB4eXkZZGe5aGl1D7vtiXo9jpXS2Zd2+AiwbNkytm/fTlZW1ojW63a7qaysZObM4QfW8W6+Ez16LYQQk0WiR65jkfEehRBCiMlBwkcxptxuN42NjRw/fpy2trZh1zdeAWSao4A0R8GYHU8k52//ZjP/9eM/91uvKCo2mxPTtBMI+AkEfPj9XiyWYAipqlpU+VOn+wfLffn9/hEJHgGMQOIevGNxYyXhIyxYsACPx8POnTuxWCw4nU5sNhsWy/D/q6ypqRmR8DFS3xvyROOjCSHEZDDQdSxy4hkhhBBCTB4SPopR5ff7aWhoCL9GInDsa7wCSDHxbNy4FEVV+MFjf0TT+j9CqygqVqsdq9WOrvvR9QBerxubzYmmRf/bqalppLg4L+6xzpwZOKCcLFwuJw6HfbybMSGsWLGCFStWUF1dzcmTJ8PXLY/Hg6qq4Ueznc7gBEGR6+IxDGPEZ9LuezMea7uEj0KIySbRtavvdU8CSCGEEGLykPBRjKo333yTurq6UT9OW1sb+/fvZ82aNaN+LDGxXb5uPl97+ASu1DxSUnNR+vRqDNE0a2/gGHuW6YrKuoThY3e3dySam6TRvcHKzEwb1fono6lTpzJ16tSodU1NTXR0dNDd3R0eo7a+vh6v98K/hZaWFgKBQLi3pNPpJDMzk7Vr145Ju6XnoxBiMpNrmBBCCHFxkvBRjKo5c+ZQVVU1Io8tDqSyspLi4mKKixPPli3GTyik8fv94bHoLBYLmhYMCO32ofe+MwyDnp4eXnvtbSyahe6uBro66nG6srE70rE7MwZV37lziSdAUtSRCwQtVkfC7SYGKCqYozN+X2ZW+qjUe7HJzc0lNzd3vJsRUzI9hYQQYqJL1JNbCCGEEJOXhI9iVE2ZMgVd18ckfATYv3+/hI8TiN/vx+124/d2EWg9iNp9Aq37JIq3FrQUTNWJr3dpak701OVY8tbhdDqx2+0JH6P3eDx4PB78fj+qqvL2W+/yzr5jHNh/DFXVUFUN0zTw9XTgcbegqBoOZwaOlCxs9tQB2z7QRB1Ll8wa9N9HPImCUacrG0dKNgHdh9/TjmmM/AzvWVmDC2bFxBV5ky4360KIySjyGibXMSGEEOLiIOGjGHVlZWUcOnRoTALIzs5OOjo6SE+Xnlzjye/301K9D6XpVSztu7B1n8BmJPmY8gnwpS2nO205ZKzCmn85drsdm82Grut4PB6qqup4fcc+3th5gKam+OOIKoqKxWLDYrFhGDre3iDSZk8lJTU3Yein6wP3bJw3t4jjJ2qTO68B2Oyp+LxdUZ/TMouwWHsfC/epKCkafk8Lhj6yAWRmljx2PVklmgE20faRYs8vIHfDFdiyo3uE+lqaaNr5Ot6Gi2dsVCHE6Bvo2iVhpBBCCDE5SfgoRl1ZWRn79u0b1fDR5/Ph8Xiw2WwSPI4zv99Py7EncZx+aMh1aJ370Tr3Q+3P4KjKMc8aurR5HK7J4p1DzVSdqx90naHekFis6LqP9pazoKhYrc5wT8hQ+HfDjeu5++NXD1jnJz5xLQ899HMC+sjdDGkWG2kZRf2CUZvNic8HOLPxe1oxdN+IHTMjXcLHi8FY3pTnbiin6JbbyN1QHrfMvC9B084d1P5hK007d4xZ24QQFxcJHIUQQojJT8JHMSY2b97MU089RUFBAaqqDnp/wzDw+YJhi8fjAaCnpwfDMDBNk7y8PJYsWcLy5ctHtN1i8DqrXhpW8Lj9WBFHarJo6HTS2OGgsTM0IUxt72u4FDTNgqZZMAwdXffS7e4JTumiKCgo2G2Jx2AMmVGSz7o1hTz/wm7sjnRs9tS4E9wMRNUspGdNw+nKjlvmQgCZNaIBZFa2PHZ9MRqtG/Yl3/k38q7clFTZ3A3l5G4op3H7Kxy87/Oj0h4hxMVFwkYhhBDi4iPhoxgTU6ZM4cYbb2Tbtm243e6kekEGAgH8/uDjpcXFxSiKQn5+Pna7nYyMDDIzMykqKsLhSC4oEmND6TyKYk3H9HcMet8fvbyI144VjUKrYlNVDZX+YeFgbnxsNnt4XEkAS29PSovNgabZkhpfEiAjuyTJ4znx+5VgANnTjhHoSbqt8WTJhDMiSeufexF7Xv6g98u7chPrn3uRXVvePwqtEkIIIYQQQkxkEj6KMTNr1izuueceACoqKhKWlVBx8rJ7DmE4C9EHGT6OdfCYSENDy4BlPB5PxIzdwXElTdPAMHR6PK2YbgOzd3ZqzWILB5GKqmGxOlBV7cJ4joNk7d0fIOBV0f3dQ6oHwOGwU1g4MWdwFhPL2id+N6TgMcSel8/aJ37H23feOoKtEkIIIYQQQkx0Ej6KcTFr1sjNFCwmFkNLRXEWobjPYerJ9crbU5E/YYJHgKam1rjbAoEAO1/fw7b/3dVb9sKEN4qiomnRfSkNQ8c0zeDj3V0ewIyaSVtRNTTNRk7B3EG1UdOs2GyhOiwEvIPvaQpwx53XUTp7+pD2FZeOxd96FNes0mHX45pVyuJvPcqhB+8dgVZNXOkLF+Esnkbbu/sv+kl3tBQX2WvXEejsoHXv7vFuTlKyVq3BkpZOy9tvone7E5adjOcnhBBCCDHRSPgohBhRqj0P9C5U1wz0jmNJ7fOLnYML3sbTq6+8xXcf/XnS5dXIMSD7POFtGDoApqkT8HsG3RNS06zY7So+FBTVgt8zcI/NSPMXzOLOj1w/qH3EpSd3Qzn5V13Tb7274jTHH/020++8i9zyjVHbmna8xrknfs28ex/oF1rmX3UNuRvKBz0JTfGtH6LoxptR+gzb0XHoIMe+/fVB1TXaim65jcIPXM/Zn/+Uyp8+Pt7NGVXpCxcx9wv34e9oZ/dHbo/aNuWGmym+5Vaadu7gzM/+O6n6hrLPYM24+69JW7CI49/5Jue3/Zm5X7yf1DlzOfuLn9H8xs6osonOTwghhBBCJGfwM38IIUQCtuLNAKgpxajOwgHLH6nJiphUZmLz+Xy88vJbI1ZfaAZuTbOgB7xDrsNmTwk+1p2Sg6Ikf1n/6F/dMKRjiktL0S239VvnrjjNoQfvo+2dvRz+yv20vbM3vC1y3aEH78NdcTqpOgdiz8nFNbMUZ1Fx1MuWk9ywAat/+QTrn3uRrFVrBn3sIVEUFG1oE1BNRrEm20qdPYe0BYtIX7go6XqGss9QKKoSbnP6oiWkL1hEaunsBOUvna+lEEIIIcRIk56PQogRZclZhd6+Cb3hFbSMRSi2HIzuakx/e8zyJbmd4ceQVVWB4LzT46unnqbK17HllGG327Hb7Xg8Hh79zk/Z/05yvTkHK+Dvxu7MHNK+qqphd7jw+TyQkk2gp2PAmbBv+eDVrF69ZEjHE5cOx5QicjeU91t//NFv464Mhop6Tw+Hvvwlyr73GACHvvwl9J7gkAvuymDvyBU/+knU/rkbynFMKaKnbnAz2Jt6gKonfkPFj3846HNRbfZB7yOG5+S/P8rJf3901PcZrr2f+OiYHk8IIYQQ4lIj4aMQYsTZZ92F356Nr+Z5VGchqrMQ0/Bj+tsx/R3Bl68VTAOXPcA/vv9dnnp7GueaUsJ1qGqoB5+C0vteVVRAidg2OqpqO7G+exeGlkpn2kpqLMv4zTYfb7x1atSOqQcSh4UDURQVmy0Fn09BcWTi93bEnQl70eLZfOaeDw/reOLSECt4BJh+5110HjkUDhl9Lc3hcRx9Lc1RZafedkfcuqufeXLE2jr/y18lb+Mm3JUVpC9cjGqx0LL7LQ7e/0VW/exXuGYGxxpe/tiPad3zNu/d93kWPPQIueUbUa1WAl1dVD3xayp/8l/Mf+BhcjeU0/zmTvLedzVGTw/H/uUbFG6+PmZ5gPkPfIXC67agWm3oPZ647Vz+g8dJmTkLRdOwZWVjeL2c+80vqXj8MUr+6m6Kb7sDe14+iqZheL1U/+5pTv3Hd8m5fANz/vGLpEwvAUUh4HZz7tc/p/HVl1nw0COkL1oCioLh81L3/LOkzVuALSuLQw/ei5biYuEj30BLcXHy3/4vdc/9idW/fAJLahoH7/s8RTfdwpQbbkJzpmDqOs1v7uLwVx4gbe48Fjz8z3hqarCkOElftIS6F56j4aVt4bYYfh8oKoGurn7nuvbJ35MyvYS65//EsW9+jZmf+lum3XkXltRUME08NdUc++bXaI3oOdt3n3hf16qnnmD+g1/B19jIO3/3afRuN7P+5u+Y9pG7qP/z8zinTid90WIsKcH/V9yVFRz95tfoOPReVBsLN29h3n0PYPj9nPrP71H37B+j/q4TnZ8QQgghhEiO9sgjjzwy3o0QQlx8tPQ5WLJXYPi7MXrOoyigWFJQbVnBQNI1A8Weg2JxMT23h81LzrFx4Xmm5Xpw2nScVp3GDhumaWIaBqYRnEnaMALouh/DCIQ/m5gYpoFhGoAS3Mc0AVCUwfek9Osqt6+pYPvRXH79koNnXmzj9Nm2gXccBtM0sDnSh/Von6IoWCzW4HvViqKoGIY/qozTaednv/j2sNoqxl/o33fo37ppBicyCr10XQ+/up/9w5CPk3P5BrJWruq3PqVkBplly2h+cxe6Jxi0BTo6CHRET3y0+FuPxhwvEsBTW9NvfL1EslauJqNsOYoC2WsuI2/jJjKXr6SntgZ/ezu55RvJXLoMTJO65/6EarOROmce3vpaGre/SvrCxZgBP6f/6wc0vvoyeRuvouimW2ja8SoH7/1HMpetIHvtZbgrKzADfnLWX0Hq3Pm0v3eA5jd3YklNi1s+f9PVTL39TrqOHePsL36GLScPe24e7e8eoHXfnqjzmHLdDbhKZ9O2bzfVW58ifcEiXKWzaT90ENVqxZqeQe3//J7mXa8Ht82cRefRI0y7405S586n8vHHqPjRf6J3d9O2dw+FW24kZ305NX/YytF/fphAZycdhw9iy8klbe48Oo8dw56XR8669SiaSk99PZgmUzbfgKemCm99PSUf/yQ95+s5eP8X0FJSyF1/BarVSt2zf6Tg6mvJWrESU9dpen07zW/uZOYnPo2jcApVT/6ajkMHSZ+/gIDbTc3Wp6LOVVFVMpeWYXi9dJ+ppPSez6L3eHj3n/6B1n178DU10fDKS5h+f8x96l94Lu7Xtf3APuy5ebhmleKprsJ9+hTT7vwotuwcqn77K+x5+XSdOEb1009gmgaZy1agYNK0cwdTrrsBe34+zbt20rpvD7bcPNLmzqe7soKOo0dY+PDXkzo/MfJSbrwFTdOwWCxomoamaaiqGl4qihJehv5/77sUQgghxMQjPR+FEKNGdU7BMfdvMLpO46t+AaNtf3iboigotgywZYArONvy1Owuiqe1s9nfjumvxgx0U9/u4Hybg4oGF11eK5WNLrq9Gk2ddpo6e6d7jpg9Wic6bBuqZ3aXsnXP2M7Krge8qJp12PVYrQ5U1YIfBVWzcdnqWezYvofS0mn82388MAItFQIyV6yi7HuPcejBe/FUV/Xbnih4BHAUFAz6mIqqkr6kDHona/I2NtL46st0nzsLgN7tpuLxH1L/5+eY/+Wv4iqdg7NoKnXP/YnZn/0nTMPAffoUrXt3U/KxT4Ch07xrJ56aajqPHyVt7jzSFyzCU1sDpkH7ewc48Ll7AFj2/R/FLZ9RFgzHzv/lf6n5/TOkLVhI2vwFcc/D19xE1ZO/pXXvbjKWLiN3QznpCxZS/cyTNG5/ley169AcDjw11TiKisKT7Kg2G9mXXU7X6VOc/uH3Aci76hoUTSNz6TLa3ztA5X8He2K6ZsxCKd8Ybofu6cYMBLDnF5BSMgMtxYm7soKsVavRHE6admyn/d0D2HPzyF67jsxlKwAwvD3onm4qf/rjYBh57Wac06bjrjjN6R/+J1mr1lB43ZaY5+muOB3uHRtiy8piynVbqH7mSc5v+3NS+8T7unYcPUJG2XIyli6j8+gRXDNL8VRV0fT6dppe3076wkWklMzEfeoUOevWQ4xe896G83jr6zD1AAC5V5QnfX5CCCGEECI5Ej4KIUadmlqKY/5nMdxV6K378LcexvScQ+nTK0+xpqJYU4FiAEwjQHFWO0X+dpbNbcf0nQczELVPV4+F0+dTw+8rGoPvu70alY2u4HufFvVI90AcNn3Mg0eAFKeCYrHi8w0/QNU0C6rDhc/Xw4MPfYYHH/rMCLRQiD56e2CO2eEC/iGP+diXoqrhx5EXPvINAAxfn+EPIn6xkai8oqpgGkN6NFf3dKNYLNiysplyw82U3vMPWDOzMLw9KBYr/vZgr+uq3/4ae24+mStWkbVyNR2HD3L0G49Qs/UpUqZNJ3PFKhZ97VvM/OvPcPJ7/0rniWMEut2kTAv+csff0Y6/rY2U6dPR3cF2dh47SsbSMlCU8Ln629sxvF4saWkXGmmamIFA77lqKKqC4Y09rEM8HUcOU/30E0y/6+MUf/B2ptxwE/UvPDesmcrb9u9jypYbyViylO4zldiys2l+6w20FBeLvv5tci67HCMQANNEcziSqnOo5yeEEEIIIeKT8FEIMWZU1zRU1zSsU2/G9LWgN+1Bbz+E3l0NMSakUVQLij0H7DnhdWagC9PXiuFrw/S1kurwU1Zy4ZHo9fOa4h4/1IuyvsNBQ3vwRtQ0TY7UZOBy6MzIdZNq9+N0qPy/HfNH8MyTE/D3ULZkGucb2mhoaEPXjYF3SkBRVOz2FA4erGTJkpkj1Eohglr37ubwV+7H19ISc/uhB+9N2Pux5/z50WzegEzDQPd0c+K736Hu2T9GbSvc3L+nW6Lyy3/w+JDbYcvKwgz48dTVUnDNtag2G8e++Qh1zz8bHB9yRvB7t/Wdvey5+yNkrVjFjE//LZnLVjDjk5/m8Fce4MDn7sE1cxYzP30PeVe+j5KPf5J3/+mz+FtbcRQUAtBddRZfczPZ69bjKp2Dv70d9+mTZCxeEgyRe3sFak4nisVCoLNzyOcUz7nf/opzv/0Vxbd9iJK77qbg2s10njxOzdanh1Rf8xs78VRX45w2jayVqzECAdre2UvuFeVkLltBy+63OPTlL5F35fuYd5/0+hZCCCGEGC8SPgohxoViy8ZSdC2WomsBMP2d6B1HMTpPYbjPYnjqINC/F5FiSUWxpKKmTAvuF3Bj9gaRhq8VjPgTtxRm9FCY0UPZAG17ZnfpkM9rOFpbWtA0laIp2RTkZ1Jb10JDw/DHmjSM4YWY4tLla4kd5jduf5XDDz+A0ZO4d1iiANJ9+uTgG6QoWDMzo8JBvaeHlrffTG53VUVzOgHoPH6MzOUryV57GQ0v/4XcK8pJX7CIih//KOa+icq7z54hc8UqctZvwNvYQMai3pnk40yOZXG5yCxbjpaSQvqCxfiam4N/H9dcC4qK6nBSdOMt4YlpNKeTGXd/Cn9XBzVbnyZz314yFi9BczqZevuH0ZxOqrc+TfOuHWSvWYvmdKJ3u/HUVJG5bCWmadC963X8rS1oDgcp06bTdfI4HUcOk7ZwEQX6ZrJWrcGeX0DO+iuwpqXTeOpEzLZ3n63E396Oa2Ypee+7mowlS7FmZKC73WgpLvRud8z9UqaXUPzB22na8Rr1LzxP7vpyslauxuJMvld6LO0H3yV1zhwylpbRU1dLw8t/oeDazcG/fpsNW1YWeRs3oTqcaL3HMg0DFAXV3n8G9KGenxBCCCGEiE/CRyHEhKBY07DkrIGcNQAcOXyCIwffo/bsKaxmJ7MKfSya5ibbFR12KBYXisUFKcVogBnoDoaR/tbgUh/8o3MbF9T2PnZtYhjmqM+uHYumqUybmktOThrV1U10dsafPXcgbrc8PiiGpmnn68z7Uv/1VU/+pl/wuPhbjwKEZ70Oqd76VMzwsWnn64NqS8DdBYpK8a0fovjWD4XXdxw5TOOrL/Urb/h8YJoo1uA4qt3nzpJXvpGl//ofNL76MhWPP0bWipUUXH0tBdd8AEwTd2UFja+9EvP49S88G7d8zdanyCxbHtx29bW4KyvQu92klJTErEux2pjxyU+jWCz4O9o599PHg+fx2iukL1zMvPsexPB56Th8iNS584PjSi5bTubylcy798HgTNF1tdT8fisF115H/lXXUPr3/wcAf2srtX/8PQDtB98je806TEPHXVmBr7kJU9exZmbhPnsGgJqtT5M2Zx6F121h/bPbwDTpOHyQ6qefiNn2jiOHqf/z80z/6MdY8i//SqCri+6zweVS+wAADy9JREFUZ7Hl5pK1ajVNO16LuZ9z2nTyNl3NtA9/FBQF0zBo3f0W1b97Jmb5ePp+XVv37qZw8/VYs7JpePVlAJpe38GULTeTvXoN6373LJ6aajzVVaSWzsaeX0D7wXfJXL6CuV+8H0d+9NijQz0/IYQQQggRn2KaYzxgkxBCJGAYBn/6n5d4+aW3OXnibNS2smXzuP6aBaxbbCHQdRrTUwee2oT1mbon3DMyGEYmF+JtO1jIj/7SvwekoqjBmbv7zEqtKiow/Jk2P/fhbGq759Duz41a39zcQVV105Aexb75psv48B1XDrttYvxEzm4Nwe8T0zTRdT08u7Xf7ycQCOD3+/H5fHi9Xnw+H02f/tiwjr30u98nd0N51Dp3xWkOPXgf7srTQPTkMg0v/yUcQLpmlrL4W9/BNSv6e6lp5w7e+8LnhtWukZK1ag22nBy6ThzHXVkx5PJaiovstesIdHbQunc39vwCAl1d/XrKhR6lPvatf0bRNFr37Y0q45o5i9TZc+k6dQJ3ZUVUPa6Zs0idO49AVxfNuy6Et/b8AjLLlmMEArS8/eaQeueF6vY1N9O6d/eA5dMXLsJZPI22d/fjbThPyvSS8MQ/iWStWoM9L5/us5V0HDk86HYORs76KwBo3vU6WooLS2oq3obkHvcf6vmJ4cn9719is9mw2+3YbDasVisWiwWr1Ro183Vo1muQ2a6FEEKIyUDCRyHEhPLittf5wfd/G3fSlaKiPO69/1MsWBAMMwxPLUbHCQKdpzC6KqCnPmH9pu7tDSJDYWR33LL17Q7+Z28xh2vSBzVhzXD88fO7AOgKZFHbPZsazxxqPXNwBzLQdYMzZ8/T1ja4YOHmm9by4Ts2jkZzxRgZz/Axd0M5S7/7/X7r3RWnOf7ot5l62x39ejY2vPwXqrc+xbx7H+gXPAK894XP0bRzx7DaNVmFwscjjzyUVMgnxKVEwkchhBDi4iSPXQshJpRdO99JONtzbW0jr778Zjh8VJ1FqM4iLAXBcC3Q8g6BlgMYnSfA29Bvf0WzozgLwRmchME0fBeCSF8rZuBCsFeY0cNnrjod/lzXFpyoprPHQmXvrNoAlY0uur3RPSGHIsWuh9+nWlqZm76Huel7AGjz5VPrmcPsjDkcOJdPZVV30r0gfT4/7e29E/qYenDGcDOAEfCjBzyYRgDF1DENP4pigBEAdDACKIqBLXcNTqcTi0X+y7gUNe3cQeP2V8i7clPUetesUlb86Ccx98m/6pq4E800bn/lkg0eQwyvV8YOFEIIIYQQlwzp+SiEmDBaW9r42F334/cHEpYrKZnC4z/5+oD16W3vEWg5QKD9OIq3Lqk2mIa/TxjZf9KbMaNoKJYUFC0FLK7e9y6wpNDlddDpUTD0AJoKmgqqagaXSnCeC001UVWwaCqaagImCoO/5OtKCn77DNQpW8gsGPtZwMX49nwMWf/ci9jz8odVh7exgV1b3j8i7RFCXHyk56MQQghxcZJuLEKICaOj0z1g8AjQ0NCSVH1a5lK0zKXYAcN9Br3lHfxtR/C1VWCzxt5HUa0ojnxwBEMW0whg+tuDPSID7uDs2gF3sPfgSFPtqLZMlNDLkhq3aJrDR5oj2Yr1gYskoJndaD1HMM6cosNzE+kzNg+rPjE57dryftY+8buYj1Enw11xmrfvvHWEWyWEEEIIIYSY6CR8FEJMGE6Hg6zsdFpbOhKWmzGzOO62UL++yD7dJkDKDNSUGdimfpBv3vcwWepZSotMSgoVpuarpDpj95hQVAuKPQfsOdHHMXz9A0kjAKYf0wgMHE6qtvBM3Yo1PRg2as7E+yRgmgboPcHZvXUPpuGLW1ZRNNAcoFjA8GIa3ui/MEVFUe2g2S8sFQ3V9GE27wAJHy9Zb995a9TkMsmKnIRGCCGEEEIIcWmR8FEI0Y9JMIsyB3hP321cyLAulDUvlO27vc9nMrKZNX82+954J2H7ps+fy5nu0GOoEfsnKbe0jG2/q+WliMPMmaqzYJrB7GKTkkKV4nwNVYlfq6LaUGw2sGXFLRMOIY0AphlAUS2gWEG1oijqIFocqs+H6e8KhouhkFHvCc7gnSBsHDGqDX/uVXi8Znheb0W5MMe3Aigo0euU0PrelxJZts/2GO/F0I3WI4iHHryX3A3lFN1yW79ZsPtq2rmD2j9sveTHeBRCJE8enxZCCCEuPhI+CjGJGb3Bn2GCQTCIi700Y6+PqCNy23gOBLvyirVUHK+ktbk15vaZc2eyeHUZxjAaubp8LWdOVHD84PHwupPVGierg5PG5Bflc/PHbmPNIjvW7pNo3Wew9tRiDTQN6jiKagEsoA0+SDNNHdPfEX7h7wgGjuPJ8NFTcD2+hJ06R+5fTyiEVLkQRqqhZZ9twaUSZ31wqUbUcTEayxv2pp07aNq5A8eUInI3lJMyYyaOggIAes6fp/tMJU07d9BTVztmbRJCXJwkjBRCCCEmPwkfhRgHobAwKjTss84wzXAg2DdcjAwdLzbL1q3ANE1e/MP/cvbkmahti1Yu5tpbr6N0wexhHaOopJjNH9oCisLx945FbcsrzGPz7VtYdtlyfIAvbWHUdlvnkWEFkomYgS6MniZMbxOmv33E6h0pXQu+ja9wy5gdLzIUTy7TTO4bIjKE7BtKhj/3BpmR62KVG2/xbsrHagKGnrpaqp95clSPIYS4dAx07ZIgUgghhJicJHwUYoSYgG7Gepkx14v4ll++kvyiAqoqztFY34CqahROm0JJaQm5hXkjcoy5S+ZTPGMqR/YfprGugUBAJzsvm7mL55FfVBB3P1/awriBpMVzBs3bCKaOYhoo6ICBYhoQ+mwaKBh0dBkYhoFLa0YLNAYDR907Iuc2GtxzHsI79c7xbsaICIX2ib8PB/4m1ZRYLyXm+rG6XVYURWZ+FUJMapHXMLmOCSGEEBcHCR+FSEIgRngYiBEqXow9EcdL8YypFM+YOqrHcKWlsrp87bDriRVIxrP/jT2888Zezp06R2N9EzZ7EfOXbmTZmiWs23QZmEZveBkMKkGH3vfBdcFAM1Rm92u7eO25l1AVM9gjTzV735sR72HFujLWXLmmNwjVe+vtc6ze9eEyoeOi0zPjU8P+e7rYxP5FQv+LgBojjLT0CSktvcuhineTLjfuQojJJN51TK5lQgghxOQm4aMQfegmeA3wGeAzzN7leLdKXAzefXsfzz3xLHVVdeF1Pq+f9/Yc5uC+I7i7/Vx10weA5EdOrOk4zqnzGQOW00qms6zg+qE0WwyT0fuLCX/U2v5fYZsaeinYe98PNpAM3aRHvoQQYrKQa5gQQghxcZLwUVzy/EYobDTDoaM8Fi1GWktDE68++3JU8BjJNEzefOVNZi+cR8mcmUnXm5qellS59Mz0pOsU4+PCLzqCFyBNIRxC2pTg0hKaLVxRMHunek/UU0hu3IUQk0mia1fkOrm2CSGEEJOLOt4NEGK8tflNGrwmbX7w6BI8itFx9tQZThw6mbBM7dlajhw4NKh6i2dMx5HiSFjGZrdSunDOoOoV4083oVuHNj+c95p0BKIvTn1v0GP1GJIbdCHEZDLQdUyua0IIIcTkJOGjuOTZhzPQmhBJaqitT6rc+arkyoXMXTKPDe8vT1hm1RVrWLpm2aDqFROPXY1/0x3rZl1VVVRV/psXQkweoetWsr9IkSBSCCGEmBzksWtxyUvVwO5U+o3xKD0gxUjStOQut8oQwqKrb3o/AK88+xKGfmGAUqvNyprytZRf975B1ynGl0UBa8QYkNbex65j6XvzHQoeQ0shhJgsIq9dsa5tQgghhJicJHwUlzxVAXvv2GoQ/MHWMHvHXzPB3xtI+o3grNdCDEVRSXIzd5fMnjHoutOzMvjg3bezdPUyjh88SmtTK2kZacyYO5OytcsHXZ8YW5beYNEaChp7x3hUo+6zL4zxGEvf3o7S81EIMRnFuoYl86i1BJNCCCHExCbhoxAxqAo4NAiOpBf8gdYk2Buy/8uMuV6ISFNnTads7TLefftA3DKz5s1iXtmCIR9j9qI5zF4kYztOBArB64jW76XEWBe6ygyi/t4JZ+KNjxa6adc0bTROTwghRoWmaQkfvQ6FjBI2CiGEEJOLhI9CJEkh2EPJ0u/n3f4/AOtmsPdkOIwk9PlCUBm5XbLKi196ZjofuP16ujq6OH30VL/trjQXV15/FVOmFY1D60QyVKIDRTUiUAy/J3r7SIqc4Tryc6Lg0TRNFIcDs6dnZBsjhBAjTHE40DQtYQAJsYeaEEIIIcTEJuGjEKMgFD5Y+23p/wOySTCIDC0NEwzA7F1e+GyGP4f3iSgTWY+YmEpmz+CWu2/jvbff5eTh49RX15HiSmHRiiUsv3wF85YOvdejiC3UA1EFlMhln3WqosQsq/aWDW2baLe4kYFkKHg0DCMqfEy/chPt214Y55YKIURi6VduigofY439KEGjEEIIMTkpZqJBpIQQk07fIDIUZPYNOU0uBJpmgrJmjHVCjJTIUE8JhXwR7yMDwwvblKj91Bhl1Yi6Lyah/7JDS8Mwgt/HhhF+6boe9QoEAtQ//hgd21+RHpBCiAlHcThIv3IThZ/5eywWSziA7NsLsu9EWvIIthBCCDF5SPgohBiUUBgZfs+FcDJ0MRnwc586gmXM6O0R+9JnX8w+nyOWsbb1e9/nqtf3IhjzojiKwasS/iPG+kSfldjblMilEmNdxLZ+62OtI+Imr0+56DIR72PUFbVPn/1FcvqGj6Zp9gsf44WQoVdoW2RwGaonsk4hhBiOvo9KR/ZkDPXODi1jvSJDx1iTz0j4KIQQQkwe8ti1EGJQIkOmqJUjUrMQIpHIcR77jv/Yd2brvttDZXRdR1XVfsFjZPm+4aOEkUKIgSQai7HvuLSxAsjIZazQMVbdEjwKIYQQk4OEj0IIIcQkFXnjHTn5TKzHEhVFCY8HGSt4TBQ+CiHEYMULH/sGkJGvWJPN9N1fCCGEEJOPhI9CCCHEJBTZCxKImmwmtIwsG1ofr8dj36UQQgxXrEekYwWQfYPIWNult6MQQggxeUn4KIQQQkwifR+5jhQZPMabBTsUPgISPgohRlW88BGIChUTvR+obiGEEEJMfDLhjBBCCDEJxZt8BgiHi7EerU40uUy8HwnkRwUhxEDihYGxHr+OfB/rkWwgavgImWRGCCGEmNz+P8Xtzo7g0pawAAAAAElFTkSuQmCC
----[INFO]----Unable to locate elementPatient Module
----[FAIL]----Element 'Patient Module is not present
----[FAIL]----Element 'Patient Module is not present
data:image/png;base64,iVBORw0KGgoAAAANSUhEUgAABR8AAAJmCAYAAADVS/dbAAAAAXNSR0IArs4c6QAAIABJREFUeJzs3Xl4lOW9//EPkH0SlgATkCVkoUQYIkohGCuWoKCnINLaH6Di8YALVY+gBa1iqhb3pbgcW2Q7FlCwrUWFUwVMUNRAWATDgEGTDIlEyYBBSIaBrL8/spBlZjJZJjOB9+u6vGqeeZbv8zxjox/u7313qqysrBQAAAAAAAAAtLHO3i4AAAAAAAAAwPmJ8BEAAAAAAACARxA+AgAAAAAAAPAIwkcAAAAAAAAAHkH4CAAAAAAAAMAj/LxdAC48JRWVCujcydtlnBcyzAcabYsw9laE0eiFagDPKbbZlGM5LJvNpmyLRZIUExUlg8Gg6KhBCjUYvFwhAAAAAMARwke0q7RvT2jdoVNKio/QlIFBIoJsnmKbTVtSt2pLSmptAONIqMGg+OEmJSYk6PKE0U0GMwsWPuowyHTkLy//WTFRUW7tu2BhssvPp06epMQxCQ4/W7J8hbIth926zgtPLaq+nvv3IZ0Lr0JDDYo3mRRvGubWvWWYzU3eW4140zC98NST9bZNnDK12ce6ez1JmnP7LMVERTXreTiq0xlPndeRLalbtf6DDS6/75IUYTQqcUyCrkka5/b3EwAAAADgeYSPaBe5P9q17JM8bTYf05iRA/RB3hltt5ZoysAgJRoDvF1eh5C2I10vvfqaim22JvctttmUtiNdaTvSFWow6N2317RZHVtSUhVz+2y39s0wm11+nmOxKH64yWE4mm2xNCtIbIm6gVbajnRJVYHk1Osn65qkcR69dnM19SzrsrnxHfF12RaLXnrltSZDxxoFVqvWf7BB6z/YoFumT9PMGdM9XCEAAAAAwB3M+QiPKq+o1JLUXP32f/Zos/lYvc+OnanQ8m9O6yVzsbJOlXmpwo5hc0qqnnjmWbeCx4ZacowrW1K3ttm5im02rVm7rs3O1xayLRa9+MqrWrAwuc2fHdyTbbHowYXJbgePAAAAAADfRfgIj9mwr0BTX92tlZ9953K/Az+V6emMYq3OtutUaWU7VddxFFiteunV1zx6jea0qdaMqmwr6zds9MmQKcNs1t3zHmhVAGkICXH4bKOjBjV5bHTUoBa1D0dHDZKheiRpTFSUDCEhbX4tT523xkuvuDfCFwAAAADg+zpVVlaS9qBN7c09qWWf5Gn34ZMOPx8zcoCKu3dz+Flgl066YWCQJvYL9GSJHcrjTz+j7ek7nX4ebxqmeJNJBVarCqxWh63Km95f79a1br3jLhVYrU3ud03SOM2fe1+T+2VbLLLZbE3OVxhvMtXO21hXsc2mJctXOBxtaQgJ0arlSx22bLuakzDeNKz2749arbJajzncr0ZMVJT+8vKfHX7mau7HqZMnaU4T7enO5n68PGG0Hn/kYYefubq3d99e4/B5rF67TmvWvePwmMce/oPTeTeb4onzbk5JdRm2R0cN0iUmk6Sq71d2jkW206fr7UPbNQAAAAD4DuZ8RJs5VlSipZ/k6f0vj7b4HGfLK/WOxa40a4luGBikS3v6t2GFHdN+J0GTISRELzz9ZKORZc1ddKVGtsXiVvAoyWUYWpe7o94yzGZtTknVhPFJ9baHGgxOV+6OiY5q0QrHDRc/qZ0rcMNGh/tnWywOa2uKoRWrL7d0wZSWPI/QUM+sEt3S87qa2/L39/13o/fgKgAFAAAAAHgfbddoE3/7/Iimvrq7VcFjXd/ZyvXa1zb9JdOm/NPlbXLOjijDbHbafho/3NSmq/puSUlttM0QEuJw4ZW2br2WpDdWrPRKq22E0ag5t8/WnNmznO5DuNV+nAXghpCQZgfAAAAAAADvY+QjWuXjg8e17JM8WY6dbnrnFth9vFS7j5fqP/oHasrAIPl37uSR63REzlY0rhtIxle3p7ojzcFoxvjhJiUmJDhse96cmtridl1Him02rf9gg9faZadeP1lp6ekOR41WtbObm/U80TLORu02bK2uEWE0Kt40TBFGY+0o2UuG854AAAAAwFcQPqJFMn8o1rJP8vTZN4Xtcr1/HzmrNGupbhgYpLF9Atrlmr4uw3zAYTtwU/MMOuKs5ToxIcFpwLg9faeKbbYWtfo6s2bdO5owPslpq7WnXZOU5DT8+mo/4WN7MBp7O52H86VXX9Pv7/vvetsmjE9iRCQAAAAA+DDartEsxWfK9OdNObp16b52Cx5r/FRSoTezTuvZ/cXKPFnWrtf2lqbmDXzp1de0YGGy23MwOuOo5VpSbfB4ecJoh5+3deu1JL34imdX9nbF1Yg5V3MRou30cRE8b05J1a133KUtqVtZDRsAAAAAOghGPsJtf9/5vZZ9kqeTdu8Gf9+cLNPz+4v1i4gA3TAwSOGB52+GHhMV5XIkmFQVimWYzQo1GJQ4JkHXJI1r9gg9hy3XpmG1oxovMZkcBpxp6emtGnUWHTVIOZbD9bZlmM1K25Hepi3d7mrLEZcZ5gPMFdkCiQkJLhdMKrBa9eIrr1btOyZBiQkJDuclBQAAAAD4BsJHNCnt2xNa+mmeDuYXebuUej4vKNF2a4mmDAzSpAFB3i7HY349ebKWrFjZ5H7FNps2p6Rqc0pq1SIqs2e5FeC5armu/fsxCQ5raG3r9czp0/XXFSsahatLVqxU/HBTm7Z0uyveNMxh+NUwJG1KTSiM5rlmfJJWr13ndI7HutJ2pCttR7qWLF+hqddP1g2TJ3nlOwMAAAAAcO78HTKGVsv90a5H3z2keW8f8LngsUZ5pfSv3DNa+GWRdh0v9XY5HjH1+snNHtlVYLXqiWee1RPPPNtke2rGfscBWd3gMsJoVHTUIIf7OWvZdkdoqEG/m914jsoCq1XrP9jQ4vN6Am2+7SPUYND8ufc165him02r167TgwuTlW2xeKgyAAAAAEBLED6ikfKKSi1JzdVv/2ePNpudt/v6kh9Ol+uvmTa9ctCm3OJyb5fT5ubPvU9TJ09q9nFpO9L1xNPPutzH0UrWRmPvRi3Ilzhp5XZ0fHMkjklQvGlYo+1r1r3jcESmtziqEZ6ROCZBLzy1SEZj72Ydl22x6MGFyQTFAAAAAOBDCB9Rz4Z9BZr66m6t/Ow7b5fSIl8VluqJfUVam2OXvazS2+W0qTm3z9YLTy1qdghWM4eiIwVWq8ORYlckNG7XdtbC7axtuzmcjXTz5uIz8K54k0l/fXmxbpk+rVkhZLHNpjVr13mwMgAAAABAczDnIyRJe3NPatknedp9+KS3S2kTW74/q+3HquaDHN830NvltJl4k0kvPPWkCqzWqvnu0tNdLs5RIy3d8QIuzkLJDPMBLViY7HZdaTvSNfX6yW7v31CE0ahbpk9rtECLN+ZMdOd5uuOapHFNLsbTnGd8IQo1GDRzxnTNnDFd2RaLtqSk6iuzucn5N7ekbtWc2xu38wMAAAAA2h/h4wXOeqpEyz7N0/tfHvV2KW2uuLRSb2XbaxelGd7D39sltZkIo1FTr5+sqddPVrHNpvUfbHC5srKzQM1Zy3Rz583bkrq1VeGjVDW35ebU1EaLz7RnAOlqBGeig9GgrkQYjc1edRzOxURFKaY6UMwwm/XX5SuchpDFNpuyLRbFREW1Z4kAAAAAAAdou76A/e3zI/r1a7vPy+Cxrpyici0+YNPSQ6dVYK/wdjltrmZ02JzZs5zu4yhUc9Zy3RLZFkurzxVqcLz4THtyNhJUkuKHEyT6ipoRwK7asW3M+wgAAAAAPoGRjxegjw8e17JP8mQ5dtrbpbSrHcdKtONYia4fGKQpA4PUydsFuWFzSqq2pG6tN/rvlunTNHPG9Eb7XjM+SUtWrHT73K6CtpbYkpJaOzKtpWoWn2mr1ufmWr9ho8PthpCQC24U3cQpUyVVjeCMMBoVEzWoTVqZXZ0322LRkuUrlWOx1C4aE28apheeerLReUINBvUxGhuNlAUAAAAA+BbCxwtI5g/FWvZJnj77ptDbpXjVB3lnaluxE40B3i7HpQKr1e22Y1ctw44WqXHWcu1qrsLiYpueeMbx6tlp6TvbJJyaP/c+3XrHXa0+T3O99OprTp9ha1vKO7ICq7X6ubTtAk6Ozmuz2ZrVZl/gIniMvsDCYgAAAADwVYSPF4DiM2Va+mme1u343tul+IxjZyq0/JvTtSFkbNeO/Y9Csc2ml1ysDN1w1J6rluup1092OcovOmqQw7n2as7Z2hGCzhaf8ZQCq1VLVqx0OhLUEBJyQYePbam4DVuhXYXFRmNvhRoMbXYtAAAAAEDLdezEBU36+87vteyTPJ20l3m7FJ904KcyHfipWOP6BmrKwCB19ff9Zuw1695RhvmALqmegzDbYlHGfrPLYKfhStfOgj2jsXeT4WFiQoLThT7aovVacr74jLtcjYiru8K0rXphElfm3D7baZBVXNzyMK2lc2TabM2fLsHV/IdVbf3129xdjaJtj/PWlWE+oLvnPaD44SaFGgwqsFr11X6zy3NNSHK9yjgAAAAAoP10qqysbNteOviEtG9PaOmneTqYX+TtUhoZM3KAirt383YZjQR16aQpA4M0sV+gt0uptXrtulaPALw8YbQef+RhSdL6Dza4NS/knNmzGo32czT/pDO3TJ+mCeOTtCV1q77ab3Z6TExUlCIijJo6eVKjlaHTdqQ7bfGWHM8FuGBhcr35AlvL2fyajuYmdCQmKko3TJ5Ur4295lh3nmPdd7dgYXKdVmXnQg0Gvfv2GknSkuUrlGE+0CYLC9V93p46b4bZXC8cbglDSIhWLV/KyEcAAAAA8BGMfDzP5P5o17JP8rTZzCIMzXWmvFLvWOy1rdiX9vT3dkmtFh01SPPn3lf7s7uhnKP9mjP/ZM3+q9euc7lPzSrZ0YMGNQofW7L4THPqc8UQEqI5t892Ovelu3MTZlssjcLC5sxrWHdkobvH1H13bbEKuSOeOm9rGUJC9MLTTxI8AgAAAIAPIXw8T5RXVGrZJ3la+dl33i6lw8uzleu1r236eS9/TRkYpH4hXbxdUotcnjBa8+fe16GDmPlz79Pv5t4v22n3Wo2Nxt6tXv34mqRxmjljuiKMxladB+2rJmi/0FYlBwAAAABfR/h4Htiwr0DLPsnT0ZNnvV3KeWX38VLtPl6q/+gfqCkDg+Xfuf1rmDljuhLHJGhLSqq+MpudzrVYwxASosQxCZowPqnRSEKpajGXuitfH7VaWx3WeVKE0aip1092u/W8j9HY7PuJNw2TwWDQJSaTEsckEDp6UbzJpFXL3lDajnSlpae7Ner18oTRSkxIcDpKFQAAAADgXcz52IHtzT2pZZ/kaffhk94upVl8dc5HV3oEdNaUgUEa2yfA26Uo22KpbcfNzrEoJrpqpFeE0ehTwVmxzaYcN1tzfa12+I6681zW/b4bDAZGOQIAAABAB0D42AFZT5Vo2ad5ev/Lo94upUU6YvhYY0g3P00ZGKS4bgwaBgAAAAAAaArhYwfzt8+PaNmneSopq/B2KS3WkcPHGldGBGjKwCCFB3qhFxsAAAAAAKCDYPhWB/HxgeNa9mmeLMfcW3gDnvVZQYnSrCW6YWCQfjUgyNvlAAAAAAAA+CTCRx+X+UOxln2Sp8++KfR2KWigvFJ6N/eM0o6V6oaBQRrVy9/bJQEAAAAAAPgU2q59VPGZMi39NE/rdnzv7VLa3PnQdu3IJeH+umFgkCJDu3i7FAAAAAAAAJ/AhHU+6ujOR3Xixzxvl4Fm+OmMTSlZK7xdBgAAAAAAgM8gfPRRF4UUa37If+qFUSky9aU73pd19Zcu75quiNO3ylCxx9vlAAAAAAAA+AxSLR83omSlRhhX6t99ntCbh+J04nSZt0tCHSO75cqv+GmVnzrp1TqKbTblWA7X2xZvGualagAAAAAAAKoQPnYQ/1HxmMZdPEBv2R/ROwe7erucC15c2Cn1KvtflZzcLm9Nmro9fac2p6YqO8eiAqvV4T6hBoPih5sUbzIpMWG0IozGep8vWJjcZvW88NQiSVK2xaIly1e63Hfq5ElKHJPg8LMly1cou0GQ6khM1CDNuX222/u3xAtPLXLrftxVU3ONlj7/S4abFGE0Kt40rNE7BQAAAADAlxA+diDBZd/pdv/fKenn/6HVx2/W557JW+BC3+ByRft9pNKi1SrxUg1pO9K1ZMVKp4FjXcU2m9J2pFcds3yFpk6eVC/8yjCb27w+m83W5HkLrFbFDzcp1GBo9Fm2xaIM8wE3rlTZzP1bxp37cV/9qLql5617XLzJpJkzpineZGpVZQAAAAAAeAJzPnZA0aX/1mPdbtbjI9MV1dPf2+VcEAK7SAndMjTAfrNKi1Z7rY4lK1bqiWeedSt4dCTbYmnjilqmwGrV+g82eLuM80KG2awFC5O1OSXV26UAAAAAANAI4WMHdkXZq1ra///prvh8+XfhVXrKJV2P6rLOD6ry5NNereOlV187rwK79zZsbHGIisZeevU1pe1I93YZAAAAAADUQ9v1eeDGTg9q3KXxWnNqrjZ+E+Ttcs4bMaF29a1cq5JTm1Xu5Vo2p6S6NbLNaOytUIOh0eIzzrz79hrlWCxO5x40GntrQlJSvW0FVqu2pG51es54k0mrlr1R2x7uTLHNpiUrVuqxh/9Qb/sLTz2pDLNZm1NSHV7HaOytv7682GHL9rkahtW2IW9OTZXVeszhfrdMn9bkPblzP3WvVyPbYtH29J1Oa5Safv6GkBDFREfV/txUe/mSFSudzqUJAAAAAIA3ED6eJ3qWZmhu8GyN//l0rfphivbmV3i7pA6rV2ClhgR+qtJTS7w2r2NdxTab3nAR4hmNvTVz+nRNGF8/JFz/wQaX4Z9UvSCNi7kC+xiNmjljeqPtrsJHSYowGuuFZs6k7UhXhtncqIZ4k0lf7Xc8H2Ifo9Fl8ChJM2dMrz1nhtnsNHyse29fudivqfupmnex8XOaOGWqyzqbev4x0VF64akna38uttm0ZPkKp8+/wGpVtsWimKimnz0AAAAAAO2BXt3zjKl0nZ7vNUMPXmqWMYxsublGdftG0WdnqPTUEm+XUmv9BxtUbLM5/Cw6apD++vLiRsGjJLfCP1/w4iuvebsESVWhpq8LNRg0f+59Mhp7O93H5uS7AgAAAACAN5BOnaeuqXhG4wZ301tn/6Q1B3p5uxyfZ+r6o7qd/atKT7b96s+t5WqU4fy59zU5CtATXnhqkQwGQ5uMsCuwWrV67TqHIwfdERMVpaNWq9NRiy3RsN25pdryOdV1icnk9HtRXEz4CAAAAADwHYSP5zG/8pP6T7+5Svr5WK0unK2tObzuhgaGlGhg5/dUcupfKvV2MQ4UWK1OF2W5PGG0y1ArwmjULdOnKcJoVJ+IqlF9hjYKKl21CrfEexs2asL4JEW0YPThnNtna87ts1tdQ9325rbS1s+phqvnFBra/mE0AAAAAADOkEZdAAaUbtMjYdt09cjb9bfvrtE31jJvl+R1Yf6SKSRd5ScX+8S8js64Wr04McH1wiIRTuZr9EXFNptWr12n+XPv83YpHUKG2fkI3WjmewQAAAAA+BDCxwvI6LLlGt13ud7vu0grvx6s0yXeXsPZOy7rlquA4qdVfvKkt0tpkrO5HiXVjmb0pALrMa1Z947LfRyt9NwUo7F3ozbpLalbNWF8UpuPFow3mZpcJbq1MswHmnxO1ySNa9HIzoYKrFan93NN0jivtOEDAAAAAOAM4eMFaIqS9UtTlN6yPaT1h8K8XU67iQsrUq+ylSo5uV0dZS3wbIvF6Weeaumtq2Y+RldumT6t2bXMnD5dS5avkO306Xrblyxfqb+8/Odm1+ltGWazy9GIUlVI29rwMdti0UtOFugxhIR0mJGuAAAAAIALB+HjBapbuUV3B83R+JGTtco6XTu/83ZFntM3uFzRfh+ptGi1T7dYO3K+rlzcJ8KoqddPbjRaMNti0foPNmjq9ZO9VJlvybEc1oKFyZJct1objb31+CMPt8nISgAAAAAA2lJnbxcA7xpStkFPhd+shSN2q1/38yuLDuwiJXTL0AD7zSotWu3tctDAzBnTZTT2brR9zbp3XLabX0iKbTaXoyqNxt66Zfo0/fXlxW2+ojYAAAAAAG2B8BGSpF9WLtabkdP1X8O+93YpbeKSrkd1WeeHVHnyaW+X4jHnQ0C3wMECM8U2m5YsX+GFajqe07bT6tSpE/M8AgAAAAB81vk11A2tVKmb/BYo6bKRWnPybm3KDvJ2Qc0WE2pX38p1Kjm1Sef7cjo5FovH532MNw3TC0896cHzm3R5wmhtT99Zb/uW1K3tMqdlW7ll+jSvzLdYs0p4cXGx5tw+u92vDwAAAABAUxj5iEb6lO/R/NDZev6yf2tYn47xFekZWKkrun6insX/pRLbJm+X02ZcBXDZOc4Xo+lIfnf7bBlCQhptb2oBlwtBTVv1LdOnaerkSQ6fkySt37BRBVZrO1cHAAAAAEDTOkayBK+4tPwtvRwxQ/PiD6p7cBdvl+PUqG7fKObsDJWeWuLtUtqcq3n80hqMFnRkS+pWZZgP1P7lavVsb4kwGllgxok+RqNmzpiumTOma87ts/X4woed7tvUquQAAAAAAHgDbddo0q86PaVxQ3rprTOP6e+Z4d4up5apa6G6nf2LSk+evyPkYqKdh481C5G4Gh354iuvNtq26f31ra6rwGpVgfWYJCk6alCr5xycOWO6Nqemylp9zvNFWz+neJNJ8aZhyjAfaPTZltStmnr9ZBaeAQAAAAD4FEY+wi0hlcd1R+B/643LVuiKSO/OpjgwpES/CP27Qk7drdKz52/wKFWNCow3DXP6+ZLlK72y8MzmlFQtWPioFix8VL+56RZNnDK11SPvHC0+09E5ek6tbSd3NbfkkuUrW3VuAAAAAADaGuEjmiW6PFWPd79Vj434TIPC27cVO8xfurxbuvqcvlUlxf9q12t70zVJSU4/y7ZYdPe8BxwGWh1tNeyaxWfgWs3oR0dqRsMCAAAAAOAraLtGi/yicol+MWCJ/nHRU1r5dZTKyis9er3LuuUpoPgplZ886dHr+KIJ45O0fsMG5VgOO/y8wGrVgoXJijAaFWE0qk+EUUcLrG4vQOIqpLTZTjdq8bXZbI1Wp24rv7t9tjL2m2U7fbrNztkeC7FYjx1r9JwKrFZtSd3qketNnTzZYeu1JK1e+45eeKrjrBQOAAAAADi/ET6iVX7bZaHGxf9Ma4p/r//7NrTNzx8XVqReZf+rkpNpqmjzs3ccjz/ysH43936XoVzV/IJWZbg58K3AatWade/oq/3OD8i2WLRg4aPNqrUmdEvbke50nyXLV8pgMGjmjGn15qysWXxmzbp3mnXNhtJ2pGv9ho2SXK+aPXHKVEUYjUpMGK05t892uI87z2lzSqo2p6Q2u84nnnlWBQXOw9Ecy2EtWJisObfPqp3LcfXadS7D3wyzWXfPe0AGg0EvPLWo2TUBAAAAANCWCB/Rar0qvtG8kLs0/tKpWlVwo/Z93/pz9g0uV7TfJpUWrVJJ60/X4UUYjXrh6Se14JFH22xUYIHV2qLAzJ3zNjX/Y82q21/tH9ZowZyZM6YrLT3d6UhPd2RbLG63HxdYrS5XAffUc5LkMqCVqkalZpjNstUZnZphNje5arkvrmoOAAAAALgwET6izQyvWK8Xeq/X5t6/15vZo3SsuPkL0wR2lkaEZajy5NMq9UCNHVlMVJReePpJvfjKq60K5jqC390+WwsWJnu7DAAAfEZRUZHsdrsqKz071Q0AAB1Vp06dFBwcrLCwMG+XggYIH9HmJugl/TI6QG+XPqO3vu7j9nGXdDsqw+nFKjuZ68HqOraYqCj99eXF1W3FG5zO+9eQ0dhbVyQkaOr1k2u3RRiNniqz1eJNJl2TNM5jcyYCANCRFBUVqbKyUr169VLnzqwXCQCAIxUVFSouLlZRUREBpI/pVMkfn/qk07vvVemRDd4uo9XyOiVozU93aevhwNptY0YOUHH3brU/x4Ta1bdynUpsm7xRYpvqERKpaZe90W7XK7bZlLH/XBuuzWbTUau1dn7AmKgoxURHtWvQWGyzKcfNtt+aRXIAAIBzVquV4BEAADdUVFTo+PHjMvLfmT6FkY/wqIGV6XqkW7rGj/hP/S3/Wn177NyyMT0DKzUk8FOVnVrCvI4tFGowKHFMghLHJHi7lFqhBkOjeRwBAEDLVVZWEjwCAOCGzp07M0WJDyJ8RLtIqPybEi76m9ZH/FFfVl6kUd2+UaeTf1TZWW9XBgAAAAAAAE/hj1DRrv7foP2aO+KsLgnd5+1SAAAAAAAA4GGMfES76BI+UkFx8+RnHKsYSTG6WD8zjtfu3NU6XLjD2+UBAAAAAADAAwgf4VGdAnspKO5+BUTd0uizXoYYXTv0ceUc/0y78tboxGlWuQYAAAAAADifED7CYwJj71Rg3Dx18jO43C+615WK7nWl9h55R7vz1qi8orSdKgQAAAAAAIAnET6izfn3najAuPvVpdvFzTru0v7Tqlux1+jrgo88VB0AAAAAAADaC+Ej2kyXrnEKjLtf/hdd2+JzGAJ66arB8zTYmKTdeWv0/cmMNqwQAAAAAAAA7YnwEa3WqUuwAuPuV+Dgu9rsnBd1i9f1w59XZsEm7cpbLdvZ42127o5u4pSpbu0XExWlv7z8Z7f2Xb12ndase8ftGja9v96t/bItFi1ZvtLt89aIiY5ShNGoeNMwxURFOd1vc0qqtqRudeuc1ySN04TxSS2qreGxDXninQAAAAAAcD4gfESrBAy6WUEX369Ogb09cv64iIlVoyBz12jvEffDMVSFawVWqyKMRq/VYLPZlGE2N/u4usdEGI2aOWO6rkka12i/AqvV7fPHm4a1uLaGx7aUL7wTAAAAAADaU2dvF4COyc94pULHvqvgEU97LHis0aWTvxIG/ZemXbZUMb2u9Oi1zjdpO9K9XUKrFVitevGVV7VgYbKKbTZvl9Nq58M7AQAAAADAXYSPaJbOREoqAAAgAElEQVTOhoEKHrlYhsQ16hL+83a9do+QgbombqGuHfq4eoXGtuu1O6r1Gza6tZ+7I/EMISFtNgqwuTLMZr306mteuXZbjlR0t00cAAAAAIDzQafKyspKbxeBxk7vvlelRzZ4u4x6AuPmKShunqRO3i5FkpSR/y/tzlujkvLT3i6lVo+QSE277A2PXyfbYtHd8x5wa9+/vPxnl/Mm1pVhNmvBwmSHn02dPElzbp/tdo2SVGyzKcdiUXaORUtWOJ5f0WjsrT7V4d5Rq1VW6zGX53zs4T8ocUxCvWssWb7Caag3Z/YsTb1+stPztdU9e+qdAABQUFCgiIgIb5cBAECHwO9N38Ocj2iS/4CpCoq7X50Nkd4upZ74fr/Wz4zjtStvjQ784FtBradtSUlt1r4xzQwNHTEYDM0+JtRgULzJ5HKfCUlJmjljeu3PBVarHn/6GeVYDjvcf3Nqar3wMdRgcDkyMSa65SFfc+7ZG+/EkQKrVQUNAlyDIYSwEwAAAADgFbRdw6ku4ZfJkLhaISNf9rngsUaQfzddGXOPpl6yWAN6jPR2Oe0mLX1no22XJ4x2e19fFmE06vFHHnb6+XYfvR9feSebU1K1YOGj9f5asnyFx64HAAAAAIArhI9opFNgTwVf8qRCx66Xn3Gst8txS0TYxfrVsKeU9LMH1TWor7fL8aiaFZMbmpCU5DDsKrBalW2xtEdpbSbCaFR01CCnnzu6f2+6EN4JAAAAAAAtQfiIegJj71DYNZ8pIGqmt0tpkZ8Zk3TTz/9XPx94i7dL8RhH7b2GkBAljklQYkKCgyOk9R90vLb0UBctz74WPl4o7wQAAAAAgOZizkdIkvz7TlRg3Dx16TbU26W0iZ8PvKV6PsjV+tbq/lx8HYGjlt344VXzKl4y3PH8ir7aqtxS0T42fyHvBAAAAAAAxwgfL3BdusYpMO5++V90rbdLaXNdg/pq/M8e1M96j9fuvNUqKMr0dkmt5qy9t2Z0XU27csPFWoptNqXtSK+3UIuvyzAfcPqZq1GRDW1J3eryXK0dRXkhvRMAAAAAAJqL8PEC1alLsALj7lfg4Lu8XYrHDegxUgN6jNSBHzZoV94anSk96e2SWixtR7rD7XUDrEtMJocrRaeld5yga/XadU4/c7aIizObm7EKdUs4W+W6Pd7J5pRUWY/VX9naUdBaYD2mNeveabT9lunTWnxtAAAAAADcQfh4AQoYdLOC4u5Xp6De3i6lXQ3rO1mDjVWjIDPy13u7nBZx1KobHTWo3kjAa8Ynaf2GjW4d60uKbTblWA5rS2qqy8BwQlJSO1bVNEdhX3u9ky2pqS5HddYosFodBrqEjwAAAAAATyN8vID49f6FguLuV5eeP/d2KV4T0CVEiVF3Vbdir9Hhwh3eLsltzlZIbhjGxURFyRASItvp0/W2F9ts2pySqgnjfSu8W7PuHYej8hyJNw3zqdGb5+s7AQAAAACgrbDa9QWgc8gABY/8swxXvHVBB4919QqN1bVDH9c1cY+oR8hAb5fjFndarl1tk6rafDuq6KhBeuyRh71dRj0X+jsBAAAAAKApjHw8zwXGzVVQ3P2SOnm7FJ8U02usYnqN1d4j72hX7mpVVJZ5uySntqRudbj9xVdea7TN2SIq29N3qthma9aCLb7gmqRxmnP77BbVPWf2LMVEO18dOzvHoiUrVraorgv5nQAAAAAA4A7Cx/OU/4CpCoqbp86GQd4upUO4tP80De6dpN15a5RZsMnb5TTirL1XkjLM5madK21Heodo8zWEhChxTIImjE9SvMnU4vPEREe16nhnfOGdXJPU+NlkmM2N5oE0Gnv73FyZAAAAAIALA+HjeaZL+GUKipsnP+NV3i6lwwkN7K1fDr5fP6telOb7k/u9XVItZ+29LTpXum+Fj/GmYfUCtEuGm2QwGBQT5Xy0oi/whXfi6JjVa9c1Ch/7GI2aOWN6i+sDAAAAAKClCB/PE50Ceyoo7n4FRM30dikd3kXd4nX98Bf0dcFH2p27RraS494uyWl7b0tsT9+pAqtVEUZjm5xvwcJHZbOdlqG6bTgmOkpzZs9y+/h4k6lDBmO+/E4AAAAAAPAVhI/ngcDYOxQYd786+TFnXFu6OOLa6lWxV2vvkb97rQ5X7b23TJ/m9DhH7bc10naka+r1k9ukPkn16sswm5sVPnZEHeGdAAAAAADgCwgfOzD/vhMUGHe/unQb6u1SzltdOvsrYdAsDTaO1+68Nco5/lm71+Csvddo7O1yxGC2xaK75z3g8LMtqVsJulrB2TuJjhrEOwEAAAAAoA7Cxw6oS9chCoy7X/4XXeftUi4Y4SGRmhC3UIcLt2t37hodt2W327XXb9jocPsVCQkuj3M1Z2K2xdLsNl/rsWONRu3ZbDanI/k6iuJiW7OPcfZOLmliYZu2ficAAAAAAPi6TpWVlZXeLgKNnd59r0qPbKi3rVOXYAXGzVPg4Dleqgo1vsr/l3bnrVZpub3e9h4hkZp22Rttco0FC5NVYLWqwGp1+HlMVJQMBoPm3D6rUai1ZPkKZVsON7nqcqjBoOefWqTsHIu2pG5VjsWiYlvzw7iGNr2/XlJVe/L6DRuVtiPd6X3UvRdJeuGpRW5fZ3NKqrakbnV5n6EGg6Kjoho9p5pjm7rneJNJ1ySN04TxSe36Tlq64I6j+jrCAj4AAOcKCgoUERHh7TIAAOgQ+L3pexj52EEEDLpZQXHz1CmIUVG+4JJ+v9bPjEnanbdGB35wPAqutZoKqWrmHLQ5CM6yLRa3RiQW22yy2WwqsFqbvF5LFFitWv/Bhib3czZ/ojvnb6ruYptNGWZzo+fk7j1nmM2KNw2r/XtX2vKdtFSE0cjoSQAAAACAzyB89HF+vX+hwLh58us5ytuloIFg/+66MuZe/az3eO3KW60jP33p7ZIAAAAAAAB8CuGjDwu+7M8KGPgbb5eBJkR0vViTTE/rG2uKV1fFBgAAAAAA8DXM+eirKsqkzmTDAAAAFzrmrgIAwH383vQ9nb1dAJwgeAQAAAAAAEAHR/gIAAAAAAAAwCMIHwEAAAAAAAB4BOEjAAAAAAAAAI8gfAQAAAAAAADgEYSPAAAAAAAAADyC8BEAAAAAAACARxA+AgAAAAAAAPAIwkcAAAAAAAAAHkH4CAAAAAAAAMAjCB8BAAAAAAAAeAThIwAAAAAAAACPIHwEAAAAAAAA4BGEjwAAAAAAAAA8gvARAAAAAAAAgEcQPgIAAAAAAADwCMJHAAAAAAAAAB5B+AgAAAAAAADAIwgfAQAAAAAAAHgE4SMAAAAAAAAAjyB8BAAAAAAAAOARhI8AAAAAAAAAPILwEQAAAAAAAIBHED4CAAAAAAAA8AjCRwAAAAAAAAAeQfgIAAAAAAAAwCMIHwEAAAAAAAB4BOEjAAAAAAAAAI8gfAQAAAAAAADgEYSPAAAAAAAAADyC8BEAAAAAAACARxA+AgAAAAAAAPAIwkcAAAAAAAAAHkH4CAAAAAAAAMAjCB8BAAAAAAAAeAThIwAAAAAAAACPIHwEAAAAAAAA4BGEjwAAAAAAAAA8gvARAAAAAAAAgEcQPgIAAAAAAADwCMJHAAAAAAAAAB5B+AgAAAAAAADAIwgfAQAAAAAAAHgE4SMAAAAAAAAAjyB8BAAAAAAAAOARhI8AAAAAAAAAPILwEQAAAAAAAIBHED4CAAAAAAAA8AjCRwAAAAAAAAAeQfgIAAAAAAAAwCMIHwEAAAAAAAB4hJ+3CwAAAAAAdGBnflLekUKV1G4IUGjf/upj8GJNF6jiH3J01FZnQ1C4BvbvrgAvnQcAJMJHAAAAADh/2AqU94OtThBYJaBrhAYanaWBpSr+4bv6YZMkGSIU27fpBLHkyMd67vdvKat2S3dd/8fFumdk92aV3hGU/HhEeScaPl0nuhjUp1+EQluZ2DUKAiXJEKGBfQ31w8Dyn/TVO3/Un7bW2Xn4nVr26HUaGNSMC7bVeQCgGuGjL6ook91mV1lRgbKsRQozxqpfrzAFd8A/ZrJ+/KJe/LifZj07Q3ENPzSv0oNrzuiGhXcqMaz11yqz5+vwIauKJIUZ4zSoT7D8PDKxgFmrHlylE9f9QXPHhdf+fGZqsu683NGNlMleZJcCa96hVSkvvqhtMffoiamRkqqf0xexuuexGxTZkpLK7Mq3ZMpqk4LDIxXbP9xD9w4AAABfdiLzfT34pw91osH2PpMe1euzRiq0i4ODygv1+Yo/aPGu0nqbQ8c9pOX/PUY9HB1zQbIpe9NzmvfOEfd2N4zRH15+SOOMrbikoyBQknperUUv3KPRPVtxbgBoJ4SPvuj4p3r9xU2y1t3WOUyxk+/SnVe05jeXl1TkK98qxTkqveKU7HZJrQwfrVtf0csf5qvML1hhXewqOivJL1I3/P4eJXroF3J+/veSwmt/PmVzciPW6vcZf6uev8VUu9luK6q/n+2UGmxxz9EUvfLqJuVX+CnMIBUVlUlhl+rW+TNkCm7JCesr+3aT3viwVJPum9SyYBQAAAA+olR5Hy7SHUv2V/3YZYjuXLxIv+nfurMG9L9aDz1h0LKXlmrnqdZXCTf8uFtffPuTRvesM7q0S3ddMi1Zfwhbqmc/yGn5uavP88fuS/Wn9a04DwBUI3z0YcYJ8zX/aqNUUaS9b7+ote+v1MaoP2jSRd6uzMd8v1ErP8xX+Li5mnddv6ovdYlV5oN2xfjCnwT2ulQ33BSuMmNM25+7JFNr39ikfON4zb13ovr5SWXfb9Lrr6Zo1apIJd+V2NpcV4W5+5V7xNiyYBQAAADtqkfcFD35xAC9/dJSfXFKkvw14qaHdMe4OIXKpoM5353buTxHB3IKNTkyXL+Y+YDyjj+ndy01xzygO8YObzzqscSmo0VSn5512rGDumtgdH8NMKjp8LHcphO2APXo6u96P9tPOqHu6uHuvJHlpTrxo02Gnt0V0KXB9lNSjx5NXK/6mkfLDerTVG3VBo6dolHlO/TuFwVVGwKide2vhuhoyofa5+Q5FJ/4STJ0d78Vu0t3XXLjQ7rT/pyW7qg7+vEnpe/I1IlR9UemhvaN1sUDeihAatR671ipiq02BTR4bqF9oxVzkYPzlJfqxKkS9XDzxRRbC1TaNUI9mmjXLrYe0dFTJZIC1LN//yb3B9CxED52BJ3DdOnYUdqYsU3Zhwqli8KlskKZP9mm/cftCosaq6tG9VNYZ0knc7VtV74ixyYqMkBSiVWZB/NlD4vUpTFVo/SK8vYq63Q/DY8zyk9lKvw2TWl78lUUFqOxY0erX3VaVZZnVqYhTqYeduVnfq38oghdnBCpsIoi5Wfs1K5Mq9RruMb+0qTwut+konztTd+l/ECTBtnL1OTXrKxQWZ+ladcpY+31y6xZSjtUJNMVlyq8pn34RJb25pap39A4Gev+si4sVKEkU99+564UYJRpRJ19SgqVm5WlrEPZsgb006gxiYrtWb33yVztzfdT3NAI2b/9UnvNVvnHJ2psTHidE1Q/J3Op+o30V5mzW/kxS1/uNcsaNqr2nRQdyVWRgmUMa94wxKIjO/Xp59kqCjQqxjRcl8UYG7VSF+1K0V5bsEbfVBU8SpLfRRM1dmiK1h7MVb4Sq9rdq99J5nHJaBqrq0zh1c+qTNbM/ToVcali/fKVuW+vMs/206grLlW/4KrvSub3dklFytq3V6VBNd+bqntN27FL+UVhivnFVRrdv/qLU5Ir8zdhijOFy34kU1/nn1JE3GhFdmvW7QMAAKAlDBGKHXqZrhzqry92lEoqVbF6VM33aDukg4d+qrNzqb7LtapEEQrtYVBpTbbVJVqjx4xUbN/qEK7cprxd7+nN1f/UF7Udx/6KnfBfuvem63Rxj6aKKtWJgx/rzdVv6aOD5wK0HkOv1m+nXKeJo6Kr2sFP5Wjr+2/rzX/u0dGanYKiNW76TbrtupHqE1SqvK3/q2WfHKkOxAJk6B+nwSW79c/Nh1Rc9QA04sZ7dc84g3a9s1RLt9UU3F1XzH5A/33tcPWo+98SZwq088O39bd125R1pub++2vczDt1168a7FtPd4345XW63nZCm74oqLp2z+Ea9x9jlZf1ofbtP7dn8ZE92vDOm3pzW5127f5jNGPmzbpxVH/HrfB1hHaVfjzScNJH6cTOT7Xvx5EaZ2wiLC236ev1S/X2vhO1z61H/ziFn/hUG744UhsuDhx3px6YdZ0u7urgHAV79O7ij5W6I6d6f39dPPUBPfDbMRpYL4cs1dE9/9baf/6j3ruW/NVnxFUa98urNWXskPqhdrlNB99/UskbCyRF6DfPvKQ7h7JaEXA+IXzsKAL8VfsrxW7WqudXydw5UqbBwcp8/xVt2z5R8+8bL2PnfO3f/J6yuo/WrJ/7SVkpWvn2XqnbWIUvnKRIFWrnv9ZqU/gMXRpnlPXj1/Xix6cUOTRWYZZNeuWz7Zr4wFyNN5Ypa8c/tOrLSF1qytXeDLs06AYlJxhlfvtFrToYprj4ftK+t/XsF8M16+EZigtQVQvwy5uU7x+msKC9Sjtpl+SqVdyqTa8+Kz9DmPztRdr72S7d8PA9SlSudm7YpKzg4VX3ISn387Vau/ti3Tkirv4ZBwxSP5llfn+pNvrdoGuHNgzpMrX2jyu11z9Mxr7h0g97tfezvdX3Kem7T7V2VbbCwkpVZPevatvevkvWO57QjYMlyS7zmme1KqNUwd2CtffLIoejAIu2v6E/brbL3yDZbWna9X3VnI75e97TP7bbVdag7doV69ZX9OKHBTLGDVe/kkylrtol6+8aj3rNteRKMimmwaDKuKtnaVZSv6rg0W7Wqj+vUqYhTsP7S3vfflbb4mcpeXqc/FSo/RvXapNto8LsRbIbgqWibUr7xq7kuxOVv2ejPv22SJK/srZt1P7g8YqMMyr8aIpef3mTTvU3KbZrrjb9zyJtnzhfc8cZVZazS/9YtVORl5mU+6VZdkXqhuTRtGwDAAC0l4BwDYgeIO2oapnNO3RIR0ui1ed4pvY1mK4w72COjp4ZroEncvTtj9Ub+w/X0F7ngsevP1isB9/c02AkXamyNi/Vgyf89fqDV2ugs1rKbcr6cLEeWranOhw858TBj7X0iDTg1Xs0wrZNf35isbZaG+x0Jkdb33xSuzLv0eL7L5fth/3aWfcm9u3RF/UOsGnfP5/THf9sWMhP+mLFc5LhJf1hfETVQi1njuij15O1eNtP9XctP6Ktb/5RR8tf0vM3RtdZ1MWgi296Te+Oq1oAJrRvuLSnwWX8B+jKOS9p6JkA9ewfobP739T9T76vvIblHNmhtc/s0dczFyl56hCXAWRx7p7a0Ddg5I2aXP6+3t1XKtn26LMDhbrCGNHEKtSlKszdo5376oSB+xoWLuVtXapH7f56/fdXq0/DE1r36KN676ZUX69/TovK/6TFtw2vqr/cpqz/W6yHVjR+11Kpju77WGsLDBoxcoh6OAo4AZy3WJKiQ7DL/HGaChWumCHhyk/dKLMtVjfOv0e3Tp+l+beOVvD3m7RxX5kU1k+R3aTc3MOSJOuRXCkmVpEnrSookVSRq/zvpciYWKlkrzZ+nK9+v5qne26doVvvvVVjw/K17bMsSX6KG5uo8IpM7T2eqLlPP6/n705U2Pcp2pghjb51vmZNn6FZ992gONtepewqklSmvR9tUn7gaM16IlnJC5/QvKvDXd2YpGCZpj+hp5OT9cRDk9SvIlfbPs+XjLGK6yZlmvdXjzK0KutQkTQ4TrENT9FtrGbdlijj2SxtW/WiHnl0kV5fv1eFtcMT4/Tbx57W84uSNf/uezR//iT1q8iX+UBhvWfcdcQsJT/5hJKTb1Sc7DqcW/3b9fsUbcywq9/kh/XEwmQlPzFDjiJEe9ilmpX8tJ547GFN6i/Zs7NklRQ39Z6qkPNogRr+u5Rjhdr/Vb7U8yrdOmuGZtx6j/6wyHG7fWlF1f/6N/gnOfiiOMVVj0TMT90oc8Vo3frALM2YPkvzfh0n+5cp2lkvQe2niQue1tPJT+iuK8Okw1nKlRQ3NVl3XWWUdJGuvS9ZyXckKrzmPV80SfPuvVUzbr1Ht14RpvxPtilLkl/cWCX2lDL3nVDivKf1/PP3tMmCQgAAAHCXv/oMGaI+1T+VHM7RUVupbD8c0XflDXbN3a+sE/U/6zEkTn2q216LD72n/6kNHg26eMKNuu3GsbVhY8lX27TPWipnig+9p8V1gsfQoVdrxk1TNLruaILSAn3x9tJzwWPPkbr+pps1Y2z0ufPseEvv7jutPkOv1rVDG6yi3WO4rp92o8ZFNbi4caR+M22Krqid09KmXV98qaMlUk14+npN8BgQrXE33qwZE4bUBnlff/6l8hoPOFRo32jFxkarj8HBiMMu/urRP1qxsf3Vw5ahtUvPBY+hQ6/WjJk36tohNceVat8//qHPf3D+/FRu08EdO6pHgho06sqrdO3Y+OoaS7Vrx34VNtVf3cWgAWNu0LioBqMJAyJ08dAh9VawLt7xvj7KcnDTktR3pH4z7UZdG3vuvvN2bNfB6hbz4qz3tLhO8Nhj5HW67bbbdFudZwrgwsTIRx9m/fQNLUqX7EVFKqvwU7/r7tGkiwqV8vdCyThKg2q6eOPiFKOdyrYcli6L1aBIadt3uSrUIB0+UqhI00RFfP+e8nKl0cpWtsKVGBMmZWUqs0KKLMzS3n1VpyoLk+zf5apQsQrv7Cc/Saarz7X0Fh7KVqH8dLpgr/aekaQiySDlfpcvScrMlGSKU1xNGNa5qa9YmPpdVH0j3eJkMm7Uph+tki7V8PgwbftivzIrLpXJlqVMqxT3y0ZrZledZegNmv/keOXvStF7H+9U7va1evabXN15/w2KDZD8Au3KP5il/KJS+QcWyk+Svbxu87RRpoTYqtb1gJB6/2BU3bNRE4dUJ2idHbc1GE2jFRtWdU/h4dK5XpHmClfc4HBt+jRFb/yPXVdNHKvEweEO/2FtGDo2VqjMbwulgNOyZuyVXZKKpGDlKvc7KXFo9W4xozW6ug09OLip9vCsqvfcv1BZ+/ZWbSrrKtnzlfujFNtT8usiyTReEy/i/2IAAAC8IXRAvC7u+qGOnpL0Y6YO/lCogMzM2mAooItUUi7pTKa+zilQn5yaz/w1eHB/GbqoaqXlzR8rq/qYPpPu12OzRqrHT3t0dOs25f0oqbz6L0fKbTq47dzxASPu1OKHr9NA/5/0xQ8fa6e1KuQqO/6lPtpVE3hFa8ZD9+u2IQapZIzCbQ/o9T2lkn5S+p483TZniu4JLVXW79+qPm9/zXjwId021KATg3/Svic/rlrpu8sQ3fnIQ/pNlHQ04oh2vVoVoJYcL5SttOq+U/+9vzZUHfffD+qBsREq2V+sLzYfqg4Mz8pFLNikowe26fOaQNV4nR568E6N7iFpbIzO/v45bT0l6UyGdn5bqGv7Rzg+iS1Hu/ZUzylpGK4r4yLUp3yMRgTs0c4SqeTLbdppvUrX93fVeu2vgWNu1F3+hdpXsxJ60Ejd/9JDura/v0pyP9SiB5dq5xlJOqJ9WSdUMrRBPT3G6o9/uldXGP1VPFI6+OA/q57RT1YV2kqlriU6uLX+u37+wes0MEgqPnhCH20+VP8/j2w5Wrvw93rT0rDWAr378C16t7ru0fe8puQJTY3sBODrSAZ8WNjgqzQpPkwKCFdkVD+FB/tJssrZhIN2e9UkJZFRkVJGvnIrDisvN1gRVw7XwMi12n6kUIXKlz04VjF9JB2v+lWav2+jNpprr6qwuH5yNl6xrLxUUpEyt21Ubk3w5RemyL7hkqy1I/FapdiuIkmRcRcr+LP9ysyWTGezlKtI3TDExVe2c5j6JdygexImKX/z63rl4zRt2jVesZfblfLqi9pkNSouvp+CVagiuf/lr7rn9tXvV3N1T9d/6B+b07RxWZo29hytWffdqLgGuWBQcLCkMp2umpvZgbKq70tRpj79v9zarX7dItWvV0urK6t6z9/v1cb/OzeZTVi3i9Wvyfl+AAAA0C7C+mvoYH9t3VMq6Yi+PnhIOljdu9tzrG4aW6A31x+SZNO+/fvV54fqgEsRiokMrfpXy1PZ2negpiXZoJiIUu378C199uE/9UVti/YQDXa2mEtpgbK/PdfSPHTM8OoRld11ybQ/6fVJpVKX7gr64Z/Kqhm913e4RvStHqEXEKGhQwdIe6rax0/kHtGPpSNVb/yeob8ie1Vt8TcYFFi7fYAGdK+qK7C7UQZVL5xSUqqz5VLxDxna9UP1vgH91UcWpb7ztjb8c1vtSMUeg8+NAG0+m47m5Jwb8TksXoNrWo27R2lE7bupmnezWBEKdXCWE4e267PqOgOGjtTFPf0VoDiNGuqvnftKpZL9+mJfga7t3795AV3fOMVWv7eAiOEaNVjaWf2v9ieOnVBJeYPwsX+cBlQvxBNgCFd4gJRX9UCrnuuZIzqYWfOu/TXiiuGteHYAzjeEjz4s+KI4XTqi4XyJ4QoLl/SDvWoUmySVnFaZpHBj1b5hMbEK107l7+unfHukLo/0U0RmmPLzc5VbkS/FjK1qXe4arjBJkVOSdesIuSW8e7ikMl11xx80sU/DT08pJFhSRQvDuopCnSiSgqOMVSs0x8QppvNOfZ2Zq6ySbMk4tnpkYcPj1GACAT/1G2GS8eN82e12KTNFm74P09h752vSQEkya9WXq9xsga4ZCViksrYIVt0WrMgrb9X8K8tUtPttvfj3ndq0I0lx4+rHwoOiIqX0TJkz7Br98zrJZEWRis6GKSy4+vtSfpXuemiiy9k33Rem8G6SBtyg5FsvbZMzAgAAoI0FRGjokHPBXdbObSqu/rPogMHDNWqkUanrq0b4Hd3zqT4/Vf3v8MbhGmqsCvNKztiqRk5Kkmz6YsVzDeZX7K/rZ/6qaoESR6s7l9hUVNvBa1CPrqG1AUeImHIAACAASURBVFlo3+jq6ZRKdTTnxLn5JINC681/GNqjzorLJaXOR1k2U+mpn87N415ySGtfeq7+Dj3H6q5fxzde7dtd5aWynTo382Gooc4c/l0CFdbdIKkqrCspLam6r4bXKrfp2z3bq0YqSirZ9br+87evN7rUvh37dfTq/vXap5vFP1RhXQ2Sql9WhXvrZNdTckJHawJpGdSnZ6jrMLRLgPoMG6kRoSWSSlT47SHlVS/4Exo5RLFdA6QuBsX0DGTUI3AeYM7HDsdPl42Ik07u0qf7quZZzE/ZpkyFy2Sqjpb6xCg2uEjZn5uVb4zUoAApckCklL9Lu76rnu9RkvrH6uJgyfzJJuXay1RmL1K+eZv2umgX9hscq34qVNrHe1VYUqYyW6Fy03cq0y5JsYobLOngNm06Ypf9+71K2dNUxFcme0mZVFGm/I83aac9XKNGVdfX2aTLTFJRdoq2ZdoVNiTWYXiW/+GzeuSpldq4L1eFRUUqKsrXzn9vk1XBGhRplPz9FawiWX8oksqKlPV/KcqUmgwT7faqeDdscJyMNfdsK1TWx2nKbuKu3GIrVKGt7jDWMyr80a6yijJl7d6p3JNVK4UH9+qqYEl+AY3/RNlvxFiNNkiZ/3xFa7/MV1FRoXL3bdTSpxZp0ZqdsstPFw/uJ/2Ypo++LFRZWZnsP+ZqZ3rmufDaoerRlPVqK1KRvUxSpGIHB1e95zy7ysrsKvrerG37nL/r/M2vaNGLr2vbEae7AAAAoE35q2fsENU0phQf2lO7mvPA6Gj1uShOQ3tWf2g9VPtZQHRcndWLnYVQBsWOvVl/fPlZ3TOqu5N9JHUJUEBtclQi25mzDs7o32Bao/qtziUlJeeOCfBvHNC1VLkct1QH9dcVU+/Ryy/dq3F9m1hFugn+dWo92zA0LT139QD/AMf39VOmvtj5k4MPGtj/qXa5mjeyKeVnVWQ7N8+j03pcKS2pauOXJAVKXZp4dkH9Ne6OR/Xck3/Sc08k646ra0ZaRmjinOTq7Q/ptpEuvl8AOgxGPnZAfpfN0Kzc17Xq7UV68G1JncMUO+WuOguSDFJMjJ92mvMVnPCrqsAuJlaxJ95TVkW4xsfUzF0Yp//P3v3HR1Ue+B7/ZCaZZBImTJgwgYFAQgL5AcEgKBoKbRSkokVRqlVaqq3b/WFve7vtbt22bu9uf3m97XVvb73b7drSpWLFolgqKILEQglGQSJIIJCQQEIgIYEhYzJkJmfm/jGT378hgYDf9+ulZM458zzPec7Jr2+e5zx3PZRH5dq3ePb7b4W2RTtZtDqPORP6uDXGLuKhe47wH3/6PU8d+H2oPWMzuTv1ZrDCrPtXM6diLW/9/Pu8ZbKRvngps3ZvpbzCy+3ObnOGx4xjXPSH7Pz5d9gJEOnk5oe/Eh6dGJJ54xysv93PEazcnNn7eslJtyzl5hOvUfjCs6FyACJtZN7z1+HVqhdx++T3ee3lH/CPL4Nt+lJuv7GRt05U4sVJzycc2oiPA0/DOVqZSqTzdlbf+SH/9vrveeoARDrz+PRCL68VV3KCWb2u4hxjtULdCU61grNHVzqZmmaDPa/x1A9O8aWnHiJzajo2UyGv/c/vc+qRrzPp3a288dKG9hn2tun38tlbexn2aUpn5ddW0vz/XmX/i/+H/QCmSMbNWMrjD90cOrcFD3Hvkf/g1Ref4jsvAkRiy7yblPn0cu5gjYsH6qirB1zgbG/bD3gtvGJ35mceIu/kWt76xfd5K1ync8GXyMt19vpF5XzdKTx1cKq3v4iLiIiIyIiIc01jegzhZ/m1SSI7I4kxNgtpKVHQ0DW0mjJtMuPCgaElJoEJ8UD4/ekrvs1XF+eQNjmuYzRabyP22kTFMS4xCk6EphcfO1JN06eSsHQ7fkxCAu2PTK+r5kwTZMUBho9zNR1/4E6YnITj8vLAjqYl2BkH4WnRSXz6a49z/42ZTGmbQn65IyzNcYxLHEfb6Mbz1XWcMwiN6vSf42RNW9gXxYRkZ6+j+84fe4eittGE5iTSs50dU7ONJk6UHA+Piixlx7tVfCZ12qWNEvRUU17V8XJcUsLQy4lJwNE+ePIcDec/grYJ8sM0WlVErl0KH0cj5+186+nb+znASuaKb/Hju7x4WsAaZyWy27TjOat/TJcJsbY8vvJUXs+SMu/lWz+8G2+Tl9ZIKzZrp1uij3Y4F3yFJ+d78XhbiYy2Ye38nck6i4e++2PubfKC1YY1Erjt9t7H2KbczRM/uBtoxesFq7Xn7RiZ/RDfuuccP3gziVlpvfdGpGMO9/7dHO4NtIbOg0isNmunm9vJoq/9mLwmD15T2znezu1tIx9nrebppzuXOJV7v/8093Y+5/yv86+3ePAGrNjiQiUvuqtt7yxWdy2A9Pv/hafv76j/9m89TeeeTF/xJE+v6LRh+r08+VSnGrOfZFFrH33cXcLNrP7uzbQ2efAGInveDyYneX/1JDd7PXhbu+/v2TbbrV/h6Vv7aRuANZN7v/Vj7m6rs1t/dy9z1ud/zL94YcC1bERERERk2FgSppE7Fd4t7bQxLpVsVxxYLF2mZYeEgsn2Hz3j08jOjGNTeGGYsnf2cGxuKsmJfs4cO8CO17dwMvMrPLE8FHr5u4dMliSyc6bBvlADzr/5W17ITuCLC5LxnzrAjj+9zrFpD/P3N3daHKdpH2/sLuWm5RlYqvew6e22Z1HGkZubGloIZ6h6eSzUmImzyZ24gZOnAWopevc4CzKmMcF8jvKSd3jjj/tIePjbPJIT1+O9Hfz4Gps6RmZerOXkseOMS0lmiiOKCRk5TOB4KFQ9uJ0dJbfySG4cZ/a9zhvtK7NkclP6uJ5h38VqinZ2TLlOWLCSr37hk2Q528JRN7v/7zf414JQuFm2czu7sxeTNS0Zn+Hrc8xqO3cVZdVuJkz8iA9efYE32qdMTyN3+iUs8BLjJHta273i5703d3F47kqyYmr54J19l74Wp4hcFyKCwWDwajdCpE+tJ3j1fz3Lkdlf54m7Jl3t1oiIiIhccbW1tSQl9bESrki/mij+7RN8e2OnZ99kPMKz/3oP6THwUfGvePz7r3cEQ/GL+Od/+wYLHB2Hf1Syjm//04b2VYx7cCzmu1+J49c/+WOPgCnrkf/LDxdU859P/M9O4VY3CYv456ceJW7bD/j2huN9HASWnEd45p+WYXnzSf7qt6Xd9trJSvdzuKyp2/YkslLPcbiiW/hoyeHxZ54g+/2nePzXB+nLmFse59lvLmZCb0lc3U7+9b8/w+7uVQJTHnyKZx7OYEzTcV7+yRP86mDfU6LTV/wrP/xCTtdnS/ZRdnu5F6vZ9MP/xrM9mh5P7gwvxUe71Re/mB/8/HGmH/8Vf9u22nUfEvK/wb/9dQbFP/tvPPNe93Ju4Sv3wQu/fYePuuyws/yfn+Fh/zr+9ifb+y0fCPf/k11W6P6orpozjU1AHGMmT9ZiNXJZ9H1z9NEzH2VUqtv+U/7xO9/hO995lkLrIh5aouBRRERERGRo4piamdllFeUp2dPag50xybNDi8W0mTiNpG4D/cZkP8C3v7aYHmtNtu1PSSIqou8WWJy38Fff/go3J/S1PwGCceTe9w2+kd97WGDJXsmTX1tGen+DEIcsivQ7Huef757W5/5kZ2/rTw9B3DQ+8/jfs7z3p0cx5c5v8O3P5Vz6ojbDzJKziu9/aVHvYesgJNy4ir9f3ld/9m+MczLp6Rmkpyt4FLkeaeSjjE7hKcf0mEItIiIi8vGiERxyWRqPU7DzIOf8hFYYvmERC6aGUzyfm8O791DiDk3SjZtyC7fN7X3Kre/8cYrfO0h5bTUnGu1MnZpE2sx55KbaoeEgO3Yfp6nLtGsL47IXkZ8RrqupluJ973P42BFK6iwkT5/G9IwbuSk7qWN1a8PPmZI97C4+SHHFecZNySErZy6fyJ3cfsxHpTvZUXK+62IxUXGMi4dzDd2GCkbFMS7Ozzl3t0nIMUncsOAW0sPB60cn9vGXg9WcqT7O+Zhkprgmk507t2OKc2+aqnl35z6qLnbfYWFcxq0syLZ39KPPzeH39lB08ADl9RaSMzOZmXsrN6Xbe5/e3GvZnco1mih7Zycf1HU7r4hIbNFBPBe7zX+Pm8yCRXOJPtRp5GPCXO6/MxX/iQo8CZlk597IbTdOC/Wz0cTJ93by3mlfj3JumAolpdVdp9ib40i76ZPkTowC/Jwv3ceuknKqavyMm5pJbq4TT8lBqtouT7f+Fxlu+r45+ih8FBEREREZxfRLlIgMh/P7OoWPqat49kcrh3k0qcjooO+bo4+mXYuIiIiIiIhct/ycfOtXPPWbTs9jrHiVZ374Q54tqB54cRoRkcuk8FFERERERETkuuWjqfYgxdWdJ6s3UVayj+LTTQofRWTE6VF6IiIiIiIiItctC3FJOdycm4Cvy7MaLUxJiuv9uZMiIsNIz3wUERERERnF9OwqERGRwdP3zdFH065FRERERERERERkRCh8FBERERERERERkRGh8FFERERERERERERGhMJHERERERERERERGREKH0VERERERERERGREKHwUERERERERERGREaHwUUREREREREREREaEwkfpnc+L13e1G3F1+OoqKTlaRYPXGOBIA6/Hy0BHDZXRWEXpoUrqmq7vC2B4PXj9ve4ZfL/6vXg6X6fur0eTj/HnlIiIiIiIiHx8KXwcjTyl7HpzK1vb/vtLMTWeYa4j4KHmaCXuQO+7G/ZtYt3b5R3HVtTg6ePY60nDu+t5sbAKn7eKAx9U0X9WVEbB+gLKhrF+X9lW1m0uwUM9pUdqh7Hk0afs7fVs2u/ubQ8F6zezv9d73qChopKGttCyvID1b3e6At1eGw2VVDaMjjCyYd8mNu1ruPQCPkafhyIiIiIiInL9UPg4GrU0UHOyhaRb88ibm01KdC0Ff1hPYd0w1nGhhF07d7K/up9jjNbQv9V72f7WLkouDGP9o5KbsspW0vMWkntDHvm3pGC5wi2oOl5FYu5S5s2cx8K5yVC2ledeL73CrbiCjL6CQQNfSy+bPQfZWbCdvScGU7iHg7u2s31f5aW37yoqf/M5thzptOFKfx6eL2L9+kIuIy4VERERERERIfJqN0D6EonVZsOGjQxHMjbvWrYUl5N3R9rwFJ8wnwcfmz+4Y6fks/qx4al2dDNjNjPs06iH1AKzueuG1tExam/UsOWy4ku5gz2Y3HsfY7BHjzY9Lv2V/jzsMxgWERERERERGTyFj9eIhLE2aGoFfwlbXqoibaGD0l3F1EXlsPKB+USf3MXmgjKazWaIsJO9ZDnznHUU/r4AljxIXmK4oNOFbHirjGYA7My+ezm5dgAvVXu2sfNwHd4IG/a4ZrCF3uJ+bwMbSm3kP7CUNAu4393A5ovZzLl4kKJqDwY20vJXkJ8aHidYt5dN2w7S0ApYXaTE1eNN+RzLZnYN1tzvbmDrxRScZw5S2WRgWJJZeN9SMqyh/d5ezwnK31zDIdcqls+yAFUUPL+VuhkrePBmB+Cm6KXNGJ9aRZ7TS9VfNlNwvBmCBmbnPO5amoPdBHW717PTksecjwrZWeHBtWgljg83cfCCD95cRxkGybeuJr1qLYWxy3nwZnuoUeVbWVOezqMDhsChureXN2M2A4FE5qxYRo4NOH+QLVv2Uhs0Yw5Ek7xgOflpVsoL1rL7pIHv9HrWF7fQYoAZA4x61j1fRGzWcvID29nckseqT7gADwdfXU9RbD6PhdtT/uZzlCY/yrK0Wva+VUjJGQ+GycCIdDH/M8vIiQfOFLL+Lxby5ngo3FmOZ1I+j93h6rOvOvOd2sv2PSXUegwIGlgmzmf5nTmhW6VsK2uOOMhz1LD3cB1eLDjm3sWKGxyhNwfclGzfGrpnoh3YQ7dgH1pxf7CJdSfq8GLFecMSls91QvlWnvuzh9zlK5mX2Nd725Sz9TcFeHJWsPKm8L2xYTO+rDk0HyqiqtEAWxqLV+STYglds/KCTeysbAaTBceURHxnbSx6IA/nZV7b3lS93fe9VV6wlsLTQMM61u6NJfuuFaSXdf08JODm4NbN7K0zMEdAdPICluenYR3EtejyuRWAxNwVLJtt62jc+b1s3FKKp9XMG+vKMFwLWJ2fNqTzExEREREREQGFj9eMmrNuLHE2iHKRYi9k19sGefc+yvJ4M/hK2fJ2Da47HyXPCdQVsv6N7SR+fjEpk1rYdawBEkOhQ0NlFWQsZ/VNBoXrN1JzBnLt4DtSwPaTCSz9wnJcZg+l2zeyKzzwyX7TIrLLCqhthLREMAwDb1kJDfnLWH2HDd8HG1l3sJQFqTlYqGHXthIi536ORzOt4Clhyytu7PPNPc7JMAw8lXXkrHiUfFsoENz0dikZd2aAr5SCPs4peYKDgpoqmJUG52uoi7FjPlODDwcWXxW1HyUy0xk6p4JzGXx2dQ5WvJRs/gPb9yezcq4d5/RkWjZtZW/WMlY94sJiAtJXY3v9OcpTV7EsM9TGhrroriPA/AZG23T0/pw/QGGlg8VfWEmyKfy+KIAGCt/cD2394y1hyx82s9exknn5q7HvWc92FvPgreHA7sgWnqtIY9WdGaHXp5IwdlfhxoWdOmpa7NhbaqghDRc11NTZcNxkhshYXLMWM3upHYspFPRufK+SnNtTYEI6yf5NbN2XzbJVj+GygO/Ilj77qjNLrIucxbNZZrdAwE3RKxspqshhcSrQamDUlVCe/Gk++4gTS3UBa3eWUHPDQlxAQ9FWivw5rHwkG5vRQNGmjfQ9IdqLJyafzz7iwtJUzKY/7GRv2krmpS0l78hzVNYDA4aPaSy9tZTnKusBB2BgGF5KDzew+NOrWRrvo/jVdRw4soCU2RZ8H26j4Gwyy7+Yh9NkUPOXDWyxpXQLHi/x2vYSssZG931vpeWvpvVi13uRbp+HDUVb2c88PvfFjPZrtnmfI3TN+r0Wbg68U4Ej/1FWTiHUL/5un58J81ixzMf6t2Dxg3mEv3oM6fxEREREREREQM98HMWaqTlUQsl7u9i6aT07z7iYf5MLALMJXDctIzs+HBicrKTGns28tpTEmU1KTBVlJ8CVlkrLydLwc9saKD1pJmV6z6SgoqIGR9Z8XFGAyUaiLbrTXnPPO2ViDgtTbZgB66QkbF4PHoD6SmpM6czLDI+GsiVhj+nnNMenkR0ecOXMSMZWVxUKpPo5J4srEVtDLXWAr6oWpmSQ5K2lBuBULQ2JLpKBqpM12FMyQiPBsJKdloi7LryIiwki47LJXxAOHodbZDQWXx2VJzyhadxRZswA58uo8qeS29Y/1mwyJripLB/kikITnSR+1EBNADhVQ31CBhnW2tCCRJ4aanGRnACY7LiS7Vjw4fUa2ONjMdofomgGk5XsT+XhCg9W7bevOktwkWy3hFZuNuzY47o9mzEunfk3OEN9OsVF4sXwfUEDpSdbSM/NxmYCohzYY/s7URvJGeFrY8slPclN3elw64dyvSJ6bnLNWkhKvBmwkpxkw9sUamFFVR2unDycJgAzrkRbzzfDyF3bAXX+PHRTVtVC6uxO1ywjCXdlGe219XktzERbfNRVVuLxh16bowZR/Yifn4iIiIiIiFyPNPJxtIt1kJyTQf5UZ9eQrFOo4j7nhqjOi6PYsdsMGlqA1DRS/bsorYc8Sqkyp7C0R/bYQEMjRKYOw/Iq9W48Jjs9xzkOwjg7Nr+bFgY6pxRcRiEnPdB81oNjWg6OsweoqQPbmQZsk+ZjwU29G+pOv8jaAx1VWCZldLwwcWntHAxbLp9e3My2XetZ87YN140LWXqDC3ODG0+Ujc7Rrt1mw/D1v652O1MqyYmF1JyA5HO1RDtySbp4gL3VQEQdzROzcQEE6ti7aRsHfTZc9kiaz9bAuM5TxSO7BFkD9lWbur1s3HYQn82FPaqZ+tOQkDqYhtfj9kRjjx74yN6YTeBxN0B4DN7wC30O9BZW9jBS13aI7XV/FI2ta2XYWn0DrNAOYCN36VKa39rJ+t8VYJs4h4WLc0N/eOi3yit5fiIiIiIiInK9UPg4asXimplNL/FPD/Z4G5wJhQ6hsM6DpxnMkQAu0qaEpl67I2swpy7t5TF7NmxWcA9Hs8fZueQnwNW7OR9jw8bA5+R0uKmsbcDXkEByPiSdjaTsjAfb2RaS5oZGrNlt4Mz8HMtnX+k1q0OsU/JYvioPo6GYzZu3sDX6MZYl2rD5DToPFvQ0N4NtsDGoBdf4WErONlDTYOC6yYbTncj5mhpqqMc+PjQ61vfhOxQzk1UP5Iaux5EtPFfRV5n2QfaVj4PvFMOsVTx4Q+gql77+HOWDarcNW38jYAdgBMBmH6ngEcCBfczgPwdG5toOhR1bXAtG18pojrANLlC3JpN39yry/A0Ub93Mlu1WHrtzgK829it5fiIiIiIiInK90LTr68G0ZJz1FZR6w6/dpVRecOKaEnrpmp5Ka00JB09CyozeppJacI23UVteghcg4KH2XPOltSXRQUJTFaV1oZfG6VKqmvo5vsWLJxD6sOZIBcbE5NDIvYHOyWmnvuoA9WYnLhPYJ7nwnNlLrcdF8qSOY+oqS2krAr8HT/uLwTGbobkpHEn5Gyguqwd/19FlRqCXNwZ8+PzhMhy5pDuguckDiSm4Ik5SfqrtuHLKqi24kgf/0DzHBAfNZw9Q0+jAlQhMcWE7U0rp2Vhc4dGrLX4fRFlCwWPAQ+VpDwT6Xr14cH3VQosfoi3heNlTSU0jEBxMq104HR6q2m4Mfw11jYM7XzzFlNU6Se5rjZ/u59XPefYnaVzXz4GSivo+6rv0a9vaqW2Dubf65iBlkpmT5TXtW8rLq7C4kvtew6cTny/cjigHuWmJ0OxhwMnTw3DvioiIiIiIyMePRj5eDyw5LMmr4ZWX1lMx0Yr3tBfnJ5eT0zaIbWIaUy5uoTQmlwf7eIydY+48XC8V8OLavZiJJjkrHdvRGqrIIHkwbWgbEWXKID+vkj+8toaySDDHJ5PQ31DIxkNsev4ABgZGbDqL70oZ1DnZprqI3FSCN2N5aKXliU4Stu6iMimPxeGibXMWkVOxiXX/tR+LGQwjmpRFnVblHgT7jAzsrxSw5vndEGEjY/5sXLurqPDnkBGVhDNhF4W/24D7jpXkTex4n/f4bjbtrsSc4CLWX0ttaxr5OTbAxsIl6Wx4fR0bnQkY585jnrWExRP7aECiA1thIWufLyL51tXkpwFTk0kq2EV5Uh75ABYXicEiSnzZLA9fX1vOHJIP72TN83tDqxLfkIyjpopyfzZpvUyvHVxf2Zh9QzIv7lrD2n1msCQze4qDmqpyjKy0PkbcteILD1/NuCmXg5s2sabCgjnCRvo0Fy21NXhxdBstG4vN2kzplrWUmYBANMmd7+fOJjixFxayZoObpSvzcHV/3Ue3dtbiD43lc8zPJ/uVTaz7r9DnQMokG/h7Hn+p19YxwYFRsJm1H83nc0uzB7i3INFhY9eetazdm8yCz+fTPXt15S0h/ZXNrNuYRELgPOfNOSy5rb8zDl8Lfzm7X9tJpdmBK85H7RmDtE8tpseXhvgk7C0FbHq+DHvWclbMdQ3t3hUREREREREBIoLB4KDGLck1IODD22RgjrNe4iIqBl6P7zLe37UtPsOCJaqGXc8X43h4GdndymzYs56N7lweuzMDw0/vi15c9jmB4fXQHIjGFnep068NvF6wWoc+vdTX5KHFFIutx3sNvJ5miLFhHcxiH5dk6NdzUH3l9+LxmS+tP8PX02KzjtzzNi+T4fNhtljwHdjEHzy3sGpBj/WugeG6tpd+b7WX4PXQTG/tGIDPi6cFYod8La7EvSsiIp3V1taSlJR0tZshIiJyTdD3zdFHIx+vJyYL1j5GNg6OGavtkp/Y2C4UJFpCgVddJTURNtIGCL/6XG33ss8JzFZbz1FdQysB6yV2iyXORu8RnRmr7TJPbEBDv56D6qsoK7ZLDZ2G4XqOGL+BEWXGbLEAXsqq3Nim9j2leHiu7aXfW+0lXOr9bbFiu6Q8/krcuyIiIiIiInK9UPgow6yOvZveoLQJMIERYSNnyYo+p79a4xOuZONE+uQt384r79ZimADDIHrKIpbPujqLFYmIiIiIiIhcLzTtWkRERERkFNP0MRERkcHT983RR6tdi4iIiIiIiIiIyIhQ+CgiIiIiIiIiIiIjQuGjiIiIiIiIiIiIjAiFjyIiIiIiIiIiIjIiFD6KiIiIiIiIiIjIiFD4KFdfwIe3ydfrLl+TF1/gEsr0e/F4jctr1xVj4PV46b21/e27DIPon0vu+6vA8Hrw+q92K0RERERERESkO4WPcvWd28um9QWU99jRwN7XXmTniUsos7yA9Vv247n81oUZNFSUUucdtgI7KaNgfQFlfe7bzP7hO5GQ8gLWv917jSGX0fcjIeCh5mgl7j7C0LK317Npv/vKtacaflZ45aobFB+88BK8cKzb9mr42UuwZ7jvIREREREREZFBUPgoo0PAoLXXHQa+lksss9VH7+MpL0Ulewt2sfvo1UhwLqMPBut8EevXF9JwpesdrAsl7Nq5k/3V/RxjXMGRrhfgW3vgzJWrcWAX4OXD8ItCuNhpc0Ux/LQYdvTXdyIiIiIiIiIjJPJqN0Dk2pDG0i+lXe1GjJwrGdxdioT5PPjY/KvditHNC+50+HI1FPrgNkto845D8NWZwDUyhV5ERORyBYNBDMPAbDYTEREBQCAQIBAIdNk2HPW0trZiMpkwm8191i0iIvJxp/BxNCrbyppjNnKMCg6e9WFgI+eulcx3Ar4a9r5VSMkZD4bJwIh0Mf8zy8iJNyjZvI6a7NUsTg2XU1/I+rdg8YN5OM4fZMuW/dQHwTBiSc+/i4VTrOAvYctLVaQtdFC6q5i6qBxWrsygautm9tYZmCOAqFTyH1pIcpdGeigt2M7ek258gBGwc9NP9gAAIABJREFUkX3HcvImWQA3RRs248uaQ/OhIqoaDbClsXhFPinhQMR7spBtu0qoazFjGxtLM7Y+u6OluoD1e8rxBM3YUhexPD8Na6gUqv6ymYLjzRA0MDvncdfSHOxt43kDLVTt2cQbR+rwBi045t7Fihsc/bTdTMnmNVSmPcayzHAZvhK2vrSXWgDMJC9YRX5qR93by5sxR4B5XDZLls3DaQLOFLL+Lxby5ngo3FmOZ1I+j33K2sd1G8wN0UpLVSGbtpZS5zWwJM7jrntzcQzQB75Te9m+p4RajwFBA8vE+Sy/M6dnT5/fy8YtpXhazbyxrgzDtYDV+fZQze4Stm4oosrd8xq26+9+7e3+emA2nl77ro7C3xfAkgfJSwyXfbqQDW+V0QyAndl3LyfXDgTclGzfSlG1ByPagT20u5335C42v11Bs8nAiEhi3rJl5CT0cW0WOzg44P0+BAHY8Xv4UWXo49S58ItlEAO4D8H33oAdF0L78j4Jv1gS2rdjHezPhax34aul8NN/gLwD8HgTPH4Rvvo+HDbBL74Ij0/vpV4P7AB+Oh22HIPbZgIn4ZUJ8IsJ8LMLna85/OiXsBmwBuC+lfB4RmhXb+24zwQ/+hXsCIC3Fb78BfhyyqV2kIiIyMhqamriyJEjzJw5E6s19FOj2+3m1KlTZGdntweFl8vv97N//35sNhuZmZmYTCYuXLhAVVXVsNYjIiJyrVP4OBq1Ghinq/Dd+TkenWjGe3gLLxYUkv5gHo7IWFyzFjN7qR2LCdzvbmDje5Xk3J5C8oRYisrLITU0Qs9zooaWiXk4aKDwzQPYPrWaZZOAukLWv7Gbys8vJiUqmxR7IbveNsi791GWx5uhbCsbWmay6ou5oZDP39uouEgS0hdw3yecWKPAKNvK2ncOkHP/PGwYGIaX0sMNLP70apbG+yh+dR0HjiwgZbYFfKUUFFSRcMejLJ9oxnN0Kxt39j3yzuNPYsXn87FRRcFL29ldnsbiNPAdKaDgXAafXZ2DFS8lm//A9v3JrJwbTqG8VdTEfprPftGJpbqAtTtLqLlhIa5+2p6e7KSwohQyw0nM8UpqJyxg9eI0Sl9/juIzDZDqCNVd4+KuL+ThNEHd7vW8UZDI6ttTYEI6yf5NbN2XzbJVj+GyAAF3n9dtYF6qamL59GcfxRlZRcELBZScymXhpP77wBLrImfxbJbZLRBwU/TKRooqcjrC6TYJ81ixzNcRVAOEJ2DXVTew+I5eruFg79de7i/fkS1s6qPvUia1sOtYAySGW1FZBRnLWX2TQeH6jdScgVw7NBRtpcifw8pHsrEZDRRt2khlW3t8pRS8fZ6Mz64mxwrew1v4w469JN8/D3tv16ZsK0UD3u+Dd6YAfjYW3vouEIAXnoFnp8M3p0NMAnzz7+AXVqAVfvQj2HELLLPBbbPg9t/BDx+A44+GywrAK+/Asi9CyUq4+C5Y/wJfnh4KLLteB5gQBXNy4PF34bszoeJA6LX1PJzu9LzSF34DLIfCmYAXvvdT2PI1WDa293a88DOY8BC8NQWohft/BTd+F+bowR0iIjIKeb1eDhw4QGpqanv42NjYyLFjx8jMzBy2ULC1tZWSkhKio6OZOHEiCQkJXLhwYdjrERERudbpV8fRKi6ZjImhH1isWWkkeWqo8AAmO65kOxZ8eL0G9vhYjPCD+WwzUrCdqgiHMD4qT3lwJbvgfBlV/imkTQqX7cwgObqBmnOhl2YTuG5aRnZ8+AckiwVL40lK68JPTIzq7QcnK85kJ9YoA2+TD7PdRmy3Zyy6Zi0kJd4MWElOsuFtCj8v8Xg5NQnZzA+fn22cjeh+uiIxNRtbFBCVzMwUC7Vn6gCoOlmDPSUjPArSSnZaIu662k59mM78G5xYTMDkJBIvesIL0PTddktmKs7T5ZSGp6iWVtTjSu053brqZA32zPBIR8CZnUJ0dVm4781gspL9qbxQuAX9XreB2Uifn4vTApiSSUrw4fF0akdffZDgItluAZ8Xr2HHHjf0Zzh2voau8daOa9hdX/crPe+v/vrOlZZKy8nScPTZQOlJMynT7d0qa6D0ZAvpudnYTECUA3tsp90nK6mxp5IR6hSsWWkknq9rH73a49oM6n4fvMJDcN/s8AsT3JYLhSdDL2NckGoFvHDRBKljwN32gMZIYCZ898ZuBWaFwkaAmFS47xz0trTOmXrIcwDT4f7jsCcAOw6GwsQYK7jbwscG2OyDh2eGX1vh/gzYcqiPdoSPv21K+HUS3B8Lh7s+IFRERGRUaZtm3V0wGKSuro6ioiLeffdd9u/fz8WLFwkEAhw/frx9e11dHcFgkPr6eioqKqisrOTdd9+lubm5S3lWq5X4+HjKysoIBAIEg8H2fRcvXuTQoUO8/fbb7Nixg8rKSoLBIH6/nw8//JDjx4+ze/duDhw4QF1dHe+99x67d+/G7Xa3v/+DDz7g3Xffpbi4uEfdIiIi1wqNfLwmJHQER3F17N20jYM+Gy57JM1na2BcOByzpZMSt5GyCkiZWkFVfRJpU4Hjbjy+GrY/X9GpTBvZnTOWzo+kmZLP8pu2snXzWvZaHGTMX8zC9O6Tdb2UF2xiZ42FpPGxtLpr8JAxqLNpOO+BKAvdZ+8OhtkUidd9HrBQ74a60y+y9kDHfsukPtpg6nyy/bTdkkFqYhHlRyFjRinlZ11kLO1emJt6N0RO6XQGCXZs/gY6sr3IrtF+oJ/rNkTm9nLd/fdB3V42bjuIz+bCHtVM/WlI6D7qcUj1DvbLRaf7te22ab+/Bui7SWmk+ndRWg95lFJlTmFp9+yRetyeaOx9JNbuc26or+HF5/d3bIxJ7nR3drs2g7rfB+/wGVj3O3ihUx1zPhn692IprHoJJqZAaiv8ugG+1/nNw/TnoNuyYMc7UDgB1lkgZizsaPv0r4MdFsKBdchER9eRkV3aUQc7PPDYT7rW8U396UpERK5Bra2tfPDBB7S2tuJwONoDynPnznHo0CHGjRvXfswnPvEJmpqaeOedd0hOTu71GY4RERGkp6dz+PBh0tPTu+wzDIOWlhaCwSDNzc0UFxczfvx4IiIieP/990lNTcXn81FZWUljYyMA5eXlWK1W5syZQ3l5OdXV1SQmJraHoTfccAMmk74Ji4jItUXh47UgUI+7yUpyPPg+fIdiZrLqgfAU0SNbeK49U7STPtXGpqoaoIr6iWksMwF2GzZLOgs/vxDXIKu0Zy3lwSzwVO5iy44tFNo7PYcP4NRedp9ysvjhfJJNtD9fcjBscdbeh24NghFoxRqfANix28CZ+TmWd58GPJB+224hI8VJUUUpRlQV5yelk9bj57tQ3bU+H7RFqB4PzSZzn59Q/V+3S9VfH/g4+E4xzFrFgzeEYqbS15+j/HKrHIxO92tPA/Wdi7QpoanX7sgazKlL6ZE9YsPWY85xpxribZCYzeeW5ww64B7wfh+CVAd887Pw5Sk99617BW77Ajwenm0/8WeXVkdvKs5A1qzQx3Ny4HsvQtZdnaZntw3+SIQ8H3TOGk9fCE0J71Ui5Nngp/8El5Fdi4jIx8DpugbcjR/1OuJwJM2cMbTvUF6vF4vFgsvlIjExkejoaA4fPszFixeZPn06Fy9eZMeOHTQ3N2O1Wjl//jxz584lNTWVyMiuP+0ZhsHYsWNJTEykrKwMh8PRvi8mJoaUlBQ8Hg+NjY0UFRXh9XqJjY0lGAySlJTEpEmT2Lx5M4ZhcMsttxAMBjl37hytra2UlpbicrmYPn06FRUVnDhxgpycnC7h46Gjl/0DpYjIoJhMJuzxY5jodAx8sEg3Ch9HK38LHj84osD7YRk1CS7yLNDi90GUJRRgBTxUnvZAoOMZdfZUF9FvlLOXGuyTFoU2JrpwGLspPwWu8NRrT6MHW3wfo7v8PnxmCxYT2FIySLaW0ewBOocxvhYMcyzRJgCDhqp6mgOJDOZpeRZXIrb95ZR4M8i2gqfWzaAmkfirOFQJU25zAuBy2tlVWYp3dk74WX0ePK02bNZ+Sxmw7ZbMVJzFVRRaakmatrjXIlKTnew63lG3+0glbmdGn4uUDHTdAIwAQx751ncftNDih2hLuDM8ldQ0AsFObw4M4wrXfdyvvRmo71zTU2ktLOEgkHJHb/eoC6fDQ3FpHSQ6wV9DXSMdC85McmIvrKDUm0OOFcDA0+jDFt/HjdHX/R5fR/mxeizJ2X0Eqb3LSoXvHegUPnrAHQd2E7h9MLGtGQ3w/kdw4zD+fmZt+4o+HR7Pgolt07+dcF8dnAEmjIdlJthxMtzGtunZf9VHoeNDYWX78YD7AtjHDl+7RUTk2ne6roFAIMCM1Mmj8lmHfr8fgMjISGbPns3Ro0c5ePAgdrud3NxcGhsbMZlMeDweWltbmTp1KlFRUQQCASwWCwkJCURFRfVadmRkJDNmzKCwsJCYmJj28//oo48oKSkhPj4ek8mEyWRqn5YdFRVFQkICFouFyMhI4uPjiY6OZsyYMbS0tNDa2orH4yEYDHL+/HmioqJwuXoOIxhq8CoicqkMw+DM2XOcrmtQAClDpvBxtDKq2P37tew0GRgkMf+ueaFsJWcOyYd3sub5vZgD0STfkIyjpopyfzZpUUBiNmnWjRSX2cj9bFv6k8KC+aX8YesaKixmMAzMjjl8+u62FZO7qjuwmW0fNhPrTMTcWIPbOoe7uv9ckzqHnH2b2Ly2DDNmbFkZJBuVnHSDs+dQNQBa/OFJyYnzmDfxRQpeXMteM0QnZ5MeX0pNFWR0Se8s2MaYKS1ay9q9QMCMfeYSlk8M7bXNWUROxSbW/dd+QqcVTcqiFeSn9j3ezQgMou2WDFLHFVFUncLi23svxzJrCQtrXuHFlypwxXip8TrJ72ekna3f65aEM2EXhb/bgPuOleRN7LP5HYID9YGN2Tck8+KuNazdZwZLMrOnOKipKsfISsM8wYm9sJA1G9wsXZmHKz4Je0sBm54vw561nBVze6+2ta/Asq/79VL6bmIaUy5uoTQmlwf7yMczbsrl4KZNrKmwYI6wkT7NRUttDV4cWG3zWDRrA5t+v4b94fs9emo+Kz6V0uv16fN+ry9j754SLK2pJN/QLbiMg1vPwsQnum4reRLm3Al5/xuyP4CJptAIw+89BsvGw6p8uO1Z+LUVYpzw5RzYUgoPJ/XRWb3pNmqxzekGiGl/xigse6DbAYGO9335EXjsV7A/BS5Wg30JfLOfYdGPr4S7fgUvxAGtEDMZfv0oTBhCs0VE5Prmbvxo1ASPFouFqKgoGhsbSUxMJBAIcPr0aWJjYzGZTEyePBm73U55eTn79u1rX5gmEAhgs9mIjIzE4XBgtVppaRncA7MdDgeJiYkcO3asfXRkbW0tJ06c4M477yQYDA6pb8xmMzExMURERJCQkIDdbsdkMo2K/hWRjyez2cyE8eM4WlGt8FGGLCLY+anIMjoc2cJzH9hZ8WAedr+BuccCGAZejw9znDW0mEp39YWsf9vC0pXdAqCAD29TC8TYsPb+h9tudTRDtA1rP3NXfU0eDMtgyuulBq8Hn7n/8gdbTnMgGlvc0Aq6nLZ3FOLF4zcPsu4Brttl6LMP/F48vsG27xINeL/2YUh914uAD2+TgcVmpdca/V48FyF6UP09uPt9KC42hRaVsXcfcOkDt9HL9qvgogewQsxg/gwVAHdTaPGaQR0vIiLDpra2lqSkofyl6so7dLRi1IzCa21tpaioiPPnzzNu3Dh8Ph8NDQ3Mnj2bKVOmcOTIEXw+Hy0tLVRVVbF06VJ8Ph+7d+9un4YdGxtLZmYmFy5c4I9//CP33HMP48eP71JPc3Mzr776KkuWLGH8+PHU1tayefNmEhISuPvuuzl16hS7du0iPT0di8XC4cOHWbhwIePHj29/n91u509/+hOpqanMmTOH4uJizpw5w5IlSzhw4ACVlZW4XC78fj+TJ09m6tSpvT57UkTkShlNX+/7ci183/y40a+Qo1zvQY4Zaz9ziys/KMOa+bmeI89MFqy2wSYrZqy2gRfdsMRd+sIcZquN4chfzFYbl9KKy2l7RyFWBt2lA1y3y9FnH0RZQyuFXyGDDh5hiH3XC5MFa3+XcEjnPrj7fShi4jo9b7EzC32OCr3SYoZyyiawD28XiYiIjIjIyEhycnI4evQoXq+XiIgIMjMz24M7s9mMYRiYzWZuvPFGxo4NPUtk5syZ1NbWEggEiIyMJCIigtjYWG688UZiY2N71BMVFUVOTk77PofDwc0334zZbMZkMpGUlERWVhY+nw+r1Upubi6xsbFd3mcymcjKysJuD/10MGHCBGJjY4mIiGDGjBn4/f4uU8ZFRESuRRr5OBod2cJz5Sk8dlf2EN5UTsHzu6kKgHnCfO67I2NYgj2RAV3S/SoiIiKDdS2M4BiNI2GCwSCGYbQHjp0ZRuhRMp2393f85bbBbDZf0ojFYDBIa2trexgqInK1jcav991dC983P24UPoqIiIiIjGLXwi9R18IvoyIicvmuha/318L3zY+bYX7ynIiIiIiIiIiIiEiIwkcREREREREREREZEQofRUREREREREREZEQofBQREREREREREZERofBRRERERERERERERoTCRxERERERERERERkRkVe7ASIiIiIi8vFknDvG2+/XUe1pBcBii2fmjTnMHqdfU0RERK4XGvkoIiIiIiJXXt0hXv5zTXvwCODzNLL/z+9RWHcV2yUiIiLDSuGjiIiIiIhcYc3s/7AeL2AeO4E77v4kX7w7i5ljTYCPYx8ewzsc1bR4aGwejoL6YbTQ2NgywpWIiIhcuxQ+ioiIiIjIFXaa0xcAYsi8NYOJUUCUk3m3OhkLcKGR48NQy9nX/oHcr73M2csp5MP/YOVDa3i/r3yx+Ofkzvs5719OHSIiItcxhY8iIiIiIiK9amHPxl/yfkYaM6OHu2wPW/8+m2lPF4+SckREREaGwkcREREREbnCJjJxLMBFjuwp5bQf8Nexd08dFwDGxjPtqrYvrKWIN34HX1gyn2HPHmnhQuNoKkdERGRkKHwUEREREZErLJY5sxIZEwHGhTO8+dqf+a/XDnPoQgAiLEyfNR3roMtq4dBzj5I7I5tpM7LJWvQwzxV3miPtq6bg2b9hfm4203Lv52f7Ova1fLiGVfPD77vnSbae6lpy47aX+d2kv+GBW6Lh1DaeuGcO02ZkM23GfO74p22dpnM38v7LP2Tl/NC+v321uqMQo5qt37ufrPD7Vj13mBbqeemxRTyxE3juYabNyObH+wCjnreffjh8LnP4zPe2UWWEy+m1/j7KERERGUUUPoqIiIiIyJXnnMm9i1xMtkW2b7LY4pmz6CbynEMo5/Bv+bunG/nqH0s4fng/O3/7JEtndBqn+M5vean1bn7zyst8Z95hnv3PcGh4fhvf/vzPGf/kTo4fLuI3txTxtz94rVOgWM8br24jeeUiZpo9bP3Z13kp+2mKD5dwvPhlnlk9h/Htx77MS3un8c3fv8a/PzyWrf/j5fZnQB567m/426N3sKG4hOPbvk700w/zi+JE7vnfL/MvtwBf+CXFRUV8MxcaX/8BX3p9Dv++t4Tjh1/mnqNf5xvrq4G+6u+9HBERkdEkcuBDREREREREhp953HRuXzx9GEo6zhtvFrF06nySp2V13bXoe/z71+9mPOC8cxE/fj008vHsn19mU/PDrLszEcyQnjufma3xHdOrT7zJSzuzeOw7WYAntG3/Tt44PId7siYzs0s1j/LUTx7mRoDPLIEXfOHtxbzx78e59Tt3MTMWmJpN3qxcomMhOn480RYgOp74BBtQz9bXtsGdL3BrPMA0br19Mj/eWczZhz/ZZ/09yxERERldFD6KiIiIiMgV5TtfzaHjZ6mu/4gLLQGMtqnFZhOW6BiciXZSp01lWoJl4MKyHuHXPznLE08/yiefjWbmA0/z//5lCcnmAd4XrjM6fNz4O3/An+7s2F2282Xez72fZ6YB2Fj6T2v45pP/wPfve5knEubznV//ksdmDfwkyJZmiDbHhF/l8tgra/o89mIroenTz3XaeNvl1S8iInK1adq1iIiIiIhcEb6zx3jzjT/z+7fLOXCykXPNnYJHACOAr7mZ6pM17Hp7D8+/sY/9Z319lhcSTfr932ND4X7+vOZhol9qm6o8gHDo2GL0ss84zNbfHGbp6s+Q3LZt/Hwe/+VODhe9zFMLTvHjz/8v9rT08t7urYuFFuPiwAcCMZHAo2s4frSk479fhkZtXmr9IiIiV5vCRxERERERGXEfHd3HS3+p4bQXiIphcmoqn7ptLg+t+CRfbP/vVu6/LYP5qfGMjQLD+xEH/lLElqP9LOd85jDvn2oBczTJtyzh1klw1uPp+3gfXATGz1nEjbzAf74cCipbTu3kd9vqQ8cUv8YvTi3hzgVt05hbKCs+TKMBJGSRvygLmhtp7Cf8C4WaWeTdH82e3/yePY2A4eHQy6/xfuf3tbS9SGTOolx4c2foWKDlRDHvnxpk/S1KIkVEZHRS+CgiIiIiIiPsJIVHPsIgkvGZWTx093xuz53C1LFj6Dqx2sKYsRPIzJ3DvXffyh2ZY7AQ4OyRco70UXJj+Zv8+L7wKtBZD/O78V/nmS9k9X6wGXjnMNUtwNSHeebpRbz/vTtCq13f90vKWi8CLezZ8gJ84WGWJrS98Szv//KvmZ8VWhl7/v/Yz/Knv8bS+N7qsBDNfsqqAaK59ZtreDz6BVbNy2Za1iK+tO0s0QZAIjNvySL6d48ybcbdPHcUku99ku+kbAgdOyObrAee5o+l9QPU37McERGR0SQiGAwGr3YjRERERESkd7W1tSQlJV3tZvTr0NEKZs5I7eeIcrZsrOZszDjuuDOHiYMuuY5drx/m+MUxzFkxl9n9HNly3kOL2UJ8/BCfg9jiobEZouNtoec/Nm7jv8/7R8aueYd/WRDd/7FDqea8h5ZoG/Gxgzi20UMLvZzLZdQvIjIcBv56f/VdC983P2604IyIiIiIiFwZF8/x5sY/j0jR0Qk2Lmn5lWgbnTO+xqKdbJr0N/zpll5K63bsSLUvOr6PYy+jfhERkatF4aOIiIiIiEhY/JIfcHgBGlkoIiIyTBQ+ioiIiIjICEtj2Yq0q92IQYsexNRoERERGRwtOCMiIiIiIiIiIiIjQuGjiIiIiIiIiIiIjAiFjyIiIiIiIiIiIjIiFD6KiIiIiIiIiIjIiFD4KCIiIiIiIiIiIiNC4aOIiIiIiIiIiIiMCIWPIiIiIiIiIiIiMiIUPoqIiIiIiIiIiMiIUPgoIiIiIiIiIiIiI0Lho4iIiIiIXBaTyYRhGFe7GSIiMoIMw8BkUowkQ6e7RkRERERELos9fgxnzp5TACkicp0yDIMzZ89hjx9ztZsi16DIq90AERERERG5tk10Ojhd18DRimoCgcDVbo6IiAwzk8mEPX4ME52Oq90UuQYpfBQRERERkcs20enQL6UiIiLSg6Zdi4iIiIiIiIiIyIhQ+CgiIiIiIiIiIiIjQuGjiIiIiIiIiIiIjAiFjyIiIiIiIiIiIjIiFD6KiIiIiIiIiIjIiFD4KCIiIiIiIiIiIiNC4aOIiIiIiIiIiIiMCIWPIiIiIiIiIiIiMiIUPoqIiIiIiIiIiMiIUPgoIiIiIiIiIiIiI0Lho4iIiIiIiIiIiIwIhY8iIiIiIiIiIiIyIhQ+ioiIiIiIiIiIyIhQ+CgiIiIiIiIiIiIjIvJqN0BERORKCgQh2P5vkEAwtD0IBDt9TPh1+8ft24IEgYjw6wgi2l90bAv9r8vrPrZHRITKiAhv79gmIiIiIiJy7VP4KCIi15VAEIxgECPYPWiEQFu6OAw6QslOCWVvBwyptA6hEDKiRyDZ5eP2baHw0qTQUkRERERERhmFjyIics0KAkYAWsNhYyhwHL6A8WoKjcQMdt3Q79EhEYApIqI9iDSFQ0kTEe0fi4iIiIiIXCkKH0VE5JpiBMEfCNIaCI1wvD6ixuETpGPkZ889IaaICEzQPlrSRFtI2bFdRERERERkOCh8FBGRUS8QDhz94VGOcnkCwSAB6GU0ZWhD2+jJiE7BpDkiArNGToqIiIiIyBApfBQRkVGrNQAtgSD+gALHK6lt9GTXcDL0whQOIc0KJEVEREREZBAUPoqIyKhjBMFnBGlR6DjqBIKhFcL9QG+BZJQp9LGIiIiIiAgofBQRkVHmohGkxdCzHK8lnQPJi0aQyIgIIk0KIkVEREREROGjiIiMEv5AkItGeLqvXNNag0FajY4gMiocRGp6toiIiIjIx4/CRxERuaoCwVBI5dMU66uubbXr4eYP0P7cTgWRIiIiIiIfLwofRUTkqmkxgrQYENAk66vKHBFBjDk0QlFERERERGQ4KXwUEZErrjUAFwNBWjXa8aozRURgi9IwRBERERERGRkKH0VE5IoJBKElEFpQRkYHq/lqt0BERERERK5nCh9FROSK8IUXlAloQZlRJTJCox5FRERERGTkKHwUEZER5QsEuyw4IiIiIiIiIh8fCh9FRGTYBYIdoaOhkY6jWmswSJRGP4qIiIiIyAhR+CijVpBQgBEIBgkEQ6+DQFuO0fY6IvyfKSL8cQSYiMAUEdomIldOa3iEoy8Q1PrV1wivgVa5FhERERGREaPwUUaFIKHQojUYxAiAEYTLiy5C7w2FkhGYw0GkOQLMEREKJUWGmaZWX7sCwSAeP8SYIxRCioiIiIjIsFP4KFeNEYTWQJDW8L8jEVkECU357LqwbhBzRASRptBCC5GmUEgpIkOjqdXXDyMYpKk12P7HmrZR5BGE/mgTpb/YiIiIiIjIJVL4KFdUMAj+YBBfIBQ4Xi1GMIhhQEs48ow0RRAZ0RFGikjvAsHQCOW26dWKHK8vbY+5gNCo8bjIUBgpIiIiIiJyqRQ+yhXRNh3TH7jc6dQjozUQpBXri6LIAAAgAElEQVSA0MifyAiINIWmaOsXb/m4a3skQtu/8vEQbUJf/0RERERE5LIpfJQR5Qtc/VGOQxUIBvEFwRcATdGWj6OuoxtH5x8MZORpqrWIXKuCweD/Z+++o+u67jvRf0+7Db2zgF3sRSTVLCkqdizHlm0pLrHlFDuOJ7HjlMnMezOe917eelnJJFkzzps3JWOn2HHsRBk7rnGPY9mWbMmSSImi2CmSYC8g0W45fe/9/jgACBDtArjl3IvvZy0QwLnnnrNxCdzyvb+9fwjDcPx7XddhGEYVRzQ3KSX6+vrQ3d2Npqamag+HiIiopBg+UskpdTN0rId14CZO0dYwYYq2zqpIqg8KgBitauT6jTRG4/0bEdWoIAjwyiuvIAxD6LqOIAiwceNG9PT0QIvpnZsQAseOHUMikWD4SEREdYer21FJ+VIhFyo4QtVlgKEQTR93hEIukMgFCnao4Mtbm9oQxZNU0e+wK6IGI9lAYcSXyIcSbp3+3dLC8D6NiGpVGIY4duwYgiCAZVnI5XLYv38/XNet9tBm5fs+hBDVHgYREVHJsfKRSkIowBUKQQ1Nry6FsU7aY1O0xzrFsjKS4kCom7+jYrSicWn9hdJiBELBNHknRkS1ybIsbNu2DV1dXbh8+TK++c1vIp/Po7+/HxcvXoRt2+jp6cGWLVtgWRauX7+Ovr4+aJoGy7KwdetWSClx8uRJ+L6PIAiwZcsWZLNZJBIJrFy5ElevXkVfXx927dqFVCqFEydOYNmyZWhsbMSJEydg2zY0TcPmzZvR0tKCGzduIJfLQdM09Pf3Y8eOHchms3jttdegaRqGh4erfbMRERGVBSsfadFcoZAP5JILHqcjlZpUGTniR9VlrlAIefNQmSgVNYXxRFSJmwsUhn2JXCBhhwqeUAgZPNI8eTL63SEiqmVKKQRBAF3XoWkaXNeFUgpCCBw/fhxXr15FGIY4ePAgBgcHAUTrLwLAuXPncOrUKSilxj8GBwdx7NgxCCHQ19eHgwcPYmhoCJ7n4dChQ7BtG6dPn8a5c+eglMLAwAAOHjyIIAhQKBTw/PPP4+LFiwiCAPl8Hi+99BIKhQKklJPWqSQiIqonrHykBVuq1Y7zoRCtoRcAgIjWjDRG14w0tKibNns6ULGkij6EUqOfow/GirQY1ixV2grR/TwA6BpgaRrXgiSiGV3pH8BwNj8e3lXK9k3rpmwLggDPPvssMpkMPM/DunXr0NjYiGQyiYaGBniehxdffBGDg4NYvnw5HMdBIpHAihUr0NnZiWQyCd/3Yds22tvbsWzZMjQ0NMBxHJw+fRqu6yKXy2H16tUYGhpCIpEAADQ0NOD555/Hxo0bsWvXLly6dAlPPfUUbr/9dqTTaQwNDeGOO+7AunXrcPHiRQwODuLxxx9HMpnE1atXp/35zl68goId7ynjRFT/dF1Ha3Mjlnd3VHsoVIMYPtKCRNV9UaUfFU8h6vwdTtiiIQohDQ0wdIxP3ebr+6VLTpguPRYySlYuUhk0WzrfACGikrjSPwApJTat641FZ+mxjtdSSnR2dmLLli0wDANHjx6FlBLNzc0wTRNKKZimiV27duHkyZM4dOgQWltbsXv3bqxZswY3btxAX18fTp8+jb1796K5uRlCCAwODiIMQ6xduxbXr1+HrutoaWkZX2OypaUFmqahoaEBSin4vg9N05BIJNDW1ja+X0NDA9LpNADANKd/aba2d3klbzoiomkJIXD1+iCu9A8wgKR547RrmrexRhUMHktDIeoy7Mloymw+kBjxJbLBzSnbgYwq3ai+iNHO8GN/U2PTpbOBHP+/j5oZMXik0ms0GTwSUekMZ/NY1tUei+ARiNZ8vP/++/HII4/g3nvvRVtbGxzHwaFDh9DS0oLVq1ePh34A0Nvbi7vvvhvd3d04dOgQRkZG0NjYiPvuuw8bNmzA1atXcfbsWWQyGTQ0NODChQuwLAs9PT3I5XK4ePEili1bNt6tOpfLQSkFx3Gg6/p4ZeREyWQSjuMgCAIIIcY/ExHFkWEYWNbVjuFsvtpDoRrEykeal7HOzlR+cnRqbTC+JaqS1Eenauta9O5B9HW0jTlCPChE6zBKRJUXUkXbxj6PVTISVUtC12Dy7UciKiEpZWyCRwDQNA2maU4ak67rSKVSOH/+PEZGRgAAuVwOnufhxIkT8H0fnuehqakJlmXh/PnzuH79OgzDGA8dTdNET08PDhw4gDvuuANNTU2QUuLy5cvYuXMnLMvC5s2bcfbsWTiOg8HBQaxZswaZTAa+708aY3d3NwzDwHPPPYfGxkbouj4+LiKiODIMo+JLa1B9YPhIRSuEXN+x2qLgKpqOO/USQMOEYHL0w0C0RpsOcK22RZouVJSTto0FjPw7oXhjxSMR1TPLsrBz505kMplJ2zOZDPbu3Yv+/n5omoYtW7ZAKQVN02AYBoQQMAwDe/fuRUtLCwqFwvj07fXr12Pt2rXQNA3r169HoVDA2rVrYZomtm7diqGhIbS1tUHTNGzYsAFhGMJ1XbS2tmLz5s2wLGv8/GPjam5uxp49e3DlypXxqd/JZLIaNxkREVFZaUqx/IbmxuCxdikpIUe7OuqjT64NXYeha6OVlJjweTSo1KLrTZz+YxgGLMuCrtd+udRYiDj2G61GA8OJ2ycHjVxzkepLQteQMZlAEtWKa9euoaenp9rDmNWRk33TNn6Jm7FO14ZhQLvlXdmJz3nGSCkhhIBpmlP2X+h5FrIfEVFc1ML9fS08bi41rHykOeWCaM05qi2B7yMIfET/dQpRxHjzs64bURBpGICmQdf1qJpPCoRBCCEENETTljQoaBCA5iFpJZBIJKCPlk5F+4wGl6MbJj51vvVp9MTn1RMvm/QbpiZ/P+Xr8YAwuuTWwBDAlCAx2q80AeJYoDsfuq5B02o/uKX6INTNewMioqVkbDr2dKabNq7r+oLeeJ3tPAvZj4iIqJbxkY5mNeJLVnvVGCklXMeGnFKpqiZ9FkLMuah5FPRNvl4gPGiej2QyCdOypjl+bYqCVzkaLEpAjVZAjFaBTr09588wDCSSyVitiUVLk1AK+QBosuovfhQKMOrvxyIiIiIiqlkMH2lGDB5rz1jwOLZ+EaBw4uhpDFwfxI3rQwCAVWtXYNWaFejs6sDkwFCb9P2Jo6fx7NP7cOHsZdy4Pog9d+3A/Q/dhc3bNgBQ8DwPQRggmUzV9FRsIQQ810W0AsXMt8fY7TnT5cV8L6WA69jQdQOmZcE0DGg1fNtRbRsLIC0dMOpgqp+Egi8AUwcMpo9ERERERLHB8JGmlQ24vl2tUVLCsW1AKRQKDp767o/xL99+BnbBmXb/TEMam7dtwKo1K7F5+4bxqOzi2cv4ydP7cOHspUn7P/ujfXj2R/uw564deO/7H0dXdztEKGCHBViJaCp2raxVFK3fFCIIAkgRdWvTtKjIc3xyuqYwcWa1pim4ArBDICeAQCmEEtGHAgTU+NehjPZvMoEmE2gwgSZTocGIji+EgJQCnoqmc5mWCcuqnduP6keoFEIB1Hrl8kRKakixuJiIiIiIKDYYPtIUuUDNez07qr4gDAEoPPv0fnz+c1+bMXQcYxccHNh3GAf2HQa+VPx5Duw7jBNHT+ORRx/EY+9+EwANYeBDhAESyVQs1i0am0ItpYimT49+BkanVquba1+OVTQGUkO/p9DvAQO+Qj7UkBcKhRDIh0BBAIFc3LiWpYA9LRp2twIZQxsNOBUC30cYBLASCVhWYtE/P9FSJpSCUBqnXhPVhBAjZ4/hmSODGPSjLUYigzXbN+K+ta3g+whERET1ofopAcVKns1latJYgHW+71JRweNi2QUH//TFf8azP9qHD/7mE9i8bQOUUnAdp2pVkEpK+EEAEYaQspiUMPo93zeksG9Yod9TmLysY+n/Dq66wHdchWcHgY0NCr1pDavSCt3J6P/Qcz2EYVjzU9mJqi2QilOviWIvi9deOILnLvuTtgrfxpkDB3Hl2gY8ek8vGqs0OiIiIiodho80rhAqhAwea5IIQ9y4PoCP/9Enyx48TnTj+iA+/oefwJ67duCJDzyOzq52hIEPKQSSqcoEaEophGGAwPdHKxond9S+1UgAXHCA87bCWRu44pZ9iFNkA+ClYeCl4Wi8m5uAu1o1bG4CpBBw7AKsRBKJBKsgiRYikODUa6KYc069hhcu+wBMdG3ZgNdvWoY0bFw8eQw/Pp6Hc7kPz5xqx6O3Zao9VCIiIlokho8EAHCEQlCCbr5UHWEYzrq+Y7mNTcV+7N0/hze+5QEIIeDYNhKJBKwSB2hjU6qFEJBCIAxDADfXbHQEMOADgwEw4ClkwyhwHPvsLXLqdDmcyAEncgpbm4A3dGnoSQKB7yEcbejD7thE8yOUQig1mCwgJoqpYbx6Jg8BoGXjTjy6tXl0ewa9W+/A28UL+PJrLq6fOYfB27aivZpDJSIiokVj+EjwhIInGDzWslw2h+ee3l/VMdgFB5//7NdwYN9h/Pb//qvINGTg+x6EFEgmUwuahi2EGA8Zo+9DTGgJg4lrNl52Newbktg/VMIfqsKO5aKKzJ/t1nBXmwYlZTSV3bJg1VBDH6I4CJSCCf7NEMXTAAYKAJDB+vHg8abGre1of+0yBgs2LgIMH4mIiGocawKWuEBGVY9Uu3zfw09+tK9qVY+3OnH0FD72O3+M40dOQSkgDEI4dqHIdRhvGque9L1oHcQwDKFUVPk48fOpvMKXLil88kxtB49jCgL4+hWFL12SGPSjn9P3fTi2DTEawhLR3MIYVjkT0a10TNtVxtDZbIaIiKiOsPJxCZOKwWOtU0ohCAK8sv9wtYcyiV1w8PE//AQeefRBPPGBx6GUgmMXkEgmi+7mLISIapZGC5cCGa2VmBXAZQe47CpcdoAb/mxHqV0HR4BztsLDXRruaAWUknBtG4ZlIplIQmNDGqJZses1EREREVE8MHxcwlyhINlgpmZJKeG6Dgo5GyeOnq72cKb1L99+BsePnsavfeS9WLV2ZdTNOQhgJZIwzdnvfkzTxD9fdHGyEIWOubBCg46R4QD42mWF03ngoU4N3cmokjQMQliWhUQyyanYRLMQSsHg3whRbORPH8C3D2XhjD/9zOPAV5/GgZmvEV2umejduRM/u2HqFG0iIiKKP5bOLFGeUPDZYKYmhUEA17Hh2AUoKfH97zxT7SHN6sLZS/j4H30Szz29D5oWhaae68AuzD4V++VBgR/eAC45SzN4nOhQFvibcwrPDwESUXOdMAzgOs54h28imorF/URxch7PHZkYPM6DCnHxyGkcL/mYiIiIqBJY+bgECRVVPVJt8X0Pge9jYtZ04/ogvv+dH1dvUEWyCw7+5pOfx4H9h/HBjzyBTEMaSkk4dgHpTAP0aaYQD8SxLXUV2QL49lWFfUPA7c0a7u8ADCXg2AWk0mnoOlfHIrqVkJh+PTkiqoIAoQCARux5xx3YVfT1TuPbX72I60KiTldaISIiqnusfFyCXKHA6LF2KCnh2PZ48Khp0cdPn9mHP/wP/yU2jWaKcWDfYfyH3/1jfOPL34NjO1AK8D132n3XNPDuaTrXPeD71xWevKAwFGB0PU1n3g19iJYCwcpgoiXFu3oGp87l4N3an82+gVNnLiJr33qFHC6cOYPrWW/yduEhe+4MTl2deqxYnoOIiCjm+Op+iXGFQsDp1jVDKQXXdSCEgFJRpePnP/tP+Nhv/zE+/YnP11TwOMYuOPinL/4zPvY7f4wD+w4jDKOu1o5jwy7kkc/lkM/l0Gu4eH1ntUcbX6cKwJMXFM4WxgJIG2EQVHtYRLGiwKnXREvG8x/H1gffhjc9cg92//krN7eLF/Anux/Em978Juy+77/h5fELLuIff/0ePPTmt+GeO/81vn795lUufPkj2P3I2/CmB+/Bb37jRszPQUREFH+cdr2ECBWt9Ui1w/c8SCnh2KPTlvfFq6v1YtgFB5/5i8+js/s3sXrtyvHtE3tDvKFbQ2sC+Opl/t5Op98Dnryo8NhyDTubFbzRKlLTsqo8MqL4YNMZovjLn3wJ3ziahw8Ty7ftxJs2zb+xTHboZrLnTSwyLGTRP/a1PXHidg7XL9z8zp1QZZgdunTzm0nb43gOIiKi+DP+4A/+4A+qPQiqDFcoVoDUkLGqxxNHz+BP/u//jgtnL1d7SCUXBCGOHDyBN77lQQCAJkKYBQe6H8DK20hks1hnD2ODLGCfbKzyaG9SQkCKEEoEUCIEpISSAkpKQAM0rXJF5aECjmSBpK5hVVohDAU0TYNhcKE7IgDQocHSGT5SbSsUCmhsjM/j4HSuDwyju6Ntlj2G8NrxLGwksHzrCvSMbz+PHz3bjxEJABL5QRupzcvROef1Jkt2dqFdeEiuvR+//u63YXv3aI1FshvdHQKu1YsHfv29eHxb12j1RTPae5oB0YDb3/1ePH7/GrSMPny3tC9DixTI7HwXfunx+7G2Oc7nICKqrLnv76uvFh43lxpNsVXqkhBIhULI/+paEoYhXjt2Ch//o0/W5PTq+fjDJ96I29etnnWf78tGfDk1+z7lpJSC8BwoIaBbCRiJ5Bz7S0ApaBVsBPMzHcDP9WhQCrAsC8lUqmLnJoorU9PQaDF8pNp27do19PTMFLvFw5GTfdi+ad0se4w2jpnScOY8vvf1PlwZq/4zmnHPY3uwZc7rERFRNcx9f199tfC4udRwzcclYsqC1RR7Ugp8/nP/VPfBIwC8+NoFyDneB3mjnsdup3/WfcpBKYXAySN08tANE1ZD05zBIxBVP44HjxV6j+cnA8BXLkXnCoIAnjt9Mx+ipYStmIjibjXu29KIhAZAM7F8y4YJwSMRERHVA1brLwGeUAhZ4FpzbvQP4sTR09UeRkWcvHwDYRgiMcdahT+jhvEKuis0KkD4HoTnwkgmYSQWUUVYwfXmDowABaHwK6s1BKMNaBLJJDSueUdLVPTGBn//ieKscdMdeN+mao+CiIiIyoWVj3VOKsBj2UdNeumFV6s9hIpx/BChnLs8d7sZYrM3UPbxKKUQFHIQgQersWlxwWMVnMwDf9Gn4EmFIAjg2Da4wgYtZZK//kREREREVcPwsc75Us05nZXiyXW8uXeqExcGRiBEcSn5neFwWcciRQhvZAi6aSHR0FzR5jGldMkBPnEGGA4BKSVcx2EASUsWw0ciIiIiourhtOs6JlXU4Zpqk5RLqWS1+N/Te7QCfhjkcNlqKvkopAgR5EdgZRqLWtcx7oYC4M9PK/zaGg0rUgKObSOdyXAKNi05Epx6TVR9FkwDgMjjwFefxoH5Xt3QkSjDqIiIiKj8arOkh4ris9SjprV3tlZ7CIsipUAY+ghFEHV+nsWKtuKDRMs0sdrPLnZ4U0gRIihkYWWKayhTKnPdNovly2gK9ulCFGjbhcISC7aJWPlIFA+rcd/2ZqQX8j6AZqJ3OxvREBER1SpWPtYpVj3Wvp27t0FKAX2sY3INESKEqSvceVsvbmTzuDAwAj/wYZrTNz5JW/P7GdcrG8+XarAYCx5zsDJN0M3Zm96UWqWmdX/2vMK7VwK7mgHHLiCdydTk7xbRQjB8JIqHxg178J4N1R4FERERVRrDxzrlCgWTUytrWu/KHnR0tmFosPRVfuWklMK6rmb83mMPYXl7G0zdwIht44vPHsDXXzwMw7RgGtaE/SXWL2tHco5O1xNth13SMQeFHMxUuuLBY6V96RLgCeDedg2B4yKdSTOApCWB4SMRERERUfUwfKxTGZPBYz14/OffgL/9m6+iltYqa06Z+L3HHsK6ZcugjwbgXS0t+OijD+OB7bfhr777LE5dvQFdN6AAJAwNb9m7BYl5hI9NuoZeP4uLieZFjzf0HCgla66j9UJ946pCoIC3LNMA30E6k4FhMICk0hjL+Cb2NlITP6uJ29Sk1V6Vmrz//I+HaY4XnYNvxhERERERVQ/DR6IYe/StD+NvPvXlmqpOe+sdm7Gyo2M8eJxo55pe/LffeA+eO3oKT716AkopvPPeXVjd1TWvc1imidv8odKEj64NM5le9HFqyXevKQRK4rHlOmzbRiqVgjWP8Jeqo1zBHtRs4d1sYaCacjkREREREdGtGD4SxVhzcyPued0u7HvxSLWHUhQpBW5fuxKpxMz9KHVNw89s34j7tt2GMAxhGDqMBYSrK6W7mKECAJQUkEEAo6lt0ceqNU/1KwRS4p0rNDiOAwBLOoCcLdgb/1pNjtvmDAMnXWe24003BgZ7RERERERUHxg+EsXcjp2baiZ8XNnRjN7O9qL21TVtXlOtb7UG3oKvO0YGAYxkCppemaYvcfPMDYVAAk+s0uG6UZhbjgByfkFc6YK9aa+DaF3SW7cRERERERFReTB8JIq5Bx68E5/59FdQC+s+rulsg2lWZop4ly6RliEcfeF3YyLwYFgzV2kuBT8dVHClwBO9Oty8jWQqBSuRmLkqb8I3s62zd+t2IiIiIiIiWpoYPhLF3IoVPZBS1sS6j53NDbCMytytGLqOZUEefcnWBR8jqnxcWus9TufAMOBJiSdWavAdF2YgkEwtjQY8REREREREVF5Lc64hUY3ZuXNztYdQtEp1TrZME8vC/IKvr6SEFCF0dnoGABzNAn93QUEphSDw4bmLX1OTiIiWDl3XIYSo9jCIiKiMhBDQl+iSVbQ4/K0hqgFSymoPoSgnL99AGIYVO1+XXPi6j1JE49RqoKK0Ul7LA585B0ilIQgCBpBERFS01uZGXL0+yACSiKhOCSFw9fogWpsbqz0UqkGcdk20APNrhqGmXn7LmnkTt0+3zl7X8i4cO3ZmscMuu4sDWWQdB50V6prcsYjwEVIu2UYzs+mzgU+dU3j/Kg2ADwCcgk1ERHNa3t2BK/0DONl3sWbeNCUiouLpuo7W5kYs7+6o9lCoBjF8pNhZTGdc4GYgOG2zjGnCwqnHnO461W2g0d7ZVqUzz4/tB/j8T17Bbz/6YEXO16MtvLpCKQloDB+nc9EBPn1O4ZdXaWhBACklUuk0NC3+TY+IiKh6lnd38EUpERERTcHwcYkpNti7+UkVHewVf8zpu+OyM+7MVA3dOP9y8BR2rFqGh3duKvu5OuFDw8JCYaUUw7RZXPOAvz2v8Iu9QFcyhGPbSGcyvM2IiIiIiIhoXhg+1oF8MM203rGvY1C1R3ETNRSRcrRqUNOg6wZMwypZsPSX33sBG5d3YWWZKzYtw0Rb6GDQnH/Hak3To+pHmtGAD3z2PPC+VRpWpiQDSCIiIiIiIpo3ho81zpcKYS2VxVHVCSHwlr2bcedtq9CSyaB/OIcfHX4Nz588B8tKQi+qAYuClGrGTme2H+DLz7+K333bQ6Ud/C00TUObcBcUPuqmBSUEFNd+nFU2BD53XuGJXg3rMgJhGMKq0JqeREREREREVPsYPtY4jw0Fl4RSFprds7EXv/LwXWhtbAIAbFsNPLxrCw6du4g//dL3MOIEMI2Zw6Uw9CHEzY7WmqbDMEwYxuS7k/PXh+AHARLzDKqkUgjDsKjrWWZU+QjMv8JSN01oug4Z+jASbKgyG0cAf39e4T29GrbqPsNHIiIiIiIiKhrDxxonWPW4JJRymuudt61Gc0PjlO071/Tik7/5BP7ki9/Fq2evwjSt0crG6NxSCoRhgJ1revBLD96B1V3tOHd9CK/0XcI/HziG4YIDw7CgaToABT/wEIjiQsSJPN+HMY9KxLbQndfxJ9JNCzIMYSQWfIglI1DAkxcUPrJOYF0iYABJtYUrBRARERERVQ3DxxrmSwaPNH+OH0CfIcxsyWTwnz7wTnzlpy/ji88ewFDeGb8slbDw8/fuwjvv3YWWxibomoa2pmbsXr8Gv/L6e/DV51/Bd146iksDI2hrTOOJB/YgYc4/oArCEEai+DSwU/nzPscYM5WGn8/BTGdGQ1Oay/4hoDfjMXykmsK/biIiIiKi6mH4WMN8TrleOkpY+Xh1KDvnPu+8dy/edudOnOsfwMWBIUgpsXtdL9KpJDLJqVOUDd3Au++7A+943W64vo8gDJFKJGGZ87+L8cMAqXmEj80qnHunGRiJFHTDhnAdmOmGBR9nKdk/DNzZJln9SDWFPZKIiIiIiKqH4WMNY6OZpSOTKc2ahGHoY+Oy9qL2TVgWNq5cho0rlxV9fEM30JCaf/OXMUopBGEIcx6hZQaLS+GNVBqhU2D4OA/7h4CVaQ+mabLzNdUEVj4SEREREVUPn4/XKE65XlpWr+td1PWVUggCF3dtWIm9G1aXaFSl53geEqY147Tw6TRri/tbMJNp6KaFwM4v6jhLyf5h4JIj4boOFN8EoRrAjJyIiIiIqHoYPtaoQFZ7BFRJt+/dASkXXuFnQOBdr9uF33nrg2hrbi7hyErL9T2kknNPuRZSwA8COJ4HK3Dm3H8uicYWAIBfmHtKOkX2DwEiDOE6i7/9icpNY8cZIiIiIqKq4bTrGhVWofLR0jVYOpDQa/tFnFJR5agnAVlDVVubtq7HqRPn5n09IUJ87F0P4/Z1qxY1JbrchBDwwxCtTVE4GgWMIUIhIKTAjXQzhswkBhMNGNaTGDaSGIaFYaFjkTOvAQBWphGha8PPj4yHkTSz/cPAhgZge3MIIQQMw6j2kIhmVOMPW0RERERENY3hYw3ypUKlIzNL19Bg1serN00DkoaGpAE4IeDVyBT2B3/2Ppw8dga6Pr+QZ/f6FdixemWsg0cAyDlO1GimtQVBJo2v5ZMY1BMYViaGhY7hYHRHhShsLEPDJTOVgfA9+IUczGQK+gK6dS8lX7gE/KKuYbvhIZ3JVHs4RDOqj0cvIiIiIqLaxGnXNSis8JRrQ6uf4PFWSaN2fq43vfX1aG1vBuYZPa/pbJtX9+hqEJYF83V3IvnmR+Dt3AZndS+uJBrxipPAWXdC8FgBRiKJRKYRwnO5DmQRnh9UCMOo+pEorl/yGH4AACAASURBVFj5SERERERUPQwfa1Cl13usoXxu3nQN82puUm0f+I0nEITzT+ISVrwr+MTG9TBaW8e/dwKBS9VcSlDTYDU0QTct+PkRCN+r4mDi7UwBeHkECIMKJsRE81A79/BERERERPWJ4WONCaRCpSdd13vFSC39ePc/dA/e8Z5HEYQ+iq2AlDLe3YlETzdEe9ukbZcLIbJhlQY0gZFIItHYDBkG8PNZqJjfltXy/CBQ8PzY/67R0lRLbzAREREREdUjho81ptJTrgFA1MaSiAtWS01nAOCXP/QevOmtD8H3PSg1+y+EUgor2poqNLL5U6YJf8PayduUwmUnTv8nGqxMI8xkCoGdQ+jGuLtzlX6Xr3nA84MagsCvyvmJZsPokYiIiIiouhg+1pigCtlCIBW8Ok0ggyo07ymFD//uB/G//f5vwTA1BIELIaaWCUopYBgS63raqzDC4vjbNgP65LshKSXOFOL3v6JbCSQaW6BpGoJCFsJzqz2kqTQNwvcQOoWKn3r/sELeDaBqLMyn+sfCRyIiIiKi6mL4WEOEql6VniMUghrpCl0sVygUwtr9me5/6B781ZP/H375Q+9BS1sjPM9GELgIAhee78C0dPy7/+f3sH7rpmoPdVr+lo2QzVOrMkUY4oxdhQEVyUimYDU0QymFoJCLXQhpJJJQSsEZvAZZwUrE4QA4lFUQYQzmyxNNwCc6RERERETVpSmWqdQMTyg4Va5A1DVtygu5a67EyowOS9dqpjmNGv1H4ebKiVIpBBLwazRkPXWyD4cOHEEhb2Pnnm24fe+O6AIpkTpwCJoTn+nC/sYNED1d017WN1jA/zhVO52TZeDDt/NItcSrwtTLDkH4HgwrgWRzW0XKv9ZmgA+t1dHQ2Fj2cxEVK2VoSNXKgxPRDK5du4aenp5qD4OIiKgm8HEzfsxqD4CKF4eZz1IpTFxlMGVo2NBkVG08C6WN/jPx5aihabB0IKk05CrdUrwEbtu0DrdtWjf1Al2Hu3cXEsdfgzEwWPmB3cLfshGis2PGy8/ka++2jyMr0wQZBhCBD3vgGqx0A6yG8q7/edYGTuUVdqQFDKP27heoPjF3JCIiIiKqLs5GqiFxCB8n0jUNiTpshW1oQINZZ38amgZ/6yaEvSuqNgSVSsG7fceswaMQIc7FcL3Huei6ARkG1R7GJLppwsrcDBsDp4DQK3/166sjCr7vlf08RMUyuOgjEREREVFV1VnCUr+kAkTMZsibGlCH2SMAwNKjcLXeBGtXw9+6CSphVfS84bIeuHtvh2yafTpuGIQ4G5/Z4UXRrQQSTS2QIoRv5yq6zuJczFQaRiI1/r2fGyn7OQ9lget2CClZwUrVp6F+H6eIiIiIiGoFw8caEcYseATq/wVdvf5xiI52uHfuQbiy/FWQKpGAv30LgtvWFfULc80Oka/RfiVmMo1EpikKIGNUBWmlM5O+D+x8Wc8XKuDVESAM4nMb0NLFqkciIiIiouqr13yl7sRtyjUQVWPWs7qu29J1BOtWw71zN8IVy0rejEQ2ZOBvvg3u3Xsh2lqLvt5Zu3Z/qdRopV+ioRl+bhiIyRsGupWAmUqPfx+Fj+Ud26EcEMQogKWli+s9EhERERFVHxvO1IgwhklYIKMAsh4rIAOpIGMSHpWTSqUQrF+LYM0qmNcHYFzrh55bWGWcsiyIrk6Iro45p1fP5IJnAKix0kelEHoudMOApiegmxbMdAPckUGkWmde37KSzFQDQs8dD0T9fBaJxpYp+4WuDTOVmbJ9vq57wCtDEncnAlhWZaf4E01Uj49PRERERES1huFjDYjjeo8AoKDgCCBjaKUunKsqTyg4cSw1LSfDQLisG+GybkBIGNkstHwBum1Dc73oY3QarTIMqGQCKpmESqcgGzKQTU1QmfQcJ5nbsF9bt7sSAr6dgzc8gOZVG8a3m6kMlJRwhwdiEUDqpgkrlUHgFAAAoevASjdCm9CROijkoJlzPyQUG1AeygJ72xk+UnUZTB+JiIiIiKqO4WMNqHYOFi3Yr2G6l3BKAWfyAiszOixdi/0UNzX6j5r4/ehnpRQCCfj1Pp98LoYeTZWex3TpUlmeMXA6Jyp+3oWQgY/+Qy+ga8fdSE4IHsdYmaj60x0ZRKqlvdLDm8JMR9WPSka3r58fQXJ0XML3EDgFpNu7Zz2GnxtGoqm434uTeeBcPsSmlISuc4UPqo64PyYRERERES0FDB9rQDWbzSQNDSl99srGRsuY+cKY0QC4UsGtdqJL03rnmhSGPIkjw/Geei18F6HroPv2e6EbM9+NWplGwM7Dyw4h0dQKrYolwpquw0xnEBRyAAAR+JCBD91KQAY+jEQS2iwhoZcbgplqmNc5j+aAdS0+ksnU3DsTldhMb5oREREREVFlMXysAaJK6z2amoZ0HZaNpEZ/JgaQ8fShTRn83WkHBwbi2bAkdG0oKZFsbitqfyvTCOG7CPIjMJJpGIlkmUc4y1hSGQjPgQyjcNfPjyDV1gVoGoxZAkI/PwJN02FYiXmd73AWeL0bMHykqqjDhy+imqNiuGwQERHNTzULKKh+cC5czClUr/IxZdbvnYzJdcBi7Vc2pLG3I35rBQZ2DppujE+pLpaRSMFqaI5CSHthDX1KQtMmVS9KISA8F2YqPWOw6BeyEIGPREPzvE83HACHcwpBEM8gmeobw0eiylJKMWwkIqpzvK+nhWLlY8xVq+oRqO8XbvX8s9WLd61NoS8vMOTFo9W7nxuB1dAITV/YMgOariPR2ALhufDzIzCs5KzVhuViptIQngMR+AAALz+MTMeyafcN7DxCx0aypQ0L7Sp1JAvc2e6z8QxVHO/niSpHKQVN08ZflN76wpQvVImIas9YxePYffjY92P396yIpPlg+Bhz1VzvUakF5w2xx+fA8Zc2NLxvXQqfOG5XdRxKSgjfRaKppSTHM5IpGMkU/NwwpAjnXUVZCmY6Mx4+QgGhU4CZnryeY+jaCOw8Eo3NMKyFTxU/mQfO5wU2svEMVZhRrw9gRDEz9qJUSonjV/L49DMX8GLfCLwgHm8eEhHR4iUtHXeva8GHHlyFLcsbGUDSvPGVYMyFVXzeFtRx1+dqhrpUvNuaTdzVWdqKucSFPiQu9MHqv1LU/kpKmKlMSccAAImmVsjQR+AUSn7suRiJ1KSqS7+QG++CDUQNdfx8FlZDU0l+9sNZIPD9RR+HqFgaAK6uQVR+Y8GjUgrHL+fx4c8exo9PDjF4JCKqM14g8eOTQ/jwZw/j+OX8pPt/omKw8jHmqvnUzREKyTqdt+aKufeheNjRZmHfjYWtGah7LpKnjiL52jGkTh2dcrlMpuCvWg9v41Z4t22DnGYatG6W727SyjTByw5BN615N3NZ9LlTGQjPHf8+dAqwRtd1FL6HZFNryaaFH8kBP+sHSKbYeIYqQ+e78ERlN1bxIqWEUgp//fR5ho5ERHXOCyT++unz+LMntgIAdF1nBSQVheFjzMkqv5Mw7EukDA2WrtX8+llCRdWc7HJdW3a2mdjQZOB0rvjE2BgZQuNPf4D04Zdn3U/3XKROHUXq1FHI5Ldg33E/7DvumzaELAfdtGBlGhEUctBb2iv6oK1bCZipDEI3mtYeODaMRAq6lUCisTRTzMcMB8ChEYXXpQOu/UgVYXJeB1FFjK3vKITA/rPZag+HiIgqYP/ZLIQQMAyDlY9UNIaPMRaXWc+uYGBH1fVrmzL4s8OFOZvP6J6Lph9+a87QcabrNj73FDIvPYvcG94KZ/vehQ53XsxUBqHnQLgOzHTpp3fPeu50dO6xRVAD10ayTBWYR3LAnR0MH6kyTL77TlR2E6sehRDwqrlWEBERVYwXSgghxqseua47FYO/JTHGvI8okjY0/NrGNFKzlN+mj7yMzr/6+IKCx4l0z0XLd76M9i98quh1IedDBj7c4RuQIhzfZlhJiMAr+bnmohsmrAmBp/DcSVOxS+lkHjiXDyAlX5xS+bHykai8Jla6KKV4305EtMSMvfk0hhWQNBc+PY+xak+5JoqTlRkDv7YxPWW77rlo/8Kn0PKdL0MvYXCWuNCHjs/9ORqf+0HJjhu6DtyRQeimBd24WXhuJJIQvgclKr8YqZlqgKYb498Hbvka4BzNahBhOPeORItgahpY90hUfhObDTB8JCJaWiaGjwweqRgMH2OMT+OIJltheni48+b3jc/9AJ1/9XEkLvSV7ZyNzz2FjhJUQYaODT8/AiORnLKmYhRGGhBh5TtCa7o+qfpRBgHCMnXgPpwDPJZ0U5mx6pGossbWfSQioqWD9/00X3yKHmNxWfORKA58z4MUAvc3uOjd9wN0/48/QuNzT5W02nEmRv8V9HzxU9hy7LkFXT90bfh2FlamEcnmtmn30RNJyKDy4SMAmOkG6ObNtRgD14aSpa/CHA6Ao1m+rULlxfUeiSqHVS9EREsT7/9pvthwJsZYIER0UxAEOPPyUfzwM19GaLsVf+ckdFwMf+tb2HauD8df/66iO2KHngMASLf3zNrN2ko3wMsOQXgujAp1257ITGXg50cAAEoIhI4Nq6Gp5OcZDkp+SKJxuqax8pGIiIiIKGb4FD3GuOYjUUQKgevnLuG7//NJeHb5Kx1nM3j4KHq/9CkYI0NF7W8m0zBTmVmDRwDQdAOp1k4EbgGha5diqPNiptIwJnS6DpwClCj9+oytCT7sUPnM0pOKiIiIiIiqhK8CY4q5I9FNSins+6enqj2Mcf6VK+j+uz8vOoAslgwDpFo6IDwXgZ0v6bGLYaYbJn0v/NJ34G5JGnPvRLRADB+JiIiIiOKH4WNMVb7nLVF8CSFw+WT5msoshHJd9H7zyZKtOekXsgjsPJQUSDS1Qvju+JTtSjESyUlrP5YjfOxI8mGHysfUmT4SEREREcUNXwXGFKdcE93Uf+5y1adbT8e7cgXbjj2LxeQdMgxg37gKTdOQaGyGphtRB+pME4JCHkpU9q0IM5ke/1oEfkkbz6xt1NGZ4sMOlYehaTCZPRIRERERxQ5fBcYUm80Q3eTmKz8FuVi5557Dry4PsKVl/v27QtdG4BSQau2AlWmCpt+ckmwkkjCTqYpPvzaSKWDC+pQlq34UIR7o5EMOlQ+nXBMRERERxRNfCcaUZPhIBCBa7/Fa38VqD2NGnu3CO3IEv7E5g8dXF9mlWil42UFohoFkU+ukqc4TmakMhO9CBn4JRzw7TdcnT70uwbRy7+I5XPn0f0fu8IFFH4toJuxyTUREREQUT3yqHlOsfCSKBL6P3MBwtYcxq4vHTgMAHlqWwEe3Nsy6rwx8iMBHsrkdhpWcdV/NMGAkUgj9yk45nxg+ygVOu/avXUZu/7Pof/KvcfkT/wneudM4dOB4qYZINImGaNo1ERFRXNy5rhVv2NqJTILN9oiI5j9PkCpCB6DzhRQtcVJKCN+LXbOZW+UHhmCO/r1uaTbxkc0N+IsThWn31a3EvI5tpjNwhweQyDRNmg5dTrox4aGhyPVn/SsX4Z3vg3uhD96FPgTXr908nm7ANBO4cPYSNCFgmHzoodLjtGsiIirW7z+2EW/f04Njl/P46GcPwfZLu8b2o7u68e/fugHphIGvvXQVf/rNUyU9PhFRreErwBhSAKBFlRwaorxh8tfaNNuI6k8+72Dg1FncOH+l2kOZ1cCFK2i0bv4V3tVp4uyIhu9eXXwJ81gVoggDGPMMLhdKM26+Q2+mMtPu41+5CPfsKXgXzkZh48D1KfvougHDsKDrUZH92TMX0WBpMNkVhIiIiKpMA9DVlMC2lU3Y31faWTa2L1DwBJQChu2gpMcmIqpFDB/jSAHhrIs+znzZpGCSASbVMMdxIITA95/8ZrWHMif3lk7cQghsmD6zqwnCdca/Hut+7V+5CPfMyaiy8XwfwuHBSdfRNA2apkPXdWiaMR443iqbzaO9vbV8gyciIiIqkW0rGrG2M4OzN2wcvTy1CeC2FY3obU/jlfNZ9GdvNun70fEB/Oj4QCWHSkQUawwfY2gxtVIK6uYsyVkPxACT4svzPARBgP3few79Ma96HOMWHKQaoqBO13V8/UrtLtwaeg6C/isILp1Hvr8f7oU+iOzUigBdN6AbBgzdQLF//dlsgeEjERERxdqO3ib82zevx/aVTdAQvXI6cimH//LdMzh8MYd1XRl87K0bsGdNCzQAfijRn/PR1ZTA5569iNdv7cBt3Q2wfYG/f+4SPvX0+fGp3q9eyKK9wUJve/S88cXTw/jYPx4r+dRvIqI4YfgYQ9WOLBhgUjVJKeG6Lg79+GU8VQNVj2PGgkcAGPCBC84sO8dY/thBXPn8pyALeZhmAroeTcG+WdV48/NCZLNTqwaIiIiI4uTDD6/B9pVNGLEDvHI+i92rm7FjZRN+8w1r8FufO4z339+L3atb4PgCr5zP4rbuDHrbUnADibwbou+6g5VtKWQSBvasaR4/rgbg9lXNEFLBDyWSpo6dq5rw6O3d+NK+2njDnYhoIdjtOoaqHT6WgoKCVApCKYRSIZAKvlTwhIIrFByhYIcKhVAiH0jkAolsIDHiSwz70eesr5ANFHKBQj5UKITRdZzRY3giOmYggVBFHcKlqo/bbykLwxD9F67iB/9QO8GjvKUpSyGs3d/Cwae+CVnIQ9N0WFYSppVEIpFGIpGCaSZgGOaCg0cAECHf1SciIqL4emBTOzYta4CUCt862I9//4Vj+NbBfgipcFt3A955xzLsWtUMXQMOnBvB7z15BN94pR+BiF7/jNgh/q8vHcfVYW/a41/Levg3/3AUf/DVk8g6ISxDR0djZdb1JiKqFlY+xlCRzWXrmkIUYGIRFZhRJaU2XlU5bROf8W2swIwLpRS+8l//bso6inGWTCcnfb+20Zhhz4XRdB2QsqTHnI5/9RKCi+dhWSmYpgXTLP0TYcMo7W1DREREVEpNKRNJS4dUgBtEz78GCwFCqZC0dCxvTSFlRW/EDuTn30zG9gSePz2EO9e1wgsl0gk+NyKi+sfwMZaYPpaCQhRkTdow695TMcCsvPPHzmDkxlC1hzEvPWtWTNm2pkHHuUJpAkPNMCClQLmfmuZffn58mvXYZyIiIiK6ydD5DJ+IaL4YPsYQo8f4KEeAOTGUZIA5Da32fuJl63qnbHukR8d//sRXYHV0werogtnZDbN5/o1WZOADSkE3yn93XTh6EMDY+o7lCR8bm2q4DTgRERHVvZwbwgui9RjHKhzbGyyYugYvkBhxAoQieoO5o9ECADCPJCKaHcPHGOK06/pSzgBz7GugfgJMVYN/ABt2bJyyzT95BCPPfG/SNquzG1bXMlhdPbA6uucMJYNCDkpKpFo7yzLuiQqHDyAcvAGgfFOjW1qasH79qrIcm4iIiGi+Ohot/NkTW8e/D4TCP/z0Es4NONi9uhlv3tmF7uYk9q5phqFrOHPdxmd/chG7VzdjeWsKd61rxT/+1h3obk7AMjQEC1zamuElEdU7ho8xVHvRC5VbJQLMSUFmFQPMletXQSoFvQoVkFJKCCmgABi6DqOI6j8hBTbv2T5l+4njfTDNBJSSUEpBKYngRj+CG/3Ascn7Go1NsDp7bgaTXcuAMIBz7TKSK3qR2LKrRD/hzOwjr4x/Xa6qx917ts69ExEREVGZXR3x4I12m85MWHNxxAkxkPfxlz88h3/36Aas68rgke2dUADOXLfxlz88BwD44otX0NuexuqONNZ0ppF3Q0gFhELBC4tbdsf2QnihhGloWN2RLsePSUQUGwwfY4jhI5VD1QPMCZfNpqG5EYl0AqE7/wW8F0oqBT/wEcoQnW0tSCVM9A+NIPBDJK0EtFkG3rWiC6mGqU8Yz5+7DGPaqdJqNIxUkFJCKQlZyMPN5+CePTVpzyDw0P7I29FY5vBR5LLjU6513VhUN+vZbN22vizHJSIiIpqPTz19Hp96+vys+zzxiZdx57pWdDcl0J/zsb9vePyy504N4bk/fwn3b2yHF0rcsbYF77+/F14oMeKEAID3fuLlScf7j19/Df/x66+Nf3/0ch4f+dtDWN6SxMEL2RL+dERE8cPwMY6YPlJMVSrA7F69ApdPnitqTFJKKKiiqhRnur7tu7h3zxa84Z5daEynYZomXN/Dt5/ehxcOnkQmOfO70ctX9ky7/eqV6zNcQ4t+fm1qheFYhaRSMrr1NMC/WNztsBiFQy9DBT6A8jaa2bKF4SMRERHVjomB40SP7enByrYU9vWNQCmFu9e3wjI0DOT9Ga8znf6sh/6sV6rhEhHFFsPHGGL2SPWsmABz5ZbbZg0fAxEiFCGEvLmwjqbpSJoJmPNYrzAQIaBJ/KtfeBO2b1gzKcBMWhbe/aYH0N7ahO/9+BUkrcS0x2jvap+yLQxDDA/nix7HzZ9Bg6YZwGhfa13TEVwof/hoHxtrNKOVLXxcsaIbW7YyfCQiIqLa98j2LtyzoRUffODmWtY5N8TXXr5axVEREcUXw8cYYvhIS13PLE1J/DBAMmli76b12NC7DKtXdKEhncahU2fxrR/ug+N4c06VBqLgsakxhV94889g67rV0+5jmSbe+Lo9uHxtEMdOXZo22AxvOY8QArZtw3HcIn7S2QkRovHOBxZ9nNl4F8/COX0CwNiU6/Kstblj56ayHJeIiIio0j75g7M4erkDG3sa0Npg4bWrBXzv8HW8dHak2kMjIoolho8xVIPNfolKKtPUMONl63q78avveCPSqdSkpjSv27kVO29bi289/SKeO3AcKSs5bViolIIfBmhpzuDD730zetqnVi5OZOgG3vvoQ/h/P/MVFPIedH3yeoiBpiMXqNGGPAqObeMf//6bkHJxf8hChDA7u9Hx9vcs6jhzKbz60vjXul6+h4RdtzN8JCIiovpw9HIeRy/Pf5YLEdFSVZ6uArQozB5pyZvlj+ANr7sdDen0lG7YuqahKZPBux75GXzo3Y/ASuhwfBeBCCGVgpACfhjA9l2sWtGJj/7i2+YMHsdkkkm8++fuh24CQRg1wpFKwQ08rNqzFa7vIVQKrh/gRz98Ed/42g8W/KOPkVKgYefeRR9n1nM4NvKj4aOuG1OC1VJi5SMREREREdHSxMrHGGL4SEudEGLGy7J5Z9brWqaJ2zdtwNqVy/CdZ/bh0MlzyBVsWJaJno4W3H37Ztx7+zYkLWteY9q6bjV+91fejs997SlcvDYAANixcTW2pFMYcV0YugEhBL745DfmddyZSCWRWrexJMeaSf7V/RDZaFF0fR5rZc7Xtu0bsGxZZ9mOT0RERERERPHF8DGGOO2alrrlG9bMeNlPDxzHPbs2z3mMloYG/MLPPYC3P3wPHN9H0rJgmSYSljWlarJYyzo68Nu//BhOn7+CdCqJVcu6kBwcgteQhqPr+N43n0Z2AY1mpqOhPGsvTlQ4uD86l6bDKOOU651F/H8RERERERFRfWL4GEOKtY+0xGWaGxEKMe2ajf0DI7gxnEVna/OcxzF0Aw3pNBrS6dKNLZnCzo3rJm1rv3wV/akUfvLD50tyDqUUlJIw2zpKcrzpOK8dg3v2FIDyVj0CwKbtm+CIaF1MDYCmjX5G9MWt24mIiIiIiKh+MHyMIQ2cek1LWxD4aF3Rify1oSmXSaXgeF4VRjWZUmq8M7QuJDouXEL/6HTsxZIyRGrdxrKGj4VX949/bejlCx+bmhuxcdtt8MR092pTt0UhpDZtIKlNE1QywCQiIiIiIoo3NpwholiRQsB1HKx98H4IOXXtxyAM0NnWUoWRTabdMnXbcj387pvvL8mxhRRouqs0x5pOMHgd+dHwUTdMaFr5Hgq27tiIRDJR9P4KUcAslEKoFAKp4I9+eELBFQqOULBDhUKokA8l8oFELpDIBhIjfvSRDRRygUI+iPazRz+c0WN4IjpmIBUCCYQKEAqQim/+EBERERERlRIrH2OJtY+0NAkh4NgFXHWBn6zYDaPlx2gYGRrvwhyEAfZuX4d0ovgwqxykUtOuG/nI7Zvw6rkrGEhm8KHf/gC+9oVv4l++9dS8jh2KAK2vfwsad99dquFOUTj4ElQQde0uZ9UjAGzdWfn1HhWiytRJG+a8xmTTVWACt1ZdTqy01GbYTkREREREtLQxfIwhTWPTGVp6lFJw7AKGfOAzFzS4VhrGY++D9vefQCIMIKVE2NGBNzxQvlCu2HHO1rDmAx96L0Za2wEAP//et+FG/w0c2Hew6ONLIcre5XpsyrWm69DLHT7uKO/PUi6VDjCj7QwwiYiIiIio/jB8JCohDYCpazDqIDEQCghkZVJwpRTsQgFOqPC/LmlwR2dbi+Wr4PzyRyG+9xWo7l44b34Hvggbv6MuVS2UUVAzdqIebO8aDx7H/Kvf+VX81z/9n3jt2Kk5jy1EiNTGrUit31SSsU6n8Op++NcuA0BZO1wDQO/qFVi7flVZzxFn5Qgwp1vfctYAc8JlRERERERE1cDwMYb4OrE2mZqGjKlBr6P/wEAChbC8AaRSCrZdgB1IfOaChqvu5MvF8lVwPvCvAUR/G6+gEX+LZfigulrWcU0nCENY5sx3m94MXbV/7//4LXzuL5/EC8/un/ZyYDSkymTQ8fb3LHqcs8m/+hKAKNAqe9XjztqseoyTuASYY9chIppobP1jTdOQMDX4ZX7OQERE1ZcwtUn3/0TFYPhIVAIagAZrpnq42mXpGhpNDflQlu0cvudBCoGvXp0aPM7kx1oLOhHg7ao03aWL4fo+UrOsNRmaFtxUZsbL3//hX4JtOzh04Mj01w99tNz1BlgdXYse60y8i+dgH42mgBuGVfYnC9t2VH69R5qqkgHmze3ajJcRUX3RtOhF6J7eDF44W6j2cIiIqMz29GbG7/uJisXwkagELL3+gscxpg7omgZZhoVIlVIIwwD/64LC8cL8bsGvap1IQOHn1GDJx3Urx/OQnKPJzUhrO6Q+e9fo+x++d8bwsRKy2QgOWQAAIABJREFULzwDADAME4ZR3rv/js427LlrZ1nPQZVT6gATmL5xz+TLtNGlLBY1dCIqE03ToJQaraTX8b47O3Dggg1fsPqRiKheJQwN77uzA7quT6p+VGxaQXPgU/oYqtcQq57V01Tr6ZTjjkIKAbtQwD+eLqAwmMUe9zp6wvlVTHxB68KfaauQLeP7KLbrIplIzNpkxkumpqz1OJ2de7bjztftmbJdKQmlFKzu5Ysa62yc0yeQf+mn0DQNhmGV7Txj7r5/L1LpZNnPQ7VDIeoUL0Y/QqkQSAVfKnhCwRUKzuiHHUafGTwSxdPEapex8HHriib8yduX447eJBL1sPg1ERGNSxga7uhN4k/evhxbVzRNCh8BTr+mubHyMY40FFFVQnFSob4sVVPqSddSCNh2AQhDPGz3Y5tmR7/3EhgqCHxfa8Oz6WXwtLnvoo5qGfyf2jp8UF3FHSpXsjH6QQDH89DU0DBr8BhYCVzvWQFV5APuBz/6fnQv78a3v/rP49vC0EfHY+9Fw869ix73TLI//REAwDDLP90aAO6+r3w/Cy0N6fIuSUpEizRW9Ri9qWXAsixs723B73cmEQQBwjCEEILVMET0/7N35/Fx1ve96D+/Z5td+2LJm2TZlvHGEpvNkGBSCgkJJC/CaTlJTm+atkm6HHKaU3L7um3uyXLuuWlOF3JvSNM2NyctaZLSFgIkQAgYs5hgHNt4wRbGljftki1p9plnuX+MZjySZkazb/q8Xy+hmWee5SfLHvF89P39vlTD4u/xiqJAVVXY7XaoqgpZlhM/A+I/D4gyYfhYhfjPtvbEukLX53fOsFDUKdemYcDv90MYOppPn0e7MX+hx2ZVxv2YxW7fJB5VV2PA3rrkOQOQ8C3RjR4RwvusadxoeWHLMzI1TBPeQACqLKPR7c68r6xgtHs1IlpuFX53f/QuGLqB5576BQxTh9LWCc8Nt+Y13mz4jx9C4O23YtOtS9zhGgA2bdmAq7ay2QzlTxYCar2XlBPVgeTwUZlryCZJEqLRKEzThGnGfhYzgCQiqj3xQFGSJEiSBFVVoaoqFEVZFD4SLYXhI1ERWABChgV7nU0zMi0gUMTOlbGKxwCUYBANF0eghNJ3mGmzafi98Dn8HZBVAAkAZ2HHWbECe51deLA9BNfUJGR/AMJMH0RakoSox42g3QZ9bAxaKISGJaodAcCUJFxc0wtdyW8K8z33341QKIwXnn0R9r7SNmaZfX1v2aZbA8ANu1j1SIVx1Nl7KVE9WljtoqoqJEmCLMvQNA2GYQBg8EhEVMvi7/GyLCfe41n1SPlg+FiF+E+3NoUMCxETUMVcAxqxsHlCbbCAubXYgPN+A6ucMpSkHyiGBVh5rAtgzK3xqASDaD5zHmLupiQTp82O3/QP4v+2NWY1BRsAtjYreGCdA5bsgW9FrHO0HAhCCochRSIQugFTU2HabTBtNoQFEAwEAQgYDa3oungOUjCY8RqWEDjXu3HJBjOZhEMhbPvAHRjt7IG37+q8z7MU74F9CJ15B4qqleV/DOwOG65n+EgFUCTBtR6JasTCG8/4zallWYkPIiKqbfGgceFH/DWibDB8JCoi07IQtoDwgkUg3YpUMzfTArHwVJWATY2p3yL8enyqeXYsy0I4FMwpeIzrcDpwm/ccnmvoW3LfnW0qHljnWLTdcDpgOBdvNw0DIb8PpinBMGPfoKmOFVh5bjDtNaKqhvM967Mef2oWgsEATgW0kgaPlqFj9vU9ZZtuDQA33boTrW3NZbkW1SdWPRLVlngAGQ8dgcXVjgwhiYhqz8JgcWF3awaPlAuGj0QlVkvBY7ZcikDIiFV7ZiMUDMKMRNB8YSSn4BEAJCFwg34Zzy2x30fW2PHeFVpO57YsC4ZxJXgEgJDmwExTCxqnLy3af6apBZPtK3K6RirhUBjjIQPnjdzGm6vZ119CdHQEqlq+rtPve/9NZbsW1R9NEmD2SFR7ktf8Sq6ISd5GRES1Kfk9PF7Vzvd1ylWdRSL1gf+O64dWx9MH7bLIaip5JBKBEQ6h+cz5jGs8ZtKoSlgbmUn7+gPrHDkHjwBgWZgXPMZdbm2HKc9vtTu+YmVRgkcACEfCOG/YMGOWrp2v4fNi5pUXICtK2f7nYMeN12ATG81QAept3Vyi5SQ5dCQiovrE93rKFysfiUpIrdPgMU4SAkaGqVSmaSIcDMIzPAYlmF/wCACKJKNd9+Oc1jhvu10W+IOrnFjpzC/Ei0SjKbcbkgy/yw3P7AyiqobJji4EnK68rrFQNBpFMBzGeb2hKOdLZ/b1l4CAH7JS2urKZO/7tZvLdi2qPzZZgA2uieoLb1CJiIgIYPhYlfi/afUjh2UR61IkHIbN64XjcvqqxWwoioIheX5Y12yT8NsbHHkHjwBg6AbS/YvzNzRC1nVMtXUiYrPnfY2FwuEQTkc0jBil6zwdnRzDzMvPQy1Td2sA2LRlA3bedE3Zrkf1RUCw6pGIiIiIqE4xfCQqId0CyrfaXnmZVqzBTjqGriMaDKL9wkjB15qWNIwo7sTzbqeMP7jKWVBjCtM0YRgW0oWPIbsDoRUrYcjFe5s0TQORcBjndGfRzpnK7OsvQZHkslacvO/XuNYj5c8m8xdvRERERET1qs4nhdYmTjurH1HTQqQOyx8tAEHDQqavLBqNomFkLOcGM6l812iBay5o3NqsFBw8ArGqTCtD3GEIuajBIwCEQmFcDAuc10s3FTp84Sz8+1+DJJVuPcmFVFXFe24oXdduqm+yYNUjEREREVE9Y+VjFZKEADLGOlRLTnsNNKoC7Xa55teAtCwgYlqImMi41iMAmP4A7AVOtwaAk4aCY/4o1rcIbHYqeGCdo+BzWpaFSESHmaLZTClFwiEM6jboJazxmt23B3IZp1sDwFXbNqCh0VPWa1L90Gr8fZGIiIiIiDJj+FiFylevRMXiUiTIInXValON3VnrJhBKqmq0EAsdgcyVjskMXYdjcqoo42m/bjM+7TUwEYrig+vcSx+QhUgkAsMsyqmyFg6HcCms47xRnK8hleCptxF++0hZqx4BsOqR8qYIARurHomIiIiI6hrDxyokRGztK9Y+1oZaCxeXokiAWxKYjuSfzpmmCcest+Cx6N0r4PQ4sbOIRXWWZSEcCsM0yxvQhUNhDOo2zJbwut5XXyx78AgAm7dtLPs1qT7Y+Ns2IiIiIqK6V1+pSR2RytgogvLnUur3++RS8n97EP4A5Ei0oOtbsgx9zaqCzpFKNBKBaZb3+6brUYTnplyXiv/IrxA9N1iy82fSvWpFRa5LtU2VBFQuckxEREREVPdY+VilJAEYLH2sekodh8SFzISUitBkRl+7CpaS+1uUaZqwTBO6oQMALNOEaZoABHQ9ts20yl31GMKZqIYxo3RrMfpefaGs3a3j2jtbIcssX6PcCIBNZoiIiIiIlgmGj1VKFkBhdWNUFnV871zIl6b6/AVd23Q5oXd3ZdzH0HVYsGAYJkzDgGnGPs8buIV5z2XDBHQT0SJ3sc7ENE2EwmEM6s6SXcO3/1UYE+MlO38mHZ1tFbku1Ta7LAr6BQcREREREdUOho9VijPRaoNhAfU687qg2kVPYU1VZjrbEZ2ZSWSH2XyWDRNaOAzZMKCGw5AME2ooDAFADYcgzXWYubi6t6xdncLhEEYjwFldK8n5rUgY3pd/UZJzZ6OxuaFi16bapEpsMkNEREREtJwwfKxSElvO1ISgbsGj1udNdEjP/++fZc9ubUMhxKKgPex0QpIEbMFgxmMlw4AaCsMeCMLmD2R1PZ+7AWG7I6t9iyUcCuFcWIFRojJZ7769sPy+kpw7G41NDB8pe5xuTURERES0/DB8rFJ1vJRgXTEsC74o4FQWh2i1yrCAgG7BsPIPH02XC6ZNgxSOzNsuRKyZUvwjFSUUguvshbyvnYm3oSmn/YOBAAzDgKzIUFUVipL7mo0tDiceGBrADl3FKcmBAa0ZI2px2ncbs9Pwvfx8Uc6Vr+aWxopen2oLp1sTERERES0/DB+rlCTA2scaoVsWvFELkhA1vwSkBcC0rIL/3lmWhXBLMxwjYwAAWQhIUvrAsRxMSUbQmdu6iw6nE4GAH97ZGQCAJMmwOxxwOl2QpKW7gct6FF1n3wVkCdfJBq6FD+HwJZwM2nBMbsCArRmTSv5rQXpf3QMUEBIXQ2NTcYJUqn+cbk1EREREtDwxfKxSArEKsUKqz6h8LIDfqyShUBBWgwfu0XHIklQVlbwhhxOWWDowXCgWNMqYnZmGaRoI+H0Ih0JobWvPeJxkGmi9eG5eOCgA2DUN18DCdmsaocAYDlkO7Ld14B17a07jEpcmEHjztZy/nmJrbm2u9BCoBnC6NRERERHR8pX7nTiVTb1M46XlR0R1tI6OQZGrI3gEgKAj/wpDu92O1rZ22Gx2ALG1KpfScvE8tAzrVkpCwGm3Y5fDwmci5/CJmRPYGJrKekz/myuIvhW5BZalsKKro9JDoBrA6dZERERERMsXw8cqxvCRalXz+GTWTWDKJeAsrAO3LMtobGpGe8cKtLS2Zdy3ZegC7Dk0gXHa7bjZbuJ3w4O4e/Y0PEYk4/4brQBuVYP4+ic/VNEAUlFkdKzI/GdBxOnWRERERETLG8PHKsZvDtWqbCoDy0lXVERs2XXgXspSX1vj+Aics9N5ndftcOIuNYDPeE9gS3Ai7b4fQaxC0m3XKhpAdq3srMh1qbYweCQiIiIiWt6Yb1WxKstviLIWXLsGekP1NCKJaMUJHpfivjwFz9RkQedQZBl9ThUfD5zBewIji17fYXmxybpSVeq2a/jS/XfAbdcKum4+uletKPs1qbbYZQGFP8uIiIiIiJY1NpypYrHOwGxiQrXHUmT4Nm+CNjEJ29AI5FAou+NkGaFVK2G4Mq/PKIXDcx8RyP4A5EDmKd6mLGc99nzZfV40jQ4X7XzNHg/u856HbNewX7pS2XivtXhdyM4mD770H34dD/3j00W7fja6VzN8pPQUSbDJDBERERERMXysZixLpVoXaW9DpL0NztffhGxZECIeql9hyTL0Bg+iLc2INjfDUrIJCudXVcr+ALSJSaiXL0MKL14v0ZBKGz7K0ShaRi4W/bwetxvXNZgYnZjCeUcrbremsRLhlPtuX9uF7Wu7cOTc4mrJUlm1urts16Law+CRiIiIiIgAho9VTRJAoxaLIK25Ash4HaQ19x8L1pVtafdJvW3evpbFGksqmWhrM6zx+dORo+vWQu/uKsr5DZcTQdcaBHvWQOjGokpIX1gvynXSaR65CEkv/jVCre1o8nnxYT2Eb6EV91qZp3TfcfXGsoaPrHykdDjdmoiIiIiI4hg+Vrn4vVvK9R9F8h7FudLSgWXqsDNtAJp2H4ady4nR2QElKXw0WpuLFjwuZCnyovUmjRk/UKL8sWFiLKfO1rmQBbDRjCKsmbjXmoQHRsb9b+rvAbC3JGNJhWs+Uioqp1sTEREREVESho80TzzPXHTbKBY9KMaVYqEkqzrrntnYALOxAdLMLEyXE9ENfWW9vpBKs36qLeBHw+R40c8LAJaioGnmcuw6qppyrceF3HatbFOve9aths1W/iY3VN0kIeBg8EhEREREREkYPlJFCZS5qhMpqjHTVHUuDjHTP2dV59IiV22ENDMLo7Wl/Bcv0TekZehCaU4MQLPMvFreb+/pLkv4uOXqTSW/BtUehywgMXskIiIiIqIkDB9p2Ug7hZ1VnWVhKUplgscSaZgYg6xHS3JuIcSixjzVZsv2/koPgaqMQxZQ2SmNiIiIiIgWYPhIVCK1XtWZep/aCTvnEcWddq2GgiWbbg0AcpUHjwCwvn9dpYdAVUSTBGycbk1ERERERCkwfCSqA5Wo6kxfnVl9VZ2yJAEwi3Q2oHFirGjnSkUuYN7q2LS3iCNJbcOmXjQ0ukt+HaoNihBwsLU1ERERERGlwfCRiHKWuTFR6as648+zreqMygLBIoxIMg20jI3C7itdwFdI8OgPR/D6wNkijia1TVs2lPwaVBsEAIciivavnoiI8mAG4J01YGvwQOPyF0REVIUYPhJRVStGVaehCMwWMAbJNNAyNQHP7Az0SKSkU89lkd9dgz8cwUP/+DR8oUiRR7TYBk65pjlORYCzrYkobvjlw/jJ0MKtDtz7QD+6KzGglKZx9KmzeNUXfy6w8qpu3HNNeyUHVZjRQXzp7y9j40dvwee2TuPsgSG8dtSPZy8B2ze14rfv7kMrQ0kiIqogho9EVPdEAWsoSqaB7ovnYAuHYJilXfNSEiLnBtdnxqbw+BvH8Pxb75RmUCms7+8t27WoetllAZWtrYkoydQ5H753Fui3X0m6uld4YCvrKKax59vH8EX3Suz/ZKqfV1EMnvHhe7odn+pWAD2Mx54awKNHfXj0k73QyjrW4oroAM5fxF88H0DvOg03axHsOTiCN30SHn2gtr82IiKqbQwfa4BpXVmtLm3/klTbUrzA20Si7CUHjwBgmMVbNzKVbKdcHz03gn0DZ7Fv4FxZ1nhMdtv7b0JnR0tddGCn/KmSgJ0lj0SUSkMz/ubBLWit2ACi8GYzCaCjFZ97IBZOfuKF/Xj/qxPYM96LOztKO7qS69mKR/6P+BMdO7//S/z++VkMA+ip4LCIiGh5Y/hYAyQBBHQLulmaW/rFt4+pq6/S3WaKFE9yCkkXvJjtsSnXHFy0r8hpjBmvL5bej+pLx9hwIng0SxyqSUJASlP2eGZsCkfOjeDI2REcOTdclqnV6dx11y64MjYXufJaIY2J6r4Dew2ThYCTDWaIKEeRd47hq49N4zkdgCThnlv68Ge7OwFM4blvD+DVjWvxiekL+P1jOu65+0Y8uGkMj31/EN+YBCAp+Ph6DQeGNXz1C1vRY07htR+cwpfO6PAC8DR58Minr0a/ewJPPjyAr00DmB7C9V8ewsc/fAsevC7z2DzNGgAfTl4Edpw5jL95PYB9s2bs3G3N+O6nt6DHDuDiAL72wwk8GYgd19Pdjm//bj9aU27vxpG/fwsPN63FE/evBsxBPPzfh/CDhmY88+AWtM5VaH67Yy3+5b4uTO07hode8OGoGft6H/zoFnx8qwcYP4E//64Xt9zXiclnLuDhaSce+fPrsGP4yjVb3RJsSBEumlMYngbQYK9gGExERMTwsWYoAtBLdO7FN+5W4sa/CCersPIOKGWQm/qFpYPTEgW5KbfnEOQu2p7jOBPbqzzMtYVDcCU1ljFKFP4DseBRlWNT1CI2O8I2O06PTOL7P/oJ3jo7DE2zl+zaubjhxqtxzTWbst6/ZhoTLXiesqpzQWC6nLHBDBFlFAnjwP7Tc2GXgu7ta9GtXcAPHp/GwJouvPDxtcCBI/jkM4N4rLcT9/e0or8b+PNXBzHQ3YSvfMCD3q3AwE/O4Rs+Nx55cDO2+wbx8D9NYKC7ET0AvHsH8cWzEh76retxT/cUHvv2aXz6sdN48VNrcden1iL83XP4RlMnXvhoO2zOpYfsvRwBoGHTKsAz6cDOXe34/EYXtMmL+NIPLuPhV6bw13fI2PPUBJ5sascLX+iHJzCGgYtKLERMud2D3g4Jw2diVYfdZ/04YJfQPx3EyRCwS5vCkXFg184uYPI0/uYFHxqu68P+u1sx/NRBfOTxU+hffx12dDRguzKFP//hEO65rhOPrG3AdlzA934wgSMdnXjio+3AkXfx+3tC87+o0dP43o9H8O1ZDX/2qT54iv19JiIiygHDxxohC4EqTPZogZRBbuoX8jlZhVU+yAVSNJ5Jue/8bUEj97G7FnS0NvNO5DMLexrga21DVNGgq2pi+8v7DuPw4MWC1qsstg/e/d5KDyGtYjQmyv4qS1V1xh6krOBMtS3pebVXdToVARY9ElFGoQAe3RsPwjT8ds9adI9O4bshBQ/t7oNHAnB9O+594RyefGsI9/eshEeTANjx0Ke3YocEAIP49jsmdlzXhR1NGtDUgn7nBCBJAKaw71gIkTVduKdHA9CFu7YP4RsvX8aboT7sarDDJgFQFHiamtKPc3wK3/7hDKBHsO9sBD3rVmJ3B6B19OMeMwDvbARoa8TNDdPYp5sA5Nhxl7zYc3IKd23qRP8mAJhOsx3o6XVCOxzEwDTgORfCQEcD/uTSLIaHASCIA7Djt9crmHpzBs+ZTjzygS4AQPetzbjz4AT2HAxgx80abBqAjk782Yf7Yic+chjfDUl48H0b0N0EYL0DvcnhY+Q0vvGdERzpbsY//VY/+pt4y0dERJXFn0Q1QpFi1VGlCkCIqk2qIBdAXlW5+VQtzjY0oXF6CpJp5l8JvITpFd3wNaeeCDV8caQ0F83T5m0bseU92+HTY38YOS9bkOLFrKt601xsySUWkjYUuzI3c1VnprPnYn7YmT7ITD2FPe22PNfqtMkCGhvMENFSUq35eBGIAECiD40drU5gYDZ5GREpFhrOiZiATUrVotlE2MRcEBnjaVQAhDB1Cci5rbZiw/0f7k10u44cewuff9yLAUVCtwJMhoBYltiE3fd14XM/HsFfPHYCX0tMjU633QNsdOFejOHkeaBtNIRd3WvRi2n85Nw0btcDGGhwob8JgG7O//qbNLQBODvjT/rjSfqz0IEIJNjSTYzQJGhQcP/dW2LnJyIiqjCGjzVCAJBFrPkMEZWerqq4sKYPLr8XWjAA2/Tlop5/Yu06hJ2utK8PXxgGEAuFqoHDaYeePF+56pRvYOVaJzfd9lzWyk0ZpKa6l8eVqdTxeNmyYofG/2SVlMcREWVBQazTcqJvWwThCNDfkLn/cjhlo7e5kC7ptUhIB6CgtSWHMSU1nLliCnv2eDG8fjVeeGAtgNgaknsSx/ThU3/Uh09duoAnf3wBX0tMjU6z3d6E/qYxPHvhNFaOSth+dTt6MYg9o5dxbySC7lVd6AYwpUi4EqoCCOmIAOhudAHwI3dtuP9eBbYVeRxKRERUAryVqCGc6kZUXrqqYqapBT53Q9HOGWhsxlD/lozBo2maGLo4nHheDQGk0+mo9BCqhrXow4JpLf4w0nzoyR9m7COa5iOS4iMc/zCufITSfARTfAT01B/+uY/YcxNBw0TAMBExLShS7BdgRER52ejBvZKOn7wxFHt+bBKPBSTc3teZ5oBmbO8GDpwcxdHpALxvj2HPbPy1VmzrUYDzl/HatA6YU9jzVghoc2F7ciWgniq4zFJERwQ6vCdj152MRAAEcPbIhVgn7ZYu7FqvAKYJbyjddgBoR3+3hAPDl3FkVsPGdUDrShvaRqfw7Diwuy82zbp1gxPbEMCefdMAdEy9NoOfQMP2jWkWrFznwJ3QsedXI4AZwNlDfrwJAObcCvE+HwZHZjE8WaoV44mIiHLDyscaokgCyGPtOqLlrtB1E01ZLso4LnWvQqCxecn9RodHYRoF3DSVgMPF8HE5ine2ZvBIRAWx9+HBj/rw+ccHcf2xQQDAjq2r8fGt6W5FmrD7A63Y/b0pfPrhg9CcGnYmBYvdd/fi66On8cWHf4kIAM1px9cf2DDXVKUZ/askaMdGcP2Xx/DgAzfj4xuzHWgrdu9y47tPjeCWL4/A0+TBQ9s1fPXsNIYh4cjec/iLx88lppDfefMG7G6awZP/lGp77Iz9W1zoecyLJxua8dt2AOvc2OUbwWOmHV9fN/f192zCV997GF/ccwzXv4BYN/D39uHOtnR/PH343M0z+OS+07j+INDf3YTPdUfw7IUxYMdK4J0x/Jf9PuxSZvDXd7DPNRERVZ6wqqGkhrLmjcYqZ4goe5FIFF5vZOkd05AMA93vvJ338f6mZsx0rIApZ/f7noP7D+GRv/zbxHNNs0OknitbNh/9zQ/iNz75kYqOgcpLEgIuBo9EVWFsbAydnemqBGtIvJGL3Q2PPZufiRFEfIDmnsGTDw/g/+teiyfuX33lZd80vLoCT5O7uOMMeeGNyPA0zFUemjogKVdeCxmwOZugaQuOSbU9FxEfvAE9+3P4puGFEx63BkAHTGVuXpuOyGwIWkOR/1yIiGpE3fzcrCOsfKwxigQYRqVHQVRbilH5GPQ0wuGdyem4sNMFb2s7Qm5PTsfF13uMsywrbdOVcuG06+VFAAweiaj4JCc8TWmmEi8QOT+EyaZmdDdoiJwZw55pYNcNC6r43E3I7SdsluweeJKncEtK+teW2p4LzQ1PLsHlvK9fSVpQS2HwSEREVYXhY41RBBCu9CCIaoyiFD5t2tvWnnX4GHK54W9pRTDPtSKT13usFk5Ou15WXKrE4JGIKiiEgTcv4KG3BzE114Rl19bVePDG7IJLIiIiqi4MH2uMIgQErOptOEtUhQqtfASAiN2BqZVr0DxyEVLK7puAt6UNgcYmRO2FBXXDF0bmPa+G1TGcLt7wLRduVWKDMyKqMDu23Xcjnrmv0uMgIiKiYmD4WGOEiDWeiZqVDyOIaokQQKEZXrChEWGXG87ZaaihEIRlIappCLvciDiKE85ZloXhRZWPlf/37vak785N9cOtMHgkIiIiIqLiYvhYg1QJiFZXI1yiqidJAkYRusWbsgxfc+k6R44OjS6qdKyCwkeu+bgMuBUJSmX7GhERERERUR3ibUYNik29JqJcKDWSqqRe77Hy6SPXfKxvDB6JiIiIiKhUeKtRgyQBqBLjR6JcqGppCr11XS/q+RZ2ugaqZc1Hho/1yqUIBo9ERERERFQyvN2oUbxRJMqNqhbe8XqhYDAARVkeq1cwfKxPDkXwl1lERERERFRSjLBqlCoJSEXo4Eu0XEiSgFzEkMXv88FeYFfrbFW68vHzf/oZqKpa0TFQ8dllARuDRyIiIiIiKjGGjzVKAFB5z0iUE1UrTvXj7OwMHE4nRAl+ATA2Op5ia+XCx5vfuxM33vKeil2fSsMhC9hl/hAhIiIiIqLSY/hYwxRWrBDlpBjrPk5PX4bL5YYklebtc3xkcfhYycKYhpe+AAAgAElEQVTHG265rnIXp5JwKQI2Bo9ERERERFQmDB9rmCoBMqdeE2WtkHUfTdPEpalJuN0eyHLx148EgNf2vo7B02dTvFK59PHdgTMVn/ZNxeNRJa7xSEREREREZbU8OiXUMUUCDKPSoyCqDUIAQliwrNzCF13XcfnSFJqbW4reYMbn9eGN1/bj2KHjOHr4WNr9LMsqyTTvpbx18G187D+GYbPby35tKh5JCLgVAeaORERERERUbgwfa5wqCYQNViURZcMwDAAmgOwrF6ORCKanL6OpuQVKkZquRCIRaJoGAPj873yhKOcslfODQxg48S62X7u10kOhPMlCwMNFgomIiIiIqEI47brGKQJQOPWaKCt6NArLyv5tLxwOYXr6Epqamgvu9hwOhzA7M42Z6elE8AgAf/rVh7I6vpJTnw++caRi16bCqBKDRyIiIiIiqiyGj3VA5XeRKCuRiI5Yr/ilhYJBzExPo7GpBWpSWJgrn8+LifFR+LxeaJoNjU1N817v29iHb33/m1mcqXLh4+FfHZ+rGqVaokkCLoXBIxERERERVRZjqzqgyQISqx+JlmRkuURBIODH7OwMmppb5lUp5sNms6O5pQ2tbe2wOxyp97Hb8D+++bWCrlNKo8MT8M54Kz0MyoFdFnAyeCQiIiIioirA8LEOCAAav5NES7KyqHr0+33web1FCR4BQFXVrJrUtHe24/e/8Nm0r1e64/To8HhFr0/Zc8gCdpnBIxERERERVQdGVnVCZQtToixk/nfi83nh9/nQ3FKc4DFX111/LXbetKPs183G8PBYpYdASxCITbO2MXgkIiIiIqIqwvCxTsgitr4XEaWnqum7XHtnZxHw+9HS2gpVLX/wGPf+D+xO80plKx/HRyYren3KTBYCLlXwF1FERERERFR1GD7WEYaPRJnZbKk7Vs9MX0YwGEBrWzsUpbCu1oVa378eO258z6LtFZ51Dacr9XqVVHnxxjJc4pGIiIiIiKoRw8c6okicfk2UiWXO79hsmiampy/DAtDe0QFZTl8ZWU59G9el2FrZ9NHtdlX0+pRavLEM3/qJiIiIiKhaLd0FgWqKKgFRs9KjIKpOpnUlfDRNE7Mz01AUBW5PQwVHtVj/5o2VHsIiTrez0kOgJJIQcMj8hRMREREREVU/Vj7WGU0SkAVvRolSCYWiicd+vw92u6PqgkcAWNO7Bs2tzfO2VbrbtYvTrquGOjfNmsEjERERERHVAoaPdUjjd5VoET0ahWFcCfCcThfsjuoN1Kqp+nHnTddg27WbKz0MAmCTY8EjG1oTEREREVGtYExVhzRJQGL1I9E8kWgUyStNVMv6juls3n7VvOeVrHy852N3VezaFCMAOBUBB1NHIiIiIiKqMQwf65AQgI3fWaJ5dL3SI8jNxqsWVj5WJnxc0dWO9f29Fbk2xchCwKVK0DjNmoiIiIiIahAjqjplkwWUGq9+nI34Kj0Eooppa2/Fiu7OxPNKVT5OTU1jZnqmItemWCW7WxVQavvtnIiIiIiIljF2u65jmlx71V5D3hG8eOqvoOrHE9sU14fw6xv+Exo0dwVHRlR+m7ZswujwWOK5ZVkQefxSwbJMGGas07ckJAghZX2eaCSK1/a+gbs/cmfO16XCOGQBG6dZExERERFRjWPlYx3TpNrqhjrkHcFLJ/7zvOARAHT/0/jJkYcqNCqiyundsHC6c37Vj0JIUGQViqxCCAmmaSAcCSIaDcMwdJimmfHcb7x6MK/rUn4kIeBSJAaPRERERERUFxg+1jlbDYWPL737t5DhT/maap7FM6f+rcwjIqqsdet75j0vxtRrIQRkWYFNc0BRNQBANBpCOByErkdgzlVIJnvnxCDODV4o+Nq0NJsk4FYEVP50JiIiIiKiOsHbmzqnSLUTQMrRNzO+Pjn7eplGQlQdulZ2oW/DusTzYq/7KDAXRNqcsNmckCQ5ZfgIALPT3qJem+ZT5qodHYpAjbxlExERERERZYXh4zJgkwUEqvtudsg7svRO5kTpB0JUgOd++mrRz7n9um1XnpS46YwkyVAULeVrlWl3U/8EALscayrDakciIiIiIqpHvNVZBiQB2ORKjyKzlZ4uGHBm3EdSejK+TlSPNm/fnHhcqY7XACCzHK/oVEnArUqwc21HIiIiIiKqYwwflwmbLCDn0SW3nDTn7Rlf72q6qUwjoXqkKErJr+Gd9ePR7z1V1HP2ru/Bpi39AGJdqyvF6XZV7Nr1RhICTkXApQgwdyQiIiIionpX+rtxqgoCserHgF7pkaR389qP4pUTT6d8LSracXvvXWUeEdUTVZXx3NOv4ujR04tek2UJbrcTbo8Tbrdr7rMDzS2NWLm6M+trnBq4AF2PFnPYAICrtm7CyeMDRap8tGAYBmQ5t7d/lztzZTJlxyYJ2GSu60hERERERMsHw8dlRJMEDBkIG9W5ettKTxcMdWfKxjMed+aqSKKlKIqEtw4NYPDMcE7HudxOrFu/Cv1X9WLnDdugaqnfNo8dOYWZaT8MQ8eeX7yB3b92QzGGDQDYsGk9AMCCBcuyIAqqYo41mYlGw1AUFUJkVwDvcjF8LIQiYqEj13UkIiIiIqLlhuHjMmOXBQwT0Cu4dlwmO9d+AgffnR8+GnDi9r77KjQiqheRSBjhMOBwNKTdJ97p2bJMmKYB0zTh9wVw9PA7OHr4Hex94U3svHErrt2xGa1tTfOO3fP8G5AkGZIk48AvjxUcPvp9fhw9fAzHDh3H20dPXHnBsoAiLKGgqjZE9QgkIS1ZBdm/eT0rH/MUqzoXXNeRiIiIiIiWLYaPy4wAYFcE/FGrKrvXbmzZgIO224DwS4ltLc0PoEFzV3BUVOssy8LwhXFcvuTLuJ8kxTszyZBlNbHdNA0YRhST45fxsydfxs+efBn9V/WiZ91KAMCJ42dw8fw4bLZYQDc5PotXXvoVbr3tPVmPMRgM4/Sp8zh96jzeefsdDBw7nPprgVW03vWqokHXI9D1CBRFBdKc+cP33VmkKy4vqhQLHZk7EhERERHRcsbwcRlSRKwCMlil069vXfdJvHIiFj5GRTs+sGF+1eM7l07h4MUnENXHIQkXNnfdi2tXXFuJoVKN8Pt8eP7ZX+V9fLyiUVXtMAwdhhHBwIlBDJwYTLyuaY7E/rKi4Yl/+QU2b+1bVCGZLOAP4sTxMzj59hmcOH4GAX8QABAOXMp7rLlSFA26HkU0GoGq2ha9vvGqddhx49VlG089UCUBTYp9JiIiIiIiWu4YPi5TNlnAsICIWX0B5EpPF+ye30DI+2P0rfjdea+9OPgsxie+CQCI16UNnN+PgfHd+M3tf1LmkVItsCwLhw4M4OCBd4tyPllWIMsKLMtMNIC5UjEZI4SAotrww3/8Kf7wjz++6By/2n98UeAoSTJUxQYhBGaDMxm/nmJTFBWGkbpRzjsnzhT9evUqtq4jQ0ciIiIiIqJkDB+XMbssoFuAWYXrP97edx8ef+sUxt+YBFbHth0aPZQIHhcJ7cEzp9YtqpIk0nUdP3tycROjQgkhZVx6UVE0nD0zjOd++iruvPsWAMDhX53ASy/sx/mzIwBiQaaq2iHLSqLxi392rOhjzUbyNPOFwqEwbPbFVZEUowgBTY419SIiIiIiIqL5GD4uY5IAHDLg1ys9ksV+8fjP8cqTowCexnt3vxctrS14e+QJyBmOmZx+EgDDR5pvbHQKly9nXuuxVFTVjp//9DW8e+o8pi/NYmpyOjF9W5bVRV2rLdOA3zexxFnL/8uCYCDI8DEFea7SkaEjERERERFRelKlB0CVFW+IUG02b92ceLz/9f2xB9HjGY9RraVCG1qOhi5U7u+FJMlQNQdOv3Mely95YbO5YLO5oCjaouARAHyzY7DmOm6XgmHk95uGSKQKf0NRQbIQcMgCHlUweCQiIiIiIloCKx8J9rn1H6MVXP9xyDuCczNn4FTdaHd2oH9zPxoaGzA7M4s39r2Bbe+7GjICFRsf1a4L58cren1ZVmC3uxPTqtMxjAgCS1Y9FkaSJJimsWiNyqWEw+ESjai2SELAJgGaLIrWcZyIiIiIiKjeMXwkAIBTEfBHAb3M6z/ORnz42clvA6E9iW0nATgafhM33HwDnn/meVw4dwFnRpduFmKoO0s4UqpV1RASLRU8AsDspQvZnq2gcUSjIaiahFzis1Aokvc16wFDRyIiIiIiovxx2jUBiMUZTkVAytRBowSeOv6NecFjXHD2R9A3jySeDw4PZDyPASd2rv1E0cdHtc2yLFzMctp1vlOSiyHgm0QkXJ51KWVZgaGn7mydjh7Nbf96IYvYshQeRcDG4JGIiIiIiCgvDB8pQRKASynfDfah0UOQo+m7EMv6z9HZ3wUA8IbTdwCOSj3Yuf5/YGPLhqKPkWpbJBzG6PDlrPYt5VqLS13XNzua9f6F/n5AlmMF72YOX6+iLK8ieVUScCqxNR3tsij4z5yIiIiIiGg5W153lLQkWQAuRYJPN0t+rXOXjyy5z5rdFsYGgGAwCDQtfl12fggf3Pif0KC5SzBCqnWDZ4az7nRtVaCLNJBPk5nCkzBF0XIMH3NbI7IWSUJAlWKdq6uwBxcREREREVHNYvhIiyhSrALSr1euAU2c23YSQBNMc34YGpU344bez7DakTI6evh01vsu/DtWLsHApYpcN5emM3IdVz4qkoAmxaodmTkSEREREREVX/3eUVJBYtMOgUAJA8gGeydC3sz7yAhgxa5+NLVNAwCioh1bV38e1664tmTjovoQjUbw9rHzWe+vKGoJR5NaJOyr2HTvXNRb5aOAgCbH3ucUJo5EREREREQlxTUfKS1NEnCUcP7hjpW3ICr1LLnfyi1BhEJOTI3fgU/u/D6DR8rK7IwPI8PZVxVKkgLLKm/1o2Hk3kVaVGABwnpZ81ERsfe0BjX2mcEjERERERFR6TF8pIxscukCyAbNjRvW/RdERXvm/RznceR/Xcb0/kBJxkH16Z2TF3LaXwgByyrvUgNmjl2nYyoRPtZu5aOAgCYJuBUJbnWuazVDRyIiIiIiorJh+EhLsskCbrU0f1U2tmzAvVd/Cx3t/zltCBmbet2JS1OVWRuPatPQxclKD2FJkXB2zXCSVaTyUa2tysd44OhUBBq02GeFP+2IiIiIiIgqorbuKKliFAE0qBK8UavoXYEbNDdu770L6L0L71w6hbeGn0codAyqeTaxT8taAyf2zcI0TEgyUwRa2plTwzntb1kWTNPIqRFLISzTyCt8rIRaqHwUiHWrVtg8hoiIiIiIqKowfKSsSQJo0AQCOhA1SzM9dWPLhkQH6yHvCAYm38LZ0Tdgd16GZVm4dOkS2trbSnJtqh/RaASdXc04c3o062MsywTKOO06FJrJ+ZhKVD0C1dvtmoEjERERERFR9avOO0qqWgKASxEIGkDYKG1Qs9LThZWeLhyc7MAj//AIACASzr1BBy0vlmXh/OAwDv3qdE7HmYZeohGlFvDmMy28MvFaNVU+MnAkIiIiIiKqLQwfKS8OOXbTHypxAAnM77SrqmrJr0e1LRgI4F9//ApCwdyDasM0yvammF+n6xIMZAmSJEGWKxs+MnAkIiIiIiKqXQwfKW92WUASQEAvbQAZ8F/pcq1o/CtLme17+QgGc5huXSkudzt8s7mOs/yxm82ulf2akhBQBCALQBYCslSpmk8iIiIiIiIqFJMcKogmCUiqQNiwSrYOZCBwJXxk5SMt5eCBdws4unxrPtqdzTmHj5VY89Fmt5X8GnI8bJTmwkYmjURERERERHWD4SMVTBGAogiEjdg07GLHN8nho6aVvwqLaouQ8u+GbppGEUeSmazk83e5/Kmc3Vb8f3OKEFCkK6FjhfroEBERERERURkwfKSisckCihSrgowUsQpyYnwi8Tg5fHxx8FlcCpxBODKOrqabcHvvnUW7JtWuq69dj9Onhis9jJKoREhncxRW+SjNVTLGKhtjYSMREREREREtHwwfqahkATgVAcUEQgZgWoWHkOcGzwEAWlpbAACzER9+cuQhqObZ2DUBjE/sxz9N/jNu6PszbGzZUPA1qXat7e0q6HjTNCBJ1dPdeb4KVD467FntJ3BlyrSUNH2aWSMREREREdHylv/8RKIMNEnArQjYpMKiB8MwMHRhCADQt6FvUfCYTLUm8MaZv8ZsxFfQNam29V+1ptJDyIoeDVZ6CFmxp2g4IwsBTRJwyAIuRUKDKqFRk+BWBRxz/+4VBo9EREREREQEho9UQpIAHIqASxGQk+aLDnlHMOQdyeoc5wbPwZqrnly3YR1+duKRlMFjnGqexbGxw4UNnGpeV3dLpYewJEOP5HxMJRrOOOw22GUBpyLgUSU0aRI8auy5TRZQpdi/dSIiIiIiIqJUOO2aSk6VYgHFzwdfwcDw30O1Yms4RkU7VrY9gNt770p7bHzKNQDMrBgBwi8teb1x32kAtxQ8bqpdq9a0Y2T4Ul7HmoZelmnX4dBsya9RDG6nHXa2nyYiIiIiIqI8sfKRyuLpU8/gzND/lQgegdg06fGJb+KZU/+W9rgjh44AAJo2tUCP/Kjk46T60NraWOkhZBQJ+xD05xeOlluqaddERERERERE2WL4SCU3HfLh3Ng/pH195vJ38eLgs4u3T8/g2JFjAIAtd0xnfb21zdtzHyTVlf7Na/M+1kLxOrUvZBgRXJ44jcsTp/M8Q/krEJ1OR9mvSURERERERPWD4SOV3KsXXoEMf8Z9xie+iVOX35237bWXX4NlWdj4sQ44pItZXSsqb8a1K67Ne6xUHwrpeG2aZhFHckVXtxOTIycQCeffEKkCSz7C4cyu2zURERERERFRKgwfqeSmQ2NZ7ffGu19FxPBDnetesfeFvWjc2Iw1K7NrIGOoO3Hvtv+W9zipfjidtqqZLrxx02r89//5e7jxxv4inK0CDWccDB+JiIiIiIgof2w4QyW3vvVqHJ5Zer1GxZrAvx39Bj53/Vfw9ol3MTU5Bafmhs93F9q60q/h12DvRH/b1Vjpyb/ajepP96pWnHk3u67qySyrOJWPdruGD33kZvzaXTtj41lTm38/7XZbpYdARERERERENYzhI5Xcjd3X4sBgO5SkZjPpiMh+vHD2FQy8FJuCHRj24T9e/Zto6+yEbgK6BZhW6dbko/qxoX9VTuGjkGKF4MUKHyGAvvWdiacrujoz7JzlKSsw79rhYPhIRERERERE+eO0ayqLHb1/DAPOrPY9efFv8ObR2FTr9et70d21Apok4FQEPKqASxGwSQJSJRbAo5qxtmdFTvsLUdy3w1Awgsd++BJEOIgGVcL6Ve1FPX+5uFzZ/bslIiIiIiIiSoXhI5XFjd3X4kPbvgXJvhtRqSfjvjL8aLo6Fnjcdtuuea8JAKok4FAEGlQBtyLBLguoDCNpgcKazhhFGcOZ02N49pn9gGVCCIGm5oainLecVq/OLcQlIiIiIiIiSsZp11Q2axu78Hs7vrjkfl/6P7+OC28PQJZlvPfWmzLuq0iAktSEw7AEdMuCYQKGBRicor1stbY1ornZjcuXs+suXaopzc8+dxi3774a7e0taG1twvTl2bzOU4kp123tzehc0Vb26xIREREREVH9YOUjVZWJiSm8/fYAAODGG94Dp9OR0/GyAGxJU7QbVQmuuepIRYgK9AqmStrQvyrrfZOnXVsFh9YWdD0CAAgGI3jm2V8BAFpamwo8b3lt3bqh0kMgIiIiIiKiGsfwkarKmwcOJR7ftntXhj2zIwSgSoBdFnCrAo2aBI8qwakI2GUBTYqHkowla50kYt9LTRKwyQIOWeDGGzbldg5JBgBYBU67jkRC8wLMgXeGAABtrc0FnLX8f0evvrq/7NckIiIiIiKi+sJp11RVTp06AwCQZRnbt20uyTVkAcgpprBaEDDnpmqbFhIfhgVY4PTtSpAgIEQsdhMi9tuS+HNJAAICkog9TuXmG/rxzRyuF6t+LHy9R02bX7F7+vQYgsEgOjvzn8JciSVNr77mqvJflIiIiIiIiOoKw0eqKvHwsa+vB7Isl/XaAksHk+ZcEBn7DFhzn688Z0yZipj7byJIRPowMXl7vkKhECRJgs/ng8OhIRiMZHWcLCswjChMy8z/4mn84oWDaOtoKeAM5U0fm1sa0L2yo6zXJCIiIiIiovrD8JGqRjAYxOjoOABg/freea+dmxnB6cunMeJ9F1d37cLWtvKuRXclmIw/S7/n4lDSSjyPvwbMDy+vPK98eBn/6uINTsSC1+JhIZIei3mP54eMEOWOzYCBgfPwegPY/+a7WQePACBJsbfEwtd8XOzfH9+P3/rEzUU/b6ks5/Ueg5FZOLTcOpPncwwREREREdFywPCRqsbJgXcTjzesX5d4/OjR/4WZmacgww8AeHXmR9gj9WD3xi+UPYTMRjyIA7IJK1MdPRdIJgeWiY2FD05ceXjlcwUCwlL613//JU6dGsn5OCEEZFlBKZqkB4MRvHtmooAzlPc7tG378lzvcWBkL2RZwvqOW3M6LqIH8O7Yq9i2+oMlGhkREREREVFtYvhIVSM+5Rq4Uvn4ryceg2/mR1g4AVs1z2Lvyf8dq3Z8H012dxlHWR4pA8F6SgdLbFP/qjTho5VU1SgS1Z3JFMWGSDhQknEdPHg272PLvebjtdcuv/UeR6YH8Mrph/E7t/x7zsc2Olfg5f0Po6NxPTobNpZgdMVXigpfIioNy7Lq6t9sqp+/REREVL/Y7ZqqxsjIGADA4XCgq6sT52ZGMDn13bT7y/Dj6VP/Wq7hUQ1xu+yJx4ahQ4+GEZ370PUIdD2CSCQA01y8tqMkyZAVtSTjunTZj+bWrpKcu5gaGt1Yvab6x1k0voMIRmbx0sm/ho4Awrovr9PIisDPjnwZwcgs4DtY5EEWRzzAqKcQg4hqD9+LiIiIlhdWPlLV8Hlj06q7umJNLp468Y0l/4JO+4+UeFRUi3p6VyQey7ICyLm91amqfemd8mR3tgBTuU8JL2fp65Yt68t2rYqKjABaF+A7iEPetzCjxypTp/xn0N24PadTeUOxX56EMYXnj38D93StBdzXXblGhWR7Y88AgKj6GYYBSarduoF01Y4L339YFUlERIUwTZM/S6pQ7f4fDNUdry9WbeRyOvHL4UNQ9LcrPCKqVZ2dTZUeQlqmpUCz5b5UQDl/fm7bXhvThgtmeIELX4U/OISDF3+Y2Dww9nzOpxq8tC/x+KJ3P8b9o8DoP8TCxzJLVVGUvC3VBxFVN4fDAZ/Pl7Jiv1Zk+z7E9yYiIsqXaZrw+XxwOByVHgotwMpHqhrxykeny4kD5/8pq7+cLtu6pXeiZWdFZ0tRzvOhu3fgllu24ctf+UFOXbOX4nS3IRLOdWpv+dLH667bUrZrVZRjI7D6z/H8m38ERb3yu7izl15HWPfBpmQXEod1H44OP5F4LkkCz48ex8d3/VnRh7yUhTfrqW7es91GRNXD5XLB6/ViYmKiZv+9pqpCiW9L/poW7sfqFSIiypYQAg6HAx6Pp9JDoQUYPlLZPH3qGQzPHgUAdDdux4fW3zXvda8vFj7Ka+Wsqh4NOHH7uvuKP1CqCy0tbly6lN/afXHnz0+gZ20HPviBHfi3f79S2WaaRuIjdsNkQZZVKIqW1XltjkbIigZDL16gWSwutwM9vSsrPYyymfYP46JvYF74GNZ9eOnUX+HOq76U1TmODj+RmHYdN2NcwuDYm+jt3FnU8WaysHJoqcepnhNR9XK73XC7a7/JXqZwMZvHREREVHsYPlJZ/N2Br8MM7Uk8vxh8Ef/P+BP45HX/E012NyzLgt8fCx+ttqElz2fAifdt+jrWNi6jphiUk9YWT8HhYzAYBgDc/7Fb8dLeo5ia8gKINaWRpIU92HPjdLfDO7303/W4ct14LZv1HucMjv9qXvCY2D61D4NT+9DbenPG44dnjuDA+UcXbZckgaHpoyUPHzOFifHH6T6nO8dS1yAiSmepn1VCiEVVjpZlpQwk4/ulOoaIiIhqC8NHKrnvHfp/5wWPcap5Fj888hf43PVfgWEYAABntxsu9c2054pKPXA7tuL2dfcxeKSM1qxtx6l3R2CaOiQpv7e6QNJU6/vvuwV/+3fPFGt4cDib4ZsdhWUaRTtnMWzc2FPpIZSVQ/PAslKvqfnSqb9Cm6sPHntnymPDug97Tv1l2nNrirNYw8xKqjXTMj1OdQwRUSlkqmjMFEACSPkaERER1RaGj1RSvxw+hLD/6bSvi8h+vHD2Fby/51YAQM9tsS7DurIZANDk2g674sKqxvXY1LIBTfban25E5eF02AAUFqgMDV1KPL7ttu146eWjOHnyYsFjAwAhybA7GhH0X1p65zJq7yjOepm1YtPK2+CPTmAmfA5Dl9+CX59IvBbWfXjuxFfwsWu/lfLYPaf+ctF0a0U40d24DV2N23Ht6vItC5GqujFVM4dUz1Odh4ioWNKFivHgMd3z5P0ZQBIREdU2ho9UUu9OvbXkPieG/g7v77kVmqbh7X+eRPevPYA//MxvlWF0VM96e2LVarKsQtcjWa/HmMmf/NeP4b99+VFcuDBZ8LmAWOOZbMPHct10dXa2leU61eQ9PfcnHp+fPIjXznwHM5FzAIBJ/2kcOP8odqz5xLxjBqf24ezU64nnTrkNt234Y6xpu648g0b6wBFAoiOuaZoZO8tmqoRMdS0ionTS/ZxKVemY/HjhhyRJsCwLkiTNOy4eQDKIJCIiqj0MH6mkAuGxJfdRrAk8feoZqKqKSCSCaCRahpFRvXO57InHxbpJcTltePCPPoz/+tD3inI+RXVUXeOZjs7WSg+hota0XYc1bd/Bz499Hacv74EQwIHzj6Kn9Sa0ufoAXGlIE9ft3ok7Nv8JHFpD2ca5VPAYf57p8cLj0lVDEhHlKzlojH+OP5YkaV7guDCYNE0zEUTGtzGAJDMDr4kAACAASURBVCIiqk0MH6mk+tpuxqmLi9d7XOjs+D/DprXD7wcikeoJYrI1MPY8IoYf27o/Uumh0Byn05Z4HKt+DENRbBmOSO3UqYvYsGFV4vmRo4NFGV+czd6IgG9i6R1Rnpus9vblNe06nV/f+kX87LCJc969EALYd+Y7uGfbXwCIPQ7rsWZG65p249e3frGsY8sUDsYDxuTP8Y+F29NNwWb4SETFki58TA4cJUlKBI3xaseF21NhAElERFQ7GD5SSb2/51acGN0MRX87436KNYG2Wzbg0lPTNRU+hnUfnjr6RUz6TwMALFjY3v3RCo+KAKCvr3vecyFS37wsJRAIz3s+MJB9h+ps2BwNWYaPpdfQ4IKq8sdC3Aev+VP87DBw3rcXwzNHMDxzBB5bJwbGnwcAdLl2lD14TLaw6jFd8GgYxrwQMl0AyeYzRFRMqaZbpwoe4x/J7zvJwWNyAMmqRyIiotrEu0wquU9c8xU8evhLSwaQnb0DeAc2RKJ6mUaWnUn/aRwdfiLRWKK39eZEheO+M99JBI8AENH9FRkjLbawUkKW1aKc99Ilb1HOE6fZsmuiVI4brda25pJfo9Z88Jo/xWNvjmMqfAIHzj8Kjy22lmiDshY3rPoshoaGMD09ndh/5cqVaGpqKtv40q3hmBw6pvucrgIyfp6F1yEiyiRdY5n441TBoyzLic8Lq6/jgWQ8cEx3HSIiIqp+DB+p5JrsbvzhjX+FczMjeHP4VYx7j8KKHIOMwLz9bGIKbdduh/dyccOdQsQrG+NTLAFgeOYINNmF7sbtiQqoVI4MP44p/xls6/5IYq04Kp/4mnZFV4KbHs3mRiTsW3rHEuvqaq/0EKrSh67+Mv7lwO9jeOYInKEt8PjvgM3owd5zry3a99ixY7j++uvR29tbkrFk6lK9sLoxHjQu/MgUQMbPxbCRiAqVqrnMwuDRNM1E8CjL8rxjk8WPi+Paj0RERLWF4SOVzdrGLqxtvB9ArLPsdMiHk5dOYdI/iunQGIaGRuBZOYuh40s3qSmXs1Ovzwse4wbGfz6v4hEANMWF/o474A2N4bkTX0m8fnbqdXzsmm/BY+8sy5gpJhwOL71THrZsXotTp0aKes5qCR/XrVu19E7LkENrwFbP72Bg4DRkI1apqiN9hfbx48dLFj4ulKqL9cLQUdd1jH7nW5jd+yKsUKgs4yIiypaw29Hwvtux4jN/sPi1uYAx+ZciDBuJiIhqD8NHqpgmuxs3dl+beP6j44/jzaefAgD4fH643a5KDS2hu3F72teGZ47Me97bcjOGZ4/Ma0YBxKonveExho9lFAgE8MorR5beMQ/vv/0aPPGTXxb1nIpqz/h6uW60+tavLct1qlk0GsX0dGzt2enpaYyPj2N8fBwAICO7KfJ+vx/Hjh3D1q1bSzLGdJ2uk8PH5MrH0e98CzPP/awkYyEiKpQVCiXeo7o++4eLpmgnv7+x4zUREVFtYvhIVaOjoy3xeHx8cl746Pf7EQgE0NTUBFUtztp92fDYO7Gt+yM4OvzEotem/GfmPR8Yfz7lNGxNcaHVta5kY6T5AoEAnvv5Afz4X14vyfnb2xtxy67NePW1zGuY5kJRHUU7VyH6+lZXeggV89Of/hQ+X/GqT48fP46Ojg50dHQU7ZypLFynMXkqdbzycXbviyUdAxFRMczufREdv/u5ecGjaZopp1sTERFRbWH4SFWjPSl8HB0dh66HMT4+jqGh+d2Fb7nlFqxcubJs49q17rOI6P6M6ztmPL73s7Ap2VVMUWGi0Sie/8XBogaPqcLu3/gP7y1q+CgrGoQkwzKNNHuU/kbL4bSjo7O15NepVk6ns6jhIwDs378fd955Z9F+YZKuCUy6ysd4+Mip1kRUC6xQCIZhzAseM1U+Jo5jIElERFT1pKV3ISqPzo52tLe3YOeOrbhw4QwOHTq0KHgEgDfeeAPRaLSsY9u98Qu486ovQVNi1ZhT/sGsjtvW/RH0d95RyqFRkmPHz+CHP1rcBKQQmzevWbStvb0RN93UX9TrqBWufly7pqui1680l6v4yzz4/X4cOnSo6OcF0gePqQJIIqJaEW+GldwIa+EHsPiXMURERFTdGD5SVYitkXYEt71vJ3p6Mlc1RqNRvPjii2UPIHtbb8b91zyCVte6lE1okmmKC3de9SXsWvfZMo2OTNPEv/7blYpHyzIRDM4iGg3DTFtRmNlVm9JPQ962pSevc6YTjQbTvlaOio61Pd0lv0Y127BhA0IlqBAcHBxMrBlZiKVutBeGjsmPiYhqRar3sOTQMR2GkURERNWN4SNV3ODg/9/efcfHcdf5H3/NzFaterdkW7bl3uTuOHYU4yQEJ04jCSGQg8DBcbk7+N0BCUkIIRztfuS44zgCFw740dNMOVI4hzQ7dopL7MS9SbZVrd5Wqy0z8/tjtetdaXe16pL9eT4e69md+c53vmNZY81b3/l+K9m2bRuNjY1J79PW1jYuAWSao4Abl3yHNHv8cdxm5Kzj9mU/ZGbO5WPYMqHrOqdPX5gpXVFUHI40wMTrdeP1dqPrfiC5G5Tbbl3PVx/+SNztS5aM3GzGAb8nwSPXY6O0tH8Pz0tJVlYWNpttVOrevXv3qNQbEutx7MibdyGEmCwir13xhpoQQgghxOQjYz6KcRN6JDHWo9XJCAWQmzZtGtNJaOyWVG5c8iid3vP9ttksLnJdpWPWFnFBrH8DiqJgtTqwWGz4/V58Pg8KCharDU2zoiixf/8yu7SA227dkPB4eXkZZGe5aGl1D7vtiXo9jpXS2Zd2+AiwbNkytm/fTlZW1ojW63a7qaysZObM4QfW8W6+Ez16LYQQk0WiR65jkfEehRBCiMlBwkcxptxuN42NjRw/fpy2trZh1zdeAWSao4A0R8GYHU8k52//ZjP/9eM/91uvKCo2mxPTtBMI+AkEfPj9XiyWYAipqlpU+VOn+wfLffn9/hEJHgGMQOIevGNxYyXhIyxYsACPx8POnTuxWCw4nU5sNhsWy/D/q6ypqRmR8DFS3xvyROOjCSHEZDDQdSxy4hkhhBBCTB4SPopR5ff7aWhoCL9GInDsa7wCSDHxbNy4FEVV+MFjf0TT+j9CqygqVqsdq9WOrvvR9QBerxubzYmmRf/bqalppLg4L+6xzpwZOKCcLFwuJw6HfbybMSGsWLGCFStWUF1dzcmTJ8PXLY/Hg6qq4Ueznc7gBEGR6+IxDGPEZ9LuezMea7uEj0KIySbRtavvdU8CSCGEEGLykPBRjKo333yTurq6UT9OW1sb+/fvZ82aNaN+LDGxXb5uPl97+ASu1DxSUnNR+vRqDNE0a2/gGHuW6YrKuoThY3e3dySam6TRvcHKzEwb1fono6lTpzJ16tSodU1NTXR0dNDd3R0eo7a+vh6v98K/hZaWFgKBQLi3pNPpJDMzk7Vr145Ju6XnoxBiMpNrmBBCCHFxkvBRjKo5c+ZQVVU1Io8tDqSyspLi4mKKixPPli3GTyik8fv94bHoLBYLmhYMCO32ofe+MwyDnp4eXnvtbSyahe6uBro66nG6srE70rE7MwZV37lziSdAUtSRCwQtVkfC7SYGKCqYozN+X2ZW+qjUe7HJzc0lNzd3vJsRUzI9hYQQYqJL1JNbCCGEEJOXhI9iVE2ZMgVd18ckfATYv3+/hI8TiN/vx+124/d2EWg9iNp9Aq37JIq3FrQUTNWJr3dpak701OVY8tbhdDqx2+0JH6P3eDx4PB78fj+qqvL2W+/yzr5jHNh/DFXVUFUN0zTw9XTgcbegqBoOZwaOlCxs9tQB2z7QRB1Ll8wa9N9HPImCUacrG0dKNgHdh9/TjmmM/AzvWVmDC2bFxBV5ky4360KIySjyGibXMSGEEOLiIOGjGHVlZWUcOnRoTALIzs5OOjo6SE+Xnlzjye/301K9D6XpVSztu7B1n8BmJPmY8gnwpS2nO205ZKzCmn85drsdm82Grut4PB6qqup4fcc+3th5gKam+OOIKoqKxWLDYrFhGDre3iDSZk8lJTU3Yein6wP3bJw3t4jjJ2qTO68B2Oyp+LxdUZ/TMouwWHsfC/epKCkafk8Lhj6yAWRmljx2PVklmgE20faRYs8vIHfDFdiyo3uE+lqaaNr5Ot6Gi2dsVCHE6Bvo2iVhpBBCCDE5SfgoRl1ZWRn79u0b1fDR5/Ph8Xiw2WwSPI4zv99Py7EncZx+aMh1aJ370Tr3Q+3P4KjKMc8aurR5HK7J4p1DzVSdqx90naHekFis6LqP9pazoKhYrc5wT8hQ+HfDjeu5++NXD1jnJz5xLQ899HMC+sjdDGkWG2kZRf2CUZvNic8HOLPxe1oxdN+IHTMjXcLHi8FY3pTnbiin6JbbyN1QHrfMvC9B084d1P5hK007d4xZ24QQFxcJHIUQQojJT8JHMSY2b97MU089RUFBAaqqDnp/wzDw+YJhi8fjAaCnpwfDMDBNk7y8PJYsWcLy5ctHtN1i8DqrXhpW8Lj9WBFHarJo6HTS2OGgsTM0IUxt72u4FDTNgqZZMAwdXffS7e4JTumiKCgo2G2Jx2AMmVGSz7o1hTz/wm7sjnRs9tS4E9wMRNUspGdNw+nKjlvmQgCZNaIBZFa2PHZ9MRqtG/Yl3/k38q7clFTZ3A3l5G4op3H7Kxy87/Oj0h4hxMVFwkYhhBDi4iPhoxgTU6ZM4cYbb2Tbtm243e6kekEGAgH8/uDjpcXFxSiKQn5+Pna7nYyMDDIzMykqKsLhSC4oEmND6TyKYk3H9HcMet8fvbyI144VjUKrYlNVDZX+YeFgbnxsNnt4XEkAS29PSovNgabZkhpfEiAjuyTJ4znx+5VgANnTjhHoSbqt8WTJhDMiSeufexF7Xv6g98u7chPrn3uRXVvePwqtEkIIIYQQQkxkEj6KMTNr1izuueceACoqKhKWlVBx8rJ7DmE4C9EHGT6OdfCYSENDy4BlPB5PxIzdwXElTdPAMHR6PK2YbgOzd3ZqzWILB5GKqmGxOlBV7cJ4joNk7d0fIOBV0f3dQ6oHwOGwU1g4MWdwFhPL2id+N6TgMcSel8/aJ37H23feOoKtEkIIIYQQQkx0Ej6KcTFr1sjNFCwmFkNLRXEWobjPYerJ9crbU5E/YYJHgKam1rjbAoEAO1/fw7b/3dVb9sKEN4qiomnRfSkNQ8c0zeDj3V0ewIyaSVtRNTTNRk7B3EG1UdOs2GyhOiwEvIPvaQpwx53XUTp7+pD2FZeOxd96FNes0mHX45pVyuJvPcqhB+8dgVZNXOkLF+Esnkbbu/sv+kl3tBQX2WvXEejsoHXv7vFuTlKyVq3BkpZOy9tvone7E5adjOcnhBBCCDHRSPgohBhRqj0P9C5U1wz0jmNJ7fOLnYML3sbTq6+8xXcf/XnS5dXIMSD7POFtGDoApqkT8HsG3RNS06zY7So+FBTVgt8zcI/NSPMXzOLOj1w/qH3EpSd3Qzn5V13Tb7274jTHH/020++8i9zyjVHbmna8xrknfs28ex/oF1rmX3UNuRvKBz0JTfGtH6LoxptR+gzb0XHoIMe+/fVB1TXaim65jcIPXM/Zn/+Uyp8+Pt7NGVXpCxcx9wv34e9oZ/dHbo/aNuWGmym+5Vaadu7gzM/+O6n6hrLPYM24+69JW7CI49/5Jue3/Zm5X7yf1DlzOfuLn9H8xs6osonOTwghhBBCJGfwM38IIUQCtuLNAKgpxajOwgHLH6nJiphUZmLz+Xy88vJbI1ZfaAZuTbOgB7xDrsNmTwk+1p2Sg6Ikf1n/6F/dMKRjiktL0S239VvnrjjNoQfvo+2dvRz+yv20vbM3vC1y3aEH78NdcTqpOgdiz8nFNbMUZ1Fx1MuWk9ywAat/+QTrn3uRrFVrBn3sIVEUFG1oE1BNRrEm20qdPYe0BYtIX7go6XqGss9QKKoSbnP6oiWkL1hEaunsBOUvna+lEEIIIcRIk56PQogRZclZhd6+Cb3hFbSMRSi2HIzuakx/e8zyJbmd4ceQVVWB4LzT46unnqbK17HllGG327Hb7Xg8Hh79zk/Z/05yvTkHK+Dvxu7MHNK+qqphd7jw+TyQkk2gp2PAmbBv+eDVrF69ZEjHE5cOx5QicjeU91t//NFv464Mhop6Tw+Hvvwlyr73GACHvvwl9J7gkAvuymDvyBU/+knU/rkbynFMKaKnbnAz2Jt6gKonfkPFj3846HNRbfZB7yOG5+S/P8rJf3901PcZrr2f+OiYHk8IIYQQ4lIj4aMQYsTZZ92F356Nr+Z5VGchqrMQ0/Bj+tsx/R3Bl68VTAOXPcA/vv9dnnp7GueaUsJ1qGqoB5+C0vteVVRAidg2OqpqO7G+exeGlkpn2kpqLMv4zTYfb7x1atSOqQcSh4UDURQVmy0Fn09BcWTi93bEnQl70eLZfOaeDw/reOLSECt4BJh+5110HjkUDhl9Lc3hcRx9Lc1RZafedkfcuqufeXLE2jr/y18lb+Mm3JUVpC9cjGqx0LL7LQ7e/0VW/exXuGYGxxpe/tiPad3zNu/d93kWPPQIueUbUa1WAl1dVD3xayp/8l/Mf+BhcjeU0/zmTvLedzVGTw/H/uUbFG6+PmZ5gPkPfIXC67agWm3oPZ647Vz+g8dJmTkLRdOwZWVjeL2c+80vqXj8MUr+6m6Kb7sDe14+iqZheL1U/+5pTv3Hd8m5fANz/vGLpEwvAUUh4HZz7tc/p/HVl1nw0COkL1oCioLh81L3/LOkzVuALSuLQw/ei5biYuEj30BLcXHy3/4vdc/9idW/fAJLahoH7/s8RTfdwpQbbkJzpmDqOs1v7uLwVx4gbe48Fjz8z3hqarCkOElftIS6F56j4aVt4bYYfh8oKoGurn7nuvbJ35MyvYS65//EsW9+jZmf+lum3XkXltRUME08NdUc++bXaI3oOdt3n3hf16qnnmD+g1/B19jIO3/3afRuN7P+5u+Y9pG7qP/z8zinTid90WIsKcH/V9yVFRz95tfoOPReVBsLN29h3n0PYPj9nPrP71H37B+j/q4TnZ8QQgghhEiO9sgjjzwy3o0QQlx8tPQ5WLJXYPi7MXrOoyigWFJQbVnBQNI1A8Weg2JxMT23h81LzrFx4Xmm5Xpw2nScVp3GDhumaWIaBqYRnEnaMALouh/DCIQ/m5gYpoFhGoAS3Mc0AVCUwfek9Osqt6+pYPvRXH79koNnXmzj9Nm2gXccBtM0sDnSh/Von6IoWCzW4HvViqKoGIY/qozTaednv/j2sNoqxl/o33fo37ppBicyCr10XQ+/up/9w5CPk3P5BrJWruq3PqVkBplly2h+cxe6Jxi0BTo6CHRET3y0+FuPxhwvEsBTW9NvfL1EslauJqNsOYoC2WsuI2/jJjKXr6SntgZ/ezu55RvJXLoMTJO65/6EarOROmce3vpaGre/SvrCxZgBP6f/6wc0vvoyeRuvouimW2ja8SoH7/1HMpetIHvtZbgrKzADfnLWX0Hq3Pm0v3eA5jd3YklNi1s+f9PVTL39TrqOHePsL36GLScPe24e7e8eoHXfnqjzmHLdDbhKZ9O2bzfVW58ifcEiXKWzaT90ENVqxZqeQe3//J7mXa8Ht82cRefRI0y7405S586n8vHHqPjRf6J3d9O2dw+FW24kZ305NX/YytF/fphAZycdhw9iy8klbe48Oo8dw56XR8669SiaSk99PZgmUzbfgKemCm99PSUf/yQ95+s5eP8X0FJSyF1/BarVSt2zf6Tg6mvJWrESU9dpen07zW/uZOYnPo2jcApVT/6ajkMHSZ+/gIDbTc3Wp6LOVVFVMpeWYXi9dJ+ppPSez6L3eHj3n/6B1n178DU10fDKS5h+f8x96l94Lu7Xtf3APuy5ebhmleKprsJ9+hTT7vwotuwcqn77K+x5+XSdOEb1009gmgaZy1agYNK0cwdTrrsBe34+zbt20rpvD7bcPNLmzqe7soKOo0dY+PDXkzo/MfJSbrwFTdOwWCxomoamaaiqGl4qihJehv5/77sUQgghxMQjPR+FEKNGdU7BMfdvMLpO46t+AaNtf3iboigotgywZYArONvy1Owuiqe1s9nfjumvxgx0U9/u4Hybg4oGF11eK5WNLrq9Gk2ddpo6e6d7jpg9Wic6bBuqZ3aXsnXP2M7Krge8qJp12PVYrQ5U1YIfBVWzcdnqWezYvofS0mn82388MAItFQIyV6yi7HuPcejBe/FUV/Xbnih4BHAUFAz6mIqqkr6kDHona/I2NtL46st0nzsLgN7tpuLxH1L/5+eY/+Wv4iqdg7NoKnXP/YnZn/0nTMPAffoUrXt3U/KxT4Ch07xrJ56aajqPHyVt7jzSFyzCU1sDpkH7ewc48Ll7AFj2/R/FLZ9RFgzHzv/lf6n5/TOkLVhI2vwFcc/D19xE1ZO/pXXvbjKWLiN3QznpCxZS/cyTNG5/ley169AcDjw11TiKisKT7Kg2G9mXXU7X6VOc/uH3Aci76hoUTSNz6TLa3ztA5X8He2K6ZsxCKd8Ybofu6cYMBLDnF5BSMgMtxYm7soKsVavRHE6admyn/d0D2HPzyF67jsxlKwAwvD3onm4qf/rjYBh57Wac06bjrjjN6R/+J1mr1lB43ZaY5+muOB3uHRtiy8piynVbqH7mSc5v+3NS+8T7unYcPUJG2XIyli6j8+gRXDNL8VRV0fT6dppe3076wkWklMzEfeoUOevWQ4xe896G83jr6zD1AAC5V5QnfX5CCCGEECI5Ej4KIUadmlqKY/5nMdxV6K378LcexvScQ+nTK0+xpqJYU4FiAEwjQHFWO0X+dpbNbcf0nQczELVPV4+F0+dTw+8rGoPvu70alY2u4HufFvVI90AcNn3Mg0eAFKeCYrHi8w0/QNU0C6rDhc/Xw4MPfYYHH/rMCLRQiD56e2CO2eEC/iGP+diXoqrhx5EXPvINAAxfn+EPIn6xkai8oqpgGkN6NFf3dKNYLNiysplyw82U3vMPWDOzMLw9KBYr/vZgr+uq3/4ae24+mStWkbVyNR2HD3L0G49Qs/UpUqZNJ3PFKhZ97VvM/OvPcPJ7/0rniWMEut2kTAv+csff0Y6/rY2U6dPR3cF2dh47SsbSMlCU8Ln629sxvF4saWkXGmmamIFA77lqKKqC4Y09rEM8HUcOU/30E0y/6+MUf/B2ptxwE/UvPDesmcrb9u9jypYbyViylO4zldiys2l+6w20FBeLvv5tci67HCMQANNEcziSqnOo5yeEEEIIIeKT8FEIMWZU1zRU1zSsU2/G9LWgN+1Bbz+E3l0NMSakUVQLij0H7DnhdWagC9PXiuFrw/S1kurwU1Zy4ZHo9fOa4h4/1IuyvsNBQ3vwRtQ0TY7UZOBy6MzIdZNq9+N0qPy/HfNH8MyTE/D3ULZkGucb2mhoaEPXjYF3SkBRVOz2FA4erGTJkpkj1Eohglr37ubwV+7H19ISc/uhB+9N2Pux5/z50WzegEzDQPd0c+K736Hu2T9GbSvc3L+nW6Lyy3/w+JDbYcvKwgz48dTVUnDNtag2G8e++Qh1zz8bHB9yRvB7t/Wdvey5+yNkrVjFjE//LZnLVjDjk5/m8Fce4MDn7sE1cxYzP30PeVe+j5KPf5J3/+mz+FtbcRQUAtBddRZfczPZ69bjKp2Dv70d9+mTZCxeEgyRe3sFak4nisVCoLNzyOcUz7nf/opzv/0Vxbd9iJK77qbg2s10njxOzdanh1Rf8xs78VRX45w2jayVqzECAdre2UvuFeVkLltBy+63OPTlL5F35fuYd5/0+hZCCCGEGC8SPgohxoViy8ZSdC2WomsBMP2d6B1HMTpPYbjPYnjqINC/F5FiSUWxpKKmTAvuF3Bj9gaRhq8VjPgTtxRm9FCY0UPZAG17ZnfpkM9rOFpbWtA0laIp2RTkZ1Jb10JDw/DHmjSM4YWY4tLla4kd5jduf5XDDz+A0ZO4d1iiANJ9+uTgG6QoWDMzo8JBvaeHlrffTG53VUVzOgHoPH6MzOUryV57GQ0v/4XcK8pJX7CIih//KOa+icq7z54hc8UqctZvwNvYQMai3pnk40yOZXG5yCxbjpaSQvqCxfiam4N/H9dcC4qK6nBSdOMt4YlpNKeTGXd/Cn9XBzVbnyZz314yFi9BczqZevuH0ZxOqrc+TfOuHWSvWYvmdKJ3u/HUVJG5bCWmadC963X8rS1oDgcp06bTdfI4HUcOk7ZwEQX6ZrJWrcGeX0DO+iuwpqXTeOpEzLZ3n63E396Oa2Ypee+7mowlS7FmZKC73WgpLvRud8z9UqaXUPzB22na8Rr1LzxP7vpyslauxuJMvld6LO0H3yV1zhwylpbRU1dLw8t/oeDazcG/fpsNW1YWeRs3oTqcaL3HMg0DFAXV3n8G9KGenxBCCCGEiE/CRyHEhKBY07DkrIGcNQAcOXyCIwffo/bsKaxmJ7MKfSya5ibbFR12KBYXisUFKcVogBnoDoaR/tbgUh/8o3MbF9T2PnZtYhjmqM+uHYumqUybmktOThrV1U10dsafPXcgbrc8PiiGpmnn68z7Uv/1VU/+pl/wuPhbjwKEZ70Oqd76VMzwsWnn64NqS8DdBYpK8a0fovjWD4XXdxw5TOOrL/Urb/h8YJoo1uA4qt3nzpJXvpGl//ofNL76MhWPP0bWipUUXH0tBdd8AEwTd2UFja+9EvP49S88G7d8zdanyCxbHtx29bW4KyvQu92klJTErEux2pjxyU+jWCz4O9o599PHg+fx2iukL1zMvPsexPB56Th8iNS584PjSi5bTubylcy798HgTNF1tdT8fisF115H/lXXUPr3/wcAf2srtX/8PQDtB98je806TEPHXVmBr7kJU9exZmbhPnsGgJqtT5M2Zx6F121h/bPbwDTpOHyQ6qefiNn2jiOHqf/z80z/6MdY8i//SqCri+6zweVS+wAADy9JREFUZ7Hl5pK1ajVNO16LuZ9z2nTyNl3NtA9/FBQF0zBo3f0W1b97Jmb5ePp+XVv37qZw8/VYs7JpePVlAJpe38GULTeTvXoN6373LJ6aajzVVaSWzsaeX0D7wXfJXL6CuV+8H0d+9NijQz0/IYQQQggRn2KaYzxgkxBCJGAYBn/6n5d4+aW3OXnibNS2smXzuP6aBaxbbCHQdRrTUwee2oT1mbon3DMyGEYmF+JtO1jIj/7SvwekoqjBmbv7zEqtKiow/Jk2P/fhbGq759Duz41a39zcQVV105Aexb75psv48B1XDrttYvxEzm4Nwe8T0zTRdT08u7Xf7ycQCOD3+/H5fHi9Xnw+H02f/tiwjr30u98nd0N51Dp3xWkOPXgf7srTQPTkMg0v/yUcQLpmlrL4W9/BNSv6e6lp5w7e+8LnhtWukZK1ag22nBy6ThzHXVkx5PJaiovstesIdHbQunc39vwCAl1d/XrKhR6lPvatf0bRNFr37Y0q45o5i9TZc+k6dQJ3ZUVUPa6Zs0idO49AVxfNuy6Et/b8AjLLlmMEArS8/eaQeueF6vY1N9O6d/eA5dMXLsJZPI22d/fjbThPyvSS8MQ/iWStWoM9L5/us5V0HDk86HYORs76KwBo3vU6WooLS2oq3obkHvcf6vmJ4cn9719is9mw2+3YbDasVisWiwWr1Ro183Vo1muQ2a6FEEKIyUDCRyHEhPLittf5wfd/G3fSlaKiPO69/1MsWBAMMwxPLUbHCQKdpzC6KqCnPmH9pu7tDSJDYWR33LL17Q7+Z28xh2vSBzVhzXD88fO7AOgKZFHbPZsazxxqPXNwBzLQdYMzZ8/T1ja4YOHmm9by4Ts2jkZzxRgZz/Axd0M5S7/7/X7r3RWnOf7ot5l62x39ejY2vPwXqrc+xbx7H+gXPAK894XP0bRzx7DaNVmFwscjjzyUVMgnxKVEwkchhBDi4iSPXQshJpRdO99JONtzbW0jr778Zjh8VJ1FqM4iLAXBcC3Q8g6BlgMYnSfA29Bvf0WzozgLwRmchME0fBeCSF8rZuBCsFeY0cNnrjod/lzXFpyoprPHQmXvrNoAlY0uur3RPSGHIsWuh9+nWlqZm76Huel7AGjz5VPrmcPsjDkcOJdPZVV30r0gfT4/7e29E/qYenDGcDOAEfCjBzyYRgDF1DENP4pigBEAdDACKIqBLXcNTqcTi0X+y7gUNe3cQeP2V8i7clPUetesUlb86Ccx98m/6pq4E800bn/lkg0eQwyvV8YOFEIIIYQQlwzp+SiEmDBaW9r42F334/cHEpYrKZnC4z/5+oD16W3vEWg5QKD9OIq3Lqk2mIa/TxjZf9KbMaNoKJYUFC0FLK7e9y6wpNDlddDpUTD0AJoKmgqqagaXSnCeC001UVWwaCqaagImCoO/5OtKCn77DNQpW8gsGPtZwMX49nwMWf/ci9jz8odVh7exgV1b3j8i7RFCXHyk56MQQghxcZJuLEKICaOj0z1g8AjQ0NCSVH1a5lK0zKXYAcN9Br3lHfxtR/C1VWCzxt5HUa0ojnxwBEMW0whg+tuDPSID7uDs2gF3sPfgSFPtqLZMlNDLkhq3aJrDR5oj2Yr1gYskoJndaD1HMM6cosNzE+kzNg+rPjE57dryftY+8buYj1Enw11xmrfvvHWEWyWEEEIIIYSY6CR8FEJMGE6Hg6zsdFpbOhKWmzGzOO62UL++yD7dJkDKDNSUGdimfpBv3vcwWepZSotMSgoVpuarpDpj95hQVAuKPQfsOdHHMXz9A0kjAKYf0wgMHE6qtvBM3Yo1PRg2as7E+yRgmgboPcHZvXUPpuGLW1ZRNNAcoFjA8GIa3ui/MEVFUe2g2S8sFQ3V9GE27wAJHy9Zb995a9TkMsmKnIRGCCGEEEIIcWmR8FEI0Y9JMIsyB3hP321cyLAulDUvlO27vc9nMrKZNX82+954J2H7ps+fy5nu0GOoEfsnKbe0jG2/q+WliMPMmaqzYJrB7GKTkkKV4nwNVYlfq6LaUGw2sGXFLRMOIY0AphlAUS2gWEG1oijqIFocqs+H6e8KhouhkFHvCc7gnSBsHDGqDX/uVXi8Znheb0W5MMe3Aigo0euU0PrelxJZts/2GO/F0I3WI4iHHryX3A3lFN1yW79ZsPtq2rmD2j9sveTHeBRCJE8enxZCCCEuPhI+CjGJGb3Bn2GCQTCIi700Y6+PqCNy23gOBLvyirVUHK+ktbk15vaZc2eyeHUZxjAaubp8LWdOVHD84PHwupPVGierg5PG5Bflc/PHbmPNIjvW7pNo3Wew9tRiDTQN6jiKagEsoA0+SDNNHdPfEX7h7wgGjuPJ8NFTcD2+hJ06R+5fTyiEVLkQRqqhZZ9twaUSZ31wqUbUcTEayxv2pp07aNq5A8eUInI3lJMyYyaOggIAes6fp/tMJU07d9BTVztmbRJCXJwkjBRCCCEmPwkfhRgHobAwKjTss84wzXAg2DdcjAwdLzbL1q3ANE1e/MP/cvbkmahti1Yu5tpbr6N0wexhHaOopJjNH9oCisLx945FbcsrzGPz7VtYdtlyfIAvbWHUdlvnkWEFkomYgS6MniZMbxOmv33E6h0pXQu+ja9wy5gdLzIUTy7TTO4bIjKE7BtKhj/3BpmR62KVG2/xbsrHagKGnrpaqp95clSPIYS4dAx07ZIgUgghhJicJHwUYoSYgG7Gepkx14v4ll++kvyiAqoqztFY34CqahROm0JJaQm5hXkjcoy5S+ZTPGMqR/YfprGugUBAJzsvm7mL55FfVBB3P1/awriBpMVzBs3bCKaOYhoo6ICBYhoQ+mwaKBh0dBkYhoFLa0YLNAYDR907Iuc2GtxzHsI79c7xbsaICIX2ib8PB/4m1ZRYLyXm+rG6XVYURWZ+FUJMapHXMLmOCSGEEBcHCR+FSEIgRngYiBEqXow9EcdL8YypFM+YOqrHcKWlsrp87bDriRVIxrP/jT2888Zezp06R2N9EzZ7EfOXbmTZmiWs23QZmEZveBkMKkGH3vfBdcFAM1Rm92u7eO25l1AVM9gjTzV735sR72HFujLWXLmmNwjVe+vtc6ze9eEyoeOi0zPjU8P+e7rYxP5FQv+LgBojjLT0CSktvcuhineTLjfuQojJJN51TK5lQgghxOQm4aMQfegmeA3wGeAzzN7leLdKXAzefXsfzz3xLHVVdeF1Pq+f9/Yc5uC+I7i7/Vx10weA5EdOrOk4zqnzGQOW00qms6zg+qE0WwyT0fuLCX/U2v5fYZsaeinYe98PNpAM3aRHvoQQYrKQa5gQQghxcZLwUVzy/EYobDTDoaM8Fi1GWktDE68++3JU8BjJNEzefOVNZi+cR8mcmUnXm5qellS59Mz0pOsU4+PCLzqCFyBNIRxC2pTg0hKaLVxRMHunek/UU0hu3IUQk0mia1fkOrm2CSGEEJOLOt4NEGK8tflNGrwmbX7w6BI8itFx9tQZThw6mbBM7dlajhw4NKh6i2dMx5HiSFjGZrdSunDOoOoV4083oVuHNj+c95p0BKIvTn1v0GP1GJIbdCHEZDLQdUyua0IIIcTkJOGjuOTZhzPQmhBJaqitT6rc+arkyoXMXTKPDe8vT1hm1RVrWLpm2aDqFROPXY1/0x3rZl1VVVRV/psXQkweoetWsr9IkSBSCCGEmBzksWtxyUvVwO5U+o3xKD0gxUjStOQut8oQwqKrb3o/AK88+xKGfmGAUqvNyprytZRf975B1ynGl0UBa8QYkNbex65j6XvzHQoeQ0shhJgsIq9dsa5tQgghhJicJHwUlzxVAXvv2GoQ/MHWMHvHXzPB3xtI+o3grNdCDEVRSXIzd5fMnjHoutOzMvjg3bezdPUyjh88SmtTK2kZacyYO5OytcsHXZ8YW5beYNEaChp7x3hUo+6zL4zxGEvf3o7S81EIMRnFuoYl86i1BJNCCCHExCbhoxAxqAo4NAiOpBf8gdYk2Buy/8uMuV6ISFNnTads7TLefftA3DKz5s1iXtmCIR9j9qI5zF4kYztOBArB64jW76XEWBe6ygyi/t4JZ+KNjxa6adc0bTROTwghRoWmaQkfvQ6FjBI2CiGEEJOLhI9CJEkh2EPJ0u/n3f4/AOtmsPdkOIwk9PlCUBm5XbLKi196ZjofuP16ujq6OH30VL/trjQXV15/FVOmFY1D60QyVKIDRTUiUAy/J3r7SIqc4Tryc6Lg0TRNFIcDs6dnZBsjhBAjTHE40DQtYQAJsYeaEEIIIcTEJuGjEKMgFD5Y+23p/wOySTCIDC0NEwzA7F1e+GyGP4f3iSgTWY+YmEpmz+CWu2/jvbff5eTh49RX15HiSmHRiiUsv3wF85YOvdejiC3UA1EFlMhln3WqosQsq/aWDW2baLe4kYFkKHg0DCMqfEy/chPt214Y55YKIURi6VduigofY439KEGjEEIIMTkpZqJBpIQQk07fIDIUZPYNOU0uBJpmgrJmjHVCjJTIUE8JhXwR7yMDwwvblKj91Bhl1Yi6Lyah/7JDS8Mwgt/HhhF+6boe9QoEAtQ//hgd21+RHpBCiAlHcThIv3IThZ/5eywWSziA7NsLsu9EWvIIthBCCDF5SPgohBiUUBgZfs+FcDJ0MRnwc586gmXM6O0R+9JnX8w+nyOWsbb1e9/nqtf3IhjzojiKwasS/iPG+kSfldjblMilEmNdxLZ+62OtI+Imr0+56DIR72PUFbVPn/1FcvqGj6Zp9gsf44WQoVdoW2RwGaonsk4hhBiOvo9KR/ZkDPXODi1jvSJDx1iTz0j4KIQQQkwe8ti1EGJQIkOmqJUjUrMQIpHIcR77jv/Yd2brvttDZXRdR1XVfsFjZPm+4aOEkUKIgSQai7HvuLSxAsjIZazQMVbdEjwKIYQQk4OEj0IIIcQkFXnjHTn5TKzHEhVFCY8HGSt4TBQ+CiHEYMULH/sGkJGvWJPN9N1fCCGEEJOPhI9CCCHEJBTZCxKImmwmtIwsG1ofr8dj36UQQgxXrEekYwWQfYPIWNult6MQQggxeUn4KIQQQkwifR+5jhQZPMabBTsUPgISPgohRlW88BGIChUTvR+obiGEEEJMfDLhjBBCCDEJxZt8BgiHi7EerU40uUy8HwnkRwUhxEDihYGxHr+OfB/rkWwgavgImWRGCCGEmNz+P8Xtzo7g0pawAAAAAElFTkSuQmCC
----[INFO]----Unable to locate elementPatient Module
----[FAIL]----Element 'Patient Module is not present
----[FAIL]----Element 'Patient Module is not present
data:image/png;base64,iVBORw0KGgoAAAANSUhEUgAABR8AAAJmCAYAAADVS/dbAAAAAXNSR0IArs4c6QAAIABJREFUeJzs3Xl4lOW9//EPkH0SlgATkCVkoUQYIkohGCuWoKCnINLaH6Di8YALVY+gBa1iqhb3pbgcW2Q7FlCwrUWFUwVMUNRAWATDgEGTDIlEyYBBSIaBrL8/spBlZjJZJjOB9+u6vGqeeZbv8zxjox/u7313qqysrBQAAAAAAAAAtLHO3i4AAAAAAAAAwPmJ8BEAAAAAAACARxA+AgAAAAAAAPAIwkcAAAAAAAAAHkH4CAAAAAAAAMAj/LxdAC48JRWVCujcydtlnBcyzAcabYsw9laE0eiFagDPKbbZlGM5LJvNpmyLRZIUExUlg8Gg6KhBCjUYvFwhAAAAAMARwke0q7RvT2jdoVNKio/QlIFBIoJsnmKbTVtSt2pLSmptAONIqMGg+OEmJSYk6PKE0U0GMwsWPuowyHTkLy//WTFRUW7tu2BhssvPp06epMQxCQ4/W7J8hbIth926zgtPLaq+nvv3IZ0Lr0JDDYo3mRRvGubWvWWYzU3eW4140zC98NST9bZNnDK12ce6ez1JmnP7LMVERTXreTiq0xlPndeRLalbtf6DDS6/75IUYTQqcUyCrkka5/b3EwAAAADgeYSPaBe5P9q17JM8bTYf05iRA/RB3hltt5ZoysAgJRoDvF1eh5C2I10vvfqaim22JvctttmUtiNdaTvSFWow6N2317RZHVtSUhVz+2y39s0wm11+nmOxKH64yWE4mm2xNCtIbIm6gVbajnRJVYHk1Osn65qkcR69dnM19SzrsrnxHfF12RaLXnrltSZDxxoFVqvWf7BB6z/YoFumT9PMGdM9XCEAAAAAwB3M+QiPKq+o1JLUXP32f/Zos/lYvc+OnanQ8m9O6yVzsbJOlXmpwo5hc0qqnnjmWbeCx4ZacowrW1K3ttm5im02rVm7rs3O1xayLRa9+MqrWrAwuc2fHdyTbbHowYXJbgePAAAAAADfRfgIj9mwr0BTX92tlZ9953K/Az+V6emMYq3OtutUaWU7VddxFFiteunV1zx6jea0qdaMqmwr6zds9MmQKcNs1t3zHmhVAGkICXH4bKOjBjV5bHTUoBa1D0dHDZKheiRpTFSUDCEhbX4tT523xkuvuDfCFwAAAADg+zpVVlaS9qBN7c09qWWf5Gn34ZMOPx8zcoCKu3dz+Flgl066YWCQJvYL9GSJHcrjTz+j7ek7nX4ebxqmeJNJBVarCqxWh63Km95f79a1br3jLhVYrU3ud03SOM2fe1+T+2VbLLLZbE3OVxhvMtXO21hXsc2mJctXOBxtaQgJ0arlSx22bLuakzDeNKz2749arbJajzncr0ZMVJT+8vKfHX7mau7HqZMnaU4T7enO5n68PGG0Hn/kYYefubq3d99e4/B5rF67TmvWvePwmMce/oPTeTeb4onzbk5JdRm2R0cN0iUmk6Sq71d2jkW206fr7UPbNQAAAAD4DuZ8RJs5VlSipZ/k6f0vj7b4HGfLK/WOxa40a4luGBikS3v6t2GFHdN+J0GTISRELzz9ZKORZc1ddKVGtsXiVvAoyWUYWpe7o94yzGZtTknVhPFJ9baHGgxOV+6OiY5q0QrHDRc/qZ0rcMNGh/tnWywOa2uKoRWrL7d0wZSWPI/QUM+sEt3S87qa2/L39/13o/fgKgAFAAAAAHgfbddoE3/7/Iimvrq7VcFjXd/ZyvXa1zb9JdOm/NPlbXLOjijDbHbafho/3NSmq/puSUlttM0QEuJw4ZW2br2WpDdWrPRKq22E0ag5t8/WnNmznO5DuNV+nAXghpCQZgfAAAAAAADvY+QjWuXjg8e17JM8WY6dbnrnFth9vFS7j5fqP/oHasrAIPl37uSR63REzlY0rhtIxle3p7ojzcFoxvjhJiUmJDhse96cmtridl1Him02rf9gg9faZadeP1lp6ekOR41WtbObm/U80TLORu02bK2uEWE0Kt40TBFGY+0o2UuG854AAAAAwFcQPqJFMn8o1rJP8vTZN4Xtcr1/HzmrNGupbhgYpLF9Atrlmr4uw3zAYTtwU/MMOuKs5ToxIcFpwLg9faeKbbYWtfo6s2bdO5owPslpq7WnXZOU5DT8+mo/4WN7MBp7O52H86VXX9Pv7/vvetsmjE9iRCQAAAAA+DDartEsxWfK9OdNObp16b52Cx5r/FRSoTezTuvZ/cXKPFnWrtf2lqbmDXzp1de0YGGy23MwOuOo5VpSbfB4ecJoh5+3deu1JL34imdX9nbF1Yg5V3MRou30cRE8b05J1a133KUtqVtZDRsAAAAAOghGPsJtf9/5vZZ9kqeTdu8Gf9+cLNPz+4v1i4gA3TAwSOGB52+GHhMV5XIkmFQVimWYzQo1GJQ4JkHXJI1r9gg9hy3XpmG1oxovMZkcBpxp6emtGnUWHTVIOZbD9bZlmM1K25Hepi3d7mrLEZcZ5gPMFdkCiQkJLhdMKrBa9eIrr1btOyZBiQkJDuclBQAAAAD4BsJHNCnt2xNa+mmeDuYXebuUej4vKNF2a4mmDAzSpAFB3i7HY349ebKWrFjZ5H7FNps2p6Rqc0pq1SIqs2e5FeC5armu/fsxCQ5raG3r9czp0/XXFSsahatLVqxU/HBTm7Z0uyveNMxh+NUwJG1KTSiM5rlmfJJWr13ndI7HutJ2pCttR7qWLF+hqddP1g2TJ3nlOwMAAAAAcO78HTKGVsv90a5H3z2keW8f8LngsUZ5pfSv3DNa+GWRdh0v9XY5HjH1+snNHtlVYLXqiWee1RPPPNtke2rGfscBWd3gMsJoVHTUIIf7OWvZdkdoqEG/m914jsoCq1XrP9jQ4vN6Am2+7SPUYND8ufc165him02r167TgwuTlW2xeKgyAAAAAEBLED6ikfKKSi1JzdVv/2ePNpudt/v6kh9Ol+uvmTa9ctCm3OJyb5fT5ubPvU9TJ09q9nFpO9L1xNPPutzH0UrWRmPvRi3Ilzhp5XZ0fHMkjklQvGlYo+1r1r3jcESmtziqEZ6ROCZBLzy1SEZj72Ydl22x6MGFyQTFAAAAAOBDCB9Rz4Z9BZr66m6t/Ow7b5fSIl8VluqJfUVam2OXvazS2+W0qTm3z9YLTy1qdghWM4eiIwVWq8ORYlckNG7XdtbC7axtuzmcjXTz5uIz8K54k0l/fXmxbpk+rVkhZLHNpjVr13mwMgAAAABAczDnIyRJe3NPatknedp9+KS3S2kTW74/q+3HquaDHN830NvltJl4k0kvPPWkCqzWqvnu0tNdLs5RIy3d8QIuzkLJDPMBLViY7HZdaTvSNfX6yW7v31CE0ahbpk9rtECLN+ZMdOd5uuOapHFNLsbTnGd8IQo1GDRzxnTNnDFd2RaLtqSk6iuzucn5N7ekbtWc2xu38wMAAAAA2h/h4wXOeqpEyz7N0/tfHvV2KW2uuLRSb2XbaxelGd7D39sltZkIo1FTr5+sqddPVrHNpvUfbHC5srKzQM1Zy3Rz583bkrq1VeGjVDW35ebU1EaLz7RnAOlqBGeig9GgrkQYjc1edRzOxURFKaY6UMwwm/XX5SuchpDFNpuyLRbFREW1Z4kAAAAAAAdou76A/e3zI/r1a7vPy+Cxrpyici0+YNPSQ6dVYK/wdjltrmZ02JzZs5zu4yhUc9Zy3RLZFkurzxVqcLz4THtyNhJUkuKHEyT6ipoRwK7asW3M+wgAAAAAPoGRjxegjw8e17JP8mQ5dtrbpbSrHcdKtONYia4fGKQpA4PUydsFuWFzSqq2pG6tN/rvlunTNHPG9Eb7XjM+SUtWrHT73K6CtpbYkpJaOzKtpWoWn2mr1ufmWr9ho8PthpCQC24U3cQpUyVVjeCMMBoVEzWoTVqZXZ0322LRkuUrlWOx1C4aE28apheeerLReUINBvUxGhuNlAUAAAAA+BbCxwtI5g/FWvZJnj77ptDbpXjVB3lnaluxE40B3i7HpQKr1e22Y1ctw44WqXHWcu1qrsLiYpueeMbx6tlp6TvbJJyaP/c+3XrHXa0+T3O99OprTp9ha1vKO7ICq7X6ubTtAk6Ozmuz2ZrVZl/gIniMvsDCYgAAAADwVYSPF4DiM2Va+mme1u343tul+IxjZyq0/JvTtSFkbNeO/Y9Csc2ml1ysDN1w1J6rluup1092OcovOmqQw7n2as7Z2hGCzhaf8ZQCq1VLVqx0OhLUEBJyQYePbam4DVuhXYXFRmNvhRoMbXYtAAAAAEDLdezEBU36+87vteyTPJ20l3m7FJ904KcyHfipWOP6BmrKwCB19ff9Zuw1695RhvmALqmegzDbYlHGfrPLYKfhStfOgj2jsXeT4WFiQoLThT7aovVacr74jLtcjYiru8K0rXphElfm3D7baZBVXNzyMK2lc2TabM2fLsHV/IdVbf3129xdjaJtj/PWlWE+oLvnPaD44SaFGgwqsFr11X6zy3NNSHK9yjgAAAAAoP10qqysbNteOviEtG9PaOmneTqYX+TtUhoZM3KAirt383YZjQR16aQpA4M0sV+gt0uptXrtulaPALw8YbQef+RhSdL6Dza4NS/knNmzGo32czT/pDO3TJ+mCeOTtCV1q77ab3Z6TExUlCIijJo6eVKjlaHTdqQ7bfGWHM8FuGBhcr35AlvL2fyajuYmdCQmKko3TJ5Ur4295lh3nmPdd7dgYXKdVmXnQg0Gvfv2GknSkuUrlGE+0CYLC9V93p46b4bZXC8cbglDSIhWLV/KyEcAAAAA8BGMfDzP5P5o17JP8rTZzCIMzXWmvFLvWOy1rdiX9vT3dkmtFh01SPPn3lf7s7uhnKP9mjP/ZM3+q9euc7lPzSrZ0YMGNQofW7L4THPqc8UQEqI5t892Ovelu3MTZlssjcLC5sxrWHdkobvH1H13bbEKuSOeOm9rGUJC9MLTTxI8AgAAAIAPIXw8T5RXVGrZJ3la+dl33i6lw8uzleu1r236eS9/TRkYpH4hXbxdUotcnjBa8+fe16GDmPlz79Pv5t4v22n3Wo2Nxt6tXv34mqRxmjljuiKMxladB+2rJmi/0FYlBwAAAABfR/h4Htiwr0DLPsnT0ZNnvV3KeWX38VLtPl6q/+gfqCkDg+Xfuf1rmDljuhLHJGhLSqq+MpudzrVYwxASosQxCZowPqnRSEKpajGXuitfH7VaWx3WeVKE0aip1092u/W8j9HY7PuJNw2TwWDQJSaTEsckEDp6UbzJpFXL3lDajnSlpae7Ner18oTRSkxIcDpKFQAAAADgXcz52IHtzT2pZZ/kaffhk94upVl8dc5HV3oEdNaUgUEa2yfA26Uo22KpbcfNzrEoJrpqpFeE0ehTwVmxzaYcN1tzfa12+I6681zW/b4bDAZGOQIAAABAB0D42AFZT5Vo2ad5ev/Lo94upUU6YvhYY0g3P00ZGKS4bgwaBgAAAAAAaArhYwfzt8+PaNmneSopq/B2KS3WkcPHGldGBGjKwCCFB3qhFxsAAAAAAKCDYPhWB/HxgeNa9mmeLMfcW3gDnvVZQYnSrCW6YWCQfjUgyNvlAAAAAAAA+CTCRx+X+UOxln2Sp8++KfR2KWigvFJ6N/eM0o6V6oaBQRrVy9/bJQEAAAAAAPgU2q59VPGZMi39NE/rdnzv7VLa3PnQdu3IJeH+umFgkCJDu3i7FAAAAAAAAJ/AhHU+6ujOR3Xixzxvl4Fm+OmMTSlZK7xdBgAAAAAAgM8gfPRRF4UUa37If+qFUSky9aU73pd19Zcu75quiNO3ylCxx9vlAAAAAAAA+AxSLR83omSlRhhX6t99ntCbh+J04nSZt0tCHSO75cqv+GmVnzrp1TqKbTblWA7X2xZvGualagAAAAAAAKoQPnYQ/1HxmMZdPEBv2R/ROwe7erucC15c2Cn1KvtflZzcLm9Nmro9fac2p6YqO8eiAqvV4T6hBoPih5sUbzIpMWG0IozGep8vWJjcZvW88NQiSVK2xaIly1e63Hfq5ElKHJPg8LMly1cou0GQ6khM1CDNuX222/u3xAtPLXLrftxVU3ONlj7/S4abFGE0Kt40rNE7BQAAAADAlxA+diDBZd/pdv/fKenn/6HVx2/W557JW+BC3+ByRft9pNKi1SrxUg1pO9K1ZMVKp4FjXcU2m9J2pFcds3yFpk6eVC/8yjCb27w+m83W5HkLrFbFDzcp1GBo9Fm2xaIM8wE3rlTZzP1bxp37cV/9qLql5617XLzJpJkzpineZGpVZQAAAAAAeAJzPnZA0aX/1mPdbtbjI9MV1dPf2+VcEAK7SAndMjTAfrNKi1Z7rY4lK1bqiWeedSt4dCTbYmnjilqmwGrV+g82eLuM80KG2awFC5O1OSXV26UAAAAAANAI4WMHdkXZq1ra///prvh8+XfhVXrKJV2P6rLOD6ry5NNereOlV187rwK79zZsbHGIisZeevU1pe1I93YZAAAAAADUQ9v1eeDGTg9q3KXxWnNqrjZ+E+Ttcs4bMaF29a1cq5JTm1Xu5Vo2p6S6NbLNaOytUIOh0eIzzrz79hrlWCxO5x40GntrQlJSvW0FVqu2pG51es54k0mrlr1R2x7uTLHNpiUrVuqxh/9Qb/sLTz2pDLNZm1NSHV7HaOytv7682GHL9rkahtW2IW9OTZXVeszhfrdMn9bkPblzP3WvVyPbYtH29J1Oa5Safv6GkBDFREfV/txUe/mSFSudzqUJAAAAAIA3ED6eJ3qWZmhu8GyN//l0rfphivbmV3i7pA6rV2ClhgR+qtJTS7w2r2NdxTab3nAR4hmNvTVz+nRNGF8/JFz/wQaX4Z9UvSCNi7kC+xiNmjljeqPtrsJHSYowGuuFZs6k7UhXhtncqIZ4k0lf7Xc8H2Ifo9Fl8ChJM2dMrz1nhtnsNHyse29fudivqfupmnex8XOaOGWqyzqbev4x0VF64akna38uttm0ZPkKp8+/wGpVtsWimKimnz0AAAAAAO2BXt3zjKl0nZ7vNUMPXmqWMYxsublGdftG0WdnqPTUEm+XUmv9BxtUbLM5/Cw6apD++vLiRsGjJLfCP1/w4iuvebsESVWhpq8LNRg0f+59Mhp7O93H5uS7AgAAAACAN5BOnaeuqXhG4wZ301tn/6Q1B3p5uxyfZ+r6o7qd/atKT7b96s+t5WqU4fy59zU5CtATXnhqkQwGQ5uMsCuwWrV67TqHIwfdERMVpaNWq9NRiy3RsN25pdryOdV1icnk9HtRXEz4CAAAAADwHYSP5zG/8pP6T7+5Svr5WK0unK2tObzuhgaGlGhg5/dUcupfKvV2MQ4UWK1OF2W5PGG0y1ArwmjULdOnKcJoVJ+IqlF9hjYKKl21CrfEexs2asL4JEW0YPThnNtna87ts1tdQ9325rbS1s+phqvnFBra/mE0AAAAAADOkEZdAAaUbtMjYdt09cjb9bfvrtE31jJvl+R1Yf6SKSRd5ScX+8S8js64Wr04McH1wiIRTuZr9EXFNptWr12n+XPv83YpHUKG2fkI3WjmewQAAAAA+BDCxwvI6LLlGt13ud7vu0grvx6s0yXeXsPZOy7rlquA4qdVfvKkt0tpkrO5HiXVjmb0pALrMa1Z947LfRyt9NwUo7F3ozbpLalbNWF8UpuPFow3mZpcJbq1MswHmnxO1ySNa9HIzoYKrFan93NN0jivtOEDAAAAAOAM4eMFaIqS9UtTlN6yPaT1h8K8XU67iQsrUq+ylSo5uV0dZS3wbIvF6Weeaumtq2Y+RldumT6t2bXMnD5dS5avkO306Xrblyxfqb+8/Odm1+ltGWazy9GIUlVI29rwMdti0UtOFugxhIR0mJGuAAAAAIALB+HjBapbuUV3B83R+JGTtco6XTu/83ZFntM3uFzRfh+ptGi1T7dYO3K+rlzcJ8KoqddPbjRaMNti0foPNmjq9ZO9VJlvybEc1oKFyZJct1objb31+CMPt8nISgAAAAAA2lJnbxcA7xpStkFPhd+shSN2q1/38yuLDuwiJXTL0AD7zSotWu3tctDAzBnTZTT2brR9zbp3XLabX0iKbTaXoyqNxt66Zfo0/fXlxW2+ojYAAAAAAG2B8BGSpF9WLtabkdP1X8O+93YpbeKSrkd1WeeHVHnyaW+X4jHnQ0C3wMECM8U2m5YsX+GFajqe07bT6tSpE/M8AgAAAAB81vk11A2tVKmb/BYo6bKRWnPybm3KDvJ2Qc0WE2pX38p1Kjm1Sef7cjo5FovH532MNw3TC0896cHzm3R5wmhtT99Zb/uW1K3tMqdlW7ll+jSvzLdYs0p4cXGx5tw+u92vDwAAAABAUxj5iEb6lO/R/NDZev6yf2tYn47xFekZWKkrun6insX/pRLbJm+X02ZcBXDZOc4Xo+lIfnf7bBlCQhptb2oBlwtBTVv1LdOnaerkSQ6fkySt37BRBVZrO1cHAAAAAEDTOkayBK+4tPwtvRwxQ/PiD6p7cBdvl+PUqG7fKObsDJWeWuLtUtqcq3n80hqMFnRkS+pWZZgP1P7lavVsb4kwGllgxok+RqNmzpiumTOma87ts/X4woed7tvUquQAAAAAAHgDbddo0q86PaVxQ3rprTOP6e+Z4d4up5apa6G6nf2LSk+evyPkYqKdh481C5G4Gh354iuvNtq26f31ra6rwGpVgfWYJCk6alCr5xycOWO6Nqemylp9zvNFWz+neJNJ8aZhyjAfaPTZltStmnr9ZBaeAQAAAAD4FEY+wi0hlcd1R+B/643LVuiKSO/OpjgwpES/CP27Qk7drdKz52/wKFWNCow3DXP6+ZLlK72y8MzmlFQtWPioFix8VL+56RZNnDK11SPvHC0+09E5ek6tbSd3NbfkkuUrW3VuAAAAAADaGuEjmiW6PFWPd79Vj434TIPC27cVO8xfurxbuvqcvlUlxf9q12t70zVJSU4/y7ZYdPe8BxwGWh1tNeyaxWfgWs3oR0dqRsMCAAAAAOAraLtGi/yicol+MWCJ/nHRU1r5dZTKyis9er3LuuUpoPgplZ886dHr+KIJ45O0fsMG5VgOO/y8wGrVgoXJijAaFWE0qk+EUUcLrG4vQOIqpLTZTjdq8bXZbI1Wp24rv7t9tjL2m2U7fbrNztkeC7FYjx1r9JwKrFZtSd3qketNnTzZYeu1JK1e+45eeKrjrBQOAAAAADi/ET6iVX7bZaHGxf9Ma4p/r//7NrTNzx8XVqReZf+rkpNpqmjzs3ccjz/ysH43936XoVzV/IJWZbg58K3AatWade/oq/3OD8i2WLRg4aPNqrUmdEvbke50nyXLV8pgMGjmjGn15qysWXxmzbp3mnXNhtJ2pGv9ho2SXK+aPXHKVEUYjUpMGK05t892uI87z2lzSqo2p6Q2u84nnnlWBQXOw9Ecy2EtWJisObfPqp3LcfXadS7D3wyzWXfPe0AGg0EvPLWo2TUBAAAAANCWCB/Rar0qvtG8kLs0/tKpWlVwo/Z93/pz9g0uV7TfJpUWrVJJ60/X4UUYjXrh6Se14JFH22xUYIHV2qLAzJ3zNjX/Y82q21/tH9ZowZyZM6YrLT3d6UhPd2RbLG63HxdYrS5XAffUc5LkMqCVqkalZpjNstUZnZphNje5arkvrmoOAAAAALgwET6izQyvWK8Xeq/X5t6/15vZo3SsuPkL0wR2lkaEZajy5NMq9UCNHVlMVJReePpJvfjKq60K5jqC390+WwsWJnu7DAAAfEZRUZHsdrsqKz071Q0AAB1Vp06dFBwcrLCwMG+XggYIH9HmJugl/TI6QG+XPqO3vu7j9nGXdDsqw+nFKjuZ68HqOraYqCj99eXF1W3FG5zO+9eQ0dhbVyQkaOr1k2u3RRiNniqz1eJNJl2TNM5jcyYCANCRFBUVqbKyUr169VLnzqwXCQCAIxUVFSouLlZRUREBpI/pVMkfn/qk07vvVemRDd4uo9XyOiVozU93aevhwNptY0YOUHH3brU/x4Ta1bdynUpsm7xRYpvqERKpaZe90W7XK7bZlLH/XBuuzWbTUau1dn7AmKgoxURHtWvQWGyzKcfNtt+aRXIAAIBzVquV4BEAADdUVFTo+PHjMvLfmT6FkY/wqIGV6XqkW7rGj/hP/S3/Wn177NyyMT0DKzUk8FOVnVrCvI4tFGowKHFMghLHJHi7lFqhBkOjeRwBAEDLVVZWEjwCAOCGzp07M0WJDyJ8RLtIqPybEi76m9ZH/FFfVl6kUd2+UaeTf1TZWW9XBgAAAAAAAE/hj1DRrv7foP2aO+KsLgnd5+1SAAAAAAAA4GGMfES76BI+UkFx8+RnHKsYSTG6WD8zjtfu3NU6XLjD2+UBAAAAAADAAwgf4VGdAnspKO5+BUTd0uizXoYYXTv0ceUc/0y78tboxGlWuQYAAAAAADifED7CYwJj71Rg3Dx18jO43C+615WK7nWl9h55R7vz1qi8orSdKgQAAAAAAIAnET6izfn3najAuPvVpdvFzTru0v7Tqlux1+jrgo88VB0AAAAAAADaC+Ej2kyXrnEKjLtf/hdd2+JzGAJ66arB8zTYmKTdeWv0/cmMNqwQAAAAAAAA7YnwEa3WqUuwAuPuV+Dgu9rsnBd1i9f1w59XZsEm7cpbLdvZ42127o5u4pSpbu0XExWlv7z8Z7f2Xb12ndase8ftGja9v96t/bItFi1ZvtLt89aIiY5ShNGoeNMwxURFOd1vc0qqtqRudeuc1ySN04TxSS2qreGxDXninQAAAAAAcD4gfESrBAy6WUEX369Ogb09cv64iIlVoyBz12jvEffDMVSFawVWqyKMRq/VYLPZlGE2N/u4usdEGI2aOWO6rkka12i/AqvV7fPHm4a1uLaGx7aUL7wTAAAAAADaU2dvF4COyc94pULHvqvgEU97LHis0aWTvxIG/ZemXbZUMb2u9Oi1zjdpO9K9XUKrFVitevGVV7VgYbKKbTZvl9Nq58M7AQAAAADAXYSPaJbOREoqAAAgAElEQVTOhoEKHrlYhsQ16hL+83a9do+QgbombqGuHfq4eoXGtuu1O6r1Gza6tZ+7I/EMISFtNgqwuTLMZr306mteuXZbjlR0t00cAAAAAIDzQafKyspKbxeBxk7vvlelRzZ4u4x6AuPmKShunqRO3i5FkpSR/y/tzlujkvLT3i6lVo+QSE277A2PXyfbYtHd8x5wa9+/vPxnl/Mm1pVhNmvBwmSHn02dPElzbp/tdo2SVGyzKcdiUXaORUtWOJ5f0WjsrT7V4d5Rq1VW6zGX53zs4T8ocUxCvWssWb7Caag3Z/YsTb1+stPztdU9e+qdAABQUFCgiIgIb5cBAECHwO9N38Ocj2iS/4CpCoq7X50Nkd4upZ74fr/Wz4zjtStvjQ784FtBradtSUlt1r4xzQwNHTEYDM0+JtRgULzJ5HKfCUlJmjljeu3PBVarHn/6GeVYDjvcf3Nqar3wMdRgcDkyMSa65SFfc+7ZG+/EkQKrVQUNAlyDIYSwEwAAAADgFbRdw6ku4ZfJkLhaISNf9rngsUaQfzddGXOPpl6yWAN6jPR2Oe0mLX1no22XJ4x2e19fFmE06vFHHnb6+XYfvR9feSebU1K1YOGj9f5asnyFx64HAAAAAIArhI9opFNgTwVf8qRCx66Xn3Gst8txS0TYxfrVsKeU9LMH1TWor7fL8aiaFZMbmpCU5DDsKrBalW2xtEdpbSbCaFR01CCnnzu6f2+6EN4JAAAAAAAtQfiIegJj71DYNZ8pIGqmt0tpkZ8Zk3TTz/9XPx94i7dL8RhH7b2GkBAljklQYkKCgyOk9R90vLb0UBctz74WPl4o7wQAAAAAgOZizkdIkvz7TlRg3Dx16TbU26W0iZ8PvKV6PsjV+tbq/lx8HYGjlt344VXzKl4y3PH8ir7aqtxS0T42fyHvBAAAAAAAxwgfL3BdusYpMO5++V90rbdLaXNdg/pq/M8e1M96j9fuvNUqKMr0dkmt5qy9t2Z0XU27csPFWoptNqXtSK+3UIuvyzAfcPqZq1GRDW1J3eryXK0dRXkhvRMAAAAAAJqL8PEC1alLsALj7lfg4Lu8XYrHDegxUgN6jNSBHzZoV94anSk96e2SWixtR7rD7XUDrEtMJocrRaeld5yga/XadU4/c7aIizObm7EKdUs4W+W6Pd7J5pRUWY/VX9naUdBaYD2mNeveabT9lunTWnxtAAAAAADcQfh4AQoYdLOC4u5Xp6De3i6lXQ3rO1mDjVWjIDPy13u7nBZx1KobHTWo3kjAa8Ynaf2GjW4d60uKbTblWA5rS2qqy8BwQlJSO1bVNEdhX3u9ky2pqS5HddYosFodBrqEjwAAAAAATyN8vID49f6FguLuV5eeP/d2KV4T0CVEiVF3Vbdir9Hhwh3eLsltzlZIbhjGxURFyRASItvp0/W2F9ts2pySqgnjfSu8W7PuHYej8hyJNw3zqdGb5+s7AQAAAACgrbDa9QWgc8gABY/8swxXvHVBB4919QqN1bVDH9c1cY+oR8hAb5fjFndarl1tk6rafDuq6KhBeuyRh71dRj0X+jsBAAAAAKApjHw8zwXGzVVQ3P2SOnm7FJ8U02usYnqN1d4j72hX7mpVVJZ5uySntqRudbj9xVdea7TN2SIq29N3qthma9aCLb7gmqRxmnP77BbVPWf2LMVEO18dOzvHoiUrVraorgv5nQAAAAAA4A7Cx/OU/4CpCoqbp86GQd4upUO4tP80De6dpN15a5RZsMnb5TTirL1XkjLM5madK21Heodo8zWEhChxTIImjE9SvMnU4vPEREe16nhnfOGdXJPU+NlkmM2N5oE0Gnv73FyZAAAAAIALA+HjeaZL+GUKipsnP+NV3i6lwwkN7K1fDr5fP6telOb7k/u9XVItZ+29LTpXum+Fj/GmYfUCtEuGm2QwGBQT5Xy0oi/whXfi6JjVa9c1Ch/7GI2aOWN6i+sDAAAAAKClCB/PE50Ceyoo7n4FRM30dikd3kXd4nX98Bf0dcFH2p27RraS494uyWl7b0tsT9+pAqtVEUZjm5xvwcJHZbOdlqG6bTgmOkpzZs9y+/h4k6lDBmO+/E4AAAAAAPAVhI/ngcDYOxQYd786+TFnXFu6OOLa6lWxV2vvkb97rQ5X7b23TJ/m9DhH7bc10naka+r1k9ukPkn16sswm5sVPnZEHeGdAAAAAADgCwgfOzD/vhMUGHe/unQb6u1SzltdOvsrYdAsDTaO1+68Nco5/lm71+Csvddo7O1yxGC2xaK75z3g8LMtqVsJulrB2TuJjhrEOwEAAAAAoA7Cxw6oS9chCoy7X/4XXeftUi4Y4SGRmhC3UIcLt2t37hodt2W327XXb9jocPsVCQkuj3M1Z2K2xdLsNl/rsWONRu3ZbDanI/k6iuJiW7OPcfZOLmliYZu2ficAAAAAAPi6TpWVlZXeLgKNnd59r0qPbKi3rVOXYAXGzVPg4Dleqgo1vsr/l3bnrVZpub3e9h4hkZp22Rttco0FC5NVYLWqwGp1+HlMVJQMBoPm3D6rUai1ZPkKZVsON7nqcqjBoOefWqTsHIu2pG5VjsWiYlvzw7iGNr2/XlJVe/L6DRuVtiPd6X3UvRdJeuGpRW5fZ3NKqrakbnV5n6EGg6Kjoho9p5pjm7rneJNJ1ySN04TxSe36Tlq64I6j+jrCAj4AAOcKCgoUERHh7TIAAOgQ+L3pexj52EEEDLpZQXHz1CmIUVG+4JJ+v9bPjEnanbdGB35wPAqutZoKqWrmHLQ5CM6yLRa3RiQW22yy2WwqsFqbvF5LFFitWv/Bhib3czZ/ojvnb6ruYptNGWZzo+fk7j1nmM2KNw2r/XtX2vKdtFSE0cjoSQAAAACAzyB89HF+vX+hwLh58us5ytuloIFg/+66MuZe/az3eO3KW60jP33p7ZIAAAAAAAB8CuGjDwu+7M8KGPgbb5eBJkR0vViTTE/rG2uKV1fFBgAAAAAA8DXM+eirKsqkzmTDAAAAFzrmrgIAwH383vQ9nb1dAJwgeAQAAAAAAEAHR/gIAAAAAAAAwCMIHwEAAAAAAAB4BOEjAAAAAAAAAI8gfAQAAAAAAADgEYSPAAAAAAAAADyC8BEAAAAAAACARxA+AgAAAAAAAPAIwkcAAAAAAAAAHkH4CAAAAAAAAMAjCB8BAAAAAAAAeAThIwAAAAAAAACPIHwEAAAAAAAA4BGEjwAAAAAAAAA8gvARAAAAAAAAgEcQPgIAAAAAAADwCMJHAAAAAAAAAB5B+AgAAAAAAADAIwgfAQAAAAAAAHgE4SMAAAAAAAAAjyB8BAAAAAAAAOARhI8AAAAAAAAAPILwEQAAAAAAAIBHED4CAAAAAAAA8AjCRwAAAAAAAAAeQfgIAAAAAAAAwCMIHwEAAAAAAAB4BOEjAAAAAAAAAI8gfAQAAAAAAADgEYSPAAAAAAAAADyC8BEAAAAAAACARxA+AgAAAAAAAPAIwkcAAAAAAAAAHkH4CAAAAAAAAMAjCB8BAAAAAAAAeAThIwAAAAAAAACPIHwEAAAAAAAA4BGEjwAAAAAAAAA8gvARAAAAAAAAgEcQPgIAAAAAAADwCMJHAAAAAAAAAB5B+AgAAAAAAADAIwgfAQAAAAAAAHgE4SMAAAAAAAAAjyB8BAAAAAAAAOARhI8AAAAAAAAAPILwEQAAAAAAAIBHED4CAAAAAAAA8AjCRwAAAAAAAAAeQfgIAAAAAAAAwCMIHwEAAAAAAAB4hJ+3CwAAAAAAdGBnflLekUKV1G4IUGjf/upj8GJNF6jiH3J01FZnQ1C4BvbvrgAvnQcAJMJHAAAAADh/2AqU94OtThBYJaBrhAYanaWBpSr+4bv6YZMkGSIU27fpBLHkyMd67vdvKat2S3dd/8fFumdk92aV3hGU/HhEeScaPl0nuhjUp1+EQluZ2DUKAiXJEKGBfQ31w8Dyn/TVO3/Un7bW2Xn4nVr26HUaGNSMC7bVeQCgGuGjL6ook91mV1lRgbKsRQozxqpfrzAFd8A/ZrJ+/KJe/LifZj07Q3ENPzSv0oNrzuiGhXcqMaz11yqz5+vwIauKJIUZ4zSoT7D8PDKxgFmrHlylE9f9QXPHhdf+fGZqsu683NGNlMleZJcCa96hVSkvvqhtMffoiamRkqqf0xexuuexGxTZkpLK7Mq3ZMpqk4LDIxXbP9xD9w4AAABfdiLzfT34pw91osH2PpMe1euzRiq0i4ODygv1+Yo/aPGu0nqbQ8c9pOX/PUY9HB1zQbIpe9NzmvfOEfd2N4zRH15+SOOMrbikoyBQknperUUv3KPRPVtxbgBoJ4SPvuj4p3r9xU2y1t3WOUyxk+/SnVe05jeXl1TkK98qxTkqveKU7HZJrQwfrVtf0csf5qvML1hhXewqOivJL1I3/P4eJXroF3J+/veSwmt/PmVzciPW6vcZf6uev8VUu9luK6q/n+2UGmxxz9EUvfLqJuVX+CnMIBUVlUlhl+rW+TNkCm7JCesr+3aT3viwVJPum9SyYBQAAAA+olR5Hy7SHUv2V/3YZYjuXLxIv+nfurMG9L9aDz1h0LKXlmrnqdZXCTf8uFtffPuTRvesM7q0S3ddMi1Zfwhbqmc/yGn5uavP88fuS/Wn9a04DwBUI3z0YcYJ8zX/aqNUUaS9b7+ote+v1MaoP2jSRd6uzMd8v1ErP8xX+Li5mnddv6ovdYlV5oN2xfjCnwT2ulQ33BSuMmNM25+7JFNr39ikfON4zb13ovr5SWXfb9Lrr6Zo1apIJd+V2NpcV4W5+5V7xNiyYBQAAADtqkfcFD35xAC9/dJSfXFKkvw14qaHdMe4OIXKpoM5353buTxHB3IKNTkyXL+Y+YDyjj+ndy01xzygO8YObzzqscSmo0VSn5512rGDumtgdH8NMKjp8LHcphO2APXo6u96P9tPOqHu6uHuvJHlpTrxo02Gnt0V0KXB9lNSjx5NXK/6mkfLDerTVG3VBo6dolHlO/TuFwVVGwKide2vhuhoyofa5+Q5FJ/4STJ0d78Vu0t3XXLjQ7rT/pyW7qg7+vEnpe/I1IlR9UemhvaN1sUDeihAatR671ipiq02BTR4bqF9oxVzkYPzlJfqxKkS9XDzxRRbC1TaNUI9mmjXLrYe0dFTJZIC1LN//yb3B9CxED52BJ3DdOnYUdqYsU3Zhwqli8KlskKZP9mm/cftCosaq6tG9VNYZ0knc7VtV74ixyYqMkBSiVWZB/NlD4vUpTFVo/SK8vYq63Q/DY8zyk9lKvw2TWl78lUUFqOxY0erX3VaVZZnVqYhTqYeduVnfq38oghdnBCpsIoi5Wfs1K5Mq9RruMb+0qTwut+konztTd+l/ECTBtnL1OTXrKxQWZ+ladcpY+31y6xZSjtUJNMVlyq8pn34RJb25pap39A4Gev+si4sVKEkU99+564UYJRpRJ19SgqVm5WlrEPZsgb006gxiYrtWb33yVztzfdT3NAI2b/9UnvNVvnHJ2psTHidE1Q/J3Op+o30V5mzW/kxS1/uNcsaNqr2nRQdyVWRgmUMa94wxKIjO/Xp59kqCjQqxjRcl8UYG7VSF+1K0V5bsEbfVBU8SpLfRRM1dmiK1h7MVb4Sq9rdq99J5nHJaBqrq0zh1c+qTNbM/ToVcali/fKVuW+vMs/206grLlW/4KrvSub3dklFytq3V6VBNd+bqntN27FL+UVhivnFVRrdv/qLU5Ir8zdhijOFy34kU1/nn1JE3GhFdmvW7QMAAKAlDBGKHXqZrhzqry92lEoqVbF6VM33aDukg4d+qrNzqb7LtapEEQrtYVBpTbbVJVqjx4xUbN/qEK7cprxd7+nN1f/UF7Udx/6KnfBfuvem63Rxj6aKKtWJgx/rzdVv6aOD5wK0HkOv1m+nXKeJo6Kr2sFP5Wjr+2/rzX/u0dGanYKiNW76TbrtupHqE1SqvK3/q2WfHKkOxAJk6B+nwSW79c/Nh1Rc9QA04sZ7dc84g3a9s1RLt9UU3F1XzH5A/33tcPWo+98SZwq088O39bd125R1pub++2vczDt1168a7FtPd4345XW63nZCm74oqLp2z+Ea9x9jlZf1ofbtP7dn8ZE92vDOm3pzW5127f5jNGPmzbpxVH/HrfB1hHaVfjzScNJH6cTOT7Xvx5EaZ2wiLC236ev1S/X2vhO1z61H/ziFn/hUG744UhsuDhx3px6YdZ0u7urgHAV79O7ij5W6I6d6f39dPPUBPfDbMRpYL4cs1dE9/9baf/6j3ruW/NVnxFUa98urNWXskPqhdrlNB99/UskbCyRF6DfPvKQ7h7JaEXA+IXzsKAL8VfsrxW7WqudXydw5UqbBwcp8/xVt2z5R8+8bL2PnfO3f/J6yuo/WrJ/7SVkpWvn2XqnbWIUvnKRIFWrnv9ZqU/gMXRpnlPXj1/Xix6cUOTRWYZZNeuWz7Zr4wFyNN5Ypa8c/tOrLSF1qytXeDLs06AYlJxhlfvtFrToYprj4ftK+t/XsF8M16+EZigtQVQvwy5uU7x+msKC9Sjtpl+SqVdyqTa8+Kz9DmPztRdr72S7d8PA9SlSudm7YpKzg4VX3ISn387Vau/ti3Tkirv4ZBwxSP5llfn+pNvrdoGuHNgzpMrX2jyu11z9Mxr7h0g97tfezvdX3Kem7T7V2VbbCwkpVZPevatvevkvWO57QjYMlyS7zmme1KqNUwd2CtffLIoejAIu2v6E/brbL3yDZbWna9X3VnI75e97TP7bbVdag7doV69ZX9OKHBTLGDVe/kkylrtol6+8aj3rNteRKMimmwaDKuKtnaVZSv6rg0W7Wqj+vUqYhTsP7S3vfflbb4mcpeXqc/FSo/RvXapNto8LsRbIbgqWibUr7xq7kuxOVv2ejPv22SJK/srZt1P7g8YqMMyr8aIpef3mTTvU3KbZrrjb9zyJtnzhfc8cZVZazS/9YtVORl5mU+6VZdkXqhuTRtGwDAAC0l4BwDYgeIO2oapnNO3RIR0ui1ed4pvY1mK4w72COjp4ZroEncvTtj9Ub+w/X0F7ngsevP1isB9/c02AkXamyNi/Vgyf89fqDV2ugs1rKbcr6cLEeWranOhw858TBj7X0iDTg1Xs0wrZNf35isbZaG+x0Jkdb33xSuzLv0eL7L5fth/3aWfcm9u3RF/UOsGnfP5/THf9sWMhP+mLFc5LhJf1hfETVQi1njuij15O1eNtP9XctP6Ktb/5RR8tf0vM3RtdZ1MWgi296Te+Oq1oAJrRvuLSnwWX8B+jKOS9p6JkA9ewfobP739T9T76vvIblHNmhtc/s0dczFyl56hCXAWRx7p7a0Ddg5I2aXP6+3t1XKtn26LMDhbrCGNHEKtSlKszdo5376oSB+xoWLuVtXapH7f56/fdXq0/DE1r36KN676ZUX69/TovK/6TFtw2vqr/cpqz/W6yHVjR+11Kpju77WGsLDBoxcoh6OAo4AZy3WJKiQ7DL/HGaChWumCHhyk/dKLMtVjfOv0e3Tp+l+beOVvD3m7RxX5kU1k+R3aTc3MOSJOuRXCkmVpEnrSookVSRq/zvpciYWKlkrzZ+nK9+v5qne26doVvvvVVjw/K17bMsSX6KG5uo8IpM7T2eqLlPP6/n705U2Pcp2pghjb51vmZNn6FZ992gONtepewqklSmvR9tUn7gaM16IlnJC5/QvKvDXd2YpGCZpj+hp5OT9cRDk9SvIlfbPs+XjLGK6yZlmvdXjzK0KutQkTQ4TrENT9FtrGbdlijj2SxtW/WiHnl0kV5fv1eFtcMT4/Tbx57W84uSNf/uezR//iT1q8iX+UBhvWfcdcQsJT/5hJKTb1Sc7DqcW/3b9fsUbcywq9/kh/XEwmQlPzFDjiJEe9ilmpX8tJ547GFN6i/Zs7NklRQ39Z6qkPNogRr+u5Rjhdr/Vb7U8yrdOmuGZtx6j/6wyHG7fWlF1f/6N/gnOfiiOMVVj0TMT90oc8Vo3frALM2YPkvzfh0n+5cp2lkvQe2niQue1tPJT+iuK8Okw1nKlRQ3NVl3XWWUdJGuvS9ZyXckKrzmPV80SfPuvVUzbr1Ht14RpvxPtilLkl/cWCX2lDL3nVDivKf1/PP3tMmCQgAAAHCXv/oMGaI+1T+VHM7RUVupbD8c0XflDXbN3a+sE/U/6zEkTn2q216LD72n/6kNHg26eMKNuu3GsbVhY8lX27TPWipnig+9p8V1gsfQoVdrxk1TNLruaILSAn3x9tJzwWPPkbr+pps1Y2z0ufPseEvv7jutPkOv1rVDG6yi3WO4rp92o8ZFNbi4caR+M22Krqid09KmXV98qaMlUk14+npN8BgQrXE33qwZE4bUBnlff/6l8hoPOFRo32jFxkarj8HBiMMu/urRP1qxsf3Vw5ahtUvPBY+hQ6/WjJk36tohNceVat8//qHPf3D+/FRu08EdO6pHgho06sqrdO3Y+OoaS7Vrx34VNtVf3cWgAWNu0LioBqMJAyJ08dAh9VawLt7xvj7KcnDTktR3pH4z7UZdG3vuvvN2bNfB6hbz4qz3tLhO8Nhj5HW67bbbdFudZwrgwsTIRx9m/fQNLUqX7EVFKqvwU7/r7tGkiwqV8vdCyThKg2q6eOPiFKOdyrYcli6L1aBIadt3uSrUIB0+UqhI00RFfP+e8nKl0cpWtsKVGBMmZWUqs0KKLMzS3n1VpyoLk+zf5apQsQrv7Cc/Saarz7X0Fh7KVqH8dLpgr/aekaQiySDlfpcvScrMlGSKU1xNGNa5qa9YmPpdVH0j3eJkMm7Uph+tki7V8PgwbftivzIrLpXJlqVMqxT3y0ZrZledZegNmv/keOXvStF7H+9U7va1evabXN15/w2KDZD8Au3KP5il/KJS+QcWyk+Svbxu87RRpoTYqtb1gJB6/2BU3bNRE4dUJ2idHbc1GE2jFRtWdU/h4dK5XpHmClfc4HBt+jRFb/yPXVdNHKvEweEO/2FtGDo2VqjMbwulgNOyZuyVXZKKpGDlKvc7KXFo9W4xozW6ug09OLip9vCsqvfcv1BZ+/ZWbSrrKtnzlfujFNtT8usiyTReEy/i/2IAAAC8IXRAvC7u+qGOnpL0Y6YO/lCogMzM2mAooItUUi7pTKa+zilQn5yaz/w1eHB/GbqoaqXlzR8rq/qYPpPu12OzRqrHT3t0dOs25f0oqbz6L0fKbTq47dzxASPu1OKHr9NA/5/0xQ8fa6e1KuQqO/6lPtpVE3hFa8ZD9+u2IQapZIzCbQ/o9T2lkn5S+p483TZniu4JLVXW79+qPm9/zXjwId021KATg3/Svic/rlrpu8sQ3fnIQ/pNlHQ04oh2vVoVoJYcL5SttOq+U/+9vzZUHfffD+qBsREq2V+sLzYfqg4Mz8pFLNikowe26fOaQNV4nR568E6N7iFpbIzO/v45bT0l6UyGdn5bqGv7Rzg+iS1Hu/ZUzylpGK4r4yLUp3yMRgTs0c4SqeTLbdppvUrX93fVeu2vgWNu1F3+hdpXsxJ60Ejd/9JDura/v0pyP9SiB5dq5xlJOqJ9WSdUMrRBPT3G6o9/uldXGP1VPFI6+OA/q57RT1YV2kqlriU6uLX+u37+wes0MEgqPnhCH20+VP8/j2w5Wrvw93rT0rDWAr378C16t7ru0fe8puQJTY3sBODrSAZ8WNjgqzQpPkwKCFdkVD+FB/tJssrZhIN2e9UkJZFRkVJGvnIrDisvN1gRVw7XwMi12n6kUIXKlz04VjF9JB2v+lWav2+jNpprr6qwuH5yNl6xrLxUUpEyt21Ubk3w5RemyL7hkqy1I/FapdiuIkmRcRcr+LP9ysyWTGezlKtI3TDExVe2c5j6JdygexImKX/z63rl4zRt2jVesZfblfLqi9pkNSouvp+CVagiuf/lr7rn9tXvV3N1T9d/6B+b07RxWZo29hytWffdqLgGuWBQcLCkMp2umpvZgbKq70tRpj79v9zarX7dItWvV0urK6t6z9/v1cb/OzeZTVi3i9Wvyfl+AAAA0C7C+mvoYH9t3VMq6Yi+PnhIOljdu9tzrG4aW6A31x+SZNO+/fvV54fqgEsRiokMrfpXy1PZ2negpiXZoJiIUu378C199uE/9UVti/YQDXa2mEtpgbK/PdfSPHTM8OoRld11ybQ/6fVJpVKX7gr64Z/Kqhm913e4RvStHqEXEKGhQwdIe6rax0/kHtGPpSNVb/yeob8ie1Vt8TcYFFi7fYAGdK+qK7C7UQZVL5xSUqqz5VLxDxna9UP1vgH91UcWpb7ztjb8c1vtSMUeg8+NAG0+m47m5Jwb8TksXoNrWo27R2lE7bupmnezWBEKdXCWE4e267PqOgOGjtTFPf0VoDiNGuqvnftKpZL9+mJfga7t3795AV3fOMVWv7eAiOEaNVjaWf2v9ieOnVBJeYPwsX+cBlQvxBNgCFd4gJRX9UCrnuuZIzqYWfOu/TXiiuGteHYAzjeEjz4s+KI4XTqi4XyJ4QoLl/SDvWoUmySVnFaZpHBj1b5hMbEK107l7+unfHukLo/0U0RmmPLzc5VbkS/FjK1qXe4arjBJkVOSdesIuSW8e7ikMl11xx80sU/DT08pJFhSRQvDuopCnSiSgqOMVSs0x8QppvNOfZ2Zq6ySbMk4tnpkYcPj1GACAT/1G2GS8eN82e12KTNFm74P09h752vSQEkya9WXq9xsga4ZCViksrYIVt0WrMgrb9X8K8tUtPttvfj3ndq0I0lx4+rHwoOiIqX0TJkz7Br98zrJZEWRis6GKSy4+vtSfpXuemiiy9k33Rem8G6SBtyg5FsvbZMzAgAAoI0FRGjokHPBXdbObSqu/rPogMHDNWqkUanrq0b4Hd3zqT4/Vf3v8MbhGmqsCvNKztiqRk5Kkmz6YsVzDeZX7K/rZ/6qaoESR6s7l9hUVNvBa1CPrqG1AUeImHIAACAASURBVFlo3+jq6ZRKdTTnxLn5JINC681/GNqjzorLJaXOR1k2U+mpn87N415ySGtfeq7+Dj3H6q5fxzde7dtd5aWynTo382Gooc4c/l0CFdbdIKkqrCspLam6r4bXKrfp2z3bq0YqSirZ9br+87evN7rUvh37dfTq/vXap5vFP1RhXQ2Sql9WhXvrZNdTckJHawJpGdSnZ6jrMLRLgPoMG6kRoSWSSlT47SHlVS/4Exo5RLFdA6QuBsX0DGTUI3AeYM7HDsdPl42Ik07u0qf7quZZzE/ZpkyFy2Sqjpb6xCg2uEjZn5uVb4zUoAApckCklL9Lu76rnu9RkvrH6uJgyfzJJuXay1RmL1K+eZv2umgX9hscq34qVNrHe1VYUqYyW6Fy03cq0y5JsYobLOngNm06Ypf9+71K2dNUxFcme0mZVFGm/I83aac9XKNGVdfX2aTLTFJRdoq2ZdoVNiTWYXiW/+GzeuSpldq4L1eFRUUqKsrXzn9vk1XBGhRplPz9FawiWX8oksqKlPV/KcqUmgwT7faqeDdscJyMNfdsK1TWx2nKbuKu3GIrVKGt7jDWMyr80a6yijJl7d6p3JNVK4UH9+qqYEl+AY3/RNlvxFiNNkiZ/3xFa7/MV1FRoXL3bdTSpxZp0ZqdsstPFw/uJ/2Ypo++LFRZWZnsP+ZqZ3rmufDaoerRlPVqK1KRvUxSpGIHB1e95zy7ysrsKvrerG37nL/r/M2vaNGLr2vbEae7AAAAoE35q2fsENU0phQf2lO7mvPA6Gj1uShOQ3tWf2g9VPtZQHRcndWLnYVQBsWOvVl/fPlZ3TOqu5N9JHUJUEBtclQi25mzDs7o32Bao/qtziUlJeeOCfBvHNC1VLkct1QH9dcVU+/Ryy/dq3F9m1hFugn+dWo92zA0LT139QD/AMf39VOmvtj5k4MPGtj/qXa5mjeyKeVnVWQ7N8+j03pcKS2pauOXJAVKXZp4dkH9Ne6OR/Xck3/Sc08k646ra0ZaRmjinOTq7Q/ptpEuvl8AOgxGPnZAfpfN0Kzc17Xq7UV68G1JncMUO+WuOguSDFJMjJ92mvMVnPCrqsAuJlaxJ95TVkW4xsfUzF0Yp//P3v3HR1Ue+B7/ZCaZZBImTJgwgYFAQgL5AcEgKBoKbRSkokVRqlVaqq3b/WFve7vtbt22bu9uf3m97XVvb73b7drSpWLFolgqKILEQglGQSJIIJCQQEIgIYEhYzJkJmfm/jGT378hgYDf9+ulZM458zzPec7Jr2+e5zx3PZRH5dq3ePb7b4W2RTtZtDqPORP6uDXGLuKhe47wH3/6PU8d+H2oPWMzuTv1ZrDCrPtXM6diLW/9/Pu8ZbKRvngps3ZvpbzCy+3ObnOGx4xjXPSH7Pz5d9gJEOnk5oe/Eh6dGJJ54xysv93PEazcnNn7eslJtyzl5hOvUfjCs6FyACJtZN7z1+HVqhdx++T3ee3lH/CPL4Nt+lJuv7GRt05U4sVJzycc2oiPA0/DOVqZSqTzdlbf+SH/9vrveeoARDrz+PRCL68VV3KCWb2u4hxjtULdCU61grNHVzqZmmaDPa/x1A9O8aWnHiJzajo2UyGv/c/vc+qRrzPp3a288dKG9hn2tun38tlbexn2aUpn5ddW0vz/XmX/i/+H/QCmSMbNWMrjD90cOrcFD3Hvkf/g1Ref4jsvAkRiy7yblPn0cu5gjYsH6qirB1zgbG/bD3gtvGJ35mceIu/kWt76xfd5K1ync8GXyMt19vpF5XzdKTx1cKq3v4iLiIiIyIiIc01jegzhZ/m1SSI7I4kxNgtpKVHQ0DW0mjJtMuPCgaElJoEJ8UD4/ekrvs1XF+eQNjmuYzRabyP22kTFMS4xCk6EphcfO1JN06eSsHQ7fkxCAu2PTK+r5kwTZMUBho9zNR1/4E6YnITj8vLAjqYl2BkH4WnRSXz6a49z/42ZTGmbQn65IyzNcYxLHEfb6Mbz1XWcMwiN6vSf42RNW9gXxYRkZ6+j+84fe4eittGE5iTSs50dU7ONJk6UHA+Piixlx7tVfCZ12qWNEvRUU17V8XJcUsLQy4lJwNE+ePIcDec/grYJ8sM0WlVErl0KH0cj5+186+nb+znASuaKb/Hju7x4WsAaZyWy27TjOat/TJcJsbY8vvJUXs+SMu/lWz+8G2+Tl9ZIKzZrp1uij3Y4F3yFJ+d78XhbiYy2Ye38nck6i4e++2PubfKC1YY1Erjt9t7H2KbczRM/uBtoxesFq7Xn7RiZ/RDfuuccP3gziVlpvfdGpGMO9/7dHO4NtIbOg0isNmunm9vJoq/9mLwmD15T2znezu1tIx9nrebppzuXOJV7v/8093Y+5/yv86+3ePAGrNjiQiUvuqtt7yxWdy2A9Pv/hafv76j/9m89TeeeTF/xJE+v6LRh+r08+VSnGrOfZFFrH33cXcLNrP7uzbQ2efAGInveDyYneX/1JDd7PXhbu+/v2TbbrV/h6Vv7aRuANZN7v/Vj7m6rs1t/dy9z1ud/zL94YcC1bERERERk2FgSppE7Fd4t7bQxLpVsVxxYLF2mZYeEgsn2Hz3j08jOjGNTeGGYsnf2cGxuKsmJfs4cO8CO17dwMvMrPLE8FHr5u4dMliSyc6bBvlADzr/5W17ITuCLC5LxnzrAjj+9zrFpD/P3N3daHKdpH2/sLuWm5RlYqvew6e22Z1HGkZubGloIZ6h6eSzUmImzyZ24gZOnAWopevc4CzKmMcF8jvKSd3jjj/tIePjbPJIT1+O9Hfz4Gps6RmZerOXkseOMS0lmiiOKCRk5TOB4KFQ9uJ0dJbfySG4cZ/a9zhvtK7NkclP6uJ5h38VqinZ2TLlOWLCSr37hk2Q528JRN7v/7zf414JQuFm2czu7sxeTNS0Zn+Hrc8xqO3cVZdVuJkz8iA9efYE32qdMTyN3+iUs8BLjJHta273i5703d3F47kqyYmr54J19l74Wp4hcFyKCwWDwajdCpE+tJ3j1fz3Lkdlf54m7Jl3t1oiIiIhccbW1tSQl9bESrki/mij+7RN8e2OnZ99kPMKz/3oP6THwUfGvePz7r3cEQ/GL+Od/+wYLHB2Hf1Syjm//04b2VYx7cCzmu1+J49c/+WOPgCnrkf/LDxdU859P/M9O4VY3CYv456ceJW7bD/j2huN9HASWnEd45p+WYXnzSf7qt6Xd9trJSvdzuKyp2/YkslLPcbiiW/hoyeHxZ54g+/2nePzXB+nLmFse59lvLmZCb0lc3U7+9b8/w+7uVQJTHnyKZx7OYEzTcV7+yRP86mDfU6LTV/wrP/xCTtdnS/ZRdnu5F6vZ9MP/xrM9mh5P7gwvxUe71Re/mB/8/HGmH/8Vf9u22nUfEvK/wb/9dQbFP/tvPPNe93Ju4Sv3wQu/fYePuuyws/yfn+Fh/zr+9ifb+y0fCPf/k11W6P6orpozjU1AHGMmT9ZiNXJZ9H1z9NEzH2VUqtv+U/7xO9/hO995lkLrIh5aouBRRERERGRo4piamdllFeUp2dPag50xybNDi8W0mTiNpG4D/cZkP8C3v7aYHmtNtu1PSSIqou8WWJy38Fff/go3J/S1PwGCceTe9w2+kd97WGDJXsmTX1tGen+DEIcsivQ7Huef757W5/5kZ2/rTw9B3DQ+8/jfs7z3p0cx5c5v8O3P5Vz6ojbDzJKziu9/aVHvYesgJNy4ir9f3ld/9m+MczLp6Rmkpyt4FLkeaeSjjE7hKcf0mEItIiIi8vGiERxyWRqPU7DzIOf8hFYYvmERC6aGUzyfm8O791DiDk3SjZtyC7fN7X3Kre/8cYrfO0h5bTUnGu1MnZpE2sx55KbaoeEgO3Yfp6nLtGsL47IXkZ8RrqupluJ973P42BFK6iwkT5/G9IwbuSk7qWN1a8PPmZI97C4+SHHFecZNySErZy6fyJ3cfsxHpTvZUXK+62IxUXGMi4dzDd2GCkbFMS7Ozzl3t0nIMUncsOAW0sPB60cn9vGXg9WcqT7O+Zhkprgmk507t2OKc2+aqnl35z6qLnbfYWFcxq0syLZ39KPPzeH39lB08ADl9RaSMzOZmXsrN6Xbe5/e3GvZnco1mih7Zycf1HU7r4hIbNFBPBe7zX+Pm8yCRXOJPtRp5GPCXO6/MxX/iQo8CZlk597IbTdOC/Wz0cTJ93by3mlfj3JumAolpdVdp9ib40i76ZPkTowC/Jwv3ceuknKqavyMm5pJbq4TT8lBqtouT7f+Fxlu+r45+ih8FBEREREZxfRLlIgMh/P7OoWPqat49kcrh3k0qcjooO+bo4+mXYuIiIiIiIhct/ycfOtXPPWbTs9jrHiVZ374Q54tqB54cRoRkcuk8FFERERERETkuuWjqfYgxdWdJ6s3UVayj+LTTQofRWTE6VF6IiIiIiIiItctC3FJOdycm4Cvy7MaLUxJiuv9uZMiIsNIz3wUERERERnF9OwqERGRwdP3zdFH065FRERERERERERkRCh8FBERERERERERkRGh8FFERERERERERERGhMJHERERERERERERGREKH0VERERERERERGREKHwUERERERERERGREaHwUUREREREREREREaEwkfpnc+L13e1G3F1+OoqKTlaRYPXGOBIA6/Hy0BHDZXRWEXpoUrqmq7vC2B4PXj9ve4ZfL/6vXg6X6fur0eTj/HnlIiIiIiIiHx8KXwcjTyl7HpzK1vb/vtLMTWeYa4j4KHmaCXuQO+7G/ZtYt3b5R3HVtTg6ePY60nDu+t5sbAKn7eKAx9U0X9WVEbB+gLKhrF+X9lW1m0uwUM9pUdqh7Hk0afs7fVs2u/ubQ8F6zezv9d73qChopKGttCyvID1b3e6At1eGw2VVDaMjjCyYd8mNu1ruPQCPkafhyIiIiIiInL9UPg4GrU0UHOyhaRb88ibm01KdC0Ff1hPYd0w1nGhhF07d7K/up9jjNbQv9V72f7WLkouDGP9o5KbsspW0vMWkntDHvm3pGC5wi2oOl5FYu5S5s2cx8K5yVC2ledeL73CrbiCjL6CQQNfSy+bPQfZWbCdvScGU7iHg7u2s31f5aW37yoqf/M5thzptOFKfx6eL2L9+kIuIy4VERERERERIfJqN0D6EonVZsOGjQxHMjbvWrYUl5N3R9rwFJ8wnwcfmz+4Y6fks/qx4al2dDNjNjPs06iH1AKzueuG1tExam/UsOWy4ku5gz2Y3HsfY7BHjzY9Lv2V/jzsMxgWERERERERGTyFj9eIhLE2aGoFfwlbXqoibaGD0l3F1EXlsPKB+USf3MXmgjKazWaIsJO9ZDnznHUU/r4AljxIXmK4oNOFbHirjGYA7My+ezm5dgAvVXu2sfNwHd4IG/a4ZrCF3uJ+bwMbSm3kP7CUNAu4393A5ovZzLl4kKJqDwY20vJXkJ8aHidYt5dN2w7S0ApYXaTE1eNN+RzLZnYN1tzvbmDrxRScZw5S2WRgWJJZeN9SMqyh/d5ezwnK31zDIdcqls+yAFUUPL+VuhkrePBmB+Cm6KXNGJ9aRZ7TS9VfNlNwvBmCBmbnPO5amoPdBHW717PTksecjwrZWeHBtWgljg83cfCCD95cRxkGybeuJr1qLYWxy3nwZnuoUeVbWVOezqMDhsChureXN2M2A4FE5qxYRo4NOH+QLVv2Uhs0Yw5Ek7xgOflpVsoL1rL7pIHv9HrWF7fQYoAZA4x61j1fRGzWcvID29nckseqT7gADwdfXU9RbD6PhdtT/uZzlCY/yrK0Wva+VUjJGQ+GycCIdDH/M8vIiQfOFLL+Lxby5ngo3FmOZ1I+j93h6rOvOvOd2sv2PSXUegwIGlgmzmf5nTmhW6VsK2uOOMhz1LD3cB1eLDjm3sWKGxyhNwfclGzfGrpnoh3YQ7dgH1pxf7CJdSfq8GLFecMSls91QvlWnvuzh9zlK5mX2Nd725Sz9TcFeHJWsPKm8L2xYTO+rDk0HyqiqtEAWxqLV+STYglds/KCTeysbAaTBceURHxnbSx6IA/nZV7b3lS93fe9VV6wlsLTQMM61u6NJfuuFaSXdf08JODm4NbN7K0zMEdAdPICluenYR3EtejyuRWAxNwVLJtt62jc+b1s3FKKp9XMG+vKMFwLWJ2fNqTzExEREREREQGFj9eMmrNuLHE2iHKRYi9k19sGefc+yvJ4M/hK2fJ2Da47HyXPCdQVsv6N7SR+fjEpk1rYdawBEkOhQ0NlFWQsZ/VNBoXrN1JzBnLt4DtSwPaTCSz9wnJcZg+l2zeyKzzwyX7TIrLLCqhthLREMAwDb1kJDfnLWH2HDd8HG1l3sJQFqTlYqGHXthIi536ORzOt4Clhyytu7PPNPc7JMAw8lXXkrHiUfFsoENz0dikZd2aAr5SCPs4peYKDgpoqmJUG52uoi7FjPlODDwcWXxW1HyUy0xk6p4JzGXx2dQ5WvJRs/gPb9yezcq4d5/RkWjZtZW/WMlY94sJiAtJXY3v9OcpTV7EsM9TGhrroriPA/AZG23T0/pw/QGGlg8VfWEmyKfy+KIAGCt/cD2394y1hyx82s9exknn5q7HvWc92FvPgreHA7sgWnqtIY9WdGaHXp5IwdlfhxoWdOmpa7NhbaqghDRc11NTZcNxkhshYXLMWM3upHYspFPRufK+SnNtTYEI6yf5NbN2XzbJVj+GygO/Ilj77qjNLrIucxbNZZrdAwE3RKxspqshhcSrQamDUlVCe/Gk++4gTS3UBa3eWUHPDQlxAQ9FWivw5rHwkG5vRQNGmjfQ9IdqLJyafzz7iwtJUzKY/7GRv2krmpS0l78hzVNYDA4aPaSy9tZTnKusBB2BgGF5KDzew+NOrWRrvo/jVdRw4soCU2RZ8H26j4Gwyy7+Yh9NkUPOXDWyxpXQLHi/x2vYSssZG931vpeWvpvVi13uRbp+HDUVb2c88PvfFjPZrtnmfI3TN+r0Wbg68U4Ej/1FWTiHUL/5un58J81ixzMf6t2Dxg3mEv3oM6fxEREREREREQM98HMWaqTlUQsl7u9i6aT07z7iYf5MLALMJXDctIzs+HBicrKTGns28tpTEmU1KTBVlJ8CVlkrLydLwc9saKD1pJmV6z6SgoqIGR9Z8XFGAyUaiLbrTXnPPO2ViDgtTbZgB66QkbF4PHoD6SmpM6czLDI+GsiVhj+nnNMenkR0ecOXMSMZWVxUKpPo5J4srEVtDLXWAr6oWpmSQ5K2lBuBULQ2JLpKBqpM12FMyQiPBsJKdloi7LryIiwki47LJXxAOHodbZDQWXx2VJzyhadxRZswA58uo8qeS29Y/1mwyJripLB/kikITnSR+1EBNADhVQ31CBhnW2tCCRJ4aanGRnACY7LiS7Vjw4fUa2ONjMdofomgGk5XsT+XhCg9W7bevOktwkWy3hFZuNuzY47o9mzEunfk3OEN9OsVF4sXwfUEDpSdbSM/NxmYCohzYY/s7URvJGeFrY8slPclN3elw64dyvSJ6bnLNWkhKvBmwkpxkw9sUamFFVR2unDycJgAzrkRbzzfDyF3bAXX+PHRTVtVC6uxO1ywjCXdlGe219XktzERbfNRVVuLxh16bowZR/Yifn4iIiIiIiFyPNPJxtIt1kJyTQf5UZ9eQrFOo4j7nhqjOi6PYsdsMGlqA1DRS/bsorYc8Sqkyp7C0R/bYQEMjRKYOw/Iq9W48Jjs9xzkOwjg7Nr+bFgY6pxRcRiEnPdB81oNjWg6OsweoqQPbmQZsk+ZjwU29G+pOv8jaAx1VWCZldLwwcWntHAxbLp9e3My2XetZ87YN140LWXqDC3ODG0+Ujc7Rrt1mw/D1v652O1MqyYmF1JyA5HO1RDtySbp4gL3VQEQdzROzcQEE6ti7aRsHfTZc9kiaz9bAuM5TxSO7BFkD9lWbur1s3HYQn82FPaqZ+tOQkDqYhtfj9kRjjx74yN6YTeBxN0B4DN7wC30O9BZW9jBS13aI7XV/FI2ta2XYWn0DrNAOYCN36VKa39rJ+t8VYJs4h4WLc0N/eOi3yit5fiIiIiIiInK9UPg4asXimplNL/FPD/Z4G5wJhQ6hsM6DpxnMkQAu0qaEpl67I2swpy7t5TF7NmxWcA9Hs8fZueQnwNW7OR9jw8bA5+R0uKmsbcDXkEByPiSdjaTsjAfb2RaS5oZGrNlt4Mz8HMtnX+k1q0OsU/JYvioPo6GYzZu3sDX6MZYl2rD5DToPFvQ0N4NtsDGoBdf4WErONlDTYOC6yYbTncj5mhpqqMc+PjQ61vfhOxQzk1UP5Iaux5EtPFfRV5n2QfaVj4PvFMOsVTx4Q+gql77+HOWDarcNW38jYAdgBMBmH6ngEcCBfczgPwdG5toOhR1bXAtG18pojrANLlC3JpN39yry/A0Ub93Mlu1WHrtzgK829it5fiIiIiIiInK90LTr68G0ZJz1FZR6w6/dpVRecOKaEnrpmp5Ka00JB09CyozeppJacI23UVteghcg4KH2XPOltSXRQUJTFaV1oZfG6VKqmvo5vsWLJxD6sOZIBcbE5NDIvYHOyWmnvuoA9WYnLhPYJ7nwnNlLrcdF8qSOY+oqS2krAr8HT/uLwTGbobkpHEn5Gyguqwd/19FlRqCXNwZ8+PzhMhy5pDuguckDiSm4Ik5SfqrtuHLKqi24kgf/0DzHBAfNZw9Q0+jAlQhMcWE7U0rp2Vhc4dGrLX4fRFlCwWPAQ+VpDwT6Xr14cH3VQosfoi3heNlTSU0jEBxMq104HR6q2m4Mfw11jYM7XzzFlNU6Se5rjZ/u59XPefYnaVzXz4GSivo+6rv0a9vaqW2Dubf65iBlkpmT5TXtW8rLq7C4kvtew6cTny/cjigHuWmJ0OxhwMnTw3DvioiIiIiIyMePRj5eDyw5LMmr4ZWX1lMx0Yr3tBfnJ5eT0zaIbWIaUy5uoTQmlwf7eIydY+48XC8V8OLavZiJJjkrHdvRGqrIIHkwbWgbEWXKID+vkj+8toaySDDHJ5PQ31DIxkNsev4ABgZGbDqL70oZ1DnZprqI3FSCN2N5aKXliU4Stu6iMimPxeGibXMWkVOxiXX/tR+LGQwjmpRFnVblHgT7jAzsrxSw5vndEGEjY/5sXLurqPDnkBGVhDNhF4W/24D7jpXkTex4n/f4bjbtrsSc4CLWX0ttaxr5OTbAxsIl6Wx4fR0bnQkY585jnrWExRP7aECiA1thIWufLyL51tXkpwFTk0kq2EV5Uh75ABYXicEiSnzZLA9fX1vOHJIP72TN83tDqxLfkIyjpopyfzZpvUyvHVxf2Zh9QzIv7lrD2n1msCQze4qDmqpyjKy0PkbcteILD1/NuCmXg5s2sabCgjnCRvo0Fy21NXhxdBstG4vN2kzplrWUmYBANMmd7+fOJjixFxayZoObpSvzcHV/3Ue3dtbiD43lc8zPJ/uVTaz7r9DnQMokG/h7Hn+p19YxwYFRsJm1H83nc0uzB7i3INFhY9eetazdm8yCz+fTPXt15S0h/ZXNrNuYRELgPOfNOSy5rb8zDl8Lfzm7X9tJpdmBK85H7RmDtE8tpseXhvgk7C0FbHq+DHvWclbMdQ3t3hUREREREREBIoLB4KDGLck1IODD22RgjrNe4iIqBl6P7zLe37UtPsOCJaqGXc8X43h4GdndymzYs56N7lweuzMDw0/vi15c9jmB4fXQHIjGFnep068NvF6wWoc+vdTX5KHFFIutx3sNvJ5miLFhHcxiH5dk6NdzUH3l9+LxmS+tP8PX02KzjtzzNi+T4fNhtljwHdjEHzy3sGpBj/WugeG6tpd+b7WX4PXQTG/tGIDPi6cFYod8La7EvSsiIp3V1taSlJR0tZshIiJyTdD3zdFHIx+vJyYL1j5GNg6OGavtkp/Y2C4UJFpCgVddJTURNtIGCL/6XG33ss8JzFZbz1FdQysB6yV2iyXORu8RnRmr7TJPbEBDv56D6qsoK7ZLDZ2G4XqOGL+BEWXGbLEAXsqq3Nim9j2leHiu7aXfW+0lXOr9bbFiu6Q8/krcuyIiIiIiInK9UPgow6yOvZveoLQJMIERYSNnyYo+p79a4xOuZONE+uQt384r79ZimADDIHrKIpbPujqLFYmIiIiIiIhcLzTtWkRERERkFNP0MRERkcHT983RR6tdi4iIiIiIiIiIyIhQ+CgiIiIiIiIiIiIjQuGjiIiIiIiIiIiIjAiFjyIiIiIiIiIiIjIiFD6KiIiIiIiIiIjIiFD4KFdfwIe3ydfrLl+TF1/gEsr0e/F4jctr1xVj4PV46b21/e27DIPon0vu+6vA8Hrw+q92K0RERERERESkO4WPcvWd28um9QWU99jRwN7XXmTniUsos7yA9Vv247n81oUZNFSUUucdtgI7KaNgfQFlfe7bzP7hO5GQ8gLWv917jSGX0fcjIeCh5mgl7j7C0LK317Npv/vKtacaflZ45aobFB+88BK8cKzb9mr42UuwZ7jvIREREREREZFBUPgoo0PAoLXXHQa+lksss9VH7+MpL0Ulewt2sfvo1UhwLqMPBut8EevXF9JwpesdrAsl7Nq5k/3V/RxjXMGRrhfgW3vgzJWrcWAX4OXD8ItCuNhpc0Ux/LQYdvTXdyIiIiIiIiIjJPJqN0Dk2pDG0i+lXe1GjJwrGdxdioT5PPjY/KvditHNC+50+HI1FPrgNkto845D8NWZwDUyhV5ERORyBYNBDMPAbDYTEREBQCAQIBAIdNk2HPW0trZiMpkwm8191i0iIvJxp/BxNCrbyppjNnKMCg6e9WFgI+eulcx3Ar4a9r5VSMkZD4bJwIh0Mf8zy8iJNyjZvI6a7NUsTg2XU1/I+rdg8YN5OM4fZMuW/dQHwTBiSc+/i4VTrOAvYctLVaQtdFC6q5i6qBxWrsygautm9tYZmCOAqFTyH1pIcpdGeigt2M7ek258gBGwc9NP9gAAIABJREFUkX3HcvImWQA3RRs248uaQ/OhIqoaDbClsXhFPinhQMR7spBtu0qoazFjGxtLM7Y+u6OluoD1e8rxBM3YUhexPD8Na6gUqv6ymYLjzRA0MDvncdfSHOxt43kDLVTt2cQbR+rwBi045t7Fihsc/bTdTMnmNVSmPcayzHAZvhK2vrSXWgDMJC9YRX5qR93by5sxR4B5XDZLls3DaQLOFLL+Lxby5ngo3FmOZ1I+j33K2sd1G8wN0UpLVSGbtpZS5zWwJM7jrntzcQzQB75Te9m+p4RajwFBA8vE+Sy/M6dnT5/fy8YtpXhazbyxrgzDtYDV+fZQze4Stm4oosrd8xq26+9+7e3+emA2nl77ro7C3xfAkgfJSwyXfbqQDW+V0QyAndl3LyfXDgTclGzfSlG1ByPagT20u5335C42v11Bs8nAiEhi3rJl5CT0cW0WOzg44P0+BAHY8Xv4UWXo49S58ItlEAO4D8H33oAdF0L78j4Jv1gS2rdjHezPhax34aul8NN/gLwD8HgTPH4Rvvo+HDbBL74Ij0/vpV4P7AB+Oh22HIPbZgIn4ZUJ8IsJ8LMLna85/OiXsBmwBuC+lfB4RmhXb+24zwQ/+hXsCIC3Fb78BfhyyqV2kIiIyMhqamriyJEjzJw5E6s19FOj2+3m1KlTZGdntweFl8vv97N//35sNhuZmZmYTCYuXLhAVVXVsNYjIiJyrVP4OBq1Ghinq/Dd+TkenWjGe3gLLxYUkv5gHo7IWFyzFjN7qR2LCdzvbmDje5Xk3J5C8oRYisrLITU0Qs9zooaWiXk4aKDwzQPYPrWaZZOAukLWv7Gbys8vJiUqmxR7IbveNsi791GWx5uhbCsbWmay6ou5oZDP39uouEgS0hdw3yecWKPAKNvK2ncOkHP/PGwYGIaX0sMNLP70apbG+yh+dR0HjiwgZbYFfKUUFFSRcMejLJ9oxnN0Kxt39j3yzuNPYsXn87FRRcFL29ldnsbiNPAdKaDgXAafXZ2DFS8lm//A9v3JrJwbTqG8VdTEfprPftGJpbqAtTtLqLlhIa5+2p6e7KSwohQyw0nM8UpqJyxg9eI0Sl9/juIzDZDqCNVd4+KuL+ThNEHd7vW8UZDI6ttTYEI6yf5NbN2XzbJVj+GyAAF3n9dtYF6qamL59GcfxRlZRcELBZScymXhpP77wBLrImfxbJbZLRBwU/TKRooqcjrC6TYJ81ixzNcRVAOEJ2DXVTew+I5eruFg79de7i/fkS1s6qPvUia1sOtYAySGW1FZBRnLWX2TQeH6jdScgVw7NBRtpcifw8pHsrEZDRRt2khlW3t8pRS8fZ6Mz64mxwrew1v4w469JN8/D3tv16ZsK0UD3u+Dd6YAfjYW3vouEIAXnoFnp8M3p0NMAnzz7+AXVqAVfvQj2HELLLPBbbPg9t/BDx+A44+GywrAK+/Asi9CyUq4+C5Y/wJfnh4KLLteB5gQBXNy4PF34bszoeJA6LX1PJzu9LzSF34DLIfCmYAXvvdT2PI1WDa293a88DOY8BC8NQWohft/BTd+F+bowR0iIjIKeb1eDhw4QGpqanv42NjYyLFjx8jMzBy2ULC1tZWSkhKio6OZOHEiCQkJXLhwYdjrERERudbpV8fRKi6ZjImhH1isWWkkeWqo8AAmO65kOxZ8eL0G9vhYjPCD+WwzUrCdqgiHMD4qT3lwJbvgfBlV/imkTQqX7cwgObqBmnOhl2YTuG5aRnZ8+AckiwVL40lK68JPTIzq7QcnK85kJ9YoA2+TD7PdRmy3Zyy6Zi0kJd4MWElOsuFtCj8v8Xg5NQnZzA+fn22cjeh+uiIxNRtbFBCVzMwUC7Vn6gCoOlmDPSUjPArSSnZaIu662k59mM78G5xYTMDkJBIvesIL0PTddktmKs7T5ZSGp6iWVtTjSu053brqZA32zPBIR8CZnUJ0dVm4781gspL9qbxQuAX9XreB2Uifn4vTApiSSUrw4fF0akdffZDgItluAZ8Xr2HHHjf0Zzh2voau8daOa9hdX/crPe+v/vrOlZZKy8nScPTZQOlJMynT7d0qa6D0ZAvpudnYTECUA3tsp90nK6mxp5IR6hSsWWkknq9rH73a49oM6n4fvMJDcN/s8AsT3JYLhSdDL2NckGoFvHDRBKljwN32gMZIYCZ898ZuBWaFwkaAmFS47xz0trTOmXrIcwDT4f7jsCcAOw6GwsQYK7jbwscG2OyDh2eGX1vh/gzYcqiPdoSPv21K+HUS3B8Lh7s+IFRERGRUaZtm3V0wGKSuro6ioiLeffdd9u/fz8WLFwkEAhw/frx9e11dHcFgkPr6eioqKqisrOTdd9+lubm5S3lWq5X4+HjKysoIBAIEg8H2fRcvXuTQoUO8/fbb7Nixg8rKSoLBIH6/nw8//JDjx4+ze/duDhw4QF1dHe+99x67d+/G7Xa3v/+DDz7g3Xffpbi4uEfdIiIi1wqNfLwmJHQER3F17N20jYM+Gy57JM1na2BcOByzpZMSt5GyCkiZWkFVfRJpU4Hjbjy+GrY/X9GpTBvZnTOWzo+kmZLP8pu2snXzWvZaHGTMX8zC9O6Tdb2UF2xiZ42FpPGxtLpr8JAxqLNpOO+BKAvdZ+8OhtkUidd9HrBQ74a60y+y9kDHfsukPtpg6nyy/bTdkkFqYhHlRyFjRinlZ11kLO1emJt6N0RO6XQGCXZs/gY6sr3IrtF+oJ/rNkTm9nLd/fdB3V42bjuIz+bCHtVM/WlI6D7qcUj1DvbLRaf7te22ab+/Bui7SWmk+ndRWg95lFJlTmFp9+yRetyeaOx9JNbuc26or+HF5/d3bIxJ7nR3drs2g7rfB+/wGVj3O3ihUx1zPhn692IprHoJJqZAaiv8ugG+1/nNw/TnoNuyYMc7UDgB1lkgZizsaPv0r4MdFsKBdchER9eRkV3aUQc7PPDYT7rW8U396UpERK5Bra2tfPDBB7S2tuJwONoDynPnznHo0CHGjRvXfswnPvEJmpqaeOedd0hOTu71GY4RERGkp6dz+PBh0tPTu+wzDIOWlhaCwSDNzc0UFxczfvx4IiIieP/990lNTcXn81FZWUljYyMA5eXlWK1W5syZQ3l5OdXV1SQmJraHoTfccAMmk74Ji4jItUXh47UgUI+7yUpyPPg+fIdiZrLqgfAU0SNbeK49U7STPtXGpqoaoIr6iWksMwF2GzZLOgs/vxDXIKu0Zy3lwSzwVO5iy44tFNo7PYcP4NRedp9ysvjhfJJNtD9fcjBscdbeh24NghFoxRqfANix28CZ+TmWd58GPJB+224hI8VJUUUpRlQV5yelk9bj57tQ3bU+H7RFqB4PzSZzn59Q/V+3S9VfH/g4+E4xzFrFgzeEYqbS15+j/HKrHIxO92tPA/Wdi7QpoanX7sgazKlL6ZE9YsPWY85xpxribZCYzeeW5ww64B7wfh+CVAd887Pw5Sk99617BW77Ajwenm0/8WeXVkdvKs5A1qzQx3Ny4HsvQtZdnaZntw3+SIQ8H3TOGk9fCE0J71Ui5Nngp/8El5Fdi4jIx8DpugbcjR/1OuJwJM2cMbTvUF6vF4vFgsvlIjExkejoaA4fPszFixeZPn06Fy9eZMeOHTQ3N2O1Wjl//jxz584lNTWVyMiuP+0ZhsHYsWNJTEykrKwMh8PRvi8mJoaUlBQ8Hg+NjY0UFRXh9XqJjY0lGAySlJTEpEmT2Lx5M4ZhcMsttxAMBjl37hytra2UlpbicrmYPn06FRUVnDhxgpycnC7h46Gjl/0DpYjIoJhMJuzxY5jodAx8sEg3Ch9HK38LHj84osD7YRk1CS7yLNDi90GUJRRgBTxUnvZAoOMZdfZUF9FvlLOXGuyTFoU2JrpwGLspPwWu8NRrT6MHW3wfo7v8PnxmCxYT2FIySLaW0ewBOocxvhYMcyzRJgCDhqp6mgOJDOZpeRZXIrb95ZR4M8i2gqfWzaAmkfirOFQJU25zAuBy2tlVWYp3dk74WX0ePK02bNZ+Sxmw7ZbMVJzFVRRaakmatrjXIlKTnew63lG3+0glbmdGn4uUDHTdAIwAQx751ncftNDih2hLuDM8ldQ0AsFObw4M4wrXfdyvvRmo71zTU2ktLOEgkHJHb/eoC6fDQ3FpHSQ6wV9DXSMdC85McmIvrKDUm0OOFcDA0+jDFt/HjdHX/R5fR/mxeizJ2X0Eqb3LSoXvHegUPnrAHQd2E7h9MLGtGQ3w/kdw4zD+fmZt+4o+HR7Pgolt07+dcF8dnAEmjIdlJthxMtzGtunZf9VHoeNDYWX78YD7AtjHDl+7RUTk2ne6roFAIMCM1Mmj8lmHfr8fgMjISGbPns3Ro0c5ePAgdrud3NxcGhsbMZlMeDweWltbmTp1KlFRUQQCASwWCwkJCURFRfVadmRkJDNmzKCwsJCYmJj28//oo48oKSkhPj4ek8mEyWRqn5YdFRVFQkICFouFyMhI4uPjiY6OZsyYMbS0tNDa2orH4yEYDHL+/HmioqJwuXoOIxhq8CoicqkMw+DM2XOcrmtQAClDpvBxtDKq2P37tew0GRgkMf+ueaFsJWcOyYd3sub5vZgD0STfkIyjpopyfzZpUUBiNmnWjRSX2cj9bFv6k8KC+aX8YesaKixmMAzMjjl8+u62FZO7qjuwmW0fNhPrTMTcWIPbOoe7uv9ckzqHnH2b2Ly2DDNmbFkZJBuVnHSDs+dQNQBa/OFJyYnzmDfxRQpeXMteM0QnZ5MeX0pNFWR0Se8s2MaYKS1ay9q9QMCMfeYSlk8M7bXNWUROxSbW/dd+QqcVTcqiFeSn9j3ezQgMou2WDFLHFVFUncLi23svxzJrCQtrXuHFlypwxXip8TrJ72ekna3f65aEM2EXhb/bgPuOleRN7LP5HYID9YGN2Tck8+KuNazdZwZLMrOnOKipKsfISsM8wYm9sJA1G9wsXZmHKz4Je0sBm54vw561nBVze6+2ta/Asq/79VL6bmIaUy5uoTQmlwf7yMczbsrl4KZNrKmwYI6wkT7NRUttDV4cWG3zWDRrA5t+v4b94fs9emo+Kz6V0uv16fN+ry9j754SLK2pJN/QLbiMg1vPwsQnum4reRLm3Al5/xuyP4CJptAIw+89BsvGw6p8uO1Z+LUVYpzw5RzYUgoPJ/XRWb3pNmqxzekGiGl/xigse6DbAYGO9335EXjsV7A/BS5Wg30JfLOfYdGPr4S7fgUvxAGtEDMZfv0oTBhCs0VE5Prmbvxo1ASPFouFqKgoGhsbSUxMJBAIcPr0aWJjYzGZTEyePBm73U55eTn79u1rX5gmEAhgs9mIjIzE4XBgtVppaRncA7MdDgeJiYkcO3asfXRkbW0tJ06c4M477yQYDA6pb8xmMzExMURERJCQkIDdbsdkMo2K/hWRjyez2cyE8eM4WlGt8FGGLCLY+anIMjoc2cJzH9hZ8WAedr+BuccCGAZejw9znDW0mEp39YWsf9vC0pXdAqCAD29TC8TYsPb+h9tudTRDtA1rP3NXfU0eDMtgyuulBq8Hn7n/8gdbTnMgGlvc0Aq6nLZ3FOLF4zcPsu4Brttl6LMP/F48vsG27xINeL/2YUh914uAD2+TgcVmpdca/V48FyF6UP09uPt9KC42hRaVsXcfcOkDt9HL9qvgogewQsxg/gwVAHdTaPGaQR0vIiLDpra2lqSkofyl6so7dLRi1IzCa21tpaioiPPnzzNu3Dh8Ph8NDQ3Mnj2bKVOmcOTIEXw+Hy0tLVRVVbF06VJ8Ph+7d+9un4YdGxtLZmYmFy5c4I9//CP33HMP48eP71JPc3Mzr776KkuWLGH8+PHU1tayefNmEhISuPvuuzl16hS7du0iPT0di8XC4cOHWbhwIePHj29/n91u509/+hOpqanMmTOH4uJizpw5w5IlSzhw4ACVlZW4XC78fj+TJ09m6tSpvT57UkTkShlNX+/7ci183/y40a+Qo1zvQY4Zaz9ziys/KMOa+bmeI89MFqy2wSYrZqy2gRfdsMRd+sIcZquN4chfzFYbl9KKy2l7RyFWBt2lA1y3y9FnH0RZQyuFXyGDDh5hiH3XC5MFa3+XcEjnPrj7fShi4jo9b7EzC32OCr3SYoZyyiawD28XiYiIjIjIyEhycnI4evQoXq+XiIgIMjMz24M7s9mMYRiYzWZuvPFGxo4NPUtk5syZ1NbWEggEiIyMJCIigtjYWG688UZiY2N71BMVFUVOTk77PofDwc0334zZbMZkMpGUlERWVhY+nw+r1Upubi6xsbFd3mcymcjKysJuD/10MGHCBGJjY4mIiGDGjBn4/f4uU8ZFRESuRRr5OBod2cJz5Sk8dlf2EN5UTsHzu6kKgHnCfO67I2NYgj2RAV3S/SoiIiKDdS2M4BiNI2GCwSCGYbQHjp0ZRuhRMp2393f85bbBbDZf0ojFYDBIa2trexgqInK1jcav991dC983P24UPoqIiIiIjGLXwi9R18IvoyIicvmuha/318L3zY+bYX7ynIiIiIiIiIiIiEiIwkcREREREREREREZEQofRUREREREREREZEQofBQREREREREREZERofBRRERERERERERERoTCRxERERERERERERkRkVe7ASIiIiIi8vFknDvG2+/XUe1pBcBii2fmjTnMHqdfU0RERK4XGvkoIiIiIiJXXt0hXv5zTXvwCODzNLL/z+9RWHcV2yUiIiLDSuGjiIiIiIhcYc3s/7AeL2AeO4E77v4kX7w7i5ljTYCPYx8ewzsc1bR4aGwejoL6YbTQ2NgywpWIiIhcuxQ+ioiIiIjIFXaa0xcAYsi8NYOJUUCUk3m3OhkLcKGR48NQy9nX/oHcr73M2csp5MP/YOVDa3i/r3yx+Ofkzvs5719OHSIiItcxhY8iIiIiIiK9amHPxl/yfkYaM6OHu2wPW/8+m2lPF4+SckREREaGwkcREREREbnCJjJxLMBFjuwp5bQf8Nexd08dFwDGxjPtqrYvrKWIN34HX1gyn2HPHmnhQuNoKkdERGRkKHwUEREREZErLJY5sxIZEwHGhTO8+dqf+a/XDnPoQgAiLEyfNR3roMtq4dBzj5I7I5tpM7LJWvQwzxV3miPtq6bg2b9hfm4203Lv52f7Ova1fLiGVfPD77vnSbae6lpy47aX+d2kv+GBW6Lh1DaeuGcO02ZkM23GfO74p22dpnM38v7LP2Tl/NC+v321uqMQo5qt37ufrPD7Vj13mBbqeemxRTyxE3juYabNyObH+wCjnreffjh8LnP4zPe2UWWEy+m1/j7KERERGUUUPoqIiIiIyJXnnMm9i1xMtkW2b7LY4pmz6CbynEMo5/Bv+bunG/nqH0s4fng/O3/7JEtndBqn+M5vean1bn7zyst8Z95hnv3PcGh4fhvf/vzPGf/kTo4fLuI3txTxtz94rVOgWM8br24jeeUiZpo9bP3Z13kp+2mKD5dwvPhlnlk9h/Htx77MS3un8c3fv8a/PzyWrf/j5fZnQB567m/426N3sKG4hOPbvk700w/zi+JE7vnfL/MvtwBf+CXFRUV8MxcaX/8BX3p9Dv++t4Tjh1/mnqNf5xvrq4G+6u+9HBERkdEkcuBDREREREREhp953HRuXzx9GEo6zhtvFrF06nySp2V13bXoe/z71+9mPOC8cxE/fj008vHsn19mU/PDrLszEcyQnjufma3xHdOrT7zJSzuzeOw7WYAntG3/Tt44PId7siYzs0s1j/LUTx7mRoDPLIEXfOHtxbzx78e59Tt3MTMWmJpN3qxcomMhOn480RYgOp74BBtQz9bXtsGdL3BrPMA0br19Mj/eWczZhz/ZZ/09yxERERldFD6KiIiIiMgV5TtfzaHjZ6mu/4gLLQGMtqnFZhOW6BiciXZSp01lWoJl4MKyHuHXPznLE08/yiefjWbmA0/z//5lCcnmAd4XrjM6fNz4O3/An+7s2F2282Xez72fZ6YB2Fj6T2v45pP/wPfve5knEubznV//ksdmDfwkyJZmiDbHhF/l8tgra/o89mIroenTz3XaeNvl1S8iInK1adq1iIiIiIhcEb6zx3jzjT/z+7fLOXCykXPNnYJHACOAr7mZ6pM17Hp7D8+/sY/9Z319lhcSTfr932ND4X7+vOZhol9qm6o8gHDo2GL0ss84zNbfHGbp6s+Q3LZt/Hwe/+VODhe9zFMLTvHjz/8v9rT08t7urYuFFuPiwAcCMZHAo2s4frSk479fhkZtXmr9IiIiV5vCRxERERERGXEfHd3HS3+p4bQXiIphcmoqn7ptLg+t+CRfbP/vVu6/LYP5qfGMjQLD+xEH/lLElqP9LOd85jDvn2oBczTJtyzh1klw1uPp+3gfXATGz1nEjbzAf74cCipbTu3kd9vqQ8cUv8YvTi3hzgVt05hbKCs+TKMBJGSRvygLmhtp7Cf8C4WaWeTdH82e3/yePY2A4eHQy6/xfuf3tbS9SGTOolx4c2foWKDlRDHvnxpk/S1KIkVEZHRS+CgiIiIiIiPsJIVHPsIgkvGZWTx093xuz53C1LFj6Dqx2sKYsRPIzJ3DvXffyh2ZY7AQ4OyRco70UXJj+Zv8+L7wKtBZD/O78V/nmS9k9X6wGXjnMNUtwNSHeebpRbz/vTtCq13f90vKWi8CLezZ8gJ84WGWJrS98Szv//KvmZ8VWhl7/v/Yz/Knv8bS+N7qsBDNfsqqAaK59ZtreDz6BVbNy2Za1iK+tO0s0QZAIjNvySL6d48ybcbdPHcUku99ku+kbAgdOyObrAee5o+l9QPU37McERGR0SQiGAwGr3YjRERERESkd7W1tSQlJV3tZvTr0NEKZs5I7eeIcrZsrOZszDjuuDOHiYMuuY5drx/m+MUxzFkxl9n9HNly3kOL2UJ8/BCfg9jiobEZouNtoec/Nm7jv8/7R8aueYd/WRDd/7FDqea8h5ZoG/Gxgzi20UMLvZzLZdQvIjIcBv56f/VdC983P2604IyIiIiIiFwZF8/x5sY/j0jR0Qk2Lmn5lWgbnTO+xqKdbJr0N/zpll5K63bsSLUvOr6PYy+jfhERkatF4aOIiIiIiEhY/JIfcHgBGlkoIiIyTBQ+ioiIiIjICEtj2Yq0q92IQYsexNRoERERGRwtOCMiIiIiIiIiIiIjQuGjiIiIiIiIiIiIjAiFjyIiIiIiIiIiIjIiFD6KiIiIiIiIiIjIiFD4KCIiIiIiIiIiIiNC4aOIiIiIiIiIiIiMCIWPIiIiIiIiIiIiMiIUPoqIiIiIiIiIiMiIUPgoIiIiIiIiIiIiI0Lho4iIiIiIXBaTyYRhGFe7GSIiMoIMw8BkUowkQ6e7RkRERERELos9fgxnzp5TACkicp0yDIMzZ89hjx9ztZsi16DIq90AERERERG5tk10Ojhd18DRimoCgcDVbo6IiAwzk8mEPX4ME52Oq90UuQYpfBQRERERkcs20enQL6UiIiLSg6Zdi4iIiIiIiIiIyIhQ+CgiIiIiIiIiIiIjQuGjiIiIiIiIiIiIjAiFjyIiIiIiIiIiIjIiFD6KiIiIiIiIiIjIiFD4KCIiIiIiIiIiIiNC4aOIiIiIiIiIiIiMCIWPIiIiIiIiIiIiMiIUPoqIiIiIiIiIiMiIUPgoIiIiIiIiIiIiI0Lho4iIiIiIiIiIiIwIhY8iIiIiIiIiIiIyIhQ+ioiIiIiIiIiIyIhQ+CgiIiIiIiIiIiIjIvJqN0BERORKCgQh2P5vkEAwtD0IBDt9TPh1+8ft24IEgYjw6wgi2l90bAv9r8vrPrZHRITKiAhv79gmIiIiIiJy7VP4KCIi15VAEIxgECPYPWiEQFu6OAw6QslOCWVvBwyptA6hEDKiRyDZ5eP2baHw0qTQUkRERERERhmFjyIics0KAkYAWsNhYyhwHL6A8WoKjcQMdt3Q79EhEYApIqI9iDSFQ0kTEe0fi4iIiIiIXCkKH0VE5JpiBMEfCNIaCI1wvD6ixuETpGPkZ889IaaICEzQPlrSRFtI2bFdRERERERkOCh8FBGRUS8QDhz94VGOcnkCwSAB6GU0ZWhD2+jJiE7BpDkiArNGToqIiIiIyBApfBQRkVGrNQAtgSD+gALHK6lt9GTXcDL0whQOIc0KJEVEREREZBAUPoqIyKhjBMFnBGlR6DjqBIKhFcL9QG+BZJQp9LGIiIiIiAgofBQRkVHmohGkxdCzHK8lnQPJi0aQyIgIIk0KIkVEREREROGjiIiMEv5AkItGeLqvXNNag0FajY4gMiocRGp6toiIiIjIx4/CRxERuaoCwVBI5dMU66uubbXr4eYP0P7cTgWRIiIiIiIfLwofRUTkqmkxgrQYENAk66vKHBFBjDk0QlFERERERGQ4KXwUEZErrjUAFwNBWjXa8aozRURgi9IwRBERERERGRkKH0VE5IoJBKElEFpQRkYHq/lqt0BERERERK5nCh9FROSK8IUXlAloQZlRJTJCox5FRERERGTkKHwUEZER5QsEuyw4IiIiIiIiIh8fCh9FRGTYBYIdoaOhkY6jWmswSJRGP4qIiIiIyAhR+CijVpBQgBEIBgkEQ6+DQFuO0fY6IvyfKSL8cQSYiMAUEdomIldOa3iEoy8Q1PrV1wivgVa5FhERERGREaPwUUaFIKHQojUYxAiAEYTLiy5C7w2FkhGYw0GkOQLMEREKJUWGmaZWX7sCwSAeP8SYIxRCioiIiIjIsFP4KFeNEYTWQJDW8L8jEVkECU357LqwbhBzRASRptBCC5GmUEgpIkOjqdXXDyMYpKk12P7HmrZR5BGE/mgTpb/YiIiIiIjIJVL4KFdUMAj+YBBfIBQ4Xi1GMIhhQEs48ow0RRAZ0RFGikjvAsHQCOW26dWKHK8vbY+5gNCo8bjIUBgpIiIiIiJyqRQ+yhXRNh3TH7jc6dQjozUQpBXri6LIAAAgAElEQVSA0MifyAiINIWmaOsXb/m4a3skQtu/8vEQbUJf/0RERERE5LIpfJQR5Qtc/VGOQxUIBvEFwRcATdGWj6OuoxtH5x8MZORpqrWIXKuCweD/Z+++o+u67jvRf0+7Db2zgF3sRSTVLCkqdizHlm0pLrHlFDuOJ7HjlMnMezOe917eelnJJFkzzps3JWOn2HHsRBk7rnGPY9mWbMmSSImi2CmSYC8g0W45fe/9/jgACBDtArjl3IvvZy0QwLnnnrNxCdzyvb+9fwjDcPx7XddhGEYVRzQ3KSX6+vrQ3d2Npqamag+HiIiopBg+UskpdTN0rId14CZO0dYwYYq2zqpIqg8KgBitauT6jTRG4/0bEdWoIAjwyiuvIAxD6LqOIAiwceNG9PT0QIvpnZsQAseOHUMikWD4SEREdYer21FJ+VIhFyo4QtVlgKEQTR93hEIukMgFCnao4Mtbm9oQxZNU0e+wK6IGI9lAYcSXyIcSbp3+3dLC8D6NiGpVGIY4duwYgiCAZVnI5XLYv38/XNet9tBm5fs+hBDVHgYREVHJsfKRSkIowBUKQQ1Nry6FsU7aY1O0xzrFsjKS4kCom7+jYrSicWn9hdJiBELBNHknRkS1ybIsbNu2DV1dXbh8+TK++c1vIp/Po7+/HxcvXoRt2+jp6cGWLVtgWRauX7+Ovr4+aJoGy7KwdetWSClx8uRJ+L6PIAiwZcsWZLNZJBIJrFy5ElevXkVfXx927dqFVCqFEydOYNmyZWhsbMSJEydg2zY0TcPmzZvR0tKCGzduIJfLQdM09Pf3Y8eOHchms3jttdegaRqGh4erfbMRERGVBSsfadFcoZAP5JILHqcjlZpUGTniR9VlrlAIefNQmSgVNYXxRFSJmwsUhn2JXCBhhwqeUAgZPNI8eTL63SEiqmVKKQRBAF3XoWkaXNeFUgpCCBw/fhxXr15FGIY4ePAgBgcHAUTrLwLAuXPncOrUKSilxj8GBwdx7NgxCCHQ19eHgwcPYmhoCJ7n4dChQ7BtG6dPn8a5c+eglMLAwAAOHjyIIAhQKBTw/PPP4+LFiwiCAPl8Hi+99BIKhQKklJPWqSQiIqonrHykBVuq1Y7zoRCtoRcAgIjWjDRG14w0tKibNns6ULGkij6EUqOfow/GirQY1ixV2grR/TwA6BpgaRrXgiSiGV3pH8BwNj8e3lXK9k3rpmwLggDPPvssMpkMPM/DunXr0NjYiGQyiYaGBniehxdffBGDg4NYvnw5HMdBIpHAihUr0NnZiWQyCd/3Yds22tvbsWzZMjQ0NMBxHJw+fRqu6yKXy2H16tUYGhpCIpEAADQ0NOD555/Hxo0bsWvXLly6dAlPPfUUbr/9dqTTaQwNDeGOO+7AunXrcPHiRQwODuLxxx9HMpnE1atXp/35zl68goId7ynjRFT/dF1Ha3Mjlnd3VHsoVIMYPtKCRNV9UaUfFU8h6vwdTtiiIQohDQ0wdIxP3ebr+6VLTpguPRYySlYuUhk0WzrfACGikrjSPwApJTat641FZ+mxjtdSSnR2dmLLli0wDANHjx6FlBLNzc0wTRNKKZimiV27duHkyZM4dOgQWltbsXv3bqxZswY3btxAX18fTp8+jb1796K5uRlCCAwODiIMQ6xduxbXr1+HrutoaWkZX2OypaUFmqahoaEBSin4vg9N05BIJNDW1ja+X0NDA9LpNADANKd/aba2d3klbzoiomkJIXD1+iCu9A8wgKR547RrmrexRhUMHktDIeoy7Mloymw+kBjxJbLBzSnbgYwq3ai+iNHO8GN/U2PTpbOBHP+/j5oZMXik0ms0GTwSUekMZ/NY1tUei+ARiNZ8vP/++/HII4/g3nvvRVtbGxzHwaFDh9DS0oLVq1ePh34A0Nvbi7vvvhvd3d04dOgQRkZG0NjYiPvuuw8bNmzA1atXcfbsWWQyGTQ0NODChQuwLAs9PT3I5XK4ePEili1bNt6tOpfLQSkFx3Gg6/p4ZeREyWQSjuMgCAIIIcY/ExHFkWEYWNbVjuFsvtpDoRrEykeal7HOzlR+cnRqbTC+JaqS1Eenauta9O5B9HW0jTlCPChE6zBKRJUXUkXbxj6PVTISVUtC12Dy7UciKiEpZWyCRwDQNA2maU4ak67rSKVSOH/+PEZGRgAAuVwOnufhxIkT8H0fnuehqakJlmXh/PnzuH79OgzDGA8dTdNET08PDhw4gDvuuANNTU2QUuLy5cvYuXMnLMvC5s2bcfbsWTiOg8HBQaxZswaZTAa+708aY3d3NwzDwHPPPYfGxkbouj4+LiKiODIMo+JLa1B9YPhIRSuEXN+x2qLgKpqOO/USQMOEYHL0w0C0RpsOcK22RZouVJSTto0FjPw7oXhjxSMR1TPLsrBz505kMplJ2zOZDPbu3Yv+/n5omoYtW7ZAKQVN02AYBoQQMAwDe/fuRUtLCwqFwvj07fXr12Pt2rXQNA3r169HoVDA2rVrYZomtm7diqGhIbS1tUHTNGzYsAFhGMJ1XbS2tmLz5s2wLGv8/GPjam5uxp49e3DlypXxqd/JZLIaNxkREVFZaUqx/IbmxuCxdikpIUe7OuqjT64NXYeha6OVlJjweTSo1KLrTZz+YxgGLMuCrtd+udRYiDj2G61GA8OJ2ycHjVxzkepLQteQMZlAEtWKa9euoaenp9rDmNWRk33TNn6Jm7FO14ZhQLvlXdmJz3nGSCkhhIBpmlP2X+h5FrIfEVFc1ML9fS08bi41rHykOeWCaM05qi2B7yMIfET/dQpRxHjzs64bURBpGICmQdf1qJpPCoRBCCEENETTljQoaBCA5iFpJZBIJKCPlk5F+4wGl6MbJj51vvVp9MTn1RMvm/QbpiZ/P+Xr8YAwuuTWwBDAlCAx2q80AeJYoDsfuq5B02o/uKX6INTNewMioqVkbDr2dKabNq7r+oLeeJ3tPAvZj4iIqJbxkY5mNeJLVnvVGCklXMeGnFKpqiZ9FkLMuah5FPRNvl4gPGiej2QyCdOypjl+bYqCVzkaLEpAjVZAjFaBTr09588wDCSSyVitiUVLk1AK+QBosuovfhQKMOrvxyIiIiIiqlkMH2lGDB5rz1jwOLZ+EaBw4uhpDFwfxI3rQwCAVWtXYNWaFejs6sDkwFCb9P2Jo6fx7NP7cOHsZdy4Pog9d+3A/Q/dhc3bNgBQ8DwPQRggmUzV9FRsIQQ810W0AsXMt8fY7TnT5cV8L6WA69jQdQOmZcE0DGg1fNtRbRsLIC0dMOpgqp+Egi8AUwcMpo9ERERERLHB8JGmlQ24vl2tUVLCsW1AKRQKDp767o/xL99+BnbBmXb/TEMam7dtwKo1K7F5+4bxqOzi2cv4ydP7cOHspUn7P/ujfXj2R/uw564deO/7H0dXdztEKGCHBViJaCp2raxVFK3fFCIIAkgRdWvTtKjIc3xyuqYwcWa1pim4ArBDICeAQCmEEtGHAgTU+NehjPZvMoEmE2gwgSZTocGIji+EgJQCnoqmc5mWCcuqnduP6keoFEIB1Hrl8kRKakixuJiIiIiIKDYYPtIUuUDNez07qr4gDAEoPPv0fnz+c1+bMXQcYxccHNh3GAf2HQa+VPx5Duw7jBNHT+ORRx/EY+9+EwANYeBDhAESyVQs1i0am0ItpYimT49+BkanVquba1+OVTQGUkO/p9DvAQO+Qj7UkBcKhRDIh0BBAIFc3LiWpYA9LRp2twIZQxsNOBUC30cYBLASCVhWYtE/P9FSJpSCUBqnXhPVhBAjZ4/hmSODGPSjLUYigzXbN+K+ta3g+whERET1ofopAcVKns1latJYgHW+71JRweNi2QUH//TFf8azP9qHD/7mE9i8bQOUUnAdp2pVkEpK+EEAEYaQspiUMPo93zeksG9Yod9TmLysY+n/Dq66wHdchWcHgY0NCr1pDavSCt3J6P/Qcz2EYVjzU9mJqi2QilOviWIvi9deOILnLvuTtgrfxpkDB3Hl2gY8ek8vGqs0OiIiIiodho80rhAqhAwea5IIQ9y4PoCP/9Enyx48TnTj+iA+/oefwJ67duCJDzyOzq52hIEPKQSSqcoEaEophGGAwPdHKxond9S+1UgAXHCA87bCWRu44pZ9iFNkA+ClYeCl4Wi8m5uAu1o1bG4CpBBw7AKsRBKJBKsgiRYikODUa6KYc069hhcu+wBMdG3ZgNdvWoY0bFw8eQw/Pp6Hc7kPz5xqx6O3Zao9VCIiIlokho8EAHCEQlCCbr5UHWEYzrq+Y7mNTcV+7N0/hze+5QEIIeDYNhKJBKwSB2hjU6qFEJBCIAxDADfXbHQEMOADgwEw4ClkwyhwHPvsLXLqdDmcyAEncgpbm4A3dGnoSQKB7yEcbejD7thE8yOUQig1mCwgJoqpYbx6Jg8BoGXjTjy6tXl0ewa9W+/A28UL+PJrLq6fOYfB27aivZpDJSIiokVj+EjwhIInGDzWslw2h+ee3l/VMdgFB5//7NdwYN9h/Pb//qvINGTg+x6EFEgmUwuahi2EGA8Zo+9DTGgJg4lrNl52Newbktg/VMIfqsKO5aKKzJ/t1nBXmwYlZTSV3bJg1VBDH6I4CJSCCf7NEMXTAAYKAJDB+vHg8abGre1of+0yBgs2LgIMH4mIiGocawKWuEBGVY9Uu3zfw09+tK9qVY+3OnH0FD72O3+M40dOQSkgDEI4dqHIdRhvGque9L1oHcQwDKFUVPk48fOpvMKXLil88kxtB49jCgL4+hWFL12SGPSjn9P3fTi2DTEawhLR3MIYVjkT0a10TNtVxtDZbIaIiKiOsPJxCZOKwWOtU0ohCAK8sv9wtYcyiV1w8PE//AQeefRBPPGBx6GUgmMXkEgmi+7mLISIapZGC5cCGa2VmBXAZQe47CpcdoAb/mxHqV0HR4BztsLDXRruaAWUknBtG4ZlIplIQmNDGqJZses1EREREVE8MHxcwlyhINlgpmZJKeG6Dgo5GyeOnq72cKb1L99+BsePnsavfeS9WLV2ZdTNOQhgJZIwzdnvfkzTxD9fdHGyEIWOubBCg46R4QD42mWF03ngoU4N3cmokjQMQliWhUQyyanYRLMQSsHg3whRbORPH8C3D2XhjD/9zOPAV5/GgZmvEV2umejduRM/u2HqFG0iIiKKP5bOLFGeUPDZYKYmhUEA17Hh2AUoKfH97zxT7SHN6sLZS/j4H30Szz29D5oWhaae68AuzD4V++VBgR/eAC45SzN4nOhQFvibcwrPDwESUXOdMAzgOs54h28imorF/URxch7PHZkYPM6DCnHxyGkcL/mYiIiIqBJY+bgECRVVPVJt8X0Pge9jYtZ04/ogvv+dH1dvUEWyCw7+5pOfx4H9h/HBjzyBTEMaSkk4dgHpTAP0aaYQD8SxLXUV2QL49lWFfUPA7c0a7u8ADCXg2AWk0mnoOlfHIrqVkJh+PTkiqoIAoQCARux5xx3YVfT1TuPbX72I60KiTldaISIiqnusfFyCXKHA6LF2KCnh2PZ48Khp0cdPn9mHP/wP/yU2jWaKcWDfYfyH3/1jfOPL34NjO1AK8D132n3XNPDuaTrXPeD71xWevKAwFGB0PU1n3g19iJYCwcpgoiXFu3oGp87l4N3an82+gVNnLiJr33qFHC6cOYPrWW/yduEhe+4MTl2deqxYnoOIiCjm+Op+iXGFQsDp1jVDKQXXdSCEgFJRpePnP/tP+Nhv/zE+/YnP11TwOMYuOPinL/4zPvY7f4wD+w4jDKOu1o5jwy7kkc/lkM/l0Gu4eH1ntUcbX6cKwJMXFM4WxgJIG2EQVHtYRLGiwKnXREvG8x/H1gffhjc9cg92//krN7eLF/Anux/Em978Juy+77/h5fELLuIff/0ePPTmt+GeO/81vn795lUufPkj2P3I2/CmB+/Bb37jRszPQUREFH+cdr2ECBWt9Ui1w/c8SCnh2KPTlvfFq6v1YtgFB5/5i8+js/s3sXrtyvHtE3tDvKFbQ2sC+Opl/t5Op98Dnryo8NhyDTubFbzRKlLTsqo8MqL4YNMZovjLn3wJ3ziahw8Ty7ftxJs2zb+xTHboZrLnTSwyLGTRP/a1PXHidg7XL9z8zp1QZZgdunTzm0nb43gOIiKi+DP+4A/+4A+qPQiqDFcoVoDUkLGqxxNHz+BP/u//jgtnL1d7SCUXBCGOHDyBN77lQQCAJkKYBQe6H8DK20hks1hnD2ODLGCfbKzyaG9SQkCKEEoEUCIEpISSAkpKQAM0rXJF5aECjmSBpK5hVVohDAU0TYNhcKE7IgDQocHSGT5SbSsUCmhsjM/j4HSuDwyju6Ntlj2G8NrxLGwksHzrCvSMbz+PHz3bjxEJABL5QRupzcvROef1Jkt2dqFdeEiuvR+//u63YXv3aI1FshvdHQKu1YsHfv29eHxb12j1RTPae5oB0YDb3/1ePH7/GrSMPny3tC9DixTI7HwXfunx+7G2Oc7nICKqrLnv76uvFh43lxpNsVXqkhBIhULI/+paEoYhXjt2Ch//o0/W5PTq+fjDJ96I29etnnWf78tGfDk1+z7lpJSC8BwoIaBbCRiJ5Bz7S0ApaBVsBPMzHcDP9WhQCrAsC8lUqmLnJoorU9PQaDF8pNp27do19PTMFLvFw5GTfdi+ad0se4w2jpnScOY8vvf1PlwZq/4zmnHPY3uwZc7rERFRNcx9f199tfC4udRwzcclYsqC1RR7Ugp8/nP/VPfBIwC8+NoFyDneB3mjnsdup3/WfcpBKYXAySN08tANE1ZD05zBIxBVP44HjxV6j+cnA8BXLkXnCoIAnjt9Mx+ipYStmIjibjXu29KIhAZAM7F8y4YJwSMRERHVA1brLwGeUAhZ4FpzbvQP4sTR09UeRkWcvHwDYRgiMcdahT+jhvEKuis0KkD4HoTnwkgmYSQWUUVYwfXmDowABaHwK6s1BKMNaBLJJDSueUdLVPTGBn//ieKscdMdeN+mao+CiIiIyoWVj3VOKsBj2UdNeumFV6s9hIpx/BChnLs8d7sZYrM3UPbxKKUQFHIQgQersWlxwWMVnMwDf9Gn4EmFIAjg2Da4wgYtZZK//kREREREVcPwsc75Us05nZXiyXW8uXeqExcGRiBEcSn5neFwWcciRQhvZAi6aSHR0FzR5jGldMkBPnEGGA4BKSVcx2EASUsWw0ciIiIiourhtOs6JlXU4Zpqk5RLqWS1+N/Te7QCfhjkcNlqKvkopAgR5EdgZRqLWtcx7oYC4M9PK/zaGg0rUgKObSOdyXAKNi05Epx6TVR9FkwDgMjjwFefxoH5Xt3QkSjDqIiIiKj8arOkh4ris9SjprV3tlZ7CIsipUAY+ghFEHV+nsWKtuKDRMs0sdrPLnZ4U0gRIihkYWWKayhTKnPdNovly2gK9ulCFGjbhcISC7aJWPlIFA+rcd/2ZqQX8j6AZqJ3OxvREBER1SpWPtYpVj3Wvp27t0FKAX2sY3INESKEqSvceVsvbmTzuDAwAj/wYZrTNz5JW/P7GdcrG8+XarAYCx5zsDJN0M3Zm96UWqWmdX/2vMK7VwK7mgHHLiCdydTk7xbRQjB8JIqHxg178J4N1R4FERERVRrDxzrlCgWTUytrWu/KHnR0tmFosPRVfuWklMK6rmb83mMPYXl7G0zdwIht44vPHsDXXzwMw7RgGtaE/SXWL2tHco5O1xNth13SMQeFHMxUuuLBY6V96RLgCeDedg2B4yKdSTOApCWB4SMRERERUfUwfKxTGZPBYz14/OffgL/9m6+iltYqa06Z+L3HHsK6ZcugjwbgXS0t+OijD+OB7bfhr777LE5dvQFdN6AAJAwNb9m7BYl5hI9NuoZeP4uLieZFjzf0HCgla66j9UJ946pCoIC3LNMA30E6k4FhMICk0hjL+Cb2NlITP6uJ29Sk1V6Vmrz//I+HaY4XnYNvxhERERERVQ/DR6IYe/StD+NvPvXlmqpOe+sdm7Gyo2M8eJxo55pe/LffeA+eO3oKT716AkopvPPeXVjd1TWvc1imidv8odKEj64NM5le9HFqyXevKQRK4rHlOmzbRiqVgjWP8Jeqo1zBHtRs4d1sYaCacjkREREREdGtGD4SxVhzcyPued0u7HvxSLWHUhQpBW5fuxKpxMz9KHVNw89s34j7tt2GMAxhGDqMBYSrK6W7mKECAJQUkEEAo6lt0ceqNU/1KwRS4p0rNDiOAwBLOoCcLdgb/1pNjtvmDAMnXWe24003BgZ7RERERERUHxg+EsXcjp2baiZ8XNnRjN7O9qL21TVtXlOtb7UG3oKvO0YGAYxkCppemaYvcfPMDYVAAk+s0uG6UZhbjgByfkFc6YK9aa+DaF3SW7cRERERERFReTB8JIq5Bx68E5/59FdQC+s+rulsg2lWZop4ly6RliEcfeF3YyLwYFgzV2kuBT8dVHClwBO9Oty8jWQqBSuRmLkqb8I3s62zd+t2IiIiIiIiWpoYPhLF3IoVPZBS1sS6j53NDbCMytytGLqOZUEefcnWBR8jqnxcWus9TufAMOBJiSdWavAdF2YgkEwtjQY8REREREREVF5Lc64hUY3ZuXNztYdQtEp1TrZME8vC/IKvr6SEFCF0dnoGABzNAn93QUEphSDw4bmLX1OTiIiWDl3XIYSo9jCIiKiMhBDQl+iSVbQ4/K0hqgFSymoPoSgnL99AGIYVO1+XXPi6j1JE49RqoKK0Ul7LA585B0ilIQgCBpBERFS01uZGXL0+yACSiKhOCSFw9fogWpsbqz0UqkGcdk20APNrhqGmXn7LmnkTt0+3zl7X8i4cO3ZmscMuu4sDWWQdB50V6prcsYjwEVIu2UYzs+mzgU+dU3j/Kg2ADwCcgk1ERHNa3t2BK/0DONl3sWbeNCUiouLpuo7W5kYs7+6o9lCoBjF8pNhZTGdc4GYgOG2zjGnCwqnHnO461W2g0d7ZVqUzz4/tB/j8T17Bbz/6YEXO16MtvLpCKQloDB+nc9EBPn1O4ZdXaWhBACklUuk0NC3+TY+IiKh6lnd38EUpERERTcHwcYkpNti7+UkVHewVf8zpu+OyM+7MVA3dOP9y8BR2rFqGh3duKvu5OuFDw8JCYaUUw7RZXPOAvz2v8Iu9QFcyhGPbSGcyvM2IiIiIiIhoXhg+1oF8MM203rGvY1C1R3ETNRSRcrRqUNOg6wZMwypZsPSX33sBG5d3YWWZKzYtw0Rb6GDQnH/Hak3To+pHmtGAD3z2PPC+VRpWpiQDSCIiIiIiIpo3ho81zpcKYS2VxVHVCSHwlr2bcedtq9CSyaB/OIcfHX4Nz588B8tKQi+qAYuClGrGTme2H+DLz7+K333bQ6Ud/C00TUObcBcUPuqmBSUEFNd+nFU2BD53XuGJXg3rMgJhGMKq0JqeREREREREVPsYPtY4jw0Fl4RSFprds7EXv/LwXWhtbAIAbFsNPLxrCw6du4g//dL3MOIEMI2Zw6Uw9CHEzY7WmqbDMEwYxuS7k/PXh+AHARLzDKqkUgjDsKjrWWZU+QjMv8JSN01oug4Z+jASbKgyG0cAf39e4T29GrbqPsNHIiIiIiIiKhrDxxonWPW4JJRymuudt61Gc0PjlO071/Tik7/5BP7ki9/Fq2evwjSt0crG6NxSCoRhgJ1revBLD96B1V3tOHd9CK/0XcI/HziG4YIDw7CgaToABT/wEIjiQsSJPN+HMY9KxLbQndfxJ9JNCzIMYSQWfIglI1DAkxcUPrJOYF0iYABJtYUrBRARERERVQ3DxxrmSwaPNH+OH0CfIcxsyWTwnz7wTnzlpy/ji88ewFDeGb8slbDw8/fuwjvv3YWWxibomoa2pmbsXr8Gv/L6e/DV51/Bd146iksDI2hrTOOJB/YgYc4/oArCEEai+DSwU/nzPscYM5WGn8/BTGdGQ1Oay/4hoDfjMXykmsK/biIiIiKi6mH4WMN8TrleOkpY+Xh1KDvnPu+8dy/edudOnOsfwMWBIUgpsXtdL9KpJDLJqVOUDd3Au++7A+943W64vo8gDJFKJGGZ87+L8cMAqXmEj80qnHunGRiJFHTDhnAdmOmGBR9nKdk/DNzZJln9SDWFPZKIiIiIiKqH4WMNY6OZpSOTKc2ahGHoY+Oy9qL2TVgWNq5cho0rlxV9fEM30JCaf/OXMUopBGEIcx6hZQaLS+GNVBqhU2D4OA/7h4CVaQ+mabLzNdUEVj4SEREREVUPn4/XKE65XlpWr+td1PWVUggCF3dtWIm9G1aXaFSl53geEqY147Tw6TRri/tbMJNp6KaFwM4v6jhLyf5h4JIj4boOFN8EoRrAjJyIiIiIqHoYPtaoQFZ7BFRJt+/dASkXXuFnQOBdr9uF33nrg2hrbi7hyErL9T2kknNPuRZSwA8COJ4HK3Dm3H8uicYWAIBfmHtKOkX2DwEiDOE6i7/9icpNY8cZIiIiIqKq4bTrGhVWofLR0jVYOpDQa/tFnFJR5agnAVlDVVubtq7HqRPn5n09IUJ87F0P4/Z1qxY1JbrchBDwwxCtTVE4GgWMIUIhIKTAjXQzhswkBhMNGNaTGDaSGIaFYaFjkTOvAQBWphGha8PPj4yHkTSz/cPAhgZge3MIIQQMw6j2kIhmVOMPW0RERERENY3hYw3ypUKlIzNL19Bg1serN00DkoaGpAE4IeDVyBT2B3/2Ppw8dga6Pr+QZ/f6FdixemWsg0cAyDlO1GimtQVBJo2v5ZMY1BMYViaGhY7hYHRHhShsLEPDJTOVgfA9+IUczGQK+gK6dS8lX7gE/KKuYbvhIZ3JVHs4RDOqj0cvIiIiIqLaxGnXNSis8JRrQ6uf4PFWSaN2fq43vfX1aG1vBuYZPa/pbJtX9+hqEJYF83V3IvnmR+Dt3AZndS+uJBrxipPAWXdC8FgBRiKJRKYRwnO5DmQRnh9UCMOo+pEorl/yGH4AACAASURBVFj5SERERERUPQwfa1Cl13usoXxu3nQN82puUm0f+I0nEITzT+ISVrwr+MTG9TBaW8e/dwKBS9VcSlDTYDU0QTct+PkRCN+r4mDi7UwBeHkECIMKJsRE81A79/BERERERPWJ4WONCaRCpSdd13vFSC39ePc/dA/e8Z5HEYQ+iq2AlDLe3YlETzdEe9ukbZcLIbJhlQY0gZFIItHYDBkG8PNZqJjfltXy/CBQ8PzY/67R0lRLbzAREREREdUjho81ptJTrgFA1MaSiAtWS01nAOCXP/QevOmtD8H3PSg1+y+EUgor2poqNLL5U6YJf8PayduUwmUnTv8nGqxMI8xkCoGdQ+jGuLtzlX6Xr3nA84MagsCvyvmJZsPokYiIiIiouhg+1pigCtlCIBW8Ok0ggyo07ymFD//uB/G//f5vwTA1BIELIaaWCUopYBgS63raqzDC4vjbNgP65LshKSXOFOL3v6JbCSQaW6BpGoJCFsJzqz2kqTQNwvcQOoWKn3r/sELeDaBqLMyn+sfCRyIiIiKi6mL4WEOEql6VniMUghrpCl0sVygUwtr9me5/6B781ZP/H375Q+9BS1sjPM9GELgIAhee78C0dPy7/+f3sH7rpmoPdVr+lo2QzVOrMkUY4oxdhQEVyUimYDU0QymFoJCLXQhpJJJQSsEZvAZZwUrE4QA4lFUQYQzmyxNNwCc6RERERETVpSmWqdQMTyg4Va5A1DVtygu5a67EyowOS9dqpjmNGv1H4ebKiVIpBBLwazRkPXWyD4cOHEEhb2Pnnm24fe+O6AIpkTpwCJoTn+nC/sYNED1d017WN1jA/zhVO52TZeDDt/NItcSrwtTLDkH4HgwrgWRzW0XKv9ZmgA+t1dHQ2Fj2cxEVK2VoSNXKgxPRDK5du4aenp5qD4OIiKgm8HEzfsxqD4CKF4eZz1IpTFxlMGVo2NBkVG08C6WN/jPx5aihabB0IKk05CrdUrwEbtu0DrdtWjf1Al2Hu3cXEsdfgzEwWPmB3cLfshGis2PGy8/ka++2jyMr0wQZBhCBD3vgGqx0A6yG8q7/edYGTuUVdqQFDKP27heoPjF3JCIiIiKqLs5GqiFxCB8n0jUNiTpshW1oQINZZ38amgZ/6yaEvSuqNgSVSsG7fceswaMQIc7FcL3Huei6ARkG1R7GJLppwsrcDBsDp4DQK3/166sjCr7vlf08RMUyuOgjEREREVFV1VnCUr+kAkTMZsibGlCH2SMAwNKjcLXeBGtXw9+6CSphVfS84bIeuHtvh2yafTpuGIQ4G5/Z4UXRrQQSTS2QIoRv5yq6zuJczFQaRiI1/r2fGyn7OQ9lget2CClZwUrVp6F+H6eIiIiIiGoFw8caEcYseATq/wVdvf5xiI52uHfuQbiy/FWQKpGAv30LgtvWFfULc80Oka/RfiVmMo1EpikKIGNUBWmlM5O+D+x8Wc8XKuDVESAM4nMb0NLFqkciIiIiouqr13yl7sRtyjUQVWPWs7qu29J1BOtWw71zN8IVy0rejEQ2ZOBvvg3u3Xsh2lqLvt5Zu3Z/qdRopV+ioRl+bhiIyRsGupWAmUqPfx+Fj+Ud26EcEMQogKWli+s9EhERERFVHxvO1IgwhklYIKMAsh4rIAOpIGMSHpWTSqUQrF+LYM0qmNcHYFzrh55bWGWcsiyIrk6Iro45p1fP5IJnAKix0kelEHoudMOApiegmxbMdAPckUGkWmde37KSzFQDQs8dD0T9fBaJxpYp+4WuDTOVmbJ9vq57wCtDEncnAlhWZaf4E01Uj49PRERERES1huFjDYjjeo8AoKDgCCBjaKUunKsqTyg4cSw1LSfDQLisG+GybkBIGNkstHwBum1Dc73oY3QarTIMqGQCKpmESqcgGzKQTU1QmfQcJ5nbsF9bt7sSAr6dgzc8gOZVG8a3m6kMlJRwhwdiEUDqpgkrlUHgFAAAoevASjdCm9CROijkoJlzPyQUG1AeygJ72xk+UnUZTB+JiIiIiKqO4WMNqHYOFi3Yr2G6l3BKAWfyAiszOixdi/0UNzX6j5r4/ehnpRQCCfj1Pp98LoYeTZWex3TpUlmeMXA6Jyp+3oWQgY/+Qy+ga8fdSE4IHsdYmaj60x0ZRKqlvdLDm8JMR9WPSka3r58fQXJ0XML3EDgFpNu7Zz2GnxtGoqm434uTeeBcPsSmlISuc4UPqo64PyYRERERES0FDB9rQDWbzSQNDSl99srGRsuY+cKY0QC4UsGtdqJL03rnmhSGPIkjw/Geei18F6HroPv2e6EbM9+NWplGwM7Dyw4h0dQKrYolwpquw0xnEBRyAAAR+JCBD91KQAY+jEQS2iwhoZcbgplqmNc5j+aAdS0+ksnU3DsTldhMb5oREREREVFlMXysAaJK6z2amoZ0HZaNpEZ/JgaQ8fShTRn83WkHBwbi2bAkdG0oKZFsbitqfyvTCOG7CPIjMJJpGIlkmUc4y1hSGQjPgQyjcNfPjyDV1gVoGoxZAkI/PwJN02FYiXmd73AWeL0bMHykqqjDhy+imqNiuGwQERHNTzULKKh+cC5czClUr/IxZdbvnYzJdcBi7Vc2pLG3I35rBQZ2DppujE+pLpaRSMFqaI5CSHthDX1KQtMmVS9KISA8F2YqPWOw6BeyEIGPREPzvE83HACHcwpBEM8gmeobw0eiylJKMWwkIqpzvK+nhWLlY8xVq+oRqO8XbvX8s9WLd61NoS8vMOTFo9W7nxuB1dAITV/YMgOariPR2ALhufDzIzCs5KzVhuViptIQngMR+AAALz+MTMeyafcN7DxCx0aypQ0L7Sp1JAvc2e6z8QxVHO/niSpHKQVN08ZflN76wpQvVImIas9YxePYffjY92P396yIpPlg+Bhz1VzvUakF5w2xx+fA8Zc2NLxvXQqfOG5XdRxKSgjfRaKppSTHM5IpGMkU/NwwpAjnXUVZCmY6Mx4+QgGhU4CZnryeY+jaCOw8Eo3NMKyFTxU/mQfO5wU2svEMVZhRrw9gRDEz9qJUSonjV/L49DMX8GLfCLwgHm8eEhHR4iUtHXeva8GHHlyFLcsbGUDSvPGVYMyFVXzeFtRx1+dqhrpUvNuaTdzVWdqKucSFPiQu9MHqv1LU/kpKmKlMSccAAImmVsjQR+AUSn7suRiJ1KSqS7+QG++CDUQNdfx8FlZDU0l+9sNZIPD9RR+HqFgaAK6uQVR+Y8GjUgrHL+fx4c8exo9PDjF4JCKqM14g8eOTQ/jwZw/j+OX8pPt/omKw8jHmqvnUzREKyTqdt+aKufeheNjRZmHfjYWtGah7LpKnjiL52jGkTh2dcrlMpuCvWg9v41Z4t22DnGYatG6W727SyjTByw5BN615N3NZ9LlTGQjPHf8+dAqwRtd1FL6HZFNryaaFH8kBP+sHSKbYeIYqQ+e78ERlN1bxIqWEUgp//fR5ho5ERHXOCyT++unz+LMntgIAdF1nBSQVheFjzMkqv5Mw7EukDA2WrtX8+llCRdWc7HJdW3a2mdjQZOB0rvjE2BgZQuNPf4D04Zdn3U/3XKROHUXq1FHI5Ldg33E/7DvumzaELAfdtGBlGhEUctBb2iv6oK1bCZipDEI3mtYeODaMRAq6lUCisTRTzMcMB8ChEYXXpQOu/UgVYXJeB1FFjK3vKITA/rPZag+HiIgqYP/ZLIQQMAyDlY9UNIaPMRaXWc+uYGBH1fVrmzL4s8OFOZvP6J6Lph9+a87QcabrNj73FDIvPYvcG94KZ/vehQ53XsxUBqHnQLgOzHTpp3fPeu50dO6xRVAD10ayTBWYR3LAnR0MH6kyTL77TlR2E6sehRDwqrlWEBERVYwXSgghxqseua47FYO/JTHGvI8okjY0/NrGNFKzlN+mj7yMzr/6+IKCx4l0z0XLd76M9i98quh1IedDBj7c4RuQIhzfZlhJiMAr+bnmohsmrAmBp/DcSVOxS+lkHjiXDyAlX5xS+bHykai8Jla6KKV4305EtMSMvfk0hhWQNBc+PY+xak+5JoqTlRkDv7YxPWW77rlo/8Kn0PKdL0MvYXCWuNCHjs/9ORqf+0HJjhu6DtyRQeimBd24WXhuJJIQvgclKr8YqZlqgKYb498Hbvka4BzNahBhOPeORItgahpY90hUfhObDTB8JCJaWiaGjwweqRgMH2OMT+OIJltheni48+b3jc/9AJ1/9XEkLvSV7ZyNzz2FjhJUQYaODT8/AiORnLKmYhRGGhBh5TtCa7o+qfpRBgHCMnXgPpwDPJZ0U5mx6pGossbWfSQioqWD9/00X3yKHmNxWfORKA58z4MUAvc3uOjd9wN0/48/QuNzT5W02nEmRv8V9HzxU9hy7LkFXT90bfh2FlamEcnmtmn30RNJyKDy4SMAmOkG6ObNtRgD14aSpa/CHA6Ao1m+rULlxfUeiSqHVS9EREsT7/9pvthwJsZYIER0UxAEOPPyUfzwM19GaLsVf+ckdFwMf+tb2HauD8df/66iO2KHngMASLf3zNrN2ko3wMsOQXgujAp1257ITGXg50cAAEoIhI4Nq6Gp5OcZDkp+SKJxuqax8pGIiIiIKGb4FD3GuOYjUUQKgevnLuG7//NJeHb5Kx1nM3j4KHq/9CkYI0NF7W8m0zBTmVmDRwDQdAOp1k4EbgGha5diqPNiptIwJnS6DpwClCj9+oytCT7sUPnM0pOKiIiIiIiqhK8CY4q5I9FNSins+6enqj2Mcf6VK+j+uz8vOoAslgwDpFo6IDwXgZ0v6bGLYaYbJn0v/NJ34G5JGnPvRLRADB+JiIiIiOKH4WNMVb7nLVF8CSFw+WT5msoshHJd9H7zyZKtOekXsgjsPJQUSDS1Qvju+JTtSjESyUlrP5YjfOxI8mGHysfUmT4SEREREcUNXwXGFKdcE93Uf+5y1adbT8e7cgXbjj2LxeQdMgxg37gKTdOQaGyGphtRB+pME4JCHkpU9q0IM5ke/1oEfkkbz6xt1NGZ4sMOlYehaTCZPRIRERERxQ5fBcYUm80Q3eTmKz8FuVi5557Dry4PsKVl/v27QtdG4BSQau2AlWmCpt+ckmwkkjCTqYpPvzaSKWDC+pQlq34UIR7o5EMOlQ+nXBMRERERxRNfCcaUZPhIBCBa7/Fa38VqD2NGnu3CO3IEv7E5g8dXF9mlWil42UFohoFkU+ukqc4TmakMhO9CBn4JRzw7TdcnT70uwbRy7+I5XPn0f0fu8IFFH4toJuxyTUREREQUT3yqHlOsfCSKBL6P3MBwtYcxq4vHTgMAHlqWwEe3Nsy6rwx8iMBHsrkdhpWcdV/NMGAkUgj9yk45nxg+ygVOu/avXUZu/7Pof/KvcfkT/wneudM4dOB4qYZINImGaNo1ERFRXNy5rhVv2NqJTILN9oiI5j9PkCpCB6DzhRQtcVJKCN+LXbOZW+UHhmCO/r1uaTbxkc0N+IsThWn31a3EvI5tpjNwhweQyDRNmg5dTrox4aGhyPVn/SsX4Z3vg3uhD96FPgTXr908nm7ANBO4cPYSNCFgmHzoodLjtGsiIirW7z+2EW/f04Njl/P46GcPwfZLu8b2o7u68e/fugHphIGvvXQVf/rNUyU9PhFRreErwBhSAKBFlRwaorxh8tfaNNuI6k8+72Dg1FncOH+l2kOZ1cCFK2i0bv4V3tVp4uyIhu9eXXwJ81gVoggDGPMMLhdKM26+Q2+mMtPu41+5CPfsKXgXzkZh48D1KfvougHDsKDrUZH92TMX0WBpMNkVhIiIiKpMA9DVlMC2lU3Y31faWTa2L1DwBJQChu2gpMcmIqpFDB/jSAHhrIs+znzZpGCSASbVMMdxIITA95/8ZrWHMif3lk7cQghsmD6zqwnCdca/Hut+7V+5CPfMyaiy8XwfwuHBSdfRNA2apkPXdWiaMR443iqbzaO9vbV8gyciIiIqkW0rGrG2M4OzN2wcvTy1CeC2FY3obU/jlfNZ9GdvNun70fEB/Oj4QCWHSkQUawwfY2gxtVIK6uYsyVkPxACT4svzPARBgP3few79Ma96HOMWHKQaoqBO13V8/UrtLtwaeg6C/isILp1Hvr8f7oU+iOzUigBdN6AbBgzdQLF//dlsgeEjERERxdqO3ib82zevx/aVTdAQvXI6cimH//LdMzh8MYd1XRl87K0bsGdNCzQAfijRn/PR1ZTA5569iNdv7cBt3Q2wfYG/f+4SPvX0+fGp3q9eyKK9wUJve/S88cXTw/jYPx4r+dRvIqI4YfgYQ9WOLBhgUjVJKeG6Lg79+GU8VQNVj2PGgkcAGPCBC84sO8dY/thBXPn8pyALeZhmAroeTcG+WdV48/NCZLNTqwaIiIiI4uTDD6/B9pVNGLEDvHI+i92rm7FjZRN+8w1r8FufO4z339+L3atb4PgCr5zP4rbuDHrbUnADibwbou+6g5VtKWQSBvasaR4/rgbg9lXNEFLBDyWSpo6dq5rw6O3d+NK+2njDnYhoIdjtOoaqHT6WgoKCVApCKYRSIZAKvlTwhIIrFByhYIcKhVAiH0jkAolsIDHiSwz70eesr5ANFHKBQj5UKITRdZzRY3giOmYggVBFHcKlqo/bbykLwxD9F67iB/9QO8GjvKUpSyGs3d/Cwae+CVnIQ9N0WFYSppVEIpFGIpGCaSZgGOaCg0cAECHf1SciIqL4emBTOzYta4CUCt862I9//4Vj+NbBfgipcFt3A955xzLsWtUMXQMOnBvB7z15BN94pR+BiF7/jNgh/q8vHcfVYW/a41/Levg3/3AUf/DVk8g6ISxDR0djZdb1JiKqFlY+xlCRzWXrmkIUYGIRFZhRJaU2XlU5bROf8W2swIwLpRS+8l//bso6inGWTCcnfb+20Zhhz4XRdB2QsqTHnI5/9RKCi+dhWSmYpgXTLP0TYcMo7W1DREREVEpNKRNJS4dUgBtEz78GCwFCqZC0dCxvTSFlRW/EDuTn30zG9gSePz2EO9e1wgsl0gk+NyKi+sfwMZaYPpaCQhRkTdow695TMcCsvPPHzmDkxlC1hzEvPWtWTNm2pkHHuUJpAkPNMCClQLmfmuZffn58mvXYZyIiIiK6ydD5DJ+IaL4YPsYQo8f4KEeAOTGUZIA5Da32fuJl63qnbHukR8d//sRXYHV0werogtnZDbN5/o1WZOADSkE3yn93XTh6EMDY+o7lCR8bm2q4DTgRERHVvZwbwgui9RjHKhzbGyyYugYvkBhxAoQieoO5o9ECADCPJCKaHcPHGOK06/pSzgBz7GugfgJMVYN/ABt2bJyyzT95BCPPfG/SNquzG1bXMlhdPbA6uucMJYNCDkpKpFo7yzLuiQqHDyAcvAGgfFOjW1qasH79qrIcm4iIiGi+Ohot/NkTW8e/D4TCP/z0Es4NONi9uhlv3tmF7uYk9q5phqFrOHPdxmd/chG7VzdjeWsKd61rxT/+1h3obk7AMjQEC1zamuElEdU7ho8xVHvRC5VbJQLMSUFmFQPMletXQSoFvQoVkFJKCCmgABi6DqOI6j8hBTbv2T5l+4njfTDNBJSSUEpBKYngRj+CG/3Ascn7Go1NsDp7bgaTXcuAMIBz7TKSK3qR2LKrRD/hzOwjr4x/Xa6qx917ts69ExEREVGZXR3x4I12m85MWHNxxAkxkPfxlz88h3/36Aas68rgke2dUADOXLfxlz88BwD44otX0NuexuqONNZ0ppF3Q0gFhELBC4tbdsf2QnihhGloWN2RLsePSUQUGwwfY4jhI5VD1QPMCZfNpqG5EYl0AqE7/wW8F0oqBT/wEcoQnW0tSCVM9A+NIPBDJK0EtFkG3rWiC6mGqU8Yz5+7DGPaqdJqNIxUkFJCKQlZyMPN5+CePTVpzyDw0P7I29FY5vBR5LLjU6513VhUN+vZbN22vizHJSIiIpqPTz19Hp96+vys+zzxiZdx57pWdDcl0J/zsb9vePyy504N4bk/fwn3b2yHF0rcsbYF77+/F14oMeKEAID3fuLlScf7j19/Df/x66+Nf3/0ch4f+dtDWN6SxMEL2RL+dERE8cPwMY6YPlJMVSrA7F69ApdPnitqTFJKKKiiqhRnur7tu7h3zxa84Z5daEynYZomXN/Dt5/ehxcOnkQmOfO70ctX9ky7/eqV6zNcQ4t+fm1qheFYhaRSMrr1NMC/WNztsBiFQy9DBT6A8jaa2bKF4SMRERHVjomB40SP7enByrYU9vWNQCmFu9e3wjI0DOT9Ga8znf6sh/6sV6rhEhHFFsPHGGL2SPWsmABz5ZbbZg0fAxEiFCGEvLmwjqbpSJoJmPNYrzAQIaBJ/KtfeBO2b1gzKcBMWhbe/aYH0N7ahO/9+BUkrcS0x2jvap+yLQxDDA/nix7HzZ9Bg6YZwGhfa13TEVwof/hoHxtrNKOVLXxcsaIbW7YyfCQiIqLa98j2LtyzoRUffODmWtY5N8TXXr5axVEREcUXw8cYYvhIS13PLE1J/DBAMmli76b12NC7DKtXdKEhncahU2fxrR/ug+N4c06VBqLgsakxhV94889g67rV0+5jmSbe+Lo9uHxtEMdOXZo22AxvOY8QArZtw3HcIn7S2QkRovHOBxZ9nNl4F8/COX0CwNiU6/Kstblj56ayHJeIiIio0j75g7M4erkDG3sa0Npg4bWrBXzv8HW8dHak2kMjIoolho8xVIPNfolKKtPUMONl63q78avveCPSqdSkpjSv27kVO29bi289/SKeO3AcKSs5bViolIIfBmhpzuDD730zetqnVi5OZOgG3vvoQ/h/P/MVFPIedH3yeoiBpiMXqNGGPAqObeMf//6bkHJxf8hChDA7u9Hx9vcs6jhzKbz60vjXul6+h4RdtzN8JCIiovpw9HIeRy/Pf5YLEdFSVZ6uArQozB5pyZvlj+ANr7sdDen0lG7YuqahKZPBux75GXzo3Y/ASuhwfBeBCCGVgpACfhjA9l2sWtGJj/7i2+YMHsdkkkm8++fuh24CQRg1wpFKwQ08rNqzFa7vIVQKrh/gRz98Ed/42g8W/KOPkVKgYefeRR9n1nM4NvKj4aOuG1OC1VJi5SMREREREdHSxMrHGGL4SEudEGLGy7J5Z9brWqaJ2zdtwNqVy/CdZ/bh0MlzyBVsWJaJno4W3H37Ztx7+zYkLWteY9q6bjV+91fejs997SlcvDYAANixcTW2pFMYcV0YugEhBL745DfmddyZSCWRWrexJMeaSf7V/RDZaFF0fR5rZc7Xtu0bsGxZZ9mOT0RERERERPHF8DGGOO2alrrlG9bMeNlPDxzHPbs2z3mMloYG/MLPPYC3P3wPHN9H0rJgmSYSljWlarJYyzo68Nu//BhOn7+CdCqJVcu6kBwcgteQhqPr+N43n0Z2AY1mpqOhPGsvTlQ4uD86l6bDKOOU651F/H8RERERERFRfWL4GEOKtY+0xGWaGxEKMe2ajf0DI7gxnEVna/OcxzF0Aw3pNBrS6dKNLZnCzo3rJm1rv3wV/akUfvLD50tyDqUUlJIw2zpKcrzpOK8dg3v2FIDyVj0CwKbtm+CIaF1MDYCmjX5G9MWt24mIiIiIiKh+MHyMIQ2cek1LWxD4aF3Rify1oSmXSaXgeF4VRjWZUmq8M7QuJDouXEL/6HTsxZIyRGrdxrKGj4VX949/bejlCx+bmhuxcdtt8MR092pTt0UhpDZtIKlNE1QywCQiIiIiIoo3NpwholiRQsB1HKx98H4IOXXtxyAM0NnWUoWRTabdMnXbcj387pvvL8mxhRRouqs0x5pOMHgd+dHwUTdMaFr5Hgq27tiIRDJR9P4KUcAslEKoFAKp4I9+eELBFQqOULBDhUKokA8l8oFELpDIBhIjfvSRDRRygUI+iPazRz+c0WN4IjpmIBUCCYQKEAqQim/+EBERERERlRIrH2OJtY+0NAkh4NgFXHWBn6zYDaPlx2gYGRrvwhyEAfZuX4d0ovgwqxykUtOuG/nI7Zvw6rkrGEhm8KHf/gC+9oVv4l++9dS8jh2KAK2vfwsad99dquFOUTj4ElQQde0uZ9UjAGzdWfn1HhWiytRJG+a8xmTTVWACt1ZdTqy01GbYTkREREREtLQxfIwhTWPTGVp6lFJw7AKGfOAzFzS4VhrGY++D9vefQCIMIKVE2NGBNzxQvlCu2HHO1rDmAx96L0Za2wEAP//et+FG/w0c2Hew6ONLIcre5XpsyrWm69DLHT7uKO/PUi6VDjCj7QwwiYiIiIio/jB8JCohDYCpazDqIDEQCghkZVJwpRTsQgFOqPC/LmlwR2dbi+Wr4PzyRyG+9xWo7l44b34Hvggbv6MuVS2UUVAzdqIebO8aDx7H/Kvf+VX81z/9n3jt2Kk5jy1EiNTGrUit31SSsU6n8Op++NcuA0BZO1wDQO/qFVi7flVZzxFn5Qgwp1vfctYAc8JlRERERERE1cDwMYb4OrE2mZqGjKlBr6P/wEAChbC8AaRSCrZdgB1IfOaChqvu5MvF8lVwPvCvAUR/G6+gEX+LZfigulrWcU0nCENY5sx3m94MXbV/7//4LXzuL5/EC8/un/ZyYDSkymTQ8fb3LHqcs8m/+hKAKNAqe9XjztqseoyTuASYY9chIppobP1jTdOQMDX4ZX7OQERE1ZcwtUn3/0TFYPhIVAIagAZrpnq42mXpGhpNDflQlu0cvudBCoGvXp0aPM7kx1oLOhHg7ao03aWL4fo+UrOsNRmaFtxUZsbL3//hX4JtOzh04Mj01w99tNz1BlgdXYse60y8i+dgH42mgBuGVfYnC9t2VH69R5qqkgHmze3ajJcRUX3RtOhF6J7eDF44W6j2cIiIqMz29GbG7/uJisXwkagELL3+gscxpg7omgZZhoVIlVIIwwD/64LC8cL8bsGvap1IQOHn1GDJx3Urx/OQnKPJzUhrO6Q+e9fo+x++d8bwsRKy2QgOWQAAIABJREFULzwDADAME4ZR3rv/js427LlrZ1nPQZVT6gATmL5xz+TLtNGlLBY1dCIqE03ToJQaraTX8b47O3Dggg1fsPqRiKheJQwN77uzA7quT6p+VGxaQXPgU/oYqtcQq57V01Tr6ZTjjkIKAbtQwD+eLqAwmMUe9zp6wvlVTHxB68KfaauQLeP7KLbrIplIzNpkxkumpqz1OJ2de7bjztftmbJdKQmlFKzu5Ysa62yc0yeQf+mn0DQNhmGV7Txj7r5/L1LpZNnPQ7VDIeoUL0Y/QqkQSAVfKnhCwRUKzuiHHUafGTwSxdPEapex8HHriib8yduX447eJBL1sPg1ERGNSxga7uhN4k/evhxbVzRNCh8BTr+mubHyMY40FFFVQnFSob4sVVPqSddSCNh2AQhDPGz3Y5tmR7/3EhgqCHxfa8Oz6WXwtLnvoo5qGfyf2jp8UF3FHSpXsjH6QQDH89DU0DBr8BhYCVzvWQFV5APuBz/6fnQv78a3v/rP49vC0EfHY+9Fw869ix73TLI//REAwDDLP90aAO6+r3w/Cy0N6fIuSUpEizRW9Ri9qWXAsixs723B73cmEQQBwjCEEILVMET0/7N35/Fx1ve96D+/Z5td+2LJm2TZlvHGEpvNkGBSCgkJJC/CaTlJTm+atkm6HHKaU3L7um3uyXLuuWlOF3JvSNM2NyctaZLSFgIkQAgYs5hgHNt4wRbGljftki1p9plnuX+MZjySZkazb/q8Xy+hmWee5SfLHvF89P39vlTD4u/xiqJAVVXY7XaoqgpZlhM/A+I/D4gyYfhYhfjPtvbEukLX53fOsFDUKdemYcDv90MYOppPn0e7MX+hx2ZVxv2YxW7fJB5VV2PA3rrkOQOQ8C3RjR4RwvusadxoeWHLMzI1TBPeQACqLKPR7c68r6xgtHs1IlpuFX53f/QuGLqB5576BQxTh9LWCc8Nt+Y13mz4jx9C4O23YtOtS9zhGgA2bdmAq7ay2QzlTxYCar2XlBPVgeTwUZlryCZJEqLRKEzThGnGfhYzgCQiqj3xQFGSJEiSBFVVoaoqFEVZFD4SLYXhI1ERWABChgV7nU0zMi0gUMTOlbGKxwCUYBANF0eghNJ3mGmzafi98Dn8HZBVAAkAZ2HHWbECe51deLA9BNfUJGR/AMJMH0RakoSox42g3QZ9bAxaKISGJaodAcCUJFxc0wtdyW8K8z33341QKIwXnn0R9r7SNmaZfX1v2aZbA8ANu1j1SIVx1Nl7KVE9WljtoqoqJEmCLMvQNA2GYQBg8EhEVMvi7/GyLCfe41n1SPlg+FiF+E+3NoUMCxETUMVcAxqxsHlCbbCAubXYgPN+A6ucMpSkHyiGBVh5rAtgzK3xqASDaD5zHmLupiQTp82O3/QP4v+2NWY1BRsAtjYreGCdA5bsgW9FrHO0HAhCCochRSIQugFTU2HabTBtNoQFEAwEAQgYDa3oungOUjCY8RqWEDjXu3HJBjOZhEMhbPvAHRjt7IG37+q8z7MU74F9CJ15B4qqleV/DOwOG65n+EgFUCTBtR6JasTCG8/4zallWYkPIiKqbfGgceFH/DWibDB8JCoi07IQtoDwgkUg3YpUMzfTArHwVJWATY2p3yL8enyqeXYsy0I4FMwpeIzrcDpwm/ccnmvoW3LfnW0qHljnWLTdcDpgOBdvNw0DIb8PpinBMGPfoKmOFVh5bjDtNaKqhvM967Mef2oWgsEATgW0kgaPlqFj9vU9ZZtuDQA33boTrW3NZbkW1SdWPRLVlngAGQ8dgcXVjgwhiYhqz8JgcWF3awaPlAuGj0QlVkvBY7ZcikDIiFV7ZiMUDMKMRNB8YSSn4BEAJCFwg34Zzy2x30fW2PHeFVpO57YsC4ZxJXgEgJDmwExTCxqnLy3af6apBZPtK3K6RirhUBjjIQPnjdzGm6vZ119CdHQEqlq+rtPve/9NZbsW1R9NEmD2SFR7ktf8Sq6ISd5GRES1Kfk9PF7Vzvd1ylWdRSL1gf+O64dWx9MH7bLIaip5JBKBEQ6h+cz5jGs8ZtKoSlgbmUn7+gPrHDkHjwBgWZgXPMZdbm2HKc9vtTu+YmVRgkcACEfCOG/YMGOWrp2v4fNi5pUXICtK2f7nYMeN12ATG81QAept3Vyi5SQ5dCQiovrE93rKFysfiUpIrdPgMU4SAkaGqVSmaSIcDMIzPAYlmF/wCACKJKNd9+Oc1jhvu10W+IOrnFjpzC/Ei0SjKbcbkgy/yw3P7AyiqobJji4EnK68rrFQNBpFMBzGeb2hKOdLZ/b1l4CAH7JS2urKZO/7tZvLdi2qPzZZgA2uieoLb1CJiIgIYPhYlfi/afUjh2UR61IkHIbN64XjcvqqxWwoioIheX5Y12yT8NsbHHkHjwBg6AbS/YvzNzRC1nVMtXUiYrPnfY2FwuEQTkc0jBil6zwdnRzDzMvPQy1Td2sA2LRlA3bedE3Zrkf1RUCw6pGIiIiIqE4xfCQqId0CyrfaXnmZVqzBTjqGriMaDKL9wkjB15qWNIwo7sTzbqeMP7jKWVBjCtM0YRgW0oWPIbsDoRUrYcjFe5s0TQORcBjndGfRzpnK7OsvQZHkslacvO/XuNYj5c8m8xdvRERERET1qs4nhdYmTjurH1HTQqQOyx8tAEHDQqavLBqNomFkLOcGM6l812iBay5o3NqsFBw8ArGqTCtD3GEIuajBIwCEQmFcDAuc10s3FTp84Sz8+1+DJJVuPcmFVFXFe24oXdduqm+yYNUjEREREVE9Y+VjFZKEADLGOlRLTnsNNKoC7Xa55teAtCwgYlqImMi41iMAmP4A7AVOtwaAk4aCY/4o1rcIbHYqeGCdo+BzWpaFSESHmaLZTClFwiEM6jboJazxmt23B3IZp1sDwFXbNqCh0VPWa1L90Gr8fZGIiIiIiDJj+FiFylevRMXiUiTIInXValON3VnrJhBKqmq0EAsdgcyVjskMXYdjcqoo42m/bjM+7TUwEYrig+vcSx+QhUgkAsMsyqmyFg6HcCms47xRnK8hleCptxF++0hZqx4BsOqR8qYIARurHomIiIiI6hrDxyokRGztK9Y+1oZaCxeXokiAWxKYjuSfzpmmCcest+Cx6N0r4PQ4sbOIRXWWZSEcCsM0yxvQhUNhDOo2zJbwut5XXyx78AgAm7dtLPs1qT7Y+Ns2IiIiIqK6V1+pSR2RytgogvLnUur3++RS8n97EP4A5Ei0oOtbsgx9zaqCzpFKNBKBaZb3+6brUYTnplyXiv/IrxA9N1iy82fSvWpFRa5LtU2VBFQuckxEREREVPdY+VilJAEYLH2sekodh8SFzISUitBkRl+7CpaS+1uUaZqwTBO6oQMALNOEaZoABHQ9ts20yl31GMKZqIYxo3RrMfpefaGs3a3j2jtbIcssX6PcCIBNZoiIiIiIlgmGj1VKFkBhdWNUFnV871zIl6b6/AVd23Q5oXd3ZdzH0HVYsGAYJkzDgGnGPs8buIV5z2XDBHQT0SJ3sc7ENE2EwmEM6s6SXcO3/1UYE+MlO38mHZ1tFbku1Ta7LAr6BQcREREREdUOho9VijPRaoNhAfU687qg2kVPYU1VZjrbEZ2ZSWSH2XyWDRNaOAzZMKCGw5AME2ooDAFADYcgzXWYubi6t6xdncLhEEYjwFldK8n5rUgY3pd/UZJzZ6OxuaFi16bapEpsMkNEREREtJwwfKxSElvO1ISgbsGj1udNdEjP/++fZc9ubUMhxKKgPex0QpIEbMFgxmMlw4AaCsMeCMLmD2R1PZ+7AWG7I6t9iyUcCuFcWIFRojJZ7769sPy+kpw7G41NDB8pe5xuTURERES0/DB8rFJ1vJRgXTEsC74o4FQWh2i1yrCAgG7BsPIPH02XC6ZNgxSOzNsuRKyZUvwjFSUUguvshbyvnYm3oSmn/YOBAAzDgKzIUFUVipL7mo0tDiceGBrADl3FKcmBAa0ZI2px2ncbs9Pwvfx8Uc6Vr+aWxopen2oLp1sTERERES0/DB+rlCTA2scaoVsWvFELkhA1vwSkBcC0rIL/3lmWhXBLMxwjYwAAWQhIUvrAsRxMSUbQmdu6iw6nE4GAH97ZGQCAJMmwOxxwOl2QpKW7gct6FF1n3wVkCdfJBq6FD+HwJZwM2nBMbsCArRmTSv5rQXpf3QMUEBIXQ2NTcYJUqn+cbk1EREREtDwxfKxSArEKsUKqz6h8LIDfqyShUBBWgwfu0XHIklQVlbwhhxOWWDowXCgWNMqYnZmGaRoI+H0Ih0JobWvPeJxkGmi9eG5eOCgA2DUN18DCdmsaocAYDlkO7Ld14B17a07jEpcmEHjztZy/nmJrbm2u9BCoBnC6NRERERHR8pX7nTiVTb1M46XlR0R1tI6OQZGrI3gEgKAj/wpDu92O1rZ22Gx2ALG1KpfScvE8tAzrVkpCwGm3Y5fDwmci5/CJmRPYGJrKekz/myuIvhW5BZalsKKro9JDoBrA6dZERERERMsXw8cqxvCRalXz+GTWTWDKJeAsrAO3LMtobGpGe8cKtLS2Zdy3ZegC7Dk0gXHa7bjZbuJ3w4O4e/Y0PEYk4/4brQBuVYP4+ic/VNEAUlFkdKzI/GdBxOnWRERERETLG8PHKsZvDtWqbCoDy0lXVERs2XXgXspSX1vj+Aics9N5ndftcOIuNYDPeE9gS3Ai7b4fQaxC0m3XKhpAdq3srMh1qbYweCQiIiIiWt6Yb1WxKstviLIWXLsGekP1NCKJaMUJHpfivjwFz9RkQedQZBl9ThUfD5zBewIji17fYXmxybpSVeq2a/jS/XfAbdcKum4+uletKPs1qbbYZQGFP8uIiIiIiJY1NpypYrHOwGxiQrXHUmT4Nm+CNjEJ29AI5FAou+NkGaFVK2G4Mq/PKIXDcx8RyP4A5EDmKd6mLGc99nzZfV40jQ4X7XzNHg/u856HbNewX7pS2XivtXhdyM4mD770H34dD/3j00W7fja6VzN8pPQUSbDJDBERERERMXysZixLpVoXaW9DpL0NztffhGxZECIeql9hyTL0Bg+iLc2INjfDUrIJCudXVcr+ALSJSaiXL0MKL14v0ZBKGz7K0ShaRi4W/bwetxvXNZgYnZjCeUcrbremsRLhlPtuX9uF7Wu7cOTc4mrJUlm1urts16Law+CRiIiIiIgAho9VTRJAoxaLIK25Ash4HaQ19x8L1pVtafdJvW3evpbFGksqmWhrM6zx+dORo+vWQu/uKsr5DZcTQdcaBHvWQOjGokpIX1gvynXSaR65CEkv/jVCre1o8nnxYT2Eb6EV91qZp3TfcfXGsoaPrHykdDjdmoiIiIiI4hg+Vrn4vVvK9R9F8h7FudLSgWXqsDNtAJp2H4ady4nR2QElKXw0WpuLFjwuZCnyovUmjRk/UKL8sWFiLKfO1rmQBbDRjCKsmbjXmoQHRsb9b+rvAbC3JGNJhWs+Uioqp1sTEREREVESho80TzzPXHTbKBY9KMaVYqEkqzrrntnYALOxAdLMLEyXE9ENfWW9vpBKs36qLeBHw+R40c8LAJaioGnmcuw6qppyrceF3HatbFOve9aths1W/iY3VN0kIeBg8EhEREREREkYPlJFCZS5qhMpqjHTVHUuDjHTP2dV59IiV22ENDMLo7Wl/Bcv0TekZehCaU4MQLPMvFreb+/pLkv4uOXqTSW/BtUehywgMXskIiIiIqIkDB9p2Ug7hZ1VnWVhKUplgscSaZgYg6xHS3JuIcSixjzVZsv2/koPgaqMQxZQ2SmNiIiIiIgWYPhIVCK1XtWZep/aCTvnEcWddq2GgiWbbg0AcpUHjwCwvn9dpYdAVUSTBGycbk1ERERERCkwfCSqA5Wo6kxfnVl9VZ2yJAEwi3Q2oHFirGjnSkUuYN7q2LS3iCNJbcOmXjQ0ukt+HaoNihBwsLU1ERERERGlwfCRiHKWuTFR6as648+zreqMygLBIoxIMg20jI3C7itdwFdI8OgPR/D6wNkijia1TVs2lPwaVBsEAIciivavnoiI8mAG4J01YGvwQOPyF0REVIUYPhJRVStGVaehCMwWMAbJNNAyNQHP7Az0SKSkU89lkd9dgz8cwUP/+DR8oUiRR7TYBk65pjlORYCzrYkobvjlw/jJ0MKtDtz7QD+6KzGglKZx9KmzeNUXfy6w8qpu3HNNeyUHVZjRQXzp7y9j40dvwee2TuPsgSG8dtSPZy8B2ze14rfv7kMrQ0kiIqogho9EVPdEAWsoSqaB7ovnYAuHYJilXfNSEiLnBtdnxqbw+BvH8Pxb75RmUCms7+8t27WoetllAZWtrYkoydQ5H753Fui3X0m6uld4YCvrKKax59vH8EX3Suz/ZKqfV1EMnvHhe7odn+pWAD2Mx54awKNHfXj0k73QyjrW4oroAM5fxF88H0DvOg03axHsOTiCN30SHn2gtr82IiKqbQwfa4BpXVmtLm3/klTbUrzA20Si7CUHjwBgmMVbNzKVbKdcHz03gn0DZ7Fv4FxZ1nhMdtv7b0JnR0tddGCn/KmSgJ0lj0SUSkMz/ubBLWit2ACi8GYzCaCjFZ97IBZOfuKF/Xj/qxPYM96LOztKO7qS69mKR/6P+BMdO7//S/z++VkMA+ip4LCIiGh5Y/hYAyQBBHQLulmaW/rFt4+pq6/S3WaKFE9yCkkXvJjtsSnXHFy0r8hpjBmvL5bej+pLx9hwIng0SxyqSUJASlP2eGZsCkfOjeDI2REcOTdclqnV6dx11y64MjYXufJaIY2J6r4Dew2ThYCTDWaIKEeRd47hq49N4zkdgCThnlv68Ge7OwFM4blvD+DVjWvxiekL+P1jOu65+0Y8uGkMj31/EN+YBCAp+Ph6DQeGNXz1C1vRY07htR+cwpfO6PAC8DR58Minr0a/ewJPPjyAr00DmB7C9V8ewsc/fAsevC7z2DzNGgAfTl4Edpw5jL95PYB9s2bs3G3N+O6nt6DHDuDiAL72wwk8GYgd19Pdjm//bj9aU27vxpG/fwsPN63FE/evBsxBPPzfh/CDhmY88+AWtM5VaH67Yy3+5b4uTO07hode8OGoGft6H/zoFnx8qwcYP4E//64Xt9zXiclnLuDhaSce+fPrsGP4yjVb3RJsSBEumlMYngbQYK9gGExERMTwsWYoAtBLdO7FN+5W4sa/CCersPIOKGWQm/qFpYPTEgW5KbfnEOQu2p7jOBPbqzzMtYVDcCU1ljFKFP4DseBRlWNT1CI2O8I2O06PTOL7P/oJ3jo7DE2zl+zaubjhxqtxzTWbst6/ZhoTLXiesqpzQWC6nLHBDBFlFAnjwP7Tc2GXgu7ta9GtXcAPHp/GwJouvPDxtcCBI/jkM4N4rLcT9/e0or8b+PNXBzHQ3YSvfMCD3q3AwE/O4Rs+Nx55cDO2+wbx8D9NYKC7ET0AvHsH8cWzEh76retxT/cUHvv2aXz6sdN48VNrcden1iL83XP4RlMnXvhoO2zOpYfsvRwBoGHTKsAz6cDOXe34/EYXtMmL+NIPLuPhV6bw13fI2PPUBJ5sascLX+iHJzCGgYtKLERMud2D3g4Jw2diVYfdZ/04YJfQPx3EyRCwS5vCkXFg184uYPI0/uYFHxqu68P+u1sx/NRBfOTxU+hffx12dDRguzKFP//hEO65rhOPrG3AdlzA934wgSMdnXjio+3AkXfx+3tC87+o0dP43o9H8O1ZDX/2qT54iv19JiIiygHDxxohC4EqTPZogZRBbuoX8jlZhVU+yAVSNJ5Jue/8bUEj97G7FnS0NvNO5DMLexrga21DVNGgq2pi+8v7DuPw4MWC1qsstg/e/d5KDyGtYjQmyv4qS1V1xh6krOBMtS3pebVXdToVARY9ElFGoQAe3RsPwjT8ds9adI9O4bshBQ/t7oNHAnB9O+594RyefGsI9/eshEeTANjx0Ke3YocEAIP49jsmdlzXhR1NGtDUgn7nBCBJAKaw71gIkTVduKdHA9CFu7YP4RsvX8aboT7sarDDJgFQFHiamtKPc3wK3/7hDKBHsO9sBD3rVmJ3B6B19OMeMwDvbARoa8TNDdPYp5sA5Nhxl7zYc3IKd23qRP8mAJhOsx3o6XVCOxzEwDTgORfCQEcD/uTSLIaHASCIA7Djt9crmHpzBs+ZTjzygS4AQPetzbjz4AT2HAxgx80abBqAjk782Yf7Yic+chjfDUl48H0b0N0EYL0DvcnhY+Q0vvGdERzpbsY//VY/+pt4y0dERJXFn0Q1QpFi1VGlCkCIqk2qIBdAXlW5+VQtzjY0oXF6CpJp5l8JvITpFd3wNaeeCDV8caQ0F83T5m0bseU92+HTY38YOS9bkOLFrKt601xsySUWkjYUuzI3c1VnprPnYn7YmT7ITD2FPe22PNfqtMkCGhvMENFSUq35eBGIAECiD40drU5gYDZ5GREpFhrOiZiATUrVotlE2MRcEBnjaVQAhDB1Cci5rbZiw/0f7k10u44cewuff9yLAUVCtwJMhoBYltiE3fd14XM/HsFfPHYCX0tMjU633QNsdOFejOHkeaBtNIRd3WvRi2n85Nw0btcDGGhwob8JgG7O//qbNLQBODvjT/rjSfqz0IEIJNjSTYzQJGhQcP/dW2LnJyIiqjCGjzVCAJBFrPkMEZWerqq4sKYPLr8XWjAA2/Tlop5/Yu06hJ2utK8PXxgGEAuFqoHDaYeePF+56pRvYOVaJzfd9lzWyk0ZpKa6l8eVqdTxeNmyYofG/2SVlMcREWVBQazTcqJvWwThCNDfkLn/cjhlo7e5kC7ptUhIB6CgtSWHMSU1nLliCnv2eDG8fjVeeGAtgNgaknsSx/ThU3/Uh09duoAnf3wBX0tMjU6z3d6E/qYxPHvhNFaOSth+dTt6MYg9o5dxbySC7lVd6AYwpUi4EqoCCOmIAOhudAHwI3dtuP9eBbYVeRxKRERUAryVqCGc6kZUXrqqYqapBT53Q9HOGWhsxlD/lozBo2maGLo4nHheDQGk0+mo9BCqhrXow4JpLf4w0nzoyR9m7COa5iOS4iMc/zCufITSfARTfAT01B/+uY/YcxNBw0TAMBExLShS7BdgRER52ejBvZKOn7wxFHt+bBKPBSTc3teZ5oBmbO8GDpwcxdHpALxvj2HPbPy1VmzrUYDzl/HatA6YU9jzVghoc2F7ciWgniq4zFJERwQ6vCdj152MRAAEcPbIhVgn7ZYu7FqvAKYJbyjddgBoR3+3hAPDl3FkVsPGdUDrShvaRqfw7Diwuy82zbp1gxPbEMCefdMAdEy9NoOfQMP2jWkWrFznwJ3QsedXI4AZwNlDfrwJAObcCvE+HwZHZjE8WaoV44mIiHLDyscaokgCyGPtOqLlrtB1E01ZLso4LnWvQqCxecn9RodHYRoF3DSVgMPF8HE5ine2ZvBIRAWx9+HBj/rw+ccHcf2xQQDAjq2r8fGt6W5FmrD7A63Y/b0pfPrhg9CcGnYmBYvdd/fi66On8cWHf4kIAM1px9cf2DDXVKUZ/askaMdGcP2Xx/DgAzfj4xuzHWgrdu9y47tPjeCWL4/A0+TBQ9s1fPXsNIYh4cjec/iLx88lppDfefMG7G6awZP/lGp77Iz9W1zoecyLJxua8dt2AOvc2OUbwWOmHV9fN/f192zCV997GF/ccwzXv4BYN/D39uHOtnR/PH343M0z+OS+07j+INDf3YTPdUfw7IUxYMdK4J0x/Jf9PuxSZvDXd7DPNRERVZ6wqqGkhrLmjcYqZ4goe5FIFF5vZOkd05AMA93vvJ338f6mZsx0rIApZ/f7noP7D+GRv/zbxHNNs0OknitbNh/9zQ/iNz75kYqOgcpLEgIuBo9EVWFsbAydnemqBGtIvJGL3Q2PPZufiRFEfIDmnsGTDw/g/+teiyfuX33lZd80vLoCT5O7uOMMeeGNyPA0zFUemjogKVdeCxmwOZugaQuOSbU9FxEfvAE9+3P4puGFEx63BkAHTGVuXpuOyGwIWkOR/1yIiGpE3fzcrCOsfKwxigQYRqVHQVRbilH5GPQ0wuGdyem4sNMFb2s7Qm5PTsfF13uMsywrbdOVcuG06+VFAAweiaj4JCc8TWmmEi8QOT+EyaZmdDdoiJwZw55pYNcNC6r43E3I7SdsluweeJKncEtK+teW2p4LzQ1PLsHlvK9fSVpQS2HwSEREVYXhY41RBBCu9CCIaoyiFD5t2tvWnnX4GHK54W9pRTDPtSKT13usFk5Ou15WXKrE4JGIKiiEgTcv4KG3BzE114Rl19bVePDG7IJLIiIiqi4MH2uMIgQErOptOEtUhQqtfASAiN2BqZVr0DxyEVLK7puAt6UNgcYmRO2FBXXDF0bmPa+G1TGcLt7wLRduVWKDMyKqMDu23Xcjnrmv0uMgIiKiYmD4WGOEiDWeiZqVDyOIaokQQKEZXrChEWGXG87ZaaihEIRlIappCLvciDiKE85ZloXhRZWPlf/37vak785N9cOtMHgkIiIiIqLiYvhYg1QJiFZXI1yiqidJAkYRusWbsgxfc+k6R44OjS6qdKyCwkeu+bgMuBUJSmX7GhERERERUR3ibUYNik29JqJcKDWSqqRe77Hy6SPXfKxvDB6JiIiIiKhUeKtRgyQBqBLjR6JcqGppCr11XS/q+RZ2ugaqZc1Hho/1yqUIBo9ERERERFQyvN2oUbxRJMqNqhbe8XqhYDAARVkeq1cwfKxPDkXwl1lERERERFRSjLBqlCoJSEXo4Eu0XEiSgFzEkMXv88FeYFfrbFW68vHzf/oZqKpa0TFQ8dllARuDRyIiIiIiKjGGjzVKAFB5z0iUE1UrTvXj7OwMHE4nRAl+ATA2Op5ia+XCx5vfuxM33vKeil2fSsMhC9hl/hAhIiIiIqLSY/hYwxRWrBDlpBjrPk5PX4bL5YYklebtc3xkcfhYycKYhpe+AAAgAElEQVTHG265rnIXp5JwKQI2Bo9ERERERFQmDB9rmCoBMqdeE2WtkHUfTdPEpalJuN0eyHLx148EgNf2vo7B02dTvFK59PHdgTMVn/ZNxeNRJa7xSEREREREZbU8OiXUMUUCDKPSoyCqDUIAQliwrNzCF13XcfnSFJqbW4reYMbn9eGN1/bj2KHjOHr4WNr9LMsqyTTvpbx18G187D+GYbPby35tKh5JCLgVAeaORERERERUbgwfa5wqCYQNViURZcMwDAAmgOwrF6ORCKanL6OpuQVKkZquRCIRaJoGAPj873yhKOcslfODQxg48S62X7u10kOhPMlCwMNFgomIiIiIqEI47brGKQJQOPWaKCt6NArLyv5tLxwOYXr6Epqamgvu9hwOhzA7M42Z6elE8AgAf/rVh7I6vpJTnw++caRi16bCqBKDRyIiIiIiqiyGj3VA5XeRKCuRiI5Yr/ilhYJBzExPo7GpBWpSWJgrn8+LifFR+LxeaJoNjU1N817v29iHb33/m1mcqXLh4+FfHZ+rGqVaokkCLoXBIxERERERVRZjqzqgyQISqx+JlmRkuURBIODH7OwMmppb5lUp5sNms6O5pQ2tbe2wOxyp97Hb8D+++bWCrlNKo8MT8M54Kz0MyoFdFnAyeCQiIiIioirA8LEOCAAav5NES7KyqHr0+33web1FCR4BQFXVrJrUtHe24/e/8Nm0r1e64/To8HhFr0/Zc8gCdpnBIxERERERVQdGVnVCZQtToixk/nfi83nh9/nQ3FKc4DFX111/LXbetKPs183G8PBYpYdASxCITbO2MXgkIiIiIqIqwvCxTsgitr4XEaWnqum7XHtnZxHw+9HS2gpVLX/wGPf+D+xO80plKx/HRyYren3KTBYCLlXwF1FERERERFR1GD7WEYaPRJnZbKk7Vs9MX0YwGEBrWzsUpbCu1oVa378eO258z6LtFZ51Dacr9XqVVHnxxjJc4pGIiIiIiKoRw8c6okicfk2UiWXO79hsmiampy/DAtDe0QFZTl8ZWU59G9el2FrZ9NHtdlX0+pRavLEM3/qJiIiIiKhaLd0FgWqKKgFRs9KjIKpOpnUlfDRNE7Mz01AUBW5PQwVHtVj/5o2VHsIiTrez0kOgJJIQcMj8hRMREREREVU/Vj7WGU0SkAVvRolSCYWiicd+vw92u6PqgkcAWNO7Bs2tzfO2VbrbtYvTrquGOjfNmsEjERERERHVAoaPdUjjd5VoET0ahWFcCfCcThfsjuoN1Kqp+nHnTddg27WbKz0MAmCTY8EjG1oTEREREVGtYExVhzRJQGL1I9E8kWgUyStNVMv6juls3n7VvOeVrHy852N3VezaFCMAOBUBB1NHIiIiIiKqMQwf65AQgI3fWaJ5dL3SI8jNxqsWVj5WJnxc0dWO9f29Fbk2xchCwKVK0DjNmoiIiIiIahAjqjplkwWUGq9+nI34Kj0Eooppa2/Fiu7OxPNKVT5OTU1jZnqmItemWCW7WxVQavvtnIiIiIiIljF2u65jmlx71V5D3hG8eOqvoOrHE9sU14fw6xv+Exo0dwVHRlR+m7ZswujwWOK5ZVkQefxSwbJMGGas07ckJAghZX2eaCSK1/a+gbs/cmfO16XCOGQBG6dZExERERFRjWPlYx3TpNrqhjrkHcFLJ/7zvOARAHT/0/jJkYcqNCqiyundsHC6c37Vj0JIUGQViqxCCAmmaSAcCSIaDcMwdJimmfHcb7x6MK/rUn4kIeBSJAaPRERERERUFxg+1jlbDYWPL737t5DhT/maap7FM6f+rcwjIqqsdet75j0vxtRrIQRkWYFNc0BRNQBANBpCOByErkdgzlVIJnvnxCDODV4o+Nq0NJsk4FYEVP50JiIiIiKiOsHbmzqnSLUTQMrRNzO+Pjn7eplGQlQdulZ2oW/DusTzYq/7KDAXRNqcsNmckCQ5ZfgIALPT3qJem+ZT5qodHYpAjbxlExERERERZYXh4zJgkwUEqvtudsg7svRO5kTpB0JUgOd++mrRz7n9um1XnpS46YwkyVAULeVrlWl3U/8EALscayrDakciIiIiIqpHvNVZBiQB2ORKjyKzlZ4uGHBm3EdSejK+TlSPNm/fnHhcqY7XACCzHK/oVEnArUqwc21HIiIiIiKqYwwflwmbLCDn0SW3nDTn7Rlf72q6qUwjoXqkKErJr+Gd9ePR7z1V1HP2ru/Bpi39AGJdqyvF6XZV7Nr1RhICTkXApQgwdyQiIiIionpX+rtxqgoCserHgF7pkaR389qP4pUTT6d8LSracXvvXWUeEdUTVZXx3NOv4ujR04tek2UJbrcTbo8Tbrdr7rMDzS2NWLm6M+trnBq4AF2PFnPYAICrtm7CyeMDRap8tGAYBmQ5t7d/lztzZTJlxyYJ2GSu60hERERERMsHw8dlRJMEDBkIG9W5ettKTxcMdWfKxjMed+aqSKKlKIqEtw4NYPDMcE7HudxOrFu/Cv1X9WLnDdugaqnfNo8dOYWZaT8MQ8eeX7yB3b92QzGGDQDYsGk9AMCCBcuyIAqqYo41mYlGw1AUFUJkVwDvcjF8LIQiYqEj13UkIiIiIqLlhuHjMmOXBQwT0Cu4dlwmO9d+AgffnR8+GnDi9r77KjQiqheRSBjhMOBwNKTdJ97p2bJMmKYB0zTh9wVw9PA7OHr4Hex94U3svHErrt2xGa1tTfOO3fP8G5AkGZIk48AvjxUcPvp9fhw9fAzHDh3H20dPXHnBsoAiLKGgqjZE9QgkIS1ZBdm/eT0rH/MUqzoXXNeRiIiIiIiWLYaPy4wAYFcE/FGrKrvXbmzZgIO224DwS4ltLc0PoEFzV3BUVOssy8LwhXFcvuTLuJ8kxTszyZBlNbHdNA0YRhST45fxsydfxs+efBn9V/WiZ91KAMCJ42dw8fw4bLZYQDc5PotXXvoVbr3tPVmPMRgM4/Sp8zh96jzeefsdDBw7nPprgVW03vWqokHXI9D1CBRFBdKc+cP33VmkKy4vqhQLHZk7EhERERHRcsbwcRlSRKwCMlil069vXfdJvHIiFj5GRTs+sGF+1eM7l07h4MUnENXHIQkXNnfdi2tXXFuJoVKN8Pt8eP7ZX+V9fLyiUVXtMAwdhhHBwIlBDJwYTLyuaY7E/rKi4Yl/+QU2b+1bVCGZLOAP4sTxMzj59hmcOH4GAX8QABAOXMp7rLlSFA26HkU0GoGq2ha9vvGqddhx49VlG089UCUBTYp9JiIiIiIiWu4YPi5TNlnAsICIWX0B5EpPF+ye30DI+2P0rfjdea+9OPgsxie+CQCI16UNnN+PgfHd+M3tf1LmkVItsCwLhw4M4OCBd4tyPllWIMsKLMtMNIC5UjEZI4SAotrww3/8Kf7wjz++6By/2n98UeAoSTJUxQYhBGaDMxm/nmJTFBWGkbpRzjsnzhT9evUqtq4jQ0ciIiIiIqJkDB+XMbssoFuAWYXrP97edx8ef+sUxt+YBFbHth0aPZQIHhcJ7cEzp9YtqpIk0nUdP3tycROjQgkhZVx6UVE0nD0zjOd++iruvPsWAMDhX53ASy/sx/mzIwBiQaaq2iHLSqLxi392rOhjzUbyNPOFwqEwbPbFVZEUowgBTY419SIiIiIiIqL5GD4uY5IAHDLg1ys9ksV+8fjP8cqTowCexnt3vxctrS14e+QJyBmOmZx+EgDDR5pvbHQKly9nXuuxVFTVjp//9DW8e+o8pi/NYmpyOjF9W5bVRV2rLdOA3zexxFnL/8uCYCDI8DEFea7SkaEjERERERFRelKlB0CVFW+IUG02b92ceLz/9f2xB9HjGY9RraVCG1qOhi5U7u+FJMlQNQdOv3Mely95YbO5YLO5oCjaouARAHyzY7DmOm6XgmHk95uGSKQKf0NRQbIQcMgCHlUweCQiIiIiIloCKx8J9rn1H6MVXP9xyDuCczNn4FTdaHd2oH9zPxoaGzA7M4s39r2Bbe+7GjICFRsf1a4L58cren1ZVmC3uxPTqtMxjAgCS1Y9FkaSJJimsWiNyqWEw+ESjai2SELAJgGaLIrWcZyIiIiIiKjeMXwkAIBTEfBHAb3M6z/ORnz42clvA6E9iW0nATgafhM33HwDnn/meVw4dwFnRpduFmKoO0s4UqpV1RASLRU8AsDspQvZnq2gcUSjIaiahFzis1Aokvc16wFDRyIiIiIiovxx2jUBiMUZTkVAytRBowSeOv6NecFjXHD2R9A3jySeDw4PZDyPASd2rv1E0cdHtc2yLFzMctp1vlOSiyHgm0QkXJ51KWVZgaGn7mydjh7Nbf96IYvYshQeRcDG4JGIiIiIiCgvDB8pQRKASynfDfah0UOQo+m7EMv6z9HZ3wUA8IbTdwCOSj3Yuf5/YGPLhqKPkWpbJBzG6PDlrPYt5VqLS13XNzua9f6F/n5AlmMF72YOX6+iLK8ieVUScCqxNR3tsij4z5yIiIiIiGg5W153lLQkWQAuRYJPN0t+rXOXjyy5z5rdFsYGgGAwCDQtfl12fggf3Pif0KC5SzBCqnWDZ4az7nRtVaCLNJBPk5nCkzBF0XIMH3NbI7IWSUJAlWKdq6uwBxcREREREVHNYvhIiyhSrALSr1euAU2c23YSQBNMc34YGpU344bez7DakTI6evh01vsu/DtWLsHApYpcN5emM3IdVz4qkoAmxaodmTkSEREREREVX/3eUVJBYtMOgUAJA8gGeydC3sz7yAhgxa5+NLVNAwCioh1bV38e1664tmTjovoQjUbw9rHzWe+vKGoJR5NaJOyr2HTvXNRb5aOAgCbH3ucUJo5EREREREQlxTUfKS1NEnCUcP7hjpW3ICr1LLnfyi1BhEJOTI3fgU/u/D6DR8rK7IwPI8PZVxVKkgLLKm/1o2Hk3kVaVGABwnpZ81ERsfe0BjX2mcEjERERERFR6TF8pIxscukCyAbNjRvW/RdERXvm/RznceR/Xcb0/kBJxkH16Z2TF3LaXwgByyrvUgNmjl2nYyoRPtZu5aOAgCYJuBUJbnWuazVDRyIiIiIiorJh+EhLsskCbrU0f1U2tmzAvVd/Cx3t/zltCBmbet2JS1OVWRuPatPQxclKD2FJkXB2zXCSVaTyUa2tysd44OhUBBq02GeFP+2IiIiIiIgqorbuKKliFAE0qBK8UavoXYEbNDdu770L6L0L71w6hbeGn0codAyqeTaxT8taAyf2zcI0TEgyUwRa2plTwzntb1kWTNPIqRFLISzTyCt8rIRaqHwUiHWrVtg8hoiIiIiIqKowfKSsSQJo0AQCOhA1SzM9dWPLhkQH6yHvCAYm38LZ0Tdgd16GZVm4dOkS2trbSnJtqh/RaASdXc04c3o062MsywTKOO06FJrJ+ZhKVD0C1dvtmoEjERERERFR9avOO0qqWgKASxEIGkDYKG1Qs9LThZWeLhyc7MAj//AIACASzr1BBy0vlmXh/OAwDv3qdE7HmYZeohGlFvDmMy28MvFaNVU+MnAkIiIiIiKqLQwfKS8OOXbTHypxAAnM77SrqmrJr0e1LRgI4F9//ApCwdyDasM0yvammF+n6xIMZAmSJEGWKxs+MnAkIiIiIiKqXQwfKW92WUASQEAvbQAZ8F/pcq1o/CtLme17+QgGc5huXSkudzt8s7mOs/yxm82ulf2akhBQBCALQBYCslSpmk8iIiIiIiIqFJMcKogmCUiqQNiwSrYOZCBwJXxk5SMt5eCBdws4unxrPtqdzTmHj5VY89Fmt5X8GnI8bJTmwkYmjURERERERHWD4SMVTBGAogiEjdg07GLHN8nho6aVvwqLaouQ8u+GbppGEUeSmazk83e5/Kmc3Vb8f3OKEFCkK6FjhfroEBERERERURkwfKSisckCihSrgowUsQpyYnwi8Tg5fHxx8FlcCpxBODKOrqabcHvvnUW7JtWuq69dj9Onhis9jJKoREhncxRW+SjNVTLGKhtjYSMREREREREtHwwfqahkATgVAcUEQgZgWoWHkOcGzwEAWlpbAACzER9+cuQhqObZ2DUBjE/sxz9N/jNu6PszbGzZUPA1qXat7e0q6HjTNCBJ1dPdeb4KVD467FntJ3BlyrSUNH2aWSMREREREdHylv/8RKIMNEnArQjYpMKiB8MwMHRhCADQt6FvUfCYTLUm8MaZv8ZsxFfQNam29V+1ptJDyIoeDVZ6CFmxp2g4IwsBTRJwyAIuRUKDKqFRk+BWBRxz/+4VBo9EREREREQEho9UQpIAHIqASxGQk+aLDnlHMOQdyeoc5wbPwZqrnly3YR1+duKRlMFjnGqexbGxw4UNnGpeV3dLpYewJEOP5HxMJRrOOOw22GUBpyLgUSU0aRI8auy5TRZQpdi/dSIiIiIiIqJUOO2aSk6VYgHFzwdfwcDw30O1Yms4RkU7VrY9gNt770p7bHzKNQDMrBgBwi8teb1x32kAtxQ8bqpdq9a0Y2T4Ul7HmoZelmnX4dBsya9RDG6nHXa2nyYiIiIiIqI8sfKRyuLpU8/gzND/lQgegdg06fGJb+KZU/+W9rgjh44AAJo2tUCP/Kjk46T60NraWOkhZBQJ+xD05xeOlluqaddERERERERE2WL4SCU3HfLh3Ng/pH195vJ38eLgs4u3T8/g2JFjAIAtd0xnfb21zdtzHyTVlf7Na/M+1kLxOrUvZBgRXJ44jcsTp/M8Q/krEJ1OR9mvSURERERERPWD4SOV3KsXXoEMf8Z9xie+iVOX35237bWXX4NlWdj4sQ44pItZXSsqb8a1K67Ne6xUHwrpeG2aZhFHckVXtxOTIycQCeffEKkCSz7C4cyu2zURERERERFRKgwfqeSmQ2NZ7ffGu19FxPBDnetesfeFvWjc2Iw1K7NrIGOoO3Hvtv+W9zipfjidtqqZLrxx02r89//5e7jxxv4inK0CDWccDB+JiIiIiIgof2w4QyW3vvVqHJ5Zer1GxZrAvx39Bj53/Vfw9ol3MTU5Bafmhs93F9q60q/h12DvRH/b1Vjpyb/ajepP96pWnHk3u67qySyrOJWPdruGD33kZvzaXTtj41lTm38/7XZbpYdARERERERENYzhI5Xcjd3X4sBgO5SkZjPpiMh+vHD2FQy8FJuCHRj24T9e/Zto6+yEbgK6BZhW6dbko/qxoX9VTuGjkGKF4MUKHyGAvvWdiacrujoz7JzlKSsw79rhYPhIRERERERE+eO0ayqLHb1/DAPOrPY9efFv8ObR2FTr9et70d21Apok4FQEPKqASxGwSQJSJRbAo5qxtmdFTvsLUdy3w1Awgsd++BJEOIgGVcL6Ve1FPX+5uFzZ/bslIiIiIiIiSoXhI5XFjd3X4kPbvgXJvhtRqSfjvjL8aLo6Fnjcdtuuea8JAKok4FAEGlQBtyLBLguoDCNpgcKazhhFGcOZ02N49pn9gGVCCIGm5oainLecVq/OLcQlIiIiIiIiSsZp11Q2axu78Hs7vrjkfl/6P7+OC28PQJZlvPfWmzLuq0iAktSEw7AEdMuCYQKGBRicor1stbY1ornZjcuXs+suXaopzc8+dxi3774a7e0taG1twvTl2bzOU4kp123tzehc0Vb26xIREREREVH9YOUjVZWJiSm8/fYAAODGG94Dp9OR0/GyAGxJU7QbVQmuuepIRYgK9AqmStrQvyrrfZOnXVsFh9YWdD0CAAgGI3jm2V8BAFpamwo8b3lt3bqh0kMgIiIiIiKiGsfwkarKmwcOJR7ftntXhj2zIwSgSoBdFnCrAo2aBI8qwakI2GUBTYqHkowla50kYt9LTRKwyQIOWeDGGzbldg5JBgBYBU67jkRC8wLMgXeGAABtrc0FnLX8f0evvrq/7NckIiIiIiKi+sJp11RVTp06AwCQZRnbt20uyTVkAcgpprBaEDDnpmqbFhIfhgVY4PTtSpAgIEQsdhMi9tuS+HNJAAICkog9TuXmG/rxzRyuF6t+LHy9R02bX7F7+vQYgsEgOjvzn8JciSVNr77mqvJflIiIiIiIiOoKw0eqKvHwsa+vB7Isl/XaAksHk+ZcEBn7DFhzn688Z0yZipj7byJIRPowMXl7vkKhECRJgs/ng8OhIRiMZHWcLCswjChMy8z/4mn84oWDaOtoKeAM5U0fm1sa0L2yo6zXJCIiIiIiovrD8JGqRjAYxOjoOABg/freea+dmxnB6cunMeJ9F1d37cLWtvKuRXclmIw/S7/n4lDSSjyPvwbMDy+vPK98eBn/6uINTsSC1+JhIZIei3mP54eMEOWOzYCBgfPwegPY/+a7WQePACBJsbfEwtd8XOzfH9+P3/rEzUU/b6ks5/Ueg5FZOLTcOpPncwwREREREdFywPCRqsbJgXcTjzesX5d4/OjR/4WZmacgww8AeHXmR9gj9WD3xi+UPYTMRjyIA7IJK1MdPRdIJgeWiY2FD05ceXjlcwUCwlL613//JU6dGsn5OCEEZFlBKZqkB4MRvHtmooAzlPc7tG378lzvcWBkL2RZwvqOW3M6LqIH8O7Yq9i2+oMlGhkREREREVFtYvhIVSM+5Rq4Uvn4ryceg2/mR1g4AVs1z2Lvyf8dq3Z8H012dxlHWR4pA8F6SgdLbFP/qjTho5VU1SgS1Z3JFMWGSDhQknEdPHg272PLvebjtdcuv/UeR6YH8Mrph/E7t/x7zsc2Olfg5f0Po6NxPTobNpZgdMVXigpfIioNy7Lq6t9sqp+/REREVL/Y7ZqqxsjIGADA4XCgq6sT52ZGMDn13bT7y/Dj6VP/Wq7hUQ1xu+yJx4ahQ4+GEZ370PUIdD2CSCQA01y8tqMkyZAVtSTjunTZj+bWrpKcu5gaGt1Yvab6x1k0voMIRmbx0sm/ho4Awrovr9PIisDPjnwZwcgs4DtY5EEWRzzAqKcQg4hqD9+LiIiIlhdWPlLV8Hlj06q7umJNLp468Y0l/4JO+4+UeFRUi3p6VyQey7ICyLm91amqfemd8mR3tgBTuU8JL2fp65Yt68t2rYqKjABaF+A7iEPetzCjxypTp/xn0N24PadTeUOxX56EMYXnj38D93StBdzXXblGhWR7Y88AgKj6GYYBSarduoF01Y4L339YFUlERIUwTZM/S6pQ7f4fDNUdry9WbeRyOvHL4UNQ9LcrPCKqVZ2dTZUeQlqmpUCz5b5UQDl/fm7bXhvThgtmeIELX4U/OISDF3+Y2Dww9nzOpxq8tC/x+KJ3P8b9o8DoP8TCxzJLVVGUvC3VBxFVN4fDAZ/Pl7Jiv1Zk+z7E9yYiIsqXaZrw+XxwOByVHgotwMpHqhrxykeny4kD5/8pq7+cLtu6pXeiZWdFZ0tRzvOhu3fgllu24ctf+UFOXbOX4nS3IRLOdWpv+dLH667bUrZrVZRjI7D6z/H8m38ERb3yu7izl15HWPfBpmQXEod1H44OP5F4LkkCz48ex8d3/VnRh7yUhTfrqW7es91GRNXD5XLB6/ViYmKiZv+9pqpCiW9L/poW7sfqFSIiypYQAg6HAx6Pp9JDoQUYPlLZPH3qGQzPHgUAdDdux4fW3zXvda8vFj7Ka+Wsqh4NOHH7uvuKP1CqCy0tbly6lN/afXHnz0+gZ20HPviBHfi3f79S2WaaRuIjdsNkQZZVKIqW1XltjkbIigZDL16gWSwutwM9vSsrPYyymfYP46JvYF74GNZ9eOnUX+HOq76U1TmODj+RmHYdN2NcwuDYm+jt3FnU8WaysHJoqcepnhNR9XK73XC7a7/JXqZwMZvHREREVHsYPlJZ/N2Br8MM7Uk8vxh8Ef/P+BP45HX/E012NyzLgt8fCx+ttqElz2fAifdt+jrWNi6jphiUk9YWT8HhYzAYBgDc/7Fb8dLeo5ia8gKINaWRpIU92HPjdLfDO7303/W4ct14LZv1HucMjv9qXvCY2D61D4NT+9DbenPG44dnjuDA+UcXbZckgaHpoyUPHzOFifHH6T6nO8dS1yAiSmepn1VCiEVVjpZlpQwk4/ulOoaIiIhqC8NHKrnvHfp/5wWPcap5Fj888hf43PVfgWEYAABntxsu9c2054pKPXA7tuL2dfcxeKSM1qxtx6l3R2CaOiQpv7e6QNJU6/vvuwV/+3fPFGt4cDib4ZsdhWUaRTtnMWzc2FPpIZSVQ/PAslKvqfnSqb9Cm6sPHntnymPDug97Tv1l2nNrirNYw8xKqjXTMj1OdQwRUSlkqmjMFEACSPkaERER1RaGj1RSvxw+hLD/6bSvi8h+vHD2Fby/51YAQM9tsS7DurIZANDk2g674sKqxvXY1LIBTfban25E5eF02AAUFqgMDV1KPL7ttu146eWjOHnyYsFjAwAhybA7GhH0X1p65zJq7yjOepm1YtPK2+CPTmAmfA5Dl9+CX59IvBbWfXjuxFfwsWu/lfLYPaf+ctF0a0U40d24DV2N23Ht6vItC5GqujFVM4dUz1Odh4ioWNKFivHgMd3z5P0ZQBIREdU2ho9UUu9OvbXkPieG/g7v77kVmqbh7X+eRPevPYA//MxvlWF0VM96e2LVarKsQtcjWa/HmMmf/NeP4b99+VFcuDBZ8LmAWOOZbMPHct10dXa2leU61eQ9PfcnHp+fPIjXznwHM5FzAIBJ/2kcOP8odqz5xLxjBqf24ezU64nnTrkNt234Y6xpu648g0b6wBFAoiOuaZoZO8tmqoRMdS0ionTS/ZxKVemY/HjhhyRJsCwLkiTNOy4eQDKIJCIiqj0MH6mkAuGxJfdRrAk8feoZqKqKSCSCaCRahpFRvXO57InHxbpJcTltePCPPoz/+tD3inI+RXVUXeOZjs7WSg+hota0XYc1bd/Bz499Hacv74EQwIHzj6Kn9Sa0ufoAXGlIE9ft3ok7Nv8JHFpD2ca5VPAYf57p8cLj0lVDEhHlKzlojH+OP5YkaV7guDCYNE0zEUTGtzGAJDMDr4kAACAASURBVCIiqk0MH6mk+tpuxqmLi9d7XOjs+D/DprXD7wcikeoJYrI1MPY8IoYf27o/Uumh0Byn05Z4HKt+DENRbBmOSO3UqYvYsGFV4vmRo4NFGV+czd6IgG9i6R1Rnpus9vblNe06nV/f+kX87LCJc969EALYd+Y7uGfbXwCIPQ7rsWZG65p249e3frGsY8sUDsYDxuTP8Y+F29NNwWb4SETFki58TA4cJUlKBI3xaseF21NhAElERFQ7GD5SSb2/51acGN0MRX87436KNYG2Wzbg0lPTNRU+hnUfnjr6RUz6TwMALFjY3v3RCo+KAKCvr3vecyFS37wsJRAIz3s+MJB9h+ps2BwNWYaPpdfQ4IKq8sdC3Aev+VP87DBw3rcXwzNHMDxzBB5bJwbGnwcAdLl2lD14TLaw6jFd8GgYxrwQMl0AyeYzRFRMqaZbpwoe4x/J7zvJwWNyAMmqRyIiotrEu0wquU9c8xU8evhLSwaQnb0DeAc2RKJ6mUaWnUn/aRwdfiLRWKK39eZEheO+M99JBI8AENH9FRkjLbawUkKW1aKc99Ilb1HOE6fZsmuiVI4brda25pJfo9Z88Jo/xWNvjmMqfAIHzj8Kjy22lmiDshY3rPoshoaGMD09ndh/5cqVaGpqKtv40q3hmBw6pvucrgIyfp6F1yEiyiRdY5n441TBoyzLic8Lq6/jgWQ8cEx3HSIiIqp+DB+p5JrsbvzhjX+FczMjeHP4VYx7j8KKHIOMwLz9bGIKbdduh/dyccOdQsQrG+NTLAFgeOYINNmF7sbtiQqoVI4MP44p/xls6/5IYq04Kp/4mnZFV4KbHs3mRiTsW3rHEuvqaq/0EKrSh67+Mv7lwO9jeOYInKEt8PjvgM3owd5zry3a99ixY7j++uvR29tbkrFk6lK9sLoxHjQu/MgUQMbPxbCRiAqVqrnMwuDRNM1E8CjL8rxjk8WPi+Paj0RERLWF4SOVzdrGLqxtvB9ArLPsdMiHk5dOYdI/iunQGIaGRuBZOYuh40s3qSmXs1Ovzwse4wbGfz6v4hEANMWF/o474A2N4bkTX0m8fnbqdXzsmm/BY+8sy5gpJhwOL71THrZsXotTp0aKes5qCR/XrVu19E7LkENrwFbP72Bg4DRkI1apqiN9hfbx48dLFj4ulKqL9cLQUdd1jH7nW5jd+yKsUKgs4yIiypaw29Hwvtux4jN/sPi1uYAx+ZciDBuJiIhqD8NHqpgmuxs3dl+beP6j44/jzaefAgD4fH643a5KDS2hu3F72teGZ47Me97bcjOGZ4/Ma0YBxKonveExho9lFAgE8MorR5beMQ/vv/0aPPGTXxb1nIpqz/h6uW60+tavLct1qlk0GsX0dGzt2enpaYyPj2N8fBwAICO7KfJ+vx/Hjh3D1q1bSzLGdJ2uk8PH5MrH0e98CzPP/awkYyEiKpQVCiXeo7o++4eLpmgnv7+x4zUREVFtYvhIVaOjoy3xeHx8cl746Pf7EQgE0NTUBFUtztp92fDYO7Gt+yM4OvzEotem/GfmPR8Yfz7lNGxNcaHVta5kY6T5AoEAnvv5Afz4X14vyfnb2xtxy67NePW1zGuY5kJRHUU7VyH6+lZXeggV89Of/hQ+X/GqT48fP46Ojg50dHQU7ZypLFynMXkqdbzycXbviyUdAxFRMczufREdv/u5ecGjaZopp1sTERFRbWH4SFWjPSl8HB0dh66HMT4+jqGh+d2Fb7nlFqxcubJs49q17rOI6P6M6ztmPL73s7Ap2VVMUWGi0Sie/8XBogaPqcLu3/gP7y1q+CgrGoQkwzKNNHuU/kbL4bSjo7O15NepVk6ns6jhIwDs378fd955Z9F+YZKuCUy6ysd4+Mip1kRUC6xQCIZhzAseM1U+Jo5jIElERFT1pKV3ISqPzo52tLe3YOeOrbhw4QwOHTq0KHgEgDfeeAPRaLSsY9u98Qu486ovQVNi1ZhT/sGsjtvW/RH0d95RyqFRkmPHz+CHP1rcBKQQmzevWbStvb0RN93UX9TrqBWufly7pqui1680l6v4yzz4/X4cOnSo6OcF0gePqQJIIqJaEW+GldwIa+EHsPiXMURERFTdGD5SVYitkXYEt71vJ3p6Mlc1RqNRvPjii2UPIHtbb8b91zyCVte6lE1okmmKC3de9SXsWvfZMo2OTNPEv/7blYpHyzIRDM4iGg3DTFtRmNlVm9JPQ962pSevc6YTjQbTvlaOio61Pd0lv0Y127BhA0IlqBAcHBxMrBlZiKVutBeGjsmPiYhqRar3sOTQMR2GkURERNWN4SNV3ODg/9/efcfHcdf5H3/NzFaterdkW7bl3uTuOHYU4yQEJ04jCSGQg8DBcbk7+N0BCUkIIRztfuS44zgCFw740dNMOVI4hzQ7dopL7MS9SbZVrd5Wqy0z8/tjtetdaXe16pL9eT4e69md+c53vmNZY81b3/l+K9m2bRuNjY1J79PW1jYuAWSao4Abl3yHNHv8cdxm5Kzj9mU/ZGbO5WPYMqHrOqdPX5gpXVFUHI40wMTrdeP1dqPrfiC5G5Tbbl3PVx/+SNztS5aM3GzGAb8nwSPXY6O0tH8Pz0tJVlYWNpttVOrevXv3qNQbEutx7MibdyGEmCwir13xhpoQQgghxOQjYz6KcRN6JDHWo9XJCAWQmzZtGtNJaOyWVG5c8iid3vP9ttksLnJdpWPWFnFBrH8DiqJgtTqwWGz4/V58Pg8KCharDU2zoiixf/8yu7SA227dkPB4eXkZZGe5aGl1D7vtiXo9jpXS2Zd2+AiwbNkytm/fTlZW1ojW63a7qaysZObM4QfW8W6+Ez16LYQQk0WiR65jkfEehRBCiMlBwkcxptxuN42NjRw/fpy2trZh1zdeAWSao4A0R8GYHU8k52//ZjP/9eM/91uvKCo2mxPTtBMI+AkEfPj9XiyWYAipqlpU+VOn+wfLffn9/hEJHgGMQOIevGNxYyXhIyxYsACPx8POnTuxWCw4nU5sNhsWy/D/q6ypqRmR8DFS3xvyROOjCSHEZDDQdSxy4hkhhBBCTB4SPopR5ff7aWhoCL9GInDsa7wCSDHxbNy4FEVV+MFjf0TT+j9CqygqVqsdq9WOrvvR9QBerxubzYmmRf/bqalppLg4L+6xzpwZOKCcLFwuJw6HfbybMSGsWLGCFStWUF1dzcmTJ8PXLY/Hg6qq4Ueznc7gBEGR6+IxDGPEZ9LuezMea7uEj0KIySbRtavvdU8CSCGEEGLykPBRjKo333yTurq6UT9OW1sb+/fvZ82aNaN+LDGxXb5uPl97+ASu1DxSUnNR+vRqDNE0a2/gGHuW6YrKuoThY3e3dySam6TRvcHKzEwb1fono6lTpzJ16tSodU1NTXR0dNDd3R0eo7a+vh6v98K/hZaWFgKBQLi3pNPpJDMzk7Vr145Ju6XnoxBiMpNrmBBCCHFxkvBRjKo5c+ZQVVU1Io8tDqSyspLi4mKKixPPli3GTyik8fv94bHoLBYLmhYMCO32ofe+MwyDnp4eXnvtbSyahe6uBro66nG6srE70rE7MwZV37lziSdAUtSRCwQtVkfC7SYGKCqYozN+X2ZW+qjUe7HJzc0lNzd3vJsRUzI9hYQQYqJL1JNbCCGEEJOXhI9iVE2ZMgVd18ckfATYv3+/hI8TiN/vx+124/d2EWg9iNp9Aq37JIq3FrQUTNWJr3dpak701OVY8tbhdDqx2+0JH6P3eDx4PB78fj+qqvL2W+/yzr5jHNh/DFXVUFUN0zTw9XTgcbegqBoOZwaOlCxs9tQB2z7QRB1Ll8wa9N9HPImCUacrG0dKNgHdh9/TjmmM/AzvWVmDC2bFxBV5ky4360KIySjyGibXMSGEEOLiIOGjGHVlZWUcOnRoTALIzs5OOjo6SE+Xnlzjye/301K9D6XpVSztu7B1n8BmJPmY8gnwpS2nO205ZKzCmn85drsdm82Grut4PB6qqup4fcc+3th5gKam+OOIKoqKxWLDYrFhGDre3iDSZk8lJTU3Yein6wP3bJw3t4jjJ2qTO68B2Oyp+LxdUZ/TMouwWHsfC/epKCkafk8Lhj6yAWRmljx2PVklmgE20faRYs8vIHfDFdiyo3uE+lqaaNr5Ot6Gi2dsVCHE6Bvo2iVhpBBCCDE5SfgoRl1ZWRn79u0b1fDR5/Ph8Xiw2WwSPI4zv99Py7EncZx+aMh1aJ370Tr3Q+3P4KjKMc8aurR5HK7J4p1DzVSdqx90naHekFis6LqP9pazoKhYrc5wT8hQ+HfDjeu5++NXD1jnJz5xLQ899HMC+sjdDGkWG2kZRf2CUZvNic8HOLPxe1oxdN+IHTMjXcLHi8FY3pTnbiin6JbbyN1QHrfMvC9B084d1P5hK007d4xZ24QQFxcJHIUQQojJT8JHMSY2b97MU089RUFBAaqqDnp/wzDw+YJhi8fjAaCnpwfDMDBNk7y8PJYsWcLy5ctHtN1i8DqrXhpW8Lj9WBFHarJo6HTS2OGgsTM0IUxt72u4FDTNgqZZMAwdXffS7e4JTumiKCgo2G2Jx2AMmVGSz7o1hTz/wm7sjnRs9tS4E9wMRNUspGdNw+nKjlvmQgCZNaIBZFa2PHZ9MRqtG/Yl3/k38q7clFTZ3A3l5G4op3H7Kxy87/Oj0h4hxMVFwkYhhBDi4iPhoxgTU6ZM4cYbb2Tbtm243e6kekEGAgH8/uDjpcXFxSiKQn5+Pna7nYyMDDIzMykqKsLhSC4oEmND6TyKYk3H9HcMet8fvbyI144VjUKrYlNVDZX+YeFgbnxsNnt4XEkAS29PSovNgabZkhpfEiAjuyTJ4znx+5VgANnTjhHoSbqt8WTJhDMiSeufexF7Xv6g98u7chPrn3uRXVvePwqtEkIIIYQQQkxkEj6KMTNr1izuueceACoqKhKWlVBx8rJ7DmE4C9EHGT6OdfCYSENDy4BlPB5PxIzdwXElTdPAMHR6PK2YbgOzd3ZqzWILB5GKqmGxOlBV7cJ4joNk7d0fIOBV0f3dQ6oHwOGwU1g4MWdwFhPL2id+N6TgMcSel8/aJ37H23feOoKtEkIIIYQQQkx0Ej6KcTFr1sjNFCwmFkNLRXEWobjPYerJ9crbU5E/YYJHgKam1rjbAoEAO1/fw7b/3dVb9sKEN4qiomnRfSkNQ8c0zeDj3V0ewIyaSVtRNTTNRk7B3EG1UdOs2GyhOiwEvIPvaQpwx53XUTp7+pD2FZeOxd96FNes0mHX45pVyuJvPcqhB+8dgVZNXOkLF+Esnkbbu/sv+kl3tBQX2WvXEejsoHXv7vFuTlKyVq3BkpZOy9tvone7E5adjOcnhBBCCDHRSPgohBhRqj0P9C5U1wz0jmNJ7fOLnYML3sbTq6+8xXcf/XnS5dXIMSD7POFtGDoApqkT8HsG3RNS06zY7So+FBTVgt8zcI/NSPMXzOLOj1w/qH3EpSd3Qzn5V13Tb7274jTHH/020++8i9zyjVHbmna8xrknfs28ex/oF1rmX3UNuRvKBz0JTfGtH6LoxptR+gzb0XHoIMe+/fVB1TXaim65jcIPXM/Zn/+Uyp8+Pt7NGVXpCxcx9wv34e9oZ/dHbo/aNuWGmym+5Vaadu7gzM/+O6n6hrLPYM24+69JW7CI49/5Jue3/Zm5X7yf1DlzOfuLn9H8xs6osonOTwghhBBCJGfwM38IIUQCtuLNAKgpxajOwgHLH6nJiphUZmLz+Xy88vJbI1ZfaAZuTbOgB7xDrsNmTwk+1p2Sg6Ikf1n/6F/dMKRjiktL0S239VvnrjjNoQfvo+2dvRz+yv20vbM3vC1y3aEH78NdcTqpOgdiz8nFNbMUZ1Fx1MuWk9ywAat/+QTrn3uRrFVrBn3sIVEUFG1oE1BNRrEm20qdPYe0BYtIX7go6XqGss9QKKoSbnP6oiWkL1hEaunsBOUvna+lEEIIIcRIk56PQogRZclZhd6+Cb3hFbSMRSi2HIzuakx/e8zyJbmd4ceQVVWB4LzT46unnqbK17HllGG327Hb7Xg8Hh79zk/Z/05yvTkHK+Dvxu7MHNK+qqphd7jw+TyQkk2gp2PAmbBv+eDVrF69ZEjHE5cOx5QicjeU91t//NFv464Mhop6Tw+Hvvwlyr73GACHvvwl9J7gkAvuymDvyBU/+knU/rkbynFMKaKnbnAz2Jt6gKonfkPFj3846HNRbfZB7yOG5+S/P8rJf3901PcZrr2f+OiYHk8IIYQQ4lIj4aMQYsTZZ92F356Nr+Z5VGchqrMQ0/Bj+tsx/R3Bl68VTAOXPcA/vv9dnnp7GueaUsJ1qGqoB5+C0vteVVRAidg2OqpqO7G+exeGlkpn2kpqLMv4zTYfb7x1atSOqQcSh4UDURQVmy0Fn09BcWTi93bEnQl70eLZfOaeDw/reOLSECt4BJh+5110HjkUDhl9Lc3hcRx9Lc1RZafedkfcuqufeXLE2jr/y18lb+Mm3JUVpC9cjGqx0LL7LQ7e/0VW/exXuGYGxxpe/tiPad3zNu/d93kWPPQIueUbUa1WAl1dVD3xayp/8l/Mf+BhcjeU0/zmTvLedzVGTw/H/uUbFG6+PmZ5gPkPfIXC67agWm3oPZ647Vz+g8dJmTkLRdOwZWVjeL2c+80vqXj8MUr+6m6Kb7sDe14+iqZheL1U/+5pTv3Hd8m5fANz/vGLpEwvAUUh4HZz7tc/p/HVl1nw0COkL1oCioLh81L3/LOkzVuALSuLQw/ei5biYuEj30BLcXHy3/4vdc/9idW/fAJLahoH7/s8RTfdwpQbbkJzpmDqOs1v7uLwVx4gbe48Fjz8z3hqarCkOElftIS6F56j4aVt4bYYfh8oKoGurn7nuvbJ35MyvYS65//EsW9+jZmf+lum3XkXltRUME08NdUc++bXaI3oOdt3n3hf16qnnmD+g1/B19jIO3/3afRuN7P+5u+Y9pG7qP/z8zinTid90WIsKcH/V9yVFRz95tfoOPReVBsLN29h3n0PYPj9nPrP71H37B+j/q4TnZ8QQgghhEiO9sgjjzwy3o0QQlx8tPQ5WLJXYPi7MXrOoyigWFJQbVnBQNI1A8Weg2JxMT23h81LzrFx4Xmm5Xpw2nScVp3GDhumaWIaBqYRnEnaMALouh/DCIQ/m5gYpoFhGoAS3Mc0AVCUwfek9Osqt6+pYPvRXH79koNnXmzj9Nm2gXccBtM0sDnSh/Von6IoWCzW4HvViqKoGIY/qozTaednv/j2sNoqxl/o33fo37ppBicyCr10XQ+/up/9w5CPk3P5BrJWruq3PqVkBplly2h+cxe6Jxi0BTo6CHRET3y0+FuPxhwvEsBTW9NvfL1EslauJqNsOYoC2WsuI2/jJjKXr6SntgZ/ezu55RvJXLoMTJO65/6EarOROmce3vpaGre/SvrCxZgBP6f/6wc0vvoyeRuvouimW2ja8SoH7/1HMpetIHvtZbgrKzADfnLWX0Hq3Pm0v3eA5jd3YklNi1s+f9PVTL39TrqOHePsL36GLScPe24e7e8eoHXfnqjzmHLdDbhKZ9O2bzfVW58ifcEiXKWzaT90ENVqxZqeQe3//J7mXa8Ht82cRefRI0y7405S586n8vHHqPjRf6J3d9O2dw+FW24kZ305NX/YytF/fphAZycdhw9iy8klbe48Oo8dw56XR8669SiaSk99PZgmUzbfgKemCm99PSUf/yQ95+s5eP8X0FJSyF1/BarVSt2zf6Tg6mvJWrESU9dpen07zW/uZOYnPo2jcApVT/6ajkMHSZ+/gIDbTc3Wp6LOVVFVMpeWYXi9dJ+ppPSez6L3eHj3n/6B1n178DU10fDKS5h+f8x96l94Lu7Xtf3APuy5ebhmleKprsJ9+hTT7vwotuwcqn77K+x5+XSdOEb1009gmgaZy1agYNK0cwdTrrsBe34+zbt20rpvD7bcPNLmzqe7soKOo0dY+PDXkzo/MfJSbrwFTdOwWCxomoamaaiqGl4qihJehv5/77sUQgghxMQjPR+FEKNGdU7BMfdvMLpO46t+AaNtf3iboigotgywZYArONvy1Owuiqe1s9nfjumvxgx0U9/u4Hybg4oGF11eK5WNLrq9Gk2ddpo6e6d7jpg9Wic6bBuqZ3aXsnXP2M7Krge8qJp12PVYrQ5U1YIfBVWzcdnqWezYvofS0mn82388MAItFQIyV6yi7HuPcejBe/FUV/Xbnih4BHAUFAz6mIqqkr6kDHona/I2NtL46st0nzsLgN7tpuLxH1L/5+eY/+Wv4iqdg7NoKnXP/YnZn/0nTMPAffoUrXt3U/KxT4Ch07xrJ56aajqPHyVt7jzSFyzCU1sDpkH7ewc48Ll7AFj2/R/FLZ9RFgzHzv/lf6n5/TOkLVhI2vwFcc/D19xE1ZO/pXXvbjKWLiN3QznpCxZS/cyTNG5/ley169AcDjw11TiKisKT7Kg2G9mXXU7X6VOc/uH3Aci76hoUTSNz6TLa3ztA5X8He2K6ZsxCKd8Ybofu6cYMBLDnF5BSMgMtxYm7soKsVavRHE6admyn/d0D2HPzyF67jsxlKwAwvD3onm4qf/rjYBh57Wac06bjrjjN6R/+J1mr1lB43ZaY5+muOB3uHRtiy8piynVbqH7mSc5v+3NS+8T7unYcPUJG2XIyli6j8+gRXDNL8VRV0fT6dppe3076wkWklMzEfeoUOevWQ4xe896G83jr6zD1AAC5V5QnfX5CCCGEECI5Ej4KIUadmlqKY/5nMdxV6K378LcexvScQ+nTK0+xpqJYU4FiAEwjQHFWO0X+dpbNbcf0nQczELVPV4+F0+dTw+8rGoPvu70alY2u4HufFvVI90AcNn3Mg0eAFKeCYrHi8w0/QNU0C6rDhc/Xw4MPfYYHH/rMCLRQiD56e2CO2eEC/iGP+diXoqrhx5EXPvINAAxfn+EPIn6xkai8oqpgGkN6NFf3dKNYLNiysplyw82U3vMPWDOzMLw9KBYr/vZgr+uq3/4ae24+mStWkbVyNR2HD3L0G49Qs/UpUqZNJ3PFKhZ97VvM/OvPcPJ7/0rniWMEut2kTAv+csff0Y6/rY2U6dPR3cF2dh47SsbSMlCU8Ln629sxvF4saWkXGmmamIFA77lqKKqC4Y09rEM8HUcOU/30E0y/6+MUf/B2ptxwE/UvPDesmcrb9u9jypYbyViylO4zldiys2l+6w20FBeLvv5tci67HCMQANNEcziSqnOo5yeEEEIIIeKT8FEIMWZU1zRU1zSsU2/G9LWgN+1Bbz+E3l0NMSakUVQLij0H7DnhdWagC9PXiuFrw/S1kurwU1Zy4ZHo9fOa4h4/1IuyvsNBQ3vwRtQ0TY7UZOBy6MzIdZNq9+N0qPy/HfNH8MyTE/D3ULZkGucb2mhoaEPXjYF3SkBRVOz2FA4erGTJkpkj1Eohglr37ubwV+7H19ISc/uhB+9N2Pux5/z50WzegEzDQPd0c+K736Hu2T9GbSvc3L+nW6Lyy3/w+JDbYcvKwgz48dTVUnDNtag2G8e++Qh1zz8bHB9yRvB7t/Wdvey5+yNkrVjFjE//LZnLVjDjk5/m8Fce4MDn7sE1cxYzP30PeVe+j5KPf5J3/+mz+FtbcRQUAtBddRZfczPZ69bjKp2Dv70d9+mTZCxeEgyRe3sFak4nisVCoLNzyOcUz7nf/opzv/0Vxbd9iJK77qbg2s10njxOzdanh1Rf8xs78VRX45w2jayVqzECAdre2UvuFeVkLltBy+63OPTlL5F35fuYd5/0+hZCCCGEGC8SPgohxoViy8ZSdC2WomsBMP2d6B1HMTpPYbjPYnjqINC/F5FiSUWxpKKmTAvuF3Bj9gaRhq8VjPgTtxRm9FCY0UPZAG17ZnfpkM9rOFpbWtA0laIp2RTkZ1Jb10JDw/DHmjSM4YWY4tLla4kd5jduf5XDDz+A0ZO4d1iiANJ9+uTgG6QoWDMzo8JBvaeHlrffTG53VUVzOgHoPH6MzOUryV57GQ0v/4XcK8pJX7CIih//KOa+icq7z54hc8UqctZvwNvYQMai3pnk40yOZXG5yCxbjpaSQvqCxfiam4N/H9dcC4qK6nBSdOMt4YlpNKeTGXd/Cn9XBzVbnyZz314yFi9BczqZevuH0ZxOqrc+TfOuHWSvWYvmdKJ3u/HUVJG5bCWmadC963X8rS1oDgcp06bTdfI4HUcOk7ZwEQX6ZrJWrcGeX0DO+iuwpqXTeOpEzLZ3n63E396Oa2Ypee+7mowlS7FmZKC73WgpLvRud8z9UqaXUPzB22na8Rr1LzxP7vpyslauxuJMvld6LO0H3yV1zhwylpbRU1dLw8t/oeDazcG/fpsNW1YWeRs3oTqcaL3HMg0DFAXV3n8G9KGenxBCCCGEiE/CRyHEhKBY07DkrIGcNQAcOXyCIwffo/bsKaxmJ7MKfSya5ibbFR12KBYXisUFKcVogBnoDoaR/tbgUh/8o3MbF9T2PnZtYhjmqM+uHYumqUybmktOThrV1U10dsafPXcgbrc8PiiGpmnn68z7Uv/1VU/+pl/wuPhbjwKEZ70Oqd76VMzwsWnn64NqS8DdBYpK8a0fovjWD4XXdxw5TOOrL/Urb/h8YJoo1uA4qt3nzpJXvpGl//ofNL76MhWPP0bWipUUXH0tBdd8AEwTd2UFja+9EvP49S88G7d8zdanyCxbHtx29bW4KyvQu92klJTErEux2pjxyU+jWCz4O9o599PHg+fx2iukL1zMvPsexPB56Th8iNS584PjSi5bTubylcy798HgTNF1tdT8fisF115H/lXXUPr3/wcAf2srtX/8PQDtB98je806TEPHXVmBr7kJU9exZmbhPnsGgJqtT5M2Zx6F121h/bPbwDTpOHyQ6qefiNn2jiOHqf/z80z/6MdY8i//SqCri+6zweVS+wAADy9JREFUZ7Hl5pK1ajVNO16LuZ9z2nTyNl3NtA9/FBQF0zBo3f0W1b97Jmb5ePp+XVv37qZw8/VYs7JpePVlAJpe38GULTeTvXoN6373LJ6aajzVVaSWzsaeX0D7wXfJXL6CuV+8H0d+9NijQz0/IYQQQggRn2KaYzxgkxBCJGAYBn/6n5d4+aW3OXnibNS2smXzuP6aBaxbbCHQdRrTUwee2oT1mbon3DMyGEYmF+JtO1jIj/7SvwekoqjBmbv7zEqtKiow/Jk2P/fhbGq759Duz41a39zcQVV105Aexb75psv48B1XDrttYvxEzm4Nwe8T0zTRdT08u7Xf7ycQCOD3+/H5fHi9Xnw+H02f/tiwjr30u98nd0N51Dp3xWkOPXgf7srTQPTkMg0v/yUcQLpmlrL4W9/BNSv6e6lp5w7e+8LnhtWukZK1ag22nBy6ThzHXVkx5PJaiovstesIdHbQunc39vwCAl1d/XrKhR6lPvatf0bRNFr37Y0q45o5i9TZc+k6dQJ3ZUVUPa6Zs0idO49AVxfNuy6Et/b8AjLLlmMEArS8/eaQeueF6vY1N9O6d/eA5dMXLsJZPI22d/fjbThPyvSS8MQ/iWStWoM9L5/us5V0HDk86HYORs76KwBo3vU6WooLS2oq3obkHvcf6vmJ4cn9719is9mw2+3YbDasVisWiwWr1Ro183Vo1muQ2a6FEEKIyUDCRyHEhPLittf5wfd/G3fSlaKiPO69/1MsWBAMMwxPLUbHCQKdpzC6KqCnPmH9pu7tDSJDYWR33LL17Q7+Z28xh2vSBzVhzXD88fO7AOgKZFHbPZsazxxqPXNwBzLQdYMzZ8/T1ja4YOHmm9by4Ts2jkZzxRgZz/Axd0M5S7/7/X7r3RWnOf7ot5l62x39ejY2vPwXqrc+xbx7H+gXPAK894XP0bRzx7DaNVmFwscjjzyUVMgnxKVEwkchhBDi4iSPXQshJpRdO99JONtzbW0jr778Zjh8VJ1FqM4iLAXBcC3Q8g6BlgMYnSfA29Bvf0WzozgLwRmchME0fBeCSF8rZuBCsFeY0cNnrjod/lzXFpyoprPHQmXvrNoAlY0uur3RPSGHIsWuh9+nWlqZm76Huel7AGjz5VPrmcPsjDkcOJdPZVV30r0gfT4/7e29E/qYenDGcDOAEfCjBzyYRgDF1DENP4pigBEAdDACKIqBLXcNTqcTi0X+y7gUNe3cQeP2V8i7clPUetesUlb86Ccx98m/6pq4E800bn/lkg0eQwyvV8YOFEIIIYQQlwzp+SiEmDBaW9r42F334/cHEpYrKZnC4z/5+oD16W3vEWg5QKD9OIq3Lqk2mIa/TxjZf9KbMaNoKJYUFC0FLK7e9y6wpNDlddDpUTD0AJoKmgqqagaXSnCeC001UVWwaCqaagImCoO/5OtKCn77DNQpW8gsGPtZwMX49nwMWf/ci9jz8odVh7exgV1b3j8i7RFCXHyk56MQQghxcZJuLEKICaOj0z1g8AjQ0NCSVH1a5lK0zKXYAcN9Br3lHfxtR/C1VWCzxt5HUa0ojnxwBEMW0whg+tuDPSID7uDs2gF3sPfgSFPtqLZMlNDLkhq3aJrDR5oj2Yr1gYskoJndaD1HMM6cosNzE+kzNg+rPjE57dryftY+8buYj1Enw11xmrfvvHWEWyWEEEIIIYSY6CR8FEJMGE6Hg6zsdFpbOhKWmzGzOO62UL++yD7dJkDKDNSUGdimfpBv3vcwWepZSotMSgoVpuarpDpj95hQVAuKPQfsOdHHMXz9A0kjAKYf0wgMHE6qtvBM3Yo1PRg2as7E+yRgmgboPcHZvXUPpuGLW1ZRNNAcoFjA8GIa3ui/MEVFUe2g2S8sFQ3V9GE27wAJHy9Zb995a9TkMsmKnIRGCCGEEEIIcWmR8FEI0Y9JMIsyB3hP321cyLAulDUvlO27vc9nMrKZNX82+954J2H7ps+fy5nu0GOoEfsnKbe0jG2/q+WliMPMmaqzYJrB7GKTkkKV4nwNVYlfq6LaUGw2sGXFLRMOIY0AphlAUS2gWEG1oijqIFocqs+H6e8KhouhkFHvCc7gnSBsHDGqDX/uVXi8Znheb0W5MMe3Aigo0euU0PrelxJZts/2GO/F0I3WI4iHHryX3A3lFN1yW79ZsPtq2rmD2j9sveTHeBRCJE8enxZCCCEuPhI+CjGJGb3Bn2GCQTCIi700Y6+PqCNy23gOBLvyirVUHK+ktbk15vaZc2eyeHUZxjAaubp8LWdOVHD84PHwupPVGierg5PG5Bflc/PHbmPNIjvW7pNo3Wew9tRiDTQN6jiKagEsoA0+SDNNHdPfEX7h7wgGjuPJ8NFTcD2+hJ06R+5fTyiEVLkQRqqhZZ9twaUSZ31wqUbUcTEayxv2pp07aNq5A8eUInI3lJMyYyaOggIAes6fp/tMJU07d9BTVztmbRJCXJwkjBRCCCEmPwkfhRgHobAwKjTss84wzXAg2DdcjAwdLzbL1q3ANE1e/MP/cvbkmahti1Yu5tpbr6N0wexhHaOopJjNH9oCisLx945FbcsrzGPz7VtYdtlyfIAvbWHUdlvnkWEFkomYgS6MniZMbxOmv33E6h0pXQu+ja9wy5gdLzIUTy7TTO4bIjKE7BtKhj/3BpmR62KVG2/xbsrHagKGnrpaqp95clSPIYS4dAx07ZIgUgghhJicJHwUYoSYgG7Gepkx14v4ll++kvyiAqoqztFY34CqahROm0JJaQm5hXkjcoy5S+ZTPGMqR/YfprGugUBAJzsvm7mL55FfVBB3P1/awriBpMVzBs3bCKaOYhoo6ICBYhoQ+mwaKBh0dBkYhoFLa0YLNAYDR907Iuc2GtxzHsI79c7xbsaICIX2ib8PB/4m1ZRYLyXm+rG6XVYURWZ+FUJMapHXMLmOCSGEEBcHCR+FSEIgRngYiBEqXow9EcdL8YypFM+YOqrHcKWlsrp87bDriRVIxrP/jT2888Zezp06R2N9EzZ7EfOXbmTZmiWs23QZmEZveBkMKkGH3vfBdcFAM1Rm92u7eO25l1AVM9gjTzV735sR72HFujLWXLmmNwjVe+vtc6ze9eEyoeOi0zPjU8P+e7rYxP5FQv+LgBojjLT0CSktvcuhineTLjfuQojJJN51TK5lQgghxOQm4aMQfegmeA3wGeAzzN7leLdKXAzefXsfzz3xLHVVdeF1Pq+f9/Yc5uC+I7i7/Vx10weA5EdOrOk4zqnzGQOW00qms6zg+qE0WwyT0fuLCX/U2v5fYZsaeinYe98PNpAM3aRHvoQQYrKQa5gQQghxcZLwUVzy/EYobDTDoaM8Fi1GWktDE68++3JU8BjJNEzefOVNZi+cR8mcmUnXm5qellS59Mz0pOsU4+PCLzqCFyBNIRxC2pTg0hKaLVxRMHunek/UU0hu3IUQk0mia1fkOrm2CSGEEJOLOt4NEGK8tflNGrwmbX7w6BI8itFx9tQZThw6mbBM7dlajhw4NKh6i2dMx5HiSFjGZrdSunDOoOoV4083oVuHNj+c95p0BKIvTn1v0GP1GJIbdCHEZDLQdUyua0IIIcTkJOGjuOTZhzPQmhBJaqitT6rc+arkyoXMXTKPDe8vT1hm1RVrWLpm2aDqFROPXY1/0x3rZl1VVVRV/psXQkweoetWsr9IkSBSCCGEmBzksWtxyUvVwO5U+o3xKD0gxUjStOQut8oQwqKrb3o/AK88+xKGfmGAUqvNyprytZRf975B1ynGl0UBa8QYkNbex65j6XvzHQoeQ0shhJgsIq9dsa5tQgghhJicJHwUlzxVAXvv2GoQ/MHWMHvHXzPB3xtI+o3grNdCDEVRSXIzd5fMnjHoutOzMvjg3bezdPUyjh88SmtTK2kZacyYO5OytcsHXZ8YW5beYNEaChp7x3hUo+6zL4zxGEvf3o7S81EIMRnFuoYl86i1BJNCCCHExCbhoxAxqAo4NAiOpBf8gdYk2Buy/8uMuV6ISFNnTads7TLefftA3DKz5s1iXtmCIR9j9qI5zF4kYztOBArB64jW76XEWBe6ygyi/t4JZ+KNjxa6adc0bTROTwghRoWmaQkfvQ6FjBI2CiGEEJOLhI9CJEkh2EPJ0u/n3f4/AOtmsPdkOIwk9PlCUBm5XbLKi196ZjofuP16ujq6OH30VL/trjQXV15/FVOmFY1D60QyVKIDRTUiUAy/J3r7SIqc4Tryc6Lg0TRNFIcDs6dnZBsjhBAjTHE40DQtYQAJsYeaEEIIIcTEJuGjEKMgFD5Y+23p/wOySTCIDC0NEwzA7F1e+GyGP4f3iSgTWY+YmEpmz+CWu2/jvbff5eTh49RX15HiSmHRiiUsv3wF85YOvdejiC3UA1EFlMhln3WqosQsq/aWDW2baLe4kYFkKHg0DCMqfEy/chPt214Y55YKIURi6VduigofY439KEGjEEIIMTkpZqJBpIQQk07fIDIUZPYNOU0uBJpmgrJmjHVCjJTIUE8JhXwR7yMDwwvblKj91Bhl1Yi6Lyah/7JDS8Mwgt/HhhF+6boe9QoEAtQ//hgd21+RHpBCiAlHcThIv3IThZ/5eywWSziA7NsLsu9EWvIIthBCCDF5SPgohBiUUBgZfs+FcDJ0MRnwc586gmXM6O0R+9JnX8w+nyOWsbb1e9/nqtf3IhjzojiKwasS/iPG+kSfldjblMilEmNdxLZ+62OtI+Imr0+56DIR72PUFbVPn/1FcvqGj6Zp9gsf44WQoVdoW2RwGaonsk4hhBiOvo9KR/ZkDPXODi1jvSJDx1iTz0j4KIQQQkwe8ti1EGJQIkOmqJUjUrMQIpHIcR77jv/Yd2brvttDZXRdR1XVfsFjZPm+4aOEkUKIgSQai7HvuLSxAsjIZazQMVbdEjwKIYQQk4OEj0IIIcQkFXnjHTn5TKzHEhVFCY8HGSt4TBQ+CiHEYMULH/sGkJGvWJPN9N1fCCGEEJOPhI9CCCHEJBTZCxKImmwmtIwsG1ofr8dj36UQQgxXrEekYwWQfYPIWNult6MQQggxeUn4KIQQQkwifR+5jhQZPMabBTsUPgISPgohRlW88BGIChUTvR+obiGEEEJMfDLhjBBCCDEJxZt8BgiHi7EerU40uUy8HwnkRwUhxEDihYGxHr+OfB/rkWwgavgImWRGCCGEmNz+P8Xtzo7g0pawAAAAAElFTkSuQmCC
----[INFO]----Unable to locate elementPatient Module
----[FAIL]----Element 'Patient Module is not present
----[FAIL]----Element 'Patient Module is not present
data:image/png;base64,iVBORw0KGgoAAAANSUhEUgAABR8AAAJmCAYAAADVS/dbAAAAAXNSR0IArs4c6QAAIABJREFUeJzs3Xl4lOW9//EPkH0SlgATkCVkoUQYIkohGCuWoKCnINLaH6Di8YALVY+gBa1iqhb3pbgcW2Q7FlCwrUWFUwVMUNRAWATDgEGTDIlEyYBBSIaBrL8/spBlZjJZJjOB9+u6vGqeeZbv8zxjox/u7313qqysrBQAAAAAAAAAtLHO3i4AAAAAAAAAwPmJ8BEAAAAAAACARxA+AgAAAAAAAPAIwkcAAAAAAAAAHkH4CAAAAAAAAMAj/LxdAC48JRWVCujcydtlnBcyzAcabYsw9laE0eiFagDPKbbZlGM5LJvNpmyLRZIUExUlg8Gg6KhBCjUYvFwhAAAAAMARwke0q7RvT2jdoVNKio/QlIFBIoJsnmKbTVtSt2pLSmptAONIqMGg+OEmJSYk6PKE0U0GMwsWPuowyHTkLy//WTFRUW7tu2BhssvPp06epMQxCQ4/W7J8hbIth926zgtPLaq+nvv3IZ0Lr0JDDYo3mRRvGubWvWWYzU3eW4140zC98NST9bZNnDK12ce6ez1JmnP7LMVERTXreTiq0xlPndeRLalbtf6DDS6/75IUYTQqcUyCrkka5/b3EwAAAADgeYSPaBe5P9q17JM8bTYf05iRA/RB3hltt5ZoysAgJRoDvF1eh5C2I10vvfqaim22JvctttmUtiNdaTvSFWow6N2317RZHVtSUhVz+2y39s0wm11+nmOxKH64yWE4mm2xNCtIbIm6gVbajnRJVYHk1Osn65qkcR69dnM19SzrsrnxHfF12RaLXnrltSZDxxoFVqvWf7BB6z/YoFumT9PMGdM9XCEAAAAAwB3M+QiPKq+o1JLUXP32f/Zos/lYvc+OnanQ8m9O6yVzsbJOlXmpwo5hc0qqnnjmWbeCx4ZacowrW1K3ttm5im02rVm7rs3O1xayLRa9+MqrWrAwuc2fHdyTbbHowYXJbgePAAAAAADfRfgIj9mwr0BTX92tlZ9953K/Az+V6emMYq3OtutUaWU7VddxFFiteunV1zx6jea0qdaMqmwr6zds9MmQKcNs1t3zHmhVAGkICXH4bKOjBjV5bHTUoBa1D0dHDZKheiRpTFSUDCEhbX4tT523xkuvuDfCFwAAAADg+zpVVlaS9qBN7c09qWWf5Gn34ZMOPx8zcoCKu3dz+Flgl066YWCQJvYL9GSJHcrjTz+j7ek7nX4ebxqmeJNJBVarCqxWh63Km95f79a1br3jLhVYrU3ud03SOM2fe1+T+2VbLLLZbE3OVxhvMtXO21hXsc2mJctXOBxtaQgJ0arlSx22bLuakzDeNKz2749arbJajzncr0ZMVJT+8vKfHX7mau7HqZMnaU4T7enO5n68PGG0Hn/kYYefubq3d99e4/B5rF67TmvWvePwmMce/oPTeTeb4onzbk5JdRm2R0cN0iUmk6Sq71d2jkW206fr7UPbNQAAAAD4DuZ8RJs5VlSipZ/k6f0vj7b4HGfLK/WOxa40a4luGBikS3v6t2GFHdN+J0GTISRELzz9ZKORZc1ddKVGtsXiVvAoyWUYWpe7o94yzGZtTknVhPFJ9baHGgxOV+6OiY5q0QrHDRc/qZ0rcMNGh/tnWywOa2uKoRWrL7d0wZSWPI/QUM+sEt3S87qa2/L39/13o/fgKgAFAAAAAHgfbddoE3/7/Iimvrq7VcFjXd/ZyvXa1zb9JdOm/NPlbXLOjijDbHbafho/3NSmq/puSUlttM0QEuJw4ZW2br2WpDdWrPRKq22E0ag5t8/WnNmznO5DuNV+nAXghpCQZgfAAAAAAADvY+QjWuXjg8e17JM8WY6dbnrnFth9vFS7j5fqP/oHasrAIPl37uSR63REzlY0rhtIxle3p7ojzcFoxvjhJiUmJDhse96cmtridl1Him02rf9gg9faZadeP1lp6ekOR41WtbObm/U80TLORu02bK2uEWE0Kt40TBFGY+0o2UuG854AAAAAwFcQPqJFMn8o1rJP8vTZN4Xtcr1/HzmrNGupbhgYpLF9Atrlmr4uw3zAYTtwU/MMOuKs5ToxIcFpwLg9faeKbbYWtfo6s2bdO5owPslpq7WnXZOU5DT8+mo/4WN7MBp7O52H86VXX9Pv7/vvetsmjE9iRCQAAAAA+DDartEsxWfK9OdNObp16b52Cx5r/FRSoTezTuvZ/cXKPFnWrtf2lqbmDXzp1de0YGGy23MwOuOo5VpSbfB4ecJoh5+3deu1JL34imdX9nbF1Yg5V3MRou30cRE8b05J1a133KUtqVtZDRsAAAAAOghGPsJtf9/5vZZ9kqeTdu8Gf9+cLNPz+4v1i4gA3TAwSOGB52+GHhMV5XIkmFQVimWYzQo1GJQ4JkHXJI1r9gg9hy3XpmG1oxovMZkcBpxp6emtGnUWHTVIOZbD9bZlmM1K25Hepi3d7mrLEZcZ5gPMFdkCiQkJLhdMKrBa9eIrr1btOyZBiQkJDuclBQAAAAD4BsJHNCnt2xNa+mmeDuYXebuUej4vKNF2a4mmDAzSpAFB3i7HY349ebKWrFjZ5H7FNps2p6Rqc0pq1SIqs2e5FeC5armu/fsxCQ5raG3r9czp0/XXFSsahatLVqxU/HBTm7Z0uyveNMxh+NUwJG1KTSiM5rlmfJJWr13ndI7HutJ2pCttR7qWLF+hqddP1g2TJ3nlOwMAAAAAcO78HTKGVsv90a5H3z2keW8f8LngsUZ5pfSv3DNa+GWRdh0v9XY5HjH1+snNHtlVYLXqiWee1RPPPNtke2rGfscBWd3gMsJoVHTUIIf7OWvZdkdoqEG/m914jsoCq1XrP9jQ4vN6Am2+7SPUYND8ufc165him02r167TgwuTlW2xeKgyAAAAAEBLED6ikfKKSi1JzdVv/2ePNpudt/v6kh9Ol+uvmTa9ctCm3OJyb5fT5ubPvU9TJ09q9nFpO9L1xNPPutzH0UrWRmPvRi3Ilzhp5XZ0fHMkjklQvGlYo+1r1r3jcESmtziqEZ6ROCZBLzy1SEZj72Ydl22x6MGFyQTFAAAAAOBDCB9Rz4Z9BZr66m6t/Ow7b5fSIl8VluqJfUVam2OXvazS2+W0qTm3z9YLTy1qdghWM4eiIwVWq8ORYlckNG7XdtbC7axtuzmcjXTz5uIz8K54k0l/fXmxbpk+rVkhZLHNpjVr13mwMgAAAABAczDnIyRJe3NPatknedp9+KS3S2kTW74/q+3HquaDHN830NvltJl4k0kvPPWkCqzWqvnu0tNdLs5RIy3d8QIuzkLJDPMBLViY7HZdaTvSNfX6yW7v31CE0ahbpk9rtECLN+ZMdOd5uuOapHFNLsbTnGd8IQo1GDRzxnTNnDFd2RaLtqSk6iuzucn5N7ekbtWc2xu38wMAAAAA2h/h4wXOeqpEyz7N0/tfHvV2KW2uuLRSb2XbaxelGd7D39sltZkIo1FTr5+sqddPVrHNpvUfbHC5srKzQM1Zy3Rz583bkrq1VeGjVDW35ebU1EaLz7RnAOlqBGeig9GgrkQYjc1edRzOxURFKaY6UMwwm/XX5SuchpDFNpuyLRbFREW1Z4kAAAAAAAdou76A/e3zI/r1a7vPy+Cxrpyici0+YNPSQ6dVYK/wdjltrmZ02JzZs5zu4yhUc9Zy3RLZFkurzxVqcLz4THtyNhJUkuKHEyT6ipoRwK7asW3M+wgAAAAAPoGRjxegjw8e17JP8mQ5dtrbpbSrHcdKtONYia4fGKQpA4PUydsFuWFzSqq2pG6tN/rvlunTNHPG9Eb7XjM+SUtWrHT73K6CtpbYkpJaOzKtpWoWn2mr1ufmWr9ho8PthpCQC24U3cQpUyVVjeCMMBoVEzWoTVqZXZ0322LRkuUrlWOx1C4aE28apheeerLReUINBvUxGhuNlAUAAAAA+BbCxwtI5g/FWvZJnj77ptDbpXjVB3lnaluxE40B3i7HpQKr1e22Y1ctw44WqXHWcu1qrsLiYpueeMbx6tlp6TvbJJyaP/c+3XrHXa0+T3O99OprTp9ha1vKO7ICq7X6ubTtAk6Ozmuz2ZrVZl/gIniMvsDCYgAAAADwVYSPF4DiM2Va+mme1u343tul+IxjZyq0/JvTtSFkbNeO/Y9Csc2ml1ysDN1w1J6rluup1092OcovOmqQw7n2as7Z2hGCzhaf8ZQCq1VLVqx0OhLUEBJyQYePbam4DVuhXYXFRmNvhRoMbXYtAAAAAEDLdezEBU36+87vteyTPJ20l3m7FJ904KcyHfipWOP6BmrKwCB19ff9Zuw1695RhvmALqmegzDbYlHGfrPLYKfhStfOgj2jsXeT4WFiQoLThT7aovVacr74jLtcjYiru8K0rXphElfm3D7baZBVXNzyMK2lc2TabM2fLsHV/IdVbf3129xdjaJtj/PWlWE+oLvnPaD44SaFGgwqsFr11X6zy3NNSHK9yjgAAAAAoP10qqysbNteOviEtG9PaOmneTqYX+TtUhoZM3KAirt383YZjQR16aQpA4M0sV+gt0uptXrtulaPALw8YbQef+RhSdL6Dza4NS/knNmzGo32czT/pDO3TJ+mCeOTtCV1q77ab3Z6TExUlCIijJo6eVKjlaHTdqQ7bfGWHM8FuGBhcr35AlvL2fyajuYmdCQmKko3TJ5Ur4295lh3nmPdd7dgYXKdVmXnQg0Gvfv2GknSkuUrlGE+0CYLC9V93p46b4bZXC8cbglDSIhWLV/KyEcAAAAA8BGMfDzP5P5o17JP8rTZzCIMzXWmvFLvWOy1rdiX9vT3dkmtFh01SPPn3lf7s7uhnKP9mjP/ZM3+q9euc7lPzSrZ0YMGNQofW7L4THPqc8UQEqI5t892Ovelu3MTZlssjcLC5sxrWHdkobvH1H13bbEKuSOeOm9rGUJC9MLTTxI8AgAAAIAPIXw8T5RXVGrZJ3la+dl33i6lw8uzleu1r236eS9/TRkYpH4hXbxdUotcnjBa8+fe16GDmPlz79Pv5t4v22n3Wo2Nxt6tXv34mqRxmjljuiKMxladB+2rJmi/0FYlBwAAAABfR/h4Htiwr0DLPsnT0ZNnvV3KeWX38VLtPl6q/+gfqCkDg+Xfuf1rmDljuhLHJGhLSqq+MpudzrVYwxASosQxCZowPqnRSEKpajGXuitfH7VaWx3WeVKE0aip1092u/W8j9HY7PuJNw2TwWDQJSaTEsckEDp6UbzJpFXL3lDajnSlpae7Ner18oTRSkxIcDpKFQAAAADgXcz52IHtzT2pZZ/kaffhk94upVl8dc5HV3oEdNaUgUEa2yfA26Uo22KpbcfNzrEoJrpqpFeE0ehTwVmxzaYcN1tzfa12+I6681zW/b4bDAZGOQIAAABAB0D42AFZT5Vo2ad5ev/Lo94upUU6YvhYY0g3P00ZGKS4bgwaBgAAAAAAaArhYwfzt8+PaNmneSopq/B2KS3WkcPHGldGBGjKwCCFB3qhFxsAAAAAAKCDYPhWB/HxgeNa9mmeLMfcW3gDnvVZQYnSrCW6YWCQfjUgyNvlAAAAAAAA+CTCRx+X+UOxln2Sp8++KfR2KWigvFJ6N/eM0o6V6oaBQRrVy9/bJQEAAAAAAPgU2q59VPGZMi39NE/rdnzv7VLa3PnQdu3IJeH+umFgkCJDu3i7FAAAAAAAAJ/AhHU+6ujOR3Xixzxvl4Fm+OmMTSlZK7xdBgAAAAAAgM8gfPRRF4UUa37If+qFUSky9aU73pd19Zcu75quiNO3ylCxx9vlAAAAAAAA+AxSLR83omSlRhhX6t99ntCbh+J04nSZt0tCHSO75cqv+GmVnzrp1TqKbTblWA7X2xZvGualagAAAAAAAKoQPnYQ/1HxmMZdPEBv2R/ROwe7erucC15c2Cn1KvtflZzcLm9Nmro9fac2p6YqO8eiAqvV4T6hBoPih5sUbzIpMWG0IozGep8vWJjcZvW88NQiSVK2xaIly1e63Hfq5ElKHJPg8LMly1cou0GQ6khM1CDNuX222/u3xAtPLXLrftxVU3ONlj7/S4abFGE0Kt40rNE7BQAAAADAlxA+diDBZd/pdv/fKenn/6HVx2/W557JW+BC3+ByRft9pNKi1SrxUg1pO9K1ZMVKp4FjXcU2m9J2pFcds3yFpk6eVC/8yjCb27w+m83W5HkLrFbFDzcp1GBo9Fm2xaIM8wE3rlTZzP1bxp37cV/9qLql5617XLzJpJkzpineZGpVZQAAAAAAeAJzPnZA0aX/1mPdbtbjI9MV1dPf2+VcEAK7SAndMjTAfrNKi1Z7rY4lK1bqiWeedSt4dCTbYmnjilqmwGrV+g82eLuM80KG2awFC5O1OSXV26UAAAAAANAI4WMHdkXZq1ra///prvh8+XfhVXrKJV2P6rLOD6ry5NNereOlV187rwK79zZsbHGIisZeevU1pe1I93YZAAAAAADUQ9v1eeDGTg9q3KXxWnNqrjZ+E+Ttcs4bMaF29a1cq5JTm1Xu5Vo2p6S6NbLNaOytUIOh0eIzzrz79hrlWCxO5x40GntrQlJSvW0FVqu2pG51es54k0mrlr1R2x7uTLHNpiUrVuqxh/9Qb/sLTz2pDLNZm1NSHV7HaOytv7682GHL9rkahtW2IW9OTZXVeszhfrdMn9bkPblzP3WvVyPbYtH29J1Oa5Safv6GkBDFREfV/txUe/mSFSudzqUJAAAAAIA3ED6eJ3qWZmhu8GyN//l0rfphivbmV3i7pA6rV2ClhgR+qtJTS7w2r2NdxTab3nAR4hmNvTVz+nRNGF8/JFz/wQaX4Z9UvSCNi7kC+xiNmjljeqPtrsJHSYowGuuFZs6k7UhXhtncqIZ4k0lf7Xc8H2Ifo9Fl8ChJM2dMrz1nhtnsNHyse29fudivqfupmnex8XOaOGWqyzqbev4x0VF64akna38uttm0ZPkKp8+/wGpVtsWimKimnz0AAAAAAO2BXt3zjKl0nZ7vNUMPXmqWMYxsublGdftG0WdnqPTUEm+XUmv9BxtUbLM5/Cw6apD++vLiRsGjJLfCP1/w4iuvebsESVWhpq8LNRg0f+59Mhp7O93H5uS7AgAAAACAN5BOnaeuqXhG4wZ301tn/6Q1B3p5uxyfZ+r6o7qd/atKT7b96s+t5WqU4fy59zU5CtATXnhqkQwGQ5uMsCuwWrV67TqHIwfdERMVpaNWq9NRiy3RsN25pdryOdV1icnk9HtRXEz4CAAAAADwHYSP5zG/8pP6T7+5Svr5WK0unK2tObzuhgaGlGhg5/dUcupfKvV2MQ4UWK1OF2W5PGG0y1ArwmjULdOnKcJoVJ+IqlF9hjYKKl21CrfEexs2asL4JEW0YPThnNtna87ts1tdQ9325rbS1s+phqvnFBra/mE0AAAAAADOkEZdAAaUbtMjYdt09cjb9bfvrtE31jJvl+R1Yf6SKSRd5ScX+8S8js64Wr04McH1wiIRTuZr9EXFNptWr12n+XPv83YpHUKG2fkI3WjmewQAAAAA+BDCxwvI6LLlGt13ud7vu0grvx6s0yXeXsPZOy7rlquA4qdVfvKkt0tpkrO5HiXVjmb0pALrMa1Z947LfRyt9NwUo7F3ozbpLalbNWF8UpuPFow3mZpcJbq1MswHmnxO1ySNa9HIzoYKrFan93NN0jivtOEDAAAAAOAM4eMFaIqS9UtTlN6yPaT1h8K8XU67iQsrUq+ylSo5uV0dZS3wbIvF6Weeaumtq2Y+RldumT6t2bXMnD5dS5avkO306Xrblyxfqb+8/Odm1+ltGWazy9GIUlVI29rwMdti0UtOFugxhIR0mJGuAAAAAIALB+HjBapbuUV3B83R+JGTtco6XTu/83ZFntM3uFzRfh+ptGi1T7dYO3K+rlzcJ8KoqddPbjRaMNti0foPNmjq9ZO9VJlvybEc1oKFyZJct1objb31+CMPt8nISgAAAAAA2lJnbxcA7xpStkFPhd+shSN2q1/38yuLDuwiJXTL0AD7zSotWu3tctDAzBnTZTT2brR9zbp3XLabX0iKbTaXoyqNxt66Zfo0/fXlxW2+ojYAAAAAAG2B8BGSpF9WLtabkdP1X8O+93YpbeKSrkd1WeeHVHnyaW+X4jHnQ0C3wMECM8U2m5YsX+GFajqe07bT6tSpE/M8AgAAAAB81vk11A2tVKmb/BYo6bKRWnPybm3KDvJ2Qc0WE2pX38p1Kjm1Sef7cjo5FovH532MNw3TC0896cHzm3R5wmhtT99Zb/uW1K3tMqdlW7ll+jSvzLdYs0p4cXGx5tw+u92vDwAAAABAUxj5iEb6lO/R/NDZev6yf2tYn47xFekZWKkrun6insX/pRLbJm+X02ZcBXDZOc4Xo+lIfnf7bBlCQhptb2oBlwtBTVv1LdOnaerkSQ6fkySt37BRBVZrO1cHAAAAAEDTOkayBK+4tPwtvRwxQ/PiD6p7cBdvl+PUqG7fKObsDJWeWuLtUtqcq3n80hqMFnRkS+pWZZgP1P7lavVsb4kwGllgxok+RqNmzpiumTOma87ts/X4woed7tvUquQAAAAAAHgDbddo0q86PaVxQ3rprTOP6e+Z4d4up5apa6G6nf2LSk+evyPkYqKdh481C5G4Gh354iuvNtq26f31ra6rwGpVgfWYJCk6alCr5xycOWO6Nqemylp9zvNFWz+neJNJ8aZhyjAfaPTZltStmnr9ZBaeAQAAAAD4FEY+wi0hlcd1R+B/643LVuiKSO/OpjgwpES/CP27Qk7drdKz52/wKFWNCow3DXP6+ZLlK72y8MzmlFQtWPioFix8VL+56RZNnDK11SPvHC0+09E5ek6tbSd3NbfkkuUrW3VuAAAAAADaGuEjmiW6PFWPd79Vj434TIPC27cVO8xfurxbuvqcvlUlxf9q12t70zVJSU4/y7ZYdPe8BxwGWh1tNeyaxWfgWs3oR0dqRsMCAAAAAOAraLtGi/yicol+MWCJ/nHRU1r5dZTKyis9er3LuuUpoPgplZ886dHr+KIJ45O0fsMG5VgOO/y8wGrVgoXJijAaFWE0qk+EUUcLrG4vQOIqpLTZTjdq8bXZbI1Wp24rv7t9tjL2m2U7fbrNztkeC7FYjx1r9JwKrFZtSd3qketNnTzZYeu1JK1e+45eeKrjrBQOAAAAADi/ET6iVX7bZaHGxf9Ma4p/r//7NrTNzx8XVqReZf+rkpNpqmjzs3ccjz/ysH43936XoVzV/IJWZbg58K3AatWade/oq/3OD8i2WLRg4aPNqrUmdEvbke50nyXLV8pgMGjmjGn15qysWXxmzbp3mnXNhtJ2pGv9ho2SXK+aPXHKVEUYjUpMGK05t892uI87z2lzSqo2p6Q2u84nnnlWBQXOw9Ecy2EtWJisObfPqp3LcfXadS7D3wyzWXfPe0AGg0EvPLWo2TUBAAAAANCWCB/Rar0qvtG8kLs0/tKpWlVwo/Z93/pz9g0uV7TfJpUWrVJJ60/X4UUYjXrh6Se14JFH22xUYIHV2qLAzJ3zNjX/Y82q21/tH9ZowZyZM6YrLT3d6UhPd2RbLG63HxdYrS5XAffUc5LkMqCVqkalZpjNstUZnZphNje5arkvrmoOAAAAALgwET6izQyvWK8Xeq/X5t6/15vZo3SsuPkL0wR2lkaEZajy5NMq9UCNHVlMVJReePpJvfjKq60K5jqC390+WwsWJnu7DAAAfEZRUZHsdrsqKz071Q0AAB1Vp06dFBwcrLCwMG+XggYIH9HmJugl/TI6QG+XPqO3vu7j9nGXdDsqw+nFKjuZ68HqOraYqCj99eXF1W3FG5zO+9eQ0dhbVyQkaOr1k2u3RRiNniqz1eJNJl2TNM5jcyYCANCRFBUVqbKyUr169VLnzqwXCQCAIxUVFSouLlZRUREBpI/pVMkfn/qk07vvVemRDd4uo9XyOiVozU93aevhwNptY0YOUHH3brU/x4Ta1bdynUpsm7xRYpvqERKpaZe90W7XK7bZlLH/XBuuzWbTUau1dn7AmKgoxURHtWvQWGyzKcfNtt+aRXIAAIBzVquV4BEAADdUVFTo+PHjMvLfmT6FkY/wqIGV6XqkW7rGj/hP/S3/Wn177NyyMT0DKzUk8FOVnVrCvI4tFGowKHFMghLHJHi7lFqhBkOjeRwBAEDLVVZWEjwCAOCGzp07M0WJDyJ8RLtIqPybEi76m9ZH/FFfVl6kUd2+UaeTf1TZWW9XBgAAAAAAAE/hj1DRrv7foP2aO+KsLgnd5+1SAAAAAAAA4GGMfES76BI+UkFx8+RnHKsYSTG6WD8zjtfu3NU6XLjD2+UBAAAAAADAAwgf4VGdAnspKO5+BUTd0uizXoYYXTv0ceUc/0y78tboxGlWuQYAAAAAADifED7CYwJj71Rg3Dx18jO43C+615WK7nWl9h55R7vz1qi8orSdKgQAAAAAAIAnET6izfn3najAuPvVpdvFzTru0v7Tqlux1+jrgo88VB0AAAAAAADaC+Ej2kyXrnEKjLtf/hdd2+JzGAJ66arB8zTYmKTdeWv0/cmMNqwQAAAAAAAA7YnwEa3WqUuwAuPuV+Dgu9rsnBd1i9f1w59XZsEm7cpbLdvZ42127o5u4pSpbu0XExWlv7z8Z7f2Xb12ndase8ftGja9v96t/bItFi1ZvtLt89aIiY5ShNGoeNMwxURFOd1vc0qqtqRudeuc1ySN04TxSS2qreGxDXninQAAAAAAcD4gfESrBAy6WUEX369Ogb09cv64iIlVoyBz12jvEffDMVSFawVWqyKMRq/VYLPZlGE2N/u4usdEGI2aOWO6rkka12i/AqvV7fPHm4a1uLaGx7aUL7wTAAAAAADaU2dvF4COyc94pULHvqvgEU97LHis0aWTvxIG/ZemXbZUMb2u9Oi1zjdpO9K9XUKrFVitevGVV7VgYbKKbTZvl9Nq58M7AQAAAADAXYSPaJbOREoqAAAgAElEQVTOhoEKHrlYhsQ16hL+83a9do+QgbombqGuHfq4eoXGtuu1O6r1Gza6tZ+7I/EMISFtNgqwuTLMZr306mteuXZbjlR0t00cAAAAAIDzQafKyspKbxeBxk7vvlelRzZ4u4x6AuPmKShunqRO3i5FkpSR/y/tzlujkvLT3i6lVo+QSE277A2PXyfbYtHd8x5wa9+/vPxnl/Mm1pVhNmvBwmSHn02dPElzbp/tdo2SVGyzKcdiUXaORUtWOJ5f0WjsrT7V4d5Rq1VW6zGX53zs4T8ocUxCvWssWb7Caag3Z/YsTb1+stPztdU9e+qdAABQUFCgiIgIb5cBAECHwO9N38Ocj2iS/4CpCoq7X50Nkd4upZ74fr/Wz4zjtStvjQ784FtBradtSUlt1r4xzQwNHTEYDM0+JtRgULzJ5HKfCUlJmjljeu3PBVarHn/6GeVYDjvcf3Nqar3wMdRgcDkyMSa65SFfc+7ZG+/EkQKrVQUNAlyDIYSwEwAAAADgFbRdw6ku4ZfJkLhaISNf9rngsUaQfzddGXOPpl6yWAN6jPR2Oe0mLX1no22XJ4x2e19fFmE06vFHHnb6+XYfvR9feSebU1K1YOGj9f5asnyFx64HAAAAAIArhI9opFNgTwVf8qRCx66Xn3Gst8txS0TYxfrVsKeU9LMH1TWor7fL8aiaFZMbmpCU5DDsKrBalW2xtEdpbSbCaFR01CCnnzu6f2+6EN4JAAAAAAAtQfiIegJj71DYNZ8pIGqmt0tpkZ8Zk3TTz/9XPx94i7dL8RhH7b2GkBAljklQYkKCgyOk9R90vLb0UBctz74WPl4o7wQAAAAAgOZizkdIkvz7TlRg3Dx16TbU26W0iZ8PvKV6PsjV+tbq/lx8HYGjlt344VXzKl4y3PH8ir7aqtxS0T42fyHvBAAAAAAAxwgfL3BdusYpMO5++V90rbdLaXNdg/pq/M8e1M96j9fuvNUqKMr0dkmt5qy9t2Z0XU27csPFWoptNqXtSK+3UIuvyzAfcPqZq1GRDW1J3eryXK0dRXkhvRMAAAAAAJqL8PEC1alLsALj7lfg4Lu8XYrHDegxUgN6jNSBHzZoV94anSk96e2SWixtR7rD7XUDrEtMJocrRaeld5yga/XadU4/c7aIizObm7EKdUs4W+W6Pd7J5pRUWY/VX9naUdBaYD2mNeveabT9lunTWnxtAAAAAADcQfh4AQoYdLOC4u5Xp6De3i6lXQ3rO1mDjVWjIDPy13u7nBZx1KobHTWo3kjAa8Ynaf2GjW4d60uKbTblWA5rS2qqy8BwQlJSO1bVNEdhX3u9ky2pqS5HddYosFodBrqEjwAAAAAATyN8vID49f6FguLuV5eeP/d2KV4T0CVEiVF3Vbdir9Hhwh3eLsltzlZIbhjGxURFyRASItvp0/W2F9ts2pySqgnjfSu8W7PuHYej8hyJNw3zqdGb5+s7AQAAAACgrbDa9QWgc8gABY/8swxXvHVBB4919QqN1bVDH9c1cY+oR8hAb5fjFndarl1tk6rafDuq6KhBeuyRh71dRj0X+jsBAAAAAKApjHw8zwXGzVVQ3P2SOnm7FJ8U02usYnqN1d4j72hX7mpVVJZ5uySntqRudbj9xVdea7TN2SIq29N3qthma9aCLb7gmqRxmnP77BbVPWf2LMVEO18dOzvHoiUrVraorgv5nQAAAAAA4A7Cx/OU/4CpCoqbp86GQd4upUO4tP80De6dpN15a5RZsMnb5TTirL1XkjLM5madK21Heodo8zWEhChxTIImjE9SvMnU4vPEREe16nhnfOGdXJPU+NlkmM2N5oE0Gnv73FyZAAAAAIALA+HjeaZL+GUKipsnP+NV3i6lwwkN7K1fDr5fP6telOb7k/u9XVItZ+29LTpXum+Fj/GmYfUCtEuGm2QwGBQT5Xy0oi/whXfi6JjVa9c1Ch/7GI2aOWN6i+sDAAAAAKClCB/PE50Ceyoo7n4FRM30dikd3kXd4nX98Bf0dcFH2p27RraS494uyWl7b0tsT9+pAqtVEUZjm5xvwcJHZbOdlqG6bTgmOkpzZs9y+/h4k6lDBmO+/E4AAAAAAPAVhI/ngcDYOxQYd786+TFnXFu6OOLa6lWxV2vvkb97rQ5X7b23TJ/m9DhH7bc10naka+r1k9ukPkn16sswm5sVPnZEHeGdAAAAAADgCwgfOzD/vhMUGHe/unQb6u1SzltdOvsrYdAsDTaO1+68Nco5/lm71+Csvddo7O1yxGC2xaK75z3g8LMtqVsJulrB2TuJjhrEOwEAAAAAoA7Cxw6oS9chCoy7X/4XXeftUi4Y4SGRmhC3UIcLt2t37hodt2W327XXb9jocPsVCQkuj3M1Z2K2xdLsNl/rsWONRu3ZbDanI/k6iuJiW7OPcfZOLmliYZu2ficAAAAAAPi6TpWVlZXeLgKNnd59r0qPbKi3rVOXYAXGzVPg4Dleqgo1vsr/l3bnrVZpub3e9h4hkZp22Rttco0FC5NVYLWqwGp1+HlMVJQMBoPm3D6rUai1ZPkKZVsON7nqcqjBoOefWqTsHIu2pG5VjsWiYlvzw7iGNr2/XlJVe/L6DRuVtiPd6X3UvRdJeuGpRW5fZ3NKqrakbnV5n6EGg6Kjoho9p5pjm7rneJNJ1ySN04TxSe36Tlq64I6j+jrCAj4AAOcKCgoUERHh7TIAAOgQ+L3pexj52EEEDLpZQXHz1CmIUVG+4JJ+v9bPjEnanbdGB35wPAqutZoKqWrmHLQ5CM6yLRa3RiQW22yy2WwqsFqbvF5LFFitWv/Bhib3czZ/ojvnb6ruYptNGWZzo+fk7j1nmM2KNw2r/XtX2vKdtFSE0cjoSQAAAACAzyB89HF+vX+hwLh58us5ytuloIFg/+66MuZe/az3eO3KW60jP33p7ZIAAAAAAAB8CuGjDwu+7M8KGPgbb5eBJkR0vViTTE/rG2uKV1fFBgAAAAAA8DXM+eirKsqkzmTDAAAAFzrmrgIAwH383vQ9nb1dAJwgeAQAAAAAAEAHR/gIAAAAAAAAwCMIHwEAAAAAAAB4BOEjAAAAAAAAAI8gfAQAAAAAAADgEYSPAAAAAAAAADyC8BEAAAAAAACARxA+AgAAAAAAAPAIwkcAAAAAAAAAHkH4CAAAAAAAAMAjCB8BAAAAAAAAeAThIwAAAAAAAACPIHwEAAAAAAAA4BGEjwAAAAAAAAA8gvARAAAAAAAAgEcQPgIAAAAAAADwCMJHAAAAAAAAAB5B+AgAAAAAAADAIwgfAQAAAAAAAHgE4SMAAAAAAAAAjyB8BAAAAAAAAOARhI8AAAAAAAAAPILwEQAAAAAAAIBHED4CAAAAAAAA8AjCRwAAAAAAAAAeQfgIAAAAAAAAwCMIHwEAAAAAAAB4BOEjAAAAAAAAAI8gfAQAAAAAAADgEYSPAAAAAAAAADyC8BEAAAAAAACARxA+AgAAAAAAAPAIwkcAAAAAAAAAHkH4CAAAAAAAAMAjCB8BAAAAAAAAeAThIwAAAAAAAACPIHwEAAAAAAAA4BGEjwAAAAAAAAA8gvARAAAAAAAAgEcQPgIAAAAAAADwCMJHAAAAAAAAAB5B+AgAAAAAAADAIwgfAQAAAAAAAHgE4SMAAAAAAAAAjyB8BAAAAAAAAOARhI8AAAAAAAAAPILwEQAAAAAAAIBHED4CAAAAAAAA8AjCRwAAAAAAAAAeQfgIAAAAAAAAwCMIHwEAAAAAAAB4hJ+3CwAAAAAAdGBnflLekUKV1G4IUGjf/upj8GJNF6jiH3J01FZnQ1C4BvbvrgAvnQcAJMJHAAAAADh/2AqU94OtThBYJaBrhAYanaWBpSr+4bv6YZMkGSIU27fpBLHkyMd67vdvKat2S3dd/8fFumdk92aV3hGU/HhEeScaPl0nuhjUp1+EQluZ2DUKAiXJEKGBfQ31w8Dyn/TVO3/Un7bW2Xn4nVr26HUaGNSMC7bVeQCgGuGjL6ook91mV1lRgbKsRQozxqpfrzAFd8A/ZrJ+/KJe/LifZj07Q3ENPzSv0oNrzuiGhXcqMaz11yqz5+vwIauKJIUZ4zSoT7D8PDKxgFmrHlylE9f9QXPHhdf+fGZqsu683NGNlMleZJcCa96hVSkvvqhtMffoiamRkqqf0xexuuexGxTZkpLK7Mq3ZMpqk4LDIxXbP9xD9w4AAABfdiLzfT34pw91osH2PpMe1euzRiq0i4ODygv1+Yo/aPGu0nqbQ8c9pOX/PUY9HB1zQbIpe9NzmvfOEfd2N4zRH15+SOOMrbikoyBQknperUUv3KPRPVtxbgBoJ4SPvuj4p3r9xU2y1t3WOUyxk+/SnVe05jeXl1TkK98qxTkqveKU7HZJrQwfrVtf0csf5qvML1hhXewqOivJL1I3/P4eJXroF3J+/veSwmt/PmVzciPW6vcZf6uev8VUu9luK6q/n+2UGmxxz9EUvfLqJuVX+CnMIBUVlUlhl+rW+TNkCm7JCesr+3aT3viwVJPum9SyYBQAAAA+olR5Hy7SHUv2V/3YZYjuXLxIv+nfurMG9L9aDz1h0LKXlmrnqdZXCTf8uFtffPuTRvesM7q0S3ddMi1Zfwhbqmc/yGn5uavP88fuS/Wn9a04DwBUI3z0YcYJ8zX/aqNUUaS9b7+ote+v1MaoP2jSRd6uzMd8v1ErP8xX+Li5mnddv6ovdYlV5oN2xfjCnwT2ulQ33BSuMmNM25+7JFNr39ikfON4zb13ovr5SWXfb9Lrr6Zo1apIJd+V2NpcV4W5+5V7xNiyYBQAAADtqkfcFD35xAC9/dJSfXFKkvw14qaHdMe4OIXKpoM5353buTxHB3IKNTkyXL+Y+YDyjj+ndy01xzygO8YObzzqscSmo0VSn5512rGDumtgdH8NMKjp8LHcphO2APXo6u96P9tPOqHu6uHuvJHlpTrxo02Gnt0V0KXB9lNSjx5NXK/6mkfLDerTVG3VBo6dolHlO/TuFwVVGwKide2vhuhoyofa5+Q5FJ/4STJ0d78Vu0t3XXLjQ7rT/pyW7qg7+vEnpe/I1IlR9UemhvaN1sUDeihAatR671ipiq02BTR4bqF9oxVzkYPzlJfqxKkS9XDzxRRbC1TaNUI9mmjXLrYe0dFTJZIC1LN//yb3B9CxED52BJ3DdOnYUdqYsU3Zhwqli8KlskKZP9mm/cftCosaq6tG9VNYZ0knc7VtV74ixyYqMkBSiVWZB/NlD4vUpTFVo/SK8vYq63Q/DY8zyk9lKvw2TWl78lUUFqOxY0erX3VaVZZnVqYhTqYeduVnfq38oghdnBCpsIoi5Wfs1K5Mq9RruMb+0qTwut+konztTd+l/ECTBtnL1OTXrKxQWZ+ladcpY+31y6xZSjtUJNMVlyq8pn34RJb25pap39A4Gev+si4sVKEkU99+564UYJRpRJ19SgqVm5WlrEPZsgb006gxiYrtWb33yVztzfdT3NAI2b/9UnvNVvnHJ2psTHidE1Q/J3Op+o30V5mzW/kxS1/uNcsaNqr2nRQdyVWRgmUMa94wxKIjO/Xp59kqCjQqxjRcl8UYG7VSF+1K0V5bsEbfVBU8SpLfRRM1dmiK1h7MVb4Sq9rdq99J5nHJaBqrq0zh1c+qTNbM/ToVcali/fKVuW+vMs/206grLlW/4KrvSub3dklFytq3V6VBNd+bqntN27FL+UVhivnFVRrdv/qLU5Ir8zdhijOFy34kU1/nn1JE3GhFdmvW7QMAAKAlDBGKHXqZrhzqry92lEoqVbF6VM33aDukg4d+qrNzqb7LtapEEQrtYVBpTbbVJVqjx4xUbN/qEK7cprxd7+nN1f/UF7Udx/6KnfBfuvem63Rxj6aKKtWJgx/rzdVv6aOD5wK0HkOv1m+nXKeJo6Kr2sFP5Wjr+2/rzX/u0dGanYKiNW76TbrtupHqE1SqvK3/q2WfHKkOxAJk6B+nwSW79c/Nh1Rc9QA04sZ7dc84g3a9s1RLt9UU3F1XzH5A/33tcPWo+98SZwq088O39bd125R1pub++2vczDt1168a7FtPd4345XW63nZCm74oqLp2z+Ea9x9jlZf1ofbtP7dn8ZE92vDOm3pzW5127f5jNGPmzbpxVH/HrfB1hHaVfjzScNJH6cTOT7Xvx5EaZ2wiLC236ev1S/X2vhO1z61H/ziFn/hUG744UhsuDhx3px6YdZ0u7urgHAV79O7ij5W6I6d6f39dPPUBPfDbMRpYL4cs1dE9/9baf/6j3ruW/NVnxFUa98urNWXskPqhdrlNB99/UskbCyRF6DfPvKQ7h7JaEXA+IXzsKAL8VfsrxW7WqudXydw5UqbBwcp8/xVt2z5R8+8bL2PnfO3f/J6yuo/WrJ/7SVkpWvn2XqnbWIUvnKRIFWrnv9ZqU/gMXRpnlPXj1/Xix6cUOTRWYZZNeuWz7Zr4wFyNN5Ypa8c/tOrLSF1qytXeDLs06AYlJxhlfvtFrToYprj4ftK+t/XsF8M16+EZigtQVQvwy5uU7x+msKC9Sjtpl+SqVdyqTa8+Kz9DmPztRdr72S7d8PA9SlSudm7YpKzg4VX3ISn387Vau/ti3Tkirv4ZBwxSP5llfn+pNvrdoGuHNgzpMrX2jyu11z9Mxr7h0g97tfezvdX3Kem7T7V2VbbCwkpVZPevatvevkvWO57QjYMlyS7zmme1KqNUwd2CtffLIoejAIu2v6E/brbL3yDZbWna9X3VnI75e97TP7bbVdag7doV69ZX9OKHBTLGDVe/kkylrtol6+8aj3rNteRKMimmwaDKuKtnaVZSv6rg0W7Wqj+vUqYhTsP7S3vfflbb4mcpeXqc/FSo/RvXapNto8LsRbIbgqWibUr7xq7kuxOVv2ejPv22SJK/srZt1P7g8YqMMyr8aIpef3mTTvU3KbZrrjb9zyJtnzhfc8cZVZazS/9YtVORl5mU+6VZdkXqhuTRtGwDAAC0l4BwDYgeIO2oapnNO3RIR0ui1ed4pvY1mK4w72COjp4ZroEncvTtj9Ub+w/X0F7ngsevP1isB9/c02AkXamyNi/Vgyf89fqDV2ugs1rKbcr6cLEeWranOhw858TBj7X0iDTg1Xs0wrZNf35isbZaG+x0Jkdb33xSuzLv0eL7L5fth/3aWfcm9u3RF/UOsGnfP5/THf9sWMhP+mLFc5LhJf1hfETVQi1njuij15O1eNtP9XctP6Ktb/5RR8tf0vM3RtdZ1MWgi296Te+Oq1oAJrRvuLSnwWX8B+jKOS9p6JkA9ewfobP739T9T76vvIblHNmhtc/s0dczFyl56hCXAWRx7p7a0Ddg5I2aXP6+3t1XKtn26LMDhbrCGNHEKtSlKszdo5376oSB+xoWLuVtXapH7f56/fdXq0/DE1r36KN676ZUX69/TovK/6TFtw2vqr/cpqz/W6yHVjR+11Kpju77WGsLDBoxcoh6OAo4AZy3WJKiQ7DL/HGaChWumCHhyk/dKLMtVjfOv0e3Tp+l+beOVvD3m7RxX5kU1k+R3aTc3MOSJOuRXCkmVpEnrSookVSRq/zvpciYWKlkrzZ+nK9+v5qne26doVvvvVVjw/K17bMsSX6KG5uo8IpM7T2eqLlPP6/n705U2Pcp2pghjb51vmZNn6FZ992gONtepewqklSmvR9tUn7gaM16IlnJC5/QvKvDXd2YpGCZpj+hp5OT9cRDk9SvIlfbPs+XjLGK6yZlmvdXjzK0KutQkTQ4TrENT9FtrGbdlijj2SxtW/WiHnl0kV5fv1eFtcMT4/Tbx57W84uSNf/uezR//iT1q8iX+UBhvWfcdcQsJT/5hJKTb1Sc7DqcW/3b9fsUbcywq9/kh/XEwmQlPzFDjiJEe9ilmpX8tJ547GFN6i/Zs7NklRQ39Z6qkPNogRr+u5Rjhdr/Vb7U8yrdOmuGZtx6j/6wyHG7fWlF1f/6N/gnOfiiOMVVj0TMT90oc8Vo3frALM2YPkvzfh0n+5cp2lkvQe2niQue1tPJT+iuK8Okw1nKlRQ3NVl3XWWUdJGuvS9ZyXckKrzmPV80SfPuvVUzbr1Ht14RpvxPtilLkl/cWCX2lDL3nVDivKf1/PP3tMmCQgAAAHCXv/oMGaI+1T+VHM7RUVupbD8c0XflDXbN3a+sE/U/6zEkTn2q216LD72n/6kNHg26eMKNuu3GsbVhY8lX27TPWipnig+9p8V1gsfQoVdrxk1TNLruaILSAn3x9tJzwWPPkbr+pps1Y2z0ufPseEvv7jutPkOv1rVDG6yi3WO4rp92o8ZFNbi4caR+M22Krqid09KmXV98qaMlUk14+npN8BgQrXE33qwZE4bUBnlff/6l8hoPOFRo32jFxkarj8HBiMMu/urRP1qxsf3Vw5ahtUvPBY+hQ6/WjJk36tohNceVat8//qHPf3D+/FRu08EdO6pHgho06sqrdO3Y+OoaS7Vrx34VNtVf3cWgAWNu0LioBqMJAyJ08dAh9VawLt7xvj7KcnDTktR3pH4z7UZdG3vuvvN2bNfB6hbz4qz3tLhO8Nhj5HW67bbbdFudZwrgwsTIRx9m/fQNLUqX7EVFKqvwU7/r7tGkiwqV8vdCyThKg2q6eOPiFKOdyrYcli6L1aBIadt3uSrUIB0+UqhI00RFfP+e8nKl0cpWtsKVGBMmZWUqs0KKLMzS3n1VpyoLk+zf5apQsQrv7Cc/Saarz7X0Fh7KVqH8dLpgr/aekaQiySDlfpcvScrMlGSKU1xNGNa5qa9YmPpdVH0j3eJkMm7Uph+tki7V8PgwbftivzIrLpXJlqVMqxT3y0ZrZledZegNmv/keOXvStF7H+9U7va1evabXN15/w2KDZD8Au3KP5il/KJS+QcWyk+Svbxu87RRpoTYqtb1gJB6/2BU3bNRE4dUJ2idHbc1GE2jFRtWdU/h4dK5XpHmClfc4HBt+jRFb/yPXVdNHKvEweEO/2FtGDo2VqjMbwulgNOyZuyVXZKKpGDlKvc7KXFo9W4xozW6ug09OLip9vCsqvfcv1BZ+/ZWbSrrKtnzlfujFNtT8usiyTReEy/i/2IAAAC8IXRAvC7u+qGOnpL0Y6YO/lCogMzM2mAooItUUi7pTKa+zilQn5yaz/w1eHB/GbqoaqXlzR8rq/qYPpPu12OzRqrHT3t0dOs25f0oqbz6L0fKbTq47dzxASPu1OKHr9NA/5/0xQ8fa6e1KuQqO/6lPtpVE3hFa8ZD9+u2IQapZIzCbQ/o9T2lkn5S+p483TZniu4JLVXW79+qPm9/zXjwId021KATg3/Svic/rlrpu8sQ3fnIQ/pNlHQ04oh2vVoVoJYcL5SttOq+U/+9vzZUHfffD+qBsREq2V+sLzYfqg4Mz8pFLNikowe26fOaQNV4nR568E6N7iFpbIzO/v45bT0l6UyGdn5bqGv7Rzg+iS1Hu/ZUzylpGK4r4yLUp3yMRgTs0c4SqeTLbdppvUrX93fVeu2vgWNu1F3+hdpXsxJ60Ejd/9JDura/v0pyP9SiB5dq5xlJOqJ9WSdUMrRBPT3G6o9/uldXGP1VPFI6+OA/q57RT1YV2kqlriU6uLX+u37+wes0MEgqPnhCH20+VP8/j2w5Wrvw93rT0rDWAr378C16t7ru0fe8puQJTY3sBODrSAZ8WNjgqzQpPkwKCFdkVD+FB/tJssrZhIN2e9UkJZFRkVJGvnIrDisvN1gRVw7XwMi12n6kUIXKlz04VjF9JB2v+lWav2+jNpprr6qwuH5yNl6xrLxUUpEyt21Ubk3w5RemyL7hkqy1I/FapdiuIkmRcRcr+LP9ysyWTGezlKtI3TDExVe2c5j6JdygexImKX/z63rl4zRt2jVesZfblfLqi9pkNSouvp+CVagiuf/lr7rn9tXvV3N1T9d/6B+b07RxWZo29hytWffdqLgGuWBQcLCkMp2umpvZgbKq70tRpj79v9zarX7dItWvV0urK6t6z9/v1cb/OzeZTVi3i9Wvyfl+AAAA0C7C+mvoYH9t3VMq6Yi+PnhIOljdu9tzrG4aW6A31x+SZNO+/fvV54fqgEsRiokMrfpXy1PZ2negpiXZoJiIUu378C199uE/9UVti/YQDXa2mEtpgbK/PdfSPHTM8OoRld11ybQ/6fVJpVKX7gr64Z/Kqhm913e4RvStHqEXEKGhQwdIe6rax0/kHtGPpSNVb/yeob8ie1Vt8TcYFFi7fYAGdK+qK7C7UQZVL5xSUqqz5VLxDxna9UP1vgH91UcWpb7ztjb8c1vtSMUeg8+NAG0+m47m5Jwb8TksXoNrWo27R2lE7bupmnezWBEKdXCWE4e267PqOgOGjtTFPf0VoDiNGuqvnftKpZL9+mJfga7t3795AV3fOMVWv7eAiOEaNVjaWf2v9ieOnVBJeYPwsX+cBlQvxBNgCFd4gJRX9UCrnuuZIzqYWfOu/TXiiuGteHYAzjeEjz4s+KI4XTqi4XyJ4QoLl/SDvWoUmySVnFaZpHBj1b5hMbEK107l7+unfHukLo/0U0RmmPLzc5VbkS/FjK1qXe4arjBJkVOSdesIuSW8e7ikMl11xx80sU/DT08pJFhSRQvDuopCnSiSgqOMVSs0x8QppvNOfZ2Zq6ySbMk4tnpkYcPj1GACAT/1G2GS8eN82e12KTNFm74P09h752vSQEkya9WXq9xsga4ZCViksrYIVt0WrMgrb9X8K8tUtPttvfj3ndq0I0lx4+rHwoOiIqX0TJkz7Br98zrJZEWRis6GKSy4+vtSfpXuemiiy9k33Rem8G6SBtyg5FsvbZMzAgAAoI0FRGjokHPBXdbObSqu/rPogMHDNWqkUanrq0b4Hd3zqT4/Vf3v8MbhGmqsCvNKztiqRk5Kkmz6YsVzDeZX7K/rZ/6qaoESR6s7l9hUVNvBa1CPrqG1AUeImHIAACAASURBVFlo3+jq6ZRKdTTnxLn5JINC681/GNqjzorLJaXOR1k2U+mpn87N415ySGtfeq7+Dj3H6q5fxzde7dtd5aWynTo382Gooc4c/l0CFdbdIKkqrCspLam6r4bXKrfp2z3bq0YqSirZ9br+87evN7rUvh37dfTq/vXap5vFP1RhXQ2Sql9WhXvrZNdTckJHawJpGdSnZ6jrMLRLgPoMG6kRoSWSSlT47SHlVS/4Exo5RLFdA6QuBsX0DGTUI3AeYM7HDsdPl42Ik07u0qf7quZZzE/ZpkyFy2Sqjpb6xCg2uEjZn5uVb4zUoAApckCklL9Lu76rnu9RkvrH6uJgyfzJJuXay1RmL1K+eZv2umgX9hscq34qVNrHe1VYUqYyW6Fy03cq0y5JsYobLOngNm06Ypf9+71K2dNUxFcme0mZVFGm/I83aac9XKNGVdfX2aTLTFJRdoq2ZdoVNiTWYXiW/+GzeuSpldq4L1eFRUUqKsrXzn9vk1XBGhRplPz9FawiWX8oksqKlPV/KcqUmgwT7faqeDdscJyMNfdsK1TWx2nKbuKu3GIrVKGt7jDWMyr80a6yijJl7d6p3JNVK4UH9+qqYEl+AY3/RNlvxFiNNkiZ/3xFa7/MV1FRoXL3bdTSpxZp0ZqdsstPFw/uJ/2Ypo++LFRZWZnsP+ZqZ3rmufDaoerRlPVqK1KRvUxSpGIHB1e95zy7ysrsKvrerG37nL/r/M2vaNGLr2vbEae7AAAAoE35q2fsENU0phQf2lO7mvPA6Gj1uShOQ3tWf2g9VPtZQHRcndWLnYVQBsWOvVl/fPlZ3TOqu5N9JHUJUEBtclQi25mzDs7o32Bao/qtziUlJeeOCfBvHNC1VLkct1QH9dcVU+/Ryy/dq3F9m1hFugn+dWo92zA0LT139QD/AMf39VOmvtj5k4MPGtj/qXa5mjeyKeVnVWQ7N8+j03pcKS2pauOXJAVKXZp4dkH9Ne6OR/Xck3/Sc08k646ra0ZaRmjinOTq7Q/ptpEuvl8AOgxGPnZAfpfN0Kzc17Xq7UV68G1JncMUO+WuOguSDFJMjJ92mvMVnPCrqsAuJlaxJ95TVkW4xsfUzF0Yp//P3v3HR1Ue+B7/ZCaZZBImTJgwgYFAQgL5AcEgKBoKbRSkokVRqlVaqq3b/WFve7vtbt22bu9uf3m97XVvb73b7drSpWLFolgqKILEQglGQSJIIJCQQEIgIYEhYzJkJmfm/jGT378hgYDf9+ulZM458zzPec7Jr2+e5zx3PZRH5dq3ePb7b4W2RTtZtDqPORP6uDXGLuKhe47wH3/6PU8d+H2oPWMzuTv1ZrDCrPtXM6diLW/9/Pu8ZbKRvngps3ZvpbzCy+3ObnOGx4xjXPSH7Pz5d9gJEOnk5oe/Eh6dGJJ54xysv93PEazcnNn7eslJtyzl5hOvUfjCs6FyACJtZN7z1+HVqhdx++T3ee3lH/CPL4Nt+lJuv7GRt05U4sVJzycc2oiPA0/DOVqZSqTzdlbf+SH/9vrveeoARDrz+PRCL68VV3KCWb2u4hxjtULdCU61grNHVzqZmmaDPa/x1A9O8aWnHiJzajo2UyGv/c/vc+qRrzPp3a288dKG9hn2tun38tlbexn2aUpn5ddW0vz/XmX/i/+H/QCmSMbNWMrjD90cOrcFD3Hvkf/g1Ref4jsvAkRiy7yblPn0cu5gjYsH6qirB1zgbG/bD3gtvGJ35mceIu/kWt76xfd5K1ync8GXyMt19vpF5XzdKTx1cKq3v4iLiIiIyIiIc01jegzhZ/m1SSI7I4kxNgtpKVHQ0DW0mjJtMuPCgaElJoEJ8UD4/ekrvs1XF+eQNjmuYzRabyP22kTFMS4xCk6EphcfO1JN06eSsHQ7fkxCAu2PTK+r5kwTZMUBho9zNR1/4E6YnITj8vLAjqYl2BkH4WnRSXz6a49z/42ZTGmbQn65IyzNcYxLHEfb6Mbz1XWcMwiN6vSf42RNW9gXxYRkZ6+j+84fe4eittGE5iTSs50dU7ONJk6UHA+Piixlx7tVfCZ12qWNEvRUU17V8XJcUsLQy4lJwNE+ePIcDec/grYJ8sM0WlVErl0KH0cj5+186+nb+znASuaKb/Hju7x4WsAaZyWy27TjOat/TJcJsbY8vvJUXs+SMu/lWz+8G2+Tl9ZIKzZrp1uij3Y4F3yFJ+d78XhbiYy2Ye38nck6i4e++2PubfKC1YY1Erjt9t7H2KbczRM/uBtoxesFq7Xn7RiZ/RDfuuccP3gziVlpvfdGpGMO9/7dHO4NtIbOg0isNmunm9vJoq/9mLwmD15T2znezu1tIx9nrebppzuXOJV7v/8093Y+5/yv86+3ePAGrNjiQiUvuqtt7yxWdy2A9Pv/hafv76j/9m89TeeeTF/xJE+v6LRh+r08+VSnGrOfZFFrH33cXcLNrP7uzbQ2efAGInveDyYneX/1JDd7PXhbu+/v2TbbrV/h6Vv7aRuANZN7v/Vj7m6rs1t/dy9z1ud/zL94YcC1bERERERk2FgSppE7Fd4t7bQxLpVsVxxYLF2mZYeEgsn2Hz3j08jOjGNTeGGYsnf2cGxuKsmJfs4cO8CO17dwMvMrPLE8FHr5u4dMliSyc6bBvlADzr/5W17ITuCLC5LxnzrAjj+9zrFpD/P3N3daHKdpH2/sLuWm5RlYqvew6e22Z1HGkZubGloIZ6h6eSzUmImzyZ24gZOnAWopevc4CzKmMcF8jvKSd3jjj/tIePjbPJIT1+O9Hfz4Gps6RmZerOXkseOMS0lmiiOKCRk5TOB4KFQ9uJ0dJbfySG4cZ/a9zhvtK7NkclP6uJ5h38VqinZ2TLlOWLCSr37hk2Q528JRN7v/7zf414JQuFm2czu7sxeTNS0Zn+Hrc8xqO3cVZdVuJkz8iA9efYE32qdMTyN3+iUs8BLjJHta273i5703d3F47kqyYmr54J19l74Wp4hcFyKCwWDwajdCpE+tJ3j1fz3Lkdlf54m7Jl3t1oiIiIhccbW1tSQl9bESrki/mij+7RN8e2OnZ99kPMKz/3oP6THwUfGvePz7r3cEQ/GL+Od/+wYLHB2Hf1Syjm//04b2VYx7cCzmu1+J49c/+WOPgCnrkf/LDxdU859P/M9O4VY3CYv456ceJW7bD/j2huN9HASWnEd45p+WYXnzSf7qt6Xd9trJSvdzuKyp2/YkslLPcbiiW/hoyeHxZ54g+/2nePzXB+nLmFse59lvLmZCb0lc3U7+9b8/w+7uVQJTHnyKZx7OYEzTcV7+yRP86mDfU6LTV/wrP/xCTtdnS/ZRdnu5F6vZ9MP/xrM9mh5P7gwvxUe71Re/mB/8/HGmH/8Vf9u22nUfEvK/wb/9dQbFP/tvPPNe93Ju4Sv3wQu/fYePuuyws/yfn+Fh/zr+9ifb+y0fCPf/k11W6P6orpozjU1AHGMmT9ZiNXJZ9H1z9NEzH2VUqtv+U/7xO9/hO995lkLrIh5aouBRRERERGRo4piamdllFeUp2dPag50xybNDi8W0mTiNpG4D/cZkP8C3v7aYHmtNtu1PSSIqou8WWJy38Fff/go3J/S1PwGCceTe9w2+kd97WGDJXsmTX1tGen+DEIcsivQ7Huef757W5/5kZ2/rTw9B3DQ+8/jfs7z3p0cx5c5v8O3P5Vz6ojbDzJKziu9/aVHvYesgJNy4ir9f3ld/9m+MczLp6Rmkpyt4FLkeaeSjjE7hKcf0mEItIiIi8vGiERxyWRqPU7DzIOf8hFYYvmERC6aGUzyfm8O791DiDk3SjZtyC7fN7X3Kre/8cYrfO0h5bTUnGu1MnZpE2sx55KbaoeEgO3Yfp6nLtGsL47IXkZ8RrqupluJ973P42BFK6iwkT5/G9IwbuSk7qWN1a8PPmZI97C4+SHHFecZNySErZy6fyJ3cfsxHpTvZUXK+62IxUXGMi4dzDd2GCkbFMS7Ozzl3t0nIMUncsOAW0sPB60cn9vGXg9WcqT7O+Zhkprgmk507t2OKc2+aqnl35z6qLnbfYWFcxq0syLZ39KPPzeH39lB08ADl9RaSMzOZmXsrN6Xbe5/e3GvZnco1mih7Zycf1HU7r4hIbNFBPBe7zX+Pm8yCRXOJPtRp5GPCXO6/MxX/iQo8CZlk597IbTdOC/Wz0cTJ93by3mlfj3JumAolpdVdp9ib40i76ZPkTowC/Jwv3ceuknKqavyMm5pJbq4TT8lBqtouT7f+Fxlu+r45+ih8FBEREREZxfRLlIgMh/P7OoWPqat49kcrh3k0qcjooO+bo4+mXYuIiIiIiIhct/ycfOtXPPWbTs9jrHiVZ374Q54tqB54cRoRkcuk8FFERERERETkuuWjqfYgxdWdJ6s3UVayj+LTTQofRWTE6VF6IiIiIiIiItctC3FJOdycm4Cvy7MaLUxJiuv9uZMiIsNIz3wUERERERnF9OwqERGRwdP3zdFH065FRERERERERERkRCh8FBERERERERERkRGh8FFERERERERERERGhMJHERERERERERERGREKH0VERERERERERGREKHwUERERERERERGREaHwUUREREREREREREaEwkfpnc+L13e1G3F1+OoqKTlaRYPXGOBIA6/Hy0BHDZXRWEXpoUrqmq7vC2B4PXj9ve4ZfL/6vXg6X6fur0eTj/HnlIiIiIiIiHx8KXwcjTyl7HpzK1vb/vtLMTWeYa4j4KHmaCXuQO+7G/ZtYt3b5R3HVtTg6ePY60nDu+t5sbAKn7eKAx9U0X9WVEbB+gLKhrF+X9lW1m0uwUM9pUdqh7Hk0afs7fVs2u/ubQ8F6zezv9d73qChopKGttCyvID1b3e6At1eGw2VVDaMjjCyYd8mNu1ruPQCPkafhyIiIiIiInL9UPg4GrU0UHOyhaRb88ibm01KdC0Ff1hPYd0w1nGhhF07d7K/up9jjNbQv9V72f7WLkouDGP9o5KbsspW0vMWkntDHvm3pGC5wi2oOl5FYu5S5s2cx8K5yVC2ledeL73CrbiCjL6CQQNfSy+bPQfZWbCdvScGU7iHg7u2s31f5aW37yoqf/M5thzptOFKfx6eL2L9+kIuIy4VERERERERIfJqN0D6EonVZsOGjQxHMjbvWrYUl5N3R9rwFJ8wnwcfmz+4Y6fks/qx4al2dDNjNjPs06iH1AKzueuG1tExam/UsOWy4ku5gz2Y3HsfY7BHjzY9Lv2V/jzsMxgWERERERERGTyFj9eIhLE2aGoFfwlbXqoibaGD0l3F1EXlsPKB+USf3MXmgjKazWaIsJO9ZDnznHUU/r4AljxIXmK4oNOFbHirjGYA7My+ezm5dgAvVXu2sfNwHd4IG/a4ZrCF3uJ+bwMbSm3kP7CUNAu4393A5ovZzLl4kKJqDwY20vJXkJ8aHidYt5dN2w7S0ApYXaTE1eNN+RzLZnYN1tzvbmDrxRScZw5S2WRgWJJZeN9SMqyh/d5ezwnK31zDIdcqls+yAFUUPL+VuhkrePBmB+Cm6KXNGJ9aRZ7TS9VfNlNwvBmCBmbnPO5amoPdBHW717PTksecjwrZWeHBtWgljg83cfCCD95cRxkGybeuJr1qLYWxy3nwZnuoUeVbWVOezqMDhsChureXN2M2A4FE5qxYRo4NOH+QLVv2Uhs0Yw5Ek7xgOflpVsoL1rL7pIHv9HrWF7fQYoAZA4x61j1fRGzWcvID29nckseqT7gADwdfXU9RbD6PhdtT/uZzlCY/yrK0Wva+VUjJGQ+GycCIdDH/M8vIiQfOFLL+Lxby5ngo3FmOZ1I+j93h6rOvOvOd2sv2PSXUegwIGlgmzmf5nTmhW6VsK2uOOMhz1LD3cB1eLDjm3sWKGxyhNwfclGzfGrpnoh3YQ7dgH1pxf7CJdSfq8GLFecMSls91QvlWnvuzh9zlK5mX2Nd725Sz9TcFeHJWsPKm8L2xYTO+rDk0HyqiqtEAWxqLV+STYglds/KCTeysbAaTBceURHxnbSx6IA/nZV7b3lS93fe9VV6wlsLTQMM61u6NJfuuFaSXdf08JODm4NbN7K0zMEdAdPICluenYR3EtejyuRWAxNwVLJtt62jc+b1s3FKKp9XMG+vKMFwLWJ2fNqTzExEREREREQGFj9eMmrNuLHE2iHKRYi9k19sGefc+yvJ4M/hK2fJ2Da47HyXPCdQVsv6N7SR+fjEpk1rYdawBEkOhQ0NlFWQsZ/VNBoXrN1JzBnLt4DtSwPaTCSz9wnJcZg+l2zeyKzzwyX7TIrLLCqhthLREMAwDb1kJDfnLWH2HDd8HG1l3sJQFqTlYqGHXthIi536ORzOt4Clhyytu7PPNPc7JMAw8lXXkrHiUfFsoENz0dikZd2aAr5SCPs4peYKDgpoqmJUG52uoi7FjPlODDwcWXxW1HyUy0xk6p4JzGXx2dQ5WvJRs/gPb9yezcq4d5/RkWjZtZW/WMlY94sJiAtJXY3v9OcpTV7EsM9TGhrroriPA/AZG23T0/pw/QGGlg8VfWEmyKfy+KIAGCt/cD2394y1hyx82s9exknn5q7HvWc92FvPgreHA7sgWnqtIY9WdGaHXp5IwdlfhxoWdOmpa7NhbaqghDRc11NTZcNxkhshYXLMWM3upHYspFPRufK+SnNtTYEI6yf5NbN2XzbJVj+GygO/Ilj77qjNLrIucxbNZZrdAwE3RKxspqshhcSrQamDUlVCe/Gk++4gTS3UBa3eWUHPDQlxAQ9FWivw5rHwkG5vRQNGmjfQ9IdqLJyafzz7iwtJUzKY/7GRv2krmpS0l78hzVNYDA4aPaSy9tZTnKusBB2BgGF5KDzew+NOrWRrvo/jVdRw4soCU2RZ8H26j4Gwyy7+Yh9NkUPOXDWyxpXQLHi/x2vYSssZG931vpeWvpvVi13uRbp+HDUVb2c88PvfFjPZrtnmfI3TN+r0Wbg68U4Ej/1FWTiHUL/5un58J81ixzMf6t2Dxg3mEv3oM6fxEREREREREQM98HMWaqTlUQsl7u9i6aT07z7iYf5MLALMJXDctIzs+HBicrKTGns28tpTEmU1KTBVlJ8CVlkrLydLwc9saKD1pJmV6z6SgoqIGR9Z8XFGAyUaiLbrTXnPPO2ViDgtTbZgB66QkbF4PHoD6SmpM6czLDI+GsiVhj+nnNMenkR0ecOXMSMZWVxUKpPo5J4srEVtDLXWAr6oWpmSQ5K2lBuBULQ2JLpKBqpM12FMyQiPBsJKdloi7LryIiwki47LJXxAOHodbZDQWXx2VJzyhadxRZswA58uo8qeS29Y/1mwyJripLB/kikITnSR+1EBNADhVQ31CBhnW2tCCRJ4aanGRnACY7LiS7Vjw4fUa2ONjMdofomgGk5XsT+XhCg9W7bevOktwkWy3hFZuNuzY47o9mzEunfk3OEN9OsVF4sXwfUEDpSdbSM/NxmYCohzYY/s7URvJGeFrY8slPclN3elw64dyvSJ6bnLNWkhKvBmwkpxkw9sUamFFVR2unDycJgAzrkRbzzfDyF3bAXX+PHRTVtVC6uxO1ywjCXdlGe219XktzERbfNRVVuLxh16bowZR/Yifn4iIiIiIiFyPNPJxtIt1kJyTQf5UZ9eQrFOo4j7nhqjOi6PYsdsMGlqA1DRS/bsorYc8Sqkyp7C0R/bYQEMjRKYOw/Iq9W48Jjs9xzkOwjg7Nr+bFgY6pxRcRiEnPdB81oNjWg6OsweoqQPbmQZsk+ZjwU29G+pOv8jaAx1VWCZldLwwcWntHAxbLp9e3My2XetZ87YN140LWXqDC3ODG0+Ujc7Rrt1mw/D1v652O1MqyYmF1JyA5HO1RDtySbp4gL3VQEQdzROzcQEE6ti7aRsHfTZc9kiaz9bAuM5TxSO7BFkD9lWbur1s3HYQn82FPaqZ+tOQkDqYhtfj9kRjjx74yN6YTeBxN0B4DN7wC30O9BZW9jBS13aI7XV/FI2ta2XYWn0DrNAOYCN36VKa39rJ+t8VYJs4h4WLc0N/eOi3yit5fiIiIiIiInK9UPg4asXimplNL/FPD/Z4G5wJhQ6hsM6DpxnMkQAu0qaEpl67I2swpy7t5TF7NmxWcA9Hs8fZueQnwNW7OR9jw8bA5+R0uKmsbcDXkEByPiSdjaTsjAfb2RaS5oZGrNlt4Mz8HMtnX+k1q0OsU/JYvioPo6GYzZu3sDX6MZYl2rD5DToPFvQ0N4NtsDGoBdf4WErONlDTYOC6yYbTncj5mhpqqMc+PjQ61vfhOxQzk1UP5Iaux5EtPFfRV5n2QfaVj4PvFMOsVTx4Q+gql77+HOWDarcNW38jYAdgBMBmH6ngEcCBfczgPwdG5toOhR1bXAtG18pojrANLlC3JpN39yry/A0Ub93Mlu1WHrtzgK829it5fiIiIiIiInK90LTr68G0ZJz1FZR6w6/dpVRecOKaEnrpmp5Ka00JB09CyozeppJacI23UVteghcg4KH2XPOltSXRQUJTFaV1oZfG6VKqmvo5vsWLJxD6sOZIBcbE5NDIvYHOyWmnvuoA9WYnLhPYJ7nwnNlLrcdF8qSOY+oqS2krAr8HT/uLwTGbobkpHEn5Gyguqwd/19FlRqCXNwZ8+PzhMhy5pDuguckDiSm4Ik5SfqrtuHLKqi24kgf/0DzHBAfNZw9Q0+jAlQhMcWE7U0rp2Vhc4dGrLX4fRFlCwWPAQ+VpDwT6Xr14cH3VQosfoi3heNlTSU0jEBxMq104HR6q2m4Mfw11jYM7XzzFlNU6Se5rjZ/u59XPefYnaVzXz4GSivo+6rv0a9vaqW2Dubf65iBlkpmT5TXtW8rLq7C4kvtew6cTny/cjigHuWmJ0OxhwMnTw3DvioiIiIiIyMePRj5eDyw5LMmr4ZWX1lMx0Yr3tBfnJ5eT0zaIbWIaUy5uoTQmlwf7eIydY+48XC8V8OLavZiJJjkrHdvRGqrIIHkwbWgbEWXKID+vkj+8toaySDDHJ5PQ31DIxkNsev4ABgZGbDqL70oZ1DnZprqI3FSCN2N5aKXliU4Stu6iMimPxeGibXMWkVOxiXX/tR+LGQwjmpRFnVblHgT7jAzsrxSw5vndEGEjY/5sXLurqPDnkBGVhDNhF4W/24D7jpXkTex4n/f4bjbtrsSc4CLWX0ttaxr5OTbAxsIl6Wx4fR0bnQkY585jnrWExRP7aECiA1thIWufLyL51tXkpwFTk0kq2EV5Uh75ABYXicEiSnzZLA9fX1vOHJIP72TN83tDqxLfkIyjpopyfzZpvUyvHVxf2Zh9QzIv7lrD2n1msCQze4qDmqpyjKy0PkbcteILD1/NuCmXg5s2sabCgjnCRvo0Fy21NXhxdBstG4vN2kzplrWUmYBANMmd7+fOJjixFxayZoObpSvzcHV/3Ue3dtbiD43lc8zPJ/uVTaz7r9DnQMokG/h7Hn+p19YxwYFRsJm1H83nc0uzB7i3INFhY9eetazdm8yCz+fTPXt15S0h/ZXNrNuYRELgPOfNOSy5rb8zDl8Lfzm7X9tJpdmBK85H7RmDtE8tpseXhvgk7C0FbHq+DHvWclbMdQ3t3hUREREREREBIoLB4KDGLck1IODD22RgjrNe4iIqBl6P7zLe37UtPsOCJaqGXc8X43h4GdndymzYs56N7lweuzMDw0/vi15c9jmB4fXQHIjGFnep068NvF6wWoc+vdTX5KHFFIutx3sNvJ5miLFhHcxiH5dk6NdzUH3l9+LxmS+tP8PX02KzjtzzNi+T4fNhtljwHdjEHzy3sGpBj/WugeG6tpd+b7WX4PXQTG/tGIDPi6cFYod8La7EvSsiIp3V1taSlJR0tZshIiJyTdD3zdFHIx+vJyYL1j5GNg6OGavtkp/Y2C4UJFpCgVddJTURNtIGCL/6XG33ss8JzFZbz1FdQysB6yV2iyXORu8RnRmr7TJPbEBDv56D6qsoK7ZLDZ2G4XqOGL+BEWXGbLEAXsqq3Nim9j2leHiu7aXfW+0lXOr9bbFiu6Q8/krcuyIiIiIiInK9UPgow6yOvZveoLQJMIERYSNnyYo+p79a4xOuZONE+uQt384r79ZimADDIHrKIpbPujqLFYmIiIiIiIhcLzTtWkRERERkFNP0MRERkcHT983RR6tdi4iIiIiIiIiIyIhQ+CgiIiIiIiIiIiIjQuGjiIiIiIiIiIiIjAiFjyIiIiIiIiIiIjIiFD6KiIiIiIiIiIjIiFD4KFdfwIe3ydfrLl+TF1/gEsr0e/F4jctr1xVj4PV46b21/e27DIPon0vu+6vA8Hrw+q92K0RERERERESkO4WPcvWd28um9QWU99jRwN7XXmTniUsos7yA9Vv247n81oUZNFSUUucdtgI7KaNgfQFlfe7bzP7hO5GQ8gLWv917jSGX0fcjIeCh5mgl7j7C0LK317Npv/vKtacaflZ45aobFB+88BK8cKzb9mr42UuwZ7jvIREREREREZFBUPgoo0PAoLXXHQa+lksss9VH7+MpL0Ulewt2sfvo1UhwLqMPBut8EevXF9JwpesdrAsl7Nq5k/3V/RxjXMGRrhfgW3vgzJWrcWAX4OXD8ItCuNhpc0Ux/LQYdvTXdyIiIiIiIiIjJPJqN0Dk2pDG0i+lXe1GjJwrGdxdioT5PPjY/KvditHNC+50+HI1FPrgNkto845D8NWZwDUyhV5ERORyBYNBDMPAbDYTEREBQCAQIBAIdNk2HPW0trZiMpkwm8191i0iIvJxp/BxNCrbyppjNnKMCg6e9WFgI+eulcx3Ar4a9r5VSMkZD4bJwIh0Mf8zy8iJNyjZvI6a7NUsTg2XU1/I+rdg8YN5OM4fZMuW/dQHwTBiSc+/i4VTrOAvYctLVaQtdFC6q5i6qBxWrsygautm9tYZmCOAqFTyH1pIcpdGeigt2M7ek258gBGwc9NP9gAAIABJREFUkX3HcvImWQA3RRs248uaQ/OhIqoaDbClsXhFPinhQMR7spBtu0qoazFjGxtLM7Y+u6OluoD1e8rxBM3YUhexPD8Na6gUqv6ymYLjzRA0MDvncdfSHOxt43kDLVTt2cQbR+rwBi045t7Fihsc/bTdTMnmNVSmPcayzHAZvhK2vrSXWgDMJC9YRX5qR93by5sxR4B5XDZLls3DaQLOFLL+Lxby5ngo3FmOZ1I+j33K2sd1G8wN0UpLVSGbtpZS5zWwJM7jrntzcQzQB75Te9m+p4RajwFBA8vE+Sy/M6dnT5/fy8YtpXhazbyxrgzDtYDV+fZQze4Stm4oosrd8xq26+9+7e3+emA2nl77ro7C3xfAkgfJSwyXfbqQDW+V0QyAndl3LyfXDgTclGzfSlG1ByPagT20u5335C42v11Bs8nAiEhi3rJl5CT0cW0WOzg44P0+BAHY8Xv4UWXo49S58ItlEAO4D8H33oAdF0L78j4Jv1gS2rdjHezPhax34aul8NN/gLwD8HgTPH4Rvvo+HDbBL74Ij0/vpV4P7AB+Oh22HIPbZgIn4ZUJ8IsJ8LMLna85/OiXsBmwBuC+lfB4RmhXb+24zwQ/+hXsCIC3Fb78BfhyyqV2kIiIyMhqamriyJEjzJw5E6s19FOj2+3m1KlTZGdntweFl8vv97N//35sNhuZmZmYTCYuXLhAVVXVsNYjIiJyrVP4OBq1Ghinq/Dd+TkenWjGe3gLLxYUkv5gHo7IWFyzFjN7qR2LCdzvbmDje5Xk3J5C8oRYisrLITU0Qs9zooaWiXk4aKDwzQPYPrWaZZOAukLWv7Gbys8vJiUqmxR7IbveNsi791GWx5uhbCsbWmay6ou5oZDP39uouEgS0hdw3yecWKPAKNvK2ncOkHP/PGwYGIaX0sMNLP70apbG+yh+dR0HjiwgZbYFfKUUFFSRcMejLJ9oxnN0Kxt39j3yzuNPYsXn87FRRcFL29ldnsbiNPAdKaDgXAafXZ2DFS8lm//A9v3JrJwbTqG8VdTEfprPftGJpbqAtTtLqLlhIa5+2p6e7KSwohQyw0nM8UpqJyxg9eI0Sl9/juIzDZDqCNVd4+KuL+ThNEHd7vW8UZDI6ttTYEI6yf5NbN2XzbJVj+GyAAF3n9dtYF6qamL59GcfxRlZRcELBZScymXhpP77wBLrImfxbJbZLRBwU/TKRooqcjrC6TYJ81ixzNcRVAOEJ2DXVTew+I5eruFg79de7i/fkS1s6qPvUia1sOtYAySGW1FZBRnLWX2TQeH6jdScgVw7NBRtpcifw8pHsrEZDRRt2khlW3t8pRS8fZ6Mz64mxwrew1v4w469JN8/D3tv16ZsK0UD3u+Dd6YAfjYW3vouEIAXnoFnp8M3p0NMAnzz7+AXVqAVfvQj2HELLLPBbbPg9t/BDx+A44+GywrAK+/Asi9CyUq4+C5Y/wJfnh4KLLteB5gQBXNy4PF34bszoeJA6LX1PJzu9LzSF34DLIfCmYAXvvdT2PI1WDa293a88DOY8BC8NQWohft/BTd+F+bowR0iIjIKeb1eDhw4QGpqanv42NjYyLFjx8jMzBy2ULC1tZWSkhKio6OZOHEiCQkJXLhwYdjrERERudbpV8fRKi6ZjImhH1isWWkkeWqo8AAmO65kOxZ8eL0G9vhYjPCD+WwzUrCdqgiHMD4qT3lwJbvgfBlV/imkTQqX7cwgObqBmnOhl2YTuG5aRnZ8+AckiwVL40lK68JPTIzq7QcnK85kJ9YoA2+TD7PdRmy3Zyy6Zi0kJd4MWElOsuFtCj8v8Xg5NQnZzA+fn22cjeh+uiIxNRtbFBCVzMwUC7Vn6gCoOlmDPSUjPArSSnZaIu662k59mM78G5xYTMDkJBIvesIL0PTddktmKs7T5ZSGp6iWVtTjSu053brqZA32zPBIR8CZnUJ0dVm4781gspL9qbxQuAX9XreB2Uifn4vTApiSSUrw4fF0akdffZDgItluAZ8Xr2HHHjf0Zzh2voau8daOa9hdX/crPe+v/vrOlZZKy8nScPTZQOlJMynT7d0qa6D0ZAvpudnYTECUA3tsp90nK6mxp5IR6hSsWWkknq9rH73a49oM6n4fvMJDcN/s8AsT3JYLhSdDL2NckGoFvHDRBKljwN32gMZIYCZ898ZuBWaFwkaAmFS47xz0trTOmXrIcwDT4f7jsCcAOw6GwsQYK7jbwscG2OyDh2eGX1vh/gzYcqiPdoSPv21K+HUS3B8Lh7s+IFRERGRUaZtm3V0wGKSuro6ioiLeffdd9u/fz8WLFwkEAhw/frx9e11dHcFgkPr6eioqKqisrOTdd9+lubm5S3lWq5X4+HjKysoIBAIEg8H2fRcvXuTQoUO8/fbb7Nixg8rKSoLBIH6/nw8//JDjx4+ze/duDhw4QF1dHe+99x67d+/G7Xa3v/+DDz7g3Xffpbi4uEfdIiIi1wqNfLwmJHQER3F17N20jYM+Gy57JM1na2BcOByzpZMSt5GyCkiZWkFVfRJpU4Hjbjy+GrY/X9GpTBvZnTOWzo+kmZLP8pu2snXzWvZaHGTMX8zC9O6Tdb2UF2xiZ42FpPGxtLpr8JAxqLNpOO+BKAvdZ+8OhtkUidd9HrBQ74a60y+y9kDHfsukPtpg6nyy/bTdkkFqYhHlRyFjRinlZ11kLO1emJt6N0RO6XQGCXZs/gY6sr3IrtF+oJ/rNkTm9nLd/fdB3V42bjuIz+bCHtVM/WlI6D7qcUj1DvbLRaf7te22ab+/Bui7SWmk+ndRWg95lFJlTmFp9+yRetyeaOx9JNbuc26or+HF5/d3bIxJ7nR3drs2g7rfB+/wGVj3O3ihUx1zPhn692IprHoJJqZAaiv8ugG+1/nNw/TnoNuyYMc7UDgB1lkgZizsaPv0r4MdFsKBdchER9eRkV3aUQc7PPDYT7rW8U396UpERK5Bra2tfPDBB7S2tuJwONoDynPnznHo0CHGjRvXfswnPvEJmpqaeOedd0hOTu71GY4RERGkp6dz+PBh0tPTu+wzDIOWlhaCwSDNzc0UFxczfvx4IiIieP/990lNTcXn81FZWUljYyMA5eXlWK1W5syZQ3l5OdXV1SQmJraHoTfccAMmk74Ji4jItUXh47UgUI+7yUpyPPg+fIdiZrLqgfAU0SNbeK49U7STPtXGpqoaoIr6iWksMwF2GzZLOgs/vxDXIKu0Zy3lwSzwVO5iy44tFNo7PYcP4NRedp9ysvjhfJJNtD9fcjBscdbeh24NghFoxRqfANix28CZ+TmWd58GPJB+224hI8VJUUUpRlQV5yelk9bj57tQ3bU+H7RFqB4PzSZzn59Q/V+3S9VfH/g4+E4xzFrFgzeEYqbS15+j/HKrHIxO92tPA/Wdi7QpoanX7sgazKlL6ZE9YsPWY85xpxribZCYzeeW5ww64B7wfh+CVAd887Pw5Sk99617BW77Ajwenm0/8WeXVkdvKs5A1qzQx3Ny4HsvQtZdnaZntw3+SIQ8H3TOGk9fCE0J71Ui5Nngp/8El5Fdi4jIx8DpugbcjR/1OuJwJM2cMbTvUF6vF4vFgsvlIjExkejoaA4fPszFixeZPn06Fy9eZMeOHTQ3N2O1Wjl//jxz584lNTWVyMiuP+0ZhsHYsWNJTEykrKwMh8PRvi8mJoaUlBQ8Hg+NjY0UFRXh9XqJjY0lGAySlJTEpEmT2Lx5M4ZhcMsttxAMBjl37hytra2UlpbicrmYPn06FRUVnDhxgpycnC7h46Gjl/0DpYjIoJhMJuzxY5jodAx8sEg3Ch9HK38LHj84osD7YRk1CS7yLNDi90GUJRRgBTxUnvZAoOMZdfZUF9FvlLOXGuyTFoU2JrpwGLspPwWu8NRrT6MHW3wfo7v8PnxmCxYT2FIySLaW0ewBOocxvhYMcyzRJgCDhqp6mgOJDOZpeRZXIrb95ZR4M8i2gqfWzaAmkfirOFQJU25zAuBy2tlVWYp3dk74WX0ePK02bNZ+Sxmw7ZbMVJzFVRRaakmatrjXIlKTnew63lG3+0glbmdGn4uUDHTdAIwAQx751ncftNDih2hLuDM8ldQ0AsFObw4M4wrXfdyvvRmo71zTU2ktLOEgkHJHb/eoC6fDQ3FpHSQ6wV9DXSMdC85McmIvrKDUm0OOFcDA0+jDFt/HjdHX/R5fR/mxeizJ2X0Eqb3LSoXvHegUPnrAHQd2E7h9MLGtGQ3w/kdw4zD+fmZt+4o+HR7Pgolt07+dcF8dnAEmjIdlJthxMtzGtunZf9VHoeNDYWX78YD7AtjHDl+7RUTk2ne6roFAIMCM1Mmj8lmHfr8fgMjISGbPns3Ro0c5ePAgdrud3NxcGhsbMZlMeDweWltbmTp1KlFRUQQCASwWCwkJCURFRfVadmRkJDNmzKCwsJCYmJj28//oo48oKSkhPj4ek8mEyWRqn5YdFRVFQkICFouFyMhI4uPjiY6OZsyYMbS0tNDa2orH4yEYDHL+/HmioqJwuXoOIxhq8CoicqkMw+DM2XOcrmtQAClDpvBxtDKq2P37tew0GRgkMf+ueaFsJWcOyYd3sub5vZgD0STfkIyjpopyfzZpUUBiNmnWjRSX2cj9bFv6k8KC+aX8YesaKixmMAzMjjl8+u62FZO7qjuwmW0fNhPrTMTcWIPbOoe7uv9ckzqHnH2b2Ly2DDNmbFkZJBuVnHSDs+dQNQBa/OFJyYnzmDfxRQpeXMteM0QnZ5MeX0pNFWR0Se8s2MaYKS1ay9q9QMCMfeYSlk8M7bXNWUROxSbW/dd+QqcVTcqiFeSn9j3ezQgMou2WDFLHFVFUncLi23svxzJrCQtrXuHFlypwxXip8TrJ72ekna3f65aEM2EXhb/bgPuOleRN7LP5HYID9YGN2Tck8+KuNazdZwZLMrOnOKipKsfISsM8wYm9sJA1G9wsXZmHKz4Je0sBm54vw561nBVze6+2ta/Asq/79VL6bmIaUy5uoTQmlwf7yMczbsrl4KZNrKmwYI6wkT7NRUttDV4cWG3zWDRrA5t+v4b94fs9emo+Kz6V0uv16fN+ry9j754SLK2pJN/QLbiMg1vPwsQnum4reRLm3Al5/xuyP4CJptAIw+89BsvGw6p8uO1Z+LUVYpzw5RzYUgoPJ/XRWb3pNmqxzekGiGl/xigse6DbAYGO9335EXjsV7A/BS5Wg30JfLOfYdGPr4S7fgUvxAGtEDMZfv0oTBhCs0VE5Prmbvxo1ASPFouFqKgoGhsbSUxMJBAIcPr0aWJjYzGZTEyePBm73U55eTn79u1rX5gmEAhgs9mIjIzE4XBgtVppaRncA7MdDgeJiYkcO3asfXRkbW0tJ06c4M477yQYDA6pb8xmMzExMURERJCQkIDdbsdkMo2K/hWRjyez2cyE8eM4WlGt8FGGLCLY+anIMjoc2cJzH9hZ8WAedr+BuccCGAZejw9znDW0mEp39YWsf9vC0pXdAqCAD29TC8TYsPb+h9tudTRDtA1rP3NXfU0eDMtgyuulBq8Hn7n/8gdbTnMgGlvc0Aq6nLZ3FOLF4zcPsu4Brttl6LMP/F48vsG27xINeL/2YUh914uAD2+TgcVmpdca/V48FyF6UP09uPt9KC42hRaVsXcfcOkDt9HL9qvgogewQsxg/gwVAHdTaPGaQR0vIiLDpra2lqSkofyl6so7dLRi1IzCa21tpaioiPPnzzNu3Dh8Ph8NDQ3Mnj2bKVOmcOTIEXw+Hy0tLVRVVbF06VJ8Ph+7d+9un4YdGxtLZmYmFy5c4I9//CP33HMP48eP71JPc3Mzr776KkuWLGH8+PHU1tayefNmEhISuPvuuzl16hS7du0iPT0di8XC4cOHWbhwIePHj29/n91u509/+hOpqanMmTOH4uJizpw5w5IlSzhw4ACVlZW4XC78fj+TJ09m6tSpvT57UkTkShlNX+/7ci183/y40a+Qo1zvQY4Zaz9ziys/KMOa+bmeI89MFqy2wSYrZqy2gRfdsMRd+sIcZquN4chfzFYbl9KKy2l7RyFWBt2lA1y3y9FnH0RZQyuFXyGDDh5hiH3XC5MFa3+XcEjnPrj7fShi4jo9b7EzC32OCr3SYoZyyiawD28XiYiIjIjIyEhycnI4evQoXq+XiIgIMjMz24M7s9mMYRiYzWZuvPFGxo4NPUtk5syZ1NbWEggEiIyMJCIigtjYWG688UZiY2N71BMVFUVOTk77PofDwc0334zZbMZkMpGUlERWVhY+nw+r1Upubi6xsbFd3mcymcjKysJuD/10MGHCBGJjY4mIiGDGjBn4/f4uU8ZFRESuRRr5OBod2cJz5Sk8dlf2EN5UTsHzu6kKgHnCfO67I2NYgj2RAV3S/SoiIiKDdS2M4BiNI2GCwSCGYbQHjp0ZRuhRMp2393f85bbBbDZf0ojFYDBIa2trexgqInK1jcav991dC983P24UPoqIiIiIjGLXwi9R18IvoyIicvmuha/318L3zY+bYX7ynIiIiIiIiIiIiEiIwkcREREREREREREZEQofRUREREREREREZEQofBQREREREREREZERofBRRERERERERERERoTCRxERERERERERERkRkVe7ASIiIiIi8vFknDvG2+/XUe1pBcBii2fmjTnMHqdfU0RERK4XGvkoIiIiIiJXXt0hXv5zTXvwCODzNLL/z+9RWHcV2yUiIiLDSuGjiIiIiIhcYc3s/7AeL2AeO4E77v4kX7w7i5ljTYCPYx8ewzsc1bR4aGwejoL6YbTQ2NgywpWIiIhcuxQ+ioiIiIjIFXaa0xcAYsi8NYOJUUCUk3m3OhkLcKGR48NQy9nX/oHcr73M2csp5MP/YOVDa3i/r3yx+Ofkzvs5719OHSIiItcxhY8iIiIiIiK9amHPxl/yfkYaM6OHu2wPW/8+m2lPF4+SckREREaGwkcREREREbnCJjJxLMBFjuwp5bQf8Nexd08dFwDGxjPtqrYvrKWIN34HX1gyn2HPHmnhQuNoKkdERGRkKHwUEREREZErLJY5sxIZEwHGhTO8+dqf+a/XDnPoQgAiLEyfNR3roMtq4dBzj5I7I5tpM7LJWvQwzxV3miPtq6bg2b9hfm4203Lv52f7Ova1fLiGVfPD77vnSbae6lpy47aX+d2kv+GBW6Lh1DaeuGcO02ZkM23GfO74p22dpnM38v7LP2Tl/NC+v321uqMQo5qt37ufrPD7Vj13mBbqeemxRTyxE3juYabNyObH+wCjnreffjh8LnP4zPe2UWWEy+m1/j7KERERGUUUPoqIiIiIyJXnnMm9i1xMtkW2b7LY4pmz6CbynEMo5/Bv+bunG/nqH0s4fng/O3/7JEtndBqn+M5vean1bn7zyst8Z95hnv3PcGh4fhvf/vzPGf/kTo4fLuI3txTxtz94rVOgWM8br24jeeUiZpo9bP3Z13kp+2mKD5dwvPhlnlk9h/Htx77MS3un8c3fv8a/PzyWrf/j5fZnQB567m/426N3sKG4hOPbvk700w/zi+JE7vnfL/MvtwBf+CXFRUV8MxcaX/8BX3p9Dv++t4Tjh1/mnqNf5xvrq4G+6u+9HBERkdEkcuBDREREREREhp953HRuXzx9GEo6zhtvFrF06nySp2V13bXoe/z71+9mPOC8cxE/fj008vHsn19mU/PDrLszEcyQnjufma3xHdOrT7zJSzuzeOw7WYAntG3/Tt44PId7siYzs0s1j/LUTx7mRoDPLIEXfOHtxbzx78e59Tt3MTMWmJpN3qxcomMhOn480RYgOp74BBtQz9bXtsGdL3BrPMA0br19Mj/eWczZhz/ZZ/09yxERERldFD6KiIiIiMgV5TtfzaHjZ6mu/4gLLQGMtqnFZhOW6BiciXZSp01lWoJl4MKyHuHXPznLE08/yiefjWbmA0/z//5lCcnmAd4XrjM6fNz4O3/An+7s2F2282Xez72fZ6YB2Fj6T2v45pP/wPfve5knEubznV//ksdmDfwkyJZmiDbHhF/l8tgra/o89mIroenTz3XaeNvl1S8iInK1adq1iIiIiIhcEb6zx3jzjT/z+7fLOXCykXPNnYJHACOAr7mZ6pM17Hp7D8+/sY/9Z319lhcSTfr932ND4X7+vOZhol9qm6o8gHDo2GL0ss84zNbfHGbp6s+Q3LZt/Hwe/+VODhe9zFMLTvHjz/8v9rT08t7urYuFFuPiwAcCMZHAo2s4frSk479fhkZtXmr9IiIiV5vCRxERERERGXEfHd3HS3+p4bQXiIphcmoqn7ptLg+t+CRfbP/vVu6/LYP5qfGMjQLD+xEH/lLElqP9LOd85jDvn2oBczTJtyzh1klw1uPp+3gfXATGz1nEjbzAf74cCipbTu3kd9vqQ8cUv8YvTi3hzgVt05hbKCs+TKMBJGSRvygLmhtp7Cf8C4WaWeTdH82e3/yePY2A4eHQy6/xfuf3tbS9SGTOolx4c2foWKDlRDHvnxpk/S1KIkVEZHRS+CgiIiIiIiPsJIVHPsIgkvGZWTx093xuz53C1LFj6Dqx2sKYsRPIzJ3DvXffyh2ZY7AQ4OyRco70UXJj+Zv8+L7wKtBZD/O78V/nmS9k9X6wGXjnMNUtwNSHeebpRbz/vTtCq13f90vKWi8CLezZ8gJ84WGWJrS98Szv//KvmZ8VWhl7/v/Yz/Knv8bS+N7qsBDNfsqqAaK59ZtreDz6BVbNy2Za1iK+tO0s0QZAIjNvySL6d48ybcbdPHcUku99ku+kbAgdOyObrAee5o+l9QPU37McERGR0SQiGAwGr3YjRERERESkd7W1tSQlJV3tZvTr0NEKZs5I7eeIcrZsrOZszDjuuDOHiYMuuY5drx/m+MUxzFkxl9n9HNly3kOL2UJ8/BCfg9jiobEZouNtoec/Nm7jv8/7R8aueYd/WRDd/7FDqea8h5ZoG/Gxgzi20UMLvZzLZdQvIjIcBv56f/VdC983P2604IyIiIiIiFwZF8/x5sY/j0jR0Qk2Lmn5lWgbnTO+xqKdbJr0N/zpll5K63bsSLUvOr6PYy+jfhERkatF4aOIiIiIiEhY/JIfcHgBGlkoIiIyTBQ+ioiIiIjICEtj2Yq0q92IQYsexNRoERERGRwtOCMiIiIiIiIiIiIjQuGjiIiIiIiIiIiIjAiFjyIiIiIiIiIiIjIiFD6KiIiIiIiIiIjIiFD4KCIiIiIiIiIiIiNC4aOIiIiIiIiIiIiMCIWPIiIiIiIiIiIiMiIUPoqIiIiIiIiIiMiIUPgoIiIiIiIiIiIiI0Lho4iIiIiIXBaTyYRhGFe7GSIiMoIMw8BkUowkQ6e7RkRERERELos9fgxnzp5TACkicp0yDIMzZ89hjx9ztZsi16DIq90AERERERG5tk10Ojhd18DRimoCgcDVbo6IiAwzk8mEPX4ME52Oq90UuQYpfBQRERERkcs20enQL6UiIiLSg6Zdi4iIiIiIiIiIyIhQ+CgiIiIiIiIiIiIjQuGjiIiIiIiIiIiIjAiFjyIiIiIiIiIiIjIiFD6KiIiIiIiIiIjIiFD4KCIiIiIiIiIiIiNC4aOIiIiIiIiIiIiMCIWPIiIiIiIiIiIiMiIUPoqIiIiIiIiIiMiIUPgoIiIiIiIiIiIiI0Lho4iIiIiIiIiIiIwIhY8iIiIiIiIiIiIyIhQ+ioiIiIiIiIiIyIhQ+CgiIiIiIiIiIiIjIvJqN0BERORKCgQh2P5vkEAwtD0IBDt9TPh1+8ft24IEgYjw6wgi2l90bAv9r8vrPrZHRITKiAhv79gmIiIiIiJy7VP4KCIi15VAEIxgECPYPWiEQFu6OAw6QslOCWVvBwyptA6hEDKiRyDZ5eP2baHw0qTQUkRERERERhmFjyIics0KAkYAWsNhYyhwHL6A8WoKjcQMdt3Q79EhEYApIqI9iDSFQ0kTEe0fi4iIiIiIXCkKH0VE5JpiBMEfCNIaCI1wvD6ixuETpGPkZ889IaaICEzQPlrSRFtI2bFdRERERERkOCh8FBGRUS8QDhz94VGOcnkCwSAB6GU0ZWhD2+jJiE7BpDkiArNGToqIiIiIyBApfBQRkVGrNQAtgSD+gALHK6lt9GTXcDL0whQOIc0KJEVEREREZBAUPoqIyKhjBMFnBGlR6DjqBIKhFcL9QG+BZJQp9LGIiIiIiAgofBQRkVHmohGkxdCzHK8lnQPJi0aQyIgIIk0KIkVEREREROGjiIiMEv5AkItGeLqvXNNag0FajY4gMiocRGp6toiIiIjIx4/CRxERuaoCwVBI5dMU66uubbXr4eYP0P7cTgWRIiIiIiIfLwofRUTkqmkxgrQYENAk66vKHBFBjDk0QlFERERERGQ4KXwUEZErrjUAFwNBWjXa8aozRURgi9IwRBERERERGRkKH0VE5IoJBKElEFpQRkYHq/lqt0BERERERK5nCh9FROSK8IUXlAloQZlRJTJCox5FRERERGTkKHwUEZER5QsEuyw4IiIiIiIiIh8fCh9FRGTYBYIdoaOhkY6jWmswSJRGP4qIiIiIyAhR+CijVpBQgBEIBgkEQ6+DQFuO0fY6IvyfKSL8cQSYiMAUEdomIldOa3iEoy8Q1PrV1wivgVa5FhERERGREaPwUUaFIKHQojUYxAiAEYTLiy5C7w2FkhGYw0GkOQLMEREKJUWGmaZWX7sCwSAeP8SYIxRCioiIiIjIsFP4KFeNEYTWQJDW8L8jEVkECU357LqwbhBzRASRptBCC5GmUEgpIkOjqdXXDyMYpKk12P7HmrZR5BGE/mgTpb/YiIiIiIjIJVL4KFdUMAj+YBBfIBQ4Xi1GMIhhQEs48ow0RRAZ0RFGikjvAsHQCOW26dWKHK8vbY+5gNCo8bjIUBgpIiIiIiJyqRQ+yhXRNh3TH7jc6dQjozUQpBXri6LIAAAgAElEQVSA0MifyAiINIWmaOsXb/m4a3skQtu/8vEQbUJf/0RERERE5LIpfJQR5Qtc/VGOQxUIBvEFwRcATdGWj6OuoxtH5x8MZORpqrWIXKuCweD/Z+++o+u67jvRf0+7Db2zgF3sRSTVLCkqdizHlm0pLrHlFDuOJ7HjlMnMezOe917eelnJJFkzzps3JWOn2HHsRBk7rnGPY9mWbMmSSImi2CmSYC8g0W45fe/9/jgACBDtArjl3IvvZy0QwLnnnrNxCdzyvb+9fwjDcPx7XddhGEYVRzQ3KSX6+vrQ3d2Npqamag+HiIiopBg+UskpdTN0rId14CZO0dYwYYq2zqpIqg8KgBitauT6jTRG4/0bEdWoIAjwyiuvIAxD6LqOIAiwceNG9PT0QIvpnZsQAseOHUMikWD4SEREdYer21FJ+VIhFyo4QtVlgKEQTR93hEIukMgFCnao4Mtbm9oQxZNU0e+wK6IGI9lAYcSXyIcSbp3+3dLC8D6NiGpVGIY4duwYgiCAZVnI5XLYv38/XNet9tBm5fs+hBDVHgYREVHJsfKRSkIowBUKQQ1Nry6FsU7aY1O0xzrFsjKS4kCom7+jYrSicWn9hdJiBELBNHknRkS1ybIsbNu2DV1dXbh8+TK++c1vIp/Po7+/HxcvXoRt2+jp6cGWLVtgWRauX7+Ovr4+aJoGy7KwdetWSClx8uRJ+L6PIAiwZcsWZLNZJBIJrFy5ElevXkVfXx927dqFVCqFEydOYNmyZWhsbMSJEydg2zY0TcPmzZvR0tKCGzduIJfLQdM09Pf3Y8eOHchms3jttdegaRqGh4erfbMRERGVBSsfadFcoZAP5JILHqcjlZpUGTniR9VlrlAIefNQmSgVNYXxRFSJmwsUhn2JXCBhhwqeUAgZPNI8eTL63SEiqmVKKQRBAF3XoWkaXNeFUgpCCBw/fhxXr15FGIY4ePAgBgcHAUTrLwLAuXPncOrUKSilxj8GBwdx7NgxCCHQ19eHgwcPYmhoCJ7n4dChQ7BtG6dPn8a5c+eglMLAwAAOHjyIIAhQKBTw/PPP4+LFiwiCAPl8Hi+99BIKhQKklJPWqSQiIqonrHykBVuq1Y7zoRCtoRcAgIjWjDRG14w0tKibNns6ULGkij6EUqOfow/GirQY1ixV2grR/TwA6BpgaRrXgiSiGV3pH8BwNj8e3lXK9k3rpmwLggDPPvssMpkMPM/DunXr0NjYiGQyiYaGBniehxdffBGDg4NYvnw5HMdBIpHAihUr0NnZiWQyCd/3Yds22tvbsWzZMjQ0NMBxHJw+fRqu6yKXy2H16tUYGhpCIpEAADQ0NOD555/Hxo0bsWvXLly6dAlPPfUUbr/9dqTTaQwNDeGOO+7AunXrcPHiRQwODuLxxx9HMpnE1atXp/35zl68goId7ynjRFT/dF1Ha3Mjlnd3VHsoVIMYPtKCRNV9UaUfFU8h6vwdTtiiIQohDQ0wdIxP3ebr+6VLTpguPRYySlYuUhk0WzrfACGikrjSPwApJTat641FZ+mxjtdSSnR2dmLLli0wDANHjx6FlBLNzc0wTRNKKZimiV27duHkyZM4dOgQWltbsXv3bqxZswY3btxAX18fTp8+jb1796K5uRlCCAwODiIMQ6xduxbXr1+HrutoaWkZX2OypaUFmqahoaEBSin4vg9N05BIJNDW1ja+X0NDA9LpNADANKd/aba2d3klbzoiomkJIXD1+iCu9A8wgKR547RrmrexRhUMHktDIeoy7Mloymw+kBjxJbLBzSnbgYwq3ai+iNHO8GN/U2PTpbOBHP+/j5oZMXik0ms0GTwSUekMZ/NY1tUei+ARiNZ8vP/++/HII4/g3nvvRVtbGxzHwaFDh9DS0oLVq1ePh34A0Nvbi7vvvhvd3d04dOgQRkZG0NjYiPvuuw8bNmzA1atXcfbsWWQyGTQ0NODChQuwLAs9PT3I5XK4ePEili1bNt6tOpfLQSkFx3Gg6/p4ZeREyWQSjuMgCAIIIcY/ExHFkWEYWNbVjuFsvtpDoRrEykeal7HOzlR+cnRqbTC+JaqS1Eenauta9O5B9HW0jTlCPChE6zBKRJUXUkXbxj6PVTISVUtC12Dy7UciKiEpZWyCRwDQNA2maU4ak67rSKVSOH/+PEZGRgAAuVwOnufhxIkT8H0fnuehqakJlmXh/PnzuH79OgzDGA8dTdNET08PDhw4gDvuuANNTU2QUuLy5cvYuXMnLMvC5s2bcfbsWTiOg8HBQaxZswaZTAa+708aY3d3NwzDwHPPPYfGxkbouj4+LiKiODIMo+JLa1B9YPhIRSuEXN+x2qLgKpqOO/USQMOEYHL0w0C0RpsOcK22RZouVJSTto0FjPw7oXhjxSMR1TPLsrBz505kMplJ2zOZDPbu3Yv+/n5omoYtW7ZAKQVN02AYBoQQMAwDe/fuRUtLCwqFwvj07fXr12Pt2rXQNA3r169HoVDA2rVrYZomtm7diqGhIbS1tUHTNGzYsAFhGMJ1XbS2tmLz5s2wLGv8/GPjam5uxp49e3DlypXxqd/JZLIaNxkREVFZaUqx/IbmxuCxdikpIUe7OuqjT64NXYeha6OVlJjweTSo1KLrTZz+YxgGLMuCrtd+udRYiDj2G61GA8OJ2ycHjVxzkepLQteQMZlAEtWKa9euoaenp9rDmNWRk33TNn6Jm7FO14ZhQLvlXdmJz3nGSCkhhIBpmlP2X+h5FrIfEVFc1ML9fS08bi41rHykOeWCaM05qi2B7yMIfET/dQpRxHjzs64bURBpGICmQdf1qJpPCoRBCCEENETTljQoaBCA5iFpJZBIJKCPlk5F+4wGl6MbJj51vvVp9MTn1RMvm/QbpiZ/P+Xr8YAwuuTWwBDAlCAx2q80AeJYoDsfuq5B02o/uKX6INTNewMioqVkbDr2dKabNq7r+oLeeJ3tPAvZj4iIqJbxkY5mNeJLVnvVGCklXMeGnFKpqiZ9FkLMuah5FPRNvl4gPGiej2QyCdOypjl+bYqCVzkaLEpAjVZAjFaBTr09588wDCSSyVitiUVLk1AK+QBosuovfhQKMOrvxyIiIiIiqlkMH2lGDB5rz1jwOLZ+EaBw4uhpDFwfxI3rQwCAVWtXYNWaFejs6sDkwFCb9P2Jo6fx7NP7cOHsZdy4Pog9d+3A/Q/dhc3bNgBQ8DwPQRggmUzV9FRsIQQ810W0AsXMt8fY7TnT5cV8L6WA69jQdQOmZcE0DGg1fNtRbRsLIC0dMOpgqp+Egi8AUwcMpo9ERERERLHB8JGmlQ24vl2tUVLCsW1AKRQKDp767o/xL99+BnbBmXb/TEMam7dtwKo1K7F5+4bxqOzi2cv4ydP7cOHspUn7P/ujfXj2R/uw564deO/7H0dXdztEKGCHBViJaCp2raxVFK3fFCIIAkgRdWvTtKjIc3xyuqYwcWa1pim4ArBDICeAQCmEEtGHAgTU+NehjPZvMoEmE2gwgSZTocGIji+EgJQCnoqmc5mWCcuqnduP6keoFEIB1Hrl8kRKakixuJiIiIiIKDYYPtIUuUDNez07qr4gDAEoPPv0fnz+c1+bMXQcYxccHNh3GAf2HQa+VPx5Duw7jBNHT+ORRx/EY+9+EwANYeBDhAESyVQs1i0am0ItpYimT49+BkanVquba1+OVTQGUkO/p9DvAQO+Qj7UkBcKhRDIh0BBAIFc3LiWpYA9LRp2twIZQxsNOBUC30cYBLASCVhWYtE/P9FSJpSCUBqnXhPVhBAjZ4/hmSODGPSjLUYigzXbN+K+ta3g+whERET1ofopAcVKns1latJYgHW+71JRweNi2QUH//TFf8azP9qHD/7mE9i8bQOUUnAdp2pVkEpK+EEAEYaQspiUMPo93zeksG9Yod9TmLysY+n/Dq66wHdchWcHgY0NCr1pDavSCt3J6P/Qcz2EYVjzU9mJqi2QilOviWIvi9deOILnLvuTtgrfxpkDB3Hl2gY8ek8vGqs0OiIiIiodho80rhAqhAwea5IIQ9y4PoCP/9Enyx48TnTj+iA+/oefwJ67duCJDzyOzq52hIEPKQSSqcoEaEophGGAwPdHKxond9S+1UgAXHCA87bCWRu44pZ9iFNkA+ClYeCl4Wi8m5uAu1o1bG4CpBBw7AKsRBKJBKsgiRYikODUa6KYc069hhcu+wBMdG3ZgNdvWoY0bFw8eQw/Pp6Hc7kPz5xqx6O3Zao9VCIiIlokho8EAHCEQlCCbr5UHWEYzrq+Y7mNTcV+7N0/hze+5QEIIeDYNhKJBKwSB2hjU6qFEJBCIAxDADfXbHQEMOADgwEw4ClkwyhwHPvsLXLqdDmcyAEncgpbm4A3dGnoSQKB7yEcbejD7thE8yOUQig1mCwgJoqpYbx6Jg8BoGXjTjy6tXl0ewa9W+/A28UL+PJrLq6fOYfB27aivZpDJSIiokVj+EjwhIInGDzWslw2h+ee3l/VMdgFB5//7NdwYN9h/Pb//qvINGTg+x6EFEgmUwuahi2EGA8Zo+9DTGgJg4lrNl52Newbktg/VMIfqsKO5aKKzJ/t1nBXmwYlZTSV3bJg1VBDH6I4CJSCCf7NEMXTAAYKAJDB+vHg8abGre1of+0yBgs2LgIMH4mIiGocawKWuEBGVY9Uu3zfw09+tK9qVY+3OnH0FD72O3+M40dOQSkgDEI4dqHIdRhvGque9L1oHcQwDKFUVPk48fOpvMKXLil88kxtB49jCgL4+hWFL12SGPSjn9P3fTi2DTEawhLR3MIYVjkT0a10TNtVxtDZbIaIiKiOsPJxCZOKwWOtU0ohCAK8sv9wtYcyiV1w8PE//AQeefRBPPGBx6GUgmMXkEgmi+7mLISIapZGC5cCGa2VmBXAZQe47CpcdoAb/mxHqV0HR4BztsLDXRruaAWUknBtG4ZlIplIQmNDGqJZses1EREREVE8MHxcwlyhINlgpmZJKeG6Dgo5GyeOnq72cKb1L99+BsePnsavfeS9WLV2ZdTNOQhgJZIwzdnvfkzTxD9fdHGyEIWOubBCg46R4QD42mWF03ngoU4N3cmokjQMQliWhUQyyanYRLMQSsHg3whRbORPH8C3D2XhjD/9zOPAV5/GgZmvEV2umejduRM/u2HqFG0iIiKKP5bOLFGeUPDZYKYmhUEA17Hh2AUoKfH97zxT7SHN6sLZS/j4H30Szz29D5oWhaae68AuzD4V++VBgR/eAC45SzN4nOhQFvibcwrPDwESUXOdMAzgOs54h28imorF/URxch7PHZkYPM6DCnHxyGkcL/mYiIiIqBJY+bgECRVVPVJt8X0Pge9jYtZ04/ogvv+dH1dvUEWyCw7+5pOfx4H9h/HBjzyBTEMaSkk4dgHpTAP0aaYQD8SxLXUV2QL49lWFfUPA7c0a7u8ADCXg2AWk0mnoOlfHIrqVkJh+PTkiqoIAoQCARux5xx3YVfT1TuPbX72I60KiTldaISIiqnusfFyCXKHA6LF2KCnh2PZ48Khp0cdPn9mHP/wP/yU2jWaKcWDfYfyH3/1jfOPL34NjO1AK8D132n3XNPDuaTrXPeD71xWevKAwFGB0PU1n3g19iJYCwcpgoiXFu3oGp87l4N3an82+gVNnLiJr33qFHC6cOYPrWW/yduEhe+4MTl2deqxYnoOIiCjm+Op+iXGFQsDp1jVDKQXXdSCEgFJRpePnP/tP+Nhv/zE+/YnP11TwOMYuOPinL/4zPvY7f4wD+w4jDKOu1o5jwy7kkc/lkM/l0Gu4eH1ntUcbX6cKwJMXFM4WxgJIG2EQVHtYRLGiwKnXREvG8x/H1gffhjc9cg92//krN7eLF/Anux/Em978Juy+77/h5fELLuIff/0ePPTmt+GeO/81vn795lUufPkj2P3I2/CmB+/Bb37jRszPQUREFH+cdr2ECBWt9Ui1w/c8SCnh2KPTlvfFq6v1YtgFB5/5i8+js/s3sXrtyvHtE3tDvKFbQ2sC+Opl/t5Op98Dnryo8NhyDTubFbzRKlLTsqo8MqL4YNMZovjLn3wJ3ziahw8Ty7ftxJs2zb+xTHboZrLnTSwyLGTRP/a1PXHidg7XL9z8zp1QZZgdunTzm0nb43gOIiKi+DP+4A/+4A+qPQiqDFcoVoDUkLGqxxNHz+BP/u//jgtnL1d7SCUXBCGOHDyBN77lQQCAJkKYBQe6H8DK20hks1hnD2ODLGCfbKzyaG9SQkCKEEoEUCIEpISSAkpKQAM0rXJF5aECjmSBpK5hVVohDAU0TYNhcKE7IgDQocHSGT5SbSsUCmhsjM/j4HSuDwyju6Ntlj2G8NrxLGwksHzrCvSMbz+PHz3bjxEJABL5QRupzcvROef1Jkt2dqFdeEiuvR+//u63YXv3aI1FshvdHQKu1YsHfv29eHxb12j1RTPae5oB0YDb3/1ePH7/GrSMPny3tC9DixTI7HwXfunx+7G2Oc7nICKqrLnv76uvFh43lxpNsVXqkhBIhULI/+paEoYhXjt2Ch//o0/W5PTq+fjDJ96I29etnnWf78tGfDk1+z7lpJSC8BwoIaBbCRiJ5Bz7S0ApaBVsBPMzHcDP9WhQCrAsC8lUqmLnJoorU9PQaDF8pNp27do19PTMFLvFw5GTfdi+ad0se4w2jpnScOY8vvf1PlwZq/4zmnHPY3uwZc7rERFRNcx9f199tfC4udRwzcclYsqC1RR7Ugp8/nP/VPfBIwC8+NoFyDneB3mjnsdup3/WfcpBKYXAySN08tANE1ZD05zBIxBVP44HjxV6j+cnA8BXLkXnCoIAnjt9Mx+ipYStmIjibjXu29KIhAZAM7F8y4YJwSMRERHVA1brLwGeUAhZ4FpzbvQP4sTR09UeRkWcvHwDYRgiMcdahT+jhvEKuis0KkD4HoTnwkgmYSQWUUVYwfXmDowABaHwK6s1BKMNaBLJJDSueUdLVPTGBn//ieKscdMdeN+mao+CiIiIyoWVj3VOKsBj2UdNeumFV6s9hIpx/BChnLs8d7sZYrM3UPbxKKUQFHIQgQersWlxwWMVnMwDf9Gn4EmFIAjg2Da4wgYtZZK//kREREREVcPwsc75Us05nZXiyXW8uXeqExcGRiBEcSn5neFwWcciRQhvZAi6aSHR0FzR5jGldMkBPnEGGA4BKSVcx2EASUsWw0ciIiIiourhtOs6JlXU4Zpqk5RLqWS1+N/Te7QCfhjkcNlqKvkopAgR5EdgZRqLWtcx7oYC4M9PK/zaGg0rUgKObSOdyXAKNi05Epx6TVR9FkwDgMjjwFefxoH5Xt3QkSjDqIiIiKj8arOkh4ris9SjprV3tlZ7CIsipUAY+ghFEHV+nsWKtuKDRMs0sdrPLnZ4U0gRIihkYWWKayhTKnPdNovly2gK9ulCFGjbhcISC7aJWPlIFA+rcd/2ZqQX8j6AZqJ3OxvREBER1SpWPtYpVj3Wvp27t0FKAX2sY3INESKEqSvceVsvbmTzuDAwAj/wYZrTNz5JW/P7GdcrG8+XarAYCx5zsDJN0M3Zm96UWqWmdX/2vMK7VwK7mgHHLiCdydTk7xbRQjB8JIqHxg178J4N1R4FERERVRrDxzrlCgWTUytrWu/KHnR0tmFosPRVfuWklMK6rmb83mMPYXl7G0zdwIht44vPHsDXXzwMw7RgGtaE/SXWL2tHco5O1xNth13SMQeFHMxUuuLBY6V96RLgCeDedg2B4yKdSTOApCWB4SMRERERUfUwfKxTGZPBYz14/OffgL/9m6+iltYqa06Z+L3HHsK6ZcugjwbgXS0t+OijD+OB7bfhr777LE5dvQFdN6AAJAwNb9m7BYl5hI9NuoZeP4uLieZFjzf0HCgla66j9UJ946pCoIC3LNMA30E6k4FhMICk0hjL+Cb2NlITP6uJ29Sk1V6Vmrz//I+HaY4XnYNvxhERERERVQ/DR6IYe/StD+NvPvXlmqpOe+sdm7Gyo2M8eJxo55pe/LffeA+eO3oKT716AkopvPPeXVjd1TWvc1imidv8odKEj64NM5le9HFqyXevKQRK4rHlOmzbRiqVgjWP8Jeqo1zBHtRs4d1sYaCacjkREREREdGtGD4SxVhzcyPued0u7HvxSLWHUhQpBW5fuxKpxMz9KHVNw89s34j7tt2GMAxhGDqMBYSrK6W7mKECAJQUkEEAo6lt0ceqNU/1KwRS4p0rNDiOAwBLOoCcLdgb/1pNjtvmDAMnXWe24003BgZ7RERERERUHxg+EsXcjp2baiZ8XNnRjN7O9qL21TVtXlOtb7UG3oKvO0YGAYxkCppemaYvcfPMDYVAAk+s0uG6UZhbjgByfkFc6YK9aa+DaF3SW7cRERERERFReTB8JIq5Bx68E5/59FdQC+s+rulsg2lWZop4ly6RliEcfeF3YyLwYFgzV2kuBT8dVHClwBO9Oty8jWQqBSuRmLkqb8I3s62zd+t2IiIiIiIiWpoYPhLF3IoVPZBS1sS6j53NDbCMytytGLqOZUEefcnWBR8jqnxcWus9TufAMOBJiSdWavAdF2YgkEwtjQY8REREREREVF5Lc64hUY3ZuXNztYdQtEp1TrZME8vC/IKvr6SEFCF0dnoGABzNAn93QUEphSDw4bmLX1OTiIiWDl3XIYSo9jCIiKiMhBDQl+iSVbQ4/K0hqgFSymoPoSgnL99AGIYVO1+XXPi6j1JE49RqoKK0Ul7LA585B0ilIQgCBpBERFS01uZGXL0+yACSiKhOCSFw9fogWpsbqz0UqkGcdk20APNrhqGmXn7LmnkTt0+3zl7X8i4cO3ZmscMuu4sDWWQdB50V6prcsYjwEVIu2UYzs+mzgU+dU3j/Kg2ADwCcgk1ERHNa3t2BK/0DONl3sWbeNCUiouLpuo7W5kYs7+6o9lCoBjF8pNhZTGdc4GYgOG2zjGnCwqnHnO461W2g0d7ZVqUzz4/tB/j8T17Bbz/6YEXO16MtvLpCKQloDB+nc9EBPn1O4ZdXaWhBACklUuk0NC3+TY+IiKh6lnd38EUpERERTcHwcYkpNti7+UkVHewVf8zpu+OyM+7MVA3dOP9y8BR2rFqGh3duKvu5OuFDw8JCYaUUw7RZXPOAvz2v8Iu9QFcyhGPbSGcyvM2IiIiIiIhoXhg+1oF8MM203rGvY1C1R3ETNRSRcrRqUNOg6wZMwypZsPSX33sBG5d3YWWZKzYtw0Rb6GDQnH/Hak3To+pHmtGAD3z2PPC+VRpWpiQDSCIiIiIiIpo3ho81zpcKYS2VxVHVCSHwlr2bcedtq9CSyaB/OIcfHX4Nz588B8tKQi+qAYuClGrGTme2H+DLz7+K333bQ6Ud/C00TUObcBcUPuqmBSUEFNd+nFU2BD53XuGJXg3rMgJhGMKq0JqeREREREREVPsYPtY4jw0Fl4RSFprds7EXv/LwXWhtbAIAbFsNPLxrCw6du4g//dL3MOIEMI2Zw6Uw9CHEzY7WmqbDMEwYxuS7k/PXh+AHARLzDKqkUgjDsKjrWWZU+QjMv8JSN01oug4Z+jASbKgyG0cAf39e4T29GrbqPsNHIiIiIiIiKhrDxxonWPW4JJRymuudt61Gc0PjlO071/Tik7/5BP7ki9/Fq2evwjSt0crG6NxSCoRhgJ1revBLD96B1V3tOHd9CK/0XcI/HziG4YIDw7CgaToABT/wEIjiQsSJPN+HMY9KxLbQndfxJ9JNCzIMYSQWfIglI1DAkxcUPrJOYF0iYABJtYUrBRARERERVQ3DxxrmSwaPNH+OH0CfIcxsyWTwnz7wTnzlpy/ji88ewFDeGb8slbDw8/fuwjvv3YWWxibomoa2pmbsXr8Gv/L6e/DV51/Bd146iksDI2hrTOOJB/YgYc4/oArCEEai+DSwU/nzPscYM5WGn8/BTGdGQ1Oay/4hoDfjMXykmsK/biIiIiKi6mH4WMN8TrleOkpY+Xh1KDvnPu+8dy/edudOnOsfwMWBIUgpsXtdL9KpJDLJqVOUDd3Au++7A+943W64vo8gDJFKJGGZ87+L8cMAqXmEj80qnHunGRiJFHTDhnAdmOmGBR9nKdk/DNzZJln9SDWFPZKIiIiIiKqH4WMNY6OZpSOTKc2ahGHoY+Oy9qL2TVgWNq5cho0rlxV9fEM30JCaf/OXMUopBGEIcx6hZQaLS+GNVBqhU2D4OA/7h4CVaQ+mabLzNdUEVj4SEREREVUPn4/XKE65XlpWr+td1PWVUggCF3dtWIm9G1aXaFSl53geEqY147Tw6TRri/tbMJNp6KaFwM4v6jhLyf5h4JIj4boOFN8EoRrAjJyIiIiIqHoYPtaoQFZ7BFRJt+/dASkXXuFnQOBdr9uF33nrg2hrbi7hyErL9T2kknNPuRZSwA8COJ4HK3Dm3H8uicYWAIBfmHtKOkX2DwEiDOE6i7/9icpNY8cZIiIiIqKq4bTrGhVWofLR0jVYOpDQa/tFnFJR5agnAVlDVVubtq7HqRPn5n09IUJ87F0P4/Z1qxY1JbrchBDwwxCtTVE4GgWMIUIhIKTAjXQzhswkBhMNGNaTGDaSGIaFYaFjkTOvAQBWphGha8PPj4yHkTSz/cPAhgZge3MIIQQMw6j2kIhmVOMPW0RERERENY3hYw3ypUKlIzNL19Bg1serN00DkoaGpAE4IeDVyBT2B3/2Ppw8dga6Pr+QZ/f6FdixemWsg0cAyDlO1GimtQVBJo2v5ZMY1BMYViaGhY7hYHRHhShsLEPDJTOVgfA9+IUczGQK+gK6dS8lX7gE/KKuYbvhIZ3JVHs4RDOqj0cvIiIiIqLaxGnXNSis8JRrQ6uf4PFWSaN2fq43vfX1aG1vBuYZPa/pbJtX9+hqEJYF83V3IvnmR+Dt3AZndS+uJBrxipPAWXdC8FgBRiKJRKYRwnO5DmQRnh9UCMOo+pEorl/yGH4AACAASURBVFj5SERERERUPQwfa1Cl13usoXxu3nQN82puUm0f+I0nEITzT+ISVrwr+MTG9TBaW8e/dwKBS9VcSlDTYDU0QTct+PkRCN+r4mDi7UwBeHkECIMKJsRE81A79/BERERERPWJ4WONCaRCpSdd13vFSC39ePc/dA/e8Z5HEYQ+iq2AlDLe3YlETzdEe9ukbZcLIbJhlQY0gZFIItHYDBkG8PNZqJjfltXy/CBQ8PzY/67R0lRLbzAREREREdUjho81ptJTrgFA1MaSiAtWS01nAOCXP/QevOmtD8H3PSg1+y+EUgor2poqNLL5U6YJf8PayduUwmUnTv8nGqxMI8xkCoGdQ+jGuLtzlX6Xr3nA84MagsCvyvmJZsPokYiIiIiouhg+1pigCtlCIBW8Ok0ggyo07ymFD//uB/G//f5vwTA1BIELIaaWCUopYBgS63raqzDC4vjbNgP65LshKSXOFOL3v6JbCSQaW6BpGoJCFsJzqz2kqTQNwvcQOoWKn3r/sELeDaBqLMyn+sfCRyIiIiKi6mL4WEOEql6VniMUghrpCl0sVygUwtr9me5/6B781ZP/H375Q+9BS1sjPM9GELgIAhee78C0dPy7/+f3sH7rpmoPdVr+lo2QzVOrMkUY4oxdhQEVyUimYDU0QymFoJCLXQhpJJJQSsEZvAZZwUrE4QA4lFUQYQzmyxNNwCc6RERERETVpSmWqdQMTyg4Va5A1DVtygu5a67EyowOS9dqpjmNGv1H4ebKiVIpBBLwazRkPXWyD4cOHEEhb2Pnnm24fe+O6AIpkTpwCJoTn+nC/sYNED1d017WN1jA/zhVO52TZeDDt/NItcSrwtTLDkH4HgwrgWRzW0XKv9ZmgA+t1dHQ2Fj2cxEVK2VoSNXKgxPRDK5du4aenp5qD4OIiKgm8HEzfsxqD4CKF4eZz1IpTFxlMGVo2NBkVG08C6WN/jPx5aihabB0IKk05CrdUrwEbtu0DrdtWjf1Al2Hu3cXEsdfgzEwWPmB3cLfshGis2PGy8/ka++2jyMr0wQZBhCBD3vgGqx0A6yG8q7/edYGTuUVdqQFDKP27heoPjF3JCIiIiKqLs5GqiFxCB8n0jUNiTpshW1oQINZZ38amgZ/6yaEvSuqNgSVSsG7fceswaMQIc7FcL3Huei6ARkG1R7GJLppwsrcDBsDp4DQK3/166sjCr7vlf08RMUyuOgjEREREVFV1VnCUr+kAkTMZsibGlCH2SMAwNKjcLXeBGtXw9+6CSphVfS84bIeuHtvh2yafTpuGIQ4G5/Z4UXRrQQSTS2QIoRv5yq6zuJczFQaRiI1/r2fGyn7OQ9lget2CClZwUrVp6F+H6eIiIiIiGoFw8caEcYseATq/wVdvf5xiI52uHfuQbiy/FWQKpGAv30LgtvWFfULc80Oka/RfiVmMo1EpikKIGNUBWmlM5O+D+x8Wc8XKuDVESAM4nMb0NLFqkciIiIiouqr13yl7sRtyjUQVWPWs7qu29J1BOtWw71zN8IVy0rejEQ2ZOBvvg3u3Xsh2lqLvt5Zu3Z/qdRopV+ioRl+bhiIyRsGupWAmUqPfx+Fj+Ud26EcEMQogKWli+s9EhERERFVHxvO1IgwhklYIKMAsh4rIAOpIGMSHpWTSqUQrF+LYM0qmNcHYFzrh55bWGWcsiyIrk6Iro45p1fP5IJnAKix0kelEHoudMOApiegmxbMdAPckUGkWmde37KSzFQDQs8dD0T9fBaJxpYp+4WuDTOVmbJ9vq57wCtDEncnAlhWZaf4E01Uj49PRERERES1huFjDYjjeo8AoKDgCCBjaKUunKsqTyg4cSw1LSfDQLisG+GybkBIGNkstHwBum1Dc73oY3QarTIMqGQCKpmESqcgGzKQTU1QmfQcJ5nbsF9bt7sSAr6dgzc8gOZVG8a3m6kMlJRwhwdiEUDqpgkrlUHgFAAAoevASjdCm9CROijkoJlzPyQUG1AeygJ72xk+UnUZTB+JiIiIiKqO4WMNqHYOFi3Yr2G6l3BKAWfyAiszOixdi/0UNzX6j5r4/ehnpRQCCfj1Pp98LoYeTZWex3TpUlmeMXA6Jyp+3oWQgY/+Qy+ga8fdSE4IHsdYmaj60x0ZRKqlvdLDm8JMR9WPSka3r58fQXJ0XML3EDgFpNu7Zz2GnxtGoqm434uTeeBcPsSmlISuc4UPqo64PyYRERERES0FDB9rQDWbzSQNDSl99srGRsuY+cKY0QC4UsGtdqJL03rnmhSGPIkjw/Geei18F6HroPv2e6EbM9+NWplGwM7Dyw4h0dQKrYolwpquw0xnEBRyAAAR+JCBD91KQAY+jEQS2iwhoZcbgplqmNc5j+aAdS0+ksnU3DsTldhMb5oREREREVFlMXysAaJK6z2amoZ0HZaNpEZ/JgaQ8fShTRn83WkHBwbi2bAkdG0oKZFsbitqfyvTCOG7CPIjMJJpGIlkmUc4y1hSGQjPgQyjcNfPjyDV1gVoGoxZAkI/PwJN02FYiXmd73AWeL0bMHykqqjDhy+imqNiuGwQERHNTzULKKh+cC5czClUr/IxZdbvnYzJdcBi7Vc2pLG3I35rBQZ2DppujE+pLpaRSMFqaI5CSHthDX1KQtMmVS9KISA8F2YqPWOw6BeyEIGPREPzvE83HACHcwpBEM8gmeobw0eiylJKMWwkIqpzvK+nhWLlY8xVq+oRqO8XbvX8s9WLd61NoS8vMOTFo9W7nxuB1dAITV/YMgOariPR2ALhufDzIzCs5KzVhuViptIQngMR+AAALz+MTMeyafcN7DxCx0aypQ0L7Sp1JAvc2e6z8QxVHO/niSpHKQVN08ZflN76wpQvVImIas9YxePYffjY92P396yIpPlg+Bhz1VzvUakF5w2xx+fA8Zc2NLxvXQqfOG5XdRxKSgjfRaKppSTHM5IpGMkU/NwwpAjnXUVZCmY6Mx4+QgGhU4CZnryeY+jaCOw8Eo3NMKyFTxU/mQfO5wU2svEMVZhRrw9gRDEz9qJUSonjV/L49DMX8GLfCLwgHm8eEhHR4iUtHXeva8GHHlyFLcsbGUDSvPGVYMyFVXzeFtRx1+dqhrpUvNuaTdzVWdqKucSFPiQu9MHqv1LU/kpKmKlMSccAAImmVsjQR+AUSn7suRiJ1KSqS7+QG++CDUQNdfx8FlZDU0l+9sNZIPD9RR+HqFgaAK6uQVR+Y8GjUgrHL+fx4c8exo9PDjF4JCKqM14g8eOTQ/jwZw/j+OX8pPt/omKw8jHmqvnUzREKyTqdt+aKufeheNjRZmHfjYWtGah7LpKnjiL52jGkTh2dcrlMpuCvWg9v41Z4t22DnGYatG6W727SyjTByw5BN615N3NZ9LlTGQjPHf8+dAqwRtd1FL6HZFNryaaFH8kBP+sHSKbYeIYqQ+e78ERlN1bxIqWEUgp//fR5ho5ERHXOCyT++unz+LMntgIAdF1nBSQVheFjzMkqv5Mw7EukDA2WrtX8+llCRdWc7HJdW3a2mdjQZOB0rvjE2BgZQuNPf4D04Zdn3U/3XKROHUXq1FHI5Ldg33E/7DvumzaELAfdtGBlGhEUctBb2iv6oK1bCZipDEI3mtYeODaMRAq6lUCisTRTzMcMB8ChEYXXpQOu/UgVYXJeB1FFjK3vKITA/rPZag+HiIgqYP/ZLIQQMAyDlY9UNIaPMRaXWc+uYGBH1fVrmzL4s8OFOZvP6J6Lph9+a87QcabrNj73FDIvPYvcG94KZ/vehQ53XsxUBqHnQLgOzHTpp3fPeu50dO6xRVAD10ayTBWYR3LAnR0MH6kyTL77TlR2E6sehRDwqrlWEBERVYwXSgghxqseua47FYO/JTHGvI8okjY0/NrGNFKzlN+mj7yMzr/6+IKCx4l0z0XLd76M9i98quh1IedDBj7c4RuQIhzfZlhJiMAr+bnmohsmrAmBp/DcSVOxS+lkHjiXDyAlX5xS+bHykai8Jla6KKV4305EtMSMvfk0hhWQNBc+PY+xak+5JoqTlRkDv7YxPWW77rlo/8Kn0PKdL0MvYXCWuNCHjs/9ORqf+0HJjhu6DtyRQeimBd24WXhuJJIQvgclKr8YqZlqgKYb498Hbvka4BzNahBhOPeORItgahpY90hUfhObDTB8JCJaWiaGjwweqRgMH2OMT+OIJltheni48+b3jc/9AJ1/9XEkLvSV7ZyNzz2FjhJUQYaODT8/AiORnLKmYhRGGhBh5TtCa7o+qfpRBgHCMnXgPpwDPJZ0U5mx6pGossbWfSQioqWD9/00X3yKHmNxWfORKA58z4MUAvc3uOjd9wN0/48/QuNzT5W02nEmRv8V9HzxU9hy7LkFXT90bfh2FlamEcnmtmn30RNJyKDy4SMAmOkG6ObNtRgD14aSpa/CHA6Ao1m+rULlxfUeiSqHVS9EREsT7/9pvthwJsZYIER0UxAEOPPyUfzwM19GaLsVf+ckdFwMf+tb2HauD8df/66iO2KHngMASLf3zNrN2ko3wMsOQXgujAp1257ITGXg50cAAEoIhI4Nq6Gp5OcZDkp+SKJxuqax8pGIiIiIKGb4FD3GuOYjUUQKgevnLuG7//NJeHb5Kx1nM3j4KHq/9CkYI0NF7W8m0zBTmVmDRwDQdAOp1k4EbgGha5diqPNiptIwJnS6DpwClCj9+oytCT7sUPnM0pOKiIiIiIiqhK8CY4q5I9FNSins+6enqj2Mcf6VK+j+uz8vOoAslgwDpFo6IDwXgZ0v6bGLYaYbJn0v/NJ34G5JGnPvRLRADB+JiIiIiOKH4WNMVb7nLVF8CSFw+WT5msoshHJd9H7zyZKtOekXsgjsPJQUSDS1Qvju+JTtSjESyUlrP5YjfOxI8mGHysfUmT4SEREREcUNXwXGFKdcE93Uf+5y1adbT8e7cgXbjj2LxeQdMgxg37gKTdOQaGyGphtRB+pME4JCHkpU9q0IM5ke/1oEfkkbz6xt1NGZ4sMOlYehaTCZPRIRERERxQ5fBcYUm80Q3eTmKz8FuVi5557Dry4PsKVl/v27QtdG4BSQau2AlWmCpt+ckmwkkjCTqYpPvzaSKWDC+pQlq34UIR7o5EMOlQ+nXBMRERERxRNfCcaUZPhIBCBa7/Fa38VqD2NGnu3CO3IEv7E5g8dXF9mlWil42UFohoFkU+ukqc4TmakMhO9CBn4JRzw7TdcnT70uwbRy7+I5XPn0f0fu8IFFH4toJuxyTUREREQUT3yqHlOsfCSKBL6P3MBwtYcxq4vHTgMAHlqWwEe3Nsy6rwx8iMBHsrkdhpWcdV/NMGAkUgj9yk45nxg+ygVOu/avXUZu/7Pof/KvcfkT/wneudM4dOB4qYZINImGaNo1ERFRXNy5rhVv2NqJTILN9oiI5j9PkCpCB6DzhRQtcVJKCN+LXbOZW+UHhmCO/r1uaTbxkc0N+IsThWn31a3EvI5tpjNwhweQyDRNmg5dTrox4aGhyPVn/SsX4Z3vg3uhD96FPgTXr908nm7ANBO4cPYSNCFgmHzoodLjtGsiIirW7z+2EW/f04Njl/P46GcPwfZLu8b2o7u68e/fugHphIGvvXQVf/rNUyU9PhFRreErwBhSAKBFlRwaorxh8tfaNNuI6k8+72Dg1FncOH+l2kOZ1cCFK2i0bv4V3tVp4uyIhu9eXXwJ81gVoggDGPMMLhdKM26+Q2+mMtPu41+5CPfsKXgXzkZh48D1KfvougHDsKDrUZH92TMX0WBpMNkVhIiIiKpMA9DVlMC2lU3Y31faWTa2L1DwBJQChu2gpMcmIqpFDB/jSAHhrIs+znzZpGCSASbVMMdxIITA95/8ZrWHMif3lk7cQghsmD6zqwnCdca/Hut+7V+5CPfMyaiy8XwfwuHBSdfRNA2apkPXdWiaMR443iqbzaO9vbV8gyciIiIqkW0rGrG2M4OzN2wcvTy1CeC2FY3obU/jlfNZ9GdvNun70fEB/Oj4QCWHSkQUawwfY2gxtVIK6uYsyVkPxACT4svzPARBgP3few79Ma96HOMWHKQaoqBO13V8/UrtLtwaeg6C/isILp1Hvr8f7oU+iOzUigBdN6AbBgzdQLF//dlsgeEjERERxdqO3ib82zevx/aVTdAQvXI6cimH//LdMzh8MYd1XRl87K0bsGdNCzQAfijRn/PR1ZTA5569iNdv7cBt3Q2wfYG/f+4SPvX0+fGp3q9eyKK9wUJve/S88cXTw/jYPx4r+dRvIqI4YfgYQ9WOLBhgUjVJKeG6Lg79+GU8VQNVj2PGgkcAGPCBC84sO8dY/thBXPn8pyALeZhmAroeTcG+WdV48/NCZLNTqwaIiIiI4uTDD6/B9pVNGLEDvHI+i92rm7FjZRN+8w1r8FufO4z339+L3atb4PgCr5zP4rbuDHrbUnADibwbou+6g5VtKWQSBvasaR4/rgbg9lXNEFLBDyWSpo6dq5rw6O3d+NK+2njDnYhoIdjtOoaqHT6WgoKCVApCKYRSIZAKvlTwhIIrFByhYIcKhVAiH0jkAolsIDHiSwz70eesr5ANFHKBQj5UKITRdZzRY3giOmYggVBFHcKlqo/bbykLwxD9F67iB/9QO8GjvKUpSyGs3d/Cwae+CVnIQ9N0WFYSppVEIpFGIpGCaSZgGOaCg0cAECHf1SciIqL4emBTOzYta4CUCt862I9//4Vj+NbBfgipcFt3A955xzLsWtUMXQMOnBvB7z15BN94pR+BiF7/jNgh/q8vHcfVYW/a41/Levg3/3AUf/DVk8g6ISxDR0djZdb1JiKqFlY+xlCRzWXrmkIUYGIRFZhRJaU2XlU5bROf8W2swIwLpRS+8l//bso6inGWTCcnfb+20Zhhz4XRdB2QsqTHnI5/9RKCi+dhWSmYpgXTLP0TYcMo7W1DREREVEpNKRNJS4dUgBtEz78GCwFCqZC0dCxvTSFlRW/EDuTn30zG9gSePz2EO9e1wgsl0gk+NyKi+sfwMZaYPpaCQhRkTdow695TMcCsvPPHzmDkxlC1hzEvPWtWTNm2pkHHuUJpAkPNMCClQLmfmuZffn58mvXYZyIiIiK6ydD5DJ+IaL4YPsYQo8f4KEeAOTGUZIA5Da32fuJl63qnbHukR8d//sRXYHV0werogtnZDbN5/o1WZOADSkE3yn93XTh6EMDY+o7lCR8bm2q4DTgRERHVvZwbwgui9RjHKhzbGyyYugYvkBhxAoQieoO5o9ECADCPJCKaHcPHGOK06/pSzgBz7GugfgJMVYN/ABt2bJyyzT95BCPPfG/SNquzG1bXMlhdPbA6uucMJYNCDkpKpFo7yzLuiQqHDyAcvAGgfFOjW1qasH79qrIcm4iIiGi+Ohot/NkTW8e/D4TCP/z0Es4NONi9uhlv3tmF7uYk9q5phqFrOHPdxmd/chG7VzdjeWsKd61rxT/+1h3obk7AMjQEC1zamuElEdU7ho8xVHvRC5VbJQLMSUFmFQPMletXQSoFvQoVkFJKCCmgABi6DqOI6j8hBTbv2T5l+4njfTDNBJSSUEpBKYngRj+CG/3Ascn7Go1NsDp7bgaTXcuAMIBz7TKSK3qR2LKrRD/hzOwjr4x/Xa6qx917ts69ExEREVGZXR3x4I12m85MWHNxxAkxkPfxlz88h3/36Aas68rgke2dUADOXLfxlz88BwD44otX0NuexuqONNZ0ppF3Q0gFhELBC4tbdsf2QnihhGloWN2RLsePSUQUGwwfY4jhI5VD1QPMCZfNpqG5EYl0AqE7/wW8F0oqBT/wEcoQnW0tSCVM9A+NIPBDJK0EtFkG3rWiC6mGqU8Yz5+7DGPaqdJqNIxUkFJCKQlZyMPN5+CePTVpzyDw0P7I29FY5vBR5LLjU6513VhUN+vZbN22vizHJSIiIpqPTz19Hp96+vys+zzxiZdx57pWdDcl0J/zsb9vePyy504N4bk/fwn3b2yHF0rcsbYF77+/F14oMeKEAID3fuLlScf7j19/Df/x66+Nf3/0ch4f+dtDWN6SxMEL2RL+dERE8cPwMY6YPlJMVSrA7F69ApdPnitqTFJKKKiiqhRnur7tu7h3zxa84Z5daEynYZomXN/Dt5/ehxcOnkQmOfO70ctX9ky7/eqV6zNcQ4t+fm1qheFYhaRSMrr1NMC/WNztsBiFQy9DBT6A8jaa2bKF4SMRERHVjomB40SP7enByrYU9vWNQCmFu9e3wjI0DOT9Ga8znf6sh/6sV6rhEhHFFsPHGGL2SPWsmABz5ZbbZg0fAxEiFCGEvLmwjqbpSJoJmPNYrzAQIaBJ/KtfeBO2b1gzKcBMWhbe/aYH0N7ahO/9+BUkrcS0x2jvap+yLQxDDA/nix7HzZ9Bg6YZwGhfa13TEVwof/hoHxtrNKOVLXxcsaIbW7YyfCQiIqLa98j2LtyzoRUffODmWtY5N8TXXr5axVEREcUXw8cYYvhIS13PLE1J/DBAMmli76b12NC7DKtXdKEhncahU2fxrR/ug+N4c06VBqLgsakxhV94889g67rV0+5jmSbe+Lo9uHxtEMdOXZo22AxvOY8QArZtw3HcIn7S2QkRovHOBxZ9nNl4F8/COX0CwNiU6/Kstblj56ayHJeIiIio0j75g7M4erkDG3sa0Npg4bWrBXzv8HW8dHak2kMjIoolho8xVIPNfolKKtPUMONl63q78avveCPSqdSkpjSv27kVO29bi289/SKeO3AcKSs5bViolIIfBmhpzuDD730zetqnVi5OZOgG3vvoQ/h/P/MVFPIedH3yeoiBpiMXqNGGPAqObeMf//6bkHJxf8hChDA7u9Hx9vcs6jhzKbz60vjXul6+h4RdtzN8JCIiovpw9HIeRy/Pf5YLEdFSVZ6uArQozB5pyZvlj+ANr7sdDen0lG7YuqahKZPBux75GXzo3Y/ASuhwfBeBCCGVgpACfhjA9l2sWtGJj/7i2+YMHsdkkkm8++fuh24CQRg1wpFKwQ08rNqzFa7vIVQKrh/gRz98Ed/42g8W/KOPkVKgYefeRR9n1nM4NvKj4aOuG1OC1VJi5SMREREREdHSxMrHGGL4SEudEGLGy7J5Z9brWqaJ2zdtwNqVy/CdZ/bh0MlzyBVsWJaJno4W3H37Ztx7+zYkLWteY9q6bjV+91fejs997SlcvDYAANixcTW2pFMYcV0YugEhBL745DfmddyZSCWRWrexJMeaSf7V/RDZaFF0fR5rZc7Xtu0bsGxZZ9mOT0RERERERPHF8DGGOO2alrrlG9bMeNlPDxzHPbs2z3mMloYG/MLPPYC3P3wPHN9H0rJgmSYSljWlarJYyzo68Nu//BhOn7+CdCqJVcu6kBwcgteQhqPr+N43n0Z2AY1mpqOhPGsvTlQ4uD86l6bDKOOU651F/H8RERERERFRfWL4GEOKtY+0xGWaGxEKMe2ajf0DI7gxnEVna/OcxzF0Aw3pNBrS6dKNLZnCzo3rJm1rv3wV/akUfvLD50tyDqUUlJIw2zpKcrzpOK8dg3v2FIDyVj0CwKbtm+CIaF1MDYCmjX5G9MWt24mIiIiIiKh+MHyMIQ2cek1LWxD4aF3Rify1oSmXSaXgeF4VRjWZUmq8M7QuJDouXEL/6HTsxZIyRGrdxrKGj4VX949/bejlCx+bmhuxcdtt8MR092pTt0UhpDZtIKlNE1QywCQiIiIiIoo3NpwholiRQsB1HKx98H4IOXXtxyAM0NnWUoWRTabdMnXbcj387pvvL8mxhRRouqs0x5pOMHgd+dHwUTdMaFr5Hgq27tiIRDJR9P4KUcAslEKoFAKp4I9+eELBFQqOULBDhUKokA8l8oFELpDIBhIjfvSRDRRygUI+iPazRz+c0WN4IjpmIBUCCYQKEAqQim/+EBERERERlRIrH2OJtY+0NAkh4NgFXHWBn6zYDaPlx2gYGRrvwhyEAfZuX4d0ovgwqxykUtOuG/nI7Zvw6rkrGEhm8KHf/gC+9oVv4l++9dS8jh2KAK2vfwsad99dquFOUTj4ElQQde0uZ9UjAGzdWfn1HhWiytRJG+a8xmTTVWACt1ZdTqy01GbYTkREREREtLQxfIwhTWPTGVp6lFJw7AKGfOAzFzS4VhrGY++D9vefQCIMIKVE2NGBNzxQvlCu2HHO1rDmAx96L0Za2wEAP//et+FG/w0c2Hew6ONLIcre5XpsyrWm69DLHT7uKO/PUi6VDjCj7QwwiYiIiIio/jB8JCohDYCpazDqIDEQCghkZVJwpRTsQgFOqPC/LmlwR2dbi+Wr4PzyRyG+9xWo7l44b34Hvggbv6MuVS2UUVAzdqIebO8aDx7H/Kvf+VX81z/9n3jt2Kk5jy1EiNTGrUit31SSsU6n8Op++NcuA0BZO1wDQO/qFVi7flVZzxFn5Qgwp1vfctYAc8JlRERERERE1cDwMYb4OrE2mZqGjKlBr6P/wEAChbC8AaRSCrZdgB1IfOaChqvu5MvF8lVwPvCvAUR/G6+gEX+LZfigulrWcU0nCENY5sx3m94MXbV/7//4LXzuL5/EC8/un/ZyYDSkymTQ8fb3LHqcs8m/+hKAKNAqe9XjztqseoyTuASYY9chIppobP1jTdOQMDX4ZX7OQERE1ZcwtUn3/0TFYPhIVAIagAZrpnq42mXpGhpNDflQlu0cvudBCoGvXp0aPM7kx1oLOhHg7ao03aWL4fo+UrOsNRmaFtxUZsbL3//hX4JtOzh04Mj01w99tNz1BlgdXYse60y8i+dgH42mgBuGVfYnC9t2VH69R5qqkgHmze3ajJcRUX3RtOhF6J7eDF44W6j2cIiIqMz29GbG7/uJisXwkagELL3+gscxpg7omgZZhoVIlVIIwwD/64LC8cL8bsGvap1IQOHn1GDJx3Urx/OQnKPJzUhrO6Q+e9fo+x++d8bwsRKy2QgOWQAAIABJREFULzwDADAME4ZR3rv/js427LlrZ1nPQZVT6gATmL5xz+TLtNGlLBY1dCIqE03ToJQaraTX8b47O3Dggg1fsPqRiKheJQwN77uzA7quT6p+VGxaQXPgU/oYqtcQq57V01Tr6ZTjjkIKAbtQwD+eLqAwmMUe9zp6wvlVTHxB68KfaauQLeP7KLbrIplIzNpkxkumpqz1OJ2de7bjztftmbJdKQmlFKzu5Ysa62yc0yeQf+mn0DQNhmGV7Txj7r5/L1LpZNnPQ7VDIeoUL0Y/QqkQSAVfKnhCwRUKzuiHHUafGTwSxdPEapex8HHriib8yduX447eJBL1sPg1ERGNSxga7uhN4k/evhxbVzRNCh8BTr+mubHyMY40FFFVQnFSob4sVVPqSddSCNh2AQhDPGz3Y5tmR7/3EhgqCHxfa8Oz6WXwtLnvoo5qGfyf2jp8UF3FHSpXsjH6QQDH89DU0DBr8BhYCVzvWQFV5APuBz/6fnQv78a3v/rP49vC0EfHY+9Fw869ix73TLI//REAwDDLP90aAO6+r3w/Cy0N6fIuSUpEizRW9Ri9qWXAsixs723B73cmEQQBwjCEEILVMET0/7N35/Fx1ve96D+/Z5td+2LJm2TZlvHGEpvNkGBSCgkJJC/CaTlJTm+atkm6HHKaU3L7um3uyXLuuWlOF3JvSNM2NyctaZLSFgIkQAgYs5hgHNt4wRbGljftki1p9plnuX+MZjySZkazb/q8Xy+hmWee5SfLHvF89P39vlTD4u/xiqJAVVXY7XaoqgpZlhM/A+I/D4gyYfhYhfjPtvbEukLX53fOsFDUKdemYcDv90MYOppPn0e7MX+hx2ZVxv2YxW7fJB5VV2PA3rrkOQOQ8C3RjR4RwvusadxoeWHLMzI1TBPeQACqLKPR7c68r6xgtHs1IlpuFX53f/QuGLqB5576BQxTh9LWCc8Nt+Y13mz4jx9C4O23YtOtS9zhGgA2bdmAq7ay2QzlTxYCar2XlBPVgeTwUZlryCZJEqLRKEzThGnGfhYzgCQiqj3xQFGSJEiSBFVVoaoqFEVZFD4SLYXhI1ERWABChgV7nU0zMi0gUMTOlbGKxwCUYBANF0eghNJ3mGmzafi98Dn8HZBVAAkAZ2HHWbECe51deLA9BNfUJGR/AMJMH0RakoSox42g3QZ9bAxaKISGJaodAcCUJFxc0wtdyW8K8z33341QKIwXnn0R9r7SNmaZfX1v2aZbA8ANu1j1SIVx1Nl7KVE9WljtoqoqJEmCLMvQNA2GYQBg8EhEVMvi7/GyLCfe41n1SPlg+FiF+E+3NoUMCxETUMVcAxqxsHlCbbCAubXYgPN+A6ucMpSkHyiGBVh5rAtgzK3xqASDaD5zHmLupiQTp82O3/QP4v+2NWY1BRsAtjYreGCdA5bsgW9FrHO0HAhCCochRSIQugFTU2HabTBtNoQFEAwEAQgYDa3oungOUjCY8RqWEDjXu3HJBjOZhEMhbPvAHRjt7IG37+q8z7MU74F9CJ15B4qqleV/DOwOG65n+EgFUCTBtR6JasTCG8/4zallWYkPIiKqbfGgceFH/DWibDB8JCoi07IQtoDwgkUg3YpUMzfTArHwVJWATY2p3yL8enyqeXYsy0I4FMwpeIzrcDpwm/ccnmvoW3LfnW0qHljnWLTdcDpgOBdvNw0DIb8PpinBMGPfoKmOFVh5bjDtNaKqhvM967Mef2oWgsEATgW0kgaPlqFj9vU9ZZtuDQA33boTrW3NZbkW1SdWPRLVlngAGQ8dgcXVjgwhiYhqz8JgcWF3awaPlAuGj0QlVkvBY7ZcikDIiFV7ZiMUDMKMRNB8YSSn4BEAJCFwg34Zzy2x30fW2PHeFVpO57YsC4ZxJXgEgJDmwExTCxqnLy3af6apBZPtK3K6RirhUBjjIQPnjdzGm6vZ119CdHQEqlq+rtPve/9NZbsW1R9NEmD2SFR7ktf8Sq6ISd5GRES1Kfk9PF7Vzvd1ylWdRSL1gf+O64dWx9MH7bLIaip5JBKBEQ6h+cz5jGs8ZtKoSlgbmUn7+gPrHDkHjwBgWZgXPMZdbm2HKc9vtTu+YmVRgkcACEfCOG/YMGOWrp2v4fNi5pUXICtK2f7nYMeN12ATG81QAept3Vyi5SQ5dCQiovrE93rKFysfiUpIrdPgMU4SAkaGqVSmaSIcDMIzPAYlmF/wCACKJKNd9+Oc1jhvu10W+IOrnFjpzC/Ei0SjKbcbkgy/yw3P7AyiqobJji4EnK68rrFQNBpFMBzGeb2hKOdLZ/b1l4CAH7JS2urKZO/7tZvLdi2qPzZZgA2uieoLb1CJiIgIYPhYlfi/afUjh2UR61IkHIbN64XjcvqqxWwoioIheX5Y12yT8NsbHHkHjwBg6AbS/YvzNzRC1nVMtXUiYrPnfY2FwuEQTkc0jBil6zwdnRzDzMvPQy1Td2sA2LRlA3bedE3Zrkf1RUCw6pGIiIiIqE4xfCQqId0CyrfaXnmZVqzBTjqGriMaDKL9wkjB15qWNIwo7sTzbqeMP7jKWVBjCtM0YRgW0oWPIbsDoRUrYcjFe5s0TQORcBjndGfRzpnK7OsvQZHkslacvO/XuNYj5c8m8xdvRERERET1qs4nhdYmTjurH1HTQqQOyx8tAEHDQqavLBqNomFkLOcGM6l812iBay5o3NqsFBw8ArGqTCtD3GEIuajBIwCEQmFcDAuc10s3FTp84Sz8+1+DJJVuPcmFVFXFe24oXdduqm+yYNUjEREREVE9Y+VjFZKEADLGOlRLTnsNNKoC7Xa55teAtCwgYlqImMi41iMAmP4A7AVOtwaAk4aCY/4o1rcIbHYqeGCdo+BzWpaFSESHmaLZTClFwiEM6jboJazxmt23B3IZp1sDwFXbNqCh0VPWa1L90Gr8fZGIiIiIiDJj+FiFylevRMXiUiTIInXValON3VnrJhBKqmq0EAsdgcyVjskMXYdjcqoo42m/bjM+7TUwEYrig+vcSx+QhUgkAsMsyqmyFg6HcCms47xRnK8hleCptxF++0hZqx4BsOqR8qYIARurHomIiIiI6hrDxyokRGztK9Y+1oZaCxeXokiAWxKYjuSfzpmmCcest+Cx6N0r4PQ4sbOIRXWWZSEcCsM0yxvQhUNhDOo2zJbwut5XXyx78AgAm7dtLPs1qT7Y+Ns2IiIiIqK6V1+pSR2RytgogvLnUur3++RS8n97EP4A5Ei0oOtbsgx9zaqCzpFKNBKBaZb3+6brUYTnplyXiv/IrxA9N1iy82fSvWpFRa5LtU2VBFQuckxEREREVPdY+VilJAEYLH2sekodh8SFzISUitBkRl+7CpaS+1uUaZqwTBO6oQMALNOEaZoABHQ9ts20yl31GMKZqIYxo3RrMfpefaGs3a3j2jtbIcssX6PcCIBNZoiIiIiIlgmGj1VKFkBhdWNUFnV871zIl6b6/AVd23Q5oXd3ZdzH0HVYsGAYJkzDgGnGPs8buIV5z2XDBHQT0SJ3sc7ENE2EwmEM6s6SXcO3/1UYE+MlO38mHZ1tFbku1Ta7LAr6BQcREREREdUOho9VijPRaoNhAfU687qg2kVPYU1VZjrbEZ2ZSWSH2XyWDRNaOAzZMKCGw5AME2ooDAFADYcgzXWYubi6t6xdncLhEEYjwFldK8n5rUgY3pd/UZJzZ6OxuaFi16bapEpsMkNEREREtJwwfKxSElvO1ISgbsGj1udNdEjP/++fZc9ubUMhxKKgPex0QpIEbMFgxmMlw4AaCsMeCMLmD2R1PZ+7AWG7I6t9iyUcCuFcWIFRojJZ7769sPy+kpw7G41NDB8pe5xuTURERES0/DB8rFJ1vJRgXTEsC74o4FQWh2i1yrCAgG7BsPIPH02XC6ZNgxSOzNsuRKyZUvwjFSUUguvshbyvnYm3oSmn/YOBAAzDgKzIUFUVipL7mo0tDiceGBrADl3FKcmBAa0ZI2px2ncbs9Pwvfx8Uc6Vr+aWxopen2oLp1sTERERES0/DB+rlCTA2scaoVsWvFELkhA1vwSkBcC0rIL/3lmWhXBLMxwjYwAAWQhIUvrAsRxMSUbQmdu6iw6nE4GAH97ZGQCAJMmwOxxwOl2QpKW7gct6FF1n3wVkCdfJBq6FD+HwJZwM2nBMbsCArRmTSv5rQXpf3QMUEBIXQ2NTcYJUqn+cbk1EREREtDwxfKxSArEKsUKqz6h8LIDfqyShUBBWgwfu0XHIklQVlbwhhxOWWDowXCgWNMqYnZmGaRoI+H0Ih0JobWvPeJxkGmi9eG5eOCgA2DUN18DCdmsaocAYDlkO7Ld14B17a07jEpcmEHjztZy/nmJrbm2u9BCoBnC6NRERERHR8pX7nTiVTb1M46XlR0R1tI6OQZGrI3gEgKAj/wpDu92O1rZ22Gx2ALG1KpfScvE8tAzrVkpCwGm3Y5fDwmci5/CJmRPYGJrKekz/myuIvhW5BZalsKKro9JDoBrA6dZERERERMsXw8cqxvCRalXz+GTWTWDKJeAsrAO3LMtobGpGe8cKtLS2Zdy3ZegC7Dk0gXHa7bjZbuJ3w4O4e/Y0PEYk4/4brQBuVYP4+ic/VNEAUlFkdKzI/GdBxOnWRERERETLG8PHKsZvDtWqbCoDy0lXVERs2XXgXspSX1vj+Aics9N5ndftcOIuNYDPeE9gS3Ai7b4fQaxC0m3XKhpAdq3srMh1qbYweCQiIiIiWt6Yb1WxKstviLIWXLsGekP1NCKJaMUJHpfivjwFz9RkQedQZBl9ThUfD5zBewIji17fYXmxybpSVeq2a/jS/XfAbdcKum4+uletKPs1qbbYZQGFP8uIiIiIiJY1NpypYrHOwGxiQrXHUmT4Nm+CNjEJ29AI5FAou+NkGaFVK2G4Mq/PKIXDcx8RyP4A5EDmKd6mLGc99nzZfV40jQ4X7XzNHg/u856HbNewX7pS2XivtXhdyM4mD770H34dD/3j00W7fja6VzN8pPQUSbDJDBERERERMXysZixLpVoXaW9DpL0NztffhGxZECIeql9hyTL0Bg+iLc2INjfDUrIJCudXVcr+ALSJSaiXL0MKL14v0ZBKGz7K0ShaRi4W/bwetxvXNZgYnZjCeUcrbremsRLhlPtuX9uF7Wu7cOTc4mrJUlm1urts16Law+CRiIiIiIgAho9VTRJAoxaLIK25Ash4HaQ19x8L1pVtafdJvW3evpbFGksqmWhrM6zx+dORo+vWQu/uKsr5DZcTQdcaBHvWQOjGokpIX1gvynXSaR65CEkv/jVCre1o8nnxYT2Eb6EV91qZp3TfcfXGsoaPrHykdDjdmoiIiIiI4hg+Vrn4vVvK9R9F8h7FudLSgWXqsDNtAJp2H4ady4nR2QElKXw0WpuLFjwuZCnyovUmjRk/UKL8sWFiLKfO1rmQBbDRjCKsmbjXmoQHRsb9b+rvAbC3JGNJhWs+Uioqp1sTEREREVESho80TzzPXHTbKBY9KMaVYqEkqzrrntnYALOxAdLMLEyXE9ENfWW9vpBKs36qLeBHw+R40c8LAJaioGnmcuw6qppyrceF3HatbFOve9aths1W/iY3VN0kIeBg8EhEREREREkYPlJFCZS5qhMpqjHTVHUuDjHTP2dV59IiV22ENDMLo7Wl/Bcv0TekZehCaU4MQLPMvFreb+/pLkv4uOXqTSW/BtUehywgMXskIiIiIqIkDB9p2Ug7hZ1VnWVhKUplgscSaZgYg6xHS3JuIcSixjzVZsv2/koPgaqMQxZQ2SmNiIiIiIgWYPhIVCK1XtWZep/aCTvnEcWddq2GgiWbbg0AcpUHjwCwvn9dpYdAVUSTBGycbk1ERERERCkwfCSqA5Wo6kxfnVl9VZ2yJAEwi3Q2oHFirGjnSkUuYN7q2LS3iCNJbcOmXjQ0ukt+HaoNihBwsLU1ERERERGlwfCRiHKWuTFR6as648+zreqMygLBIoxIMg20jI3C7itdwFdI8OgPR/D6wNkijia1TVs2lPwaVBsEAIciivavnoiI8mAG4J01YGvwQOPyF0REVIUYPhJRVStGVaehCMwWMAbJNNAyNQHP7Az0SKSkU89lkd9dgz8cwUP/+DR8oUiRR7TYBk65pjlORYCzrYkobvjlw/jJ0MKtDtz7QD+6KzGglKZx9KmzeNUXfy6w8qpu3HNNeyUHVZjRQXzp7y9j40dvwee2TuPsgSG8dtSPZy8B2ze14rfv7kMrQ0kiIqogho9EVPdEAWsoSqaB7ovnYAuHYJilXfNSEiLnBtdnxqbw+BvH8Pxb75RmUCms7+8t27WoetllAZWtrYkoydQ5H753Fui3X0m6uld4YCvrKKax59vH8EX3Suz/ZKqfV1EMnvHhe7odn+pWAD2Mx54awKNHfXj0k73QyjrW4oroAM5fxF88H0DvOg03axHsOTiCN30SHn2gtr82IiKqbQwfa4BpXVmtLm3/klTbUrzA20Si7CUHjwBgmMVbNzKVbKdcHz03gn0DZ7Fv4FxZ1nhMdtv7b0JnR0tddGCn/KmSgJ0lj0SUSkMz/ubBLWit2ACi8GYzCaCjFZ97IBZOfuKF/Xj/qxPYM96LOztKO7qS69mKR/6P+BMdO7//S/z++VkMA+ip4LCIiGh5Y/hYAyQBBHQLulmaW/rFt4+pq6/S3WaKFE9yCkkXvJjtsSnXHFy0r8hpjBmvL5bej+pLx9hwIng0SxyqSUJASlP2eGZsCkfOjeDI2REcOTdclqnV6dx11y64MjYXufJaIY2J6r4Dew2ThYCTDWaIKEeRd47hq49N4zkdgCThnlv68Ge7OwFM4blvD+DVjWvxiekL+P1jOu65+0Y8uGkMj31/EN+YBCAp+Ph6DQeGNXz1C1vRY07htR+cwpfO6PAC8DR58Minr0a/ewJPPjyAr00DmB7C9V8ewsc/fAsevC7z2DzNGgAfTl4Edpw5jL95PYB9s2bs3G3N+O6nt6DHDuDiAL72wwk8GYgd19Pdjm//bj9aU27vxpG/fwsPN63FE/evBsxBPPzfh/CDhmY88+AWtM5VaH67Yy3+5b4uTO07hode8OGoGft6H/zoFnx8qwcYP4E//64Xt9zXiclnLuDhaSce+fPrsGP4yjVb3RJsSBEumlMYngbQYK9gGExERMTwsWYoAtBLdO7FN+5W4sa/CCersPIOKGWQm/qFpYPTEgW5KbfnEOQu2p7jOBPbqzzMtYVDcCU1ljFKFP4DseBRlWNT1CI2O8I2O06PTOL7P/oJ3jo7DE2zl+zaubjhxqtxzTWbst6/ZhoTLXiesqpzQWC6nLHBDBFlFAnjwP7Tc2GXgu7ta9GtXcAPHp/GwJouvPDxtcCBI/jkM4N4rLcT9/e0or8b+PNXBzHQ3YSvfMCD3q3AwE/O4Rs+Nx55cDO2+wbx8D9NYKC7ET0AvHsH8cWzEh76retxT/cUHvv2aXz6sdN48VNrcden1iL83XP4RlMnXvhoO2zOpYfsvRwBoGHTKsAz6cDOXe34/EYXtMmL+NIPLuPhV6bw13fI2PPUBJ5sascLX+iHJzCGgYtKLERMud2D3g4Jw2diVYfdZ/04YJfQPx3EyRCwS5vCkXFg184uYPI0/uYFHxqu68P+u1sx/NRBfOTxU+hffx12dDRguzKFP//hEO65rhOPrG3AdlzA934wgSMdnXjio+3AkXfx+3tC87+o0dP43o9H8O1ZDX/2qT54iv19JiIiygHDxxohC4EqTPZogZRBbuoX8jlZhVU+yAVSNJ5Jue/8bUEj97G7FnS0NvNO5DMLexrga21DVNGgq2pi+8v7DuPw4MWC1qsstg/e/d5KDyGtYjQmyv4qS1V1xh6krOBMtS3pebVXdToVARY9ElFGoQAe3RsPwjT8ds9adI9O4bshBQ/t7oNHAnB9O+594RyefGsI9/eshEeTANjx0Ke3YocEAIP49jsmdlzXhR1NGtDUgn7nBCBJAKaw71gIkTVduKdHA9CFu7YP4RsvX8aboT7sarDDJgFQFHiamtKPc3wK3/7hDKBHsO9sBD3rVmJ3B6B19OMeMwDvbARoa8TNDdPYp5sA5Nhxl7zYc3IKd23qRP8mAJhOsx3o6XVCOxzEwDTgORfCQEcD/uTSLIaHASCIA7Djt9crmHpzBs+ZTjzygS4AQPetzbjz4AT2HAxgx80abBqAjk782Yf7Yic+chjfDUl48H0b0N0EYL0DvcnhY+Q0vvGdERzpbsY//VY/+pt4y0dERJXFn0Q1QpFi1VGlCkCIqk2qIBdAXlW5+VQtzjY0oXF6CpJp5l8JvITpFd3wNaeeCDV8caQ0F83T5m0bseU92+HTY38YOS9bkOLFrKt601xsySUWkjYUuzI3c1VnprPnYn7YmT7ITD2FPe22PNfqtMkCGhvMENFSUq35eBGIAECiD40drU5gYDZ5GREpFhrOiZiATUrVotlE2MRcEBnjaVQAhDB1Cci5rbZiw/0f7k10u44cewuff9yLAUVCtwJMhoBYltiE3fd14XM/HsFfPHYCX0tMjU633QNsdOFejOHkeaBtNIRd3WvRi2n85Nw0btcDGGhwob8JgG7O//qbNLQBODvjT/rjSfqz0IEIJNjSTYzQJGhQcP/dW2LnJyIiqjCGjzVCAJBFrPkMEZWerqq4sKYPLr8XWjAA2/Tlop5/Yu06hJ2utK8PXxgGEAuFqoHDaYeePF+56pRvYOVaJzfd9lzWyk0ZpKa6l8eVqdTxeNmyYofG/2SVlMcREWVBQazTcqJvWwThCNDfkLn/cjhlo7e5kC7ptUhIB6CgtSWHMSU1nLliCnv2eDG8fjVeeGAtgNgaknsSx/ThU3/Uh09duoAnf3wBX0tMjU6z3d6E/qYxPHvhNFaOSth+dTt6MYg9o5dxbySC7lVd6AYwpUi4EqoCCOmIAOhudAHwI3dtuP9eBbYVeRxKRERUAryVqCGc6kZUXrqqYqapBT53Q9HOGWhsxlD/lozBo2maGLo4nHheDQGk0+mo9BCqhrXow4JpLf4w0nzoyR9m7COa5iOS4iMc/zCufITSfARTfAT01B/+uY/YcxNBw0TAMBExLShS7BdgRER52ejBvZKOn7wxFHt+bBKPBSTc3teZ5oBmbO8GDpwcxdHpALxvj2HPbPy1VmzrUYDzl/HatA6YU9jzVghoc2F7ciWgniq4zFJERwQ6vCdj152MRAAEcPbIhVgn7ZYu7FqvAKYJbyjddgBoR3+3hAPDl3FkVsPGdUDrShvaRqfw7Diwuy82zbp1gxPbEMCefdMAdEy9NoOfQMP2jWkWrFznwJ3QsedXI4AZwNlDfrwJAObcCvE+HwZHZjE8WaoV44mIiHLDyscaokgCyGPtOqLlrtB1E01ZLso4LnWvQqCxecn9RodHYRoF3DSVgMPF8HE5ine2ZvBIRAWx9+HBj/rw+ccHcf2xQQDAjq2r8fGt6W5FmrD7A63Y/b0pfPrhg9CcGnYmBYvdd/fi66On8cWHf4kIAM1px9cf2DDXVKUZ/askaMdGcP2Xx/DgAzfj4xuzHWgrdu9y47tPjeCWL4/A0+TBQ9s1fPXsNIYh4cjec/iLx88lppDfefMG7G6awZP/lGp77Iz9W1zoecyLJxua8dt2AOvc2OUbwWOmHV9fN/f192zCV997GF/ccwzXv4BYN/D39uHOtnR/PH343M0z+OS+07j+INDf3YTPdUfw7IUxYMdK4J0x/Jf9PuxSZvDXd7DPNRERVZ6wqqGkhrLmjcYqZ4goe5FIFF5vZOkd05AMA93vvJ338f6mZsx0rIApZ/f7noP7D+GRv/zbxHNNs0OknitbNh/9zQ/iNz75kYqOgcpLEgIuBo9EVWFsbAydnemqBGtIvJGL3Q2PPZufiRFEfIDmnsGTDw/g/+teiyfuX33lZd80vLoCT5O7uOMMeeGNyPA0zFUemjogKVdeCxmwOZugaQuOSbU9FxEfvAE9+3P4puGFEx63BkAHTGVuXpuOyGwIWkOR/1yIiGpE3fzcrCOsfKwxigQYRqVHQVRbilH5GPQ0wuGdyem4sNMFb2s7Qm5PTsfF13uMsywrbdOVcuG06+VFAAweiaj4JCc8TWmmEi8QOT+EyaZmdDdoiJwZw55pYNcNC6r43E3I7SdsluweeJKncEtK+teW2p4LzQ1PLsHlvK9fSVpQS2HwSEREVYXhY41RBBCu9CCIaoyiFD5t2tvWnnX4GHK54W9pRTDPtSKT13usFk5Ou15WXKrE4JGIKiiEgTcv4KG3BzE114Rl19bVePDG7IJLIiIiqi4MH2uMIgQErOptOEtUhQqtfASAiN2BqZVr0DxyEVLK7puAt6UNgcYmRO2FBXXDF0bmPa+G1TGcLt7wLRduVWKDMyKqMDu23Xcjnrmv0uMgIiKiYmD4WGOEiDWeiZqVDyOIaokQQKEZXrChEWGXG87ZaaihEIRlIappCLvciDiKE85ZloXhRZWPlf/37vak785N9cOtMHgkIiIiIqLiYvhYg1QJiFZXI1yiqidJAkYRusWbsgxfc+k6R44OjS6qdKyCwkeu+bgMuBUJSmX7GhERERERUR3ibUYNik29JqJcKDWSqqRe77Hy6SPXfKxvDB6JiIiIiKhUeKtRgyQBqBLjR6JcqGppCr11XS/q+RZ2ugaqZc1Hho/1yqUIBo9ERERERFQyvN2oUbxRJMqNqhbe8XqhYDAARVkeq1cwfKxPDkXwl1lERERERFRSjLBqlCoJSEXo4Eu0XEiSgFzEkMXv88FeYFfrbFW68vHzf/oZqKpa0TFQ8dllARuDRyIiIiIiKjGGjzVKAFB5z0iUE1UrTvXj7OwMHE4nRAl+ATA2Op5ia+XCx5vfuxM33vKeil2fSsMhC9hl/hAhIiIiIqLSY/hYwxRWrBDlpBjrPk5PX4bL5YYklebtc3xkcfhYycKYhpe+AAAgAElEQVTHG265rnIXp5JwKQI2Bo9ERERERFQmDB9rmCoBMqdeE2WtkHUfTdPEpalJuN0eyHLx148EgNf2vo7B02dTvFK59PHdgTMVn/ZNxeNRJa7xSEREREREZbU8OiXUMUUCDKPSoyCqDUIAQliwrNzCF13XcfnSFJqbW4reYMbn9eGN1/bj2KHjOHr4WNr9LMsqyTTvpbx18G187D+GYbPby35tKh5JCLgVAeaORERERERUbgwfa5wqCYQNViURZcMwDAAmgOwrF6ORCKanL6OpuQVKkZquRCIRaJoGAPj873yhKOcslfODQxg48S62X7u10kOhPMlCwMNFgomIiIiIqEI47brGKQJQOPWaKCt6NArLyv5tLxwOYXr6Epqamgvu9hwOhzA7M42Z6elE8AgAf/rVh7I6vpJTnw++caRi16bCqBKDRyIiIiIiqiyGj3VA5XeRKCuRiI5Yr/ilhYJBzExPo7GpBWpSWJgrn8+LifFR+LxeaJoNjU1N817v29iHb33/m1mcqXLh4+FfHZ+rGqVaokkCLoXBIxERERERVRZjqzqgyQISqx+JlmRkuURBIODH7OwMmppb5lUp5sNms6O5pQ2tbe2wOxyp97Hb8D+++bWCrlNKo8MT8M54Kz0MyoFdFnAyeCQiIiIioirA8LEOCAAav5NES7KyqHr0+33web1FCR4BQFXVrJrUtHe24/e/8Nm0r1e64/To8HhFr0/Zc8gCdpnBIxERERERVQdGVnVCZQtToixk/nfi83nh9/nQ3FKc4DFX111/LXbetKPs183G8PBYpYdASxCITbO2MXgkIiIiIqIqwvCxTsgitr4XEaWnqum7XHtnZxHw+9HS2gpVLX/wGPf+D+xO80plKx/HRyYren3KTBYCLlXwF1FERERERFR1GD7WEYaPRJnZbKk7Vs9MX0YwGEBrWzsUpbCu1oVa378eO258z6LtFZ51Dacr9XqVVHnxxjJc4pGIiIiIiKoRw8c6okicfk2UiWXO79hsmiampy/DAtDe0QFZTl8ZWU59G9el2FrZ9NHtdlX0+pRavLEM3/qJiIiIiKhaLd0FgWqKKgFRs9KjIKpOpnUlfDRNE7Mz01AUBW5PQwVHtVj/5o2VHsIiTrez0kOgJJIQcMj8hRMREREREVU/Vj7WGU0SkAVvRolSCYWiicd+vw92u6PqgkcAWNO7Bs2tzfO2VbrbtYvTrquGOjfNmsEjERERERHVAoaPdUjjd5VoET0ahWFcCfCcThfsjuoN1Kqp+nHnTddg27WbKz0MAmCTY8EjG1oTEREREVGtYExVhzRJQGL1I9E8kWgUyStNVMv6juls3n7VvOeVrHy852N3VezaFCMAOBUBB1NHIiIiIiKqMQwf65AQgI3fWaJ5dL3SI8jNxqsWVj5WJnxc0dWO9f29Fbk2xchCwKVK0DjNmoiIiIiIahAjqjplkwWUGq9+nI34Kj0Eooppa2/Fiu7OxPNKVT5OTU1jZnqmItemWCW7WxVQavvtnIiIiIiIljF2u65jmlx71V5D3hG8eOqvoOrHE9sU14fw6xv+Exo0dwVHRlR+m7ZswujwWOK5ZVkQefxSwbJMGGas07ckJAghZX2eaCSK1/a+gbs/cmfO16XCOGQBG6dZExERERFRjWPlYx3TpNrqhjrkHcFLJ/7zvOARAHT/0/jJkYcqNCqiyundsHC6c37Vj0JIUGQViqxCCAmmaSAcCSIaDcMwdJimmfHcb7x6MK/rUn4kIeBSJAaPRERERERUFxg+1jlbDYWPL737t5DhT/maap7FM6f+rcwjIqqsdet75j0vxtRrIQRkWYFNc0BRNQBANBpCOByErkdgzlVIJnvnxCDODV4o+Nq0NJsk4FYEVP50JiIiIiKiOsHbmzqnSLUTQMrRNzO+Pjn7eplGQlQdulZ2oW/DusTzYq/7KDAXRNqcsNmckCQ5ZfgIALPT3qJem+ZT5qodHYpAjbxlExERERERZYXh4zJgkwUEqvtudsg7svRO5kTpB0JUgOd++mrRz7n9um1XnpS46YwkyVAULeVrlWl3U/8EALscayrDakciIiIiIqpHvNVZBiQB2ORKjyKzlZ4uGHBm3EdSejK+TlSPNm/fnHhcqY7XACCzHK/oVEnArUqwc21HIiIiIiKqYwwflwmbLCDn0SW3nDTn7Rlf72q6qUwjoXqkKErJr+Gd9ePR7z1V1HP2ru/Bpi39AGJdqyvF6XZV7Nr1RhICTkXApQgwdyQiIiIionpX+rtxqgoCserHgF7pkaR389qP4pUTT6d8LSracXvvXWUeEdUTVZXx3NOv4ujR04tek2UJbrcTbo8Tbrdr7rMDzS2NWLm6M+trnBq4AF2PFnPYAICrtm7CyeMDRap8tGAYBmQ5t7d/lztzZTJlxyYJ2GSu60hERERERMsHw8dlRJMEDBkIG9W5ettKTxcMdWfKxjMed+aqSKKlKIqEtw4NYPDMcE7HudxOrFu/Cv1X9WLnDdugaqnfNo8dOYWZaT8MQ8eeX7yB3b92QzGGDQDYsGk9AMCCBcuyIAqqYo41mYlGw1AUFUJkVwDvcjF8LIQiYqEj13UkIiIiIqLlhuHjMmOXBQwT0Cu4dlwmO9d+AgffnR8+GnDi9r77KjQiqheRSBjhMOBwNKTdJ97p2bJMmKYB0zTh9wVw9PA7OHr4Hex94U3svHErrt2xGa1tTfOO3fP8G5AkGZIk48AvjxUcPvp9fhw9fAzHDh3H20dPXHnBsoAiLKGgqjZE9QgkIS1ZBdm/eT0rH/MUqzoXXNeRiIiIiIiWLYaPy4wAYFcE/FGrKrvXbmzZgIO224DwS4ltLc0PoEFzV3BUVOssy8LwhXFcvuTLuJ8kxTszyZBlNbHdNA0YRhST45fxsydfxs+efBn9V/WiZ91KAMCJ42dw8fw4bLZYQDc5PotXXvoVbr3tPVmPMRgM4/Sp8zh96jzeefsdDBw7nPprgVW03vWqokHXI9D1CBRFBdKc+cP33VmkKy4vqhQLHZk7EhERERHRcsbwcRlSRKwCMlil069vXfdJvHIiFj5GRTs+sGF+1eM7l07h4MUnENXHIQkXNnfdi2tXXFuJoVKN8Pt8eP7ZX+V9fLyiUVXtMAwdhhHBwIlBDJwYTLyuaY7E/rKi4Yl/+QU2b+1bVCGZLOAP4sTxMzj59hmcOH4GAX8QABAOXMp7rLlSFA26HkU0GoGq2ha9vvGqddhx49VlG089UCUBTYp9JiIiIiIiWu4YPi5TNlnAsICIWX0B5EpPF+ye30DI+2P0rfjdea+9OPgsxie+CQCI16UNnN+PgfHd+M3tf1LmkVItsCwLhw4M4OCBd4tyPllWIMsKLMtMNIC5UjEZI4SAotrww3/8Kf7wjz++6By/2n98UeAoSTJUxQYhBGaDMxm/nmJTFBWGkbpRzjsnzhT9evUqtq4jQ0ciIiIiIqJkDB+XMbssoFuAWYXrP97edx8ef+sUxt+YBFbHth0aPZQIHhcJ7cEzp9YtqpIk0nUdP3tycROjQgkhZVx6UVE0nD0zjOd++iruvPsWAMDhX53ASy/sx/mzIwBiQaaq2iHLSqLxi392rOhjzUbyNPOFwqEwbPbFVZEUowgBTY419SIiIiIiIqL5GD4uY5IAHDLg1ys9ksV+8fjP8cqTowCexnt3vxctrS14e+QJyBmOmZx+EgDDR5pvbHQKly9nXuuxVFTVjp//9DW8e+o8pi/NYmpyOjF9W5bVRV2rLdOA3zexxFnL/8uCYCDI8DEFea7SkaEjERERERFRelKlB0CVFW+IUG02b92ceLz/9f2xB9HjGY9RraVCG1qOhi5U7u+FJMlQNQdOv3Mely95YbO5YLO5oCjaouARAHyzY7DmOm6XgmHk95uGSKQKf0NRQbIQcMgCHlUweCQiIiIiIloCKx8J9rn1H6MVXP9xyDuCczNn4FTdaHd2oH9zPxoaGzA7M4s39r2Bbe+7GjICFRsf1a4L58cren1ZVmC3uxPTqtMxjAgCS1Y9FkaSJJimsWiNyqWEw+ESjai2SELAJgGaLIrWcZyIiIiIiKjeMXwkAIBTEfBHAb3M6z/ORnz42clvA6E9iW0nATgafhM33HwDnn/meVw4dwFnRpduFmKoO0s4UqpV1RASLRU8AsDspQvZnq2gcUSjIaiahFzis1Aokvc16wFDRyIiIiIiovxx2jUBiMUZTkVAytRBowSeOv6NecFjXHD2R9A3jySeDw4PZDyPASd2rv1E0cdHtc2yLFzMctp1vlOSiyHgm0QkXJ51KWVZgaGn7mydjh7Nbf96IYvYshQeRcDG4JGIiIiIiCgvDB8pQRKASynfDfah0UOQo+m7EMv6z9HZ3wUA8IbTdwCOSj3Yuf5/YGPLhqKPkWpbJBzG6PDlrPYt5VqLS13XNzua9f6F/n5AlmMF72YOX6+iLK8ieVUScCqxNR3tsij4z5yIiIiIiGg5W153lLQkWQAuRYJPN0t+rXOXjyy5z5rdFsYGgGAwCDQtfl12fggf3Pif0KC5SzBCqnWDZ4az7nRtVaCLNJBPk5nCkzBF0XIMH3NbI7IWSUJAlWKdq6uwBxcREREREVHNYvhIiyhSrALSr1euAU2c23YSQBNMc34YGpU344bez7DakTI6evh01vsu/DtWLsHApYpcN5emM3IdVz4qkoAmxaodmTkSEREREREVX/3eUVJBYtMOgUAJA8gGeydC3sz7yAhgxa5+NLVNAwCioh1bV38e1664tmTjovoQjUbw9rHzWe+vKGoJR5NaJOyr2HTvXNRb5aOAgCbH3ucUJo5EREREREQlxTUfKS1NEnCUcP7hjpW3ICr1LLnfyi1BhEJOTI3fgU/u/D6DR8rK7IwPI8PZVxVKkgLLKm/1o2Hk3kVaVGABwnpZ81ERsfe0BjX2mcEjERERERFR6TF8pIxscukCyAbNjRvW/RdERXvm/RznceR/Xcb0/kBJxkH16Z2TF3LaXwgByyrvUgNmjl2nYyoRPtZu5aOAgCYJuBUJbnWuazVDRyIiIiIiorJh+EhLsskCbrU0f1U2tmzAvVd/Cx3t/zltCBmbet2JS1OVWRuPatPQxclKD2FJkXB2zXCSVaTyUa2tysd44OhUBBq02GeFP+2IiIiIiIgqorbuKKliFAE0qBK8UavoXYEbNDdu770L6L0L71w6hbeGn0codAyqeTaxT8taAyf2zcI0TEgyUwRa2plTwzntb1kWTNPIqRFLISzTyCt8rIRaqHwUiHWrVtg8hoiIiIiIqKowfKSsSQJo0AQCOhA1SzM9dWPLhkQH6yHvCAYm38LZ0Tdgd16GZVm4dOkS2trbSnJtqh/RaASdXc04c3o062MsywTKOO06FJrJ+ZhKVD0C1dvtmoEjERERERFR9avOO0qqWgKASxEIGkDYKG1Qs9LThZWeLhyc7MAj//AIACASzr1BBy0vlmXh/OAwDv3qdE7HmYZeohGlFvDmMy28MvFaNVU+MnAkIiIiIiKqLQwfKS8OOXbTHypxAAnM77SrqmrJr0e1LRgI4F9//ApCwdyDasM0yvammF+n6xIMZAmSJEGWKxs+MnAkIiIiIiKqXQwfKW92WUASQEAvbQAZ8F/pcq1o/CtLme17+QgGc5huXSkudzt8s7mOs/yxm82ulf2akhBQBCALQBYCslSpmk8iIiIiIiIqFJMcKogmCUiqQNiwSrYOZCBwJXxk5SMt5eCBdws4unxrPtqdzTmHj5VY89Fmt5X8GnI8bJTmwkYmjURERERERHWD4SMVTBGAogiEjdg07GLHN8nho6aVvwqLaouQ8u+GbppGEUeSmazk83e5/Kmc3Vb8f3OKEFCkK6FjhfroEBERERERURkwfKSisckCihSrgowUsQpyYnwi8Tg5fHxx8FlcCpxBODKOrqabcHvvnUW7JtWuq69dj9Onhis9jJKoREhncxRW+SjNVTLGKhtjYSMREREREREtHwwfqahkATgVAcUEQgZgWoWHkOcGzwEAWlpbAACzER9+cuQhqObZ2DUBjE/sxz9N/jNu6PszbGzZUPA1qXat7e0q6HjTNCBJ1dPdeb4KVD467FntJ3BlyrSUNH2aWSMREREREdHylv/8RKIMNEnArQjYpMKiB8MwMHRhCADQt6FvUfCYTLUm8MaZv8ZsxFfQNam29V+1ptJDyIoeDVZ6CFmxp2g4IwsBTRJwyAIuRUKDKqFRk+BWBRxz/+4VBo9EREREREQEho9UQpIAHIqASxGQk+aLDnlHMOQdyeoc5wbPwZqrnly3YR1+duKRlMFjnGqexbGxw4UNnGpeV3dLpYewJEOP5HxMJRrOOOw22GUBpyLgUSU0aRI8auy5TRZQpdi/dSIiIiIiIqJUOO2aSk6VYgHFzwdfwcDw30O1Yms4RkU7VrY9gNt770p7bHzKNQDMrBgBwi8teb1x32kAtxQ8bqpdq9a0Y2T4Ul7HmoZelmnX4dBsya9RDG6nHXa2nyYiIiIiIqI8sfKRyuLpU8/gzND/lQgegdg06fGJb+KZU/+W9rgjh44AAJo2tUCP/Kjk46T60NraWOkhZBQJ+xD05xeOlluqaddERERERERE2WL4SCU3HfLh3Ng/pH195vJ38eLgs4u3T8/g2JFjAIAtd0xnfb21zdtzHyTVlf7Na/M+1kLxOrUvZBgRXJ44jcsTp/M8Q/krEJ1OR9mvSURERERERPWD4SOV3KsXXoEMf8Z9xie+iVOX35237bWXX4NlWdj4sQ44pItZXSsqb8a1K67Ne6xUHwrpeG2aZhFHckVXtxOTIycQCeffEKkCSz7C4cyu2zURERERERFRKgwfqeSmQ2NZ7ffGu19FxPBDnetesfeFvWjc2Iw1K7NrIGOoO3Hvtv+W9zipfjidtqqZLrxx02r89//5e7jxxv4inK0CDWccDB+JiIiIiIgof2w4QyW3vvVqHJ5Zer1GxZrAvx39Bj53/Vfw9ol3MTU5Bafmhs93F9q60q/h12DvRH/b1Vjpyb/ajepP96pWnHk3u67qySyrOJWPdruGD33kZvzaXTtj41lTm38/7XZbpYdARERERERENYzhI5Xcjd3X4sBgO5SkZjPpiMh+vHD2FQy8FJuCHRj24T9e/Zto6+yEbgK6BZhW6dbko/qxoX9VTuGjkGKF4MUKHyGAvvWdiacrujoz7JzlKSsw79rhYPhIRERERERE+eO0ayqLHb1/DAPOrPY9efFv8ObR2FTr9et70d21Apok4FQEPKqASxGwSQJSJRbAo5qxtmdFTvsLUdy3w1Awgsd++BJEOIgGVcL6Ve1FPX+5uFzZ/bslIiIiIiIiSoXhI5XFjd3X4kPbvgXJvhtRqSfjvjL8aLo6Fnjcdtuuea8JAKok4FAEGlQBtyLBLguoDCNpgcKazhhFGcOZ02N49pn9gGVCCIGm5oainLecVq/OLcQlIiIiIiIiSsZp11Q2axu78Hs7vrjkfl/6P7+OC28PQJZlvPfWmzLuq0iAktSEw7AEdMuCYQKGBRicor1stbY1ornZjcuXs+suXaopzc8+dxi3774a7e0taG1twvTl2bzOU4kp123tzehc0Vb26xIREREREVH9YOUjVZWJiSm8/fYAAODGG94Dp9OR0/GyAGxJU7QbVQmuuepIRYgK9AqmStrQvyrrfZOnXVsFh9YWdD0CAAgGI3jm2V8BAFpamwo8b3lt3bqh0kMgIiIiIiKiGsfwkarKmwcOJR7ftntXhj2zIwSgSoBdFnCrAo2aBI8qwakI2GUBTYqHkowla50kYt9LTRKwyQIOWeDGGzbldg5JBgBYBU67jkRC8wLMgXeGAABtrc0FnLX8f0evvrq/7NckIiIiIiKi+sJp11RVTp06AwCQZRnbt20uyTVkAcgpprBaEDDnpmqbFhIfhgVY4PTtSpAgIEQsdhMi9tuS+HNJAAICkog9TuXmG/rxzRyuF6t+LHy9R02bX7F7+vQYgsEgOjvzn8JciSVNr77mqvJflIiIiIiIiOoKw0eqKvHwsa+vB7Isl/XaAksHk+ZcEBn7DFhzn688Z0yZipj7byJIRPowMXl7vkKhECRJgs/ng8OhIRiMZHWcLCswjChMy8z/4mn84oWDaOtoKeAM5U0fm1sa0L2yo6zXJCIiIiIiovrD8JGqRjAYxOjoOABg/freea+dmxnB6cunMeJ9F1d37cLWtvKuRXclmIw/S7/n4lDSSjyPvwbMDy+vPK98eBn/6uINTsSC1+JhIZIei3mP54eMEOWOzYCBgfPwegPY/+a7WQePACBJsbfEwtd8XOzfH9+P3/rEzUU/b6ks5/Ueg5FZOLTcOpPncwwREREREdFywPCRqsbJgXcTjzesX5d4/OjR/4WZmacgww8AeHXmR9gj9WD3xi+UPYTMRjyIA7IJK1MdPRdIJgeWiY2FD05ceXjlcwUCwlL613//JU6dGsn5OCEEZFlBKZqkB4MRvHtmooAzlPc7tG378lzvcWBkL2RZwvqOW3M6LqIH8O7Yq9i2+oMlGhkREREREVFtYvhIVSM+5Rq4Uvn4ryceg2/mR1g4AVs1z2Lvyf8dq3Z8H012dxlHWR4pA8F6SgdLbFP/qjTho5VU1SgS1Z3JFMWGSDhQknEdPHg272PLvebjtdcuv/UeR6YH8Mrph/E7t/x7zsc2Olfg5f0Po6NxPTobNpZgdMVXigpfIioNy7Lq6t9sqp+/REREVL/Y7ZqqxsjIGADA4XCgq6sT52ZGMDn13bT7y/Dj6VP/Wq7hUQ1xu+yJx4ahQ4+GEZ370PUIdD2CSCQA01y8tqMkyZAVtSTjunTZj+bWrpKcu5gaGt1Yvab6x1k0voMIRmbx0sm/ho4Awrovr9PIisDPjnwZwcgs4DtY5EEWRzzAqKcQg4hqD9+LiIiIlhdWPlLV8Hlj06q7umJNLp468Y0l/4JO+4+UeFRUi3p6VyQey7ICyLm91amqfemd8mR3tgBTuU8JL2fp65Yt68t2rYqKjABaF+A7iEPetzCjxypTp/xn0N24PadTeUOxX56EMYXnj38D93StBdzXXblGhWR7Y88AgKj6GYYBSarduoF01Y4L339YFUlERIUwTZM/S6pQ7f4fDNUdry9WbeRyOvHL4UNQ9LcrPCKqVZ2dTZUeQlqmpUCz5b5UQDl/fm7bXhvThgtmeIELX4U/OISDF3+Y2Dww9nzOpxq8tC/x+KJ3P8b9o8DoP8TCxzJLVVGUvC3VBxFVN4fDAZ/Pl7Jiv1Zk+z7E9yYiIsqXaZrw+XxwOByVHgotwMpHqhrxykeny4kD5/8pq7+cLtu6pXeiZWdFZ0tRzvOhu3fgllu24ctf+UFOXbOX4nS3IRLOdWpv+dLH667bUrZrVZRjI7D6z/H8m38ERb3yu7izl15HWPfBpmQXEod1H44OP5F4LkkCz48ex8d3/VnRh7yUhTfrqW7es91GRNXD5XLB6/ViYmKiZv+9pqpCiW9L/poW7sfqFSIiypYQAg6HAx6Pp9JDoQUYPlLZPH3qGQzPHgUAdDdux4fW3zXvda8vFj7Ka+Wsqh4NOHH7uvuKP1CqCy0tbly6lN/afXHnz0+gZ20HPviBHfi3f79S2WaaRuIjdsNkQZZVKIqW1XltjkbIigZDL16gWSwutwM9vSsrPYyymfYP46JvYF74GNZ9eOnUX+HOq76U1TmODj+RmHYdN2NcwuDYm+jt3FnU8WaysHJoqcepnhNR9XK73XC7a7/JXqZwMZvHREREVHsYPlJZ/N2Br8MM7Uk8vxh8Ef/P+BP45HX/E012NyzLgt8fCx+ttqElz2fAifdt+jrWNi6jphiUk9YWT8HhYzAYBgDc/7Fb8dLeo5ia8gKINaWRpIU92HPjdLfDO7303/W4ct14LZv1HucMjv9qXvCY2D61D4NT+9DbenPG44dnjuDA+UcXbZckgaHpoyUPHzOFifHH6T6nO8dS1yAiSmepn1VCiEVVjpZlpQwk4/ulOoaIiIhqC8NHKrnvHfp/5wWPcap5Fj888hf43PVfgWEYAABntxsu9c2054pKPXA7tuL2dfcxeKSM1qxtx6l3R2CaOiQpv7e6QNJU6/vvuwV/+3fPFGt4cDib4ZsdhWUaRTtnMWzc2FPpIZSVQ/PAslKvqfnSqb9Cm6sPHntnymPDug97Tv1l2nNrirNYw8xKqjXTMj1OdQwRUSlkqmjMFEACSPkaERER1RaGj1RSvxw+hLD/6bSvi8h+vHD2Fby/51YAQM9tsS7DurIZANDk2g674sKqxvXY1LIBTfban25E5eF02AAUFqgMDV1KPL7ttu146eWjOHnyYsFjAwAhybA7GhH0X1p65zJq7yjOepm1YtPK2+CPTmAmfA5Dl9+CX59IvBbWfXjuxFfwsWu/lfLYPaf+ctF0a0U40d24DV2N23Ht6vItC5GqujFVM4dUz1Odh4ioWNKFivHgMd3z5P0ZQBIREdU2ho9UUu9OvbXkPieG/g7v77kVmqbh7X+eRPevPYA//MxvlWF0VM96e2LVarKsQtcjWa/HmMmf/NeP4b99+VFcuDBZ8LmAWOOZbMPHct10dXa2leU61eQ9PfcnHp+fPIjXznwHM5FzAIBJ/2kcOP8odqz5xLxjBqf24ezU64nnTrkNt234Y6xpu648g0b6wBFAoiOuaZoZO8tmqoRMdS0ionTS/ZxKVemY/HjhhyRJsCwLkiTNOy4eQDKIJCIiqj0MH6mkAuGxJfdRrAk8feoZqKqKSCSCaCRahpFRvXO57InHxbpJcTltePCPPoz/+tD3inI+RXVUXeOZjs7WSg+hota0XYc1bd/Bz499Hacv74EQwIHzj6Kn9Sa0ufoAXGlIE9ft3ok7Nv8JHFpD2ca5VPAYf57p8cLj0lVDEhHlKzlojH+OP5YkaV7guDCYNE0zEUTGtzGAJDMDr4kAACAASURBVCIiqk0MH6mk+tpuxqmLi9d7XOjs+D/DprXD7wcikeoJYrI1MPY8IoYf27o/Uumh0Byn05Z4HKt+DENRbBmOSO3UqYvYsGFV4vmRo4NFGV+czd6IgG9i6R1Rnpus9vblNe06nV/f+kX87LCJc969EALYd+Y7uGfbXwCIPQ7rsWZG65p249e3frGsY8sUDsYDxuTP8Y+F29NNwWb4SETFki58TA4cJUlKBI3xaseF21NhAElERFQ7GD5SSb2/51acGN0MRX87436KNYG2Wzbg0lPTNRU+hnUfnjr6RUz6TwMALFjY3v3RCo+KAKCvr3vecyFS37wsJRAIz3s+MJB9h+ps2BwNWYaPpdfQ4IKq8sdC3Aev+VP87DBw3rcXwzNHMDxzBB5bJwbGnwcAdLl2lD14TLaw6jFd8GgYxrwQMl0AyeYzRFRMqaZbpwoe4x/J7zvJwWNyAMmqRyIiotrEu0wquU9c8xU8evhLSwaQnb0DeAc2RKJ6mUaWnUn/aRwdfiLRWKK39eZEheO+M99JBI8AENH9FRkjLbawUkKW1aKc99Ilb1HOE6fZsmuiVI4brda25pJfo9Z88Jo/xWNvjmMqfAIHzj8Kjy22lmiDshY3rPoshoaGMD09ndh/5cqVaGpqKtv40q3hmBw6pvucrgIyfp6F1yEiyiRdY5n441TBoyzLic8Lq6/jgWQ8cEx3HSIiIqp+DB+p5JrsbvzhjX+FczMjeHP4VYx7j8KKHIOMwLz9bGIKbdduh/dyccOdQsQrG+NTLAFgeOYINNmF7sbtiQqoVI4MP44p/xls6/5IYq04Kp/4mnZFV4KbHs3mRiTsW3rHEuvqaq/0EKrSh67+Mv7lwO9jeOYInKEt8PjvgM3owd5zry3a99ixY7j++uvR29tbkrFk6lK9sLoxHjQu/MgUQMbPxbCRiAqVqrnMwuDRNM1E8CjL8rxjk8WPi+Paj0RERLWF4SOVzdrGLqxtvB9ArLPsdMiHk5dOYdI/iunQGIaGRuBZOYuh40s3qSmXs1Ovzwse4wbGfz6v4hEANMWF/o474A2N4bkTX0m8fnbqdXzsmm/BY+8sy5gpJhwOL71THrZsXotTp0aKes5qCR/XrVu19E7LkENrwFbP72Bg4DRkI1apqiN9hfbx48dLFj4ulKqL9cLQUdd1jH7nW5jd+yKsUKgs4yIiypaw29Hwvtux4jN/sPi1uYAx+ZciDBuJiIhqD8NHqpgmuxs3dl+beP6j44/jzaefAgD4fH643a5KDS2hu3F72teGZ47Me97bcjOGZ4/Ma0YBxKonveExho9lFAgE8MorR5beMQ/vv/0aPPGTXxb1nIpqz/h6uW60+tavLct1qlk0GsX0dGzt2enpaYyPj2N8fBwAICO7KfJ+vx/Hjh3D1q1bSzLGdJ2uk8PH5MrH0e98CzPP/awkYyEiKpQVCiXeo7o++4eLpmgnv7+x4zUREVFtYvhIVaOjoy3xeHx8cl746Pf7EQgE0NTUBFUtztp92fDYO7Gt+yM4OvzEotem/GfmPR8Yfz7lNGxNcaHVta5kY6T5AoEAnvv5Afz4X14vyfnb2xtxy67NePW1zGuY5kJRHUU7VyH6+lZXeggV89Of/hQ+X/GqT48fP46Ojg50dHQU7ZypLFynMXkqdbzycXbviyUdAxFRMczufREdv/u5ecGjaZopp1sTERFRbWH4SFWjPSl8HB0dh66HMT4+jqGh+d2Fb7nlFqxcubJs49q17rOI6P6M6ztmPL73s7Ap2VVMUWGi0Sie/8XBogaPqcLu3/gP7y1q+CgrGoQkwzKNNHuU/kbL4bSjo7O15NepVk6ns6jhIwDs378fd955Z9F+YZKuCUy6ysd4+Mip1kRUC6xQCIZhzAseM1U+Jo5jIElERFT1pKV3ISqPzo52tLe3YOeOrbhw4QwOHTq0KHgEgDfeeAPRaLSsY9u98Qu486ovQVNi1ZhT/sGsjtvW/RH0d95RyqFRkmPHz+CHP1rcBKQQmzevWbStvb0RN93UX9TrqBWufly7pqui1680l6v4yzz4/X4cOnSo6OcF0gePqQJIIqJaEW+GldwIa+EHsPiXMURERFTdGD5SVYitkXYEt71vJ3p6Mlc1RqNRvPjii2UPIHtbb8b91zyCVte6lE1okmmKC3de9SXsWvfZMo2OTNPEv/7blYpHyzIRDM4iGg3DTFtRmNlVm9JPQ962pSevc6YTjQbTvlaOio61Pd0lv0Y127BhA0IlqBAcHBxMrBlZiKVutBeGjsmPiYhqRar3sOTQMR2GkURERNWN4SNV3ODg/9/efcfHcdf5H3/NzFaterdkW7bl3uTuOHYU4yQEJ04jCSGQg8DBcbk7+N0BCUkIIRztfuS44zgCFw740dNMOVI4hzQ7dopL7MS9SbZVrd5Wqy0z8/tjtetdaXe16pL9eT4e69md+c53vmNZY81b3/l+K9m2bRuNjY1J79PW1jYuAWSao4Abl3yHNHv8cdxm5Kzj9mU/ZGbO5WPYMqHrOqdPX5gpXVFUHI40wMTrdeP1dqPrfiC5G5Tbbl3PVx/+SNztS5aM3GzGAb8nwSPXY6O0tH8Pz0tJVlYWNpttVOrevXv3qNQbEutx7MibdyGEmCwir13xhpoQQgghxOQjYz6KcRN6JDHWo9XJCAWQmzZtGtNJaOyWVG5c8iid3vP9ttksLnJdpWPWFnFBrH8DiqJgtTqwWGz4/V58Pg8KCharDU2zoiixf/8yu7SA227dkPB4eXkZZGe5aGl1D7vtiXo9jpXS2Zd2+AiwbNkytm/fTlZW1ojW63a7qaysZObM4QfW8W6+Ez16LYQQk0WiR65jkfEehRBCiMlBwkcxptxuN42NjRw/fpy2trZh1zdeAWSao4A0R8GYHU8k52//ZjP/9eM/91uvKCo2mxPTtBMI+AkEfPj9XiyWYAipqlpU+VOn+wfLffn9/hEJHgGMQOIevGNxYyXhIyxYsACPx8POnTuxWCw4nU5sNhsWy/D/q6ypqRmR8DFS3xvyROOjCSHEZDDQdSxy4hkhhBBCTB4SPopR5ff7aWhoCL9GInDsa7wCSDHxbNy4FEVV+MFjf0TT+j9CqygqVqsdq9WOrvvR9QBerxubzYmmRf/bqalppLg4L+6xzpwZOKCcLFwuJw6HfbybMSGsWLGCFStWUF1dzcmTJ8PXLY/Hg6qq4Ueznc7gBEGR6+IxDGPEZ9LuezMea7uEj0KIySbRtavvdU8CSCGEEGLykPBRjKo333yTurq6UT9OW1sb+/fvZ82aNaN+LDGxXb5uPl97+ASu1DxSUnNR+vRqDNE0a2/gGHuW6YrKuoThY3e3dySam6TRvcHKzEwb1fono6lTpzJ16tSodU1NTXR0dNDd3R0eo7a+vh6v98K/hZaWFgKBQLi3pNPpJDMzk7Vr145Ju6XnoxBiMpNrmBBCCHFxkvBRjKo5c+ZQVVU1Io8tDqSyspLi4mKKixPPli3GTyik8fv94bHoLBYLmhYMCO32ofe+MwyDnp4eXnvtbSyahe6uBro66nG6srE70rE7MwZV37lziSdAUtSRCwQtVkfC7SYGKCqYozN+X2ZW+qjUe7HJzc0lNzd3vJsRUzI9hYQQYqJL1JNbCCGEEJOXhI9iVE2ZMgVd18ckfATYv3+/hI8TiN/vx+124/d2EWg9iNp9Aq37JIq3FrQUTNWJr3dpak701OVY8tbhdDqx2+0JH6P3eDx4PB78fj+qqvL2W+/yzr5jHNh/DFXVUFUN0zTw9XTgcbegqBoOZwaOlCxs9tQB2z7QRB1Ll8wa9N9HPImCUacrG0dKNgHdh9/TjmmM/AzvWVmDC2bFxBV5ky4360KIySjyGibXMSGEEOLiIOGjGHVlZWUcOnRoTALIzs5OOjo6SE+Xnlzjye/301K9D6XpVSztu7B1n8BmJPmY8gnwpS2nO205ZKzCmn85drsdm82Grut4PB6qqup4fcc+3th5gKam+OOIKoqKxWLDYrFhGDre3iDSZk8lJTU3Yein6wP3bJw3t4jjJ2qTO68B2Oyp+LxdUZ/TMouwWHsfC/epKCkafk8Lhj6yAWRmljx2PVklmgE20faRYs8vIHfDFdiyo3uE+lqaaNr5Ot6Gi2dsVCHE6Bvo2iVhpBBCCDE5SfgoRl1ZWRn79u0b1fDR5/Ph8Xiw2WwSPI4zv99Py7EncZx+aMh1aJ370Tr3Q+3P4KjKMc8aurR5HK7J4p1DzVSdqx90naHekFis6LqP9pazoKhYrc5wT8hQ+HfDjeu5++NXD1jnJz5xLQ899HMC+sjdDGkWG2kZRf2CUZvNic8HOLPxe1oxdN+IHTMjXcLHi8FY3pTnbiin6JbbyN1QHrfMvC9B084d1P5hK007d4xZ24QQFxcJHIUQQojJT8JHMSY2b97MU089RUFBAaqqDnp/wzDw+YJhi8fjAaCnpwfDMDBNk7y8PJYsWcLy5ctHtN1i8DqrXhpW8Lj9WBFHarJo6HTS2OGgsTM0IUxt72u4FDTNgqZZMAwdXffS7e4JTumiKCgo2G2Jx2AMmVGSz7o1hTz/wm7sjnRs9tS4E9wMRNUspGdNw+nKjlvmQgCZNaIBZFa2PHZ9MRqtG/Yl3/k38q7clFTZ3A3l5G4op3H7Kxy87/Oj0h4hxMVFwkYhhBDi4iPhoxgTU6ZM4cYbb2Tbtm243e6kekEGAgH8/uDjpcXFxSiKQn5+Pna7nYyMDDIzMykqKsLhSC4oEmND6TyKYk3H9HcMet8fvbyI144VjUKrYlNVDZX+YeFgbnxsNnt4XEkAS29PSovNgabZkhpfEiAjuyTJ4znx+5VgANnTjhHoSbqt8WTJhDMiSeufexF7Xv6g98u7chPrn3uRXVvePwqtEkIIIYQQQkxkEj6KMTNr1izuueceACoqKhKWlVBx8rJ7DmE4C9EHGT6OdfCYSENDy4BlPB5PxIzdwXElTdPAMHR6PK2YbgOzd3ZqzWILB5GKqmGxOlBV7cJ4joNk7d0fIOBV0f3dQ6oHwOGwU1g4MWdwFhPL2id+N6TgMcSel8/aJ37H23feOoKtEkIIIYQQQkx0Ej6KcTFr1sjNFCwmFkNLRXEWobjPYerJ9crbU5E/YYJHgKam1rjbAoEAO1/fw7b/3dVb9sKEN4qiomnRfSkNQ8c0zeDj3V0ewIyaSVtRNTTNRk7B3EG1UdOs2GyhOiwEvIPvaQpwx53XUTp7+pD2FZeOxd96FNes0mHX45pVyuJvPcqhB+8dgVZNXOkLF+Esnkbbu/sv+kl3tBQX2WvXEejsoHXv7vFuTlKyVq3BkpZOy9tvone7E5adjOcnhBBCCDHRSPgohBhRqj0P9C5U1wz0jmNJ7fOLnYML3sbTq6+8xXcf/XnS5dXIMSD7POFtGDoApqkT8HsG3RNS06zY7So+FBTVgt8zcI/NSPMXzOLOj1w/qH3EpSd3Qzn5V13Tb7274jTHH/020++8i9zyjVHbmna8xrknfs28ex/oF1rmX3UNuRvKBz0JTfGtH6LoxptR+gzb0XHoIMe+/fVB1TXaim65jcIPXM/Zn/+Uyp8+Pt7NGVXpCxcx9wv34e9oZ/dHbo/aNuWGmym+5Vaadu7gzM/+O6n6hrLPYM24+69JW7CI49/5Jue3/Zm5X7yf1DlzOfuLn9H8xs6osonOTwghhBBCJGfwM38IIUQCtuLNAKgpxajOwgHLH6nJiphUZmLz+Xy88vJbI1ZfaAZuTbOgB7xDrsNmTwk+1p2Sg6Ikf1n/6F/dMKRjiktL0S239VvnrjjNoQfvo+2dvRz+yv20vbM3vC1y3aEH78NdcTqpOgdiz8nFNbMUZ1Fx1MuWk9ywAat/+QTrn3uRrFVrBn3sIVEUFG1oE1BNRrEm20qdPYe0BYtIX7go6XqGss9QKKoSbnP6oiWkL1hEaunsBOUvna+lEEIIIcRIk56PQogRZclZhd6+Cb3hFbSMRSi2HIzuakx/e8zyJbmd4ceQVVWB4LzT46unnqbK17HllGG327Hb7Xg8Hh79zk/Z/05yvTkHK+Dvxu7MHNK+qqphd7jw+TyQkk2gp2PAmbBv+eDVrF69ZEjHE5cOx5QicjeU91t//NFv464Mhop6Tw+Hvvwlyr73GACHvvwl9J7gkAvuymDvyBU/+knU/rkbynFMKaKnbnAz2Jt6gKonfkPFj3846HNRbfZB7yOG5+S/P8rJf3901PcZrr2f+OiYHk8IIYQQ4lIj4aMQYsTZZ92F356Nr+Z5VGchqrMQ0/Bj+tsx/R3Bl68VTAOXPcA/vv9dnnp7GueaUsJ1qGqoB5+C0vteVVRAidg2OqpqO7G+exeGlkpn2kpqLMv4zTYfb7x1atSOqQcSh4UDURQVmy0Fn09BcWTi93bEnQl70eLZfOaeDw/reOLSECt4BJh+5110HjkUDhl9Lc3hcRx9Lc1RZafedkfcuqufeXLE2jr/y18lb+Mm3JUVpC9cjGqx0LL7LQ7e/0VW/exXuGYGxxpe/tiPad3zNu/d93kWPPQIueUbUa1WAl1dVD3xayp/8l/Mf+BhcjeU0/zmTvLedzVGTw/H/uUbFG6+PmZ5gPkPfIXC67agWm3oPZ647Vz+g8dJmTkLRdOwZWVjeL2c+80vqXj8MUr+6m6Kb7sDe14+iqZheL1U/+5pTv3Hd8m5fANz/vGLpEwvAUUh4HZz7tc/p/HVl1nw0COkL1oCioLh81L3/LOkzVuALSuLQw/ei5biYuEj30BLcXHy3/4vdc/9idW/fAJLahoH7/s8RTfdwpQbbkJzpmDqOs1v7uLwVx4gbe48Fjz8z3hqarCkOElftIS6F56j4aVt4bYYfh8oKoGurn7nuvbJ35MyvYS65//EsW9+jZmf+lum3XkXltRUME08NdUc++bXaI3oOdt3n3hf16qnnmD+g1/B19jIO3/3afRuN7P+5u+Y9pG7qP/z8zinTid90WIsKcH/V9yVFRz95tfoOPReVBsLN29h3n0PYPj9nPrP71H37B+j/q4TnZ8QQgghhEiO9sgjjzwy3o0QQlx8tPQ5WLJXYPi7MXrOoyigWFJQbVnBQNI1A8Weg2JxMT23h81LzrFx4Xmm5Xpw2nScVp3GDhumaWIaBqYRnEnaMALouh/DCIQ/m5gYpoFhGoAS3Mc0AVCUwfek9Osqt6+pYPvRXH79koNnXmzj9Nm2gXccBtM0sDnSh/Von6IoWCzW4HvViqKoGIY/qozTaednv/j2sNoqxl/o33fo37ppBicyCr10XQ+/up/9w5CPk3P5BrJWruq3PqVkBplly2h+cxe6Jxi0BTo6CHRET3y0+FuPxhwvEsBTW9NvfL1EslauJqNsOYoC2WsuI2/jJjKXr6SntgZ/ezu55RvJXLoMTJO65/6EarOROmce3vpaGre/SvrCxZgBP6f/6wc0vvoyeRuvouimW2ja8SoH7/1HMpetIHvtZbgrKzADfnLWX0Hq3Pm0v3eA5jd3YklNi1s+f9PVTL39TrqOHePsL36GLScPe24e7e8eoHXfnqjzmHLdDbhKZ9O2bzfVW58ifcEiXKWzaT90ENVqxZqeQe3//J7mXa8Ht82cRefRI0y7405S586n8vHHqPjRf6J3d9O2dw+FW24kZ305NX/YytF/fphAZycdhw9iy8klbe48Oo8dw56XR8669SiaSk99PZgmUzbfgKemCm99PSUf/yQ95+s5eP8X0FJSyF1/BarVSt2zf6Tg6mvJWrESU9dpen07zW/uZOYnPo2jcApVT/6ajkMHSZ+/gIDbTc3Wp6LOVVFVMpeWYXi9dJ+ppPSez6L3eHj3n/6B1n178DU10fDKS5h+f8x96l94Lu7Xtf3APuy5ebhmleKprsJ9+hTT7vwotuwcqn77K+x5+XSdOEb1009gmgaZy1agYNK0cwdTrrsBe34+zbt20rpvD7bcPNLmzqe7soKOo0dY+PDXkzo/MfJSbrwFTdOwWCxomoamaaiqGl4qihJehv5/77sUQgghxMQjPR+FEKNGdU7BMfdvMLpO46t+AaNtf3iboigotgywZYArONvy1Owuiqe1s9nfjumvxgx0U9/u4Hybg4oGF11eK5WNLrq9Gk2ddpo6e6d7jpg9Wic6bBuqZ3aXsnXP2M7Krge8qJp12PVYrQ5U1YIfBVWzcdnqWezYvofS0mn82388MAItFQIyV6yi7HuPcejBe/FUV/Xbnih4BHAUFAz6mIqqkr6kDHona/I2NtL46st0nzsLgN7tpuLxH1L/5+eY/+Wv4iqdg7NoKnXP/YnZn/0nTMPAffoUrXt3U/KxT4Ch07xrJ56aajqPHyVt7jzSFyzCU1sDpkH7ewc48Ll7AFj2/R/FLZ9RFgzHzv/lf6n5/TOkLVhI2vwFcc/D19xE1ZO/pXXvbjKWLiN3QznpCxZS/cyTNG5/ley169AcDjw11TiKisKT7Kg2G9mXXU7X6VOc/uH3Aci76hoUTSNz6TLa3ztA5X8He2K6ZsxCKd8Ybofu6cYMBLDnF5BSMgMtxYm7soKsVavRHE6admyn/d0D2HPzyF67jsxlKwAwvD3onm4qf/rjYBh57Wac06bjrjjN6R/+J1mr1lB43ZaY5+muOB3uHRtiy8piynVbqH7mSc5v+3NS+8T7unYcPUJG2XIyli6j8+gRXDNL8VRV0fT6dppe3076wkWklMzEfeoUOevWQ4xe896G83jr6zD1AAC5V5QnfX5CCCGEECI5Ej4KIUadmlqKY/5nMdxV6K378LcexvScQ+nTK0+xpqJYU4FiAEwjQHFWO0X+dpbNbcf0nQczELVPV4+F0+dTw+8rGoPvu70alY2u4HufFvVI90AcNn3Mg0eAFKeCYrHi8w0/QNU0C6rDhc/Xw4MPfYYHH/rMCLRQiD56e2CO2eEC/iGP+diXoqrhx5EXPvINAAxfn+EPIn6xkai8oqpgGkN6NFf3dKNYLNiysplyw82U3vMPWDOzMLw9KBYr/vZgr+uq3/4ae24+mStWkbVyNR2HD3L0G49Qs/UpUqZNJ3PFKhZ97VvM/OvPcPJ7/0rniWMEut2kTAv+csff0Y6/rY2U6dPR3cF2dh47SsbSMlCU8Ln629sxvF4saWkXGmmamIFA77lqKKqC4Y09rEM8HUcOU/30E0y/6+MUf/B2ptxwE/UvPDesmcrb9u9jypYbyViylO4zldiys2l+6w20FBeLvv5tci67HCMQANNEcziSqnOo5yeEEEIIIeKT8FEIMWZU1zRU1zSsU2/G9LWgN+1Bbz+E3l0NMSakUVQLij0H7DnhdWagC9PXiuFrw/S1kurwU1Zy4ZHo9fOa4h4/1IuyvsNBQ3vwRtQ0TY7UZOBy6MzIdZNq9+N0qPy/HfNH8MyTE/D3ULZkGucb2mhoaEPXjYF3SkBRVOz2FA4erGTJkpkj1Eohglr37ubwV+7H19ISc/uhB+9N2Pux5/z50WzegEzDQPd0c+K736Hu2T9GbSvc3L+nW6Lyy3/w+JDbYcvKwgz48dTVUnDNtag2G8e++Qh1zz8bHB9yRvB7t/Wdvey5+yNkrVjFjE//LZnLVjDjk5/m8Fce4MDn7sE1cxYzP30PeVe+j5KPf5J3/+mz+FtbcRQUAtBddRZfczPZ69bjKp2Dv70d9+mTZCxeEgyRe3sFak4nisVCoLNzyOcUz7nf/opzv/0Vxbd9iJK77qbg2s10njxOzdanh1Rf8xs78VRX45w2jayVqzECAdre2UvuFeVkLltBy+63OPTlL5F35fuYd5/0+hZCCCGEGC8SPgohxoViy8ZSdC2WomsBMP2d6B1HMTpPYbjPYnjqINC/F5FiSUWxpKKmTAvuF3Bj9gaRhq8VjPgTtxRm9FCY0UPZAG17ZnfpkM9rOFpbWtA0laIp2RTkZ1Jb10JDw/DHmjSM4YWY4tLla4kd5jduf5XDDz+A0ZO4d1iiANJ9+uTgG6QoWDMzo8JBvaeHlrffTG53VUVzOgHoPH6MzOUryV57GQ0v/4XcK8pJX7CIih//KOa+icq7z54hc8UqctZvwNvYQMai3pnk40yOZXG5yCxbjpaSQvqCxfiam4N/H9dcC4qK6nBSdOMt4YlpNKeTGXd/Cn9XBzVbnyZz314yFi9BczqZevuH0ZxOqrc+TfOuHWSvWYvmdKJ3u/HUVJG5bCWmadC963X8rS1oDgcp06bTdfI4HUcOk7ZwEQX6ZrJWrcGeX0DO+iuwpqXTeOpEzLZ3n63E396Oa2Ypee+7mowlS7FmZKC73WgpLvRud8z9UqaXUPzB22na8Rr1LzxP7vpyslauxuJMvld6LO0H3yV1zhwylpbRU1dLw8t/oeDazcG/fpsNW1YWeRs3oTqcaL3HMg0DFAXV3n8G9KGenxBCCCGEiE/CRyHEhKBY07DkrIGcNQAcOXyCIwffo/bsKaxmJ7MKfSya5ibbFR12KBYXisUFKcVogBnoDoaR/tbgUh/8o3MbF9T2PnZtYhjmqM+uHYumqUybmktOThrV1U10dsafPXcgbrc8PiiGpmnn68z7Uv/1VU/+pl/wuPhbjwKEZ70Oqd76VMzwsWnn64NqS8DdBYpK8a0fovjWD4XXdxw5TOOrL/Urb/h8YJoo1uA4qt3nzpJXvpGl//ofNL76MhWPP0bWipUUXH0tBdd8AEwTd2UFja+9EvP49S88G7d8zdanyCxbHtx29bW4KyvQu92klJTErEux2pjxyU+jWCz4O9o599PHg+fx2iukL1zMvPsexPB56Th8iNS584PjSi5bTubylcy798HgTNF1tdT8fisF115H/lXXUPr3/wcAf2srtX/8PQDtB98je806TEPHXVmBr7kJU9exZmbhPnsGgJqtT5M2Zx6F121h/bPbwDTpOHyQ6qefiNn2jiOHqf/z80z/6MdY8i//SqCri+6zweVS+wAADy9JREFUZ7Hl5pK1ajVNO16LuZ9z2nTyNl3NtA9/FBQF0zBo3f0W1b97Jmb5ePp+XVv37qZw8/VYs7JpePVlAJpe38GULTeTvXoN6373LJ6aajzVVaSWzsaeX0D7wXfJXL6CuV+8H0d+9NijQz0/IYQQQggRn2KaYzxgkxBCJGAYBn/6n5d4+aW3OXnibNS2smXzuP6aBaxbbCHQdRrTUwee2oT1mbon3DMyGEYmF+JtO1jIj/7SvwekoqjBmbv7zEqtKiow/Jk2P/fhbGq759Duz41a39zcQVV105Aexb75psv48B1XDrttYvxEzm4Nwe8T0zTRdT08u7Xf7ycQCOD3+/H5fHi9Xnw+H02f/tiwjr30u98nd0N51Dp3xWkOPXgf7srTQPTkMg0v/yUcQLpmlrL4W9/BNSv6e6lp5w7e+8LnhtWukZK1ag22nBy6ThzHXVkx5PJaiovstesIdHbQunc39vwCAl1d/XrKhR6lPvatf0bRNFr37Y0q45o5i9TZc+k6dQJ3ZUVUPa6Zs0idO49AVxfNuy6Et/b8AjLLlmMEArS8/eaQeueF6vY1N9O6d/eA5dMXLsJZPI22d/fjbThPyvSS8MQ/iWStWoM9L5/us5V0HDk86HYORs76KwBo3vU6WooLS2oq3obkHvcf6vmJ4cn9719is9mw2+3YbDasVisWiwWr1Ro183Vo1muQ2a6FEEKIyUDCRyHEhPLittf5wfd/G3fSlaKiPO69/1MsWBAMMwxPLUbHCQKdpzC6KqCnPmH9pu7tDSJDYWR33LL17Q7+Z28xh2vSBzVhzXD88fO7AOgKZFHbPZsazxxqPXNwBzLQdYMzZ8/T1ja4YOHmm9by4Ts2jkZzxRgZz/Axd0M5S7/7/X7r3RWnOf7ot5l62x39ejY2vPwXqrc+xbx7H+gXPAK894XP0bRzx7DaNVmFwscjjzyUVMgnxKVEwkchhBDi4iSPXQshJpRdO99JONtzbW0jr778Zjh8VJ1FqM4iLAXBcC3Q8g6BlgMYnSfA29Bvf0WzozgLwRmchME0fBeCSF8rZuBCsFeY0cNnrjod/lzXFpyoprPHQmXvrNoAlY0uur3RPSGHIsWuh9+nWlqZm76Huel7AGjz5VPrmcPsjDkcOJdPZVV30r0gfT4/7e29E/qYenDGcDOAEfCjBzyYRgDF1DENP4pigBEAdDACKIqBLXcNTqcTi0X+y7gUNe3cQeP2V8i7clPUetesUlb86Ccx98m/6pq4E800bn/lkg0eQwyvV8YOFEIIIYQQlwzp+SiEmDBaW9r42F334/cHEpYrKZnC4z/5+oD16W3vEWg5QKD9OIq3Lqk2mIa/TxjZf9KbMaNoKJYUFC0FLK7e9y6wpNDlddDpUTD0AJoKmgqqagaXSnCeC001UVWwaCqaagImCoO/5OtKCn77DNQpW8gsGPtZwMX49nwMWf/ci9jz8odVh7exgV1b3j8i7RFCXHyk56MQQghxcZJuLEKICaOj0z1g8AjQ0NCSVH1a5lK0zKXYAcN9Br3lHfxtR/C1VWCzxt5HUa0ojnxwBEMW0whg+tuDPSID7uDs2gF3sPfgSFPtqLZMlNDLkhq3aJrDR5oj2Yr1gYskoJndaD1HMM6cosNzE+kzNg+rPjE57dryftY+8buYj1Enw11xmrfvvHWEWyWEEEIIIYSY6CR8FEJMGE6Hg6zsdFpbOhKWmzGzOO62UL++yD7dJkDKDNSUGdimfpBv3vcwWepZSotMSgoVpuarpDpj95hQVAuKPQfsOdHHMXz9A0kjAKYf0wgMHE6qtvBM3Yo1PRg2as7E+yRgmgboPcHZvXUPpuGLW1ZRNNAcoFjA8GIa3ui/MEVFUe2g2S8sFQ3V9GE27wAJHy9Zb995a9TkMsmKnIRGCCGEEEIIcWmR8FEI0Y9JMIsyB3hP321cyLAulDUvlO27vc9nMrKZNX82+954J2H7ps+fy5nu0GOoEfsnKbe0jG2/q+WliMPMmaqzYJrB7GKTkkKV4nwNVYlfq6LaUGw2sGXFLRMOIY0AphlAUS2gWEG1oijqIFocqs+H6e8KhouhkFHvCc7gnSBsHDGqDX/uVXi8Znheb0W5MMe3Aigo0euU0PrelxJZts/2GO/F0I3WI4iHHryX3A3lFN1yW79ZsPtq2rmD2j9sveTHeBRCJE8enxZCCCEuPhI+CjGJGb3Bn2GCQTCIi700Y6+PqCNy23gOBLvyirVUHK+ktbk15vaZc2eyeHUZxjAaubp8LWdOVHD84PHwupPVGierg5PG5Bflc/PHbmPNIjvW7pNo3Wew9tRiDTQN6jiKagEsoA0+SDNNHdPfEX7h7wgGjuPJ8NFTcD2+hJ06R+5fTyiEVLkQRqqhZZ9twaUSZ31wqUbUcTEayxv2pp07aNq5A8eUInI3lJMyYyaOggIAes6fp/tMJU07d9BTVztmbRJCXJwkjBRCCCEmPwkfhRgHobAwKjTss84wzXAg2DdcjAwdLzbL1q3ANE1e/MP/cvbkmahti1Yu5tpbr6N0wexhHaOopJjNH9oCisLx945FbcsrzGPz7VtYdtlyfIAvbWHUdlvnkWEFkomYgS6MniZMbxOmv33E6h0pXQu+ja9wy5gdLzIUTy7TTO4bIjKE7BtKhj/3BpmR62KVG2/xbsrHagKGnrpaqp95clSPIYS4dAx07ZIgUgghhJicJHwUYoSYgG7Gepkx14v4ll++kvyiAqoqztFY34CqahROm0JJaQm5hXkjcoy5S+ZTPGMqR/YfprGugUBAJzsvm7mL55FfVBB3P1/awriBpMVzBs3bCKaOYhoo6ICBYhoQ+mwaKBh0dBkYhoFLa0YLNAYDR907Iuc2GtxzHsI79c7xbsaICIX2ib8PB/4m1ZRYLyXm+rG6XVYURWZ+FUJMapHXMLmOCSGEEBcHCR+FSEIgRngYiBEqXow9EcdL8YypFM+YOqrHcKWlsrp87bDriRVIxrP/jT2888Zezp06R2N9EzZ7EfOXbmTZmiWs23QZmEZveBkMKkGH3vfBdcFAM1Rm92u7eO25l1AVM9gjTzV735sR72HFujLWXLmmNwjVe+vtc6ze9eEyoeOi0zPjU8P+e7rYxP5FQv+LgBojjLT0CSktvcuhineTLjfuQojJJN51TK5lQgghxOQm4aMQfegmeA3wGeAzzN7leLdKXAzefXsfzz3xLHVVdeF1Pq+f9/Yc5uC+I7i7/Vx10weA5EdOrOk4zqnzGQOW00qms6zg+qE0WwyT0fuLCX/U2v5fYZsaeinYe98PNpAM3aRHvoQQYrKQa5gQQghxcZLwUVzy/EYobDTDoaM8Fi1GWktDE68++3JU8BjJNEzefOVNZi+cR8mcmUnXm5qellS59Mz0pOsU4+PCLzqCFyBNIRxC2pTg0hKaLVxRMHunek/UU0hu3IUQk0mia1fkOrm2CSGEEJOLOt4NEGK8tflNGrwmbX7w6BI8itFx9tQZThw6mbBM7dlajhw4NKh6i2dMx5HiSFjGZrdSunDOoOoV4083oVuHNj+c95p0BKIvTn1v0GP1GJIbdCHEZDLQdUyua0IIIcTkJOGjuOTZhzPQmhBJaqitT6rc+arkyoXMXTKPDe8vT1hm1RVrWLpm2aDqFROPXY1/0x3rZl1VVVRV/psXQkweoetWsr9IkSBSCCGEmBzksWtxyUvVwO5U+o3xKD0gxUjStOQut8oQwqKrb3o/AK88+xKGfmGAUqvNyprytZRf975B1ynGl0UBa8QYkNbex65j6XvzHQoeQ0shhJgsIq9dsa5tQgghhJicJHwUlzxVAXvv2GoQ/MHWMHvHXzPB3xtI+o3grNdCDEVRSXIzd5fMnjHoutOzMvjg3bezdPUyjh88SmtTK2kZacyYO5OytcsHXZ8YW5beYNEaChp7x3hUo+6zL4zxGEvf3o7S81EIMRnFuoYl86i1BJNCCCHExCbhoxAxqAo4NAiOpBf8gdYk2Buy/8uMuV6ISFNnTads7TLefftA3DKz5s1iXtmCIR9j9qI5zF4kYztOBArB64jW76XEWBe6ygyi/t4JZ+KNjxa6adc0bTROTwghRoWmaQkfvQ6FjBI2CiGEEJOLhI9CJEkh2EPJ0u/n3f4/AOtmsPdkOIwk9PlCUBm5XbLKi196ZjofuP16ujq6OH30VL/trjQXV15/FVOmFY1D60QyVKIDRTUiUAy/J3r7SIqc4Tryc6Lg0TRNFIcDs6dnZBsjhBAjTHE40DQtYQAJsYeaEEIIIcTEJuGjEKMgFD5Y+23p/wOySTCIDC0NEwzA7F1e+GyGP4f3iSgTWY+YmEpmz+CWu2/jvbff5eTh49RX15HiSmHRiiUsv3wF85YOvdejiC3UA1EFlMhln3WqosQsq/aWDW2baLe4kYFkKHg0DCMqfEy/chPt214Y55YKIURi6VduigofY439KEGjEEIIMTkpZqJBpIQQk07fIDIUZPYNOU0uBJpmgrJmjHVCjJTIUE8JhXwR7yMDwwvblKj91Bhl1Yi6Lyah/7JDS8Mwgt/HhhF+6boe9QoEAtQ//hgd21+RHpBCiAlHcThIv3IThZ/5eywWSziA7NsLsu9EWvIIthBCCDF5SPgohBiUUBgZfs+FcDJ0MRnwc586gmXM6O0R+9JnX8w+nyOWsbb1e9/nqtf3IhjzojiKwasS/iPG+kSfldjblMilEmNdxLZ+62OtI+Imr0+56DIR72PUFbVPn/1FcvqGj6Zp9gsf44WQoVdoW2RwGaonsk4hhBiOvo9KR/ZkDPXODi1jvSJDx1iTz0j4KIQQQkwe8ti1EGJQIkOmqJUjUrMQIpHIcR77jv/Yd2brvttDZXRdR1XVfsFjZPm+4aOEkUKIgSQai7HvuLSxAsjIZazQMVbdEjwKIYQQk4OEj0IIIcQkFXnjHTn5TKzHEhVFCY8HGSt4TBQ+CiHEYMULH/sGkJGvWJPN9N1fCCGEEJOPhI9CCCHEJBTZCxKImmwmtIwsG1ofr8dj36UQQgxXrEekYwWQfYPIWNult6MQQggxeUn4KIQQQkwifR+5jhQZPMabBTsUPgISPgohRlW88BGIChUTvR+obiGEEEJMfDLhjBBCCDEJxZt8BgiHi7EerU40uUy8HwnkRwUhxEDihYGxHr+OfB/rkWwgavgImWRGCCGEmNz+P8Xtzo7g0pawAAAAAElFTkSuQmCC
----[INFO]----Unable to locate elementPatient Module
----[FAIL]----Element 'Patient Module is not present
----[FAIL]----Element 'Patient Module is not present
data:image/png;base64,iVBORw0KGgoAAAANSUhEUgAABR8AAAJmCAYAAADVS/dbAAAAAXNSR0IArs4c6QAAIABJREFUeJzs3Xl4lOW9//EPkH0SlgATkCVkoUQYIkohGCuWoKCnINLaH6Di8YALVY+gBa1iqhb3pbgcW2Q7FlCwrUWFUwVMUNRAWATDgEGTDIlEyYBBSIaBrL8/spBlZjJZJjOB9+u6vGqeeZbv8zxjox/u7313qqysrBQAAAAAAAAAtLHO3i4AAAAAAAAAwPmJ8BEAAAAAAACARxA+AgAAAAAAAPAIwkcAAAAAAAAAHkH4CAAAAAAAAMAj/LxdAC48JRWVCujcydtlnBcyzAcabYsw9laE0eiFagDPKbbZlGM5LJvNpmyLRZIUExUlg8Gg6KhBCjUYvFwhAAAAAMARwke0q7RvT2jdoVNKio/QlIFBIoJsnmKbTVtSt2pLSmptAONIqMGg+OEmJSYk6PKE0U0GMwsWPuowyHTkLy//WTFRUW7tu2BhssvPp06epMQxCQ4/W7J8hbIth926zgtPLaq+nvv3IZ0Lr0JDDYo3mRRvGubWvWWYzU3eW4140zC98NST9bZNnDK12ce6ez1JmnP7LMVERTXreTiq0xlPndeRLalbtf6DDS6/75IUYTQqcUyCrkka5/b3EwAAAADgeYSPaBe5P9q17JM8bTYf05iRA/RB3hltt5ZoysAgJRoDvF1eh5C2I10vvfqaim22JvctttmUtiNdaTvSFWow6N2317RZHVtSUhVz+2y39s0wm11+nmOxKH64yWE4mm2xNCtIbIm6gVbajnRJVYHk1Osn65qkcR69dnM19SzrsrnxHfF12RaLXnrltSZDxxoFVqvWf7BB6z/YoFumT9PMGdM9XCEAAAAAwB3M+QiPKq+o1JLUXP32f/Zos/lYvc+OnanQ8m9O6yVzsbJOlXmpwo5hc0qqnnjmWbeCx4ZacowrW1K3ttm5im02rVm7rs3O1xayLRa9+MqrWrAwuc2fHdyTbbHowYXJbgePAAAAAADfRfgIj9mwr0BTX92tlZ9953K/Az+V6emMYq3OtutUaWU7VddxFFiteunV1zx6jea0qdaMqmwr6zds9MmQKcNs1t3zHmhVAGkICXH4bKOjBjV5bHTUoBa1D0dHDZKheiRpTFSUDCEhbX4tT523xkuvuDfCFwAAAADg+zpVVlaS9qBN7c09qWWf5Gn34ZMOPx8zcoCKu3dz+Flgl066YWCQJvYL9GSJHcrjTz+j7ek7nX4ebxqmeJNJBVarCqxWh63Km95f79a1br3jLhVYrU3ud03SOM2fe1+T+2VbLLLZbE3OVxhvMtXO21hXsc2mJctXOBxtaQgJ0arlSx22bLuakzDeNKz2749arbJajzncr0ZMVJT+8vKfHX7mau7HqZMnaU4T7enO5n68PGG0Hn/kYYefubq3d99e4/B5rF67TmvWvePwmMce/oPTeTeb4onzbk5JdRm2R0cN0iUmk6Sq71d2jkW206fr7UPbNQAAAAD4DuZ8RJs5VlSipZ/k6f0vj7b4HGfLK/WOxa40a4luGBikS3v6t2GFHdN+J0GTISRELzz9ZKORZc1ddKVGtsXiVvAoyWUYWpe7o94yzGZtTknVhPFJ9baHGgxOV+6OiY5q0QrHDRc/qZ0rcMNGh/tnWywOa2uKoRWrL7d0wZSWPI/QUM+sEt3S87qa2/L39/13o/fgKgAFAAAAAHgfbddoE3/7/Iimvrq7VcFjXd/ZyvXa1zb9JdOm/NPlbXLOjijDbHbafho/3NSmq/puSUlttM0QEuJw4ZW2br2WpDdWrPRKq22E0ag5t8/WnNmznO5DuNV+nAXghpCQZgfAAAAAAADvY+QjWuXjg8e17JM8WY6dbnrnFth9vFS7j5fqP/oHasrAIPl37uSR63REzlY0rhtIxle3p7ojzcFoxvjhJiUmJDhse96cmtridl1Him02rf9gg9faZadeP1lp6ekOR41WtbObm/U80TLORu02bK2uEWE0Kt40TBFGY+0o2UuG854AAAAAwFcQPqJFMn8o1rJP8vTZN4Xtcr1/HzmrNGupbhgYpLF9Atrlmr4uw3zAYTtwU/MMOuKs5ToxIcFpwLg9faeKbbYWtfo6s2bdO5owPslpq7WnXZOU5DT8+mo/4WN7MBp7O52H86VXX9Pv7/vvetsmjE9iRCQAAAAA+DDartEsxWfK9OdNObp16b52Cx5r/FRSoTezTuvZ/cXKPFnWrtf2lqbmDXzp1de0YGGy23MwOuOo5VpSbfB4ecJoh5+3deu1JL34imdX9nbF1Yg5V3MRou30cRE8b05J1a133KUtqVtZDRsAAAAAOghGPsJtf9/5vZZ9kqeTdu8Gf9+cLNPz+4v1i4gA3TAwSOGB52+GHhMV5XIkmFQVimWYzQo1GJQ4JkHXJI1r9gg9hy3XpmG1oxovMZkcBpxp6emtGnUWHTVIOZbD9bZlmM1K25Hepi3d7mrLEZcZ5gPMFdkCiQkJLhdMKrBa9eIrr1btOyZBiQkJDuclBQAAAAD4BsJHNCnt2xNa+mmeDuYXebuUej4vKNF2a4mmDAzSpAFB3i7HY349ebKWrFjZ5H7FNps2p6Rqc0pq1SIqs2e5FeC5armu/fsxCQ5raG3r9czp0/XXFSsahatLVqxU/HBTm7Z0uyveNMxh+NUwJG1KTSiM5rlmfJJWr13ndI7HutJ2pCttR7qWLF+hqddP1g2TJ3nlOwMAAAAAcO78HTKGVsv90a5H3z2keW8f8LngsUZ5pfSv3DNa+GWRdh0v9XY5HjH1+snNHtlVYLXqiWee1RPPPNtke2rGfscBWd3gMsJoVHTUIIf7OWvZdkdoqEG/m914jsoCq1XrP9jQ4vN6Am2+7SPUYND8ufc165him02r167TgwuTlW2xeKgyAAAAAEBLED6ikfKKSi1JzdVv/2ePNpudt/v6kh9Ol+uvmTa9ctCm3OJyb5fT5ubPvU9TJ09q9nFpO9L1xNPPutzH0UrWRmPvRi3Ilzhp5XZ0fHMkjklQvGlYo+1r1r3jcESmtziqEZ6ROCZBLzy1SEZj72Ydl22x6MGFyQTFAAAAAOBDCB9Rz4Z9BZr66m6t/Ow7b5fSIl8VluqJfUVam2OXvazS2+W0qTm3z9YLTy1qdghWM4eiIwVWq8ORYlckNG7XdtbC7axtuzmcjXTz5uIz8K54k0l/fXmxbpk+rVkhZLHNpjVr13mwMgAAAABAczDnIyRJe3NPatknedp9+KS3S2kTW74/q+3HquaDHN830NvltJl4k0kvPPWkCqzWqvnu0tNdLs5RIy3d8QIuzkLJDPMBLViY7HZdaTvSNfX6yW7v31CE0ahbpk9rtECLN+ZMdOd5uuOapHFNLsbTnGd8IQo1GDRzxnTNnDFd2RaLtqSk6iuzucn5N7ekbtWc2xu38wMAAAAA2h/h4wXOeqpEyz7N0/tfHvV2KW2uuLRSb2XbaxelGd7D39sltZkIo1FTr5+sqddPVrHNpvUfbHC5srKzQM1Zy3Rz583bkrq1VeGjVDW35ebU1EaLz7RnAOlqBGeig9GgrkQYjc1edRzOxURFKaY6UMwwm/XX5SuchpDFNpuyLRbFREW1Z4kAAAAAAAdou76A/e3zI/r1a7vPy+Cxrpyici0+YNPSQ6dVYK/wdjltrmZ02JzZs5zu4yhUc9Zy3RLZFkurzxVqcLz4THtyNhJUkuKHEyT6ipoRwK7asW3M+wgAAAAAPoGRjxegjw8e17JP8mQ5dtrbpbSrHcdKtONYia4fGKQpA4PUydsFuWFzSqq2pG6tN/rvlunTNHPG9Eb7XjM+SUtWrHT73K6CtpbYkpJaOzKtpWoWn2mr1ufmWr9ho8PthpCQC24U3cQpUyVVjeCMMBoVEzWoTVqZXZ0322LRkuUrlWOx1C4aE28apheeerLReUINBvUxGhuNlAUAAAAA+BbCxwtI5g/FWvZJnj77ptDbpXjVB3lnaluxE40B3i7HpQKr1e22Y1ctw44WqXHWcu1qrsLiYpueeMbx6tlp6TvbJJyaP/c+3XrHXa0+T3O99OprTp9ha1vKO7ICq7X6ubTtAk6Ozmuz2ZrVZl/gIniMvsDCYgAAAADwVYSPF4DiM2Va+mme1u343tul+IxjZyq0/JvTtSFkbNeO/Y9Csc2ml1ysDN1w1J6rluup1092OcovOmqQw7n2as7Z2hGCzhaf8ZQCq1VLVqx0OhLUEBJyQYePbam4DVuhXYXFRmNvhRoMbXYtAAAAAEDLdezEBU36+87vteyTPJ20l3m7FJ904KcyHfipWOP6BmrKwCB19ff9Zuw1695RhvmALqmegzDbYlHGfrPLYKfhStfOgj2jsXeT4WFiQoLThT7aovVacr74jLtcjYiru8K0rXphElfm3D7baZBVXNzyMK2lc2TabM2fLsHV/IdVbf3129xdjaJtj/PWlWE+oLvnPaD44SaFGgwqsFr11X6zy3NNSHK9yjgAAAAAoP10qqysbNteOviEtG9PaOmneTqYX+TtUhoZM3KAirt383YZjQR16aQpA4M0sV+gt0uptXrtulaPALw8YbQef+RhSdL6Dza4NS/knNmzGo32czT/pDO3TJ+mCeOTtCV1q77ab3Z6TExUlCIijJo6eVKjlaHTdqQ7bfGWHM8FuGBhcr35AlvL2fyajuYmdCQmKko3TJ5Ur4295lh3nmPdd7dgYXKdVmXnQg0Gvfv2GknSkuUrlGE+0CYLC9V93p46b4bZXC8cbglDSIhWLV/KyEcAAAAA8BGMfDzP5P5o17JP8rTZzCIMzXWmvFLvWOy1rdiX9vT3dkmtFh01SPPn3lf7s7uhnKP9mjP/ZM3+q9euc7lPzSrZ0YMGNQofW7L4THPqc8UQEqI5t892Ovelu3MTZlssjcLC5sxrWHdkobvH1H13bbEKuSOeOm9rGUJC9MLTTxI8AgAAAIAPIXw8T5RXVGrZJ3la+dl33i6lw8uzleu1r236eS9/TRkYpH4hXbxdUotcnjBa8+fe16GDmPlz79Pv5t4v22n3Wo2Nxt6tXv34mqRxmjljuiKMxladB+2rJmi/0FYlBwAAAABfR/h4Htiwr0DLPsnT0ZNnvV3KeWX38VLtPl6q/+gfqCkDg+Xfuf1rmDljuhLHJGhLSqq+MpudzrVYwxASosQxCZowPqnRSEKpajGXuitfH7VaWx3WeVKE0aip1092u/W8j9HY7PuJNw2TwWDQJSaTEsckEDp6UbzJpFXL3lDajnSlpae7Ner18oTRSkxIcDpKFQAAAADgXcz52IHtzT2pZZ/kaffhk94upVl8dc5HV3oEdNaUgUEa2yfA26Uo22KpbcfNzrEoJrpqpFeE0ehTwVmxzaYcN1tzfa12+I6681zW/b4bDAZGOQIAAABAB0D42AFZT5Vo2ad5ev/Lo94upUU6YvhYY0g3P00ZGKS4bgwaBgAAAAAAaArhYwfzt8+PaNmneSopq/B2KS3WkcPHGldGBGjKwCCFB3qhFxsAAAAAAKCDYPhWB/HxgeNa9mmeLMfcW3gDnvVZQYnSrCW6YWCQfjUgyNvlAAAAAAAA+CTCRx+X+UOxln2Sp8++KfR2KWigvFJ6N/eM0o6V6oaBQRrVy9/bJQEAAAAAAPgU2q59VPGZMi39NE/rdnzv7VLa3PnQdu3IJeH+umFgkCJDu3i7FAAAAAAAAJ/AhHU+6ujOR3Xixzxvl4Fm+OmMTSlZK7xdBgAAAAAAgM8gfPRRF4UUa37If+qFUSky9aU73pd19Zcu75quiNO3ylCxx9vlAAAAAAAA+AxSLR83omSlRhhX6t99ntCbh+J04nSZt0tCHSO75cqv+GmVnzrp1TqKbTblWA7X2xZvGualagAAAAAAAKoQPnYQ/1HxmMZdPEBv2R/ROwe7erucC15c2Cn1KvtflZzcLm9Nmro9fac2p6YqO8eiAqvV4T6hBoPih5sUbzIpMWG0IozGep8vWJjcZvW88NQiSVK2xaIly1e63Hfq5ElKHJPg8LMly1cou0GQ6khM1CDNuX222/u3xAtPLXLrftxVU3ONlj7/S4abFGE0Kt40rNE7BQAAAADAlxA+diDBZd/pdv/fKenn/6HVx2/W557JW+BC3+ByRft9pNKi1SrxUg1pO9K1ZMVKp4FjXcU2m9J2pFcds3yFpk6eVC/8yjCb27w+m83W5HkLrFbFDzcp1GBo9Fm2xaIM8wE3rlTZzP1bxp37cV/9qLql5617XLzJpJkzpineZGpVZQAAAAAAeAJzPnZA0aX/1mPdbtbjI9MV1dPf2+VcEAK7SAndMjTAfrNKi1Z7rY4lK1bqiWeedSt4dCTbYmnjilqmwGrV+g82eLuM80KG2awFC5O1OSXV26UAAAAAANAI4WMHdkXZq1ra///prvh8+XfhVXrKJV2P6rLOD6ry5NNereOlV187rwK79zZsbHGIisZeevU1pe1I93YZAAAAAADUQ9v1eeDGTg9q3KXxWnNqrjZ+E+Ttcs4bMaF29a1cq5JTm1Xu5Vo2p6S6NbLNaOytUIOh0eIzzrz79hrlWCxO5x40GntrQlJSvW0FVqu2pG51es54k0mrlr1R2x7uTLHNpiUrVuqxh/9Qb/sLTz2pDLNZm1NSHV7HaOytv7682GHL9rkahtW2IW9OTZXVeszhfrdMn9bkPblzP3WvVyPbYtH29J1Oa5Safv6GkBDFREfV/txUe/mSFSudzqUJAAAAAIA3ED6eJ3qWZmhu8GyN//l0rfphivbmV3i7pA6rV2ClhgR+qtJTS7w2r2NdxTab3nAR4hmNvTVz+nRNGF8/JFz/wQaX4Z9UvSCNi7kC+xiNmjljeqPtrsJHSYowGuuFZs6k7UhXhtncqIZ4k0lf7Xc8H2Ifo9Fl8ChJM2dMrz1nhtnsNHyse29fudivqfupmnex8XOaOGWqyzqbev4x0VF64akna38uttm0ZPkKp8+/wGpVtsWimKimnz0AAAAAAO2BXt3zjKl0nZ7vNUMPXmqWMYxsublGdftG0WdnqPTUEm+XUmv9BxtUbLM5/Cw6apD++vLiRsGjJLfCP1/w4iuvebsESVWhpq8LNRg0f+59Mhp7O93H5uS7AgAAAACAN5BOnaeuqXhG4wZ301tn/6Q1B3p5uxyfZ+r6o7qd/atKT7b96s+t5WqU4fy59zU5CtATXnhqkQwGQ5uMsCuwWrV67TqHIwfdERMVpaNWq9NRiy3RsN25pdryOdV1icnk9HtRXEz4CAAAAADwHYSP5zG/8pP6T7+5Svr5WK0unK2tObzuhgaGlGhg5/dUcupfKvV2MQ4UWK1OF2W5PGG0y1ArwmjULdOnKcJoVJ+IqlF9hjYKKl21CrfEexs2asL4JEW0YPThnNtna87ts1tdQ9325rbS1s+phqvnFBra/mE0AAAAAADOkEZdAAaUbtMjYdt09cjb9bfvrtE31jJvl+R1Yf6SKSRd5ScX+8S8js64Wr04McH1wiIRTuZr9EXFNptWr12n+XPv83YpHUKG2fkI3WjmewQAAAAA+BDCxwvI6LLlGt13ud7vu0grvx6s0yXeXsPZOy7rlquA4qdVfvKkt0tpkrO5HiXVjmb0pALrMa1Z947LfRyt9NwUo7F3ozbpLalbNWF8UpuPFow3mZpcJbq1MswHmnxO1ySNa9HIzoYKrFan93NN0jivtOEDAAAAAOAM4eMFaIqS9UtTlN6yPaT1h8K8XU67iQsrUq+ylSo5uV0dZS3wbIvF6Weeaumtq2Y+RldumT6t2bXMnD5dS5avkO306Xrblyxfqb+8/Odm1+ltGWazy9GIUlVI29rwMdti0UtOFugxhIR0mJGuAAAAAIALB+HjBapbuUV3B83R+JGTtco6XTu/83ZFntM3uFzRfh+ptGi1T7dYO3K+rlzcJ8KoqddPbjRaMNti0foPNmjq9ZO9VJlvybEc1oKFyZJct1objb31+CMPt8nISgAAAAAA2lJnbxcA7xpStkFPhd+shSN2q1/38yuLDuwiJXTL0AD7zSotWu3tctDAzBnTZTT2brR9zbp3XLabX0iKbTaXoyqNxt66Zfo0/fXlxW2+ojYAAAAAAG2B8BGSpF9WLtabkdP1X8O+93YpbeKSrkd1WeeHVHnyaW+X4jHnQ0C3wMECM8U2m5YsX+GFajqe07bT6tSpE/M8AgAAAAB81vk11A2tVKmb/BYo6bKRWnPybm3KDvJ2Qc0WE2pX38p1Kjm1Sef7cjo5FovH532MNw3TC0896cHzm3R5wmhtT99Zb/uW1K3tMqdlW7ll+jSvzLdYs0p4cXGx5tw+u92vDwAAAABAUxj5iEb6lO/R/NDZev6yf2tYn47xFekZWKkrun6insX/pRLbJm+X02ZcBXDZOc4Xo+lIfnf7bBlCQhptb2oBlwtBTVv1LdOnaerkSQ6fkySt37BRBVZrO1cHAAAAAEDTOkayBK+4tPwtvRwxQ/PiD6p7cBdvl+PUqG7fKObsDJWeWuLtUtqcq3n80hqMFnRkS+pWZZgP1P7lavVsb4kwGllgxok+RqNmzpiumTOma87ts/X4woed7tvUquQAAAAAAHgDbddo0q86PaVxQ3rprTOP6e+Z4d4up5apa6G6nf2LSk+evyPkYqKdh481C5G4Gh354iuvNtq26f31ra6rwGpVgfWYJCk6alCr5xycOWO6Nqemylp9zvNFWz+neJNJ8aZhyjAfaPTZltStmnr9ZBaeAQAAAAD4FEY+wi0hlcd1R+B/643LVuiKSO/OpjgwpES/CP27Qk7drdKz52/wKFWNCow3DXP6+ZLlK72y8MzmlFQtWPioFix8VL+56RZNnDK11SPvHC0+09E5ek6tbSd3NbfkkuUrW3VuAAAAAADaGuEjmiW6PFWPd79Vj434TIPC27cVO8xfurxbuvqcvlUlxf9q12t70zVJSU4/y7ZYdPe8BxwGWh1tNeyaxWfgWs3oR0dqRsMCAAAAAOAraLtGi/yicol+MWCJ/nHRU1r5dZTKyis9er3LuuUpoPgplZ886dHr+KIJ45O0fsMG5VgOO/y8wGrVgoXJijAaFWE0qk+EUUcLrG4vQOIqpLTZTjdq8bXZbI1Wp24rv7t9tjL2m2U7fbrNztkeC7FYjx1r9JwKrFZtSd3qketNnTzZYeu1JK1e+45eeKrjrBQOAAAAADi/ET6iVX7bZaHGxf9Ma4p/r//7NrTNzx8XVqReZf+rkpNpqmjzs3ccjz/ysH43936XoVzV/IJWZbg58K3AatWade/oq/3OD8i2WLRg4aPNqrUmdEvbke50nyXLV8pgMGjmjGn15qysWXxmzbp3mnXNhtJ2pGv9ho2SXK+aPXHKVEUYjUpMGK05t892uI87z2lzSqo2p6Q2u84nnnlWBQXOw9Ecy2EtWJisObfPqp3LcfXadS7D3wyzWXfPe0AGg0EvPLWo2TUBAAAAANCWCB/Rar0qvtG8kLs0/tKpWlVwo/Z93/pz9g0uV7TfJpUWrVJJ60/X4UUYjXrh6Se14JFH22xUYIHV2qLAzJ3zNjX/Y82q21/tH9ZowZyZM6YrLT3d6UhPd2RbLG63HxdYrS5XAffUc5LkMqCVqkalZpjNstUZnZphNje5arkvrmoOAAAAALgwET6izQyvWK8Xeq/X5t6/15vZo3SsuPkL0wR2lkaEZajy5NMq9UCNHVlMVJReePpJvfjKq60K5jqC390+WwsWJnu7DAAAfEZRUZHsdrsqKz071Q0AAB1Vp06dFBwcrLCwMG+XggYIH9HmJugl/TI6QG+XPqO3vu7j9nGXdDsqw+nFKjuZ68HqOraYqCj99eXF1W3FG5zO+9eQ0dhbVyQkaOr1k2u3RRiNniqz1eJNJl2TNM5jcyYCANCRFBUVqbKyUr169VLnzqwXCQCAIxUVFSouLlZRUREBpI/pVMkfn/qk07vvVemRDd4uo9XyOiVozU93aevhwNptY0YOUHH3brU/x4Ta1bdynUpsm7xRYpvqERKpaZe90W7XK7bZlLH/XBuuzWbTUau1dn7AmKgoxURHtWvQWGyzKcfNtt+aRXIAAIBzVquV4BEAADdUVFTo+PHjMvLfmT6FkY/wqIGV6XqkW7rGj/hP/S3/Wn177NyyMT0DKzUk8FOVnVrCvI4tFGowKHFMghLHJHi7lFqhBkOjeRwBAEDLVVZWEjwCAOCGzp07M0WJDyJ8RLtIqPybEi76m9ZH/FFfVl6kUd2+UaeTf1TZWW9XBgAAAAAAAE/hj1DRrv7foP2aO+KsLgnd5+1SAAAAAAAA4GGMfES76BI+UkFx8+RnHKsYSTG6WD8zjtfu3NU6XLjD2+UBAAAAAADAAwgf4VGdAnspKO5+BUTd0uizXoYYXTv0ceUc/0y78tboxGlWuQYAAAAAADifED7CYwJj71Rg3Dx18jO43C+615WK7nWl9h55R7vz1qi8orSdKgQAAAAAAIAnET6izfn3najAuPvVpdvFzTru0v7Tqlux1+jrgo88VB0AAAAAAADaC+Ej2kyXrnEKjLtf/hdd2+JzGAJ66arB8zTYmKTdeWv0/cmMNqwQAAAAAAAA7YnwEa3WqUuwAuPuV+Dgu9rsnBd1i9f1w59XZsEm7cpbLdvZ42127o5u4pSpbu0XExWlv7z8Z7f2Xb12ndase8ftGja9v96t/bItFi1ZvtLt89aIiY5ShNGoeNMwxURFOd1vc0qqtqRudeuc1ySN04TxSS2qreGxDXninQAAAAAAcD4gfESrBAy6WUEX369Ogb09cv64iIlVoyBz12jvEffDMVSFawVWqyKMRq/VYLPZlGE2N/u4usdEGI2aOWO6rkka12i/AqvV7fPHm4a1uLaGx7aUL7wTAAAAAADaU2dvF4COyc94pULHvqvgEU97LHis0aWTvxIG/ZemXbZUMb2u9Oi1zjdpO9K9XUKrFVitevGVV7VgYbKKbTZvl9Nq58M7AQAAAADAXYSPaJbOREoqAAAgAElEQVTOhoEKHrlYhsQ16hL+83a9do+QgbombqGuHfq4eoXGtuu1O6r1Gza6tZ+7I/EMISFtNgqwuTLMZr306mteuXZbjlR0t00cAAAAAIDzQafKyspKbxeBxk7vvlelRzZ4u4x6AuPmKShunqRO3i5FkpSR/y/tzlujkvLT3i6lVo+QSE277A2PXyfbYtHd8x5wa9+/vPxnl/Mm1pVhNmvBwmSHn02dPElzbp/tdo2SVGyzKcdiUXaORUtWOJ5f0WjsrT7V4d5Rq1VW6zGX53zs4T8ocUxCvWssWb7Caag3Z/YsTb1+stPztdU9e+qdAABQUFCgiIgIb5cBAECHwO9N38Ocj2iS/4CpCoq7X50Nkd4upZ74fr/Wz4zjtStvjQ784FtBradtSUlt1r4xzQwNHTEYDM0+JtRgULzJ5HKfCUlJmjljeu3PBVarHn/6GeVYDjvcf3Nqar3wMdRgcDkyMSa65SFfc+7ZG+/EkQKrVQUNAlyDIYSwEwAAAADgFbRdw6ku4ZfJkLhaISNf9rngsUaQfzddGXOPpl6yWAN6jPR2Oe0mLX1no22XJ4x2e19fFmE06vFHHnb6+XYfvR9feSebU1K1YOGj9f5asnyFx64HAAAAAIArhI9opFNgTwVf8qRCx66Xn3Gst8txS0TYxfrVsKeU9LMH1TWor7fL8aiaFZMbmpCU5DDsKrBalW2xtEdpbSbCaFR01CCnnzu6f2+6EN4JAAAAAAAtQfiIegJj71DYNZ8pIGqmt0tpkZ8Zk3TTz/9XPx94i7dL8RhH7b2GkBAljklQYkKCgyOk9R90vLb0UBctz74WPl4o7wQAAAAAgOZizkdIkvz7TlRg3Dx16TbU26W0iZ8PvKV6PsjV+tbq/lx8HYGjlt344VXzKl4y3PH8ir7aqtxS0T42fyHvBAAAAAAAxwgfL3BdusYpMO5++V90rbdLaXNdg/pq/M8e1M96j9fuvNUqKMr0dkmt5qy9t2Z0XU27csPFWoptNqXtSK+3UIuvyzAfcPqZq1GRDW1J3eryXK0dRXkhvRMAAAAAAJqL8PEC1alLsALj7lfg4Lu8XYrHDegxUgN6jNSBHzZoV94anSk96e2SWixtR7rD7XUDrEtMJocrRaeld5yga/XadU4/c7aIizObm7EKdUs4W+W6Pd7J5pRUWY/VX9naUdBaYD2mNeveabT9lunTWnxtAAAAAADcQfh4AQoYdLOC4u5Xp6De3i6lXQ3rO1mDjVWjIDPy13u7nBZx1KobHTWo3kjAa8Ynaf2GjW4d60uKbTblWA5rS2qqy8BwQlJSO1bVNEdhX3u9ky2pqS5HddYosFodBrqEjwAAAAAATyN8vID49f6FguLuV5eeP/d2KV4T0CVEiVF3Vbdir9Hhwh3eLsltzlZIbhjGxURFyRASItvp0/W2F9ts2pySqgnjfSu8W7PuHYej8hyJNw3zqdGb5+s7AQAAAACgrbDa9QWgc8gABY/8swxXvHVBB4919QqN1bVDH9c1cY+oR8hAb5fjFndarl1tk6rafDuq6KhBeuyRh71dRj0X+jsBAAAAAKApjHw8zwXGzVVQ3P2SOnm7FJ8U02usYnqN1d4j72hX7mpVVJZ5uySntqRudbj9xVdea7TN2SIq29N3qthma9aCLb7gmqRxmnP77BbVPWf2LMVEO18dOzvHoiUrVraorgv5nQAAAAAA4A7Cx/OU/4CpCoqbp86GQd4upUO4tP80De6dpN15a5RZsMnb5TTirL1XkjLM5madK21Heodo8zWEhChxTIImjE9SvMnU4vPEREe16nhnfOGdXJPU+NlkmM2N5oE0Gnv73FyZAAAAAIALA+HjeaZL+GUKipsnP+NV3i6lwwkN7K1fDr5fP6telOb7k/u9XVItZ+29LTpXum+Fj/GmYfUCtEuGm2QwGBQT5Xy0oi/whXfi6JjVa9c1Ch/7GI2aOWN6i+sDAAAAAKClCB/PE50Ceyoo7n4FRM30dikd3kXd4nX98Bf0dcFH2p27RraS494uyWl7b0tsT9+pAqtVEUZjm5xvwcJHZbOdlqG6bTgmOkpzZs9y+/h4k6lDBmO+/E4AAAAAAPAVhI/ngcDYOxQYd786+TFnXFu6OOLa6lWxV2vvkb97rQ5X7b23TJ/m9DhH7bc10naka+r1k9ukPkn16sswm5sVPnZEHeGdAAAAAADgCwgfOzD/vhMUGHe/unQb6u1SzltdOvsrYdAsDTaO1+68Nco5/lm71+Csvddo7O1yxGC2xaK75z3g8LMtqVsJulrB2TuJjhrEOwEAAAAAoA7Cxw6oS9chCoy7X/4XXeftUi4Y4SGRmhC3UIcLt2t37hodt2W327XXb9jocPsVCQkuj3M1Z2K2xdLsNl/rsWONRu3ZbDanI/k6iuJiW7OPcfZOLmliYZu2ficAAAAAAPi6TpWVlZXeLgKNnd59r0qPbKi3rVOXYAXGzVPg4Dleqgo1vsr/l3bnrVZpub3e9h4hkZp22Rttco0FC5NVYLWqwGp1+HlMVJQMBoPm3D6rUai1ZPkKZVsON7nqcqjBoOefWqTsHIu2pG5VjsWiYlvzw7iGNr2/XlJVe/L6DRuVtiPd6X3UvRdJeuGpRW5fZ3NKqrakbnV5n6EGg6Kjoho9p5pjm7rneJNJ1ySN04TxSe36Tlq64I6j+jrCAj4AAOcKCgoUERHh7TIAAOgQ+L3pexj52EEEDLpZQXHz1CmIUVG+4JJ+v9bPjEnanbdGB35wPAqutZoKqWrmHLQ5CM6yLRa3RiQW22yy2WwqsFqbvF5LFFitWv/Bhib3czZ/ojvnb6ruYptNGWZzo+fk7j1nmM2KNw2r/XtX2vKdtFSE0cjoSQAAAACAzyB89HF+vX+hwLh58us5ytuloIFg/+66MuZe/az3eO3KW60jP33p7ZIAAAAAAAB8CuGjDwu+7M8KGPgbb5eBJkR0vViTTE/rG2uKV1fFBgAAAAAA8DXM+eirKsqkzmTDAAAAFzrmrgIAwH383vQ9nb1dAJwgeAQAAAAAAEAHR/gIAAAAAAAAwCMIHwEAAAAAAAB4BOEjAAAAAAAAAI8gfAQAAAAAAADgEYSPAAAAAAAAADyC8BEAAAAAAACARxA+AgAAAAAAAPAIwkcAAAAAAAAAHkH4CAAAAAAAAMAjCB8BAAAAAAAAeAThIwAAAAAAAACPIHwEAAAAAAAA4BGEjwAAAAAAAAA8gvARAAAAAAAAgEcQPgIAAAAAAADwCMJHAAAAAAAAAB5B+AgAAAAAAADAIwgfAQAAAAAAAHgE4SMAAAAAAAAAjyB8BAAAAAAAAOARhI8AAAAAAAAAPILwEQAAAAAAAIBHED4CAAAAAAAA8AjCRwAAAAAAAAAeQfgIAAAAAAAAwCMIHwEAAAAAAAB4BOEjAAAAAAAAAI8gfAQAAAAAAADgEYSPAAAAAAAAADyC8BEAAAAAAACARxA+AgAAAAAAAPAIwkcAAAAAAAAAHkH4CAAAAAAAAMAjCB8BAAAAAAAAeAThIwAAAAAAAACPIHwEAAAAAAAA4BGEjwAAAAAAAAA8gvARAAAAAAAAgEcQPgIAAAAAAADwCMJHAAAAAAAAAB5B+AgAAAAAAADAIwgfAQAAAAAAAHgE4SMAAAAAAAAAjyB8BAAAAAAAAOARhI8AAAAAAAAAPILwEQAAAAAAAIBHED4CAAAAAAAA8AjCRwAAAAAAAAAeQfgIAAAAAAAAwCMIHwEAAAAAAAB4hJ+3CwAAAAAAdGBnflLekUKV1G4IUGjf/upj8GJNF6jiH3J01FZnQ1C4BvbvrgAvnQcAJMJHAAAAADh/2AqU94OtThBYJaBrhAYanaWBpSr+4bv6YZMkGSIU27fpBLHkyMd67vdvKat2S3dd/8fFumdk92aV3hGU/HhEeScaPl0nuhjUp1+EQluZ2DUKAiXJEKGBfQ31w8Dyn/TVO3/Un7bW2Xn4nVr26HUaGNSMC7bVeQCgGuGjL6ook91mV1lRgbKsRQozxqpfrzAFd8A/ZrJ+/KJe/LifZj07Q3ENPzSv0oNrzuiGhXcqMaz11yqz5+vwIauKJIUZ4zSoT7D8PDKxgFmrHlylE9f9QXPHhdf+fGZqsu683NGNlMleZJcCa96hVSkvvqhtMffoiamRkqqf0xexuuexGxTZkpLK7Mq3ZMpqk4LDIxXbP9xD9w4AAABfdiLzfT34pw91osH2PpMe1euzRiq0i4ODygv1+Yo/aPGu0nqbQ8c9pOX/PUY9HB1zQbIpe9NzmvfOEfd2N4zRH15+SOOMrbikoyBQknperUUv3KPRPVtxbgBoJ4SPvuj4p3r9xU2y1t3WOUyxk+/SnVe05jeXl1TkK98qxTkqveKU7HZJrQwfrVtf0csf5qvML1hhXewqOivJL1I3/P4eJXroF3J+/veSwmt/PmVzciPW6vcZf6uev8VUu9luK6q/n+2UGmxxz9EUvfLqJuVX+CnMIBUVlUlhl+rW+TNkCm7JCesr+3aT3viwVJPum9SyYBQAAAA+olR5Hy7SHUv2V/3YZYjuXLxIv+nfurMG9L9aDz1h0LKXlmrnqdZXCTf8uFtffPuTRvesM7q0S3ddMi1Zfwhbqmc/yGn5uavP88fuS/Wn9a04DwBUI3z0YcYJ8zX/aqNUUaS9b7+ote+v1MaoP2jSRd6uzMd8v1ErP8xX+Li5mnddv6ovdYlV5oN2xfjCnwT2ulQ33BSuMmNM25+7JFNr39ikfON4zb13ovr5SWXfb9Lrr6Zo1apIJd+V2NpcV4W5+5V7xNiyYBQAAADtqkfcFD35xAC9/dJSfXFKkvw14qaHdMe4OIXKpoM5353buTxHB3IKNTkyXL+Y+YDyjj+ndy01xzygO8YObzzqscSmo0VSn5512rGDumtgdH8NMKjp8LHcphO2APXo6u96P9tPOqHu6uHuvJHlpTrxo02Gnt0V0KXB9lNSjx5NXK/6mkfLDerTVG3VBo6dolHlO/TuFwVVGwKide2vhuhoyofa5+Q5FJ/4STJ0d78Vu0t3XXLjQ7rT/pyW7qg7+vEnpe/I1IlR9UemhvaN1sUDeihAatR671ipiq02BTR4bqF9oxVzkYPzlJfqxKkS9XDzxRRbC1TaNUI9mmjXLrYe0dFTJZIC1LN//yb3B9CxED52BJ3DdOnYUdqYsU3Zhwqli8KlskKZP9mm/cftCosaq6tG9VNYZ0knc7VtV74ixyYqMkBSiVWZB/NlD4vUpTFVo/SK8vYq63Q/DY8zyk9lKvw2TWl78lUUFqOxY0erX3VaVZZnVqYhTqYeduVnfq38oghdnBCpsIoi5Wfs1K5Mq9RruMb+0qTwut+konztTd+l/ECTBtnL1OTXrKxQWZ+ladcpY+31y6xZSjtUJNMVlyq8pn34RJb25pap39A4Gev+si4sVKEkU99+564UYJRpRJ19SgqVm5WlrEPZsgb006gxiYrtWb33yVztzfdT3NAI2b/9UnvNVvnHJ2psTHidE1Q/J3Op+o30V5mzW/kxS1/uNcsaNqr2nRQdyVWRgmUMa94wxKIjO/Xp59kqCjQqxjRcl8UYG7VSF+1K0V5bsEbfVBU8SpLfRRM1dmiK1h7MVb4Sq9rdq99J5nHJaBqrq0zh1c+qTNbM/ToVcali/fKVuW+vMs/206grLlW/4KrvSub3dklFytq3V6VBNd+bqntN27FL+UVhivnFVRrdv/qLU5Ir8zdhijOFy34kU1/nn1JE3GhFdmvW7QMAAKAlDBGKHXqZrhzqry92lEoqVbF6VM33aDukg4d+qrNzqb7LtapEEQrtYVBpTbbVJVqjx4xUbN/qEK7cprxd7+nN1f/UF7Udx/6KnfBfuvem63Rxj6aKKtWJgx/rzdVv6aOD5wK0HkOv1m+nXKeJo6Kr2sFP5Wjr+2/rzX/u0dGanYKiNW76TbrtupHqE1SqvK3/q2WfHKkOxAJk6B+nwSW79c/Nh1Rc9QA04sZ7dc84g3a9s1RLt9UU3F1XzH5A/33tcPWo+98SZwq088O39bd125R1pub++2vczDt1168a7FtPd4345XW63nZCm74oqLp2z+Ea9x9jlZf1ofbtP7dn8ZE92vDOm3pzW5127f5jNGPmzbpxVH/HrfB1hHaVfjzScNJH6cTOT7Xvx5EaZ2wiLC236ev1S/X2vhO1z61H/ziFn/hUG744UhsuDhx3px6YdZ0u7urgHAV79O7ij5W6I6d6f39dPPUBPfDbMRpYL4cs1dE9/9baf/6j3ruW/NVnxFUa98urNWXskPqhdrlNB99/UskbCyRF6DfPvKQ7h7JaEXA+IXzsKAL8VfsrxW7WqudXydw5UqbBwcp8/xVt2z5R8+8bL2PnfO3f/J6yuo/WrJ/7SVkpWvn2XqnbWIUvnKRIFWrnv9ZqU/gMXRpnlPXj1/Xix6cUOTRWYZZNeuWz7Zr4wFyNN5Ypa8c/tOrLSF1qytXeDLs06AYlJxhlfvtFrToYprj4ftK+t/XsF8M16+EZigtQVQvwy5uU7x+msKC9Sjtpl+SqVdyqTa8+Kz9DmPztRdr72S7d8PA9SlSudm7YpKzg4VX3ISn387Vau/ti3Tkirv4ZBwxSP5llfn+pNvrdoGuHNgzpMrX2jyu11z9Mxr7h0g97tfezvdX3Kem7T7V2VbbCwkpVZPevatvevkvWO57QjYMlyS7zmme1KqNUwd2CtffLIoejAIu2v6E/brbL3yDZbWna9X3VnI75e97TP7bbVdag7doV69ZX9OKHBTLGDVe/kkylrtol6+8aj3rNteRKMimmwaDKuKtnaVZSv6rg0W7Wqj+vUqYhTsP7S3vfflbb4mcpeXqc/FSo/RvXapNto8LsRbIbgqWibUr7xq7kuxOVv2ejPv22SJK/srZt1P7g8YqMMyr8aIpef3mTTvU3KbZrrjb9zyJtnzhfc8cZVZazS/9YtVORl5mU+6VZdkXqhuTRtGwDAAC0l4BwDYgeIO2oapnNO3RIR0ui1ed4pvY1mK4w72COjp4ZroEncvTtj9Ub+w/X0F7ngsevP1isB9/c02AkXamyNi/Vgyf89fqDV2ugs1rKbcr6cLEeWranOhw858TBj7X0iDTg1Xs0wrZNf35isbZaG+x0Jkdb33xSuzLv0eL7L5fth/3aWfcm9u3RF/UOsGnfP5/THf9sWMhP+mLFc5LhJf1hfETVQi1njuij15O1eNtP9XctP6Ktb/5RR8tf0vM3RtdZ1MWgi296Te+Oq1oAJrRvuLSnwWX8B+jKOS9p6JkA9ewfobP739T9T76vvIblHNmhtc/s0dczFyl56hCXAWRx7p7a0Ddg5I2aXP6+3t1XKtn26LMDhbrCGNHEKtSlKszdo5376oSB+xoWLuVtXapH7f56/fdXq0/DE1r36KN676ZUX69/TovK/6TFtw2vqr/cpqz/W6yHVjR+11Kpju77WGsLDBoxcoh6OAo4AZy3WJKiQ7DL/HGaChWumCHhyk/dKLMtVjfOv0e3Tp+l+beOVvD3m7RxX5kU1k+R3aTc3MOSJOuRXCkmVpEnrSookVSRq/zvpciYWKlkrzZ+nK9+v5qne26doVvvvVVjw/K17bMsSX6KG5uo8IpM7T2eqLlPP6/n705U2Pcp2pghjb51vmZNn6FZ992gONtepewqklSmvR9tUn7gaM16IlnJC5/QvKvDXd2YpGCZpj+hp5OT9cRDk9SvIlfbPs+XjLGK6yZlmvdXjzK0KutQkTQ4TrENT9FtrGbdlijj2SxtW/WiHnl0kV5fv1eFtcMT4/Tbx57W84uSNf/uezR//iT1q8iX+UBhvWfcdcQsJT/5hJKTb1Sc7DqcW/3b9fsUbcywq9/kh/XEwmQlPzFDjiJEe9ilmpX8tJ547GFN6i/Zs7NklRQ39Z6qkPNogRr+u5Rjhdr/Vb7U8yrdOmuGZtx6j/6wyHG7fWlF1f/6N/gnOfiiOMVVj0TMT90oc8Vo3frALM2YPkvzfh0n+5cp2lkvQe2niQue1tPJT+iuK8Okw1nKlRQ3NVl3XWWUdJGuvS9ZyXckKrzmPV80SfPuvVUzbr1Ht14RpvxPtilLkl/cWCX2lDL3nVDivKf1/PP3tMmCQgAAAHCXv/oMGaI+1T+VHM7RUVupbD8c0XflDXbN3a+sE/U/6zEkTn2q216LD72n/6kNHg26eMKNuu3GsbVhY8lX27TPWipnig+9p8V1gsfQoVdrxk1TNLruaILSAn3x9tJzwWPPkbr+pps1Y2z0ufPseEvv7jutPkOv1rVDG6yi3WO4rp92o8ZFNbi4caR+M22Krqid09KmXV98qaMlUk14+npN8BgQrXE33qwZE4bUBnlff/6l8hoPOFRo32jFxkarj8HBiMMu/urRP1qxsf3Vw5ahtUvPBY+hQ6/WjJk36tohNceVat8//qHPf3D+/FRu08EdO6pHgho06sqrdO3Y+OoaS7Vrx34VNtVf3cWgAWNu0LioBqMJAyJ08dAh9VawLt7xvj7KcnDTktR3pH4z7UZdG3vuvvN2bNfB6hbz4qz3tLhO8Nhj5HW67bbbdFudZwrgwsTIRx9m/fQNLUqX7EVFKqvwU7/r7tGkiwqV8vdCyThKg2q6eOPiFKOdyrYcli6L1aBIadt3uSrUIB0+UqhI00RFfP+e8nKl0cpWtsKVGBMmZWUqs0KKLMzS3n1VpyoLk+zf5apQsQrv7Cc/Saarz7X0Fh7KVqH8dLpgr/aekaQiySDlfpcvScrMlGSKU1xNGNa5qa9YmPpdVH0j3eJkMm7Uph+tki7V8PgwbftivzIrLpXJlqVMqxT3y0ZrZledZegNmv/keOXvStF7H+9U7va1evabXN15/w2KDZD8Au3KP5il/KJS+QcWyk+Svbxu87RRpoTYqtb1gJB6/2BU3bNRE4dUJ2idHbc1GE2jFRtWdU/h4dK5XpHmClfc4HBt+jRFb/yPXVdNHKvEweEO/2FtGDo2VqjMbwulgNOyZuyVXZKKpGDlKvc7KXFo9W4xozW6ug09OLip9vCsqvfcv1BZ+/ZWbSrrKtnzlfujFNtT8usiyTReEy/i/2IAAAC8IXRAvC7u+qGOnpL0Y6YO/lCogMzM2mAooItUUi7pTKa+zilQn5yaz/w1eHB/GbqoaqXlzR8rq/qYPpPu12OzRqrHT3t0dOs25f0oqbz6L0fKbTq47dzxASPu1OKHr9NA/5/0xQ8fa6e1KuQqO/6lPtpVE3hFa8ZD9+u2IQapZIzCbQ/o9T2lkn5S+p483TZniu4JLVXW79+qPm9/zXjwId021KATg3/Svic/rlrpu8sQ3fnIQ/pNlHQ04oh2vVoVoJYcL5SttOq+U/+9vzZUHfffD+qBsREq2V+sLzYfqg4Mz8pFLNikowe26fOaQNV4nR568E6N7iFpbIzO/v45bT0l6UyGdn5bqGv7Rzg+iS1Hu/ZUzylpGK4r4yLUp3yMRgTs0c4SqeTLbdppvUrX93fVeu2vgWNu1F3+hdpXsxJ60Ejd/9JDura/v0pyP9SiB5dq5xlJOqJ9WSdUMrRBPT3G6o9/uldXGP1VPFI6+OA/q57RT1YV2kqlriU6uLX+u37+wes0MEgqPnhCH20+VP8/j2w5Wrvw93rT0rDWAr378C16t7ru0fe8puQJTY3sBODrSAZ8WNjgqzQpPkwKCFdkVD+FB/tJssrZhIN2e9UkJZFRkVJGvnIrDisvN1gRVw7XwMi12n6kUIXKlz04VjF9JB2v+lWav2+jNpprr6qwuH5yNl6xrLxUUpEyt21Ubk3w5RemyL7hkqy1I/FapdiuIkmRcRcr+LP9ysyWTGezlKtI3TDExVe2c5j6JdygexImKX/z63rl4zRt2jVesZfblfLqi9pkNSouvp+CVagiuf/lr7rn9tXvV3N1T9d/6B+b07RxWZo29hytWffdqLgGuWBQcLCkMp2umpvZgbKq70tRpj79v9zarX7dItWvV0urK6t6z9/v1cb/OzeZTVi3i9Wvyfl+AAAA0C7C+mvoYH9t3VMq6Yi+PnhIOljdu9tzrG4aW6A31x+SZNO+/fvV54fqgEsRiokMrfpXy1PZ2negpiXZoJiIUu378C199uE/9UVti/YQDXa2mEtpgbK/PdfSPHTM8OoRld11ybQ/6fVJpVKX7gr64Z/Kqhm913e4RvStHqEXEKGhQwdIe6rax0/kHtGPpSNVb/yeob8ie1Vt8TcYFFi7fYAGdK+qK7C7UQZVL5xSUqqz5VLxDxna9UP1vgH91UcWpb7ztjb8c1vtSMUeg8+NAG0+m47m5Jwb8TksXoNrWo27R2lE7bupmnezWBEKdXCWE4e267PqOgOGjtTFPf0VoDiNGuqvnftKpZL9+mJfga7t3795AV3fOMVWv7eAiOEaNVjaWf2v9ieOnVBJeYPwsX+cBlQvxBNgCFd4gJRX9UCrnuuZIzqYWfOu/TXiiuGteHYAzjeEjz4s+KI4XTqi4XyJ4QoLl/SDvWoUmySVnFaZpHBj1b5hMbEK107l7+unfHukLo/0U0RmmPLzc5VbkS/FjK1qXe4arjBJkVOSdesIuSW8e7ikMl11xx80sU/DT08pJFhSRQvDuopCnSiSgqOMVSs0x8QppvNOfZ2Zq6ySbMk4tnpkYcPj1GACAT/1G2GS8eN82e12KTNFm74P09h752vSQEkya9WXq9xsga4ZCViksrYIVt0WrMgrb9X8K8tUtPttvfj3ndq0I0lx4+rHwoOiIqX0TJkz7Br98zrJZEWRis6GKSy4+vtSfpXuemiiy9k33Rem8G6SBtyg5FsvbZMzAgAAoI0FRGjokHPBXdbObSqu/rPogMHDNWqkUanrq0b4Hd3zqT4/Vf3v8MbhGmqsCvNKztiqRk5Kkmz6YsVzDeZX7K/rZ/6qaoESR6s7l9hUVNvBa1CPrqG1AUeImHIAACAASURBVFlo3+jq6ZRKdTTnxLn5JINC681/GNqjzorLJaXOR1k2U+mpn87N415ySGtfeq7+Dj3H6q5fxzde7dtd5aWynTo382Gooc4c/l0CFdbdIKkqrCspLam6r4bXKrfp2z3bq0YqSirZ9br+87evN7rUvh37dfTq/vXap5vFP1RhXQ2Sql9WhXvrZNdTckJHawJpGdSnZ6jrMLRLgPoMG6kRoSWSSlT47SHlVS/4Exo5RLFdA6QuBsX0DGTUI3AeYM7HDsdPl42Ik07u0qf7quZZzE/ZpkyFy2Sqjpb6xCg2uEjZn5uVb4zUoAApckCklL9Lu76rnu9RkvrH6uJgyfzJJuXay1RmL1K+eZv2umgX9hscq34qVNrHe1VYUqYyW6Fy03cq0y5JsYobLOngNm06Ypf9+71K2dNUxFcme0mZVFGm/I83aac9XKNGVdfX2aTLTFJRdoq2ZdoVNiTWYXiW/+GzeuSpldq4L1eFRUUqKsrXzn9vk1XBGhRplPz9FawiWX8oksqKlPV/KcqUmgwT7faqeDdscJyMNfdsK1TWx2nKbuKu3GIrVKGt7jDWMyr80a6yijJl7d6p3JNVK4UH9+qqYEl+AY3/RNlvxFiNNkiZ/3xFa7/MV1FRoXL3bdTSpxZp0ZqdsstPFw/uJ/2Ypo++LFRZWZnsP+ZqZ3rmufDaoerRlPVqK1KRvUxSpGIHB1e95zy7ysrsKvrerG37nL/r/M2vaNGLr2vbEae7AAAAoE35q2fsENU0phQf2lO7mvPA6Gj1uShOQ3tWf2g9VPtZQHRcndWLnYVQBsWOvVl/fPlZ3TOqu5N9JHUJUEBtclQi25mzDs7o32Bao/qtziUlJeeOCfBvHNC1VLkct1QH9dcVU+/Ryy/dq3F9m1hFugn+dWo92zA0LT139QD/AMf39VOmvtj5k4MPGtj/qXa5mjeyKeVnVWQ7N8+j03pcKS2pauOXJAVKXZp4dkH9Ne6OR/Xck3/Sc08k646ra0ZaRmjinOTq7Q/ptpEuvl8AOgxGPnZAfpfN0Kzc17Xq7UV68G1JncMUO+WuOguSDFJMjJ92mvMVnPCrqsAuJlaxJ95TVkW4xsfUzF0Yp//P3v3HR1Ue+B7/ZCaZZBImTJgwgYFAQgL5AcEgKBoKbRSkokVRqlVaqq3b/WFve7vtbt22bu9uf3m97XVvb73b7drSpWLFolgqKILEQglGQSJIIJCQQEIgIYEhYzJkJmfm/jGT378hgYDf9+ulZM458zzPec7Jr2+e5zx3PZRH5dq3ePb7b4W2RTtZtDqPORP6uDXGLuKhe47wH3/6PU8d+H2oPWMzuTv1ZrDCrPtXM6diLW/9/Pu8ZbKRvngps3ZvpbzCy+3ObnOGx4xjXPSH7Pz5d9gJEOnk5oe/Eh6dGJJ54xysv93PEazcnNn7eslJtyzl5hOvUfjCs6FyACJtZN7z1+HVqhdx++T3ee3lH/CPL4Nt+lJuv7GRt05U4sVJzycc2oiPA0/DOVqZSqTzdlbf+SH/9vrveeoARDrz+PRCL68VV3KCWb2u4hxjtULdCU61grNHVzqZmmaDPa/x1A9O8aWnHiJzajo2UyGv/c/vc+qRrzPp3a288dKG9hn2tun38tlbexn2aUpn5ddW0vz/XmX/i/+H/QCmSMbNWMrjD90cOrcFD3Hvkf/g1Ref4jsvAkRiy7yblPn0cu5gjYsH6qirB1zgbG/bD3gtvGJ35mceIu/kWt76xfd5K1ync8GXyMt19vpF5XzdKTx1cKq3v4iLiIiIyIiIc01jegzhZ/m1SSI7I4kxNgtpKVHQ0DW0mjJtMuPCgaElJoEJ8UD4/ekrvs1XF+eQNjmuYzRabyP22kTFMS4xCk6EphcfO1JN06eSsHQ7fkxCAu2PTK+r5kwTZMUBho9zNR1/4E6YnITj8vLAjqYl2BkH4WnRSXz6a49z/42ZTGmbQn65IyzNcYxLHEfb6Mbz1XWcMwiN6vSf42RNW9gXxYRkZ6+j+84fe4eittGE5iTSs50dU7ONJk6UHA+Piixlx7tVfCZ12qWNEvRUU17V8XJcUsLQy4lJwNE+ePIcDec/grYJ8sM0WlVErl0KH0cj5+186+nb+znASuaKb/Hju7x4WsAaZyWy27TjOat/TJcJsbY8vvJUXs+SMu/lWz+8G2+Tl9ZIKzZrp1uij3Y4F3yFJ+d78XhbiYy2Ye38nck6i4e++2PubfKC1YY1Erjt9t7H2KbczRM/uBtoxesFq7Xn7RiZ/RDfuuccP3gziVlpvfdGpGMO9/7dHO4NtIbOg0isNmunm9vJoq/9mLwmD15T2znezu1tIx9nrebppzuXOJV7v/8093Y+5/yv86+3ePAGrNjiQiUvuqtt7yxWdy2A9Pv/hafv76j/9m89TeeeTF/xJE+v6LRh+r08+VSnGrOfZFFrH33cXcLNrP7uzbQ2efAGInveDyYneX/1JDd7PXhbu+/v2TbbrV/h6Vv7aRuANZN7v/Vj7m6rs1t/dy9z1ud/zL94YcC1bERERERk2FgSppE7Fd4t7bQxLpVsVxxYLF2mZYeEgsn2Hz3j08jOjGNTeGGYsnf2cGxuKsmJfs4cO8CO17dwMvMrPLE8FHr5u4dMliSyc6bBvlADzr/5W17ITuCLC5LxnzrAjj+9zrFpD/P3N3daHKdpH2/sLuWm5RlYqvew6e22Z1HGkZubGloIZ6h6eSzUmImzyZ24gZOnAWopevc4CzKmMcF8jvKSd3jjj/tIePjbPJIT1+O9Hfz4Gps6RmZerOXkseOMS0lmiiOKCRk5TOB4KFQ9uJ0dJbfySG4cZ/a9zhvtK7NkclP6uJ5h38VqinZ2TLlOWLCSr37hk2Q528JRN7v/7zf414JQuFm2czu7sxeTNS0Zn+Hrc8xqO3cVZdVuJkz8iA9efYE32qdMTyN3+iUs8BLjJHta273i5703d3F47kqyYmr54J19l74Wp4hcFyKCwWDwajdCpE+tJ3j1fz3Lkdlf54m7Jl3t1oiIiIhccbW1tSQl9bESrki/mij+7RN8e2OnZ99kPMKz/3oP6THwUfGvePz7r3cEQ/GL+Od/+wYLHB2Hf1Syjm//04b2VYx7cCzmu1+J49c/+WOPgCnrkf/LDxdU859P/M9O4VY3CYv456ceJW7bD/j2huN9HASWnEd45p+WYXnzSf7qt6Xd9trJSvdzuKyp2/YkslLPcbiiW/hoyeHxZ54g+/2nePzXB+nLmFse59lvLmZCb0lc3U7+9b8/w+7uVQJTHnyKZx7OYEzTcV7+yRP86mDfU6LTV/wrP/xCTtdnS/ZRdnu5F6vZ9MP/xrM9mh5P7gwvxUe71Re/mB/8/HGmH/8Vf9u22nUfEvK/wb/9dQbFP/tvPPNe93Ju4Sv3wQu/fYePuuyws/yfn+Fh/zr+9ifb+y0fCPf/k11W6P6orpozjU1AHGMmT9ZiNXJZ9H1z9NEzH2VUqtv+U/7xO9/hO995lkLrIh5aouBRRERERGRo4piamdllFeUp2dPag50xybNDi8W0mTiNpG4D/cZkP8C3v7aYHmtNtu1PSSIqou8WWJy38Fff/go3J/S1PwGCceTe9w2+kd97WGDJXsmTX1tGen+DEIcsivQ7Huef757W5/5kZ2/rTw9B3DQ+8/jfs7z3p0cx5c5v8O3P5Vz6ojbDzJKziu9/aVHvYesgJNy4ir9f3ld/9m+MczLp6Rmkpyt4FLkeaeSjjE7hKcf0mEItIiIi8vGiERxyWRqPU7DzIOf8hFYYvmERC6aGUzyfm8O791DiDk3SjZtyC7fN7X3Kre/8cYrfO0h5bTUnGu1MnZpE2sx55KbaoeEgO3Yfp6nLtGsL47IXkZ8RrqupluJ973P42BFK6iwkT5/G9IwbuSk7qWN1a8PPmZI97C4+SHHFecZNySErZy6fyJ3cfsxHpTvZUXK+62IxUXGMi4dzDd2GCkbFMS7Ozzl3t0nIMUncsOAW0sPB60cn9vGXg9WcqT7O+Zhkprgmk507t2OKc2+aqnl35z6qLnbfYWFcxq0syLZ39KPPzeH39lB08ADl9RaSMzOZmXsrN6Xbe5/e3GvZnco1mih7Zycf1HU7r4hIbNFBPBe7zX+Pm8yCRXOJPtRp5GPCXO6/MxX/iQo8CZlk597IbTdOC/Wz0cTJ93by3mlfj3JumAolpdVdp9ib40i76ZPkTowC/Jwv3ceuknKqavyMm5pJbq4TT8lBqtouT7f+Fxlu+r45+ih8FBEREREZxfRLlIgMh/P7OoWPqat49kcrh3k0qcjooO+bo4+mXYuIiIiIiIhct/ycfOtXPPWbTs9jrHiVZ374Q54tqB54cRoRkcuk8FFERERERETkuuWjqfYgxdWdJ6s3UVayj+LTTQofRWTE6VF6IiIiIiIiItctC3FJOdycm4Cvy7MaLUxJiuv9uZMiIsNIz3wUERERERnF9OwqERGRwdP3zdFH065FRERERERERERkRCh8FBERERERERERkRGh8FFERERERERERERGhMJHERERERERERERGREKH0VERERERERERGREKHwUERERERERERGREaHwUUREREREREREREaEwkfpnc+L13e1G3F1+OoqKTlaRYPXGOBIA6/Hy0BHDZXRWEXpoUrqmq7vC2B4PXj9ve4ZfL/6vXg6X6fur0eTj/HnlIiIiIiIiHx8KXwcjTyl7HpzK1vb/vtLMTWeYa4j4KHmaCXuQO+7G/ZtYt3b5R3HVtTg6ePY60nDu+t5sbAKn7eKAx9U0X9WVEbB+gLKhrF+X9lW1m0uwUM9pUdqh7Hk0afs7fVs2u/ubQ8F6zezv9d73qChopKGttCyvID1b3e6At1eGw2VVDaMjjCyYd8mNu1ruPQCPkafhyIiIiIiInL9UPg4GrU0UHOyhaRb88ibm01KdC0Ff1hPYd0w1nGhhF07d7K/up9jjNbQv9V72f7WLkouDGP9o5KbsspW0vMWkntDHvm3pGC5wi2oOl5FYu5S5s2cx8K5yVC2ledeL73CrbiCjL6CQQNfSy+bPQfZWbCdvScGU7iHg7u2s31f5aW37yoqf/M5thzptOFKfx6eL2L9+kIuIy4VERERERERIfJqN0D6EonVZsOGjQxHMjbvWrYUl5N3R9rwFJ8wnwcfmz+4Y6fks/qx4al2dDNjNjPs06iH1AKzueuG1tExam/UsOWy4ku5gz2Y3HsfY7BHjzY9Lv2V/jzsMxgWERERERERGTyFj9eIhLE2aGoFfwlbXqoibaGD0l3F1EXlsPKB+USf3MXmgjKazWaIsJO9ZDnznHUU/r4AljxIXmK4oNOFbHirjGYA7My+ezm5dgAvVXu2sfNwHd4IG/a4ZrCF3uJ+bwMbSm3kP7CUNAu4393A5ovZzLl4kKJqDwY20vJXkJ8aHidYt5dN2w7S0ApYXaTE1eNN+RzLZnYN1tzvbmDrxRScZw5S2WRgWJJZeN9SMqyh/d5ezwnK31zDIdcqls+yAFUUPL+VuhkrePBmB+Cm6KXNGJ9aRZ7TS9VfNlNwvBmCBmbnPO5amoPdBHW717PTksecjwrZWeHBtWgljg83cfCCD95cRxkGybeuJr1qLYWxy3nwZnuoUeVbWVOezqMDhsChureXN2M2A4FE5qxYRo4NOH+QLVv2Uhs0Yw5Ek7xgOflpVsoL1rL7pIHv9HrWF7fQYoAZA4x61j1fRGzWcvID29nckseqT7gADwdfXU9RbD6PhdtT/uZzlCY/yrK0Wva+VUjJGQ+GycCIdDH/M8vIiQfOFLL+Lxby5ngo3FmOZ1I+j93h6rOvOvOd2sv2PSXUegwIGlgmzmf5nTmhW6VsK2uOOMhz1LD3cB1eLDjm3sWKGxyhNwfclGzfGrpnoh3YQ7dgH1pxf7CJdSfq8GLFecMSls91QvlWnvuzh9zlK5mX2Nd725Sz9TcFeHJWsPKm8L2xYTO+rDk0HyqiqtEAWxqLV+STYglds/KCTeysbAaTBceURHxnbSx6IA/nZV7b3lS93fe9VV6wlsLTQMM61u6NJfuuFaSXdf08JODm4NbN7K0zMEdAdPICluenYR3EtejyuRWAxNwVLJtt62jc+b1s3FKKp9XMG+vKMFwLWJ2fNqTzExEREREREQGFj9eMmrNuLHE2iHKRYi9k19sGefc+yvJ4M/hK2fJ2Da47HyXPCdQVsv6N7SR+fjEpk1rYdawBEkOhQ0NlFWQsZ/VNBoXrN1JzBnLt4DtSwPaTCSz9wnJcZg+l2zeyKzzwyX7TIrLLCqhthLREMAwDb1kJDfnLWH2HDd8HG1l3sJQFqTlYqGHXthIi536ORzOt4Clhyytu7PPNPc7JMAw8lXXkrHiUfFsoENz0dikZd2aAr5SCPs4peYKDgpoqmJUG52uoi7FjPlODDwcWXxW1HyUy0xk6p4JzGXx2dQ5WvJRs/gPb9yezcq4d5/RkWjZtZW/WMlY94sJiAtJXY3v9OcpTV7EsM9TGhrroriPA/AZG23T0/pw/QGGlg8VfWEmyKfy+KIAGCt/cD2394y1hyx82s9exknn5q7HvWc92FvPgreHA7sgWnqtIY9WdGaHXp5IwdlfhxoWdOmpa7NhbaqghDRc11NTZcNxkhshYXLMWM3upHYspFPRufK+SnNtTYEI6yf5NbN2XzbJVj+GygO/Ilj77qjNLrIucxbNZZrdAwE3RKxspqshhcSrQamDUlVCe/Gk++4gTS3UBa3eWUHPDQlxAQ9FWivw5rHwkG5vRQNGmjfQ9IdqLJyafzz7iwtJUzKY/7GRv2krmpS0l78hzVNYDA4aPaSy9tZTnKusBB2BgGF5KDzew+NOrWRrvo/jVdRw4soCU2RZ8H26j4Gwyy7+Yh9NkUPOXDWyxpXQLHi/x2vYSssZG931vpeWvpvVi13uRbp+HDUVb2c88PvfFjPZrtnmfI3TN+r0Wbg68U4Ej/1FWTiHUL/5un58J81ixzMf6t2Dxg3mEv3oM6fxEREREREREQM98HMWaqTlUQsl7u9i6aT07z7iYf5MLALMJXDctIzs+HBicrKTGns28tpTEmU1KTBVlJ8CVlkrLydLwc9saKD1pJmV6z6SgoqIGR9Z8XFGAyUaiLbrTXnPPO2ViDgtTbZgB66QkbF4PHoD6SmpM6czLDI+GsiVhj+nnNMenkR0ecOXMSMZWVxUKpPo5J4srEVtDLXWAr6oWpmSQ5K2lBuBULQ2JLpKBqpM12FMyQiPBsJKdloi7LryIiwki47LJXxAOHodbZDQWXx2VJzyhadxRZswA58uo8qeS29Y/1mwyJripLB/kikITnSR+1EBNADhVQ31CBhnW2tCCRJ4aanGRnACY7LiS7Vjw4fUa2ONjMdofomgGk5XsT+XhCg9W7bevOktwkWy3hFZuNuzY47o9mzEunfk3OEN9OsVF4sXwfUEDpSdbSM/NxmYCohzYY/s7URvJGeFrY8slPclN3elw64dyvSJ6bnLNWkhKvBmwkpxkw9sUamFFVR2unDycJgAzrkRbzzfDyF3bAXX+PHRTVtVC6uxO1ywjCXdlGe219XktzERbfNRVVuLxh16bowZR/Yifn4iIiIiIiFyPNPJxtIt1kJyTQf5UZ9eQrFOo4j7nhqjOi6PYsdsMGlqA1DRS/bsorYc8Sqkyp7C0R/bYQEMjRKYOw/Iq9W48Jjs9xzkOwjg7Nr+bFgY6pxRcRiEnPdB81oNjWg6OsweoqQPbmQZsk+ZjwU29G+pOv8jaAx1VWCZldLwwcWntHAxbLp9e3My2XetZ87YN140LWXqDC3ODG0+Ujc7Rrt1mw/D1v652O1MqyYmF1JyA5HO1RDtySbp4gL3VQEQdzROzcQEE6ti7aRsHfTZc9kiaz9bAuM5TxSO7BFkD9lWbur1s3HYQn82FPaqZ+tOQkDqYhtfj9kRjjx74yN6YTeBxN0B4DN7wC30O9BZW9jBS13aI7XV/FI2ta2XYWn0DrNAOYCN36VKa39rJ+t8VYJs4h4WLc0N/eOi3yit5fiIiIiIiInK9UPg4asXimplNL/FPD/Z4G5wJhQ6hsM6DpxnMkQAu0qaEpl67I2swpy7t5TF7NmxWcA9Hs8fZueQnwNW7OR9jw8bA5+R0uKmsbcDXkEByPiSdjaTsjAfb2RaS5oZGrNlt4Mz8HMtnX+k1q0OsU/JYvioPo6GYzZu3sDX6MZYl2rD5DToPFvQ0N4NtsDGoBdf4WErONlDTYOC6yYbTncj5mhpqqMc+PjQ61vfhOxQzk1UP5Iaux5EtPFfRV5n2QfaVj4PvFMOsVTx4Q+gql77+HOWDarcNW38jYAdgBMBmH6ngEcCBfczgPwdG5toOhR1bXAtG18pojrANLlC3JpN39yry/A0Ub93Mlu1WHrtzgK829it5fiIiIiIiInK90LTr68G0ZJz1FZR6w6/dpVRecOKaEnrpmp5Ka00JB09CyozeppJacI23UVteghcg4KH2XPOltSXRQUJTFaV1oZfG6VKqmvo5vsWLJxD6sOZIBcbE5NDIvYHOyWmnvuoA9WYnLhPYJ7nwnNlLrcdF8qSOY+oqS2krAr8HT/uLwTGbobkpHEn5Gyguqwd/19FlRqCXNwZ8+PzhMhy5pDuguckDiSm4Ik5SfqrtuHLKqi24kgf/0DzHBAfNZw9Q0+jAlQhMcWE7U0rp2Vhc4dGrLX4fRFlCwWPAQ+VpDwT6Xr14cH3VQosfoi3heNlTSU0jEBxMq104HR6q2m4Mfw11jYM7XzzFlNU6Se5rjZ/u59XPefYnaVzXz4GSivo+6rv0a9vaqW2Dubf65iBlkpmT5TXtW8rLq7C4kvtew6cTny/cjigHuWmJ0OxhwMnTw3DvioiIiIiIyMePRj5eDyw5LMmr4ZWX1lMx0Yr3tBfnJ5eT0zaIbWIaUy5uoTQmlwf7eIydY+48XC8V8OLavZiJJjkrHdvRGqrIIHkwbWgbEWXKID+vkj+8toaySDDHJ5PQ31DIxkNsev4ABgZGbDqL70oZ1DnZprqI3FSCN2N5aKXliU4Stu6iMimPxeGibXMWkVOxiXX/tR+LGQwjmpRFnVblHgT7jAzsrxSw5vndEGEjY/5sXLurqPDnkBGVhDNhF4W/24D7jpXkTex4n/f4bjbtrsSc4CLWX0ttaxr5OTbAxsIl6Wx4fR0bnQkY585jnrWExRP7aECiA1thIWufLyL51tXkpwFTk0kq2EV5Uh75ABYXicEiSnzZLA9fX1vOHJIP72TN83tDqxLfkIyjpopyfzZpvUyvHVxf2Zh9QzIv7lrD2n1msCQze4qDmqpyjKy0PkbcteILD1/NuCmXg5s2sabCgjnCRvo0Fy21NXhxdBstG4vN2kzplrWUmYBANMmd7+fOJjixFxayZoObpSvzcHV/3Ue3dtbiD43lc8zPJ/uVTaz7r9DnQMokG/h7Hn+p19YxwYFRsJm1H83nc0uzB7i3INFhY9eetazdm8yCz+fTPXt15S0h/ZXNrNuYRELgPOfNOSy5rb8zDl8Lfzm7X9tJpdmBK85H7RmDtE8tpseXhvgk7C0FbHq+DHvWclbMdQ3t3hUREREREREBIoLB4KDGLck1IODD22RgjrNe4iIqBl6P7zLe37UtPsOCJaqGXc8X43h4GdndymzYs56N7lweuzMDw0/vi15c9jmB4fXQHIjGFnep068NvF6wWoc+vdTX5KHFFIutx3sNvJ5miLFhHcxiH5dk6NdzUH3l9+LxmS+tP8PX02KzjtzzNi+T4fNhtljwHdjEHzy3sGpBj/WugeG6tpd+b7WX4PXQTG/tGIDPi6cFYod8La7EvSsiIp3V1taSlJR0tZshIiJyTdD3zdFHIx+vJyYL1j5GNg6OGavtkp/Y2C4UJFpCgVddJTURNtIGCL/6XG33ss8JzFZbz1FdQysB6yV2iyXORu8RnRmr7TJPbEBDv56D6qsoK7ZLDZ2G4XqOGL+BEWXGbLEAXsqq3Nim9j2leHiu7aXfW+0lXOr9bbFiu6Q8/krcuyIiIiIiInK9UPgow6yOvZveoLQJMIERYSNnyYo+p79a4xOuZONE+uQt384r79ZimADDIHrKIpbPujqLFYmIiIiIiIhcLzTtWkRERERkFNP0MRERkcHT983RR6tdi4iIiIiIiIiIyIhQ+CgiIiIiIiIiIiIjQuGjiIiIiIiIiIiIjAiFjyIiIiIiIiIiIjIiFD6KiIiIiIiIiIjIiFD4KFdfwIe3ydfrLl+TF1/gEsr0e/F4jctr1xVj4PV46b21/e27DIPon0vu+6vA8Hrw+q92K0RERERERESkO4WPcvWd28um9QWU99jRwN7XXmTniUsos7yA9Vv247n81oUZNFSUUucdtgI7KaNgfQFlfe7bzP7hO5GQ8gLWv917jSGX0fcjIeCh5mgl7j7C0LK317Npv/vKtacaflZ45aobFB+88BK8cKzb9mr42UuwZ7jvIREREREREZFBUPgoo0PAoLXXHQa+lksss9VH7+MpL0Ulewt2sfvo1UhwLqMPBut8EevXF9JwpesdrAsl7Nq5k/3V/RxjXMGRrhfgW3vgzJWrcWAX4OXD8ItCuNhpc0Ux/LQYdvTXdyIiIiIiIiIjJPJqN0Dk2pDG0i+lXe1GjJwrGdxdioT5PPjY/KvditHNC+50+HI1FPrgNkto845D8NWZwDUyhV5ERORyBYNBDMPAbDYTEREBQCAQIBAIdNk2HPW0trZiMpkwm8191i0iIvJxp/BxNCrbyppjNnKMCg6e9WFgI+eulcx3Ar4a9r5VSMkZD4bJwIh0Mf8zy8iJNyjZvI6a7NUsTg2XU1/I+rdg8YN5OM4fZMuW/dQHwTBiSc+/i4VTrOAvYctLVaQtdFC6q5i6qBxWrsygautm9tYZmCOAqFTyH1pIcpdGeigt2M7ek258gBGwc9NP9gAAIABJREFUkX3HcvImWQA3RRs248uaQ/OhIqoaDbClsXhFPinhQMR7spBtu0qoazFjGxtLM7Y+u6OluoD1e8rxBM3YUhexPD8Na6gUqv6ymYLjzRA0MDvncdfSHOxt43kDLVTt2cQbR+rwBi045t7Fihsc/bTdTMnmNVSmPcayzHAZvhK2vrSXWgDMJC9YRX5qR93by5sxR4B5XDZLls3DaQLOFLL+Lxby5ngo3FmOZ1I+j33K2sd1G8wN0UpLVSGbtpZS5zWwJM7jrntzcQzQB75Te9m+p4RajwFBA8vE+Sy/M6dnT5/fy8YtpXhazbyxrgzDtYDV+fZQze4Stm4oosrd8xq26+9+7e3+emA2nl77ro7C3xfAkgfJSwyXfbqQDW+V0QyAndl3LyfXDgTclGzfSlG1ByPagT20u5335C42v11Bs8nAiEhi3rJl5CT0cW0WOzg44P0+BAHY8Xv4UWXo49S58ItlEAO4D8H33oAdF0L78j4Jv1gS2rdjHezPhax34aul8NN/gLwD8HgTPH4Rvvo+HDbBL74Ij0/vpV4P7AB+Oh22HIPbZgIn4ZUJ8IsJ8LMLna85/OiXsBmwBuC+lfB4RmhXb+24zwQ/+hXsCIC3Fb78BfhyyqV2kIiIyMhqamriyJEjzJw5E6s19FOj2+3m1KlTZGdntweFl8vv97N//35sNhuZmZmYTCYuXLhAVVXVsNYjIiJyrVP4OBq1Ghinq/Dd+TkenWjGe3gLLxYUkv5gHo7IWFyzFjN7qR2LCdzvbmDje5Xk3J5C8oRYisrLITU0Qs9zooaWiXk4aKDwzQPYPrWaZZOAukLWv7Gbys8vJiUqmxR7IbveNsi791GWx5uhbCsbWmay6ou5oZDP39uouEgS0hdw3yecWKPAKNvK2ncOkHP/PGwYGIaX0sMNLP70apbG+yh+dR0HjiwgZbYFfKUUFFSRcMejLJ9oxnN0Kxt39j3yzuNPYsXn87FRRcFL29ldnsbiNPAdKaDgXAafXZ2DFS8lm//A9v3JrJwbTqG8VdTEfprPftGJpbqAtTtLqLlhIa5+2p6e7KSwohQyw0nM8UpqJyxg9eI0Sl9/juIzDZDqCNVd4+KuL+ThNEHd7vW8UZDI6ttTYEI6yf5NbN2XzbJVj+GyAAF3n9dtYF6qamL59GcfxRlZRcELBZScymXhpP77wBLrImfxbJbZLRBwU/TKRooqcjrC6TYJ81ixzNcRVAOEJ2DXVTew+I5eruFg79de7i/fkS1s6qPvUia1sOtYAySGW1FZBRnLWX2TQeH6jdScgVw7NBRtpcifw8pHsrEZDRRt2khlW3t8pRS8fZ6Mz64mxwrew1v4w469JN8/D3tv16ZsK0UD3u+Dd6YAfjYW3vouEIAXnoFnp8M3p0NMAnzz7+AXVqAVfvQj2HELLLPBbbPg9t/BDx+A44+GywrAK+/Asi9CyUq4+C5Y/wJfnh4KLLteB5gQBXNy4PF34bszoeJA6LX1PJzu9LzSF34DLIfCmYAXvvdT2PI1WDa293a88DOY8BC8NQWohft/BTd+F+bowR0iIjIKeb1eDhw4QGpqanv42NjYyLFjx8jMzBy2ULC1tZWSkhKio6OZOHEiCQkJXLhwYdjrERERudbpV8fRKi6ZjImhH1isWWkkeWqo8AAmO65kOxZ8eL0G9vhYjPCD+WwzUrCdqgiHMD4qT3lwJbvgfBlV/imkTQqX7cwgObqBmnOhl2YTuG5aRnZ8+AckiwVL40lK68JPTIzq7QcnK85kJ9YoA2+TD7PdRmy3Zyy6Zi0kJd4MWElOsuFtCj8v8Xg5NQnZzA+fn22cjeh+uiIxNRtbFBCVzMwUC7Vn6gCoOlmDPSUjPArSSnZaIu662k59mM78G5xYTMDkJBIvesIL0PTddktmKs7T5ZSGp6iWVtTjSu053brqZA32zPBIR8CZnUJ0dVm4781gspL9qbxQuAX9XreB2Uifn4vTApiSSUrw4fF0akdffZDgItluAZ8Xr2HHHjf0Zzh2voau8daOa9hdX/crPe+v/vrOlZZKy8nScPTZQOlJMynT7d0qa6D0ZAvpudnYTECUA3tsp90nK6mxp5IR6hSsWWkknq9rH73a49oM6n4fvMJDcN/s8AsT3JYLhSdDL2NckGoFvHDRBKljwN32gMZIYCZ898ZuBWaFwkaAmFS47xz0trTOmXrIcwDT4f7jsCcAOw6GwsQYK7jbwscG2OyDh2eGX1vh/gzYcqiPdoSPv21K+HUS3B8Lh7s+IFRERGRUaZtm3V0wGKSuro6ioiLeffdd9u/fz8WLFwkEAhw/frx9e11dHcFgkPr6eioqKqisrOTdd9+lubm5S3lWq5X4+HjKysoIBAIEg8H2fRcvXuTQoUO8/fbb7Nixg8rKSoLBIH6/nw8//JDjx4+ze/duDhw4QF1dHe+99x67d+/G7Xa3v/+DDz7g3Xffpbi4uEfdIiIi1wqNfLwmJHQER3F17N20jYM+Gy57JM1na2BcOByzpZMSt5GyCkiZWkFVfRJpU4Hjbjy+GrY/X9GpTBvZnTOWzo+kmZLP8pu2snXzWvZaHGTMX8zC9O6Tdb2UF2xiZ42FpPGxtLpr8JAxqLNpOO+BKAvdZ+8OhtkUidd9HrBQ74a60y+y9kDHfsukPtpg6nyy/bTdkkFqYhHlRyFjRinlZ11kLO1emJt6N0RO6XQGCXZs/gY6sr3IrtF+oJ/rNkTm9nLd/fdB3V42bjuIz+bCHtVM/WlI6D7qcUj1DvbLRaf7te22ab+/Bui7SWmk+ndRWg95lFJlTmFp9+yRetyeaOx9JNbuc26or+HF5/d3bIxJ7nR3drs2g7rfB+/wGVj3O3ihUx1zPhn692IprHoJJqZAaiv8ugG+1/nNw/TnoNuyYMc7UDgB1lkgZizsaPv0r4MdFsKBdchER9eRkV3aUQc7PPDYT7rW8U396UpERK5Bra2tfPDBB7S2tuJwONoDynPnznHo0CHGjRvXfswnPvEJmpqaeOedd0hOTu71GY4RERGkp6dz+PBh0tPTu+wzDIOWlhaCwSDNzc0UFxczfvx4IiIieP/990lNTcXn81FZWUljYyMA5eXlWK1W5syZQ3l5OdXV1SQmJraHoTfccAMmk74Ji4jItUXh47UgUI+7yUpyPPg+fIdiZrLqgfAU0SNbeK49U7STPtXGpqoaoIr6iWksMwF2GzZLOgs/vxDXIKu0Zy3lwSzwVO5iy44tFNo7PYcP4NRedp9ysvjhfJJNtD9fcjBscdbeh24NghFoxRqfANix28CZ+TmWd58GPJB+224hI8VJUUUpRlQV5yelk9bj57tQ3bU+H7RFqB4PzSZzn59Q/V+3S9VfH/g4+E4xzFrFgzeEYqbS15+j/HKrHIxO92tPA/Wdi7QpoanX7sgazKlL6ZE9YsPWY85xpxribZCYzeeW5ww64B7wfh+CVAd887Pw5Sk99617BW77Ajwenm0/8WeXVkdvKs5A1qzQx3Ny4HsvQtZdnaZntw3+SIQ8H3TOGk9fCE0J71Ui5Nngp/8El5Fdi4jIx8DpugbcjR/1OuJwJM2cMbTvUF6vF4vFgsvlIjExkejoaA4fPszFixeZPn06Fy9eZMeOHTQ3N2O1Wjl//jxz584lNTWVyMiuP+0ZhsHYsWNJTEykrKwMh8PRvi8mJoaUlBQ8Hg+NjY0UFRXh9XqJjY0lGAySlJTEpEmT2Lx5M4ZhcMsttxAMBjl37hytra2UlpbicrmYPn06FRUVnDhxgpycnC7h46Gjl/0DpYjIoJhMJuzxY5jodAx8sEg3Ch9HK38LHj84osD7YRk1CS7yLNDi90GUJRRgBTxUnvZAoOMZdfZUF9FvlLOXGuyTFoU2JrpwGLspPwWu8NRrT6MHW3wfo7v8PnxmCxYT2FIySLaW0ewBOocxvhYMcyzRJgCDhqp6mgOJDOZpeRZXIrb95ZR4M8i2gqfWzaAmkfirOFQJU25zAuBy2tlVWYp3dk74WX0ePK02bNZ+Sxmw7ZbMVJzFVRRaakmatrjXIlKTnew63lG3+0glbmdGn4uUDHTdAIwAQx751ncftNDih2hLuDM8ldQ0AsFObw4M4wrXfdyvvRmo71zTU2ktLOEgkHJHb/eoC6fDQ3FpHSQ6wV9DXSMdC85McmIvrKDUm0OOFcDA0+jDFt/HjdHX/R5fR/mxeizJ2X0Eqb3LSoXvHegUPnrAHQd2E7h9MLGtGQ3w/kdw4zD+fmZt+4o+HR7Pgolt07+dcF8dnAEmjIdlJthxMtzGtunZf9VHoeNDYWX78YD7AtjHDl+7RUTk2ne6roFAIMCM1Mmj8lmHfr8fgMjISGbPns3Ro0c5ePAgdrud3NxcGhsbMZlMeDweWltbmTp1KlFRUQQCASwWCwkJCURFRfVadmRkJDNmzKCwsJCYmJj28//oo48oKSkhPj4ek8mEyWRqn5YdFRVFQkICFouFyMhI4uPjiY6OZsyYMbS0tNDa2orH4yEYDHL+/HmioqJwuXoOIxhq8CoicqkMw+DM2XOcrmtQAClDpvBxtDKq2P37tew0GRgkMf+ueaFsJWcOyYd3sub5vZgD0STfkIyjpopyfzZpUUBiNmnWjRSX2cj9bFv6k8KC+aX8YesaKixmMAzMjjl8+u62FZO7qjuwmW0fNhPrTMTcWIPbOoe7uv9ckzqHnH2b2Ly2DDNmbFkZJBuVnHSDs+dQNQBa/OFJyYnzmDfxRQpeXMteM0QnZ5MeX0pNFWR0Se8s2MaYKS1ay9q9QMCMfeYSlk8M7bXNWUROxSbW/dd+QqcVTcqiFeSn9j3ezQgMou2WDFLHFVFUncLi23svxzJrCQtrXuHFlypwxXip8TrJ72ekna3f65aEM2EXhb/bgPuOleRN7LP5HYID9YGN2Tck8+KuNazdZwZLMrOnOKipKsfISsM8wYm9sJA1G9wsXZmHKz4Je0sBm54vw561nBVze6+2ta/Asq/79VL6bmIaUy5uoTQmlwf7yMczbsrl4KZNrKmwYI6wkT7NRUttDV4cWG3zWDRrA5t+v4b94fs9emo+Kz6V0uv16fN+ry9j754SLK2pJN/QLbiMg1vPwsQnum4reRLm3Al5/xuyP4CJptAIw+89BsvGw6p8uO1Z+LUVYpzw5RzYUgoPJ/XRWb3pNmqxzekGiGl/xigse6DbAYGO9335EXjsV7A/BS5Wg30JfLOfYdGPr4S7fgUvxAGtEDMZfv0oTBhCs0VE5Prmbvxo1ASPFouFqKgoGhsbSUxMJBAIcPr0aWJjYzGZTEyePBm73U55eTn79u1rX5gmEAhgs9mIjIzE4XBgtVppaRncA7MdDgeJiYkcO3asfXRkbW0tJ06c4M477yQYDA6pb8xmMzExMURERJCQkIDdbsdkMo2K/hWRjyez2cyE8eM4WlGt8FGGLCLY+anIMjoc2cJzH9hZ8WAedr+BuccCGAZejw9znDW0mEp39YWsf9vC0pXdAqCAD29TC8TYsPb+h9tudTRDtA1rP3NXfU0eDMtgyuulBq8Hn7n/8gdbTnMgGlvc0Aq6nLZ3FOLF4zcPsu4Brttl6LMP/F48vsG27xINeL/2YUh914uAD2+TgcVmpdca/V48FyF6UP09uPt9KC42hRaVsXcfcOkDt9HL9qvgogewQsxg/gwVAHdTaPGaQR0vIiLDpra2lqSkofyl6so7dLRi1IzCa21tpaioiPPnzzNu3Dh8Ph8NDQ3Mnj2bKVOmcOTIEXw+Hy0tLVRVVbF06VJ8Ph+7d+9un4YdGxtLZmYmFy5c4I9//CP33HMP48eP71JPc3Mzr776KkuWLGH8+PHU1tayefNmEhISuPvuuzl16hS7du0iPT0di8XC4cOHWbhwIePHj29/n91u509/+hOpqanMmTOH4uJizpw5w5IlSzhw4ACVlZW4XC78fj+TJ09m6tSpvT57UkTkShlNX+/7ci183/y40a+Qo1zvQY4Zaz9ziys/KMOa+bmeI89MFqy2wSYrZqy2gRfdsMRd+sIcZquN4chfzFYbl9KKy2l7RyFWBt2lA1y3y9FnH0RZQyuFXyGDDh5hiH3XC5MFa3+XcEjnPrj7fShi4jo9b7EzC32OCr3SYoZyyiawD28XiYiIjIjIyEhycnI4evQoXq+XiIgIMjMz24M7s9mMYRiYzWZuvPFGxo4NPUtk5syZ1NbWEggEiIyMJCIigtjYWG688UZiY2N71BMVFUVOTk77PofDwc0334zZbMZkMpGUlERWVhY+nw+r1Upubi6xsbFd3mcymcjKysJuD/10MGHCBGJjY4mIiGDGjBn4/f4uU8ZFRESuRRr5OBod2cJz5Sk8dlf2EN5UTsHzu6kKgHnCfO67I2NYgj2RAV3S/SoiIiKDdS2M4BiNI2GCwSCGYbQHjp0ZRuhRMp2393f85bbBbDZf0ojFYDBIa2trexgqInK1jcav991dC983P24UPoqIiIiIjGLXwi9R18IvoyIicvmuha/318L3zY+bYX7ynIiIiIiIiIiIiEiIwkcREREREREREREZEQofRUREREREREREZEQofBQREREREREREZERofBRRERERERERERERoTCRxERERERERERERkRkVe7ASIiIiIi8vFknDvG2+/XUe1pBcBii2fmjTnMHqdfU0RERK4XGvkoIiIiIiJXXt0hXv5zTXvwCODzNLL/z+9RWHcV2yUiIiLDSuGjiIiIiIhcYc3s/7AeL2AeO4E77v4kX7w7i5ljTYCPYx8ewzsc1bR4aGwejoL6YbTQ2NgywpWIiIhcuxQ+ioiIiIjIFXaa0xcAYsi8NYOJUUCUk3m3OhkLcKGR48NQy9nX/oHcr73M2csp5MP/YOVDa3i/r3yx+Ofkzvs5719OHSIiItcxhY8iIiIiIiK9amHPxl/yfkYaM6OHu2wPW/8+m2lPF4+SckREREaGwkcREREREbnCJjJxLMBFjuwp5bQf8Nexd08dFwDGxjPtqrYvrKWIN34HX1gyn2HPHmnhQuNoKkdERGRkKHwUEREREZErLJY5sxIZEwHGhTO8+dqf+a/XDnPoQgAiLEyfNR3roMtq4dBzj5I7I5tpM7LJWvQwzxV3miPtq6bg2b9hfm4203Lv52f7Ova1fLiGVfPD77vnSbae6lpy47aX+d2kv+GBW6Lh1DaeuGcO02ZkM23GfO74p22dpnM38v7LP2Tl/NC+v321uqMQo5qt37ufrPD7Vj13mBbqeemxRTyxE3juYabNyObH+wCjnreffjh8LnP4zPe2UWWEy+m1/j7KERERGUUUPoqIiIiIyJXnnMm9i1xMtkW2b7LY4pmz6CbynEMo5/Bv+bunG/nqH0s4fng/O3/7JEtndBqn+M5vean1bn7zyst8Z95hnv3PcGh4fhvf/vzPGf/kTo4fLuI3txTxtz94rVOgWM8br24jeeUiZpo9bP3Z13kp+2mKD5dwvPhlnlk9h/Htx77MS3un8c3fv8a/PzyWrf/j5fZnQB567m/426N3sKG4hOPbvk700w/zi+JE7vnfL/MvtwBf+CXFRUV8MxcaX/8BX3p9Dv++t4Tjh1/mnqNf5xvrq4G+6u+9HBERkdEkcuBDREREREREhp953HRuXzx9GEo6zhtvFrF06nySp2V13bXoe/z71+9mPOC8cxE/fj008vHsn19mU/PDrLszEcyQnjufma3xHdOrT7zJSzuzeOw7WYAntG3/Tt44PId7siYzs0s1j/LUTx7mRoDPLIEXfOHtxbzx78e59Tt3MTMWmJpN3qxcomMhOn480RYgOp74BBtQz9bXtsGdL3BrPMA0br19Mj/eWczZhz/ZZ/09yxERERldFD6KiIiIiMgV5TtfzaHjZ6mu/4gLLQGMtqnFZhOW6BiciXZSp01lWoJl4MKyHuHXPznLE08/yiefjWbmA0/z//5lCcnmAd4XrjM6fNz4O3/An+7s2F2282Xez72fZ6YB2Fj6T2v45pP/wPfve5knEubznV//ksdmDfwkyJZmiDbHhF/l8tgra/o89mIroenTz3XaeNvl1S8iInK1adq1iIiIiIhcEb6zx3jzjT/z+7fLOXCykXPNnYJHACOAr7mZ6pM17Hp7D8+/sY/9Z319lhcSTfr932ND4X7+vOZhol9qm6o8gHDo2GL0ss84zNbfHGbp6s+Q3LZt/Hwe/+VODhe9zFMLTvHjz/8v9rT08t7urYuFFuPiwAcCMZHAo2s4frSk479fhkZtXmr9IiIiV5vCRxERERERGXEfHd3HS3+p4bQXiIphcmoqn7ptLg+t+CRfbP/vVu6/LYP5qfGMjQLD+xEH/lLElqP9LOd85jDvn2oBczTJtyzh1klw1uPp+3gfXATGz1nEjbzAf74cCipbTu3kd9vqQ8cUv8YvTi3hzgVt05hbKCs+TKMBJGSRvygLmhtp7Cf8C4WaWeTdH82e3/yePY2A4eHQy6/xfuf3tbS9SGTOolx4c2foWKDlRDHvnxpk/S1KIkVEZHRS+CgiIiIiIiPsJIVHPsIgkvGZWTx093xuz53C1LFj6Dqx2sKYsRPIzJ3DvXffyh2ZY7AQ4OyRco70UXJj+Zv8+L7wKtBZD/O78V/nmS9k9X6wGXjnMNUtwNSHeebpRbz/vTtCq13f90vKWi8CLezZ8gJ84WGWJrS98Szv//KvmZ8VWhl7/v/Yz/Knv8bS+N7qsBDNfsqqAaK59ZtreDz6BVbNy2Za1iK+tO0s0QZAIjNvySL6d48ybcbdPHcUku99ku+kbAgdOyObrAee5o+l9QPU37McERGR0SQiGAwGr3YjRERERESkd7W1tSQlJV3tZvTr0NEKZs5I7eeIcrZsrOZszDjuuDOHiYMuuY5drx/m+MUxzFkxl9n9HNly3kOL2UJ8/BCfg9jiobEZouNtoec/Nm7jv8/7R8aueYd/WRDd/7FDqea8h5ZoG/Gxgzi20UMLvZzLZdQvIjIcBv56f/VdC983P2604IyIiIiIiFwZF8/x5sY/j0jR0Qk2Lmn5lWgbnTO+xqKdbJr0N/zpll5K63bsSLUvOr6PYy+jfhERkatF4aOIiIiIiEhY/JIfcHgBGlkoIiIyTBQ+ioiIiIjICEtj2Yq0q92IQYsexNRoERERGRwtOCMiIiIiIiIiIiIjQuGjiIiIiIiIiIiIjAiFjyIiIiIiIiIiIjIiFD6KiIiIiIiIiIjIiFD4KCIiIiIiIiIiIiNC4aOIiIiIiIiIiIiMCIWPIiIiIiIiIiIiMiIUPoqIiIiIiIiIiMiIUPgoIiIiIiIiIiIiI0Lho4iIiIiIXBaTyYRhGFe7GSIiMoIMw8BkUowkQ6e7RkRERERELos9fgxnzp5TACkicp0yDIMzZ89hjx9ztZsi16DIq90AERERERG5tk10Ojhd18DRimoCgcDVbo6IiAwzk8mEPX4ME52Oq90UuQYpfBQRERERkcs20enQL6UiIiLSg6Zdi4iIiIiIiIiIyIhQ+CgiIiIiIiIiIiIjQuGjiIiIiIiIiIiIjAiFjyIiIiIiIiIiIjIiFD6KiIiIiIiIiIjIiFD4KCIiIiIiIiIiIiNC4aOIiIiIiIiIiIiMCIWPIiIiIiIiIiIiMiIUPoqIiIiIiIiIiMiIUPgoIiIiIiIiIiIiI0Lho4iIiIiIiIiIiIwIhY8iIiIiIiIiIiIyIhQ+ioiIiIiIiIiIyIhQ+CgiIiIiIiIiIiIjIvJqN0BERORKCgQh2P5vkEAwtD0IBDt9TPh1+8ft24IEgYjw6wgi2l90bAv9r8vrPrZHRITKiAhv79gmIiIiIiJy7VP4KCIi15VAEIxgECPYPWiEQFu6OAw6QslOCWVvBwyptA6hEDKiRyDZ5eP2baHw0qTQUkRERERERhmFjyIics0KAkYAWsNhYyhwHL6A8WoKjcQMdt3Q79EhEYApIqI9iDSFQ0kTEe0fi4iIiIiIXCkKH0VE5JpiBMEfCNIaCI1wvD6ixuETpGPkZ889IaaICEzQPlrSRFtI2bFdRERERERkOCh8FBGRUS8QDhz94VGOcnkCwSAB6GU0ZWhD2+jJiE7BpDkiArNGToqIiIiIyBApfBQRkVGrNQAtgSD+gALHK6lt9GTXcDL0whQOIc0KJEVEREREZBAUPoqIyKhjBMFnBGlR6DjqBIKhFcL9QG+BZJQp9LGIiIiIiAgofBQRkVHmohGkxdCzHK8lnQPJi0aQyIgIIk0KIkVEREREROGjiIiMEv5AkItGeLqvXNNag0FajY4gMiocRGp6toiIiIjIx4/CRxERuaoCwVBI5dMU66uubbXr4eYP0P7cTgWRIiIiIiIfLwofRUTkqmkxgrQYENAk66vKHBFBjDk0QlFERERERGQ4KXwUEZErrjUAFwNBWjXa8aozRURgi9IwRBERERERGRkKH0VE5IoJBKElEFpQRkYHq/lqt0BERERERK5nCh9FROSK8IUXlAloQZlRJTJCox5FRERERGTkKHwUEZER5QsEuyw4IiIiIiIiIh8fCh9FRGTYBYIdoaOhkY6jWmswSJRGP4qIiIiIyAhR+CijVpBQgBEIBgkEQ6+DQFuO0fY6IvyfKSL8cQSYiMAUEdomIldOa3iEoy8Q1PrV1wivgVa5FhERERGREaPwUUaFIKHQojUYxAiAEYTLiy5C7w2FkhGYw0GkOQLMEREKJUWGmaZWX7sCwSAeP8SYIxRCioiIiIjIsFP4KFeNEYTWQJDW8L8jEVkECU357LqwbhBzRASRptBCC5GmUEgpIkOjqdXXDyMYpKk12P7HmrZR5BGE/mgTpb/YiIiIiIjIJVL4KFdUMAj+YBBfIBQ4Xi1GMIhhQEs48ow0RRAZ0RFGikjvAsHQCOW26dWKHK8vbY+5gNCo8bjIUBgpIiIiIiJyqRQ+yhXRNh3TH7jc6dQjozUQpBXri6LIAAAgAElEQVSA0MifyAiINIWmaOsXb/m4a3skQtu/8vEQbUJf/0RERERE5LIpfJQR5Qtc/VGOQxUIBvEFwRcATdGWj6OuoxtH5x8MZORpqrWIXKuCweD/Z+++o+u67jvRf0+7Db2zgF3sRSTVLCkqdizHlm0pLrHlFDuOJ7HjlMnMezOe917eelnJJFkzzps3JWOn2HHsRBk7rnGPY9mWbMmSSImi2CmSYC8g0W45fe/9/jgACBDtArjl3IvvZy0QwLnnnrNxCdzyvb+9fwjDcPx7XddhGEYVRzQ3KSX6+vrQ3d2Npqamag+HiIiopBg+UskpdTN0rId14CZO0dYwYYq2zqpIqg8KgBitauT6jTRG4/0bEdWoIAjwyiuvIAxD6LqOIAiwceNG9PT0QIvpnZsQAseOHUMikWD4SEREdYer21FJ+VIhFyo4QtVlgKEQTR93hEIukMgFCnao4Mtbm9oQxZNU0e+wK6IGI9lAYcSXyIcSbp3+3dLC8D6NiGpVGIY4duwYgiCAZVnI5XLYv38/XNet9tBm5fs+hBDVHgYREVHJsfKRSkIowBUKQQ1Nry6FsU7aY1O0xzrFsjKS4kCom7+jYrSicWn9hdJiBELBNHknRkS1ybIsbNu2DV1dXbh8+TK++c1vIp/Po7+/HxcvXoRt2+jp6cGWLVtgWRauX7+Ovr4+aJoGy7KwdetWSClx8uRJ+L6PIAiwZcsWZLNZJBIJrFy5ElevXkVfXx927dqFVCqFEydOYNmyZWhsbMSJEydg2zY0TcPmzZvR0tKCGzduIJfLQdM09Pf3Y8eOHchms3jttdegaRqGh4erfbMRERGVBSsfadFcoZAP5JILHqcjlZpUGTniR9VlrlAIefNQmSgVNYXxRFSJmwsUhn2JXCBhhwqeUAgZPNI8eTL63SEiqmVKKQRBAF3XoWkaXNeFUgpCCBw/fhxXr15FGIY4ePAgBgcHAUTrLwLAuXPncOrUKSilxj8GBwdx7NgxCCHQ19eHgwcPYmhoCJ7n4dChQ7BtG6dPn8a5c+eglMLAwAAOHjyIIAhQKBTw/PPP4+LFiwiCAPl8Hi+99BIKhQKklJPWqSQiIqonrHykBVuq1Y7zoRCtoRcAgIjWjDRG14w0tKibNns6ULGkij6EUqOfow/GirQY1ixV2grR/TwA6BpgaRrXgiSiGV3pH8BwNj8e3lXK9k3rpmwLggDPPvssMpkMPM/DunXr0NjYiGQyiYaGBniehxdffBGDg4NYvnw5HMdBIpHAihUr0NnZiWQyCd/3Yds22tvbsWzZMjQ0NMBxHJw+fRqu6yKXy2H16tUYGhpCIpEAADQ0NOD555/Hxo0bsWvXLly6dAlPPfUUbr/9dqTTaQwNDeGOO+7AunXrcPHiRQwODuLxxx9HMpnE1atXp/35zl68goId7ynjRFT/dF1Ha3Mjlnd3VHsoVIMYPtKCRNV9UaUfFU8h6vwdTtiiIQohDQ0wdIxP3ebr+6VLTpguPRYySlYuUhk0WzrfACGikrjSPwApJTat641FZ+mxjtdSSnR2dmLLli0wDANHjx6FlBLNzc0wTRNKKZimiV27duHkyZM4dOgQWltbsXv3bqxZswY3btxAX18fTp8+jb1796K5uRlCCAwODiIMQ6xduxbXr1+HrutoaWkZX2OypaUFmqahoaEBSin4vg9N05BIJNDW1ja+X0NDA9LpNADANKd/aba2d3klbzoiomkJIXD1+iCu9A8wgKR547RrmrexRhUMHktDIeoy7Mloymw+kBjxJbLBzSnbgYwq3ai+iNHO8GN/U2PTpbOBHP+/j5oZMXik0ms0GTwSUekMZ/NY1tUei+ARiNZ8vP/++/HII4/g3nvvRVtbGxzHwaFDh9DS0oLVq1ePh34A0Nvbi7vvvhvd3d04dOgQRkZG0NjYiPvuuw8bNmzA1atXcfbsWWQyGTQ0NODChQuwLAs9PT3I5XK4ePEili1bNt6tOpfLQSkFx3Gg6/p4ZeREyWQSjuMgCAIIIcY/ExHFkWEYWNbVjuFsvtpDoRrEykeal7HOzlR+cnRqbTC+JaqS1Eenauta9O5B9HW0jTlCPChE6zBKRJUXUkXbxj6PVTISVUtC12Dy7UciKiEpZWyCRwDQNA2maU4ak67rSKVSOH/+PEZGRgAAuVwOnufhxIkT8H0fnuehqakJlmXh/PnzuH79OgzDGA8dTdNET08PDhw4gDvuuANNTU2QUuLy5cvYuXMnLMvC5s2bcfbsWTiOg8HBQaxZswaZTAa+708aY3d3NwzDwHPPPYfGxkbouj4+LiKiODIMo+JLa1B9YPhIRSuEXN+x2qLgKpqOO/USQMOEYHL0w0C0RpsOcK22RZouVJSTto0FjPw7oXhjxSMR1TPLsrBz505kMplJ2zOZDPbu3Yv+/n5omoYtW7ZAKQVN02AYBoQQMAwDe/fuRUtLCwqFwvj07fXr12Pt2rXQNA3r169HoVDA2rVrYZomtm7diqGhIbS1tUHTNGzYsAFhGMJ1XbS2tmLz5s2wLGv8/GPjam5uxp49e3DlypXxqd/JZLIaNxkREVFZaUqx/IbmxuCxdikpIUe7OuqjT64NXYeha6OVlJjweTSo1KLrTZz+YxgGLMuCrtd+udRYiDj2G61GA8OJ2ycHjVxzkepLQteQMZlAEtWKa9euoaenp9rDmNWRk33TNn6Jm7FO14ZhQLvlXdmJz3nGSCkhhIBpmlP2X+h5FrIfEVFc1ML9fS08bi41rHykOeWCaM05qi2B7yMIfET/dQpRxHjzs64bURBpGICmQdf1qJpPCoRBCCEENETTljQoaBCA5iFpJZBIJKCPlk5F+4wGl6MbJj51vvVp9MTn1RMvm/QbpiZ/P+Xr8YAwuuTWwBDAlCAx2q80AeJYoDsfuq5B02o/uKX6INTNewMioqVkbDr2dKabNq7r+oLeeJ3tPAvZj4iIqJbxkY5mNeJLVnvVGCklXMeGnFKpqiZ9FkLMuah5FPRNvl4gPGiej2QyCdOypjl+bYqCVzkaLEpAjVZAjFaBTr09588wDCSSyVitiUVLk1AK+QBosuovfhQKMOrvxyIiIiIiqlkMH2lGDB5rz1jwOLZ+EaBw4uhpDFwfxI3rQwCAVWtXYNWaFejs6sDkwFCb9P2Jo6fx7NP7cOHsZdy4Pog9d+3A/Q/dhc3bNgBQ8DwPQRggmUzV9FRsIQQ810W0AsXMt8fY7TnT5cV8L6WA69jQdQOmZcE0DGg1fNtRbRsLIC0dMOpgqp+Egi8AUwcMpo9ERERERLHB8JGmlQ24vl2tUVLCsW1AKRQKDp767o/xL99+BnbBmXb/TEMam7dtwKo1K7F5+4bxqOzi2cv4ydP7cOHspUn7P/ujfXj2R/uw564deO/7H0dXdztEKGCHBViJaCp2raxVFK3fFCIIAkgRdWvTtKjIc3xyuqYwcWa1pim4ArBDICeAQCmEEtGHAgTU+NehjPZvMoEmE2gwgSZTocGIji+EgJQCnoqmc5mWCcuqnduP6keoFEIB1Hrl8kRKakixuJiIiIiIKDYYPtIUuUDNez07qr4gDAEoPPv0fnz+c1+bMXQcYxccHNh3GAf2HQa+VPx5Duw7jBNHT+ORRx/EY+9+EwANYeBDhAESyVQs1i0am0ItpYimT49+BkanVquba1+OVTQGUkO/p9DvAQO+Qj7UkBcKhRDIh0BBAIFc3LiWpYA9LRp2twIZQxsNOBUC30cYBLASCVhWYtE/P9FSJpSCUBqnXhPVhBAjZ4/hmSODGPSjLUYigzXbN+K+ta3g+whERET1ofopAcVKns1latJYgHW+71JRweNi2QUH//TFf8azP9qHD/7mE9i8bQOUUnAdp2pVkEpK+EEAEYaQspiUMPo93zeksG9Yod9TmLysY+n/Dq66wHdchWcHgY0NCr1pDavSCt3J6P/Qcz2EYVjzU9mJqi2QilOviWIvi9deOILnLvuTtgrfxpkDB3Hl2gY8ek8vGqs0OiIiIiodho80rhAqhAwea5IIQ9y4PoCP/9Enyx48TnTj+iA+/oefwJ67duCJDzyOzq52hIEPKQSSqcoEaEophGGAwPdHKxond9S+1UgAXHCA87bCWRu44pZ9iFNkA+ClYeCl4Wi8m5uAu1o1bG4CpBBw7AKsRBKJBKsgiRYikODUa6KYc069hhcu+wBMdG3ZgNdvWoY0bFw8eQw/Pp6Hc7kPz5xqx6O3Zao9VCIiIlokho8EAHCEQlCCbr5UHWEYzrq+Y7mNTcV+7N0/hze+5QEIIeDYNhKJBKwSB2hjU6qFEJBCIAxDADfXbHQEMOADgwEw4ClkwyhwHPvsLXLqdDmcyAEncgpbm4A3dGnoSQKB7yEcbejD7thE8yOUQig1mCwgJoqpYbx6Jg8BoGXjTjy6tXl0ewa9W+/A28UL+PJrLq6fOYfB27aivZpDJSIiokVj+EjwhIInGDzWslw2h+ee3l/VMdgFB5//7NdwYN9h/Pb//qvINGTg+x6EFEgmUwuahi2EGA8Zo+9DTGgJg4lrNl52Newbktg/VMIfqsKO5aKKzJ/t1nBXmwYlZTSV3bJg1VBDH6I4CJSCCf7NEMXTAAYKAJDB+vHg8abGre1of+0yBgs2LgIMH4mIiGocawKWuEBGVY9Uu3zfw09+tK9qVY+3OnH0FD72O3+M40dOQSkgDEI4dqHIdRhvGque9L1oHcQwDKFUVPk48fOpvMKXLil88kxtB49jCgL4+hWFL12SGPSjn9P3fTi2DTEawhLR3MIYVjkT0a10TNtVxtDZbIaIiKiOsPJxCZOKwWOtU0ohCAK8sv9wtYcyiV1w8PE//AQeefRBPPGBx6GUgmMXkEgmi+7mLISIapZGC5cCGa2VmBXAZQe47CpcdoAb/mxHqV0HR4BztsLDXRruaAWUknBtG4ZlIplIQmNDGqJZses1EREREVE8MHxcwlyhINlgpmZJKeG6Dgo5GyeOnq72cKb1L99+BsePnsavfeS9WLV2ZdTNOQhgJZIwzdnvfkzTxD9fdHGyEIWOubBCg46R4QD42mWF03ngoU4N3cmokjQMQliWhUQyyanYRLMQSsHg3whRbORPH8C3D2XhjD/9zOPAV5/GgZmvEV2umejduRM/u2HqFG0iIiKKP5bOLFGeUPDZYKYmhUEA17Hh2AUoKfH97zxT7SHN6sLZS/j4H30Szz29D5oWhaae68AuzD4V++VBgR/eAC45SzN4nOhQFvibcwrPDwESUXOdMAzgOs54h28imorF/URxch7PHZkYPM6DCnHxyGkcL/mYiIiIqBJY+bgECRVVPVJt8X0Pge9jYtZ04/ogvv+dH1dvUEWyCw7+5pOfx4H9h/HBjzyBTEMaSkk4dgHpTAP0aaYQD8SxLXUV2QL49lWFfUPA7c0a7u8ADCXg2AWk0mnoOlfHIrqVkJh+PTkiqoIAoQCARux5xx3YVfT1TuPbX72I60KiTldaISIiqnusfFyCXKHA6LF2KCnh2PZ48Khp0cdPn9mHP/wP/yU2jWaKcWDfYfyH3/1jfOPL34NjO1AK8D132n3XNPDuaTrXPeD71xWevKAwFGB0PU1n3g19iJYCwcpgoiXFu3oGp87l4N3an82+gVNnLiJr33qFHC6cOYPrWW/yduEhe+4MTl2deqxYnoOIiCjm+Op+iXGFQsDp1jVDKQXXdSCEgFJRpePnP/tP+Nhv/zE+/YnP11TwOMYuOPinL/4zPvY7f4wD+w4jDKOu1o5jwy7kkc/lkM/l0Gu4eH1ntUcbX6cKwJMXFM4WxgJIG2EQVHtYRLGiwKnXREvG8x/H1gffhjc9cg92//krN7eLF/Anux/Em978Juy+77/h5fELLuIff/0ePPTmt+GeO/81vn795lUufPkj2P3I2/CmB+/Bb37jRszPQUREFH+cdr2ECBWt9Ui1w/c8SCnh2KPTlvfFq6v1YtgFB5/5i8+js/s3sXrtyvHtE3tDvKFbQ2sC+Opl/t5Op98Dnryo8NhyDTubFbzRKlLTsqo8MqL4YNMZovjLn3wJ3ziahw8Ty7ftxJs2zb+xTHboZrLnTSwyLGTRP/a1PXHidg7XL9z8zp1QZZgdunTzm0nb43gOIiKi+DP+4A/+4A+qPQiqDFcoVoDUkLGqxxNHz+BP/u//jgtnL1d7SCUXBCGOHDyBN77lQQCAJkKYBQe6H8DK20hks1hnD2ODLGCfbKzyaG9SQkCKEEoEUCIEpISSAkpKQAM0rXJF5aECjmSBpK5hVVohDAU0TYNhcKE7IgDQocHSGT5SbSsUCmhsjM/j4HSuDwyju6Ntlj2G8NrxLGwksHzrCvSMbz+PHz3bjxEJABL5QRupzcvROef1Jkt2dqFdeEiuvR+//u63YXv3aI1FshvdHQKu1YsHfv29eHxb12j1RTPae5oB0YDb3/1ePH7/GrSMPny3tC9DixTI7HwXfunx+7G2Oc7nICKqrLnv76uvFh43lxpNsVXqkhBIhULI/+paEoYhXjt2Ch//o0/W5PTq+fjDJ96I29etnnWf78tGfDk1+z7lpJSC8BwoIaBbCRiJ5Bz7S0ApaBVsBPMzHcDP9WhQCrAsC8lUqmLnJoorU9PQaDF8pNp27do19PTMFLvFw5GTfdi+ad0se4w2jpnScOY8vvf1PlwZq/4zmnHPY3uwZc7rERFRNcx9f199tfC4udRwzcclYsqC1RR7Ugp8/nP/VPfBIwC8+NoFyDneB3mjnsdup3/WfcpBKYXAySN08tANE1ZD05zBIxBVP44HjxV6j+cnA8BXLkXnCoIAnjt9Mx+ipYStmIjibjXu29KIhAZAM7F8y4YJwSMRERHVA1brLwGeUAhZ4FpzbvQP4sTR09UeRkWcvHwDYRgiMcdahT+jhvEKuis0KkD4HoTnwkgmYSQWUUVYwfXmDowABaHwK6s1BKMNaBLJJDSueUdLVPTGBn//ieKscdMdeN+mao+CiIiIyoWVj3VOKsBj2UdNeumFV6s9hIpx/BChnLs8d7sZYrM3UPbxKKUQFHIQgQersWlxwWMVnMwDf9Gn4EmFIAjg2Da4wgYtZZK//kREREREVcPwsc75Us05nZXiyXW8uXeqExcGRiBEcSn5neFwWcciRQhvZAi6aSHR0FzR5jGldMkBPnEGGA4BKSVcx2EASUsWw0ciIiIiourhtOs6JlXU4Zpqk5RLqWS1+N/Te7QCfhjkcNlqKvkopAgR5EdgZRqLWtcx7oYC4M9PK/zaGg0rUgKObSOdyXAKNi05Epx6TVR9FkwDgMjjwFefxoH5Xt3QkSjDqIiIiKj8arOkh4ris9SjprV3tlZ7CIsipUAY+ghFEHV+nsWKtuKDRMs0sdrPLnZ4U0gRIihkYWWKayhTKnPdNovly2gK9ulCFGjbhcISC7aJWPlIFA+rcd/2ZqQX8j6AZqJ3OxvREBER1SpWPtYpVj3Wvp27t0FKAX2sY3INESKEqSvceVsvbmTzuDAwAj/wYZrTNz5JW/P7GdcrG8+XarAYCx5zsDJN0M3Zm96UWqWmdX/2vMK7VwK7mgHHLiCdydTk7xbRQjB8JIqHxg178J4N1R4FERERVRrDxzrlCgWTUytrWu/KHnR0tmFosPRVfuWklMK6rmb83mMPYXl7G0zdwIht44vPHsDXXzwMw7RgGtaE/SXWL2tHco5O1xNth13SMQeFHMxUuuLBY6V96RLgCeDedg2B4yKdSTOApCWB4SMRERERUfUwfKxTGZPBYz14/OffgL/9m6+iltYqa06Z+L3HHsK6ZcugjwbgXS0t+OijD+OB7bfhr777LE5dvQFdN6AAJAwNb9m7BYl5hI9NuoZeP4uLieZFjzf0HCgla66j9UJ946pCoIC3LNMA30E6k4FhMICk0hjL+Cb2NlITP6uJ29Sk1V6Vmrz//I+HaY4XnYNvxhERERERVQ/DR6IYe/StD+NvPvXlmqpOe+sdm7Gyo2M8eJxo55pe/LffeA+eO3oKT716AkopvPPeXVjd1TWvc1imidv8odKEj64NM5le9HFqyXevKQRK4rHlOmzbRiqVgjWP8Jeqo1zBHtRs4d1sYaCacjkREREREdGtGD4SxVhzcyPued0u7HvxSLWHUhQpBW5fuxKpxMz9KHVNw89s34j7tt2GMAxhGDqMBYSrK6W7mKECAJQUkEEAo6lt0ceqNU/1KwRS4p0rNDiOAwBLOoCcLdgb/1pNjtvmDAMnXWe24003BgZ7RERERERUHxg+EsXcjp2baiZ8XNnRjN7O9qL21TVtXlOtb7UG3oKvO0YGAYxkCppemaYvcfPMDYVAAk+s0uG6UZhbjgByfkFc6YK9aa+DaF3SW7cRERERERFReTB8JIq5Bx68E5/59FdQC+s+rulsg2lWZop4ly6RliEcfeF3YyLwYFgzV2kuBT8dVHClwBO9Oty8jWQqBSuRmLkqb8I3s62zd+t2IiIiIiIiWpoYPhLF3IoVPZBS1sS6j53NDbCMytytGLqOZUEefcnWBR8jqnxcWus9TufAMOBJiSdWavAdF2YgkEwtjQY8REREREREVF5Lc64hUY3ZuXNztYdQtEp1TrZME8vC/IKvr6SEFCF0dnoGABzNAn93QUEphSDw4bmLX1OTiIiWDl3XIYSo9jCIiKiMhBDQl+iSVbQ4/K0hqgFSymoPoSgnL99AGIYVO1+XXPi6j1JE49RqoKK0Ul7LA585B0ilIQgCBpBERFS01uZGXL0+yACSiKhOCSFw9fogWpsbqz0UqkGcdk20APNrhqGmXn7LmnkTt0+3zl7X8i4cO3ZmscMuu4sDWWQdB50V6prcsYjwEVIu2UYzs+mzgU+dU3j/Kg2ADwCcgk1ERHNa3t2BK/0DONl3sWbeNCUiouLpuo7W5kYs7+6o9lCoBjF8pNhZTGdc4GYgOG2zjGnCwqnHnO461W2g0d7ZVqUzz4/tB/j8T17Bbz/6YEXO16MtvLpCKQloDB+nc9EBPn1O4ZdXaWhBACklUuk0NC3+TY+IiKh6lnd38EUpERERTcHwcYkpNti7+UkVHewVf8zpu+OyM+7MVA3dOP9y8BR2rFqGh3duKvu5OuFDw8JCYaUUw7RZXPOAvz2v8Iu9QFcyhGPbSGcyvM2IiIiIiIhoXhg+1oF8MM203rGvY1C1R3ETNRSRcrRqUNOg6wZMwypZsPSX33sBG5d3YWWZKzYtw0Rb6GDQnH/Hak3To+pHmtGAD3z2PPC+VRpWpiQDSCIiIiIiIpo3ho81zpcKYS2VxVHVCSHwlr2bcedtq9CSyaB/OIcfHX4Nz588B8tKQi+qAYuClGrGTme2H+DLz7+K333bQ6Ud/C00TUObcBcUPuqmBSUEFNd+nFU2BD53XuGJXg3rMgJhGMKq0JqeREREREREVPsYPtY4jw0Fl4RSFprds7EXv/LwXWhtbAIAbFsNPLxrCw6du4g//dL3MOIEMI2Zw6Uw9CHEzY7WmqbDMEwYxuS7k/PXh+AHARLzDKqkUgjDsKjrWWZU+QjMv8JSN01oug4Z+jASbKgyG0cAf39e4T29GrbqPsNHIiIiIiIiKhrDxxonWPW4JJRymuudt61Gc0PjlO071/Tik7/5BP7ki9/Fq2evwjSt0crG6NxSCoRhgJ1revBLD96B1V3tOHd9CK/0XcI/HziG4YIDw7CgaToABT/wEIjiQsSJPN+HMY9KxLbQndfxJ9JNCzIMYSQWfIglI1DAkxcUPrJOYF0iYABJtYUrBRARERERVQ3DxxrmSwaPNH+OH0CfIcxsyWTwnz7wTnzlpy/ji88ewFDeGb8slbDw8/fuwjvv3YWWxibomoa2pmbsXr8Gv/L6e/DV51/Bd146iksDI2hrTOOJB/YgYc4/oArCEEai+DSwU/nzPscYM5WGn8/BTGdGQ1Oay/4hoDfjMXykmsK/biIiIiKi6mH4WMN8TrleOkpY+Xh1KDvnPu+8dy/edudOnOsfwMWBIUgpsXtdL9KpJDLJqVOUDd3Au++7A+943W64vo8gDJFKJGGZ87+L8cMAqXmEj80qnHunGRiJFHTDhnAdmOmGBR9nKdk/DNzZJln9SDWFPZKIiIiIiKqH4WMNY6OZpSOTKc2ahGHoY+Oy9qL2TVgWNq5cho0rlxV9fEM30JCaf/OXMUopBGEIcx6hZQaLS+GNVBqhU2D4OA/7h4CVaQ+mabLzNdUEVj4SEREREVUPn4/XKE65XlpWr+td1PWVUggCF3dtWIm9G1aXaFSl53geEqY147Tw6TRri/tbMJNp6KaFwM4v6jhLyf5h4JIj4boOFN8EoRrAjJyIiIiIqHoYPtaoQFZ7BFRJt+/dASkXXuFnQOBdr9uF33nrg2hrbi7hyErL9T2kknNPuRZSwA8COJ4HK3Dm3H8uicYWAIBfmHtKOkX2DwEiDOE6i7/9icpNY8cZIiIiIqKq4bTrGhVWofLR0jVYOpDQa/tFnFJR5agnAVlDVVubtq7HqRPn5n09IUJ87F0P4/Z1qxY1JbrchBDwwxCtTVE4GgWMIUIhIKTAjXQzhswkBhMNGNaTGDaSGIaFYaFjkTOvAQBWphGha8PPj4yHkTSz/cPAhgZge3MIIQQMw6j2kIhmVOMPW0RERERENY3hYw3ypUKlIzNL19Bg1serN00DkoaGpAE4IeDVyBT2B3/2Ppw8dga6Pr+QZ/f6FdixemWsg0cAyDlO1GimtQVBJo2v5ZMY1BMYViaGhY7hYHRHhShsLEPDJTOVgfA9+IUczGQK+gK6dS8lX7gE/KKuYbvhIZ3JVHs4RDOqj0cvIiIiIqLaxGnXNSis8JRrQ6uf4PFWSaN2fq43vfX1aG1vBuYZPa/pbJtX9+hqEJYF83V3IvnmR+Dt3AZndS+uJBrxipPAWXdC8FgBRiKJRKYRwnO5DmQRnh9UCMOo+pEorl/yGH4AACAASURBVFj5SERERERUPQwfa1Cl13usoXxu3nQN82puUm0f+I0nEITzT+ISVrwr+MTG9TBaW8e/dwKBS9VcSlDTYDU0QTct+PkRCN+r4mDi7UwBeHkECIMKJsRE81A79/BERERERPWJ4WONCaRCpSdd13vFSC39ePc/dA/e8Z5HEYQ+iq2AlDLe3YlETzdEe9ukbZcLIbJhlQY0gZFIItHYDBkG8PNZqJjfltXy/CBQ8PzY/67R0lRLbzAREREREdUjho81ptJTrgFA1MaSiAtWS01nAOCXP/QevOmtD8H3PSg1+y+EUgor2poqNLL5U6YJf8PayduUwmUnTv8nGqxMI8xkCoGdQ+jGuLtzlX6Xr3nA84MagsCvyvmJZsPokYiIiIiouhg+1pigCtlCIBW8Ok0ggyo07ymFD//uB/G//f5vwTA1BIELIaaWCUopYBgS63raqzDC4vjbNgP65LshKSXOFOL3v6JbCSQaW6BpGoJCFsJzqz2kqTQNwvcQOoWKn3r/sELeDaBqLMyn+sfCRyIiIiKi6mL4WEOEql6VniMUghrpCl0sVygUwtr9me5/6B781ZP/H375Q+9BS1sjPM9GELgIAhee78C0dPy7/+f3sH7rpmoPdVr+lo2QzVOrMkUY4oxdhQEVyUimYDU0QymFoJCLXQhpJJJQSsEZvAZZwUrE4QA4lFUQYQzmyxNNwCc6RERERETVpSmWqdQMTyg4Va5A1DVtygu5a67EyowOS9dqpjmNGv1H4ebKiVIpBBLwazRkPXWyD4cOHEEhb2Pnnm24fe+O6AIpkTpwCJoTn+nC/sYNED1d017WN1jA/zhVO52TZeDDt/NItcSrwtTLDkH4HgwrgWRzW0XKv9ZmgA+t1dHQ2Fj2cxEVK2VoSNXKgxPRDK5du4aenp5qD4OIiKgm8HEzfsxqD4CKF4eZz1IpTFxlMGVo2NBkVG08C6WN/jPx5aihabB0IKk05CrdUrwEbtu0DrdtWjf1Al2Hu3cXEsdfgzEwWPmB3cLfshGis2PGy8/ka++2jyMr0wQZBhCBD3vgGqx0A6yG8q7/edYGTuUVdqQFDKP27heoPjF3JCIiIiKqLs5GqiFxCB8n0jUNiTpshW1oQINZZ38amgZ/6yaEvSuqNgSVSsG7fceswaMQIc7FcL3Huei6ARkG1R7GJLppwsrcDBsDp4DQK3/166sjCr7vlf08RMUyuOgjEREREVFV1VnCUr+kAkTMZsibGlCH2SMAwNKjcLXeBGtXw9+6CSphVfS84bIeuHtvh2yafTpuGIQ4G5/Z4UXRrQQSTS2QIoRv5yq6zuJczFQaRiI1/r2fGyn7OQ9lget2CClZwUrVp6F+H6eIiIiIiGoFw8caEcYseATq/wVdvf5xiI52uHfuQbiy/FWQKpGAv30LgtvWFfULc80Oka/RfiVmMo1EpikKIGNUBWmlM5O+D+x8Wc8XKuDVESAM4nMb0NLFqkciIiIiouqr13yl7sRtyjUQVWPWs7qu29J1BOtWw71zN8IVy0rejEQ2ZOBvvg3u3Xsh2lqLvt5Zu3Z/qdRopV+ioRl+bhiIyRsGupWAmUqPfx+Fj+Ud26EcEMQogKWli+s9EhERERFVHxvO1IgwhklYIKMAsh4rIAOpIGMSHpWTSqUQrF+LYM0qmNcHYFzrh55bWGWcsiyIrk6Iro45p1fP5IJnAKix0kelEHoudMOApiegmxbMdAPckUGkWmde37KSzFQDQs8dD0T9fBaJxpYp+4WuDTOVmbJ9vq57wCtDEncnAlhWZaf4E01Uj49PRERERES1huFjDYjjeo8AoKDgCCBjaKUunKsqTyg4cSw1LSfDQLisG+GybkBIGNkstHwBum1Dc73oY3QarTIMqGQCKpmESqcgGzKQTU1QmfQcJ5nbsF9bt7sSAr6dgzc8gOZVG8a3m6kMlJRwhwdiEUDqpgkrlUHgFAAAoevASjdCm9CROijkoJlzPyQUG1AeygJ72xk+UnUZTB+JiIiIiKqO4WMNqHYOFi3Yr2G6l3BKAWfyAiszOixdi/0UNzX6j5r4/ehnpRQCCfj1Pp98LoYeTZWex3TpUlmeMXA6Jyp+3oWQgY/+Qy+ga8fdSE4IHsdYmaj60x0ZRKqlvdLDm8JMR9WPSka3r58fQXJ0XML3EDgFpNu7Zz2GnxtGoqm434uTeeBcPsSmlISuc4UPqo64PyYRERERES0FDB9rQDWbzSQNDSl99srGRsuY+cKY0QC4UsGtdqJL03rnmhSGPIkjw/Geei18F6HroPv2e6EbM9+NWplGwM7Dyw4h0dQKrYolwpquw0xnEBRyAAAR+JCBD91KQAY+jEQS2iwhoZcbgplqmNc5j+aAdS0+ksnU3DsTldhMb5oREREREVFlMXysAaJK6z2amoZ0HZaNpEZ/JgaQ8fShTRn83WkHBwbi2bAkdG0oKZFsbitqfyvTCOG7CPIjMJJpGIlkmUc4y1hSGQjPgQyjcNfPjyDV1gVoGoxZAkI/PwJN02FYiXmd73AWeL0bMHykqqjDhy+imqNiuGwQERHNTzULKKh+cC5czClUr/IxZdbvnYzJdcBi7Vc2pLG3I35rBQZ2DppujE+pLpaRSMFqaI5CSHthDX1KQtMmVS9KISA8F2YqPWOw6BeyEIGPREPzvE83HACHcwpBEM8gmeobw0eiylJKMWwkIqpzvK+nhWLlY8xVq+oRqO8XbvX8s9WLd61NoS8vMOTFo9W7nxuB1dAITV/YMgOariPR2ALhufDzIzCs5KzVhuViptIQngMR+AAALz+MTMeyafcN7DxCx0aypQ0L7Sp1JAvc2e6z8QxVHO/niSpHKQVN08ZflN76wpQvVImIas9YxePYffjY92P396yIpPlg+Bhz1VzvUakF5w2xx+fA8Zc2NLxvXQqfOG5XdRxKSgjfRaKppSTHM5IpGMkU/NwwpAjnXUVZCmY6Mx4+QgGhU4CZnryeY+jaCOw8Eo3NMKyFTxU/mQfO5wU2svEMVZhRrw9gRDEz9qJUSonjV/L49DMX8GLfCLwgHm8eEhHR4iUtHXeva8GHHlyFLcsbGUDSvPGVYMyFVXzeFtRx1+dqhrpUvNuaTdzVWdqKucSFPiQu9MHqv1LU/kpKmKlMSccAAImmVsjQR+AUSn7suRiJ1KSqS7+QG++CDUQNdfx8FlZDU0l+9sNZIPD9RR+HqFgaAK6uQVR+Y8GjUgrHL+fx4c8exo9PDjF4JCKqM14g8eOTQ/jwZw/j+OX8pPt/omKw8jHmqvnUzREKyTqdt+aKufeheNjRZmHfjYWtGah7LpKnjiL52jGkTh2dcrlMpuCvWg9v41Z4t22DnGYatG6W727SyjTByw5BN615N3NZ9LlTGQjPHf8+dAqwRtd1FL6HZFNryaaFH8kBP+sHSKbYeIYqQ+e78ERlN1bxIqWEUgp//fR5ho5ERHXOCyT++unz+LMntgIAdF1nBSQVheFjzMkqv5Mw7EukDA2WrtX8+llCRdWc7HJdW3a2mdjQZOB0rvjE2BgZQuNPf4D04Zdn3U/3XKROHUXq1FHI5Ldg33E/7DvumzaELAfdtGBlGhEUctBb2iv6oK1bCZipDEI3mtYeODaMRAq6lUCisTRTzMcMB8ChEYXXpQOu/UgVYXJeB1FFjK3vKITA/rPZag+HiIgqYP/ZLIQQMAyDlY9UNIaPMRaXWc+uYGBH1fVrmzL4s8OFOZvP6J6Lph9+a87QcabrNj73FDIvPYvcG94KZ/vehQ53XsxUBqHnQLgOzHTpp3fPeu50dO6xRVAD10ayTBWYR3LAnR0MH6kyTL77TlR2E6sehRDwqrlWEBERVYwXSgghxqseua47FYO/JTHGvI8okjY0/NrGNFKzlN+mj7yMzr/6+IKCx4l0z0XLd76M9i98quh1IedDBj7c4RuQIhzfZlhJiMAr+bnmohsmrAmBp/DcSVOxS+lkHjiXDyAlX5xS+bHykai8Jla6KKV4305EtMSMvfk0hhWQNBc+PY+xak+5JoqTlRkDv7YxPWW77rlo/8Kn0PKdL0MvYXCWuNCHjs/9ORqf+0HJjhu6DtyRQeimBd24WXhuJJIQvgclKr8YqZlqgKYb498Hbvka4BzNahBhOPeORItgahpY90hUfhObDTB8JCJaWiaGjwweqRgMH2OMT+OIJltheni48+b3jc/9AJ1/9XEkLvSV7ZyNzz2FjhJUQYaODT8/AiORnLKmYhRGGhBh5TtCa7o+qfpRBgHCMnXgPpwDPJZ0U5mx6pGossbWfSQioqWD9/00X3yKHmNxWfORKA58z4MUAvc3uOjd9wN0/48/QuNzT5W02nEmRv8V9HzxU9hy7LkFXT90bfh2FlamEcnmtmn30RNJyKDy4SMAmOkG6ObNtRgD14aSpa/CHA6Ao1m+rULlxfUeiSqHVS9EREsT7/9pvthwJsZYIER0UxAEOPPyUfzwM19GaLsVf+ckdFwMf+tb2HauD8df/66iO2KHngMASLf3zNrN2ko3wMsOQXgujAp1257ITGXg50cAAEoIhI4Nq6Gp5OcZDkp+SKJxuqax8pGIiIiIKGb4FD3GuOYjUUQKgevnLuG7//NJeHb5Kx1nM3j4KHq/9CkYI0NF7W8m0zBTmVmDRwDQdAOp1k4EbgGha5diqPNiptIwJnS6DpwClCj9+oytCT7sUPnM0pOKiIiIiIiqhK8CY4q5I9FNSins+6enqj2Mcf6VK+j+uz8vOoAslgwDpFo6IDwXgZ0v6bGLYaYbJn0v/NJ34G5JGnPvRLRADB+JiIiIiOKH4WNMVb7nLVF8CSFw+WT5msoshHJd9H7zyZKtOekXsgjsPJQUSDS1Qvju+JTtSjESyUlrP5YjfOxI8mGHysfUmT4SEREREcUNXwXGFKdcE93Uf+5y1adbT8e7cgXbjj2LxeQdMgxg37gKTdOQaGyGphtRB+pME4JCHkpU9q0IM5ke/1oEfkkbz6xt1NGZ4sMOlYehaTCZPRIRERERxQ5fBcYUm80Q3eTmKz8FuVi5557Dry4PsKVl/v27QtdG4BSQau2AlWmCpt+ckmwkkjCTqYpPvzaSKWDC+pQlq34UIR7o5EMOlQ+nXBMRERERxRNfCcaUZPhIBCBa7/Fa38VqD2NGnu3CO3IEv7E5g8dXF9mlWil42UFohoFkU+ukqc4TmakMhO9CBn4JRzw7TdcnT70uwbRy7+I5XPn0f0fu8IFFH4toJuxyTUREREQUT3yqHlOsfCSKBL6P3MBwtYcxq4vHTgMAHlqWwEe3Nsy6rwx8iMBHsrkdhpWcdV/NMGAkUgj9yk45nxg+ygVOu/avXUZu/7Pof/KvcfkT/wneudM4dOB4qYZINImGaNo1ERFRXNy5rhVv2NqJTILN9oiI5j9PkCpCB6DzhRQtcVJKCN+LXbOZW+UHhmCO/r1uaTbxkc0N+IsThWn31a3EvI5tpjNwhweQyDRNmg5dTrox4aGhyPVn/SsX4Z3vg3uhD96FPgTXr908nm7ANBO4cPYSNCFgmHzoodLjtGsiIirW7z+2EW/f04Njl/P46GcPwfZLu8b2o7u68e/fugHphIGvvXQVf/rNUyU9PhFRreErwBhSAKBFlRwaorxh8tfaNNuI6k8+72Dg1FncOH+l2kOZ1cCFK2i0bv4V3tVp4uyIhu9eXXwJ81gVoggDGPMMLhdKM26+Q2+mMtPu41+5CPfsKXgXzkZh48D1KfvougHDsKDrUZH92TMX0WBpMNkVhIiIiKpMA9DVlMC2lU3Y31faWTa2L1DwBJQChu2gpMcmIqpFDB/jSAHhrIs+znzZpGCSASbVMMdxIITA95/8ZrWHMif3lk7cQghsmD6zqwnCdca/Hut+7V+5CPfMyaiy8XwfwuHBSdfRNA2apkPXdWiaMR443iqbzaO9vbV8gyciIiIqkW0rGrG2M4OzN2wcvTy1CeC2FY3obU/jlfNZ9GdvNun70fEB/Oj4QCWHSkQUawwfY2gxtVIK6uYsyVkPxACT4svzPARBgP3few79Ma96HOMWHKQaoqBO13V8/UrtLtwaeg6C/isILp1Hvr8f7oU+iOzUigBdN6AbBgzdQLF//dlsgeEjERERxdqO3ib82zevx/aVTdAQvXI6cimH//LdMzh8MYd1XRl87K0bsGdNCzQAfijRn/PR1ZTA5569iNdv7cBt3Q2wfYG/f+4SPvX0+fGp3q9eyKK9wUJve/S88cXTw/jYPx4r+dRvIqI4YfgYQ9WOLBhgUjVJKeG6Lg79+GU8VQNVj2PGgkcAGPCBC84sO8dY/thBXPn8pyALeZhmAroeTcG+WdV48/NCZLNTqwaIiIiI4uTDD6/B9pVNGLEDvHI+i92rm7FjZRN+8w1r8FufO4z339+L3atb4PgCr5zP4rbuDHrbUnADibwbou+6g5VtKWQSBvasaR4/rgbg9lXNEFLBDyWSpo6dq5rw6O3d+NK+2njDnYhoIdjtOoaqHT6WgoKCVApCKYRSIZAKvlTwhIIrFByhYIcKhVAiH0jkAolsIDHiSwz70eesr5ANFHKBQj5UKITRdZzRY3giOmYggVBFHcKlqo/bbykLwxD9F67iB/9QO8GjvKUpSyGs3d/Cwae+CVnIQ9N0WFYSppVEIpFGIpGCaSZgGOaCg0cAECHf1SciIqL4emBTOzYta4CUCt862I9//4Vj+NbBfgipcFt3A955xzLsWtUMXQMOnBvB7z15BN94pR+BiF7/jNgh/q8vHcfVYW/a41/Levg3/3AUf/DVk8g6ISxDR0djZdb1JiKqFlY+xlCRzWXrmkIUYGIRFZhRJaU2XlU5bROf8W2swIwLpRS+8l//bso6inGWTCcnfb+20Zhhz4XRdB2QsqTHnI5/9RKCi+dhWSmYpgXTLP0TYcMo7W1DREREVEpNKRNJS4dUgBtEz78GCwFCqZC0dCxvTSFlRW/EDuTn30zG9gSePz2EO9e1wgsl0gk+NyKi+sfwMZaYPpaCQhRkTdow695TMcCsvPPHzmDkxlC1hzEvPWtWTNm2pkHHuUJpAkPNMCClQLmfmuZffn58mvXYZyIiIiK6ydD5DJ+IaL4YPsYQo8f4KEeAOTGUZIA5Da32fuJl63qnbHukR8d//sRXYHV0werogtnZDbN5/o1WZOADSkE3yn93XTh6EMDY+o7lCR8bm2q4DTgRERHVvZwbwgui9RjHKhzbGyyYugYvkBhxAoQieoO5o9ECADCPJCKaHcPHGOK06/pSzgBz7GugfgJMVYN/ABt2bJyyzT95BCPPfG/SNquzG1bXMlhdPbA6uucMJYNCDkpKpFo7yzLuiQqHDyAcvAGgfFOjW1qasH79qrIcm4iIiGi+Ohot/NkTW8e/D4TCP/z0Es4NONi9uhlv3tmF7uYk9q5phqFrOHPdxmd/chG7VzdjeWsKd61rxT/+1h3obk7AMjQEC1zamuElEdU7ho8xVHvRC5VbJQLMSUFmFQPMletXQSoFvQoVkFJKCCmgABi6DqOI6j8hBTbv2T5l+4njfTDNBJSSUEpBKYngRj+CG/3Ascn7Go1NsDp7bgaTXcuAMIBz7TKSK3qR2LKrRD/hzOwjr4x/Xa6qx917ts69ExEREVGZXR3x4I12m85MWHNxxAkxkPfxlz88h3/36Aas68rgke2dUADOXLfxlz88BwD44otX0NuexuqONNZ0ppF3Q0gFhELBC4tbdsf2QnihhGloWN2RLsePSUQUGwwfY4jhI5VD1QPMCZfNpqG5EYl0AqE7/wW8F0oqBT/wEcoQnW0tSCVM9A+NIPBDJK0EtFkG3rWiC6mGqU8Yz5+7DGPaqdJqNIxUkFJCKQlZyMPN5+CePTVpzyDw0P7I29FY5vBR5LLjU6513VhUN+vZbN22vizHJSIiIpqPTz19Hp96+vys+zzxiZdx57pWdDcl0J/zsb9vePyy504N4bk/fwn3b2yHF0rcsbYF77+/F14oMeKEAID3fuLlScf7j19/Df/x66+Nf3/0ch4f+dtDWN6SxMEL2RL+dERE8cPwMY6YPlJMVSrA7F69ApdPnitqTFJKKKiiqhRnur7tu7h3zxa84Z5daEynYZomXN/Dt5/ehxcOnkQmOfO70ctX9ky7/eqV6zNcQ4t+fm1qheFYhaRSMrr1NMC/WNztsBiFQy9DBT6A8jaa2bKF4SMRERHVjomB40SP7enByrYU9vWNQCmFu9e3wjI0DOT9Ga8znf6sh/6sV6rhEhHFFsPHGGL2SPWsmABz5ZbbZg0fAxEiFCGEvLmwjqbpSJoJmPNYrzAQIaBJ/KtfeBO2b1gzKcBMWhbe/aYH0N7ahO/9+BUkrcS0x2jvap+yLQxDDA/nix7HzZ9Bg6YZwGhfa13TEVwof/hoHxtrNKOVLXxcsaIbW7YyfCQiIqLa98j2LtyzoRUffODmWtY5N8TXXr5axVEREcUXw8cYYvhIS13PLE1J/DBAMmli76b12NC7DKtXdKEhncahU2fxrR/ug+N4c06VBqLgsakxhV94889g67rV0+5jmSbe+Lo9uHxtEMdOXZo22AxvOY8QArZtw3HcIn7S2QkRovHOBxZ9nNl4F8/COX0CwNiU6/Kstblj56ayHJeIiIio0j75g7M4erkDG3sa0Npg4bWrBXzv8HW8dHak2kMjIoolho8xVIPNfolKKtPUMONl63q78avveCPSqdSkpjSv27kVO29bi289/SKeO3AcKSs5bViolIIfBmhpzuDD730zetqnVi5OZOgG3vvoQ/h/P/MVFPIedH3yeoiBpiMXqNGGPAqObeMf//6bkHJxf8hChDA7u9Hx9vcs6jhzKbz60vjXul6+h4RdtzN8JCIiovpw9HIeRy/Pf5YLEdFSVZ6uArQozB5pyZvlj+ANr7sdDen0lG7YuqahKZPBux75GXzo3Y/ASuhwfBeBCCGVgpACfhjA9l2sWtGJj/7i2+YMHsdkkkm8++fuh24CQRg1wpFKwQ08rNqzFa7vIVQKrh/gRz98Ed/42g8W/KOPkVKgYefeRR9n1nM4NvKj4aOuG1OC1VJi5SMREREREdHSxMrHGGL4SEudEGLGy7J5Z9brWqaJ2zdtwNqVy/CdZ/bh0MlzyBVsWJaJno4W3H37Ztx7+zYkLWteY9q6bjV+91fejs997SlcvDYAANixcTW2pFMYcV0YugEhBL745DfmddyZSCWRWrexJMeaSf7V/RDZaFF0fR5rZc7Xtu0bsGxZZ9mOT0RERERERPHF8DGGOO2alrrlG9bMeNlPDxzHPbs2z3mMloYG/MLPPYC3P3wPHN9H0rJgmSYSljWlarJYyzo68Nu//BhOn7+CdCqJVcu6kBwcgteQhqPr+N43n0Z2AY1mpqOhPGsvTlQ4uD86l6bDKOOU651F/H8RERERERFRfWL4GEOKtY+0xGWaGxEKMe2ajf0DI7gxnEVna/OcxzF0Aw3pNBrS6dKNLZnCzo3rJm1rv3wV/akUfvLD50tyDqUUlJIw2zpKcrzpOK8dg3v2FIDyVj0CwKbtm+CIaF1MDYCmjX5G9MWt24mIiIiIiKh+MHyMIQ2cek1LWxD4aF3Rify1oSmXSaXgeF4VRjWZUmq8M7QuJDouXEL/6HTsxZIyRGrdxrKGj4VX949/bejlCx+bmhuxcdtt8MR092pTt0UhpDZtIKlNE1QywCQiIiIiIoo3NpwholiRQsB1HKx98H4IOXXtxyAM0NnWUoWRTabdMnXbcj387pvvL8mxhRRouqs0x5pOMHgd+dHwUTdMaFr5Hgq27tiIRDJR9P4KUcAslEKoFAKp4I9+eELBFQqOULBDhUKokA8l8oFELpDIBhIjfvSRDRRygUI+iPazRz+c0WN4IjpmIBUCCYQKEAqQim/+EBERERERlRIrH2OJtY+0NAkh4NgFXHWBn6zYDaPlx2gYGRrvwhyEAfZuX4d0ovgwqxykUtOuG/nI7Zvw6rkrGEhm8KHf/gC+9oVv4l++9dS8jh2KAK2vfwsad99dquFOUTj4ElQQde0uZ9UjAGzdWfn1HhWiytRJG+a8xmTTVWACt1ZdTqy01GbYTkREREREtLQxfIwhTWPTGVp6lFJw7AKGfOAzFzS4VhrGY++D9vefQCIMIKVE2NGBNzxQvlCu2HHO1rDmAx96L0Za2wEAP//et+FG/w0c2Hew6ONLIcre5XpsyrWm69DLHT7uKO/PUi6VDjCj7QwwiYiIiIio/jB8JCohDYCpazDqIDEQCghkZVJwpRTsQgFOqPC/LmlwR2dbi+Wr4PzyRyG+9xWo7l44b34Hvggbv6MuVS2UUVAzdqIebO8aDx7H/Kvf+VX81z/9n3jt2Kk5jy1EiNTGrUit31SSsU6n8Op++NcuA0BZO1wDQO/qFVi7flVZzxFn5Qgwp1vfctYAc8JlRERERERE1cDwMYb4OrE2mZqGjKlBr6P/wEAChbC8AaRSCrZdgB1IfOaChqvu5MvF8lVwPvCvAUR/G6+gEX+LZfigulrWcU0nCENY5sx3m94MXbV/7//4LXzuL5/EC8/un/ZyYDSkymTQ8fb3LHqcs8m/+hKAKNAqe9XjztqseoyTuASYY9chIppobP1jTdOQMDX4ZX7OQERE1ZcwtUn3/0TFYPhIVAIagAZrpnq42mXpGhpNDflQlu0cvudBCoGvXp0aPM7kx1oLOhHg7ao03aWL4fo+UrOsNRmaFtxUZsbL3//hX4JtOzh04Mj01w99tNz1BlgdXYse60y8i+dgH42mgBuGVfYnC9t2VH69R5qqkgHmze3ajJcRUX3RtOhF6J7eDF44W6j2cIiIqMz29GbG7/uJisXwkagELL3+gscxpg7omgZZhoVIlVIIwwD/64LC8cL8bsGvap1IQOHn1GDJx3Urx/OQnKPJzUhrO6Q+e9fo+x++d8bwsRKy2QgOWQAAIABJREFULzwDADAME4ZR3rv/js427LlrZ1nPQZVT6gATmL5xz+TLtNGlLBY1dCIqE03ToJQaraTX8b47O3Dggg1fsPqRiKheJQwN77uzA7quT6p+VGxaQXPgU/oYqtcQq57V01Tr6ZTjjkIKAbtQwD+eLqAwmMUe9zp6wvlVTHxB68KfaauQLeP7KLbrIplIzNpkxkumpqz1OJ2de7bjztftmbJdKQmlFKzu5Ysa62yc0yeQf+mn0DQNhmGV7Txj7r5/L1LpZNnPQ7VDIeoUL0Y/QqkQSAVfKnhCwRUKzuiHHUafGTwSxdPEapex8HHriib8yduX447eJBL1sPg1ERGNSxga7uhN4k/evhxbVzRNCh8BTr+mubHyMY40FFFVQnFSob4sVVPqSddSCNh2AQhDPGz3Y5tmR7/3EhgqCHxfa8Oz6WXwtLnvoo5qGfyf2jp8UF3FHSpXsjH6QQDH89DU0DBr8BhYCVzvWQFV5APuBz/6fnQv78a3v/rP49vC0EfHY+9Fw869ix73TLI//REAwDDLP90aAO6+r3w/Cy0N6fIuSUpEizRW9Ri9qWXAsixs723B73cmEQQBwjCEEILVMET0/7N35/Fx1ve96D+/Z5td+2LJm2TZlvHGEpvNkGBSCgkJJC/CaTlJTm+atkm6HHKaU3L7um3uyXLuuWlOF3JvSNM2NyctaZLSFgIkQAgYs5hgHNt4wRbGljftki1p9plnuX+MZjySZkazb/q8Xy+hmWee5SfLHvF89P39vlTD4u/xiqJAVVXY7XaoqgpZlhM/A+I/D4gyYfhYhfjPtvbEukLX53fOsFDUKdemYcDv90MYOppPn0e7MX+hx2ZVxv2YxW7fJB5VV2PA3rrkOQOQ8C3RjR4RwvusadxoeWHLMzI1TBPeQACqLKPR7c68r6xgtHs1IlpuFX53f/QuGLqB5576BQxTh9LWCc8Nt+Y13mz4jx9C4O23YtOtS9zhGgA2bdmAq7ay2QzlTxYCar2XlBPVgeTwUZlryCZJEqLRKEzThGnGfhYzgCQiqj3xQFGSJEiSBFVVoaoqFEVZFD4SLYXhI1ERWABChgV7nU0zMi0gUMTOlbGKxwCUYBANF0eghNJ3mGmzafi98Dn8HZBVAAkAZ2HHWbECe51deLA9BNfUJGR/AMJMH0RakoSox42g3QZ9bAxaKISGJaodAcCUJFxc0wtdyW8K8z33341QKIwXnn0R9r7SNmaZfX1v2aZbA8ANu1j1SIVx1Nl7KVE9WljtoqoqJEmCLMvQNA2GYQBg8EhEVMvi7/GyLCfe41n1SPlg+FiF+E+3NoUMCxETUMVcAxqxsHlCbbCAubXYgPN+A6ucMpSkHyiGBVh5rAtgzK3xqASDaD5zHmLupiQTp82O3/QP4v+2NWY1BRsAtjYreGCdA5bsgW9FrHO0HAhCCochRSIQugFTU2HabTBtNoQFEAwEAQgYDa3oungOUjCY8RqWEDjXu3HJBjOZhEMhbPvAHRjt7IG37+q8z7MU74F9CJ15B4qqleV/DOwOG65n+EgFUCTBtR6JasTCG8/4zallWYkPIiKqbfGgceFH/DWibDB8JCoi07IQtoDwgkUg3YpUMzfTArHwVJWATY2p3yL8enyqeXYsy0I4FMwpeIzrcDpwm/ccnmvoW3LfnW0qHljnWLTdcDpgOBdvNw0DIb8PpinBMGPfoKmOFVh5bjDtNaKqhvM967Mef2oWgsEATgW0kgaPlqFj9vU9ZZtuDQA33boTrW3NZbkW1SdWPRLVlngAGQ8dgcXVjgwhiYhqz8JgcWF3awaPlAuGj0QlVkvBY7ZcikDIiFV7ZiMUDMKMRNB8YSSn4BEAJCFwg34Zzy2x30fW2PHeFVpO57YsC4ZxJXgEgJDmwExTCxqnLy3af6apBZPtK3K6RirhUBjjIQPnjdzGm6vZ119CdHQEqlq+rtPve/9NZbsW1R9NEmD2SFR7ktf8Sq6ISd5GRES1Kfk9PF7Vzvd1ylWdRSL1gf+O64dWx9MH7bLIaip5JBKBEQ6h+cz5jGs8ZtKoSlgbmUn7+gPrHDkHjwBgWZgXPMZdbm2HKc9vtTu+YmVRgkcACEfCOG/YMGOWrp2v4fNi5pUXICtK2f7nYMeN12ATG81QAept3Vyi5SQ5dCQiovrE93rKFysfiUpIrdPgMU4SAkaGqVSmaSIcDMIzPAYlmF/wCACKJKNd9+Oc1jhvu10W+IOrnFjpzC/Ei0SjKbcbkgy/yw3P7AyiqobJji4EnK68rrFQNBpFMBzGeb2hKOdLZ/b1l4CAH7JS2urKZO/7tZvLdi2qPzZZgA2uieoLb1CJiIgIYPhYlfi/afUjh2UR61IkHIbN64XjcvqqxWwoioIheX5Y12yT8NsbHHkHjwBg6AbS/YvzNzRC1nVMtXUiYrPnfY2FwuEQTkc0jBil6zwdnRzDzMvPQy1Td2sA2LRlA3bedE3Zrkf1RUCw6pGIiIiIqE4xfCQqId0CyrfaXnmZVqzBTjqGriMaDKL9wkjB15qWNIwo7sTzbqeMP7jKWVBjCtM0YRgW0oWPIbsDoRUrYcjFe5s0TQORcBjndGfRzpnK7OsvQZHkslacvO/XuNYj5c8m8xdvRERERET1qs4nhdYmTjurH1HTQqQOyx8tAEHDQqavLBqNomFkLOcGM6l812iBay5o3NqsFBw8ArGqTCtD3GEIuajBIwCEQmFcDAuc10s3FTp84Sz8+1+DJJVuPcmFVFXFe24oXdduqm+yYNUjEREREVE9Y+VjFZKEADLGOlRLTnsNNKoC7Xa55teAtCwgYlqImMi41iMAmP4A7AVOtwaAk4aCY/4o1rcIbHYqeGCdo+BzWpaFSESHmaLZTClFwiEM6jboJazxmt23B3IZp1sDwFXbNqCh0VPWa1L90Gr8fZGIiIiIiDJj+FiFylevRMXiUiTIInXValON3VnrJhBKqmq0EAsdgcyVjskMXYdjcqoo42m/bjM+7TUwEYrig+vcSx+QhUgkAsMsyqmyFg6HcCms47xRnK8hleCptxF++0hZqx4BsOqR8qYIARurHomIiIiI6hrDxyokRGztK9Y+1oZaCxeXokiAWxKYjuSfzpmmCcest+Cx6N0r4PQ4sbOIRXWWZSEcCsM0yxvQhUNhDOo2zJbwut5XXyx78AgAm7dtLPs1qT7Y+Ns2IiIiIqK6V1+pSR2RytgogvLnUur3++RS8n97EP4A5Ei0oOtbsgx9zaqCzpFKNBKBaZb3+6brUYTnplyXiv/IrxA9N1iy82fSvWpFRa5LtU2VBFQuckxEREREVPdY+VilJAEYLH2sekodh8SFzISUitBkRl+7CpaS+1uUaZqwTBO6oQMALNOEaZoABHQ9ts20yl31GMKZqIYxo3RrMfpefaGs3a3j2jtbIcssX6PcCIBNZoiIiIiIlgmGj1VKFkBhdWNUFnV871zIl6b6/AVd23Q5oXd3ZdzH0HVYsGAYJkzDgGnGPs8buIV5z2XDBHQT0SJ3sc7ENE2EwmEM6s6SXcO3/1UYE+MlO38mHZ1tFbku1Ta7LAr6BQcREREREdUOho9VijPRaoNhAfU687qg2kVPYU1VZjrbEZ2ZSWSH2XyWDRNaOAzZMKCGw5AME2ooDAFADYcgzXWYubi6t6xdncLhEEYjwFldK8n5rUgY3pd/UZJzZ6OxuaFi16bapEpsMkNEREREtJwwfKxSElvO1ISgbsGj1udNdEjP/++fZc9ubUMhxKKgPex0QpIEbMFgxmMlw4AaCsMeCMLmD2R1PZ+7AWG7I6t9iyUcCuFcWIFRojJZ7769sPy+kpw7G41NDB8pe5xuTURERES0/DB8rFJ1vJRgXTEsC74o4FQWh2i1yrCAgG7BsPIPH02XC6ZNgxSOzNsuRKyZUvwjFSUUguvshbyvnYm3oSmn/YOBAAzDgKzIUFUVipL7mo0tDiceGBrADl3FKcmBAa0ZI2px2ncbs9Pwvfx8Uc6Vr+aWxopen2oLp1sTERERES0/DB+rlCTA2scaoVsWvFELkhA1vwSkBcC0rIL/3lmWhXBLMxwjYwAAWQhIUvrAsRxMSUbQmdu6iw6nE4GAH97ZGQCAJMmwOxxwOl2QpKW7gct6FF1n3wVkCdfJBq6FD+HwJZwM2nBMbsCArRmTSv5rQXpf3QMUEBIXQ2NTcYJUqn+cbk1EREREtDwxfKxSArEKsUKqz6h8LIDfqyShUBBWgwfu0XHIklQVlbwhhxOWWDowXCgWNMqYnZmGaRoI+H0Ih0JobWvPeJxkGmi9eG5eOCgA2DUN18DCdmsaocAYDlkO7Ld14B17a07jEpcmEHjztZy/nmJrbm2u9BCoBnC6NRERERHR8pX7nTiVTb1M46XlR0R1tI6OQZGrI3gEgKAj/wpDu92O1rZ22Gx2ALG1KpfScvE8tAzrVkpCwGm3Y5fDwmci5/CJmRPYGJrKekz/myuIvhW5BZalsKKro9JDoBrA6dZERERERMsXw8cqxvCRalXz+GTWTWDKJeAsrAO3LMtobGpGe8cKtLS2Zdy3ZegC7Dk0gXHa7bjZbuJ3w4O4e/Y0PEYk4/4brQBuVYP4+ic/VNEAUlFkdKzI/GdBxOnWRERERETLG8PHKsZvDtWqbCoDy0lXVERs2XXgXspSX1vj+Aics9N5ndftcOIuNYDPeE9gS3Ai7b4fQaxC0m3XKhpAdq3srMh1qbYweCQiIiIiWt6Yb1WxKstviLIWXLsGekP1NCKJaMUJHpfivjwFz9RkQedQZBl9ThUfD5zBewIji17fYXmxybpSVeq2a/jS/XfAbdcKum4+uletKPs1qbbYZQGFP8uIiIiIiJY1NpypYrHOwGxiQrXHUmT4Nm+CNjEJ29AI5FAou+NkGaFVK2G4Mq/PKIXDcx8RyP4A5EDmKd6mLGc99nzZfV40jQ4X7XzNHg/u856HbNewX7pS2XivtXhdyM4mD770H34dD/3j00W7fja6VzN8pPQUSbDJDBERERERMXysZixLpVoXaW9DpL0NztffhGxZECIeql9hyTL0Bg+iLc2INjfDUrIJCudXVcr+ALSJSaiXL0MKL14v0ZBKGz7K0ShaRi4W/bwetxvXNZgYnZjCeUcrbremsRLhlPtuX9uF7Wu7cOTc4mrJUlm1urts16Law+CRiIiIiIgAho9VTRJAoxaLIK25Ash4HaQ19x8L1pVtafdJvW3evpbFGksqmWhrM6zx+dORo+vWQu/uKsr5DZcTQdcaBHvWQOjGokpIX1gvynXSaR65CEkv/jVCre1o8nnxYT2Eb6EV91qZp3TfcfXGsoaPrHykdDjdmoiIiIiI4hg+Vrn4vVvK9R9F8h7FudLSgWXqsDNtAJp2H4ady4nR2QElKXw0WpuLFjwuZCnyovUmjRk/UKL8sWFiLKfO1rmQBbDRjCKsmbjXmoQHRsb9b+rvAbC3JGNJhWs+Uioqp1sTEREREVESho80TzzPXHTbKBY9KMaVYqEkqzrrntnYALOxAdLMLEyXE9ENfWW9vpBKs36qLeBHw+R40c8LAJaioGnmcuw6qppyrceF3HatbFOve9aths1W/iY3VN0kIeBg8EhEREREREkYPlJFCZS5qhMpqjHTVHUuDjHTP2dV59IiV22ENDMLo7Wl/Bcv0TekZehCaU4MQLPMvFreb+/pLkv4uOXqTSW/BtUehywgMXskIiIiIqIkDB9p2Ug7hZ1VnWVhKUplgscSaZgYg6xHS3JuIcSixjzVZsv2/koPgaqMQxZQ2SmNiIiIiIgWYPhIVCK1XtWZep/aCTvnEcWddq2GgiWbbg0AcpUHjwCwvn9dpYdAVUSTBGycbk1ERERERCkwfCSqA5Wo6kxfnVl9VZ2yJAEwi3Q2oHFirGjnSkUuYN7q2LS3iCNJbcOmXjQ0ukt+HaoNihBwsLU1ERERERGlwfCRiHKWuTFR6as648+zreqMygLBIoxIMg20jI3C7itdwFdI8OgPR/D6wNkijia1TVs2lPwaVBsEAIciivavnoiI8mAG4J01YGvwQOPyF0REVIUYPhJRVStGVaehCMwWMAbJNNAyNQHP7Az0SKSkU89lkd9dgz8cwUP/+DR8oUiRR7TYBk65pjlORYCzrYkobvjlw/jJ0MKtDtz7QD+6KzGglKZx9KmzeNUXfy6w8qpu3HNNeyUHVZjRQXzp7y9j40dvwee2TuPsgSG8dtSPZy8B2ze14rfv7kMrQ0kiIqogho9EVPdEAWsoSqaB7ovnYAuHYJilXfNSEiLnBtdnxqbw+BvH8Pxb75RmUCms7+8t27WoetllAZWtrYkoydQ5H753Fui3X0m6uld4YCvrKKax59vH8EX3Suz/ZKqfV1EMnvHhe7odn+pWAD2Mx54awKNHfXj0k73QyjrW4oroAM5fxF88H0DvOg03axHsOTiCN30SHn2gtr82IiKqbQwfa4BpXVmtLm3/klTbUrzA20Si7CUHjwBgmMVbNzKVbKdcHz03gn0DZ7Fv4FxZ1nhMdtv7b0JnR0tddGCn/KmSgJ0lj0SUSkMz/ubBLWit2ACi8GYzCaCjFZ97IBZOfuKF/Xj/qxPYM96LOztKO7qS69mKR/6P+BMdO7//S/z++VkMA+ip4LCIiGh5Y/hYAyQBBHQLulmaW/rFt4+pq6/S3WaKFE9yCkkXvJjtsSnXHFy0r8hpjBmvL5bej+pLx9hwIng0SxyqSUJASlP2eGZsCkfOjeDI2REcOTdclqnV6dx11y64MjYXufJaIY2J6r4Dew2ThYCTDWaIKEeRd47hq49N4zkdgCThnlv68Ge7OwFM4blvD+DVjWvxiekL+P1jOu65+0Y8uGkMj31/EN+YBCAp+Ph6DQeGNXz1C1vRY07htR+cwpfO6PAC8DR58Minr0a/ewJPPjyAr00DmB7C9V8ewsc/fAsevC7z2DzNGgAfTl4Edpw5jL95PYB9s2bs3G3N+O6nt6DHDuDiAL72wwk8GYgd19Pdjm//bj9aU27vxpG/fwsPN63FE/evBsxBPPzfh/CDhmY88+AWtM5VaH67Yy3+5b4uTO07hode8OGoGft6H/zoFnx8qwcYP4E//64Xt9zXiclnLuDhaSce+fPrsGP4yjVb3RJsSBEumlMYngbQYK9gGExERMTwsWYoAtBLdO7FN+5W4sa/CCersPIOKGWQm/qFpYPTEgW5KbfnEOQu2p7jOBPbqzzMtYVDcCU1ljFKFP4DseBRlWNT1CI2O8I2O06PTOL7P/oJ3jo7DE2zl+zaubjhxqtxzTWbst6/ZhoTLXiesqpzQWC6nLHBDBFlFAnjwP7Tc2GXgu7ta9GtXcAPHp/GwJouvPDxtcCBI/jkM4N4rLcT9/e0or8b+PNXBzHQ3YSvfMCD3q3AwE/O4Rs+Nx55cDO2+wbx8D9NYKC7ET0AvHsH8cWzEh76retxT/cUHvv2aXz6sdN48VNrcden1iL83XP4RlMnXvhoO2zOpYfsvRwBoGHTKsAz6cDOXe34/EYXtMmL+NIPLuPhV6bw13fI2PPUBJ5sascLX+iHJzCGgYtKLERMud2D3g4Jw2diVYfdZ/04YJfQPx3EyRCwS5vCkXFg184uYPI0/uYFHxqu68P+u1sx/NRBfOTxU+hffx12dDRguzKFP//hEO65rhOPrG3AdlzA934wgSMdnXjio+3AkXfx+3tC87+o0dP43o9H8O1ZDX/2qT54iv19JiIiygHDxxohC4EqTPZogZRBbuoX8jlZhVU+yAVSNJ5Jue/8bUEj97G7FnS0NvNO5DMLexrga21DVNGgq2pi+8v7DuPw4MWC1qsstg/e/d5KDyGtYjQmyv4qS1V1xh6krOBMtS3pebVXdToVARY9ElFGoQAe3RsPwjT8ds9adI9O4bshBQ/t7oNHAnB9O+594RyefGsI9/eshEeTANjx0Ke3YocEAIP49jsmdlzXhR1NGtDUgn7nBCBJAKaw71gIkTVduKdHA9CFu7YP4RsvX8aboT7sarDDJgFQFHiamtKPc3wK3/7hDKBHsO9sBD3rVmJ3B6B19OMeMwDvbARoa8TNDdPYp5sA5Nhxl7zYc3IKd23qRP8mAJhOsx3o6XVCOxzEwDTgORfCQEcD/uTSLIaHASCIA7Djt9crmHpzBs+ZTjzygS4AQPetzbjz4AT2HAxgx80abBqAjk782Yf7Yic+chjfDUl48H0b0N0EYL0DvcnhY+Q0vvGdERzpbsY//VY/+pt4y0dERJXFn0Q1QpFi1VGlCkCIqk2qIBdAXlW5+VQtzjY0oXF6CpJp5l8JvITpFd3wNaeeCDV8caQ0F83T5m0bseU92+HTY38YOS9bkOLFrKt601xsySUWkjYUuzI3c1VnprPnYn7YmT7ITD2FPe22PNfqtMkCGhvMENFSUq35eBGIAECiD40drU5gYDZ5GREpFhrOiZiATUrVotlE2MRcEBnjaVQAhDB1Cci5rbZiw/0f7k10u44cewuff9yLAUVCtwJMhoBYltiE3fd14XM/HsFfPHYCX0tMjU633QNsdOFejOHkeaBtNIRd3WvRi2n85Nw0btcDGGhwob8JgG7O//qbNLQBODvjT/rjSfqz0IEIJNjSTYzQJGhQcP/dW2LnJyIiqjCGjzVCAJBFrPkMEZWerqq4sKYPLr8XWjAA2/Tlop5/Yu06hJ2utK8PXxgGEAuFqoHDaYeePF+56pRvYOVaJzfd9lzWyk0ZpKa6l8eVqdTxeNmyYofG/2SVlMcREWVBQazTcqJvWwThCNDfkLn/cjhlo7e5kC7ptUhIB6CgtSWHMSU1nLliCnv2eDG8fjVeeGAtgNgaknsSx/ThU3/Uh09duoAnf3wBX0tMjU6z3d6E/qYxPHvhNFaOSth+dTt6MYg9o5dxbySC7lVd6AYwpUi4EqoCCOmIAOhudAHwI3dtuP9eBbYVeRxKRERUAryVqCGc6kZUXrqqYqapBT53Q9HOGWhsxlD/lozBo2maGLo4nHheDQGk0+mo9BCqhrXow4JpLf4w0nzoyR9m7COa5iOS4iMc/zCufITSfARTfAT01B/+uY/YcxNBw0TAMBExLShS7BdgRER52ejBvZKOn7wxFHt+bBKPBSTc3teZ5oBmbO8GDpwcxdHpALxvj2HPbPy1VmzrUYDzl/HatA6YU9jzVghoc2F7ciWgniq4zFJERwQ6vCdj152MRAAEcPbIhVgn7ZYu7FqvAKYJbyjddgBoR3+3hAPDl3FkVsPGdUDrShvaRqfw7Diwuy82zbp1gxPbEMCefdMAdEy9NoOfQMP2jWkWrFznwJ3QsedXI4AZwNlDfrwJAObcCvE+HwZHZjE8WaoV44mIiHLDyscaokgCyGPtOqLlrtB1E01ZLso4LnWvQqCxecn9RodHYRoF3DSVgMPF8HE5ine2ZvBIRAWx9+HBj/rw+ccHcf2xQQDAjq2r8fGt6W5FmrD7A63Y/b0pfPrhg9CcGnYmBYvdd/fi66On8cWHf4kIAM1px9cf2DDXVKUZ/askaMdGcP2Xx/DgAzfj4xuzHWgrdu9y47tPjeCWL4/A0+TBQ9s1fPXsNIYh4cjec/iLx88lppDfefMG7G6awZP/lGp77Iz9W1zoecyLJxua8dt2AOvc2OUbwWOmHV9fN/f192zCV997GF/ccwzXv4BYN/D39uHOtnR/PH343M0z+OS+07j+INDf3YTPdUfw7IUxYMdK4J0x/Jf9PuxSZvDXd7DPNRERVZ6wqqGkhrLmjcYqZ4goe5FIFF5vZOkd05AMA93vvJ338f6mZsx0rIApZ/f7noP7D+GRv/zbxHNNs0OknitbNh/9zQ/iNz75kYqOgcpLEgIuBo9EVWFsbAydnemqBGtIvJGL3Q2PPZufiRFEfIDmnsGTDw/g/+teiyfuX33lZd80vLoCT5O7uOMMeeGNyPA0zFUemjogKVdeCxmwOZugaQuOSbU9FxEfvAE9+3P4puGFEx63BkAHTGVuXpuOyGwIWkOR/1yIiGpE3fzcrCOsfKwxigQYRqVHQVRbilH5GPQ0wuGdyem4sNMFb2s7Qm5PTsfF13uMsywrbdOVcuG06+VFAAweiaj4JCc8TWmmEi8QOT+EyaZmdDdoiJwZw55pYNcNC6r43E3I7SdsluweeJKncEtK+teW2p4LzQ1PLsHlvK9fSVpQS2HwSEREVYXhY41RBBCu9CCIaoyiFD5t2tvWnnX4GHK54W9pRTDPtSKT13usFk5Ou15WXKrE4JGIKiiEgTcv4KG3BzE114Rl19bVePDG7IJLIiIiqi4MH2uMIgQErOptOEtUhQqtfASAiN2BqZVr0DxyEVLK7puAt6UNgcYmRO2FBXXDF0bmPa+G1TGcLt7wLRduVWKDMyKqMDu23Xcjnrmv0uMgIiKiYmD4WGOEiDWeiZqVDyOIaokQQKEZXrChEWGXG87ZaaihEIRlIappCLvciDiKE85ZloXhRZWPlf/37vak785N9cOtMHgkIiIiIqLiYvhYg1QJiFZXI1yiqidJAkYRusWbsgxfc+k6R44OjS6qdKyCwkeu+bgMuBUJSmX7GhERERERUR3ibUYNik29JqJcKDWSqqRe77Hy6SPXfKxvDB6JiIiIiKhUeKtRgyQBqBLjR6JcqGppCr11XS/q+RZ2ugaqZc1Hho/1yqUIBo9ERERERFQyvN2oUbxRJMqNqhbe8XqhYDAARVkeq1cwfKxPDkXwl1lERERERFRSjLBqlCoJSEXo4Eu0XEiSgFzEkMXv88FeYFfrbFW68vHzf/oZqKpa0TFQ8dllARuDRyIiIiIiKjGGjzVKAFB5z0iUE1UrTvXj7OwMHE4nRAl+ATA2Op5ia+XCx5vfuxM33vKeil2fSsMhC9hl/hAhIiIiIqLSY/hYwxRWrBDlpBjrPk5PX4bL5YYklebtc3xkcfhYycKYhpe+AAAgAElEQVTHG265rnIXp5JwKQI2Bo9ERERERFQmDB9rmCoBMqdeE2WtkHUfTdPEpalJuN0eyHLx148EgNf2vo7B02dTvFK59PHdgTMVn/ZNxeNRJa7xSEREREREZbU8OiXUMUUCDKPSoyCqDUIAQliwrNzCF13XcfnSFJqbW4reYMbn9eGN1/bj2KHjOHr4WNr9LMsqyTTvpbx18G187D+GYbPby35tKh5JCLgVAeaORERERERUbgwfa5wqCYQNViURZcMwDAAmgOwrF6ORCKanL6OpuQVKkZquRCIRaJoGAPj873yhKOcslfODQxg48S62X7u10kOhPMlCwMNFgomIiIiIqEI47brGKQJQOPWaKCt6NArLyv5tLxwOYXr6Epqamgvu9hwOhzA7M42Z6elE8AgAf/rVh7I6vpJTnw++caRi16bCqBKDRyIiIiIiqiyGj3VA5XeRKCuRiI5Yr/ilhYJBzExPo7GpBWpSWJgrn8+LifFR+LxeaJoNjU1N817v29iHb33/m1mcqXLh4+FfHZ+rGqVaokkCLoXBIxERERERVRZjqzqgyQISqx+JlmRkuURBIODH7OwMmppb5lUp5sNms6O5pQ2tbe2wOxyp97Hb8D+++bWCrlNKo8MT8M54Kz0MyoFdFnAyeCQiIiIioirA8LEOCAAav5NES7KyqHr0+33web1FCR4BQFXVrJrUtHe24/e/8Nm0r1e64/To8HhFr0/Zc8gCdpnBIxERERERVQdGVnVCZQtToixk/nfi83nh9/nQ3FKc4DFX111/LXbetKPs183G8PBYpYdASxCITbO2MXgkIiIiIqIqwvCxTsgitr4XEaWnqum7XHtnZxHw+9HS2gpVLX/wGPf+D+xO80plKx/HRyYren3KTBYCLlXwF1FERERERFR1GD7WEYaPRJnZbKk7Vs9MX0YwGEBrWzsUpbCu1oVa378eO258z6LtFZ51Dacr9XqVVHnxxjJc4pGIiIiIiKoRw8c6okicfk2UiWXO79hsmiampy/DAtDe0QFZTl8ZWU59G9el2FrZ9NHtdlX0+pRavLEM3/qJiIiIiKhaLd0FgWqKKgFRs9KjIKpOpnUlfDRNE7Mz01AUBW5PQwVHtVj/5o2VHsIiTrez0kOgJJIQcMj8hRMREREREVU/Vj7WGU0SkAVvRolSCYWiicd+vw92u6PqgkcAWNO7Bs2tzfO2VbrbtYvTrquGOjfNmsEjERERERHVAoaPdUjjd5VoET0ahWFcCfCcThfsjuoN1Kqp+nHnTddg27WbKz0MAmCTY8EjG1oTEREREVGtYExVhzRJQGL1I9E8kWgUyStNVMv6juls3n7VvOeVrHy852N3VezaFCMAOBUBB1NHIiIiIiKqMQwf65AQgI3fWaJ5dL3SI8jNxqsWVj5WJnxc0dWO9f29Fbk2xchCwKVK0DjNmoiIiIiIahAjqjplkwWUGq9+nI34Kj0Eooppa2/Fiu7OxPNKVT5OTU1jZnqmItemWCW7WxVQavvtnIiIiIiIljF2u65jmlx71V5D3hG8eOqvoOrHE9sU14fw6xv+Exo0dwVHRlR+m7ZswujwWOK5ZVkQefxSwbJMGGas07ckJAghZX2eaCSK1/a+gbs/cmfO16XCOGQBG6dZExERERFRjWPlYx3TpNrqhjrkHcFLJ/7zvOARAHT/0/jJkYcqNCqiyundsHC6c37Vj0JIUGQViqxCCAmmaSAcCSIaDcMwdJimmfHcb7x6MK/rUn4kIeBSJAaPRERERERUFxg+1jlbDYWPL737t5DhT/maap7FM6f+rcwjIqqsdet75j0vxtRrIQRkWYFNc0BRNQBANBpCOByErkdgzlVIJnvnxCDODV4o+Nq0NJsk4FYEVP50JiIiIiKiOsHbmzqnSLUTQMrRNzO+Pjn7eplGQlQdulZ2oW/DusTzYq/7KDAXRNqcsNmckCQ5ZfgIALPT3qJem+ZT5qodHYpAjbxlExERERERZYXh4zJgkwUEqvtudsg7svRO5kTpB0JUgOd++mrRz7n9um1XnpS46YwkyVAULeVrlWl3U/8EALscayrDakciIiIiIqpHvNVZBiQB2ORKjyKzlZ4uGHBm3EdSejK+TlSPNm/fnHhcqY7XACCzHK/oVEnArUqwc21HIiIiIiKqYwwflwmbLCDn0SW3nDTn7Rlf72q6qUwjoXqkKErJr+Gd9ePR7z1V1HP2ru/Bpi39AGJdqyvF6XZV7Nr1RhICTkXApQgwdyQiIiIionpX+rtxqgoCserHgF7pkaR389qP4pUTT6d8LSracXvvXWUeEdUTVZXx3NOv4ujR04tek2UJbrcTbo8Tbrdr7rMDzS2NWLm6M+trnBq4AF2PFnPYAICrtm7CyeMDRap8tGAYBmQ5t7d/lztzZTJlxyYJ2GSu60hERERERMsHw8dlRJMEDBkIG9W5ettKTxcMdWfKxjMed+aqSKKlKIqEtw4NYPDMcE7HudxOrFu/Cv1X9WLnDdugaqnfNo8dOYWZaT8MQ8eeX7yB3b92QzGGDQDYsGk9AMCCBcuyIAqqYo41mYlGw1AUFUJkVwDvcjF8LIQiYqEj13UkIiIiIqLlhuHjMmOXBQwT0Cu4dlwmO9d+AgffnR8+GnDi9r77KjQiqheRSBjhMOBwNKTdJ97p2bJMmKYB0zTh9wVw9PA7OHr4Hex94U3svHErrt2xGa1tTfOO3fP8G5AkGZIk48AvjxUcPvp9fhw9fAzHDh3H20dPXHnBsoAiLKGgqjZE9QgkIS1ZBdm/eT0rH/MUqzoXXNeRiIiIiIiWLYaPy4wAYFcE/FGrKrvXbmzZgIO224DwS4ltLc0PoEFzV3BUVOssy8LwhXFcvuTLuJ8kxTszyZBlNbHdNA0YRhST45fxsydfxs+efBn9V/WiZ91KAMCJ42dw8fw4bLZYQDc5PotXXvoVbr3tPVmPMRgM4/Sp8zh96jzeefsdDBw7nPprgVW03vWqokHXI9D1CBRFBdKc+cP33VmkKy4vqhQLHZk7EhERERHRcsbwcRlSRKwCMlil069vXfdJvHIiFj5GRTs+sGF+1eM7l07h4MUnENXHIQkXNnfdi2tXXFuJoVKN8Pt8eP7ZX+V9fLyiUVXtMAwdhhHBwIlBDJwYTLyuaY7E/rKi4Yl/+QU2b+1bVCGZLOAP4sTxMzj59hmcOH4GAX8QABAOXMp7rLlSFA26HkU0GoGq2ha9vvGqddhx49VlG089UCUBTYp9JiIiIiIiWu4YPi5TNlnAsICIWX0B5EpPF+ye30DI+2P0rfjdea+9OPgsxie+CQCI16UNnN+PgfHd+M3tf1LmkVItsCwLhw4M4OCBd4tyPllWIMsKLMtMNIC5UjEZI4SAotrww3/8Kf7wjz++6By/2n98UeAoSTJUxQYhBGaDMxm/nmJTFBWGkbpRzjsnzhT9evUqtq4jQ0ciIiIiIqJkDB+XMbssoFuAWYXrP97edx8ef+sUxt+YBFbHth0aPZQIHhcJ7cEzp9YtqpIk0nUdP3tycROjQgkhZVx6UVE0nD0zjOd++iruvPsWAMDhX53ASy/sx/mzIwBiQaaq2iHLSqLxi392rOhjzUbyNPOFwqEwbPbFVZEUowgBTY419SIiIiIiIqL5GD4uY5IAHDLg1ys9ksV+8fjP8cqTowCexnt3vxctrS14e+QJyBmOmZx+EgDDR5pvbHQKly9nXuuxVFTVjp//9DW8e+o8pi/NYmpyOjF9W5bVRV2rLdOA3zexxFnL/8uCYCDI8DEFea7SkaEjERERERFRelKlB0CVFW+IUG02b92ceLz/9f2xB9HjGY9RraVCG1qOhi5U7u+FJMlQNQdOv3Mely95YbO5YLO5oCjaouARAHyzY7DmOm6XgmHk95uGSKQKf0NRQbIQcMgCHlUweCQiIiIiIloCKx8J9rn1H6MVXP9xyDuCczNn4FTdaHd2oH9zPxoaGzA7M4s39r2Bbe+7GjICFRsf1a4L58cren1ZVmC3uxPTqtMxjAgCS1Y9FkaSJJimsWiNyqWEw+ESjai2SELAJgGaLIrWcZyIiIiIiKjeMXwkAIBTEfBHAb3M6z/ORnz42clvA6E9iW0nATgafhM33HwDnn/meVw4dwFnRpduFmKoO0s4UqpV1RASLRU8AsDspQvZnq2gcUSjIaiahFzis1Aokvc16wFDRyIiIiIiovxx2jUBiMUZTkVAytRBowSeOv6NecFjXHD2R9A3jySeDw4PZDyPASd2rv1E0cdHtc2yLFzMctp1vlOSiyHgm0QkXJ51KWVZgaGn7mydjh7Nbf96IYvYshQeRcDG4JGIiIiIiCgvDB8pQRKASynfDfah0UOQo+m7EMv6z9HZ3wUA8IbTdwCOSj3Yuf5/YGPLhqKPkWpbJBzG6PDlrPYt5VqLS13XNzua9f6F/n5AlmMF72YOX6+iLK8ieVUScCqxNR3tsij4z5yIiIiIiGg5W153lLQkWQAuRYJPN0t+rXOXjyy5z5rdFsYGgGAwCDQtfl12fggf3Pif0KC5SzBCqnWDZ4az7nRtVaCLNJBPk5nCkzBF0XIMH3NbI7IWSUJAlWKdq6uwBxcREREREVHNYvhIiyhSrALSr1euAU2c23YSQBNMc34YGpU344bez7DakTI6evh01vsu/DtWLsHApYpcN5emM3IdVz4qkoAmxaodmTkSEREREREVX/3eUVJBYtMOgUAJA8gGeydC3sz7yAhgxa5+NLVNAwCioh1bV38e1664tmTjovoQjUbw9rHzWe+vKGoJR5NaJOyr2HTvXNRb5aOAgCbH3ucUJo5EREREREQlxTUfKS1NEnCUcP7hjpW3ICr1LLnfyi1BhEJOTI3fgU/u/D6DR8rK7IwPI8PZVxVKkgLLKm/1o2Hk3kVaVGABwnpZ81ERsfe0BjX2mcEjERERERFR6TF8pIxscukCyAbNjRvW/RdERXvm/RznceR/Xcb0/kBJxkH16Z2TF3LaXwgByyrvUgNmjl2nYyoRPtZu5aOAgCYJuBUJbnWuazVDRyIiIiIiorJh+EhLsskCbrU0f1U2tmzAvVd/Cx3t/zltCBmbet2JS1OVWRuPatPQxclKD2FJkXB2zXCSVaTyUa2tysd44OhUBBq02GeFP+2IiIiIiIgqorbuKKliFAE0qBK8UavoXYEbNDdu770L6L0L71w6hbeGn0codAyqeTaxT8taAyf2zcI0TEgyUwRa2plTwzntb1kWTNPIqRFLISzTyCt8rIRaqHwUiHWrVtg8hoiIiIiIqKowfKSsSQJo0AQCOhA1SzM9dWPLhkQH6yHvCAYm38LZ0Tdgd16GZVm4dOkS2trbSnJtqh/RaASdXc04c3o062MsywTKOO06FJrJ+ZhKVD0C1dvtmoEjERERERFR9avOO0qqWgKASxEIGkDYKG1Qs9LThZWeLhyc7MAj//AIACASzr1BBy0vlmXh/OAwDv3qdE7HmYZeohGlFvDmMy28MvFaNVU+MnAkIiIiIiKqLQwfKS8OOXbTHypxAAnM77SrqmrJr0e1LRgI4F9//ApCwdyDasM0yvammF+n6xIMZAmSJEGWKxs+MnAkIiIiIiKqXQwfKW92WUASQEAvbQAZ8F/pcq1o/CtLme17+QgGc5huXSkudzt8s7mOs/yxm82ulf2akhBQBCALQBYCslSpmk8iIiIiIiIqFJMcKogmCUiqQNiwSrYOZCBwJXxk5SMt5eCBdws4unxrPtqdzTmHj5VY89Fmt5X8GnI8bJTmwkYmjURERERERHWD4SMVTBGAogiEjdg07GLHN8nho6aVvwqLaouQ8u+GbppGEUeSmazk83e5/Kmc3Vb8f3OKEFCkK6FjhfroEBERERERURkwfKSisckCihSrgowUsQpyYnwi8Tg5fHxx8FlcCpxBODKOrqabcHvvnUW7JtWuq69dj9Onhis9jJKoREhncxRW+SjNVTLGKhtjYSMREREREREtHwwfqahkATgVAcUEQgZgWoWHkOcGzwEAWlpbAACzER9+cuQhqObZ2DUBjE/sxz9N/jNu6PszbGzZUPA1qXat7e0q6HjTNCBJ1dPdeb4KVD467FntJ3BlyrSUNH2aWSMREREREdHylv/8RKIMNEnArQjYpMKiB8MwMHRhCADQt6FvUfCYTLUm8MaZv8ZsxFfQNam29V+1ptJDyIoeDVZ6CFmxp2g4IwsBTRJwyAIuRUKDKqFRk+BWBRxz/+4VBo9EREREREQEho9UQpIAHIqASxGQk+aLDnlHMOQdyeoc5wbPwZqrnly3YR1+duKRlMFjnGqexbGxw4UNnGpeV3dLpYewJEOP5HxMJRrOOOw22GUBpyLgUSU0aRI8auy5TRZQpdi/dSIiIiIiIqJUOO2aSk6VYgHFzwdfwcDw30O1Yms4RkU7VrY9gNt770p7bHzKNQDMrBgBwi8teb1x32kAtxQ8bqpdq9a0Y2T4Ul7HmoZelmnX4dBsya9RDG6nHXa2nyYiIiIiIqI8sfKRyuLpU8/gzND/lQgegdg06fGJb+KZU/+W9rgjh44AAJo2tUCP/Kjk46T60NraWOkhZBQJ+xD05xeOlluqaddERERERERE2WL4SCU3HfLh3Ng/pH195vJ38eLgs4u3T8/g2JFjAIAtd0xnfb21zdtzHyTVlf7Na/M+1kLxOrUvZBgRXJ44jcsTp/M8Q/krEJ1OR9mvSURERERERPWD4SOV3KsXXoEMf8Z9xie+iVOX35237bWXX4NlWdj4sQ44pItZXSsqb8a1K67Ne6xUHwrpeG2aZhFHckVXtxOTIycQCeffEKkCSz7C4cyu2zURERERERFRKgwfqeSmQ2NZ7ffGu19FxPBDnetesfeFvWjc2Iw1K7NrIGOoO3Hvtv+W9zipfjidtqqZLrxx02r89//5e7jxxv4inK0CDWccDB+JiIiIiIgof2w4QyW3vvVqHJ5Zer1GxZrAvx39Bj53/Vfw9ol3MTU5Bafmhs93F9q60q/h12DvRH/b1Vjpyb/ajepP96pWnHk3u67qySyrOJWPdruGD33kZvzaXTtj41lTm38/7XZbpYdARERERERENYzhI5Xcjd3X4sBgO5SkZjPpiMh+vHD2FQy8FJuCHRj24T9e/Zto6+yEbgK6BZhW6dbko/qxoX9VTuGjkGKF4MUKHyGAvvWdiacrujoz7JzlKSsw79rhYPhIRERERERE+eO0ayqLHb1/DAPOrPY9efFv8ObR2FTr9et70d21Apok4FQEPKqASxGwSQJSJRbAo5qxtmdFTvsLUdy3w1Awgsd++BJEOIgGVcL6Ve1FPX+5uFzZ/bslIiIiIiIiSoXhI5XFjd3X4kPbvgXJvhtRqSfjvjL8aLo6Fnjcdtuuea8JAKok4FAEGlQBtyLBLguoDCNpgcKazhhFGcOZ02N49pn9gGVCCIGm5oainLecVq/OLcQlIiIiIiIiSsZp11Q2axu78Hs7vrjkfl/6P7+OC28PQJZlvPfWmzLuq0iAktSEw7AEdMuCYQKGBRicor1stbY1ornZjcuXs+suXaopzc8+dxi3774a7e0taG1twvTl2bzOU4kp123tzehc0Vb26xIREREREVH9YOUjVZWJiSm8/fYAAODGG94Dp9OR0/GyAGxJU7QbVQmuuepIRYgK9AqmStrQvyrrfZOnXVsFh9YWdD0CAAgGI3jm2V8BAFpamwo8b3lt3bqh0kMgIiIiIiKiGsfwkarKmwcOJR7ftntXhj2zIwSgSoBdFnCrAo2aBI8qwakI2GUBTYqHkowla50kYt9LTRKwyQIOWeDGGzbldg5JBgBYBU67jkRC8wLMgXeGAABtrc0FnLX8f0evvrq/7NckIiIiIiKi+sJp11RVTp06AwCQZRnbt20uyTVkAcgpprBaEDDnpmqbFhIfhgVY4PTtSpAgIEQsdhMi9tuS+HNJAAICkog9TuXmG/rxzRyuF6t+LHy9R02bX7F7+vQYgsEgOjvzn8JciSVNr77mqvJflIiIiIiIiOoKw0eqKvHwsa+vB7Isl/XaAksHk+ZcEBn7DFhzn688Z0yZipj7byJIRPowMXl7vkKhECRJgs/ng8OhIRiMZHWcLCswjChMy8z/4mn84oWDaOtoKeAM5U0fm1sa0L2yo6zXJCIiIiIiovrD8JGqRjAYxOjoOABg/freea+dmxnB6cunMeJ9F1d37cLWtvKuRXclmIw/S7/n4lDSSjyPvwbMDy+vPK98eBn/6uINTsSC1+JhIZIei3mP54eMEOWOzYCBgfPwegPY/+a7WQePACBJsbfEwtd8XOzfH9+P3/rEzUU/b6ks5/Ueg5FZOLTcOpPncwwREREREdFywPCRqsbJgXcTjzesX5d4/OjR/4WZmacgww8AeHXmR9gj9WD3xi+UPYTMRjyIA7IJK1MdPRdIJgeWiY2FD05ceXjlcwUCwlL613//JU6dGsn5OCEEZFlBKZqkB4MRvHtmooAzlPc7tG378lzvcWBkL2RZwvqOW3M6LqIH8O7Yq9i2+oMlGhkREREREVFtYvhIVSM+5Rq4Uvn4ryceg2/mR1g4AVs1z2Lvyf8dq3Z8H012dxlHWR4pA8F6SgdLbFP/qjTho5VU1SgS1Z3JFMWGSDhQknEdPHg272PLvebjtdcuv/UeR6YH8Mrph/E7t/x7zsc2Olfg5f0Po6NxPTobNpZgdMVXigpfIioNy7Lq6t9sqp+/REREVL/Y7ZqqxsjIGADA4XCgq6sT52ZGMDn13bT7y/Dj6VP/Wq7hUQ1xu+yJx4ahQ4+GEZ370PUIdD2CSCQA01y8tqMkyZAVtSTjunTZj+bWrpKcu5gaGt1Yvab6x1k0voMIRmbx0sm/ho4Awrovr9PIisDPjnwZwcgs4DtY5EEWRzzAqKcQg4hqD9+LiIiIlhdWPlLV8Hlj06q7umJNLp468Y0l/4JO+4+UeFRUi3p6VyQey7ICyLm91amqfemd8mR3tgBTuU8JL2fp65Yt68t2rYqKjABaF+A7iEPetzCjxypTp/xn0N24PadTeUOxX56EMYXnj38D93StBdzXXblGhWR7Y88AgKj6GYYBSarduoF01Y4L339YFUlERIUwTZM/S6pQ7f4fDNUdry9WbeRyOvHL4UNQ9LcrPCKqVZ2dTZUeQlqmpUCz5b5UQDl/fm7bXhvThgtmeIELX4U/OISDF3+Y2Dww9nzOpxq8tC/x+KJ3P8b9o8DoP8TCxzJLVVGUvC3VBxFVN4fDAZ/Pl7Jiv1Zk+z7E9yYiIsqXaZrw+XxwOByVHgotwMpHqhrxykeny4kD5/8pq7+cLtu6pXeiZWdFZ0tRzvOhu3fgllu24ctf+UFOXbOX4nS3IRLOdWpv+dLH667bUrZrVZRjI7D6z/H8m38ERb3yu7izl15HWPfBpmQXEod1H44OP5F4LkkCz48ex8d3/VnRh7yUhTfrqW7es91GRNXD5XLB6/ViYmKiZv+9pqpCiW9L/poW7sfqFSIiypYQAg6HAx6Pp9JDoQUYPlLZPH3qGQzPHgUAdDdux4fW3zXvda8vFj7Ka+Wsqh4NOHH7uvuKP1CqCy0tbly6lN/afXHnz0+gZ20HPviBHfi3f79S2WaaRuIjdsNkQZZVKIqW1XltjkbIigZDL16gWSwutwM9vSsrPYyymfYP46JvYF74GNZ9eOnUX+HOq76U1TmODj+RmHYdN2NcwuDYm+jt3FnU8WaysHJoqcepnhNR9XK73XC7a7/JXqZwMZvHREREVHsYPlJZ/N2Br8MM7Uk8vxh8Ef/P+BP45HX/E012NyzLgt8fCx+ttqElz2fAifdt+jrWNi6jphiUk9YWT8HhYzAYBgDc/7Fb8dLeo5ia8gKINaWRpIU92HPjdLfDO7303/W4ct14LZv1HucMjv9qXvCY2D61D4NT+9DbenPG44dnjuDA+UcXbZckgaHpoyUPHzOFifHH6T6nO8dS1yAiSmepn1VCiEVVjpZlpQwk4/ulOoaIiIhqC8NHKrnvHfp/5wWPcap5Fj888hf43PVfgWEYAABntxsu9c2054pKPXA7tuL2dfcxeKSM1qxtx6l3R2CaOiQpv7e6QNJU6/vvuwV/+3fPFGt4cDib4ZsdhWUaRTtnMWzc2FPpIZSVQ/PAslKvqfnSqb9Cm6sPHntnymPDug97Tv1l2nNrirNYw8xKqjXTMj1OdQwRUSlkqmjMFEACSPkaERER1RaGj1RSvxw+hLD/6bSvi8h+vHD2Fby/51YAQM9tsS7DurIZANDk2g674sKqxvXY1LIBTfban25E5eF02AAUFqgMDV1KPL7ttu146eWjOHnyYsFjAwAhybA7GhH0X1p65zJq7yjOepm1YtPK2+CPTmAmfA5Dl9+CX59IvBbWfXjuxFfwsWu/lfLYPaf+ctF0a0U40d24DV2N23Ht6vItC5GqujFVM4dUz1Odh4ioWNKFivHgMd3z5P0ZQBIREdU2ho9UUu9OvbXkPieG/g7v77kVmqbh7X+eRPevPYA//MxvlWF0VM96e2LVarKsQtcjWa/HmMmf/NeP4b99+VFcuDBZ8LmAWOOZbMPHct10dXa2leU61eQ9PfcnHp+fPIjXznwHM5FzAIBJ/2kcOP8odqz5xLxjBqf24ezU64nnTrkNt234Y6xpu648g0b6wBFAoiOuaZoZO8tmqoRMdS0ionTS/ZxKVemY/HjhhyRJsCwLkiTNOy4eQDKIJCIiqj0MH6mkAuGxJfdRrAk8feoZqKqKSCSCaCRahpFRvXO57InHxbpJcTltePCPPoz/+tD3inI+RXVUXeOZjs7WSg+hota0XYc1bd/Bz499Hacv74EQwIHzj6Kn9Sa0ufoAXGlIE9ft3ok7Nv8JHFpD2ca5VPAYf57p8cLj0lVDEhHlKzlojH+OP5YkaV7guDCYNE0zEUTGtzGAJDMDr4kAACAASURBVCIiqk0MH6mk+tpuxqmLi9d7XOjs+D/DprXD7wcikeoJYrI1MPY8IoYf27o/Uumh0Byn05Z4HKt+DENRbBmOSO3UqYvYsGFV4vmRo4NFGV+czd6IgG9i6R1Rnpus9vblNe06nV/f+kX87LCJc969EALYd+Y7uGfbXwCIPQ7rsWZG65p249e3frGsY8sUDsYDxuTP8Y+F29NNwWb4SETFki58TA4cJUlKBI3xaseF21NhAElERFQ7GD5SSb2/51acGN0MRX87436KNYG2Wzbg0lPTNRU+hnUfnjr6RUz6TwMALFjY3v3RCo+KAKCvr3vecyFS37wsJRAIz3s+MJB9h+ps2BwNWYaPpdfQ4IKq8sdC3Aev+VP87DBw3rcXwzNHMDxzBB5bJwbGnwcAdLl2lD14TLaw6jFd8GgYxrwQMl0AyeYzRFRMqaZbpwoe4x/J7zvJwWNyAMmqRyIiotrEu0wquU9c8xU8evhLSwaQnb0DeAc2RKJ6mUaWnUn/aRwdfiLRWKK39eZEheO+M99JBI8AENH9FRkjLbawUkKW1aKc99Ilb1HOE6fZsmuiVI4brda25pJfo9Z88Jo/xWNvjmMqfAIHzj8Kjy22lmiDshY3rPoshoaGMD09ndh/5cqVaGpqKtv40q3hmBw6pvucrgIyfp6F1yEiyiRdY5n441TBoyzLic8Lq6/jgWQ8cEx3HSIiIqp+DB+p5JrsbvzhjX+FczMjeHP4VYx7j8KKHIOMwLz9bGIKbdduh/dyccOdQsQrG+NTLAFgeOYINNmF7sbtiQqoVI4MP44p/xls6/5IYq04Kp/4mnZFV4KbHs3mRiTsW3rHEuvqaq/0EKrSh67+Mv7lwO9jeOYInKEt8PjvgM3owd5zry3a99ixY7j++uvR29tbkrFk6lK9sLoxHjQu/MgUQMbPxbCRiAqVqrnMwuDRNM1E8CjL8rxjk8WPi+Paj0RERLWF4SOVzdrGLqxtvB9ArLPsdMiHk5dOYdI/iunQGIaGRuBZOYuh40s3qSmXs1Ovzwse4wbGfz6v4hEANMWF/o474A2N4bkTX0m8fnbqdXzsmm/BY+8sy5gpJhwOL71THrZsXotTp0aKes5qCR/XrVu19E7LkENrwFbP72Bg4DRkI1apqiN9hfbx48dLFj4ulKqL9cLQUdd1jH7nW5jd+yKsUKgs4yIiypaw29Hwvtux4jN/sPi1uYAx+ZciDBuJiIhqD8NHqpgmuxs3dl+beP6j44/jzaefAgD4fH643a5KDS2hu3F72teGZ47Me97bcjOGZ4/Ma0YBxKonveExho9lFAgE8MorR5beMQ/vv/0aPPGTXxb1nIpqz/h6uW60+tavLct1qlk0GsX0dGzt2enpaYyPj2N8fBwAICO7KfJ+vx/Hjh3D1q1bSzLGdJ2uk8PH5MrH0e98CzPP/awkYyEiKpQVCiXeo7o++4eLpmgnv7+x4zUREVFtYvhIVaOjoy3xeHx8cl746Pf7EQgE0NTUBFUtztp92fDYO7Gt+yM4OvzEotem/GfmPR8Yfz7lNGxNcaHVta5kY6T5AoEAnvv5Afz4X14vyfnb2xtxy67NePW1zGuY5kJRHUU7VyH6+lZXeggV89Of/hQ+X/GqT48fP46Ojg50dHQU7ZypLFynMXkqdbzycXbviyUdAxFRMczufREdv/u5ecGjaZopp1sTERFRbWH4SFWjPSl8HB0dh66HMT4+jqGh+d2Fb7nlFqxcubJs49q17rOI6P6M6ztmPL73s7Ap2VVMUWGi0Sie/8XBogaPqcLu3/gP7y1q+CgrGoQkwzKNNHuU/kbL4bSjo7O15NepVk6ns6jhIwDs378fd955Z9F+YZKuCUy6ysd4+Mip1kRUC6xQCIZhzAseM1U+Jo5jIElERFT1pKV3ISqPzo52tLe3YOeOrbhw4QwOHTq0KHgEgDfeeAPRaLSsY9u98Qu486ovQVNi1ZhT/sGsjtvW/RH0d95RyqFRkmPHz+CHP1rcBKQQmzevWbStvb0RN93UX9TrqBWufly7pqui1680l6v4yzz4/X4cOnSo6OcF0gePqQJIIqJaEW+GldwIa+EHsPiXMURERFTdGD5SVYitkXYEt71vJ3p6Mlc1RqNRvPjii2UPIHtbb8b91zyCVte6lE1okmmKC3de9SXsWvfZMo2OTNPEv/7blYpHyzIRDM4iGg3DTFtRmNlVm9JPQ962pSevc6YTjQbTvlaOio61Pd0lv0Y127BhA0IlqBAcHBxMrBlZiKVutBeGjsmPiYhqRar3sOTQMR2GkURERNWN4SNV3ODg/9/efcfHcdf5H3/NzFaterdkW7bl3uTuOHYU4yQEJ04jCSGQg8DBcbk7+N0BCUkIIRztfuS44zgCFw740dNMOVI4hzQ7dopL7MS9SbZVrd5Wqy0z8/tjtetdaXe16pL9eT4e69md+c53vmNZY81b3/l+K9m2bRuNjY1J79PW1jYuAWSao4Abl3yHNHv8cdxm5Kzj9mU/ZGbO5WPYMqHrOqdPX5gpXVFUHI40wMTrdeP1dqPrfiC5G5Tbbl3PVx/+SNztS5aM3GzGAb8nwSPXY6O0tH8Pz0tJVlYWNpttVOrevXv3qNQbEutx7MibdyGEmCwir13xhpoQQgghxOQjYz6KcRN6JDHWo9XJCAWQmzZtGtNJaOyWVG5c8iid3vP9ttksLnJdpWPWFnFBrH8DiqJgtTqwWGz4/V58Pg8KCharDU2zoiixf/8yu7SA227dkPB4eXkZZGe5aGl1D7vtiXo9jpXS2Zd2+AiwbNkytm/fTlZW1ojW63a7qaysZObM4QfW8W6+Ez16LYQQk0WiR65jkfEehRBCiMlBwkcxptxuN42NjRw/fpy2trZh1zdeAWSao4A0R8GYHU8k52//ZjP/9eM/91uvKCo2mxPTtBMI+AkEfPj9XiyWYAipqlpU+VOn+wfLffn9/hEJHgGMQOIevGNxYyXhIyxYsACPx8POnTuxWCw4nU5sNhsWy/D/q6ypqRmR8DFS3xvyROOjCSHEZDDQdSxy4hkhhBBCTB4SPopR5ff7aWhoCL9GInDsa7wCSDHxbNy4FEVV+MFjf0TT+j9CqygqVqsdq9WOrvvR9QBerxubzYmmRf/bqalppLg4L+6xzpwZOKCcLFwuJw6HfbybMSGsWLGCFStWUF1dzcmTJ8PXLY/Hg6qq4Ueznc7gBEGR6+IxDGPEZ9LuezMea7uEj0KIySbRtavvdU8CSCGEEGLykPBRjKo333yTurq6UT9OW1sb+/fvZ82aNaN+LDGxXb5uPl97+ASu1DxSUnNR+vRqDNE0a2/gGHuW6YrKuoThY3e3dySam6TRvcHKzEwb1fono6lTpzJ16tSodU1NTXR0dNDd3R0eo7a+vh6v98K/hZaWFgKBQLi3pNPpJDMzk7Vr145Ju6XnoxBiMpNrmBBCCHFxkvBRjKo5c+ZQVVU1Io8tDqSyspLi4mKKixPPli3GTyik8fv94bHoLBYLmhYMCO32ofe+MwyDnp4eXnvtbSyahe6uBro66nG6srE70rE7MwZV37lziSdAUtSRCwQtVkfC7SYGKCqYozN+X2ZW+qjUe7HJzc0lNzd3vJsRUzI9hYQQYqJL1JNbCCGEEJOXhI9iVE2ZMgVd18ckfATYv3+/hI8TiN/vx+124/d2EWg9iNp9Aq37JIq3FrQUTNWJr3dpak701OVY8tbhdDqx2+0JH6P3eDx4PB78fj+qqvL2W+/yzr5jHNh/DFXVUFUN0zTw9XTgcbegqBoOZwaOlCxs9tQB2z7QRB1Ll8wa9N9HPImCUacrG0dKNgHdh9/TjmmM/AzvWVmDC2bFxBV5ky4360KIySjyGibXMSGEEOLiIOGjGHVlZWUcOnRoTALIzs5OOjo6SE+Xnlzjye/301K9D6XpVSztu7B1n8BmJPmY8gnwpS2nO205ZKzCmn85drsdm82Grut4PB6qqup4fcc+3th5gKam+OOIKoqKxWLDYrFhGDre3iDSZk8lJTU3Yein6wP3bJw3t4jjJ2qTO68B2Oyp+LxdUZ/TMouwWHsfC/epKCkafk8Lhj6yAWRmljx2PVklmgE20faRYs8vIHfDFdiyo3uE+lqaaNr5Ot6Gi2dsVCHE6Bvo2iVhpBBCCDE5SfgoRl1ZWRn79u0b1fDR5/Ph8Xiw2WwSPI4zv99Py7EncZx+aMh1aJ370Tr3Q+3P4KjKMc8aurR5HK7J4p1DzVSdqx90naHekFis6LqP9pazoKhYrc5wT8hQ+HfDjeu5++NXD1jnJz5xLQ899HMC+sjdDGkWG2kZRf2CUZvNic8HOLPxe1oxdN+IHTMjXcLHi8FY3pTnbiin6JbbyN1QHrfMvC9B084d1P5hK007d4xZ24QQFxcJHIUQQojJT8JHMSY2b97MU089RUFBAaqqDnp/wzDw+YJhi8fjAaCnpwfDMDBNk7y8PJYsWcLy5ctHtN1i8DqrXhpW8Lj9WBFHarJo6HTS2OGgsTM0IUxt72u4FDTNgqZZMAwdXffS7e4JTumiKCgo2G2Jx2AMmVGSz7o1hTz/wm7sjnRs9tS4E9wMRNUspGdNw+nKjlvmQgCZNaIBZFa2PHZ9MRqtG/Yl3/k38q7clFTZ3A3l5G4op3H7Kxy87/Oj0h4hxMVFwkYhhBDi4iPhoxgTU6ZM4cYbb2Tbtm243e6kekEGAgH8/uDjpcXFxSiKQn5+Pna7nYyMDDIzMykqKsLhSC4oEmND6TyKYk3H9HcMet8fvbyI144VjUKrYlNVDZX+YeFgbnxsNnt4XEkAS29PSovNgabZkhpfEiAjuyTJ4znx+5VgANnTjhHoSbqt8WTJhDMiSeufexF7Xv6g98u7chPrn3uRXVvePwqtEkIIIYQQQkxkEj6KMTNr1izuueceACoqKhKWlVBx8rJ7DmE4C9EHGT6OdfCYSENDy4BlPB5PxIzdwXElTdPAMHR6PK2YbgOzd3ZqzWILB5GKqmGxOlBV7cJ4joNk7d0fIOBV0f3dQ6oHwOGwU1g4MWdwFhPL2id+N6TgMcSel8/aJ37H23feOoKtEkIIIYQQQkx0Ej6KcTFr1sjNFCwmFkNLRXEWobjPYerJ9crbU5E/YYJHgKam1rjbAoEAO1/fw7b/3dVb9sKEN4qiomnRfSkNQ8c0zeDj3V0ewIyaSVtRNTTNRk7B3EG1UdOs2GyhOiwEvIPvaQpwx53XUTp7+pD2FZeOxd96FNes0mHX45pVyuJvPcqhB+8dgVZNXOkLF+Esnkbbu/sv+kl3tBQX2WvXEejsoHXv7vFuTlKyVq3BkpZOy9tvone7E5adjOcnhBBCCDHRSPgohBhRqj0P9C5U1wz0jmNJ7fOLnYML3sbTq6+8xXcf/XnS5dXIMSD7POFtGDoApqkT8HsG3RNS06zY7So+FBTVgt8zcI/NSPMXzOLOj1w/qH3EpSd3Qzn5V13Tb7274jTHH/020++8i9zyjVHbmna8xrknfs28ex/oF1rmX3UNuRvKBz0JTfGtH6LoxptR+gzb0XHoIMe+/fVB1TXaim65jcIPXM/Zn/+Uyp8+Pt7NGVXpCxcx9wv34e9oZ/dHbo/aNuWGmym+5Vaadu7gzM/+O6n6hrLPYM24+69JW7CI49/5Jue3/Zm5X7yf1DlzOfuLn9H8xs6osonOTwghhBBCJGfwM38IIUQCtuLNAKgpxajOwgHLH6nJiphUZmLz+Xy88vJbI1ZfaAZuTbOgB7xDrsNmTwk+1p2Sg6Ikf1n/6F/dMKRjiktL0S239VvnrjjNoQfvo+2dvRz+yv20vbM3vC1y3aEH78NdcTqpOgdiz8nFNbMUZ1Fx1MuWk9ywAat/+QTrn3uRrFVrBn3sIVEUFG1oE1BNRrEm20qdPYe0BYtIX7go6XqGss9QKKoSbnP6oiWkL1hEaunsBOUvna+lEEIIIcRIk56PQogRZclZhd6+Cb3hFbSMRSi2HIzuakx/e8zyJbmd4ceQVVWB4LzT46unnqbK17HllGG327Hb7Xg8Hh79zk/Z/05yvTkHK+Dvxu7MHNK+qqphd7jw+TyQkk2gp2PAmbBv+eDVrF69ZEjHE5cOx5QicjeU91t//NFv464Mhop6Tw+Hvvwlyr73GACHvvwl9J7gkAvuymDvyBU/+knU/rkbynFMKaKnbnAz2Jt6gKonfkPFj3846HNRbfZB7yOG5+S/P8rJf3901PcZrr2f+OiYHk8IIYQQ4lIj4aMQYsTZZ92F356Nr+Z5VGchqrMQ0/Bj+tsx/R3Bl68VTAOXPcA/vv9dnnp7GueaUsJ1qGqoB5+C0vteVVRAidg2OqpqO7G+exeGlkpn2kpqLMv4zTYfb7x1atSOqQcSh4UDURQVmy0Fn09BcWTi93bEnQl70eLZfOaeDw/reOLSECt4BJh+5110HjkUDhl9Lc3hcRx9Lc1RZafedkfcuqufeXLE2jr/y18lb+Mm3JUVpC9cjGqx0LL7LQ7e/0VW/exXuGYGxxpe/tiPad3zNu/d93kWPPQIueUbUa1WAl1dVD3xayp/8l/Mf+BhcjeU0/zmTvLedzVGTw/H/uUbFG6+PmZ5gPkPfIXC67agWm3oPZ647Vz+g8dJmTkLRdOwZWVjeL2c+80vqXj8MUr+6m6Kb7sDe14+iqZheL1U/+5pTv3Hd8m5fANz/vGLpEwvAUUh4HZz7tc/p/HVl1nw0COkL1oCioLh81L3/LOkzVuALSuLQw/ei5biYuEj30BLcXHy3/4vdc/9idW/fAJLahoH7/s8RTfdwpQbbkJzpmDqOs1v7uLwVx4gbe48Fjz8z3hqarCkOElftIS6F56j4aVt4bYYfh8oKoGurn7nuvbJ35MyvYS65//EsW9+jZmf+lum3XkXltRUME08NdUc++bXaI3oOdt3n3hf16qnnmD+g1/B19jIO3/3afRuN7P+5u+Y9pG7qP/z8zinTid90WIsKcH/V9yVFRz95tfoOPReVBsLN29h3n0PYPj9nPrP71H37B+j/q4TnZ8QQgghhEiO9sgjjzwy3o0QQlx8tPQ5WLJXYPi7MXrOoyigWFJQbVnBQNI1A8Weg2JxMT23h81LzrFx4Xmm5Xpw2nScVp3GDhumaWIaBqYRnEnaMALouh/DCIQ/m5gYpoFhGoAS3Mc0AVCUwfek9Osqt6+pYPvRXH79koNnXmzj9Nm2gXccBtM0sDnSh/Von6IoWCzW4HvViqKoGIY/qozTaednv/j2sNoqxl/o33fo37ppBicyCr10XQ+/up/9w5CPk3P5BrJWruq3PqVkBplly2h+cxe6Jxi0BTo6CHRET3y0+FuPxhwvEsBTW9NvfL1EslauJqNsOYoC2WsuI2/jJjKXr6SntgZ/ezu55RvJXLoMTJO65/6EarOROmce3vpaGre/SvrCxZgBP6f/6wc0vvoyeRuvouimW2ja8SoH7/1HMpetIHvtZbgrKzADfnLWX0Hq3Pm0v3eA5jd3YklNi1s+f9PVTL39TrqOHePsL36GLScPe24e7e8eoHXfnqjzmHLdDbhKZ9O2bzfVW58ifcEiXKWzaT90ENVqxZqeQe3//J7mXa8Ht82cRefRI0y7405S586n8vHHqPjRf6J3d9O2dw+FW24kZ305NX/YytF/fphAZycdhw9iy8klbe48Oo8dw56XR8669SiaSk99PZgmUzbfgKemCm99PSUf/yQ95+s5eP8X0FJSyF1/BarVSt2zf6Tg6mvJWrESU9dpen07zW/uZOYnPo2jcApVT/6ajkMHSZ+/gIDbTc3Wp6LOVVFVMpeWYXi9dJ+ppPSez6L3eHj3n/6B1n178DU10fDKS5h+f8x96l94Lu7Xtf3APuy5ebhmleKprsJ9+hTT7vwotuwcqn77K+x5+XSdOEb1009gmgaZy1agYNK0cwdTrrsBe34+zbt20rpvD7bcPNLmzqe7soKOo0dY+PDXkzo/MfJSbrwFTdOwWCxomoamaaiqGl4qihJehv5/77sUQgghxMQjPR+FEKNGdU7BMfdvMLpO46t+AaNtf3iboigotgywZYArONvy1Owuiqe1s9nfjumvxgx0U9/u4Hybg4oGF11eK5WNLrq9Gk2ddpo6e6d7jpg9Wic6bBuqZ3aXsnXP2M7Krge8qJp12PVYrQ5U1YIfBVWzcdnqWezYvofS0mn82388MAItFQIyV6yi7HuPcejBe/FUV/Xbnih4BHAUFAz6mIqqkr6kDHona/I2NtL46st0nzsLgN7tpuLxH1L/5+eY/+Wv4iqdg7NoKnXP/YnZn/0nTMPAffoUrXt3U/KxT4Ch07xrJ56aajqPHyVt7jzSFyzCU1sDpkH7ewc48Ll7AFj2/R/FLZ9RFgzHzv/lf6n5/TOkLVhI2vwFcc/D19xE1ZO/pXXvbjKWLiN3QznpCxZS/cyTNG5/ley169AcDjw11TiKisKT7Kg2G9mXXU7X6VOc/uH3Aci76hoUTSNz6TLa3ztA5X8He2K6ZsxCKd8Ybofu6cYMBLDnF5BSMgMtxYm7soKsVavRHE6admyn/d0D2HPzyF67jsxlKwAwvD3onm4qf/rjYBh57Wac06bjrjjN6R/+J1mr1lB43ZaY5+muOB3uHRtiy8piynVbqH7mSc5v+3NS+8T7unYcPUJG2XIyli6j8+gRXDNL8VRV0fT6dppe3076wkWklMzEfeoUOevWQ4xe896G83jr6zD1AAC5V5QnfX5CCCGEECI5Ej4KIUadmlqKY/5nMdxV6K378LcexvScQ+nTK0+xpqJYU4FiAEwjQHFWO0X+dpbNbcf0nQczELVPV4+F0+dTw+8rGoPvu70alY2u4HufFvVI90AcNn3Mg0eAFKeCYrHi8w0/QNU0C6rDhc/Xw4MPfYYHH/rMCLRQiD56e2CO2eEC/iGP+diXoqrhx5EXPvINAAxfn+EPIn6xkai8oqpgGkN6NFf3dKNYLNiysplyw82U3vMPWDOzMLw9KBYr/vZgr+uq3/4ae24+mStWkbVyNR2HD3L0G49Qs/UpUqZNJ3PFKhZ97VvM/OvPcPJ7/0rniWMEut2kTAv+csff0Y6/rY2U6dPR3cF2dh47SsbSMlCU8Ln629sxvF4saWkXGmmamIFA77lqKKqC4Y09rEM8HUcOU/30E0y/6+MUf/B2ptxwE/UvPDesmcrb9u9jypYbyViylO4zldiys2l+6w20FBeLvv5tci67HCMQANNEcziSqnOo5yeEEEIIIeKT8FEIMWZU1zRU1zSsU2/G9LWgN+1Bbz+E3l0NMSakUVQLij0H7DnhdWagC9PXiuFrw/S1kurwU1Zy4ZHo9fOa4h4/1IuyvsNBQ3vwRtQ0TY7UZOBy6MzIdZNq9+N0qPy/HfNH8MyTE/D3ULZkGucb2mhoaEPXjYF3SkBRVOz2FA4erGTJkpkj1Eohglr37ubwV+7H19ISc/uhB+9N2Pux5/z50WzegEzDQPd0c+K736Hu2T9GbSvc3L+nW6Lyy3/w+JDbYcvKwgz48dTVUnDNtag2G8e++Qh1zz8bHB9yRvB7t/Wdvey5+yNkrVjFjE//LZnLVjDjk5/m8Fce4MDn7sE1cxYzP30PeVe+j5KPf5J3/+mz+FtbcRQUAtBddRZfczPZ69bjKp2Dv70d9+mTZCxeEgyRe3sFak4nisVCoLNzyOcUz7nf/opzv/0Vxbd9iJK77qbg2s10njxOzdanh1Rf8xs78VRX45w2jayVqzECAdre2UvuFeVkLltBy+63OPTlL5F35fuYd5/0+hZCCCGEGC8SPgohxoViy8ZSdC2WomsBMP2d6B1HMTpPYbjPYnjqINC/F5FiSUWxpKKmTAvuF3Bj9gaRhq8VjPgTtxRm9FCY0UPZAG17ZnfpkM9rOFpbWtA0laIp2RTkZ1Jb10JDw/DHmjSM4YWY4tLla4kd5jduf5XDDz+A0ZO4d1iiANJ9+uTgG6QoWDMzo8JBvaeHlrffTG53VUVzOgHoPH6MzOUryV57GQ0v/4XcK8pJX7CIih//KOa+icq7z54hc8UqctZvwNvYQMai3pnk40yOZXG5yCxbjpaSQvqCxfiam4N/H9dcC4qK6nBSdOMt4YlpNKeTGXd/Cn9XBzVbnyZz314yFi9BczqZevuH0ZxOqrc+TfOuHWSvWYvmdKJ3u/HUVJG5bCWmadC963X8rS1oDgcp06bTdfI4HUcOk7ZwEQX6ZrJWrcGeX0DO+iuwpqXTeOpEzLZ3n63E396Oa2Ypee+7mowlS7FmZKC73WgpLvRud8z9UqaXUPzB22na8Rr1LzxP7vpyslauxuJMvld6LO0H3yV1zhwylpbRU1dLw8t/oeDazcG/fpsNW1YWeRs3oTqcaL3HMg0DFAXV3n8G9KGenxBCCCGEiE/CRyHEhKBY07DkrIGcNQAcOXyCIwffo/bsKaxmJ7MKfSya5ibbFR12KBYXisUFKcVogBnoDoaR/tbgUh/8o3MbF9T2PnZtYhjmqM+uHYumqUybmktOThrV1U10dsafPXcgbrc8PiiGpmnn68z7Uv/1VU/+pl/wuPhbjwKEZ70Oqd76VMzwsWnn64NqS8DdBYpK8a0fovjWD4XXdxw5TOOrL/Urb/h8YJoo1uA4qt3nzpJXvpGl//ofNL76MhWPP0bWipUUXH0tBdd8AEwTd2UFja+9EvP49S88G7d8zdanyCxbHtx29bW4KyvQu92klJTErEux2pjxyU+jWCz4O9o599PHg+fx2iukL1zMvPsexPB56Th8iNS584PjSi5bTubylcy798HgTNF1tdT8fisF115H/lXXUPr3/wcAf2srtX/8PQDtB98je806TEPHXVmBr7kJU9exZmbhPnsGgJqtT5M2Zx6F121h/bPbwDTpOHyQ6qefiNn2jiOHqf/z80z/6MdY8i//SqCri+6zweVS+wAADy9JREFUZ7Hl5pK1ajVNO16LuZ9z2nTyNl3NtA9/FBQF0zBo3f0W1b97Jmb5ePp+XVv37qZw8/VYs7JpePVlAJpe38GULTeTvXoN6373LJ6aajzVVaSWzsaeX0D7wXfJXL6CuV+8H0d+9NijQz0/IYQQQggRn2KaYzxgkxBCJGAYBn/6n5d4+aW3OXnibNS2smXzuP6aBaxbbCHQdRrTUwee2oT1mbon3DMyGEYmF+JtO1jIj/7SvwekoqjBmbv7zEqtKiow/Jk2P/fhbGq759Duz41a39zcQVV105Aexb75psv48B1XDrttYvxEzm4Nwe8T0zTRdT08u7Xf7ycQCOD3+/H5fHi9Xnw+H02f/tiwjr30u98nd0N51Dp3xWkOPXgf7srTQPTkMg0v/yUcQLpmlrL4W9/BNSv6e6lp5w7e+8LnhtWukZK1ag22nBy6ThzHXVkx5PJaiovstesIdHbQunc39vwCAl1d/XrKhR6lPvatf0bRNFr37Y0q45o5i9TZc+k6dQJ3ZUVUPa6Zs0idO49AVxfNuy6Et/b8AjLLlmMEArS8/eaQeueF6vY1N9O6d/eA5dMXLsJZPI22d/fjbThPyvSS8MQ/iWStWoM9L5/us5V0HDk86HYORs76KwBo3vU6WooLS2oq3obkHvcf6vmJ4cn9719is9mw2+3YbDasVisWiwWr1Ro183Vo1muQ2a6FEEKIyUDCRyHEhPLittf5wfd/G3fSlaKiPO69/1MsWBAMMwxPLUbHCQKdpzC6KqCnPmH9pu7tDSJDYWR33LL17Q7+Z28xh2vSBzVhzXD88fO7AOgKZFHbPZsazxxqPXNwBzLQdYMzZ8/T1ja4YOHmm9by4Ts2jkZzxRgZz/Axd0M5S7/7/X7r3RWnOf7ot5l62x39ejY2vPwXqrc+xbx7H+gXPAK894XP0bRzx7DaNVmFwscjjzyUVMgnxKVEwkchhBDi4iSPXQshJpRdO99JONtzbW0jr778Zjh8VJ1FqM4iLAXBcC3Q8g6BlgMYnSfA29Bvf0WzozgLwRmchME0fBeCSF8rZuBCsFeY0cNnrjod/lzXFpyoprPHQmXvrNoAlY0uur3RPSGHIsWuh9+nWlqZm76Huel7AGjz5VPrmcPsjDkcOJdPZVV30r0gfT4/7e29E/qYenDGcDOAEfCjBzyYRgDF1DENP4pigBEAdDACKIqBLXcNTqcTi0X+y7gUNe3cQeP2V8i7clPUetesUlb86Ccx98m/6pq4E800bn/lkg0eQwyvV8YOFEIIIYQQlwzp+SiEmDBaW9r42F334/cHEpYrKZnC4z/5+oD16W3vEWg5QKD9OIq3Lqk2mIa/TxjZf9KbMaNoKJYUFC0FLK7e9y6wpNDlddDpUTD0AJoKmgqqagaXSnCeC001UVWwaCqaagImCoO/5OtKCn77DNQpW8gsGPtZwMX49nwMWf/ci9jz8odVh7exgV1b3j8i7RFCXHyk56MQQghxcZJuLEKICaOj0z1g8AjQ0NCSVH1a5lK0zKXYAcN9Br3lHfxtR/C1VWCzxt5HUa0ojnxwBEMW0whg+tuDPSID7uDs2gF3sPfgSFPtqLZMlNDLkhq3aJrDR5oj2Yr1gYskoJndaD1HMM6cosNzE+kzNg+rPjE57dryftY+8buYj1Enw11xmrfvvHWEWyWEEEIIIYSY6CR8FEJMGE6Hg6zsdFpbOhKWmzGzOO62UL++yD7dJkDKDNSUGdimfpBv3vcwWepZSotMSgoVpuarpDpj95hQVAuKPQfsOdHHMXz9A0kjAKYf0wgMHE6qtvBM3Yo1PRg2as7E+yRgmgboPcHZvXUPpuGLW1ZRNNAcoFjA8GIa3ui/MEVFUe2g2S8sFQ3V9GE27wAJHy9Zb995a9TkMsmKnIRGCCGEEEIIcWmR8FEI0Y9JMIsyB3hP321cyLAulDUvlO27vc9nMrKZNX82+954J2H7ps+fy5nu0GOoEfsnKbe0jG2/q+WliMPMmaqzYJrB7GKTkkKV4nwNVYlfq6LaUGw2sGXFLRMOIY0AphlAUS2gWEG1oijqIFocqs+H6e8KhouhkFHvCc7gnSBsHDGqDX/uVXi8Znheb0W5MMe3Aigo0euU0PrelxJZts/2GO/F0I3WI4iHHryX3A3lFN1yW79ZsPtq2rmD2j9sveTHeBRCJE8enxZCCCEuPhI+CjGJGb3Bn2GCQTCIi700Y6+PqCNy23gOBLvyirVUHK+ktbk15vaZc2eyeHUZxjAaubp8LWdOVHD84PHwupPVGierg5PG5Bflc/PHbmPNIjvW7pNo3Wew9tRiDTQN6jiKagEsoA0+SDNNHdPfEX7h7wgGjuPJ8NFTcD2+hJ06R+5fTyiEVLkQRqqhZZ9twaUSZ31wqUbUcTEayxv2pp07aNq5A8eUInI3lJMyYyaOggIAes6fp/tMJU07d9BTVztmbRJCXJwkjBRCCCEmPwkfhRgHobAwKjTss84wzXAg2DdcjAwdLzbL1q3ANE1e/MP/cvbkmahti1Yu5tpbr6N0wexhHaOopJjNH9oCisLx945FbcsrzGPz7VtYdtlyfIAvbWHUdlvnkWEFkomYgS6MniZMbxOmv33E6h0pXQu+ja9wy5gdLzIUTy7TTO4bIjKE7BtKhj/3BpmR62KVG2/xbsrHagKGnrpaqp95clSPIYS4dAx07ZIgUgghhJicJHwUYoSYgG7Gepkx14v4ll++kvyiAqoqztFY34CqahROm0JJaQm5hXkjcoy5S+ZTPGMqR/YfprGugUBAJzsvm7mL55FfVBB3P1/awriBpMVzBs3bCKaOYhoo6ICBYhoQ+mwaKBh0dBkYhoFLa0YLNAYDR907Iuc2GtxzHsI79c7xbsaICIX2ib8PB/4m1ZRYLyXm+rG6XVYURWZ+FUJMapHXMLmOCSGEEBcHCR+FSEIgRngYiBEqXow9EcdL8YypFM+YOqrHcKWlsrp87bDriRVIxrP/jT2888Zezp06R2N9EzZ7EfOXbmTZmiWs23QZmEZveBkMKkGH3vfBdcFAM1Rm92u7eO25l1AVM9gjTzV735sR72HFujLWXLmmNwjVe+vtc6ze9eEyoeOi0zPjU8P+e7rYxP5FQv+LgBojjLT0CSktvcuhineTLjfuQojJJN51TK5lQgghxOQm4aMQfegmeA3wGeAzzN7leLdKXAzefXsfzz3xLHVVdeF1Pq+f9/Yc5uC+I7i7/Vx10weA5EdOrOk4zqnzGQOW00qms6zg+qE0WwyT0fuLCX/U2v5fYZsaeinYe98PNpAM3aRHvoQQYrKQa5gQQghxcZLwUVzy/EYobDTDoaM8Fi1GWktDE68++3JU8BjJNEzefOVNZi+cR8mcmUnXm5qellS59Mz0pOsU4+PCLzqCFyBNIRxC2pTg0hKaLVxRMHunek/UU0hu3IUQk0mia1fkOrm2CSGEEJOLOt4NEGK8tflNGrwmbX7w6BI8itFx9tQZThw6mbBM7dlajhw4NKh6i2dMx5HiSFjGZrdSunDOoOoV4083oVuHNj+c95p0BKIvTn1v0GP1GJIbdCHEZDLQdUyua0IIIcTkJOGjuOTZhzPQmhBJaqitT6rc+arkyoXMXTKPDe8vT1hm1RVrWLpm2aDqFROPXY1/0x3rZl1VVVRV/psXQkweoetWsr9IkSBSCCGEmBzksWtxyUvVwO5U+o3xKD0gxUjStOQut8oQwqKrb3o/AK88+xKGfmGAUqvNyprytZRf975B1ynGl0UBa8QYkNbex65j6XvzHQoeQ0shhJgsIq9dsa5tQgghhJicJHwUlzxVAXvv2GoQ/MHWMHvHXzPB3xtI+o3grNdCDEVRSXIzd5fMnjHoutOzMvjg3bezdPUyjh88SmtTK2kZacyYO5OytcsHXZ8YW5beYNEaChp7x3hUo+6zL4zxGEvf3o7S81EIMRnFuoYl86i1BJNCCCHExCbhoxAxqAo4NAiOpBf8gdYk2Buy/8uMuV6ISFNnTads7TLefftA3DKz5s1iXtmCIR9j9qI5zF4kYztOBArB64jW76XEWBe6ygyi/t4JZ+KNjxa6adc0bTROTwghRoWmaQkfvQ6FjBI2CiGEEJOLhI9CJEkh2EPJ0u/n3f4/AOtmsPdkOIwk9PlCUBm5XbLKi196ZjofuP16ujq6OH30VL/trjQXV15/FVOmFY1D60QyVKIDRTUiUAy/J3r7SIqc4Tryc6Lg0TRNFIcDs6dnZBsjhBAjTHE40DQtYQAJsYeaEEIIIcTEJuGjEKMgFD5Y+23p/wOySTCIDC0NEwzA7F1e+GyGP4f3iSgTWY+YmEpmz+CWu2/jvbff5eTh49RX15HiSmHRiiUsv3wF85YOvdejiC3UA1EFlMhln3WqosQsq/aWDW2baLe4kYFkKHg0DCMqfEy/chPt214Y55YKIURi6VduigofY439KEGjEEIIMTkpZqJBpIQQk07fIDIUZPYNOU0uBJpmgrJmjHVCjJTIUE8JhXwR7yMDwwvblKj91Bhl1Yi6Lyah/7JDS8Mwgt/HhhF+6boe9QoEAtQ//hgd21+RHpBCiAlHcThIv3IThZ/5eywWSziA7NsLsu9EWvIIthBCCDF5SPgohBiUUBgZfs+FcDJ0MRnwc586gmXM6O0R+9JnX8w+nyOWsbb1e9/nqtf3IhjzojiKwasS/iPG+kSfldjblMilEmNdxLZ+62OtI+Imr0+56DIR72PUFbVPn/1FcvqGj6Zp9gsf44WQoVdoW2RwGaonsk4hhBiOvo9KR/ZkDPXODi1jvSJDx1iTz0j4KIQQQkwe8ti1EGJQIkOmqJUjUrMQIpHIcR77jv/Yd2brvttDZXRdR1XVfsFjZPm+4aOEkUKIgSQai7HvuLSxAsjIZazQMVbdEjwKIYQQk4OEj0IIIcQkFXnjHTn5TKzHEhVFCY8HGSt4TBQ+CiHEYMULH/sGkJGvWJPN9N1fCCGEEJOPhI9CCCHEJBTZCxKImmwmtIwsG1ofr8dj36UQQgxXrEekYwWQfYPIWNult6MQQggxeUn4KIQQQkwifR+5jhQZPMabBTsUPgISPgohRlW88BGIChUTvR+obiGEEEJMfDLhjBBCCDEJxZt8BgiHi7EerU40uUy8HwnkRwUhxEDihYGxHr+OfB/rkWwgavgImWRGCCGEmNz+P8Xtzo7g0pawAAAAAElFTkSuQmCC
----[INFO]----Unable to locate elementPatient Module
----[FAIL]----Element 'Patient Module is not present
----[FAIL]----Element 'Patient Module is not present
data:image/png;base64,iVBORw0KGgoAAAANSUhEUgAABR8AAAJmCAYAAADVS/dbAAAAAXNSR0IArs4c6QAAIABJREFUeJzs3Xl4lOW9//EPkH0SlgATkCVkoUQYIkohGCuWoKCnINLaH6Di8YALVY+gBa1iqhb3pbgcW2Q7FlCwrUWFUwVMUNRAWATDgEGTDIlEyYBBSIaBrL8/spBlZjJZJjOB9+u6vGqeeZbv8zxjox/u7313qqysrBQAAAAAAAAAtLHO3i4AAAAAAAAAwPmJ8BEAAAAAAACARxA+AgAAAAAAAPAIwkcAAAAAAAAAHkH4CAAAAAAAAMAj/LxdAC48JRWVCujcydtlnBcyzAcabYsw9laE0eiFagDPKbbZlGM5LJvNpmyLRZIUExUlg8Gg6KhBCjUYvFwhAAAAAMARwke0q7RvT2jdoVNKio/QlIFBIoJsnmKbTVtSt2pLSmptAONIqMGg+OEmJSYk6PKE0U0GMwsWPuowyHTkLy//WTFRUW7tu2BhssvPp06epMQxCQ4/W7J8hbIth926zgtPLaq+nvv3IZ0Lr0JDDYo3mRRvGubWvWWYzU3eW4140zC98NST9bZNnDK12ce6ez1JmnP7LMVERTXreTiq0xlPndeRLalbtf6DDS6/75IUYTQqcUyCrkka5/b3EwAAAADgeYSPaBe5P9q17JM8bTYf05iRA/RB3hltt5ZoysAgJRoDvF1eh5C2I10vvfqaim22JvctttmUtiNdaTvSFWow6N2317RZHVtSUhVz+2y39s0wm11+nmOxKH64yWE4mm2xNCtIbIm6gVbajnRJVYHk1Osn65qkcR69dnM19SzrsrnxHfF12RaLXnrltSZDxxoFVqvWf7BB6z/YoFumT9PMGdM9XCEAAAAAwB3M+QiPKq+o1JLUXP32f/Zos/lYvc+OnanQ8m9O6yVzsbJOlXmpwo5hc0qqnnjmWbeCx4ZacowrW1K3ttm5im02rVm7rs3O1xayLRa9+MqrWrAwuc2fHdyTbbHowYXJbgePAAAAAADfRfgIj9mwr0BTX92tlZ9953K/Az+V6emMYq3OtutUaWU7VddxFFiteunV1zx6jea0qdaMqmwr6zds9MmQKcNs1t3zHmhVAGkICXH4bKOjBjV5bHTUoBa1D0dHDZKheiRpTFSUDCEhbX4tT523xkuvuDfCFwAAAADg+zpVVlaS9qBN7c09qWWf5Gn34ZMOPx8zcoCKu3dz+Flgl066YWCQJvYL9GSJHcrjTz+j7ek7nX4ebxqmeJNJBVarCqxWh63Km95f79a1br3jLhVYrU3ud03SOM2fe1+T+2VbLLLZbE3OVxhvMtXO21hXsc2mJctXOBxtaQgJ0arlSx22bLuakzDeNKz2749arbJajzncr0ZMVJT+8vKfHX7mau7HqZMnaU4T7enO5n68PGG0Hn/kYYefubq3d99e4/B5rF67TmvWvePwmMce/oPTeTeb4onzbk5JdRm2R0cN0iUmk6Sq71d2jkW206fr7UPbNQAAAAD4DuZ8RJs5VlSipZ/k6f0vj7b4HGfLK/WOxa40a4luGBikS3v6t2GFHdN+J0GTISRELzz9ZKORZc1ddKVGtsXiVvAoyWUYWpe7o94yzGZtTknVhPFJ9baHGgxOV+6OiY5q0QrHDRc/qZ0rcMNGh/tnWywOa2uKoRWrL7d0wZSWPI/QUM+sEt3S87qa2/L39/13o/fgKgAFAAAAAHgfbddoE3/7/Iimvrq7VcFjXd/ZyvXa1zb9JdOm/NPlbXLOjijDbHbafho/3NSmq/puSUlttM0QEuJw4ZW2br2WpDdWrPRKq22E0ag5t8/WnNmznO5DuNV+nAXghpCQZgfAAAAAAADvY+QjWuXjg8e17JM8WY6dbnrnFth9vFS7j5fqP/oHasrAIPl37uSR63REzlY0rhtIxle3p7ojzcFoxvjhJiUmJDhse96cmtridl1Him02rf9gg9faZadeP1lp6ekOR41WtbObm/U80TLORu02bK2uEWE0Kt40TBFGY+0o2UuG854AAAAAwFcQPqJFMn8o1rJP8vTZN4Xtcr1/HzmrNGupbhgYpLF9Atrlmr4uw3zAYTtwU/MMOuKs5ToxIcFpwLg9faeKbbYWtfo6s2bdO5owPslpq7WnXZOU5DT8+mo/4WN7MBp7O52H86VXX9Pv7/vvetsmjE9iRCQAAAAA+DDartEsxWfK9OdNObp16b52Cx5r/FRSoTezTuvZ/cXKPFnWrtf2lqbmDXzp1de0YGGy23MwOuOo5VpSbfB4ecJoh5+3deu1JL34imdX9nbF1Yg5V3MRou30cRE8b05J1a133KUtqVtZDRsAAAAAOghGPsJtf9/5vZZ9kqeTdu8Gf9+cLNPz+4v1i4gA3TAwSOGB52+GHhMV5XIkmFQVimWYzQo1GJQ4JkHXJI1r9gg9hy3XpmG1oxovMZkcBpxp6emtGnUWHTVIOZbD9bZlmM1K25Hepi3d7mrLEZcZ5gPMFdkCiQkJLhdMKrBa9eIrr1btOyZBiQkJDuclBQAAAAD4BsJHNCnt2xNa+mmeDuYXebuUej4vKNF2a4mmDAzSpAFB3i7HY349ebKWrFjZ5H7FNps2p6Rqc0pq1SIqs2e5FeC5armu/fsxCQ5raG3r9czp0/XXFSsahatLVqxU/HBTm7Z0uyveNMxh+NUwJG1KTSiM5rlmfJJWr13ndI7HutJ2pCttR7qWLF+hqddP1g2TJ3nlOwMAAAAAcO78HTKGVsv90a5H3z2keW8f8LngsUZ5pfSv3DNa+GWRdh0v9XY5HjH1+snNHtlVYLXqiWee1RPPPNtke2rGfscBWd3gMsJoVHTUIIf7OWvZdkdoqEG/m914jsoCq1XrP9jQ4vN6Am2+7SPUYND8ufc165him02r167TgwuTlW2xeKgyAAAAAEBLED6ikfKKSi1JzdVv/2ePNpudt/v6kh9Ol+uvmTa9ctCm3OJyb5fT5ubPvU9TJ09q9nFpO9L1xNPPutzH0UrWRmPvRi3Ilzhp5XZ0fHMkjklQvGlYo+1r1r3jcESmtziqEZ6ROCZBLzy1SEZj72Ydl22x6MGFyQTFAAAAAOBDCB9Rz4Z9BZr66m6t/Ow7b5fSIl8VluqJfUVam2OXvazS2+W0qTm3z9YLTy1qdghWM4eiIwVWq8ORYlckNG7XdtbC7axtuzmcjXTz5uIz8K54k0l/fXmxbpk+rVkhZLHNpjVr13mwMgAAAABAczDnIyRJe3NPatknedp9+KS3S2kTW74/q+3HquaDHN830NvltJl4k0kvPPWkCqzWqvnu0tNdLs5RIy3d8QIuzkLJDPMBLViY7HZdaTvSNfX6yW7v31CE0ahbpk9rtECLN+ZMdOd5uuOapHFNLsbTnGd8IQo1GDRzxnTNnDFd2RaLtqSk6iuzucn5N7ekbtWc2xu38wMAAAAA2h/h4wXOeqpEyz7N0/tfHvV2KW2uuLRSb2XbaxelGd7D39sltZkIo1FTr5+sqddPVrHNpvUfbHC5srKzQM1Zy3Rz583bkrq1VeGjVDW35ebU1EaLz7RnAOlqBGeig9GgrkQYjc1edRzOxURFKaY6UMwwm/XX5SuchpDFNpuyLRbFREW1Z4kAAAAAAAdou76A/e3zI/r1a7vPy+Cxrpyici0+YNPSQ6dVYK/wdjltrmZ02JzZs5zu4yhUc9Zy3RLZFkurzxVqcLz4THtyNhJUkuKHEyT6ipoRwK7asW3M+wgAAAAAPoGRjxegjw8e17JP8mQ5dtrbpbSrHcdKtONYia4fGKQpA4PUydsFuWFzSqq2pG6tN/rvlunTNHPG9Eb7XjM+SUtWrHT73K6CtpbYkpJaOzKtpWoWn2mr1ufmWr9ho8PthpCQC24U3cQpUyVVjeCMMBoVEzWoTVqZXZ0322LRkuUrlWOx1C4aE28apheeerLReUINBvUxGhuNlAUAAAAA+BbCxwtI5g/FWvZJnj77ptDbpXjVB3lnaluxE40B3i7HpQKr1e22Y1ctw44WqXHWcu1qrsLiYpueeMbx6tlp6TvbJJyaP/c+3XrHXa0+T3O99OprTp9ha1vKO7ICq7X6ubTtAk6Ozmuz2ZrVZl/gIniMvsDCYgAAAADwVYSPF4DiM2Va+mme1u343tul+IxjZyq0/JvTtSFkbNeO/Y9Csc2ml1ysDN1w1J6rluup1092OcovOmqQw7n2as7Z2hGCzhaf8ZQCq1VLVqx0OhLUEBJyQYePbam4DVuhXYXFRmNvhRoMbXYtAAAAAEDLdezEBU36+87vteyTPJ20l3m7FJ904KcyHfipWOP6BmrKwCB19ff9Zuw1695RhvmALqmegzDbYlHGfrPLYKfhStfOgj2jsXeT4WFiQoLThT7aovVacr74jLtcjYiru8K0rXphElfm3D7baZBVXNzyMK2lc2TabM2fLsHV/IdVbf3129xdjaJtj/PWlWE+oLvnPaD44SaFGgwqsFr11X6zy3NNSHK9yjgAAAAAoP10qqysbNteOviEtG9PaOmneTqYX+TtUhoZM3KAirt383YZjQR16aQpA4M0sV+gt0uptXrtulaPALw8YbQef+RhSdL6Dza4NS/knNmzGo32czT/pDO3TJ+mCeOTtCV1q77ab3Z6TExUlCIijJo6eVKjlaHTdqQ7bfGWHM8FuGBhcr35AlvL2fyajuYmdCQmKko3TJ5Ur4295lh3nmPdd7dgYXKdVmXnQg0Gvfv2GknSkuUrlGE+0CYLC9V93p46b4bZXC8cbglDSIhWLV/KyEcAAAAA8BGMfDzP5P5o17JP8rTZzCIMzXWmvFLvWOy1rdiX9vT3dkmtFh01SPPn3lf7s7uhnKP9mjP/ZM3+q9euc7lPzSrZ0YMGNQofW7L4THPqc8UQEqI5t892Ovelu3MTZlssjcLC5sxrWHdkobvH1H13bbEKuSOeOm9rGUJC9MLTTxI8AgAAAIAPIXw8T5RXVGrZJ3la+dl33i6lw8uzleu1r236eS9/TRkYpH4hXbxdUotcnjBa8+fe16GDmPlz79Pv5t4v22n3Wo2Nxt6tXv34mqRxmjljuiKMxladB+2rJmi/0FYlBwAAAABfR/h4Htiwr0DLPsnT0ZNnvV3KeWX38VLtPl6q/+gfqCkDg+Xfuf1rmDljuhLHJGhLSqq+MpudzrVYwxASosQxCZowPqnRSEKpajGXuitfH7VaWx3WeVKE0aip1092u/W8j9HY7PuJNw2TwWDQJSaTEsckEDp6UbzJpFXL3lDajnSlpae7Ner18oTRSkxIcDpKFQAAAADgXcz52IHtzT2pZZ/kaffhk94upVl8dc5HV3oEdNaUgUEa2yfA26Uo22KpbcfNzrEoJrpqpFeE0ehTwVmxzaYcN1tzfa12+I6681zW/b4bDAZGOQIAAABAB0D42AFZT5Vo2ad5ev/Lo94upUU6YvhYY0g3P00ZGKS4bgwaBgAAAAAAaArhYwfzt8+PaNmneSopq/B2KS3WkcPHGldGBGjKwCCFB3qhFxsAAAAAAKCDYPhWB/HxgeNa9mmeLMfcW3gDnvVZQYnSrCW6YWCQfjUgyNvlAAAAAAAA+CTCRx+X+UOxln2Sp8++KfR2KWigvFJ6N/eM0o6V6oaBQRrVy9/bJQEAAAAAAPgU2q59VPGZMi39NE/rdnzv7VLa3PnQdu3IJeH+umFgkCJDu3i7FAAAAAAAAJ/AhHU+6ujOR3Xixzxvl4Fm+OmMTSlZK7xdBgAAAAAAgM8gfPRRF4UUa37If+qFUSky9aU73pd19Zcu75quiNO3ylCxx9vlAAAAAAAA+AxSLR83omSlRhhX6t99ntCbh+J04nSZt0tCHSO75cqv+GmVnzrp1TqKbTblWA7X2xZvGualagAAAAAAAKoQPnYQ/1HxmMZdPEBv2R/ROwe7erucC15c2Cn1KvtflZzcLm9Nmro9fac2p6YqO8eiAqvV4T6hBoPih5sUbzIpMWG0IozGep8vWJjcZvW88NQiSVK2xaIly1e63Hfq5ElKHJPg8LMly1cou0GQ6khM1CDNuX222/u3xAtPLXLrftxVU3ONlj7/S4abFGE0Kt40rNE7BQAAAADAlxA+diDBZd/pdv/fKenn/6HVx2/W557JW+BC3+ByRft9pNKi1SrxUg1pO9K1ZMVKp4FjXcU2m9J2pFcds3yFpk6eVC/8yjCb27w+m83W5HkLrFbFDzcp1GBo9Fm2xaIM8wE3rlTZzP1bxp37cV/9qLql5617XLzJpJkzpineZGpVZQAAAAAAeAJzPnZA0aX/1mPdbtbjI9MV1dPf2+VcEAK7SAndMjTAfrNKi1Z7rY4lK1bqiWeedSt4dCTbYmnjilqmwGrV+g82eLuM80KG2awFC5O1OSXV26UAAAAAANAI4WMHdkXZq1ra///prvh8+XfhVXrKJV2P6rLOD6ry5NNereOlV187rwK79zZsbHGIisZeevU1pe1I93YZAAAAAADUQ9v1eeDGTg9q3KXxWnNqrjZ+E+Ttcs4bMaF29a1cq5JTm1Xu5Vo2p6S6NbLNaOytUIOh0eIzzrz79hrlWCxO5x40GntrQlJSvW0FVqu2pG51es54k0mrlr1R2x7uTLHNpiUrVuqxh/9Qb/sLTz2pDLNZm1NSHV7HaOytv7682GHL9rkahtW2IW9OTZXVeszhfrdMn9bkPblzP3WvVyPbYtH29J1Oa5Safv6GkBDFREfV/txUe/mSFSudzqUJAAAAAIA3ED6eJ3qWZmhu8GyN//l0rfphivbmV3i7pA6rV2ClhgR+qtJTS7w2r2NdxTab3nAR4hmNvTVz+nRNGF8/JFz/wQaX4Z9UvSCNi7kC+xiNmjljeqPtrsJHSYowGuuFZs6k7UhXhtncqIZ4k0lf7Xc8H2Ifo9Fl8ChJM2dMrz1nhtnsNHyse29fudivqfupmnex8XOaOGWqyzqbev4x0VF64akna38uttm0ZPkKp8+/wGpVtsWimKimnz0AAAAAAO2BXt3zjKl0nZ7vNUMPXmqWMYxsublGdftG0WdnqPTUEm+XUmv9BxtUbLM5/Cw6apD++vLiRsGjJLfCP1/w4iuvebsESVWhpq8LNRg0f+59Mhp7O93H5uS7AgAAAACAN5BOnaeuqXhG4wZ301tn/6Q1B3p5uxyfZ+r6o7qd/atKT7b96s+t5WqU4fy59zU5CtATXnhqkQwGQ5uMsCuwWrV67TqHIwfdERMVpaNWq9NRiy3RsN25pdryOdV1icnk9HtRXEz4CAAAAADwHYSP5zG/8pP6T7+5Svr5WK0unK2tObzuhgaGlGhg5/dUcupfKvV2MQ4UWK1OF2W5PGG0y1ArwmjULdOnKcJoVJ+IqlF9hjYKKl21CrfEexs2asL4JEW0YPThnNtna87ts1tdQ9325rbS1s+phqvnFBra/mE0AAAAAADOkEZdAAaUbtMjYdt09cjb9bfvrtE31jJvl+R1Yf6SKSRd5ScX+8S8js64Wr04McH1wiIRTuZr9EXFNptWr12n+XPv83YpHUKG2fkI3WjmewQAAAAA+BDCxwvI6LLlGt13ud7vu0grvx6s0yXeXsPZOy7rlquA4qdVfvKkt0tpkrO5HiXVjmb0pALrMa1Z947LfRyt9NwUo7F3ozbpLalbNWF8UpuPFow3mZpcJbq1MswHmnxO1ySNa9HIzoYKrFan93NN0jivtOEDAAAAAOAM4eMFaIqS9UtTlN6yPaT1h8K8XU67iQsrUq+ylSo5uV0dZS3wbIvF6Weeaumtq2Y+RldumT6t2bXMnD5dS5avkO306Xrblyxfqb+8/Odm1+ltGWazy9GIUlVI29rwMdti0UtOFugxhIR0mJGuAAAAAIALB+HjBapbuUV3B83R+JGTtco6XTu/83ZFntM3uFzRfh+ptGi1T7dYO3K+rlzcJ8KoqddPbjRaMNti0foPNmjq9ZO9VJlvybEc1oKFyZJct1objb31+CMPt8nISgAAAAAA2lJnbxcA7xpStkFPhd+shSN2q1/38yuLDuwiJXTL0AD7zSotWu3tctDAzBnTZTT2brR9zbp3XLabX0iKbTaXoyqNxt66Zfo0/fXlxW2+ojYAAAAAAG2B8BGSpF9WLtabkdP1X8O+93YpbeKSrkd1WeeHVHnyaW+X4jHnQ0C3wMECM8U2m5YsX+GFajqe07bT6tSpE/M8AgAAAAB81vk11A2tVKmb/BYo6bKRWnPybm3KDvJ2Qc0WE2pX38p1Kjm1Sef7cjo5FovH532MNw3TC0896cHzm3R5wmhtT99Zb/uW1K3tMqdlW7ll+jSvzLdYs0p4cXGx5tw+u92vDwAAAABAUxj5iEb6lO/R/NDZev6yf2tYn47xFekZWKkrun6insX/pRLbJm+X02ZcBXDZOc4Xo+lIfnf7bBlCQhptb2oBlwtBTVv1LdOnaerkSQ6fkySt37BRBVZrO1cHAAAAAEDTOkayBK+4tPwtvRwxQ/PiD6p7cBdvl+PUqG7fKObsDJWeWuLtUtqcq3n80hqMFnRkS+pWZZgP1P7lavVsb4kwGllgxok+RqNmzpiumTOma87ts/X4woed7tvUquQAAAAAAHgDbddo0q86PaVxQ3rprTOP6e+Z4d4up5apa6G6nf2LSk+evyPkYqKdh481C5G4Gh354iuvNtq26f31ra6rwGpVgfWYJCk6alCr5xycOWO6Nqemylp9zvNFWz+neJNJ8aZhyjAfaPTZltStmnr9ZBaeAQAAAAD4FEY+wi0hlcd1R+B/643LVuiKSO/OpjgwpES/CP27Qk7drdKz52/wKFWNCow3DXP6+ZLlK72y8MzmlFQtWPioFix8VL+56RZNnDK11SPvHC0+09E5ek6tbSd3NbfkkuUrW3VuAAAAAADaGuEjmiW6PFWPd79Vj434TIPC27cVO8xfurxbuvqcvlUlxf9q12t70zVJSU4/y7ZYdPe8BxwGWh1tNeyaxWfgWs3oR0dqRsMCAAAAAOAraLtGi/yicol+MWCJ/nHRU1r5dZTKyis9er3LuuUpoPgplZ886dHr+KIJ45O0fsMG5VgOO/y8wGrVgoXJijAaFWE0qk+EUUcLrG4vQOIqpLTZTjdq8bXZbI1Wp24rv7t9tjL2m2U7fbrNztkeC7FYjx1r9JwKrFZtSd3qketNnTzZYeu1JK1e+45eeKrjrBQOAAAAADi/ET6iVX7bZaHGxf9Ma4p/r//7NrTNzx8XVqReZf+rkpNpqmjzs3ccjz/ysH43936XoVzV/IJWZbg58K3AatWade/oq/3OD8i2WLRg4aPNqrUmdEvbke50nyXLV8pgMGjmjGn15qysWXxmzbp3mnXNhtJ2pGv9ho2SXK+aPXHKVEUYjUpMGK05t892uI87z2lzSqo2p6Q2u84nnnlWBQXOw9Ecy2EtWJisObfPqp3LcfXadS7D3wyzWXfPe0AGg0EvPLWo2TUBAAAAANCWCB/Rar0qvtG8kLs0/tKpWlVwo/Z93/pz9g0uV7TfJpUWrVJJ60/X4UUYjXrh6Se14JFH22xUYIHV2qLAzJ3zNjX/Y82q21/tH9ZowZyZM6YrLT3d6UhPd2RbLG63HxdYrS5XAffUc5LkMqCVqkalZpjNstUZnZphNje5arkvrmoOAAAAALgwET6izQyvWK8Xeq/X5t6/15vZo3SsuPkL0wR2lkaEZajy5NMq9UCNHVlMVJReePpJvfjKq60K5jqC390+WwsWJnu7DAAAfEZRUZHsdrsqKz071Q0AAB1Vp06dFBwcrLCwMG+XggYIH9HmJugl/TI6QG+XPqO3vu7j9nGXdDsqw+nFKjuZ68HqOraYqCj99eXF1W3FG5zO+9eQ0dhbVyQkaOr1k2u3RRiNniqz1eJNJl2TNM5jcyYCANCRFBUVqbKyUr169VLnzqwXCQCAIxUVFSouLlZRUREBpI/pVMkfn/qk07vvVemRDd4uo9XyOiVozU93aevhwNptY0YOUHH3brU/x4Ta1bdynUpsm7xRYpvqERKpaZe90W7XK7bZlLH/XBuuzWbTUau1dn7AmKgoxURHtWvQWGyzKcfNtt+aRXIAAIBzVquV4BEAADdUVFTo+PHjMvLfmT6FkY/wqIGV6XqkW7rGj/hP/S3/Wn177NyyMT0DKzUk8FOVnVrCvI4tFGowKHFMghLHJHi7lFqhBkOjeRwBAEDLVVZWEjwCAOCGzp07M0WJDyJ8RLtIqPybEi76m9ZH/FFfVl6kUd2+UaeTf1TZWW9XBgAAAAAAAE/hj1DRrv7foP2aO+KsLgnd5+1SAAAAAAAA4GGMfES76BI+UkFx8+RnHKsYSTG6WD8zjtfu3NU6XLjD2+UBAAAAAADAAwgf4VGdAnspKO5+BUTd0uizXoYYXTv0ceUc/0y78tboxGlWuQYAAAAAADifED7CYwJj71Rg3Dx18jO43C+615WK7nWl9h55R7vz1qi8orSdKgQAAAAAAIAnET6izfn3najAuPvVpdvFzTru0v7Tqlux1+jrgo88VB0AAAAAAADaC+Ej2kyXrnEKjLtf/hdd2+JzGAJ66arB8zTYmKTdeWv0/cmMNqwQAAAAAAAA7YnwEa3WqUuwAuPuV+Dgu9rsnBd1i9f1w59XZsEm7cpbLdvZ42127o5u4pSpbu0XExWlv7z8Z7f2Xb12ndase8ftGja9v96t/bItFi1ZvtLt89aIiY5ShNGoeNMwxURFOd1vc0qqtqRudeuc1ySN04TxSS2qreGxDXninQAAAAAAcD4gfESrBAy6WUEX369Ogb09cv64iIlVoyBz12jvEffDMVSFawVWqyKMRq/VYLPZlGE2N/u4usdEGI2aOWO6rkka12i/AqvV7fPHm4a1uLaGx7aUL7wTAAAAAADaU2dvF4COyc94pULHvqvgEU97LHis0aWTvxIG/ZemXbZUMb2u9Oi1zjdpO9K9XUKrFVitevGVV7VgYbKKbTZvl9Nq58M7AQAAAADAXYSPaJbOREoqAAAgAElEQVTOhoEKHrlYhsQ16hL+83a9do+QgbombqGuHfq4eoXGtuu1O6r1Gza6tZ+7I/EMISFtNgqwuTLMZr306mteuXZbjlR0t00cAAAAAIDzQafKyspKbxeBxk7vvlelRzZ4u4x6AuPmKShunqRO3i5FkpSR/y/tzlujkvLT3i6lVo+QSE277A2PXyfbYtHd8x5wa9+/vPxnl/Mm1pVhNmvBwmSHn02dPElzbp/tdo2SVGyzKcdiUXaORUtWOJ5f0WjsrT7V4d5Rq1VW6zGX53zs4T8ocUxCvWssWb7Caag3Z/YsTb1+stPztdU9e+qdAABQUFCgiIgIb5cBAECHwO9N38Ocj2iS/4CpCoq7X50Nkd4upZ74fr/Wz4zjtStvjQ784FtBradtSUlt1r4xzQwNHTEYDM0+JtRgULzJ5HKfCUlJmjljeu3PBVarHn/6GeVYDjvcf3Nqar3wMdRgcDkyMSa65SFfc+7ZG+/EkQKrVQUNAlyDIYSwEwAAAADgFbRdw6ku4ZfJkLhaISNf9rngsUaQfzddGXOPpl6yWAN6jPR2Oe0mLX1no22XJ4x2e19fFmE06vFHHnb6+XYfvR9feSebU1K1YOGj9f5asnyFx64HAAAAAIArhI9opFNgTwVf8qRCx66Xn3Gst8txS0TYxfrVsKeU9LMH1TWor7fL8aiaFZMbmpCU5DDsKrBalW2xtEdpbSbCaFR01CCnnzu6f2+6EN4JAAAAAAAtQfiIegJj71DYNZ8pIGqmt0tpkZ8Zk3TTz/9XPx94i7dL8RhH7b2GkBAljklQYkKCgyOk9R90vLb0UBctz74WPl4o7wQAAAAAgOZizkdIkvz7TlRg3Dx16TbU26W0iZ8PvKV6PsjV+tbq/lx8HYGjlt344VXzKl4y3PH8ir7aqtxS0T42fyHvBAAAAAAAxwgfL3BdusYpMO5++V90rbdLaXNdg/pq/M8e1M96j9fuvNUqKMr0dkmt5qy9t2Z0XU27csPFWoptNqXtSK+3UIuvyzAfcPqZq1GRDW1J3eryXK0dRXkhvRMAAAAAAJqL8PEC1alLsALj7lfg4Lu8XYrHDegxUgN6jNSBHzZoV94anSk96e2SWixtR7rD7XUDrEtMJocrRaeld5yga/XadU4/c7aIizObm7EKdUs4W+W6Pd7J5pRUWY/VX9naUdBaYD2mNeveabT9lunTWnxtAAAAAADcQfh4AQoYdLOC4u5Xp6De3i6lXQ3rO1mDjVWjIDPy13u7nBZx1KobHTWo3kjAa8Ynaf2GjW4d60uKbTblWA5rS2qqy8BwQlJSO1bVNEdhX3u9ky2pqS5HddYosFodBrqEjwAAAAAATyN8vID49f6FguLuV5eeP/d2KV4T0CVEiVF3Vbdir9Hhwh3eLsltzlZIbhjGxURFyRASItvp0/W2F9ts2pySqgnjfSu8W7PuHYej8hyJNw3zqdGb5+s7AQAAAACgrbDa9QWgc8gABY/8swxXvHVBB4919QqN1bVDH9c1cY+oR8hAb5fjFndarl1tk6rafDuq6KhBeuyRh71dRj0X+jsBAAAAAKApjHw8zwXGzVVQ3P2SOnm7FJ8U02usYnqN1d4j72hX7mpVVJZ5uySntqRudbj9xVdea7TN2SIq29N3qthma9aCLb7gmqRxmnP77BbVPWf2LMVEO18dOzvHoiUrVraorgv5nQAAAAAA4A7Cx/OU/4CpCoqbp86GQd4upUO4tP80De6dpN15a5RZsMnb5TTirL1XkjLM5madK21Heodo8zWEhChxTIImjE9SvMnU4vPEREe16nhnfOGdXJPU+NlkmM2N5oE0Gnv73FyZAAAAAIALA+HjeaZL+GUKipsnP+NV3i6lwwkN7K1fDr5fP6telOb7k/u9XVItZ+29LTpXum+Fj/GmYfUCtEuGm2QwGBQT5Xy0oi/whXfi6JjVa9c1Ch/7GI2aOWN6i+sDAAAAAKClCB/PE50Ceyoo7n4FRM30dikd3kXd4nX98Bf0dcFH2p27RraS494uyWl7b0tsT9+pAqtVEUZjm5xvwcJHZbOdlqG6bTgmOkpzZs9y+/h4k6lDBmO+/E4AAAAAAPAVhI/ngcDYOxQYd786+TFnXFu6OOLa6lWxV2vvkb97rQ5X7b23TJ/m9DhH7bc10naka+r1k9ukPkn16sswm5sVPnZEHeGdAAAAAADgCwgfOzD/vhMUGHe/unQb6u1SzltdOvsrYdAsDTaO1+68Nco5/lm71+Csvddo7O1yxGC2xaK75z3g8LMtqVsJulrB2TuJjhrEOwEAAAAAoA7Cxw6oS9chCoy7X/4XXeftUi4Y4SGRmhC3UIcLt2t37hodt2W327XXb9jocPsVCQkuj3M1Z2K2xdLsNl/rsWONRu3ZbDanI/k6iuJiW7OPcfZOLmliYZu2ficAAAAAAPi6TpWVlZXeLgKNnd59r0qPbKi3rVOXYAXGzVPg4Dleqgo1vsr/l3bnrVZpub3e9h4hkZp22Rttco0FC5NVYLWqwGp1+HlMVJQMBoPm3D6rUai1ZPkKZVsON7nqcqjBoOefWqTsHIu2pG5VjsWiYlvzw7iGNr2/XlJVe/L6DRuVtiPd6X3UvRdJeuGpRW5fZ3NKqrakbnV5n6EGg6Kjoho9p5pjm7rneJNJ1ySN04TxSe36Tlq64I6j+jrCAj4AAOcKCgoUERHh7TIAAOgQ+L3pexj52EEEDLpZQXHz1CmIUVG+4JJ+v9bPjEnanbdGB35wPAqutZoKqWrmHLQ5CM6yLRa3RiQW22yy2WwqsFqbvF5LFFitWv/Bhib3czZ/ojvnb6ruYptNGWZzo+fk7j1nmM2KNw2r/XtX2vKdtFSE0cjoSQAAAACAzyB89HF+vX+hwLh58us5ytuloIFg/+66MuZe/az3eO3KW60jP33p7ZIAAAAAAAB8CuGjDwu+7M8KGPgbb5eBJkR0vViTTE/rG2uKV1fFBgAAAAAA8DXM+eirKsqkzmTDAAAAFzrmrgIAwH383vQ9nb1dAJwgeAQAAAAAAEAHR/gIAAAAAAAAwCMIHwEAAAAAAAB4BOEjAAAAAAAAAI8gfAQAAAAAAADgEYSPAAAAAAAAADyC8BEAAAAAAACARxA+AgAAAAAAAPAIwkcAAAAAAAAAHkH4CAAAAAAAAMAjCB8BAAAAAAAAeAThIwAAAAAAAACPIHwEAAAAAAAA4BGEjwAAAAAAAAA8gvARAAAAAAAAgEcQPgIAAAAAAADwCMJHAAAAAAAAAB5B+AgAAAAAAADAIwgfAQAAAAAAAHgE4SMAAAAAAAAAjyB8BAAAAAAAAOARhI8AAAAAAAAAPILwEQAAAAAAAIBHED4CAAAAAAAA8AjCRwAAAAAAAAAeQfgIAAAAAAAAwCMIHwEAAAAAAAB4BOEjAAAAAAAAAI8gfAQAAAAAAADgEYSPAAAAAAAAADyC8BEAAAAAAACARxA+AgAAAAAAAPAIwkcAAAAAAAAAHkH4CAAAAAAAAMAjCB8BAAAAAAAAeAThIwAAAAAAAACPIHwEAAAAAAAA4BGEjwAAAAAAAAA8gvARAAAAAAAAgEcQPgIAAAAAAADwCMJHAAAAAAAAAB5B+AgAAAAAAADAIwgfAQAAAAAAAHgE4SMAAAAAAAAAjyB8BAAAAAAAAOARhI8AAAAAAAAAPILwEQAAAAAAAIBHED4CAAAAAAAA8AjCRwAAAAAAAAAeQfgIAAAAAAAAwCMIHwEAAAAAAAB4hJ+3CwAAAAAAdGBnflLekUKV1G4IUGjf/upj8GJNF6jiH3J01FZnQ1C4BvbvrgAvnQcAJMJHAAAAADh/2AqU94OtThBYJaBrhAYanaWBpSr+4bv6YZMkGSIU27fpBLHkyMd67vdvKat2S3dd/8fFumdk92aV3hGU/HhEeScaPl0nuhjUp1+EQluZ2DUKAiXJEKGBfQ31w8Dyn/TVO3/Un7bW2Xn4nVr26HUaGNSMC7bVeQCgGuGjL6ook91mV1lRgbKsRQozxqpfrzAFd8A/ZrJ+/KJe/LifZj07Q3ENPzSv0oNrzuiGhXcqMaz11yqz5+vwIauKJIUZ4zSoT7D8PDKxgFmrHlylE9f9QXPHhdf+fGZqsu683NGNlMleZJcCa96hVSkvvqhtMffoiamRkqqf0xexuuexGxTZkpLK7Mq3ZMpqk4LDIxXbP9xD9w4AAABfdiLzfT34pw91osH2PpMe1euzRiq0i4ODygv1+Yo/aPGu0nqbQ8c9pOX/PUY9HB1zQbIpe9NzmvfOEfd2N4zRH15+SOOMrbikoyBQknperUUv3KPRPVtxbgBoJ4SPvuj4p3r9xU2y1t3WOUyxk+/SnVe05jeXl1TkK98qxTkqveKU7HZJrQwfrVtf0csf5qvML1hhXewqOivJL1I3/P4eJXroF3J+/veSwmt/PmVzciPW6vcZf6uev8VUu9luK6q/n+2UGmxxz9EUvfLqJuVX+CnMIBUVlUlhl+rW+TNkCm7JCesr+3aT3viwVJPum9SyYBQAAAA+olR5Hy7SHUv2V/3YZYjuXLxIv+nfurMG9L9aDz1h0LKXlmrnqdZXCTf8uFtffPuTRvesM7q0S3ddMi1Zfwhbqmc/yGn5uavP88fuS/Wn9a04DwBUI3z0YcYJ8zX/aqNUUaS9b7+ote+v1MaoP2jSRd6uzMd8v1ErP8xX+Li5mnddv6ovdYlV5oN2xfjCnwT2ulQ33BSuMmNM25+7JFNr39ikfON4zb13ovr5SWXfb9Lrr6Zo1apIJd+V2NpcV4W5+5V7xNiyYBQAAADtqkfcFD35xAC9/dJSfXFKkvw14qaHdMe4OIXKpoM5353buTxHB3IKNTkyXL+Y+YDyjj+ndy01xzygO8YObzzqscSmo0VSn5512rGDumtgdH8NMKjp8LHcphO2APXo6u96P9tPOqHu6uHuvJHlpTrxo02Gnt0V0KXB9lNSjx5NXK/6mkfLDerTVG3VBo6dolHlO/TuFwVVGwKide2vhuhoyofa5+Q5FJ/4STJ0d78Vu0t3XXLjQ7rT/pyW7qg7+vEnpe/I1IlR9UemhvaN1sUDeihAatR671ipiq02BTR4bqF9oxVzkYPzlJfqxKkS9XDzxRRbC1TaNUI9mmjXLrYe0dFTJZIC1LN//yb3B9CxED52BJ3DdOnYUdqYsU3Zhwqli8KlskKZP9mm/cftCosaq6tG9VNYZ0knc7VtV74ixyYqMkBSiVWZB/NlD4vUpTFVo/SK8vYq63Q/DY8zyk9lKvw2TWl78lUUFqOxY0erX3VaVZZnVqYhTqYeduVnfq38oghdnBCpsIoi5Wfs1K5Mq9RruMb+0qTwut+konztTd+l/ECTBtnL1OTXrKxQWZ+ladcpY+31y6xZSjtUJNMVlyq8pn34RJb25pap39A4Gev+si4sVKEkU99+564UYJRpRJ19SgqVm5WlrEPZsgb006gxiYrtWb33yVztzfdT3NAI2b/9UnvNVvnHJ2psTHidE1Q/J3Op+o30V5mzW/kxS1/uNcsaNqr2nRQdyVWRgmUMa94wxKIjO/Xp59kqCjQqxjRcl8UYG7VSF+1K0V5bsEbfVBU8SpLfRRM1dmiK1h7MVb4Sq9rdq99J5nHJaBqrq0zh1c+qTNbM/ToVcali/fKVuW+vMs/206grLlW/4KrvSub3dklFytq3V6VBNd+bqntN27FL+UVhivnFVRrdv/qLU5Ir8zdhijOFy34kU1/nn1JE3GhFdmvW7QMAAKAlDBGKHXqZrhzqry92lEoqVbF6VM33aDukg4d+qrNzqb7LtapEEQrtYVBpTbbVJVqjx4xUbN/qEK7cprxd7+nN1f/UF7Udx/6KnfBfuvem63Rxj6aKKtWJgx/rzdVv6aOD5wK0HkOv1m+nXKeJo6Kr2sFP5Wjr+2/rzX/u0dGanYKiNW76TbrtupHqE1SqvK3/q2WfHKkOxAJk6B+nwSW79c/Nh1Rc9QA04sZ7dc84g3a9s1RLt9UU3F1XzH5A/33tcPWo+98SZwq088O39bd125R1pub++2vczDt1168a7FtPd4345XW63nZCm74oqLp2z+Ea9x9jlZf1ofbtP7dn8ZE92vDOm3pzW5127f5jNGPmzbpxVH/HrfB1hHaVfjzScNJH6cTOT7Xvx5EaZ2wiLC236ev1S/X2vhO1z61H/ziFn/hUG744UhsuDhx3px6YdZ0u7urgHAV79O7ij5W6I6d6f39dPPUBPfDbMRpYL4cs1dE9/9baf/6j3ruW/NVnxFUa98urNWXskPqhdrlNB99/UskbCyRF6DfPvKQ7h7JaEXA+IXzsKAL8VfsrxW7WqudXydw5UqbBwcp8/xVt2z5R8+8bL2PnfO3f/J6yuo/WrJ/7SVkpWvn2XqnbWIUvnKRIFWrnv9ZqU/gMXRpnlPXj1/Xix6cUOTRWYZZNeuWz7Zr4wFyNN5Ypa8c/tOrLSF1qytXeDLs06AYlJxhlfvtFrToYprj4ftK+t/XsF8M16+EZigtQVQvwy5uU7x+msKC9Sjtpl+SqVdyqTa8+Kz9DmPztRdr72S7d8PA9SlSudm7YpKzg4VX3ISn387Vau/ti3Tkirv4ZBwxSP5llfn+pNvrdoGuHNgzpMrX2jyu11z9Mxr7h0g97tfezvdX3Kem7T7V2VbbCwkpVZPevatvevkvWO57QjYMlyS7zmme1KqNUwd2CtffLIoejAIu2v6E/brbL3yDZbWna9X3VnI75e97TP7bbVdag7doV69ZX9OKHBTLGDVe/kkylrtol6+8aj3rNteRKMimmwaDKuKtnaVZSv6rg0W7Wqj+vUqYhTsP7S3vfflbb4mcpeXqc/FSo/RvXapNto8LsRbIbgqWibUr7xq7kuxOVv2ejPv22SJK/srZt1P7g8YqMMyr8aIpef3mTTvU3KbZrrjb9zyJtnzhfc8cZVZazS/9YtVORl5mU+6VZdkXqhuTRtGwDAAC0l4BwDYgeIO2oapnNO3RIR0ui1ed4pvY1mK4w72COjp4ZroEncvTtj9Ub+w/X0F7ngsevP1isB9/c02AkXamyNi/Vgyf89fqDV2ugs1rKbcr6cLEeWranOhw858TBj7X0iDTg1Xs0wrZNf35isbZaG+x0Jkdb33xSuzLv0eL7L5fth/3aWfcm9u3RF/UOsGnfP5/THf9sWMhP+mLFc5LhJf1hfETVQi1njuij15O1eNtP9XctP6Ktb/5RR8tf0vM3RtdZ1MWgi296Te+Oq1oAJrRvuLSnwWX8B+jKOS9p6JkA9ewfobP739T9T76vvIblHNmhtc/s0dczFyl56hCXAWRx7p7a0Ddg5I2aXP6+3t1XKtn26LMDhbrCGNHEKtSlKszdo5376oSB+xoWLuVtXapH7f56/fdXq0/DE1r36KN676ZUX69/TovK/6TFtw2vqr/cpqz/W6yHVjR+11Kpju77WGsLDBoxcoh6OAo4AZy3WJKiQ7DL/HGaChWumCHhyk/dKLMtVjfOv0e3Tp+l+beOVvD3m7RxX5kU1k+R3aTc3MOSJOuRXCkmVpEnrSookVSRq/zvpciYWKlkrzZ+nK9+v5qne26doVvvvVVjw/K17bMsSX6KG5uo8IpM7T2eqLlPP6/n705U2Pcp2pghjb51vmZNn6FZ992gONtepewqklSmvR9tUn7gaM16IlnJC5/QvKvDXd2YpGCZpj+hp5OT9cRDk9SvIlfbPs+XjLGK6yZlmvdXjzK0KutQkTQ4TrENT9FtrGbdlijj2SxtW/WiHnl0kV5fv1eFtcMT4/Tbx57W84uSNf/uezR//iT1q8iX+UBhvWfcdcQsJT/5hJKTb1Sc7DqcW/3b9fsUbcywq9/kh/XEwmQlPzFDjiJEe9ilmpX8tJ547GFN6i/Zs7NklRQ39Z6qkPNogRr+u5Rjhdr/Vb7U8yrdOmuGZtx6j/6wyHG7fWlF1f/6N/gnOfiiOMVVj0TMT90oc8Vo3frALM2YPkvzfh0n+5cp2lkvQe2niQue1tPJT+iuK8Okw1nKlRQ3NVl3XWWUdJGuvS9ZyXckKrzmPV80SfPuvVUzbr1Ht14RpvxPtilLkl/cWCX2lDL3nVDivKf1/PP3tMmCQgAAAHCXv/oMGaI+1T+VHM7RUVupbD8c0XflDXbN3a+sE/U/6zEkTn2q216LD72n/6kNHg26eMKNuu3GsbVhY8lX27TPWipnig+9p8V1gsfQoVdrxk1TNLruaILSAn3x9tJzwWPPkbr+pps1Y2z0ufPseEvv7jutPkOv1rVDG6yi3WO4rp92o8ZFNbi4caR+M22Krqid09KmXV98qaMlUk14+npN8BgQrXE33qwZE4bUBnlff/6l8hoPOFRo32jFxkarj8HBiMMu/urRP1qxsf3Vw5ahtUvPBY+hQ6/WjJk36tohNceVat8//qHPf3D+/FRu08EdO6pHgho06sqrdO3Y+OoaS7Vrx34VNtVf3cWgAWNu0LioBqMJAyJ08dAh9VawLt7xvj7KcnDTktR3pH4z7UZdG3vuvvN2bNfB6hbz4qz3tLhO8Nhj5HW67bbbdFudZwrgwsTIRx9m/fQNLUqX7EVFKqvwU7/r7tGkiwqV8vdCyThKg2q6eOPiFKOdyrYcli6L1aBIadt3uSrUIB0+UqhI00RFfP+e8nKl0cpWtsKVGBMmZWUqs0KKLMzS3n1VpyoLk+zf5apQsQrv7Cc/Saarz7X0Fh7KVqH8dLpgr/aekaQiySDlfpcvScrMlGSKU1xNGNa5qa9YmPpdVH0j3eJkMm7Uph+tki7V8PgwbftivzIrLpXJlqVMqxT3y0ZrZledZegNmv/keOXvStF7H+9U7va1evabXN15/w2KDZD8Au3KP5il/KJS+QcWyk+Svbxu87RRpoTYqtb1gJB6/2BU3bNRE4dUJ2idHbc1GE2jFRtWdU/h4dK5XpHmClfc4HBt+jRFb/yPXVdNHKvEweEO/2FtGDo2VqjMbwulgNOyZuyVXZKKpGDlKvc7KXFo9W4xozW6ug09OLip9vCsqvfcv1BZ+/ZWbSrrKtnzlfujFNtT8usiyTReEy/i/2IAAAC8IXRAvC7u+qGOnpL0Y6YO/lCogMzM2mAooItUUi7pTKa+zilQn5yaz/w1eHB/GbqoaqXlzR8rq/qYPpPu12OzRqrHT3t0dOs25f0oqbz6L0fKbTq47dzxASPu1OKHr9NA/5/0xQ8fa6e1KuQqO/6lPtpVE3hFa8ZD9+u2IQapZIzCbQ/o9T2lkn5S+p483TZniu4JLVXW79+qPm9/zXjwId021KATg3/Svic/rlrpu8sQ3fnIQ/pNlHQ04oh2vVoVoJYcL5SttOq+U/+9vzZUHfffD+qBsREq2V+sLzYfqg4Mz8pFLNikowe26fOaQNV4nR568E6N7iFpbIzO/v45bT0l6UyGdn5bqGv7Rzg+iS1Hu/ZUzylpGK4r4yLUp3yMRgTs0c4SqeTLbdppvUrX93fVeu2vgWNu1F3+hdpXsxJ60Ejd/9JDura/v0pyP9SiB5dq5xlJOqJ9WSdUMrRBPT3G6o9/uldXGP1VPFI6+OA/q57RT1YV2kqlriU6uLX+u37+wes0MEgqPnhCH20+VP8/j2w5Wrvw93rT0rDWAr378C16t7ru0fe8puQJTY3sBODrSAZ8WNjgqzQpPkwKCFdkVD+FB/tJssrZhIN2e9UkJZFRkVJGvnIrDisvN1gRVw7XwMi12n6kUIXKlz04VjF9JB2v+lWav2+jNpprr6qwuH5yNl6xrLxUUpEyt21Ubk3w5RemyL7hkqy1I/FapdiuIkmRcRcr+LP9ysyWTGezlKtI3TDExVe2c5j6JdygexImKX/z63rl4zRt2jVesZfblfLqi9pkNSouvp+CVagiuf/lr7rn9tXvV3N1T9d/6B+b07RxWZo29hytWffdqLgGuWBQcLCkMp2umpvZgbKq70tRpj79v9zarX7dItWvV0urK6t6z9/v1cb/OzeZTVi3i9Wvyfl+AAAA0C7C+mvoYH9t3VMq6Yi+PnhIOljdu9tzrG4aW6A31x+SZNO+/fvV54fqgEsRiokMrfpXy1PZ2negpiXZoJiIUu378C199uE/9UVti/YQDXa2mEtpgbK/PdfSPHTM8OoRld11ybQ/6fVJpVKX7gr64Z/Kqhm913e4RvStHqEXEKGhQwdIe6rax0/kHtGPpSNVb/yeob8ie1Vt8TcYFFi7fYAGdK+qK7C7UQZVL5xSUqqz5VLxDxna9UP1vgH91UcWpb7ztjb8c1vtSMUeg8+NAG0+m47m5Jwb8TksXoNrWo27R2lE7bupmnezWBEKdXCWE4e267PqOgOGjtTFPf0VoDiNGuqvnftKpZL9+mJfga7t3795AV3fOMVWv7eAiOEaNVjaWf2v9ieOnVBJeYPwsX+cBlQvxBNgCFd4gJRX9UCrnuuZIzqYWfOu/TXiiuGteHYAzjeEjz4s+KI4XTqi4XyJ4QoLl/SDvWoUmySVnFaZpHBj1b5hMbEK107l7+unfHukLo/0U0RmmPLzc5VbkS/FjK1qXe4arjBJkVOSdesIuSW8e7ikMl11xx80sU/DT08pJFhSRQvDuopCnSiSgqOMVSs0x8QppvNOfZ2Zq6ySbMk4tnpkYcPj1GACAT/1G2GS8eN82e12KTNFm74P09h752vSQEkya9WXq9xsga4ZCViksrYIVt0WrMgrb9X8K8tUtPttvfj3ndq0I0lx4+rHwoOiIqX0TJkz7Br98zrJZEWRis6GKSy4+vtSfpXuemiiy9k33Rem8G6SBtyg5FsvbZMzAgAAoI0FRGjokHPBXdbObSqu/rPogMHDNWqkUanrq0b4Hd3zqT4/Vf3v8MbhGmqsCvNKztiqRk5Kkmz6YsVzDeZX7K/rZ/6qaoESR6s7l9hUVNvBa1CPrqG1AUeImHIAACAASURBVFlo3+jq6ZRKdTTnxLn5JINC681/GNqjzorLJaXOR1k2U+mpn87N415ySGtfeq7+Dj3H6q5fxzde7dtd5aWynTo382Gooc4c/l0CFdbdIKkqrCspLam6r4bXKrfp2z3bq0YqSirZ9br+87evN7rUvh37dfTq/vXap5vFP1RhXQ2Sql9WhXvrZNdTckJHawJpGdSnZ6jrMLRLgPoMG6kRoSWSSlT47SHlVS/4Exo5RLFdA6QuBsX0DGTUI3AeYM7HDsdPl42Ik07u0qf7quZZzE/ZpkyFy2Sqjpb6xCg2uEjZn5uVb4zUoAApckCklL9Lu76rnu9RkvrH6uJgyfzJJuXay1RmL1K+eZv2umgX9hscq34qVNrHe1VYUqYyW6Fy03cq0y5JsYobLOngNm06Ypf9+71K2dNUxFcme0mZVFGm/I83aac9XKNGVdfX2aTLTFJRdoq2ZdoVNiTWYXiW/+GzeuSpldq4L1eFRUUqKsrXzn9vk1XBGhRplPz9FawiWX8oksqKlPV/KcqUmgwT7faqeDdscJyMNfdsK1TWx2nKbuKu3GIrVKGt7jDWMyr80a6yijJl7d6p3JNVK4UH9+qqYEl+AY3/RNlvxFiNNkiZ/3xFa7/MV1FRoXL3bdTSpxZp0ZqdsstPFw/uJ/2Ypo++LFRZWZnsP+ZqZ3rmufDaoerRlPVqK1KRvUxSpGIHB1e95zy7ysrsKvrerG37nL/r/M2vaNGLr2vbEae7AAAAoE35q2fsENU0phQf2lO7mvPA6Gj1uShOQ3tWf2g9VPtZQHRcndWLnYVQBsWOvVl/fPlZ3TOqu5N9JHUJUEBtclQi25mzDs7o32Bao/qtziUlJeeOCfBvHNC1VLkct1QH9dcVU+/Ryy/dq3F9m1hFugn+dWo92zA0LT139QD/AMf39VOmvtj5k4MPGtj/qXa5mjeyKeVnVWQ7N8+j03pcKS2pauOXJAVKXZp4dkH9Ne6OR/Xck3/Sc08k646ra0ZaRmjinOTq7Q/ptpEuvl8AOgxGPnZAfpfN0Kzc17Xq7UV68G1JncMUO+WuOguSDFJMjJ92mvMVnPCrqsAuJlaxJ95TVkW4xsfUzF0Yp//P3v3HR1Ue+B7/ZCaZZBImTJgwgYFAQgL5AcEgKBoKbRSkokVRqlVaqq3b/WFve7vtbt22bu9uf3m97XVvb73b7drSpWLFolgqKILEQglGQSJIIJCQQEIgIYEhYzJkJmfm/jGT378hgYDf9+ulZM458zzPec7Jr2+e5zx3PZRH5dq3ePb7b4W2RTtZtDqPORP6uDXGLuKhe47wH3/6PU8d+H2oPWMzuTv1ZrDCrPtXM6diLW/9/Pu8ZbKRvngps3ZvpbzCy+3ObnOGx4xjXPSH7Pz5d9gJEOnk5oe/Eh6dGJJ54xysv93PEazcnNn7eslJtyzl5hOvUfjCs6FyACJtZN7z1+HVqhdx++T3ee3lH/CPL4Nt+lJuv7GRt05U4sVJzycc2oiPA0/DOVqZSqTzdlbf+SH/9vrveeoARDrz+PRCL68VV3KCWb2u4hxjtULdCU61grNHVzqZmmaDPa/x1A9O8aWnHiJzajo2UyGv/c/vc+qRrzPp3a288dKG9hn2tun38tlbexn2aUpn5ddW0vz/XmX/i/+H/QCmSMbNWMrjD90cOrcFD3Hvkf/g1Ref4jsvAkRiy7yblPn0cu5gjYsH6qirB1zgbG/bD3gtvGJ35mceIu/kWt76xfd5K1ync8GXyMt19vpF5XzdKTx1cKq3v4iLiIiIyIiIc01jegzhZ/m1SSI7I4kxNgtpKVHQ0DW0mjJtMuPCgaElJoEJ8UD4/ekrvs1XF+eQNjmuYzRabyP22kTFMS4xCk6EphcfO1JN06eSsHQ7fkxCAu2PTK+r5kwTZMUBho9zNR1/4E6YnITj8vLAjqYl2BkH4WnRSXz6a49z/42ZTGmbQn65IyzNcYxLHEfb6Mbz1XWcMwiN6vSf42RNW9gXxYRkZ6+j+84fe4eittGE5iTSs50dU7ONJk6UHA+Piixlx7tVfCZ12qWNEvRUU17V8XJcUsLQy4lJwNE+ePIcDec/grYJ8sM0WlVErl0KH0cj5+186+nb+znASuaKb/Hju7x4WsAaZyWy27TjOat/TJcJsbY8vvJUXs+SMu/lWz+8G2+Tl9ZIKzZrp1uij3Y4F3yFJ+d78XhbiYy2Ye38nck6i4e++2PubfKC1YY1Erjt9t7H2KbczRM/uBtoxesFq7Xn7RiZ/RDfuuccP3gziVlpvfdGpGMO9/7dHO4NtIbOg0isNmunm9vJoq/9mLwmD15T2znezu1tIx9nrebppzuXOJV7v/8093Y+5/yv86+3ePAGrNjiQiUvuqtt7yxWdy2A9Pv/hafv76j/9m89TeeeTF/xJE+v6LRh+r08+VSnGrOfZFFrH33cXcLNrP7uzbQ2efAGInveDyYneX/1JDd7PXhbu+/v2TbbrV/h6Vv7aRuANZN7v/Vj7m6rs1t/dy9z1ud/zL94YcC1bERERERk2FgSppE7Fd4t7bQxLpVsVxxYLF2mZYeEgsn2Hz3j08jOjGNTeGGYsnf2cGxuKsmJfs4cO8CO17dwMvMrPLE8FHr5u4dMliSyc6bBvlADzr/5W17ITuCLC5LxnzrAjj+9zrFpD/P3N3daHKdpH2/sLuWm5RlYqvew6e22Z1HGkZubGloIZ6h6eSzUmImzyZ24gZOnAWopevc4CzKmMcF8jvKSd3jjj/tIePjbPJIT1+O9Hfz4Gps6RmZerOXkseOMS0lmiiOKCRk5TOB4KFQ9uJ0dJbfySG4cZ/a9zhvtK7NkclP6uJ5h38VqinZ2TLlOWLCSr37hk2Q528JRN7v/7zf414JQuFm2czu7sxeTNS0Zn+Hrc8xqO3cVZdVuJkz8iA9efYE32qdMTyN3+iUs8BLjJHta273i5703d3F47kqyYmr54J19l74Wp4hcFyKCwWDwajdCpE+tJ3j1fz3Lkdlf54m7Jl3t1oiIiIhccbW1tSQl9bESrki/mij+7RN8e2OnZ99kPMKz/3oP6THwUfGvePz7r3cEQ/GL+Od/+wYLHB2Hf1Syjm//04b2VYx7cCzmu1+J49c/+WOPgCnrkf/LDxdU859P/M9O4VY3CYv456ceJW7bD/j2huN9HASWnEd45p+WYXnzSf7qt6Xd9trJSvdzuKyp2/YkslLPcbiiW/hoyeHxZ54g+/2nePzXB+nLmFse59lvLmZCb0lc3U7+9b8/w+7uVQJTHnyKZx7OYEzTcV7+yRP86mDfU6LTV/wrP/xCTtdnS/ZRdnu5F6vZ9MP/xrM9mh5P7gwvxUe71Re/mB/8/HGmH/8Vf9u22nUfEvK/wb/9dQbFP/tvPPNe93Ju4Sv3wQu/fYePuuyws/yfn+Fh/zr+9ifb+y0fCPf/k11W6P6orpozjU1AHGMmT9ZiNXJZ9H1z9NEzH2VUqtv+U/7xO9/hO995lkLrIh5aouBRRERERGRo4piamdllFeUp2dPag50xybNDi8W0mTiNpG4D/cZkP8C3v7aYHmtNtu1PSSIqou8WWJy38Fff/go3J/S1PwGCceTe9w2+kd97WGDJXsmTX1tGen+DEIcsivQ7Huef757W5/5kZ2/rTw9B3DQ+8/jfs7z3p0cx5c5v8O3P5Vz6ojbDzJKziu9/aVHvYesgJNy4ir9f3ld/9m+MczLp6Rmkpyt4FLkeaeSjjE7hKcf0mEItIiIi8vGiERxyWRqPU7DzIOf8hFYYvmERC6aGUzyfm8O791DiDk3SjZtyC7fN7X3Kre/8cYrfO0h5bTUnGu1MnZpE2sx55KbaoeEgO3Yfp6nLtGsL47IXkZ8RrqupluJ973P42BFK6iwkT5/G9IwbuSk7qWN1a8PPmZI97C4+SHHFecZNySErZy6fyJ3cfsxHpTvZUXK+62IxUXGMi4dzDd2GCkbFMS7Ozzl3t0nIMUncsOAW0sPB60cn9vGXg9WcqT7O+Zhkprgmk507t2OKc2+aqnl35z6qLnbfYWFcxq0syLZ39KPPzeH39lB08ADl9RaSMzOZmXsrN6Xbe5/e3GvZnco1mih7Zycf1HU7r4hIbNFBPBe7zX+Pm8yCRXOJPtRp5GPCXO6/MxX/iQo8CZlk597IbTdOC/Wz0cTJ93by3mlfj3JumAolpdVdp9ib40i76ZPkTowC/Jwv3ceuknKqavyMm5pJbq4TT8lBqtouT7f+Fxlu+r45+ih8FBEREREZxfRLlIgMh/P7OoWPqat49kcrh3k0qcjooO+bo4+mXYuIiIiIiIhct/ycfOtXPPWbTs9jrHiVZ374Q54tqB54cRoRkcuk8FFERERERETkuuWjqfYgxdWdJ6s3UVayj+LTTQofRWTE6VF6IiIiIiIiItctC3FJOdycm4Cvy7MaLUxJiuv9uZMiIsNIz3wUERERERnF9OwqERGRwdP3zdFH065FRERERERERERkRCh8FBERERERERERkRGh8FFERERERERERERGhMJHERERERERERERGREKH0VERERERERERGREKHwUERERERERERGREaHwUUREREREREREREaEwkfpnc+L13e1G3F1+OoqKTlaRYPXGOBIA6/Hy0BHDZXRWEXpoUrqmq7vC2B4PXj9ve4ZfL/6vXg6X6fur0eTj/HnlIiIiIiIiHx8KXwcjTyl7HpzK1vb/vtLMTWeYa4j4KHmaCXuQO+7G/ZtYt3b5R3HVtTg6ePY60nDu+t5sbAKn7eKAx9U0X9WVEbB+gLKhrF+X9lW1m0uwUM9pUdqh7Hk0afs7fVs2u/ubQ8F6zezv9d73qChopKGttCyvID1b3e6At1eGw2VVDaMjjCyYd8mNu1ruPQCPkafhyIiIiIiInL9UPg4GrU0UHOyhaRb88ibm01KdC0Ff1hPYd0w1nGhhF07d7K/up9jjNbQv9V72f7WLkouDGP9o5KbsspW0vMWkntDHvm3pGC5wi2oOl5FYu5S5s2cx8K5yVC2ledeL73CrbiCjL6CQQNfSy+bPQfZWbCdvScGU7iHg7u2s31f5aW37yoqf/M5thzptOFKfx6eL2L9+kIuIy4VERERERERIfJqN0D6EonVZsOGjQxHMjbvWrYUl5N3R9rwFJ8wnwcfmz+4Y6fks/qx4al2dDNjNjPs06iH1AKzueuG1tExam/UsOWy4ku5gz2Y3HsfY7BHjzY9Lv2V/jzsMxgWERERERERGTyFj9eIhLE2aGoFfwlbXqoibaGD0l3F1EXlsPKB+USf3MXmgjKazWaIsJO9ZDnznHUU/r4AljxIXmK4oNOFbHirjGYA7My+ezm5dgAvVXu2sfNwHd4IG/a4ZrCF3uJ+bwMbSm3kP7CUNAu4393A5ovZzLl4kKJqDwY20vJXkJ8aHidYt5dN2w7S0ApYXaTE1eNN+RzLZnYN1tzvbmDrxRScZw5S2WRgWJJZeN9SMqyh/d5ezwnK31zDIdcqls+yAFUUPL+VuhkrePBmB+Cm6KXNGJ9aRZ7TS9VfNlNwvBmCBmbnPO5amoPdBHW717PTksecjwrZWeHBtWgljg83cfCCD95cRxkGybeuJr1qLYWxy3nwZnuoUeVbWVOezqMDhsChureXN2M2A4FE5qxYRo4NOH+QLVv2Uhs0Yw5Ek7xgOflpVsoL1rL7pIHv9HrWF7fQYoAZA4x61j1fRGzWcvID29nckseqT7gADwdfXU9RbD6PhdtT/uZzlCY/yrK0Wva+VUjJGQ+GycCIdDH/M8vIiQfOFLL+Lxby5ngo3FmOZ1I+j93h6rOvOvOd2sv2PSXUegwIGlgmzmf5nTmhW6VsK2uOOMhz1LD3cB1eLDjm3sWKGxyhNwfclGzfGrpnoh3YQ7dgH1pxf7CJdSfq8GLFecMSls91QvlWnvuzh9zlK5mX2Nd725Sz9TcFeHJWsPKm8L2xYTO+rDk0HyqiqtEAWxqLV+STYglds/KCTeysbAaTBceURHxnbSx6IA/nZV7b3lS93fe9VV6wlsLTQMM61u6NJfuuFaSXdf08JODm4NbN7K0zMEdAdPICluenYR3EtejyuRWAxNwVLJtt62jc+b1s3FKKp9XMG+vKMFwLWJ2fNqTzExEREREREQGFj9eMmrNuLHE2iHKRYi9k19sGefc+yvJ4M/hK2fJ2Da47HyXPCdQVsv6N7SR+fjEpk1rYdawBEkOhQ0NlFWQsZ/VNBoXrN1JzBnLt4DtSwPaTCSz9wnJcZg+l2zeyKzzwyX7TIrLLCqhthLREMAwDb1kJDfnLWH2HDd8HG1l3sJQFqTlYqGHXthIi536ORzOt4Clhyytu7PPNPc7JMAw8lXXkrHiUfFsoENz0dikZd2aAr5SCPs4peYKDgpoqmJUG52uoi7FjPlODDwcWXxW1HyUy0xk6p4JzGXx2dQ5WvJRs/gPb9yezcq4d5/RkWjZtZW/WMlY94sJiAtJXY3v9OcpTV7EsM9TGhrroriPA/AZG23T0/pw/QGGlg8VfWEmyKfy+KIAGCt/cD2394y1hyx82s9exknn5q7HvWc92FvPgreHA7sgWnqtIY9WdGaHXp5IwdlfhxoWdOmpa7NhbaqghDRc11NTZcNxkhshYXLMWM3upHYspFPRufK+SnNtTYEI6yf5NbN2XzbJVj+GygO/Ilj77qjNLrIucxbNZZrdAwE3RKxspqshhcSrQamDUlVCe/Gk++4gTS3UBa3eWUHPDQlxAQ9FWivw5rHwkG5vRQNGmjfQ9IdqLJyafzz7iwtJUzKY/7GRv2krmpS0l78hzVNYDA4aPaSy9tZTnKusBB2BgGF5KDzew+NOrWRrvo/jVdRw4soCU2RZ8H26j4Gwyy7+Yh9NkUPOXDWyxpXQLHi/x2vYSssZG931vpeWvpvVi13uRbp+HDUVb2c88PvfFjPZrtnmfI3TN+r0Wbg68U4Ej/1FWTiHUL/5un58J81ixzMf6t2Dxg3mEv3oM6fxEREREREREQM98HMWaqTlUQsl7u9i6aT07z7iYf5MLALMJXDctIzs+HBicrKTGns28tpTEmU1KTBVlJ8CVlkrLydLwc9saKD1pJmV6z6SgoqIGR9Z8XFGAyUaiLbrTXnPPO2ViDgtTbZgB66QkbF4PHoD6SmpM6czLDI+GsiVhj+nnNMenkR0ecOXMSMZWVxUKpPo5J4srEVtDLXWAr6oWpmSQ5K2lBuBULQ2JLpKBqpM12FMyQiPBsJKdloi7LryIiwki47LJXxAOHodbZDQWXx2VJzyhadxRZswA58uo8qeS29Y/1mwyJripLB/kikITnSR+1EBNADhVQ31CBhnW2tCCRJ4aanGRnACY7LiS7Vjw4fUa2ONjMdofomgGk5XsT+XhCg9W7bevOktwkWy3hFZuNuzY47o9mzEunfk3OEN9OsVF4sXwfUEDpSdbSM/NxmYCohzYY/s7URvJGeFrY8slPclN3elw64dyvSJ6bnLNWkhKvBmwkpxkw9sUamFFVR2unDycJgAzrkRbzzfDyF3bAXX+PHRTVtVC6uxO1ywjCXdlGe219XktzERbfNRVVuLxh16bowZR/Yifn4iIiIiIiFyPNPJxtIt1kJyTQf5UZ9eQrFOo4j7nhqjOi6PYsdsMGlqA1DRS/bsorYc8Sqkyp7C0R/bYQEMjRKYOw/Iq9W48Jjs9xzkOwjg7Nr+bFgY6pxRcRiEnPdB81oNjWg6OsweoqQPbmQZsk+ZjwU29G+pOv8jaAx1VWCZldLwwcWntHAxbLp9e3My2XetZ87YN140LWXqDC3ODG0+Ujc7Rrt1mw/D1v652O1MqyYmF1JyA5HO1RDtySbp4gL3VQEQdzROzcQEE6ti7aRsHfTZc9kiaz9bAuM5TxSO7BFkD9lWbur1s3HYQn82FPaqZ+tOQkDqYhtfj9kRjjx74yN6YTeBxN0B4DN7wC30O9BZW9jBS13aI7XV/FI2ta2XYWn0DrNAOYCN36VKa39rJ+t8VYJs4h4WLc0N/eOi3yit5fiIiIiIiInK9UPg4asXimplNL/FPD/Z4G5wJhQ6hsM6DpxnMkQAu0qaEpl67I2swpy7t5TF7NmxWcA9Hs8fZueQnwNW7OR9jw8bA5+R0uKmsbcDXkEByPiSdjaTsjAfb2RaS5oZGrNlt4Mz8HMtnX+k1q0OsU/JYvioPo6GYzZu3sDX6MZYl2rD5DToPFvQ0N4NtsDGoBdf4WErONlDTYOC6yYbTncj5mhpqqMc+PjQ61vfhOxQzk1UP5Iaux5EtPFfRV5n2QfaVj4PvFMOsVTx4Q+gql77+HOWDarcNW38jYAdgBMBmH6ngEcCBfczgPwdG5toOhR1bXAtG18pojrANLlC3JpN39yry/A0Ub93Mlu1WHrtzgK829it5fiIiIiIiInK90LTr68G0ZJz1FZR6w6/dpVRecOKaEnrpmp5Ka00JB09CyozeppJacI23UVteghcg4KH2XPOltSXRQUJTFaV1oZfG6VKqmvo5vsWLJxD6sOZIBcbE5NDIvYHOyWmnvuoA9WYnLhPYJ7nwnNlLrcdF8qSOY+oqS2krAr8HT/uLwTGbobkpHEn5Gyguqwd/19FlRqCXNwZ8+PzhMhy5pDuguckDiSm4Ik5SfqrtuHLKqi24kgf/0DzHBAfNZw9Q0+jAlQhMcWE7U0rp2Vhc4dGrLX4fRFlCwWPAQ+VpDwT6Xr14cH3VQosfoi3heNlTSU0jEBxMq104HR6q2m4Mfw11jYM7XzzFlNU6Se5rjZ/u59XPefYnaVzXz4GSivo+6rv0a9vaqW2Dubf65iBlkpmT5TXtW8rLq7C4kvtew6cTny/cjigHuWmJ0OxhwMnTw3DvioiIiIiIyMePRj5eDyw5LMmr4ZWX1lMx0Yr3tBfnJ5eT0zaIbWIaUy5uoTQmlwf7eIydY+48XC8V8OLavZiJJjkrHdvRGqrIIHkwbWgbEWXKID+vkj+8toaySDDHJ5PQ31DIxkNsev4ABgZGbDqL70oZ1DnZprqI3FSCN2N5aKXliU4Stu6iMimPxeGibXMWkVOxiXX/tR+LGQwjmpRFnVblHgT7jAzsrxSw5vndEGEjY/5sXLurqPDnkBGVhDNhF4W/24D7jpXkTex4n/f4bjbtrsSc4CLWX0ttaxr5OTbAxsIl6Wx4fR0bnQkY585jnrWExRP7aECiA1thIWufLyL51tXkpwFTk0kq2EV5Uh75ABYXicEiSnzZLA9fX1vOHJIP72TN83tDqxLfkIyjpopyfzZpvUyvHVxf2Zh9QzIv7lrD2n1msCQze4qDmqpyjKy0PkbcteILD1/NuCmXg5s2sabCgjnCRvo0Fy21NXhxdBstG4vN2kzplrWUmYBANMmd7+fOJjixFxayZoObpSvzcHV/3Ue3dtbiD43lc8zPJ/uVTaz7r9DnQMokG/h7Hn+p19YxwYFRsJm1H83nc0uzB7i3INFhY9eetazdm8yCz+fTPXt15S0h/ZXNrNuYRELgPOfNOSy5rb8zDl8Lfzm7X9tJpdmBK85H7RmDtE8tpseXhvgk7C0FbHq+DHvWclbMdQ3t3hUREREREREBIoLB4KDGLck1IODD22RgjrNe4iIqBl6P7zLe37UtPsOCJaqGXc8X43h4GdndymzYs56N7lweuzMDw0/vi15c9jmB4fXQHIjGFnep068NvF6wWoc+vdTX5KHFFIutx3sNvJ5miLFhHcxiH5dk6NdzUH3l9+LxmS+tP8PX02KzjtzzNi+T4fNhtljwHdjEHzy3sGpBj/WugeG6tpd+b7WX4PXQTG/tGIDPi6cFYod8La7EvSsiIp3V1taSlJR0tZshIiJyTdD3zdFHIx+vJyYL1j5GNg6OGavtkp/Y2C4UJFpCgVddJTURNtIGCL/6XG33ss8JzFZbz1FdQysB6yV2iyXORu8RnRmr7TJPbEBDv56D6qsoK7ZLDZ2G4XqOGL+BEWXGbLEAXsqq3Nim9j2leHiu7aXfW+0lXOr9bbFiu6Q8/krcuyIiIiIiInK9UPgow6yOvZveoLQJMIERYSNnyYo+p79a4xOuZONE+uQt384r79ZimADDIHrKIpbPujqLFYmIiIiIiIhcLzTtWkRERERkFNP0MRERkcHT983RR6tdi4iIiIiIiIiIyIhQ+CgiIiIiIiIiIiIjQuGjiIiIiIiIiIiIjAiFjyIiIiIiIiIiIjIiFD6KiIiIiIiIiIjIiFD4KFdfwIe3ydfrLl+TF1/gEsr0e/F4jctr1xVj4PV46b21/e27DIPon0vu+6vA8Hrw+q92K0RERERERESkO4WPcvWd28um9QWU99jRwN7XXmTniUsos7yA9Vv247n81oUZNFSUUucdtgI7KaNgfQFlfe7bzP7hO5GQ8gLWv917jSGX0fcjIeCh5mgl7j7C0LK317Npv/vKtacaflZ45aobFB+88BK8cKzb9mr42UuwZ7jvIREREREREZFBUPgoo0PAoLXXHQa+lksss9VH7+MpL0Ulewt2sfvo1UhwLqMPBut8EevXF9JwpesdrAsl7Nq5k/3V/RxjXMGRrhfgW3vgzJWrcWAX4OXD8ItCuNhpc0Ux/LQYdvTXdyIiIiIiIiIjJPJqN0Dk2pDG0i+lXe1GjJwrGdxdioT5PPjY/KvditHNC+50+HI1FPrgNkto845D8NWZwDUyhV5ERORyBYNBDMPAbDYTEREBQCAQIBAIdNk2HPW0trZiMpkwm8191i0iIvJxp/BxNCrbyppjNnKMCg6e9WFgI+eulcx3Ar4a9r5VSMkZD4bJwIh0Mf8zy8iJNyjZvI6a7NUsTg2XU1/I+rdg8YN5OM4fZMuW/dQHwTBiSc+/i4VTrOAvYctLVaQtdFC6q5i6qBxWrsygautm9tYZmCOAqFTyH1pIcpdGeigt2M7ek258gBGwc9NP9gAAIABJREFUkX3HcvImWQA3RRs248uaQ/OhIqoaDbClsXhFPinhQMR7spBtu0qoazFjGxtLM7Y+u6OluoD1e8rxBM3YUhexPD8Na6gUqv6ymYLjzRA0MDvncdfSHOxt43kDLVTt2cQbR+rwBi045t7Fihsc/bTdTMnmNVSmPcayzHAZvhK2vrSXWgDMJC9YRX5qR93by5sxR4B5XDZLls3DaQLOFLL+Lxby5ngo3FmOZ1I+j33K2sd1G8wN0UpLVSGbtpZS5zWwJM7jrntzcQzQB75Te9m+p4RajwFBA8vE+Sy/M6dnT5/fy8YtpXhazbyxrgzDtYDV+fZQze4Stm4oosrd8xq26+9+7e3+emA2nl77ro7C3xfAkgfJSwyXfbqQDW+V0QyAndl3LyfXDgTclGzfSlG1ByPagT20u5335C42v11Bs8nAiEhi3rJl5CT0cW0WOzg44P0+BAHY8Xv4UWXo49S58ItlEAO4D8H33oAdF0L78j4Jv1gS2rdjHezPhax34aul8NN/gLwD8HgTPH4Rvvo+HDbBL74Ij0/vpV4P7AB+Oh22HIPbZgIn4ZUJ8IsJ8LMLna85/OiXsBmwBuC+lfB4RmhXb+24zwQ/+hXsCIC3Fb78BfhyyqV2kIiIyMhqamriyJEjzJw5E6s19FOj2+3m1KlTZGdntweFl8vv97N//35sNhuZmZmYTCYuXLhAVVXVsNYjIiJyrVP4OBq1Ghinq/Dd+TkenWjGe3gLLxYUkv5gHo7IWFyzFjN7qR2LCdzvbmDje5Xk3J5C8oRYisrLITU0Qs9zooaWiXk4aKDwzQPYPrWaZZOAukLWv7Gbys8vJiUqmxR7IbveNsi791GWx5uhbCsbWmay6ou5oZDP39uouEgS0hdw3yecWKPAKNvK2ncOkHP/PGwYGIaX0sMNLP70apbG+yh+dR0HjiwgZbYFfKUUFFSRcMejLJ9oxnN0Kxt39j3yzuNPYsXn87FRRcFL29ldnsbiNPAdKaDgXAafXZ2DFS8lm//A9v3JrJwbTqG8VdTEfprPftGJpbqAtTtLqLlhIa5+2p6e7KSwohQyw0nM8UpqJyxg9eI0Sl9/juIzDZDqCNVd4+KuL+ThNEHd7vW8UZDI6ttTYEI6yf5NbN2XzbJVj+GyAAF3n9dtYF6qamL59GcfxRlZRcELBZScymXhpP77wBLrImfxbJbZLRBwU/TKRooqcjrC6TYJ81ixzNcRVAOEJ2DXVTew+I5eruFg79de7i/fkS1s6qPvUia1sOtYAySGW1FZBRnLWX2TQeH6jdScgVw7NBRtpcifw8pHsrEZDRRt2khlW3t8pRS8fZ6Mz64mxwrew1v4w469JN8/D3tv16ZsK0UD3u+Dd6YAfjYW3vouEIAXnoFnp8M3p0NMAnzz7+AXVqAVfvQj2HELLLPBbbPg9t/BDx+A44+GywrAK+/Asi9CyUq4+C5Y/wJfnh4KLLteB5gQBXNy4PF34bszoeJA6LX1PJzu9LzSF34DLIfCmYAXvvdT2PI1WDa293a88DOY8BC8NQWohft/BTd+F+bowR0iIjIKeb1eDhw4QGpqanv42NjYyLFjx8jMzBy2ULC1tZWSkhKio6OZOHEiCQkJXLhwYdjrERERudbpV8fRKi6ZjImhH1isWWkkeWqo8AAmO65kOxZ8eL0G9vhYjPCD+WwzUrCdqgiHMD4qT3lwJbvgfBlV/imkTQqX7cwgObqBmnOhl2YTuG5aRnZ8+AckiwVL40lK68JPTIzq7QcnK85kJ9YoA2+TD7PdRmy3Zyy6Zi0kJd4MWElOsuFtCj8v8Xg5NQnZzA+fn22cjeh+uiIxNRtbFBCVzMwUC7Vn6gCoOlmDPSUjPArSSnZaIu662k59mM78G5xYTMDkJBIvesIL0PTddktmKs7T5ZSGp6iWVtTjSu053brqZA32zPBIR8CZnUJ0dVm4781gspL9qbxQuAX9XreB2Uifn4vTApiSSUrw4fF0akdffZDgItluAZ8Xr2HHHjf0Zzh2voau8daOa9hdX/crPe+v/vrOlZZKy8nScPTZQOlJMynT7d0qa6D0ZAvpudnYTECUA3tsp90nK6mxp5IR6hSsWWkknq9rH73a49oM6n4fvMJDcN/s8AsT3JYLhSdDL2NckGoFvHDRBKljwN32gMZIYCZ898ZuBWaFwkaAmFS47xz0trTOmXrIcwDT4f7jsCcAOw6GwsQYK7jbwscG2OyDh2eGX1vh/gzYcqiPdoSPv21K+HUS3B8Lh7s+IFRERGRUaZtm3V0wGKSuro6ioiLeffdd9u/fz8WLFwkEAhw/frx9e11dHcFgkPr6eioqKqisrOTdd9+lubm5S3lWq5X4+HjKysoIBAIEg8H2fRcvXuTQoUO8/fbb7Nixg8rKSoLBIH6/nw8//JDjx4+ze/duDhw4QF1dHe+99x67d+/G7Xa3v/+DDz7g3Xffpbi4uEfdIiIi1wqNfLwmJHQER3F17N20jYM+Gy57JM1na2BcOByzpZMSt5GyCkiZWkFVfRJpU4Hjbjy+GrY/X9GpTBvZnTOWzo+kmZLP8pu2snXzWvZaHGTMX8zC9O6Tdb2UF2xiZ42FpPGxtLpr8JAxqLNpOO+BKAvdZ+8OhtkUidd9HrBQ74a60y+y9kDHfsukPtpg6nyy/bTdkkFqYhHlRyFjRinlZ11kLO1emJt6N0RO6XQGCXZs/gY6sr3IrtF+oJ/rNkTm9nLd/fdB3V42bjuIz+bCHtVM/WlI6D7qcUj1DvbLRaf7te22ab+/Bui7SWmk+ndRWg95lFJlTmFp9+yRetyeaOx9JNbuc26or+HF5/d3bIxJ7nR3drs2g7rfB+/wGVj3O3ihUx1zPhn692IprHoJJqZAaiv8ugG+1/nNw/TnoNuyYMc7UDgB1lkgZizsaPv0r4MdFsKBdchER9eRkV3aUQc7PPDYT7rW8U396UpERK5Bra2tfPDBB7S2tuJwONoDynPnznHo0CHGjRvXfswnPvEJmpqaeOedd0hOTu71GY4RERGkp6dz+PBh0tPTu+wzDIOWlhaCwSDNzc0UFxczfvx4IiIieP/990lNTcXn81FZWUljYyMA5eXlWK1W5syZQ3l5OdXV1SQmJraHoTfccAMmk74Ji4jItUXh47UgUI+7yUpyPPg+fIdiZrLqgfAU0SNbeK49U7STPtXGpqoaoIr6iWksMwF2GzZLOgs/vxDXIKu0Zy3lwSzwVO5iy44tFNo7PYcP4NRedp9ysvjhfJJNtD9fcjBscdbeh24NghFoxRqfANix28CZ+TmWd58GPJB+224hI8VJUUUpRlQV5yelk9bj57tQ3bU+H7RFqB4PzSZzn59Q/V+3S9VfH/g4+E4xzFrFgzeEYqbS15+j/HKrHIxO92tPA/Wdi7QpoanX7sgazKlL6ZE9YsPWY85xpxribZCYzeeW5ww64B7wfh+CVAd887Pw5Sk99617BW77Ajwenm0/8WeXVkdvKs5A1qzQx3Ny4HsvQtZdnaZntw3+SIQ8H3TOGk9fCE0J71Ui5Nngp/8El5Fdi4jIx8DpugbcjR/1OuJwJM2cMbTvUF6vF4vFgsvlIjExkejoaA4fPszFixeZPn06Fy9eZMeOHTQ3N2O1Wjl//jxz584lNTWVyMiuP+0ZhsHYsWNJTEykrKwMh8PRvi8mJoaUlBQ8Hg+NjY0UFRXh9XqJjY0lGAySlJTEpEmT2Lx5M4ZhcMsttxAMBjl37hytra2UlpbicrmYPn06FRUVnDhxgpycnC7h46Gjl/0DpYjIoJhMJuzxY5jodAx8sEg3Ch9HK38LHj84osD7YRk1CS7yLNDi90GUJRRgBTxUnvZAoOMZdfZUF9FvlLOXGuyTFoU2JrpwGLspPwWu8NRrT6MHW3wfo7v8PnxmCxYT2FIySLaW0ewBOocxvhYMcyzRJgCDhqp6mgOJDOZpeRZXIrb95ZR4M8i2gqfWzaAmkfirOFQJU25zAuBy2tlVWYp3dk74WX0ePK02bNZ+Sxmw7ZbMVJzFVRRaakmatrjXIlKTnew63lG3+0glbmdGn4uUDHTdAIwAQx751ncftNDih2hLuDM8ldQ0AsFObw4M4wrXfdyvvRmo71zTU2ktLOEgkHJHb/eoC6fDQ3FpHSQ6wV9DXSMdC85McmIvrKDUm0OOFcDA0+jDFt/HjdHX/R5fR/mxeizJ2X0Eqb3LSoXvHegUPnrAHQd2E7h9MLGtGQ3w/kdw4zD+fmZt+4o+HR7Pgolt07+dcF8dnAEmjIdlJthxMtzGtunZf9VHoeNDYWX78YD7AtjHDl+7RUTk2ne6roFAIMCM1Mmj8lmHfr8fgMjISGbPns3Ro0c5ePAgdrud3NxcGhsbMZlMeDweWltbmTp1KlFRUQQCASwWCwkJCURFRfVadmRkJDNmzKCwsJCYmJj28//oo48oKSkhPj4ek8mEyWRqn5YdFRVFQkICFouFyMhI4uPjiY6OZsyYMbS0tNDa2orH4yEYDHL+/HmioqJwuXoOIxhq8CoicqkMw+DM2XOcrmtQAClDpvBxtDKq2P37tew0GRgkMf+ueaFsJWcOyYd3sub5vZgD0STfkIyjpopyfzZpUUBiNmnWjRSX2cj9bFv6k8KC+aX8YesaKixmMAzMjjl8+u62FZO7qjuwmW0fNhPrTMTcWIPbOoe7uv9ckzqHnH2b2Ly2DDNmbFkZJBuVnHSDs+dQNQBa/OFJyYnzmDfxRQpeXMteM0QnZ5MeX0pNFWR0Se8s2MaYKS1ay9q9QMCMfeYSlk8M7bXNWUROxSbW/dd+QqcVTcqiFeSn9j3ezQgMou2WDFLHFVFUncLi23svxzJrCQtrXuHFlypwxXip8TrJ72ekna3f65aEM2EXhb/bgPuOleRN7LP5HYID9YGN2Tck8+KuNazdZwZLMrOnOKipKsfISsM8wYm9sJA1G9wsXZmHKz4Je0sBm54vw561nBVze6+2ta/Asq/79VL6bmIaUy5uoTQmlwf7yMczbsrl4KZNrKmwYI6wkT7NRUttDV4cWG3zWDRrA5t+v4b94fs9emo+Kz6V0uv16fN+ry9j754SLK2pJN/QLbiMg1vPwsQnum4reRLm3Al5/xuyP4CJptAIw+89BsvGw6p8uO1Z+LUVYpzw5RzYUgoPJ/XRWb3pNmqxzekGiGl/xigse6DbAYGO9335EXjsV7A/BS5Wg30JfLOfYdGPr4S7fgUvxAGtEDMZfv0oTBhCs0VE5Prmbvxo1ASPFouFqKgoGhsbSUxMJBAIcPr0aWJjYzGZTEyePBm73U55eTn79u1rX5gmEAhgs9mIjIzE4XBgtVppaRncA7MdDgeJiYkcO3asfXRkbW0tJ06c4M477yQYDA6pb8xmMzExMURERJCQkIDdbsdkMo2K/hWRjyez2cyE8eM4WlGt8FGGLCLY+anIMjoc2cJzH9hZ8WAedr+BuccCGAZejw9znDW0mEp39YWsf9vC0pXdAqCAD29TC8TYsPb+h9tudTRDtA1rP3NXfU0eDMtgyuulBq8Hn7n/8gdbTnMgGlvc0Aq6nLZ3FOLF4zcPsu4Brttl6LMP/F48vsG27xINeL/2YUh914uAD2+TgcVmpdca/V48FyF6UP09uPt9KC42hRaVsXcfcOkDt9HL9qvgogewQsxg/gwVAHdTaPGaQR0vIiLDpra2lqSkofyl6so7dLRi1IzCa21tpaioiPPnzzNu3Dh8Ph8NDQ3Mnj2bKVOmcOTIEXw+Hy0tLVRVVbF06VJ8Ph+7d+9un4YdGxtLZmYmFy5c4I9//CP33HMP48eP71JPc3Mzr776KkuWLGH8+PHU1tayefNmEhISuPvuuzl16hS7du0iPT0di8XC4cOHWbhwIePHj29/n91u509/+hOpqanMmTOH4uJizpw5w5IlSzhw4ACVlZW4XC78fj+TJ09m6tSpvT57UkTkShlNX+/7ci183/y40a+Qo1zvQY4Zaz9ziys/KMOa+bmeI89MFqy2wSYrZqy2gRfdsMRd+sIcZquN4chfzFYbl9KKy2l7RyFWBt2lA1y3y9FnH0RZQyuFXyGDDh5hiH3XC5MFa3+XcEjnPrj7fShi4jo9b7EzC32OCr3SYoZyyiawD28XiYiIjIjIyEhycnI4evQoXq+XiIgIMjMz24M7s9mMYRiYzWZuvPFGxo4NPUtk5syZ1NbWEggEiIyMJCIigtjYWG688UZiY2N71BMVFUVOTk77PofDwc0334zZbMZkMpGUlERWVhY+nw+r1Upubi6xsbFd3mcymcjKysJuD/10MGHCBGJjY4mIiGDGjBn4/f4uU8ZFRESuRRr5OBod2cJz5Sk8dlf2EN5UTsHzu6kKgHnCfO67I2NYgj2RAV3S/SoiIiKDdS2M4BiNI2GCwSCGYbQHjp0ZRuhRMp2393f85bbBbDZf0ojFYDBIa2trexgqInK1jcav991dC983P24UPoqIiIiIjGLXwi9R18IvoyIicvmuha/318L3zY+bYX7ynIiIiIiIiIiIiEiIwkcREREREREREREZEQofRUREREREREREZEQofBQREREREREREZERofBRRERERERERERERoTCRxERERERERERERkRkVe7ASIiIiIi8vFknDvG2+/XUe1pBcBii2fmjTnMHqdfU0RERK4XGvkoIiIiIiJXXt0hXv5zTXvwCODzNLL/z+9RWHcV2yUiIiLDSuGjiIiIiIhcYc3s/7AeL2AeO4E77v4kX7w7i5ljTYCPYx8ewzsc1bR4aGwejoL6YbTQ2NgywpWIiIhcuxQ+ioiIiIjIFXaa0xcAYsi8NYOJUUCUk3m3OhkLcKGR48NQy9nX/oHcr73M2csp5MP/YOVDa3i/r3yx+Ofkzvs5719OHSIiItcxhY8iIiIiIiK9amHPxl/yfkYaM6OHu2wPW/8+m2lPF4+SckREREaGwkcREREREbnCJjJxLMBFjuwp5bQf8Nexd08dFwDGxjPtqrYvrKWIN34HX1gyn2HPHmnhQuNoKkdERGRkKHwUEREREZErLJY5sxIZEwHGhTO8+dqf+a/XDnPoQgAiLEyfNR3roMtq4dBzj5I7I5tpM7LJWvQwzxV3miPtq6bg2b9hfm4203Lv52f7Ova1fLiGVfPD77vnSbae6lpy47aX+d2kv+GBW6Lh1DaeuGcO02ZkM23GfO74p22dpnM38v7LP2Tl/NC+v321uqMQo5qt37ufrPD7Vj13mBbqeemxRTyxE3juYabNyObH+wCjnreffjh8LnP4zPe2UWWEy+m1/j7KERERGUUUPoqIiIiIyJXnnMm9i1xMtkW2b7LY4pmz6CbynEMo5/Bv+bunG/nqH0s4fng/O3/7JEtndBqn+M5vean1bn7zyst8Z95hnv3PcGh4fhvf/vzPGf/kTo4fLuI3txTxtz94rVOgWM8br24jeeUiZpo9bP3Z13kp+2mKD5dwvPhlnlk9h/Htx77MS3un8c3fv8a/PzyWrf/j5fZnQB567m/426N3sKG4hOPbvk700w/zi+JE7vnfL/MvtwBf+CXFRUV8MxcaX/8BX3p9Dv++t4Tjh1/mnqNf5xvrq4G+6u+9HBERkdEkcuBDREREREREhp953HRuXzx9GEo6zhtvFrF06nySp2V13bXoe/z71+9mPOC8cxE/fj008vHsn19mU/PDrLszEcyQnjufma3xHdOrT7zJSzuzeOw7WYAntG3/Tt44PId7siYzs0s1j/LUTx7mRoDPLIEXfOHtxbzx78e59Tt3MTMWmJpN3qxcomMhOn480RYgOp74BBtQz9bXtsGdL3BrPMA0br19Mj/eWczZhz/ZZ/09yxERERldFD6KiIiIiMgV5TtfzaHjZ6mu/4gLLQGMtqnFZhOW6BiciXZSp01lWoJl4MKyHuHXPznLE08/yiefjWbmA0/z//5lCcnmAd4XrjM6fNz4O3/An+7s2F2282Xez72fZ6YB2Fj6T2v45pP/wPfve5knEubznV//ksdmDfwkyJZmiDbHhF/l8tgra/o89mIroenTz3XaeNvl1S8iInK1adq1iIiIiIhcEb6zx3jzjT/z+7fLOXCykXPNnYJHACOAr7mZ6pM17Hp7D8+/sY/9Z319lhcSTfr932ND4X7+vOZhol9qm6o8gHDo2GL0ss84zNbfHGbp6s+Q3LZt/Hwe/+VODhe9zFMLTvHjz/8v9rT08t7urYuFFuPiwAcCMZHAo2s4frSk479fhkZtXmr9IiIiV5vCRxERERERGXEfHd3HS3+p4bQXiIphcmoqn7ptLg+t+CRfbP/vVu6/LYP5qfGMjQLD+xEH/lLElqP9LOd85jDvn2oBczTJtyzh1klw1uPp+3gfXATGz1nEjbzAf74cCipbTu3kd9vqQ8cUv8YvTi3hzgVt05hbKCs+TKMBJGSRvygLmhtp7Cf8C4WaWeTdH82e3/yePY2A4eHQy6/xfuf3tbS9SGTOolx4c2foWKDlRDHvnxpk/S1KIkVEZHRS+CgiIiIiIiPsJIVHPsIgkvGZWTx093xuz53C1LFj6Dqx2sKYsRPIzJ3DvXffyh2ZY7AQ4OyRco70UXJj+Zv8+L7wKtBZD/O78V/nmS9k9X6wGXjnMNUtwNSHeebpRbz/vTtCq13f90vKWi8CLezZ8gJ84WGWJrS98Szv//KvmZ8VWhl7/v/Yz/Knv8bS+N7qsBDNfsqqAaK59ZtreDz6BVbNy2Za1iK+tO0s0QZAIjNvySL6d48ybcbdPHcUku99ku+kbAgdOyObrAee5o+l9QPU37McERGR0SQiGAwGr3YjRERERESkd7W1tSQlJV3tZvTr0NEKZs5I7eeIcrZsrOZszDjuuDOHiYMuuY5drx/m+MUxzFkxl9n9HNly3kOL2UJ8/BCfg9jiobEZouNtoec/Nm7jv8/7R8aueYd/WRDd/7FDqea8h5ZoG/Gxgzi20UMLvZzLZdQvIjIcBv56f/VdC983P2604IyIiIiIiFwZF8/x5sY/j0jR0Qk2Lmn5lWgbnTO+xqKdbJr0N/zpll5K63bsSLUvOr6PYy+jfhERkatF4aOIiIiIiEhY/JIfcHgBGlkoIiIyTBQ+ioiIiIjICEtj2Yq0q92IQYsexNRoERERGRwtOCMiIiIiIiIiIiIjQuGjiIiIiIiIiIiIjAiFjyIiIiIiIiIiIjIiFD6KiIiIiIiIiIjIiFD4KCIiIiIiIiIiIiNC4aOIiIiIiIiIiIiMCIWPIiIiIiIiIiIiMiIUPoqIiIiIiIiIiMiIUPgoIiIiIiIiIiIiI0Lho4iIiIiIXBaTyYRhGFe7GSIiMoIMw8BkUowkQ6e7RkRERERELos9fgxnzp5TACkicp0yDIMzZ89hjx9ztZsi16DIq90AERERERG5tk10Ojhd18DRimoCgcDVbo6IiAwzk8mEPX4ME52Oq90UuQYpfBQRERERkcs20enQL6UiIiLSg6Zdi4iIiIiIiIiIyIhQ+CgiIiIiIiIiIiIjQuGjiIiIiIiIiIiIjAiFjyIiIiIiIiIiIjIiFD6KiIiIiIiIiIjIiFD4KCIiIiIiIiIiIiNC4aOIiIiIiIiIiIiMCIWPIiIiIiIiIiIiMiIUPoqIiIiIiIiIiMiIUPgoIiIiIiIiIiIiI0Lho4iIiIiIiIiIiIwIhY8iIiIiIiIiIiIyIhQ+ioiIiIiIiIiIyIhQ+CgiIiIiIiIiIiIjIvJqN0BERORKCgQh2P5vkEAwtD0IBDt9TPh1+8ft24IEgYjw6wgi2l90bAv9r8vrPrZHRITKiAhv79gmIiIiIiJy7VP4KCIi15VAEIxgECPYPWiEQFu6OAw6QslOCWVvBwyptA6hEDKiRyDZ5eP2baHw0qTQUkRERERERhmFjyIics0KAkYAWsNhYyhwHL6A8WoKjcQMdt3Q79EhEYApIqI9iDSFQ0kTEe0fi4iIiIiIXCkKH0VE5JpiBMEfCNIaCI1wvD6ixuETpGPkZ889IaaICEzQPlrSRFtI2bFdRERERERkOCh8FBGRUS8QDhz94VGOcnkCwSAB6GU0ZWhD2+jJiE7BpDkiArNGToqIiIiIyBApfBQRkVGrNQAtgSD+gALHK6lt9GTXcDL0whQOIc0KJEVEREREZBAUPoqIyKhjBMFnBGlR6DjqBIKhFcL9QG+BZJQp9LGIiIiIiAgofBQRkVHmohGkxdCzHK8lnQPJi0aQyIgIIk0KIkVEREREROGjiIiMEv5AkItGeLqvXNNag0FajY4gMiocRGp6toiIiIjIx4/CRxERuaoCwVBI5dMU66uubbXr4eYP0P7cTgWRIiIiIiIfLwofRUTkqmkxgrQYENAk66vKHBFBjDk0QlFERERERGQ4KXwUEZErrjUAFwNBWjXa8aozRURgi9IwRBERERERGRkKH0VE5IoJBKElEFpQRkYHq/lqt0BERERERK5nCh9FROSK8IUXlAloQZlRJTJCox5FRERERGTkKHwUEZER5QsEuyw4IiIiIiIiIh8fCh9FRGTYBYIdoaOhkY6jWmswSJRGP4qIiIiIyAhR+CijVpBQgBEIBgkEQ6+DQFuO0fY6IvyfKSL8cQSYiMAUEdomIldOa3iEoy8Q1PrV1wivgVa5FhERERGREaPwUUaFIKHQojUYxAiAEYTLiy5C7w2FkhGYw0GkOQLMEREKJUWGmaZWX7sCwSAeP8SYIxRCioiIiIjIsFP4KFeNEYTWQJDW8L8jEVkECU357LqwbhBzRASRptBCC5GmUEgpIkOjqdXXDyMYpKk12P7HmrZR5BGE/mgTpb/YiIiIiIjIJVL4KFdUMAj+YBBfIBQ4Xi1GMIhhQEs48ow0RRAZ0RFGikjvAsHQCOW26dWKHK8vbY+5gNCo8bjIUBgpIiIiIiJyqRQ+yhXRNh3TH7jc6dQjozUQpBXri6LIAAAgAElEQVSA0MifyAiINIWmaOsXb/m4a3skQtu/8vEQbUJf/0RERERE5LIpfJQR5Qtc/VGOQxUIBvEFwRcATdGWj6OuoxtH5x8MZORpqrWIXKuCweD/Z+++o+u67jvRf0+7Db2zgF3sRSTVLCkqdizHlm0pLrHlFDuOJ7HjlMnMezOe917eelnJJFkzzps3JWOn2HHsRBk7rnGPY9mWbMmSSImi2CmSYC8g0W45fe/9/jgACBDtArjl3IvvZy0QwLnnnrNxCdzyvb+9fwjDcPx7XddhGEYVRzQ3KSX6+vrQ3d2Npqamag+HiIiopBg+UskpdTN0rId14CZO0dYwYYq2zqpIqg8KgBitauT6jTRG4/0bEdWoIAjwyiuvIAxD6LqOIAiwceNG9PT0QIvpnZsQAseOHUMikWD4SEREdYer21FJ+VIhFyo4QtVlgKEQTR93hEIukMgFCnao4Mtbm9oQxZNU0e+wK6IGI9lAYcSXyIcSbp3+3dLC8D6NiGpVGIY4duwYgiCAZVnI5XLYv38/XNet9tBm5fs+hBDVHgYREVHJsfKRSkIowBUKQQ1Nry6FsU7aY1O0xzrFsjKS4kCom7+jYrSicWn9hdJiBELBNHknRkS1ybIsbNu2DV1dXbh8+TK++c1vIp/Po7+/HxcvXoRt2+jp6cGWLVtgWRauX7+Ovr4+aJoGy7KwdetWSClx8uRJ+L6PIAiwZcsWZLNZJBIJrFy5ElevXkVfXx927dqFVCqFEydOYNmyZWhsbMSJEydg2zY0TcPmzZvR0tKCGzduIJfLQdM09Pf3Y8eOHchms3jttdegaRqGh4erfbMRERGVBSsfadFcoZAP5JILHqcjlZpUGTniR9VlrlAIefNQmSgVNYXxRFSJmwsUhn2JXCBhhwqeUAgZPNI8eTL63SEiqmVKKQRBAF3XoWkaXNeFUgpCCBw/fhxXr15FGIY4ePAgBgcHAUTrLwLAuXPncOrUKSilxj8GBwdx7NgxCCHQ19eHgwcPYmhoCJ7n4dChQ7BtG6dPn8a5c+eglMLAwAAOHjyIIAhQKBTw/PPP4+LFiwiCAPl8Hi+99BIKhQKklJPWqSQiIqonrHykBVuq1Y7zoRCtoRcAgIjWjDRG14w0tKibNns6ULGkij6EUqOfow/GirQY1ixV2grR/TwA6BpgaRrXgiSiGV3pH8BwNj8e3lXK9k3rpmwLggDPPvssMpkMPM/DunXr0NjYiGQyiYaGBniehxdffBGDg4NYvnw5HMdBIpHAihUr0NnZiWQyCd/3Yds22tvbsWzZMjQ0NMBxHJw+fRqu6yKXy2H16tUYGhpCIpEAADQ0NOD555/Hxo0bsWvXLly6dAlPPfUUbr/9dqTTaQwNDeGOO+7AunXrcPHiRQwODuLxxx9HMpnE1atXp/35zl68goId7ynjRFT/dF1Ha3Mjlnd3VHsoVIMYPtKCRNV9UaUfFU8h6vwdTtiiIQohDQ0wdIxP3ebr+6VLTpguPRYySlYuUhk0WzrfACGikrjSPwApJTat641FZ+mxjtdSSnR2dmLLli0wDANHjx6FlBLNzc0wTRNKKZimiV27duHkyZM4dOgQWltbsXv3bqxZswY3btxAX18fTp8+jb1796K5uRlCCAwODiIMQ6xduxbXr1+HrutoaWkZX2OypaUFmqahoaEBSin4vg9N05BIJNDW1ja+X0NDA9LpNADANKd/aba2d3klbzoiomkJIXD1+iCu9A8wgKR547RrmrexRhUMHktDIeoy7Mloymw+kBjxJbLBzSnbgYwq3ai+iNHO8GN/U2PTpbOBHP+/j5oZMXik0ms0GTwSUekMZ/NY1tUei+ARiNZ8vP/++/HII4/g3nvvRVtbGxzHwaFDh9DS0oLVq1ePh34A0Nvbi7vvvhvd3d04dOgQRkZG0NjYiPvuuw8bNmzA1atXcfbsWWQyGTQ0NODChQuwLAs9PT3I5XK4ePEili1bNt6tOpfLQSkFx3Gg6/p4ZeREyWQSjuMgCAIIIcY/ExHFkWEYWNbVjuFsvtpDoRrEykeal7HOzlR+cnRqbTC+JaqS1Eenauta9O5B9HW0jTlCPChE6zBKRJUXUkXbxj6PVTISVUtC12Dy7UciKiEpZWyCRwDQNA2maU4ak67rSKVSOH/+PEZGRgAAuVwOnufhxIkT8H0fnuehqakJlmXh/PnzuH79OgzDGA8dTdNET08PDhw4gDvuuANNTU2QUuLy5cvYuXMnLMvC5s2bcfbsWTiOg8HBQaxZswaZTAa+708aY3d3NwzDwHPPPYfGxkbouj4+LiKiODIMo+JLa1B9YPhIRSuEXN+x2qLgKpqOO/USQMOEYHL0w0C0RpsOcK22RZouVJSTto0FjPw7oXhjxSMR1TPLsrBz505kMplJ2zOZDPbu3Yv+/n5omoYtW7ZAKQVN02AYBoQQMAwDe/fuRUtLCwqFwvj07fXr12Pt2rXQNA3r169HoVDA2rVrYZomtm7diqGhIbS1tUHTNGzYsAFhGMJ1XbS2tmLz5s2wLGv8/GPjam5uxp49e3DlypXxqd/JZLIaNxkREVFZaUqx/IbmxuCxdikpIUe7OuqjT64NXYeha6OVlJjweTSo1KLrTZz+YxgGLMuCrtd+udRYiDj2G61GA8OJ2ycHjVxzkepLQteQMZlAEtWKa9euoaenp9rDmNWRk33TNn6Jm7FO14ZhQLvlXdmJz3nGSCkhhIBpmlP2X+h5FrIfEVFc1ML9fS08bi41rHykOeWCaM05qi2B7yMIfET/dQpRxHjzs64bURBpGICmQdf1qJpPCoRBCCEENETTljQoaBCA5iFpJZBIJKCPlk5F+4wGl6MbJj51vvVp9MTn1RMvm/QbpiZ/P+Xr8YAwuuTWwBDAlCAx2q80AeJYoDsfuq5B02o/uKX6INTNewMioqVkbDr2dKabNq7r+oLeeJ3tPAvZj4iIqJbxkY5mNeJLVnvVGCklXMeGnFKpqiZ9FkLMuah5FPRNvl4gPGiej2QyCdOypjl+bYqCVzkaLEpAjVZAjFaBTr09588wDCSSyVitiUVLk1AK+QBosuovfhQKMOrvxyIiIiIiqlkMH2lGDB5rz1jwOLZ+EaBw4uhpDFwfxI3rQwCAVWtXYNWaFejs6sDkwFCb9P2Jo6fx7NP7cOHsZdy4Pog9d+3A/Q/dhc3bNgBQ8DwPQRggmUzV9FRsIQQ810W0AsXMt8fY7TnT5cV8L6WA69jQdQOmZcE0DGg1fNtRbRsLIC0dMOpgqp+Egi8AUwcMpo9ERERERLHB8JGmlQ24vl2tUVLCsW1AKRQKDp767o/xL99+BnbBmXb/TEMam7dtwKo1K7F5+4bxqOzi2cv4ydP7cOHspUn7P/ujfXj2R/uw564deO/7H0dXdztEKGCHBViJaCp2raxVFK3fFCIIAkgRdWvTtKjIc3xyuqYwcWa1pim4ArBDICeAQCmEEtGHAgTU+NehjPZvMoEmE2gwgSZTocGIji+EgJQCnoqmc5mWCcuqnduP6keoFEIB1Hrl8kRKakixuJiIiIiIKDYYPtIUuUDNez07qr4gDAEoPPv0fnz+c1+bMXQcYxccHNh3GAf2HQa+VPx5Duw7jBNHT+ORRx/EY+9+EwANYeBDhAESyVQs1i0am0ItpYimT49+BkanVquba1+OVTQGUkO/p9DvAQO+Qj7UkBcKhRDIh0BBAIFc3LiWpYA9LRp2twIZQxsNOBUC30cYBLASCVhWYtE/P9FSJpSCUBqnXhPVhBAjZ4/hmSODGPSjLUYigzXbN+K+ta3g+whERET1ofopAcVKns1latJYgHW+71JRweNi2QUH//TFf8azP9qHD/7mE9i8bQOUUnAdp2pVkEpK+EEAEYaQspiUMPo93zeksG9Yod9TmLysY+n/Dq66wHdchWcHgY0NCr1pDavSCt3J6P/Qcz2EYVjzU9mJqi2QilOviWIvi9deOILnLvuTtgrfxpkDB3Hl2gY8ek8vGqs0OiIiIiodho80rhAqhAwea5IIQ9y4PoCP/9Enyx48TnTj+iA+/oefwJ67duCJDzyOzq52hIEPKQSSqcoEaEophGGAwPdHKxond9S+1UgAXHCA87bCWRu44pZ9iFNkA+ClYeCl4Wi8m5uAu1o1bG4CpBBw7AKsRBKJBKsgiRYikODUa6KYc069hhcu+wBMdG3ZgNdvWoY0bFw8eQw/Pp6Hc7kPz5xqx6O3Zao9VCIiIlokho8EAHCEQlCCbr5UHWEYzrq+Y7mNTcV+7N0/hze+5QEIIeDYNhKJBKwSB2hjU6qFEJBCIAxDADfXbHQEMOADgwEw4ClkwyhwHPvsLXLqdDmcyAEncgpbm4A3dGnoSQKB7yEcbejD7thE8yOUQig1mCwgJoqpYbx6Jg8BoGXjTjy6tXl0ewa9W+/A28UL+PJrLq6fOYfB27aivZpDJSIiokVj+EjwhIInGDzWslw2h+ee3l/VMdgFB5//7NdwYN9h/Pb//qvINGTg+x6EFEgmUwuahi2EGA8Zo+9DTGgJg4lrNl52Newbktg/VMIfqsKO5aKKzJ/t1nBXmwYlZTSV3bJg1VBDH6I4CJSCCf7NEMXTAAYKAJDB+vHg8abGre1of+0yBgs2LgIMH4mIiGocawKWuEBGVY9Uu3zfw09+tK9qVY+3OnH0FD72O3+M40dOQSkgDEI4dqHIdRhvGque9L1oHcQwDKFUVPk48fOpvMKXLil88kxtB49jCgL4+hWFL12SGPSjn9P3fTi2DTEawhLR3MIYVjkT0a10TNtVxtDZbIaIiKiOsPJxCZOKwWOtU0ohCAK8sv9wtYcyiV1w8PE//AQeefRBPPGBx6GUgmMXkEgmi+7mLISIapZGC5cCGa2VmBXAZQe47CpcdoAb/mxHqV0HR4BztsLDXRruaAWUknBtG4ZlIplIQmNDGqJZses1EREREVE8MHxcwlyhINlgpmZJKeG6Dgo5GyeOnq72cKb1L99+BsePnsavfeS9WLV2ZdTNOQhgJZIwzdnvfkzTxD9fdHGyEIWOubBCg46R4QD42mWF03ngoU4N3cmokjQMQliWhUQyyanYRLMQSsHg3whRbORPH8C3D2XhjD/9zOPAV5/GgZmvEV2umejduRM/u2HqFG0iIiKKP5bOLFGeUPDZYKYmhUEA17Hh2AUoKfH97zxT7SHN6sLZS/j4H30Szz29D5oWhaae68AuzD4V++VBgR/eAC45SzN4nOhQFvibcwrPDwESUXOdMAzgOs54h28imorF/URxch7PHZkYPM6DCnHxyGkcL/mYiIiIqBJY+bgECRVVPVJt8X0Pge9jYtZ04/ogvv+dH1dvUEWyCw7+5pOfx4H9h/HBjzyBTEMaSkk4dgHpTAP0aaYQD8SxLXUV2QL49lWFfUPA7c0a7u8ADCXg2AWk0mnoOlfHIrqVkJh+PTkiqoIAoQCARux5xx3YVfT1TuPbX72I60KiTldaISIiqnusfFyCXKHA6LF2KCnh2PZ48Khp0cdPn9mHP/wP/yU2jWaKcWDfYfyH3/1jfOPL34NjO1AK8D132n3XNPDuaTrXPeD71xWevKAwFGB0PU1n3g19iJYCwcpgoiXFu3oGp87l4N3an82+gVNnLiJr33qFHC6cOYPrWW/yduEhe+4MTl2deqxYnoOIiCjm+Op+iXGFQsDp1jVDKQXXdSCEgFJRpePnP/tP+Nhv/zE+/YnP11TwOMYuOPinL/4zPvY7f4wD+w4jDKOu1o5jwy7kkc/lkM/l0Gu4eH1ntUcbX6cKwJMXFM4WxgJIG2EQVHtYRLGiwKnXREvG8x/H1gffhjc9cg92//krN7eLF/Anux/Em978Juy+77/h5fELLuIff/0ePPTmt+GeO/81vn795lUufPkj2P3I2/CmB+/Bb37jRszPQUREFH+cdr2ECBWt9Ui1w/c8SCnh2KPTlvfFq6v1YtgFB5/5i8+js/s3sXrtyvHtE3tDvKFbQ2sC+Opl/t5Op98Dnryo8NhyDTubFbzRKlLTsqo8MqL4YNMZovjLn3wJ3ziahw8Ty7ftxJs2zb+xTHboZrLnTSwyLGTRP/a1PXHidg7XL9z8zp1QZZgdunTzm0nb43gOIiKi+DP+4A/+4A+qPQiqDFcoVoDUkLGqxxNHz+BP/u//jgtnL1d7SCUXBCGOHDyBN77lQQCAJkKYBQe6H8DK20hks1hnD2ODLGCfbKzyaG9SQkCKEEoEUCIEpISSAkpKQAM0rXJF5aECjmSBpK5hVVohDAU0TYNhcKE7IgDQocHSGT5SbSsUCmhsjM/j4HSuDwyju6Ntlj2G8NrxLGwksHzrCvSMbz+PHz3bjxEJABL5QRupzcvROef1Jkt2dqFdeEiuvR+//u63YXv3aI1FshvdHQKu1YsHfv29eHxb12j1RTPae5oB0YDb3/1ePH7/GrSMPny3tC9DixTI7HwXfunx+7G2Oc7nICKqrLnv76uvFh43lxpNsVXqkhBIhULI/+paEoYhXjt2Ch//o0/W5PTq+fjDJ96I29etnnWf78tGfDk1+z7lpJSC8BwoIaBbCRiJ5Bz7S0ApaBVsBPMzHcDP9WhQCrAsC8lUqmLnJoorU9PQaDF8pNp27do19PTMFLvFw5GTfdi+ad0se4w2jpnScOY8vvf1PlwZq/4zmnHPY3uwZc7rERFRNcx9f199tfC4udRwzcclYsqC1RR7Ugp8/nP/VPfBIwC8+NoFyDneB3mjnsdup3/WfcpBKYXAySN08tANE1ZD05zBIxBVP44HjxV6j+cnA8BXLkXnCoIAnjt9Mx+ipYStmIjibjXu29KIhAZAM7F8y4YJwSMRERHVA1brLwGeUAhZ4FpzbvQP4sTR09UeRkWcvHwDYRgiMcdahT+jhvEKuis0KkD4HoTnwkgmYSQWUUVYwfXmDowABaHwK6s1BKMNaBLJJDSueUdLVPTGBn//ieKscdMdeN+mao+CiIiIyoWVj3VOKsBj2UdNeumFV6s9hIpx/BChnLs8d7sZYrM3UPbxKKUQFHIQgQersWlxwWMVnMwDf9Gn4EmFIAjg2Da4wgYtZZK//kREREREVcPwsc75Us05nZXiyXW8uXeqExcGRiBEcSn5neFwWcciRQhvZAi6aSHR0FzR5jGldMkBPnEGGA4BKSVcx2EASUsWw0ciIiIiourhtOs6JlXU4Zpqk5RLqWS1+N/Te7QCfhjkcNlqKvkopAgR5EdgZRqLWtcx7oYC4M9PK/zaGg0rUgKObSOdyXAKNi05Epx6TVR9FkwDgMjjwFefxoH5Xt3QkSjDqIiIiKj8arOkh4ris9SjprV3tlZ7CIsipUAY+ghFEHV+nsWKtuKDRMs0sdrPLnZ4U0gRIihkYWWKayhTKnPdNovly2gK9ulCFGjbhcISC7aJWPlIFA+rcd/2ZqQX8j6AZqJ3OxvREBER1SpWPtYpVj3Wvp27t0FKAX2sY3INESKEqSvceVsvbmTzuDAwAj/wYZrTNz5JW/P7GdcrG8+XarAYCx5zsDJN0M3Zm96UWqWmdX/2vMK7VwK7mgHHLiCdydTk7xbRQjB8JIqHxg178J4N1R4FERERVRrDxzrlCgWTUytrWu/KHnR0tmFosPRVfuWklMK6rmb83mMPYXl7G0zdwIht44vPHsDXXzwMw7RgGtaE/SXWL2tHco5O1xNth13SMQeFHMxUuuLBY6V96RLgCeDedg2B4yKdSTOApCWB4SMRERERUfUwfKxTGZPBYz14/OffgL/9m6+iltYqa06Z+L3HHsK6ZcugjwbgXS0t+OijD+OB7bfhr777LE5dvQFdN6AAJAwNb9m7BYl5hI9NuoZeP4uLieZFjzf0HCgla66j9UJ946pCoIC3LNMA30E6k4FhMICk0hjL+Cb2NlITP6uJ29Sk1V6Vmrz//I+HaY4XnYNvxhERERERVQ/DR6IYe/StD+NvPvXlmqpOe+sdm7Gyo2M8eJxo55pe/LffeA+eO3oKT716AkopvPPeXVjd1TWvc1imidv8odKEj64NM5le9HFqyXevKQRK4rHlOmzbRiqVgjWP8Jeqo1zBHtRs4d1sYaCacjkREREREdGtGD4SxVhzcyPued0u7HvxSLWHUhQpBW5fuxKpxMz9KHVNw89s34j7tt2GMAxhGDqMBYSrK6W7mKECAJQUkEEAo6lt0ceqNU/1KwRS4p0rNDiOAwBLOoCcLdgb/1pNjtvmDAMnXWe24003BgZ7RERERERUHxg+EsXcjp2baiZ8XNnRjN7O9qL21TVtXlOtb7UG3oKvO0YGAYxkCppemaYvcfPMDYVAAk+s0uG6UZhbjgByfkFc6YK9aa+DaF3SW7cRERERERFReTB8JIq5Bx68E5/59FdQC+s+rulsg2lWZop4ly6RliEcfeF3YyLwYFgzV2kuBT8dVHClwBO9Oty8jWQqBSuRmLkqb8I3s62zd+t2IiIiIiIiWpoYPhLF3IoVPZBS1sS6j53NDbCMytytGLqOZUEefcnWBR8jqnxcWus9TufAMOBJiSdWavAdF2YgkEwtjQY8REREREREVF5Lc64hUY3ZuXNztYdQtEp1TrZME8vC/IKvr6SEFCF0dnoGABzNAn93QUEphSDw4bmLX1OTiIiWDl3XIYSo9jCIiKiMhBDQl+iSVbQ4/K0hqgFSymoPoSgnL99AGIYVO1+XXPi6j1JE49RqoKK0Ul7LA585B0ilIQgCBpBERFS01uZGXL0+yACSiKhOCSFw9fogWpsbqz0UqkGcdk20APNrhqGmXn7LmnkTt0+3zl7X8i4cO3ZmscMuu4sDWWQdB50V6prcsYjwEVIu2UYzs+mzgU+dU3j/Kg2ADwCcgk1ERHNa3t2BK/0DONl3sWbeNCUiouLpuo7W5kYs7+6o9lCoBjF8pNhZTGdc4GYgOG2zjGnCwqnHnO461W2g0d7ZVqUzz4/tB/j8T17Bbz/6YEXO16MtvLpCKQloDB+nc9EBPn1O4ZdXaWhBACklUuk0NC3+TY+IiKh6lnd38EUpERERTcHwcYkpNti7+UkVHewVf8zpu+OyM+7MVA3dOP9y8BR2rFqGh3duKvu5OuFDw8JCYaUUw7RZXPOAvz2v8Iu9QFcyhGPbSGcyvM2IiIiIiIhoXhg+1oF8MM203rGvY1C1R3ETNRSRcrRqUNOg6wZMwypZsPSX33sBG5d3YWWZKzYtw0Rb6GDQnH/Hak3To+pHmtGAD3z2PPC+VRpWpiQDSCIiIiIiIpo3ho81zpcKYS2VxVHVCSHwlr2bcedtq9CSyaB/OIcfHX4Nz588B8tKQi+qAYuClGrGTme2H+DLz7+K333bQ6Ud/C00TUObcBcUPuqmBSUEFNd+nFU2BD53XuGJXg3rMgJhGMKq0JqeREREREREVPsYPtY4jw0Fl4RSFprds7EXv/LwXWhtbAIAbFsNPLxrCw6du4g//dL3MOIEMI2Zw6Uw9CHEzY7WmqbDMEwYxuS7k/PXh+AHARLzDKqkUgjDsKjrWWZU+QjMv8JSN01oug4Z+jASbKgyG0cAf39e4T29GrbqPsNHIiIiIiIiKhrDxxonWPW4JJRymuudt61Gc0PjlO071/Tik7/5BP7ki9/Fq2evwjSt0crG6NxSCoRhgJ1revBLD96B1V3tOHd9CK/0XcI/HziG4YIDw7CgaToABT/wEIjiQsSJPN+HMY9KxLbQndfxJ9JNCzIMYSQWfIglI1DAkxcUPrJOYF0iYABJtYUrBRARERERVQ3DxxrmSwaPNH+OH0CfIcxsyWTwnz7wTnzlpy/ji88ewFDeGb8slbDw8/fuwjvv3YWWxibomoa2pmbsXr8Gv/L6e/DV51/Bd146iksDI2hrTOOJB/YgYc4/oArCEEai+DSwU/nzPscYM5WGn8/BTGdGQ1Oay/4hoDfjMXykmsK/biIiIiKi6mH4WMN8TrleOkpY+Xh1KDvnPu+8dy/edudOnOsfwMWBIUgpsXtdL9KpJDLJqVOUDd3Au++7A+943W64vo8gDJFKJGGZ87+L8cMAqXmEj80qnHunGRiJFHTDhnAdmOmGBR9nKdk/DNzZJln9SDWFPZKIiIiIiKqH4WMNY6OZpSOTKc2ahGHoY+Oy9qL2TVgWNq5cho0rlxV9fEM30JCaf/OXMUopBGEIcx6hZQaLS+GNVBqhU2D4OA/7h4CVaQ+mabLzNdUEVj4SEREREVUPn4/XKE65XlpWr+td1PWVUggCF3dtWIm9G1aXaFSl53geEqY147Tw6TRri/tbMJNp6KaFwM4v6jhLyf5h4JIj4boOFN8EoRrAjJyIiIiIqHoYPtaoQFZ7BFRJt+/dASkXXuFnQOBdr9uF33nrg2hrbi7hyErL9T2kknNPuRZSwA8COJ4HK3Dm3H8uicYWAIBfmHtKOkX2DwEiDOE6i7/9icpNY8cZIiIiIqKq4bTrGhVWofLR0jVYOpDQa/tFnFJR5agnAVlDVVubtq7HqRPn5n09IUJ87F0P4/Z1qxY1JbrchBDwwxCtTVE4GgWMIUIhIKTAjXQzhswkBhMNGNaTGDaSGIaFYaFjkTOvAQBWphGha8PPj4yHkTSz/cPAhgZge3MIIQQMw6j2kIhmVOMPW0RERERENY3hYw3ypUKlIzNL19Bg1serN00DkoaGpAE4IeDVyBT2B3/2Ppw8dga6Pr+QZ/f6FdixemWsg0cAyDlO1GimtQVBJo2v5ZMY1BMYViaGhY7hYHRHhShsLEPDJTOVgfA9+IUczGQK+gK6dS8lX7gE/KKuYbvhIZ3JVHs4RDOqj0cvIiIiIqLaxGnXNSis8JRrQ6uf4PFWSaN2fq43vfX1aG1vBuYZPa/pbJtX9+hqEJYF83V3IvnmR+Dt3AZndS+uJBrxipPAWXdC8FgBRiKJRKYRwnO5DmQRnh9UCMOo+pEorl/yGH4AACAASURBVFj5SERERERUPQwfa1Cl13usoXxu3nQN82puUm0f+I0nEITzT+ISVrwr+MTG9TBaW8e/dwKBS9VcSlDTYDU0QTct+PkRCN+r4mDi7UwBeHkECIMKJsRE81A79/BERERERPWJ4WONCaRCpSdd13vFSC39ePc/dA/e8Z5HEYQ+iq2AlDLe3YlETzdEe9ukbZcLIbJhlQY0gZFIItHYDBkG8PNZqJjfltXy/CBQ8PzY/67R0lRLbzAREREREdUjho81ptJTrgFA1MaSiAtWS01nAOCXP/QevOmtD8H3PSg1+y+EUgor2poqNLL5U6YJf8PayduUwmUnTv8nGqxMI8xkCoGdQ+jGuLtzlX6Xr3nA84MagsCvyvmJZsPokYiIiIiouhg+1pigCtlCIBW8Ok0ggyo07ymFD//uB/G//f5vwTA1BIELIaaWCUopYBgS63raqzDC4vjbNgP65LshKSXOFOL3v6JbCSQaW6BpGoJCFsJzqz2kqTQNwvcQOoWKn3r/sELeDaBqLMyn+sfCRyIiIiKi6mL4WEOEql6VniMUghrpCl0sVygUwtr9me5/6B781ZP/H375Q+9BS1sjPM9GELgIAhee78C0dPy7/+f3sH7rpmoPdVr+lo2QzVOrMkUY4oxdhQEVyUimYDU0QymFoJCLXQhpJJJQSsEZvAZZwUrE4QA4lFUQYQzmyxNNwCc6RERERETVpSmWqdQMTyg4Va5A1DVtygu5a67EyowOS9dqpjmNGv1H4ebKiVIpBBLwazRkPXWyD4cOHEEhb2Pnnm24fe+O6AIpkTpwCJoTn+nC/sYNED1d017WN1jA/zhVO52TZeDDt/NItcSrwtTLDkH4HgwrgWRzW0XKv9ZmgA+t1dHQ2Fj2cxEVK2VoSNXKgxPRDK5du4aenp5qD4OIiKgm8HEzfsxqD4CKF4eZz1IpTFxlMGVo2NBkVG08C6WN/jPx5aihabB0IKk05CrdUrwEbtu0DrdtWjf1Al2Hu3cXEsdfgzEwWPmB3cLfshGis2PGy8/ka++2jyMr0wQZBhCBD3vgGqx0A6yG8q7/edYGTuUVdqQFDKP27heoPjF3JCIiIiKqLs5GqiFxCB8n0jUNiTpshW1oQINZZ38amgZ/6yaEvSuqNgSVSsG7fceswaMQIc7FcL3Huei6ARkG1R7GJLppwsrcDBsDp4DQK3/166sjCr7vlf08RMUyuOgjEREREVFV1VnCUr+kAkTMZsibGlCH2SMAwNKjcLXeBGtXw9+6CSphVfS84bIeuHtvh2yafTpuGIQ4G5/Z4UXRrQQSTS2QIoRv5yq6zuJczFQaRiI1/r2fGyn7OQ9lget2CClZwUrVp6F+H6eIiIiIiGoFw8caEcYseATq/wVdvf5xiI52uHfuQbiy/FWQKpGAv30LgtvWFfULc80Oka/RfiVmMo1EpikKIGNUBWmlM5O+D+x8Wc8XKuDVESAM4nMb0NLFqkciIiIiouqr13yl7sRtyjUQVWPWs7qu29J1BOtWw71zN8IVy0rejEQ2ZOBvvg3u3Xsh2lqLvt5Zu3Z/qdRopV+ioRl+bhiIyRsGupWAmUqPfx+Fj+Ud26EcEMQogKWli+s9EhERERFVHxvO1IgwhklYIKMAsh4rIAOpIGMSHpWTSqUQrF+LYM0qmNcHYFzrh55bWGWcsiyIrk6Iro45p1fP5IJnAKix0kelEHoudMOApiegmxbMdAPckUGkWmde37KSzFQDQs8dD0T9fBaJxpYp+4WuDTOVmbJ9vq57wCtDEncnAlhWZaf4E01Uj49PRERERES1huFjDYjjeo8AoKDgCCBjaKUunKsqTyg4cSw1LSfDQLisG+GybkBIGNkstHwBum1Dc73oY3QarTIMqGQCKpmESqcgGzKQTU1QmfQcJ5nbsF9bt7sSAr6dgzc8gOZVG8a3m6kMlJRwhwdiEUDqpgkrlUHgFAAAoevASjdCm9CROijkoJlzPyQUG1AeygJ72xk+UnUZTB+JiIiIiKqO4WMNqHYOFi3Yr2G6l3BKAWfyAiszOixdi/0UNzX6j5r4/ehnpRQCCfj1Pp98LoYeTZWex3TpUlmeMXA6Jyp+3oWQgY/+Qy+ga8fdSE4IHsdYmaj60x0ZRKqlvdLDm8JMR9WPSka3r58fQXJ0XML3EDgFpNu7Zz2GnxtGoqm434uTeeBcPsSmlISuc4UPqo64PyYRERERES0FDB9rQDWbzSQNDSl99srGRsuY+cKY0QC4UsGtdqJL03rnmhSGPIkjw/Geei18F6HroPv2e6EbM9+NWplGwM7Dyw4h0dQKrYolwpquw0xnEBRyAAAR+JCBD91KQAY+jEQS2iwhoZcbgplqmNc5j+aAdS0+ksnU3DsTldhMb5oREREREVFlMXysAaJK6z2amoZ0HZaNpEZ/JgaQ8fShTRn83WkHBwbi2bAkdG0oKZFsbitqfyvTCOG7CPIjMJJpGIlkmUc4y1hSGQjPgQyjcNfPjyDV1gVoGoxZAkI/PwJN02FYiXmd73AWeL0bMHykqqjDhy+imqNiuGwQERHNTzULKKh+cC5czClUr/IxZdbvnYzJdcBi7Vc2pLG3I35rBQZ2DppujE+pLpaRSMFqaI5CSHthDX1KQtMmVS9KISA8F2YqPWOw6BeyEIGPREPzvE83HACHcwpBEM8gmeobw0eiylJKMWwkIqpzvK+nhWLlY8xVq+oRqO8XbvX8s9WLd61NoS8vMOTFo9W7nxuB1dAITV/YMgOariPR2ALhufDzIzCs5KzVhuViptIQngMR+AAALz+MTMeyafcN7DxCx0aypQ0L7Sp1JAvc2e6z8QxVHO/niSpHKQVN08ZflN76wpQvVImIas9YxePYffjY92P396yIpPlg+Bhz1VzvUakF5w2xx+fA8Zc2NLxvXQqfOG5XdRxKSgjfRaKppSTHM5IpGMkU/NwwpAjnXUVZCmY6Mx4+QgGhU4CZnryeY+jaCOw8Eo3NMKyFTxU/mQfO5wU2svEMVZhRrw9gRDEz9qJUSonjV/L49DMX8GLfCLwgHm8eEhHR4iUtHXeva8GHHlyFLcsbGUDSvPGVYMyFVXzeFtRx1+dqhrpUvNuaTdzVWdqKucSFPiQu9MHqv1LU/kpKmKlMSccAAImmVsjQR+AUSn7suRiJ1KSqS7+QG++CDUQNdfx8FlZDU0l+9sNZIPD9RR+HqFgaAK6uQVR+Y8GjUgrHL+fx4c8exo9PDjF4JCKqM14g8eOTQ/jwZw/j+OX8pPt/omKw8jHmqvnUzREKyTqdt+aKufeheNjRZmHfjYWtGah7LpKnjiL52jGkTh2dcrlMpuCvWg9v41Z4t22DnGYatG6W727SyjTByw5BN615N3NZ9LlTGQjPHf8+dAqwRtd1FL6HZFNryaaFH8kBP+sHSKbYeIYqQ+e78ERlN1bxIqWEUgp//fR5ho5ERHXOCyT++unz+LMntgIAdF1nBSQVheFjzMkqv5Mw7EukDA2WrtX8+llCRdWc7HJdW3a2mdjQZOB0rvjE2BgZQuNPf4D04Zdn3U/3XKROHUXq1FHI5Ldg33E/7DvumzaELAfdtGBlGhEUctBb2iv6oK1bCZipDEI3mtYeODaMRAq6lUCisTRTzMcMB8ChEYXXpQOu/UgVYXJeB1FFjK3vKITA/rPZag+HiIgqYP/ZLIQQMAyDlY9UNIaPMRaXWc+uYGBH1fVrmzL4s8OFOZvP6J6Lph9+a87QcabrNj73FDIvPYvcG94KZ/vehQ53XsxUBqHnQLgOzHTpp3fPeu50dO6xRVAD10ayTBWYR3LAnR0MH6kyTL77TlR2E6sehRDwqrlWEBERVYwXSgghxqseua47FYO/JTHGvI8okjY0/NrGNFKzlN+mj7yMzr/6+IKCx4l0z0XLd76M9i98quh1IedDBj7c4RuQIhzfZlhJiMAr+bnmohsmrAmBp/DcSVOxS+lkHjiXDyAlX5xS+bHykai8Jla6KKV4305EtMSMvfk0hhWQNBc+PY+xak+5JoqTlRkDv7YxPWW77rlo/8Kn0PKdL0MvYXCWuNCHjs/9ORqf+0HJjhu6DtyRQeimBd24WXhuJJIQvgclKr8YqZlqgKYb498Hbvka4BzNahBhOPeORItgahpY90hUfhObDTB8JCJaWiaGjwweqRgMH2OMT+OIJltheni48+b3jc/9AJ1/9XEkLvSV7ZyNzz2FjhJUQYaODT8/AiORnLKmYhRGGhBh5TtCa7o+qfpRBgHCMnXgPpwDPJZ0U5mx6pGossbWfSQioqWD9/00X3yKHmNxWfORKA58z4MUAvc3uOjd9wN0/48/QuNzT5W02nEmRv8V9HzxU9hy7LkFXT90bfh2FlamEcnmtmn30RNJyKDy4SMAmOkG6ObNtRgD14aSpa/CHA6Ao1m+rULlxfUeiSqHVS9EREsT7/9pvthwJsZYIER0UxAEOPPyUfzwM19GaLsVf+ckdFwMf+tb2HauD8df/66iO2KHngMASLf3zNrN2ko3wMsOQXgujAp1257ITGXg50cAAEoIhI4Nq6Gp5OcZDkp+SKJxuqax8pGIiIiIKGb4FD3GuOYjUUQKgevnLuG7//NJeHb5Kx1nM3j4KHq/9CkYI0NF7W8m0zBTmVmDRwDQdAOp1k4EbgGha5diqPNiptIwJnS6DpwClCj9+oytCT7sUPnM0pOKiIiIiIiqhK8CY4q5I9FNSins+6enqj2Mcf6VK+j+uz8vOoAslgwDpFo6IDwXgZ0v6bGLYaYbJn0v/NJ34G5JGnPvRLRADB+JiIiIiOKH4WNMVb7nLVF8CSFw+WT5msoshHJd9H7zyZKtOekXsgjsPJQUSDS1Qvju+JTtSjESyUlrP5YjfOxI8mGHysfUmT4SEREREcUNXwXGFKdcE93Uf+5y1adbT8e7cgXbjj2LxeQdMgxg37gKTdOQaGyGphtRB+pME4JCHkpU9q0IM5ke/1oEfkkbz6xt1NGZ4sMOlYehaTCZPRIRERERxQ5fBcYUm80Q3eTmKz8FuVi5557Dry4PsKVl/v27QtdG4BSQau2AlWmCpt+ckmwkkjCTqYpPvzaSKWDC+pQlq34UIR7o5EMOlQ+nXBMRERERxRNfCcaUZPhIBCBa7/Fa38VqD2NGnu3CO3IEv7E5g8dXF9mlWil42UFohoFkU+ukqc4TmakMhO9CBn4JRzw7TdcnT70uwbRy7+I5XPn0f0fu8IFFH4toJuxyTUREREQUT3yqHlOsfCSKBL6P3MBwtYcxq4vHTgMAHlqWwEe3Nsy6rwx8iMBHsrkdhpWcdV/NMGAkUgj9yk45nxg+ygVOu/avXUZu/7Pof/KvcfkT/wneudM4dOB4qYZINImGaNo1ERFRXNy5rhVv2NqJTILN9oiI5j9PkCpCB6DzhRQtcVJKCN+LXbOZW+UHhmCO/r1uaTbxkc0N+IsThWn31a3EvI5tpjNwhweQyDRNmg5dTrox4aGhyPVn/SsX4Z3vg3uhD96FPgTXr908nm7ANBO4cPYSNCFgmHzoodLjtGsiIirW7z+2EW/f04Njl/P46GcPwfZLu8b2o7u68e/fugHphIGvvXQVf/rNUyU9PhFRreErwBhSAKBFlRwaorxh8tfaNNuI6k8+72Dg1FncOH+l2kOZ1cCFK2i0bv4V3tVp4uyIhu9eXXwJ81gVoggDGPMMLhdKM26+Q2+mMtPu41+5CPfsKXgXzkZh48D1KfvougHDsKDrUZH92TMX0WBpMNkVhIiIiKpMA9DVlMC2lU3Y31faWTa2L1DwBJQChu2gpMcmIqpFDB/jSAHhrIs+znzZpGCSASbVMMdxIITA95/8ZrWHMif3lk7cQghsmD6zqwnCdca/Hut+7V+5CPfMyaiy8XwfwuHBSdfRNA2apkPXdWiaMR443iqbzaO9vbV8gyciIiIqkW0rGrG2M4OzN2wcvTy1CeC2FY3obU/jlfNZ9GdvNun70fEB/Oj4QCWHSkQUawwfY2gxtVIK6uYsyVkPxACT4svzPARBgP3few79Ma96HOMWHKQaoqBO13V8/UrtLtwaeg6C/isILp1Hvr8f7oU+iOzUigBdN6AbBgzdQLF//dlsgeEjERERxdqO3ib82zevx/aVTdAQvXI6cimH//LdMzh8MYd1XRl87K0bsGdNCzQAfijRn/PR1ZTA5569iNdv7cBt3Q2wfYG/f+4SPvX0+fGp3q9eyKK9wUJve/S88cXTw/jYPx4r+dRvIqI4YfgYQ9WOLBhgUjVJKeG6Lg79+GU8VQNVj2PGgkcAGPCBC84sO8dY/thBXPn8pyALeZhmAroeTcG+WdV48/NCZLNTqwaIiIiI4uTDD6/B9pVNGLEDvHI+i92rm7FjZRN+8w1r8FufO4z339+L3atb4PgCr5zP4rbuDHrbUnADibwbou+6g5VtKWQSBvasaR4/rgbg9lXNEFLBDyWSpo6dq5rw6O3d+NK+2njDnYhoIdjtOoaqHT6WgoKCVApCKYRSIZAKvlTwhIIrFByhYIcKhVAiH0jkAolsIDHiSwz70eesr5ANFHKBQj5UKITRdZzRY3giOmYggVBFHcKlqo/bbykLwxD9F67iB/9QO8GjvKUpSyGs3d/Cwae+CVnIQ9N0WFYSppVEIpFGIpGCaSZgGOaCg0cAECHf1SciIqL4emBTOzYta4CUCt862I9//4Vj+NbBfgipcFt3A955xzLsWtUMXQMOnBvB7z15BN94pR+BiF7/jNgh/q8vHcfVYW/a41/Levg3/3AUf/DVk8g6ISxDR0djZdb1JiKqFlY+xlCRzWXrmkIUYGIRFZhRJaU2XlU5bROf8W2swIwLpRS+8l//bso6inGWTCcnfb+20Zhhz4XRdB2QsqTHnI5/9RKCi+dhWSmYpgXTLP0TYcMo7W1DREREVEpNKRNJS4dUgBtEz78GCwFCqZC0dCxvTSFlRW/EDuTn30zG9gSePz2EO9e1wgsl0gk+NyKi+sfwMZaYPpaCQhRkTdow695TMcCsvPPHzmDkxlC1hzEvPWtWTNm2pkHHuUJpAkPNMCClQLmfmuZffn58mvXYZyIiIiK6ydD5DJ+IaL4YPsYQo8f4KEeAOTGUZIA5Da32fuJl63qnbHukR8d//sRXYHV0werogtnZDbN5/o1WZOADSkE3yn93XTh6EMDY+o7lCR8bm2q4DTgRERHVvZwbwgui9RjHKhzbGyyYugYvkBhxAoQieoO5o9ECADCPJCKaHcPHGOK06/pSzgBz7GugfgJMVYN/ABt2bJyyzT95BCPPfG/SNquzG1bXMlhdPbA6uucMJYNCDkpKpFo7yzLuiQqHDyAcvAGgfFOjW1qasH79qrIcm4iIiGi+Ohot/NkTW8e/D4TCP/z0Es4NONi9uhlv3tmF7uYk9q5phqFrOHPdxmd/chG7VzdjeWsKd61rxT/+1h3obk7AMjQEC1zamuElEdU7ho8xVHvRC5VbJQLMSUFmFQPMletXQSoFvQoVkFJKCCmgABi6DqOI6j8hBTbv2T5l+4njfTDNBJSSUEpBKYngRj+CG/3Ascn7Go1NsDp7bgaTXcuAMIBz7TKSK3qR2LKrRD/hzOwjr4x/Xa6qx917ts69ExEREVGZXR3x4I12m85MWHNxxAkxkPfxlz88h3/36Aas68rgke2dUADOXLfxlz88BwD44otX0NuexuqONNZ0ppF3Q0gFhELBC4tbdsf2QnihhGloWN2RLsePSUQUGwwfY4jhI5VD1QPMCZfNpqG5EYl0AqE7/wW8F0oqBT/wEcoQnW0tSCVM9A+NIPBDJK0EtFkG3rWiC6mGqU8Yz5+7DGPaqdJqNIxUkFJCKQlZyMPN5+CePTVpzyDw0P7I29FY5vBR5LLjU6513VhUN+vZbN22vizHJSIiIpqPTz19Hp96+vys+zzxiZdx57pWdDcl0J/zsb9vePyy504N4bk/fwn3b2yHF0rcsbYF77+/F14oMeKEAID3fuLlScf7j19/Df/x66+Nf3/0ch4f+dtDWN6SxMEL2RL+dERE8cPwMY6YPlJMVSrA7F69ApdPnitqTFJKKKiiqhRnur7tu7h3zxa84Z5daEynYZomXN/Dt5/ehxcOnkQmOfO70ctX9ky7/eqV6zNcQ4t+fm1qheFYhaRSMrr1NMC/WNztsBiFQy9DBT6A8jaa2bKF4SMRERHVjomB40SP7enByrYU9vWNQCmFu9e3wjI0DOT9Ga8znf6sh/6sV6rhEhHFFsPHGGL2SPWsmABz5ZbbZg0fAxEiFCGEvLmwjqbpSJoJmPNYrzAQIaBJ/KtfeBO2b1gzKcBMWhbe/aYH0N7ahO/9+BUkrcS0x2jvap+yLQxDDA/nix7HzZ9Bg6YZwGhfa13TEVwof/hoHxtrNKOVLXxcsaIbW7YyfCQiIqLa98j2LtyzoRUffODmWtY5N8TXXr5axVEREcUXw8cYYvhIS13PLE1J/DBAMmli76b12NC7DKtXdKEhncahU2fxrR/ug+N4c06VBqLgsakxhV94889g67rV0+5jmSbe+Lo9uHxtEMdOXZo22AxvOY8QArZtw3HcIn7S2QkRovHOBxZ9nNl4F8/COX0CwNiU6/Kstblj56ayHJeIiIio0j75g7M4erkDG3sa0Npg4bWrBXzv8HW8dHak2kMjIoolho8xVIPNfolKKtPUMONl63q78avveCPSqdSkpjSv27kVO29bi289/SKeO3AcKSs5bViolIIfBmhpzuDD730zetqnVi5OZOgG3vvoQ/h/P/MVFPIedH3yeoiBpiMXqNGGPAqObeMf//6bkHJxf8hChDA7u9Hx9vcs6jhzKbz60vjXul6+h4RdtzN8JCIiovpw9HIeRy/Pf5YLEdFSVZ6uArQozB5pyZvlj+ANr7sdDen0lG7YuqahKZPBux75GXzo3Y/ASuhwfBeBCCGVgpACfhjA9l2sWtGJj/7i2+YMHsdkkkm8++fuh24CQRg1wpFKwQ08rNqzFa7vIVQKrh/gRz98Ed/42g8W/KOPkVKgYefeRR9n1nM4NvKj4aOuG1OC1VJi5SMREREREdHSxMrHGGL4SEudEGLGy7J5Z9brWqaJ2zdtwNqVy/CdZ/bh0MlzyBVsWJaJno4W3H37Ztx7+zYkLWteY9q6bjV+91fejs997SlcvDYAANixcTW2pFMYcV0YugEhBL745DfmddyZSCWRWrexJMeaSf7V/RDZaFF0fR5rZc7Xtu0bsGxZZ9mOT0RERERERPHF8DGGOO2alrrlG9bMeNlPDxzHPbs2z3mMloYG/MLPPYC3P3wPHN9H0rJgmSYSljWlarJYyzo68Nu//BhOn7+CdCqJVcu6kBwcgteQhqPr+N43n0Z2AY1mpqOhPGsvTlQ4uD86l6bDKOOU651F/H8RERERERFRfWL4GEOKtY+0xGWaGxEKMe2ajf0DI7gxnEVna/OcxzF0Aw3pNBrS6dKNLZnCzo3rJm1rv3wV/akUfvLD50tyDqUUlJIw2zpKcrzpOK8dg3v2FIDyVj0CwKbtm+CIaF1MDYCmjX5G9MWt24mIiIiIiKh+MHyMIQ2cek1LWxD4aF3Rify1oSmXSaXgeF4VRjWZUmq8M7QuJDouXEL/6HTsxZIyRGrdxrKGj4VX949/bejlCx+bmhuxcdtt8MR092pTt0UhpDZtIKlNE1QywCQiIiIiIoo3NpwholiRQsB1HKx98H4IOXXtxyAM0NnWUoWRTabdMnXbcj387pvvL8mxhRRouqs0x5pOMHgd+dHwUTdMaFr5Hgq27tiIRDJR9P4KUcAslEKoFAKp4I9+eELBFQqOULBDhUKokA8l8oFELpDIBhIjfvSRDRRygUI+iPazRz+c0WN4IjpmIBUCCYQKEAqQim/+EBERERERlRIrH2OJtY+0NAkh4NgFXHWBn6zYDaPlx2gYGRrvwhyEAfZuX4d0ovgwqxykUtOuG/nI7Zvw6rkrGEhm8KHf/gC+9oVv4l++9dS8jh2KAK2vfwsad99dquFOUTj4ElQQde0uZ9UjAGzdWfn1HhWiytRJG+a8xmTTVWACt1ZdTqy01GbYTkREREREtLQxfIwhTWPTGVp6lFJw7AKGfOAzFzS4VhrGY++D9vefQCIMIKVE2NGBNzxQvlCu2HHO1rDmAx96L0Za2wEAP//et+FG/w0c2Hew6ONLIcre5XpsyrWm69DLHT7uKO/PUi6VDjCj7QwwiYiIiIio/jB8JCohDYCpazDqIDEQCghkZVJwpRTsQgFOqPC/LmlwR2dbi+Wr4PzyRyG+9xWo7l44b34Hvggbv6MuVS2UUVAzdqIebO8aDx7H/Kvf+VX81z/9n3jt2Kk5jy1EiNTGrUit31SSsU6n8Op++NcuA0BZO1wDQO/qFVi7flVZzxFn5Qgwp1vfctYAc8JlRERERERE1cDwMYb4OrE2mZqGjKlBr6P/wEAChbC8AaRSCrZdgB1IfOaChqvu5MvF8lVwPvCvAUR/G6+gEX+LZfigulrWcU0nCENY5sx3m94MXbV/7//4LXzuL5/EC8/un/ZyYDSkymTQ8fb3LHqcs8m/+hKAKNAqe9XjztqseoyTuASYY9chIppobP1jTdOQMDX4ZX7OQERE1ZcwtUn3/0TFYPhIVAIagAZrpnq42mXpGhpNDflQlu0cvudBCoGvXp0aPM7kx1oLOhHg7ao03aWL4fo+UrOsNRmaFtxUZsbL3//hX4JtOzh04Mj01w99tNz1BlgdXYse60y8i+dgH42mgBuGVfYnC9t2VH69R5qqkgHmze3ajJcRUX3RtOhF6J7eDF44W6j2cIiIqMz29GbG7/uJisXwkagELL3+gscxpg7omgZZhoVIlVIIwwD/64LC8cL8bsGvap1IQOHn1GDJx3Urx/OQnKPJzUhrO6Q+e9fo+x++d8bwsRKy2QgOWQAAIABJREFULzwDADAME4ZR3rv/js427LlrZ1nPQZVT6gATmL5xz+TLtNGlLBY1dCIqE03ToJQaraTX8b47O3Dggg1fsPqRiKheJQwN77uzA7quT6p+VGxaQXPgU/oYqtcQq57V01Tr6ZTjjkIKAbtQwD+eLqAwmMUe9zp6wvlVTHxB68KfaauQLeP7KLbrIplIzNpkxkumpqz1OJ2de7bjztftmbJdKQmlFKzu5Ysa62yc0yeQf+mn0DQNhmGV7Txj7r5/L1LpZNnPQ7VDIeoUL0Y/QqkQSAVfKnhCwRUKzuiHHUafGTwSxdPEapex8HHriib8yduX447eJBL1sPg1ERGNSxga7uhN4k/evhxbVzRNCh8BTr+mubHyMY40FFFVQnFSob4sVVPqSddSCNh2AQhDPGz3Y5tmR7/3EhgqCHxfa8Oz6WXwtLnvoo5qGfyf2jp8UF3FHSpXsjH6QQDH89DU0DBr8BhYCVzvWQFV5APuBz/6fnQv78a3v/rP49vC0EfHY+9Fw869ix73TLI//REAwDDLP90aAO6+r3w/Cy0N6fIuSUpEizRW9Ri9qWXAsixs723B73cmEQQBwjCEEILVMET0/7N35/Fx1ve96D+/Z5td+2LJm2TZlvHGEpvNkGBSCgkJJC/CaTlJTm+atkm6HHKaU3L7um3uyXLuuWlOF3JvSNM2NyctaZLSFgIkQAgYs5hgHNt4wRbGljftki1p9plnuX+MZjySZkazb/q8Xy+hmWee5SfLHvF89P39vlTD4u/xiqJAVVXY7XaoqgpZlhM/A+I/D4gyYfhYhfjPtvbEukLX53fOsFDUKdemYcDv90MYOppPn0e7MX+hx2ZVxv2YxW7fJB5VV2PA3rrkOQOQ8C3RjR4RwvusadxoeWHLMzI1TBPeQACqLKPR7c68r6xgtHs1IlpuFX53f/QuGLqB5576BQxTh9LWCc8Nt+Y13mz4jx9C4O23YtOtS9zhGgA2bdmAq7ay2QzlTxYCar2XlBPVgeTwUZlryCZJEqLRKEzThGnGfhYzgCQiqj3xQFGSJEiSBFVVoaoqFEVZFD4SLYXhI1ERWABChgV7nU0zMi0gUMTOlbGKxwCUYBANF0eghNJ3mGmzafi98Dn8HZBVAAkAZ2HHWbECe51deLA9BNfUJGR/AMJMH0RakoSox42g3QZ9bAxaKISGJaodAcCUJFxc0wtdyW8K8z33341QKIwXnn0R9r7SNmaZfX1v2aZbA8ANu1j1SIVx1Nl7KVE9WljtoqoqJEmCLMvQNA2GYQBg8EhEVMvi7/GyLCfe41n1SPlg+FiF+E+3NoUMCxETUMVcAxqxsHlCbbCAubXYgPN+A6ucMpSkHyiGBVh5rAtgzK3xqASDaD5zHmLupiQTp82O3/QP4v+2NWY1BRsAtjYreGCdA5bsgW9FrHO0HAhCCochRSIQugFTU2HabTBtNoQFEAwEAQgYDa3oungOUjCY8RqWEDjXu3HJBjOZhEMhbPvAHRjt7IG37+q8z7MU74F9CJ15B4qqleV/DOwOG65n+EgFUCTBtR6JasTCG8/4zallWYkPIiKqbfGgceFH/DWibDB8JCoi07IQtoDwgkUg3YpUMzfTArHwVJWATY2p3yL8enyqeXYsy0I4FMwpeIzrcDpwm/ccnmvoW3LfnW0qHljnWLTdcDpgOBdvNw0DIb8PpinBMGPfoKmOFVh5bjDtNaKqhvM967Mef2oWgsEATgW0kgaPlqFj9vU9ZZtuDQA33boTrW3NZbkW1SdWPRLVlngAGQ8dgcXVjgwhiYhqz8JgcWF3awaPlAuGj0QlVkvBY7ZcikDIiFV7ZiMUDMKMRNB8YSSn4BEAJCFwg34Zzy2x30fW2PHeFVpO57YsC4ZxJXgEgJDmwExTCxqnLy3af6apBZPtK3K6RirhUBjjIQPnjdzGm6vZ119CdHQEqlq+rtPve/9NZbsW1R9NEmD2SFR7ktf8Sq6ISd5GRES1Kfk9PF7Vzvd1ylWdRSL1gf+O64dWx9MH7bLIaip5JBKBEQ6h+cz5jGs8ZtKoSlgbmUn7+gPrHDkHjwBgWZgXPMZdbm2HKc9vtTu+YmVRgkcACEfCOG/YMGOWrp2v4fNi5pUXICtK2f7nYMeN12ATG81QAept3Vyi5SQ5dCQiovrE93rKFysfiUpIrdPgMU4SAkaGqVSmaSIcDMIzPAYlmF/wCACKJKNd9+Oc1jhvu10W+IOrnFjpzC/Ei0SjKbcbkgy/yw3P7AyiqobJji4EnK68rrFQNBpFMBzGeb2hKOdLZ/b1l4CAH7JS2urKZO/7tZvLdi2qPzZZgA2uieoLb1CJiIgIYPhYlfi/afUjh2UR61IkHIbN64XjcvqqxWwoioIheX5Y12yT8NsbHHkHjwBg6AbS/YvzNzRC1nVMtXUiYrPnfY2FwuEQTkc0jBil6zwdnRzDzMvPQy1Td2sA2LRlA3bedE3Zrkf1RUCw6pGIiIiIqE4xfCQqId0CyrfaXnmZVqzBTjqGriMaDKL9wkjB15qWNIwo7sTzbqeMP7jKWVBjCtM0YRgW0oWPIbsDoRUrYcjFe5s0TQORcBjndGfRzpnK7OsvQZHkslacvO/XuNYj5c8m8xdvRERERET1qs4nhdYmTjurH1HTQqQOyx8tAEHDQqavLBqNomFkLOcGM6l812iBay5o3NqsFBw8ArGqTCtD3GEIuajBIwCEQmFcDAuc10s3FTp84Sz8+1+DJJVuPcmFVFXFe24oXdduqm+yYNUjEREREVE9Y+VjFZKEADLGOlRLTnsNNKoC7Xa55teAtCwgYlqImMi41iMAmP4A7AVOtwaAk4aCY/4o1rcIbHYqeGCdo+BzWpaFSESHmaLZTClFwiEM6jboJazxmt23B3IZp1sDwFXbNqCh0VPWa1L90Gr8fZGIiIiIiDJj+FiFylevRMXiUiTIInXValON3VnrJhBKqmq0EAsdgcyVjskMXYdjcqoo42m/bjM+7TUwEYrig+vcSx+QhUgkAsMsyqmyFg6HcCms47xRnK8hleCptxF++0hZqx4BsOqR8qYIARurHomIiIiI6hrDxyokRGztK9Y+1oZaCxeXokiAWxKYjuSfzpmmCcest+Cx6N0r4PQ4sbOIRXWWZSEcCsM0yxvQhUNhDOo2zJbwut5XXyx78AgAm7dtLPs1qT7Y+Ns2IiIiIqK6V1+pSR2RytgogvLnUur3++RS8n97EP4A5Ei0oOtbsgx9zaqCzpFKNBKBaZb3+6brUYTnplyXiv/IrxA9N1iy82fSvWpFRa5LtU2VBFQuckxEREREVPdY+VilJAEYLH2sekodh8SFzISUitBkRl+7CpaS+1uUaZqwTBO6oQMALNOEaZoABHQ9ts20yl31GMKZqIYxo3RrMfpefaGs3a3j2jtbIcssX6PcCIBNZoiIiIiIlgmGj1VKFkBhdWNUFnV871zIl6b6/AVd23Q5oXd3ZdzH0HVYsGAYJkzDgGnGPs8buIV5z2XDBHQT0SJ3sc7ENE2EwmEM6s6SXcO3/1UYE+MlO38mHZ1tFbku1Ta7LAr6BQcREREREdUOho9VijPRaoNhAfU687qg2kVPYU1VZjrbEZ2ZSWSH2XyWDRNaOAzZMKCGw5AME2ooDAFADYcgzXWYubi6t6xdncLhEEYjwFldK8n5rUgY3pd/UZJzZ6OxuaFi16bapEpsMkNEREREtJwwfKxSElvO1ISgbsGj1udNdEjP/++fZc9ubUMhxKKgPex0QpIEbMFgxmMlw4AaCsMeCMLmD2R1PZ+7AWG7I6t9iyUcCuFcWIFRojJZ7769sPy+kpw7G41NDB8pe5xuTURERES0/DB8rFJ1vJRgXTEsC74o4FQWh2i1yrCAgG7BsPIPH02XC6ZNgxSOzNsuRKyZUvwjFSUUguvshbyvnYm3oSmn/YOBAAzDgKzIUFUVipL7mo0tDiceGBrADl3FKcmBAa0ZI2px2ncbs9Pwvfx8Uc6Vr+aWxopen2oLp1sTERERES0/DB+rlCTA2scaoVsWvFELkhA1vwSkBcC0rIL/3lmWhXBLMxwjYwAAWQhIUvrAsRxMSUbQmdu6iw6nE4GAH97ZGQCAJMmwOxxwOl2QpKW7gct6FF1n3wVkCdfJBq6FD+HwJZwM2nBMbsCArRmTSv5rQXpf3QMUEBIXQ2NTcYJUqn+cbk1EREREtDwxfKxSArEKsUKqz6h8LIDfqyShUBBWgwfu0XHIklQVlbwhhxOWWDowXCgWNMqYnZmGaRoI+H0Ih0JobWvPeJxkGmi9eG5eOCgA2DUN18DCdmsaocAYDlkO7Ld14B17a07jEpcmEHjztZy/nmJrbm2u9BCoBnC6NRERERHR8pX7nTiVTb1M46XlR0R1tI6OQZGrI3gEgKAj/wpDu92O1rZ22Gx2ALG1KpfScvE8tAzrVkpCwGm3Y5fDwmci5/CJmRPYGJrKekz/myuIvhW5BZalsKKro9JDoBrA6dZERERERMsXw8cqxvCRalXz+GTWTWDKJeAsrAO3LMtobGpGe8cKtLS2Zdy3ZegC7Dk0gXHa7bjZbuJ3w4O4e/Y0PEYk4/4brQBuVYP4+ic/VNEAUlFkdKzI/GdBxOnWRERERETLG8PHKsZvDtWqbCoDy0lXVERs2XXgXspSX1vj+Aics9N5ndftcOIuNYDPeE9gS3Ai7b4fQaxC0m3XKhpAdq3srMh1qbYweCQiIiIiWt6Yb1WxKstviLIWXLsGekP1NCKJaMUJHpfivjwFz9RkQedQZBl9ThUfD5zBewIji17fYXmxybpSVeq2a/jS/XfAbdcKum4+uletKPs1qbbYZQGFP8uIiIiIiJY1NpypYrHOwGxiQrXHUmT4Nm+CNjEJ29AI5FAou+NkGaFVK2G4Mq/PKIXDcx8RyP4A5EDmKd6mLGc99nzZfV40jQ4X7XzNHg/u856HbNewX7pS2XivtXhdyM4mD770H34dD/3j00W7fja6VzN8pPQUSbDJDBERERERMXysZixLpVoXaW9DpL0NztffhGxZECIeql9hyTL0Bg+iLc2INjfDUrIJCudXVcr+ALSJSaiXL0MKL14v0ZBKGz7K0ShaRi4W/bwetxvXNZgYnZjCeUcrbremsRLhlPtuX9uF7Wu7cOTc4mrJUlm1urts16Law+CRiIiIiIgAho9VTRJAoxaLIK25Ash4HaQ19x8L1pVtafdJvW3evpbFGksqmWhrM6zx+dORo+vWQu/uKsr5DZcTQdcaBHvWQOjGokpIX1gvynXSaR65CEkv/jVCre1o8nnxYT2Eb6EV91qZp3TfcfXGsoaPrHykdDjdmoiIiIiI4hg+Vrn4vVvK9R9F8h7FudLSgWXqsDNtAJp2H4ady4nR2QElKXw0WpuLFjwuZCnyovUmjRk/UKL8sWFiLKfO1rmQBbDRjCKsmbjXmoQHRsb9b+rvAbC3JGNJhWs+Uioqp1sTEREREVESho80TzzPXHTbKBY9KMaVYqEkqzrrntnYALOxAdLMLEyXE9ENfWW9vpBKs36qLeBHw+R40c8LAJaioGnmcuw6qppyrceF3HatbFOve9aths1W/iY3VN0kIeBg8EhEREREREkYPlJFCZS5qhMpqjHTVHUuDjHTP2dV59IiV22ENDMLo7Wl/Bcv0TekZehCaU4MQLPMvFreb+/pLkv4uOXqTSW/BtUehywgMXskIiIiIqIkDB9p2Ug7hZ1VnWVhKUplgscSaZgYg6xHS3JuIcSixjzVZsv2/koPgaqMQxZQ2SmNiIiIiIgWYPhIVCK1XtWZep/aCTvnEcWddq2GgiWbbg0AcpUHjwCwvn9dpYdAVUSTBGycbk1ERERERCkwfCSqA5Wo6kxfnVl9VZ2yJAEwi3Q2oHFirGjnSkUuYN7q2LS3iCNJbcOmXjQ0ukt+HaoNihBwsLU1ERERERGlwfCRiHKWuTFR6as648+zreqMygLBIoxIMg20jI3C7itdwFdI8OgPR/D6wNkijia1TVs2lPwaVBsEAIciivavnoiI8mAG4J01YGvwQOPyF0REVIUYPhJRVStGVaehCMwWMAbJNNAyNQHP7Az0SKSkU89lkd9dgz8cwUP/+DR8oUiRR7TYBk65pjlORYCzrYkobvjlw/jJ0MKtDtz7QD+6KzGglKZx9KmzeNUXfy6w8qpu3HNNeyUHVZjRQXzp7y9j40dvwee2TuPsgSG8dtSPZy8B2ze14rfv7kMrQ0kiIqogho9EVPdEAWsoSqaB7ovnYAuHYJilXfNSEiLnBtdnxqbw+BvH8Pxb75RmUCms7+8t27WoetllAZWtrYkoydQ5H753Fui3X0m6uld4YCvrKKax59vH8EX3Suz/ZKqfV1EMnvHhe7odn+pWAD2Mx54awKNHfXj0k73QyjrW4oroAM5fxF88H0DvOg03axHsOTiCN30SHn2gtr82IiKqbQwfa4BpXVmtLm3/klTbUrzA20Si7CUHjwBgmMVbNzKVbKdcHz03gn0DZ7Fv4FxZ1nhMdtv7b0JnR0tddGCn/KmSgJ0lj0SUSkMz/ubBLWit2ACi8GYzCaCjFZ97IBZOfuKF/Xj/qxPYM96LOztKO7qS69mKR/6P+BMdO7//S/z++VkMA+ip4LCIiGh5Y/hYAyQBBHQLulmaW/rFt4+pq6/S3WaKFE9yCkkXvJjtsSnXHFy0r8hpjBmvL5bej+pLx9hwIng0SxyqSUJASlP2eGZsCkfOjeDI2REcOTdclqnV6dx11y64MjYXufJaIY2J6r4Dew2ThYCTDWaIKEeRd47hq49N4zkdgCThnlv68Ge7OwFM4blvD+DVjWvxiekL+P1jOu65+0Y8uGkMj31/EN+YBCAp+Ph6DQeGNXz1C1vRY07htR+cwpfO6PAC8DR58Minr0a/ewJPPjyAr00DmB7C9V8ewsc/fAsevC7z2DzNGgAfTl4Edpw5jL95PYB9s2bs3G3N+O6nt6DHDuDiAL72wwk8GYgd19Pdjm//bj9aU27vxpG/fwsPN63FE/evBsxBPPzfh/CDhmY88+AWtM5VaH67Yy3+5b4uTO07hode8OGoGft6H/zoFnx8qwcYP4E//64Xt9zXiclnLuDhaSce+fPrsGP4yjVb3RJsSBEumlMYngbQYK9gGExERMTwsWYoAtBLdO7FN+5W4sa/CCersPIOKGWQm/qFpYPTEgW5KbfnEOQu2p7jOBPbqzzMtYVDcCU1ljFKFP4DseBRlWNT1CI2O8I2O06PTOL7P/oJ3jo7DE2zl+zaubjhxqtxzTWbst6/ZhoTLXiesqpzQWC6nLHBDBFlFAnjwP7Tc2GXgu7ta9GtXcAPHp/GwJouvPDxtcCBI/jkM4N4rLcT9/e0or8b+PNXBzHQ3YSvfMCD3q3AwE/O4Rs+Nx55cDO2+wbx8D9NYKC7ET0AvHsH8cWzEh76retxT/cUHvv2aXz6sdN48VNrcden1iL83XP4RlMnXvhoO2zOpYfsvRwBoGHTKsAz6cDOXe34/EYXtMmL+NIPLuPhV6bw13fI2PPUBJ5sascLX+iHJzCGgYtKLERMud2D3g4Jw2diVYfdZ/04YJfQPx3EyRCwS5vCkXFg184uYPI0/uYFHxqu68P+u1sx/NRBfOTxU+hffx12dDRguzKFP//hEO65rhOPrG3AdlzA934wgSMdnXjio+3AkXfx+3tC87+o0dP43o9H8O1ZDX/2qT54iv19JiIiygHDxxohC4EqTPZogZRBbuoX8jlZhVU+yAVSNJ5Jue/8bUEj97G7FnS0NvNO5DMLexrga21DVNGgq2pi+8v7DuPw4MWC1qsstg/e/d5KDyGtYjQmyv4qS1V1xh6krOBMtS3pebVXdToVARY9ElFGoQAe3RsPwjT8ds9adI9O4bshBQ/t7oNHAnB9O+594RyefGsI9/eshEeTANjx0Ke3YocEAIP49jsmdlzXhR1NGtDUgn7nBCBJAKaw71gIkTVduKdHA9CFu7YP4RsvX8aboT7sarDDJgFQFHiamtKPc3wK3/7hDKBHsO9sBD3rVmJ3B6B19OMeMwDvbARoa8TNDdPYp5sA5Nhxl7zYc3IKd23qRP8mAJhOsx3o6XVCOxzEwDTgORfCQEcD/uTSLIaHASCIA7Djt9crmHpzBs+ZTjzygS4AQPetzbjz4AT2HAxgx80abBqAjk782Yf7Yic+chjfDUl48H0b0N0EYL0DvcnhY+Q0vvGdERzpbsY//VY/+pt4y0dERJXFn0Q1QpFi1VGlCkCIqk2qIBdAXlW5+VQtzjY0oXF6CpJp5l8JvITpFd3wNaeeCDV8caQ0F83T5m0bseU92+HTY38YOS9bkOLFrKt601xsySUWkjYUuzI3c1VnprPnYn7YmT7ITD2FPe22PNfqtMkCGhvMENFSUq35eBGIAECiD40drU5gYDZ5GREpFhrOiZiATUrVotlE2MRcEBnjaVQAhDB1Cci5rbZiw/0f7k10u44cewuff9yLAUVCtwJMhoBYltiE3fd14XM/HsFfPHYCX0tMjU633QNsdOFejOHkeaBtNIRd3WvRi2n85Nw0btcDGGhwob8JgG7O//qbNLQBODvjT/rjSfqz0IEIJNjSTYzQJGhQcP/dW2LnJyIiqjCGjzVCAJBFrPkMEZWerqq4sKYPLr8XWjAA2/Tlop5/Yu06hJ2utK8PXxgGEAuFqoHDaYeePF+56pRvYOVaJzfd9lzWyk0ZpKa6l8eVqdTxeNmyYofG/2SVlMcREWVBQazTcqJvWwThCNDfkLn/cjhlo7e5kC7ptUhIB6CgtSWHMSU1nLliCnv2eDG8fjVeeGAtgNgaknsSx/ThU3/Uh09duoAnf3wBX0tMjU6z3d6E/qYxPHvhNFaOSth+dTt6MYg9o5dxbySC7lVd6AYwpUi4EqoCCOmIAOhudAHwI3dtuP9eBbYVeRxKRERUAryVqCGc6kZUXrqqYqapBT53Q9HOGWhsxlD/lozBo2maGLo4nHheDQGk0+mo9BCqhrXow4JpLf4w0nzoyR9m7COa5iOS4iMc/zCufITSfARTfAT01B/+uY/YcxNBw0TAMBExLShS7BdgRER52ejBvZKOn7wxFHt+bBKPBSTc3teZ5oBmbO8GDpwcxdHpALxvj2HPbPy1VmzrUYDzl/HatA6YU9jzVghoc2F7ciWgniq4zFJERwQ6vCdj152MRAAEcPbIhVgn7ZYu7FqvAKYJbyjddgBoR3+3hAPDl3FkVsPGdUDrShvaRqfw7Diwuy82zbp1gxPbEMCefdMAdEy9NoOfQMP2jWkWrFznwJ3QsedXI4AZwNlDfrwJAObcCvE+HwZHZjE8WaoV44mIiHLDyscaokgCyGPtOqLlrtB1E01ZLso4LnWvQqCxecn9RodHYRoF3DSVgMPF8HE5ine2ZvBIRAWx9+HBj/rw+ccHcf2xQQDAjq2r8fGt6W5FmrD7A63Y/b0pfPrhg9CcGnYmBYvdd/fi66On8cWHf4kIAM1px9cf2DDXVKUZ/askaMdGcP2Xx/DgAzfj4xuzHWgrdu9y47tPjeCWL4/A0+TBQ9s1fPXsNIYh4cjec/iLx88lppDfefMG7G6awZP/lGp77Iz9W1zoecyLJxua8dt2AOvc2OUbwWOmHV9fN/f192zCV997GF/ccwzXv4BYN/D39uHOtnR/PH343M0z+OS+07j+INDf3YTPdUfw7IUxYMdK4J0x/Jf9PuxSZvDXd7DPNRERVZ6wqqGkhrLmjcYqZ4goe5FIFF5vZOkd05AMA93vvJ338f6mZsx0rIApZ/f7noP7D+GRv/zbxHNNs0OknitbNh/9zQ/iNz75kYqOgcpLEgIuBo9EVWFsbAydnemqBGtIvJGL3Q2PPZufiRFEfIDmnsGTDw/g/+teiyfuX33lZd80vLoCT5O7uOMMeeGNyPA0zFUemjogKVdeCxmwOZugaQuOSbU9FxEfvAE9+3P4puGFEx63BkAHTGVuXpuOyGwIWkOR/1yIiGpE3fzcrCOsfKwxigQYRqVHQVRbilH5GPQ0wuGdyem4sNMFb2s7Qm5PTsfF13uMsywrbdOVcuG06+VFAAweiaj4JCc8TWmmEi8QOT+EyaZmdDdoiJwZw55pYNcNC6r43E3I7SdsluweeJKncEtK+teW2p4LzQ1PLsHlvK9fSVpQS2HwSEREVYXhY41RBBCu9CCIaoyiFD5t2tvWnnX4GHK54W9pRTDPtSKT13usFk5Ou15WXKrE4JGIKiiEgTcv4KG3BzE114Rl19bVePDG7IJLIiIiqi4MH2uMIgQErOptOEtUhQqtfASAiN2BqZVr0DxyEVLK7puAt6UNgcYmRO2FBXXDF0bmPa+G1TGcLt7wLRduVWKDMyKqMDu23Xcjnrmv0uMgIiKiYmD4WGOEiDWeiZqVDyOIaokQQKEZXrChEWGXG87ZaaihEIRlIappCLvciDiKE85ZloXhRZWPlf/37vak785N9cOtMHgkIiIiIqLiYvhYg1QJiFZXI1yiqidJAkYRusWbsgxfc+k6R44OjS6qdKyCwkeu+bgMuBUJSmX7GhERERERUR3ibUYNik29JqJcKDWSqqRe77Hy6SPXfKxvDB6JiIiIiKhUeKtRgyQBqBLjR6JcqGppCr11XS/q+RZ2ugaqZc1Hho/1yqUIBo9ERERERFQyvN2oUbxRJMqNqhbe8XqhYDAARVkeq1cwfKxPDkXwl1lERERERFRSjLBqlCoJSEXo4Eu0XEiSgFzEkMXv88FeYFfrbFW68vHzf/oZqKpa0TFQ8dllARuDRyIiIiIiKjGGjzVKAFB5z0iUE1UrTvXj7OwMHE4nRAl+ATA2Op5ia+XCx5vfuxM33vKeil2fSsMhC9hl/hAhIiIiIqLSY/hYwxRWrBDlpBjrPk5PX4bL5YYklebtc3xkcfhYycKYhpe+AAAgAElEQVTHG265rnIXp5JwKQI2Bo9ERERERFQmDB9rmCoBMqdeE2WtkHUfTdPEpalJuN0eyHLx148EgNf2vo7B02dTvFK59PHdgTMVn/ZNxeNRJa7xSEREREREZbU8OiXUMUUCDKPSoyCqDUIAQliwrNzCF13XcfnSFJqbW4reYMbn9eGN1/bj2KHjOHr4WNr9LMsqyTTvpbx18G187D+GYbPby35tKh5JCLgVAeaORERERERUbgwfa5wqCYQNViURZcMwDAAmgOwrF6ORCKanL6OpuQVKkZquRCIRaJoGAPj873yhKOcslfODQxg48S62X7u10kOhPMlCwMNFgomIiIiIqEI47brGKQJQOPWaKCt6NArLyv5tLxwOYXr6Epqamgvu9hwOhzA7M42Z6elE8AgAf/rVh7I6vpJTnw++caRi16bCqBKDRyIiIiIiqiyGj3VA5XeRKCuRiI5Yr/ilhYJBzExPo7GpBWpSWJgrn8+LifFR+LxeaJoNjU1N817v29iHb33/m1mcqXLh4+FfHZ+rGqVaokkCLoXBIxERERERVRZjqzqgyQISqx+JlmRkuURBIODH7OwMmppb5lUp5sNms6O5pQ2tbe2wOxyp97Hb8D+++bWCrlNKo8MT8M54Kz0MyoFdFnAyeCQiIiIioirA8LEOCAAav5NES7KyqHr0+33web1FCR4BQFXVrJrUtHe24/e/8Nm0r1e64/To8HhFr0/Zc8gCdpnBIxERERERVQdGVnVCZQtToixk/nfi83nh9/nQ3FKc4DFX111/LXbetKPs183G8PBYpYdASxCITbO2MXgkIiIiIqIqwvCxTsgitr4XEaWnqum7XHtnZxHw+9HS2gpVLX/wGPf+D+xO80plKx/HRyYren3KTBYCLlXwF1FERERERFR1GD7WEYaPRJnZbKk7Vs9MX0YwGEBrWzsUpbCu1oVa378eO258z6LtFZ51Dacr9XqVVHnxxjJc4pGIiIiIiKoRw8c6okicfk2UiWXO79hsmiampy/DAtDe0QFZTl8ZWU59G9el2FrZ9NHtdlX0+pRavLEM3/qJiIiIiKhaLd0FgWqKKgFRs9KjIKpOpnUlfDRNE7Mz01AUBW5PQwVHtVj/5o2VHsIiTrez0kOgJJIQcMj8hRMREREREVU/Vj7WGU0SkAVvRolSCYWiicd+vw92u6PqgkcAWNO7Bs2tzfO2VbrbtYvTrquGOjfNmsEjERERERHVAoaPdUjjd5VoET0ahWFcCfCcThfsjuoN1Kqp+nHnTddg27WbKz0MAmCTY8EjG1oTEREREVGtYExVhzRJQGL1I9E8kWgUyStNVMv6juls3n7VvOeVrHy852N3VezaFCMAOBUBB1NHIiIiIiKqMQwf65AQgI3fWaJ5dL3SI8jNxqsWVj5WJnxc0dWO9f29Fbk2xchCwKVK0DjNmoiIiIiIahAjqjplkwWUGq9+nI34Kj0Eooppa2/Fiu7OxPNKVT5OTU1jZnqmItemWCW7WxVQavvtnIiIiIiIljF2u65jmlx71V5D3hG8eOqvoOrHE9sU14fw6xv+Exo0dwVHRlR+m7ZswujwWOK5ZVkQefxSwbJMGGas07ckJAghZX2eaCSK1/a+gbs/cmfO16XCOGQBG6dZExERERFRjWPlYx3TpNrqhjrkHcFLJ/7zvOARAHT/0/jJkYcqNCqiyundsHC6c37Vj0JIUGQViqxCCAmmaSAcCSIaDcMwdJimmfHcb7x6MK/rUn4kIeBSJAaPRERERERUFxg+1jlbDYWPL737t5DhT/maap7FM6f+rcwjIqqsdet75j0vxtRrIQRkWYFNc0BRNQBANBpCOByErkdgzlVIJnvnxCDODV4o+Nq0NJsk4FYEVP50JiIiIiKiOsHbmzqnSLUTQMrRNzO+Pjn7eplGQlQdulZ2oW/DusTzYq/7KDAXRNqcsNmckCQ5ZfgIALPT3qJem+ZT5qodHYpAjbxlExERERERZYXh4zJgkwUEqvtudsg7svRO5kTpB0JUgOd++mrRz7n9um1XnpS46YwkyVAULeVrlWl3U/8EALscayrDakciIiIiIqpHvNVZBiQB2ORKjyKzlZ4uGHBm3EdSejK+TlSPNm/fnHhcqY7XACCzHK/oVEnArUqwc21HIiIiIiKqYwwflwmbLCDn0SW3nDTn7Rlf72q6qUwjoXqkKErJr+Gd9ePR7z1V1HP2ru/Bpi39AGJdqyvF6XZV7Nr1RhICTkXApQgwdyQiIiIionpX+rtxqgoCserHgF7pkaR389qP4pUTT6d8LSracXvvXWUeEdUTVZXx3NOv4ujR04tek2UJbrcTbo8Tbrdr7rMDzS2NWLm6M+trnBq4AF2PFnPYAICrtm7CyeMDRap8tGAYBmQ5t7d/lztzZTJlxyYJ2GSu60hERERERMsHw8dlRJMEDBkIG9W5ettKTxcMdWfKxjMed+aqSKKlKIqEtw4NYPDMcE7HudxOrFu/Cv1X9WLnDdugaqnfNo8dOYWZaT8MQ8eeX7yB3b92QzGGDQDYsGk9AMCCBcuyIAqqYo41mYlGw1AUFUJkVwDvcjF8LIQiYqEj13UkIiIiIqLlhuHjMmOXBQwT0Cu4dlwmO9d+AgffnR8+GnDi9r77KjQiqheRSBjhMOBwNKTdJ97p2bJMmKYB0zTh9wVw9PA7OHr4Hex94U3svHErrt2xGa1tTfOO3fP8G5AkGZIk48AvjxUcPvp9fhw9fAzHDh3H20dPXHnBsoAiLKGgqjZE9QgkIS1ZBdm/eT0rH/MUqzoXXNeRiIiIiIiWLYaPy4wAYFcE/FGrKrvXbmzZgIO224DwS4ltLc0PoEFzV3BUVOssy8LwhXFcvuTLuJ8kxTszyZBlNbHdNA0YRhST45fxsydfxs+efBn9V/WiZ91KAMCJ42dw8fw4bLZYQDc5PotXXvoVbr3tPVmPMRgM4/Sp8zh96jzeefsdDBw7nPprgVW03vWqokHXI9D1CBRFBdKc+cP33VmkKy4vqhQLHZk7EhERERHRcsbwcRlSRKwCMlil069vXfdJvHIiFj5GRTs+sGF+1eM7l07h4MUnENXHIQkXNnfdi2tXXFuJoVKN8Pt8eP7ZX+V9fLyiUVXtMAwdhhHBwIlBDJwYTLyuaY7E/rKi4Yl/+QU2b+1bVCGZLOAP4sTxMzj59hmcOH4GAX8QABAOXMp7rLlSFA26HkU0GoGq2ha9vvGqddhx49VlG089UCUBTYp9JiIiIiIiWu4YPi5TNlnAsICIWX0B5EpPF+ye30DI+2P0rfjdea+9OPgsxie+CQCI16UNnN+PgfHd+M3tf1LmkVItsCwLhw4M4OCBd4tyPllWIMsKLMtMNIC5UjEZI4SAotrww3/8Kf7wjz++6By/2n98UeAoSTJUxQYhBGaDMxm/nmJTFBWGkbpRzjsnzhT9evUqtq4jQ0ciIiIiIqJkDB+XMbssoFuAWYXrP97edx8ef+sUxt+YBFbHth0aPZQIHhcJ7cEzp9YtqpIk0nUdP3tycROjQgkhZVx6UVE0nD0zjOd++iruvPsWAMDhX53ASy/sx/mzIwBiQaaq2iHLSqLxi392rOhjzUbyNPOFwqEwbPbFVZEUowgBTY419SIiIiIiIqL5GD4uY5IAHDLg1ys9ksV+8fjP8cqTowCexnt3vxctrS14e+QJyBmOmZx+EgDDR5pvbHQKly9nXuuxVFTVjp//9DW8e+o8pi/NYmpyOjF9W5bVRV2rLdOA3zexxFnL/8uCYCDI8DEFea7SkaEjERERERFRelKlB0CVFW+IUG02b92ceLz/9f2xB9HjGY9RraVCG1qOhi5U7u+FJMlQNQdOv3Mely95YbO5YLO5oCjaouARAHyzY7DmOm6XgmHk95uGSKQKf0NRQbIQcMgCHlUweCQiIiIiIloCKx8J9rn1H6MVXP9xyDuCczNn4FTdaHd2oH9zPxoaGzA7M4s39r2Bbe+7GjICFRsf1a4L58cren1ZVmC3uxPTqtMxjAgCS1Y9FkaSJJimsWiNyqWEw+ESjai2SELAJgGaLIrWcZyIiIiIiKjeMXwkAIBTEfBHAb3M6z/ORnz42clvA6E9iW0nATgafhM33HwDnn/meVw4dwFnRpduFmKoO0s4UqpV1RASLRU8AsDspQvZnq2gcUSjIaiahFzis1Aokvc16wFDRyIiIiIiovxx2jUBiMUZTkVAytRBowSeOv6NecFjXHD2R9A3jySeDw4PZDyPASd2rv1E0cdHtc2yLFzMctp1vlOSiyHgm0QkXJ51KWVZgaGn7mydjh7Nbf96IYvYshQeRcDG4JGIiIiIiCgvDB8pQRKASynfDfah0UOQo+m7EMv6z9HZ3wUA8IbTdwCOSj3Yuf5/YGPLhqKPkWpbJBzG6PDlrPYt5VqLS13XNzua9f6F/n5AlmMF72YOX6+iLK8ieVUScCqxNR3tsij4z5yIiIiIiGg5W153lLQkWQAuRYJPN0t+rXOXjyy5z5rdFsYGgGAwCDQtfl12fggf3Pif0KC5SzBCqnWDZ4az7nRtVaCLNJBPk5nCkzBF0XIMH3NbI7IWSUJAlWKdq6uwBxcREREREVHNYvhIiyhSrALSr1euAU2c23YSQBNMc34YGpU344bez7DakTI6evh01vsu/DtWLsHApYpcN5emM3IdVz4qkoAmxaodmTkSEREREREVX/3eUVJBYtMOgUAJA8gGeydC3sz7yAhgxa5+NLVNAwCioh1bV38e1664tmTjovoQjUbw9rHzWe+vKGoJR5NaJOyr2HTvXNRb5aOAgCbH3ucUJo5EREREREQlxTUfKS1NEnCUcP7hjpW3ICr1LLnfyi1BhEJOTI3fgU/u/D6DR8rK7IwPI8PZVxVKkgLLKm/1o2Hk3kVaVGABwnpZ81ERsfe0BjX2mcEjERERERFR6TF8pIxscukCyAbNjRvW/RdERXvm/RznceR/Xcb0/kBJxkH16Z2TF3LaXwgByyrvUgNmjl2nYyoRPtZu5aOAgCYJuBUJbnWuazVDRyIiIiIiorJh+EhLsskCbrU0f1U2tmzAvVd/Cx3t/zltCBmbet2JS1OVWRuPatPQxclKD2FJkXB2zXCSVaTyUa2tysd44OhUBBq02GeFP+2IiIiIiIgqorbuKKliFAE0qBK8UavoXYEbNDdu770L6L0L71w6hbeGn0codAyqeTaxT8taAyf2zcI0TEgyUwRa2plTwzntb1kWTNPIqRFLISzTyCt8rIRaqHwUiHWrVtg8hoiIiIiIqKowfKSsSQJo0AQCOhA1SzM9dWPLhkQH6yHvCAYm38LZ0Tdgd16GZVm4dOkS2trbSnJtqh/RaASdXc04c3o062MsywTKOO06FJrJ+ZhKVD0C1dvtmoEjERERERFR9avOO0qqWgKASxEIGkDYKG1Qs9LThZWeLhyc7MAj//AIACASzr1BBy0vlmXh/OAwDv3qdE7HmYZeohGlFvDmMy28MvFaNVU+MnAkIiIiIiKqLQwfKS8OOXbTHypxAAnM77SrqmrJr0e1LRgI4F9//ApCwdyDasM0yvammF+n6xIMZAmSJEGWKxs+MnAkIiIiIiKqXQwfKW92WUASQEAvbQAZ8F/pcq1o/CtLme17+QgGc5huXSkudzt8s7mOs/yxm82ulf2akhBQBCALQBYCslSpmk8iIiIiIiIqFJMcKogmCUiqQNiwSrYOZCBwJXxk5SMt5eCBdws4unxrPtqdzTmHj5VY89Fmt5X8GnI8bJTmwkYmjURERERERHWD4SMVTBGAogiEjdg07GLHN8nho6aVvwqLaouQ8u+GbppGEUeSmazk83e5/Kmc3Vb8f3OKEFCkK6FjhfroEBERERERURkwfKSisckCihSrgowUsQpyYnwi8Tg5fHxx8FlcCpxBODKOrqabcHvvnUW7JtWuq69dj9Onhis9jJKoREhncxRW+SjNVTLGKhtjYSMREREREREtHwwfqahkATgVAcUEQgZgWoWHkOcGzwEAWlpbAACzER9+cuQhqObZ2DUBjE/sxz9N/jNu6PszbGzZUPA1qXat7e0q6HjTNCBJ1dPdeb4KVD467FntJ3BlyrSUNH2aWSMREREREdHylv/8RKIMNEnArQjYpMKiB8MwMHRhCADQt6FvUfCYTLUm8MaZv8ZsxFfQNam29V+1ptJDyIoeDVZ6CFmxp2g4IwsBTRJwyAIuRUKDKqFRk+BWBRxz/+4VBo9EREREREQEho9UQpIAHIqASxGQk+aLDnlHMOQdyeoc5wbPwZqrnly3YR1+duKRlMFjnGqexbGxw4UNnGpeV3dLpYewJEOP5HxMJRrOOOw22GUBpyLgUSU0aRI8auy5TRZQpdi/dSIiIiIiIqJUOO2aSk6VYgHFzwdfwcDw30O1Yms4RkU7VrY9gNt770p7bHzKNQDMrBgBwi8teb1x32kAtxQ8bqpdq9a0Y2T4Ul7HmoZelmnX4dBsya9RDG6nHXa2nyYiIiIiIqI8sfKRyuLpU8/gzND/lQgegdg06fGJb+KZU/+W9rgjh44AAJo2tUCP/Kjk46T60NraWOkhZBQJ+xD05xeOlluqaddERERERERE2WL4SCU3HfLh3Ng/pH195vJ38eLgs4u3T8/g2JFjAIAtd0xnfb21zdtzHyTVlf7Na/M+1kLxOrUvZBgRXJ44jcsTp/M8Q/krEJ1OR9mvSURERERERPWD4SOV3KsXXoEMf8Z9xie+iVOX35237bWXX4NlWdj4sQ44pItZXSsqb8a1K67Ne6xUHwrpeG2aZhFHckVXtxOTIycQCeffEKkCSz7C4cyu2zURERERERFRKgwfqeSmQ2NZ7ffGu19FxPBDnetesfeFvWjc2Iw1K7NrIGOoO3Hvtv+W9zipfjidtqqZLrxx02r89//5e7jxxv4inK0CDWccDB+JiIiIiIgof2w4QyW3vvVqHJ5Zer1GxZrAvx39Bj53/Vfw9ol3MTU5Bafmhs93F9q60q/h12DvRH/b1Vjpyb/ajepP96pWnHk3u67qySyrOJWPdruGD33kZvzaXTtj41lTm38/7XZbpYdARERERERENYzhI5Xcjd3X4sBgO5SkZjPpiMh+vHD2FQy8FJuCHRj24T9e/Zto6+yEbgK6BZhW6dbko/qxoX9VTuGjkGKF4MUKHyGAvvWdiacrujoz7JzlKSsw79rhYPhIRERERERE+eO0ayqLHb1/DAPOrPY9efFv8ObR2FTr9et70d21Apok4FQEPKqASxGwSQJSJRbAo5qxtmdFTvsLUdy3w1Awgsd++BJEOIgGVcL6Ve1FPX+5uFzZ/bslIiIiIiIiSoXhI5XFjd3X4kPbvgXJvhtRqSfjvjL8aLo6Fnjcdtuuea8JAKok4FAEGlQBtyLBLguoDCNpgcKazhhFGcOZ02N49pn9gGVCCIGm5oainLecVq/OLcQlIiIiIiIiSsZp11Q2axu78Hs7vrjkfl/6P7+OC28PQJZlvPfWmzLuq0iAktSEw7AEdMuCYQKGBRicor1stbY1ornZjcuXs+suXaopzc8+dxi3774a7e0taG1twvTl2bzOU4kp123tzehc0Vb26xIREREREVH9YOUjVZWJiSm8/fYAAODGG94Dp9OR0/GyAGxJU7QbVQmuuepIRYgK9AqmStrQvyrrfZOnXVsFh9YWdD0CAAgGI3jm2V8BAFpamwo8b3lt3bqh0kMgIiIiIiKiGsfwkarKmwcOJR7ftntXhj2zIwSgSoBdFnCrAo2aBI8qwakI2GUBTYqHkowla50kYt9LTRKwyQIOWeDGGzbldg5JBgBYBU67jkRC8wLMgXeGAABtrc0FnLX8f0evvrq/7NckIiIiIiKi+sJp11RVTp06AwCQZRnbt20uyTVkAcgpprBaEDDnpmqbFhIfhgVY4PTtSpAgIEQsdhMi9tuS+HNJAAICkog9TuXmG/rxzRyuF6t+LHy9R02bX7F7+vQYgsEgOjvzn8JciSVNr77mqvJflIiIiIiIiOoKw0eqKvHwsa+vB7Isl/XaAksHk+ZcEBn7DFhzn688Z0yZipj7byJIRPowMXl7vkKhECRJgs/ng8OhIRiMZHWcLCswjChMy8z/4mn84oWDaOtoKeAM5U0fm1sa0L2yo6zXJCIiIiIiovrD8JGqRjAYxOjoOABg/freea+dmxnB6cunMeJ9F1d37cLWtvKuRXclmIw/S7/n4lDSSjyPvwbMDy+vPK98eBn/6uINTsSC1+JhIZIei3mP54eMEOWOzYCBgfPwegPY/+a7WQePACBJsbfEwtd8XOzfH9+P3/rEzUU/b6ks5/Ueg5FZOLTcOpPncwwREREREdFywPCRqsbJgXcTjzesX5d4/OjR/4WZmacgww8AeHXmR9gj9WD3xi+UPYTMRjyIA7IJK1MdPRdIJgeWiY2FD05ceXjlcwUCwlL613//JU6dGsn5OCEEZFlBKZqkB4MRvHtmooAzlPc7tG378lzvcWBkL2RZwvqOW3M6LqIH8O7Yq9i2+oMlGhkREREREVFtYvhIVSM+5Rq4Uvn4ryceg2/mR1g4AVs1z2Lvyf8dq3Z8H012dxlHWR4pA8F6SgdLbFP/qjTho5VU1SgS1Z3JFMWGSDhQknEdPHg272PLvebjtdcuv/UeR6YH8Mrph/E7t/x7zsc2Olfg5f0Po6NxPTobNpZgdMVXigpfIioNy7Lq6t9sqp+/REREVL/Y7ZqqxsjIGADA4XCgq6sT52ZGMDn13bT7y/Dj6VP/Wq7hUQ1xu+yJx4ahQ4+GEZ370PUIdD2CSCQA01y8tqMkyZAVtSTjunTZj+bWrpKcu5gaGt1Yvab6x1k0voMIRmbx0sm/ho4Awrovr9PIisDPjnwZwcgs4DtY5EEWRzzAqKcQg4hqD9+LiIiIlhdWPlLV8Hlj06q7umJNLp468Y0l/4JO+4+UeFRUi3p6VyQey7ICyLm91amqfemd8mR3tgBTuU8JL2fp65Yt68t2rYqKjABaF+A7iEPetzCjxypTp/xn0N24PadTeUOxX56EMYXnj38D93StBdzXXblGhWR7Y88AgKj6GYYBSarduoF01Y4L339YFUlERIUwTZM/S6pQ7f4fDNUdry9WbeRyOvHL4UNQ9LcrPCKqVZ2dTZUeQlqmpUCz5b5UQDl/fm7bXhvThgtmeIELX4U/OISDF3+Y2Dww9nzOpxq8tC/x+KJ3P8b9o8DoP8TCxzJLVVGUvC3VBxFVN4fDAZ/Pl7Jiv1Zk+z7E9yYiIsqXaZrw+XxwOByVHgotwMpHqhrxykeny4kD5/8pq7+cLtu6pXeiZWdFZ0tRzvOhu3fgllu24ctf+UFOXbOX4nS3IRLOdWpv+dLH667bUrZrVZRjI7D6z/H8m38ERb3yu7izl15HWPfBpmQXEod1H44OP5F4LkkCz48ex8d3/VnRh7yUhTfrqW7es91GRNXD5XLB6/ViYmKiZv+9pqpCiW9L/poW7sfqFSIiypYQAg6HAx6Pp9JDoQUYPlLZPH3qGQzPHgUAdDdux4fW3zXvda8vFj7Ka+Wsqh4NOHH7uvuKP1CqCy0tbly6lN/afXHnz0+gZ20HPviBHfi3f79S2WaaRuIjdsNkQZZVKIqW1XltjkbIigZDL16gWSwutwM9vSsrPYyymfYP46JvYF74GNZ9eOnUX+HOq76U1TmODj+RmHYdN2NcwuDYm+jt3FnU8WaysHJoqcepnhNR9XK73XC7a7/JXqZwMZvHREREVHsYPlJZ/N2Br8MM7Uk8vxh8Ef/P+BP45HX/E012NyzLgt8fCx+ttqElz2fAifdt+jrWNi6jphiUk9YWT8HhYzAYBgDc/7Fb8dLeo5ia8gKINaWRpIU92HPjdLfDO7303/W4ct14LZv1HucMjv9qXvCY2D61D4NT+9DbenPG44dnjuDA+UcXbZckgaHpoyUPHzOFifHH6T6nO8dS1yAiSmepn1VCiEVVjpZlpQwk4/ulOoaIiIhqC8NHKrnvHfp/5wWPcap5Fj888hf43PVfgWEYAABntxsu9c2054pKPXA7tuL2dfcxeKSM1qxtx6l3R2CaOiQpv7e6QNJU6/vvuwV/+3fPFGt4cDib4ZsdhWUaRTtnMWzc2FPpIZSVQ/PAslKvqfnSqb9Cm6sPHntnymPDug97Tv1l2nNrirNYw8xKqjXTMj1OdQwRUSlkqmjMFEACSPkaERER1RaGj1RSvxw+hLD/6bSvi8h+vHD2Fby/51YAQM9tsS7DurIZANDk2g674sKqxvXY1LIBTfban25E5eF02AAUFqgMDV1KPL7ttu146eWjOHnyYsFjAwAhybA7GhH0X1p65zJq7yjOepm1YtPK2+CPTmAmfA5Dl9+CX59IvBbWfXjuxFfwsWu/lfLYPaf+ctF0a0U40d24DV2N23Ht6vItC5GqujFVM4dUz1Odh4ioWNKFivHgMd3z5P0ZQBIREdU2ho9UUu9OvbXkPieG/g7v77kVmqbh7X+eRPevPYA//MxvlWF0VM96e2LVarKsQtcjWa/HmMmf/NeP4b99+VFcuDBZ8LmAWOOZbMPHct10dXa2leU61eQ9PfcnHp+fPIjXznwHM5FzAIBJ/2kcOP8odqz5xLxjBqf24ezU64nnTrkNt234Y6xpu648g0b6wBFAoiOuaZoZO8tmqoRMdS0ionTS/ZxKVemY/HjhhyRJsCwLkiTNOy4eQDKIJCIiqj0MH6mkAuGxJfdRrAk8feoZqKqKSCSCaCRahpFRvXO57InHxbpJcTltePCPPoz/+tD3inI+RXVUXeOZjs7WSg+hota0XYc1bd/Bz499Hacv74EQwIHzj6Kn9Sa0ufoAXGlIE9ft3ok7Nv8JHFpD2ca5VPAYf57p8cLj0lVDEhHlKzlojH+OP5YkaV7guDCYNE0zEUTGtzGAJDMDr4kAACAASURBVCIiqk0MH6mk+tpuxqmLi9d7XOjs+D/DprXD7wcikeoJYrI1MPY8IoYf27o/Uumh0Byn05Z4HKt+DENRbBmOSO3UqYvYsGFV4vmRo4NFGV+czd6IgG9i6R1Rnpus9vblNe06nV/f+kX87LCJc969EALYd+Y7uGfbXwCIPQ7rsWZG65p249e3frGsY8sUDsYDxuTP8Y+F29NNwWb4SETFki58TA4cJUlKBI3xaseF21NhAElERFQ7GD5SSb2/51acGN0MRX87436KNYG2Wzbg0lPTNRU+hnUfnjr6RUz6TwMALFjY3v3RCo+KAKCvr3vecyFS37wsJRAIz3s+MJB9h+ps2BwNWYaPpdfQ4IKq8sdC3Aev+VP87DBw3rcXwzNHMDxzBB5bJwbGnwcAdLl2lD14TLaw6jFd8GgYxrwQMl0AyeYzRFRMqaZbpwoe4x/J7zvJwWNyAMmqRyIiotrEu0wquU9c8xU8evhLSwaQnb0DeAc2RKJ6mUaWnUn/aRwdfiLRWKK39eZEheO+M99JBI8AENH9FRkjLbawUkKW1aKc99Ilb1HOE6fZsmuiVI4brda25pJfo9Z88Jo/xWNvjmMqfAIHzj8Kjy22lmiDshY3rPoshoaGMD09ndh/5cqVaGpqKtv40q3hmBw6pvucrgIyfp6F1yEiyiRdY5n441TBoyzLic8Lq6/jgWQ8cEx3HSIiIqp+DB+p5JrsbvzhjX+FczMjeHP4VYx7j8KKHIOMwLz9bGIKbdduh/dyccOdQsQrG+NTLAFgeOYINNmF7sbtiQqoVI4MP44p/xls6/5IYq04Kp/4mnZFV4KbHs3mRiTsW3rHEuvqaq/0EKrSh67+Mv7lwO9jeOYInKEt8PjvgM3owd5zry3a99ixY7j++uvR29tbkrFk6lK9sLoxHjQu/MgUQMbPxbCRiAqVqrnMwuDRNM1E8CjL8rxjk8WPi+Paj0RERLWF4SOVzdrGLqxtvB9ArLPsdMiHk5dOYdI/iunQGIaGRuBZOYuh40s3qSmXs1Ovzwse4wbGfz6v4hEANMWF/o474A2N4bkTX0m8fnbqdXzsmm/BY+8sy5gpJhwOL71THrZsXotTp0aKes5qCR/XrVu19E7LkENrwFbP72Bg4DRkI1apqiN9hfbx48dLFj4ulKqL9cLQUdd1jH7nW5jd+yKsUKgs4yIiypaw29Hwvtux4jN/sPi1uYAx+ZciDBuJiIhqD8NHqpgmuxs3dl+beP6j44/jzaefAgD4fH643a5KDS2hu3F72teGZ47Me97bcjOGZ4/Ma0YBxKonveExho9lFAgE8MorR5beMQ/vv/0aPPGTXxb1nIpqz/h6uW60+tavLct1qlk0GsX0dGzt2enpaYyPj2N8fBwAICO7KfJ+vx/Hjh3D1q1bSzLGdJ2uk8PH5MrH0e98CzPP/awkYyEiKpQVCiXeo7o++4eLpmgnv7+x4zUREVFtYvhIVaOjoy3xeHx8cl746Pf7EQgE0NTUBFUtztp92fDYO7Gt+yM4OvzEotem/GfmPR8Yfz7lNGxNcaHVta5kY6T5AoEAnvv5Afz4X14vyfnb2xtxy67NePW1zGuY5kJRHUU7VyH6+lZXeggV89Of/hQ+X/GqT48fP46Ojg50dHQU7ZypLFynMXkqdbzycXbviyUdAxFRMczufREdv/u5ecGjaZopp1sTERFRbWH4SFWjPSl8HB0dh66HMT4+jqGh+d2Fb7nlFqxcubJs49q17rOI6P6M6ztmPL73s7Ap2VVMUWGi0Sie/8XBogaPqcLu3/gP7y1q+CgrGoQkwzKNNHuU/kbL4bSjo7O15NepVk6ns6jhIwDs378fd955Z9F+YZKuCUy6ysd4+Mip1kRUC6xQCIZhzAseM1U+Jo5jIElERFT1pKV3ISqPzo52tLe3YOeOrbhw4QwOHTq0KHgEgDfeeAPRaLSsY9u98Qu486ovQVNi1ZhT/sGsjtvW/RH0d95RyqFRkmPHz+CHP1rcBKQQmzevWbStvb0RN93UX9TrqBWufly7pqui1680l6v4yzz4/X4cOnSo6OcF0gePqQJIIqJaEW+GldwIa+EHsPiXMURERFTdGD5SVYitkXYEt71vJ3p6Mlc1RqNRvPjii2UPIHtbb8b91zyCVte6lE1okmmKC3de9SXsWvfZMo2OTNPEv/7blYpHyzIRDM4iGg3DTFtRmNlVm9JPQ962pSevc6YTjQbTvlaOio61Pd0lv0Y127BhA0IlqBAcHBxMrBlZiKVutBeGjsmPiYhqRar3sOTQMR2GkURERNWN4SNV3ODg/9/efcfHcdf5H3/NzFaterdkW7bl3uTuOHYU4yQEJ04jCSGQg8DBcbk7+N0BCUkIIRztfuS44zgCFw740dNMOVI4hzQ7dopL7MS9SbZVrd5Wqy0z8/tjtetdaXe16pL9eT4e69md+c53vmNZY81b3/l+K9m2bRuNjY1J79PW1jYuAWSao4Abl3yHNHv8cdxm5Kzj9mU/ZGbO5WPYMqHrOqdPX5gpXVFUHI40wMTrdeP1dqPrfiC5G5Tbbl3PVx/+SNztS5aM3GzGAb8nwSPXY6O0tH8Pz0tJVlYWNpttVOrevXv3qNQbEutx7MibdyGEmCwir13xhpoQQgghxOQjYz6KcRN6JDHWo9XJCAWQmzZtGtNJaOyWVG5c8iid3vP9ttksLnJdpWPWFnFBrH8DiqJgtTqwWGz4/V58Pg8KCharDU2zoiixf/8yu7SA227dkPB4eXkZZGe5aGl1D7vtiXo9jpXS2Zd2+AiwbNkytm/fTlZW1ojW63a7qaysZObM4QfW8W6+Ez16LYQQk0WiR65jkfEehRBCiMlBwkcxptxuN42NjRw/fpy2trZh1zdeAWSao4A0R8GYHU8k52//ZjP/9eM/91uvKCo2mxPTtBMI+AkEfPj9XiyWYAipqlpU+VOn+wfLffn9/hEJHgGMQOIevGNxYyXhIyxYsACPx8POnTuxWCw4nU5sNhsWy/D/q6ypqRmR8DFS3xvyROOjCSHEZDDQdSxy4hkhhBBCTB4SPopR5ff7aWhoCL9GInDsa7wCSDHxbNy4FEVV+MFjf0TT+j9CqygqVqsdq9WOrvvR9QBerxubzYmmRf/bqalppLg4L+6xzpwZOKCcLFwuJw6HfbybMSGsWLGCFStWUF1dzcmTJ8PXLY/Hg6qq4Ueznc7gBEGR6+IxDGPEZ9LuezMea7uEj0KIySbRtavvdU8CSCGEEGLykPBRjKo333yTurq6UT9OW1sb+/fvZ82aNaN+LDGxXb5uPl97+ASu1DxSUnNR+vRqDNE0a2/gGHuW6YrKuoThY3e3dySam6TRvcHKzEwb1fono6lTpzJ16tSodU1NTXR0dNDd3R0eo7a+vh6v98K/hZaWFgKBQLi3pNPpJDMzk7Vr145Ju6XnoxBiMpNrmBBCCHFxkvBRjKo5c+ZQVVU1Io8tDqSyspLi4mKKixPPli3GTyik8fv94bHoLBYLmhYMCO32ofe+MwyDnp4eXnvtbSyahe6uBro66nG6srE70rE7MwZV37lziSdAUtSRCwQtVkfC7SYGKCqYozN+X2ZW+qjUe7HJzc0lNzd3vJsRUzI9hYQQYqJL1JNbCCGEEJOXhI9iVE2ZMgVd18ckfATYv3+/hI8TiN/vx+124/d2EWg9iNp9Aq37JIq3FrQUTNWJr3dpak701OVY8tbhdDqx2+0JH6P3eDx4PB78fj+qqvL2W+/yzr5jHNh/DFXVUFUN0zTw9XTgcbegqBoOZwaOlCxs9tQB2z7QRB1Ll8wa9N9HPImCUacrG0dKNgHdh9/TjmmM/AzvWVmDC2bFxBV5ky4360KIySjyGibXMSGEEOLiIOGjGHVlZWUcOnRoTALIzs5OOjo6SE+Xnlzjye/301K9D6XpVSztu7B1n8BmJPmY8gnwpS2nO205ZKzCmn85drsdm82Grut4PB6qqup4fcc+3th5gKam+OOIKoqKxWLDYrFhGDre3iDSZk8lJTU3Yein6wP3bJw3t4jjJ2qTO68B2Oyp+LxdUZ/TMouwWHsfC/epKCkafk8Lhj6yAWRmljx2PVklmgE20faRYs8vIHfDFdiyo3uE+lqaaNr5Ot6Gi2dsVCHE6Bvo2iVhpBBCCDE5SfgoRl1ZWRn79u0b1fDR5/Ph8Xiw2WwSPI4zv99Py7EncZx+aMh1aJ370Tr3Q+3P4KjKMc8aurR5HK7J4p1DzVSdqx90naHekFis6LqP9pazoKhYrc5wT8hQ+HfDjeu5++NXD1jnJz5xLQ899HMC+sjdDGkWG2kZRf2CUZvNic8HOLPxe1oxdN+IHTMjXcLHi8FY3pTnbiin6JbbyN1QHrfMvC9B084d1P5hK007d4xZ24QQFxcJHIUQQojJT8JHMSY2b97MU089RUFBAaqqDnp/wzDw+YJhi8fjAaCnpwfDMDBNk7y8PJYsWcLy5ctHtN1i8DqrXhpW8Lj9WBFHarJo6HTS2OGgsTM0IUxt72u4FDTNgqZZMAwdXffS7e4JTumiKCgo2G2Jx2AMmVGSz7o1hTz/wm7sjnRs9tS4E9wMRNUspGdNw+nKjlvmQgCZNaIBZFa2PHZ9MRqtG/Yl3/k38q7clFTZ3A3l5G4op3H7Kxy87/Oj0h4hxMVFwkYhhBDi4iPhoxgTU6ZM4cYbb2Tbtm243e6kekEGAgH8/uDjpcXFxSiKQn5+Pna7nYyMDDIzMykqKsLhSC4oEmND6TyKYk3H9HcMet8fvbyI144VjUKrYlNVDZX+YeFgbnxsNnt4XEkAS29PSovNgabZkhpfEiAjuyTJ4znx+5VgANnTjhHoSbqt8WTJhDMiSeufexF7Xv6g98u7chPrn3uRXVvePwqtEkIIIYQQQkxkEj6KMTNr1izuueceACoqKhKWlVBx8rJ7DmE4C9EHGT6OdfCYSENDy4BlPB5PxIzdwXElTdPAMHR6PK2YbgOzd3ZqzWILB5GKqmGxOlBV7cJ4joNk7d0fIOBV0f3dQ6oHwOGwU1g4MWdwFhPL2id+N6TgMcSel8/aJ37H23feOoKtEkIIIYQQQkx0Ej6KcTFr1sjNFCwmFkNLRXEWobjPYerJ9crbU5E/YYJHgKam1rjbAoEAO1/fw7b/3dVb9sKEN4qiomnRfSkNQ8c0zeDj3V0ewIyaSVtRNTTNRk7B3EG1UdOs2GyhOiwEvIPvaQpwx53XUTp7+pD2FZeOxd96FNes0mHX45pVyuJvPcqhB+8dgVZNXOkLF+Esnkbbu/sv+kl3tBQX2WvXEejsoHXv7vFuTlKyVq3BkpZOy9tvone7E5adjOcnhBBCCDHRSPgohBhRqj0P9C5U1wz0jmNJ7fOLnYML3sbTq6+8xXcf/XnS5dXIMSD7POFtGDoApqkT8HsG3RNS06zY7So+FBTVgt8zcI/NSPMXzOLOj1w/qH3EpSd3Qzn5V13Tb7274jTHH/020++8i9zyjVHbmna8xrknfs28ex/oF1rmX3UNuRvKBz0JTfGtH6LoxptR+gzb0XHoIMe+/fVB1TXaim65jcIPXM/Zn/+Uyp8+Pt7NGVXpCxcx9wv34e9oZ/dHbo/aNuWGmym+5Vaadu7gzM/+O6n6hrLPYM24+69JW7CI49/5Jue3/Zm5X7yf1DlzOfuLn9H8xs6osonOTwghhBBCJGfwM38IIUQCtuLNAKgpxajOwgHLH6nJiphUZmLz+Xy88vJbI1ZfaAZuTbOgB7xDrsNmTwk+1p2Sg6Ikf1n/6F/dMKRjiktL0S239VvnrjjNoQfvo+2dvRz+yv20vbM3vC1y3aEH78NdcTqpOgdiz8nFNbMUZ1Fx1MuWk9ywAat/+QTrn3uRrFVrBn3sIVEUFG1oE1BNRrEm20qdPYe0BYtIX7go6XqGss9QKKoSbnP6oiWkL1hEaunsBOUvna+lEEIIIcRIk56PQogRZclZhd6+Cb3hFbSMRSi2HIzuakx/e8zyJbmd4ceQVVWB4LzT46unnqbK17HllGG327Hb7Xg8Hh79zk/Z/05yvTkHK+Dvxu7MHNK+qqphd7jw+TyQkk2gp2PAmbBv+eDVrF69ZEjHE5cOx5QicjeU91t//NFv464Mhop6Tw+Hvvwlyr73GACHvvwl9J7gkAvuymDvyBU/+knU/rkbynFMKaKnbnAz2Jt6gKonfkPFj3846HNRbfZB7yOG5+S/P8rJf3901PcZrr2f+OiYHk8IIYQQ4lIj4aMQYsTZZ92F356Nr+Z5VGchqrMQ0/Bj+tsx/R3Bl68VTAOXPcA/vv9dnnp7GueaUsJ1qGqoB5+C0vteVVRAidg2OqpqO7G+exeGlkpn2kpqLMv4zTYfb7x1atSOqQcSh4UDURQVmy0Fn09BcWTi93bEnQl70eLZfOaeDw/reOLSECt4BJh+5110HjkUDhl9Lc3hcRx9Lc1RZafedkfcuqufeXLE2jr/y18lb+Mm3JUVpC9cjGqx0LL7LQ7e/0VW/exXuGYGxxpe/tiPad3zNu/d93kWPPQIueUbUa1WAl1dVD3xayp/8l/Mf+BhcjeU0/zmTvLedzVGTw/H/uUbFG6+PmZ5gPkPfIXC67agWm3oPZ647Vz+g8dJmTkLRdOwZWVjeL2c+80vqXj8MUr+6m6Kb7sDe14+iqZheL1U/+5pTv3Hd8m5fANz/vGLpEwvAUUh4HZz7tc/p/HVl1nw0COkL1oCioLh81L3/LOkzVuALSuLQw/ei5biYuEj30BLcXHy3/4vdc/9idW/fAJLahoH7/s8RTfdwpQbbkJzpmDqOs1v7uLwVx4gbe48Fjz8z3hqarCkOElftIS6F56j4aVt4bYYfh8oKoGurn7nuvbJ35MyvYS65//EsW9+jZmf+lum3XkXltRUME08NdUc++bXaI3oOdt3n3hf16qnnmD+g1/B19jIO3/3afRuN7P+5u+Y9pG7qP/z8zinTid90WIsKcH/V9yVFRz95tfoOPReVBsLN29h3n0PYPj9nPrP71H37B+j/q4TnZ8QQgghhEiO9sgjjzwy3o0QQlx8tPQ5WLJXYPi7MXrOoyigWFJQbVnBQNI1A8Weg2JxMT23h81LzrFx4Xmm5Xpw2nScVp3GDhumaWIaBqYRnEnaMALouh/DCIQ/m5gYpoFhGoAS3Mc0AVCUwfek9Osqt6+pYPvRXH79koNnXmzj9Nm2gXccBtM0sDnSh/Von6IoWCzW4HvViqKoGIY/qozTaednv/j2sNoqxl/o33fo37ppBicyCr10XQ+/up/9w5CPk3P5BrJWruq3PqVkBplly2h+cxe6Jxi0BTo6CHRET3y0+FuPxhwvEsBTW9NvfL1EslauJqNsOYoC2WsuI2/jJjKXr6SntgZ/ezu55RvJXLoMTJO65/6EarOROmce3vpaGre/SvrCxZgBP6f/6wc0vvoyeRuvouimW2ja8SoH7/1HMpetIHvtZbgrKzADfnLWX0Hq3Pm0v3eA5jd3YklNi1s+f9PVTL39TrqOHePsL36GLScPe24e7e8eoHXfnqjzmHLdDbhKZ9O2bzfVW58ifcEiXKWzaT90ENVqxZqeQe3//J7mXa8Ht82cRefRI0y7405S586n8vHHqPjRf6J3d9O2dw+FW24kZ305NX/YytF/fphAZycdhw9iy8klbe48Oo8dw56XR8669SiaSk99PZgmUzbfgKemCm99PSUf/yQ95+s5eP8X0FJSyF1/BarVSt2zf6Tg6mvJWrESU9dpen07zW/uZOYnPo2jcApVT/6ajkMHSZ+/gIDbTc3Wp6LOVVFVMpeWYXi9dJ+ppPSez6L3eHj3n/6B1n178DU10fDKS5h+f8x96l94Lu7Xtf3APuy5ebhmleKprsJ9+hTT7vwotuwcqn77K+x5+XSdOEb1009gmgaZy1agYNK0cwdTrrsBe34+zbt20rpvD7bcPNLmzqe7soKOo0dY+PDXkzo/MfJSbrwFTdOwWCxomoamaaiqGl4qihJehv5/77sUQgghxMQjPR+FEKNGdU7BMfdvMLpO46t+AaNtf3iboigotgywZYArONvy1Owuiqe1s9nfjumvxgx0U9/u4Hybg4oGF11eK5WNLrq9Gk2ddpo6e6d7jpg9Wic6bBuqZ3aXsnXP2M7Krge8qJp12PVYrQ5U1YIfBVWzcdnqWezYvofS0mn82388MAItFQIyV6yi7HuPcejBe/FUV/Xbnih4BHAUFAz6mIqqkr6kDHona/I2NtL46st0nzsLgN7tpuLxH1L/5+eY/+Wv4iqdg7NoKnXP/YnZn/0nTMPAffoUrXt3U/KxT4Ch07xrJ56aajqPHyVt7jzSFyzCU1sDpkH7ewc48Ll7AFj2/R/FLZ9RFgzHzv/lf6n5/TOkLVhI2vwFcc/D19xE1ZO/pXXvbjKWLiN3QznpCxZS/cyTNG5/ley169AcDjw11TiKisKT7Kg2G9mXXU7X6VOc/uH3Aci76hoUTSNz6TLa3ztA5X8He2K6ZsxCKd8Ybofu6cYMBLDnF5BSMgMtxYm7soKsVavRHE6admyn/d0D2HPzyF67jsxlKwAwvD3onm4qf/rjYBh57Wac06bjrjjN6R/+J1mr1lB43ZaY5+muOB3uHRtiy8piynVbqH7mSc5v+3NS+8T7unYcPUJG2XIyli6j8+gRXDNL8VRV0fT6dppe3076wkWklMzEfeoUOevWQ4xe896G83jr6zD1AAC5V5QnfX5CCCGEECI5Ej4KIUadmlqKY/5nMdxV6K378LcexvScQ+nTK0+xpqJYU4FiAEwjQHFWO0X+dpbNbcf0nQczELVPV4+F0+dTw+8rGoPvu70alY2u4HufFvVI90AcNn3Mg0eAFKeCYrHi8w0/QNU0C6rDhc/Xw4MPfYYHH/rMCLRQiD56e2CO2eEC/iGP+diXoqrhx5EXPvINAAxfn+EPIn6xkai8oqpgGkN6NFf3dKNYLNiysplyw82U3vMPWDOzMLw9KBYr/vZgr+uq3/4ae24+mStWkbVyNR2HD3L0G49Qs/UpUqZNJ3PFKhZ97VvM/OvPcPJ7/0rniWMEut2kTAv+csff0Y6/rY2U6dPR3cF2dh47SsbSMlCU8Ln629sxvF4saWkXGmmamIFA77lqKKqC4Y09rEM8HUcOU/30E0y/6+MUf/B2ptxwE/UvPDesmcrb9u9jypYbyViylO4zldiys2l+6w20FBeLvv5tci67HCMQANNEcziSqnOo5yeEEEIIIeKT8FEIMWZU1zRU1zSsU2/G9LWgN+1Bbz+E3l0NMSakUVQLij0H7DnhdWagC9PXiuFrw/S1kurwU1Zy4ZHo9fOa4h4/1IuyvsNBQ3vwRtQ0TY7UZOBy6MzIdZNq9+N0qPy/HfNH8MyTE/D3ULZkGucb2mhoaEPXjYF3SkBRVOz2FA4erGTJkpkj1Eohglr37ubwV+7H19ISc/uhB+9N2Pux5/z50WzegEzDQPd0c+K736Hu2T9GbSvc3L+nW6Lyy3/w+JDbYcvKwgz48dTVUnDNtag2G8e++Qh1zz8bHB9yRvB7t/Wdvey5+yNkrVjFjE//LZnLVjDjk5/m8Fce4MDn7sE1cxYzP30PeVe+j5KPf5J3/+mz+FtbcRQUAtBddRZfczPZ69bjKp2Dv70d9+mTZCxeEgyRe3sFak4nisVCoLNzyOcUz7nf/opzv/0Vxbd9iJK77qbg2s10njxOzdanh1Rf8xs78VRX45w2jayVqzECAdre2UvuFeVkLltBy+63OPTlL5F35fuYd5/0+hZCCCGEGC8SPgohxoViy8ZSdC2WomsBMP2d6B1HMTpPYbjPYnjqINC/F5FiSUWxpKKmTAvuF3Bj9gaRhq8VjPgTtxRm9FCY0UPZAG17ZnfpkM9rOFpbWtA0laIp2RTkZ1Jb10JDw/DHmjSM4YWY4tLla4kd5jduf5XDDz+A0ZO4d1iiANJ9+uTgG6QoWDMzo8JBvaeHlrffTG53VUVzOgHoPH6MzOUryV57GQ0v/4XcK8pJX7CIih//KOa+icq7z54hc8UqctZvwNvYQMai3pnk40yOZXG5yCxbjpaSQvqCxfiam4N/H9dcC4qK6nBSdOMt4YlpNKeTGXd/Cn9XBzVbnyZz314yFi9BczqZevuH0ZxOqrc+TfOuHWSvWYvmdKJ3u/HUVJG5bCWmadC963X8rS1oDgcp06bTdfI4HUcOk7ZwEQX6ZrJWrcGeX0DO+iuwpqXTeOpEzLZ3n63E396Oa2Ypee+7mowlS7FmZKC73WgpLvRud8z9UqaXUPzB22na8Rr1LzxP7vpyslauxuJMvld6LO0H3yV1zhwylpbRU1dLw8t/oeDazcG/fpsNW1YWeRs3oTqcaL3HMg0DFAXV3n8G9KGenxBCCCGEiE/CRyHEhKBY07DkrIGcNQAcOXyCIwffo/bsKaxmJ7MKfSya5ibbFR12KBYXisUFKcVogBnoDoaR/tbgUh/8o3MbF9T2PnZtYhjmqM+uHYumqUybmktOThrV1U10dsafPXcgbrc8PiiGpmnn68z7Uv/1VU/+pl/wuPhbjwKEZ70Oqd76VMzwsWnn64NqS8DdBYpK8a0fovjWD4XXdxw5TOOrL/Urb/h8YJoo1uA4qt3nzpJXvpGl//ofNL76MhWPP0bWipUUXH0tBdd8AEwTd2UFja+9EvP49S88G7d8zdanyCxbHtx29bW4KyvQu92klJTErEux2pjxyU+jWCz4O9o599PHg+fx2iukL1zMvPsexPB56Th8iNS584PjSi5bTubylcy798HgTNF1tdT8fisF115H/lXXUPr3/wcAf2srtX/8PQDtB98je806TEPHXVmBr7kJU9exZmbhPnsGgJqtT5M2Zx6F121h/bPbwDTpOHyQ6qefiNn2jiOHqf/z80z/6MdY8i//SqCri+6zweVS+wAADy9JREFUZ7Hl5pK1ajVNO16LuZ9z2nTyNl3NtA9/FBQF0zBo3f0W1b97Jmb5ePp+XVv37qZw8/VYs7JpePVlAJpe38GULTeTvXoN6373LJ6aajzVVaSWzsaeX0D7wXfJXL6CuV+8H0d+9NijQz0/IYQQQggRn2KaYzxgkxBCJGAYBn/6n5d4+aW3OXnibNS2smXzuP6aBaxbbCHQdRrTUwee2oT1mbon3DMyGEYmF+JtO1jIj/7SvwekoqjBmbv7zEqtKiow/Jk2P/fhbGq759Duz41a39zcQVV105Aexb75psv48B1XDrttYvxEzm4Nwe8T0zTRdT08u7Xf7ycQCOD3+/H5fHi9Xnw+H02f/tiwjr30u98nd0N51Dp3xWkOPXgf7srTQPTkMg0v/yUcQLpmlrL4W9/BNSv6e6lp5w7e+8LnhtWukZK1ag22nBy6ThzHXVkx5PJaiovstesIdHbQunc39vwCAl1d/XrKhR6lPvatf0bRNFr37Y0q45o5i9TZc+k6dQJ3ZUVUPa6Zs0idO49AVxfNuy6Et/b8AjLLlmMEArS8/eaQeueF6vY1N9O6d/eA5dMXLsJZPI22d/fjbThPyvSS8MQ/iWStWoM9L5/us5V0HDk86HYORs76KwBo3vU6WooLS2oq3obkHvcf6vmJ4cn9719is9mw2+3YbDasVisWiwWr1Ro183Vo1muQ2a6FEEKIyUDCRyHEhPLittf5wfd/G3fSlaKiPO69/1MsWBAMMwxPLUbHCQKdpzC6KqCnPmH9pu7tDSJDYWR33LL17Q7+Z28xh2vSBzVhzXD88fO7AOgKZFHbPZsazxxqPXNwBzLQdYMzZ8/T1ja4YOHmm9by4Ts2jkZzxRgZz/Axd0M5S7/7/X7r3RWnOf7ot5l62x39ejY2vPwXqrc+xbx7H+gXPAK894XP0bRzx7DaNVmFwscjjzyUVMgnxKVEwkchhBDi4iSPXQshJpRdO99JONtzbW0jr778Zjh8VJ1FqM4iLAXBcC3Q8g6BlgMYnSfA29Bvf0WzozgLwRmchME0fBeCSF8rZuBCsFeY0cNnrjod/lzXFpyoprPHQmXvrNoAlY0uur3RPSGHIsWuh9+nWlqZm76Huel7AGjz5VPrmcPsjDkcOJdPZVV30r0gfT4/7e29E/qYenDGcDOAEfCjBzyYRgDF1DENP4pigBEAdDACKIqBLXcNTqcTi0X+y7gUNe3cQeP2V8i7clPUetesUlb86Ccx98m/6pq4E800bn/lkg0eQwyvV8YOFEIIIYQQlwzp+SiEmDBaW9r42F334/cHEpYrKZnC4z/5+oD16W3vEWg5QKD9OIq3Lqk2mIa/TxjZf9KbMaNoKJYUFC0FLK7e9y6wpNDlddDpUTD0AJoKmgqqagaXSnCeC001UVWwaCqaagImCoO/5OtKCn77DNQpW8gsGPtZwMX49nwMWf/ci9jz8odVh7exgV1b3j8i7RFCXHyk56MQQghxcZJuLEKICaOj0z1g8AjQ0NCSVH1a5lK0zKXYAcN9Br3lHfxtR/C1VWCzxt5HUa0ojnxwBEMW0whg+tuDPSID7uDs2gF3sPfgSFPtqLZMlNDLkhq3aJrDR5oj2Yr1gYskoJndaD1HMM6cosNzE+kzNg+rPjE57dryftY+8buYj1Enw11xmrfvvHWEWyWEEEIIIYSY6CR8FEJMGE6Hg6zsdFpbOhKWmzGzOO62UL++yD7dJkDKDNSUGdimfpBv3vcwWepZSotMSgoVpuarpDpj95hQVAuKPQfsOdHHMXz9A0kjAKYf0wgMHE6qtvBM3Yo1PRg2as7E+yRgmgboPcHZvXUPpuGLW1ZRNNAcoFjA8GIa3ui/MEVFUe2g2S8sFQ3V9GE27wAJHy9Zb995a9TkMsmKnIRGCCGEEEIIcWmR8FEI0Y9JMIsyB3hP321cyLAulDUvlO27vc9nMrKZNX82+954J2H7ps+fy5nu0GOoEfsnKbe0jG2/q+WliMPMmaqzYJrB7GKTkkKV4nwNVYlfq6LaUGw2sGXFLRMOIY0AphlAUS2gWEG1oijqIFocqs+H6e8KhouhkFHvCc7gnSBsHDGqDX/uVXi8Znheb0W5MMe3Aigo0euU0PrelxJZts/2GO/F0I3WI4iHHryX3A3lFN1yW79ZsPtq2rmD2j9sveTHeBRCJE8enxZCCCEuPhI+CjGJGb3Bn2GCQTCIi700Y6+PqCNy23gOBLvyirVUHK+ktbk15vaZc2eyeHUZxjAaubp8LWdOVHD84PHwupPVGierg5PG5Bflc/PHbmPNIjvW7pNo3Wew9tRiDTQN6jiKagEsoA0+SDNNHdPfEX7h7wgGjuPJ8NFTcD2+hJ06R+5fTyiEVLkQRqqhZZ9twaUSZ31wqUbUcTEayxv2pp07aNq5A8eUInI3lJMyYyaOggIAes6fp/tMJU07d9BTVztmbRJCXJwkjBRCCCEmPwkfhRgHobAwKjTss84wzXAg2DdcjAwdLzbL1q3ANE1e/MP/cvbkmahti1Yu5tpbr6N0wexhHaOopJjNH9oCisLx945FbcsrzGPz7VtYdtlyfIAvbWHUdlvnkWEFkomYgS6MniZMbxOmv33E6h0pXQu+ja9wy5gdLzIUTy7TTO4bIjKE7BtKhj/3BpmR62KVG2/xbsrHagKGnrpaqp95clSPIYS4dAx07ZIgUgghhJicJHwUYoSYgG7Gepkx14v4ll++kvyiAqoqztFY34CqahROm0JJaQm5hXkjcoy5S+ZTPGMqR/YfprGugUBAJzsvm7mL55FfVBB3P1/awriBpMVzBs3bCKaOYhoo6ICBYhoQ+mwaKBh0dBkYhoFLa0YLNAYDR907Iuc2GtxzHsI79c7xbsaICIX2ib8PB/4m1ZRYLyXm+rG6XVYURWZ+FUJMapHXMLmOCSGEEBcHCR+FSEIgRngYiBEqXow9EcdL8YypFM+YOqrHcKWlsrp87bDriRVIxrP/jT2888Zezp06R2N9EzZ7EfOXbmTZmiWs23QZmEZveBkMKkGH3vfBdcFAM1Rm92u7eO25l1AVM9gjTzV735sR72HFujLWXLmmNwjVe+vtc6ze9eEyoeOi0zPjU8P+e7rYxP5FQv+LgBojjLT0CSktvcuhineTLjfuQojJJN51TK5lQgghxOQm4aMQfegmeA3wGeAzzN7leLdKXAzefXsfzz3xLHVVdeF1Pq+f9/Yc5uC+I7i7/Vx10weA5EdOrOk4zqnzGQOW00qms6zg+qE0WwyT0fuLCX/U2v5fYZsaeinYe98PNpAM3aRHvoQQYrKQa5gQQghxcZLwUVzy/EYobDTDoaM8Fi1GWktDE68++3JU8BjJNEzefOVNZi+cR8mcmUnXm5qellS59Mz0pOsU4+PCLzqCFyBNIRxC2pTg0hKaLVxRMHunek/UU0hu3IUQk0mia1fkOrm2CSGEEJOLOt4NEGK8tflNGrwmbX7w6BI8itFx9tQZThw6mbBM7dlajhw4NKh6i2dMx5HiSFjGZrdSunDOoOoV4083oVuHNj+c95p0BKIvTn1v0GP1GJIbdCHEZDLQdUyua0IIIcTkJOGjuOTZhzPQmhBJaqitT6rc+arkyoXMXTKPDe8vT1hm1RVrWLpm2aDqFROPXY1/0x3rZl1VVVRV/psXQkweoetWsr9IkSBSCCGEmBzksWtxyUvVwO5U+o3xKD0gxUjStOQut8oQwqKrb3o/AK88+xKGfmGAUqvNyprytZRf975B1ynGl0UBa8QYkNbex65j6XvzHQoeQ0shhJgsIq9dsa5tQgghhJicJHwUlzxVAXvv2GoQ/MHWMHvHXzPB3xtI+o3grNdCDEVRSXIzd5fMnjHoutOzMvjg3bezdPUyjh88SmtTK2kZacyYO5OytcsHXZ8YW5beYNEaChp7x3hUo+6zL4zxGEvf3o7S81EIMRnFuoYl86i1BJNCCCHExCbhoxAxqAo4NAiOpBf8gdYk2Buy/8uMuV6ISFNnTads7TLefftA3DKz5s1iXtmCIR9j9qI5zF4kYztOBArB64jW76XEWBe6ygyi/t4JZ+KNjxa6adc0bTROTwghRoWmaQkfvQ6FjBI2CiGEEJOLhI9CJEkh2EPJ0u/n3f4/AOtmsPdkOIwk9PlCUBm5XbLKi196ZjofuP16ujq6OH30VL/trjQXV15/FVOmFY1D60QyVKIDRTUiUAy/J3r7SIqc4Tryc6Lg0TRNFIcDs6dnZBsjhBAjTHE40DQtYQAJsYeaEEIIIcTEJuGjEKMgFD5Y+23p/wOySTCIDC0NEwzA7F1e+GyGP4f3iSgTWY+YmEpmz+CWu2/jvbff5eTh49RX15HiSmHRiiUsv3wF85YOvdejiC3UA1EFlMhln3WqosQsq/aWDW2baLe4kYFkKHg0DCMqfEy/chPt214Y55YKIURi6VduigofY439KEGjEEIIMTkpZqJBpIQQk07fIDIUZPYNOU0uBJpmgrJmjHVCjJTIUE8JhXwR7yMDwwvblKj91Bhl1Yi6Lyah/7JDS8Mwgt/HhhF+6boe9QoEAtQ//hgd21+RHpBCiAlHcThIv3IThZ/5eywWSziA7NsLsu9EWvIIthBCCDF5SPgohBiUUBgZfs+FcDJ0MRnwc586gmXM6O0R+9JnX8w+nyOWsbb1e9/nqtf3IhjzojiKwasS/iPG+kSfldjblMilEmNdxLZ+62OtI+Imr0+56DIR72PUFbVPn/1FcvqGj6Zp9gsf44WQoVdoW2RwGaonsk4hhBiOvo9KR/ZkDPXODi1jvSJDx1iTz0j4KIQQQkwe8ti1EGJQIkOmqJUjUrMQIpHIcR77jv/Yd2brvttDZXRdR1XVfsFjZPm+4aOEkUKIgSQai7HvuLSxAsjIZazQMVbdEjwKIYQQk4OEj0IIIcQkFXnjHTn5TKzHEhVFCY8HGSt4TBQ+CiHEYMULH/sGkJGvWJPN9N1fCCGEEJOPhI9CCCHEJBTZCxKImmwmtIwsG1ofr8dj36UQQgxXrEekYwWQfYPIWNult6MQQggxeUn4KIQQQkwifR+5jhQZPMabBTsUPgISPgohRlW88BGIChUTvR+obiGEEEJMfDLhjBBCCDEJxZt8BgiHi7EerU40uUy8HwnkRwUhxEDihYGxHr+OfB/rkWwgavgImWRGCCGEmNz+P8Xtzo7g0pawAAAAAElFTkSuQmCC
----[INFO]----Unable to locate elementPatient Module
----[FAIL]----Element 'Patient Module is not present
----[FAIL]----Element 'Patient Module is not present
data:image/png;base64,iVBORw0KGgoAAAANSUhEUgAABR8AAAJmCAYAAADVS/dbAAAAAXNSR0IArs4c6QAAIABJREFUeJzs3Xl4lOW9//EPkH0SlgATkCVkoUQYIkohGCuWoKCnINLaH6Di8YALVY+gBa1iqhb3pbgcW2Q7FlCwrUWFUwVMUNRAWATDgEGTDIlEyYBBSIaBrL8/spBlZjJZJjOB9+u6vGqeeZbv8zxjox/u7313qqysrBQAAAAAAAAAtLHO3i4AAAAAAAAAwPmJ8BEAAAAAAACARxA+AgAAAAAAAPAIwkcAAAAAAAAAHkH4CAAAAAAAAMAj/LxdAC48JRWVCujcydtlnBcyzAcabYsw9laE0eiFagDPKbbZlGM5LJvNpmyLRZIUExUlg8Gg6KhBCjUYvFwhAAAAAMARwke0q7RvT2jdoVNKio/QlIFBIoJsnmKbTVtSt2pLSmptAONIqMGg+OEmJSYk6PKE0U0GMwsWPuowyHTkLy//WTFRUW7tu2BhssvPp06epMQxCQ4/W7J8hbIth926zgtPLaq+nvv3IZ0Lr0JDDYo3mRRvGubWvWWYzU3eW4140zC98NST9bZNnDK12ce6ez1JmnP7LMVERTXreTiq0xlPndeRLalbtf6DDS6/75IUYTQqcUyCrkka5/b3EwAAAADgeYSPaBe5P9q17JM8bTYf05iRA/RB3hltt5ZoysAgJRoDvF1eh5C2I10vvfqaim22JvctttmUtiNdaTvSFWow6N2317RZHVtSUhVz+2y39s0wm11+nmOxKH64yWE4mm2xNCtIbIm6gVbajnRJVYHk1Osn65qkcR69dnM19SzrsrnxHfF12RaLXnrltSZDxxoFVqvWf7BB6z/YoFumT9PMGdM9XCEAAAAAwB3M+QiPKq+o1JLUXP32f/Zos/lYvc+OnanQ8m9O6yVzsbJOlXmpwo5hc0qqnnjmWbeCx4ZacowrW1K3ttm5im02rVm7rs3O1xayLRa9+MqrWrAwuc2fHdyTbbHowYXJbgePAAAAAADfRfgIj9mwr0BTX92tlZ9953K/Az+V6emMYq3OtutUaWU7VddxFFiteunV1zx6jea0qdaMqmwr6zds9MmQKcNs1t3zHmhVAGkICXH4bKOjBjV5bHTUoBa1D0dHDZKheiRpTFSUDCEhbX4tT523xkuvuDfCFwAAAADg+zpVVlaS9qBN7c09qWWf5Gn34ZMOPx8zcoCKu3dz+Flgl066YWCQJvYL9GSJHcrjTz+j7ek7nX4ebxqmeJNJBVarCqxWh63Km95f79a1br3jLhVYrU3ud03SOM2fe1+T+2VbLLLZbE3OVxhvMtXO21hXsc2mJctXOBxtaQgJ0arlSx22bLuakzDeNKz2749arbJajzncr0ZMVJT+8vKfHX7mau7HqZMnaU4T7enO5n68PGG0Hn/kYYefubq3d99e4/B5rF67TmvWvePwmMce/oPTeTeb4onzbk5JdRm2R0cN0iUmk6Sq71d2jkW206fr7UPbNQAAAAD4DuZ8RJs5VlSipZ/k6f0vj7b4HGfLK/WOxa40a4luGBikS3v6t2GFHdN+J0GTISRELzz9ZKORZc1ddKVGtsXiVvAoyWUYWpe7o94yzGZtTknVhPFJ9baHGgxOV+6OiY5q0QrHDRc/qZ0rcMNGh/tnWywOa2uKoRWrL7d0wZSWPI/QUM+sEt3S87qa2/L39/13o/fgKgAFAAAAAHgfbddoE3/7/Iimvrq7VcFjXd/ZyvXa1zb9JdOm/NPlbXLOjijDbHbafho/3NSmq/puSUlttM0QEuJw4ZW2br2WpDdWrPRKq22E0ag5t8/WnNmznO5DuNV+nAXghpCQZgfAAAAAAADvY+QjWuXjg8e17JM8WY6dbnrnFth9vFS7j5fqP/oHasrAIPl37uSR63REzlY0rhtIxle3p7ojzcFoxvjhJiUmJDhse96cmtridl1Him02rf9gg9faZadeP1lp6ekOR41WtbObm/U80TLORu02bK2uEWE0Kt40TBFGY+0o2UuG854AAAAAwFcQPqJFMn8o1rJP8vTZN4Xtcr1/HzmrNGupbhgYpLF9Atrlmr4uw3zAYTtwU/MMOuKs5ToxIcFpwLg9faeKbbYWtfo6s2bdO5owPslpq7WnXZOU5DT8+mo/4WN7MBp7O52H86VXX9Pv7/vvetsmjE9iRCQAAAAA+DDartEsxWfK9OdNObp16b52Cx5r/FRSoTezTuvZ/cXKPFnWrtf2lqbmDXzp1de0YGGy23MwOuOo5VpSbfB4ecJoh5+3deu1JL34imdX9nbF1Yg5V3MRou30cRE8b05J1a133KUtqVtZDRsAAAAAOghGPsJtf9/5vZZ9kqeTdu8Gf9+cLNPz+4v1i4gA3TAwSOGB52+GHhMV5XIkmFQVimWYzQo1GJQ4JkHXJI1r9gg9hy3XpmG1oxovMZkcBpxp6emtGnUWHTVIOZbD9bZlmM1K25Hepi3d7mrLEZcZ5gPMFdkCiQkJLhdMKrBa9eIrr1btOyZBiQkJDuclBQAAAAD4BsJHNCnt2xNa+mmeDuYXebuUej4vKNF2a4mmDAzSpAFB3i7HY349ebKWrFjZ5H7FNps2p6Rqc0pq1SIqs2e5FeC5armu/fsxCQ5raG3r9czp0/XXFSsahatLVqxU/HBTm7Z0uyveNMxh+NUwJG1KTSiM5rlmfJJWr13ndI7HutJ2pCttR7qWLF+hqddP1g2TJ3nlOwMAAAAAcO78HTKGVsv90a5H3z2keW8f8LngsUZ5pfSv3DNa+GWRdh0v9XY5HjH1+snNHtlVYLXqiWee1RPPPNtke2rGfscBWd3gMsJoVHTUIIf7OWvZdkdoqEG/m914jsoCq1XrP9jQ4vN6Am2+7SPUYND8ufc165him02r167TgwuTlW2xeKgyAAAAAEBLED6ikfKKSi1JzdVv/2ePNpudt/v6kh9Ol+uvmTa9ctCm3OJyb5fT5ubPvU9TJ09q9nFpO9L1xNPPutzH0UrWRmPvRi3Ilzhp5XZ0fHMkjklQvGlYo+1r1r3jcESmtziqEZ6ROCZBLzy1SEZj72Ydl22x6MGFyQTFAAAAAOBDCB9Rz4Z9BZr66m6t/Ow7b5fSIl8VluqJfUVam2OXvazS2+W0qTm3z9YLTy1qdghWM4eiIwVWq8ORYlckNG7XdtbC7axtuzmcjXTz5uIz8K54k0l/fXmxbpk+rVkhZLHNpjVr13mwMgAAAABAczDnIyRJe3NPatknedp9+KS3S2kTW74/q+3HquaDHN830NvltJl4k0kvPPWkCqzWqvnu0tNdLs5RIy3d8QIuzkLJDPMBLViY7HZdaTvSNfX6yW7v31CE0ahbpk9rtECLN+ZMdOd5uuOapHFNLsbTnGd8IQo1GDRzxnTNnDFd2RaLtqSk6iuzucn5N7ekbtWc2xu38wMAAAAA2h/h4wXOeqpEyz7N0/tfHvV2KW2uuLRSb2XbaxelGd7D39sltZkIo1FTr5+sqddPVrHNpvUfbHC5srKzQM1Zy3Rz583bkrq1VeGjVDW35ebU1EaLz7RnAOlqBGeig9GgrkQYjc1edRzOxURFKaY6UMwwm/XX5SuchpDFNpuyLRbFREW1Z4kAAAAAAAdou76A/e3zI/r1a7vPy+Cxrpyici0+YNPSQ6dVYK/wdjltrmZ02JzZs5zu4yhUc9Zy3RLZFkurzxVqcLz4THtyNhJUkuKHEyT6ipoRwK7asW3M+wgAAAAAPoGRjxegjw8e17JP8mQ5dtrbpbSrHcdKtONYia4fGKQpA4PUydsFuWFzSqq2pG6tN/rvlunTNHPG9Eb7XjM+SUtWrHT73K6CtpbYkpJaOzKtpWoWn2mr1ufmWr9ho8PthpCQC24U3cQpUyVVjeCMMBoVEzWoTVqZXZ0322LRkuUrlWOx1C4aE28apheeerLReUINBvUxGhuNlAUAAAAA+BbCxwtI5g/FWvZJnj77ptDbpXjVB3lnaluxE40B3i7HpQKr1e22Y1ctw44WqXHWcu1qrsLiYpueeMbx6tlp6TvbJJyaP/c+3XrHXa0+T3O99OprTp9ha1vKO7ICq7X6ubTtAk6Ozmuz2ZrVZl/gIniMvsDCYgAAAADwVYSPF4DiM2Va+mme1u343tul+IxjZyq0/JvTtSFkbNeO/Y9Csc2ml1ysDN1w1J6rluup1092OcovOmqQw7n2as7Z2hGCzhaf8ZQCq1VLVqx0OhLUEBJyQYePbam4DVuhXYXFRmNvhRoMbXYtAAAAAEDLdezEBU36+87vteyTPJ20l3m7FJ904KcyHfipWOP6BmrKwCB19ff9Zuw1695RhvmALqmegzDbYlHGfrPLYKfhStfOgj2jsXeT4WFiQoLThT7aovVacr74jLtcjYiru8K0rXphElfm3D7baZBVXNzyMK2lc2TabM2fLsHV/IdVbf3129xdjaJtj/PWlWE+oLvnPaD44SaFGgwqsFr11X6zy3NNSHK9yjgAAAAAoP10qqysbNteOviEtG9PaOmneTqYX+TtUhoZM3KAirt383YZjQR16aQpA4M0sV+gt0uptXrtulaPALw8YbQef+RhSdL6Dza4NS/knNmzGo32czT/pDO3TJ+mCeOTtCV1q77ab3Z6TExUlCIijJo6eVKjlaHTdqQ7bfGWHM8FuGBhcr35AlvL2fyajuYmdCQmKko3TJ5Ur4295lh3nmPdd7dgYXKdVmXnQg0Gvfv2GknSkuUrlGE+0CYLC9V93p46b4bZXC8cbglDSIhWLV/KyEcAAAAA8BGMfDzP5P5o17JP8rTZzCIMzXWmvFLvWOy1rdiX9vT3dkmtFh01SPPn3lf7s7uhnKP9mjP/ZM3+q9euc7lPzSrZ0YMGNQofW7L4THPqc8UQEqI5t892Ovelu3MTZlssjcLC5sxrWHdkobvH1H13bbEKuSOeOm9rGUJC9MLTTxI8AgAAAIAPIXw8T5RXVGrZJ3la+dl33i6lw8uzleu1r236eS9/TRkYpH4hXbxdUotcnjBa8+fe16GDmPlz79Pv5t4v22n3Wo2Nxt6tXv34mqRxmjljuiKMxladB+2rJmi/0FYlBwAAAABfR/h4Htiwr0DLPsnT0ZNnvV3KeWX38VLtPl6q/+gfqCkDg+Xfuf1rmDljuhLHJGhLSqq+MpudzrVYwxASosQxCZowPqnRSEKpajGXuitfH7VaWx3WeVKE0aip1092u/W8j9HY7PuJNw2TwWDQJSaTEsckEDp6UbzJpFXL3lDajnSlpae7Ner18oTRSkxIcDpKFQAAAADgXcz52IHtzT2pZZ/kaffhk94upVl8dc5HV3oEdNaUgUEa2yfA26Uo22KpbcfNzrEoJrpqpFeE0ehTwVmxzaYcN1tzfa12+I6681zW/b4bDAZGOQIAAABAB0D42AFZT5Vo2ad5ev/Lo94upUU6YvhYY0g3P00ZGKS4bgwaBgAAAAAAaArhYwfzt8+PaNmneSopq/B2KS3WkcPHGldGBGjKwCCFB3qhFxsAAAAAAKCDYPhWB/HxgeNa9mmeLMfcW3gDnvVZQYnSrCW6YWCQfjUgyNvlAAAAAAAA+CTCRx+X+UOxln2Sp8++KfR2KWigvFJ6N/eM0o6V6oaBQRrVy9/bJQEAAAAAAPgU2q59VPGZMi39NE/rdnzv7VLa3PnQdu3IJeH+umFgkCJDu3i7FAAAAAAAAJ/AhHU+6ujOR3Xixzxvl4Fm+OmMTSlZK7xdBgAAAAAAgM8gfPRRF4UUa37If+qFUSky9aU73pd19Zcu75quiNO3ylCxx9vlAAAAAAAA+AxSLR83omSlRhhX6t99ntCbh+J04nSZt0tCHSO75cqv+GmVnzrp1TqKbTblWA7X2xZvGualagAAAAAAAKoQPnYQ/1HxmMZdPEBv2R/ROwe7erucC15c2Cn1KvtflZzcLm9Nmro9fac2p6YqO8eiAqvV4T6hBoPih5sUbzIpMWG0IozGep8vWJjcZvW88NQiSVK2xaIly1e63Hfq5ElKHJPg8LMly1cou0GQ6khM1CDNuX222/u3xAtPLXLrftxVU3ONlj7/S4abFGE0Kt40rNE7BQAAAADAlxA+diDBZd/pdv/fKenn/6HVx2/W557JW+BC3+ByRft9pNKi1SrxUg1pO9K1ZMVKp4FjXcU2m9J2pFcds3yFpk6eVC/8yjCb27w+m83W5HkLrFbFDzcp1GBo9Fm2xaIM8wE3rlTZzP1bxp37cV/9qLql5617XLzJpJkzpineZGpVZQAAAAAAeAJzPnZA0aX/1mPdbtbjI9MV1dPf2+VcEAK7SAndMjTAfrNKi1Z7rY4lK1bqiWeedSt4dCTbYmnjilqmwGrV+g82eLuM80KG2awFC5O1OSXV26UAAAAAANAI4WMHdkXZq1ra///prvh8+XfhVXrKJV2P6rLOD6ry5NNereOlV187rwK79zZsbHGIisZeevU1pe1I93YZAAAAAADUQ9v1eeDGTg9q3KXxWnNqrjZ+E+Ttcs4bMaF29a1cq5JTm1Xu5Vo2p6S6NbLNaOytUIOh0eIzzrz79hrlWCxO5x40GntrQlJSvW0FVqu2pG51es54k0mrlr1R2x7uTLHNpiUrVuqxh/9Qb/sLTz2pDLNZm1NSHV7HaOytv7682GHL9rkahtW2IW9OTZXVeszhfrdMn9bkPblzP3WvVyPbYtH29J1Oa5Safv6GkBDFREfV/txUe/mSFSudzqUJAAAAAIA3ED6eJ3qWZmhu8GyN//l0rfphivbmV3i7pA6rV2ClhgR+qtJTS7w2r2NdxTab3nAR4hmNvTVz+nRNGF8/JFz/wQaX4Z9UvSCNi7kC+xiNmjljeqPtrsJHSYowGuuFZs6k7UhXhtncqIZ4k0lf7Xc8H2Ifo9Fl8ChJM2dMrz1nhtnsNHyse29fudivqfupmnex8XOaOGWqyzqbev4x0VF64akna38uttm0ZPkKp8+/wGpVtsWimKimnz0AAAAAAO2BXt3zjKl0nZ7vNUMPXmqWMYxsublGdftG0WdnqPTUEm+XUmv9BxtUbLM5/Cw6apD++vLiRsGjJLfCP1/w4iuvebsESVWhpq8LNRg0f+59Mhp7O93H5uS7AgAAAACAN5BOnaeuqXhG4wZ301tn/6Q1B3p5uxyfZ+r6o7qd/atKT7b96s+t5WqU4fy59zU5CtATXnhqkQwGQ5uMsCuwWrV67TqHIwfdERMVpaNWq9NRiy3RsN25pdryOdV1icnk9HtRXEz4CAAAAADwHYSP5zG/8pP6T7+5Svr5WK0unK2tObzuhgaGlGhg5/dUcupfKvV2MQ4UWK1OF2W5PGG0y1ArwmjULdOnKcJoVJ+IqlF9hjYKKl21CrfEexs2asL4JEW0YPThnNtna87ts1tdQ9325rbS1s+phqvnFBra/mE0AAAAAADOkEZdAAaUbtMjYdt09cjb9bfvrtE31jJvl+R1Yf6SKSRd5ScX+8S8js64Wr04McH1wiIRTuZr9EXFNptWr12n+XPv83YpHUKG2fkI3WjmewQAAAAA+BDCxwvI6LLlGt13ud7vu0grvx6s0yXeXsPZOy7rlquA4qdVfvKkt0tpkrO5HiXVjmb0pALrMa1Z947LfRyt9NwUo7F3ozbpLalbNWF8UpuPFow3mZpcJbq1MswHmnxO1ySNa9HIzoYKrFan93NN0jivtOEDAAAAAOAM4eMFaIqS9UtTlN6yPaT1h8K8XU67iQsrUq+ylSo5uV0dZS3wbIvF6Weeaumtq2Y+RldumT6t2bXMnD5dS5avkO306Xrblyxfqb+8/Odm1+ltGWazy9GIUlVI29rwMdti0UtOFugxhIR0mJGuAAAAAIALB+HjBapbuUV3B83R+JGTtco6XTu/83ZFntM3uFzRfh+ptGi1T7dYO3K+rlzcJ8KoqddPbjRaMNti0foPNmjq9ZO9VJlvybEc1oKFyZJct1objb31+CMPt8nISgAAAAAA2lJnbxcA7xpStkFPhd+shSN2q1/38yuLDuwiJXTL0AD7zSotWu3tctDAzBnTZTT2brR9zbp3XLabX0iKbTaXoyqNxt66Zfo0/fXlxW2+ojYAAAAAAG2B8BGSpF9WLtabkdP1X8O+93YpbeKSrkd1WeeHVHnyaW+X4jHnQ0C3wMECM8U2m5YsX+GFajqe07bT6tSpE/M8AgAAAAB81vk11A2tVKmb/BYo6bKRWnPybm3KDvJ2Qc0WE2pX38p1Kjm1Sef7cjo5FovH532MNw3TC0896cHzm3R5wmhtT99Zb/uW1K3tMqdlW7ll+jSvzLdYs0p4cXGx5tw+u92vDwAAAABAUxj5iEb6lO/R/NDZev6yf2tYn47xFekZWKkrun6insX/pRLbJm+X02ZcBXDZOc4Xo+lIfnf7bBlCQhptb2oBlwtBTVv1LdOnaerkSQ6fkySt37BRBVZrO1cHAAAAAEDTOkayBK+4tPwtvRwxQ/PiD6p7cBdvl+PUqG7fKObsDJWeWuLtUtqcq3n80hqMFnRkS+pWZZgP1P7lavVsb4kwGllgxok+RqNmzpiumTOma87ts/X4woed7tvUquQAAAAAAHgDbddo0q86PaVxQ3rprTOP6e+Z4d4up5apa6G6nf2LSk+evyPkYqKdh481C5G4Gh354iuvNtq26f31ra6rwGpVgfWYJCk6alCr5xycOWO6Nqemylp9zvNFWz+neJNJ8aZhyjAfaPTZltStmnr9ZBaeAQAAAAD4FEY+wi0hlcd1R+B/643LVuiKSO/OpjgwpES/CP27Qk7drdKz52/wKFWNCow3DXP6+ZLlK72y8MzmlFQtWPioFix8VL+56RZNnDK11SPvHC0+09E5ek6tbSd3NbfkkuUrW3VuAAAAAADaGuEjmiW6PFWPd79Vj434TIPC27cVO8xfurxbuvqcvlUlxf9q12t70zVJSU4/y7ZYdPe8BxwGWh1tNeyaxWfgWs3oR0dqRsMCAAAAAOAraLtGi/yicol+MWCJ/nHRU1r5dZTKyis9er3LuuUpoPgplZ886dHr+KIJ45O0fsMG5VgOO/y8wGrVgoXJijAaFWE0qk+EUUcLrG4vQOIqpLTZTjdq8bXZbI1Wp24rv7t9tjL2m2U7fbrNztkeC7FYjx1r9JwKrFZtSd3qketNnTzZYeu1JK1e+45eeKrjrBQOAAAAADi/ET6iVX7bZaHGxf9Ma4p/r//7NrTNzx8XVqReZf+rkpNpqmjzs3ccjz/ysH43936XoVzV/IJWZbg58K3AatWade/oq/3OD8i2WLRg4aPNqrUmdEvbke50nyXLV8pgMGjmjGn15qysWXxmzbp3mnXNhtJ2pGv9ho2SXK+aPXHKVEUYjUpMGK05t892uI87z2lzSqo2p6Q2u84nnnlWBQXOw9Ecy2EtWJisObfPqp3LcfXadS7D3wyzWXfPe0AGg0EvPLWo2TUBAAAAANCWCB/Rar0qvtG8kLs0/tKpWlVwo/Z93/pz9g0uV7TfJpUWrVJJ60/X4UUYjXrh6Se14JFH22xUYIHV2qLAzJ3zNjX/Y82q21/tH9ZowZyZM6YrLT3d6UhPd2RbLG63HxdYrS5XAffUc5LkMqCVqkalZpjNstUZnZphNje5arkvrmoOAAAAALgwET6izQyvWK8Xeq/X5t6/15vZo3SsuPkL0wR2lkaEZajy5NMq9UCNHVlMVJReePpJvfjKq60K5jqC390+WwsWJnu7DAAAfEZRUZHsdrsqKz071Q0AAB1Vp06dFBwcrLCwMG+XggYIH9HmJugl/TI6QG+XPqO3vu7j9nGXdDsqw+nFKjuZ68HqOraYqCj99eXF1W3FG5zO+9eQ0dhbVyQkaOr1k2u3RRiNniqz1eJNJl2TNM5jcyYCANCRFBUVqbKyUr169VLnzqwXCQCAIxUVFSouLlZRUREBpI/pVMkfn/qk07vvVemRDd4uo9XyOiVozU93aevhwNptY0YOUHH3brU/x4Ta1bdynUpsm7xRYpvqERKpaZe90W7XK7bZlLH/XBuuzWbTUau1dn7AmKgoxURHtWvQWGyzKcfNtt+aRXIAAIBzVquV4BEAADdUVFTo+PHjMvLfmT6FkY/wqIGV6XqkW7rGj/hP/S3/Wn177NyyMT0DKzUk8FOVnVrCvI4tFGowKHFMghLHJHi7lFqhBkOjeRwBAEDLVVZWEjwCAOCGzp07M0WJDyJ8RLtIqPybEi76m9ZH/FFfVl6kUd2+UaeTf1TZWW9XBgAAAAAAAE/hj1DRrv7foP2aO+KsLgnd5+1SAAAAAAAA4GGMfES76BI+UkFx8+RnHKsYSTG6WD8zjtfu3NU6XLjD2+UBAAAAAADAAwgf4VGdAnspKO5+BUTd0uizXoYYXTv0ceUc/0y78tboxGlWuQYAAAAAADifED7CYwJj71Rg3Dx18jO43C+615WK7nWl9h55R7vz1qi8orSdKgQAAAAAAIAnET6izfn3najAuPvVpdvFzTru0v7Tqlux1+jrgo88VB0AAAAAAADaC+Ej2kyXrnEKjLtf/hdd2+JzGAJ66arB8zTYmKTdeWv0/cmMNqwQAAAAAAAA7YnwEa3WqUuwAuPuV+Dgu9rsnBd1i9f1w59XZsEm7cpbLdvZ42127o5u4pSpbu0XExWlv7z8Z7f2Xb12ndase8ftGja9v96t/bItFi1ZvtLt89aIiY5ShNGoeNMwxURFOd1vc0qqtqRudeuc1ySN04TxSS2qreGxDXninQAAAAAAcD4gfESrBAy6WUEX369Ogb09cv64iIlVoyBz12jvEffDMVSFawVWqyKMRq/VYLPZlGE2N/u4usdEGI2aOWO6rkka12i/AqvV7fPHm4a1uLaGx7aUL7wTAAAAAADaU2dvF4COyc94pULHvqvgEU97LHis0aWTvxIG/ZemXbZUMb2u9Oi1zjdpO9K9XUKrFVitevGVV7VgYbKKbTZvl9Nq58M7AQAAAADAXYSPaJbOREoqAAAgAElEQVTOhoEKHrlYhsQ16hL+83a9do+QgbombqGuHfq4eoXGtuu1O6r1Gza6tZ+7I/EMISFtNgqwuTLMZr306mteuXZbjlR0t00cAAAAAIDzQafKyspKbxeBxk7vvlelRzZ4u4x6AuPmKShunqRO3i5FkpSR/y/tzlujkvLT3i6lVo+QSE277A2PXyfbYtHd8x5wa9+/vPxnl/Mm1pVhNmvBwmSHn02dPElzbp/tdo2SVGyzKcdiUXaORUtWOJ5f0WjsrT7V4d5Rq1VW6zGX53zs4T8ocUxCvWssWb7Caag3Z/YsTb1+stPztdU9e+qdAABQUFCgiIgIb5cBAECHwO9N38Ocj2iS/4CpCoq7X50Nkd4upZ74fr/Wz4zjtStvjQ784FtBradtSUlt1r4xzQwNHTEYDM0+JtRgULzJ5HKfCUlJmjljeu3PBVarHn/6GeVYDjvcf3Nqar3wMdRgcDkyMSa65SFfc+7ZG+/EkQKrVQUNAlyDIYSwEwAAAADgFbRdw6ku4ZfJkLhaISNf9rngsUaQfzddGXOPpl6yWAN6jPR2Oe0mLX1no22XJ4x2e19fFmE06vFHHnb6+XYfvR9feSebU1K1YOGj9f5asnyFx64HAAAAAIArhI9opFNgTwVf8qRCx66Xn3Gst8txS0TYxfrVsKeU9LMH1TWor7fL8aiaFZMbmpCU5DDsKrBalW2xtEdpbSbCaFR01CCnnzu6f2+6EN4JAAAAAAAtQfiIegJj71DYNZ8pIGqmt0tpkZ8Zk3TTz/9XPx94i7dL8RhH7b2GkBAljklQYkKCgyOk9R90vLb0UBctz74WPl4o7wQAAAAAgOZizkdIkvz7TlRg3Dx16TbU26W0iZ8PvKV6PsjV+tbq/lx8HYGjlt344VXzKl4y3PH8ir7aqtxS0T42fyHvBAAAAAAAxwgfL3BdusYpMO5++V90rbdLaXNdg/pq/M8e1M96j9fuvNUqKMr0dkmt5qy9t2Z0XU27csPFWoptNqXtSK+3UIuvyzAfcPqZq1GRDW1J3eryXK0dRXkhvRMAAAAAAJqL8PEC1alLsALj7lfg4Lu8XYrHDegxUgN6jNSBHzZoV94anSk96e2SWixtR7rD7XUDrEtMJocrRaeld5yga/XadU4/c7aIizObm7EKdUs4W+W6Pd7J5pRUWY/VX9naUdBaYD2mNeveabT9lunTWnxtAAAAAADcQfh4AQoYdLOC4u5Xp6De3i6lXQ3rO1mDjVWjIDPy13u7nBZx1KobHTWo3kjAa8Ynaf2GjW4d60uKbTblWA5rS2qqy8BwQlJSO1bVNEdhX3u9ky2pqS5HddYosFodBrqEjwAAAAAATyN8vID49f6FguLuV5eeP/d2KV4T0CVEiVF3Vbdir9Hhwh3eLsltzlZIbhjGxURFyRASItvp0/W2F9ts2pySqgnjfSu8W7PuHYej8hyJNw3zqdGb5+s7AQAAAACgrbDa9QWgc8gABY/8swxXvHVBB4919QqN1bVDH9c1cY+oR8hAb5fjFndarl1tk6rafDuq6KhBeuyRh71dRj0X+jsBAAAAAKApjHw8zwXGzVVQ3P2SOnm7FJ8U02usYnqN1d4j72hX7mpVVJZ5uySntqRudbj9xVdea7TN2SIq29N3qthma9aCLb7gmqRxmnP77BbVPWf2LMVEO18dOzvHoiUrVraorgv5nQAAAAAA4A7Cx/OU/4CpCoqbp86GQd4upUO4tP80De6dpN15a5RZsMnb5TTirL1XkjLM5madK21Heodo8zWEhChxTIImjE9SvMnU4vPEREe16nhnfOGdXJPU+NlkmM2N5oE0Gnv73FyZAAAAAIALA+HjeaZL+GUKipsnP+NV3i6lwwkN7K1fDr5fP6telOb7k/u9XVItZ+29LTpXum+Fj/GmYfUCtEuGm2QwGBQT5Xy0oi/whXfi6JjVa9c1Ch/7GI2aOWN6i+sDAAAAAKClCB/PE50Ceyoo7n4FRM30dikd3kXd4nX98Bf0dcFH2p27RraS494uyWl7b0tsT9+pAqtVEUZjm5xvwcJHZbOdlqG6bTgmOkpzZs9y+/h4k6lDBmO+/E4AAAAAAPAVhI/ngcDYOxQYd786+TFnXFu6OOLa6lWxV2vvkb97rQ5X7b23TJ/m9DhH7bc10naka+r1k9ukPkn16sswm5sVPnZEHeGdAAAAAADgCwgfOzD/vhMUGHe/unQb6u1SzltdOvsrYdAsDTaO1+68Nco5/lm71+Csvddo7O1yxGC2xaK75z3g8LMtqVsJulrB2TuJjhrEOwEAAAAAoA7Cxw6oS9chCoy7X/4XXeftUi4Y4SGRmhC3UIcLt2t37hodt2W327XXb9jocPsVCQkuj3M1Z2K2xdLsNl/rsWONRu3ZbDanI/k6iuJiW7OPcfZOLmliYZu2ficAAAAAAPi6TpWVlZXeLgKNnd59r0qPbKi3rVOXYAXGzVPg4Dleqgo1vsr/l3bnrVZpub3e9h4hkZp22Rttco0FC5NVYLWqwGp1+HlMVJQMBoPm3D6rUai1ZPkKZVsON7nqcqjBoOefWqTsHIu2pG5VjsWiYlvzw7iGNr2/XlJVe/L6DRuVtiPd6X3UvRdJeuGpRW5fZ3NKqrakbnV5n6EGg6Kjoho9p5pjm7rneJNJ1ySN04TxSe36Tlq64I6j+jrCAj4AAOcKCgoUERHh7TIAAOgQ+L3pexj52EEEDLpZQXHz1CmIUVG+4JJ+v9bPjEnanbdGB35wPAqutZoKqWrmHLQ5CM6yLRa3RiQW22yy2WwqsFqbvF5LFFitWv/Bhib3czZ/ojvnb6ruYptNGWZzo+fk7j1nmM2KNw2r/XtX2vKdtFSE0cjoSQAAAACAzyB89HF+vX+hwLh58us5ytuloIFg/+66MuZe/az3eO3KW60jP33p7ZIAAAAAAAB8CuGjDwu+7M8KGPgbb5eBJkR0vViTTE/rG2uKV1fFBgAAAAAA8DXM+eirKsqkzmTDAAAAFzrmrgIAwH383vQ9nb1dAJwgeAQAAAAAAEAHR/gIAAAAAAAAwCMIHwEAAAAAAAB4BOEjAAAAAAAAAI8gfAQAAAAAAADgEYSPAAAAAAAAADyC8BEAAAAAAACARxA+AgAAAAAAAPAIwkcAAAAAAAAAHkH4CAAAAAAAAMAjCB8BAAAAAAAAeAThIwAAAAAAAACPIHwEAAAAAAAA4BGEjwAAAAAAAAA8gvARAAAAAAAAgEcQPgIAAAAAAADwCMJHAAAAAAAAAB5B+AgAAAAAAADAIwgfAQAAAAAAAHgE4SMAAAAAAAAAjyB8BAAAAAAAAOARhI8AAAAAAAAAPILwEQAAAAAAAIBHED4CAAAAAAAA8AjCRwAAAAAAAAAeQfgIAAAAAAAAwCMIHwEAAAAAAAB4BOEjAAAAAAAAAI8gfAQAAAAAAADgEYSPAAAAAAAAADyC8BEAAAAAAACARxA+AgAAAAAAAPAIwkcAAAAAAAAAHkH4CAAAAAAAAMAjCB8BAAAAAAAAeAThIwAAAAAAAACPIHwEAAAAAAAA4BGEjwAAAAAAAAA8gvARAAAAAAAAgEcQPgIAAAAAAADwCMJHAAAAAAAAAB5B+AgAAAAAAADAIwgfAQAAAAAAAHgE4SMAAAAAAAAAjyB8BAAAAAAAAOARhI8AAAAAAAAAPILwEQAAAAAAAIBHED4CAAAAAAAA8AjCRwAAAAAAAAAeQfgIAAAAAAAAwCMIHwEAAAAAAAB4hJ+3CwAAAAAAdGBnflLekUKV1G4IUGjf/upj8GJNF6jiH3J01FZnQ1C4BvbvrgAvnQcAJMJHAAAAADh/2AqU94OtThBYJaBrhAYanaWBpSr+4bv6YZMkGSIU27fpBLHkyMd67vdvKat2S3dd/8fFumdk92aV3hGU/HhEeScaPl0nuhjUp1+EQluZ2DUKAiXJEKGBfQ31w8Dyn/TVO3/Un7bW2Xn4nVr26HUaGNSMC7bVeQCgGuGjL6ook91mV1lRgbKsRQozxqpfrzAFd8A/ZrJ+/KJe/LifZj07Q3ENPzSv0oNrzuiGhXcqMaz11yqz5+vwIauKJIUZ4zSoT7D8PDKxgFmrHlylE9f9QXPHhdf+fGZqsu683NGNlMleZJcCa96hVSkvvqhtMffoiamRkqqf0xexuuexGxTZkpLK7Mq3ZMpqk4LDIxXbP9xD9w4AAABfdiLzfT34pw91osH2PpMe1euzRiq0i4ODygv1+Yo/aPGu0nqbQ8c9pOX/PUY9HB1zQbIpe9NzmvfOEfd2N4zRH15+SOOMrbikoyBQknperUUv3KPRPVtxbgBoJ4SPvuj4p3r9xU2y1t3WOUyxk+/SnVe05jeXl1TkK98qxTkqveKU7HZJrQwfrVtf0csf5qvML1hhXewqOivJL1I3/P4eJXroF3J+/veSwmt/PmVzciPW6vcZf6uev8VUu9luK6q/n+2UGmxxz9EUvfLqJuVX+CnMIBUVlUlhl+rW+TNkCm7JCesr+3aT3viwVJPum9SyYBQAAAA+olR5Hy7SHUv2V/3YZYjuXLxIv+nfurMG9L9aDz1h0LKXlmrnqdZXCTf8uFtffPuTRvesM7q0S3ddMi1Zfwhbqmc/yGn5uavP88fuS/Wn9a04DwBUI3z0YcYJ8zX/aqNUUaS9b7+ote+v1MaoP2jSRd6uzMd8v1ErP8xX+Li5mnddv6ovdYlV5oN2xfjCnwT2ulQ33BSuMmNM25+7JFNr39ikfON4zb13ovr5SWXfb9Lrr6Zo1apIJd+V2NpcV4W5+5V7xNiyYBQAAADtqkfcFD35xAC9/dJSfXFKkvw14qaHdMe4OIXKpoM5353buTxHB3IKNTkyXL+Y+YDyjj+ndy01xzygO8YObzzqscSmo0VSn5512rGDumtgdH8NMKjp8LHcphO2APXo6u96P9tPOqHu6uHuvJHlpTrxo02Gnt0V0KXB9lNSjx5NXK/6mkfLDerTVG3VBo6dolHlO/TuFwVVGwKide2vhuhoyofa5+Q5FJ/4STJ0d78Vu0t3XXLjQ7rT/pyW7qg7+vEnpe/I1IlR9UemhvaN1sUDeihAatR671ipiq02BTR4bqF9oxVzkYPzlJfqxKkS9XDzxRRbC1TaNUI9mmjXLrYe0dFTJZIC1LN//yb3B9CxED52BJ3DdOnYUdqYsU3Zhwqli8KlskKZP9mm/cftCosaq6tG9VNYZ0knc7VtV74ixyYqMkBSiVWZB/NlD4vUpTFVo/SK8vYq63Q/DY8zyk9lKvw2TWl78lUUFqOxY0erX3VaVZZnVqYhTqYeduVnfq38oghdnBCpsIoi5Wfs1K5Mq9RruMb+0qTwut+konztTd+l/ECTBtnL1OTXrKxQWZ+ladcpY+31y6xZSjtUJNMVlyq8pn34RJb25pap39A4Gev+si4sVKEkU99+564UYJRpRJ19SgqVm5WlrEPZsgb006gxiYrtWb33yVztzfdT3NAI2b/9UnvNVvnHJ2psTHidE1Q/J3Op+o30V5mzW/kxS1/uNcsaNqr2nRQdyVWRgmUMa94wxKIjO/Xp59kqCjQqxjRcl8UYG7VSF+1K0V5bsEbfVBU8SpLfRRM1dmiK1h7MVb4Sq9rdq99J5nHJaBqrq0zh1c+qTNbM/ToVcali/fKVuW+vMs/206grLlW/4KrvSub3dklFytq3V6VBNd+bqntN27FL+UVhivnFVRrdv/qLU5Ir8zdhijOFy34kU1/nn1JE3GhFdmvW7QMAAKAlDBGKHXqZrhzqry92lEoqVbF6VM33aDukg4d+qrNzqb7LtapEEQrtYVBpTbbVJVqjx4xUbN/qEK7cprxd7+nN1f/UF7Udx/6KnfBfuvem63Rxj6aKKtWJgx/rzdVv6aOD5wK0HkOv1m+nXKeJo6Kr2sFP5Wjr+2/rzX/u0dGanYKiNW76TbrtupHqE1SqvK3/q2WfHKkOxAJk6B+nwSW79c/Nh1Rc9QA04sZ7dc84g3a9s1RLt9UU3F1XzH5A/33tcPWo+98SZwq088O39bd125R1pub++2vczDt1168a7FtPd4345XW63nZCm74oqLp2z+Ea9x9jlZf1ofbtP7dn8ZE92vDOm3pzW5127f5jNGPmzbpxVH/HrfB1hHaVfjzScNJH6cTOT7Xvx5EaZ2wiLC236ev1S/X2vhO1z61H/ziFn/hUG744UhsuDhx3px6YdZ0u7urgHAV79O7ij5W6I6d6f39dPPUBPfDbMRpYL4cs1dE9/9baf/6j3ruW/NVnxFUa98urNWXskPqhdrlNB99/UskbCyRF6DfPvKQ7h7JaEXA+IXzsKAL8VfsrxW7WqudXydw5UqbBwcp8/xVt2z5R8+8bL2PnfO3f/J6yuo/WrJ/7SVkpWvn2XqnbWIUvnKRIFWrnv9ZqU/gMXRpnlPXj1/Xix6cUOTRWYZZNeuWz7Zr4wFyNN5Ypa8c/tOrLSF1qytXeDLs06AYlJxhlfvtFrToYprj4ftK+t/XsF8M16+EZigtQVQvwy5uU7x+msKC9Sjtpl+SqVdyqTa8+Kz9DmPztRdr72S7d8PA9SlSudm7YpKzg4VX3ISn387Vau/ti3Tkirv4ZBwxSP5llfn+pNvrdoGuHNgzpMrX2jyu11z9Mxr7h0g97tfezvdX3Kem7T7V2VbbCwkpVZPevatvevkvWO57QjYMlyS7zmme1KqNUwd2CtffLIoejAIu2v6E/brbL3yDZbWna9X3VnI75e97TP7bbVdag7doV69ZX9OKHBTLGDVe/kkylrtol6+8aj3rNteRKMimmwaDKuKtnaVZSv6rg0W7Wqj+vUqYhTsP7S3vfflbb4mcpeXqc/FSo/RvXapNto8LsRbIbgqWibUr7xq7kuxOVv2ejPv22SJK/srZt1P7g8YqMMyr8aIpef3mTTvU3KbZrrjb9zyJtnzhfc8cZVZazS/9YtVORl5mU+6VZdkXqhuTRtGwDAAC0l4BwDYgeIO2oapnNO3RIR0ui1ed4pvY1mK4w72COjp4ZroEncvTtj9Ub+w/X0F7ngsevP1isB9/c02AkXamyNi/Vgyf89fqDV2ugs1rKbcr6cLEeWranOhw858TBj7X0iDTg1Xs0wrZNf35isbZaG+x0Jkdb33xSuzLv0eL7L5fth/3aWfcm9u3RF/UOsGnfP5/THf9sWMhP+mLFc5LhJf1hfETVQi1njuij15O1eNtP9XctP6Ktb/5RR8tf0vM3RtdZ1MWgi296Te+Oq1oAJrRvuLSnwWX8B+jKOS9p6JkA9ewfobP739T9T76vvIblHNmhtc/s0dczFyl56hCXAWRx7p7a0Ddg5I2aXP6+3t1XKtn26LMDhbrCGNHEKtSlKszdo5376oSB+xoWLuVtXapH7f56/fdXq0/DE1r36KN676ZUX69/TovK/6TFtw2vqr/cpqz/W6yHVjR+11Kpju77WGsLDBoxcoh6OAo4AZy3WJKiQ7DL/HGaChWumCHhyk/dKLMtVjfOv0e3Tp+l+beOVvD3m7RxX5kU1k+R3aTc3MOSJOuRXCkmVpEnrSookVSRq/zvpciYWKlkrzZ+nK9+v5qne26doVvvvVVjw/K17bMsSX6KG5uo8IpM7T2eqLlPP6/n705U2Pcp2pghjb51vmZNn6FZ992gONtepewqklSmvR9tUn7gaM16IlnJC5/QvKvDXd2YpGCZpj+hp5OT9cRDk9SvIlfbPs+XjLGK6yZlmvdXjzK0KutQkTQ4TrENT9FtrGbdlijj2SxtW/WiHnl0kV5fv1eFtcMT4/Tbx57W84uSNf/uezR//iT1q8iX+UBhvWfcdcQsJT/5hJKTb1Sc7DqcW/3b9fsUbcywq9/kh/XEwmQlPzFDjiJEe9ilmpX8tJ547GFN6i/Zs7NklRQ39Z6qkPNogRr+u5Rjhdr/Vb7U8yrdOmuGZtx6j/6wyHG7fWlF1f/6N/gnOfiiOMVVj0TMT90oc8Vo3frALM2YPkvzfh0n+5cp2lkvQe2niQue1tPJT+iuK8Okw1nKlRQ3NVl3XWWUdJGuvS9ZyXckKrzmPV80SfPuvVUzbr1Ht14RpvxPtilLkl/cWCX2lDL3nVDivKf1/PP3tMmCQgAAAHCXv/oMGaI+1T+VHM7RUVupbD8c0XflDXbN3a+sE/U/6zEkTn2q216LD72n/6kNHg26eMKNuu3GsbVhY8lX27TPWipnig+9p8V1gsfQoVdrxk1TNLruaILSAn3x9tJzwWPPkbr+pps1Y2z0ufPseEvv7jutPkOv1rVDG6yi3WO4rp92o8ZFNbi4caR+M22Krqid09KmXV98qaMlUk14+npN8BgQrXE33qwZE4bUBnlff/6l8hoPOFRo32jFxkarj8HBiMMu/urRP1qxsf3Vw5ahtUvPBY+hQ6/WjJk36tohNceVat8//qHPf3D+/FRu08EdO6pHgho06sqrdO3Y+OoaS7Vrx34VNtVf3cWgAWNu0LioBqMJAyJ08dAh9VawLt7xvj7KcnDTktR3pH4z7UZdG3vuvvN2bNfB6hbz4qz3tLhO8Nhj5HW67bbbdFudZwrgwsTIRx9m/fQNLUqX7EVFKqvwU7/r7tGkiwqV8vdCyThKg2q6eOPiFKOdyrYcli6L1aBIadt3uSrUIB0+UqhI00RFfP+e8nKl0cpWtsKVGBMmZWUqs0KKLMzS3n1VpyoLk+zf5apQsQrv7Cc/Saarz7X0Fh7KVqH8dLpgr/aekaQiySDlfpcvScrMlGSKU1xNGNa5qa9YmPpdVH0j3eJkMm7Uph+tki7V8PgwbftivzIrLpXJlqVMqxT3y0ZrZledZegNmv/keOXvStF7H+9U7va1evabXN15/w2KDZD8Au3KP5il/KJS+QcWyk+Svbxu87RRpoTYqtb1gJB6/2BU3bNRE4dUJ2idHbc1GE2jFRtWdU/h4dK5XpHmClfc4HBt+jRFb/yPXVdNHKvEweEO/2FtGDo2VqjMbwulgNOyZuyVXZKKpGDlKvc7KXFo9W4xozW6ug09OLip9vCsqvfcv1BZ+/ZWbSrrKtnzlfujFNtT8usiyTReEy/i/2IAAAC8IXRAvC7u+qGOnpL0Y6YO/lCogMzM2mAooItUUi7pTKa+zilQn5yaz/w1eHB/GbqoaqXlzR8rq/qYPpPu12OzRqrHT3t0dOs25f0oqbz6L0fKbTq47dzxASPu1OKHr9NA/5/0xQ8fa6e1KuQqO/6lPtpVE3hFa8ZD9+u2IQapZIzCbQ/o9T2lkn5S+p483TZniu4JLVXW79+qPm9/zXjwId021KATg3/Svic/rlrpu8sQ3fnIQ/pNlHQ04oh2vVoVoJYcL5SttOq+U/+9vzZUHfffD+qBsREq2V+sLzYfqg4Mz8pFLNikowe26fOaQNV4nR568E6N7iFpbIzO/v45bT0l6UyGdn5bqGv7Rzg+iS1Hu/ZUzylpGK4r4yLUp3yMRgTs0c4SqeTLbdppvUrX93fVeu2vgWNu1F3+hdpXsxJ60Ejd/9JDura/v0pyP9SiB5dq5xlJOqJ9WSdUMrRBPT3G6o9/uldXGP1VPFI6+OA/q57RT1YV2kqlriU6uLX+u37+wes0MEgqPnhCH20+VP8/j2w5Wrvw93rT0rDWAr378C16t7ru0fe8puQJTY3sBODrSAZ8WNjgqzQpPkwKCFdkVD+FB/tJssrZhIN2e9UkJZFRkVJGvnIrDisvN1gRVw7XwMi12n6kUIXKlz04VjF9JB2v+lWav2+jNpprr6qwuH5yNl6xrLxUUpEyt21Ubk3w5RemyL7hkqy1I/FapdiuIkmRcRcr+LP9ysyWTGezlKtI3TDExVe2c5j6JdygexImKX/z63rl4zRt2jVesZfblfLqi9pkNSouvp+CVagiuf/lr7rn9tXvV3N1T9d/6B+b07RxWZo29hytWffdqLgGuWBQcLCkMp2umpvZgbKq70tRpj79v9zarX7dItWvV0urK6t6z9/v1cb/OzeZTVi3i9Wvyfl+AAAA0C7C+mvoYH9t3VMq6Yi+PnhIOljdu9tzrG4aW6A31x+SZNO+/fvV54fqgEsRiokMrfpXy1PZ2negpiXZoJiIUu378C199uE/9UVti/YQDXa2mEtpgbK/PdfSPHTM8OoRld11ybQ/6fVJpVKX7gr64Z/Kqhm913e4RvStHqEXEKGhQwdIe6rax0/kHtGPpSNVb/yeob8ie1Vt8TcYFFi7fYAGdK+qK7C7UQZVL5xSUqqz5VLxDxna9UP1vgH91UcWpb7ztjb8c1vtSMUeg8+NAG0+m47m5Jwb8TksXoNrWo27R2lE7bupmnezWBEKdXCWE4e267PqOgOGjtTFPf0VoDiNGuqvnftKpZL9+mJfga7t3795AV3fOMVWv7eAiOEaNVjaWf2v9ieOnVBJeYPwsX+cBlQvxBNgCFd4gJRX9UCrnuuZIzqYWfOu/TXiiuGteHYAzjeEjz4s+KI4XTqi4XyJ4QoLl/SDvWoUmySVnFaZpHBj1b5hMbEK107l7+unfHukLo/0U0RmmPLzc5VbkS/FjK1qXe4arjBJkVOSdesIuSW8e7ikMl11xx80sU/DT08pJFhSRQvDuopCnSiSgqOMVSs0x8QppvNOfZ2Zq6ySbMk4tnpkYcPj1GACAT/1G2GS8eN82e12KTNFm74P09h752vSQEkya9WXq9xsga4ZCViksrYIVt0WrMgrb9X8K8tUtPttvfj3ndq0I0lx4+rHwoOiIqX0TJkz7Br98zrJZEWRis6GKSy4+vtSfpXuemiiy9k33Rem8G6SBtyg5FsvbZMzAgAAoI0FRGjokHPBXdbObSqu/rPogMHDNWqkUanrq0b4Hd3zqT4/Vf3v8MbhGmqsCvNKztiqRk5Kkmz6YsVzDeZX7K/rZ/6qaoESR6s7l9hUVNvBa1CPrqG1AUeImHIAACAASURBVFlo3+jq6ZRKdTTnxLn5JINC681/GNqjzorLJaXOR1k2U+mpn87N415ySGtfeq7+Dj3H6q5fxzde7dtd5aWynTo382Gooc4c/l0CFdbdIKkqrCspLam6r4bXKrfp2z3bq0YqSirZ9br+87evN7rUvh37dfTq/vXap5vFP1RhXQ2Sql9WhXvrZNdTckJHawJpGdSnZ6jrMLRLgPoMG6kRoSWSSlT47SHlVS/4Exo5RLFdA6QuBsX0DGTUI3AeYM7HDsdPl42Ik07u0qf7quZZzE/ZpkyFy2Sqjpb6xCg2uEjZn5uVb4zUoAApckCklL9Lu76rnu9RkvrH6uJgyfzJJuXay1RmL1K+eZv2umgX9hscq34qVNrHe1VYUqYyW6Fy03cq0y5JsYobLOngNm06Ypf9+71K2dNUxFcme0mZVFGm/I83aac9XKNGVdfX2aTLTFJRdoq2ZdoVNiTWYXiW/+GzeuSpldq4L1eFRUUqKsrXzn9vk1XBGhRplPz9FawiWX8oksqKlPV/KcqUmgwT7faqeDdscJyMNfdsK1TWx2nKbuKu3GIrVKGt7jDWMyr80a6yijJl7d6p3JNVK4UH9+qqYEl+AY3/RNlvxFiNNkiZ/3xFa7/MV1FRoXL3bdTSpxZp0ZqdsstPFw/uJ/2Ypo++LFRZWZnsP+ZqZ3rmufDaoerRlPVqK1KRvUxSpGIHB1e95zy7ysrsKvrerG37nL/r/M2vaNGLr2vbEae7AAAAoE35q2fsENU0phQf2lO7mvPA6Gj1uShOQ3tWf2g9VPtZQHRcndWLnYVQBsWOvVl/fPlZ3TOqu5N9JHUJUEBtclQi25mzDs7o32Bao/qtziUlJeeOCfBvHNC1VLkct1QH9dcVU+/Ryy/dq3F9m1hFugn+dWo92zA0LT139QD/AMf39VOmvtj5k4MPGtj/qXa5mjeyKeVnVWQ7N8+j03pcKS2pauOXJAVKXZp4dkH9Ne6OR/Xck3/Sc08k646ra0ZaRmjinOTq7Q/ptpEuvl8AOgxGPnZAfpfN0Kzc17Xq7UV68G1JncMUO+WuOguSDFJMjJ92mvMVnPCrqsAuJlaxJ95TVkW4xsfUzF0Yp//P3v3HR1Ue+B7/ZCaZZBImTJgwgYFAQgL5AcEgKBoKbRSkokVRqlVaqq3b/WFve7vtbt22bu9uf3m97XVvb73b7drSpWLFolgqKILEQglGQSJIIJCQQEIgIYEhYzJkJmfm/jGT378hgYDf9+ulZM458zzPec7Jr2+e5zx3PZRH5dq3ePb7b4W2RTtZtDqPORP6uDXGLuKhe47wH3/6PU8d+H2oPWMzuTv1ZrDCrPtXM6diLW/9/Pu8ZbKRvngps3ZvpbzCy+3ObnOGx4xjXPSH7Pz5d9gJEOnk5oe/Eh6dGJJ54xysv93PEazcnNn7eslJtyzl5hOvUfjCs6FyACJtZN7z1+HVqhdx++T3ee3lH/CPL4Nt+lJuv7GRt05U4sVJzycc2oiPA0/DOVqZSqTzdlbf+SH/9vrveeoARDrz+PRCL68VV3KCWb2u4hxjtULdCU61grNHVzqZmmaDPa/x1A9O8aWnHiJzajo2UyGv/c/vc+qRrzPp3a288dKG9hn2tun38tlbexn2aUpn5ddW0vz/XmX/i/+H/QCmSMbNWMrjD90cOrcFD3Hvkf/g1Ref4jsvAkRiy7yblPn0cu5gjYsH6qirB1zgbG/bD3gtvGJ35mceIu/kWt76xfd5K1ync8GXyMt19vpF5XzdKTx1cKq3v4iLiIiIyIiIc01jegzhZ/m1SSI7I4kxNgtpKVHQ0DW0mjJtMuPCgaElJoEJ8UD4/ekrvs1XF+eQNjmuYzRabyP22kTFMS4xCk6EphcfO1JN06eSsHQ7fkxCAu2PTK+r5kwTZMUBho9zNR1/4E6YnITj8vLAjqYl2BkH4WnRSXz6a49z/42ZTGmbQn65IyzNcYxLHEfb6Mbz1XWcMwiN6vSf42RNW9gXxYRkZ6+j+84fe4eittGE5iTSs50dU7ONJk6UHA+Piixlx7tVfCZ12qWNEvRUU17V8XJcUsLQy4lJwNE+ePIcDec/grYJ8sM0WlVErl0KH0cj5+186+nb+znASuaKb/Hju7x4WsAaZyWy27TjOat/TJcJsbY8vvJUXs+SMu/lWz+8G2+Tl9ZIKzZrp1uij3Y4F3yFJ+d78XhbiYy2Ye38nck6i4e++2PubfKC1YY1Erjt9t7H2KbczRM/uBtoxesFq7Xn7RiZ/RDfuuccP3gziVlpvfdGpGMO9/7dHO4NtIbOg0isNmunm9vJoq/9mLwmD15T2znezu1tIx9nrebppzuXOJV7v/8093Y+5/yv86+3ePAGrNjiQiUvuqtt7yxWdy2A9Pv/hafv76j/9m89TeeeTF/xJE+v6LRh+r08+VSnGrOfZFFrH33cXcLNrP7uzbQ2efAGInveDyYneX/1JDd7PXhbu+/v2TbbrV/h6Vv7aRuANZN7v/Vj7m6rs1t/dy9z1ud/zL94YcC1bERERERk2FgSppE7Fd4t7bQxLpVsVxxYLF2mZYeEgsn2Hz3j08jOjGNTeGGYsnf2cGxuKsmJfs4cO8CO17dwMvMrPLE8FHr5u4dMliSyc6bBvlADzr/5W17ITuCLC5LxnzrAjj+9zrFpD/P3N3daHKdpH2/sLuWm5RlYqvew6e22Z1HGkZubGloIZ6h6eSzUmImzyZ24gZOnAWopevc4CzKmMcF8jvKSd3jjj/tIePjbPJIT1+O9Hfz4Gps6RmZerOXkseOMS0lmiiOKCRk5TOB4KFQ9uJ0dJbfySG4cZ/a9zhvtK7NkclP6uJ5h38VqinZ2TLlOWLCSr37hk2Q528JRN7v/7zf414JQuFm2czu7sxeTNS0Zn+Hrc8xqO3cVZdVuJkz8iA9efYE32qdMTyN3+iUs8BLjJHta273i5703d3F47kqyYmr54J19l74Wp4hcFyKCwWDwajdCpE+tJ3j1fz3Lkdlf54m7Jl3t1oiIiIhccbW1tSQl9bESrki/mij+7RN8e2OnZ99kPMKz/3oP6THwUfGvePz7r3cEQ/GL+Od/+wYLHB2Hf1Syjm//04b2VYx7cCzmu1+J49c/+WOPgCnrkf/LDxdU859P/M9O4VY3CYv456ceJW7bD/j2huN9HASWnEd45p+WYXnzSf7qt6Xd9trJSvdzuKyp2/YkslLPcbiiW/hoyeHxZ54g+/2nePzXB+nLmFse59lvLmZCb0lc3U7+9b8/w+7uVQJTHnyKZx7OYEzTcV7+yRP86mDfU6LTV/wrP/xCTtdnS/ZRdnu5F6vZ9MP/xrM9mh5P7gwvxUe71Re/mB/8/HGmH/8Vf9u22nUfEvK/wb/9dQbFP/tvPPNe93Ju4Sv3wQu/fYePuuyws/yfn+Fh/zr+9ifb+y0fCPf/k11W6P6orpozjU1AHGMmT9ZiNXJZ9H1z9NEzH2VUqtv+U/7xO9/hO995lkLrIh5aouBRRERERGRo4piamdllFeUp2dPag50xybNDi8W0mTiNpG4D/cZkP8C3v7aYHmtNtu1PSSIqou8WWJy38Fff/go3J/S1PwGCceTe9w2+kd97WGDJXsmTX1tGen+DEIcsivQ7Huef757W5/5kZ2/rTw9B3DQ+8/jfs7z3p0cx5c5v8O3P5Vz6ojbDzJKziu9/aVHvYesgJNy4ir9f3ld/9m+MczLp6Rmkpyt4FLkeaeSjjE7hKcf0mEItIiIi8vGiERxyWRqPU7DzIOf8hFYYvmERC6aGUzyfm8O791DiDk3SjZtyC7fN7X3Kre/8cYrfO0h5bTUnGu1MnZpE2sx55KbaoeEgO3Yfp6nLtGsL47IXkZ8RrqupluJ973P42BFK6iwkT5/G9IwbuSk7qWN1a8PPmZI97C4+SHHFecZNySErZy6fyJ3cfsxHpTvZUXK+62IxUXGMi4dzDd2GCkbFMS7Ozzl3t0nIMUncsOAW0sPB60cn9vGXg9WcqT7O+Zhkprgmk507t2OKc2+aqnl35z6qLnbfYWFcxq0syLZ39KPPzeH39lB08ADl9RaSMzOZmXsrN6Xbe5/e3GvZnco1mih7Zycf1HU7r4hIbNFBPBe7zX+Pm8yCRXOJPtRp5GPCXO6/MxX/iQo8CZlk597IbTdOC/Wz0cTJ93by3mlfj3JumAolpdVdp9ib40i76ZPkTowC/Jwv3ceuknKqavyMm5pJbq4TT8lBqtouT7f+Fxlu+r45+ih8FBEREREZxfRLlIgMh/P7OoWPqat49kcrh3k0qcjooO+bo4+mXYuIiIiIiIhct/ycfOtXPPWbTs9jrHiVZ374Q54tqB54cRoRkcuk8FFERERERETkuuWjqfYgxdWdJ6s3UVayj+LTTQofRWTE6VF6IiIiIiIiItctC3FJOdycm4Cvy7MaLUxJiuv9uZMiIsNIz3wUERERERnF9OwqERGRwdP3zdFH065FRERERERERERkRCh8FBERERERERERkRGh8FFERERERERERERGhMJHERERERERERERGREKH0VERERERERERGREKHwUERERERERERGREaHwUUREREREREREREaEwkfpnc+L13e1G3F1+OoqKTlaRYPXGOBIA6/Hy0BHDZXRWEXpoUrqmq7vC2B4PXj9ve4ZfL/6vXg6X6fur0eTj/HnlIiIiIiIiHx8KXwcjTyl7HpzK1vb/vtLMTWeYa4j4KHmaCXuQO+7G/ZtYt3b5R3HVtTg6ePY60nDu+t5sbAKn7eKAx9U0X9WVEbB+gLKhrF+X9lW1m0uwUM9pUdqh7Hk0afs7fVs2u/ubQ8F6zezv9d73qChopKGttCyvID1b3e6At1eGw2VVDaMjjCyYd8mNu1ruPQCPkafhyIiIiIiInL9UPg4GrU0UHOyhaRb88ibm01KdC0Ff1hPYd0w1nGhhF07d7K/up9jjNbQv9V72f7WLkouDGP9o5KbsspW0vMWkntDHvm3pGC5wi2oOl5FYu5S5s2cx8K5yVC2ledeL73CrbiCjL6CQQNfSy+bPQfZWbCdvScGU7iHg7u2s31f5aW37yoqf/M5thzptOFKfx6eL2L9+kIuIy4VERERERERIfJqN0D6EonVZsOGjQxHMjbvWrYUl5N3R9rwFJ8wnwcfmz+4Y6fks/qx4al2dDNjNjPs06iH1AKzueuG1tExam/UsOWy4ku5gz2Y3HsfY7BHjzY9Lv2V/jzsMxgWERERERERGTyFj9eIhLE2aGoFfwlbXqoibaGD0l3F1EXlsPKB+USf3MXmgjKazWaIsJO9ZDnznHUU/r4AljxIXmK4oNOFbHirjGYA7My+ezm5dgAvVXu2sfNwHd4IG/a4ZrCF3uJ+bwMbSm3kP7CUNAu4393A5ovZzLl4kKJqDwY20vJXkJ8aHidYt5dN2w7S0ApYXaTE1eNN+RzLZnYN1tzvbmDrxRScZw5S2WRgWJJZeN9SMqyh/d5ezwnK31zDIdcqls+yAFUUPL+VuhkrePBmB+Cm6KXNGJ9aRZ7TS9VfNlNwvBmCBmbnPO5amoPdBHW717PTksecjwrZWeHBtWgljg83cfCCD95cRxkGybeuJr1qLYWxy3nwZnuoUeVbWVOezqMDhsChureXN2M2A4FE5qxYRo4NOH+QLVv2Uhs0Yw5Ek7xgOflpVsoL1rL7pIHv9HrWF7fQYoAZA4x61j1fRGzWcvID29nckseqT7gADwdfXU9RbD6PhdtT/uZzlCY/yrK0Wva+VUjJGQ+GycCIdDH/M8vIiQfOFLL+Lxby5ngo3FmOZ1I+j93h6rOvOvOd2sv2PSXUegwIGlgmzmf5nTmhW6VsK2uOOMhz1LD3cB1eLDjm3sWKGxyhNwfclGzfGrpnoh3YQ7dgH1pxf7CJdSfq8GLFecMSls91QvlWnvuzh9zlK5mX2Nd725Sz9TcFeHJWsPKm8L2xYTO+rDk0HyqiqtEAWxqLV+STYglds/KCTeysbAaTBceURHxnbSx6IA/nZV7b3lS93fe9VV6wlsLTQMM61u6NJfuuFaSXdf08JODm4NbN7K0zMEdAdPICluenYR3EtejyuRWAxNwVLJtt62jc+b1s3FKKp9XMG+vKMFwLWJ2fNqTzExEREREREQGFj9eMmrNuLHE2iHKRYi9k19sGefc+yvJ4M/hK2fJ2Da47HyXPCdQVsv6N7SR+fjEpk1rYdawBEkOhQ0NlFWQsZ/VNBoXrN1JzBnLt4DtSwPaTCSz9wnJcZg+l2zeyKzzwyX7TIrLLCqhthLREMAwDb1kJDfnLWH2HDd8HG1l3sJQFqTlYqGHXthIi536ORzOt4Clhyytu7PPNPc7JMAw8lXXkrHiUfFsoENz0dikZd2aAr5SCPs4peYKDgpoqmJUG52uoi7FjPlODDwcWXxW1HyUy0xk6p4JzGXx2dQ5WvJRs/gPb9yezcq4d5/RkWjZtZW/WMlY94sJiAtJXY3v9OcpTV7EsM9TGhrroriPA/AZG23T0/pw/QGGlg8VfWEmyKfy+KIAGCt/cD2394y1hyx82s9exknn5q7HvWc92FvPgreHA7sgWnqtIY9WdGaHXp5IwdlfhxoWdOmpa7NhbaqghDRc11NTZcNxkhshYXLMWM3upHYspFPRufK+SnNtTYEI6yf5NbN2XzbJVj+GygO/Ilj77qjNLrIucxbNZZrdAwE3RKxspqshhcSrQamDUlVCe/Gk++4gTS3UBa3eWUHPDQlxAQ9FWivw5rHwkG5vRQNGmjfQ9IdqLJyafzz7iwtJUzKY/7GRv2krmpS0l78hzVNYDA4aPaSy9tZTnKusBB2BgGF5KDzew+NOrWRrvo/jVdRw4soCU2RZ8H26j4Gwyy7+Yh9NkUPOXDWyxpXQLHi/x2vYSssZG931vpeWvpvVi13uRbp+HDUVb2c88PvfFjPZrtnmfI3TN+r0Wbg68U4Ej/1FWTiHUL/5un58J81ixzMf6t2Dxg3mEv3oM6fxEREREREREQM98HMWaqTlUQsl7u9i6aT07z7iYf5MLALMJXDctIzs+HBicrKTGns28tpTEmU1KTBVlJ8CVlkrLydLwc9saKD1pJmV6z6SgoqIGR9Z8XFGAyUaiLbrTXnPPO2ViDgtTbZgB66QkbF4PHoD6SmpM6czLDI+GsiVhj+nnNMenkR0ecOXMSMZWVxUKpPo5J4srEVtDLXWAr6oWpmSQ5K2lBuBULQ2JLpKBqpM12FMyQiPBsJKdloi7LryIiwki47LJXxAOHodbZDQWXx2VJzyhadxRZswA58uo8qeS29Y/1mwyJripLB/kikITnSR+1EBNADhVQ31CBhnW2tCCRJ4aanGRnACY7LiS7Vjw4fUa2ONjMdofomgGk5XsT+XhCg9W7bevOktwkWy3hFZuNuzY47o9mzEunfk3OEN9OsVF4sXwfUEDpSdbSM/NxmYCohzYY/s7URvJGeFrY8slPclN3elw64dyvSJ6bnLNWkhKvBmwkpxkw9sUamFFVR2unDycJgAzrkRbzzfDyF3bAXX+PHRTVtVC6uxO1ywjCXdlGe219XktzERbfNRVVuLxh16bowZR/Yifn4iIiIiIiFyPNPJxtIt1kJyTQf5UZ9eQrFOo4j7nhqjOi6PYsdsMGlqA1DRS/bsorYc8Sqkyp7C0R/bYQEMjRKYOw/Iq9W48Jjs9xzkOwjg7Nr+bFgY6pxRcRiEnPdB81oNjWg6OsweoqQPbmQZsk+ZjwU29G+pOv8jaAx1VWCZldLwwcWntHAxbLp9e3My2XetZ87YN140LWXqDC3ODG0+Ujc7Rrt1mw/D1v652O1MqyYmF1JyA5HO1RDtySbp4gL3VQEQdzROzcQEE6ti7aRsHfTZc9kiaz9bAuM5TxSO7BFkD9lWbur1s3HYQn82FPaqZ+tOQkDqYhtfj9kRjjx74yN6YTeBxN0B4DN7wC30O9BZW9jBS13aI7XV/FI2ta2XYWn0DrNAOYCN36VKa39rJ+t8VYJs4h4WLc0N/eOi3yit5fiIiIiIiInK9UPg4asXimplNL/FPD/Z4G5wJhQ6hsM6DpxnMkQAu0qaEpl67I2swpy7t5TF7NmxWcA9Hs8fZueQnwNW7OR9jw8bA5+R0uKmsbcDXkEByPiSdjaTsjAfb2RaS5oZGrNlt4Mz8HMtnX+k1q0OsU/JYvioPo6GYzZu3sDX6MZYl2rD5DToPFvQ0N4NtsDGoBdf4WErONlDTYOC6yYbTncj5mhpqqMc+PjQ61vfhOxQzk1UP5Iaux5EtPFfRV5n2QfaVj4PvFMOsVTx4Q+gql77+HOWDarcNW38jYAdgBMBmH6ngEcCBfczgPwdG5toOhR1bXAtG18pojrANLlC3JpN39yry/A0Ub93Mlu1WHrtzgK829it5fiIiIiIiInK90LTr68G0ZJz1FZR6w6/dpVRecOKaEnrpmp5Ka00JB09CyozeppJacI23UVteghcg4KH2XPOltSXRQUJTFaV1oZfG6VKqmvo5vsWLJxD6sOZIBcbE5NDIvYHOyWmnvuoA9WYnLhPYJ7nwnNlLrcdF8qSOY+oqS2krAr8HT/uLwTGbobkpHEn5Gyguqwd/19FlRqCXNwZ8+PzhMhy5pDuguckDiSm4Ik5SfqrtuHLKqi24kgf/0DzHBAfNZw9Q0+jAlQhMcWE7U0rp2Vhc4dGrLX4fRFlCwWPAQ+VpDwT6Xr14cH3VQosfoi3heNlTSU0jEBxMq104HR6q2m4Mfw11jYM7XzzFlNU6Se5rjZ/u59XPefYnaVzXz4GSivo+6rv0a9vaqW2Dubf65iBlkpmT5TXtW8rLq7C4kvtew6cTny/cjigHuWmJ0OxhwMnTw3DvioiIiIiIyMePRj5eDyw5LMmr4ZWX1lMx0Yr3tBfnJ5eT0zaIbWIaUy5uoTQmlwf7eIydY+48XC8V8OLavZiJJjkrHdvRGqrIIHkwbWgbEWXKID+vkj+8toaySDDHJ5PQ31DIxkNsev4ABgZGbDqL70oZ1DnZprqI3FSCN2N5aKXliU4Stu6iMimPxeGibXMWkVOxiXX/tR+LGQwjmpRFnVblHgT7jAzsrxSw5vndEGEjY/5sXLurqPDnkBGVhDNhF4W/24D7jpXkTex4n/f4bjbtrsSc4CLWX0ttaxr5OTbAxsIl6Wx4fR0bnQkY585jnrWExRP7aECiA1thIWufLyL51tXkpwFTk0kq2EV5Uh75ABYXicEiSnzZLA9fX1vOHJIP72TN83tDqxLfkIyjpopyfzZpvUyvHVxf2Zh9QzIv7lrD2n1msCQze4qDmqpyjKy0PkbcteILD1/NuCmXg5s2sabCgjnCRvo0Fy21NXhxdBstG4vN2kzplrWUmYBANMmd7+fOJjixFxayZoObpSvzcHV/3Ue3dtbiD43lc8zPJ/uVTaz7r9DnQMokG/h7Hn+p19YxwYFRsJm1H83nc0uzB7i3INFhY9eetazdm8yCz+fTPXt15S0h/ZXNrNuYRELgPOfNOSy5rb8zDl8Lfzm7X9tJpdmBK85H7RmDtE8tpseXhvgk7C0FbHq+DHvWclbMdQ3t3hUREREREREBIoLB4KDGLck1IODD22RgjrNe4iIqBl6P7zLe37UtPsOCJaqGXc8X43h4GdndymzYs56N7lweuzMDw0/vi15c9jmB4fXQHIjGFnep068NvF6wWoc+vdTX5KHFFIutx3sNvJ5miLFhHcxiH5dk6NdzUH3l9+LxmS+tP8PX02KzjtzzNi+T4fNhtljwHdjEHzy3sGpBj/WugeG6tpd+b7WX4PXQTG/tGIDPi6cFYod8La7EvSsiIp3V1taSlJR0tZshIiJyTdD3zdFHIx+vJyYL1j5GNg6OGavtkp/Y2C4UJFpCgVddJTURNtIGCL/6XG33ss8JzFZbz1FdQysB6yV2iyXORu8RnRmr7TJPbEBDv56D6qsoK7ZLDZ2G4XqOGL+BEWXGbLEAXsqq3Nim9j2leHiu7aXfW+0lXOr9bbFiu6Q8/krcuyIiIiIiInK9UPgow6yOvZveoLQJMIERYSNnyYo+p79a4xOuZONE+uQt384r79ZimADDIHrKIpbPujqLFYmIiIiIiIhcLzTtWkRERERkFNP0MRERkcHT983RR6tdi4iIiIiIiIiIyIhQ+CgiIiIiIiIiIiIjQuGjiIiIiIiIiIiIjAiFjyIiIiIiIiIiIjIiFD6KiIiIiIiIiIjIiFD4KFdfwIe3ydfrLl+TF1/gEsr0e/F4jctr1xVj4PV46b21/e27DIPon0vu+6vA8Hrw+q92K0RERERERESkO4WPcvWd28um9QWU99jRwN7XXmTniUsos7yA9Vv247n81oUZNFSUUucdtgI7KaNgfQFlfe7bzP7hO5GQ8gLWv917jSGX0fcjIeCh5mgl7j7C0LK317Npv/vKtacaflZ45aobFB+88BK8cKzb9mr42UuwZ7jvIREREREREZFBUPgoo0PAoLXXHQa+lksss9VH7+MpL0Ulewt2sfvo1UhwLqMPBut8EevXF9JwpesdrAsl7Nq5k/3V/RxjXMGRrhfgW3vgzJWrcWAX4OXD8ItCuNhpc0Ux/LQYdvTXdyIiIiIiIiIjJPJqN0Dk2pDG0i+lXe1GjJwrGdxdioT5PPjY/KvditHNC+50+HI1FPrgNkto845D8NWZwDUyhV5ERORyBYNBDMPAbDYTEREBQCAQIBAIdNk2HPW0trZiMpkwm8191i0iIvJxp/BxNCrbyppjNnKMCg6e9WFgI+eulcx3Ar4a9r5VSMkZD4bJwIh0Mf8zy8iJNyjZvI6a7NUsTg2XU1/I+rdg8YN5OM4fZMuW/dQHwTBiSc+/i4VTrOAvYctLVaQtdFC6q5i6qBxWrsygautm9tYZmCOAqFTyH1pIcpdGeigt2M7ek258gBGwc9NP9gAAIABJREFUkX3HcvImWQA3RRs248uaQ/OhIqoaDbClsXhFPinhQMR7spBtu0qoazFjGxtLM7Y+u6OluoD1e8rxBM3YUhexPD8Na6gUqv6ymYLjzRA0MDvncdfSHOxt43kDLVTt2cQbR+rwBi045t7Fihsc/bTdTMnmNVSmPcayzHAZvhK2vrSXWgDMJC9YRX5qR93by5sxR4B5XDZLls3DaQLOFLL+Lxby5ngo3FmOZ1I+j33K2sd1G8wN0UpLVSGbtpZS5zWwJM7jrntzcQzQB75Te9m+p4RajwFBA8vE+Sy/M6dnT5/fy8YtpXhazbyxrgzDtYDV+fZQze4Stm4oosrd8xq26+9+7e3+emA2nl77ro7C3xfAkgfJSwyXfbqQDW+V0QyAndl3LyfXDgTclGzfSlG1ByPagT20u5335C42v11Bs8nAiEhi3rJl5CT0cW0WOzg44P0+BAHY8Xv4UWXo49S58ItlEAO4D8H33oAdF0L78j4Jv1gS2rdjHezPhax34aul8NN/gLwD8HgTPH4Rvvo+HDbBL74Ij0/vpV4P7AB+Oh22HIPbZgIn4ZUJ8IsJ8LMLna85/OiXsBmwBuC+lfB4RmhXb+24zwQ/+hXsCIC3Fb78BfhyyqV2kIiIyMhqamriyJEjzJw5E6s19FOj2+3m1KlTZGdntweFl8vv97N//35sNhuZmZmYTCYuXLhAVVXVsNYjIiJyrVP4OBq1Ghinq/Dd+TkenWjGe3gLLxYUkv5gHo7IWFyzFjN7qR2LCdzvbmDje5Xk3J5C8oRYisrLITU0Qs9zooaWiXk4aKDwzQPYPrWaZZOAukLWv7Gbys8vJiUqmxR7IbveNsi791GWx5uhbCsbWmay6ou5oZDP39uouEgS0hdw3yecWKPAKNvK2ncOkHP/PGwYGIaX0sMNLP70apbG+yh+dR0HjiwgZbYFfKUUFFSRcMejLJ9oxnN0Kxt39j3yzuNPYsXn87FRRcFL29ldnsbiNPAdKaDgXAafXZ2DFS8lm//A9v3JrJwbTqG8VdTEfprPftGJpbqAtTtLqLlhIa5+2p6e7KSwohQyw0nM8UpqJyxg9eI0Sl9/juIzDZDqCNVd4+KuL+ThNEHd7vW8UZDI6ttTYEI6yf5NbN2XzbJVj+GyAAF3n9dtYF6qamL59GcfxRlZRcELBZScymXhpP77wBLrImfxbJbZLRBwU/TKRooqcjrC6TYJ81ixzNcRVAOEJ2DXVTew+I5eruFg79de7i/fkS1s6qPvUia1sOtYAySGW1FZBRnLWX2TQeH6jdScgVw7NBRtpcifw8pHsrEZDRRt2khlW3t8pRS8fZ6Mz64mxwrew1v4w469JN8/D3tv16ZsK0UD3u+Dd6YAfjYW3vouEIAXnoFnp8M3p0NMAnzz7+AXVqAVfvQj2HELLLPBbbPg9t/BDx+A44+GywrAK+/Asi9CyUq4+C5Y/wJfnh4KLLteB5gQBXNy4PF34bszoeJA6LX1PJzu9LzSF34DLIfCmYAXvvdT2PI1WDa293a88DOY8BC8NQWohft/BTd+F+bowR0iIjIKeb1eDhw4QGpqanv42NjYyLFjx8jMzBy2ULC1tZWSkhKio6OZOHEiCQkJXLhwYdjrERERudbpV8fRKi6ZjImhH1isWWkkeWqo8AAmO65kOxZ8eL0G9vhYjPCD+WwzUrCdqgiHMD4qT3lwJbvgfBlV/imkTQqX7cwgObqBmnOhl2YTuG5aRnZ8+AckiwVL40lK68JPTIzq7QcnK85kJ9YoA2+TD7PdRmy3Zyy6Zi0kJd4MWElOsuFtCj8v8Xg5NQnZzA+fn22cjeh+uiIxNRtbFBCVzMwUC7Vn6gCoOlmDPSUjPArSSnZaIu662k59mM78G5xYTMDkJBIvesIL0PTddktmKs7T5ZSGp6iWVtTjSu053brqZA32zPBIR8CZnUJ0dVm4781gspL9qbxQuAX9XreB2Uifn4vTApiSSUrw4fF0akdffZDgItluAZ8Xr2HHHjf0Zzh2voau8daOa9hdX/crPe+v/vrOlZZKy8nScPTZQOlJMynT7d0qa6D0ZAvpudnYTECUA3tsp90nK6mxp5IR6hSsWWkknq9rH73a49oM6n4fvMJDcN/s8AsT3JYLhSdDL2NckGoFvHDRBKljwN32gMZIYCZ898ZuBWaFwkaAmFS47xz0trTOmXrIcwDT4f7jsCcAOw6GwsQYK7jbwscG2OyDh2eGX1vh/gzYcqiPdoSPv21K+HUS3B8Lh7s+IFRERGRUaZtm3V0wGKSuro6ioiLeffdd9u/fz8WLFwkEAhw/frx9e11dHcFgkPr6eioqKqisrOTdd9+lubm5S3lWq5X4+HjKysoIBAIEg8H2fRcvXuTQoUO8/fbb7Nixg8rKSoLBIH6/nw8//JDjx4+ze/duDhw4QF1dHe+99x67d+/G7Xa3v/+DDz7g3Xffpbi4uEfdIiIi1wqNfLwmJHQER3F17N20jYM+Gy57JM1na2BcOByzpZMSt5GyCkiZWkFVfRJpU4Hjbjy+GrY/X9GpTBvZnTOWzo+kmZLP8pu2snXzWvZaHGTMX8zC9O6Tdb2UF2xiZ42FpPGxtLpr8JAxqLNpOO+BKAvdZ+8OhtkUidd9HrBQ74a60y+y9kDHfsukPtpg6nyy/bTdkkFqYhHlRyFjRinlZ11kLO1emJt6N0RO6XQGCXZs/gY6sr3IrtF+oJ/rNkTm9nLd/fdB3V42bjuIz+bCHtVM/WlI6D7qcUj1DvbLRaf7te22ab+/Bui7SWmk+ndRWg95lFJlTmFp9+yRetyeaOx9JNbuc26or+HF5/d3bIxJ7nR3drs2g7rfB+/wGVj3O3ihUx1zPhn692IprHoJJqZAaiv8ugG+1/nNw/TnoNuyYMc7UDgB1lkgZizsaPv0r4MdFsKBdchER9eRkV3aUQc7PPDYT7rW8U396UpERK5Bra2tfPDBB7S2tuJwONoDynPnznHo0CHGjRvXfswnPvEJmpqaeOedd0hOTu71GY4RERGkp6dz+PBh0tPTu+wzDIOWlhaCwSDNzc0UFxczfvx4IiIieP/990lNTcXn81FZWUljYyMA5eXlWK1W5syZQ3l5OdXV1SQmJraHoTfccAMmk74Ji4jItUXh47UgUI+7yUpyPPg+fIdiZrLqgfAU0SNbeK49U7STPtXGpqoaoIr6iWksMwF2GzZLOgs/vxDXIKu0Zy3lwSzwVO5iy44tFNo7PYcP4NRedp9ysvjhfJJNtD9fcjBscdbeh24NghFoxRqfANix28CZ+TmWd58GPJB+224hI8VJUUUpRlQV5yelk9bj57tQ3bU+H7RFqB4PzSZzn59Q/V+3S9VfH/g4+E4xzFrFgzeEYqbS15+j/HKrHIxO92tPA/Wdi7QpoanX7sgazKlL6ZE9YsPWY85xpxribZCYzeeW5ww64B7wfh+CVAd887Pw5Sk99617BW77Ajwenm0/8WeXVkdvKs5A1qzQx3Ny4HsvQtZdnaZntw3+SIQ8H3TOGk9fCE0J71Ui5Nngp/8El5Fdi4jIx8DpugbcjR/1OuJwJM2cMbTvUF6vF4vFgsvlIjExkejoaA4fPszFixeZPn06Fy9eZMeOHTQ3N2O1Wjl//jxz584lNTWVyMiuP+0ZhsHYsWNJTEykrKwMh8PRvi8mJoaUlBQ8Hg+NjY0UFRXh9XqJjY0lGAySlJTEpEmT2Lx5M4ZhcMsttxAMBjl37hytra2UlpbicrmYPn06FRUVnDhxgpycnC7h46Gjl/0DpYjIoJhMJuzxY5jodAx8sEg3Ch9HK38LHj84osD7YRk1CS7yLNDi90GUJRRgBTxUnvZAoOMZdfZUF9FvlLOXGuyTFoU2JrpwGLspPwWu8NRrT6MHW3wfo7v8PnxmCxYT2FIySLaW0ewBOocxvhYMcyzRJgCDhqp6mgOJDOZpeRZXIrb95ZR4M8i2gqfWzaAmkfirOFQJU25zAuBy2tlVWYp3dk74WX0ePK02bNZ+Sxmw7ZbMVJzFVRRaakmatrjXIlKTnew63lG3+0glbmdGn4uUDHTdAIwAQx751ncftNDih2hLuDM8ldQ0AsFObw4M4wrXfdyvvRmo71zTU2ktLOEgkHJHb/eoC6fDQ3FpHSQ6wV9DXSMdC85McmIvrKDUm0OOFcDA0+jDFt/HjdHX/R5fR/mxeizJ2X0Eqb3LSoXvHegUPnrAHQd2E7h9MLGtGQ3w/kdw4zD+fmZt+4o+HR7Pgolt07+dcF8dnAEmjIdlJthxMtzGtunZf9VHoeNDYWX78YD7AtjHDl+7RUTk2ne6roFAIMCM1Mmj8lmHfr8fgMjISGbPns3Ro0c5ePAgdrud3NxcGhsbMZlMeDweWltbmTp1KlFRUQQCASwWCwkJCURFRfVadmRkJDNmzKCwsJCYmJj28//oo48oKSkhPj4ek8mEyWRqn5YdFRVFQkICFouFyMhI4uPjiY6OZsyYMbS0tNDa2orH4yEYDHL+/HmioqJwuXoOIxhq8CoicqkMw+DM2XOcrmtQAClDpvBxtDKq2P37tew0GRgkMf+ueaFsJWcOyYd3sub5vZgD0STfkIyjpopyfzZpUUBiNmnWjRSX2cj9bFv6k8KC+aX8YesaKixmMAzMjjl8+u62FZO7qjuwmW0fNhPrTMTcWIPbOoe7uv9ckzqHnH2b2Ly2DDNmbFkZJBuVnHSDs+dQNQBa/OFJyYnzmDfxRQpeXMteM0QnZ5MeX0pNFWR0Se8s2MaYKS1ay9q9QMCMfeYSlk8M7bXNWUROxSbW/dd+QqcVTcqiFeSn9j3ezQgMou2WDFLHFVFUncLi23svxzJrCQtrXuHFlypwxXip8TrJ72ekna3f65aEM2EXhb/bgPuOleRN7LP5HYID9YGN2Tck8+KuNazdZwZLMrOnOKipKsfISsM8wYm9sJA1G9wsXZmHKz4Je0sBm54vw561nBVze6+2ta/Asq/79VL6bmIaUy5uoTQmlwf7yMczbsrl4KZNrKmwYI6wkT7NRUttDV4cWG3zWDRrA5t+v4b94fs9emo+Kz6V0uv16fN+ry9j754SLK2pJN/QLbiMg1vPwsQnum4reRLm3Al5/xuyP4CJptAIw+89BsvGw6p8uO1Z+LUVYpzw5RzYUgoPJ/XRWb3pNmqxzekGiGl/xigse6DbAYGO9335EXjsV7A/BS5Wg30JfLOfYdGPr4S7fgUvxAGtEDMZfv0oTBhCs0VE5Prmbvxo1ASPFouFqKgoGhsbSUxMJBAIcPr0aWJjYzGZTEyePBm73U55eTn79u1rX5gmEAhgs9mIjIzE4XBgtVppaRncA7MdDgeJiYkcO3asfXRkbW0tJ06c4M477yQYDA6pb8xmMzExMURERJCQkIDdbsdkMo2K/hWRjyez2cyE8eM4WlGt8FGGLCLY+anIMjoc2cJzH9hZ8WAedr+BuccCGAZejw9znDW0mEp39YWsf9vC0pXdAqCAD29TC8TYsPb+h9tudTRDtA1rP3NXfU0eDMtgyuulBq8Hn7n/8gdbTnMgGlvc0Aq6nLZ3FOLF4zcPsu4Brttl6LMP/F48vsG27xINeL/2YUh914uAD2+TgcVmpdca/V48FyF6UP09uPt9KC42hRaVsXcfcOkDt9HL9qvgogewQsxg/gwVAHdTaPGaQR0vIiLDpra2lqSkofyl6so7dLRi1IzCa21tpaioiPPnzzNu3Dh8Ph8NDQ3Mnj2bKVOmcOTIEXw+Hy0tLVRVVbF06VJ8Ph+7d+9un4YdGxtLZmYmFy5c4I9//CP33HMP48eP71JPc3Mzr776KkuWLGH8+PHU1tayefNmEhISuPvuuzl16hS7du0iPT0di8XC4cOHWbhwIePHj29/n91u509/+hOpqanMmTOH4uJizpw5w5IlSzhw4ACVlZW4XC78fj+TJ09m6tSpvT57UkTkShlNX+/7ci183/y40a+Qo1zvQY4Zaz9ziys/KMOa+bmeI89MFqy2wSYrZqy2gRfdsMRd+sIcZquN4chfzFYbl9KKy2l7RyFWBt2lA1y3y9FnH0RZQyuFXyGDDh5hiH3XC5MFa3+XcEjnPrj7fShi4jo9b7EzC32OCr3SYoZyyiawD28XiYiIjIjIyEhycnI4evQoXq+XiIgIMjMz24M7s9mMYRiYzWZuvPFGxo4NPUtk5syZ1NbWEggEiIyMJCIigtjYWG688UZiY2N71BMVFUVOTk77PofDwc0334zZbMZkMpGUlERWVhY+nw+r1Upubi6xsbFd3mcymcjKysJuD/10MGHCBGJjY4mIiGDGjBn4/f4uU8ZFRESuRRr5OBod2cJz5Sk8dlf2EN5UTsHzu6kKgHnCfO67I2NYgj2RAV3S/SoiIiKDdS2M4BiNI2GCwSCGYbQHjp0ZRuhRMp2393f85bbBbDZf0ojFYDBIa2trexgqInK1jcav991dC983P24UPoqIiIiIjGLXwi9R18IvoyIicvmuha/318L3zY+bYX7ynIiIiIiIiIiIiEiIwkcREREREREREREZEQofRUREREREREREZEQofBQREREREREREZERofBRRERERERERERERoTCRxERERERERERERkRkVe7ASIiIiIi8vFknDvG2+/XUe1pBcBii2fmjTnMHqdfU0RERK4XGvkoIiIiIiJXXt0hXv5zTXvwCODzNLL/z+9RWHcV2yUiIiLDSuGjiIiIiIhcYc3s/7AeL2AeO4E77v4kX7w7i5ljTYCPYx8ewzsc1bR4aGwejoL6YbTQ2NgywpWIiIhcuxQ+ioiIiIjIFXaa0xcAYsi8NYOJUUCUk3m3OhkLcKGR48NQy9nX/oHcr73M2csp5MP/YOVDa3i/r3yx+Ofkzvs5719OHSIiItcxhY8iIiIiIiK9amHPxl/yfkYaM6OHu2wPW/8+m2lPF4+SckREREaGwkcREREREbnCJjJxLMBFjuwp5bQf8Nexd08dFwDGxjPtqrYvrKWIN34HX1gyn2HPHmnhQuNoKkdERGRkKHwUEREREZErLJY5sxIZEwHGhTO8+dqf+a/XDnPoQgAiLEyfNR3roMtq4dBzj5I7I5tpM7LJWvQwzxV3miPtq6bg2b9hfm4203Lv52f7Ova1fLiGVfPD77vnSbae6lpy47aX+d2kv+GBW6Lh1DaeuGcO02ZkM23GfO74p22dpnM38v7LP2Tl/NC+v321uqMQo5qt37ufrPD7Vj13mBbqeemxRTyxE3juYabNyObH+wCjnreffjh8LnP4zPe2UWWEy+m1/j7KERERGUUUPoqIiIiIyJXnnMm9i1xMtkW2b7LY4pmz6CbynEMo5/Bv+bunG/nqH0s4fng/O3/7JEtndBqn+M5vean1bn7zyst8Z95hnv3PcGh4fhvf/vzPGf/kTo4fLuI3txTxtz94rVOgWM8br24jeeUiZpo9bP3Z13kp+2mKD5dwvPhlnlk9h/Htx77MS3un8c3fv8a/PzyWrf/j5fZnQB567m/426N3sKG4hOPbvk700w/zi+JE7vnfL/MvtwBf+CXFRUV8MxcaX/8BX3p9Dv++t4Tjh1/mnqNf5xvrq4G+6u+9HBERkdEkcuBDREREREREhp953HRuXzx9GEo6zhtvFrF06nySp2V13bXoe/z71+9mPOC8cxE/fj008vHsn19mU/PDrLszEcyQnjufma3xHdOrT7zJSzuzeOw7WYAntG3/Tt44PId7siYzs0s1j/LUTx7mRoDPLIEXfOHtxbzx78e59Tt3MTMWmJpN3qxcomMhOn480RYgOp74BBtQz9bXtsGdL3BrPMA0br19Mj/eWczZhz/ZZ/09yxERERldFD6KiIiIiMgV5TtfzaHjZ6mu/4gLLQGMtqnFZhOW6BiciXZSp01lWoJl4MKyHuHXPznLE08/yiefjWbmA0/z//5lCcnmAd4XrjM6fNz4O3/An+7s2F2282Xez72fZ6YB2Fj6T2v45pP/wPfve5knEubznV//ksdmDfwkyJZmiDbHhF/l8tgra/o89mIroenTz3XaeNvl1S8iInK1adq1iIiIiIhcEb6zx3jzjT/z+7fLOXCykXPNnYJHACOAr7mZ6pM17Hp7D8+/sY/9Z319lhcSTfr932ND4X7+vOZhol9qm6o8gHDo2GL0ss84zNbfHGbp6s+Q3LZt/Hwe/+VODhe9zFMLTvHjz/8v9rT08t7urYuFFuPiwAcCMZHAo2s4frSk479fhkZtXmr9IiIiV5vCRxERERERGXEfHd3HS3+p4bQXiIphcmoqn7ptLg+t+CRfbP/vVu6/LYP5qfGMjQLD+xEH/lLElqP9LOd85jDvn2oBczTJtyzh1klw1uPp+3gfXATGz1nEjbzAf74cCipbTu3kd9vqQ8cUv8YvTi3hzgVt05hbKCs+TKMBJGSRvygLmhtp7Cf8C4WaWeTdH82e3/yePY2A4eHQy6/xfuf3tbS9SGTOolx4c2foWKDlRDHvnxpk/S1KIkVEZHRS+CgiIiIiIiPsJIVHPsIgkvGZWTx093xuz53C1LFj6Dqx2sKYsRPIzJ3DvXffyh2ZY7AQ4OyRco70UXJj+Zv8+L7wKtBZD/O78V/nmS9k9X6wGXjnMNUtwNSHeebpRbz/vTtCq13f90vKWi8CLezZ8gJ84WGWJrS98Szv//KvmZ8VWhl7/v/Yz/Knv8bS+N7qsBDNfsqqAaK59ZtreDz6BVbNy2Za1iK+tO0s0QZAIjNvySL6d48ybcbdPHcUku99ku+kbAgdOyObrAee5o+l9QPU37McERGR0SQiGAwGr3YjRERERESkd7W1tSQlJV3tZvTr0NEKZs5I7eeIcrZsrOZszDjuuDOHiYMuuY5drx/m+MUxzFkxl9n9HNly3kOL2UJ8/BCfg9jiobEZouNtoec/Nm7jv8/7R8aueYd/WRDd/7FDqea8h5ZoG/Gxgzi20UMLvZzLZdQvIjIcBv56f/VdC983P2604IyIiIiIiFwZF8/x5sY/j0jR0Qk2Lmn5lWgbnTO+xqKdbJr0N/zpll5K63bsSLUvOr6PYy+jfhERkatF4aOIiIiIiEhY/JIfcHgBGlkoIiIyTBQ+ioiIiIjICEtj2Yq0q92IQYsexNRoERERGRwtOCMiIiIiIiIiIiIjQuGjiIiIiIiIiIiIjAiFjyIiIiIiIiIiIjIiFD6KiIiIiIiIiIjIiFD4KCIiIiIiIiIiIiNC4aOIiIiIiIiIiIiMCIWPIiIiIiIiIiIiMiIUPoqIiIiIiIiIiMiIUPgoIiIiIiIiIiIiI0Lho4iIiIiIXBaTyYRhGFe7GSIiMoIMw8BkUowkQ6e7RkRERERELos9fgxnzp5TACkicp0yDIMzZ89hjx9ztZsi16DIq90AERERERG5tk10Ojhd18DRimoCgcDVbo6IiAwzk8mEPX4ME52Oq90UuQYpfBQRERERkcs20enQL6UiIiLSg6Zdi4iIiIiIiIiIyIhQ+CgiIiIiIiIiIiIjQuGjiIiIiIiIiIiIjAiFjyIiIiIiIiIiIjIiFD6KiIiIiIiIiIjIiFD4KCIiIiIiIiIiIiNC4aOIiIiIiIiIiIiMCIWPIiIiIiIiIiIiMiIUPoqIiIiIiIiIiMiIUPgoIiIiIiIiIiIiI0Lho4iIiIiIiIiIiIwIhY8iIiIiIiIiIiIyIhQ+ioiIiIiIiIiIyIhQ+CgiIiIiIiIiIiIjIvJqN0BERORKCgQh2P5vkEAwtD0IBDt9TPh1+8ft24IEgYjw6wgi2l90bAv9r8vrPrZHRITKiAhv79gmIiIiIiJy7VP4KCIi15VAEIxgECPYPWiEQFu6OAw6QslOCWVvBwyptA6hEDKiRyDZ5eP2baHw0qTQUkRERERERhmFjyIics0KAkYAWsNhYyhwHL6A8WoKjcQMdt3Q79EhEYApIqI9iDSFQ0kTEe0fi4iIiIiIXCkKH0VE5JpiBMEfCNIaCI1wvD6ixuETpGPkZ889IaaICEzQPlrSRFtI2bFdRERERERkOCh8FBGRUS8QDhz94VGOcnkCwSAB6GU0ZWhD2+jJiE7BpDkiArNGToqIiIiIyBApfBQRkVGrNQAtgSD+gALHK6lt9GTXcDL0whQOIc0KJEVEREREZBAUPoqIyKhjBMFnBGlR6DjqBIKhFcL9QG+BZJQp9LGIiIiIiAgofBQRkVHmohGkxdCzHK8lnQPJi0aQyIgIIk0KIkVEREREROGjiIiMEv5AkItGeLqvXNNag0FajY4gMiocRGp6toiIiIjIx4/CRxERuaoCwVBI5dMU66uubbXr4eYP0P7cTgWRIiIiIiIfLwofRUTkqmkxgrQYENAk66vKHBFBjDk0QlFERERERGQ4KXwUEZErrjUAFwNBWjXa8aozRURgi9IwRBERERERGRkKH0VE5IoJBKElEFpQRkYHq/lqt0BERERERK5nCh9FROSK8IUXlAloQZlRJTJCox5FRERERGTkKHwUEZER5QsEuyw4IiIiIiIiIh8fCh9FRGTYBYIdoaOhkY6jWmswSJRGP4qIiIiIyAhR+CijVpBQgBEIBgkEQ6+DQFuO0fY6IvyfKSL8cQSYiMAUEdomIldOa3iEoy8Q1PrV1wivgVa5FhERERGREaPwUUaFIKHQojUYxAiAEYTLiy5C7w2FkhGYw0GkOQLMEREKJUWGmaZWX7sCwSAeP8SYIxRCioiIiIjIsFP4KFeNEYTWQJDW8L8jEVkECU357LqwbhBzRASRptBCC5GmUEgpIkOjqdXXDyMYpKk12P7HmrZR5BGE/mgTpb/YiIiIiIjIJVL4KFdUMAj+YBBfIBQ4Xi1GMIhhQEs48ow0RRAZ0RFGikjvAsHQCOW26dWKHK8vbY+5gNCo8bjIUBgpIiIiIiJyqRQ+yhXRNh3TH7jc6dQjozUQpBXri6LIAAAgAElEQVSA0MifyAiINIWmaOsXb/m4a3skQtu/8vEQbUJf/0RERERE5LIpfJQR5Qtc/VGOQxUIBvEFwRcATdGWj6OuoxtH5x8MZORpqrWIXKuCweD/Z+++o+u67jvRf0+7Db2zgF3sRSTVLCkqdizHlm0pLrHlFDuOJ7HjlMnMezOe917eelnJJFkzzps3JWOn2HHsRBk7rnGPY9mWbMmSSImi2CmSYC8g0W45fe/9/jgACBDtArjl3IvvZy0QwLnnnrNxCdzyvb+9fwjDcPx7XddhGEYVRzQ3KSX6+vrQ3d2Npqamag+HiIiopBg+UskpdTN0rId14CZO0dYwYYq2zqpIqg8KgBitauT6jTRG4/0bEdWoIAjwyiuvIAxD6LqOIAiwceNG9PT0QIvpnZsQAseOHUMikWD4SEREdYer21FJ+VIhFyo4QtVlgKEQTR93hEIukMgFCnao4Mtbm9oQxZNU0e+wK6IGI9lAYcSXyIcSbp3+3dLC8D6NiGpVGIY4duwYgiCAZVnI5XLYv38/XNet9tBm5fs+hBDVHgYREVHJsfKRSkIowBUKQQ1Nry6FsU7aY1O0xzrFsjKS4kCom7+jYrSicWn9hdJiBELBNHknRkS1ybIsbNu2DV1dXbh8+TK++c1vIp/Po7+/HxcvXoRt2+jp6cGWLVtgWRauX7+Ovr4+aJoGy7KwdetWSClx8uRJ+L6PIAiwZcsWZLNZJBIJrFy5ElevXkVfXx927dqFVCqFEydOYNmyZWhsbMSJEydg2zY0TcPmzZvR0tKCGzduIJfLQdM09Pf3Y8eOHchms3jttdegaRqGh4erfbMRERGVBSsfadFcoZAP5JILHqcjlZpUGTniR9VlrlAIefNQmSgVNYXxRFSJmwsUhn2JXCBhhwqeUAgZPNI8eTL63SEiqmVKKQRBAF3XoWkaXNeFUgpCCBw/fhxXr15FGIY4ePAgBgcHAUTrLwLAuXPncOrUKSilxj8GBwdx7NgxCCHQ19eHgwcPYmhoCJ7n4dChQ7BtG6dPn8a5c+eglMLAwAAOHjyIIAhQKBTw/PPP4+LFiwiCAPl8Hi+99BIKhQKklJPWqSQiIqonrHykBVuq1Y7zoRCtoRcAgIjWjDRG14w0tKibNns6ULGkij6EUqOfow/GirQY1ixV2grR/TwA6BpgaRrXgiSiGV3pH8BwNj8e3lXK9k3rpmwLggDPPvssMpkMPM/DunXr0NjYiGQyiYaGBniehxdffBGDg4NYvnw5HMdBIpHAihUr0NnZiWQyCd/3Yds22tvbsWzZMjQ0NMBxHJw+fRqu6yKXy2H16tUYGhpCIpEAADQ0NOD555/Hxo0bsWvXLly6dAlPPfUUbr/9dqTTaQwNDeGOO+7AunXrcPHiRQwODuLxxx9HMpnE1atXp/35zl68goId7ynjRFT/dF1Ha3Mjlnd3VHsoVIMYPtKCRNV9UaUfFU8h6vwdTtiiIQohDQ0wdIxP3ebr+6VLTpguPRYySlYuUhk0WzrfACGikrjSPwApJTat641FZ+mxjtdSSnR2dmLLli0wDANHjx6FlBLNzc0wTRNKKZimiV27duHkyZM4dOgQWltbsXv3bqxZswY3btxAX18fTp8+jb1796K5uRlCCAwODiIMQ6xduxbXr1+HrutoaWkZX2OypaUFmqahoaEBSin4vg9N05BIJNDW1ja+X0NDA9LpNADANKd/aba2d3klbzoiomkJIXD1+iCu9A8wgKR547RrmrexRhUMHktDIeoy7Mloymw+kBjxJbLBzSnbgYwq3ai+iNHO8GN/U2PTpbOBHP+/j5oZMXik0ms0GTwSUekMZ/NY1tUei+ARiNZ8vP/++/HII4/g3nvvRVtbGxzHwaFDh9DS0oLVq1ePh34A0Nvbi7vvvhvd3d04dOgQRkZG0NjYiPvuuw8bNmzA1atXcfbsWWQyGTQ0NODChQuwLAs9PT3I5XK4ePEili1bNt6tOpfLQSkFx3Gg6/p4ZeREyWQSjuMgCAIIIcY/ExHFkWEYWNbVjuFsvtpDoRrEykeal7HOzlR+cnRqbTC+JaqS1Eenauta9O5B9HW0jTlCPChE6zBKRJUXUkXbxj6PVTISVUtC12Dy7UciKiEpZWyCRwDQNA2maU4ak67rSKVSOH/+PEZGRgAAuVwOnufhxIkT8H0fnuehqakJlmXh/PnzuH79OgzDGA8dTdNET08PDhw4gDvuuANNTU2QUuLy5cvYuXMnLMvC5s2bcfbsWTiOg8HBQaxZswaZTAa+708aY3d3NwzDwHPPPYfGxkbouj4+LiKiODIMo+JLa1B9YPhIRSuEXN+x2qLgKpqOO/USQMOEYHL0w0C0RpsOcK22RZouVJSTto0FjPw7oXhjxSMR1TPLsrBz505kMplJ2zOZDPbu3Yv+/n5omoYtW7ZAKQVN02AYBoQQMAwDe/fuRUtLCwqFwvj07fXr12Pt2rXQNA3r169HoVDA2rVrYZomtm7diqGhIbS1tUHTNGzYsAFhGMJ1XbS2tmLz5s2wLGv8/GPjam5uxp49e3DlypXxqd/JZLIaNxkREVFZaUqx/IbmxuCxdikpIUe7OuqjT64NXYeha6OVlJjweTSo1KLrTZz+YxgGLMuCrtd+udRYiDj2G61GA8OJ2ycHjVxzkepLQteQMZlAEtWKa9euoaenp9rDmNWRk33TNn6Jm7FO14ZhQLvlXdmJz3nGSCkhhIBpmlP2X+h5FrIfEVFc1ML9fS08bi41rHykOeWCaM05qi2B7yMIfET/dQpRxHjzs64bURBpGICmQdf1qJpPCoRBCCEENETTljQoaBCA5iFpJZBIJKCPlk5F+4wGl6MbJj51vvVp9MTn1RMvm/QbpiZ/P+Xr8YAwuuTWwBDAlCAx2q80AeJYoDsfuq5B02o/uKX6INTNewMioqVkbDr2dKabNq7r+oLeeJ3tPAvZj4iIqJbxkY5mNeJLVnvVGCklXMeGnFKpqiZ9FkLMuah5FPRNvl4gPGiej2QyCdOypjl+bYqCVzkaLEpAjVZAjFaBTr09588wDCSSyVitiUVLk1AK+QBosuovfhQKMOrvxyIiIiIiqlkMH2lGDB5rz1jwOLZ+EaBw4uhpDFwfxI3rQwCAVWtXYNWaFejs6sDkwFCb9P2Jo6fx7NP7cOHsZdy4Pog9d+3A/Q/dhc3bNgBQ8DwPQRggmUzV9FRsIQQ810W0AsXMt8fY7TnT5cV8L6WA69jQdQOmZcE0DGg1fNtRbRsLIC0dMOpgqp+Egi8AUwcMpo9ERERERLHB8JGmlQ24vl2tUVLCsW1AKRQKDp767o/xL99+BnbBmXb/TEMam7dtwKo1K7F5+4bxqOzi2cv4ydP7cOHspUn7P/ujfXj2R/uw564deO/7H0dXdztEKGCHBViJaCp2raxVFK3fFCIIAkgRdWvTtKjIc3xyuqYwcWa1pim4ArBDICeAQCmEEtGHAgTU+NehjPZvMoEmE2gwgSZTocGIji+EgJQCnoqmc5mWCcuqnduP6keoFEIB1Hrl8kRKakixuJiIiIiIKDYYPtIUuUDNez07qr4gDAEoPPv0fnz+c1+bMXQcYxccHNh3GAf2HQa+VPx5Duw7jBNHT+ORRx/EY+9+EwANYeBDhAESyVQs1i0am0ItpYimT49+BkanVquba1+OVTQGUkO/p9DvAQO+Qj7UkBcKhRDIh0BBAIFc3LiWpYA9LRp2twIZQxsNOBUC30cYBLASCVhWYtE/P9FSJpSCUBqnXhPVhBAjZ4/hmSODGPSjLUYigzXbN+K+ta3g+whERET1ofopAcVKns1latJYgHW+71JRweNi2QUH//TFf8azP9qHD/7mE9i8bQOUUnAdp2pVkEpK+EEAEYaQspiUMPo93zeksG9Yod9TmLysY+n/Dq66wHdchWcHgY0NCr1pDavSCt3J6P/Qcz2EYVjzU9mJqi2QilOviWIvi9deOILnLvuTtgrfxpkDB3Hl2gY8ek8vGqs0OiIiIiodho80rhAqhAwea5IIQ9y4PoCP/9Enyx48TnTj+iA+/oefwJ67duCJDzyOzq52hIEPKQSSqcoEaEophGGAwPdHKxond9S+1UgAXHCA87bCWRu44pZ9iFNkA+ClYeCl4Wi8m5uAu1o1bG4CpBBw7AKsRBKJBKsgiRYikODUa6KYc069hhcu+wBMdG3ZgNdvWoY0bFw8eQw/Pp6Hc7kPz5xqx6O3Zao9VCIiIlokho8EAHCEQlCCbr5UHWEYzrq+Y7mNTcV+7N0/hze+5QEIIeDYNhKJBKwSB2hjU6qFEJBCIAxDADfXbHQEMOADgwEw4ClkwyhwHPvsLXLqdDmcyAEncgpbm4A3dGnoSQKB7yEcbejD7thE8yOUQig1mCwgJoqpYbx6Jg8BoGXjTjy6tXl0ewa9W+/A28UL+PJrLq6fOYfB27aivZpDJSIiokVj+EjwhIInGDzWslw2h+ee3l/VMdgFB5//7NdwYN9h/Pb//qvINGTg+x6EFEgmUwuahi2EGA8Zo+9DTGgJg4lrNl52Newbktg/VMIfqsKO5aKKzJ/t1nBXmwYlZTSV3bJg1VBDH6I4CJSCCf7NEMXTAAYKAJDB+vHg8abGre1of+0yBgs2LgIMH4mIiGocawKWuEBGVY9Uu3zfw09+tK9qVY+3OnH0FD72O3+M40dOQSkgDEI4dqHIdRhvGque9L1oHcQwDKFUVPk48fOpvMKXLil88kxtB49jCgL4+hWFL12SGPSjn9P3fTi2DTEawhLR3MIYVjkT0a10TNtVxtDZbIaIiKiOsPJxCZOKwWOtU0ohCAK8sv9wtYcyiV1w8PE//AQeefRBPPGBx6GUgmMXkEgmi+7mLISIapZGC5cCGa2VmBXAZQe47CpcdoAb/mxHqV0HR4BztsLDXRruaAWUknBtG4ZlIplIQmNDGqJZses1EREREVE8MHxcwlyhINlgpmZJKeG6Dgo5GyeOnq72cKb1L99+BsePnsavfeS9WLV2ZdTNOQhgJZIwzdnvfkzTxD9fdHGyEIWOubBCg46R4QD42mWF03ngoU4N3cmokjQMQliWhUQyyanYRLMQSsHg3whRbORPH8C3D2XhjD/9zOPAV5/GgZmvEV2umejduRM/u2HqFG0iIiKKP5bOLFGeUPDZYKYmhUEA17Hh2AUoKfH97zxT7SHN6sLZS/j4H30Szz29D5oWhaae68AuzD4V++VBgR/eAC45SzN4nOhQFvibcwrPDwESUXOdMAzgOs54h28imorF/URxch7PHZkYPM6DCnHxyGkcL/mYiIiIqBJY+bgECRVVPVJt8X0Pge9jYtZ04/ogvv+dH1dvUEWyCw7+5pOfx4H9h/HBjzyBTEMaSkk4dgHpTAP0aaYQD8SxLXUV2QL49lWFfUPA7c0a7u8ADCXg2AWk0mnoOlfHIrqVkJh+PTkiqoIAoQCARux5xx3YVfT1TuPbX72I60KiTldaISIiqnusfFyCXKHA6LF2KCnh2PZ48Khp0cdPn9mHP/wP/yU2jWaKcWDfYfyH3/1jfOPL34NjO1AK8D132n3XNPDuaTrXPeD71xWevKAwFGB0PU1n3g19iJYCwcpgoiXFu3oGp87l4N3an82+gVNnLiJr33qFHC6cOYPrWW/yduEhe+4MTl2deqxYnoOIiCjm+Op+iXGFQsDp1jVDKQXXdSCEgFJRpePnP/tP+Nhv/zE+/YnP11TwOMYuOPinL/4zPvY7f4wD+w4jDKOu1o5jwy7kkc/lkM/l0Gu4eH1ntUcbX6cKwJMXFM4WxgJIG2EQVHtYRLGiwKnXREvG8x/H1gffhjc9cg92//krN7eLF/Anux/Em978Juy+77/h5fELLuIff/0ePPTmt+GeO/81vn795lUufPkj2P3I2/CmB+/Bb37jRszPQUREFH+cdr2ECBWt9Ui1w/c8SCnh2KPTlvfFq6v1YtgFB5/5i8+js/s3sXrtyvHtE3tDvKFbQ2sC+Opl/t5Op98Dnryo8NhyDTubFbzRKlLTsqo8MqL4YNMZovjLn3wJ3ziahw8Ty7ftxJs2zb+xTHboZrLnTSwyLGTRP/a1PXHidg7XL9z8zp1QZZgdunTzm0nb43gOIiKi+DP+4A/+4A+qPQiqDFcoVoDUkLGqxxNHz+BP/u//jgtnL1d7SCUXBCGOHDyBN77lQQCAJkKYBQe6H8DK20hks1hnD2ODLGCfbKzyaG9SQkCKEEoEUCIEpISSAkpKQAM0rXJF5aECjmSBpK5hVVohDAU0TYNhcKE7IgDQocHSGT5SbSsUCmhsjM/j4HSuDwyju6Ntlj2G8NrxLGwksHzrCvSMbz+PHz3bjxEJABL5QRupzcvROef1Jkt2dqFdeEiuvR+//u63YXv3aI1FshvdHQKu1YsHfv29eHxb12j1RTPae5oB0YDb3/1ePH7/GrSMPny3tC9DixTI7HwXfunx+7G2Oc7nICKqrLnv76uvFh43lxpNsVXqkhBIhULI/+paEoYhXjt2Ch//o0/W5PTq+fjDJ96I29etnnWf78tGfDk1+z7lpJSC8BwoIaBbCRiJ5Bz7S0ApaBVsBPMzHcDP9WhQCrAsC8lUqmLnJoorU9PQaDF8pNp27do19PTMFLvFw5GTfdi+ad0se4w2jpnScOY8vvf1PlwZq/4zmnHPY3uwZc7rERFRNcx9f199tfC4udRwzcclYsqC1RR7Ugp8/nP/VPfBIwC8+NoFyDneB3mjnsdup3/WfcpBKYXAySN08tANE1ZD05zBIxBVP44HjxV6j+cnA8BXLkXnCoIAnjt9Mx+ipYStmIjibjXu29KIhAZAM7F8y4YJwSMRERHVA1brLwGeUAhZ4FpzbvQP4sTR09UeRkWcvHwDYRgiMcdahT+jhvEKuis0KkD4HoTnwkgmYSQWUUVYwfXmDowABaHwK6s1BKMNaBLJJDSueUdLVPTGBn//ieKscdMdeN+mao+CiIiIyoWVj3VOKsBj2UdNeumFV6s9hIpx/BChnLs8d7sZYrM3UPbxKKUQFHIQgQersWlxwWMVnMwDf9Gn4EmFIAjg2Da4wgYtZZK//kREREREVcPwsc75Us05nZXiyXW8uXeqExcGRiBEcSn5neFwWcciRQhvZAi6aSHR0FzR5jGldMkBPnEGGA4BKSVcx2EASUsWw0ciIiIiourhtOs6JlXU4Zpqk5RLqWS1+N/Te7QCfhjkcNlqKvkopAgR5EdgZRqLWtcx7oYC4M9PK/zaGg0rUgKObSOdyXAKNi05Epx6TVR9FkwDgMjjwFefxoH5Xt3QkSjDqIiIiKj8arOkh4ris9SjprV3tlZ7CIsipUAY+ghFEHV+nsWKtuKDRMs0sdrPLnZ4U0gRIihkYWWKayhTKnPdNovly2gK9ulCFGjbhcISC7aJWPlIFA+rcd/2ZqQX8j6AZqJ3OxvREBER1SpWPtYpVj3Wvp27t0FKAX2sY3INESKEqSvceVsvbmTzuDAwAj/wYZrTNz5JW/P7GdcrG8+XarAYCx5zsDJN0M3Zm96UWqWmdX/2vMK7VwK7mgHHLiCdydTk7xbRQjB8JIqHxg178J4N1R4FERERVRrDxzrlCgWTUytrWu/KHnR0tmFosPRVfuWklMK6rmb83mMPYXl7G0zdwIht44vPHsDXXzwMw7RgGtaE/SXWL2tHco5O1xNth13SMQeFHMxUuuLBY6V96RLgCeDedg2B4yKdSTOApCWB4SMRERERUfUwfKxTGZPBYz14/OffgL/9m6+iltYqa06Z+L3HHsK6ZcugjwbgXS0t+OijD+OB7bfhr777LE5dvQFdN6AAJAwNb9m7BYl5hI9NuoZeP4uLieZFjzf0HCgla66j9UJ946pCoIC3LNMA30E6k4FhMICk0hjL+Cb2NlITP6uJ29Sk1V6Vmrz//I+HaY4XnYNvxhERERERVQ/DR6IYe/StD+NvPvXlmqpOe+sdm7Gyo2M8eJxo55pe/LffeA+eO3oKT716AkopvPPeXVjd1TWvc1imidv8odKEj64NM5le9HFqyXevKQRK4rHlOmzbRiqVgjWP8Jeqo1zBHtRs4d1sYaCacjkREREREdGtGD4SxVhzcyPued0u7HvxSLWHUhQpBW5fuxKpxMz9KHVNw89s34j7tt2GMAxhGDqMBYSrK6W7mKECAJQUkEEAo6lt0ceqNU/1KwRS4p0rNDiOAwBLOoCcLdgb/1pNjtvmDAMnXWe24003BgZ7RERERERUHxg+EsXcjp2baiZ8XNnRjN7O9qL21TVtXlOtb7UG3oKvO0YGAYxkCppemaYvcfPMDYVAAk+s0uG6UZhbjgByfkFc6YK9aa+DaF3SW7cRERERERFReTB8JIq5Bx68E5/59FdQC+s+rulsg2lWZop4ly6RliEcfeF3YyLwYFgzV2kuBT8dVHClwBO9Oty8jWQqBSuRmLkqb8I3s62zd+t2IiIiIiIiWpoYPhLF3IoVPZBS1sS6j53NDbCMytytGLqOZUEefcnWBR8jqnxcWus9TufAMOBJiSdWavAdF2YgkEwtjQY8REREREREVF5Lc64hUY3ZuXNztYdQtEp1TrZME8vC/IKvr6SEFCF0dnoGABzNAn93QUEphSDw4bmLX1OTiIiWDl3XIYSo9jCIiKiMhBDQl+iSVbQ4/K0hqgFSymoPoSgnL99AGIYVO1+XXPi6j1JE49RqoKK0Ul7LA585B0ilIQgCBpBERFS01uZGXL0+yACSiKhOCSFw9fogWpsbqz0UqkGcdk20APNrhqGmXn7LmnkTt0+3zl7X8i4cO3ZmscMuu4sDWWQdB50V6prcsYjwEVIu2UYzs+mzgU+dU3j/Kg2ADwCcgk1ERHNa3t2BK/0DONl3sWbeNCUiouLpuo7W5kYs7+6o9lCoBjF8pNhZTGdc4GYgOG2zjGnCwqnHnO461W2g0d7ZVqUzz4/tB/j8T17Bbz/6YEXO16MtvLpCKQloDB+nc9EBPn1O4ZdXaWhBACklUuk0NC3+TY+IiKh6lnd38EUpERERTcHwcYkpNti7+UkVHewVf8zpu+OyM+7MVA3dOP9y8BR2rFqGh3duKvu5OuFDw8JCYaUUw7RZXPOAvz2v8Iu9QFcyhGPbSGcyvM2IiIiIiIhoXhg+1oF8MM203rGvY1C1R3ETNRSRcrRqUNOg6wZMwypZsPSX33sBG5d3YWWZKzYtw0Rb6GDQnH/Hak3To+pHmtGAD3z2PPC+VRpWpiQDSCIiIiIiIpo3ho81zpcKYS2VxVHVCSHwlr2bcedtq9CSyaB/OIcfHX4Nz588B8tKQi+qAYuClGrGTme2H+DLz7+K333bQ6Ud/C00TUObcBcUPuqmBSUEFNd+nFU2BD53XuGJXg3rMgJhGMKq0JqeREREREREVPsYPtY4jw0Fl4RSFprds7EXv/LwXWhtbAIAbFsNPLxrCw6du4g//dL3MOIEMI2Zw6Uw9CHEzY7WmqbDMEwYxuS7k/PXh+AHARLzDKqkUgjDsKjrWWZU+QjMv8JSN01oug4Z+jASbKgyG0cAf39e4T29GrbqPsNHIiIiIiIiKhrDxxonWPW4JJRymuudt61Gc0PjlO071/Tik7/5BP7ki9/Fq2evwjSt0crG6NxSCoRhgJ1revBLD96B1V3tOHd9CK/0XcI/HziG4YIDw7CgaToABT/wEIjiQsSJPN+HMY9KxLbQndfxJ9JNCzIMYSQWfIglI1DAkxcUPrJOYF0iYABJtYUrBRARERERVQ3DxxrmSwaPNH+OH0CfIcxsyWTwnz7wTnzlpy/ji88ewFDeGb8slbDw8/fuwjvv3YWWxibomoa2pmbsXr8Gv/L6e/DV51/Bd146iksDI2hrTOOJB/YgYc4/oArCEEai+DSwU/nzPscYM5WGn8/BTGdGQ1Oay/4hoDfjMXykmsK/biIiIiKi6mH4WMN8TrleOkpY+Xh1KDvnPu+8dy/edudOnOsfwMWBIUgpsXtdL9KpJDLJqVOUDd3Au++7A+943W64vo8gDJFKJGGZ87+L8cMAqXmEj80qnHunGRiJFHTDhnAdmOmGBR9nKdk/DNzZJln9SDWFPZKIiIiIiKqH4WMNY6OZpSOTKc2ahGHoY+Oy9qL2TVgWNq5cho0rlxV9fEM30JCaf/OXMUopBGEIcx6hZQaLS+GNVBqhU2D4OA/7h4CVaQ+mabLzNdUEVj4SEREREVUPn4/XKE65XlpWr+td1PWVUggCF3dtWIm9G1aXaFSl53geEqY147Tw6TRri/tbMJNp6KaFwM4v6jhLyf5h4JIj4boOFN8EoRrAjJyIiIiIqHoYPtaoQFZ7BFRJt+/dASkXXuFnQOBdr9uF33nrg2hrbi7hyErL9T2kknNPuRZSwA8COJ4HK3Dm3H8uicYWAIBfmHtKOkX2DwEiDOE6i7/9icpNY8cZIiIiIqKq4bTrGhVWofLR0jVYOpDQa/tFnFJR5agnAVlDVVubtq7HqRPn5n09IUJ87F0P4/Z1qxY1JbrchBDwwxCtTVE4GgWMIUIhIKTAjXQzhswkBhMNGNaTGDaSGIaFYaFjkTOvAQBWphGha8PPj4yHkTSz/cPAhgZge3MIIQQMw6j2kIhmVOMPW0RERERENY3hYw3ypUKlIzNL19Bg1serN00DkoaGpAE4IeDVyBT2B3/2Ppw8dga6Pr+QZ/f6FdixemWsg0cAyDlO1GimtQVBJo2v5ZMY1BMYViaGhY7hYHRHhShsLEPDJTOVgfA9+IUczGQK+gK6dS8lX7gE/KKuYbvhIZ3JVHs4RDOqj0cvIiIiIqLaxGnXNSis8JRrQ6uf4PFWSaN2fq43vfX1aG1vBuYZPa/pbJtX9+hqEJYF83V3IvnmR+Dt3AZndS+uJBrxipPAWXdC8FgBRiKJRKYRwnO5DmQRnh9UCMOo+pEorl/yGH4AACAASURBVFj5SERERERUPQwfa1Cl13usoXxu3nQN82puUm0f+I0nEITzT+ISVrwr+MTG9TBaW8e/dwKBS9VcSlDTYDU0QTct+PkRCN+r4mDi7UwBeHkECIMKJsRE81A79/BERERERPWJ4WONCaRCpSdd13vFSC39ePc/dA/e8Z5HEYQ+iq2AlDLe3YlETzdEe9ukbZcLIbJhlQY0gZFIItHYDBkG8PNZqJjfltXy/CBQ8PzY/67R0lRLbzAREREREdUjho81ptJTrgFA1MaSiAtWS01nAOCXP/QevOmtD8H3PSg1+y+EUgor2poqNLL5U6YJf8PayduUwmUnTv8nGqxMI8xkCoGdQ+jGuLtzlX6Xr3nA84MagsCvyvmJZsPokYiIiIiouhg+1pigCtlCIBW8Ok0ggyo07ymFD//uB/G//f5vwTA1BIELIaaWCUopYBgS63raqzDC4vjbNgP65LshKSXOFOL3v6JbCSQaW6BpGoJCFsJzqz2kqTQNwvcQOoWKn3r/sELeDaBqLMyn+sfCRyIiIiKi6mL4WEOEql6VniMUghrpCl0sVygUwtr9me5/6B781ZP/H375Q+9BS1sjPM9GELgIAhee78C0dPy7/+f3sH7rpmoPdVr+lo2QzVOrMkUY4oxdhQEVyUimYDU0QymFoJCLXQhpJJJQSsEZvAZZwUrE4QA4lFUQYQzmyxNNwCc6RERERETVpSmWqdQMTyg4Va5A1DVtygu5a67EyowOS9dqpjmNGv1H4ebKiVIpBBLwazRkPXWyD4cOHEEhb2Pnnm24fe+O6AIpkTpwCJoTn+nC/sYNED1d017WN1jA/zhVO52TZeDDt/NItcSrwtTLDkH4HgwrgWRzW0XKv9ZmgA+t1dHQ2Fj2cxEVK2VoSNXKgxPRDK5du4aenp5qD4OIiKgm8HEzfsxqD4CKF4eZz1IpTFxlMGVo2NBkVG08C6WN/jPx5aihabB0IKk05CrdUrwEbtu0DrdtWjf1Al2Hu3cXEsdfgzEwWPmB3cLfshGis2PGy8/ka++2jyMr0wQZBhCBD3vgGqx0A6yG8q7/edYGTuUVdqQFDKP27heoPjF3JCIiIiKqLs5GqiFxCB8n0jUNiTpshW1oQINZZ38amgZ/6yaEvSuqNgSVSsG7fceswaMQIc7FcL3Huei6ARkG1R7GJLppwsrcDBsDp4DQK3/166sjCr7vlf08RMUyuOgjEREREVFV1VnCUr+kAkTMZsibGlCH2SMAwNKjcLXeBGtXw9+6CSphVfS84bIeuHtvh2yafTpuGIQ4G5/Z4UXRrQQSTS2QIoRv5yq6zuJczFQaRiI1/r2fGyn7OQ9lget2CClZwUrVp6F+H6eIiIiIiGoFw8caEcYseATq/wVdvf5xiI52uHfuQbiy/FWQKpGAv30LgtvWFfULc80Oka/RfiVmMo1EpikKIGNUBWmlM5O+D+x8Wc8XKuDVESAM4nMb0NLFqkciIiIiouqr13yl7sRtyjUQVWPWs7qu29J1BOtWw71zN8IVy0rejEQ2ZOBvvg3u3Xsh2lqLvt5Zu3Z/qdRopV+ioRl+bhiIyRsGupWAmUqPfx+Fj+Ud26EcEMQogKWli+s9EhERERFVHxvO1IgwhklYIKMAsh4rIAOpIGMSHpWTSqUQrF+LYM0qmNcHYFzrh55bWGWcsiyIrk6Iro45p1fP5IJnAKix0kelEHoudMOApiegmxbMdAPckUGkWmde37KSzFQDQs8dD0T9fBaJxpYp+4WuDTOVmbJ9vq57wCtDEncnAlhWZaf4E01Uj49PRERERES1huFjDYjjeo8AoKDgCCBjaKUunKsqTyg4cSw1LSfDQLisG+GybkBIGNkstHwBum1Dc73oY3QarTIMqGQCKpmESqcgGzKQTU1QmfQcJ5nbsF9bt7sSAr6dgzc8gOZVG8a3m6kMlJRwhwdiEUDqpgkrlUHgFAAAoevASjdCm9CROijkoJlzPyQUG1AeygJ72xk+UnUZTB+JiIiIiKqO4WMNqHYOFi3Yr2G6l3BKAWfyAiszOixdi/0UNzX6j5r4/ehnpRQCCfj1Pp98LoYeTZWex3TpUlmeMXA6Jyp+3oWQgY/+Qy+ga8fdSE4IHsdYmaj60x0ZRKqlvdLDm8JMR9WPSka3r58fQXJ0XML3EDgFpNu7Zz2GnxtGoqm434uTeeBcPsSmlISuc4UPqo64PyYRERERES0FDB9rQDWbzSQNDSl99srGRsuY+cKY0QC4UsGtdqJL03rnmhSGPIkjw/Geei18F6HroPv2e6EbM9+NWplGwM7Dyw4h0dQKrYolwpquw0xnEBRyAAAR+JCBD91KQAY+jEQS2iwhoZcbgplqmNc5j+aAdS0+ksnU3DsTldhMb5oREREREVFlMXysAaJK6z2amoZ0HZaNpEZ/JgaQ8fShTRn83WkHBwbi2bAkdG0oKZFsbitqfyvTCOG7CPIjMJJpGIlkmUc4y1hSGQjPgQyjcNfPjyDV1gVoGoxZAkI/PwJN02FYiXmd73AWeL0bMHykqqjDhy+imqNiuGwQERHNTzULKKh+cC5czClUr/IxZdbvnYzJdcBi7Vc2pLG3I35rBQZ2DppujE+pLpaRSMFqaI5CSHthDX1KQtMmVS9KISA8F2YqPWOw6BeyEIGPREPzvE83HACHcwpBEM8gmeobw0eiylJKMWwkIqpzvK+nhWLlY8xVq+oRqO8XbvX8s9WLd61NoS8vMOTFo9W7nxuB1dAITV/YMgOariPR2ALhufDzIzCs5KzVhuViptIQngMR+AAALz+MTMeyafcN7DxCx0aypQ0L7Sp1JAvc2e6z8QxVHO/niSpHKQVN08ZflN76wpQvVImIas9YxePYffjY92P396yIpPlg+Bhz1VzvUakF5w2xx+fA8Zc2NLxvXQqfOG5XdRxKSgjfRaKppSTHM5IpGMkU/NwwpAjnXUVZCmY6Mx4+QgGhU4CZnryeY+jaCOw8Eo3NMKyFTxU/mQfO5wU2svEMVZhRrw9gRDEz9qJUSonjV/L49DMX8GLfCLwgHm8eEhHR4iUtHXeva8GHHlyFLcsbGUDSvPGVYMyFVXzeFtRx1+dqhrpUvNuaTdzVWdqKucSFPiQu9MHqv1LU/kpKmKlMSccAAImmVsjQR+AUSn7suRiJ1KSqS7+QG++CDUQNdfx8FlZDU0l+9sNZIPD9RR+HqFgaAK6uQVR+Y8GjUgrHL+fx4c8exo9PDjF4JCKqM14g8eOTQ/jwZw/j+OX8pPt/omKw8jHmqvnUzREKyTqdt+aKufeheNjRZmHfjYWtGah7LpKnjiL52jGkTh2dcrlMpuCvWg9v41Z4t22DnGYatG6W727SyjTByw5BN615N3NZ9LlTGQjPHf8+dAqwRtd1FL6HZFNryaaFH8kBP+sHSKbYeIYqQ+e78ERlN1bxIqWEUgp//fR5ho5ERHXOCyT++unz+LMntgIAdF1nBSQVheFjzMkqv5Mw7EukDA2WrtX8+llCRdWc7HJdW3a2mdjQZOB0rvjE2BgZQuNPf4D04Zdn3U/3XKROHUXq1FHI5Ldg33E/7DvumzaELAfdtGBlGhEUctBb2iv6oK1bCZipDEI3mtYeODaMRAq6lUCisTRTzMcMB8ChEYXXpQOu/UgVYXJeB1FFjK3vKITA/rPZag+HiIgqYP/ZLIQQMAyDlY9UNIaPMRaXWc+uYGBH1fVrmzL4s8OFOZvP6J6Lph9+a87QcabrNj73FDIvPYvcG94KZ/vehQ53XsxUBqHnQLgOzHTpp3fPeu50dO6xRVAD10ayTBWYR3LAnR0MH6kyTL77TlR2E6sehRDwqrlWEBERVYwXSgghxqseua47FYO/JTHGvI8okjY0/NrGNFKzlN+mj7yMzr/6+IKCx4l0z0XLd76M9i98quh1IedDBj7c4RuQIhzfZlhJiMAr+bnmohsmrAmBp/DcSVOxS+lkHjiXDyAlX5xS+bHykai8Jla6KKV4305EtMSMvfk0hhWQNBc+PY+xak+5JoqTlRkDv7YxPWW77rlo/8Kn0PKdL0MvYXCWuNCHjs/9ORqf+0HJjhu6DtyRQeimBd24WXhuJJIQvgclKr8YqZlqgKYb498Hbvka4BzNahBhOPeORItgahpY90hUfhObDTB8JCJaWiaGjwweqRgMH2OMT+OIJltheni48+b3jc/9AJ1/9XEkLvSV7ZyNzz2FjhJUQYaODT8/AiORnLKmYhRGGhBh5TtCa7o+qfpRBgHCMnXgPpwDPJZ0U5mx6pGossbWfSQioqWD9/00X3yKHmNxWfORKA58z4MUAvc3uOjd9wN0/48/QuNzT5W02nEmRv8V9HzxU9hy7LkFXT90bfh2FlamEcnmtmn30RNJyKDy4SMAmOkG6ObNtRgD14aSpa/CHA6Ao1m+rULlxfUeiSqHVS9EREsT7/9pvthwJsZYIER0UxAEOPPyUfzwM19GaLsVf+ckdFwMf+tb2HauD8df/66iO2KHngMASLf3zNrN2ko3wMsOQXgujAp1257ITGXg50cAAEoIhI4Nq6Gp5OcZDkp+SKJxuqax8pGIiIiIKGb4FD3GuOYjUUQKgevnLuG7//NJeHb5Kx1nM3j4KHq/9CkYI0NF7W8m0zBTmVmDRwDQdAOp1k4EbgGha5diqPNiptIwJnS6DpwClCj9+oytCT7sUPnM0pOKiIiIiIiqhK8CY4q5I9FNSins+6enqj2Mcf6VK+j+uz8vOoAslgwDpFo6IDwXgZ0v6bGLYaYbJn0v/NJ34G5JGnPvRLRADB+JiIiIiOKH4WNMVb7nLVF8CSFw+WT5msoshHJd9H7zyZKtOekXsgjsPJQUSDS1Qvju+JTtSjESyUlrP5YjfOxI8mGHysfUmT4SEREREcUNXwXGFKdcE93Uf+5y1adbT8e7cgXbjj2LxeQdMgxg37gKTdOQaGyGphtRB+pME4JCHkpU9q0IM5ke/1oEfkkbz6xt1NGZ4sMOlYehaTCZPRIRERERxQ5fBcYUm80Q3eTmKz8FuVi5557Dry4PsKVl/v27QtdG4BSQau2AlWmCpt+ckmwkkjCTqYpPvzaSKWDC+pQlq34UIR7o5EMOlQ+nXBMRERERxRNfCcaUZPhIBCBa7/Fa38VqD2NGnu3CO3IEv7E5g8dXF9mlWil42UFohoFkU+ukqc4TmakMhO9CBn4JRzw7TdcnT70uwbRy7+I5XPn0f0fu8IFFH4toJuxyTUREREQUT3yqHlOsfCSKBL6P3MBwtYcxq4vHTgMAHlqWwEe3Nsy6rwx8iMBHsrkdhpWcdV/NMGAkUgj9yk45nxg+ygVOu/avXUZu/7Pof/KvcfkT/wneudM4dOB4qYZINImGaNo1ERFRXNy5rhVv2NqJTILN9oiI5j9PkCpCB6DzhRQtcVJKCN+LXbOZW+UHhmCO/r1uaTbxkc0N+IsThWn31a3EvI5tpjNwhweQyDRNmg5dTrox4aGhyPVn/SsX4Z3vg3uhD96FPgTXr908nm7ANBO4cPYSNCFgmHzoodLjtGsiIirW7z+2EW/f04Njl/P46GcPwfZLu8b2o7u68e/fugHphIGvvXQVf/rNUyU9PhFRreErwBhSAKBFlRwaorxh8tfaNNuI6k8+72Dg1FncOH+l2kOZ1cCFK2i0bv4V3tVp4uyIhu9eXXwJ81gVoggDGPMMLhdKM26+Q2+mMtPu41+5CPfsKXgXzkZh48D1KfvougHDsKDrUZH92TMX0WBpMNkVhIiIiKpMA9DVlMC2lU3Y31faWTa2L1DwBJQChu2gpMcmIqpFDB/jSAHhrIs+znzZpGCSASbVMMdxIITA95/8ZrWHMif3lk7cQghsmD6zqwnCdca/Hut+7V+5CPfMyaiy8XwfwuHBSdfRNA2apkPXdWiaMR443iqbzaO9vbV8gyciIiIqkW0rGrG2M4OzN2wcvTy1CeC2FY3obU/jlfNZ9GdvNun70fEB/Oj4QCWHSkQUawwfY2gxtVIK6uYsyVkPxACT4svzPARBgP3few79Ma96HOMWHKQaoqBO13V8/UrtLtwaeg6C/isILp1Hvr8f7oU+iOzUigBdN6AbBgzdQLF//dlsgeEjERERxdqO3ib82zevx/aVTdAQvXI6cimH//LdMzh8MYd1XRl87K0bsGdNCzQAfijRn/PR1ZTA5569iNdv7cBt3Q2wfYG/f+4SPvX0+fGp3q9eyKK9wUJve/S88cXTw/jYPx4r+dRvIqI4YfgYQ9WOLBhgUjVJKeG6Lg79+GU8VQNVj2PGgkcAGPCBC84sO8dY/thBXPn8pyALeZhmAroeTcG+WdV48/NCZLNTqwaIiIiI4uTDD6/B9pVNGLEDvHI+i92rm7FjZRN+8w1r8FufO4z339+L3atb4PgCr5zP4rbuDHrbUnADibwbou+6g5VtKWQSBvasaR4/rgbg9lXNEFLBDyWSpo6dq5rw6O3d+NK+2njDnYhoIdjtOoaqHT6WgoKCVApCKYRSIZAKvlTwhIIrFByhYIcKhVAiH0jkAolsIDHiSwz70eesr5ANFHKBQj5UKITRdZzRY3giOmYggVBFHcKlqo/bbykLwxD9F67iB/9QO8GjvKUpSyGs3d/Cwae+CVnIQ9N0WFYSppVEIpFGIpGCaSZgGOaCg0cAECHf1SciIqL4emBTOzYta4CUCt862I9//4Vj+NbBfgipcFt3A955xzLsWtUMXQMOnBvB7z15BN94pR+BiF7/jNgh/q8vHcfVYW/a41/Levg3/3AUf/DVk8g6ISxDR0djZdb1JiKqFlY+xlCRzWXrmkIUYGIRFZhRJaU2XlU5bROf8W2swIwLpRS+8l//bso6inGWTCcnfb+20Zhhz4XRdB2QsqTHnI5/9RKCi+dhWSmYpgXTLP0TYcMo7W1DREREVEpNKRNJS4dUgBtEz78GCwFCqZC0dCxvTSFlRW/EDuTn30zG9gSePz2EO9e1wgsl0gk+NyKi+sfwMZaYPpaCQhRkTdow695TMcCsvPPHzmDkxlC1hzEvPWtWTNm2pkHHuUJpAkPNMCClQLmfmuZffn58mvXYZyIiIiK6ydD5DJ+IaL4YPsYQo8f4KEeAOTGUZIA5Da32fuJl63qnbHukR8d//sRXYHV0werogtnZDbN5/o1WZOADSkE3yn93XTh6EMDY+o7lCR8bm2q4DTgRERHVvZwbwgui9RjHKhzbGyyYugYvkBhxAoQieoO5o9ECADCPJCKaHcPHGOK06/pSzgBz7GugfgJMVYN/ABt2bJyyzT95BCPPfG/SNquzG1bXMlhdPbA6uucMJYNCDkpKpFo7yzLuiQqHDyAcvAGgfFOjW1qasH79qrIcm4iIiGi+Ohot/NkTW8e/D4TCP/z0Es4NONi9uhlv3tmF7uYk9q5phqFrOHPdxmd/chG7VzdjeWsKd61rxT/+1h3obk7AMjQEC1zamuElEdU7ho8xVHvRC5VbJQLMSUFmFQPMletXQSoFvQoVkFJKCCmgABi6DqOI6j8hBTbv2T5l+4njfTDNBJSSUEpBKYngRj+CG/3Ascn7Go1NsDp7bgaTXcuAMIBz7TKSK3qR2LKrRD/hzOwjr4x/Xa6qx917ts69ExEREVGZXR3x4I12m85MWHNxxAkxkPfxlz88h3/36Aas68rgke2dUADOXLfxlz88BwD44otX0NuexuqONNZ0ppF3Q0gFhELBC4tbdsf2QnihhGloWN2RLsePSUQUGwwfY4jhI5VD1QPMCZfNpqG5EYl0AqE7/wW8F0oqBT/wEcoQnW0tSCVM9A+NIPBDJK0EtFkG3rWiC6mGqU8Yz5+7DGPaqdJqNIxUkFJCKQlZyMPN5+CePTVpzyDw0P7I29FY5vBR5LLjU6513VhUN+vZbN22vizHJSIiIpqPTz19Hp96+vys+zzxiZdx57pWdDcl0J/zsb9vePyy504N4bk/fwn3b2yHF0rcsbYF77+/F14oMeKEAID3fuLlScf7j19/Df/x66+Nf3/0ch4f+dtDWN6SxMEL2RL+dERE8cPwMY6YPlJMVSrA7F69ApdPnitqTFJKKKiiqhRnur7tu7h3zxa84Z5daEynYZomXN/Dt5/ehxcOnkQmOfO70ctX9ky7/eqV6zNcQ4t+fm1qheFYhaRSMrr1NMC/WNztsBiFQy9DBT6A8jaa2bKF4SMRERHVjomB40SP7enByrYU9vWNQCmFu9e3wjI0DOT9Ga8znf6sh/6sV6rhEhHFFsPHGGL2SPWsmABz5ZbbZg0fAxEiFCGEvLmwjqbpSJoJmPNYrzAQIaBJ/KtfeBO2b1gzKcBMWhbe/aYH0N7ahO/9+BUkrcS0x2jvap+yLQxDDA/nix7HzZ9Bg6YZwGhfa13TEVwof/hoHxtrNKOVLXxcsaIbW7YyfCQiIqLa98j2LtyzoRUffODmWtY5N8TXXr5axVEREcUXw8cYYvhIS13PLE1J/DBAMmli76b12NC7DKtXdKEhncahU2fxrR/ug+N4c06VBqLgsakxhV94889g67rV0+5jmSbe+Lo9uHxtEMdOXZo22AxvOY8QArZtw3HcIn7S2QkRovHOBxZ9nNl4F8/COX0CwNiU6/Kstblj56ayHJeIiIio0j75g7M4erkDG3sa0Npg4bWrBXzv8HW8dHak2kMjIoolho8xVIPNfolKKtPUMONl63q78avveCPSqdSkpjSv27kVO29bi289/SKeO3AcKSs5bViolIIfBmhpzuDD730zetqnVi5OZOgG3vvoQ/h/P/MVFPIedH3yeoiBpiMXqNGGPAqObeMf//6bkHJxf8hChDA7u9Hx9vcs6jhzKbz60vjXul6+h4RdtzN8JCIiovpw9HIeRy/Pf5YLEdFSVZ6uArQozB5pyZvlj+ANr7sdDen0lG7YuqahKZPBux75GXzo3Y/ASuhwfBeBCCGVgpACfhjA9l2sWtGJj/7i2+YMHsdkkkm8++fuh24CQRg1wpFKwQ08rNqzFa7vIVQKrh/gRz98Ed/42g8W/KOPkVKgYefeRR9n1nM4NvKj4aOuG1OC1VJi5SMREREREdHSxMrHGGL4SEudEGLGy7J5Z9brWqaJ2zdtwNqVy/CdZ/bh0MlzyBVsWJaJno4W3H37Ztx7+zYkLWteY9q6bjV+91fejs997SlcvDYAANixcTW2pFMYcV0YugEhBL745DfmddyZSCWRWrexJMeaSf7V/RDZaFF0fR5rZc7Xtu0bsGxZZ9mOT0RERERERPHF8DGGOO2alrrlG9bMeNlPDxzHPbs2z3mMloYG/MLPPYC3P3wPHN9H0rJgmSYSljWlarJYyzo68Nu//BhOn7+CdCqJVcu6kBwcgteQhqPr+N43n0Z2AY1mpqOhPGsvTlQ4uD86l6bDKOOU651F/H8RERERERFRfWL4GEOKtY+0xGWaGxEKMe2ajf0DI7gxnEVna/OcxzF0Aw3pNBrS6dKNLZnCzo3rJm1rv3wV/akUfvLD50tyDqUUlJIw2zpKcrzpOK8dg3v2FIDyVj0CwKbtm+CIaF1MDYCmjX5G9MWt24mIiIiIiKh+MHyMIQ2cek1LWxD4aF3Rify1oSmXSaXgeF4VRjWZUmq8M7QuJDouXEL/6HTsxZIyRGrdxrKGj4VX949/bejlCx+bmhuxcdtt8MR092pTt0UhpDZtIKlNE1QywCQiIiIiIoo3NpwholiRQsB1HKx98H4IOXXtxyAM0NnWUoWRTabdMnXbcj387pvvL8mxhRRouqs0x5pOMHgd+dHwUTdMaFr5Hgq27tiIRDJR9P4KUcAslEKoFAKp4I9+eELBFQqOULBDhUKokA8l8oFELpDIBhIjfvSRDRRygUI+iPazRz+c0WN4IjpmIBUCCYQKEAqQim/+EBERERERlRIrH2OJtY+0NAkh4NgFXHWBn6zYDaPlx2gYGRrvwhyEAfZuX4d0ovgwqxykUtOuG/nI7Zvw6rkrGEhm8KHf/gC+9oVv4l++9dS8jh2KAK2vfwsad99dquFOUTj4ElQQde0uZ9UjAGzdWfn1HhWiytRJG+a8xmTTVWACt1ZdTqy01GbYTkREREREtLQxfIwhTWPTGVp6lFJw7AKGfOAzFzS4VhrGY++D9vefQCIMIKVE2NGBNzxQvlCu2HHO1rDmAx96L0Za2wEAP//et+FG/w0c2Hew6ONLIcre5XpsyrWm69DLHT7uKO/PUi6VDjCj7QwwiYiIiIio/jB8JCohDYCpazDqIDEQCghkZVJwpRTsQgFOqPC/LmlwR2dbi+Wr4PzyRyG+9xWo7l44b34Hvggbv6MuVS2UUVAzdqIebO8aDx7H/Kvf+VX81z/9n3jt2Kk5jy1EiNTGrUit31SSsU6n8Op++NcuA0BZO1wDQO/qFVi7flVZzxFn5Qgwp1vfctYAc8JlRERERERE1cDwMYb4OrE2mZqGjKlBr6P/wEAChbC8AaRSCrZdgB1IfOaChqvu5MvF8lVwPvCvAUR/G6+gEX+LZfigulrWcU0nCENY5sx3m94MXbV/7//4LXzuL5/EC8/un/ZyYDSkymTQ8fb3LHqcs8m/+hKAKNAqe9XjztqseoyTuASYY9chIppobP1jTdOQMDX4ZX7OQERE1ZcwtUn3/0TFYPhIVAIagAZrpnq42mXpGhpNDflQlu0cvudBCoGvXp0aPM7kx1oLOhHg7ao03aWL4fo+UrOsNRmaFtxUZsbL3//hX4JtOzh04Mj01w99tNz1BlgdXYse60y8i+dgH42mgBuGVfYnC9t2VH69R5qqkgHmze3ajJcRUX3RtOhF6J7eDF44W6j2cIiIqMz29GbG7/uJisXwkagELL3+gscxpg7omgZZhoVIlVIIwwD/64LC8cL8bsGvap1IQOHn1GDJx3Urx/OQnKPJzUhrO6Q+e9fo+x++d8bwsRKy2QgOWQAAIABJREFULzwDADAME4ZR3rv/js427LlrZ1nPQZVT6gATmL5xz+TLtNGlLBY1dCIqE03ToJQaraTX8b47O3Dggg1fsPqRiKheJQwN77uzA7quT6p+VGxaQXPgU/oYqtcQq57V01Tr6ZTjjkIKAbtQwD+eLqAwmMUe9zp6wvlVTHxB68KfaauQLeP7KLbrIplIzNpkxkumpqz1OJ2de7bjztftmbJdKQmlFKzu5Ysa62yc0yeQf+mn0DQNhmGV7Txj7r5/L1LpZNnPQ7VDIeoUL0Y/QqkQSAVfKnhCwRUKzuiHHUafGTwSxdPEapex8HHriib8yduX447eJBL1sPg1ERGNSxga7uhN4k/evhxbVzRNCh8BTr+mubHyMY40FFFVQnFSob4sVVPqSddSCNh2AQhDPGz3Y5tmR7/3EhgqCHxfa8Oz6WXwtLnvoo5qGfyf2jp8UF3FHSpXsjH6QQDH89DU0DBr8BhYCVzvWQFV5APuBz/6fnQv78a3v/rP49vC0EfHY+9Fw869ix73TLI//REAwDDLP90aAO6+r3w/Cy0N6fIuSUpEizRW9Ri9qWXAsixs723B73cmEQQBwjCEEILVMET0/7N35/Fx1ve96D+/Z5td+2LJm2TZlvHGEpvNkGBSCgkJJC/CaTlJTm+atkm6HHKaU3L7um3uyXLuuWlOF3JvSNM2NyctaZLSFgIkQAgYs5hgHNt4wRbGljftki1p9plnuX+MZjySZkazb/q8Xy+hmWee5SfLHvF89P39vlTD4u/xiqJAVVXY7XaoqgpZlhM/A+I/D4gyYfhYhfjPtvbEukLX53fOsFDUKdemYcDv90MYOppPn0e7MX+hx2ZVxv2YxW7fJB5VV2PA3rrkOQOQ8C3RjR4RwvusadxoeWHLMzI1TBPeQACqLKPR7c68r6xgtHs1IlpuFX53f/QuGLqB5576BQxTh9LWCc8Nt+Y13mz4jx9C4O23YtOtS9zhGgA2bdmAq7ay2QzlTxYCar2XlBPVgeTwUZlryCZJEqLRKEzThGnGfhYzgCQiqj3xQFGSJEiSBFVVoaoqFEVZFD4SLYXhI1ERWABChgV7nU0zMi0gUMTOlbGKxwCUYBANF0eghNJ3mGmzafi98Dn8HZBVAAkAZ2HHWbECe51deLA9BNfUJGR/AMJMH0RakoSox42g3QZ9bAxaKISGJaodAcCUJFxc0wtdyW8K8z33341QKIwXnn0R9r7SNmaZfX1v2aZbA8ANu1j1SIVx1Nl7KVE9WljtoqoqJEmCLMvQNA2GYQBg8EhEVMvi7/GyLCfe41n1SPlg+FiF+E+3NoUMCxETUMVcAxqxsHlCbbCAubXYgPN+A6ucMpSkHyiGBVh5rAtgzK3xqASDaD5zHmLupiQTp82O3/QP4v+2NWY1BRsAtjYreGCdA5bsgW9FrHO0HAhCCochRSIQugFTU2HabTBtNoQFEAwEAQgYDa3oungOUjCY8RqWEDjXu3HJBjOZhEMhbPvAHRjt7IG37+q8z7MU74F9CJ15B4qqleV/DOwOG65n+EgFUCTBtR6JasTCG8/4zallWYkPIiKqbfGgceFH/DWibDB8JCoi07IQtoDwgkUg3YpUMzfTArHwVJWATY2p3yL8enyqeXYsy0I4FMwpeIzrcDpwm/ccnmvoW3LfnW0qHljnWLTdcDpgOBdvNw0DIb8PpinBMGPfoKmOFVh5bjDtNaKqhvM967Mef2oWgsEATgW0kgaPlqFj9vU9ZZtuDQA33boTrW3NZbkW1SdWPRLVlngAGQ8dgcXVjgwhiYhqz8JgcWF3awaPlAuGj0QlVkvBY7ZcikDIiFV7ZiMUDMKMRNB8YSSn4BEAJCFwg34Zzy2x30fW2PHeFVpO57YsC4ZxJXgEgJDmwExTCxqnLy3af6apBZPtK3K6RirhUBjjIQPnjdzGm6vZ119CdHQEqlq+rtPve/9NZbsW1R9NEmD2SFR7ktf8Sq6ISd5GRES1Kfk9PF7Vzvd1ylWdRSL1gf+O64dWx9MH7bLIaip5JBKBEQ6h+cz5jGs8ZtKoSlgbmUn7+gPrHDkHjwBgWZgXPMZdbm2HKc9vtTu+YmVRgkcACEfCOG/YMGOWrp2v4fNi5pUXICtK2f7nYMeN12ATG81QAept3Vyi5SQ5dCQiovrE93rKFysfiUpIrdPgMU4SAkaGqVSmaSIcDMIzPAYlmF/wCACKJKNd9+Oc1jhvu10W+IOrnFjpzC/Ei0SjKbcbkgy/yw3P7AyiqobJji4EnK68rrFQNBpFMBzGeb2hKOdLZ/b1l4CAH7JS2urKZO/7tZvLdi2qPzZZgA2uieoLb1CJiIgIYPhYlfi/afUjh2UR61IkHIbN64XjcvqqxWwoioIheX5Y12yT8NsbHHkHjwBg6AbS/YvzNzRC1nVMtXUiYrPnfY2FwuEQTkc0jBil6zwdnRzDzMvPQy1Td2sA2LRlA3bedE3Zrkf1RUCw6pGIiIiIqE4xfCQqId0CyrfaXnmZVqzBTjqGriMaDKL9wkjB15qWNIwo7sTzbqeMP7jKWVBjCtM0YRgW0oWPIbsDoRUrYcjFe5s0TQORcBjndGfRzpnK7OsvQZHkslacvO/XuNYj5c8m8xdvRERERET1qs4nhdYmTjurH1HTQqQOyx8tAEHDQqavLBqNomFkLOcGM6l812iBay5o3NqsFBw8ArGqTCtD3GEIuajBIwCEQmFcDAuc10s3FTp84Sz8+1+DJJVuPcmFVFXFe24oXdduqm+yYNUjEREREVE9Y+VjFZKEADLGOlRLTnsNNKoC7Xa55teAtCwgYlqImMi41iMAmP4A7AVOtwaAk4aCY/4o1rcIbHYqeGCdo+BzWpaFSESHmaLZTClFwiEM6jboJazxmt23B3IZp1sDwFXbNqCh0VPWa1L90Gr8fZGIiIiIiDJj+FiFylevRMXiUiTIInXValON3VnrJhBKqmq0EAsdgcyVjskMXYdjcqoo42m/bjM+7TUwEYrig+vcSx+QhUgkAsMsyqmyFg6HcCms47xRnK8hleCptxF++0hZqx4BsOqR8qYIARurHomIiIiI6hrDxyokRGztK9Y+1oZaCxeXokiAWxKYjuSfzpmmCcest+Cx6N0r4PQ4sbOIRXWWZSEcCsM0yxvQhUNhDOo2zJbwut5XXyx78AgAm7dtLPs1qT7Y+Ns2IiIiIqK6V1+pSR2RytgogvLnUur3++RS8n97EP4A5Ei0oOtbsgx9zaqCzpFKNBKBaZb3+6brUYTnplyXiv/IrxA9N1iy82fSvWpFRa5LtU2VBFQuckxEREREVPdY+VilJAEYLH2sekodh8SFzISUitBkRl+7CpaS+1uUaZqwTBO6oQMALNOEaZoABHQ9ts20yl31GMKZqIYxo3RrMfpefaGs3a3j2jtbIcssX6PcCIBNZoiIiIiIlgmGj1VKFkBhdWNUFnV871zIl6b6/AVd23Q5oXd3ZdzH0HVYsGAYJkzDgGnGPs8buIV5z2XDBHQT0SJ3sc7ENE2EwmEM6s6SXcO3/1UYE+MlO38mHZ1tFbku1Ta7LAr6BQcREREREdUOho9VijPRaoNhAfU687qg2kVPYU1VZjrbEZ2ZSWSH2XyWDRNaOAzZMKCGw5AME2ooDAFADYcgzXWYubi6t6xdncLhEEYjwFldK8n5rUgY3pd/UZJzZ6OxuaFi16bapEpsMkNEREREtJwwfKxSElvO1ISgbsGj1udNdEjP/++fZc9ubUMhxKKgPex0QpIEbMFgxmMlw4AaCsMeCMLmD2R1PZ+7AWG7I6t9iyUcCuFcWIFRojJZ7769sPy+kpw7G41NDB8pe5xuTURERES0/DB8rFJ1vJRgXTEsC74o4FQWh2i1yrCAgG7BsPIPH02XC6ZNgxSOzNsuRKyZUvwjFSUUguvshbyvnYm3oSmn/YOBAAzDgKzIUFUVipL7mo0tDiceGBrADl3FKcmBAa0ZI2px2ncbs9Pwvfx8Uc6Vr+aWxopen2oLp1sTERERES0/DB+rlCTA2scaoVsWvFELkhA1vwSkBcC0rIL/3lmWhXBLMxwjYwAAWQhIUvrAsRxMSUbQmdu6iw6nE4GAH97ZGQCAJMmwOxxwOl2QpKW7gct6FF1n3wVkCdfJBq6FD+HwJZwM2nBMbsCArRmTSv5rQXpf3QMUEBIXQ2NTcYJUqn+cbk1EREREtDwxfKxSArEKsUKqz6h8LIDfqyShUBBWgwfu0XHIklQVlbwhhxOWWDowXCgWNMqYnZmGaRoI+H0Ih0JobWvPeJxkGmi9eG5eOCgA2DUN18DCdmsaocAYDlkO7Ld14B17a07jEpcmEHjztZy/nmJrbm2u9BCoBnC6NRERERHR8pX7nTiVTb1M46XlR0R1tI6OQZGrI3gEgKAj/wpDu92O1rZ22Gx2ALG1KpfScvE8tAzrVkpCwGm3Y5fDwmci5/CJmRPYGJrKekz/myuIvhW5BZalsKKro9JDoBrA6dZERERERMsXw8cqxvCRalXz+GTWTWDKJeAsrAO3LMtobGpGe8cKtLS2Zdy3ZegC7Dk0gXHa7bjZbuJ3w4O4e/Y0PEYk4/4brQBuVYP4+ic/VNEAUlFkdKzI/GdBxOnWRERERETLG8PHKsZvDtWqbCoDy0lXVERs2XXgXspSX1vj+Aics9N5ndftcOIuNYDPeE9gS3Ai7b4fQaxC0m3XKhpAdq3srMh1qbYweCQiIiIiWt6Yb1WxKstviLIWXLsGekP1NCKJaMUJHpfivjwFz9RkQedQZBl9ThUfD5zBewIji17fYXmxybpSVeq2a/jS/XfAbdcKum4+uletKPs1qbbYZQGFP8uIiIiIiJY1NpypYrHOwGxiQrXHUmT4Nm+CNjEJ29AI5FAou+NkGaFVK2G4Mq/PKIXDcx8RyP4A5EDmKd6mLGc99nzZfV40jQ4X7XzNHg/u856HbNewX7pS2XivtXhdyM4mD770H34dD/3j00W7fja6VzN8pPQUSbDJDBERERERMXysZixLpVoXaW9DpL0NztffhGxZECIeql9hyTL0Bg+iLc2INjfDUrIJCudXVcr+ALSJSaiXL0MKL14v0ZBKGz7K0ShaRi4W/bwetxvXNZgYnZjCeUcrbremsRLhlPtuX9uF7Wu7cOTc4mrJUlm1urts16Law+CRiIiIiIgAho9VTRJAoxaLIK25Ash4HaQ19x8L1pVtafdJvW3evpbFGksqmWhrM6zx+dORo+vWQu/uKsr5DZcTQdcaBHvWQOjGokpIX1gvynXSaR65CEkv/jVCre1o8nnxYT2Eb6EV91qZp3TfcfXGsoaPrHykdDjdmoiIiIiI4hg+Vrn4vVvK9R9F8h7FudLSgWXqsDNtAJp2H4ady4nR2QElKXw0WpuLFjwuZCnyovUmjRk/UKL8sWFiLKfO1rmQBbDRjCKsmbjXmoQHRsb9b+rvAbC3JGNJhWs+Uioqp1sTEREREVESho80TzzPXHTbKBY9KMaVYqEkqzrrntnYALOxAdLMLEyXE9ENfWW9vpBKs36qLeBHw+R40c8LAJaioGnmcuw6qppyrceF3HatbFOve9aths1W/iY3VN0kIeBg8EhEREREREkYPlJFCZS5qhMpqjHTVHUuDjHTP2dV59IiV22ENDMLo7Wl/Bcv0TekZehCaU4MQLPMvFreb+/pLkv4uOXqTSW/BtUehywgMXskIiIiIqIkDB9p2Ug7hZ1VnWVhKUplgscSaZgYg6xHS3JuIcSixjzVZsv2/koPgaqMQxZQ2SmNiIiIiIgWYPhIVCK1XtWZep/aCTvnEcWddq2GgiWbbg0AcpUHjwCwvn9dpYdAVUSTBGycbk1ERERERCkwfCSqA5Wo6kxfnVl9VZ2yJAEwi3Q2oHFirGjnSkUuYN7q2LS3iCNJbcOmXjQ0ukt+HaoNihBwsLU1ERERERGlwfCRiHKWuTFR6as648+zreqMygLBIoxIMg20jI3C7itdwFdI8OgPR/D6wNkijia1TVs2lPwaVBsEAIciivavnoiI8mAG4J01YGvwQOPyF0REVIUYPhJRVStGVaehCMwWMAbJNNAyNQHP7Az0SKSkU89lkd9dgz8cwUP/+DR8oUiRR7TYBk65pjlORYCzrYkobvjlw/jJ0MKtDtz7QD+6KzGglKZx9KmzeNUXfy6w8qpu3HNNeyUHVZjRQXzp7y9j40dvwee2TuPsgSG8dtSPZy8B2ze14rfv7kMrQ0kiIqogho9EVPdEAWsoSqaB7ovnYAuHYJilXfNSEiLnBtdnxqbw+BvH8Pxb75RmUCms7+8t27WoetllAZWtrYkoydQ5H753Fui3X0m6uld4YCvrKKax59vH8EX3Suz/ZKqfV1EMnvHhe7odn+pWAD2Mx54awKNHfXj0k73QyjrW4oroAM5fxF88H0DvOg03axHsOTiCN30SHn2gtr82IiKqbQwfa4BpXVmtLm3/klTbUrzA20Si7CUHjwBgmMVbNzKVbKdcHz03gn0DZ7Fv4FxZ1nhMdtv7b0JnR0tddGCn/KmSgJ0lj0SUSkMz/ubBLWit2ACi8GYzCaCjFZ97IBZOfuKF/Xj/qxPYM96LOztKO7qS69mKR/6P+BMdO7//S/z++VkMA+ip4LCIiGh5Y/hYAyQBBHQLulmaW/rFt4+pq6/S3WaKFE9yCkkXvJjtsSnXHFy0r8hpjBmvL5bej+pLx9hwIng0SxyqSUJASlP2eGZsCkfOjeDI2REcOTdclqnV6dx11y64MjYXufJaIY2J6r4Dew2ThYCTDWaIKEeRd47hq49N4zkdgCThnlv68Ge7OwFM4blvD+DVjWvxiekL+P1jOu65+0Y8uGkMj31/EN+YBCAp+Ph6DQeGNXz1C1vRY07htR+cwpfO6PAC8DR58Minr0a/ewJPPjyAr00DmB7C9V8ewsc/fAsevC7z2DzNGgAfTl4Edpw5jL95PYB9s2bs3G3N+O6nt6DHDuDiAL72wwk8GYgd19Pdjm//bj9aU27vxpG/fwsPN63FE/evBsxBPPzfh/CDhmY88+AWtM5VaH67Yy3+5b4uTO07hode8OGoGft6H/zoFnx8qwcYP4E//64Xt9zXiclnLuDhaSce+fPrsGP4yjVb3RJsSBEumlMYngbQYK9gGExERMTwsWYoAtBLdO7FN+5W4sa/CCersPIOKGWQm/qFpYPTEgW5KbfnEOQu2p7jOBPbqzzMtYVDcCU1ljFKFP4DseBRlWNT1CI2O8I2O06PTOL7P/oJ3jo7DE2zl+zaubjhxqtxzTWbst6/ZhoTLXiesqpzQWC6nLHBDBFlFAnjwP7Tc2GXgu7ta9GtXcAPHp/GwJouvPDxtcCBI/jkM4N4rLcT9/e0or8b+PNXBzHQ3YSvfMCD3q3AwE/O4Rs+Nx55cDO2+wbx8D9NYKC7ET0AvHsH8cWzEh76retxT/cUHvv2aXz6sdN48VNrcden1iL83XP4RlMnXvhoO2zOpYfsvRwBoGHTKsAz6cDOXe34/EYXtMmL+NIPLuPhV6bw13fI2PPUBJ5sascLX+iHJzCGgYtKLERMud2D3g4Jw2diVYfdZ/04YJfQPx3EyRCwS5vCkXFg184uYPI0/uYFHxqu68P+u1sx/NRBfOTxU+hffx12dDRguzKFP//hEO65rhOPrG3AdlzA934wgSMdnXjio+3AkXfx+3tC87+o0dP43o9H8O1ZDX/2qT54iv19JiIiygHDxxohC4EqTPZogZRBbuoX8jlZhVU+yAVSNJ5Jue/8bUEj97G7FnS0NvNO5DMLexrga21DVNGgq2pi+8v7DuPw4MWC1qsstg/e/d5KDyGtYjQmyv4qS1V1xh6krOBMtS3pebVXdToVARY9ElFGoQAe3RsPwjT8ds9adI9O4bshBQ/t7oNHAnB9O+594RyefGsI9/eshEeTANjx0Ke3YocEAIP49jsmdlzXhR1NGtDUgn7nBCBJAKaw71gIkTVduKdHA9CFu7YP4RsvX8aboT7sarDDJgFQFHiamtKPc3wK3/7hDKBHsO9sBD3rVmJ3B6B19OMeMwDvbARoa8TNDdPYp5sA5Nhxl7zYc3IKd23qRP8mAJhOsx3o6XVCOxzEwDTgORfCQEcD/uTSLIaHASCIA7Djt9crmHpzBs+ZTjzygS4AQPetzbjz4AT2HAxgx80abBqAjk782Yf7Yic+chjfDUl48H0b0N0EYL0DvcnhY+Q0vvGdERzpbsY//VY/+pt4y0dERJXFn0Q1QpFi1VGlCkCIqk2qIBdAXlW5+VQtzjY0oXF6CpJp5l8JvITpFd3wNaeeCDV8caQ0F83T5m0bseU92+HTY38YOS9bkOLFrKt601xsySUWkjYUuzI3c1VnprPnYn7YmT7ITD2FPe22PNfqtMkCGhvMENFSUq35eBGIAECiD40drU5gYDZ5GREpFhrOiZiATUrVotlE2MRcEBnjaVQAhDB1Cci5rbZiw/0f7k10u44cewuff9yLAUVCtwJMhoBYltiE3fd14XM/HsFfPHYCX0tMjU633QNsdOFejOHkeaBtNIRd3WvRi2n85Nw0btcDGGhwob8JgG7O//qbNLQBODvjT/rjSfqz0IEIJNjSTYzQJGhQcP/dW2LnJyIiqjCGjzVCAJBFrPkMEZWerqq4sKYPLr8XWjAA2/Tlop5/Yu06hJ2utK8PXxgGEAuFqoHDaYeePF+56pRvYOVaJzfd9lzWyk0ZpKa6l8eVqdTxeNmyYofG/2SVlMcREWVBQazTcqJvWwThCNDfkLn/cjhlo7e5kC7ptUhIB6CgtSWHMSU1nLliCnv2eDG8fjVeeGAtgNgaknsSx/ThU3/Uh09duoAnf3wBX0tMjU6z3d6E/qYxPHvhNFaOSth+dTt6MYg9o5dxbySC7lVd6AYwpUi4EqoCCOmIAOhudAHwI3dtuP9eBbYVeRxKRERUAryVqCGc6kZUXrqqYqapBT53Q9HOGWhsxlD/lozBo2maGLo4nHheDQGk0+mo9BCqhrXow4JpLf4w0nzoyR9m7COa5iOS4iMc/zCufITSfARTfAT01B/+uY/YcxNBw0TAMBExLShS7BdgRER52ejBvZKOn7wxFHt+bBKPBSTc3teZ5oBmbO8GDpwcxdHpALxvj2HPbPy1VmzrUYDzl/HatA6YU9jzVghoc2F7ciWgniq4zFJERwQ6vCdj152MRAAEcPbIhVgn7ZYu7FqvAKYJbyjddgBoR3+3hAPDl3FkVsPGdUDrShvaRqfw7Diwuy82zbp1gxPbEMCefdMAdEy9NoOfQMP2jWkWrFznwJ3QsedXI4AZwNlDfrwJAObcCvE+HwZHZjE8WaoV44mIiHLDyscaokgCyGPtOqLlrtB1E01ZLso4LnWvQqCxecn9RodHYRoF3DSVgMPF8HE5ine2ZvBIRAWx9+HBj/rw+ccHcf2xQQDAjq2r8fGt6W5FmrD7A63Y/b0pfPrhg9CcGnYmBYvdd/fi66On8cWHf4kIAM1px9cf2DDXVKUZ/askaMdGcP2Xx/DgAzfj4xuzHWgrdu9y47tPjeCWL4/A0+TBQ9s1fPXsNIYh4cjec/iLx88lppDfefMG7G6awZP/lGp77Iz9W1zoecyLJxua8dt2AOvc2OUbwWOmHV9fN/f192zCV997GF/ccwzXv4BYN/D39uHOtnR/PH343M0z+OS+07j+INDf3YTPdUfw7IUxYMdK4J0x/Jf9PuxSZvDXd7DPNRERVZ6wqqGkhrLmjcYqZ4goe5FIFF5vZOkd05AMA93vvJ338f6mZsx0rIApZ/f7noP7D+GRv/zbxHNNs0OknitbNh/9zQ/iNz75kYqOgcpLEgIuBo9EVWFsbAydnemqBGtIvJGL3Q2PPZufiRFEfIDmnsGTDw/g/+teiyfuX33lZd80vLoCT5O7uOMMeeGNyPA0zFUemjogKVdeCxmwOZugaQuOSbU9FxEfvAE9+3P4puGFEx63BkAHTGVuXpuOyGwIWkOR/1yIiGpE3fzcrCOsfKwxigQYRqVHQVRbilH5GPQ0wuGdyem4sNMFb2s7Qm5PTsfF13uMsywrbdOVcuG06+VFAAweiaj4JCc8TWmmEi8QOT+EyaZmdDdoiJwZw55pYNcNC6r43E3I7SdsluweeJKncEtK+teW2p4LzQ1PLsHlvK9fSVpQS2HwSEREVYXhY41RBBCu9CCIaoyiFD5t2tvWnnX4GHK54W9pRTDPtSKT13usFk5Ou15WXKrE4JGIKiiEgTcv4KG3BzE114Rl19bVePDG7IJLIiIiqi4MH2uMIgQErOptOEtUhQqtfASAiN2BqZVr0DxyEVLK7puAt6UNgcYmRO2FBXXDF0bmPa+G1TGcLt7wLRduVWKDMyKqMDu23Xcjnrmv0uMgIiKiYmD4WGOEiDWeiZqVDyOIaokQQKEZXrChEWGXG87ZaaihEIRlIappCLvciDiKE85ZloXhRZWPlf/37vak785N9cOtMHgkIiIiIqLiYvhYg1QJiFZXI1yiqidJAkYRusWbsgxfc+k6R44OjS6qdKyCwkeu+bgMuBUJSmX7GhERERERUR3ibUYNik29JqJcKDWSqqRe77Hy6SPXfKxvDB6JiIiIiKhUeKtRgyQBqBLjR6JcqGppCr11XS/q+RZ2ugaqZc1Hho/1yqUIBo9ERERERFQyvN2oUbxRJMqNqhbe8XqhYDAARVkeq1cwfKxPDkXwl1lERERERFRSjLBqlCoJSEXo4Eu0XEiSgFzEkMXv88FeYFfrbFW68vHzf/oZqKpa0TFQ8dllARuDRyIiIiIiKjGGjzVKAFB5z0iUE1UrTvXj7OwMHE4nRAl+ATA2Op5ia+XCx5vfuxM33vKeil2fSsMhC9hl/hAhIiIiIqLSY/hYwxRWrBDlpBjrPk5PX4bL5YYklebtc3xkcfhYycKYhpe+AAAgAElEQVTHG265rnIXp5JwKQI2Bo9ERERERFQmDB9rmCoBMqdeE2WtkHUfTdPEpalJuN0eyHLx148EgNf2vo7B02dTvFK59PHdgTMVn/ZNxeNRJa7xSEREREREZbU8OiXUMUUCDKPSoyCqDUIAQliwrNzCF13XcfnSFJqbW4reYMbn9eGN1/bj2KHjOHr4WNr9LMsqyTTvpbx18G187D+GYbPby35tKh5JCLgVAeaORERERERUbgwfa5wqCYQNViURZcMwDAAmgOwrF6ORCKanL6OpuQVKkZquRCIRaJoGAPj873yhKOcslfODQxg48S62X7u10kOhPMlCwMNFgomIiIiIqEI47brGKQJQOPWaKCt6NArLyv5tLxwOYXr6Epqamgvu9hwOhzA7M42Z6elE8AgAf/rVh7I6vpJTnw++caRi16bCqBKDRyIiIiIiqiyGj3VA5XeRKCuRiI5Yr/ilhYJBzExPo7GpBWpSWJgrn8+LifFR+LxeaJoNjU1N817v29iHb33/m1mcqXLh4+FfHZ+rGqVaokkCLoXBIxERERERVRZjqzqgyQISqx+JlmRkuURBIODH7OwMmppb5lUp5sNms6O5pQ2tbe2wOxyp97Hb8D+++bWCrlNKo8MT8M54Kz0MyoFdFnAyeCQiIiIioirA8LEOCAAav5NES7KyqHr0+33web1FCR4BQFXVrJrUtHe24/e/8Nm0r1e64/To8HhFr0/Zc8gCdpnBIxERERERVQdGVnVCZQtToixk/nfi83nh9/nQ3FKc4DFX111/LXbetKPs183G8PBYpYdASxCITbO2MXgkIiIiIqIqwvCxTsgitr4XEaWnqum7XHtnZxHw+9HS2gpVLX/wGPf+D+xO80plKx/HRyYren3KTBYCLlXwF1FERERERFR1GD7WEYaPRJnZbKk7Vs9MX0YwGEBrWzsUpbCu1oVa378eO258z6LtFZ51Dacr9XqVVHnxxjJc4pGIiIiIiKoRw8c6okicfk2UiWXO79hsmiampy/DAtDe0QFZTl8ZWU59G9el2FrZ9NHtdlX0+pRavLEM3/qJiIiIiKhaLd0FgWqKKgFRs9KjIKpOpnUlfDRNE7Mz01AUBW5PQwVHtVj/5o2VHsIiTrez0kOgJJIQcMj8hRMREREREVU/Vj7WGU0SkAVvRolSCYWiicd+vw92u6PqgkcAWNO7Bs2tzfO2VbrbtYvTrquGOjfNmsEjERERERHVAoaPdUjjd5VoET0ahWFcCfCcThfsjuoN1Kqp+nHnTddg27WbKz0MAmCTY8EjG1oTEREREVGtYExVhzRJQGL1I9E8kWgUyStNVMv6juls3n7VvOeVrHy852N3VezaFCMAOBUBB1NHIiIiIiKqMQwf65AQgI3fWaJ5dL3SI8jNxqsWVj5WJnxc0dWO9f29Fbk2xchCwKVK0DjNmoiIiIiIahAjqjplkwWUGq9+nI34Kj0Eooppa2/Fiu7OxPNKVT5OTU1jZnqmItemWCW7WxVQavvtnIiIiIiIljF2u65jmlx71V5D3hG8eOqvoOrHE9sU14fw6xv+Exo0dwVHRlR+m7ZswujwWOK5ZVkQefxSwbJMGGas07ckJAghZX2eaCSK1/a+gbs/cmfO16XCOGQBG6dZExERERFRjWPlYx3TpNrqhjrkHcFLJ/7zvOARAHT/0/jJkYcqNCqiyundsHC6c37Vj0JIUGQViqxCCAmmaSAcCSIaDcMwdJimmfHcb7x6MK/rUn4kIeBSJAaPRERERERUFxg+1jlbDYWPL737t5DhT/maap7FM6f+rcwjIqqsdet75j0vxtRrIQRkWYFNc0BRNQBANBpCOByErkdgzlVIJnvnxCDODV4o+Nq0NJsk4FYEVP50JiIiIiKiOsHbmzqnSLUTQMrRNzO+Pjn7eplGQlQdulZ2oW/DusTzYq/7KDAXRNqcsNmckCQ5ZfgIALPT3qJem+ZT5qodHYpAjbxlExERERERZYXh4zJgkwUEqvtudsg7svRO5kTpB0JUgOd++mrRz7n9um1XnpS46YwkyVAULeVrlWl3U/8EALscayrDakciIiIiIqpHvNVZBiQB2ORKjyKzlZ4uGHBm3EdSejK+TlSPNm/fnHhcqY7XACCzHK/oVEnArUqwc21HIiIiIiKqYwwflwmbLCDn0SW3nDTn7Rlf72q6qUwjoXqkKErJr+Gd9ePR7z1V1HP2ru/Bpi39AGJdqyvF6XZV7Nr1RhICTkXApQgwdyQiIiIionpX+rtxqgoCserHgF7pkaR389qP4pUTT6d8LSracXvvXWUeEdUTVZXx3NOv4ujR04tek2UJbrcTbo8Tbrdr7rMDzS2NWLm6M+trnBq4AF2PFnPYAICrtm7CyeMDRap8tGAYBmQ5t7d/lztzZTJlxyYJ2GSu60hERERERMsHw8dlRJMEDBkIG9W5ettKTxcMdWfKxjMed+aqSKKlKIqEtw4NYPDMcE7HudxOrFu/Cv1X9WLnDdugaqnfNo8dOYWZaT8MQ8eeX7yB3b92QzGGDQDYsGk9AMCCBcuyIAqqYo41mYlGw1AUFUJkVwDvcjF8LIQiYqEj13UkIiIiIqLlhuHjMmOXBQwT0Cu4dlwmO9d+AgffnR8+GnDi9r77KjQiqheRSBjhMOBwNKTdJ97p2bJMmKYB0zTh9wVw9PA7OHr4Hex94U3svHErrt2xGa1tTfOO3fP8G5AkGZIk48AvjxUcPvp9fhw9fAzHDh3H20dPXHnBsoAiLKGgqjZE9QgkIS1ZBdm/eT0rH/MUqzoXXNeRiIiIiIiWLYaPy4wAYFcE/FGrKrvXbmzZgIO224DwS4ltLc0PoEFzV3BUVOssy8LwhXFcvuTLuJ8kxTszyZBlNbHdNA0YRhST45fxsydfxs+efBn9V/WiZ91KAMCJ42dw8fw4bLZYQDc5PotXXvoVbr3tPVmPMRgM4/Sp8zh96jzeefsdDBw7nPprgVW03vWqokHXI9D1CBRFBdKc+cP33VmkKy4vqhQLHZk7EhERERHRcsbwcRlSRKwCMlil069vXfdJvHIiFj5GRTs+sGF+1eM7l07h4MUnENXHIQkXNnfdi2tXXFuJoVKN8Pt8eP7ZX+V9fLyiUVXtMAwdhhHBwIlBDJwYTLyuaY7E/rKi4Yl/+QU2b+1bVCGZLOAP4sTxMzj59hmcOH4GAX8QABAOXMp7rLlSFA26HkU0GoGq2ha9vvGqddhx49VlG089UCUBTYp9JiIiIiIiWu4YPi5TNlnAsICIWX0B5EpPF+ye30DI+2P0rfjdea+9OPgsxie+CQCI16UNnN+PgfHd+M3tf1LmkVItsCwLhw4M4OCBd4tyPllWIMsKLMtMNIC5UjEZI4SAotrww3/8Kf7wjz++6By/2n98UeAoSTJUxQYhBGaDMxm/nmJTFBWGkbpRzjsnzhT9evUqtq4jQ0ciIiIiIqJkDB+XMbssoFuAWYXrP97edx8ef+sUxt+YBFbHth0aPZQIHhcJ7cEzp9YtqpIk0nUdP3tycROjQgkhZVx6UVE0nD0zjOd++iruvPsWAMDhX53ASy/sx/mzIwBiQaaq2iHLSqLxi392rOhjzUbyNPOFwqEwbPbFVZEUowgBTY419SIiIiIiIqL5GD4uY5IAHDLg1ys9ksV+8fjP8cqTowCexnt3vxctrS14e+QJyBmOmZx+EgDDR5pvbHQKly9nXuuxVFTVjp//9DW8e+o8pi/NYmpyOjF9W5bVRV2rLdOA3zexxFnL/8uCYCDI8DEFea7SkaEjERERERFRelKlB0CVFW+IUG02b92ceLz/9f2xB9HjGY9RraVCG1qOhi5U7u+FJMlQNQdOv3Mely95YbO5YLO5oCjaouARAHyzY7DmOm6XgmHk95uGSKQKf0NRQbIQcMgCHlUweCQiIiIiIloCKx8J9rn1H6MVXP9xyDuCczNn4FTdaHd2oH9zPxoaGzA7M4s39r2Bbe+7GjICFRsf1a4L58cren1ZVmC3uxPTqtMxjAgCS1Y9FkaSJJimsWiNyqWEw+ESjai2SELAJgGaLIrWcZyIiIiIiKjeMXwkAIBTEfBHAb3M6z/ORnz42clvA6E9iW0nATgafhM33HwDnn/meVw4dwFnRpduFmKoO0s4UqpV1RASLRU8AsDspQvZnq2gcUSjIaiahFzis1Aokvc16wFDRyIiIiIiovxx2jUBiMUZTkVAytRBowSeOv6NecFjXHD2R9A3jySeDw4PZDyPASd2rv1E0cdHtc2yLFzMctp1vlOSiyHgm0QkXJ51KWVZgaGn7mydjh7Nbf96IYvYshQeRcDG4JGIiIiIiCgvDB8pQRKASynfDfah0UOQo+m7EMv6z9HZ3wUA8IbTdwCOSj3Yuf5/YGPLhqKPkWpbJBzG6PDlrPYt5VqLS13XNzua9f6F/n5AlmMF72YOX6+iLK8ieVUScCqxNR3tsij4z5yIiIiIiGg5W153lLQkWQAuRYJPN0t+rXOXjyy5z5rdFsYGgGAwCDQtfl12fggf3Pif0KC5SzBCqnWDZ4az7nRtVaCLNJBPk5nCkzBF0XIMH3NbI7IWSUJAlWKdq6uwBxcREREREVHNYvhIiyhSrALSr1euAU2c23YSQBNMc34YGpU344bez7DakTI6evh01vsu/DtWLsHApYpcN5emM3IdVz4qkoAmxaodmTkSEREREREVX/3eUVJBYtMOgUAJA8gGeydC3sz7yAhgxa5+NLVNAwCioh1bV38e1664tmTjovoQjUbw9rHzWe+vKGoJR5NaJOyr2HTvXNRb5aOAgCbH3ucUJo5EREREREQlxTUfKS1NEnCUcP7hjpW3ICr1LLnfyi1BhEJOTI3fgU/u/D6DR8rK7IwPI8PZVxVKkgLLKm/1o2Hk3kVaVGABwnpZ81ERsfe0BjX2mcEjERERERFR6TF8pIxscukCyAbNjRvW/RdERXvm/RznceR/Xcb0/kBJxkH16Z2TF3LaXwgByyrvUgNmjl2nYyoRPtZu5aOAgCYJuBUJbnWuazVDRyIiIiIiorJh+EhLsskCbrU0f1U2tmzAvVd/Cx3t/zltCBmbet2JS1OVWRuPatPQxclKD2FJkXB2zXCSVaTyUa2tysd44OhUBBq02GeFP+2IiIiIiIgqorbuKKliFAE0qBK8UavoXYEbNDdu770L6L0L71w6hbeGn0codAyqeTaxT8taAyf2zcI0TEgyUwRa2plTwzntb1kWTNPIqRFLISzTyCt8rIRaqHwUiHWrVtg8hoiIiIiIqKowfKSsSQJo0AQCOhA1SzM9dWPLhkQH6yHvCAYm38LZ0Tdgd16GZVm4dOkS2trbSnJtqh/RaASdXc04c3o062MsywTKOO06FJrJ+ZhKVD0C1dvtmoEjERERERFR9avOO0qqWgKASxEIGkDYKG1Qs9LThZWeLhyc7MAj//AIACASzr1BBy0vlmXh/OAwDv3qdE7HmYZeohGlFvDmMy28MvFaNVU+MnAkIiIiIiKqLQwfKS8OOXbTHypxAAnM77SrqmrJr0e1LRgI4F9//ApCwdyDasM0yvammF+n6xIMZAmSJEGWKxs+MnAkIiIiIiKqXQwfKW92WUASQEAvbQAZ8F/pcq1o/CtLme17+QgGc5huXSkudzt8s7mOs/yxm82ulf2akhBQBCALQBYCslSpmk8iIiIiIiIqFJMcKogmCUiqQNiwSrYOZCBwJXxk5SMt5eCBdws4unxrPtqdzTmHj5VY89Fmt5X8GnI8bJTmwkYmjURERERERHWD4SMVTBGAogiEjdg07GLHN8nho6aVvwqLaouQ8u+GbppGEUeSmazk83e5/Kmc3Vb8f3OKEFCkK6FjhfroEBERERERURkwfKSisckCihSrgowUsQpyYnwi8Tg5fHxx8FlcCpxBODKOrqabcHvvnUW7JtWuq69dj9Onhis9jJKoREhncxRW+SjNVTLGKhtjYSMREREREREtHwwfqahkATgVAcUEQgZgWoWHkOcGzwEAWlpbAACzER9+cuQhqObZ2DUBjE/sxz9N/jNu6PszbGzZUPA1qXat7e0q6HjTNCBJ1dPdeb4KVD467FntJ3BlyrSUNH2aWSMREREREdHylv/8RKIMNEnArQjYpMKiB8MwMHRhCADQt6FvUfCYTLUm8MaZv8ZsxFfQNam29V+1ptJDyIoeDVZ6CFmxp2g4IwsBTRJwyAIuRUKDKqFRk+BWBRxz/+4VBo9EREREREQEho9UQpIAHIqASxGQk+aLDnlHMOQdyeoc5wbPwZqrnly3YR1+duKRlMFjnGqexbGxw4UNnGpeV3dLpYewJEOP5HxMJRrOOOw22GUBpyLgUSU0aRI8auy5TRZQpdi/dSIiIiIiIqJUOO2aSk6VYgHFzwdfwcDw30O1Yms4RkU7VrY9gNt770p7bHzKNQDMrBgBwi8teb1x32kAtxQ8bqpdq9a0Y2T4Ul7HmoZelmnX4dBsya9RDG6nHXa2nyYiIiIiIqI8sfKRyuLpU8/gzND/lQgegdg06fGJb+KZU/+W9rgjh44AAJo2tUCP/Kjk46T60NraWOkhZBQJ+xD05xeOlluqaddERERERERE2WL4SCU3HfLh3Ng/pH195vJ38eLgs4u3T8/g2JFjAIAtd0xnfb21zdtzHyTVlf7Na/M+1kLxOrUvZBgRXJ44jcsTp/M8Q/krEJ1OR9mvSURERERERPWD4SOV3KsXXoEMf8Z9xie+iVOX35237bWXX4NlWdj4sQ44pItZXSsqb8a1K67Ne6xUHwrpeG2aZhFHckVXtxOTIycQCeffEKkCSz7C4cyu2zURERERERFRKgwfqeSmQ2NZ7ffGu19FxPBDnetesfeFvWjc2Iw1K7NrIGOoO3Hvtv+W9zipfjidtqqZLrxx02r89//5e7jxxv4inK0CDWccDB+JiIiIiIgof2w4QyW3vvVqHJ5Zer1GxZrAvx39Bj53/Vfw9ol3MTU5Bafmhs93F9q60q/h12DvRH/b1Vjpyb/ajepP96pWnHk3u67qySyrOJWPdruGD33kZvzaXTtj41lTm38/7XZbpYdARERERERENYzhI5Xcjd3X4sBgO5SkZjPpiMh+vHD2FQy8FJuCHRj24T9e/Zto6+yEbgK6BZhW6dbko/qxoX9VTuGjkGKF4MUKHyGAvvWdiacrujoz7JzlKSsw79rhYPhIRERERERE+eO0ayqLHb1/DAPOrPY9efFv8ObR2FTr9et70d21Apok4FQEPKqASxGwSQJSJRbAo5qxtmdFTvsLUdy3w1Awgsd++BJEOIgGVcL6Ve1FPX+5uFzZ/bslIiIiIiIiSoXhI5XFjd3X4kPbvgXJvhtRqSfjvjL8aLo6Fnjcdtuuea8JAKok4FAEGlQBtyLBLguoDCNpgcKazhhFGcOZ02N49pn9gGVCCIGm5oainLecVq/OLcQlIiIiIiIiSsZp11Q2axu78Hs7vrjkfl/6P7+OC28PQJZlvPfWmzLuq0iAktSEw7AEdMuCYQKGBRicor1stbY1ornZjcuXs+suXaopzc8+dxi3774a7e0taG1twvTl2bzOU4kp123tzehc0Vb26xIREREREVH9YOUjVZWJiSm8/fYAAODGG94Dp9OR0/GyAGxJU7QbVQmuuepIRYgK9AqmStrQvyrrfZOnXVsFh9YWdD0CAAgGI3jm2V8BAFpamwo8b3lt3bqh0kMgIiIiIiKiGsfwkarKmwcOJR7ftntXhj2zIwSgSoBdFnCrAo2aBI8qwakI2GUBTYqHkowla50kYt9LTRKwyQIOWeDGGzbldg5JBgBYBU67jkRC8wLMgXeGAABtrc0FnLX8f0evvrq/7NckIiIiIiKi+sJp11RVTp06AwCQZRnbt20uyTVkAcgpprBaEDDnpmqbFhIfhgVY4PTtSpAgIEQsdhMi9tuS+HNJAAICkog9TuXmG/rxzRyuF6t+LHy9R02bX7F7+vQYgsEgOjvzn8JciSVNr77mqvJflIiIiIiIiOoKw0eqKvHwsa+vB7Isl/XaAksHk+ZcEBn7DFhzn688Z0yZipj7byJIRPowMXl7vkKhECRJgs/ng8OhIRiMZHWcLCswjChMy8z/4mn84oWDaOtoKeAM5U0fm1sa0L2yo6zXJCIiIiIiovrD8JGqRjAYxOjoOABg/freea+dmxnB6cunMeJ9F1d37cLWtvKuRXclmIw/S7/n4lDSSjyPvwbMDy+vPK98eBn/6uINTsSC1+JhIZIei3mP54eMEOWOzYCBgfPwegPY/+a7WQePACBJsbfEwtd8XOzfH9+P3/rEzUU/b6ks5/Ueg5FZOLTcOpPncwwREREREdFywPCRqsbJgXcTjzesX5d4/OjR/4WZmacgww8AeHXmR9gj9WD3xi+UPYTMRjyIA7IJK1MdPRdIJgeWiY2FD05ceXjlcwUCwlL613//JU6dGsn5OCEEZFlBKZqkB4MRvHtmooAzlPc7tG378lzvcWBkL2RZwvqOW3M6LqIH8O7Yq9i2+oMlGhkREREREVFtYvhIVSM+5Rq4Uvn4ryceg2/mR1g4AVs1z2Lvyf8dq3Z8H012dxlHWR4pA8F6SgdLbFP/qjTho5VU1SgS1Z3JFMWGSDhQknEdPHg272PLvebjtdcuv/UeR6YH8Mrph/E7t/x7zsc2Olfg5f0Po6NxPTobNpZgdMVXigpfIioNy7Lq6t9sqp+/REREVL/Y7ZqqxsjIGADA4XCgq6sT52ZGMDn13bT7y/Dj6VP/Wq7hUQ1xu+yJx4ahQ4+GEZ370PUIdD2CSCQA01y8tqMkyZAVtSTjunTZj+bWrpKcu5gaGt1Yvab6x1k0voMIRmbx0sm/ho4Awrovr9PIisDPjnwZwcgs4DtY5EEWRzzAqKcQg4hqD9+LiIiIlhdWPlLV8Hlj06q7umJNLp468Y0l/4JO+4+UeFRUi3p6VyQey7ICyLm91amqfemd8mR3tgBTuU8JL2fp65Yt68t2rYqKjABaF+A7iEPetzCjxypTp/xn0N24PadTeUOxX56EMYXnj38D93StBdzXXblGhWR7Y88AgKj6GYYBSarduoF01Y4L339YFUlERIUwTZM/S6pQ7f4fDNUdry9WbeRyOvHL4UNQ9LcrPCKqVZ2dTZUeQlqmpUCz5b5UQDl/fm7bXhvThgtmeIELX4U/OISDF3+Y2Dww9nzOpxq8tC/x+KJ3P8b9o8DoP8TCxzJLVVGUvC3VBxFVN4fDAZ/Pl7Jiv1Zk+z7E9yYiIsqXaZrw+XxwOByVHgotwMpHqhrxykeny4kD5/8pq7+cLtu6pXeiZWdFZ0tRzvOhu3fgllu24ctf+UFOXbOX4nS3IRLOdWpv+dLH667bUrZrVZRjI7D6z/H8m38ERb3yu7izl15HWPfBpmQXEod1H44OP5F4LkkCz48ex8d3/VnRh7yUhTfrqW7es91GRNXD5XLB6/ViYmKiZv+9pqpCiW9L/poW7sfqFSIiypYQAg6HAx6Pp9JDoQUYPlLZPH3qGQzPHgUAdDdux4fW3zXvda8vFj7Ka+Wsqh4NOHH7uvuKP1CqCy0tbly6lN/afXHnz0+gZ20HPviBHfi3f79S2WaaRuIjdsNkQZZVKIqW1XltjkbIigZDL16gWSwutwM9vSsrPYyymfYP46JvYF74GNZ9eOnUX+HOq76U1TmODj+RmHYdN2NcwuDYm+jt3FnU8WaysHJoqcepnhNR9XK73XC7a7/JXqZwMZvHREREVHsYPlJZ/N2Br8MM7Uk8vxh8Ef/P+BP45HX/E012NyzLgt8fCx+ttqElz2fAifdt+jrWNi6jphiUk9YWT8HhYzAYBgDc/7Fb8dLeo5ia8gKINaWRpIU92HPjdLfDO7303/W4ct14LZv1HucMjv9qXvCY2D61D4NT+9DbenPG44dnjuDA+UcXbZckgaHpoyUPHzOFifHH6T6nO8dS1yAiSmepn1VCiEVVjpZlpQwk4/ulOoaIiIhqC8NHKrnvHfp/5wWPcap5Fj888hf43PVfgWEYAABntxsu9c2054pKPXA7tuL2dfcxeKSM1qxtx6l3R2CaOiQpv7e6QNJU6/vvuwV/+3fPFGt4cDib4ZsdhWUaRTtnMWzc2FPpIZSVQ/PAslKvqfnSqb9Cm6sPHntnymPDug97Tv1l2nNrirNYw8xKqjXTMj1OdQwRUSlkqmjMFEACSPkaERER1RaGj1RSvxw+hLD/6bSvi8h+vHD2Fby/51YAQM9tsS7DurIZANDk2g674sKqxvXY1LIBTfban25E5eF02AAUFqgMDV1KPL7ttu146eWjOHnyYsFjAwAhybA7GhH0X1p65zJq7yjOepm1YtPK2+CPTmAmfA5Dl9+CX59IvBbWfXjuxFfwsWu/lfLYPaf+ctF0a0U40d24DV2N23Ht6vItC5GqujFVM4dUz1Odh4ioWNKFivHgMd3z5P0ZQBIREdU2ho9UUu9OvbXkPieG/g7v77kVmqbh7X+eRPevPYA//MxvlWF0VM96e2LVarKsQtcjWa/HmMmf/NeP4b99+VFcuDBZ8LmAWOOZbMPHct10dXa2leU61eQ9PfcnHp+fPIjXznwHM5FzAIBJ/2kcOP8odqz5xLxjBqf24ezU64nnTrkNt234Y6xpu648g0b6wBFAoiOuaZoZO8tmqoRMdS0ionTS/ZxKVemY/HjhhyRJsCwLkiTNOy4eQDKIJCIiqj0MH6mkAuGxJfdRrAk8feoZqKqKSCSCaCRahpFRvXO57InHxbpJcTltePCPPoz/+tD3inI+RXVUXeOZjs7WSg+hota0XYc1bd/Bz499Hacv74EQwIHzj6Kn9Sa0ufoAXGlIE9ft3ok7Nv8JHFpD2ca5VPAYf57p8cLj0lVDEhHlKzlojH+OP5YkaV7guDCYNE0zEUTGtzGAJDMDr4kAACAASURBVCIiqk0MH6mk+tpuxqmLi9d7XOjs+D/DprXD7wcikeoJYrI1MPY8IoYf27o/Uumh0Byn05Z4HKt+DENRbBmOSO3UqYvYsGFV4vmRo4NFGV+czd6IgG9i6R1Rnpus9vblNe06nV/f+kX87LCJc969EALYd+Y7uGfbXwCIPQ7rsWZG65p249e3frGsY8sUDsYDxuTP8Y+F29NNwWb4SETFki58TA4cJUlKBI3xaseF21NhAElERFQ7GD5SSb2/51acGN0MRX87436KNYG2Wzbg0lPTNRU+hnUfnjr6RUz6TwMALFjY3v3RCo+KAKCvr3vecyFS37wsJRAIz3s+MJB9h+ps2BwNWYaPpdfQ4IKq8sdC3Aev+VP87DBw3rcXwzNHMDxzBB5bJwbGnwcAdLl2lD14TLaw6jFd8GgYxrwQMl0AyeYzRFRMqaZbpwoe4x/J7zvJwWNyAMmqRyIiotrEu0wquU9c8xU8evhLSwaQnb0DeAc2RKJ6mUaWnUn/aRwdfiLRWKK39eZEheO+M99JBI8AENH9FRkjLbawUkKW1aKc99Ilb1HOE6fZsmuiVI4brda25pJfo9Z88Jo/xWNvjmMqfAIHzj8Kjy22lmiDshY3rPoshoaGMD09ndh/5cqVaGpqKtv40q3hmBw6pvucrgIyfp6F1yEiyiRdY5n441TBoyzLic8Lq6/jgWQ8cEx3HSIiIqp+DB+p5JrsbvzhjX+FczMjeHP4VYx7j8KKHIOMwLz9bGIKbdduh/dyccOdQsQrG+NTLAFgeOYINNmF7sbtiQqoVI4MP44p/xls6/5IYq04Kp/4mnZFV4KbHs3mRiTsW3rHEuvqaq/0EKrSh67+Mv7lwO9jeOYInKEt8PjvgM3owd5zry3a99ixY7j++uvR29tbkrFk6lK9sLoxHjQu/MgUQMbPxbCRiAqVqrnMwuDRNM1E8CjL8rxjk8WPi+Paj0RERLWF4SOVzdrGLqxtvB9ArLPsdMiHk5dOYdI/iunQGIaGRuBZOYuh40s3qSmXs1Ovzwse4wbGfz6v4hEANMWF/o474A2N4bkTX0m8fnbqdXzsmm/BY+8sy5gpJhwOL71THrZsXotTp0aKes5qCR/XrVu19E7LkENrwFbP72Bg4DRkI1apqiN9hfbx48dLFj4ulKqL9cLQUdd1jH7nW5jd+yKsUKgs4yIiypaw29Hwvtux4jN/sPi1uYAx+ZciDBuJiIhqD8NHqpgmuxs3dl+beP6j44/jzaefAgD4fH643a5KDS2hu3F72teGZ47Me97bcjOGZ4/Ma0YBxKonveExho9lFAgE8MorR5beMQ/vv/0aPPGTXxb1nIpqz/h6uW60+tavLct1qlk0GsX0dGzt2enpaYyPj2N8fBwAICO7KfJ+vx/Hjh3D1q1bSzLGdJ2uk8PH5MrH0e98CzPP/awkYyEiKpQVCiXeo7o++4eLpmgnv7+x4zUREVFtYvhIVaOjoy3xeHx8cl746Pf7EQgE0NTUBFUtztp92fDYO7Gt+yM4OvzEotem/GfmPR8Yfz7lNGxNcaHVta5kY6T5AoEAnvv5Afz4X14vyfnb2xtxy67NePW1zGuY5kJRHUU7VyH6+lZXeggV89Of/hQ+X/GqT48fP46Ojg50dHQU7ZypLFynMXkqdbzycXbviyUdAxFRMczufREdv/u5ecGjaZopp1sTERFRbWH4SFWjPSl8HB0dh66HMT4+jqGh+d2Fb7nlFqxcubJs49q17rOI6P6M6ztmPL73s7Ap2VVMUWGi0Sie/8XBogaPqcLu3/gP7y1q+CgrGoQkwzKNNHuU/kbL4bSjo7O15NepVk6ns6jhIwDs378fd955Z9F+YZKuCUy6ysd4+Mip1kRUC6xQCIZhzAseM1U+Jo5jIElERFT1pKV3ISqPzo52tLe3YOeOrbhw4QwOHTq0KHgEgDfeeAPRaLSsY9u98Qu486ovQVNi1ZhT/sGsjtvW/RH0d95RyqFRkmPHz+CHP1rcBKQQmzevWbStvb0RN93UX9TrqBWufly7pqui1680l6v4yzz4/X4cOnSo6OcF0gePqQJIIqJaEW+GldwIa+EHsPiXMURERFTdGD5SVYitkXYEt71vJ3p6Mlc1RqNRvPjii2UPIHtbb8b91zyCVte6lE1okmmKC3de9SXsWvfZMo2OTNPEv/7blYpHyzIRDM4iGg3DTFtRmNlVm9JPQ962pSevc6YTjQbTvlaOio61Pd0lv0Y127BhA0IlqBAcHBxMrBlZiKVutBeGjsmPiYhqRar3sOTQMR2GkURERNWN4SNV3ODg/9/efcfHcdf5H3/NzFaterdkW7bl3uTuOHYU4yQEJ04jCSGQg8DBcbk7+N0BCUkIIRztfuS44zgCFw740dNMOVI4hzQ7dopL7MS9SbZVrd5Wqy0z8/tjtetdaXe16pL9eT4e69md+c53vmNZY81b3/l+K9m2bRuNjY1J79PW1jYuAWSao4Abl3yHNHv8cdxm5Kzj9mU/ZGbO5WPYMqHrOqdPX5gpXVFUHI40wMTrdeP1dqPrfiC5G5Tbbl3PVx/+SNztS5aM3GzGAb8nwSPXY6O0tH8Pz0tJVlYWNpttVOrevXv3qNQbEutx7MibdyGEmCwir13xhpoQQgghxOQjYz6KcRN6JDHWo9XJCAWQmzZtGtNJaOyWVG5c8iid3vP9ttksLnJdpWPWFnFBrH8DiqJgtTqwWGz4/V58Pg8KCharDU2zoiixf/8yu7SA227dkPB4eXkZZGe5aGl1D7vtiXo9jpXS2Zd2+AiwbNkytm/fTlZW1ojW63a7qaysZObM4QfW8W6+Ez16LYQQk0WiR65jkfEehRBCiMlBwkcxptxuN42NjRw/fpy2trZh1zdeAWSao4A0R8GYHU8k52//ZjP/9eM/91uvKCo2mxPTtBMI+AkEfPj9XiyWYAipqlpU+VOn+wfLffn9/hEJHgGMQOIevGNxYyXhIyxYsACPx8POnTuxWCw4nU5sNhsWy/D/q6ypqRmR8DFS3xvyROOjCSHEZDDQdSxy4hkhhBBCTB4SPopR5ff7aWhoCL9GInDsa7wCSDHxbNy4FEVV+MFjf0TT+j9CqygqVqsdq9WOrvvR9QBerxubzYmmRf/bqalppLg4L+6xzpwZOKCcLFwuJw6HfbybMSGsWLGCFStWUF1dzcmTJ8PXLY/Hg6qq4Ueznc7gBEGR6+IxDGPEZ9LuezMea7uEj0KIySbRtavvdU8CSCGEEGLykPBRjKo333yTurq6UT9OW1sb+/fvZ82aNaN+LDGxXb5uPl97+ASu1DxSUnNR+vRqDNE0a2/gGHuW6YrKuoThY3e3dySam6TRvcHKzEwb1fono6lTpzJ16tSodU1NTXR0dNDd3R0eo7a+vh6v98K/hZaWFgKBQLi3pNPpJDMzk7Vr145Ju6XnoxBiMpNrmBBCCHFxkvBRjKo5c+ZQVVU1Io8tDqSyspLi4mKKixPPli3GTyik8fv94bHoLBYLmhYMCO32ofe+MwyDnp4eXnvtbSyahe6uBro66nG6srE70rE7MwZV37lziSdAUtSRCwQtVkfC7SYGKCqYozN+X2ZW+qjUe7HJzc0lNzd3vJsRUzI9hYQQYqJL1JNbCCGEEJOXhI9iVE2ZMgVd18ckfATYv3+/hI8TiN/vx+124/d2EWg9iNp9Aq37JIq3FrQUTNWJr3dpak701OVY8tbhdDqx2+0JH6P3eDx4PB78fj+qqvL2W+/yzr5jHNh/DFXVUFUN0zTw9XTgcbegqBoOZwaOlCxs9tQB2z7QRB1Ll8wa9N9HPImCUacrG0dKNgHdh9/TjmmM/AzvWVmDC2bFxBV5ky4360KIySjyGibXMSGEEOLiIOGjGHVlZWUcOnRoTALIzs5OOjo6SE+Xnlzjye/301K9D6XpVSztu7B1n8BmJPmY8gnwpS2nO205ZKzCmn85drsdm82Grut4PB6qqup4fcc+3th5gKam+OOIKoqKxWLDYrFhGDre3iDSZk8lJTU3Yein6wP3bJw3t4jjJ2qTO68B2Oyp+LxdUZ/TMouwWHsfC/epKCkafk8Lhj6yAWRmljx2PVklmgE20faRYs8vIHfDFdiyo3uE+lqaaNr5Ot6Gi2dsVCHE6Bvo2iVhpBBCCDE5SfgoRl1ZWRn79u0b1fDR5/Ph8Xiw2WwSPI4zv99Py7EncZx+aMh1aJ370Tr3Q+3P4KjKMc8aurR5HK7J4p1DzVSdqx90naHekFis6LqP9pazoKhYrc5wT8hQ+HfDjeu5++NXD1jnJz5xLQ899HMC+sjdDGkWG2kZRf2CUZvNic8HOLPxe1oxdN+IHTMjXcLHi8FY3pTnbiin6JbbyN1QHrfMvC9B084d1P5hK007d4xZ24QQFxcJHIUQQojJT8JHMSY2b97MU089RUFBAaqqDnp/wzDw+YJhi8fjAaCnpwfDMDBNk7y8PJYsWcLy5ctHtN1i8DqrXhpW8Lj9WBFHarJo6HTS2OGgsTM0IUxt72u4FDTNgqZZMAwdXffS7e4JTumiKCgo2G2Jx2AMmVGSz7o1hTz/wm7sjnRs9tS4E9wMRNUspGdNw+nKjlvmQgCZNaIBZFa2PHZ9MRqtG/Yl3/k38q7clFTZ3A3l5G4op3H7Kxy87/Oj0h4hxMVFwkYhhBDi4iPhoxgTU6ZM4cYbb2Tbtm243e6kekEGAgH8/uDjpcXFxSiKQn5+Pna7nYyMDDIzMykqKsLhSC4oEmND6TyKYk3H9HcMet8fvbyI144VjUKrYlNVDZX+YeFgbnxsNnt4XEkAS29PSovNgabZkhpfEiAjuyTJ4znx+5VgANnTjhHoSbqt8WTJhDMiSeufexF7Xv6g98u7chPrn3uRXVvePwqtEkIIIYQQQkxkEj6KMTNr1izuueceACoqKhKWlVBx8rJ7DmE4C9EHGT6OdfCYSENDy4BlPB5PxIzdwXElTdPAMHR6PK2YbgOzd3ZqzWILB5GKqmGxOlBV7cJ4joNk7d0fIOBV0f3dQ6oHwOGwU1g4MWdwFhPL2id+N6TgMcSel8/aJ37H23feOoKtEkIIIYQQQkx0Ej6KcTFr1sjNFCwmFkNLRXEWobjPYerJ9crbU5E/YYJHgKam1rjbAoEAO1/fw7b/3dVb9sKEN4qiomnRfSkNQ8c0zeDj3V0ewIyaSVtRNTTNRk7B3EG1UdOs2GyhOiwEvIPvaQpwx53XUTp7+pD2FZeOxd96FNes0mHX45pVyuJvPcqhB+8dgVZNXOkLF+Esnkbbu/sv+kl3tBQX2WvXEejsoHXv7vFuTlKyVq3BkpZOy9tvone7E5adjOcnhBBCCDHRSPgohBhRqj0P9C5U1wz0jmNJ7fOLnYML3sbTq6+8xXcf/XnS5dXIMSD7POFtGDoApqkT8HsG3RNS06zY7So+FBTVgt8zcI/NSPMXzOLOj1w/qH3EpSd3Qzn5V13Tb7274jTHH/020++8i9zyjVHbmna8xrknfs28ex/oF1rmX3UNuRvKBz0JTfGtH6LoxptR+gzb0XHoIMe+/fVB1TXaim65jcIPXM/Zn/+Uyp8+Pt7NGVXpCxcx9wv34e9oZ/dHbo/aNuWGmym+5Vaadu7gzM/+O6n6hrLPYM24+69JW7CI49/5Jue3/Zm5X7yf1DlzOfuLn9H8xs6osonOTwghhBBCJGfwM38IIUQCtuLNAKgpxajOwgHLH6nJiphUZmLz+Xy88vJbI1ZfaAZuTbOgB7xDrsNmTwk+1p2Sg6Ikf1n/6F/dMKRjiktL0S239VvnrjjNoQfvo+2dvRz+yv20vbM3vC1y3aEH78NdcTqpOgdiz8nFNbMUZ1Fx1MuWk9ywAat/+QTrn3uRrFVrBn3sIVEUFG1oE1BNRrEm20qdPYe0BYtIX7go6XqGss9QKKoSbnP6oiWkL1hEaunsBOUvna+lEEIIIcRIk56PQogRZclZhd6+Cb3hFbSMRSi2HIzuakx/e8zyJbmd4ceQVVWB4LzT46unnqbK17HllGG327Hb7Xg8Hh79zk/Z/05yvTkHK+Dvxu7MHNK+qqphd7jw+TyQkk2gp2PAmbBv+eDVrF69ZEjHE5cOx5QicjeU91t//NFv464Mhop6Tw+Hvvwlyr73GACHvvwl9J7gkAvuymDvyBU/+knU/rkbynFMKaKnbnAz2Jt6gKonfkPFj3846HNRbfZB7yOG5+S/P8rJf3901PcZrr2f+OiYHk8IIYQQ4lIj4aMQYsTZZ92F356Nr+Z5VGchqrMQ0/Bj+tsx/R3Bl68VTAOXPcA/vv9dnnp7GueaUsJ1qGqoB5+C0vteVVRAidg2OqpqO7G+exeGlkpn2kpqLMv4zTYfb7x1atSOqQcSh4UDURQVmy0Fn09BcWTi93bEnQl70eLZfOaeDw/reOLSECt4BJh+5110HjkUDhl9Lc3hcRx9Lc1RZafedkfcuqufeXLE2jr/y18lb+Mm3JUVpC9cjGqx0LL7LQ7e/0VW/exXuGYGxxpe/tiPad3zNu/d93kWPPQIueUbUa1WAl1dVD3xayp/8l/Mf+BhcjeU0/zmTvLedzVGTw/H/uUbFG6+PmZ5gPkPfIXC67agWm3oPZ647Vz+g8dJmTkLRdOwZWVjeL2c+80vqXj8MUr+6m6Kb7sDe14+iqZheL1U/+5pTv3Hd8m5fANz/vGLpEwvAUUh4HZz7tc/p/HVl1nw0COkL1oCioLh81L3/LOkzVuALSuLQw/ei5biYuEj30BLcXHy3/4vdc/9idW/fAJLahoH7/s8RTfdwpQbbkJzpmDqOs1v7uLwVx4gbe48Fjz8z3hqarCkOElftIS6F56j4aVt4bYYfh8oKoGurn7nuvbJ35MyvYS65//EsW9+jZmf+lum3XkXltRUME08NdUc++bXaI3oOdt3n3hf16qnnmD+g1/B19jIO3/3afRuN7P+5u+Y9pG7qP/z8zinTid90WIsKcH/V9yVFRz95tfoOPReVBsLN29h3n0PYPj9nPrP71H37B+j/q4TnZ8QQgghhEiO9sgjjzwy3o0QQlx8tPQ5WLJXYPi7MXrOoyigWFJQbVnBQNI1A8Weg2JxMT23h81LzrFx4Xmm5Xpw2nScVp3GDhumaWIaBqYRnEnaMALouh/DCIQ/m5gYpoFhGoAS3Mc0AVCUwfek9Osqt6+pYPvRXH79koNnXmzj9Nm2gXccBtM0sDnSh/Von6IoWCzW4HvViqKoGIY/qozTaednv/j2sNoqxl/o33fo37ppBicyCr10XQ+/up/9w5CPk3P5BrJWruq3PqVkBplly2h+cxe6Jxi0BTo6CHRET3y0+FuPxhwvEsBTW9NvfL1EslauJqNsOYoC2WsuI2/jJjKXr6SntgZ/ezu55RvJXLoMTJO65/6EarOROmce3vpaGre/SvrCxZgBP6f/6wc0vvoyeRuvouimW2ja8SoH7/1HMpetIHvtZbgrKzADfnLWX0Hq3Pm0v3eA5jd3YklNi1s+f9PVTL39TrqOHePsL36GLScPe24e7e8eoHXfnqjzmHLdDbhKZ9O2bzfVW58ifcEiXKWzaT90ENVqxZqeQe3//J7mXa8Ht82cRefRI0y7405S586n8vHHqPjRf6J3d9O2dw+FW24kZ305NX/YytF/fphAZycdhw9iy8klbe48Oo8dw56XR8669SiaSk99PZgmUzbfgKemCm99PSUf/yQ95+s5eP8X0FJSyF1/BarVSt2zf6Tg6mvJWrESU9dpen07zW/uZOYnPo2jcApVT/6ajkMHSZ+/gIDbTc3Wp6LOVVFVMpeWYXi9dJ+ppPSez6L3eHj3n/6B1n178DU10fDKS5h+f8x96l94Lu7Xtf3APuy5ebhmleKprsJ9+hTT7vwotuwcqn77K+x5+XSdOEb1009gmgaZy1agYNK0cwdTrrsBe34+zbt20rpvD7bcPNLmzqe7soKOo0dY+PDXkzo/MfJSbrwFTdOwWCxomoamaaiqGl4qihJehv5/77sUQgghxMQjPR+FEKNGdU7BMfdvMLpO46t+AaNtf3iboigotgywZYArONvy1Owuiqe1s9nfjumvxgx0U9/u4Hybg4oGF11eK5WNLrq9Gk2ddpo6e6d7jpg9Wic6bBuqZ3aXsnXP2M7Krge8qJp12PVYrQ5U1YIfBVWzcdnqWezYvofS0mn82388MAItFQIyV6yi7HuPcejBe/FUV/Xbnih4BHAUFAz6mIqqkr6kDHona/I2NtL46st0nzsLgN7tpuLxH1L/5+eY/+Wv4iqdg7NoKnXP/YnZn/0nTMPAffoUrXt3U/KxT4Ch07xrJ56aajqPHyVt7jzSFyzCU1sDpkH7ewc48Ll7AFj2/R/FLZ9RFgzHzv/lf6n5/TOkLVhI2vwFcc/D19xE1ZO/pXXvbjKWLiN3QznpCxZS/cyTNG5/ley169AcDjw11TiKisKT7Kg2G9mXXU7X6VOc/uH3Aci76hoUTSNz6TLa3ztA5X8He2K6ZsxCKd8Ybofu6cYMBLDnF5BSMgMtxYm7soKsVavRHE6admyn/d0D2HPzyF67jsxlKwAwvD3onm4qf/rjYBh57Wac06bjrjjN6R/+J1mr1lB43ZaY5+muOB3uHRtiy8piynVbqH7mSc5v+3NS+8T7unYcPUJG2XIyli6j8+gRXDNL8VRV0fT6dppe3076wkWklMzEfeoUOevWQ4xe896G83jr6zD1AAC5V5QnfX5CCCGEECI5Ej4KIUadmlqKY/5nMdxV6K378LcexvScQ+nTK0+xpqJYU4FiAEwjQHFWO0X+dpbNbcf0nQczELVPV4+F0+dTw+8rGoPvu70alY2u4HufFvVI90AcNn3Mg0eAFKeCYrHi8w0/QNU0C6rDhc/Xw4MPfYYHH/rMCLRQiD56e2CO2eEC/iGP+diXoqrhx5EXPvINAAxfn+EPIn6xkai8oqpgGkN6NFf3dKNYLNiysplyw82U3vMPWDOzMLw9KBYr/vZgr+uq3/4ae24+mStWkbVyNR2HD3L0G49Qs/UpUqZNJ3PFKhZ97VvM/OvPcPJ7/0rniWMEut2kTAv+csff0Y6/rY2U6dPR3cF2dh47SsbSMlCU8Ln629sxvF4saWkXGmmamIFA77lqKKqC4Y09rEM8HUcOU/30E0y/6+MUf/B2ptxwE/UvPDesmcrb9u9jypYbyViylO4zldiys2l+6w20FBeLvv5tci67HCMQANNEcziSqnOo5yeEEEIIIeKT8FEIMWZU1zRU1zSsU2/G9LWgN+1Bbz+E3l0NMSakUVQLij0H7DnhdWagC9PXiuFrw/S1kurwU1Zy4ZHo9fOa4h4/1IuyvsNBQ3vwRtQ0TY7UZOBy6MzIdZNq9+N0qPy/HfNH8MyTE/D3ULZkGucb2mhoaEPXjYF3SkBRVOz2FA4erGTJkpkj1Eohglr37ubwV+7H19ISc/uhB+9N2Pux5/z50WzegEzDQPd0c+K736Hu2T9GbSvc3L+nW6Lyy3/w+JDbYcvKwgz48dTVUnDNtag2G8e++Qh1zz8bHB9yRvB7t/Wdvey5+yNkrVjFjE//LZnLVjDjk5/m8Fce4MDn7sE1cxYzP30PeVe+j5KPf5J3/+mz+FtbcRQUAtBddRZfczPZ69bjKp2Dv70d9+mTZCxeEgyRe3sFak4nisVCoLNzyOcUz7nf/opzv/0Vxbd9iJK77qbg2s10njxOzdanh1Rf8xs78VRX45w2jayVqzECAdre2UvuFeVkLltBy+63OPTlL5F35fuYd5/0+hZCCCGEGC8SPgohxoViy8ZSdC2WomsBMP2d6B1HMTpPYbjPYnjqINC/F5FiSUWxpKKmTAvuF3Bj9gaRhq8VjPgTtxRm9FCY0UPZAG17ZnfpkM9rOFpbWtA0laIp2RTkZ1Jb10JDw/DHmjSM4YWY4tLla4kd5jduf5XDDz+A0ZO4d1iiANJ9+uTgG6QoWDMzo8JBvaeHlrffTG53VUVzOgHoPH6MzOUryV57GQ0v/4XcK8pJX7CIih//KOa+icq7z54hc8UqctZvwNvYQMai3pnk40yOZXG5yCxbjpaSQvqCxfiam4N/H9dcC4qK6nBSdOMt4YlpNKeTGXd/Cn9XBzVbnyZz314yFi9BczqZevuH0ZxOqrc+TfOuHWSvWYvmdKJ3u/HUVJG5bCWmadC963X8rS1oDgcp06bTdfI4HUcOk7ZwEQX6ZrJWrcGeX0DO+iuwpqXTeOpEzLZ3n63E396Oa2Ypee+7mowlS7FmZKC73WgpLvRud8z9UqaXUPzB22na8Rr1LzxP7vpyslauxuJMvld6LO0H3yV1zhwylpbRU1dLw8t/oeDazcG/fpsNW1YWeRs3oTqcaL3HMg0DFAXV3n8G9KGenxBCCCGEiE/CRyHEhKBY07DkrIGcNQAcOXyCIwffo/bsKaxmJ7MKfSya5ibbFR12KBYXisUFKcVogBnoDoaR/tbgUh/8o3MbF9T2PnZtYhjmqM+uHYumqUybmktOThrV1U10dsafPXcgbrc8PiiGpmnn68z7Uv/1VU/+pl/wuPhbjwKEZ70Oqd76VMzwsWnn64NqS8DdBYpK8a0fovjWD4XXdxw5TOOrL/Urb/h8YJoo1uA4qt3nzpJXvpGl//ofNL76MhWPP0bWipUUXH0tBdd8AEwTd2UFja+9EvP49S88G7d8zdanyCxbHtx29bW4KyvQu92klJTErEux2pjxyU+jWCz4O9o599PHg+fx2iukL1zMvPsexPB56Th8iNS584PjSi5bTubylcy798HgTNF1tdT8fisF115H/lXXUPr3/wcAf2srtX/8PQDtB98je806TEPHXVmBr7kJU9exZmbhPnsGgJqtT5M2Zx6F121h/bPbwDTpOHyQ6qefiNn2jiOHqf/z80z/6MdY8i//SqCri+6zweVS+wAADy9JREFUZ7Hl5pK1ajVNO16LuZ9z2nTyNl3NtA9/FBQF0zBo3f0W1b97Jmb5ePp+XVv37qZw8/VYs7JpePVlAJpe38GULTeTvXoN6373LJ6aajzVVaSWzsaeX0D7wXfJXL6CuV+8H0d+9NijQz0/IYQQQggRn2KaYzxgkxBCJGAYBn/6n5d4+aW3OXnibNS2smXzuP6aBaxbbCHQdRrTUwee2oT1mbon3DMyGEYmF+JtO1jIj/7SvwekoqjBmbv7zEqtKiow/Jk2P/fhbGq759Duz41a39zcQVV105Aexb75psv48B1XDrttYvxEzm4Nwe8T0zTRdT08u7Xf7ycQCOD3+/H5fHi9Xnw+H02f/tiwjr30u98nd0N51Dp3xWkOPXgf7srTQPTkMg0v/yUcQLpmlrL4W9/BNSv6e6lp5w7e+8LnhtWukZK1ag22nBy6ThzHXVkx5PJaiovstesIdHbQunc39vwCAl1d/XrKhR6lPvatf0bRNFr37Y0q45o5i9TZc+k6dQJ3ZUVUPa6Zs0idO49AVxfNuy6Et/b8AjLLlmMEArS8/eaQeueF6vY1N9O6d/eA5dMXLsJZPI22d/fjbThPyvSS8MQ/iWStWoM9L5/us5V0HDk86HYORs76KwBo3vU6WooLS2oq3obkHvcf6vmJ4cn9719is9mw2+3YbDasVisWiwWr1Ro183Vo1muQ2a6FEEKIyUDCRyHEhPLittf5wfd/G3fSlaKiPO69/1MsWBAMMwxPLUbHCQKdpzC6KqCnPmH9pu7tDSJDYWR33LL17Q7+Z28xh2vSBzVhzXD88fO7AOgKZFHbPZsazxxqPXNwBzLQdYMzZ8/T1ja4YOHmm9by4Ts2jkZzxRgZz/Axd0M5S7/7/X7r3RWnOf7ot5l62x39ejY2vPwXqrc+xbx7H+gXPAK894XP0bRzx7DaNVmFwscjjzyUVMgnxKVEwkchhBDi4iSPXQshJpRdO99JONtzbW0jr778Zjh8VJ1FqM4iLAXBcC3Q8g6BlgMYnSfA29Bvf0WzozgLwRmchME0fBeCSF8rZuBCsFeY0cNnrjod/lzXFpyoprPHQmXvrNoAlY0uur3RPSGHIsWuh9+nWlqZm76Huel7AGjz5VPrmcPsjDkcOJdPZVV30r0gfT4/7e29E/qYenDGcDOAEfCjBzyYRgDF1DENP4pigBEAdDACKIqBLXcNTqcTi0X+y7gUNe3cQeP2V8i7clPUetesUlb86Ccx98m/6pq4E800bn/lkg0eQwyvV8YOFEIIIYQQlwzp+SiEmDBaW9r42F334/cHEpYrKZnC4z/5+oD16W3vEWg5QKD9OIq3Lqk2mIa/TxjZf9KbMaNoKJYUFC0FLK7e9y6wpNDlddDpUTD0AJoKmgqqagaXSnCeC001UVWwaCqaagImCoO/5OtKCn77DNQpW8gsGPtZwMX49nwMWf/ci9jz8odVh7exgV1b3j8i7RFCXHyk56MQQghxcZJuLEKICaOj0z1g8AjQ0NCSVH1a5lK0zKXYAcN9Br3lHfxtR/C1VWCzxt5HUa0ojnxwBEMW0whg+tuDPSID7uDs2gF3sPfgSFPtqLZMlNDLkhq3aJrDR5oj2Yr1gYskoJndaD1HMM6cosNzE+kzNg+rPjE57dryftY+8buYj1Enw11xmrfvvHWEWyWEEEIIIYSY6CR8FEJMGE6Hg6zsdFpbOhKWmzGzOO62UL++yD7dJkDKDNSUGdimfpBv3vcwWepZSotMSgoVpuarpDpj95hQVAuKPQfsOdHHMXz9A0kjAKYf0wgMHE6qtvBM3Yo1PRg2as7E+yRgmgboPcHZvXUPpuGLW1ZRNNAcoFjA8GIa3ui/MEVFUe2g2S8sFQ3V9GE27wAJHy9Zb995a9TkMsmKnIRGCCGEEEIIcWmR8FEI0Y9JMIsyB3hP321cyLAulDUvlO27vc9nMrKZNX82+954J2H7ps+fy5nu0GOoEfsnKbe0jG2/q+WliMPMmaqzYJrB7GKTkkKV4nwNVYlfq6LaUGw2sGXFLRMOIY0AphlAUS2gWEG1oijqIFocqs+H6e8KhouhkFHvCc7gnSBsHDGqDX/uVXi8Znheb0W5MMe3Aigo0euU0PrelxJZts/2GO/F0I3WI4iHHryX3A3lFN1yW79ZsPtq2rmD2j9sveTHeBRCJE8enxZCCCEuPhI+CjGJGb3Bn2GCQTCIi700Y6+PqCNy23gOBLvyirVUHK+ktbk15vaZc2eyeHUZxjAaubp8LWdOVHD84PHwupPVGierg5PG5Bflc/PHbmPNIjvW7pNo3Wew9tRiDTQN6jiKagEsoA0+SDNNHdPfEX7h7wgGjuPJ8NFTcD2+hJ06R+5fTyiEVLkQRqqhZZ9twaUSZ31wqUbUcTEayxv2pp07aNq5A8eUInI3lJMyYyaOggIAes6fp/tMJU07d9BTVztmbRJCXJwkjBRCCCEmPwkfhRgHobAwKjTss84wzXAg2DdcjAwdLzbL1q3ANE1e/MP/cvbkmahti1Yu5tpbr6N0wexhHaOopJjNH9oCisLx945FbcsrzGPz7VtYdtlyfIAvbWHUdlvnkWEFkomYgS6MniZMbxOmv33E6h0pXQu+ja9wy5gdLzIUTy7TTO4bIjKE7BtKhj/3BpmR62KVG2/xbsrHagKGnrpaqp95clSPIYS4dAx07ZIgUgghhJicJHwUYoSYgG7Gepkx14v4ll++kvyiAqoqztFY34CqahROm0JJaQm5hXkjcoy5S+ZTPGMqR/YfprGugUBAJzsvm7mL55FfVBB3P1/awriBpMVzBs3bCKaOYhoo6ICBYhoQ+mwaKBh0dBkYhoFLa0YLNAYDR907Iuc2GtxzHsI79c7xbsaICIX2ib8PB/4m1ZRYLyXm+rG6XVYURWZ+FUJMapHXMLmOCSGEEBcHCR+FSEIgRngYiBEqXow9EcdL8YypFM+YOqrHcKWlsrp87bDriRVIxrP/jT2888Zezp06R2N9EzZ7EfOXbmTZmiWs23QZmEZveBkMKkGH3vfBdcFAM1Rm92u7eO25l1AVM9gjTzV735sR72HFujLWXLmmNwjVe+vtc6ze9eEyoeOi0zPjU8P+e7rYxP5FQv+LgBojjLT0CSktvcuhineTLjfuQojJJN51TK5lQgghxOQm4aMQfegmeA3wGeAzzN7leLdKXAzefXsfzz3xLHVVdeF1Pq+f9/Yc5uC+I7i7/Vx10weA5EdOrOk4zqnzGQOW00qms6zg+qE0WwyT0fuLCX/U2v5fYZsaeinYe98PNpAM3aRHvoQQYrKQa5gQQghxcZLwUVzy/EYobDTDoaM8Fi1GWktDE68++3JU8BjJNEzefOVNZi+cR8mcmUnXm5qellS59Mz0pOsU4+PCLzqCFyBNIRxC2pTg0hKaLVxRMHunek/UU0hu3IUQk0mia1fkOrm2CSGEEJOLOt4NEGK8tflNGrwmbX7w6BI8itFx9tQZThw6mbBM7dlajhw4NKh6i2dMx5HiSFjGZrdSunDOoOoV4083oVuHNj+c95p0BKIvTn1v0GP1GJIbdCHEZDLQdUyua0IIIcTkJOGjuOTZhzPQmhBJaqitT6rc+arkyoXMXTKPDe8vT1hm1RVrWLpm2aDqFROPXY1/0x3rZl1VVVRV/psXQkweoetWsr9IkSBSCCGEmBzksWtxyUvVwO5U+o3xKD0gxUjStOQut8oQwqKrb3o/AK88+xKGfmGAUqvNyprytZRf975B1ynGl0UBa8QYkNbex65j6XvzHQoeQ0shhJgsIq9dsa5tQgghhJicJHwUlzxVAXvv2GoQ/MHWMHvHXzPB3xtI+o3grNdCDEVRSXIzd5fMnjHoutOzMvjg3bezdPUyjh88SmtTK2kZacyYO5OytcsHXZ8YW5beYNEaChp7x3hUo+6zL4zxGEvf3o7S81EIMRnFuoYl86i1BJNCCCHExCbhoxAxqAo4NAiOpBf8gdYk2Buy/8uMuV6ISFNnTads7TLefftA3DKz5s1iXtmCIR9j9qI5zF4kYztOBArB64jW76XEWBe6ygyi/t4JZ+KNjxa6adc0bTROTwghRoWmaQkfvQ6FjBI2CiGEEJOLhI9CJEkh2EPJ0u/n3f4/AOtmsPdkOIwk9PlCUBm5XbLKi196ZjofuP16ujq6OH30VL/trjQXV15/FVOmFY1D60QyVKIDRTUiUAy/J3r7SIqc4Tryc6Lg0TRNFIcDs6dnZBsjhBAjTHE40DQtYQAJsYeaEEIIIcTEJuGjEKMgFD5Y+23p/wOySTCIDC0NEwzA7F1e+GyGP4f3iSgTWY+YmEpmz+CWu2/jvbff5eTh49RX15HiSmHRiiUsv3wF85YOvdejiC3UA1EFlMhln3WqosQsq/aWDW2baLe4kYFkKHg0DCMqfEy/chPt214Y55YKIURi6VduigofY439KEGjEEIIMTkpZqJBpIQQk07fIDIUZPYNOU0uBJpmgrJmjHVCjJTIUE8JhXwR7yMDwwvblKj91Bhl1Yi6Lyah/7JDS8Mwgt/HhhF+6boe9QoEAtQ//hgd21+RHpBCiAlHcThIv3IThZ/5eywWSziA7NsLsu9EWvIIthBCCDF5SPgohBiUUBgZfs+FcDJ0MRnwc586gmXM6O0R+9JnX8w+nyOWsbb1e9/nqtf3IhjzojiKwasS/iPG+kSfldjblMilEmNdxLZ+62OtI+Imr0+56DIR72PUFbVPn/1FcvqGj6Zp9gsf44WQoVdoW2RwGaonsk4hhBiOvo9KR/ZkDPXODi1jvSJDx1iTz0j4KIQQQkwe8ti1EGJQIkOmqJUjUrMQIpHIcR77jv/Yd2brvttDZXRdR1XVfsFjZPm+4aOEkUKIgSQai7HvuLSxAsjIZazQMVbdEjwKIYQQk4OEj0IIIcQkFXnjHTn5TKzHEhVFCY8HGSt4TBQ+CiHEYMULH/sGkJGvWJPN9N1fCCGEEJOPhI9CCCHEJBTZCxKImmwmtIwsG1ofr8dj36UQQgxXrEekYwWQfYPIWNult6MQQggxeUn4KIQQQkwifR+5jhQZPMabBTsUPgISPgohRlW88BGIChUTvR+obiGEEEJMfDLhjBBCCDEJxZt8BgiHi7EerU40uUy8HwnkRwUhxEDihYGxHr+OfB/rkWwgavgImWRGCCGEmNz+P8Xtzo7g0pawAAAAAElFTkSuQmCC
----[INFO]----Unable to locate elementPatient Module
----[FAIL]----Element 'Patient Module is not present
----[FAIL]----Element 'Patient Module is not present
data:image/png;base64,iVBORw0KGgoAAAANSUhEUgAABR8AAAJmCAYAAADVS/dbAAAAAXNSR0IArs4c6QAAIABJREFUeJzs3Xl4lOW9//EPkH0SlgATkCVkoUQYIkohGCuWoKCnINLaH6Di8YALVY+gBa1iqhb3pbgcW2Q7FlCwrUWFUwVMUNRAWATDgEGTDIlEyYBBSIaBrL8/spBlZjJZJjOB9+u6vGqeeZbv8zxjox/u7313qqysrBQAAAAAAAAAtLHO3i4AAAAAAAAAwPmJ8BEAAAAAAACARxA+AgAAAAAAAPAIwkcAAAAAAAAAHkH4CAAAAAAAAMAj/LxdAC48JRWVCujcydtlnBcyzAcabYsw9laE0eiFagDPKbbZlGM5LJvNpmyLRZIUExUlg8Gg6KhBCjUYvFwhAAAAAMARwke0q7RvT2jdoVNKio/QlIFBIoJsnmKbTVtSt2pLSmptAONIqMGg+OEmJSYk6PKE0U0GMwsWPuowyHTkLy//WTFRUW7tu2BhssvPp06epMQxCQ4/W7J8hbIth926zgtPLaq+nvv3IZ0Lr0JDDYo3mRRvGubWvWWYzU3eW4140zC98NST9bZNnDK12ce6ez1JmnP7LMVERTXreTiq0xlPndeRLalbtf6DDS6/75IUYTQqcUyCrkka5/b3EwAAAADgeYSPaBe5P9q17JM8bTYf05iRA/RB3hltt5ZoysAgJRoDvF1eh5C2I10vvfqaim22JvctttmUtiNdaTvSFWow6N2317RZHVtSUhVz+2y39s0wm11+nmOxKH64yWE4mm2xNCtIbIm6gVbajnRJVYHk1Osn65qkcR69dnM19SzrsrnxHfF12RaLXnrltSZDxxoFVqvWf7BB6z/YoFumT9PMGdM9XCEAAAAAwB3M+QiPKq+o1JLUXP32f/Zos/lYvc+OnanQ8m9O6yVzsbJOlXmpwo5hc0qqnnjmWbeCx4ZacowrW1K3ttm5im02rVm7rs3O1xayLRa9+MqrWrAwuc2fHdyTbbHowYXJbgePAAAAAADfRfgIj9mwr0BTX92tlZ9953K/Az+V6emMYq3OtutUaWU7VddxFFiteunV1zx6jea0qdaMqmwr6zds9MmQKcNs1t3zHmhVAGkICXH4bKOjBjV5bHTUoBa1D0dHDZKheiRpTFSUDCEhbX4tT523xkuvuDfCFwAAAADg+zpVVlaS9qBN7c09qWWf5Gn34ZMOPx8zcoCKu3dz+Flgl066YWCQJvYL9GSJHcrjTz+j7ek7nX4ebxqmeJNJBVarCqxWh63Km95f79a1br3jLhVYrU3ud03SOM2fe1+T+2VbLLLZbE3OVxhvMtXO21hXsc2mJctXOBxtaQgJ0arlSx22bLuakzDeNKz2749arbJajzncr0ZMVJT+8vKfHX7mau7HqZMnaU4T7enO5n68PGG0Hn/kYYefubq3d99e4/B5rF67TmvWvePwmMce/oPTeTeb4onzbk5JdRm2R0cN0iUmk6Sq71d2jkW206fr7UPbNQAAAAD4DuZ8RJs5VlSipZ/k6f0vj7b4HGfLK/WOxa40a4luGBikS3v6t2GFHdN+J0GTISRELzz9ZKORZc1ddKVGtsXiVvAoyWUYWpe7o94yzGZtTknVhPFJ9baHGgxOV+6OiY5q0QrHDRc/qZ0rcMNGh/tnWywOa2uKoRWrL7d0wZSWPI/QUM+sEt3S87qa2/L39/13o/fgKgAFAAAAAHgfbddoE3/7/Iimvrq7VcFjXd/ZyvXa1zb9JdOm/NPlbXLOjijDbHbafho/3NSmq/puSUlttM0QEuJw4ZW2br2WpDdWrPRKq22E0ag5t8/WnNmznO5DuNV+nAXghpCQZgfAAAAAAADvY+QjWuXjg8e17JM8WY6dbnrnFth9vFS7j5fqP/oHasrAIPl37uSR63REzlY0rhtIxle3p7ojzcFoxvjhJiUmJDhse96cmtridl1Him02rf9gg9faZadeP1lp6ekOR41WtbObm/U80TLORu02bK2uEWE0Kt40TBFGY+0o2UuG854AAAAAwFcQPqJFMn8o1rJP8vTZN4Xtcr1/HzmrNGupbhgYpLF9Atrlmr4uw3zAYTtwU/MMOuKs5ToxIcFpwLg9faeKbbYWtfo6s2bdO5owPslpq7WnXZOU5DT8+mo/4WN7MBp7O52H86VXX9Pv7/vvetsmjE9iRCQAAAAA+DDartEsxWfK9OdNObp16b52Cx5r/FRSoTezTuvZ/cXKPFnWrtf2lqbmDXzp1de0YGGy23MwOuOo5VpSbfB4ecJoh5+3deu1JL34imdX9nbF1Yg5V3MRou30cRE8b05J1a133KUtqVtZDRsAAAAAOghGPsJtf9/5vZZ9kqeTdu8Gf9+cLNPz+4v1i4gA3TAwSOGB52+GHhMV5XIkmFQVimWYzQo1GJQ4JkHXJI1r9gg9hy3XpmG1oxovMZkcBpxp6emtGnUWHTVIOZbD9bZlmM1K25Hepi3d7mrLEZcZ5gPMFdkCiQkJLhdMKrBa9eIrr1btOyZBiQkJDuclBQAAAAD4BsJHNCnt2xNa+mmeDuYXebuUej4vKNF2a4mmDAzSpAFB3i7HY349ebKWrFjZ5H7FNps2p6Rqc0pq1SIqs2e5FeC5armu/fsxCQ5raG3r9czp0/XXFSsahatLVqxU/HBTm7Z0uyveNMxh+NUwJG1KTSiM5rlmfJJWr13ndI7HutJ2pCttR7qWLF+hqddP1g2TJ3nlOwMAAAAAcO78HTKGVsv90a5H3z2keW8f8LngsUZ5pfSv3DNa+GWRdh0v9XY5HjH1+snNHtlVYLXqiWee1RPPPNtke2rGfscBWd3gMsJoVHTUIIf7OWvZdkdoqEG/m914jsoCq1XrP9jQ4vN6Am2+7SPUYND8ufc165him02r167TgwuTlW2xeKgyAAAAAEBLED6ikfKKSi1JzdVv/2ePNpudt/v6kh9Ol+uvmTa9ctCm3OJyb5fT5ubPvU9TJ09q9nFpO9L1xNPPutzH0UrWRmPvRi3Ilzhp5XZ0fHMkjklQvGlYo+1r1r3jcESmtziqEZ6ROCZBLzy1SEZj72Ydl22x6MGFyQTFAAAAAOBDCB9Rz4Z9BZr66m6t/Ow7b5fSIl8VluqJfUVam2OXvazS2+W0qTm3z9YLTy1qdghWM4eiIwVWq8ORYlckNG7XdtbC7axtuzmcjXTz5uIz8K54k0l/fXmxbpk+rVkhZLHNpjVr13mwMgAAAABAczDnIyRJe3NPatknedp9+KS3S2kTW74/q+3HquaDHN830NvltJl4k0kvPPWkCqzWqvnu0tNdLs5RIy3d8QIuzkLJDPMBLViY7HZdaTvSNfX6yW7v31CE0ahbpk9rtECLN+ZMdOd5uuOapHFNLsbTnGd8IQo1GDRzxnTNnDFd2RaLtqSk6iuzucn5N7ekbtWc2xu38wMAAAAA2h/h4wXOeqpEyz7N0/tfHvV2KW2uuLRSb2XbaxelGd7D39sltZkIo1FTr5+sqddPVrHNpvUfbHC5srKzQM1Zy3Rz583bkrq1VeGjVDW35ebU1EaLz7RnAOlqBGeig9GgrkQYjc1edRzOxURFKaY6UMwwm/XX5SuchpDFNpuyLRbFREW1Z4kAAAAAAAdou76A/e3zI/r1a7vPy+Cxrpyici0+YNPSQ6dVYK/wdjltrmZ02JzZs5zu4yhUc9Zy3RLZFkurzxVqcLz4THtyNhJUkuKHEyT6ipoRwK7asW3M+wgAAAAAPoGRjxegjw8e17JP8mQ5dtrbpbSrHcdKtONYia4fGKQpA4PUydsFuWFzSqq2pG6tN/rvlunTNHPG9Eb7XjM+SUtWrHT73K6CtpbYkpJaOzKtpWoWn2mr1ufmWr9ho8PthpCQC24U3cQpUyVVjeCMMBoVEzWoTVqZXZ0322LRkuUrlWOx1C4aE28apheeerLReUINBvUxGhuNlAUAAAAA+BbCxwtI5g/FWvZJnj77ptDbpXjVB3lnaluxE40B3i7HpQKr1e22Y1ctw44WqXHWcu1qrsLiYpueeMbx6tlp6TvbJJyaP/c+3XrHXa0+T3O99OprTp9ha1vKO7ICq7X6ubTtAk6Ozmuz2ZrVZl/gIniMvsDCYgAAAADwVYSPF4DiM2Va+mme1u343tul+IxjZyq0/JvTtSFkbNeO/Y9Csc2ml1ysDN1w1J6rluup1092OcovOmqQw7n2as7Z2hGCzhaf8ZQCq1VLVqx0OhLUEBJyQYePbam4DVuhXYXFRmNvhRoMbXYtAAAAAEDLdezEBU36+87vteyTPJ20l3m7FJ904KcyHfipWOP6BmrKwCB19ff9Zuw1695RhvmALqmegzDbYlHGfrPLYKfhStfOgj2jsXeT4WFiQoLThT7aovVacr74jLtcjYiru8K0rXphElfm3D7baZBVXNzyMK2lc2TabM2fLsHV/IdVbf3129xdjaJtj/PWlWE+oLvnPaD44SaFGgwqsFr11X6zy3NNSHK9yjgAAAAAoP10qqysbNteOviEtG9PaOmneTqYX+TtUhoZM3KAirt383YZjQR16aQpA4M0sV+gt0uptXrtulaPALw8YbQef+RhSdL6Dza4NS/knNmzGo32czT/pDO3TJ+mCeOTtCV1q77ab3Z6TExUlCIijJo6eVKjlaHTdqQ7bfGWHM8FuGBhcr35AlvL2fyajuYmdCQmKko3TJ5Ur4295lh3nmPdd7dgYXKdVmXnQg0Gvfv2GknSkuUrlGE+0CYLC9V93p46b4bZXC8cbglDSIhWLV/KyEcAAAAA8BGMfDzP5P5o17JP8rTZzCIMzXWmvFLvWOy1rdiX9vT3dkmtFh01SPPn3lf7s7uhnKP9mjP/ZM3+q9euc7lPzSrZ0YMGNQofW7L4THPqc8UQEqI5t892Ovelu3MTZlssjcLC5sxrWHdkobvH1H13bbEKuSOeOm9rGUJC9MLTTxI8AgAAAIAPIXw8T5RXVGrZJ3la+dl33i6lw8uzleu1r236eS9/TRkYpH4hXbxdUotcnjBa8+fe16GDmPlz79Pv5t4v22n3Wo2Nxt6tXv34mqRxmjljuiKMxladB+2rJmi/0FYlBwAAAABfR/h4Htiwr0DLPsnT0ZNnvV3KeWX38VLtPl6q/+gfqCkDg+Xfuf1rmDljuhLHJGhLSqq+MpudzrVYwxASosQxCZowPqnRSEKpajGXuitfH7VaWx3WeVKE0aip1092u/W8j9HY7PuJNw2TwWDQJSaTEsckEDp6UbzJpFXL3lDajnSlpae7Ner18oTRSkxIcDpKFQAAAADgXcz52IHtzT2pZZ/kaffhk94upVl8dc5HV3oEdNaUgUEa2yfA26Uo22KpbcfNzrEoJrpqpFeE0ehTwVmxzaYcN1tzfa12+I6681zW/b4bDAZGOQIAAABAB0D42AFZT5Vo2ad5ev/Lo94upUU6YvhYY0g3P00ZGKS4bgwaBgAAAAAAaArhYwfzt8+PaNmneSopq/B2KS3WkcPHGldGBGjKwCCFB3qhFxsAAAAAAKCDYPhWB/HxgeNa9mmeLMfcW3gDnvVZQYnSrCW6YWCQfjUgyNvlAAAAAAAA+CTCRx+X+UOxln2Sp8++KfR2KWigvFJ6N/eM0o6V6oaBQRrVy9/bJQEAAAAAAPgU2q59VPGZMi39NE/rdnzv7VLa3PnQdu3IJeH+umFgkCJDu3i7FAAAAAAAAJ/AhHU+6ujOR3Xixzxvl4Fm+OmMTSlZK7xdBgAAAAAAgM8gfPRRF4UUa37If+qFUSky9aU73pd19Zcu75quiNO3ylCxx9vlAAAAAAAA+AxSLR83omSlRhhX6t99ntCbh+J04nSZt0tCHSO75cqv+GmVnzrp1TqKbTblWA7X2xZvGualagAAAAAAAKoQPnYQ/1HxmMZdPEBv2R/ROwe7erucC15c2Cn1KvtflZzcLm9Nmro9fac2p6YqO8eiAqvV4T6hBoPih5sUbzIpMWG0IozGep8vWJjcZvW88NQiSVK2xaIly1e63Hfq5ElKHJPg8LMly1cou0GQ6khM1CDNuX222/u3xAtPLXLrftxVU3ONlj7/S4abFGE0Kt40rNE7BQAAAADAlxA+diDBZd/pdv/fKenn/6HVx2/W557JW+BC3+ByRft9pNKi1SrxUg1pO9K1ZMVKp4FjXcU2m9J2pFcds3yFpk6eVC/8yjCb27w+m83W5HkLrFbFDzcp1GBo9Fm2xaIM8wE3rlTZzP1bxp37cV/9qLql5617XLzJpJkzpineZGpVZQAAAAAAeAJzPnZA0aX/1mPdbtbjI9MV1dPf2+VcEAK7SAndMjTAfrNKi1Z7rY4lK1bqiWeedSt4dCTbYmnjilqmwGrV+g82eLuM80KG2awFC5O1OSXV26UAAAAAANAI4WMHdkXZq1ra///prvh8+XfhVXrKJV2P6rLOD6ry5NNereOlV187rwK79zZsbHGIisZeevU1pe1I93YZAAAAAADUQ9v1eeDGTg9q3KXxWnNqrjZ+E+Ttcs4bMaF29a1cq5JTm1Xu5Vo2p6S6NbLNaOytUIOh0eIzzrz79hrlWCxO5x40GntrQlJSvW0FVqu2pG51es54k0mrlr1R2x7uTLHNpiUrVuqxh/9Qb/sLTz2pDLNZm1NSHV7HaOytv7682GHL9rkahtW2IW9OTZXVeszhfrdMn9bkPblzP3WvVyPbYtH29J1Oa5Safv6GkBDFREfV/txUe/mSFSudzqUJAAAAAIA3ED6eJ3qWZmhu8GyN//l0rfphivbmV3i7pA6rV2ClhgR+qtJTS7w2r2NdxTab3nAR4hmNvTVz+nRNGF8/JFz/wQaX4Z9UvSCNi7kC+xiNmjljeqPtrsJHSYowGuuFZs6k7UhXhtncqIZ4k0lf7Xc8H2Ifo9Fl8ChJM2dMrz1nhtnsNHyse29fudivqfupmnex8XOaOGWqyzqbev4x0VF64akna38uttm0ZPkKp8+/wGpVtsWimKimnz0AAAAAAO2BXt3zjKl0nZ7vNUMPXmqWMYxsublGdftG0WdnqPTUEm+XUmv9BxtUbLM5/Cw6apD++vLiRsGjJLfCP1/w4iuvebsESVWhpq8LNRg0f+59Mhp7O93H5uS7AgAAAACAN5BOnaeuqXhG4wZ301tn/6Q1B3p5uxyfZ+r6o7qd/atKT7b96s+t5WqU4fy59zU5CtATXnhqkQwGQ5uMsCuwWrV67TqHIwfdERMVpaNWq9NRiy3RsN25pdryOdV1icnk9HtRXEz4CAAAAADwHYSP5zG/8pP6T7+5Svr5WK0unK2tObzuhgaGlGhg5/dUcupfKvV2MQ4UWK1OF2W5PGG0y1ArwmjULdOnKcJoVJ+IqlF9hjYKKl21CrfEexs2asL4JEW0YPThnNtna87ts1tdQ9325rbS1s+phqvnFBra/mE0AAAAAADOkEZdAAaUbtMjYdt09cjb9bfvrtE31jJvl+R1Yf6SKSRd5ScX+8S8js64Wr04McH1wiIRTuZr9EXFNptWr12n+XPv83YpHUKG2fkI3WjmewQAAAAA+BDCxwvI6LLlGt13ud7vu0grvx6s0yXeXsPZOy7rlquA4qdVfvKkt0tpkrO5HiXVjmb0pALrMa1Z947LfRyt9NwUo7F3ozbpLalbNWF8UpuPFow3mZpcJbq1MswHmnxO1ySNa9HIzoYKrFan93NN0jivtOEDAAAAAOAM4eMFaIqS9UtTlN6yPaT1h8K8XU67iQsrUq+ylSo5uV0dZS3wbIvF6Weeaumtq2Y+RldumT6t2bXMnD5dS5avkO306Xrblyxfqb+8/Odm1+ltGWazy9GIUlVI29rwMdti0UtOFugxhIR0mJGuAAAAAIALB+HjBapbuUV3B83R+JGTtco6XTu/83ZFntM3uFzRfh+ptGi1T7dYO3K+rlzcJ8KoqddPbjRaMNti0foPNmjq9ZO9VJlvybEc1oKFyZJct1objb31+CMPt8nISgAAAAAA2lJnbxcA7xpStkFPhd+shSN2q1/38yuLDuwiJXTL0AD7zSotWu3tctDAzBnTZTT2brR9zbp3XLabX0iKbTaXoyqNxt66Zfo0/fXlxW2+ojYAAAAAAG2B8BGSpF9WLtabkdP1X8O+93YpbeKSrkd1WeeHVHnyaW+X4jHnQ0C3wMECM8U2m5YsX+GFajqe07bT6tSpE/M8AgAAAAB81vk11A2tVKmb/BYo6bKRWnPybm3KDvJ2Qc0WE2pX38p1Kjm1Sef7cjo5FovH532MNw3TC0896cHzm3R5wmhtT99Zb/uW1K3tMqdlW7ll+jSvzLdYs0p4cXGx5tw+u92vDwAAAABAUxj5iEb6lO/R/NDZev6yf2tYn47xFekZWKkrun6insX/pRLbJm+X02ZcBXDZOc4Xo+lIfnf7bBlCQhptb2oBlwtBTVv1LdOnaerkSQ6fkySt37BRBVZrO1cHAAAAAEDTOkayBK+4tPwtvRwxQ/PiD6p7cBdvl+PUqG7fKObsDJWeWuLtUtqcq3n80hqMFnRkS+pWZZgP1P7lavVsb4kwGllgxok+RqNmzpiumTOma87ts/X4woed7tvUquQAAAAAAHgDbddo0q86PaVxQ3rprTOP6e+Z4d4up5apa6G6nf2LSk+evyPkYqKdh481C5G4Gh354iuvNtq26f31ra6rwGpVgfWYJCk6alCr5xycOWO6Nqemylp9zvNFWz+neJNJ8aZhyjAfaPTZltStmnr9ZBaeAQAAAAD4FEY+wi0hlcd1R+B/643LVuiKSO/OpjgwpES/CP27Qk7drdKz52/wKFWNCow3DXP6+ZLlK72y8MzmlFQtWPioFix8VL+56RZNnDK11SPvHC0+09E5ek6tbSd3NbfkkuUrW3VuAAAAAADaGuEjmiW6PFWPd79Vj434TIPC27cVO8xfurxbuvqcvlUlxf9q12t70zVJSU4/y7ZYdPe8BxwGWh1tNeyaxWfgWs3oR0dqRsMCAAAAAOAraLtGi/yicol+MWCJ/nHRU1r5dZTKyis9er3LuuUpoPgplZ886dHr+KIJ45O0fsMG5VgOO/y8wGrVgoXJijAaFWE0qk+EUUcLrG4vQOIqpLTZTjdq8bXZbI1Wp24rv7t9tjL2m2U7fbrNztkeC7FYjx1r9JwKrFZtSd3qketNnTzZYeu1JK1e+45eeKrjrBQOAAAAADi/ET6iVX7bZaHGxf9Ma4p/r//7NrTNzx8XVqReZf+rkpNpqmjzs3ccjz/ysH43936XoVzV/IJWZbg58K3AatWade/oq/3OD8i2WLRg4aPNqrUmdEvbke50nyXLV8pgMGjmjGn15qysWXxmzbp3mnXNhtJ2pGv9ho2SXK+aPXHKVEUYjUpMGK05t892uI87z2lzSqo2p6Q2u84nnnlWBQXOw9Ecy2EtWJisObfPqp3LcfXadS7D3wyzWXfPe0AGg0EvPLWo2TUBAAAAANCWCB/Rar0qvtG8kLs0/tKpWlVwo/Z93/pz9g0uV7TfJpUWrVJJ60/X4UUYjXrh6Se14JFH22xUYIHV2qLAzJ3zNjX/Y82q21/tH9ZowZyZM6YrLT3d6UhPd2RbLG63HxdYrS5XAffUc5LkMqCVqkalZpjNstUZnZphNje5arkvrmoOAAAAALgwET6izQyvWK8Xeq/X5t6/15vZo3SsuPkL0wR2lkaEZajy5NMq9UCNHVlMVJReePpJvfjKq60K5jqC390+WwsWJnu7DAAAfEZRUZHsdrsqKz071Q0AAB1Vp06dFBwcrLCwMG+XggYIH9HmJugl/TI6QG+XPqO3vu7j9nGXdDsqw+nFKjuZ68HqOraYqCj99eXF1W3FG5zO+9eQ0dhbVyQkaOr1k2u3RRiNniqz1eJNJl2TNM5jcyYCANCRFBUVqbKyUr169VLnzqwXCQCAIxUVFSouLlZRUREBpI/pVMkfn/qk07vvVemRDd4uo9XyOiVozU93aevhwNptY0YOUHH3brU/x4Ta1bdynUpsm7xRYpvqERKpaZe90W7XK7bZlLH/XBuuzWbTUau1dn7AmKgoxURHtWvQWGyzKcfNtt+aRXIAAIBzVquV4BEAADdUVFTo+PHjMvLfmT6FkY/wqIGV6XqkW7rGj/hP/S3/Wn177NyyMT0DKzUk8FOVnVrCvI4tFGowKHFMghLHJHi7lFqhBkOjeRwBAEDLVVZWEjwCAOCGzp07M0WJDyJ8RLtIqPybEi76m9ZH/FFfVl6kUd2+UaeTf1TZWW9XBgAAAAAAAE/hj1DRrv7foP2aO+KsLgnd5+1SAAAAAAAA4GGMfES76BI+UkFx8+RnHKsYSTG6WD8zjtfu3NU6XLjD2+UBAAAAAADAAwgf4VGdAnspKO5+BUTd0uizXoYYXTv0ceUc/0y78tboxGlWuQYAAAAAADifED7CYwJj71Rg3Dx18jO43C+615WK7nWl9h55R7vz1qi8orSdKgQAAAAAAIAnET6izfn3najAuPvVpdvFzTru0v7Tqlux1+jrgo88VB0AAAAAAADaC+Ej2kyXrnEKjLtf/hdd2+JzGAJ66arB8zTYmKTdeWv0/cmMNqwQAAAAAAAA7YnwEa3WqUuwAuPuV+Dgu9rsnBd1i9f1w59XZsEm7cpbLdvZ42127o5u4pSpbu0XExWlv7z8Z7f2Xb12ndase8ftGja9v96t/bItFi1ZvtLt89aIiY5ShNGoeNMwxURFOd1vc0qqtqRudeuc1ySN04TxSS2qreGxDXninQAAAAAAcD4gfESrBAy6WUEX369Ogb09cv64iIlVoyBz12jvEffDMVSFawVWqyKMRq/VYLPZlGE2N/u4usdEGI2aOWO6rkka12i/AqvV7fPHm4a1uLaGx7aUL7wTAAAAAADaU2dvF4COyc94pULHvqvgEU97LHis0aWTvxIG/ZemXbZUMb2u9Oi1zjdpO9K9XUKrFVitevGVV7VgYbKKbTZvl9Nq58M7AQAAAADAXYSPaJbOREoqAAAgAElEQVTOhoEKHrlYhsQ16hL+83a9do+QgbombqGuHfq4eoXGtuu1O6r1Gza6tZ+7I/EMISFtNgqwuTLMZr306mteuXZbjlR0t00cAAAAAIDzQafKyspKbxeBxk7vvlelRzZ4u4x6AuPmKShunqRO3i5FkpSR/y/tzlujkvLT3i6lVo+QSE277A2PXyfbYtHd8x5wa9+/vPxnl/Mm1pVhNmvBwmSHn02dPElzbp/tdo2SVGyzKcdiUXaORUtWOJ5f0WjsrT7V4d5Rq1VW6zGX53zs4T8ocUxCvWssWb7Caag3Z/YsTb1+stPztdU9e+qdAABQUFCgiIgIb5cBAECHwO9N38Ocj2iS/4CpCoq7X50Nkd4upZ74fr/Wz4zjtStvjQ784FtBradtSUlt1r4xzQwNHTEYDM0+JtRgULzJ5HKfCUlJmjljeu3PBVarHn/6GeVYDjvcf3Nqar3wMdRgcDkyMSa65SFfc+7ZG+/EkQKrVQUNAlyDIYSwEwAAAADgFbRdw6ku4ZfJkLhaISNf9rngsUaQfzddGXOPpl6yWAN6jPR2Oe0mLX1no22XJ4x2e19fFmE06vFHHnb6+XYfvR9feSebU1K1YOGj9f5asnyFx64HAAAAAIArhI9opFNgTwVf8qRCx66Xn3Gst8txS0TYxfrVsKeU9LMH1TWor7fL8aiaFZMbmpCU5DDsKrBalW2xtEdpbSbCaFR01CCnnzu6f2+6EN4JAAAAAAAtQfiIegJj71DYNZ8pIGqmt0tpkZ8Zk3TTz/9XPx94i7dL8RhH7b2GkBAljklQYkKCgyOk9R90vLb0UBctz74WPl4o7wQAAAAAgOZizkdIkvz7TlRg3Dx16TbU26W0iZ8PvKV6PsjV+tbq/lx8HYGjlt344VXzKl4y3PH8ir7aqtxS0T42fyHvBAAAAAAAxwgfL3BdusYpMO5++V90rbdLaXNdg/pq/M8e1M96j9fuvNUqKMr0dkmt5qy9t2Z0XU27csPFWoptNqXtSK+3UIuvyzAfcPqZq1GRDW1J3eryXK0dRXkhvRMAAAAAAJqL8PEC1alLsALj7lfg4Lu8XYrHDegxUgN6jNSBHzZoV94anSk96e2SWixtR7rD7XUDrEtMJocrRaeld5yga/XadU4/c7aIizObm7EKdUs4W+W6Pd7J5pRUWY/VX9naUdBaYD2mNeveabT9lunTWnxtAAAAAADcQfh4AQoYdLOC4u5Xp6De3i6lXQ3rO1mDjVWjIDPy13u7nBZx1KobHTWo3kjAa8Ynaf2GjW4d60uKbTblWA5rS2qqy8BwQlJSO1bVNEdhX3u9ky2pqS5HddYosFodBrqEjwAAAAAATyN8vID49f6FguLuV5eeP/d2KV4T0CVEiVF3Vbdir9Hhwh3eLsltzlZIbhjGxURFyRASItvp0/W2F9ts2pySqgnjfSu8W7PuHYej8hyJNw3zqdGb5+s7AQAAAACgrbDa9QWgc8gABY/8swxXvHVBB4919QqN1bVDH9c1cY+oR8hAb5fjFndarl1tk6rafDuq6KhBeuyRh71dRj0X+jsBAAAAAKApjHw8zwXGzVVQ3P2SOnm7FJ8U02usYnqN1d4j72hX7mpVVJZ5uySntqRudbj9xVdea7TN2SIq29N3qthma9aCLb7gmqRxmnP77BbVPWf2LMVEO18dOzvHoiUrVraorgv5nQAAAAAA4A7Cx/OU/4CpCoqbp86GQd4upUO4tP80De6dpN15a5RZsMnb5TTirL1XkjLM5madK21Heodo8zWEhChxTIImjE9SvMnU4vPEREe16nhnfOGdXJPU+NlkmM2N5oE0Gnv73FyZAAAAAIALA+HjeaZL+GUKipsnP+NV3i6lwwkN7K1fDr5fP6telOb7k/u9XVItZ+29LTpXum+Fj/GmYfUCtEuGm2QwGBQT5Xy0oi/whXfi6JjVa9c1Ch/7GI2aOWN6i+sDAAAAAKClCB/PE50Ceyoo7n4FRM30dikd3kXd4nX98Bf0dcFH2p27RraS494uyWl7b0tsT9+pAqtVEUZjm5xvwcJHZbOdlqG6bTgmOkpzZs9y+/h4k6lDBmO+/E4AAAAAAPAVhI/ngcDYOxQYd786+TFnXFu6OOLa6lWxV2vvkb97rQ5X7b23TJ/m9DhH7bc10naka+r1k9ukPkn16sswm5sVPnZEHeGdAAAAAADgCwgfOzD/vhMUGHe/unQb6u1SzltdOvsrYdAsDTaO1+68Nco5/lm71+Csvddo7O1yxGC2xaK75z3g8LMtqVsJulrB2TuJjhrEOwEAAAAAoA7Cxw6oS9chCoy7X/4XXeftUi4Y4SGRmhC3UIcLt2t37hodt2W327XXb9jocPsVCQkuj3M1Z2K2xdLsNl/rsWONRu3ZbDanI/k6iuJiW7OPcfZOLmliYZu2ficAAAAAAPi6TpWVlZXeLgKNnd59r0qPbKi3rVOXYAXGzVPg4Dleqgo1vsr/l3bnrVZpub3e9h4hkZp22Rttco0FC5NVYLWqwGp1+HlMVJQMBoPm3D6rUai1ZPkKZVsON7nqcqjBoOefWqTsHIu2pG5VjsWiYlvzw7iGNr2/XlJVe/L6DRuVtiPd6X3UvRdJeuGpRW5fZ3NKqrakbnV5n6EGg6Kjoho9p5pjm7rneJNJ1ySN04TxSe36Tlq64I6j+jrCAj4AAOcKCgoUERHh7TIAAOgQ+L3pexj52EEEDLpZQXHz1CmIUVG+4JJ+v9bPjEnanbdGB35wPAqutZoKqWrmHLQ5CM6yLRa3RiQW22yy2WwqsFqbvF5LFFitWv/Bhib3czZ/ojvnb6ruYptNGWZzo+fk7j1nmM2KNw2r/XtX2vKdtFSE0cjoSQAAAACAzyB89HF+vX+hwLh58us5ytuloIFg/+66MuZe/az3eO3KW60jP33p7ZIAAAAAAAB8CuGjDwu+7M8KGPgbb5eBJkR0vViTTE/rG2uKV1fFBgAAAAAA8DXM+eirKsqkzmTDAAAAFzrmrgIAwH383vQ9nb1dAJwgeAQAAAAAAEAHR/gIAAAAAAAAwCMIHwEAAAAAAAB4BOEjAAAAAAAAAI8gfAQAAAAAAADgEYSPAAAAAAAAADyC8BEAAAAAAACARxA+AgAAAAAAAPAIwkcAAAAAAAAAHkH4CAAAAAAAAMAjCB8BAAAAAAAAeAThIwAAAAAAAACPIHwEAAAAAAAA4BGEjwAAAAAAAAA8gvARAAAAAAAAgEcQPgIAAAAAAADwCMJHAAAAAAAAAB5B+AgAAAAAAADAIwgfAQAAAAAAAHgE4SMAAAAAAAAAjyB8BAAAAAAAAOARhI8AAAAAAAAAPILwEQAAAAAAAIBHED4CAAAAAAAA8AjCRwAAAAAAAAAeQfgIAAAAAAAAwCMIHwEAAAAAAAB4BOEjAAAAAAAAAI8gfAQAAAAAAADgEYSPAAAAAAAAADyC8BEAAAAAAACARxA+AgAAAAAAAPAIwkcAAAAAAAAAHkH4CAAAAAAAAMAjCB8BAAAAAAAAeAThIwAAAAAAAACPIHwEAAAAAAAA4BGEjwAAAAAAAAA8gvARAAAAAAAAgEcQPgIAAAAAAADwCMJHAAAAAAAAAB5B+AgAAAAAAADAIwgfAQAAAAAAAHgE4SMAAAAAAAAAjyB8BAAAAAAAAOARhI8AAAAAAAAAPILwEQAAAAAAAIBHED4CAAAAAAAA8AjCRwAAAAAAAAAeQfgIAAAAAAAAwCMIHwEAAAAAAAB4hJ+3CwAAAAAAdGBnflLekUKV1G4IUGjf/upj8GJNF6jiH3J01FZnQ1C4BvbvrgAvnQcAJMJHAAAAADh/2AqU94OtThBYJaBrhAYanaWBpSr+4bv6YZMkGSIU27fpBLHkyMd67vdvKat2S3dd/8fFumdk92aV3hGU/HhEeScaPl0nuhjUp1+EQluZ2DUKAiXJEKGBfQ31w8Dyn/TVO3/Un7bW2Xn4nVr26HUaGNSMC7bVeQCgGuGjL6ook91mV1lRgbKsRQozxqpfrzAFd8A/ZrJ+/KJe/LifZj07Q3ENPzSv0oNrzuiGhXcqMaz11yqz5+vwIauKJIUZ4zSoT7D8PDKxgFmrHlylE9f9QXPHhdf+fGZqsu683NGNlMleZJcCa96hVSkvvqhtMffoiamRkqqf0xexuuexGxTZkpLK7Mq3ZMpqk4LDIxXbP9xD9w4AAABfdiLzfT34pw91osH2PpMe1euzRiq0i4ODygv1+Yo/aPGu0nqbQ8c9pOX/PUY9HB1zQbIpe9NzmvfOEfd2N4zRH15+SOOMrbikoyBQknperUUv3KPRPVtxbgBoJ4SPvuj4p3r9xU2y1t3WOUyxk+/SnVe05jeXl1TkK98qxTkqveKU7HZJrQwfrVtf0csf5qvML1hhXewqOivJL1I3/P4eJXroF3J+/veSwmt/PmVzciPW6vcZf6uev8VUu9luK6q/n+2UGmxxz9EUvfLqJuVX+CnMIBUVlUlhl+rW+TNkCm7JCesr+3aT3viwVJPum9SyYBQAAAA+olR5Hy7SHUv2V/3YZYjuXLxIv+nfurMG9L9aDz1h0LKXlmrnqdZXCTf8uFtffPuTRvesM7q0S3ddMi1Zfwhbqmc/yGn5uavP88fuS/Wn9a04DwBUI3z0YcYJ8zX/aqNUUaS9b7+ote+v1MaoP2jSRd6uzMd8v1ErP8xX+Li5mnddv6ovdYlV5oN2xfjCnwT2ulQ33BSuMmNM25+7JFNr39ikfON4zb13ovr5SWXfb9Lrr6Zo1apIJd+V2NpcV4W5+5V7xNiyYBQAAADtqkfcFD35xAC9/dJSfXFKkvw14qaHdMe4OIXKpoM5353buTxHB3IKNTkyXL+Y+YDyjj+ndy01xzygO8YObzzqscSmo0VSn5512rGDumtgdH8NMKjp8LHcphO2APXo6u96P9tPOqHu6uHuvJHlpTrxo02Gnt0V0KXB9lNSjx5NXK/6mkfLDerTVG3VBo6dolHlO/TuFwVVGwKide2vhuhoyofa5+Q5FJ/4STJ0d78Vu0t3XXLjQ7rT/pyW7qg7+vEnpe/I1IlR9UemhvaN1sUDeihAatR671ipiq02BTR4bqF9oxVzkYPzlJfqxKkS9XDzxRRbC1TaNUI9mmjXLrYe0dFTJZIC1LN//yb3B9CxED52BJ3DdOnYUdqYsU3Zhwqli8KlskKZP9mm/cftCosaq6tG9VNYZ0knc7VtV74ixyYqMkBSiVWZB/NlD4vUpTFVo/SK8vYq63Q/DY8zyk9lKvw2TWl78lUUFqOxY0erX3VaVZZnVqYhTqYeduVnfq38oghdnBCpsIoi5Wfs1K5Mq9RruMb+0qTwut+konztTd+l/ECTBtnL1OTXrKxQWZ+ladcpY+31y6xZSjtUJNMVlyq8pn34RJb25pap39A4Gev+si4sVKEkU99+564UYJRpRJ19SgqVm5WlrEPZsgb006gxiYrtWb33yVztzfdT3NAI2b/9UnvNVvnHJ2psTHidE1Q/J3Op+o30V5mzW/kxS1/uNcsaNqr2nRQdyVWRgmUMa94wxKIjO/Xp59kqCjQqxjRcl8UYG7VSF+1K0V5bsEbfVBU8SpLfRRM1dmiK1h7MVb4Sq9rdq99J5nHJaBqrq0zh1c+qTNbM/ToVcali/fKVuW+vMs/206grLlW/4KrvSub3dklFytq3V6VBNd+bqntN27FL+UVhivnFVRrdv/qLU5Ir8zdhijOFy34kU1/nn1JE3GhFdmvW7QMAAKAlDBGKHXqZrhzqry92lEoqVbF6VM33aDukg4d+qrNzqb7LtapEEQrtYVBpTbbVJVqjx4xUbN/qEK7cprxd7+nN1f/UF7Udx/6KnfBfuvem63Rxj6aKKtWJgx/rzdVv6aOD5wK0HkOv1m+nXKeJo6Kr2sFP5Wjr+2/rzX/u0dGanYKiNW76TbrtupHqE1SqvK3/q2WfHKkOxAJk6B+nwSW79c/Nh1Rc9QA04sZ7dc84g3a9s1RLt9UU3F1XzH5A/33tcPWo+98SZwq088O39bd125R1pub++2vczDt1168a7FtPd4345XW63nZCm74oqLp2z+Ea9x9jlZf1ofbtP7dn8ZE92vDOm3pzW5127f5jNGPmzbpxVH/HrfB1hHaVfjzScNJH6cTOT7Xvx5EaZ2wiLC236ev1S/X2vhO1z61H/ziFn/hUG744UhsuDhx3px6YdZ0u7urgHAV79O7ij5W6I6d6f39dPPUBPfDbMRpYL4cs1dE9/9baf/6j3ruW/NVnxFUa98urNWXskPqhdrlNB99/UskbCyRF6DfPvKQ7h7JaEXA+IXzsKAL8VfsrxW7WqudXydw5UqbBwcp8/xVt2z5R8+8bL2PnfO3f/J6yuo/WrJ/7SVkpWvn2XqnbWIUvnKRIFWrnv9ZqU/gMXRpnlPXj1/Xix6cUOTRWYZZNeuWz7Zr4wFyNN5Ypa8c/tOrLSF1qytXeDLs06AYlJxhlfvtFrToYprj4ftK+t/XsF8M16+EZigtQVQvwy5uU7x+msKC9Sjtpl+SqVdyqTa8+Kz9DmPztRdr72S7d8PA9SlSudm7YpKzg4VX3ISn387Vau/ti3Tkirv4ZBwxSP5llfn+pNvrdoGuHNgzpMrX2jyu11z9Mxr7h0g97tfezvdX3Kem7T7V2VbbCwkpVZPevatvevkvWO57QjYMlyS7zmme1KqNUwd2CtffLIoejAIu2v6E/brbL3yDZbWna9X3VnI75e97TP7bbVdag7doV69ZX9OKHBTLGDVe/kkylrtol6+8aj3rNteRKMimmwaDKuKtnaVZSv6rg0W7Wqj+vUqYhTsP7S3vfflbb4mcpeXqc/FSo/RvXapNto8LsRbIbgqWibUr7xq7kuxOVv2ejPv22SJK/srZt1P7g8YqMMyr8aIpef3mTTvU3KbZrrjb9zyJtnzhfc8cZVZazS/9YtVORl5mU+6VZdkXqhuTRtGwDAAC0l4BwDYgeIO2oapnNO3RIR0ui1ed4pvY1mK4w72COjp4ZroEncvTtj9Ub+w/X0F7ngsevP1isB9/c02AkXamyNi/Vgyf89fqDV2ugs1rKbcr6cLEeWranOhw858TBj7X0iDTg1Xs0wrZNf35isbZaG+x0Jkdb33xSuzLv0eL7L5fth/3aWfcm9u3RF/UOsGnfP5/THf9sWMhP+mLFc5LhJf1hfETVQi1njuij15O1eNtP9XctP6Ktb/5RR8tf0vM3RtdZ1MWgi296Te+Oq1oAJrRvuLSnwWX8B+jKOS9p6JkA9ewfobP739T9T76vvIblHNmhtc/s0dczFyl56hCXAWRx7p7a0Ddg5I2aXP6+3t1XKtn26LMDhbrCGNHEKtSlKszdo5376oSB+xoWLuVtXapH7f56/fdXq0/DE1r36KN676ZUX69/TovK/6TFtw2vqr/cpqz/W6yHVjR+11Kpju77WGsLDBoxcoh6OAo4AZy3WJKiQ7DL/HGaChWumCHhyk/dKLMtVjfOv0e3Tp+l+beOVvD3m7RxX5kU1k+R3aTc3MOSJOuRXCkmVpEnrSookVSRq/zvpciYWKlkrzZ+nK9+v5qne26doVvvvVVjw/K17bMsSX6KG5uo8IpM7T2eqLlPP6/n705U2Pcp2pghjb51vmZNn6FZ992gONtepewqklSmvR9tUn7gaM16IlnJC5/QvKvDXd2YpGCZpj+hp5OT9cRDk9SvIlfbPs+XjLGK6yZlmvdXjzK0KutQkTQ4TrENT9FtrGbdlijj2SxtW/WiHnl0kV5fv1eFtcMT4/Tbx57W84uSNf/uezR//iT1q8iX+UBhvWfcdcQsJT/5hJKTb1Sc7DqcW/3b9fsUbcywq9/kh/XEwmQlPzFDjiJEe9ilmpX8tJ547GFN6i/Zs7NklRQ39Z6qkPNogRr+u5Rjhdr/Vb7U8yrdOmuGZtx6j/6wyHG7fWlF1f/6N/gnOfiiOMVVj0TMT90oc8Vo3frALM2YPkvzfh0n+5cp2lkvQe2niQue1tPJT+iuK8Okw1nKlRQ3NVl3XWWUdJGuvS9ZyXckKrzmPV80SfPuvVUzbr1Ht14RpvxPtilLkl/cWCX2lDL3nVDivKf1/PP3tMmCQgAAAHCXv/oMGaI+1T+VHM7RUVupbD8c0XflDXbN3a+sE/U/6zEkTn2q216LD72n/6kNHg26eMKNuu3GsbVhY8lX27TPWipnig+9p8V1gsfQoVdrxk1TNLruaILSAn3x9tJzwWPPkbr+pps1Y2z0ufPseEvv7jutPkOv1rVDG6yi3WO4rp92o8ZFNbi4caR+M22Krqid09KmXV98qaMlUk14+npN8BgQrXE33qwZE4bUBnlff/6l8hoPOFRo32jFxkarj8HBiMMu/urRP1qxsf3Vw5ahtUvPBY+hQ6/WjJk36tohNceVat8//qHPf3D+/FRu08EdO6pHgho06sqrdO3Y+OoaS7Vrx34VNtVf3cWgAWNu0LioBqMJAyJ08dAh9VawLt7xvj7KcnDTktR3pH4z7UZdG3vuvvN2bNfB6hbz4qz3tLhO8Nhj5HW67bbbdFudZwrgwsTIRx9m/fQNLUqX7EVFKqvwU7/r7tGkiwqV8vdCyThKg2q6eOPiFKOdyrYcli6L1aBIadt3uSrUIB0+UqhI00RFfP+e8nKl0cpWtsKVGBMmZWUqs0KKLMzS3n1VpyoLk+zf5apQsQrv7Cc/Saarz7X0Fh7KVqH8dLpgr/aekaQiySDlfpcvScrMlGSKU1xNGNa5qa9YmPpdVH0j3eJkMm7Uph+tki7V8PgwbftivzIrLpXJlqVMqxT3y0ZrZledZegNmv/keOXvStF7H+9U7va1evabXN15/w2KDZD8Au3KP5il/KJS+QcWyk+Svbxu87RRpoTYqtb1gJB6/2BU3bNRE4dUJ2idHbc1GE2jFRtWdU/h4dK5XpHmClfc4HBt+jRFb/yPXVdNHKvEweEO/2FtGDo2VqjMbwulgNOyZuyVXZKKpGDlKvc7KXFo9W4xozW6ug09OLip9vCsqvfcv1BZ+/ZWbSrrKtnzlfujFNtT8usiyTReEy/i/2IAAAC8IXRAvC7u+qGOnpL0Y6YO/lCogMzM2mAooItUUi7pTKa+zilQn5yaz/w1eHB/GbqoaqXlzR8rq/qYPpPu12OzRqrHT3t0dOs25f0oqbz6L0fKbTq47dzxASPu1OKHr9NA/5/0xQ8fa6e1KuQqO/6lPtpVE3hFa8ZD9+u2IQapZIzCbQ/o9T2lkn5S+p483TZniu4JLVXW79+qPm9/zXjwId021KATg3/Svic/rlrpu8sQ3fnIQ/pNlHQ04oh2vVoVoJYcL5SttOq+U/+9vzZUHfffD+qBsREq2V+sLzYfqg4Mz8pFLNikowe26fOaQNV4nR568E6N7iFpbIzO/v45bT0l6UyGdn5bqGv7Rzg+iS1Hu/ZUzylpGK4r4yLUp3yMRgTs0c4SqeTLbdppvUrX93fVeu2vgWNu1F3+hdpXsxJ60Ejd/9JDura/v0pyP9SiB5dq5xlJOqJ9WSdUMrRBPT3G6o9/uldXGP1VPFI6+OA/q57RT1YV2kqlriU6uLX+u37+wes0MEgqPnhCH20+VP8/j2w5Wrvw93rT0rDWAr378C16t7ru0fe8puQJTY3sBODrSAZ8WNjgqzQpPkwKCFdkVD+FB/tJssrZhIN2e9UkJZFRkVJGvnIrDisvN1gRVw7XwMi12n6kUIXKlz04VjF9JB2v+lWav2+jNpprr6qwuH5yNl6xrLxUUpEyt21Ubk3w5RemyL7hkqy1I/FapdiuIkmRcRcr+LP9ysyWTGezlKtI3TDExVe2c5j6JdygexImKX/z63rl4zRt2jVesZfblfLqi9pkNSouvp+CVagiuf/lr7rn9tXvV3N1T9d/6B+b07RxWZo29hytWffdqLgGuWBQcLCkMp2umpvZgbKq70tRpj79v9zarX7dItWvV0urK6t6z9/v1cb/OzeZTVi3i9Wvyfl+AAAA0C7C+mvoYH9t3VMq6Yi+PnhIOljdu9tzrG4aW6A31x+SZNO+/fvV54fqgEsRiokMrfpXy1PZ2negpiXZoJiIUu378C199uE/9UVti/YQDXa2mEtpgbK/PdfSPHTM8OoRld11ybQ/6fVJpVKX7gr64Z/Kqhm913e4RvStHqEXEKGhQwdIe6rax0/kHtGPpSNVb/yeob8ie1Vt8TcYFFi7fYAGdK+qK7C7UQZVL5xSUqqz5VLxDxna9UP1vgH91UcWpb7ztjb8c1vtSMUeg8+NAG0+m47m5Jwb8TksXoNrWo27R2lE7bupmnezWBEKdXCWE4e267PqOgOGjtTFPf0VoDiNGuqvnftKpZL9+mJfga7t3795AV3fOMVWv7eAiOEaNVjaWf2v9ieOnVBJeYPwsX+cBlQvxBNgCFd4gJRX9UCrnuuZIzqYWfOu/TXiiuGteHYAzjeEjz4s+KI4XTqi4XyJ4QoLl/SDvWoUmySVnFaZpHBj1b5hMbEK107l7+unfHukLo/0U0RmmPLzc5VbkS/FjK1qXe4arjBJkVOSdesIuSW8e7ikMl11xx80sU/DT08pJFhSRQvDuopCnSiSgqOMVSs0x8QppvNOfZ2Zq6ySbMk4tnpkYcPj1GACAT/1G2GS8eN82e12KTNFm74P09h752vSQEkya9WXq9xsga4ZCViksrYIVt0WrMgrb9X8K8tUtPttvfj3ndq0I0lx4+rHwoOiIqX0TJkz7Br98zrJZEWRis6GKSy4+vtSfpXuemiiy9k33Rem8G6SBtyg5FsvbZMzAgAAoI0FRGjokHPBXdbObSqu/rPogMHDNWqkUanrq0b4Hd3zqT4/Vf3v8MbhGmqsCvNKztiqRk5Kkmz6YsVzDeZX7K/rZ/6qaoESR6s7l9hUVNvBa1CPrqG1AUeImHIAACAASURBVFlo3+jq6ZRKdTTnxLn5JINC681/GNqjzorLJaXOR1k2U+mpn87N415ySGtfeq7+Dj3H6q5fxzde7dtd5aWynTo382Gooc4c/l0CFdbdIKkqrCspLam6r4bXKrfp2z3bq0YqSirZ9br+87evN7rUvh37dfTq/vXap5vFP1RhXQ2Sql9WhXvrZNdTckJHawJpGdSnZ6jrMLRLgPoMG6kRoSWSSlT47SHlVS/4Exo5RLFdA6QuBsX0DGTUI3AeYM7HDsdPl42Ik07u0qf7quZZzE/ZpkyFy2Sqjpb6xCg2uEjZn5uVb4zUoAApckCklL9Lu76rnu9RkvrH6uJgyfzJJuXay1RmL1K+eZv2umgX9hscq34qVNrHe1VYUqYyW6Fy03cq0y5JsYobLOngNm06Ypf9+71K2dNUxFcme0mZVFGm/I83aac9XKNGVdfX2aTLTFJRdoq2ZdoVNiTWYXiW/+GzeuSpldq4L1eFRUUqKsrXzn9vk1XBGhRplPz9FawiWX8oksqKlPV/KcqUmgwT7faqeDdscJyMNfdsK1TWx2nKbuKu3GIrVKGt7jDWMyr80a6yijJl7d6p3JNVK4UH9+qqYEl+AY3/RNlvxFiNNkiZ/3xFa7/MV1FRoXL3bdTSpxZp0ZqdsstPFw/uJ/2Ypo++LFRZWZnsP+ZqZ3rmufDaoerRlPVqK1KRvUxSpGIHB1e95zy7ysrsKvrerG37nL/r/M2vaNGLr2vbEae7AAAAoE35q2fsENU0phQf2lO7mvPA6Gj1uShOQ3tWf2g9VPtZQHRcndWLnYVQBsWOvVl/fPlZ3TOqu5N9JHUJUEBtclQi25mzDs7o32Bao/qtziUlJeeOCfBvHNC1VLkct1QH9dcVU+/Ryy/dq3F9m1hFugn+dWo92zA0LT139QD/AMf39VOmvtj5k4MPGtj/qXa5mjeyKeVnVWQ7N8+j03pcKS2pauOXJAVKXZp4dkH9Ne6OR/Xck3/Sc08k646ra0ZaRmjinOTq7Q/ptpEuvl8AOgxGPnZAfpfN0Kzc17Xq7UV68G1JncMUO+WuOguSDFJMjJ92mvMVnPCrqsAuJlaxJ95TVkW4xsfUzF0Yp//P3v3HR1Ue+B7/ZCaZZBImTJgwgYFAQgL5AcEgKBoKbRSkokVRqlVaqq3b/WFve7vtbt22bu9uf3m97XVvb73b7drSpWLFolgqKILEQglGQSJIIJCQQEIgIYEhYzJkJmfm/jGT378hgYDf9+ulZM458zzPec7Jr2+e5zx3PZRH5dq3ePb7b4W2RTtZtDqPORP6uDXGLuKhe47wH3/6PU8d+H2oPWMzuTv1ZrDCrPtXM6diLW/9/Pu8ZbKRvngps3ZvpbzCy+3ObnOGx4xjXPSH7Pz5d9gJEOnk5oe/Eh6dGJJ54xysv93PEazcnNn7eslJtyzl5hOvUfjCs6FyACJtZN7z1+HVqhdx++T3ee3lH/CPL4Nt+lJuv7GRt05U4sVJzycc2oiPA0/DOVqZSqTzdlbf+SH/9vrveeoARDrz+PRCL68VV3KCWb2u4hxjtULdCU61grNHVzqZmmaDPa/x1A9O8aWnHiJzajo2UyGv/c/vc+qRrzPp3a288dKG9hn2tun38tlbexn2aUpn5ddW0vz/XmX/i/+H/QCmSMbNWMrjD90cOrcFD3Hvkf/g1Ref4jsvAkRiy7yblPn0cu5gjYsH6qirB1zgbG/bD3gtvGJ35mceIu/kWt76xfd5K1ync8GXyMt19vpF5XzdKTx1cKq3v4iLiIiIyIiIc01jegzhZ/m1SSI7I4kxNgtpKVHQ0DW0mjJtMuPCgaElJoEJ8UD4/ekrvs1XF+eQNjmuYzRabyP22kTFMS4xCk6EphcfO1JN06eSsHQ7fkxCAu2PTK+r5kwTZMUBho9zNR1/4E6YnITj8vLAjqYl2BkH4WnRSXz6a49z/42ZTGmbQn65IyzNcYxLHEfb6Mbz1XWcMwiN6vSf42RNW9gXxYRkZ6+j+84fe4eittGE5iTSs50dU7ONJk6UHA+Piixlx7tVfCZ12qWNEvRUU17V8XJcUsLQy4lJwNE+ePIcDec/grYJ8sM0WlVErl0KH0cj5+186+nb+znASuaKb/Hju7x4WsAaZyWy27TjOat/TJcJsbY8vvJUXs+SMu/lWz+8G2+Tl9ZIKzZrp1uij3Y4F3yFJ+d78XhbiYy2Ye38nck6i4e++2PubfKC1YY1Erjt9t7H2KbczRM/uBtoxesFq7Xn7RiZ/RDfuuccP3gziVlpvfdGpGMO9/7dHO4NtIbOg0isNmunm9vJoq/9mLwmD15T2znezu1tIx9nrebppzuXOJV7v/8093Y+5/yv86+3ePAGrNjiQiUvuqtt7yxWdy2A9Pv/hafv76j/9m89TeeeTF/xJE+v6LRh+r08+VSnGrOfZFFrH33cXcLNrP7uzbQ2efAGInveDyYneX/1JDd7PXhbu+/v2TbbrV/h6Vv7aRuANZN7v/Vj7m6rs1t/dy9z1ud/zL94YcC1bERERERk2FgSppE7Fd4t7bQxLpVsVxxYLF2mZYeEgsn2Hz3j08jOjGNTeGGYsnf2cGxuKsmJfs4cO8CO17dwMvMrPLE8FHr5u4dMliSyc6bBvlADzr/5W17ITuCLC5LxnzrAjj+9zrFpD/P3N3daHKdpH2/sLuWm5RlYqvew6e22Z1HGkZubGloIZ6h6eSzUmImzyZ24gZOnAWopevc4CzKmMcF8jvKSd3jjj/tIePjbPJIT1+O9Hfz4Gps6RmZerOXkseOMS0lmiiOKCRk5TOB4KFQ9uJ0dJbfySG4cZ/a9zhvtK7NkclP6uJ5h38VqinZ2TLlOWLCSr37hk2Q528JRN7v/7zf414JQuFm2czu7sxeTNS0Zn+Hrc8xqO3cVZdVuJkz8iA9efYE32qdMTyN3+iUs8BLjJHta273i5703d3F47kqyYmr54J19l74Wp4hcFyKCwWDwajdCpE+tJ3j1fz3Lkdlf54m7Jl3t1oiIiIhccbW1tSQl9bESrki/mij+7RN8e2OnZ99kPMKz/3oP6THwUfGvePz7r3cEQ/GL+Od/+wYLHB2Hf1Syjm//04b2VYx7cCzmu1+J49c/+WOPgCnrkf/LDxdU859P/M9O4VY3CYv456ceJW7bD/j2huN9HASWnEd45p+WYXnzSf7qt6Xd9trJSvdzuKyp2/YkslLPcbiiW/hoyeHxZ54g+/2nePzXB+nLmFse59lvLmZCb0lc3U7+9b8/w+7uVQJTHnyKZx7OYEzTcV7+yRP86mDfU6LTV/wrP/xCTtdnS/ZRdnu5F6vZ9MP/xrM9mh5P7gwvxUe71Re/mB/8/HGmH/8Vf9u22nUfEvK/wb/9dQbFP/tvPPNe93Ju4Sv3wQu/fYePuuyws/yfn+Fh/zr+9ifb+y0fCPf/k11W6P6orpozjU1AHGMmT9ZiNXJZ9H1z9NEzH2VUqtv+U/7xO9/hO995lkLrIh5aouBRRERERGRo4piamdllFeUp2dPag50xybNDi8W0mTiNpG4D/cZkP8C3v7aYHmtNtu1PSSIqou8WWJy38Fff/go3J/S1PwGCceTe9w2+kd97WGDJXsmTX1tGen+DEIcsivQ7Huef757W5/5kZ2/rTw9B3DQ+8/jfs7z3p0cx5c5v8O3P5Vz6ojbDzJKziu9/aVHvYesgJNy4ir9f3ld/9m+MczLp6Rmkpyt4FLkeaeSjjE7hKcf0mEItIiIi8vGiERxyWRqPU7DzIOf8hFYYvmERC6aGUzyfm8O791DiDk3SjZtyC7fN7X3Kre/8cYrfO0h5bTUnGu1MnZpE2sx55KbaoeEgO3Yfp6nLtGsL47IXkZ8RrqupluJ973P42BFK6iwkT5/G9IwbuSk7qWN1a8PPmZI97C4+SHHFecZNySErZy6fyJ3cfsxHpTvZUXK+62IxUXGMi4dzDd2GCkbFMS7Ozzl3t0nIMUncsOAW0sPB60cn9vGXg9WcqT7O+Zhkprgmk507t2OKc2+aqnl35z6qLnbfYWFcxq0syLZ39KPPzeH39lB08ADl9RaSMzOZmXsrN6Xbe5/e3GvZnco1mih7Zycf1HU7r4hIbNFBPBe7zX+Pm8yCRXOJPtRp5GPCXO6/MxX/iQo8CZlk597IbTdOC/Wz0cTJ93by3mlfj3JumAolpdVdp9ib40i76ZPkTowC/Jwv3ceuknKqavyMm5pJbq4TT8lBqtouT7f+Fxlu+r45+ih8FBEREREZxfRLlIgMh/P7OoWPqat49kcrh3k0qcjooO+bo4+mXYuIiIiIiIhct/ycfOtXPPWbTs9jrHiVZ374Q54tqB54cRoRkcuk8FFERERERETkuuWjqfYgxdWdJ6s3UVayj+LTTQofRWTE6VF6IiIiIiIiItctC3FJOdycm4Cvy7MaLUxJiuv9uZMiIsNIz3wUERERERnF9OwqERGRwdP3zdFH065FRERERERERERkRCh8FBERERERERERkRGh8FFERERERERERERGhMJHERERERERERERGREKH0VERERERERERGREKHwUERERERERERGREaHwUUREREREREREREaEwkfpnc+L13e1G3F1+OoqKTlaRYPXGOBIA6/Hy0BHDZXRWEXpoUrqmq7vC2B4PXj9ve4ZfL/6vXg6X6fur0eTj/HnlIiIiIiIiHx8KXwcjTyl7HpzK1vb/vtLMTWeYa4j4KHmaCXuQO+7G/ZtYt3b5R3HVtTg6ePY60nDu+t5sbAKn7eKAx9U0X9WVEbB+gLKhrF+X9lW1m0uwUM9pUdqh7Hk0afs7fVs2u/ubQ8F6zezv9d73qChopKGttCyvID1b3e6At1eGw2VVDaMjjCyYd8mNu1ruPQCPkafhyIiIiIiInL9UPg4GrU0UHOyhaRb88ibm01KdC0Ff1hPYd0w1nGhhF07d7K/up9jjNbQv9V72f7WLkouDGP9o5KbsspW0vMWkntDHvm3pGC5wi2oOl5FYu5S5s2cx8K5yVC2ledeL73CrbiCjL6CQQNfSy+bPQfZWbCdvScGU7iHg7u2s31f5aW37yoqf/M5thzptOFKfx6eL2L9+kIuIy4VERERERERIfJqN0D6EonVZsOGjQxHMjbvWrYUl5N3R9rwFJ8wnwcfmz+4Y6fks/qx4al2dDNjNjPs06iH1AKzueuG1tExam/UsOWy4ku5gz2Y3HsfY7BHjzY9Lv2V/jzsMxgWERERERERGTyFj9eIhLE2aGoFfwlbXqoibaGD0l3F1EXlsPKB+USf3MXmgjKazWaIsJO9ZDnznHUU/r4AljxIXmK4oNOFbHirjGYA7My+ezm5dgAvVXu2sfNwHd4IG/a4ZrCF3uJ+bwMbSm3kP7CUNAu4393A5ovZzLl4kKJqDwY20vJXkJ8aHidYt5dN2w7S0ApYXaTE1eNN+RzLZnYN1tzvbmDrxRScZw5S2WRgWJJZeN9SMqyh/d5ezwnK31zDIdcqls+yAFUUPL+VuhkrePBmB+Cm6KXNGJ9aRZ7TS9VfNlNwvBmCBmbnPO5amoPdBHW717PTksecjwrZWeHBtWgljg83cfCCD95cRxkGybeuJr1qLYWxy3nwZnuoUeVbWVOezqMDhsChureXN2M2A4FE5qxYRo4NOH+QLVv2Uhs0Yw5Ek7xgOflpVsoL1rL7pIHv9HrWF7fQYoAZA4x61j1fRGzWcvID29nckseqT7gADwdfXU9RbD6PhdtT/uZzlCY/yrK0Wva+VUjJGQ+GycCIdDH/M8vIiQfOFLL+Lxby5ngo3FmOZ1I+j93h6rOvOvOd2sv2PSXUegwIGlgmzmf5nTmhW6VsK2uOOMhz1LD3cB1eLDjm3sWKGxyhNwfclGzfGrpnoh3YQ7dgH1pxf7CJdSfq8GLFecMSls91QvlWnvuzh9zlK5mX2Nd725Sz9TcFeHJWsPKm8L2xYTO+rDk0HyqiqtEAWxqLV+STYglds/KCTeysbAaTBceURHxnbSx6IA/nZV7b3lS93fe9VV6wlsLTQMM61u6NJfuuFaSXdf08JODm4NbN7K0zMEdAdPICluenYR3EtejyuRWAxNwVLJtt62jc+b1s3FKKp9XMG+vKMFwLWJ2fNqTzExEREREREQGFj9eMmrNuLHE2iHKRYi9k19sGefc+yvJ4M/hK2fJ2Da47HyXPCdQVsv6N7SR+fjEpk1rYdawBEkOhQ0NlFWQsZ/VNBoXrN1JzBnLt4DtSwPaTCSz9wnJcZg+l2zeyKzzwyX7TIrLLCqhthLREMAwDb1kJDfnLWH2HDd8HG1l3sJQFqTlYqGHXthIi536ORzOt4Clhyytu7PPNPc7JMAw8lXXkrHiUfFsoENz0dikZd2aAr5SCPs4peYKDgpoqmJUG52uoi7FjPlODDwcWXxW1HyUy0xk6p4JzGXx2dQ5WvJRs/gPb9yezcq4d5/RkWjZtZW/WMlY94sJiAtJXY3v9OcpTV7EsM9TGhrroriPA/AZG23T0/pw/QGGlg8VfWEmyKfy+KIAGCt/cD2394y1hyx82s9exknn5q7HvWc92FvPgreHA7sgWnqtIY9WdGaHXp5IwdlfhxoWdOmpa7NhbaqghDRc11NTZcNxkhshYXLMWM3upHYspFPRufK+SnNtTYEI6yf5NbN2XzbJVj+GygO/Ilj77qjNLrIucxbNZZrdAwE3RKxspqshhcSrQamDUlVCe/Gk++4gTS3UBa3eWUHPDQlxAQ9FWivw5rHwkG5vRQNGmjfQ9IdqLJyafzz7iwtJUzKY/7GRv2krmpS0l78hzVNYDA4aPaSy9tZTnKusBB2BgGF5KDzew+NOrWRrvo/jVdRw4soCU2RZ8H26j4Gwyy7+Yh9NkUPOXDWyxpXQLHi/x2vYSssZG931vpeWvpvVi13uRbp+HDUVb2c88PvfFjPZrtnmfI3TN+r0Wbg68U4Ej/1FWTiHUL/5un58J81ixzMf6t2Dxg3mEv3oM6fxEREREREREQM98HMWaqTlUQsl7u9i6aT07z7iYf5MLALMJXDctIzs+HBicrKTGns28tpTEmU1KTBVlJ8CVlkrLydLwc9saKD1pJmV6z6SgoqIGR9Z8XFGAyUaiLbrTXnPPO2ViDgtTbZgB66QkbF4PHoD6SmpM6czLDI+GsiVhj+nnNMenkR0ecOXMSMZWVxUKpPo5J4srEVtDLXWAr6oWpmSQ5K2lBuBULQ2JLpKBqpM12FMyQiPBsJKdloi7LryIiwki47LJXxAOHodbZDQWXx2VJzyhadxRZswA58uo8qeS29Y/1mwyJripLB/kikITnSR+1EBNADhVQ31CBhnW2tCCRJ4aanGRnACY7LiS7Vjw4fUa2ONjMdofomgGk5XsT+XhCg9W7bevOktwkWy3hFZuNuzY47o9mzEunfk3OEN9OsVF4sXwfUEDpSdbSM/NxmYCohzYY/s7URvJGeFrY8slPclN3elw64dyvSJ6bnLNWkhKvBmwkpxkw9sUamFFVR2unDycJgAzrkRbzzfDyF3bAXX+PHRTVtVC6uxO1ywjCXdlGe219XktzERbfNRVVuLxh16bowZR/Yifn4iIiIiIiFyPNPJxtIt1kJyTQf5UZ9eQrFOo4j7nhqjOi6PYsdsMGlqA1DRS/bsorYc8Sqkyp7C0R/bYQEMjRKYOw/Iq9W48Jjs9xzkOwjg7Nr+bFgY6pxRcRiEnPdB81oNjWg6OsweoqQPbmQZsk+ZjwU29G+pOv8jaAx1VWCZldLwwcWntHAxbLp9e3My2XetZ87YN140LWXqDC3ODG0+Ujc7Rrt1mw/D1v652O1MqyYmF1JyA5HO1RDtySbp4gL3VQEQdzROzcQEE6ti7aRsHfTZc9kiaz9bAuM5TxSO7BFkD9lWbur1s3HYQn82FPaqZ+tOQkDqYhtfj9kRjjx74yN6YTeBxN0B4DN7wC30O9BZW9jBS13aI7XV/FI2ta2XYWn0DrNAOYCN36VKa39rJ+t8VYJs4h4WLc0N/eOi3yit5fiIiIiIiInK9UPg4asXimplNL/FPD/Z4G5wJhQ6hsM6DpxnMkQAu0qaEpl67I2swpy7t5TF7NmxWcA9Hs8fZueQnwNW7OR9jw8bA5+R0uKmsbcDXkEByPiSdjaTsjAfb2RaS5oZGrNlt4Mz8HMtnX+k1q0OsU/JYvioPo6GYzZu3sDX6MZYl2rD5DToPFvQ0N4NtsDGoBdf4WErONlDTYOC6yYbTncj5mhpqqMc+PjQ61vfhOxQzk1UP5Iaux5EtPFfRV5n2QfaVj4PvFMOsVTx4Q+gql77+HOWDarcNW38jYAdgBMBmH6ngEcCBfczgPwdG5toOhR1bXAtG18pojrANLlC3JpN39yry/A0Ub93Mlu1WHrtzgK829it5fiIiIiIiInK90LTr68G0ZJz1FZR6w6/dpVRecOKaEnrpmp5Ka00JB09CyozeppJacI23UVteghcg4KH2XPOltSXRQUJTFaV1oZfG6VKqmvo5vsWLJxD6sOZIBcbE5NDIvYHOyWmnvuoA9WYnLhPYJ7nwnNlLrcdF8qSOY+oqS2krAr8HT/uLwTGbobkpHEn5Gyguqwd/19FlRqCXNwZ8+PzhMhy5pDuguckDiSm4Ik5SfqrtuHLKqi24kgf/0DzHBAfNZw9Q0+jAlQhMcWE7U0rp2Vhc4dGrLX4fRFlCwWPAQ+VpDwT6Xr14cH3VQosfoi3heNlTSU0jEBxMq104HR6q2m4Mfw11jYM7XzzFlNU6Se5rjZ/u59XPefYnaVzXz4GSivo+6rv0a9vaqW2Dubf65iBlkpmT5TXtW8rLq7C4kvtew6cTny/cjigHuWmJ0OxhwMnTw3DvioiIiIiIyMePRj5eDyw5LMmr4ZWX1lMx0Yr3tBfnJ5eT0zaIbWIaUy5uoTQmlwf7eIydY+48XC8V8OLavZiJJjkrHdvRGqrIIHkwbWgbEWXKID+vkj+8toaySDDHJ5PQ31DIxkNsev4ABgZGbDqL70oZ1DnZprqI3FSCN2N5aKXliU4Stu6iMimPxeGibXMWkVOxiXX/tR+LGQwjmpRFnVblHgT7jAzsrxSw5vndEGEjY/5sXLurqPDnkBGVhDNhF4W/24D7jpXkTex4n/f4bjbtrsSc4CLWX0ttaxr5OTbAxsIl6Wx4fR0bnQkY585jnrWExRP7aECiA1thIWufLyL51tXkpwFTk0kq2EV5Uh75ABYXicEiSnzZLA9fX1vOHJIP72TN83tDqxLfkIyjpopyfzZpvUyvHVxf2Zh9QzIv7lrD2n1msCQze4qDmqpyjKy0PkbcteILD1/NuCmXg5s2sabCgjnCRvo0Fy21NXhxdBstG4vN2kzplrWUmYBANMmd7+fOJjixFxayZoObpSvzcHV/3Ue3dtbiD43lc8zPJ/uVTaz7r9DnQMokG/h7Hn+p19YxwYFRsJm1H83nc0uzB7i3INFhY9eetazdm8yCz+fTPXt15S0h/ZXNrNuYRELgPOfNOSy5rb8zDl8Lfzm7X9tJpdmBK85H7RmDtE8tpseXhvgk7C0FbHq+DHvWclbMdQ3t3hUREREREREBIoLB4KDGLck1IODD22RgjrNe4iIqBl6P7zLe37UtPsOCJaqGXc8X43h4GdndymzYs56N7lweuzMDw0/vi15c9jmB4fXQHIjGFnep068NvF6wWoc+vdTX5KHFFIutx3sNvJ5miLFhHcxiH5dk6NdzUH3l9+LxmS+tP8PX02KzjtzzNi+T4fNhtljwHdjEHzy3sGpBj/WugeG6tpd+b7WX4PXQTG/tGIDPi6cFYod8La7EvSsiIp3V1taSlJR0tZshIiJyTdD3zdFHIx+vJyYL1j5GNg6OGavtkp/Y2C4UJFpCgVddJTURNtIGCL/6XG33ss8JzFZbz1FdQysB6yV2iyXORu8RnRmr7TJPbEBDv56D6qsoK7ZLDZ2G4XqOGL+BEWXGbLEAXsqq3Nim9j2leHiu7aXfW+0lXOr9bbFiu6Q8/krcuyIiIiIiInK9UPgow6yOvZveoLQJMIERYSNnyYo+p79a4xOuZONE+uQt384r79ZimADDIHrKIpbPujqLFYmIiIiIiIhcLzTtWkRERERkFNP0MRERkcHT983RR6tdi4iIiIiIiIiIyIhQ+CgiIiIiIiIiIiIjQuGjiIiIiIiIiIiIjAiFjyIiIiIiIiIiIjIiFD6KiIiIiIiIiIjIiFD4KFdfwIe3ydfrLl+TF1/gEsr0e/F4jctr1xVj4PV46b21/e27DIPon0vu+6vA8Hrw+q92K0RERERERESkO4WPcvWd28um9QWU99jRwN7XXmTniUsos7yA9Vv247n81oUZNFSUUucdtgI7KaNgfQFlfe7bzP7hO5GQ8gLWv917jSGX0fcjIeCh5mgl7j7C0LK317Npv/vKtacaflZ45aobFB+88BK8cKzb9mr42UuwZ7jvIREREREREZFBUPgoo0PAoLXXHQa+lksss9VH7+MpL0Ulewt2sfvo1UhwLqMPBut8EevXF9JwpesdrAsl7Nq5k/3V/RxjXMGRrhfgW3vgzJWrcWAX4OXD8ItCuNhpc0Ux/LQYdvTXdyIiIiIiIiIjJPJqN0Dk2pDG0i+lXe1GjJwrGdxdioT5PPjY/KvditHNC+50+HI1FPrgNkto845D8NWZwDUyhV5ERORyBYNBDMPAbDYTEREBQCAQIBAIdNk2HPW0trZiMpkwm8191i0iIvJxp/BxNCrbyppjNnKMCg6e9WFgI+eulcx3Ar4a9r5VSMkZD4bJwIh0Mf8zy8iJNyjZvI6a7NUsTg2XU1/I+rdg8YN5OM4fZMuW/dQHwTBiSc+/i4VTrOAvYctLVaQtdFC6q5i6qBxWrsygautm9tYZmCOAqFTyH1pIcpdGeigt2M7ek258gBGwc9NP9gAAIABJREFUkX3HcvImWQA3RRs248uaQ/OhIqoaDbClsXhFPinhQMR7spBtu0qoazFjGxtLM7Y+u6OluoD1e8rxBM3YUhexPD8Na6gUqv6ymYLjzRA0MDvncdfSHOxt43kDLVTt2cQbR+rwBi045t7Fihsc/bTdTMnmNVSmPcayzHAZvhK2vrSXWgDMJC9YRX5qR93by5sxR4B5XDZLls3DaQLOFLL+Lxby5ngo3FmOZ1I+j33K2sd1G8wN0UpLVSGbtpZS5zWwJM7jrntzcQzQB75Te9m+p4RajwFBA8vE+Sy/M6dnT5/fy8YtpXhazbyxrgzDtYDV+fZQze4Stm4oosrd8xq26+9+7e3+emA2nl77ro7C3xfAkgfJSwyXfbqQDW+V0QyAndl3LyfXDgTclGzfSlG1ByPagT20u5335C42v11Bs8nAiEhi3rJl5CT0cW0WOzg44P0+BAHY8Xv4UWXo49S58ItlEAO4D8H33oAdF0L78j4Jv1gS2rdjHezPhax34aul8NN/gLwD8HgTPH4Rvvo+HDbBL74Ij0/vpV4P7AB+Oh22HIPbZgIn4ZUJ8IsJ8LMLna85/OiXsBmwBuC+lfB4RmhXb+24zwQ/+hXsCIC3Fb78BfhyyqV2kIiIyMhqamriyJEjzJw5E6s19FOj2+3m1KlTZGdntweFl8vv97N//35sNhuZmZmYTCYuXLhAVVXVsNYjIiJyrVP4OBq1Ghinq/Dd+TkenWjGe3gLLxYUkv5gHo7IWFyzFjN7qR2LCdzvbmDje5Xk3J5C8oRYisrLITU0Qs9zooaWiXk4aKDwzQPYPrWaZZOAukLWv7Gbys8vJiUqmxR7IbveNsi791GWx5uhbCsbWmay6ou5oZDP39uouEgS0hdw3yecWKPAKNvK2ncOkHP/PGwYGIaX0sMNLP70apbG+yh+dR0HjiwgZbYFfKUUFFSRcMejLJ9oxnN0Kxt39j3yzuNPYsXn87FRRcFL29ldnsbiNPAdKaDgXAafXZ2DFS8lm//A9v3JrJwbTqG8VdTEfprPftGJpbqAtTtLqLlhIa5+2p6e7KSwohQyw0nM8UpqJyxg9eI0Sl9/juIzDZDqCNVd4+KuL+ThNEHd7vW8UZDI6ttTYEI6yf5NbN2XzbJVj+GyAAF3n9dtYF6qamL59GcfxRlZRcELBZScymXhpP77wBLrImfxbJbZLRBwU/TKRooqcjrC6TYJ81ixzNcRVAOEJ2DXVTew+I5eruFg79de7i/fkS1s6qPvUia1sOtYAySGW1FZBRnLWX2TQeH6jdScgVw7NBRtpcifw8pHsrEZDRRt2khlW3t8pRS8fZ6Mz64mxwrew1v4w469JN8/D3tv16ZsK0UD3u+Dd6YAfjYW3vouEIAXnoFnp8M3p0NMAnzz7+AXVqAVfvQj2HELLLPBbbPg9t/BDx+A44+GywrAK+/Asi9CyUq4+C5Y/wJfnh4KLLteB5gQBXNy4PF34bszoeJA6LX1PJzu9LzSF34DLIfCmYAXvvdT2PI1WDa293a88DOY8BC8NQWohft/BTd+F+bowR0iIjIKeb1eDhw4QGpqanv42NjYyLFjx8jMzBy2ULC1tZWSkhKio6OZOHEiCQkJXLhwYdjrERERudbpV8fRKi6ZjImhH1isWWkkeWqo8AAmO65kOxZ8eL0G9vhYjPCD+WwzUrCdqgiHMD4qT3lwJbvgfBlV/imkTQqX7cwgObqBmnOhl2YTuG5aRnZ8+AckiwVL40lK68JPTIzq7QcnK85kJ9YoA2+TD7PdRmy3Zyy6Zi0kJd4MWElOsuFtCj8v8Xg5NQnZzA+fn22cjeh+uiIxNRtbFBCVzMwUC7Vn6gCoOlmDPSUjPArSSnZaIu662k59mM78G5xYTMDkJBIvesIL0PTddktmKs7T5ZSGp6iWVtTjSu053brqZA32zPBIR8CZnUJ0dVm4781gspL9qbxQuAX9XreB2Uifn4vTApiSSUrw4fF0akdffZDgItluAZ8Xr2HHHjf0Zzh2voau8daOa9hdX/crPe+v/vrOlZZKy8nScPTZQOlJMynT7d0qa6D0ZAvpudnYTECUA3tsp90nK6mxp5IR6hSsWWkknq9rH73a49oM6n4fvMJDcN/s8AsT3JYLhSdDL2NckGoFvHDRBKljwN32gMZIYCZ898ZuBWaFwkaAmFS47xz0trTOmXrIcwDT4f7jsCcAOw6GwsQYK7jbwscG2OyDh2eGX1vh/gzYcqiPdoSPv21K+HUS3B8Lh7s+IFRERGRUaZtm3V0wGKSuro6ioiLeffdd9u/fz8WLFwkEAhw/frx9e11dHcFgkPr6eioqKqisrOTdd9+lubm5S3lWq5X4+HjKysoIBAIEg8H2fRcvXuTQoUO8/fbb7Nixg8rKSoLBIH6/nw8//JDjx4+ze/duDhw4QF1dHe+99x67d+/G7Xa3v/+DDz7g3Xffpbi4uEfdIiIi1wqNfLwmJHQER3F17N20jYM+Gy57JM1na2BcOByzpZMSt5GyCkiZWkFVfRJpU4Hjbjy+GrY/X9GpTBvZnTOWzo+kmZLP8pu2snXzWvZaHGTMX8zC9O6Tdb2UF2xiZ42FpPGxtLpr8JAxqLNpOO+BKAvdZ+8OhtkUidd9HrBQ74a60y+y9kDHfsukPtpg6nyy/bTdkkFqYhHlRyFjRinlZ11kLO1emJt6N0RO6XQGCXZs/gY6sr3IrtF+oJ/rNkTm9nLd/fdB3V42bjuIz+bCHtVM/WlI6D7qcUj1DvbLRaf7te22ab+/Bui7SWmk+ndRWg95lFJlTmFp9+yRetyeaOx9JNbuc26or+HF5/d3bIxJ7nR3drs2g7rfB+/wGVj3O3ihUx1zPhn692IprHoJJqZAaiv8ugG+1/nNw/TnoNuyYMc7UDgB1lkgZizsaPv0r4MdFsKBdchER9eRkV3aUQc7PPDYT7rW8U396UpERK5Bra2tfPDBB7S2tuJwONoDynPnznHo0CHGjRvXfswnPvEJmpqaeOedd0hOTu71GY4RERGkp6dz+PBh0tPTu+wzDIOWlhaCwSDNzc0UFxczfvx4IiIieP/990lNTcXn81FZWUljYyMA5eXlWK1W5syZQ3l5OdXV1SQmJraHoTfccAMmk74Ji4jItUXh47UgUI+7yUpyPPg+fIdiZrLqgfAU0SNbeK49U7STPtXGpqoaoIr6iWksMwF2GzZLOgs/vxDXIKu0Zy3lwSzwVO5iy44tFNo7PYcP4NRedp9ysvjhfJJNtD9fcjBscdbeh24NghFoxRqfANix28CZ+TmWd58GPJB+224hI8VJUUUpRlQV5yelk9bj57tQ3bU+H7RFqB4PzSZzn59Q/V+3S9VfH/g4+E4xzFrFgzeEYqbS15+j/HKrHIxO92tPA/Wdi7QpoanX7sgazKlL6ZE9YsPWY85xpxribZCYzeeW5ww64B7wfh+CVAd887Pw5Sk99617BW77Ajwenm0/8WeXVkdvKs5A1qzQx3Ny4HsvQtZdnaZntw3+SIQ8H3TOGk9fCE0J71Ui5Nngp/8El5Fdi4jIx8DpugbcjR/1OuJwJM2cMbTvUF6vF4vFgsvlIjExkejoaA4fPszFixeZPn06Fy9eZMeOHTQ3N2O1Wjl//jxz584lNTWVyMiuP+0ZhsHYsWNJTEykrKwMh8PRvi8mJoaUlBQ8Hg+NjY0UFRXh9XqJjY0lGAySlJTEpEmT2Lx5M4ZhcMsttxAMBjl37hytra2UlpbicrmYPn06FRUVnDhxgpycnC7h46Gjl/0DpYjIoJhMJuzxY5jodAx8sEg3Ch9HK38LHj84osD7YRk1CS7yLNDi90GUJRRgBTxUnvZAoOMZdfZUF9FvlLOXGuyTFoU2JrpwGLspPwWu8NRrT6MHW3wfo7v8PnxmCxYT2FIySLaW0ewBOocxvhYMcyzRJgCDhqp6mgOJDOZpeRZXIrb95ZR4M8i2gqfWzaAmkfirOFQJU25zAuBy2tlVWYp3dk74WX0ePK02bNZ+Sxmw7ZbMVJzFVRRaakmatrjXIlKTnew63lG3+0glbmdGn4uUDHTdAIwAQx751ncftNDih2hLuDM8ldQ0AsFObw4M4wrXfdyvvRmo71zTU2ktLOEgkHJHb/eoC6fDQ3FpHSQ6wV9DXSMdC85McmIvrKDUm0OOFcDA0+jDFt/HjdHX/R5fR/mxeizJ2X0Eqb3LSoXvHegUPnrAHQd2E7h9MLGtGQ3w/kdw4zD+fmZt+4o+HR7Pgolt07+dcF8dnAEmjIdlJthxMtzGtunZf9VHoeNDYWX78YD7AtjHDl+7RUTk2ne6roFAIMCM1Mmj8lmHfr8fgMjISGbPns3Ro0c5ePAgdrud3NxcGhsbMZlMeDweWltbmTp1KlFRUQQCASwWCwkJCURFRfVadmRkJDNmzKCwsJCYmJj28//oo48oKSkhPj4ek8mEyWRqn5YdFRVFQkICFouFyMhI4uPjiY6OZsyYMbS0tNDa2orH4yEYDHL+/HmioqJwuXoOIxhq8CoicqkMw+DM2XOcrmtQAClDpvBxtDKq2P37tew0GRgkMf+ueaFsJWcOyYd3sub5vZgD0STfkIyjpopyfzZpUUBiNmnWjRSX2cj9bFv6k8KC+aX8YesaKixmMAzMjjl8+u62FZO7qjuwmW0fNhPrTMTcWIPbOoe7uv9ckzqHnH2b2Ly2DDNmbFkZJBuVnHSDs+dQNQBa/OFJyYnzmDfxRQpeXMteM0QnZ5MeX0pNFWR0Se8s2MaYKS1ay9q9QMCMfeYSlk8M7bXNWUROxSbW/dd+QqcVTcqiFeSn9j3ezQgMou2WDFLHFVFUncLi23svxzJrCQtrXuHFlypwxXip8TrJ72ekna3f65aEM2EXhb/bgPuOleRN7LP5HYID9YGN2Tck8+KuNazdZwZLMrOnOKipKsfISsM8wYm9sJA1G9wsXZmHKz4Je0sBm54vw561nBVze6+2ta/Asq/79VL6bmIaUy5uoTQmlwf7yMczbsrl4KZNrKmwYI6wkT7NRUttDV4cWG3zWDRrA5t+v4b94fs9emo+Kz6V0uv16fN+ry9j754SLK2pJN/QLbiMg1vPwsQnum4reRLm3Al5/xuyP4CJptAIw+89BsvGw6p8uO1Z+LUVYpzw5RzYUgoPJ/XRWb3pNmqxzekGiGl/xigse6DbAYGO9335EXjsV7A/BS5Wg30JfLOfYdGPr4S7fgUvxAGtEDMZfv0oTBhCs0VE5Prmbvxo1ASPFouFqKgoGhsbSUxMJBAIcPr0aWJjYzGZTEyePBm73U55eTn79u1rX5gmEAhgs9mIjIzE4XBgtVppaRncA7MdDgeJiYkcO3asfXRkbW0tJ06c4M477yQYDA6pb8xmMzExMURERJCQkIDdbsdkMo2K/hWRjyez2cyE8eM4WlGt8FGGLCLY+anIMjoc2cJzH9hZ8WAedr+BuccCGAZejw9znDW0mEp39YWsf9vC0pXdAqCAD29TC8TYsPb+h9tudTRDtA1rP3NXfU0eDMtgyuulBq8Hn7n/8gdbTnMgGlvc0Aq6nLZ3FOLF4zcPsu4Brttl6LMP/F48vsG27xINeL/2YUh914uAD2+TgcVmpdca/V48FyF6UP09uPt9KC42hRaVsXcfcOkDt9HL9qvgogewQsxg/gwVAHdTaPGaQR0vIiLDpra2lqSkofyl6so7dLRi1IzCa21tpaioiPPnzzNu3Dh8Ph8NDQ3Mnj2bKVOmcOTIEXw+Hy0tLVRVVbF06VJ8Ph+7d+9un4YdGxtLZmYmFy5c4I9//CP33HMP48eP71JPc3Mzr776KkuWLGH8+PHU1tayefNmEhISuPvuuzl16hS7du0iPT0di8XC4cOHWbhwIePHj29/n91u509/+hOpqanMmTOH4uJizpw5w5IlSzhw4ACVlZW4XC78fj+TJ09m6tSpvT57UkTkShlNX+/7ci183/y40a+Qo1zvQY4Zaz9ziys/KMOa+bmeI89MFqy2wSYrZqy2gRfdsMRd+sIcZquN4chfzFYbl9KKy2l7RyFWBt2lA1y3y9FnH0RZQyuFXyGDDh5hiH3XC5MFa3+XcEjnPrj7fShi4jo9b7EzC32OCr3SYoZyyiawD28XiYiIjIjIyEhycnI4evQoXq+XiIgIMjMz24M7s9mMYRiYzWZuvPFGxo4NPUtk5syZ1NbWEggEiIyMJCIigtjYWG688UZiY2N71BMVFUVOTk77PofDwc0334zZbMZkMpGUlERWVhY+nw+r1Upubi6xsbFd3mcymcjKysJuD/10MGHCBGJjY4mIiGDGjBn4/f4uU8ZFRESuRRr5OBod2cJz5Sk8dlf2EN5UTsHzu6kKgHnCfO67I2NYgj2RAV3S/SoiIiKDdS2M4BiNI2GCwSCGYbQHjp0ZRuhRMp2393f85bbBbDZf0ojFYDBIa2trexgqInK1jcav991dC983P24UPoqIiIiIjGLXwi9R18IvoyIicvmuha/318L3zY+bYX7ynIiIiIiIiIiIiEiIwkcREREREREREREZEQofRUREREREREREZEQofBQREREREREREZERofBRRERERERERERERoTCRxERERERERERERkRkVe7ASIiIiIi8vFknDvG2+/XUe1pBcBii2fmjTnMHqdfU0RERK4XGvkoIiIiIiJXXt0hXv5zTXvwCODzNLL/z+9RWHcV2yUiIiLDSuGjiIiIiIhcYc3s/7AeL2AeO4E77v4kX7w7i5ljTYCPYx8ewzsc1bR4aGwejoL6YbTQ2NgywpWIiIhcuxQ+ioiIiIjIFXaa0xcAYsi8NYOJUUCUk3m3OhkLcKGR48NQy9nX/oHcr73M2csp5MP/YOVDa3i/r3yx+Ofkzvs5719OHSIiItcxhY8iIiIiIiK9amHPxl/yfkYaM6OHu2wPW/8+m2lPF4+SckREREaGwkcREREREbnCJjJxLMBFjuwp5bQf8Nexd08dFwDGxjPtqrYvrKWIN34HX1gyn2HPHmnhQuNoKkdERGRkKHwUEREREZErLJY5sxIZEwHGhTO8+dqf+a/XDnPoQgAiLEyfNR3roMtq4dBzj5I7I5tpM7LJWvQwzxV3miPtq6bg2b9hfm4203Lv52f7Ova1fLiGVfPD77vnSbae6lpy47aX+d2kv+GBW6Lh1DaeuGcO02ZkM23GfO74p22dpnM38v7LP2Tl/NC+v321uqMQo5qt37ufrPD7Vj13mBbqeemxRTyxE3juYabNyObH+wCjnreffjh8LnP4zPe2UWWEy+m1/j7KERERGUUUPoqIiIiIyJXnnMm9i1xMtkW2b7LY4pmz6CbynEMo5/Bv+bunG/nqH0s4fng/O3/7JEtndBqn+M5vean1bn7zyst8Z95hnv3PcGh4fhvf/vzPGf/kTo4fLuI3txTxtz94rVOgWM8br24jeeUiZpo9bP3Z13kp+2mKD5dwvPhlnlk9h/Htx77MS3un8c3fv8a/PzyWrf/j5fZnQB567m/426N3sKG4hOPbvk700w/zi+JE7vnfL/MvtwBf+CXFRUV8MxcaX/8BX3p9Dv++t4Tjh1/mnqNf5xvrq4G+6u+9HBERkdEkcuBDREREREREhp953HRuXzx9GEo6zhtvFrF06nySp2V13bXoe/z71+9mPOC8cxE/fj008vHsn19mU/PDrLszEcyQnjufma3xHdOrT7zJSzuzeOw7WYAntG3/Tt44PId7siYzs0s1j/LUTx7mRoDPLIEXfOHtxbzx78e59Tt3MTMWmJpN3qxcomMhOn480RYgOp74BBtQz9bXtsGdL3BrPMA0br19Mj/eWczZhz/ZZ/09yxERERldFD6KiIiIiMgV5TtfzaHjZ6mu/4gLLQGMtqnFZhOW6BiciXZSp01lWoJl4MKyHuHXPznLE08/yiefjWbmA0/z//5lCcnmAd4XrjM6fNz4O3/An+7s2F2282Xez72fZ6YB2Fj6T2v45pP/wPfve5knEubznV//ksdmDfwkyJZmiDbHhF/l8tgra/o89mIroenTz3XaeNvl1S8iInK1adq1iIiIiIhcEb6zx3jzjT/z+7fLOXCykXPNnYJHACOAr7mZ6pM17Hp7D8+/sY/9Z319lhcSTfr932ND4X7+vOZhol9qm6o8gHDo2GL0ss84zNbfHGbp6s+Q3LZt/Hwe/+VODhe9zFMLTvHjz/8v9rT08t7urYuFFuPiwAcCMZHAo2s4frSk479fhkZtXmr9IiIiV5vCRxERERERGXEfHd3HS3+p4bQXiIphcmoqn7ptLg+t+CRfbP/vVu6/LYP5qfGMjQLD+xEH/lLElqP9LOd85jDvn2oBczTJtyzh1klw1uPp+3gfXATGz1nEjbzAf74cCipbTu3kd9vqQ8cUv8YvTi3hzgVt05hbKCs+TKMBJGSRvygLmhtp7Cf8C4WaWeTdH82e3/yePY2A4eHQy6/xfuf3tbS9SGTOolx4c2foWKDlRDHvnxpk/S1KIkVEZHRS+CgiIiIiIiPsJIVHPsIgkvGZWTx093xuz53C1LFj6Dqx2sKYsRPIzJ3DvXffyh2ZY7AQ4OyRco70UXJj+Zv8+L7wKtBZD/O78V/nmS9k9X6wGXjnMNUtwNSHeebpRbz/vTtCq13f90vKWi8CLezZ8gJ84WGWJrS98Szv//KvmZ8VWhl7/v/Yz/Knv8bS+N7qsBDNfsqqAaK59ZtreDz6BVbNy2Za1iK+tO0s0QZAIjNvySL6d48ybcbdPHcUku99ku+kbAgdOyObrAee5o+l9QPU37McERGR0SQiGAwGr3YjRERERESkd7W1tSQlJV3tZvTr0NEKZs5I7eeIcrZsrOZszDjuuDOHiYMuuY5drx/m+MUxzFkxl9n9HNly3kOL2UJ8/BCfg9jiobEZouNtoec/Nm7jv8/7R8aueYd/WRDd/7FDqea8h5ZoG/Gxgzi20UMLvZzLZdQvIjIcBv56f/VdC983P2604IyIiIiIiFwZF8/x5sY/j0jR0Qk2Lmn5lWgbnTO+xqKdbJr0N/zpll5K63bsSLUvOr6PYy+jfhERkatF4aOIiIiIiEhY/JIfcHgBGlkoIiIyTBQ+ioiIiIjICEtj2Yq0q92IQYsexNRoERERGRwtOCMiIiIiIiIiIiIjQuGjiIiIiIiIiIiIjAiFjyIiIiIiIiIiIjIiFD6KiIiIiIiIiIjIiFD4KCIiIiIiIiIiIiNC4aOIiIiIiIiIiIiMCIWPIiIiIiIiIiIiMiIUPoqIiIiIiIiIiMiIUPgoIiIiIiIiIiIiI0Lho4iIiIiIXBaTyYRhGFe7GSIiMoIMw8BkUowkQ6e7RkRERERELos9fgxnzp5TACkicp0yDIMzZ89hjx9ztZsi16DIq90AERERERG5tk10Ojhd18DRimoCgcDVbo6IiAwzk8mEPX4ME52Oq90UuQYpfBQRERERkcs20enQL6UiIiLSg6Zdi4iIiIiIiIiIyIhQ+CgiIiIiIiIiIiIjQuGjiIiIiIiIiIiIjAiFjyIiIiIiIiIiIjIiFD6KiIiIiIiIiIjIiFD4KCIiIiIiIiIiIiNC4aOIiIiIiIiIiIiMCIWPIiIiIiIiIiIiMiIUPoqIiIiIiIiIiMiIUPgoIiIiIiIiIiIiI0Lho4iIiIiIiIiIiIwIhY8iIiIiIiIiIiIyIhQ+ioiIiIiIiIiIyIhQ+CgiIiIiIiIiIiIjIvJqN0BERORKCgQh2P5vkEAwtD0IBDt9TPh1+8ft24IEgYjw6wgi2l90bAv9r8vrPrZHRITKiAhv79gmIiIiIiJy7VP4KCIi15VAEIxgECPYPWiEQFu6OAw6QslOCWVvBwyptA6hEDKiRyDZ5eP2baHw0qTQUkRERERERhmFjyIics0KAkYAWsNhYyhwHL6A8WoKjcQMdt3Q79EhEYApIqI9iDSFQ0kTEe0fi4iIiIiIXCkKH0VE5JpiBMEfCNIaCI1wvD6ixuETpGPkZ889IaaICEzQPlrSRFtI2bFdRERERERkOCh8FBGRUS8QDhz94VGOcnkCwSAB6GU0ZWhD2+jJiE7BpDkiArNGToqIiIiIyBApfBQRkVGrNQAtgSD+gALHK6lt9GTXcDL0whQOIc0KJEVEREREZBAUPoqIyKhjBMFnBGlR6DjqBIKhFcL9QG+BZJQp9LGIiIiIiAgofBQRkVHmohGkxdCzHK8lnQPJi0aQyIgIIk0KIkVEREREROGjiIiMEv5AkItGeLqvXNNag0FajY4gMiocRGp6toiIiIjIx4/CRxERuaoCwVBI5dMU66uubbXr4eYP0P7cTgWRIiIiIiIfLwofRUTkqmkxgrQYENAk66vKHBFBjDk0QlFERERERGQ4KXwUEZErrjUAFwNBWjXa8aozRURgi9IwRBERERERGRkKH0VE5IoJBKElEFpQRkYHq/lqt0BERERERK5nCh9FROSK8IUXlAloQZlRJTJCox5FRERERGTkKHwUEZER5QsEuyw4IiIiIiIiIh8fCh9FRGTYBYIdoaOhkY6jWmswSJRGP4qIiIiIyAhR+CijVpBQgBEIBgkEQ6+DQFuO0fY6IvyfKSL8cQSYiMAUEdomIldOa3iEoy8Q1PrV1wivgVa5FhERERGREaPwUUaFIKHQojUYxAiAEYTLiy5C7w2FkhGYw0GkOQLMEREKJUWGmaZWX7sCwSAeP8SYIxRCioiIiIjIsFP4KFeNEYTWQJDW8L8jEVkECU357LqwbhBzRASRptBCC5GmUEgpIkOjqdXXDyMYpKk12P7HmrZR5BGE/mgTpb/YiIiIiIjIJVL4KFdUMAj+YBBfIBQ4Xi1GMIhhQEs48ow0RRAZ0RFGikjvAsHQCOW26dWKHK8vbY+5gNCo8bjIUBgpIiIiIiJyqRQ+yhXRNh3TH7jc6dQjozUQpBXri6LIAAAgAElEQVSA0MifyAiINIWmaOsXb/m4a3skQtu/8vEQbUJf/0RERERE5LIpfJQR5Qtc/VGOQxUIBvEFwRcATdGWj6OuoxtH5x8MZORpqrWIXKuCweD/Z+++o+u67jvRf0+7Db2zgF3sRSTVLCkqdizHlm0pLrHlFDuOJ7HjlMnMezOe917eelnJJFkzzps3JWOn2HHsRBk7rnGPY9mWbMmSSImi2CmSYC8g0W45fe/9/jgACBDtArjl3IvvZy0QwLnnnrNxCdzyvb+9fwjDcPx7XddhGEYVRzQ3KSX6+vrQ3d2Npqamag+HiIiopBg+UskpdTN0rId14CZO0dYwYYq2zqpIqg8KgBitauT6jTRG4/0bEdWoIAjwyiuvIAxD6LqOIAiwceNG9PT0QIvpnZsQAseOHUMikWD4SEREdYer21FJ+VIhFyo4QtVlgKEQTR93hEIukMgFCnao4Mtbm9oQxZNU0e+wK6IGI9lAYcSXyIcSbp3+3dLC8D6NiGpVGIY4duwYgiCAZVnI5XLYv38/XNet9tBm5fs+hBDVHgYREVHJsfKRSkIowBUKQQ1Nry6FsU7aY1O0xzrFsjKS4kCom7+jYrSicWn9hdJiBELBNHknRkS1ybIsbNu2DV1dXbh8+TK++c1vIp/Po7+/HxcvXoRt2+jp6cGWLVtgWRauX7+Ovr4+aJoGy7KwdetWSClx8uRJ+L6PIAiwZcsWZLNZJBIJrFy5ElevXkVfXx927dqFVCqFEydOYNmyZWhsbMSJEydg2zY0TcPmzZvR0tKCGzduIJfLQdM09Pf3Y8eOHchms3jttdegaRqGh4erfbMRERGVBSsfadFcoZAP5JILHqcjlZpUGTniR9VlrlAIefNQmSgVNYXxRFSJmwsUhn2JXCBhhwqeUAgZPNI8eTL63SEiqmVKKQRBAF3XoWkaXNeFUgpCCBw/fhxXr15FGIY4ePAgBgcHAUTrLwLAuXPncOrUKSilxj8GBwdx7NgxCCHQ19eHgwcPYmhoCJ7n4dChQ7BtG6dPn8a5c+eglMLAwAAOHjyIIAhQKBTw/PPP4+LFiwiCAPl8Hi+99BIKhQKklJPWqSQiIqonrHykBVuq1Y7zoRCtoRcAgIjWjDRG14w0tKibNns6ULGkij6EUqOfow/GirQY1ixV2grR/TwA6BpgaRrXgiSiGV3pH8BwNj8e3lXK9k3rpmwLggDPPvssMpkMPM/DunXr0NjYiGQyiYaGBniehxdffBGDg4NYvnw5HMdBIpHAihUr0NnZiWQyCd/3Yds22tvbsWzZMjQ0NMBxHJw+fRqu6yKXy2H16tUYGhpCIpEAADQ0NOD555/Hxo0bsWvXLly6dAlPPfUUbr/9dqTTaQwNDeGOO+7AunXrcPHiRQwODuLxxx9HMpnE1atXp/35zl68goId7ynjRFT/dF1Ha3Mjlnd3VHsoVIMYPtKCRNV9UaUfFU8h6vwdTtiiIQohDQ0wdIxP3ebr+6VLTpguPRYySlYuUhk0WzrfACGikrjSPwApJTat641FZ+mxjtdSSnR2dmLLli0wDANHjx6FlBLNzc0wTRNKKZimiV27duHkyZM4dOgQWltbsXv3bqxZswY3btxAX18fTp8+jb1796K5uRlCCAwODiIMQ6xduxbXr1+HrutoaWkZX2OypaUFmqahoaEBSin4vg9N05BIJNDW1ja+X0NDA9LpNADANKd/aba2d3klbzoiomkJIXD1+iCu9A8wgKR547RrmrexRhUMHktDIeoy7Mloymw+kBjxJbLBzSnbgYwq3ai+iNHO8GN/U2PTpbOBHP+/j5oZMXik0ms0GTwSUekMZ/NY1tUei+ARiNZ8vP/++/HII4/g3nvvRVtbGxzHwaFDh9DS0oLVq1ePh34A0Nvbi7vvvhvd3d04dOgQRkZG0NjYiPvuuw8bNmzA1atXcfbsWWQyGTQ0NODChQuwLAs9PT3I5XK4ePEili1bNt6tOpfLQSkFx3Gg6/p4ZeREyWQSjuMgCAIIIcY/ExHFkWEYWNbVjuFsvtpDoRrEykeal7HOzlR+cnRqbTC+JaqS1Eenauta9O5B9HW0jTlCPChE6zBKRJUXUkXbxj6PVTISVUtC12Dy7UciKiEpZWyCRwDQNA2maU4ak67rSKVSOH/+PEZGRgAAuVwOnufhxIkT8H0fnuehqakJlmXh/PnzuH79OgzDGA8dTdNET08PDhw4gDvuuANNTU2QUuLy5cvYuXMnLMvC5s2bcfbsWTiOg8HBQaxZswaZTAa+708aY3d3NwzDwHPPPYfGxkbouj4+LiKiODIMo+JLa1B9YPhIRSuEXN+x2qLgKpqOO/USQMOEYHL0w0C0RpsOcK22RZouVJSTto0FjPw7oXhjxSMR1TPLsrBz505kMplJ2zOZDPbu3Yv+/n5omoYtW7ZAKQVN02AYBoQQMAwDe/fuRUtLCwqFwvj07fXr12Pt2rXQNA3r169HoVDA2rVrYZomtm7diqGhIbS1tUHTNGzYsAFhGMJ1XbS2tmLz5s2wLGv8/GPjam5uxp49e3DlypXxqd/JZLIaNxkREVFZaUqx/IbmxuCxdikpIUe7OuqjT64NXYeha6OVlJjweTSo1KLrTZz+YxgGLMuCrtd+udRYiDj2G61GA8OJ2ycHjVxzkepLQteQMZlAEtWKa9euoaenp9rDmNWRk33TNn6Jm7FO14ZhQLvlXdmJz3nGSCkhhIBpmlP2X+h5FrIfEVFc1ML9fS08bi41rHykOeWCaM05qi2B7yMIfET/dQpRxHjzs64bURBpGICmQdf1qJpPCoRBCCEENETTljQoaBCA5iFpJZBIJKCPlk5F+4wGl6MbJj51vvVp9MTn1RMvm/QbpiZ/P+Xr8YAwuuTWwBDAlCAx2q80AeJYoDsfuq5B02o/uKX6INTNewMioqVkbDr2dKabNq7r+oLeeJ3tPAvZj4iIqJbxkY5mNeJLVnvVGCklXMeGnFKpqiZ9FkLMuah5FPRNvl4gPGiej2QyCdOypjl+bYqCVzkaLEpAjVZAjFaBTr09588wDCSSyVitiUVLk1AK+QBosuovfhQKMOrvxyIiIiIiqlkMH2lGDB5rz1jwOLZ+EaBw4uhpDFwfxI3rQwCAVWtXYNWaFejs6sDkwFCb9P2Jo6fx7NP7cOHsZdy4Pog9d+3A/Q/dhc3bNgBQ8DwPQRggmUzV9FRsIQQ810W0AsXMt8fY7TnT5cV8L6WA69jQdQOmZcE0DGg1fNtRbRsLIC0dMOpgqp+Egi8AUwcMpo9ERERERLHB8JGmlQ24vl2tUVLCsW1AKRQKDp767o/xL99+BnbBmXb/TEMam7dtwKo1K7F5+4bxqOzi2cv4ydP7cOHspUn7P/ujfXj2R/uw564deO/7H0dXdztEKGCHBViJaCp2raxVFK3fFCIIAkgRdWvTtKjIc3xyuqYwcWa1pim4ArBDICeAQCmEEtGHAgTU+NehjPZvMoEmE2gwgSZTocGIji+EgJQCnoqmc5mWCcuqnduP6keoFEIB1Hrl8kRKakixuJiIiIiIKDYYPtIUuUDNez07qr4gDAEoPPv0fnz+c1+bMXQcYxccHNh3GAf2HQa+VPx5Duw7jBNHT+ORRx/EY+9+EwANYeBDhAESyVQs1i0am0ItpYimT49+BkanVquba1+OVTQGUkO/p9DvAQO+Qj7UkBcKhRDIh0BBAIFc3LiWpYA9LRp2twIZQxsNOBUC30cYBLASCVhWYtE/P9FSJpSCUBqnXhPVhBAjZ4/hmSODGPSjLUYigzXbN+K+ta3g+whERET1ofopAcVKns1latJYgHW+71JRweNi2QUH//TFf8azP9qHD/7mE9i8bQOUUnAdp2pVkEpK+EEAEYaQspiUMPo93zeksG9Yod9TmLysY+n/Dq66wHdchWcHgY0NCr1pDavSCt3J6P/Qcz2EYVjzU9mJqi2QilOviWIvi9deOILnLvuTtgrfxpkDB3Hl2gY8ek8vGqs0OiIiIiodho80rhAqhAwea5IIQ9y4PoCP/9Enyx48TnTj+iA+/oefwJ67duCJDzyOzq52hIEPKQSSqcoEaEophGGAwPdHKxond9S+1UgAXHCA87bCWRu44pZ9iFNkA+ClYeCl4Wi8m5uAu1o1bG4CpBBw7AKsRBKJBKsgiRYikODUa6KYc069hhcu+wBMdG3ZgNdvWoY0bFw8eQw/Pp6Hc7kPz5xqx6O3Zao9VCIiIlokho8EAHCEQlCCbr5UHWEYzrq+Y7mNTcV+7N0/hze+5QEIIeDYNhKJBKwSB2hjU6qFEJBCIAxDADfXbHQEMOADgwEw4ClkwyhwHPvsLXLqdDmcyAEncgpbm4A3dGnoSQKB7yEcbejD7thE8yOUQig1mCwgJoqpYbx6Jg8BoGXjTjy6tXl0ewa9W+/A28UL+PJrLq6fOYfB27aivZpDJSIiokVj+EjwhIInGDzWslw2h+ee3l/VMdgFB5//7NdwYN9h/Pb//qvINGTg+x6EFEgmUwuahi2EGA8Zo+9DTGgJg4lrNl52Newbktg/VMIfqsKO5aKKzJ/t1nBXmwYlZTSV3bJg1VBDH6I4CJSCCf7NEMXTAAYKAJDB+vHg8abGre1of+0yBgs2LgIMH4mIiGocawKWuEBGVY9Uu3zfw09+tK9qVY+3OnH0FD72O3+M40dOQSkgDEI4dqHIdRhvGque9L1oHcQwDKFUVPk48fOpvMKXLil88kxtB49jCgL4+hWFL12SGPSjn9P3fTi2DTEawhLR3MIYVjkT0a10TNtVxtDZbIaIiKiOsPJxCZOKwWOtU0ohCAK8sv9wtYcyiV1w8PE//AQeefRBPPGBx6GUgmMXkEgmi+7mLISIapZGC5cCGa2VmBXAZQe47CpcdoAb/mxHqV0HR4BztsLDXRruaAWUknBtG4ZlIplIQmNDGqJZses1EREREVE8MHxcwlyhINlgpmZJKeG6Dgo5GyeOnq72cKb1L99+BsePnsavfeS9WLV2ZdTNOQhgJZIwzdnvfkzTxD9fdHGyEIWOubBCg46R4QD42mWF03ngoU4N3cmokjQMQliWhUQyyanYRLMQSsHg3whRbORPH8C3D2XhjD/9zOPAV5/GgZmvEV2umejduRM/u2HqFG0iIiKKP5bOLFGeUPDZYKYmhUEA17Hh2AUoKfH97zxT7SHN6sLZS/j4H30Szz29D5oWhaae68AuzD4V++VBgR/eAC45SzN4nOhQFvibcwrPDwESUXOdMAzgOs54h28imorF/URxch7PHZkYPM6DCnHxyGkcL/mYiIiIqBJY+bgECRVVPVJt8X0Pge9jYtZ04/ogvv+dH1dvUEWyCw7+5pOfx4H9h/HBjzyBTEMaSkk4dgHpTAP0aaYQD8SxLXUV2QL49lWFfUPA7c0a7u8ADCXg2AWk0mnoOlfHIrqVkJh+PTkiqoIAoQCARux5xx3YVfT1TuPbX72I60KiTldaISIiqnusfFyCXKHA6LF2KCnh2PZ48Khp0cdPn9mHP/wP/yU2jWaKcWDfYfyH3/1jfOPL34NjO1AK8D132n3XNPDuaTrXPeD71xWevKAwFGB0PU1n3g19iJYCwcpgoiXFu3oGp87l4N3an82+gVNnLiJr33qFHC6cOYPrWW/yduEhe+4MTl2deqxYnoOIiCjm+Op+iXGFQsDp1jVDKQXXdSCEgFJRpePnP/tP+Nhv/zE+/YnP11TwOMYuOPinL/4zPvY7f4wD+w4jDKOu1o5jwy7kkc/lkM/l0Gu4eH1ntUcbX6cKwJMXFM4WxgJIG2EQVHtYRLGiwKnXREvG8x/H1gffhjc9cg92//krN7eLF/Anux/Em978Juy+77/h5fELLuIff/0ePPTmt+GeO/81vn795lUufPkj2P3I2/CmB+/Bb37jRszPQUREFH+cdr2ECBWt9Ui1w/c8SCnh2KPTlvfFq6v1YtgFB5/5i8+js/s3sXrtyvHtE3tDvKFbQ2sC+Opl/t5Op98Dnryo8NhyDTubFbzRKlLTsqo8MqL4YNMZovjLn3wJ3ziahw8Ty7ftxJs2zb+xTHboZrLnTSwyLGTRP/a1PXHidg7XL9z8zp1QZZgdunTzm0nb43gOIiKi+DP+4A/+4A+qPQiqDFcoVoDUkLGqxxNHz+BP/u//jgtnL1d7SCUXBCGOHDyBN77lQQCAJkKYBQe6H8DK20hks1hnD2ODLGCfbKzyaG9SQkCKEEoEUCIEpISSAkpKQAM0rXJF5aECjmSBpK5hVVohDAU0TYNhcKE7IgDQocHSGT5SbSsUCmhsjM/j4HSuDwyju6Ntlj2G8NrxLGwksHzrCvSMbz+PHz3bjxEJABL5QRupzcvROef1Jkt2dqFdeEiuvR+//u63YXv3aI1FshvdHQKu1YsHfv29eHxb12j1RTPae5oB0YDb3/1ePH7/GrSMPny3tC9DixTI7HwXfunx+7G2Oc7nICKqrLnv76uvFh43lxpNsVXqkhBIhULI/+paEoYhXjt2Ch//o0/W5PTq+fjDJ96I29etnnWf78tGfDk1+z7lpJSC8BwoIaBbCRiJ5Bz7S0ApaBVsBPMzHcDP9WhQCrAsC8lUqmLnJoorU9PQaDF8pNp27do19PTMFLvFw5GTfdi+ad0se4w2jpnScOY8vvf1PlwZq/4zmnHPY3uwZc7rERFRNcx9f199tfC4udRwzcclYsqC1RR7Ugp8/nP/VPfBIwC8+NoFyDneB3mjnsdup3/WfcpBKYXAySN08tANE1ZD05zBIxBVP44HjxV6j+cnA8BXLkXnCoIAnjt9Mx+ipYStmIjibjXu29KIhAZAM7F8y4YJwSMRERHVA1brLwGeUAhZ4FpzbvQP4sTR09UeRkWcvHwDYRgiMcdahT+jhvEKuis0KkD4HoTnwkgmYSQWUUVYwfXmDowABaHwK6s1BKMNaBLJJDSueUdLVPTGBn//ieKscdMdeN+mao+CiIiIyoWVj3VOKsBj2UdNeumFV6s9hIpx/BChnLs8d7sZYrM3UPbxKKUQFHIQgQersWlxwWMVnMwDf9Gn4EmFIAjg2Da4wgYtZZK//kREREREVcPwsc75Us05nZXiyXW8uXeqExcGRiBEcSn5neFwWcciRQhvZAi6aSHR0FzR5jGldMkBPnEGGA4BKSVcx2EASUsWw0ciIiIiourhtOs6JlXU4Zpqk5RLqWS1+N/Te7QCfhjkcNlqKvkopAgR5EdgZRqLWtcx7oYC4M9PK/zaGg0rUgKObSOdyXAKNi05Epx6TVR9FkwDgMjjwFefxoH5Xt3QkSjDqIiIiKj8arOkh4ris9SjprV3tlZ7CIsipUAY+ghFEHV+nsWKtuKDRMs0sdrPLnZ4U0gRIihkYWWKayhTKnPdNovly2gK9ulCFGjbhcISC7aJWPlIFA+rcd/2ZqQX8j6AZqJ3OxvREBER1SpWPtYpVj3Wvp27t0FKAX2sY3INESKEqSvceVsvbmTzuDAwAj/wYZrTNz5JW/P7GdcrG8+XarAYCx5zsDJN0M3Zm96UWqWmdX/2vMK7VwK7mgHHLiCdydTk7xbRQjB8JIqHxg178J4N1R4FERERVRrDxzrlCgWTUytrWu/KHnR0tmFosPRVfuWklMK6rmb83mMPYXl7G0zdwIht44vPHsDXXzwMw7RgGtaE/SXWL2tHco5O1xNth13SMQeFHMxUuuLBY6V96RLgCeDedg2B4yKdSTOApCWB4SMRERERUfUwfKxTGZPBYz14/OffgL/9m6+iltYqa06Z+L3HHsK6ZcugjwbgXS0t+OijD+OB7bfhr777LE5dvQFdN6AAJAwNb9m7BYl5hI9NuoZeP4uLieZFjzf0HCgla66j9UJ946pCoIC3LNMA30E6k4FhMICk0hjL+Cb2NlITP6uJ29Sk1V6Vmrz//I+HaY4XnYNvxhERERERVQ/DR6IYe/StD+NvPvXlmqpOe+sdm7Gyo2M8eJxo55pe/LffeA+eO3oKT716AkopvPPeXVjd1TWvc1imidv8odKEj64NM5le9HFqyXevKQRK4rHlOmzbRiqVgjWP8Jeqo1zBHtRs4d1sYaCacjkREREREdGtGD4SxVhzcyPued0u7HvxSLWHUhQpBW5fuxKpxMz9KHVNw89s34j7tt2GMAxhGDqMBYSrK6W7mKECAJQUkEEAo6lt0ceqNU/1KwRS4p0rNDiOAwBLOoCcLdgb/1pNjtvmDAMnXWe24003BgZ7RERERERUHxg+EsXcjp2baiZ8XNnRjN7O9qL21TVtXlOtb7UG3oKvO0YGAYxkCppemaYvcfPMDYVAAk+s0uG6UZhbjgByfkFc6YK9aa+DaF3SW7cRERERERFReTB8JIq5Bx68E5/59FdQC+s+rulsg2lWZop4ly6RliEcfeF3YyLwYFgzV2kuBT8dVHClwBO9Oty8jWQqBSuRmLkqb8I3s62zd+t2IiIiIiIiWpoYPhLF3IoVPZBS1sS6j53NDbCMytytGLqOZUEefcnWBR8jqnxcWus9TufAMOBJiSdWavAdF2YgkEwtjQY8REREREREVF5Lc64hUY3ZuXNztYdQtEp1TrZME8vC/IKvr6SEFCF0dnoGABzNAn93QUEphSDw4bmLX1OTiIiWDl3XIYSo9jCIiKiMhBDQl+iSVbQ4/K0hqgFSymoPoSgnL99AGIYVO1+XXPi6j1JE49RqoKK0Ul7LA585B0ilIQgCBpBERFS01uZGXL0+yACSiKhOCSFw9fogWpsbqz0UqkGcdk20APNrhqGmXn7LmnkTt0+3zl7X8i4cO3ZmscMuu4sDWWQdB50V6prcsYjwEVIu2UYzs+mzgU+dU3j/Kg2ADwCcgk1ERHNa3t2BK/0DONl3sWbeNCUiouLpuo7W5kYs7+6o9lCoBjF8pNhZTGdc4GYgOG2zjGnCwqnHnO461W2g0d7ZVqUzz4/tB/j8T17Bbz/6YEXO16MtvLpCKQloDB+nc9EBPn1O4ZdXaWhBACklUuk0NC3+TY+IiKh6lnd38EUpERERTcHwcYkpNti7+UkVHewVf8zpu+OyM+7MVA3dOP9y8BR2rFqGh3duKvu5OuFDw8JCYaUUw7RZXPOAvz2v8Iu9QFcyhGPbSGcyvM2IiIiIiIhoXhg+1oF8MM203rGvY1C1R3ETNRSRcrRqUNOg6wZMwypZsPSX33sBG5d3YWWZKzYtw0Rb6GDQnH/Hak3To+pHmtGAD3z2PPC+VRpWpiQDSCIiIiIiIpo3ho81zpcKYS2VxVHVCSHwlr2bcedtq9CSyaB/OIcfHX4Nz588B8tKQi+qAYuClGrGTme2H+DLz7+K333bQ6Ud/C00TUObcBcUPuqmBSUEFNd+nFU2BD53XuGJXg3rMgJhGMKq0JqeREREREREVPsYPtY4jw0Fl4RSFprds7EXv/LwXWhtbAIAbFsNPLxrCw6du4g//dL3MOIEMI2Zw6Uw9CHEzY7WmqbDMEwYxuS7k/PXh+AHARLzDKqkUgjDsKjrWWZU+QjMv8JSN01oug4Z+jASbKgyG0cAf39e4T29GrbqPsNHIiIiIiIiKhrDxxonWPW4JJRymuudt61Gc0PjlO071/Tik7/5BP7ki9/Fq2evwjSt0crG6NxSCoRhgJ1revBLD96B1V3tOHd9CK/0XcI/HziG4YIDw7CgaToABT/wEIjiQsSJPN+HMY9KxLbQndfxJ9JNCzIMYSQWfIglI1DAkxcUPrJOYF0iYABJtYUrBRARERERVQ3DxxrmSwaPNH+OH0CfIcxsyWTwnz7wTnzlpy/ji88ewFDeGb8slbDw8/fuwjvv3YWWxibomoa2pmbsXr8Gv/L6e/DV51/Bd146iksDI2hrTOOJB/YgYc4/oArCEEai+DSwU/nzPscYM5WGn8/BTGdGQ1Oay/4hoDfjMXykmsK/biIiIiKi6mH4WMN8TrleOkpY+Xh1KDvnPu+8dy/edudOnOsfwMWBIUgpsXtdL9KpJDLJqVOUDd3Au++7A+943W64vo8gDJFKJGGZ87+L8cMAqXmEj80qnHunGRiJFHTDhnAdmOmGBR9nKdk/DNzZJln9SDWFPZKIiIiIiKqH4WMNY6OZpSOTKc2ahGHoY+Oy9qL2TVgWNq5cho0rlxV9fEM30JCaf/OXMUopBGEIcx6hZQaLS+GNVBqhU2D4OA/7h4CVaQ+mabLzNdUEVj4SEREREVUPn4/XKE65XlpWr+td1PWVUggCF3dtWIm9G1aXaFSl53geEqY147Tw6TRri/tbMJNp6KaFwM4v6jhLyf5h4JIj4boOFN8EoRrAjJyIiIiIqHoYPtaoQFZ7BFRJt+/dASkXXuFnQOBdr9uF33nrg2hrbi7hyErL9T2kknNPuRZSwA8COJ4HK3Dm3H8uicYWAIBfmHtKOkX2DwEiDOE6i7/9icpNY8cZIiIiIqKq4bTrGhVWofLR0jVYOpDQa/tFnFJR5agnAVlDVVubtq7HqRPn5n09IUJ87F0P4/Z1qxY1JbrchBDwwxCtTVE4GgWMIUIhIKTAjXQzhswkBhMNGNaTGDaSGIaFYaFjkTOvAQBWphGha8PPj4yHkTSz/cPAhgZge3MIIQQMw6j2kIhmVOMPW0RERERENY3hYw3ypUKlIzNL19Bg1serN00DkoaGpAE4IeDVyBT2B3/2Ppw8dga6Pr+QZ/f6FdixemWsg0cAyDlO1GimtQVBJo2v5ZMY1BMYViaGhY7hYHRHhShsLEPDJTOVgfA9+IUczGQK+gK6dS8lX7gE/KKuYbvhIZ3JVHs4RDOqj0cvIiIiIqLaxGnXNSis8JRrQ6uf4PFWSaN2fq43vfX1aG1vBuYZPa/pbJtX9+hqEJYF83V3IvnmR+Dt3AZndS+uJBrxipPAWXdC8FgBRiKJRKYRwnO5DmQRnh9UCMOo+pEorl/yGH4AACAASURBVFj5SERERERUPQwfa1Cl13usoXxu3nQN82puUm0f+I0nEITzT+ISVrwr+MTG9TBaW8e/dwKBS9VcSlDTYDU0QTct+PkRCN+r4mDi7UwBeHkECIMKJsRE81A79/BERERERPWJ4WONCaRCpSdd13vFSC39ePc/dA/e8Z5HEYQ+iq2AlDLe3YlETzdEe9ukbZcLIbJhlQY0gZFIItHYDBkG8PNZqJjfltXy/CBQ8PzY/67R0lRLbzAREREREdUjho81ptJTrgFA1MaSiAtWS01nAOCXP/QevOmtD8H3PSg1+y+EUgor2poqNLL5U6YJf8PayduUwmUnTv8nGqxMI8xkCoGdQ+jGuLtzlX6Xr3nA84MagsCvyvmJZsPokYiIiIiouhg+1pigCtlCIBW8Ok0ggyo07ymFD//uB/G//f5vwTA1BIELIaaWCUopYBgS63raqzDC4vjbNgP65LshKSXOFOL3v6JbCSQaW6BpGoJCFsJzqz2kqTQNwvcQOoWKn3r/sELeDaBqLMyn+sfCRyIiIiKi6mL4WEOEql6VniMUghrpCl0sVygUwtr9me5/6B781ZP/H375Q+9BS1sjPM9GELgIAhee78C0dPy7/+f3sH7rpmoPdVr+lo2QzVOrMkUY4oxdhQEVyUimYDU0QymFoJCLXQhpJJJQSsEZvAZZwUrE4QA4lFUQYQzmyxNNwCc6RERERETVpSmWqdQMTyg4Va5A1DVtygu5a67EyowOS9dqpjmNGv1H4ebKiVIpBBLwazRkPXWyD4cOHEEhb2Pnnm24fe+O6AIpkTpwCJoTn+nC/sYNED1d017WN1jA/zhVO52TZeDDt/NItcSrwtTLDkH4HgwrgWRzW0XKv9ZmgA+t1dHQ2Fj2cxEVK2VoSNXKgxPRDK5du4aenp5qD4OIiKgm8HEzfsxqD4CKF4eZz1IpTFxlMGVo2NBkVG08C6WN/jPx5aihabB0IKk05CrdUrwEbtu0DrdtWjf1Al2Hu3cXEsdfgzEwWPmB3cLfshGis2PGy8/ka++2jyMr0wQZBhCBD3vgGqx0A6yG8q7/edYGTuUVdqQFDKP27heoPjF3JCIiIiKqLs5GqiFxCB8n0jUNiTpshW1oQINZZ38amgZ/6yaEvSuqNgSVSsG7fceswaMQIc7FcL3Huei6ARkG1R7GJLppwsrcDBsDp4DQK3/166sjCr7vlf08RMUyuOgjEREREVFV1VnCUr+kAkTMZsibGlCH2SMAwNKjcLXeBGtXw9+6CSphVfS84bIeuHtvh2yafTpuGIQ4G5/Z4UXRrQQSTS2QIoRv5yq6zuJczFQaRiI1/r2fGyn7OQ9lget2CClZwUrVp6F+H6eIiIiIiGoFw8caEcYseATq/wVdvf5xiI52uHfuQbiy/FWQKpGAv30LgtvWFfULc80Oka/RfiVmMo1EpikKIGNUBWmlM5O+D+x8Wc8XKuDVESAM4nMb0NLFqkciIiIiouqr13yl7sRtyjUQVWPWs7qu29J1BOtWw71zN8IVy0rejEQ2ZOBvvg3u3Xsh2lqLvt5Zu3Z/qdRopV+ioRl+bhiIyRsGupWAmUqPfx+Fj+Ud26EcEMQogKWli+s9EhERERFVHxvO1IgwhklYIKMAsh4rIAOpIGMSHpWTSqUQrF+LYM0qmNcHYFzrh55bWGWcsiyIrk6Iro45p1fP5IJnAKix0kelEHoudMOApiegmxbMdAPckUGkWmde37KSzFQDQs8dD0T9fBaJxpYp+4WuDTOVmbJ9vq57wCtDEncnAlhWZaf4E01Uj49PRERERES1huFjDYjjeo8AoKDgCCBjaKUunKsqTyg4cSw1LSfDQLisG+GybkBIGNkstHwBum1Dc73oY3QarTIMqGQCKpmESqcgGzKQTU1QmfQcJ5nbsF9bt7sSAr6dgzc8gOZVG8a3m6kMlJRwhwdiEUDqpgkrlUHgFAAAoevASjdCm9CROijkoJlzPyQUG1AeygJ72xk+UnUZTB+JiIiIiKqO4WMNqHYOFi3Yr2G6l3BKAWfyAiszOixdi/0UNzX6j5r4/ehnpRQCCfj1Pp98LoYeTZWex3TpUlmeMXA6Jyp+3oWQgY/+Qy+ga8fdSE4IHsdYmaj60x0ZRKqlvdLDm8JMR9WPSka3r58fQXJ0XML3EDgFpNu7Zz2GnxtGoqm434uTeeBcPsSmlISuc4UPqo64PyYRERERES0FDB9rQDWbzSQNDSl99srGRsuY+cKY0QC4UsGtdqJL03rnmhSGPIkjw/Geei18F6HroPv2e6EbM9+NWplGwM7Dyw4h0dQKrYolwpquw0xnEBRyAAAR+JCBD91KQAY+jEQS2iwhoZcbgplqmNc5j+aAdS0+ksnU3DsTldhMb5oREREREVFlMXysAaJK6z2amoZ0HZaNpEZ/JgaQ8fShTRn83WkHBwbi2bAkdG0oKZFsbitqfyvTCOG7CPIjMJJpGIlkmUc4y1hSGQjPgQyjcNfPjyDV1gVoGoxZAkI/PwJN02FYiXmd73AWeL0bMHykqqjDhy+imqNiuGwQERHNTzULKKh+cC5czClUr/IxZdbvnYzJdcBi7Vc2pLG3I35rBQZ2DppujE+pLpaRSMFqaI5CSHthDX1KQtMmVS9KISA8F2YqPWOw6BeyEIGPREPzvE83HACHcwpBEM8gmeobw0eiylJKMWwkIqpzvK+nhWLlY8xVq+oRqO8XbvX8s9WLd61NoS8vMOTFo9W7nxuB1dAITV/YMgOariPR2ALhufDzIzCs5KzVhuViptIQngMR+AAALz+MTMeyafcN7DxCx0aypQ0L7Sp1JAvc2e6z8QxVHO/niSpHKQVN08ZflN76wpQvVImIas9YxePYffjY92P396yIpPlg+Bhz1VzvUakF5w2xx+fA8Zc2NLxvXQqfOG5XdRxKSgjfRaKppSTHM5IpGMkU/NwwpAjnXUVZCmY6Mx4+QgGhU4CZnryeY+jaCOw8Eo3NMKyFTxU/mQfO5wU2svEMVZhRrw9gRDEz9qJUSonjV/L49DMX8GLfCLwgHm8eEhHR4iUtHXeva8GHHlyFLcsbGUDSvPGVYMyFVXzeFtRx1+dqhrpUvNuaTdzVWdqKucSFPiQu9MHqv1LU/kpKmKlMSccAAImmVsjQR+AUSn7suRiJ1KSqS7+QG++CDUQNdfx8FlZDU0l+9sNZIPD9RR+HqFgaAK6uQVR+Y8GjUgrHL+fx4c8exo9PDjF4JCKqM14g8eOTQ/jwZw/j+OX8pPt/omKw8jHmqvnUzREKyTqdt+aKufeheNjRZmHfjYWtGah7LpKnjiL52jGkTh2dcrlMpuCvWg9v41Z4t22DnGYatG6W727SyjTByw5BN615N3NZ9LlTGQjPHf8+dAqwRtd1FL6HZFNryaaFH8kBP+sHSKbYeIYqQ+e78ERlN1bxIqWEUgp//fR5ho5ERHXOCyT++unz+LMntgIAdF1nBSQVheFjzMkqv5Mw7EukDA2WrtX8+llCRdWc7HJdW3a2mdjQZOB0rvjE2BgZQuNPf4D04Zdn3U/3XKROHUXq1FHI5Ldg33E/7DvumzaELAfdtGBlGhEUctBb2iv6oK1bCZipDEI3mtYeODaMRAq6lUCisTRTzMcMB8ChEYXXpQOu/UgVYXJeB1FFjK3vKITA/rPZag+HiIgqYP/ZLIQQMAyDlY9UNIaPMRaXWc+uYGBH1fVrmzL4s8OFOZvP6J6Lph9+a87QcabrNj73FDIvPYvcG94KZ/vehQ53XsxUBqHnQLgOzHTpp3fPeu50dO6xRVAD10ayTBWYR3LAnR0MH6kyTL77TlR2E6sehRDwqrlWEBERVYwXSgghxqseua47FYO/JTHGvI8okjY0/NrGNFKzlN+mj7yMzr/6+IKCx4l0z0XLd76M9i98quh1IedDBj7c4RuQIhzfZlhJiMAr+bnmohsmrAmBp/DcSVOxS+lkHjiXDyAlX5xS+bHykai8Jla6KKV4305EtMSMvfk0hhWQNBc+PY+xak+5JoqTlRkDv7YxPWW77rlo/8Kn0PKdL0MvYXCWuNCHjs/9ORqf+0HJjhu6DtyRQeimBd24WXhuJJIQvgclKr8YqZlqgKYb498Hbvka4BzNahBhOPeORItgahpY90hUfhObDTB8JCJaWiaGjwweqRgMH2OMT+OIJltheni48+b3jc/9AJ1/9XEkLvSV7ZyNzz2FjhJUQYaODT8/AiORnLKmYhRGGhBh5TtCa7o+qfpRBgHCMnXgPpwDPJZ0U5mx6pGossbWfSQioqWD9/00X3yKHmNxWfORKA58z4MUAvc3uOjd9wN0/48/QuNzT5W02nEmRv8V9HzxU9hy7LkFXT90bfh2FlamEcnmtmn30RNJyKDy4SMAmOkG6ObNtRgD14aSpa/CHA6Ao1m+rULlxfUeiSqHVS9EREsT7/9pvthwJsZYIER0UxAEOPPyUfzwM19GaLsVf+ckdFwMf+tb2HauD8df/66iO2KHngMASLf3zNrN2ko3wMsOQXgujAp1257ITGXg50cAAEoIhI4Nq6Gp5OcZDkp+SKJxuqax8pGIiIiIKGb4FD3GuOYjUUQKgevnLuG7//NJeHb5Kx1nM3j4KHq/9CkYI0NF7W8m0zBTmVmDRwDQdAOp1k4EbgGha5diqPNiptIwJnS6DpwClCj9+oytCT7sUPnM0pOKiIiIiIiqhK8CY4q5I9FNSins+6enqj2Mcf6VK+j+uz8vOoAslgwDpFo6IDwXgZ0v6bGLYaYbJn0v/NJ34G5JGnPvRLRADB+JiIiIiOKH4WNMVb7nLVF8CSFw+WT5msoshHJd9H7zyZKtOekXsgjsPJQUSDS1Qvju+JTtSjESyUlrP5YjfOxI8mGHysfUmT4SEREREcUNXwXGFKdcE93Uf+5y1adbT8e7cgXbjj2LxeQdMgxg37gKTdOQaGyGphtRB+pME4JCHkpU9q0IM5ke/1oEfkkbz6xt1NGZ4sMOlYehaTCZPRIRERERxQ5fBcYUm80Q3eTmKz8FuVi5557Dry4PsKVl/v27QtdG4BSQau2AlWmCpt+ckmwkkjCTqYpPvzaSKWDC+pQlq34UIR7o5EMOlQ+nXBMRERERxRNfCcaUZPhIBCBa7/Fa38VqD2NGnu3CO3IEv7E5g8dXF9mlWil42UFohoFkU+ukqc4TmakMhO9CBn4JRzw7TdcnT70uwbRy7+I5XPn0f0fu8IFFH4toJuxyTUREREQUT3yqHlOsfCSKBL6P3MBwtYcxq4vHTgMAHlqWwEe3Nsy6rwx8iMBHsrkdhpWcdV/NMGAkUgj9yk45nxg+ygVOu/avXUZu/7Pof/KvcfkT/wneudM4dOB4qYZINImGaNo1ERFRXNy5rhVv2NqJTILN9oiI5j9PkCpCB6DzhRQtcVJKCN+LXbOZW+UHhmCO/r1uaTbxkc0N+IsThWn31a3EvI5tpjNwhweQyDRNmg5dTrox4aGhyPVn/SsX4Z3vg3uhD96FPgTXr908nm7ANBO4cPYSNCFgmHzoodLjtGsiIirW7z+2EW/f04Njl/P46GcPwfZLu8b2o7u68e/fugHphIGvvXQVf/rNUyU9PhFRreErwBhSAKBFlRwaorxh8tfaNNuI6k8+72Dg1FncOH+l2kOZ1cCFK2i0bv4V3tVp4uyIhu9eXXwJ81gVoggDGPMMLhdKM26+Q2+mMtPu41+5CPfsKXgXzkZh48D1KfvougHDsKDrUZH92TMX0WBpMNkVhIiIiKpMA9DVlMC2lU3Y31faWTa2L1DwBJQChu2gpMcmIqpFDB/jSAHhrIs+znzZpGCSASbVMMdxIITA95/8ZrWHMif3lk7cQghsmD6zqwnCdca/Hut+7V+5CPfMyaiy8XwfwuHBSdfRNA2apkPXdWiaMR443iqbzaO9vbV8gyciIiIqkW0rGrG2M4OzN2wcvTy1CeC2FY3obU/jlfNZ9GdvNun70fEB/Oj4QCWHSkQUawwfY2gxtVIK6uYsyVkPxACT4svzPARBgP3few79Ma96HOMWHKQaoqBO13V8/UrtLtwaeg6C/isILp1Hvr8f7oU+iOzUigBdN6AbBgzdQLF//dlsgeEjERERxdqO3ib82zevx/aVTdAQvXI6cimH//LdMzh8MYd1XRl87K0bsGdNCzQAfijRn/PR1ZTA5569iNdv7cBt3Q2wfYG/f+4SPvX0+fGp3q9eyKK9wUJve/S88cXTw/jYPx4r+dRvIqI4YfgYQ9WOLBhgUjVJKeG6Lg79+GU8VQNVj2PGgkcAGPCBC84sO8dY/thBXPn8pyALeZhmAroeTcG+WdV48/NCZLNTqwaIiIiI4uTDD6/B9pVNGLEDvHI+i92rm7FjZRN+8w1r8FufO4z339+L3atb4PgCr5zP4rbuDHrbUnADibwbou+6g5VtKWQSBvasaR4/rgbg9lXNEFLBDyWSpo6dq5rw6O3d+NK+2njDnYhoIdjtOoaqHT6WgoKCVApCKYRSIZAKvlTwhIIrFByhYIcKhVAiH0jkAolsIDHiSwz70eesr5ANFHKBQj5UKITRdZzRY3giOmYggVBFHcKlqo/bbykLwxD9F67iB/9QO8GjvKUpSyGs3d/Cwae+CVnIQ9N0WFYSppVEIpFGIpGCaSZgGOaCg0cAECHf1SciIqL4emBTOzYta4CUCt862I9//4Vj+NbBfgipcFt3A955xzLsWtUMXQMOnBvB7z15BN94pR+BiF7/jNgh/q8vHcfVYW/a41/Levg3/3AUf/DVk8g6ISxDR0djZdb1JiKqFlY+xlCRzWXrmkIUYGIRFZhRJaU2XlU5bROf8W2swIwLpRS+8l//bso6inGWTCcnfb+20Zhhz4XRdB2QsqTHnI5/9RKCi+dhWSmYpgXTLP0TYcMo7W1DREREVEpNKRNJS4dUgBtEz78GCwFCqZC0dCxvTSFlRW/EDuTn30zG9gSePz2EO9e1wgsl0gk+NyKi+sfwMZaYPpaCQhRkTdow695TMcCsvPPHzmDkxlC1hzEvPWtWTNm2pkHHuUJpAkPNMCClQLmfmuZffn58mvXYZyIiIiK6ydD5DJ+IaL4YPsYQo8f4KEeAOTGUZIA5Da32fuJl63qnbHukR8d//sRXYHV0werogtnZDbN5/o1WZOADSkE3yn93XTh6EMDY+o7lCR8bm2q4DTgRERHVvZwbwgui9RjHKhzbGyyYugYvkBhxAoQieoO5o9ECADCPJCKaHcPHGOK06/pSzgBz7GugfgJMVYN/ABt2bJyyzT95BCPPfG/SNquzG1bXMlhdPbA6uucMJYNCDkpKpFo7yzLuiQqHDyAcvAGgfFOjW1qasH79qrIcm4iIiGi+Ohot/NkTW8e/D4TCP/z0Es4NONi9uhlv3tmF7uYk9q5phqFrOHPdxmd/chG7VzdjeWsKd61rxT/+1h3obk7AMjQEC1zamuElEdU7ho8xVHvRC5VbJQLMSUFmFQPMletXQSoFvQoVkFJKCCmgABi6DqOI6j8hBTbv2T5l+4njfTDNBJSSUEpBKYngRj+CG/3Ascn7Go1NsDp7bgaTXcuAMIBz7TKSK3qR2LKrRD/hzOwjr4x/Xa6qx917ts69ExEREVGZXR3x4I12m85MWHNxxAkxkPfxlz88h3/36Aas68rgke2dUADOXLfxlz88BwD44otX0NuexuqONNZ0ppF3Q0gFhELBC4tbdsf2QnihhGloWN2RLsePSUQUGwwfY4jhI5VD1QPMCZfNpqG5EYl0AqE7/wW8F0oqBT/wEcoQnW0tSCVM9A+NIPBDJK0EtFkG3rWiC6mGqU8Yz5+7DGPaqdJqNIxUkFJCKQlZyMPN5+CePTVpzyDw0P7I29FY5vBR5LLjU6513VhUN+vZbN22vizHJSIiIpqPTz19Hp96+vys+zzxiZdx57pWdDcl0J/zsb9vePyy504N4bk/fwn3b2yHF0rcsbYF77+/F14oMeKEAID3fuLlScf7j19/Df/x66+Nf3/0ch4f+dtDWN6SxMEL2RL+dERE8cPwMY6YPlJMVSrA7F69ApdPnitqTFJKKKiiqhRnur7tu7h3zxa84Z5daEynYZomXN/Dt5/ehxcOnkQmOfO70ctX9ky7/eqV6zNcQ4t+fm1qheFYhaRSMrr1NMC/WNztsBiFQy9DBT6A8jaa2bKF4SMRERHVjomB40SP7enByrYU9vWNQCmFu9e3wjI0DOT9Ga8znf6sh/6sV6rhEhHFFsPHGGL2SPWsmABz5ZbbZg0fAxEiFCGEvLmwjqbpSJoJmPNYrzAQIaBJ/KtfeBO2b1gzKcBMWhbe/aYH0N7ahO/9+BUkrcS0x2jvap+yLQxDDA/nix7HzZ9Bg6YZwGhfa13TEVwof/hoHxtrNKOVLXxcsaIbW7YyfCQiIqLa98j2LtyzoRUffODmWtY5N8TXXr5axVEREcUXw8cYYvhIS13PLE1J/DBAMmli76b12NC7DKtXdKEhncahU2fxrR/ug+N4c06VBqLgsakxhV94889g67rV0+5jmSbe+Lo9uHxtEMdOXZo22AxvOY8QArZtw3HcIn7S2QkRovHOBxZ9nNl4F8/COX0CwNiU6/Kstblj56ayHJeIiIio0j75g7M4erkDG3sa0Npg4bWrBXzv8HW8dHak2kMjIoolho8xVIPNfolKKtPUMONl63q78avveCPSqdSkpjSv27kVO29bi289/SKeO3AcKSs5bViolIIfBmhpzuDD730zetqnVi5OZOgG3vvoQ/h/P/MVFPIedH3yeoiBpiMXqNGGPAqObeMf//6bkHJxf8hChDA7u9Hx9vcs6jhzKbz60vjXul6+h4RdtzN8JCIiovpw9HIeRy/Pf5YLEdFSVZ6uArQozB5pyZvlj+ANr7sdDen0lG7YuqahKZPBux75GXzo3Y/ASuhwfBeBCCGVgpACfhjA9l2sWtGJj/7i2+YMHsdkkkm8++fuh24CQRg1wpFKwQ08rNqzFa7vIVQKrh/gRz98Ed/42g8W/KOPkVKgYefeRR9n1nM4NvKj4aOuG1OC1VJi5SMREREREdHSxMrHGGL4SEudEGLGy7J5Z9brWqaJ2zdtwNqVy/CdZ/bh0MlzyBVsWJaJno4W3H37Ztx7+zYkLWteY9q6bjV+91fejs997SlcvDYAANixcTW2pFMYcV0YugEhBL745DfmddyZSCWRWrexJMeaSf7V/RDZaFF0fR5rZc7Xtu0bsGxZZ9mOT0RERERERPHF8DGGOO2alrrlG9bMeNlPDxzHPbs2z3mMloYG/MLPPYC3P3wPHN9H0rJgmSYSljWlarJYyzo68Nu//BhOn7+CdCqJVcu6kBwcgteQhqPr+N43n0Z2AY1mpqOhPGsvTlQ4uD86l6bDKOOU651F/H8RERERERFRfWL4GEOKtY+0xGWaGxEKMe2ajf0DI7gxnEVna/OcxzF0Aw3pNBrS6dKNLZnCzo3rJm1rv3wV/akUfvLD50tyDqUUlJIw2zpKcrzpOK8dg3v2FIDyVj0CwKbtm+CIaF1MDYCmjX5G9MWt24mIiIiIiKh+MHyMIQ2cek1LWxD4aF3Rify1oSmXSaXgeF4VRjWZUmq8M7QuJDouXEL/6HTsxZIyRGrdxrKGj4VX949/bejlCx+bmhuxcdtt8MR092pTt0UhpDZtIKlNE1QywCQiIiIiIoo3NpwholiRQsB1HKx98H4IOXXtxyAM0NnWUoWRTabdMnXbcj387pvvL8mxhRRouqs0x5pOMHgd+dHwUTdMaFr5Hgq27tiIRDJR9P4KUcAslEKoFAKp4I9+eELBFQqOULBDhUKokA8l8oFELpDIBhIjfvSRDRRygUI+iPazRz+c0WN4IjpmIBUCCYQKEAqQim/+EBERERERlRIrH2OJtY+0NAkh4NgFXHWBn6zYDaPlx2gYGRrvwhyEAfZuX4d0ovgwqxykUtOuG/nI7Zvw6rkrGEhm8KHf/gC+9oVv4l++9dS8jh2KAK2vfwsad99dquFOUTj4ElQQde0uZ9UjAGzdWfn1HhWiytRJG+a8xmTTVWACt1ZdTqy01GbYTkREREREtLQxfIwhTWPTGVp6lFJw7AKGfOAzFzS4VhrGY++D9vefQCIMIKVE2NGBNzxQvlCu2HHO1rDmAx96L0Za2wEAP//et+FG/w0c2Hew6ONLIcre5XpsyrWm69DLHT7uKO/PUi6VDjCj7QwwiYiIiIio/jB8JCohDYCpazDqIDEQCghkZVJwpRTsQgFOqPC/LmlwR2dbi+Wr4PzyRyG+9xWo7l44b34Hvggbv6MuVS2UUVAzdqIebO8aDx7H/Kvf+VX81z/9n3jt2Kk5jy1EiNTGrUit31SSsU6n8Op++NcuA0BZO1wDQO/qFVi7flVZzxFn5Qgwp1vfctYAc8JlRERERERE1cDwMYb4OrE2mZqGjKlBr6P/wEAChbC8AaRSCrZdgB1IfOaChqvu5MvF8lVwPvCvAUR/G6+gEX+LZfigulrWcU0nCENY5sx3m94MXbV/7//4LXzuL5/EC8/un/ZyYDSkymTQ8fb3LHqcs8m/+hKAKNAqe9XjztqseoyTuASYY9chIppobP1jTdOQMDX4ZX7OQERE1ZcwtUn3/0TFYPhIVAIagAZrpnq42mXpGhpNDflQlu0cvudBCoGvXp0aPM7kx1oLOhHg7ao03aWL4fo+UrOsNRmaFtxUZsbL3//hX4JtOzh04Mj01w99tNz1BlgdXYse60y8i+dgH42mgBuGVfYnC9t2VH69R5qqkgHmze3ajJcRUX3RtOhF6J7eDF44W6j2cIiIqMz29GbG7/uJisXwkagELL3+gscxpg7omgZZhoVIlVIIwwD/64LC8cL8bsGvap1IQOHn1GDJx3Urx/OQnKPJzUhrO6Q+e9fo+x++d8bwsRKy2QgOWQAAIABJREFULzwDADAME4ZR3rv/js427LlrZ1nPQZVT6gATmL5xz+TLtNGlLBY1dCIqE03ToJQaraTX8b47O3Dggg1fsPqRiKheJQwN77uzA7quT6p+VGxaQXPgU/oYqtcQq57V01Tr6ZTjjkIKAbtQwD+eLqAwmMUe9zp6wvlVTHxB68KfaauQLeP7KLbrIplIzNpkxkumpqz1OJ2de7bjztftmbJdKQmlFKzu5Ysa62yc0yeQf+mn0DQNhmGV7Txj7r5/L1LpZNnPQ7VDIeoUL0Y/QqkQSAVfKnhCwRUKzuiHHUafGTwSxdPEapex8HHriib8yduX447eJBL1sPg1ERGNSxga7uhN4k/evhxbVzRNCh8BTr+mubHyMY40FFFVQnFSob4sVVPqSddSCNh2AQhDPGz3Y5tmR7/3EhgqCHxfa8Oz6WXwtLnvoo5qGfyf2jp8UF3FHSpXsjH6QQDH89DU0DBr8BhYCVzvWQFV5APuBz/6fnQv78a3v/rP49vC0EfHY+9Fw869ix73TLI//REAwDDLP90aAO6+r3w/Cy0N6fIuSUpEizRW9Ri9qWXAsixs723B73cmEQQBwjCEEILVMET0/7N35/Fx1ve96D+/Z5td+2LJm2TZlvHGEpvNkGBSCgkJJC/CaTlJTm+atkm6HHKaU3L7um3uyXLuuWlOF3JvSNM2NyctaZLSFgIkQAgYs5hgHNt4wRbGljftki1p9plnuX+MZjySZkazb/q8Xy+hmWee5SfLHvF89P39vlTD4u/xiqJAVVXY7XaoqgpZlhM/A+I/D4gyYfhYhfjPtvbEukLX53fOsFDUKdemYcDv90MYOppPn0e7MX+hx2ZVxv2YxW7fJB5VV2PA3rrkOQOQ8C3RjR4RwvusadxoeWHLMzI1TBPeQACqLKPR7c68r6xgtHs1IlpuFX53f/QuGLqB5576BQxTh9LWCc8Nt+Y13mz4jx9C4O23YtOtS9zhGgA2bdmAq7ay2QzlTxYCar2XlBPVgeTwUZlryCZJEqLRKEzThGnGfhYzgCQiqj3xQFGSJEiSBFVVoaoqFEVZFD4SLYXhI1ERWABChgV7nU0zMi0gUMTOlbGKxwCUYBANF0eghNJ3mGmzafi98Dn8HZBVAAkAZ2HHWbECe51deLA9BNfUJGR/AMJMH0RakoSox42g3QZ9bAxaKISGJaodAcCUJFxc0wtdyW8K8z33341QKIwXnn0R9r7SNmaZfX1v2aZbA8ANu1j1SIVx1Nl7KVE9WljtoqoqJEmCLMvQNA2GYQBg8EhEVMvi7/GyLCfe41n1SPlg+FiF+E+3NoUMCxETUMVcAxqxsHlCbbCAubXYgPN+A6ucMpSkHyiGBVh5rAtgzK3xqASDaD5zHmLupiQTp82O3/QP4v+2NWY1BRsAtjYreGCdA5bsgW9FrHO0HAhCCochRSIQugFTU2HabTBtNoQFEAwEAQgYDa3oungOUjCY8RqWEDjXu3HJBjOZhEMhbPvAHRjt7IG37+q8z7MU74F9CJ15B4qqleV/DOwOG65n+EgFUCTBtR6JasTCG8/4zallWYkPIiKqbfGgceFH/DWibDB8JCoi07IQtoDwgkUg3YpUMzfTArHwVJWATY2p3yL8enyqeXYsy0I4FMwpeIzrcDpwm/ccnmvoW3LfnW0qHljnWLTdcDpgOBdvNw0DIb8PpinBMGPfoKmOFVh5bjDtNaKqhvM967Mef2oWgsEATgW0kgaPlqFj9vU9ZZtuDQA33boTrW3NZbkW1SdWPRLVlngAGQ8dgcXVjgwhiYhqz8JgcWF3awaPlAuGj0QlVkvBY7ZcikDIiFV7ZiMUDMKMRNB8YSSn4BEAJCFwg34Zzy2x30fW2PHeFVpO57YsC4ZxJXgEgJDmwExTCxqnLy3af6apBZPtK3K6RirhUBjjIQPnjdzGm6vZ119CdHQEqlq+rtPve/9NZbsW1R9NEmD2SFR7ktf8Sq6ISd5GRES1Kfk9PF7Vzvd1ylWdRSL1gf+O64dWx9MH7bLIaip5JBKBEQ6h+cz5jGs8ZtKoSlgbmUn7+gPrHDkHjwBgWZgXPMZdbm2HKc9vtTu+YmVRgkcACEfCOG/YMGOWrp2v4fNi5pUXICtK2f7nYMeN12ATG81QAept3Vyi5SQ5dCQiovrE93rKFysfiUpIrdPgMU4SAkaGqVSmaSIcDMIzPAYlmF/wCACKJKNd9+Oc1jhvu10W+IOrnFjpzC/Ei0SjKbcbkgy/yw3P7AyiqobJji4EnK68rrFQNBpFMBzGeb2hKOdLZ/b1l4CAH7JS2urKZO/7tZvLdi2qPzZZgA2uieoLb1CJiIgIYPhYlfi/afUjh2UR61IkHIbN64XjcvqqxWwoioIheX5Y12yT8NsbHHkHjwBg6AbS/YvzNzRC1nVMtXUiYrPnfY2FwuEQTkc0jBil6zwdnRzDzMvPQy1Td2sA2LRlA3bedE3Zrkf1RUCw6pGIiIiIqE4xfCQqId0CyrfaXnmZVqzBTjqGriMaDKL9wkjB15qWNIwo7sTzbqeMP7jKWVBjCtM0YRgW0oWPIbsDoRUrYcjFe5s0TQORcBjndGfRzpnK7OsvQZHkslacvO/XuNYj5c8m8xdvRERERET1qs4nhdYmTjurH1HTQqQOyx8tAEHDQqavLBqNomFkLOcGM6l812iBay5o3NqsFBw8ArGqTCtD3GEIuajBIwCEQmFcDAuc10s3FTp84Sz8+1+DJJVuPcmFVFXFe24oXdduqm+yYNUjEREREVE9Y+VjFZKEADLGOlRLTnsNNKoC7Xa55teAtCwgYlqImMi41iMAmP4A7AVOtwaAk4aCY/4o1rcIbHYqeGCdo+BzWpaFSESHmaLZTClFwiEM6jboJazxmt23B3IZp1sDwFXbNqCh0VPWa1L90Gr8fZGIiIiIiDJj+FiFylevRMXiUiTIInXValON3VnrJhBKqmq0EAsdgcyVjskMXYdjcqoo42m/bjM+7TUwEYrig+vcSx+QhUgkAsMsyqmyFg6HcCms47xRnK8hleCptxF++0hZqx4BsOqR8qYIARurHomIiIiI6hrDxyokRGztK9Y+1oZaCxeXokiAWxKYjuSfzpmmCcest+Cx6N0r4PQ4sbOIRXWWZSEcCsM0yxvQhUNhDOo2zJbwut5XXyx78AgAm7dtLPs1qT7Y+Ns2IiIiIqK6V1+pSR2RytgogvLnUur3++RS8n97EP4A5Ei0oOtbsgx9zaqCzpFKNBKBaZb3+6brUYTnplyXiv/IrxA9N1iy82fSvWpFRa5LtU2VBFQuckxEREREVPdY+VilJAEYLH2sekodh8SFzISUitBkRl+7CpaS+1uUaZqwTBO6oQMALNOEaZoABHQ9ts20yl31GMKZqIYxo3RrMfpefaGs3a3j2jtbIcssX6PcCIBNZoiIiIiIlgmGj1VKFkBhdWNUFnV871zIl6b6/AVd23Q5oXd3ZdzH0HVYsGAYJkzDgGnGPs8buIV5z2XDBHQT0SJ3sc7ENE2EwmEM6s6SXcO3/1UYE+MlO38mHZ1tFbku1Ta7LAr6BQcREREREdUOho9VijPRaoNhAfU687qg2kVPYU1VZjrbEZ2ZSWSH2XyWDRNaOAzZMKCGw5AME2ooDAFADYcgzXWYubi6t6xdncLhEEYjwFldK8n5rUgY3pd/UZJzZ6OxuaFi16bapEpsMkNEREREtJwwfKxSElvO1ISgbsGj1udNdEjP/++fZc9ubUMhxKKgPex0QpIEbMFgxmMlw4AaCsMeCMLmD2R1PZ+7AWG7I6t9iyUcCuFcWIFRojJZ7769sPy+kpw7G41NDB8pe5xuTURERES0/DB8rFJ1vJRgXTEsC74o4FQWh2i1yrCAgG7BsPIPH02XC6ZNgxSOzNsuRKyZUvwjFSUUguvshbyvnYm3oSmn/YOBAAzDgKzIUFUVipL7mo0tDiceGBrADl3FKcmBAa0ZI2px2ncbs9Pwvfx8Uc6Vr+aWxopen2oLp1sTERERES0/DB+rlCTA2scaoVsWvFELkhA1vwSkBcC0rIL/3lmWhXBLMxwjYwAAWQhIUvrAsRxMSUbQmdu6iw6nE4GAH97ZGQCAJMmwOxxwOl2QpKW7gct6FF1n3wVkCdfJBq6FD+HwJZwM2nBMbsCArRmTSv5rQXpf3QMUEBIXQ2NTcYJUqn+cbk1EREREtDwxfKxSArEKsUKqz6h8LIDfqyShUBBWgwfu0XHIklQVlbwhhxOWWDowXCgWNMqYnZmGaRoI+H0Ih0JobWvPeJxkGmi9eG5eOCgA2DUN18DCdmsaocAYDlkO7Ld14B17a07jEpcmEHjztZy/nmJrbm2u9BCoBnC6NRERERHR8pX7nTiVTb1M46XlR0R1tI6OQZGrI3gEgKAj/wpDu92O1rZ22Gx2ALG1KpfScvE8tAzrVkpCwGm3Y5fDwmci5/CJmRPYGJrKekz/myuIvhW5BZalsKKro9JDoBrA6dZERERERMsXw8cqxvCRalXz+GTWTWDKJeAsrAO3LMtobGpGe8cKtLS2Zdy3ZegC7Dk0gXHa7bjZbuJ3w4O4e/Y0PEYk4/4brQBuVYP4+ic/VNEAUlFkdKzI/GdBxOnWRERERETLG8PHKsZvDtWqbCoDy0lXVERs2XXgXspSX1vj+Aics9N5ndftcOIuNYDPeE9gS3Ai7b4fQaxC0m3XKhpAdq3srMh1qbYweCQiIiIiWt6Yb1WxKstviLIWXLsGekP1NCKJaMUJHpfivjwFz9RkQedQZBl9ThUfD5zBewIji17fYXmxybpSVeq2a/jS/XfAbdcKum4+uletKPs1qbbYZQGFP8uIiIiIiJY1NpypYrHOwGxiQrXHUmT4Nm+CNjEJ29AI5FAou+NkGaFVK2G4Mq/PKIXDcx8RyP4A5EDmKd6mLGc99nzZfV40jQ4X7XzNHg/u856HbNewX7pS2XivtXhdyM4mD770H34dD/3j00W7fja6VzN8pPQUSbDJDBERERERMXysZixLpVoXaW9DpL0NztffhGxZECIeql9hyTL0Bg+iLc2INjfDUrIJCudXVcr+ALSJSaiXL0MKL14v0ZBKGz7K0ShaRi4W/bwetxvXNZgYnZjCeUcrbremsRLhlPtuX9uF7Wu7cOTc4mrJUlm1urts16Law+CRiIiIiIgAho9VTRJAoxaLIK25Ash4HaQ19x8L1pVtafdJvW3evpbFGksqmWhrM6zx+dORo+vWQu/uKsr5DZcTQdcaBHvWQOjGokpIX1gvynXSaR65CEkv/jVCre1o8nnxYT2Eb6EV91qZp3TfcfXGsoaPrHykdDjdmoiIiIiI4hg+Vrn4vVvK9R9F8h7FudLSgWXqsDNtAJp2H4ady4nR2QElKXw0WpuLFjwuZCnyovUmjRk/UKL8sWFiLKfO1rmQBbDRjCKsmbjXmoQHRsb9b+rvAbC3JGNJhWs+Uioqp1sTEREREVESho80TzzPXHTbKBY9KMaVYqEkqzrrntnYALOxAdLMLEyXE9ENfWW9vpBKs36qLeBHw+R40c8LAJaioGnmcuw6qppyrceF3HatbFOve9aths1W/iY3VN0kIeBg8EhEREREREkYPlJFCZS5qhMpqjHTVHUuDjHTP2dV59IiV22ENDMLo7Wl/Bcv0TekZehCaU4MQLPMvFreb+/pLkv4uOXqTSW/BtUehywgMXskIiIiIqIkDB9p2Ug7hZ1VnWVhKUplgscSaZgYg6xHS3JuIcSixjzVZsv2/koPgaqMQxZQ2SmNiIiIiIgWYPhIVCK1XtWZep/aCTvnEcWddq2GgiWbbg0AcpUHjwCwvn9dpYdAVUSTBGycbk1ERERERCkwfCSqA5Wo6kxfnVl9VZ2yJAEwi3Q2oHFirGjnSkUuYN7q2LS3iCNJbcOmXjQ0ukt+HaoNihBwsLU1ERERERGlwfCRiHKWuTFR6as648+zreqMygLBIoxIMg20jI3C7itdwFdI8OgPR/D6wNkijia1TVs2lPwaVBsEAIciivavnoiI8mAG4J01YGvwQOPyF0REVIUYPhJRVStGVaehCMwWMAbJNNAyNQHP7Az0SKSkU89lkd9dgz8cwUP/+DR8oUiRR7TYBk65pjlORYCzrYkobvjlw/jJ0MKtDtz7QD+6KzGglKZx9KmzeNUXfy6w8qpu3HNNeyUHVZjRQXzp7y9j40dvwee2TuPsgSG8dtSPZy8B2ze14rfv7kMrQ0kiIqogho9EVPdEAWsoSqaB7ovnYAuHYJilXfNSEiLnBtdnxqbw+BvH8Pxb75RmUCms7+8t27WoetllAZWtrYkoydQ5H753Fui3X0m6uld4YCvrKKax59vH8EX3Suz/ZKqfV1EMnvHhe7odn+pWAD2Mx54awKNHfXj0k73QyjrW4oroAM5fxF88H0DvOg03axHsOTiCN30SHn2gtr82IiKqbQwfa4BpXVmtLm3/klTbUrzA20Si7CUHjwBgmMVbNzKVbKdcHz03gn0DZ7Fv4FxZ1nhMdtv7b0JnR0tddGCn/KmSgJ0lj0SUSkMz/ubBLWit2ACi8GYzCaCjFZ97IBZOfuKF/Xj/qxPYM96LOztKO7qS69mKR/6P+BMdO7//S/z++VkMA+ip4LCIiGh5Y/hYAyQBBHQLulmaW/rFt4+pq6/S3WaKFE9yCkkXvJjtsSnXHFy0r8hpjBmvL5bej+pLx9hwIng0SxyqSUJASlP2eGZsCkfOjeDI2REcOTdclqnV6dx11y64MjYXufJaIY2J6r4Dew2ThYCTDWaIKEeRd47hq49N4zkdgCThnlv68Ge7OwFM4blvD+DVjWvxiekL+P1jOu65+0Y8uGkMj31/EN+YBCAp+Ph6DQeGNXz1C1vRY07htR+cwpfO6PAC8DR58Minr0a/ewJPPjyAr00DmB7C9V8ewsc/fAsevC7z2DzNGgAfTl4Edpw5jL95PYB9s2bs3G3N+O6nt6DHDuDiAL72wwk8GYgd19Pdjm//bj9aU27vxpG/fwsPN63FE/evBsxBPPzfh/CDhmY88+AWtM5VaH67Yy3+5b4uTO07hode8OGoGft6H/zoFnx8qwcYP4E//64Xt9zXiclnLuDhaSce+fPrsGP4yjVb3RJsSBEumlMYngbQYK9gGExERMTwsWYoAtBLdO7FN+5W4sa/CCersPIOKGWQm/qFpYPTEgW5KbfnEOQu2p7jOBPbqzzMtYVDcCU1ljFKFP4DseBRlWNT1CI2O8I2O06PTOL7P/oJ3jo7DE2zl+zaubjhxqtxzTWbst6/ZhoTLXiesqpzQWC6nLHBDBFlFAnjwP7Tc2GXgu7ta9GtXcAPHp/GwJouvPDxtcCBI/jkM4N4rLcT9/e0or8b+PNXBzHQ3YSvfMCD3q3AwE/O4Rs+Nx55cDO2+wbx8D9NYKC7ET0AvHsH8cWzEh76retxT/cUHvv2aXz6sdN48VNrcden1iL83XP4RlMnXvhoO2zOpYfsvRwBoGHTKsAz6cDOXe34/EYXtMmL+NIPLuPhV6bw13fI2PPUBJ5sascLX+iHJzCGgYtKLERMud2D3g4Jw2diVYfdZ/04YJfQPx3EyRCwS5vCkXFg184uYPI0/uYFHxqu68P+u1sx/NRBfOTxU+hffx12dDRguzKFP//hEO65rhOPrG3AdlzA934wgSMdnXjio+3AkXfx+3tC87+o0dP43o9H8O1ZDX/2qT54iv19JiIiygHDxxohC4EqTPZogZRBbuoX8jlZhVU+yAVSNJ5Jue/8bUEj97G7FnS0NvNO5DMLexrga21DVNGgq2pi+8v7DuPw4MWC1qsstg/e/d5KDyGtYjQmyv4qS1V1xh6krOBMtS3pebVXdToVARY9ElFGoQAe3RsPwjT8ds9adI9O4bshBQ/t7oNHAnB9O+594RyefGsI9/eshEeTANjx0Ke3YocEAIP49jsmdlzXhR1NGtDUgn7nBCBJAKaw71gIkTVduKdHA9CFu7YP4RsvX8aboT7sarDDJgFQFHiamtKPc3wK3/7hDKBHsO9sBD3rVmJ3B6B19OMeMwDvbARoa8TNDdPYp5sA5Nhxl7zYc3IKd23qRP8mAJhOsx3o6XVCOxzEwDTgORfCQEcD/uTSLIaHASCIA7Djt9crmHpzBs+ZTjzygS4AQPetzbjz4AT2HAxgx80abBqAjk782Yf7Yic+chjfDUl48H0b0N0EYL0DvcnhY+Q0vvGdERzpbsY//VY/+pt4y0dERJXFn0Q1QpFi1VGlCkCIqk2qIBdAXlW5+VQtzjY0oXF6CpJp5l8JvITpFd3wNaeeCDV8caQ0F83T5m0bseU92+HTY38YOS9bkOLFrKt601xsySUWkjYUuzI3c1VnprPnYn7YmT7ITD2FPe22PNfqtMkCGhvMENFSUq35eBGIAECiD40drU5gYDZ5GREpFhrOiZiATUrVotlE2MRcEBnjaVQAhDB1Cci5rbZiw/0f7k10u44cewuff9yLAUVCtwJMhoBYltiE3fd14XM/HsFfPHYCX0tMjU633QNsdOFejOHkeaBtNIRd3WvRi2n85Nw0btcDGGhwob8JgG7O//qbNLQBODvjT/rjSfqz0IEIJNjSTYzQJGhQcP/dW2LnJyIiqjCGjzVCAJBFrPkMEZWerqq4sKYPLr8XWjAA2/Tlop5/Yu06hJ2utK8PXxgGEAuFqoHDaYeePF+56pRvYOVaJzfd9lzWyk0ZpKa6l8eVqdTxeNmyYofG/2SVlMcREWVBQazTcqJvWwThCNDfkLn/cjhlo7e5kC7ptUhIB6CgtSWHMSU1nLliCnv2eDG8fjVeeGAtgNgaknsSx/ThU3/Uh09duoAnf3wBX0tMjU6z3d6E/qYxPHvhNFaOSth+dTt6MYg9o5dxbySC7lVd6AYwpUi4EqoCCOmIAOhudAHwI3dtuP9eBbYVeRxKRERUAryVqCGc6kZUXrqqYqapBT53Q9HOGWhsxlD/lozBo2maGLo4nHheDQGk0+mo9BCqhrXow4JpLf4w0nzoyR9m7COa5iOS4iMc/zCufITSfARTfAT01B/+uY/YcxNBw0TAMBExLShS7BdgRER52ejBvZKOn7wxFHt+bBKPBSTc3teZ5oBmbO8GDpwcxdHpALxvj2HPbPy1VmzrUYDzl/HatA6YU9jzVghoc2F7ciWgniq4zFJERwQ6vCdj152MRAAEcPbIhVgn7ZYu7FqvAKYJbyjddgBoR3+3hAPDl3FkVsPGdUDrShvaRqfw7Diwuy82zbp1gxPbEMCefdMAdEy9NoOfQMP2jWkWrFznwJ3QsedXI4AZwNlDfrwJAObcCvE+HwZHZjE8WaoV44mIiHLDyscaokgCyGPtOqLlrtB1E01ZLso4LnWvQqCxecn9RodHYRoF3DSVgMPF8HE5ine2ZvBIRAWx9+HBj/rw+ccHcf2xQQDAjq2r8fGt6W5FmrD7A63Y/b0pfPrhg9CcGnYmBYvdd/fi66On8cWHf4kIAM1px9cf2DDXVKUZ/askaMdGcP2Xx/DgAzfj4xuzHWgrdu9y47tPjeCWL4/A0+TBQ9s1fPXsNIYh4cjec/iLx88lppDfefMG7G6awZP/lGp77Iz9W1zoecyLJxua8dt2AOvc2OUbwWOmHV9fN/f192zCV997GF/ccwzXv4BYN/D39uHOtnR/PH343M0z+OS+07j+INDf3YTPdUfw7IUxYMdK4J0x/Jf9PuxSZvDXd7DPNRERVZ6wqqGkhrLmjcYqZ4goe5FIFF5vZOkd05AMA93vvJ338f6mZsx0rIApZ/f7noP7D+GRv/zbxHNNs0OknitbNh/9zQ/iNz75kYqOgcpLEgIuBo9EVWFsbAydnemqBGtIvJGL3Q2PPZufiRFEfIDmnsGTDw/g/+teiyfuX33lZd80vLoCT5O7uOMMeeGNyPA0zFUemjogKVdeCxmwOZugaQuOSbU9FxEfvAE9+3P4puGFEx63BkAHTGVuXpuOyGwIWkOR/1yIiGpE3fzcrCOsfKwxigQYRqVHQVRbilH5GPQ0wuGdyem4sNMFb2s7Qm5PTsfF13uMsywrbdOVcuG06+VFAAweiaj4JCc8TWmmEi8QOT+EyaZmdDdoiJwZw55pYNcNC6r43E3I7SdsluweeJKncEtK+teW2p4LzQ1PLsHlvK9fSVpQS2HwSEREVYXhY41RBBCu9CCIaoyiFD5t2tvWnnX4GHK54W9pRTDPtSKT13usFk5Ou15WXKrE4JGIKiiEgTcv4KG3BzE114Rl19bVePDG7IJLIiIiqi4MH2uMIgQErOptOEtUhQqtfASAiN2BqZVr0DxyEVLK7puAt6UNgcYmRO2FBXXDF0bmPa+G1TGcLt7wLRduVWKDMyKqMDu23Xcjnrmv0uMgIiKiYmD4WGOEiDWeiZqVDyOIaokQQKEZXrChEWGXG87ZaaihEIRlIappCLvciDiKE85ZloXhRZWPlf/37vak785N9cOtMHgkIiIiIqLiYvhYg1QJiFZXI1yiqidJAkYRusWbsgxfc+k6R44OjS6qdKyCwkeu+bgMuBUJSmX7GhERERERUR3ibUYNik29JqJcKDWSqqRe77Hy6SPXfKxvDB6JiIiIiKhUeKtRgyQBqBLjR6JcqGppCr11XS/q+RZ2ugaqZc1Hho/1yqUIBo9ERERERFQyvN2oUbxRJMqNqhbe8XqhYDAARVkeq1cwfKxPDkXwl1lERERERFRSjLBqlCoJSEXo4Eu0XEiSgFzEkMXv88FeYFfrbFW68vHzf/oZqKpa0TFQ8dllARuDRyIiIiIiKjGGjzVKAFB5z0iUE1UrTvXj7OwMHE4nRAl+ATA2Op5ia+XCx5vfuxM33vKeil2fSsMhC9hl/hAhIiIiIqLSY/hYwxRWrBDlpBjrPk5PX4bL5YYklebtc3xkcfhYycKYhpe+AAAgAElEQVTHG265rnIXp5JwKQI2Bo9ERERERFQmDB9rmCoBMqdeE2WtkHUfTdPEpalJuN0eyHLx148EgNf2vo7B02dTvFK59PHdgTMVn/ZNxeNRJa7xSEREREREZbU8OiXUMUUCDKPSoyCqDUIAQliwrNzCF13XcfnSFJqbW4reYMbn9eGN1/bj2KHjOHr4WNr9LMsqyTTvpbx18G187D+GYbPby35tKh5JCLgVAeaORERERERUbgwfa5wqCYQNViURZcMwDAAmgOwrF6ORCKanL6OpuQVKkZquRCIRaJoGAPj873yhKOcslfODQxg48S62X7u10kOhPMlCwMNFgomIiIiIqEI47brGKQJQOPWaKCt6NArLyv5tLxwOYXr6Epqamgvu9hwOhzA7M42Z6elE8AgAf/rVh7I6vpJTnw++caRi16bCqBKDRyIiIiIiqiyGj3VA5XeRKCuRiI5Yr/ilhYJBzExPo7GpBWpSWJgrn8+LifFR+LxeaJoNjU1N817v29iHb33/m1mcqXLh4+FfHZ+rGqVaokkCLoXBIxERERERVRZjqzqgyQISqx+JlmRkuURBIODH7OwMmppb5lUp5sNms6O5pQ2tbe2wOxyp97Hb8D+++bWCrlNKo8MT8M54Kz0MyoFdFnAyeCQiIiIioirA8LEOCAAav5NES7KyqHr0+33web1FCR4BQFXVrJrUtHe24/e/8Nm0r1e64/To8HhFr0/Zc8gCdpnBIxERERERVQdGVnVCZQtToixk/nfi83nh9/nQ3FKc4DFX111/LXbetKPs183G8PBYpYdASxCITbO2MXgkIiIiIqIqwvCxTsgitr4XEaWnqum7XHtnZxHw+9HS2gpVLX/wGPf+D+xO80plKx/HRyYren3KTBYCLlXwF1FERERERFR1GD7WEYaPRJnZbKk7Vs9MX0YwGEBrWzsUpbCu1oVa378eO258z6LtFZ51Dacr9XqVVHnxxjJc4pGIiIiIiKoRw8c6okicfk2UiWXO79hsmiampy/DAtDe0QFZTl8ZWU59G9el2FrZ9NHtdlX0+pRavLEM3/qJiIiIiKhaLd0FgWqKKgFRs9KjIKpOpnUlfDRNE7Mz01AUBW5PQwVHtVj/5o2VHsIiTrez0kOgJJIQcMj8hRMREREREVU/Vj7WGU0SkAVvRolSCYWiicd+vw92u6PqgkcAWNO7Bs2tzfO2VbrbtYvTrquGOjfNmsEjERERERHVAoaPdUjjd5VoET0ahWFcCfCcThfsjuoN1Kqp+nHnTddg27WbKz0MAmCTY8EjG1oTEREREVGtYExVhzRJQGL1I9E8kWgUyStNVMv6juls3n7VvOeVrHy852N3VezaFCMAOBUBB1NHIiIiIiKqMQwf65AQgI3fWaJ5dL3SI8jNxqsWVj5WJnxc0dWO9f29Fbk2xchCwKVK0DjNmoiIiIiIahAjqjplkwWUGq9+nI34Kj0Eooppa2/Fiu7OxPNKVT5OTU1jZnqmItemWCW7WxVQavvtnIiIiIiIljF2u65jmlx71V5D3hG8eOqvoOrHE9sU14fw6xv+Exo0dwVHRlR+m7ZswujwWOK5ZVkQefxSwbJMGGas07ckJAghZX2eaCSK1/a+gbs/cmfO16XCOGQBG6dZExERERFRjWPlYx3TpNrqhjrkHcFLJ/7zvOARAHT/0/jJkYcqNCqiyundsHC6c37Vj0JIUGQViqxCCAmmaSAcCSIaDcMwdJimmfHcb7x6MK/rUn4kIeBSJAaPRERERERUFxg+1jlbDYWPL737t5DhT/maap7FM6f+rcwjIqqsdet75j0vxtRrIQRkWYFNc0BRNQBANBpCOByErkdgzlVIJnvnxCDODV4o+Nq0NJsk4FYEVP50JiIiIiKiOsHbmzqnSLUTQMrRNzO+Pjn7eplGQlQdulZ2oW/DusTzYq/7KDAXRNqcsNmckCQ5ZfgIALPT3qJem+ZT5qodHYpAjbxlExERERERZYXh4zJgkwUEqvtudsg7svRO5kTpB0JUgOd++mrRz7n9um1XnpS46YwkyVAULeVrlWl3U/8EALscayrDakciIiIiIqpHvNVZBiQB2ORKjyKzlZ4uGHBm3EdSejK+TlSPNm/fnHhcqY7XACCzHK/oVEnArUqwc21HIiIiIiKqYwwflwmbLCDn0SW3nDTn7Rlf72q6qUwjoXqkKErJr+Gd9ePR7z1V1HP2ru/Bpi39AGJdqyvF6XZV7Nr1RhICTkXApQgwdyQiIiIionpX+rtxqgoCserHgF7pkaR389qP4pUTT6d8LSracXvvXWUeEdUTVZXx3NOv4ujR04tek2UJbrcTbo8Tbrdr7rMDzS2NWLm6M+trnBq4AF2PFnPYAICrtm7CyeMDRap8tGAYBmQ5t7d/lztzZTJlxyYJ2GSu60hERERERMsHw8dlRJMEDBkIG9W5ettKTxcMdWfKxjMed+aqSKKlKIqEtw4NYPDMcE7HudxOrFu/Cv1X9WLnDdugaqnfNo8dOYWZaT8MQ8eeX7yB3b92QzGGDQDYsGk9AMCCBcuyIAqqYo41mYlGw1AUFUJkVwDvcjF8LIQiYqEj13UkIiIiIqLlhuHjMmOXBQwT0Cu4dlwmO9d+AgffnR8+GnDi9r77KjQiqheRSBjhMOBwNKTdJ97p2bJMmKYB0zTh9wVw9PA7OHr4Hex94U3svHErrt2xGa1tTfOO3fP8G5AkGZIk48AvjxUcPvp9fhw9fAzHDh3H20dPXHnBsoAiLKGgqjZE9QgkIS1ZBdm/eT0rH/MUqzoXXNeRiIiIiIiWLYaPy4wAYFcE/FGrKrvXbmzZgIO224DwS4ltLc0PoEFzV3BUVOssy8LwhXFcvuTLuJ8kxTszyZBlNbHdNA0YRhST45fxsydfxs+efBn9V/WiZ91KAMCJ42dw8fw4bLZYQDc5PotXXvoVbr3tPVmPMRgM4/Sp8zh96jzeefsdDBw7nPprgVW03vWqokHXI9D1CBRFBdKc+cP33VmkKy4vqhQLHZk7EhERERHRcsbwcRlSRKwCMlil069vXfdJvHIiFj5GRTs+sGF+1eM7l07h4MUnENXHIQkXNnfdi2tXXFuJoVKN8Pt8eP7ZX+V9fLyiUVXtMAwdhhHBwIlBDJwYTLyuaY7E/rKi4Yl/+QU2b+1bVCGZLOAP4sTxMzj59hmcOH4GAX8QABAOXMp7rLlSFA26HkU0GoGq2ha9vvGqddhx49VlG089UCUBTYp9JiIiIiIiWu4YPi5TNlnAsICIWX0B5EpPF+ye30DI+2P0rfjdea+9OPgsxie+CQCI16UNnN+PgfHd+M3tf1LmkVItsCwLhw4M4OCBd4tyPllWIMsKLMtMNIC5UjEZI4SAotrww3/8Kf7wjz++6By/2n98UeAoSTJUxQYhBGaDMxm/nmJTFBWGkbpRzjsnzhT9evUqtq4jQ0ciIiIiIqJkDB+XMbssoFuAWYXrP97edx8ef+sUxt+YBFbHth0aPZQIHhcJ7cEzp9YtqpIk0nUdP3tycROjQgkhZVx6UVE0nD0zjOd++iruvPsWAMDhX53ASy/sx/mzIwBiQaaq2iHLSqLxi392rOhjzUbyNPOFwqEwbPbFVZEUowgBTY419SIiIiIiIqL5GD4uY5IAHDLg1ys9ksV+8fjP8cqTowCexnt3vxctrS14e+QJyBmOmZx+EgDDR5pvbHQKly9nXuuxVFTVjp//9DW8e+o8pi/NYmpyOjF9W5bVRV2rLdOA3zexxFnL/8uCYCDI8DEFea7SkaEjERERERFRelKlB0CVFW+IUG02b92ceLz/9f2xB9HjGY9RraVCG1qOhi5U7u+FJMlQNQdOv3Mely95YbO5YLO5oCjaouARAHyzY7DmOm6XgmHk95uGSKQKf0NRQbIQcMgCHlUweCQiIiIiIloCKx8J9rn1H6MVXP9xyDuCczNn4FTdaHd2oH9zPxoaGzA7M4s39r2Bbe+7GjICFRsf1a4L58cren1ZVmC3uxPTqtMxjAgCS1Y9FkaSJJimsWiNyqWEw+ESjai2SELAJgGaLIrWcZyIiIiIiKjeMXwkAIBTEfBHAb3M6z/ORnz42clvA6E9iW0nATgafhM33HwDnn/meVw4dwFnRpduFmKoO0s4UqpV1RASLRU8AsDspQvZnq2gcUSjIaiahFzis1Aokvc16wFDRyIiIiIiovxx2jUBiMUZTkVAytRBowSeOv6NecFjXHD2R9A3jySeDw4PZDyPASd2rv1E0cdHtc2yLFzMctp1vlOSiyHgm0QkXJ51KWVZgaGn7mydjh7Nbf96IYvYshQeRcDG4JGIiIiIiCgvDB8pQRKASynfDfah0UOQo+m7EMv6z9HZ3wUA8IbTdwCOSj3Yuf5/YGPLhqKPkWpbJBzG6PDlrPYt5VqLS13XNzua9f6F/n5AlmMF72YOX6+iLK8ieVUScCqxNR3tsij4z5yIiIiIiGg5W153lLQkWQAuRYJPN0t+rXOXjyy5z5rdFsYGgGAwCDQtfl12fggf3Pif0KC5SzBCqnWDZ4az7nRtVaCLNJBPk5nCkzBF0XIMH3NbI7IWSUJAlWKdq6uwBxcREREREVHNYvhIiyhSrALSr1euAU2c23YSQBNMc34YGpU344bez7DakTI6evh01vsu/DtWLsHApYpcN5emM3IdVz4qkoAmxaodmTkSEREREREVX/3eUVJBYtMOgUAJA8gGeydC3sz7yAhgxa5+NLVNAwCioh1bV38e1664tmTjovoQjUbw9rHzWe+vKGoJR5NaJOyr2HTvXNRb5aOAgCbH3ucUJo5EREREREQlxTUfKS1NEnCUcP7hjpW3ICr1LLnfyi1BhEJOTI3fgU/u/D6DR8rK7IwPI8PZVxVKkgLLKm/1o2Hk3kVaVGABwnpZ81ERsfe0BjX2mcEjERERERFR6TF8pIxscukCyAbNjRvW/RdERXvm/RznceR/Xcb0/kBJxkH16Z2TF3LaXwgByyrvUgNmjl2nYyoRPtZu5aOAgCYJuBUJbnWuazVDRyIiIiIiorJh+EhLsskCbrU0f1U2tmzAvVd/Cx3t/zltCBmbet2JS1OVWRuPatPQxclKD2FJkXB2zXCSVaTyUa2tysd44OhUBBq02GeFP+2IiIiIiIgqorbuKKliFAE0qBK8UavoXYEbNDdu770L6L0L71w6hbeGn0codAyqeTaxT8taAyf2zcI0TEgyUwRa2plTwzntb1kWTNPIqRFLISzTyCt8rIRaqHwUiHWrVtg8hoiIiIiIqKowfKSsSQJo0AQCOhA1SzM9dWPLhkQH6yHvCAYm38LZ0Tdgd16GZVm4dOkS2trbSnJtqh/RaASdXc04c3o062MsywTKOO06FJrJ+ZhKVD0C1dvtmoEjERERERFR9avOO0qqWgKASxEIGkDYKG1Qs9LThZWeLhyc7MAj//AIACASzr1BBy0vlmXh/OAwDv3qdE7HmYZeohGlFvDmMy28MvFaNVU+MnAkIiIiIiKqLQwfKS8OOXbTHypxAAnM77SrqmrJr0e1LRgI4F9//ApCwdyDasM0yvammF+n6xIMZAmSJEGWKxs+MnAkIiIiIiKqXQwfKW92WUASQEAvbQAZ8F/pcq1o/CtLme17+QgGc5huXSkudzt8s7mOs/yxm82ulf2akhBQBCALQBYCslSpmk8iIiIiIiIqFJMcKogmCUiqQNiwSrYOZCBwJXxk5SMt5eCBdws4unxrPtqdzTmHj5VY89Fmt5X8GnI8bJTmwkYmjURERERERHWD4SMVTBGAogiEjdg07GLHN8nho6aVvwqLaouQ8u+GbppGEUeSmazk83e5/Kmc3Vb8f3OKEFCkK6FjhfroEBERERERURkwfKSisckCihSrgowUsQpyYnwi8Tg5fHxx8FlcCpxBODKOrqabcHvvnUW7JtWuq69dj9Onhis9jJKoREhncxRW+SjNVTLGKhtjYSMREREREREtHwwfqahkATgVAcUEQgZgWoWHkOcGzwEAWlpbAACzER9+cuQhqObZ2DUBjE/sxz9N/jNu6PszbGzZUPA1qXat7e0q6HjTNCBJ1dPdeb4KVD467FntJ3BlyrSUNH2aWSMREREREdHylv/8RKIMNEnArQjYpMKiB8MwMHRhCADQt6FvUfCYTLUm8MaZv8ZsxFfQNam29V+1ptJDyIoeDVZ6CFmxp2g4IwsBTRJwyAIuRUKDKqFRk+BWBRxz/+4VBo9EREREREQEho9UQpIAHIqASxGQk+aLDnlHMOQdyeoc5wbPwZqrnly3YR1+duKRlMFjnGqexbGxw4UNnGpeV3dLpYewJEOP5HxMJRrOOOw22GUBpyLgUSU0aRI8auy5TRZQpdi/dSIiIiIiIqJUOO2aSk6VYgHFzwdfwcDw30O1Yms4RkU7VrY9gNt770p7bHzKNQDMrBgBwi8teb1x32kAtxQ8bqpdq9a0Y2T4Ul7HmoZelmnX4dBsya9RDG6nHXa2nyYiIiIiIqI8sfKRyuLpU8/gzND/lQgegdg06fGJb+KZU/+W9rgjh44AAJo2tUCP/Kjk46T60NraWOkhZBQJ+xD05xeOlluqaddERERERERE2WL4SCU3HfLh3Ng/pH195vJ38eLgs4u3T8/g2JFjAIAtd0xnfb21zdtzHyTVlf7Na/M+1kLxOrUvZBgRXJ44jcsTp/M8Q/krEJ1OR9mvSURERERERPWD4SOV3KsXXoEMf8Z9xie+iVOX35237bWXX4NlWdj4sQ44pItZXSsqb8a1K67Ne6xUHwrpeG2aZhFHckVXtxOTIycQCeffEKkCSz7C4cyu2zURERERERFRKgwfqeSmQ2NZ7ffGu19FxPBDnetesfeFvWjc2Iw1K7NrIGOoO3Hvtv+W9zipfjidtqqZLrxx02r89//5e7jxxv4inK0CDWccDB+JiIiIiIgof2w4QyW3vvVqHJ5Zer1GxZrAvx39Bj53/Vfw9ol3MTU5Bafmhs93F9q60q/h12DvRH/b1Vjpyb/ajepP96pWnHk3u67qySyrOJWPdruGD33kZvzaXTtj41lTm38/7XZbpYdARERERERENYzhI5Xcjd3X4sBgO5SkZjPpiMh+vHD2FQy8FJuCHRj24T9e/Zto6+yEbgK6BZhW6dbko/qxoX9VTuGjkGKF4MUKHyGAvvWdiacrujoz7JzlKSsw79rhYPhIRERERERE+eO0ayqLHb1/DAPOrPY9efFv8ObR2FTr9et70d21Apok4FQEPKqASxGwSQJSJRbAo5qxtmdFTvsLUdy3w1Awgsd++BJEOIgGVcL6Ve1FPX+5uFzZ/bslIiIiIiIiSoXhI5XFjd3X4kPbvgXJvhtRqSfjvjL8aLo6Fnjcdtuuea8JAKok4FAEGlQBtyLBLguoDCNpgcKazhhFGcOZ02N49pn9gGVCCIGm5oainLecVq/OLcQlIiIiIiIiSsZp11Q2axu78Hs7vrjkfl/6P7+OC28PQJZlvPfWmzLuq0iAktSEw7AEdMuCYQKGBRicor1stbY1ornZjcuXs+suXaopzc8+dxi3774a7e0taG1twvTl2bzOU4kp123tzehc0Vb26xIREREREVH9YOUjVZWJiSm8/fYAAODGG94Dp9OR0/GyAGxJU7QbVQmuuepIRYgK9AqmStrQvyrrfZOnXVsFh9YWdD0CAAgGI3jm2V8BAFpamwo8b3lt3bqh0kMgIiIiIiKiGsfwkarKmwcOJR7ftntXhj2zIwSgSoBdFnCrAo2aBI8qwakI2GUBTYqHkowla50kYt9LTRKwyQIOWeDGGzbldg5JBgBYBU67jkRC8wLMgXeGAABtrc0FnLX8f0evvrq/7NckIiIiIiKi+sJp11RVTp06AwCQZRnbt20uyTVkAcgpprBaEDDnpmqbFhIfhgVY4PTtSpAgIEQsdhMi9tuS+HNJAAICkog9TuXmG/rxzRyuF6t+LHy9R02bX7F7+vQYgsEgOjvzn8JciSVNr77mqvJflIiIiIiIiOoKw0eqKvHwsa+vB7Isl/XaAksHk+ZcEBn7DFhzn688Z0yZipj7byJIRPowMXl7vkKhECRJgs/ng8OhIRiMZHWcLCswjChMy8z/4mn84oWDaOtoKeAM5U0fm1sa0L2yo6zXJCIiIiIiovrD8JGqRjAYxOjoOABg/freea+dmxnB6cunMeJ9F1d37cLWtvKuRXclmIw/S7/n4lDSSjyPvwbMDy+vPK98eBn/6uINTsSC1+JhIZIei3mP54eMEOWOzYCBgfPwegPY/+a7WQePACBJsbfEwtd8XOzfH9+P3/rEzUU/b6ks5/Ueg5FZOLTcOpPncwwREREREdFywPCRqsbJgXcTjzesX5d4/OjR/4WZmacgww8AeHXmR9gj9WD3xi+UPYTMRjyIA7IJK1MdPRdIJgeWiY2FD05ceXjlcwUCwlL613//JU6dGsn5OCEEZFlBKZqkB4MRvHtmooAzlPc7tG378lzvcWBkL2RZwvqOW3M6LqIH8O7Yq9i2+oMlGhkREREREVFtYvhIVSM+5Rq4Uvn4ryceg2/mR1g4AVs1z2Lvyf8dq3Z8H012dxlHWR4pA8F6SgdLbFP/qjTho5VU1SgS1Z3JFMWGSDhQknEdPHg272PLvebjtdcuv/UeR6YH8Mrph/E7t/x7zsc2Olfg5f0Po6NxPTobNpZgdMVXigpfIioNy7Lq6t9sqp+/REREVL/Y7ZqqxsjIGADA4XCgq6sT52ZGMDn13bT7y/Dj6VP/Wq7hUQ1xu+yJx4ahQ4+GEZ370PUIdD2CSCQA01y8tqMkyZAVtSTjunTZj+bWrpKcu5gaGt1Yvab6x1k0voMIRmbx0sm/ho4Awrovr9PIisDPjnwZwcgs4DtY5EEWRzzAqKcQg4hqD9+LiIiIlhdWPlLV8Hlj06q7umJNLp468Y0l/4JO+4+UeFRUi3p6VyQey7ICyLm91amqfemd8mR3tgBTuU8JL2fp65Yt68t2rYqKjABaF+A7iEPetzCjxypTp/xn0N24PadTeUOxX56EMYXnj38D93StBdzXXblGhWR7Y88AgKj6GYYBSarduoF01Y4L339YFUlERIUwTZM/S6pQ7f4fDNUdry9WbeRyOvHL4UNQ9LcrPCKqVZ2dTZUeQlqmpUCz5b5UQDl/fm7bXhvThgtmeIELX4U/OISDF3+Y2Dww9nzOpxq8tC/x+KJ3P8b9o8DoP8TCxzJLVVGUvC3VBxFVN4fDAZ/Pl7Jiv1Zk+z7E9yYiIsqXaZrw+XxwOByVHgotwMpHqhrxykeny4kD5/8pq7+cLtu6pXeiZWdFZ0tRzvOhu3fgllu24ctf+UFOXbOX4nS3IRLOdWpv+dLH667bUrZrVZRjI7D6z/H8m38ERb3yu7izl15HWPfBpmQXEod1H44OP5F4LkkCz48ex8d3/VnRh7yUhTfrqW7es91GRNXD5XLB6/ViYmKiZv+9pqpCiW9L/poW7sfqFSIiypYQAg6HAx6Pp9JDoQUYPlLZPH3qGQzPHgUAdDdux4fW3zXvda8vFj7Ka+Wsqh4NOHH7uvuKP1CqCy0tbly6lN/afXHnz0+gZ20HPviBHfi3f79S2WaaRuIjdsNkQZZVKIqW1XltjkbIigZDL16gWSwutwM9vSsrPYyymfYP46JvYF74GNZ9eOnUX+HOq76U1TmODj+RmHYdN2NcwuDYm+jt3FnU8WaysHJoqcepnhNR9XK73XC7a7/JXqZwMZvHREREVHsYPlJZ/N2Br8MM7Uk8vxh8Ef/P+BP45HX/E012NyzLgt8fCx+ttqElz2fAifdt+jrWNi6jphiUk9YWT8HhYzAYBgDc/7Fb8dLeo5ia8gKINaWRpIU92HPjdLfDO7303/W4ct14LZv1HucMjv9qXvCY2D61D4NT+9DbenPG44dnjuDA+UcXbZckgaHpoyUPHzOFifHH6T6nO8dS1yAiSmepn1VCiEVVjpZlpQwk4/ulOoaIiIhqC8NHKrnvHfp/5wWPcap5Fj888hf43PVfgWEYAABntxsu9c2054pKPXA7tuL2dfcxeKSM1qxtx6l3R2CaOiQpv7e6QNJU6/vvuwV/+3fPFGt4cDib4ZsdhWUaRTtnMWzc2FPpIZSVQ/PAslKvqfnSqb9Cm6sPHntnymPDug97Tv1l2nNrirNYw8xKqjXTMj1OdQwRUSlkqmjMFEACSPkaERER1RaGj1RSvxw+hLD/6bSvi8h+vHD2Fby/51YAQM9tsS7DurIZANDk2g674sKqxvXY1LIBTfban25E5eF02AAUFqgMDV1KPL7ttu146eWjOHnyYsFjAwAhybA7GhH0X1p65zJq7yjOepm1YtPK2+CPTmAmfA5Dl9+CX59IvBbWfXjuxFfwsWu/lfLYPaf+ctF0a0U40d24DV2N23Ht6vItC5GqujFVM4dUz1Odh4ioWNKFivHgMd3z5P0ZQBIREdU2ho9UUu9OvbXkPieG/g7v77kVmqbh7X+eRPevPYA//MxvlWF0VM96e2LVarKsQtcjWa/HmMmf/NeP4b99+VFcuDBZ8LmAWOOZbMPHct10dXa2leU61eQ9PfcnHp+fPIjXznwHM5FzAIBJ/2kcOP8odqz5xLxjBqf24ezU64nnTrkNt234Y6xpu648g0b6wBFAoiOuaZoZO8tmqoRMdS0ionTS/ZxKVemY/HjhhyRJsCwLkiTNOy4eQDKIJCIiqj0MH6mkAuGxJfdRrAk8feoZqKqKSCSCaCRahpFRvXO57InHxbpJcTltePCPPoz/+tD3inI+RXVUXeOZjs7WSg+hota0XYc1bd/Bz499Hacv74EQwIHzj6Kn9Sa0ufoAXGlIE9ft3ok7Nv8JHFpD2ca5VPAYf57p8cLj0lVDEhHlKzlojH+OP5YkaV7guDCYNE0zEUTGtzGAJDMDr4kAACAASURBVCIiqk0MH6mk+tpuxqmLi9d7XOjs+D/DprXD7wcikeoJYrI1MPY8IoYf27o/Uumh0Byn05Z4HKt+DENRbBmOSO3UqYvYsGFV4vmRo4NFGV+czd6IgG9i6R1Rnpus9vblNe06nV/f+kX87LCJc969EALYd+Y7uGfbXwCIPQ7rsWZG65p249e3frGsY8sUDsYDxuTP8Y+F29NNwWb4SETFki58TA4cJUlKBI3xaseF21NhAElERFQ7GD5SSb2/51acGN0MRX87436KNYG2Wzbg0lPTNRU+hnUfnjr6RUz6TwMALFjY3v3RCo+KAKCvr3vecyFS37wsJRAIz3s+MJB9h+ps2BwNWYaPpdfQ4IKq8sdC3Aev+VP87DBw3rcXwzNHMDxzBB5bJwbGnwcAdLl2lD14TLaw6jFd8GgYxrwQMl0AyeYzRFRMqaZbpwoe4x/J7zvJwWNyAMmqRyIiotrEu0wquU9c8xU8evhLSwaQnb0DeAc2RKJ6mUaWnUn/aRwdfiLRWKK39eZEheO+M99JBI8AENH9FRkjLbawUkKW1aKc99Ilb1HOE6fZsmuiVI4brda25pJfo9Z88Jo/xWNvjmMqfAIHzj8Kjy22lmiDshY3rPoshoaGMD09ndh/5cqVaGpqKtv40q3hmBw6pvucrgIyfp6F1yEiyiRdY5n441TBoyzLic8Lq6/jgWQ8cEx3HSIiIqp+DB+p5JrsbvzhjX+FczMjeHP4VYx7j8KKHIOMwLz9bGIKbdduh/dyccOdQsQrG+NTLAFgeOYINNmF7sbtiQqoVI4MP44p/xls6/5IYq04Kp/4mnZFV4KbHs3mRiTsW3rHEuvqaq/0EKrSh67+Mv7lwO9jeOYInKEt8PjvgM3owd5zry3a99ixY7j++uvR29tbkrFk6lK9sLoxHjQu/MgUQMbPxbCRiAqVqrnMwuDRNM1E8CjL8rxjk8WPi+Paj0RERLWF4SOVzdrGLqxtvB9ArLPsdMiHk5dOYdI/iunQGIaGRuBZOYuh40s3qSmXs1Ovzwse4wbGfz6v4hEANMWF/o474A2N4bkTX0m8fnbqdXzsmm/BY+8sy5gpJhwOL71THrZsXotTp0aKes5qCR/XrVu19E7LkENrwFbP72Bg4DRkI1apqiN9hfbx48dLFj4ulKqL9cLQUdd1jH7nW5jd+yKsUKgs4yIiypaw29Hwvtux4jN/sPi1uYAx+ZciDBuJiIhqD8NHqpgmuxs3dl+beP6j44/jzaefAgD4fH643a5KDS2hu3F72teGZ47Me97bcjOGZ4/Ma0YBxKonveExho9lFAgE8MorR5beMQ/vv/0aPPGTXxb1nIpqz/h6uW60+tavLct1qlk0GsX0dGzt2enpaYyPj2N8fBwAICO7KfJ+vx/Hjh3D1q1bSzLGdJ2uk8PH5MrH0e98CzPP/awkYyEiKpQVCiXeo7o++4eLpmgnv7+x4zUREVFtYvhIVaOjoy3xeHx8cl746Pf7EQgE0NTUBFUtztp92fDYO7Gt+yM4OvzEotem/GfmPR8Yfz7lNGxNcaHVta5kY6T5AoEAnvv5Afz4X14vyfnb2xtxy67NePW1zGuY5kJRHUU7VyH6+lZXeggV89Of/hQ+X/GqT48fP46Ojg50dHQU7ZypLFynMXkqdbzycXbviyUdAxFRMczufREdv/u5ecGjaZopp1sTERFRbWH4SFWjPSl8HB0dh66HMT4+jqGh+d2Fb7nlFqxcubJs49q17rOI6P6M6ztmPL73s7Ap2VVMUWGi0Sie/8XBogaPqcLu3/gP7y1q+CgrGoQkwzKNNHuU/kbL4bSjo7O15NepVk6ns6jhIwDs378fd955Z9F+YZKuCUy6ysd4+Mip1kRUC6xQCIZhzAseM1U+Jo5jIElERFT1pKV3ISqPzo52tLe3YOeOrbhw4QwOHTq0KHgEgDfeeAPRaLSsY9u98Qu486ovQVNi1ZhT/sGsjtvW/RH0d95RyqFRkmPHz+CHP1rcBKQQmzevWbStvb0RN93UX9TrqBWufly7pqui1680l6v4yzz4/X4cOnSo6OcF0gePqQJIIqJaEW+GldwIa+EHsPiXMURERFTdGD5SVYitkXYEt71vJ3p6Mlc1RqNRvPjii2UPIHtbb8b91zyCVte6lE1okmmKC3de9SXsWvfZMo2OTNPEv/7blYpHyzIRDM4iGg3DTFtRmNlVm9JPQ962pSevc6YTjQbTvlaOio61Pd0lv0Y127BhA0IlqBAcHBxMrBlZiKVutBeGjsmPiYhqRar3sOTQMR2GkURERNWN4SNV3ODg/9/efcfHcdf5H3/NzFaterdkW7bl3uTuOHYU4yQEJ04jCSGQg8DBcbk7+N0BCUkIIRztfuS44zgCFw740dNMOVI4hzQ7dopL7MS9SbZVrd5Wqy0z8/tjtetdaXe16pL9eT4e69md+c53vmNZY81b3/l+K9m2bRuNjY1J79PW1jYuAWSao4Abl3yHNHv8cdxm5Kzj9mU/ZGbO5WPYMqHrOqdPX5gpXVFUHI40wMTrdeP1dqPrfiC5G5Tbbl3PVx/+SNztS5aM3GzGAb8nwSPXY6O0tH8Pz0tJVlYWNpttVOrevXv3qNQbEutx7MibdyGEmCwir13xhpoQQgghxOQjYz6KcRN6JDHWo9XJCAWQmzZtGtNJaOyWVG5c8iid3vP9ttksLnJdpWPWFnFBrH8DiqJgtTqwWGz4/V58Pg8KCharDU2zoiixf/8yu7SA227dkPB4eXkZZGe5aGl1D7vtiXo9jpXS2Zd2+AiwbNkytm/fTlZW1ojW63a7qaysZObM4QfW8W6+Ez16LYQQk0WiR65jkfEehRBCiMlBwkcxptxuN42NjRw/fpy2trZh1zdeAWSao4A0R8GYHU8k52//ZjP/9eM/91uvKCo2mxPTtBMI+AkEfPj9XiyWYAipqlpU+VOn+wfLffn9/hEJHgGMQOIevGNxYyXhIyxYsACPx8POnTuxWCw4nU5sNhsWy/D/q6ypqRmR8DFS3xvyROOjCSHEZDDQdSxy4hkhhBBCTB4SPopR5ff7aWhoCL9GInDsa7wCSDHxbNy4FEVV+MFjf0TT+j9CqygqVqsdq9WOrvvR9QBerxubzYmmRf/bqalppLg4L+6xzpwZOKCcLFwuJw6HfbybMSGsWLGCFStWUF1dzcmTJ8PXLY/Hg6qq4Ueznc7gBEGR6+IxDGPEZ9LuezMea7uEj0KIySbRtavvdU8CSCGEEGLykPBRjKo333yTurq6UT9OW1sb+/fvZ82aNaN+LDGxXb5uPl97+ASu1DxSUnNR+vRqDNE0a2/gGHuW6YrKuoThY3e3dySam6TRvcHKzEwb1fono6lTpzJ16tSodU1NTXR0dNDd3R0eo7a+vh6v98K/hZaWFgKBQLi3pNPpJDMzk7Vr145Ju6XnoxBiMpNrmBBCCHFxkvBRjKo5c+ZQVVU1Io8tDqSyspLi4mKKixPPli3GTyik8fv94bHoLBYLmhYMCO32ofe+MwyDnp4eXnvtbSyahe6uBro66nG6srE70rE7MwZV37lziSdAUtSRCwQtVkfC7SYGKCqYozN+X2ZW+qjUe7HJzc0lNzd3vJsRUzI9hYQQYqJL1JNbCCGEEJOXhI9iVE2ZMgVd18ckfATYv3+/hI8TiN/vx+124/d2EWg9iNp9Aq37JIq3FrQUTNWJr3dpak701OVY8tbhdDqx2+0JH6P3eDx4PB78fj+qqvL2W+/yzr5jHNh/DFXVUFUN0zTw9XTgcbegqBoOZwaOlCxs9tQB2z7QRB1Ll8wa9N9HPImCUacrG0dKNgHdh9/TjmmM/AzvWVmDC2bFxBV5ky4360KIySjyGibXMSGEEOLiIOGjGHVlZWUcOnRoTALIzs5OOjo6SE+Xnlzjye/301K9D6XpVSztu7B1n8BmJPmY8gnwpS2nO205ZKzCmn85drsdm82Grut4PB6qqup4fcc+3th5gKam+OOIKoqKxWLDYrFhGDre3iDSZk8lJTU3Yein6wP3bJw3t4jjJ2qTO68B2Oyp+LxdUZ/TMouwWHsfC/epKCkafk8Lhj6yAWRmljx2PVklmgE20faRYs8vIHfDFdiyo3uE+lqaaNr5Ot6Gi2dsVCHE6Bvo2iVhpBBCCDE5SfgoRl1ZWRn79u0b1fDR5/Ph8Xiw2WwSPI4zv99Py7EncZx+aMh1aJ370Tr3Q+3P4KjKMc8aurR5HK7J4p1DzVSdqx90naHekFis6LqP9pazoKhYrc5wT8hQ+HfDjeu5++NXD1jnJz5xLQ899HMC+sjdDGkWG2kZRf2CUZvNic8HOLPxe1oxdN+IHTMjXcLHi8FY3pTnbiin6JbbyN1QHrfMvC9B084d1P5hK007d4xZ24QQFxcJHIUQQojJT8JHMSY2b97MU089RUFBAaqqDnp/wzDw+YJhi8fjAaCnpwfDMDBNk7y8PJYsWcLy5ctHtN1i8DqrXhpW8Lj9WBFHarJo6HTS2OGgsTM0IUxt72u4FDTNgqZZMAwdXffS7e4JTumiKCgo2G2Jx2AMmVGSz7o1hTz/wm7sjnRs9tS4E9wMRNUspGdNw+nKjlvmQgCZNaIBZFa2PHZ9MRqtG/Yl3/k38q7clFTZ3A3l5G4op3H7Kxy87/Oj0h4hxMVFwkYhhBDi4iPhoxgTU6ZM4cYbb2Tbtm243e6kekEGAgH8/uDjpcXFxSiKQn5+Pna7nYyMDDIzMykqKsLhSC4oEmND6TyKYk3H9HcMet8fvbyI144VjUKrYlNVDZX+YeFgbnxsNnt4XEkAS29PSovNgabZkhpfEiAjuyTJ4znx+5VgANnTjhHoSbqt8WTJhDMiSeufexF7Xv6g98u7chPrn3uRXVvePwqtEkIIIYQQQkxkEj6KMTNr1izuueceACoqKhKWlVBx8rJ7DmE4C9EHGT6OdfCYSENDy4BlPB5PxIzdwXElTdPAMHR6PK2YbgOzd3ZqzWILB5GKqmGxOlBV7cJ4joNk7d0fIOBV0f3dQ6oHwOGwU1g4MWdwFhPL2id+N6TgMcSel8/aJ37H23feOoKtEkIIIYQQQkx0Ej6KcTFr1sjNFCwmFkNLRXEWobjPYerJ9crbU5E/YYJHgKam1rjbAoEAO1/fw7b/3dVb9sKEN4qiomnRfSkNQ8c0zeDj3V0ewIyaSVtRNTTNRk7B3EG1UdOs2GyhOiwEvIPvaQpwx53XUTp7+pD2FZeOxd96FNes0mHX45pVyuJvPcqhB+8dgVZNXOkLF+Esnkbbu/sv+kl3tBQX2WvXEejsoHXv7vFuTlKyVq3BkpZOy9tvone7E5adjOcnhBBCCDHRSPgohBhRqj0P9C5U1wz0jmNJ7fOLnYML3sbTq6+8xXcf/XnS5dXIMSD7POFtGDoApqkT8HsG3RNS06zY7So+FBTVgt8zcI/NSPMXzOLOj1w/qH3EpSd3Qzn5V13Tb7274jTHH/020++8i9zyjVHbmna8xrknfs28ex/oF1rmX3UNuRvKBz0JTfGtH6LoxptR+gzb0XHoIMe+/fVB1TXaim65jcIPXM/Zn/+Uyp8+Pt7NGVXpCxcx9wv34e9oZ/dHbo/aNuWGmym+5Vaadu7gzM/+O6n6hrLPYM24+69JW7CI49/5Jue3/Zm5X7yf1DlzOfuLn9H8xs6osonOTwghhBBCJGfwM38IIUQCtuLNAKgpxajOwgHLH6nJiphUZmLz+Xy88vJbI1ZfaAZuTbOgB7xDrsNmTwk+1p2Sg6Ikf1n/6F/dMKRjiktL0S239VvnrjjNoQfvo+2dvRz+yv20vbM3vC1y3aEH78NdcTqpOgdiz8nFNbMUZ1Fx1MuWk9ywAat/+QTrn3uRrFVrBn3sIVEUFG1oE1BNRrEm20qdPYe0BYtIX7go6XqGss9QKKoSbnP6oiWkL1hEaunsBOUvna+lEEIIIcRIk56PQogRZclZhd6+Cb3hFbSMRSi2HIzuakx/e8zyJbmd4ceQVVWB4LzT46unnqbK17HllGG327Hb7Xg8Hh79zk/Z/05yvTkHK+Dvxu7MHNK+qqphd7jw+TyQkk2gp2PAmbBv+eDVrF69ZEjHE5cOx5QicjeU91t//NFv464Mhop6Tw+Hvvwlyr73GACHvvwl9J7gkAvuymDvyBU/+knU/rkbynFMKaKnbnAz2Jt6gKonfkPFj3846HNRbfZB7yOG5+S/P8rJf3901PcZrr2f+OiYHk8IIYQQ4lIj4aMQYsTZZ92F356Nr+Z5VGchqrMQ0/Bj+tsx/R3Bl68VTAOXPcA/vv9dnnp7GueaUsJ1qGqoB5+C0vteVVRAidg2OqpqO7G+exeGlkpn2kpqLMv4zTYfb7x1atSOqQcSh4UDURQVmy0Fn09BcWTi93bEnQl70eLZfOaeDw/reOLSECt4BJh+5110HjkUDhl9Lc3hcRx9Lc1RZafedkfcuqufeXLE2jr/y18lb+Mm3JUVpC9cjGqx0LL7LQ7e/0VW/exXuGYGxxpe/tiPad3zNu/d93kWPPQIueUbUa1WAl1dVD3xayp/8l/Mf+BhcjeU0/zmTvLedzVGTw/H/uUbFG6+PmZ5gPkPfIXC67agWm3oPZ647Vz+g8dJmTkLRdOwZWVjeL2c+80vqXj8MUr+6m6Kb7sDe14+iqZheL1U/+5pTv3Hd8m5fANz/vGLpEwvAUUh4HZz7tc/p/HVl1nw0COkL1oCioLh81L3/LOkzVuALSuLQw/ei5biYuEj30BLcXHy3/4vdc/9idW/fAJLahoH7/s8RTfdwpQbbkJzpmDqOs1v7uLwVx4gbe48Fjz8z3hqarCkOElftIS6F56j4aVt4bYYfh8oKoGurn7nuvbJ35MyvYS65//EsW9+jZmf+lum3XkXltRUME08NdUc++bXaI3oOdt3n3hf16qnnmD+g1/B19jIO3/3afRuN7P+5u+Y9pG7qP/z8zinTid90WIsKcH/V9yVFRz95tfoOPReVBsLN29h3n0PYPj9nPrP71H37B+j/q4TnZ8QQgghhEiO9sgjjzwy3o0QQlx8tPQ5WLJXYPi7MXrOoyigWFJQbVnBQNI1A8Weg2JxMT23h81LzrFx4Xmm5Xpw2nScVp3GDhumaWIaBqYRnEnaMALouh/DCIQ/m5gYpoFhGoAS3Mc0AVCUwfek9Osqt6+pYPvRXH79koNnXmzj9Nm2gXccBtM0sDnSh/Von6IoWCzW4HvViqKoGIY/qozTaednv/j2sNoqxl/o33fo37ppBicyCr10XQ+/up/9w5CPk3P5BrJWruq3PqVkBplly2h+cxe6Jxi0BTo6CHRET3y0+FuPxhwvEsBTW9NvfL1EslauJqNsOYoC2WsuI2/jJjKXr6SntgZ/ezu55RvJXLoMTJO65/6EarOROmce3vpaGre/SvrCxZgBP6f/6wc0vvoyeRuvouimW2ja8SoH7/1HMpetIHvtZbgrKzADfnLWX0Hq3Pm0v3eA5jd3YklNi1s+f9PVTL39TrqOHePsL36GLScPe24e7e8eoHXfnqjzmHLdDbhKZ9O2bzfVW58ifcEiXKWzaT90ENVqxZqeQe3//J7mXa8Ht82cRefRI0y7405S586n8vHHqPjRf6J3d9O2dw+FW24kZ305NX/YytF/fphAZycdhw9iy8klbe48Oo8dw56XR8669SiaSk99PZgmUzbfgKemCm99PSUf/yQ95+s5eP8X0FJSyF1/BarVSt2zf6Tg6mvJWrESU9dpen07zW/uZOYnPo2jcApVT/6ajkMHSZ+/gIDbTc3Wp6LOVVFVMpeWYXi9dJ+ppPSez6L3eHj3n/6B1n178DU10fDKS5h+f8x96l94Lu7Xtf3APuy5ebhmleKprsJ9+hTT7vwotuwcqn77K+x5+XSdOEb1009gmgaZy1agYNK0cwdTrrsBe34+zbt20rpvD7bcPNLmzqe7soKOo0dY+PDXkzo/MfJSbrwFTdOwWCxomoamaaiqGl4qihJehv5/77sUQgghxMQjPR+FEKNGdU7BMfdvMLpO46t+AaNtf3iboigotgywZYArONvy1Owuiqe1s9nfjumvxgx0U9/u4Hybg4oGF11eK5WNLrq9Gk2ddpo6e6d7jpg9Wic6bBuqZ3aXsnXP2M7Krge8qJp12PVYrQ5U1YIfBVWzcdnqWezYvofS0mn82388MAItFQIyV6yi7HuPcejBe/FUV/Xbnih4BHAUFAz6mIqqkr6kDHona/I2NtL46st0nzsLgN7tpuLxH1L/5+eY/+Wv4iqdg7NoKnXP/YnZn/0nTMPAffoUrXt3U/KxT4Ch07xrJ56aajqPHyVt7jzSFyzCU1sDpkH7ewc48Ll7AFj2/R/FLZ9RFgzHzv/lf6n5/TOkLVhI2vwFcc/D19xE1ZO/pXXvbjKWLiN3QznpCxZS/cyTNG5/ley169AcDjw11TiKisKT7Kg2G9mXXU7X6VOc/uH3Aci76hoUTSNz6TLa3ztA5X8He2K6ZsxCKd8Ybofu6cYMBLDnF5BSMgMtxYm7soKsVavRHE6admyn/d0D2HPzyF67jsxlKwAwvD3onm4qf/rjYBh57Wac06bjrjjN6R/+J1mr1lB43ZaY5+muOB3uHRtiy8piynVbqH7mSc5v+3NS+8T7unYcPUJG2XIyli6j8+gRXDNL8VRV0fT6dppe3076wkWklMzEfeoUOevWQ4xe896G83jr6zD1AAC5V5QnfX5CCCGEECI5Ej4KIUadmlqKY/5nMdxV6K378LcexvScQ+nTK0+xpqJYU4FiAEwjQHFWO0X+dpbNbcf0nQczELVPV4+F0+dTw+8rGoPvu70alY2u4HufFvVI90AcNn3Mg0eAFKeCYrHi8w0/QNU0C6rDhc/Xw4MPfYYHH/rMCLRQiD56e2CO2eEC/iGP+diXoqrhx5EXPvINAAxfn+EPIn6xkai8oqpgGkN6NFf3dKNYLNiysplyw82U3vMPWDOzMLw9KBYr/vZgr+uq3/4ae24+mStWkbVyNR2HD3L0G49Qs/UpUqZNJ3PFKhZ97VvM/OvPcPJ7/0rniWMEut2kTAv+csff0Y6/rY2U6dPR3cF2dh47SsbSMlCU8Ln629sxvF4saWkXGmmamIFA77lqKKqC4Y09rEM8HUcOU/30E0y/6+MUf/B2ptxwE/UvPDesmcrb9u9jypYbyViylO4zldiys2l+6w20FBeLvv5tci67HCMQANNEcziSqnOo5yeEEEIIIeKT8FEIMWZU1zRU1zSsU2/G9LWgN+1Bbz+E3l0NMSakUVQLij0H7DnhdWagC9PXiuFrw/S1kurwU1Zy4ZHo9fOa4h4/1IuyvsNBQ3vwRtQ0TY7UZOBy6MzIdZNq9+N0qPy/HfNH8MyTE/D3ULZkGucb2mhoaEPXjYF3SkBRVOz2FA4erGTJkpkj1Eohglr37ubwV+7H19ISc/uhB+9N2Pux5/z50WzegEzDQPd0c+K736Hu2T9GbSvc3L+nW6Lyy3/w+JDbYcvKwgz48dTVUnDNtag2G8e++Qh1zz8bHB9yRvB7t/Wdvey5+yNkrVjFjE//LZnLVjDjk5/m8Fce4MDn7sE1cxYzP30PeVe+j5KPf5J3/+mz+FtbcRQUAtBddRZfczPZ69bjKp2Dv70d9+mTZCxeEgyRe3sFak4nisVCoLNzyOcUz7nf/opzv/0Vxbd9iJK77qbg2s10njxOzdanh1Rf8xs78VRX45w2jayVqzECAdre2UvuFeVkLltBy+63OPTlL5F35fuYd5/0+hZCCCGEGC8SPgohxoViy8ZSdC2WomsBMP2d6B1HMTpPYbjPYnjqINC/F5FiSUWxpKKmTAvuF3Bj9gaRhq8VjPgTtxRm9FCY0UPZAG17ZnfpkM9rOFpbWtA0laIp2RTkZ1Jb10JDw/DHmjSM4YWY4tLla4kd5jduf5XDDz+A0ZO4d1iiANJ9+uTgG6QoWDMzo8JBvaeHlrffTG53VUVzOgHoPH6MzOUryV57GQ0v/4XcK8pJX7CIih//KOa+icq7z54hc8UqctZvwNvYQMai3pnk40yOZXG5yCxbjpaSQvqCxfiam4N/H9dcC4qK6nBSdOMt4YlpNKeTGXd/Cn9XBzVbnyZz314yFi9BczqZevuH0ZxOqrc+TfOuHWSvWYvmdKJ3u/HUVJG5bCWmadC963X8rS1oDgcp06bTdfI4HUcOk7ZwEQX6ZrJWrcGeX0DO+iuwpqXTeOpEzLZ3n63E396Oa2Ypee+7mowlS7FmZKC73WgpLvRud8z9UqaXUPzB22na8Rr1LzxP7vpyslauxuJMvld6LO0H3yV1zhwylpbRU1dLw8t/oeDazcG/fpsNW1YWeRs3oTqcaL3HMg0DFAXV3n8G9KGenxBCCCGEiE/CRyHEhKBY07DkrIGcNQAcOXyCIwffo/bsKaxmJ7MKfSya5ibbFR12KBYXisUFKcVogBnoDoaR/tbgUh/8o3MbF9T2PnZtYhjmqM+uHYumqUybmktOThrV1U10dsafPXcgbrc8PiiGpmnn68z7Uv/1VU/+pl/wuPhbjwKEZ70Oqd76VMzwsWnn64NqS8DdBYpK8a0fovjWD4XXdxw5TOOrL/Urb/h8YJoo1uA4qt3nzpJXvpGl//ofNL76MhWPP0bWipUUXH0tBdd8AEwTd2UFja+9EvP49S88G7d8zdanyCxbHtx29bW4KyvQu92klJTErEux2pjxyU+jWCz4O9o599PHg+fx2iukL1zMvPsexPB56Th8iNS584PjSi5bTubylcy798HgTNF1tdT8fisF115H/lXXUPr3/wcAf2srtX/8PQDtB98je806TEPHXVmBr7kJU9exZmbhPnsGgJqtT5M2Zx6F121h/bPbwDTpOHyQ6qefiNn2jiOHqf/z80z/6MdY8i//SqCri+6zweVS+wAADy9JREFUZ7Hl5pK1ajVNO16LuZ9z2nTyNl3NtA9/FBQF0zBo3f0W1b97Jmb5ePp+XVv37qZw8/VYs7JpePVlAJpe38GULTeTvXoN6373LJ6aajzVVaSWzsaeX0D7wXfJXL6CuV+8H0d+9NijQz0/IYQQQggRn2KaYzxgkxBCJGAYBn/6n5d4+aW3OXnibNS2smXzuP6aBaxbbCHQdRrTUwee2oT1mbon3DMyGEYmF+JtO1jIj/7SvwekoqjBmbv7zEqtKiow/Jk2P/fhbGq759Duz41a39zcQVV105Aexb75psv48B1XDrttYvxEzm4Nwe8T0zTRdT08u7Xf7ycQCOD3+/H5fHi9Xnw+H02f/tiwjr30u98nd0N51Dp3xWkOPXgf7srTQPTkMg0v/yUcQLpmlrL4W9/BNSv6e6lp5w7e+8LnhtWukZK1ag22nBy6ThzHXVkx5PJaiovstesIdHbQunc39vwCAl1d/XrKhR6lPvatf0bRNFr37Y0q45o5i9TZc+k6dQJ3ZUVUPa6Zs0idO49AVxfNuy6Et/b8AjLLlmMEArS8/eaQeueF6vY1N9O6d/eA5dMXLsJZPI22d/fjbThPyvSS8MQ/iWStWoM9L5/us5V0HDk86HYORs76KwBo3vU6WooLS2oq3obkHvcf6vmJ4cn9719is9mw2+3YbDasVisWiwWr1Ro183Vo1muQ2a6FEEKIyUDCRyHEhPLittf5wfd/G3fSlaKiPO69/1MsWBAMMwxPLUbHCQKdpzC6KqCnPmH9pu7tDSJDYWR33LL17Q7+Z28xh2vSBzVhzXD88fO7AOgKZFHbPZsazxxqPXNwBzLQdYMzZ8/T1ja4YOHmm9by4Ts2jkZzxRgZz/Axd0M5S7/7/X7r3RWnOf7ot5l62x39ejY2vPwXqrc+xbx7H+gXPAK894XP0bRzx7DaNVmFwscjjzyUVMgnxKVEwkchhBDi4iSPXQshJpRdO99JONtzbW0jr778Zjh8VJ1FqM4iLAXBcC3Q8g6BlgMYnSfA29Bvf0WzozgLwRmchME0fBeCSF8rZuBCsFeY0cNnrjod/lzXFpyoprPHQmXvrNoAlY0uur3RPSGHIsWuh9+nWlqZm76Huel7AGjz5VPrmcPsjDkcOJdPZVV30r0gfT4/7e29E/qYenDGcDOAEfCjBzyYRgDF1DENP4pigBEAdDACKIqBLXcNTqcTi0X+y7gUNe3cQeP2V8i7clPUetesUlb86Ccx98m/6pq4E800bn/lkg0eQwyvV8YOFEIIIYQQlwzp+SiEmDBaW9r42F334/cHEpYrKZnC4z/5+oD16W3vEWg5QKD9OIq3Lqk2mIa/TxjZf9KbMaNoKJYUFC0FLK7e9y6wpNDlddDpUTD0AJoKmgqqagaXSnCeC001UVWwaCqaagImCoO/5OtKCn77DNQpW8gsGPtZwMX49nwMWf/ci9jz8odVh7exgV1b3j8i7RFCXHyk56MQQghxcZJuLEKICaOj0z1g8AjQ0NCSVH1a5lK0zKXYAcN9Br3lHfxtR/C1VWCzxt5HUa0ojnxwBEMW0whg+tuDPSID7uDs2gF3sPfgSFPtqLZMlNDLkhq3aJrDR5oj2Yr1gYskoJndaD1HMM6cosNzE+kzNg+rPjE57dryftY+8buYj1Enw11xmrfvvHWEWyWEEEIIIYSY6CR8FEJMGE6Hg6zsdFpbOhKWmzGzOO62UL++yD7dJkDKDNSUGdimfpBv3vcwWepZSotMSgoVpuarpDpj95hQVAuKPQfsOdHHMXz9A0kjAKYf0wgMHE6qtvBM3Yo1PRg2as7E+yRgmgboPcHZvXUPpuGLW1ZRNNAcoFjA8GIa3ui/MEVFUe2g2S8sFQ3V9GE27wAJHy9Zb995a9TkMsmKnIRGCCGEEEIIcWmR8FEI0Y9JMIsyB3hP321cyLAulDUvlO27vc9nMrKZNX82+954J2H7ps+fy5nu0GOoEfsnKbe0jG2/q+WliMPMmaqzYJrB7GKTkkKV4nwNVYlfq6LaUGw2sGXFLRMOIY0AphlAUS2gWEG1oijqIFocqs+H6e8KhouhkFHvCc7gnSBsHDGqDX/uVXi8Znheb0W5MMe3Aigo0euU0PrelxJZts/2GO/F0I3WI4iHHryX3A3lFN1yW79ZsPtq2rmD2j9sveTHeBRCJE8enxZCCCEuPhI+CjGJGb3Bn2GCQTCIi700Y6+PqCNy23gOBLvyirVUHK+ktbk15vaZc2eyeHUZxjAaubp8LWdOVHD84PHwupPVGierg5PG5Bflc/PHbmPNIjvW7pNo3Wew9tRiDTQN6jiKagEsoA0+SDNNHdPfEX7h7wgGjuPJ8NFTcD2+hJ06R+5fTyiEVLkQRqqhZZ9twaUSZ31wqUbUcTEayxv2pp07aNq5A8eUInI3lJMyYyaOggIAes6fp/tMJU07d9BTVztmbRJCXJwkjBRCCCEmPwkfhRgHobAwKjTss84wzXAg2DdcjAwdLzbL1q3ANE1e/MP/cvbkmahti1Yu5tpbr6N0wexhHaOopJjNH9oCisLx945FbcsrzGPz7VtYdtlyfIAvbWHUdlvnkWEFkomYgS6MniZMbxOmv33E6h0pXQu+ja9wy5gdLzIUTy7TTO4bIjKE7BtKhj/3BpmR62KVG2/xbsrHagKGnrpaqp95clSPIYS4dAx07ZIgUgghhJicJHwUYoSYgG7Gepkx14v4ll++kvyiAqoqztFY34CqahROm0JJaQm5hXkjcoy5S+ZTPGMqR/YfprGugUBAJzsvm7mL55FfVBB3P1/awriBpMVzBs3bCKaOYhoo6ICBYhoQ+mwaKBh0dBkYhoFLa0YLNAYDR907Iuc2GtxzHsI79c7xbsaICIX2ib8PB/4m1ZRYLyXm+rG6XVYURWZ+FUJMapHXMLmOCSGEEBcHCR+FSEIgRngYiBEqXow9EcdL8YypFM+YOqrHcKWlsrp87bDriRVIxrP/jT2888Zezp06R2N9EzZ7EfOXbmTZmiWs23QZmEZveBkMKkGH3vfBdcFAM1Rm92u7eO25l1AVM9gjTzV735sR72HFujLWXLmmNwjVe+vtc6ze9eEyoeOi0zPjU8P+e7rYxP5FQv+LgBojjLT0CSktvcuhineTLjfuQojJJN51TK5lQgghxOQm4aMQfegmeA3wGeAzzN7leLdKXAzefXsfzz3xLHVVdeF1Pq+f9/Yc5uC+I7i7/Vx10weA5EdOrOk4zqnzGQOW00qms6zg+qE0WwyT0fuLCX/U2v5fYZsaeinYe98PNpAM3aRHvoQQYrKQa5gQQghxcZLwUVzy/EYobDTDoaM8Fi1GWktDE68++3JU8BjJNEzefOVNZi+cR8mcmUnXm5qellS59Mz0pOsU4+PCLzqCFyBNIRxC2pTg0hKaLVxRMHunek/UU0hu3IUQk0mia1fkOrm2CSGEEJOLOt4NEGK8tflNGrwmbX7w6BI8itFx9tQZThw6mbBM7dlajhw4NKh6i2dMx5HiSFjGZrdSunDOoOoV4083oVuHNj+c95p0BKIvTn1v0GP1GJIbdCHEZDLQdUyua0IIIcTkJOGjuOTZhzPQmhBJaqitT6rc+arkyoXMXTKPDe8vT1hm1RVrWLpm2aDqFROPXY1/0x3rZl1VVVRV/psXQkweoetWsr9IkSBSCCGEmBzksWtxyUvVwO5U+o3xKD0gxUjStOQut8oQwqKrb3o/AK88+xKGfmGAUqvNyprytZRf975B1ynGl0UBa8QYkNbex65j6XvzHQoeQ0shhJgsIq9dsa5tQgghhJicJHwUlzxVAXvv2GoQ/MHWMHvHXzPB3xtI+o3grNdCDEVRSXIzd5fMnjHoutOzMvjg3bezdPUyjh88SmtTK2kZacyYO5OytcsHXZ8YW5beYNEaChp7x3hUo+6zL4zxGEvf3o7S81EIMRnFuoYl86i1BJNCCCHExCbhoxAxqAo4NAiOpBf8gdYk2Buy/8uMuV6ISFNnTads7TLefftA3DKz5s1iXtmCIR9j9qI5zF4kYztOBArB64jW76XEWBe6ygyi/t4JZ+KNjxa6adc0bTROTwghRoWmaQkfvQ6FjBI2CiGEEJOLhI9CJEkh2EPJ0u/n3f4/AOtmsPdkOIwk9PlCUBm5XbLKi196ZjofuP16ujq6OH30VL/trjQXV15/FVOmFY1D60QyVKIDRTUiUAy/J3r7SIqc4Tryc6Lg0TRNFIcDs6dnZBsjhBAjTHE40DQtYQAJsYeaEEIIIcTEJuGjEKMgFD5Y+23p/wOySTCIDC0NEwzA7F1e+GyGP4f3iSgTWY+YmEpmz+CWu2/jvbff5eTh49RX15HiSmHRiiUsv3wF85YOvdejiC3UA1EFlMhln3WqosQsq/aWDW2baLe4kYFkKHg0DCMqfEy/chPt214Y55YKIURi6VduigofY439KEGjEEIIMTkpZqJBpIQQk07fIDIUZPYNOU0uBJpmgrJmjHVCjJTIUE8JhXwR7yMDwwvblKj91Bhl1Yi6Lyah/7JDS8Mwgt/HhhF+6boe9QoEAtQ//hgd21+RHpBCiAlHcThIv3IThZ/5eywWSziA7NsLsu9EWvIIthBCCDF5SPgohBiUUBgZfs+FcDJ0MRnwc586gmXM6O0R+9JnX8w+nyOWsbb1e9/nqtf3IhjzojiKwasS/iPG+kSfldjblMilEmNdxLZ+62OtI+Imr0+56DIR72PUFbVPn/1FcvqGj6Zp9gsf44WQoVdoW2RwGaonsk4hhBiOvo9KR/ZkDPXODi1jvSJDx1iTz0j4KIQQQkwe8ti1EGJQIkOmqJUjUrMQIpHIcR77jv/Yd2brvttDZXRdR1XVfsFjZPm+4aOEkUKIgSQai7HvuLSxAsjIZazQMVbdEjwKIYQQk4OEj0IIIcQkFXnjHTn5TKzHEhVFCY8HGSt4TBQ+CiHEYMULH/sGkJGvWJPN9N1fCCGEEJOPhI9CCCHEJBTZCxKImmwmtIwsG1ofr8dj36UQQgxXrEekYwWQfYPIWNult6MQQggxeUn4KIQQQkwifR+5jhQZPMabBTsUPgISPgohRlW88BGIChUTvR+obiGEEEJMfDLhjBBCCDEJxZt8BgiHi7EerU40uUy8HwnkRwUhxEDihYGxHr+OfB/rkWwgavgImWRGCCGEmNz+P8Xtzo7g0pawAAAAAElFTkSuQmCC
----[INFO]----Unable to locate elementPatient Module
----[FAIL]----Element 'Patient Module is not present
----[FAIL]----Element 'Patient Module is not present
data:image/png;base64,iVBORw0KGgoAAAANSUhEUgAABR8AAAJmCAYAAADVS/dbAAAAAXNSR0IArs4c6QAAIABJREFUeJzs3Xl4lOW9//EPkH0SlgATkCVkoUQYIkohGCuWoKCnINLaH6Di8YALVY+gBa1iqhb3pbgcW2Q7FlCwrUWFUwVMUNRAWATDgEGTDIlEyYBBSIaBrL8/spBlZjJZJjOB9+u6vGqeeZbv8zxjox/u7313qqysrBQAAAAAAAAAtLHO3i4AAAAAAAAAwPmJ8BEAAAAAAACARxA+AgAAAAAAAPAIwkcAAAAAAAAAHkH4CAAAAAAAAMAj/LxdAC48JRWVCujcydtlnBcyzAcabYsw9laE0eiFagDPKbbZlGM5LJvNpmyLRZIUExUlg8Gg6KhBCjUYvFwhAAAAAMARwke0q7RvT2jdoVNKio/QlIFBIoJsnmKbTVtSt2pLSmptAONIqMGg+OEmJSYk6PKE0U0GMwsWPuowyHTkLy//WTFRUW7tu2BhssvPp06epMQxCQ4/W7J8hbIth926zgtPLaq+nvv3IZ0Lr0JDDYo3mRRvGubWvWWYzU3eW4140zC98NST9bZNnDK12ce6ez1JmnP7LMVERTXreTiq0xlPndeRLalbtf6DDS6/75IUYTQqcUyCrkka5/b3EwAAAADgeYSPaBe5P9q17JM8bTYf05iRA/RB3hltt5ZoysAgJRoDvF1eh5C2I10vvfqaim22JvctttmUtiNdaTvSFWow6N2317RZHVtSUhVz+2y39s0wm11+nmOxKH64yWE4mm2xNCtIbIm6gVbajnRJVYHk1Osn65qkcR69dnM19SzrsrnxHfF12RaLXnrltSZDxxoFVqvWf7BB6z/YoFumT9PMGdM9XCEAAAAAwB3M+QiPKq+o1JLUXP32f/Zos/lYvc+OnanQ8m9O6yVzsbJOlXmpwo5hc0qqnnjmWbeCx4ZacowrW1K3ttm5im02rVm7rs3O1xayLRa9+MqrWrAwuc2fHdyTbbHowYXJbgePAAAAAADfRfgIj9mwr0BTX92tlZ9953K/Az+V6emMYq3OtutUaWU7VddxFFiteunV1zx6jea0qdaMqmwr6zds9MmQKcNs1t3zHmhVAGkICXH4bKOjBjV5bHTUoBa1D0dHDZKheiRpTFSUDCEhbX4tT523xkuvuDfCFwAAAADg+zpVVlaS9qBN7c09qWWf5Gn34ZMOPx8zcoCKu3dz+Flgl066YWCQJvYL9GSJHcrjTz+j7ek7nX4ebxqmeJNJBVarCqxWh63Km95f79a1br3jLhVYrU3ud03SOM2fe1+T+2VbLLLZbE3OVxhvMtXO21hXsc2mJctXOBxtaQgJ0arlSx22bLuakzDeNKz2749arbJajzncr0ZMVJT+8vKfHX7mau7HqZMnaU4T7enO5n68PGG0Hn/kYYefubq3d99e4/B5rF67TmvWvePwmMce/oPTeTeb4onzbk5JdRm2R0cN0iUmk6Sq71d2jkW206fr7UPbNQAAAAD4DuZ8RJs5VlSipZ/k6f0vj7b4HGfLK/WOxa40a4luGBikS3v6t2GFHdN+J0GTISRELzz9ZKORZc1ddKVGtsXiVvAoyWUYWpe7o94yzGZtTknVhPFJ9baHGgxOV+6OiY5q0QrHDRc/qZ0rcMNGh/tnWywOa2uKoRWrL7d0wZSWPI/QUM+sEt3S87qa2/L39/13o/fgKgAFAAAAAHgfbddoE3/7/Iimvrq7VcFjXd/ZyvXa1zb9JdOm/NPlbXLOjijDbHbafho/3NSmq/puSUlttM0QEuJw4ZW2br2WpDdWrPRKq22E0ag5t8/WnNmznO5DuNV+nAXghpCQZgfAAAAAAADvY+QjWuXjg8e17JM8WY6dbnrnFth9vFS7j5fqP/oHasrAIPl37uSR63REzlY0rhtIxle3p7ojzcFoxvjhJiUmJDhse96cmtridl1Him02rf9gg9faZadeP1lp6ekOR41WtbObm/U80TLORu02bK2uEWE0Kt40TBFGY+0o2UuG854AAAAAwFcQPqJFMn8o1rJP8vTZN4Xtcr1/HzmrNGupbhgYpLF9Atrlmr4uw3zAYTtwU/MMOuKs5ToxIcFpwLg9faeKbbYWtfo6s2bdO5owPslpq7WnXZOU5DT8+mo/4WN7MBp7O52H86VXX9Pv7/vvetsmjE9iRCQAAAAA+DDartEsxWfK9OdNObp16b52Cx5r/FRSoTezTuvZ/cXKPFnWrtf2lqbmDXzp1de0YGGy23MwOuOo5VpSbfB4ecJoh5+3deu1JL34imdX9nbF1Yg5V3MRou30cRE8b05J1a133KUtqVtZDRsAAAAAOghGPsJtf9/5vZZ9kqeTdu8Gf9+cLNPz+4v1i4gA3TAwSOGB52+GHhMV5XIkmFQVimWYzQo1GJQ4JkHXJI1r9gg9hy3XpmG1oxovMZkcBpxp6emtGnUWHTVIOZbD9bZlmM1K25Hepi3d7mrLEZcZ5gPMFdkCiQkJLhdMKrBa9eIrr1btOyZBiQkJDuclBQAAAAD4BsJHNCnt2xNa+mmeDuYXebuUej4vKNF2a4mmDAzSpAFB3i7HY349ebKWrFjZ5H7FNps2p6Rqc0pq1SIqs2e5FeC5armu/fsxCQ5raG3r9czp0/XXFSsahatLVqxU/HBTm7Z0uyveNMxh+NUwJG1KTSiM5rlmfJJWr13ndI7HutJ2pCttR7qWLF+hqddP1g2TJ3nlOwMAAAAAcO78HTKGVsv90a5H3z2keW8f8LngsUZ5pfSv3DNa+GWRdh0v9XY5HjH1+snNHtlVYLXqiWee1RPPPNtke2rGfscBWd3gMsJoVHTUIIf7OWvZdkdoqEG/m914jsoCq1XrP9jQ4vN6Am2+7SPUYND8ufc165him02r167TgwuTlW2xeKgyAAAAAEBLED6ikfKKSi1JzdVv/2ePNpudt/v6kh9Ol+uvmTa9ctCm3OJyb5fT5ubPvU9TJ09q9nFpO9L1xNPPutzH0UrWRmPvRi3Ilzhp5XZ0fHMkjklQvGlYo+1r1r3jcESmtziqEZ6ROCZBLzy1SEZj72Ydl22x6MGFyQTFAAAAAOBDCB9Rz4Z9BZr66m6t/Ow7b5fSIl8VluqJfUVam2OXvazS2+W0qTm3z9YLTy1qdghWM4eiIwVWq8ORYlckNG7XdtbC7axtuzmcjXTz5uIz8K54k0l/fXmxbpk+rVkhZLHNpjVr13mwMgAAAABAczDnIyRJe3NPatknedp9+KS3S2kTW74/q+3HquaDHN830NvltJl4k0kvPPWkCqzWqvnu0tNdLs5RIy3d8QIuzkLJDPMBLViY7HZdaTvSNfX6yW7v31CE0ahbpk9rtECLN+ZMdOd5uuOapHFNLsbTnGd8IQo1GDRzxnTNnDFd2RaLtqSk6iuzucn5N7ekbtWc2xu38wMAAAAA2h/h4wXOeqpEyz7N0/tfHvV2KW2uuLRSb2XbaxelGd7D39sltZkIo1FTr5+sqddPVrHNpvUfbHC5srKzQM1Zy3Rz583bkrq1VeGjVDW35ebU1EaLz7RnAOlqBGeig9GgrkQYjc1edRzOxURFKaY6UMwwm/XX5SuchpDFNpuyLRbFREW1Z4kAAAAAAAdou76A/e3zI/r1a7vPy+Cxrpyici0+YNPSQ6dVYK/wdjltrmZ02JzZs5zu4yhUc9Zy3RLZFkurzxVqcLz4THtyNhJUkuKHEyT6ipoRwK7asW3M+wgAAAAAPoGRjxegjw8e17JP8mQ5dtrbpbSrHcdKtONYia4fGKQpA4PUydsFuWFzSqq2pG6tN/rvlunTNHPG9Eb7XjM+SUtWrHT73K6CtpbYkpJaOzKtpWoWn2mr1ufmWr9ho8PthpCQC24U3cQpUyVVjeCMMBoVEzWoTVqZXZ0322LRkuUrlWOx1C4aE28apheeerLReUINBvUxGhuNlAUAAAAA+BbCxwtI5g/FWvZJnj77ptDbpXjVB3lnaluxE40B3i7HpQKr1e22Y1ctw44WqXHWcu1qrsLiYpueeMbx6tlp6TvbJJyaP/c+3XrHXa0+T3O99OprTp9ha1vKO7ICq7X6ubTtAk6Ozmuz2ZrVZl/gIniMvsDCYgAAAADwVYSPF4DiM2Va+mme1u343tul+IxjZyq0/JvTtSFkbNeO/Y9Csc2ml1ysDN1w1J6rluup1092OcovOmqQw7n2as7Z2hGCzhaf8ZQCq1VLVqx0OhLUEBJyQYePbam4DVuhXYXFRmNvhRoMbXYtAAAAAEDLdezEBU36+87vteyTPJ20l3m7FJ904KcyHfipWOP6BmrKwCB19ff9Zuw1695RhvmALqmegzDbYlHGfrPLYKfhStfOgj2jsXeT4WFiQoLThT7aovVacr74jLtcjYiru8K0rXphElfm3D7baZBVXNzyMK2lc2TabM2fLsHV/IdVbf3129xdjaJtj/PWlWE+oLvnPaD44SaFGgwqsFr11X6zy3NNSHK9yjgAAAAAoP10qqysbNteOviEtG9PaOmneTqYX+TtUhoZM3KAirt383YZjQR16aQpA4M0sV+gt0uptXrtulaPALw8YbQef+RhSdL6Dza4NS/knNmzGo32czT/pDO3TJ+mCeOTtCV1q77ab3Z6TExUlCIijJo6eVKjlaHTdqQ7bfGWHM8FuGBhcr35AlvL2fyajuYmdCQmKko3TJ5Ur4295lh3nmPdd7dgYXKdVmXnQg0Gvfv2GknSkuUrlGE+0CYLC9V93p46b4bZXC8cbglDSIhWLV/KyEcAAAAA8BGMfDzP5P5o17JP8rTZzCIMzXWmvFLvWOy1rdiX9vT3dkmtFh01SPPn3lf7s7uhnKP9mjP/ZM3+q9euc7lPzSrZ0YMGNQofW7L4THPqc8UQEqI5t892Ovelu3MTZlssjcLC5sxrWHdkobvH1H13bbEKuSOeOm9rGUJC9MLTTxI8AgAAAIAPIXw8T5RXVGrZJ3la+dl33i6lw8uzleu1r236eS9/TRkYpH4hXbxdUotcnjBa8+fe16GDmPlz79Pv5t4v22n3Wo2Nxt6tXv34mqRxmjljuiKMxladB+2rJmi/0FYlBwAAAABfR/h4Htiwr0DLPsnT0ZNnvV3KeWX38VLtPl6q/+gfqCkDg+Xfuf1rmDljuhLHJGhLSqq+MpudzrVYwxASosQxCZowPqnRSEKpajGXuitfH7VaWx3WeVKE0aip1092u/W8j9HY7PuJNw2TwWDQJSaTEsckEDp6UbzJpFXL3lDajnSlpae7Ner18oTRSkxIcDpKFQAAAADgXcz52IHtzT2pZZ/kaffhk94upVl8dc5HV3oEdNaUgUEa2yfA26Uo22KpbcfNzrEoJrpqpFeE0ehTwVmxzaYcN1tzfa12+I6681zW/b4bDAZGOQIAAABAB0D42AFZT5Vo2ad5ev/Lo94upUU6YvhYY0g3P00ZGKS4bgwaBgAAAAAAaArhYwfzt8+PaNmneSopq/B2KS3WkcPHGldGBGjKwCCFB3qhFxsAAAAAAKCDYPhWB/HxgeNa9mmeLMfcW3gDnvVZQYnSrCW6YWCQfjUgyNvlAAAAAAAA+CTCRx+X+UOxln2Sp8++KfR2KWigvFJ6N/eM0o6V6oaBQRrVy9/bJQEAAAAAAPgU2q59VPGZMi39NE/rdnzv7VLa3PnQdu3IJeH+umFgkCJDu3i7FAAAAAAAAJ/AhHU+6ujOR3Xixzxvl4Fm+OmMTSlZK7xdBgAAAAAAgM8gfPRRF4UUa37If+qFUSky9aU73pd19Zcu75quiNO3ylCxx9vlAAAAAAAA+AxSLR83omSlRhhX6t99ntCbh+J04nSZt0tCHSO75cqv+GmVnzrp1TqKbTblWA7X2xZvGualagAAAAAAAKoQPnYQ/1HxmMZdPEBv2R/ROwe7erucC15c2Cn1KvtflZzcLm9Nmro9fac2p6YqO8eiAqvV4T6hBoPih5sUbzIpMWG0IozGep8vWJjcZvW88NQiSVK2xaIly1e63Hfq5ElKHJPg8LMly1cou0GQ6khM1CDNuX222/u3xAtPLXLrftxVU3ONlj7/S4abFGE0Kt40rNE7BQAAAADAlxA+diDBZd/pdv/fKenn/6HVx2/W557JW+BC3+ByRft9pNKi1SrxUg1pO9K1ZMVKp4FjXcU2m9J2pFcds3yFpk6eVC/8yjCb27w+m83W5HkLrFbFDzcp1GBo9Fm2xaIM8wE3rlTZzP1bxp37cV/9qLql5617XLzJpJkzpineZGpVZQAAAAAAeAJzPnZA0aX/1mPdbtbjI9MV1dPf2+VcEAK7SAndMjTAfrNKi1Z7rY4lK1bqiWeedSt4dCTbYmnjilqmwGrV+g82eLuM80KG2awFC5O1OSXV26UAAAAAANAI4WMHdkXZq1ra///prvh8+XfhVXrKJV2P6rLOD6ry5NNereOlV187rwK79zZsbHGIisZeevU1pe1I93YZAAAAAADUQ9v1eeDGTg9q3KXxWnNqrjZ+E+Ttcs4bMaF29a1cq5JTm1Xu5Vo2p6S6NbLNaOytUIOh0eIzzrz79hrlWCxO5x40GntrQlJSvW0FVqu2pG51es54k0mrlr1R2x7uTLHNpiUrVuqxh/9Qb/sLTz2pDLNZm1NSHV7HaOytv7682GHL9rkahtW2IW9OTZXVeszhfrdMn9bkPblzP3WvVyPbYtH29J1Oa5Safv6GkBDFREfV/txUe/mSFSudzqUJAAAAAIA3ED6eJ3qWZmhu8GyN//l0rfphivbmV3i7pA6rV2ClhgR+qtJTS7w2r2NdxTab3nAR4hmNvTVz+nRNGF8/JFz/wQaX4Z9UvSCNi7kC+xiNmjljeqPtrsJHSYowGuuFZs6k7UhXhtncqIZ4k0lf7Xc8H2Ifo9Fl8ChJM2dMrz1nhtnsNHyse29fudivqfupmnex8XOaOGWqyzqbev4x0VF64akna38uttm0ZPkKp8+/wGpVtsWimKimnz0AAAAAAO2BXt3zjKl0nZ7vNUMPXmqWMYxsublGdftG0WdnqPTUEm+XUmv9BxtUbLM5/Cw6apD++vLiRsGjJLfCP1/w4iuvebsESVWhpq8LNRg0f+59Mhp7O93H5uS7AgAAAACAN5BOnaeuqXhG4wZ301tn/6Q1B3p5uxyfZ+r6o7qd/atKT7b96s+t5WqU4fy59zU5CtATXnhqkQwGQ5uMsCuwWrV67TqHIwfdERMVpaNWq9NRiy3RsN25pdryOdV1icnk9HtRXEz4CAAAAADwHYSP5zG/8pP6T7+5Svr5WK0unK2tObzuhgaGlGhg5/dUcupfKvV2MQ4UWK1OF2W5PGG0y1ArwmjULdOnKcJoVJ+IqlF9hjYKKl21CrfEexs2asL4JEW0YPThnNtna87ts1tdQ9325rbS1s+phqvnFBra/mE0AAAAAADOkEZdAAaUbtMjYdt09cjb9bfvrtE31jJvl+R1Yf6SKSRd5ScX+8S8js64Wr04McH1wiIRTuZr9EXFNptWr12n+XPv83YpHUKG2fkI3WjmewQAAAAA+BDCxwvI6LLlGt13ud7vu0grvx6s0yXeXsPZOy7rlquA4qdVfvKkt0tpkrO5HiXVjmb0pALrMa1Z947LfRyt9NwUo7F3ozbpLalbNWF8UpuPFow3mZpcJbq1MswHmnxO1ySNa9HIzoYKrFan93NN0jivtOEDAAAAAOAM4eMFaIqS9UtTlN6yPaT1h8K8XU67iQsrUq+ylSo5uV0dZS3wbIvF6Weeaumtq2Y+RldumT6t2bXMnD5dS5avkO306Xrblyxfqb+8/Odm1+ltGWazy9GIUlVI29rwMdti0UtOFugxhIR0mJGuAAAAAIALB+HjBapbuUV3B83R+JGTtco6XTu/83ZFntM3uFzRfh+ptGi1T7dYO3K+rlzcJ8KoqddPbjRaMNti0foPNmjq9ZO9VJlvybEc1oKFyZJct1objb31+CMPt8nISgAAAAAA2lJnbxcA7xpStkFPhd+shSN2q1/38yuLDuwiJXTL0AD7zSotWu3tctDAzBnTZTT2brR9zbp3XLabX0iKbTaXoyqNxt66Zfo0/fXlxW2+ojYAAAAAAG2B8BGSpF9WLtabkdP1X8O+93YpbeKSrkd1WeeHVHnyaW+X4jHnQ0C3wMECM8U2m5YsX+GFajqe07bT6tSpE/M8AgAAAAB81vk11A2tVKmb/BYo6bKRWnPybm3KDvJ2Qc0WE2pX38p1Kjm1Sef7cjo5FovH532MNw3TC0896cHzm3R5wmhtT99Zb/uW1K3tMqdlW7ll+jSvzLdYs0p4cXGx5tw+u92vDwAAAABAUxj5iEb6lO/R/NDZev6yf2tYn47xFekZWKkrun6insX/pRLbJm+X02ZcBXDZOc4Xo+lIfnf7bBlCQhptb2oBlwtBTVv1LdOnaerkSQ6fkySt37BRBVZrO1cHAAAAAEDTOkayBK+4tPwtvRwxQ/PiD6p7cBdvl+PUqG7fKObsDJWeWuLtUtqcq3n80hqMFnRkS+pWZZgP1P7lavVsb4kwGllgxok+RqNmzpiumTOma87ts/X4woed7tvUquQAAAAAAHgDbddo0q86PaVxQ3rprTOP6e+Z4d4up5apa6G6nf2LSk+evyPkYqKdh481C5G4Gh354iuvNtq26f31ra6rwGpVgfWYJCk6alCr5xycOWO6Nqemylp9zvNFWz+neJNJ8aZhyjAfaPTZltStmnr9ZBaeAQAAAAD4FEY+wi0hlcd1R+B/643LVuiKSO/OpjgwpES/CP27Qk7drdKz52/wKFWNCow3DXP6+ZLlK72y8MzmlFQtWPioFix8VL+56RZNnDK11SPvHC0+09E5ek6tbSd3NbfkkuUrW3VuAAAAAADaGuEjmiW6PFWPd79Vj434TIPC27cVO8xfurxbuvqcvlUlxf9q12t70zVJSU4/y7ZYdPe8BxwGWh1tNeyaxWfgWs3oR0dqRsMCAAAAAOAraLtGi/yicol+MWCJ/nHRU1r5dZTKyis9er3LuuUpoPgplZ886dHr+KIJ45O0fsMG5VgOO/y8wGrVgoXJijAaFWE0qk+EUUcLrG4vQOIqpLTZTjdq8bXZbI1Wp24rv7t9tjL2m2U7fbrNztkeC7FYjx1r9JwKrFZtSd3qketNnTzZYeu1JK1e+45eeKrjrBQOAAAAADi/ET6iVX7bZaHGxf9Ma4p/r//7NrTNzx8XVqReZf+rkpNpqmjzs3ccjz/ysH43936XoVzV/IJWZbg58K3AatWade/oq/3OD8i2WLRg4aPNqrUmdEvbke50nyXLV8pgMGjmjGn15qysWXxmzbp3mnXNhtJ2pGv9ho2SXK+aPXHKVEUYjUpMGK05t892uI87z2lzSqo2p6Q2u84nnnlWBQXOw9Ecy2EtWJisObfPqp3LcfXadS7D3wyzWXfPe0AGg0EvPLWo2TUBAAAAANCWCB/Rar0qvtG8kLs0/tKpWlVwo/Z93/pz9g0uV7TfJpUWrVJJ60/X4UUYjXrh6Se14JFH22xUYIHV2qLAzJ3zNjX/Y82q21/tH9ZowZyZM6YrLT3d6UhPd2RbLG63HxdYrS5XAffUc5LkMqCVqkalZpjNstUZnZphNje5arkvrmoOAAAAALgwET6izQyvWK8Xeq/X5t6/15vZo3SsuPkL0wR2lkaEZajy5NMq9UCNHVlMVJReePpJvfjKq60K5jqC390+WwsWJnu7DAAAfEZRUZHsdrsqKz071Q0AAB1Vp06dFBwcrLCwMG+XggYIH9HmJugl/TI6QG+XPqO3vu7j9nGXdDsqw+nFKjuZ68HqOraYqCj99eXF1W3FG5zO+9eQ0dhbVyQkaOr1k2u3RRiNniqz1eJNJl2TNM5jcyYCANCRFBUVqbKyUr169VLnzqwXCQCAIxUVFSouLlZRUREBpI/pVMkfn/qk07vvVemRDd4uo9XyOiVozU93aevhwNptY0YOUHH3brU/x4Ta1bdynUpsm7xRYpvqERKpaZe90W7XK7bZlLH/XBuuzWbTUau1dn7AmKgoxURHtWvQWGyzKcfNtt+aRXIAAIBzVquV4BEAADdUVFTo+PHjMvLfmT6FkY/wqIGV6XqkW7rGj/hP/S3/Wn177NyyMT0DKzUk8FOVnVrCvI4tFGowKHFMghLHJHi7lFqhBkOjeRwBAEDLVVZWEjwCAOCGzp07M0WJDyJ8RLtIqPybEi76m9ZH/FFfVl6kUd2+UaeTf1TZWW9XBgAAAAAAAE/hj1DRrv7foP2aO+KsLgnd5+1SAAAAAAAA4GGMfES76BI+UkFx8+RnHKsYSTG6WD8zjtfu3NU6XLjD2+UBAAAAAADAAwgf4VGdAnspKO5+BUTd0uizXoYYXTv0ceUc/0y78tboxGlWuQYAAAAAADifED7CYwJj71Rg3Dx18jO43C+615WK7nWl9h55R7vz1qi8orSdKgQAAAAAAIAnET6izfn3najAuPvVpdvFzTru0v7Tqlux1+jrgo88VB0AAAAAAADaC+Ej2kyXrnEKjLtf/hdd2+JzGAJ66arB8zTYmKTdeWv0/cmMNqwQAAAAAAAA7YnwEa3WqUuwAuPuV+Dgu9rsnBd1i9f1w59XZsEm7cpbLdvZ42127o5u4pSpbu0XExWlv7z8Z7f2Xb12ndase8ftGja9v96t/bItFi1ZvtLt89aIiY5ShNGoeNMwxURFOd1vc0qqtqRudeuc1ySN04TxSS2qreGxDXninQAAAAAAcD4gfESrBAy6WUEX369Ogb09cv64iIlVoyBz12jvEffDMVSFawVWqyKMRq/VYLPZlGE2N/u4usdEGI2aOWO6rkka12i/AqvV7fPHm4a1uLaGx7aUL7wTAAAAAADaU2dvF4COyc94pULHvqvgEU97LHis0aWTvxIG/ZemXbZUMb2u9Oi1zjdpO9K9XUKrFVitevGVV7VgYbKKbTZvl9Nq58M7AQAAAADAXYSPaJbOREoqAAAgAElEQVTOhoEKHrlYhsQ16hL+83a9do+QgbombqGuHfq4eoXGtuu1O6r1Gza6tZ+7I/EMISFtNgqwuTLMZr306mteuXZbjlR0t00cAAAAAIDzQafKyspKbxeBxk7vvlelRzZ4u4x6AuPmKShunqRO3i5FkpSR/y/tzlujkvLT3i6lVo+QSE277A2PXyfbYtHd8x5wa9+/vPxnl/Mm1pVhNmvBwmSHn02dPElzbp/tdo2SVGyzKcdiUXaORUtWOJ5f0WjsrT7V4d5Rq1VW6zGX53zs4T8ocUxCvWssWb7Caag3Z/YsTb1+stPztdU9e+qdAABQUFCgiIgIb5cBAECHwO9N38Ocj2iS/4CpCoq7X50Nkd4upZ74fr/Wz4zjtStvjQ784FtBradtSUlt1r4xzQwNHTEYDM0+JtRgULzJ5HKfCUlJmjljeu3PBVarHn/6GeVYDjvcf3Nqar3wMdRgcDkyMSa65SFfc+7ZG+/EkQKrVQUNAlyDIYSwEwAAAADgFbRdw6ku4ZfJkLhaISNf9rngsUaQfzddGXOPpl6yWAN6jPR2Oe0mLX1no22XJ4x2e19fFmE06vFHHnb6+XYfvR9feSebU1K1YOGj9f5asnyFx64HAAAAAIArhI9opFNgTwVf8qRCx66Xn3Gst8txS0TYxfrVsKeU9LMH1TWor7fL8aiaFZMbmpCU5DDsKrBalW2xtEdpbSbCaFR01CCnnzu6f2+6EN4JAAAAAAAtQfiIegJj71DYNZ8pIGqmt0tpkZ8Zk3TTz/9XPx94i7dL8RhH7b2GkBAljklQYkKCgyOk9R90vLb0UBctz74WPl4o7wQAAAAAgOZizkdIkvz7TlRg3Dx16TbU26W0iZ8PvKV6PsjV+tbq/lx8HYGjlt344VXzKl4y3PH8ir7aqtxS0T42fyHvBAAAAAAAxwgfL3BdusYpMO5++V90rbdLaXNdg/pq/M8e1M96j9fuvNUqKMr0dkmt5qy9t2Z0XU27csPFWoptNqXtSK+3UIuvyzAfcPqZq1GRDW1J3eryXK0dRXkhvRMAAAAAAJqL8PEC1alLsALj7lfg4Lu8XYrHDegxUgN6jNSBHzZoV94anSk96e2SWixtR7rD7XUDrEtMJocrRaeld5yga/XadU4/c7aIizObm7EKdUs4W+W6Pd7J5pRUWY/VX9naUdBaYD2mNeveabT9lunTWnxtAAAAAADcQfh4AQoYdLOC4u5Xp6De3i6lXQ3rO1mDjVWjIDPy13u7nBZx1KobHTWo3kjAa8Ynaf2GjW4d60uKbTblWA5rS2qqy8BwQlJSO1bVNEdhX3u9ky2pqS5HddYosFodBrqEjwAAAAAATyN8vID49f6FguLuV5eeP/d2KV4T0CVEiVF3Vbdir9Hhwh3eLsltzlZIbhjGxURFyRASItvp0/W2F9ts2pySqgnjfSu8W7PuHYej8hyJNw3zqdGb5+s7AQAAAACgrbDa9QWgc8gABY/8swxXvHVBB4919QqN1bVDH9c1cY+oR8hAb5fjFndarl1tk6rafDuq6KhBeuyRh71dRj0X+jsBAAAAAKApjHw8zwXGzVVQ3P2SOnm7FJ8U02usYnqN1d4j72hX7mpVVJZ5uySntqRudbj9xVdea7TN2SIq29N3qthma9aCLb7gmqRxmnP77BbVPWf2LMVEO18dOzvHoiUrVraorgv5nQAAAAAA4A7Cx/OU/4CpCoqbp86GQd4upUO4tP80De6dpN15a5RZsMnb5TTirL1XkjLM5madK21Heodo8zWEhChxTIImjE9SvMnU4vPEREe16nhnfOGdXJPU+NlkmM2N5oE0Gnv73FyZAAAAAIALA+HjeaZL+GUKipsnP+NV3i6lwwkN7K1fDr5fP6telOb7k/u9XVItZ+29LTpXum+Fj/GmYfUCtEuGm2QwGBQT5Xy0oi/whXfi6JjVa9c1Ch/7GI2aOWN6i+sDAAAAAKClCB/PE50Ceyoo7n4FRM30dikd3kXd4nX98Bf0dcFH2p27RraS494uyWl7b0tsT9+pAqtVEUZjm5xvwcJHZbOdlqG6bTgmOkpzZs9y+/h4k6lDBmO+/E4AAAAAAPAVhI/ngcDYOxQYd786+TFnXFu6OOLa6lWxV2vvkb97rQ5X7b23TJ/m9DhH7bc10naka+r1k9ukPkn16sswm5sVPnZEHeGdAAAAAADgCwgfOzD/vhMUGHe/unQb6u1SzltdOvsrYdAsDTaO1+68Nco5/lm71+Csvddo7O1yxGC2xaK75z3g8LMtqVsJulrB2TuJjhrEOwEAAAAAoA7Cxw6oS9chCoy7X/4XXeftUi4Y4SGRmhC3UIcLt2t37hodt2W327XXb9jocPsVCQkuj3M1Z2K2xdLsNl/rsWONRu3ZbDanI/k6iuJiW7OPcfZOLmliYZu2ficAAAAAAPi6TpWVlZXeLgKNnd59r0qPbKi3rVOXYAXGzVPg4Dleqgo1vsr/l3bnrVZpub3e9h4hkZp22Rttco0FC5NVYLWqwGp1+HlMVJQMBoPm3D6rUai1ZPkKZVsON7nqcqjBoOefWqTsHIu2pG5VjsWiYlvzw7iGNr2/XlJVe/L6DRuVtiPd6X3UvRdJeuGpRW5fZ3NKqrakbnV5n6EGg6Kjoho9p5pjm7rneJNJ1ySN04TxSe36Tlq64I6j+jrCAj4AAOcKCgoUERHh7TIAAOgQ+L3pexj52EEEDLpZQXHz1CmIUVG+4JJ+v9bPjEnanbdGB35wPAqutZoKqWrmHLQ5CM6yLRa3RiQW22yy2WwqsFqbvF5LFFitWv/Bhib3czZ/ojvnb6ruYptNGWZzo+fk7j1nmM2KNw2r/XtX2vKdtFSE0cjoSQAAAACAzyB89HF+vX+hwLh58us5ytuloIFg/+66MuZe/az3eO3KW60jP33p7ZIAAAAAAAB8CuGjDwu+7M8KGPgbb5eBJkR0vViTTE/rG2uKV1fFBgAAAAAA8DXM+eirKsqkzmTDAAAAFzrmrgIAwH383vQ9nb1dAJwgeAQAAAAAAEAHR/gIAAAAAAAAwCMIHwEAAAAAAAB4BOEjAAAAAAAAAI8gfAQAAAAAAADgEYSPAAAAAAAAADyC8BEAAAAAAACARxA+AgAAAAAAAPAIwkcAAAAAAAAAHkH4CAAAAAAAAMAjCB8BAAAAAAAAeAThIwAAAAAAAACPIHwEAAAAAAAA4BGEjwAAAAAAAAA8gvARAAAAAAAAgEcQPgIAAAAAAADwCMJHAAAAAAAAAB5B+AgAAAAAAADAIwgfAQAAAAAAAHgE4SMAAAAAAAAAjyB8BAAAAAAAAOARhI8AAAAAAAAAPILwEQAAAAAAAIBHED4CAAAAAAAA8AjCRwAAAAAAAAAeQfgIAAAAAAAAwCMIHwEAAAAAAAB4BOEjAAAAAAAAAI8gfAQAAAAAAADgEYSPAAAAAAAAADyC8BEAAAAAAACARxA+AgAAAAAAAPAIwkcAAAAAAAAAHkH4CAAAAAAAAMAjCB8BAAAAAAAAeAThIwAAAAAAAACPIHwEAAAAAAAA4BGEjwAAAAAAAAA8gvARAAAAAAAAgEcQPgIAAAAAAADwCMJHAAAAAAAAAB5B+AgAAAAAAADAIwgfAQAAAAAAAHgE4SMAAAAAAAAAjyB8BAAAAAAAAOARhI8AAAAAAAAAPILwEQAAAAAAAIBHED4CAAAAAAAA8AjCRwAAAAAAAAAeQfgIAAAAAAAAwCMIHwEAAAAAAAB4hJ+3CwAAAAAAdGBnflLekUKV1G4IUGjf/upj8GJNF6jiH3J01FZnQ1C4BvbvrgAvnQcAJMJHAAAAADh/2AqU94OtThBYJaBrhAYanaWBpSr+4bv6YZMkGSIU27fpBLHkyMd67vdvKat2S3dd/8fFumdk92aV3hGU/HhEeScaPl0nuhjUp1+EQluZ2DUKAiXJEKGBfQ31w8Dyn/TVO3/Un7bW2Xn4nVr26HUaGNSMC7bVeQCgGuGjL6ook91mV1lRgbKsRQozxqpfrzAFd8A/ZrJ+/KJe/LifZj07Q3ENPzSv0oNrzuiGhXcqMaz11yqz5+vwIauKJIUZ4zSoT7D8PDKxgFmrHlylE9f9QXPHhdf+fGZqsu683NGNlMleZJcCa96hVSkvvqhtMffoiamRkqqf0xexuuexGxTZkpLK7Mq3ZMpqk4LDIxXbP9xD9w4AAABfdiLzfT34pw91osH2PpMe1euzRiq0i4ODygv1+Yo/aPGu0nqbQ8c9pOX/PUY9HB1zQbIpe9NzmvfOEfd2N4zRH15+SOOMrbikoyBQknperUUv3KPRPVtxbgBoJ4SPvuj4p3r9xU2y1t3WOUyxk+/SnVe05jeXl1TkK98qxTkqveKU7HZJrQwfrVtf0csf5qvML1hhXewqOivJL1I3/P4eJXroF3J+/veSwmt/PmVzciPW6vcZf6uev8VUu9luK6q/n+2UGmxxz9EUvfLqJuVX+CnMIBUVlUlhl+rW+TNkCm7JCesr+3aT3viwVJPum9SyYBQAAAA+olR5Hy7SHUv2V/3YZYjuXLxIv+nfurMG9L9aDz1h0LKXlmrnqdZXCTf8uFtffPuTRvesM7q0S3ddMi1Zfwhbqmc/yGn5uavP88fuS/Wn9a04DwBUI3z0YcYJ8zX/aqNUUaS9b7+ote+v1MaoP2jSRd6uzMd8v1ErP8xX+Li5mnddv6ovdYlV5oN2xfjCnwT2ulQ33BSuMmNM25+7JFNr39ikfON4zb13ovr5SWXfb9Lrr6Zo1apIJd+V2NpcV4W5+5V7xNiyYBQAAADtqkfcFD35xAC9/dJSfXFKkvw14qaHdMe4OIXKpoM5353buTxHB3IKNTkyXL+Y+YDyjj+ndy01xzygO8YObzzqscSmo0VSn5512rGDumtgdH8NMKjp8LHcphO2APXo6u96P9tPOqHu6uHuvJHlpTrxo02Gnt0V0KXB9lNSjx5NXK/6mkfLDerTVG3VBo6dolHlO/TuFwVVGwKide2vhuhoyofa5+Q5FJ/4STJ0d78Vu0t3XXLjQ7rT/pyW7qg7+vEnpe/I1IlR9UemhvaN1sUDeihAatR671ipiq02BTR4bqF9oxVzkYPzlJfqxKkS9XDzxRRbC1TaNUI9mmjXLrYe0dFTJZIC1LN//yb3B9CxED52BJ3DdOnYUdqYsU3Zhwqli8KlskKZP9mm/cftCosaq6tG9VNYZ0knc7VtV74ixyYqMkBSiVWZB/NlD4vUpTFVo/SK8vYq63Q/DY8zyk9lKvw2TWl78lUUFqOxY0erX3VaVZZnVqYhTqYeduVnfq38oghdnBCpsIoi5Wfs1K5Mq9RruMb+0qTwut+konztTd+l/ECTBtnL1OTXrKxQWZ+ladcpY+31y6xZSjtUJNMVlyq8pn34RJb25pap39A4Gev+si4sVKEkU99+564UYJRpRJ19SgqVm5WlrEPZsgb006gxiYrtWb33yVztzfdT3NAI2b/9UnvNVvnHJ2psTHidE1Q/J3Op+o30V5mzW/kxS1/uNcsaNqr2nRQdyVWRgmUMa94wxKIjO/Xp59kqCjQqxjRcl8UYG7VSF+1K0V5bsEbfVBU8SpLfRRM1dmiK1h7MVb4Sq9rdq99J5nHJaBqrq0zh1c+qTNbM/ToVcali/fKVuW+vMs/206grLlW/4KrvSub3dklFytq3V6VBNd+bqntN27FL+UVhivnFVRrdv/qLU5Ir8zdhijOFy34kU1/nn1JE3GhFdmvW7QMAAKAlDBGKHXqZrhzqry92lEoqVbF6VM33aDukg4d+qrNzqb7LtapEEQrtYVBpTbbVJVqjx4xUbN/qEK7cprxd7+nN1f/UF7Udx/6KnfBfuvem63Rxj6aKKtWJgx/rzdVv6aOD5wK0HkOv1m+nXKeJo6Kr2sFP5Wjr+2/rzX/u0dGanYKiNW76TbrtupHqE1SqvK3/q2WfHKkOxAJk6B+nwSW79c/Nh1Rc9QA04sZ7dc84g3a9s1RLt9UU3F1XzH5A/33tcPWo+98SZwq088O39bd125R1pub++2vczDt1168a7FtPd4345XW63nZCm74oqLp2z+Ea9x9jlZf1ofbtP7dn8ZE92vDOm3pzW5127f5jNGPmzbpxVH/HrfB1hHaVfjzScNJH6cTOT7Xvx5EaZ2wiLC236ev1S/X2vhO1z61H/ziFn/hUG744UhsuDhx3px6YdZ0u7urgHAV79O7ij5W6I6d6f39dPPUBPfDbMRpYL4cs1dE9/9baf/6j3ruW/NVnxFUa98urNWXskPqhdrlNB99/UskbCyRF6DfPvKQ7h7JaEXA+IXzsKAL8VfsrxW7WqudXydw5UqbBwcp8/xVt2z5R8+8bL2PnfO3f/J6yuo/WrJ/7SVkpWvn2XqnbWIUvnKRIFWrnv9ZqU/gMXRpnlPXj1/Xix6cUOTRWYZZNeuWz7Zr4wFyNN5Ypa8c/tOrLSF1qytXeDLs06AYlJxhlfvtFrToYprj4ftK+t/XsF8M16+EZigtQVQvwy5uU7x+msKC9Sjtpl+SqVdyqTa8+Kz9DmPztRdr72S7d8PA9SlSudm7YpKzg4VX3ISn387Vau/ti3Tkirv4ZBwxSP5llfn+pNvrdoGuHNgzpMrX2jyu11z9Mxr7h0g97tfezvdX3Kem7T7V2VbbCwkpVZPevatvevkvWO57QjYMlyS7zmme1KqNUwd2CtffLIoejAIu2v6E/brbL3yDZbWna9X3VnI75e97TP7bbVdag7doV69ZX9OKHBTLGDVe/kkylrtol6+8aj3rNteRKMimmwaDKuKtnaVZSv6rg0W7Wqj+vUqYhTsP7S3vfflbb4mcpeXqc/FSo/RvXapNto8LsRbIbgqWibUr7xq7kuxOVv2ejPv22SJK/srZt1P7g8YqMMyr8aIpef3mTTvU3KbZrrjb9zyJtnzhfc8cZVZazS/9YtVORl5mU+6VZdkXqhuTRtGwDAAC0l4BwDYgeIO2oapnNO3RIR0ui1ed4pvY1mK4w72COjp4ZroEncvTtj9Ub+w/X0F7ngsevP1isB9/c02AkXamyNi/Vgyf89fqDV2ugs1rKbcr6cLEeWranOhw858TBj7X0iDTg1Xs0wrZNf35isbZaG+x0Jkdb33xSuzLv0eL7L5fth/3aWfcm9u3RF/UOsGnfP5/THf9sWMhP+mLFc5LhJf1hfETVQi1njuij15O1eNtP9XctP6Ktb/5RR8tf0vM3RtdZ1MWgi296Te+Oq1oAJrRvuLSnwWX8B+jKOS9p6JkA9ewfobP739T9T76vvIblHNmhtc/s0dczFyl56hCXAWRx7p7a0Ddg5I2aXP6+3t1XKtn26LMDhbrCGNHEKtSlKszdo5376oSB+xoWLuVtXapH7f56/fdXq0/DE1r36KN676ZUX69/TovK/6TFtw2vqr/cpqz/W6yHVjR+11Kpju77WGsLDBoxcoh6OAo4AZy3WJKiQ7DL/HGaChWumCHhyk/dKLMtVjfOv0e3Tp+l+beOVvD3m7RxX5kU1k+R3aTc3MOSJOuRXCkmVpEnrSookVSRq/zvpciYWKlkrzZ+nK9+v5qne26doVvvvVVjw/K17bMsSX6KG5uo8IpM7T2eqLlPP6/n705U2Pcp2pghjb51vmZNn6FZ992gONtepewqklSmvR9tUn7gaM16IlnJC5/QvKvDXd2YpGCZpj+hp5OT9cRDk9SvIlfbPs+XjLGK6yZlmvdXjzK0KutQkTQ4TrENT9FtrGbdlijj2SxtW/WiHnl0kV5fv1eFtcMT4/Tbx57W84uSNf/uezR//iT1q8iX+UBhvWfcdcQsJT/5hJKTb1Sc7DqcW/3b9fsUbcywq9/kh/XEwmQlPzFDjiJEe9ilmpX8tJ547GFN6i/Zs7NklRQ39Z6qkPNogRr+u5Rjhdr/Vb7U8yrdOmuGZtx6j/6wyHG7fWlF1f/6N/gnOfiiOMVVj0TMT90oc8Vo3frALM2YPkvzfh0n+5cp2lkvQe2niQue1tPJT+iuK8Okw1nKlRQ3NVl3XWWUdJGuvS9ZyXckKrzmPV80SfPuvVUzbr1Ht14RpvxPtilLkl/cWCX2lDL3nVDivKf1/PP3tMmCQgAAAHCXv/oMGaI+1T+VHM7RUVupbD8c0XflDXbN3a+sE/U/6zEkTn2q216LD72n/6kNHg26eMKNuu3GsbVhY8lX27TPWipnig+9p8V1gsfQoVdrxk1TNLruaILSAn3x9tJzwWPPkbr+pps1Y2z0ufPseEvv7jutPkOv1rVDG6yi3WO4rp92o8ZFNbi4caR+M22Krqid09KmXV98qaMlUk14+npN8BgQrXE33qwZE4bUBnlff/6l8hoPOFRo32jFxkarj8HBiMMu/urRP1qxsf3Vw5ahtUvPBY+hQ6/WjJk36tohNceVat8//qHPf3D+/FRu08EdO6pHgho06sqrdO3Y+OoaS7Vrx34VNtVf3cWgAWNu0LioBqMJAyJ08dAh9VawLt7xvj7KcnDTktR3pH4z7UZdG3vuvvN2bNfB6hbz4qz3tLhO8Nhj5HW67bbbdFudZwrgwsTIRx9m/fQNLUqX7EVFKqvwU7/r7tGkiwqV8vdCyThKg2q6eOPiFKOdyrYcli6L1aBIadt3uSrUIB0+UqhI00RFfP+e8nKl0cpWtsKVGBMmZWUqs0KKLMzS3n1VpyoLk+zf5apQsQrv7Cc/Saarz7X0Fh7KVqH8dLpgr/aekaQiySDlfpcvScrMlGSKU1xNGNa5qa9YmPpdVH0j3eJkMm7Uph+tki7V8PgwbftivzIrLpXJlqVMqxT3y0ZrZledZegNmv/keOXvStF7H+9U7va1evabXN15/w2KDZD8Au3KP5il/KJS+QcWyk+Svbxu87RRpoTYqtb1gJB6/2BU3bNRE4dUJ2idHbc1GE2jFRtWdU/h4dK5XpHmClfc4HBt+jRFb/yPXVdNHKvEweEO/2FtGDo2VqjMbwulgNOyZuyVXZKKpGDlKvc7KXFo9W4xozW6ug09OLip9vCsqvfcv1BZ+/ZWbSrrKtnzlfujFNtT8usiyTReEy/i/2IAAAC8IXRAvC7u+qGOnpL0Y6YO/lCogMzM2mAooItUUi7pTKa+zilQn5yaz/w1eHB/GbqoaqXlzR8rq/qYPpPu12OzRqrHT3t0dOs25f0oqbz6L0fKbTq47dzxASPu1OKHr9NA/5/0xQ8fa6e1KuQqO/6lPtpVE3hFa8ZD9+u2IQapZIzCbQ/o9T2lkn5S+p483TZniu4JLVXW79+qPm9/zXjwId021KATg3/Svic/rlrpu8sQ3fnIQ/pNlHQ04oh2vVoVoJYcL5SttOq+U/+9vzZUHfffD+qBsREq2V+sLzYfqg4Mz8pFLNikowe26fOaQNV4nR568E6N7iFpbIzO/v45bT0l6UyGdn5bqGv7Rzg+iS1Hu/ZUzylpGK4r4yLUp3yMRgTs0c4SqeTLbdppvUrX93fVeu2vgWNu1F3+hdpXsxJ60Ejd/9JDura/v0pyP9SiB5dq5xlJOqJ9WSdUMrRBPT3G6o9/uldXGP1VPFI6+OA/q57RT1YV2kqlriU6uLX+u37+wes0MEgqPnhCH20+VP8/j2w5Wrvw93rT0rDWAr378C16t7ru0fe8puQJTY3sBODrSAZ8WNjgqzQpPkwKCFdkVD+FB/tJssrZhIN2e9UkJZFRkVJGvnIrDisvN1gRVw7XwMi12n6kUIXKlz04VjF9JB2v+lWav2+jNpprr6qwuH5yNl6xrLxUUpEyt21Ubk3w5RemyL7hkqy1I/FapdiuIkmRcRcr+LP9ysyWTGezlKtI3TDExVe2c5j6JdygexImKX/z63rl4zRt2jVesZfblfLqi9pkNSouvp+CVagiuf/lr7rn9tXvV3N1T9d/6B+b07RxWZo29hytWffdqLgGuWBQcLCkMp2umpvZgbKq70tRpj79v9zarX7dItWvV0urK6t6z9/v1cb/OzeZTVi3i9Wvyfl+AAAA0C7C+mvoYH9t3VMq6Yi+PnhIOljdu9tzrG4aW6A31x+SZNO+/fvV54fqgEsRiokMrfpXy1PZ2negpiXZoJiIUu378C199uE/9UVti/YQDXa2mEtpgbK/PdfSPHTM8OoRld11ybQ/6fVJpVKX7gr64Z/Kqhm913e4RvStHqEXEKGhQwdIe6rax0/kHtGPpSNVb/yeob8ie1Vt8TcYFFi7fYAGdK+qK7C7UQZVL5xSUqqz5VLxDxna9UP1vgH91UcWpb7ztjb8c1vtSMUeg8+NAG0+m47m5Jwb8TksXoNrWo27R2lE7bupmnezWBEKdXCWE4e267PqOgOGjtTFPf0VoDiNGuqvnftKpZL9+mJfga7t3795AV3fOMVWv7eAiOEaNVjaWf2v9ieOnVBJeYPwsX+cBlQvxBNgCFd4gJRX9UCrnuuZIzqYWfOu/TXiiuGteHYAzjeEjz4s+KI4XTqi4XyJ4QoLl/SDvWoUmySVnFaZpHBj1b5hMbEK107l7+unfHukLo/0U0RmmPLzc5VbkS/FjK1qXe4arjBJkVOSdesIuSW8e7ikMl11xx80sU/DT08pJFhSRQvDuopCnSiSgqOMVSs0x8QppvNOfZ2Zq6ySbMk4tnpkYcPj1GACAT/1G2GS8eN82e12KTNFm74P09h752vSQEkya9WXq9xsga4ZCViksrYIVt0WrMgrb9X8K8tUtPttvfj3ndq0I0lx4+rHwoOiIqX0TJkz7Br98zrJZEWRis6GKSy4+vtSfpXuemiiy9k33Rem8G6SBtyg5FsvbZMzAgAAoI0FRGjokHPBXdbObSqu/rPogMHDNWqkUanrq0b4Hd3zqT4/Vf3v8MbhGmqsCvNKztiqRk5Kkmz6YsVzDeZX7K/rZ/6qaoESR6s7l9hUVNvBa1CPrqG1AUeImHIAACAASURBVFlo3+jq6ZRKdTTnxLn5JINC681/GNqjzorLJaXOR1k2U+mpn87N415ySGtfeq7+Dj3H6q5fxzde7dtd5aWynTo382Gooc4c/l0CFdbdIKkqrCspLam6r4bXKrfp2z3bq0YqSirZ9br+87evN7rUvh37dfTq/vXap5vFP1RhXQ2Sql9WhXvrZNdTckJHawJpGdSnZ6jrMLRLgPoMG6kRoSWSSlT47SHlVS/4Exo5RLFdA6QuBsX0DGTUI3AeYM7HDsdPl42Ik07u0qf7quZZzE/ZpkyFy2Sqjpb6xCg2uEjZn5uVb4zUoAApckCklL9Lu76rnu9RkvrH6uJgyfzJJuXay1RmL1K+eZv2umgX9hscq34qVNrHe1VYUqYyW6Fy03cq0y5JsYobLOngNm06Ypf9+71K2dNUxFcme0mZVFGm/I83aac9XKNGVdfX2aTLTFJRdoq2ZdoVNiTWYXiW/+GzeuSpldq4L1eFRUUqKsrXzn9vk1XBGhRplPz9FawiWX8oksqKlPV/KcqUmgwT7faqeDdscJyMNfdsK1TWx2nKbuKu3GIrVKGt7jDWMyr80a6yijJl7d6p3JNVK4UH9+qqYEl+AY3/RNlvxFiNNkiZ/3xFa7/MV1FRoXL3bdTSpxZp0ZqdsstPFw/uJ/2Ypo++LFRZWZnsP+ZqZ3rmufDaoerRlPVqK1KRvUxSpGIHB1e95zy7ysrsKvrerG37nL/r/M2vaNGLr2vbEae7AAAAoE35q2fsENU0phQf2lO7mvPA6Gj1uShOQ3tWf2g9VPtZQHRcndWLnYVQBsWOvVl/fPlZ3TOqu5N9JHUJUEBtclQi25mzDs7o32Bao/qtziUlJeeOCfBvHNC1VLkct1QH9dcVU+/Ryy/dq3F9m1hFugn+dWo92zA0LT139QD/AMf39VOmvtj5k4MPGtj/qXa5mjeyKeVnVWQ7N8+j03pcKS2pauOXJAVKXZp4dkH9Ne6OR/Xck3/Sc08k646ra0ZaRmjinOTq7Q/ptpEuvl8AOgxGPnZAfpfN0Kzc17Xq7UV68G1JncMUO+WuOguSDFJMjJ92mvMVnPCrqsAuJlaxJ95TVkW4xsfUzF0Yp//P3v3HR1Ue+B7/ZCaZZBImTJgwgYFAQgL5AcEgKBoKbRSkokVRqlVaqq3b/WFve7vtbt22bu9uf3m97XVvb73b7drSpWLFolgqKILEQglGQSJIIJCQQEIgIYEhYzJkJmfm/jGT378hgYDf9+ulZM458zzPec7Jr2+e5zx3PZRH5dq3ePb7b4W2RTtZtDqPORP6uDXGLuKhe47wH3/6PU8d+H2oPWMzuTv1ZrDCrPtXM6diLW/9/Pu8ZbKRvngps3ZvpbzCy+3ObnOGx4xjXPSH7Pz5d9gJEOnk5oe/Eh6dGJJ54xysv93PEazcnNn7eslJtyzl5hOvUfjCs6FyACJtZN7z1+HVqhdx++T3ee3lH/CPL4Nt+lJuv7GRt05U4sVJzycc2oiPA0/DOVqZSqTzdlbf+SH/9vrveeoARDrz+PRCL68VV3KCWb2u4hxjtULdCU61grNHVzqZmmaDPa/x1A9O8aWnHiJzajo2UyGv/c/vc+qRrzPp3a288dKG9hn2tun38tlbexn2aUpn5ddW0vz/XmX/i/+H/QCmSMbNWMrjD90cOrcFD3Hvkf/g1Ref4jsvAkRiy7yblPn0cu5gjYsH6qirB1zgbG/bD3gtvGJ35mceIu/kWt76xfd5K1ync8GXyMt19vpF5XzdKTx1cKq3v4iLiIiIyIiIc01jegzhZ/m1SSI7I4kxNgtpKVHQ0DW0mjJtMuPCgaElJoEJ8UD4/ekrvs1XF+eQNjmuYzRabyP22kTFMS4xCk6EphcfO1JN06eSsHQ7fkxCAu2PTK+r5kwTZMUBho9zNR1/4E6YnITj8vLAjqYl2BkH4WnRSXz6a49z/42ZTGmbQn65IyzNcYxLHEfb6Mbz1XWcMwiN6vSf42RNW9gXxYRkZ6+j+84fe4eittGE5iTSs50dU7ONJk6UHA+Piixlx7tVfCZ12qWNEvRUU17V8XJcUsLQy4lJwNE+ePIcDec/grYJ8sM0WlVErl0KH0cj5+186+nb+znASuaKb/Hju7x4WsAaZyWy27TjOat/TJcJsbY8vvJUXs+SMu/lWz+8G2+Tl9ZIKzZrp1uij3Y4F3yFJ+d78XhbiYy2Ye38nck6i4e++2PubfKC1YY1Erjt9t7H2KbczRM/uBtoxesFq7Xn7RiZ/RDfuuccP3gziVlpvfdGpGMO9/7dHO4NtIbOg0isNmunm9vJoq/9mLwmD15T2znezu1tIx9nrebppzuXOJV7v/8093Y+5/yv86+3ePAGrNjiQiUvuqtt7yxWdy2A9Pv/hafv76j/9m89TeeeTF/xJE+v6LRh+r08+VSnGrOfZFFrH33cXcLNrP7uzbQ2efAGInveDyYneX/1JDd7PXhbu+/v2TbbrV/h6Vv7aRuANZN7v/Vj7m6rs1t/dy9z1ud/zL94YcC1bERERERk2FgSppE7Fd4t7bQxLpVsVxxYLF2mZYeEgsn2Hz3j08jOjGNTeGGYsnf2cGxuKsmJfs4cO8CO17dwMvMrPLE8FHr5u4dMliSyc6bBvlADzr/5W17ITuCLC5LxnzrAjj+9zrFpD/P3N3daHKdpH2/sLuWm5RlYqvew6e22Z1HGkZubGloIZ6h6eSzUmImzyZ24gZOnAWopevc4CzKmMcF8jvKSd3jjj/tIePjbPJIT1+O9Hfz4Gps6RmZerOXkseOMS0lmiiOKCRk5TOB4KFQ9uJ0dJbfySG4cZ/a9zhvtK7NkclP6uJ5h38VqinZ2TLlOWLCSr37hk2Q528JRN7v/7zf414JQuFm2czu7sxeTNS0Zn+Hrc8xqO3cVZdVuJkz8iA9efYE32qdMTyN3+iUs8BLjJHta273i5703d3F47kqyYmr54J19l74Wp4hcFyKCwWDwajdCpE+tJ3j1fz3Lkdlf54m7Jl3t1oiIiIhccbW1tSQl9bESrki/mij+7RN8e2OnZ99kPMKz/3oP6THwUfGvePz7r3cEQ/GL+Od/+wYLHB2Hf1Syjm//04b2VYx7cCzmu1+J49c/+WOPgCnrkf/LDxdU859P/M9O4VY3CYv456ceJW7bD/j2huN9HASWnEd45p+WYXnzSf7qt6Xd9trJSvdzuKyp2/YkslLPcbiiW/hoyeHxZ54g+/2nePzXB+nLmFse59lvLmZCb0lc3U7+9b8/w+7uVQJTHnyKZx7OYEzTcV7+yRP86mDfU6LTV/wrP/xCTtdnS/ZRdnu5F6vZ9MP/xrM9mh5P7gwvxUe71Re/mB/8/HGmH/8Vf9u22nUfEvK/wb/9dQbFP/tvPPNe93Ju4Sv3wQu/fYePuuyws/yfn+Fh/zr+9ifb+y0fCPf/k11W6P6orpozjU1AHGMmT9ZiNXJZ9H1z9NEzH2VUqtv+U/7xO9/hO995lkLrIh5aouBRRERERGRo4piamdllFeUp2dPag50xybNDi8W0mTiNpG4D/cZkP8C3v7aYHmtNtu1PSSIqou8WWJy38Fff/go3J/S1PwGCceTe9w2+kd97WGDJXsmTX1tGen+DEIcsivQ7Huef757W5/5kZ2/rTw9B3DQ+8/jfs7z3p0cx5c5v8O3P5Vz6ojbDzJKziu9/aVHvYesgJNy4ir9f3ld/9m+MczLp6Rmkpyt4FLkeaeSjjE7hKcf0mEItIiIi8vGiERxyWRqPU7DzIOf8hFYYvmERC6aGUzyfm8O791DiDk3SjZtyC7fN7X3Kre/8cYrfO0h5bTUnGu1MnZpE2sx55KbaoeEgO3Yfp6nLtGsL47IXkZ8RrqupluJ973P42BFK6iwkT5/G9IwbuSk7qWN1a8PPmZI97C4+SHHFecZNySErZy6fyJ3cfsxHpTvZUXK+62IxUXGMi4dzDd2GCkbFMS7Ozzl3t0nIMUncsOAW0sPB60cn9vGXg9WcqT7O+Zhkprgmk507t2OKc2+aqnl35z6qLnbfYWFcxq0syLZ39KPPzeH39lB08ADl9RaSMzOZmXsrN6Xbe5/e3GvZnco1mih7Zycf1HU7r4hIbNFBPBe7zX+Pm8yCRXOJPtRp5GPCXO6/MxX/iQo8CZlk597IbTdOC/Wz0cTJ93by3mlfj3JumAolpdVdp9ib40i76ZPkTowC/Jwv3ceuknKqavyMm5pJbq4TT8lBqtouT7f+Fxlu+r45+ih8FBEREREZxfRLlIgMh/P7OoWPqat49kcrh3k0qcjooO+bo4+mXYuIiIiIiIhct/ycfOtXPPWbTs9jrHiVZ374Q54tqB54cRoRkcuk8FFERERERETkuuWjqfYgxdWdJ6s3UVayj+LTTQofRWTE6VF6IiIiIiIiItctC3FJOdycm4Cvy7MaLUxJiuv9uZMiIsNIz3wUERERERnF9OwqERGRwdP3zdFH065FRERERERERERkRCh8FBERERERERERkRGh8FFERERERERERERGhMJHERERERERERERGREKH0VERERERERERGREKHwUERERERERERGREaHwUUREREREREREREaEwkfpnc+L13e1G3F1+OoqKTlaRYPXGOBIA6/Hy0BHDZXRWEXpoUrqmq7vC2B4PXj9ve4ZfL/6vXg6X6fur0eTj/HnlIiIiIiIiHx8KXwcjTyl7HpzK1vb/vtLMTWeYa4j4KHmaCXuQO+7G/ZtYt3b5R3HVtTg6ePY60nDu+t5sbAKn7eKAx9U0X9WVEbB+gLKhrF+X9lW1m0uwUM9pUdqh7Hk0afs7fVs2u/ubQ8F6zezv9d73qChopKGttCyvID1b3e6At1eGw2VVDaMjjCyYd8mNu1ruPQCPkafhyIiIiIiInL9UPg4GrU0UHOyhaRb88ibm01KdC0Ff1hPYd0w1nGhhF07d7K/up9jjNbQv9V72f7WLkouDGP9o5KbsspW0vMWkntDHvm3pGC5wi2oOl5FYu5S5s2cx8K5yVC2ledeL73CrbiCjL6CQQNfSy+bPQfZWbCdvScGU7iHg7u2s31f5aW37yoqf/M5thzptOFKfx6eL2L9+kIuIy4VERERERERIfJqN0D6EonVZsOGjQxHMjbvWrYUl5N3R9rwFJ8wnwcfmz+4Y6fks/qx4al2dDNjNjPs06iH1AKzueuG1tExam/UsOWy4ku5gz2Y3HsfY7BHjzY9Lv2V/jzsMxgWERERERERGTyFj9eIhLE2aGoFfwlbXqoibaGD0l3F1EXlsPKB+USf3MXmgjKazWaIsJO9ZDnznHUU/r4AljxIXmK4oNOFbHirjGYA7My+ezm5dgAvVXu2sfNwHd4IG/a4ZrCF3uJ+bwMbSm3kP7CUNAu4393A5ovZzLl4kKJqDwY20vJXkJ8aHidYt5dN2w7S0ApYXaTE1eNN+RzLZnYN1tzvbmDrxRScZw5S2WRgWJJZeN9SMqyh/d5ezwnK31zDIdcqls+yAFUUPL+VuhkrePBmB+Cm6KXNGJ9aRZ7TS9VfNlNwvBmCBmbnPO5amoPdBHW717PTksecjwrZWeHBtWgljg83cfCCD95cRxkGybeuJr1qLYWxy3nwZnuoUeVbWVOezqMDhsChureXN2M2A4FE5qxYRo4NOH+QLVv2Uhs0Yw5Ek7xgOflpVsoL1rL7pIHv9HrWF7fQYoAZA4x61j1fRGzWcvID29nckseqT7gADwdfXU9RbD6PhdtT/uZzlCY/yrK0Wva+VUjJGQ+GycCIdDH/M8vIiQfOFLL+Lxby5ngo3FmOZ1I+j93h6rOvOvOd2sv2PSXUegwIGlgmzmf5nTmhW6VsK2uOOMhz1LD3cB1eLDjm3sWKGxyhNwfclGzfGrpnoh3YQ7dgH1pxf7CJdSfq8GLFecMSls91QvlWnvuzh9zlK5mX2Nd725Sz9TcFeHJWsPKm8L2xYTO+rDk0HyqiqtEAWxqLV+STYglds/KCTeysbAaTBceURHxnbSx6IA/nZV7b3lS93fe9VV6wlsLTQMM61u6NJfuuFaSXdf08JODm4NbN7K0zMEdAdPICluenYR3EtejyuRWAxNwVLJtt62jc+b1s3FKKp9XMG+vKMFwLWJ2fNqTzExEREREREQGFj9eMmrNuLHE2iHKRYi9k19sGefc+yvJ4M/hK2fJ2Da47HyXPCdQVsv6N7SR+fjEpk1rYdawBEkOhQ0NlFWQsZ/VNBoXrN1JzBnLt4DtSwPaTCSz9wnJcZg+l2zeyKzzwyX7TIrLLCqhthLREMAwDb1kJDfnLWH2HDd8HG1l3sJQFqTlYqGHXthIi536ORzOt4Clhyytu7PPNPc7JMAw8lXXkrHiUfFsoENz0dikZd2aAr5SCPs4peYKDgpoqmJUG52uoi7FjPlODDwcWXxW1HyUy0xk6p4JzGXx2dQ5WvJRs/gPb9yezcq4d5/RkWjZtZW/WMlY94sJiAtJXY3v9OcpTV7EsM9TGhrroriPA/AZG23T0/pw/QGGlg8VfWEmyKfy+KIAGCt/cD2394y1hyx82s9exknn5q7HvWc92FvPgreHA7sgWnqtIY9WdGaHXp5IwdlfhxoWdOmpa7NhbaqghDRc11NTZcNxkhshYXLMWM3upHYspFPRufK+SnNtTYEI6yf5NbN2XzbJVj+GygO/Ilj77qjNLrIucxbNZZrdAwE3RKxspqshhcSrQamDUlVCe/Gk++4gTS3UBa3eWUHPDQlxAQ9FWivw5rHwkG5vRQNGmjfQ9IdqLJyafzz7iwtJUzKY/7GRv2krmpS0l78hzVNYDA4aPaSy9tZTnKusBB2BgGF5KDzew+NOrWRrvo/jVdRw4soCU2RZ8H26j4Gwyy7+Yh9NkUPOXDWyxpXQLHi/x2vYSssZG931vpeWvpvVi13uRbp+HDUVb2c88PvfFjPZrtnmfI3TN+r0Wbg68U4Ej/1FWTiHUL/5un58J81ixzMf6t2Dxg3mEv3oM6fxEREREREREQM98HMWaqTlUQsl7u9i6aT07z7iYf5MLALMJXDctIzs+HBicrKTGns28tpTEmU1KTBVlJ8CVlkrLydLwc9saKD1pJmV6z6SgoqIGR9Z8XFGAyUaiLbrTXnPPO2ViDgtTbZgB66QkbF4PHoD6SmpM6czLDI+GsiVhj+nnNMenkR0ecOXMSMZWVxUKpPo5J4srEVtDLXWAr6oWpmSQ5K2lBuBULQ2JLpKBqpM12FMyQiPBsJKdloi7LryIiwki47LJXxAOHodbZDQWXx2VJzyhadxRZswA58uo8qeS29Y/1mwyJripLB/kikITnSR+1EBNADhVQ31CBhnW2tCCRJ4aanGRnACY7LiS7Vjw4fUa2ONjMdofomgGk5XsT+XhCg9W7bevOktwkWy3hFZuNuzY47o9mzEunfk3OEN9OsVF4sXwfUEDpSdbSM/NxmYCohzYY/s7URvJGeFrY8slPclN3elw64dyvSJ6bnLNWkhKvBmwkpxkw9sUamFFVR2unDycJgAzrkRbzzfDyF3bAXX+PHRTVtVC6uxO1ywjCXdlGe219XktzERbfNRVVuLxh16bowZR/Yifn4iIiIiIiFyPNPJxtIt1kJyTQf5UZ9eQrFOo4j7nhqjOi6PYsdsMGlqA1DRS/bsorYc8Sqkyp7C0R/bYQEMjRKYOw/Iq9W48Jjs9xzkOwjg7Nr+bFgY6pxRcRiEnPdB81oNjWg6OsweoqQPbmQZsk+ZjwU29G+pOv8jaAx1VWCZldLwwcWntHAxbLp9e3My2XetZ87YN140LWXqDC3ODG0+Ujc7Rrt1mw/D1v652O1MqyYmF1JyA5HO1RDtySbp4gL3VQEQdzROzcQEE6ti7aRsHfTZc9kiaz9bAuM5TxSO7BFkD9lWbur1s3HYQn82FPaqZ+tOQkDqYhtfj9kRjjx74yN6YTeBxN0B4DN7wC30O9BZW9jBS13aI7XV/FI2ta2XYWn0DrNAOYCN36VKa39rJ+t8VYJs4h4WLc0N/eOi3yit5fiIiIiIiInK9UPg4asXimplNL/FPD/Z4G5wJhQ6hsM6DpxnMkQAu0qaEpl67I2swpy7t5TF7NmxWcA9Hs8fZueQnwNW7OR9jw8bA5+R0uKmsbcDXkEByPiSdjaTsjAfb2RaS5oZGrNlt4Mz8HMtnX+k1q0OsU/JYvioPo6GYzZu3sDX6MZYl2rD5DToPFvQ0N4NtsDGoBdf4WErONlDTYOC6yYbTncj5mhpqqMc+PjQ61vfhOxQzk1UP5Iaux5EtPFfRV5n2QfaVj4PvFMOsVTx4Q+gql77+HOWDarcNW38jYAdgBMBmH6ngEcCBfczgPwdG5toOhR1bXAtG18pojrANLlC3JpN39yry/A0Ub93Mlu1WHrtzgK829it5fiIiIiIiInK90LTr68G0ZJz1FZR6w6/dpVRecOKaEnrpmp5Ka00JB09CyozeppJacI23UVteghcg4KH2XPOltSXRQUJTFaV1oZfG6VKqmvo5vsWLJxD6sOZIBcbE5NDIvYHOyWmnvuoA9WYnLhPYJ7nwnNlLrcdF8qSOY+oqS2krAr8HT/uLwTGbobkpHEn5Gyguqwd/19FlRqCXNwZ8+PzhMhy5pDuguckDiSm4Ik5SfqrtuHLKqi24kgf/0DzHBAfNZw9Q0+jAlQhMcWE7U0rp2Vhc4dGrLX4fRFlCwWPAQ+VpDwT6Xr14cH3VQosfoi3heNlTSU0jEBxMq104HR6q2m4Mfw11jYM7XzzFlNU6Se5rjZ/u59XPefYnaVzXz4GSivo+6rv0a9vaqW2Dubf65iBlkpmT5TXtW8rLq7C4kvtew6cTny/cjigHuWmJ0OxhwMnTw3DvioiIiIiIyMePRj5eDyw5LMmr4ZWX1lMx0Yr3tBfnJ5eT0zaIbWIaUy5uoTQmlwf7eIydY+48XC8V8OLavZiJJjkrHdvRGqrIIHkwbWgbEWXKID+vkj+8toaySDDHJ5PQ31DIxkNsev4ABgZGbDqL70oZ1DnZprqI3FSCN2N5aKXliU4Stu6iMimPxeGibXMWkVOxiXX/tR+LGQwjmpRFnVblHgT7jAzsrxSw5vndEGEjY/5sXLurqPDnkBGVhDNhF4W/24D7jpXkTex4n/f4bjbtrsSc4CLWX0ttaxr5OTbAxsIl6Wx4fR0bnQkY585jnrWExRP7aECiA1thIWufLyL51tXkpwFTk0kq2EV5Uh75ABYXicEiSnzZLA9fX1vOHJIP72TN83tDqxLfkIyjpopyfzZpvUyvHVxf2Zh9QzIv7lrD2n1msCQze4qDmqpyjKy0PkbcteILD1/NuCmXg5s2sabCgjnCRvo0Fy21NXhxdBstG4vN2kzplrWUmYBANMmd7+fOJjixFxayZoObpSvzcHV/3Ue3dtbiD43lc8zPJ/uVTaz7r9DnQMokG/h7Hn+p19YxwYFRsJm1H83nc0uzB7i3INFhY9eetazdm8yCz+fTPXt15S0h/ZXNrNuYRELgPOfNOSy5rb8zDl8Lfzm7X9tJpdmBK85H7RmDtE8tpseXhvgk7C0FbHq+DHvWclbMdQ3t3hUREREREREBIoLB4KDGLck1IODD22RgjrNe4iIqBl6P7zLe37UtPsOCJaqGXc8X43h4GdndymzYs56N7lweuzMDw0/vi15c9jmB4fXQHIjGFnep068NvF6wWoc+vdTX5KHFFIutx3sNvJ5miLFhHcxiH5dk6NdzUH3l9+LxmS+tP8PX02KzjtzzNi+T4fNhtljwHdjEHzy3sGpBj/WugeG6tpd+b7WX4PXQTG/tGIDPi6cFYod8La7EvSsiIp3V1taSlJR0tZshIiJyTdD3zdFHIx+vJyYL1j5GNg6OGavtkp/Y2C4UJFpCgVddJTURNtIGCL/6XG33ss8JzFZbz1FdQysB6yV2iyXORu8RnRmr7TJPbEBDv56D6qsoK7ZLDZ2G4XqOGL+BEWXGbLEAXsqq3Nim9j2leHiu7aXfW+0lXOr9bbFiu6Q8/krcuyIiIiIiInK9UPgow6yOvZveoLQJMIERYSNnyYo+p79a4xOuZONE+uQt384r79ZimADDIHrKIpbPujqLFYmIiIiIiIhcLzTtWkRERERkFNP0MRERkcHT983RR6tdi4iIiIiIiIiIyIhQ+CgiIiIiIiIiIiIjQuGjiIiIiIiIiIiIjAiFjyIiIiIiIiIiIjIiFD6KiIiIiIiIiIjIiFD4KFdfwIe3ydfrLl+TF1/gEsr0e/F4jctr1xVj4PV46b21/e27DIPon0vu+6vA8Hrw+q92K0RERERERESkO4WPcvWd28um9QWU99jRwN7XXmTniUsos7yA9Vv247n81oUZNFSUUucdtgI7KaNgfQFlfe7bzP7hO5GQ8gLWv917jSGX0fcjIeCh5mgl7j7C0LK317Npv/vKtacaflZ45aobFB+88BK8cKzb9mr42UuwZ7jvIREREREREZFBUPgoo0PAoLXXHQa+lksss9VH7+MpL0Ulewt2sfvo1UhwLqMPBut8EevXF9JwpesdrAsl7Nq5k/3V/RxjXMGRrhfgW3vgzJWrcWAX4OXD8ItCuNhpc0Ux/LQYdvTXdyIiIiIiIiIjJPJqN0Dk2pDG0i+lXe1GjJwrGdxdioT5PPjY/KvditHNC+50+HI1FPrgNkto845D8NWZwDUyhV5ERORyBYNBDMPAbDYTEREBQCAQIBAIdNk2HPW0trZiMpkwm8191i0iIvJxp/BxNCrbyppjNnKMCg6e9WFgI+eulcx3Ar4a9r5VSMkZD4bJwIh0Mf8zy8iJNyjZvI6a7NUsTg2XU1/I+rdg8YN5OM4fZMuW/dQHwTBiSc+/i4VTrOAvYctLVaQtdFC6q5i6qBxWrsygautm9tYZmCOAqFTyH1pIcpdGeigt2M7ek258gBGwc9NP9gAAIABJREFUkX3HcvImWQA3RRs248uaQ/OhIqoaDbClsXhFPinhQMR7spBtu0qoazFjGxtLM7Y+u6OluoD1e8rxBM3YUhexPD8Na6gUqv6ymYLjzRA0MDvncdfSHOxt43kDLVTt2cQbR+rwBi045t7Fihsc/bTdTMnmNVSmPcayzHAZvhK2vrSXWgDMJC9YRX5qR93by5sxR4B5XDZLls3DaQLOFLL+Lxby5ngo3FmOZ1I+j33K2sd1G8wN0UpLVSGbtpZS5zWwJM7jrntzcQzQB75Te9m+p4RajwFBA8vE+Sy/M6dnT5/fy8YtpXhazbyxrgzDtYDV+fZQze4Stm4oosrd8xq26+9+7e3+emA2nl77ro7C3xfAkgfJSwyXfbqQDW+V0QyAndl3LyfXDgTclGzfSlG1ByPagT20u5335C42v11Bs8nAiEhi3rJl5CT0cW0WOzg44P0+BAHY8Xv4UWXo49S58ItlEAO4D8H33oAdF0L78j4Jv1gS2rdjHezPhax34aul8NN/gLwD8HgTPH4Rvvo+HDbBL74Ij0/vpV4P7AB+Oh22HIPbZgIn4ZUJ8IsJ8LMLna85/OiXsBmwBuC+lfB4RmhXb+24zwQ/+hXsCIC3Fb78BfhyyqV2kIiIyMhqamriyJEjzJw5E6s19FOj2+3m1KlTZGdntweFl8vv97N//35sNhuZmZmYTCYuXLhAVVXVsNYjIiJyrVP4OBq1Ghinq/Dd+TkenWjGe3gLLxYUkv5gHo7IWFyzFjN7qR2LCdzvbmDje5Xk3J5C8oRYisrLITU0Qs9zooaWiXk4aKDwzQPYPrWaZZOAukLWv7Gbys8vJiUqmxR7IbveNsi791GWx5uhbCsbWmay6ou5oZDP39uouEgS0hdw3yecWKPAKNvK2ncOkHP/PGwYGIaX0sMNLP70apbG+yh+dR0HjiwgZbYFfKUUFFSRcMejLJ9oxnN0Kxt39j3yzuNPYsXn87FRRcFL29ldnsbiNPAdKaDgXAafXZ2DFS8lm//A9v3JrJwbTqG8VdTEfprPftGJpbqAtTtLqLlhIa5+2p6e7KSwohQyw0nM8UpqJyxg9eI0Sl9/juIzDZDqCNVd4+KuL+ThNEHd7vW8UZDI6ttTYEI6yf5NbN2XzbJVj+GyAAF3n9dtYF6qamL59GcfxRlZRcELBZScymXhpP77wBLrImfxbJbZLRBwU/TKRooqcjrC6TYJ81ixzNcRVAOEJ2DXVTew+I5eruFg79de7i/fkS1s6qPvUia1sOtYAySGW1FZBRnLWX2TQeH6jdScgVw7NBRtpcifw8pHsrEZDRRt2khlW3t8pRS8fZ6Mz64mxwrew1v4w469JN8/D3tv16ZsK0UD3u+Dd6YAfjYW3vouEIAXnoFnp8M3p0NMAnzz7+AXVqAVfvQj2HELLLPBbbPg9t/BDx+A44+GywrAK+/Asi9CyUq4+C5Y/wJfnh4KLLteB5gQBXNy4PF34bszoeJA6LX1PJzu9LzSF34DLIfCmYAXvvdT2PI1WDa293a88DOY8BC8NQWohft/BTd+F+bowR0iIjIKeb1eDhw4QGpqanv42NjYyLFjx8jMzBy2ULC1tZWSkhKio6OZOHEiCQkJXLhwYdjrERERudbpV8fRKi6ZjImhH1isWWkkeWqo8AAmO65kOxZ8eL0G9vhYjPCD+WwzUrCdqgiHMD4qT3lwJbvgfBlV/imkTQqX7cwgObqBmnOhl2YTuG5aRnZ8+AckiwVL40lK68JPTIzq7QcnK85kJ9YoA2+TD7PdRmy3Zyy6Zi0kJd4MWElOsuFtCj8v8Xg5NQnZzA+fn22cjeh+uiIxNRtbFBCVzMwUC7Vn6gCoOlmDPSUjPArSSnZaIu662k59mM78G5xYTMDkJBIvesIL0PTddktmKs7T5ZSGp6iWVtTjSu053brqZA32zPBIR8CZnUJ0dVm4781gspL9qbxQuAX9XreB2Uifn4vTApiSSUrw4fF0akdffZDgItluAZ8Xr2HHHjf0Zzh2voau8daOa9hdX/crPe+v/vrOlZZKy8nScPTZQOlJMynT7d0qa6D0ZAvpudnYTECUA3tsp90nK6mxp5IR6hSsWWkknq9rH73a49oM6n4fvMJDcN/s8AsT3JYLhSdDL2NckGoFvHDRBKljwN32gMZIYCZ898ZuBWaFwkaAmFS47xz0trTOmXrIcwDT4f7jsCcAOw6GwsQYK7jbwscG2OyDh2eGX1vh/gzYcqiPdoSPv21K+HUS3B8Lh7s+IFRERGRUaZtm3V0wGKSuro6ioiLeffdd9u/fz8WLFwkEAhw/frx9e11dHcFgkPr6eioqKqisrOTdd9+lubm5S3lWq5X4+HjKysoIBAIEg8H2fRcvXuTQoUO8/fbb7Nixg8rKSoLBIH6/nw8//JDjx4+ze/duDhw4QF1dHe+99x67d+/G7Xa3v/+DDz7g3Xffpbi4uEfdIiIi1wqNfLwmJHQER3F17N20jYM+Gy57JM1na2BcOByzpZMSt5GyCkiZWkFVfRJpU4Hjbjy+GrY/X9GpTBvZnTOWzo+kmZLP8pu2snXzWvZaHGTMX8zC9O6Tdb2UF2xiZ42FpPGxtLpr8JAxqLNpOO+BKAvdZ+8OhtkUidd9HrBQ74a60y+y9kDHfsukPtpg6nyy/bTdkkFqYhHlRyFjRinlZ11kLO1emJt6N0RO6XQGCXZs/gY6sr3IrtF+oJ/rNkTm9nLd/fdB3V42bjuIz+bCHtVM/WlI6D7qcUj1DvbLRaf7te22ab+/Bui7SWmk+ndRWg95lFJlTmFp9+yRetyeaOx9JNbuc26or+HF5/d3bIxJ7nR3drs2g7rfB+/wGVj3O3ihUx1zPhn692IprHoJJqZAaiv8ugG+1/nNw/TnoNuyYMc7UDgB1lkgZizsaPv0r4MdFsKBdchER9eRkV3aUQc7PPDYT7rW8U396UpERK5Bra2tfPDBB7S2tuJwONoDynPnznHo0CHGjRvXfswnPvEJmpqaeOedd0hOTu71GY4RERGkp6dz+PBh0tPTu+wzDIOWlhaCwSDNzc0UFxczfvx4IiIieP/990lNTcXn81FZWUljYyMA5eXlWK1W5syZQ3l5OdXV1SQmJraHoTfccAMmk74Ji4jItUXh47UgUI+7yUpyPPg+fIdiZrLqgfAU0SNbeK49U7STPtXGpqoaoIr6iWksMwF2GzZLOgs/vxDXIKu0Zy3lwSzwVO5iy44tFNo7PYcP4NRedp9ysvjhfJJNtD9fcjBscdbeh24NghFoxRqfANix28CZ+TmWd58GPJB+224hI8VJUUUpRlQV5yelk9bj57tQ3bU+H7RFqB4PzSZzn59Q/V+3S9VfH/g4+E4xzFrFgzeEYqbS15+j/HKrHIxO92tPA/Wdi7QpoanX7sgazKlL6ZE9YsPWY85xpxribZCYzeeW5ww64B7wfh+CVAd887Pw5Sk99617BW77Ajwenm0/8WeXVkdvKs5A1qzQx3Ny4HsvQtZdnaZntw3+SIQ8H3TOGk9fCE0J71Ui5Nngp/8El5Fdi4jIx8DpugbcjR/1OuJwJM2cMbTvUF6vF4vFgsvlIjExkejoaA4fPszFixeZPn06Fy9eZMeOHTQ3N2O1Wjl//jxz584lNTWVyMiuP+0ZhsHYsWNJTEykrKwMh8PRvi8mJoaUlBQ8Hg+NjY0UFRXh9XqJjY0lGAySlJTEpEmT2Lx5M4ZhcMsttxAMBjl37hytra2UlpbicrmYPn06FRUVnDhxgpycnC7h46Gjl/0DpYjIoJhMJuzxY5jodAx8sEg3Ch9HK38LHj84osD7YRk1CS7yLNDi90GUJRRgBTxUnvZAoOMZdfZUF9FvlLOXGuyTFoU2JrpwGLspPwWu8NRrT6MHW3wfo7v8PnxmCxYT2FIySLaW0ewBOocxvhYMcyzRJgCDhqp6mgOJDOZpeRZXIrb95ZR4M8i2gqfWzaAmkfirOFQJU25zAuBy2tlVWYp3dk74WX0ePK02bNZ+Sxmw7ZbMVJzFVRRaakmatrjXIlKTnew63lG3+0glbmdGn4uUDHTdAIwAQx751ncftNDih2hLuDM8ldQ0AsFObw4M4wrXfdyvvRmo71zTU2ktLOEgkHJHb/eoC6fDQ3FpHSQ6wV9DXSMdC85McmIvrKDUm0OOFcDA0+jDFt/HjdHX/R5fR/mxeizJ2X0Eqb3LSoXvHegUPnrAHQd2E7h9MLGtGQ3w/kdw4zD+fmZt+4o+HR7Pgolt07+dcF8dnAEmjIdlJthxMtzGtunZf9VHoeNDYWX78YD7AtjHDl+7RUTk2ne6roFAIMCM1Mmj8lmHfr8fgMjISGbPns3Ro0c5ePAgdrud3NxcGhsbMZlMeDweWltbmTp1KlFRUQQCASwWCwkJCURFRfVadmRkJDNmzKCwsJCYmJj28//oo48oKSkhPj4ek8mEyWRqn5YdFRVFQkICFouFyMhI4uPjiY6OZsyYMbS0tNDa2orH4yEYDHL+/HmioqJwuXoOIxhq8CoicqkMw+DM2XOcrmtQAClDpvBxtDKq2P37tew0GRgkMf+ueaFsJWcOyYd3sub5vZgD0STfkIyjpopyfzZpUUBiNmnWjRSX2cj9bFv6k8KC+aX8YesaKixmMAzMjjl8+u62FZO7qjuwmW0fNhPrTMTcWIPbOoe7uv9ckzqHnH2b2Ly2DDNmbFkZJBuVnHSDs+dQNQBa/OFJyYnzmDfxRQpeXMteM0QnZ5MeX0pNFWR0Se8s2MaYKS1ay9q9QMCMfeYSlk8M7bXNWUROxSbW/dd+QqcVTcqiFeSn9j3ezQgMou2WDFLHFVFUncLi23svxzJrCQtrXuHFlypwxXip8TrJ72ekna3f65aEM2EXhb/bgPuOleRN7LP5HYID9YGN2Tck8+KuNazdZwZLMrOnOKipKsfISsM8wYm9sJA1G9wsXZmHKz4Je0sBm54vw561nBVze6+2ta/Asq/79VL6bmIaUy5uoTQmlwf7yMczbsrl4KZNrKmwYI6wkT7NRUttDV4cWG3zWDRrA5t+v4b94fs9emo+Kz6V0uv16fN+ry9j754SLK2pJN/QLbiMg1vPwsQnum4reRLm3Al5/xuyP4CJptAIw+89BsvGw6p8uO1Z+LUVYpzw5RzYUgoPJ/XRWb3pNmqxzekGiGl/xigse6DbAYGO9335EXjsV7A/BS5Wg30JfLOfYdGPr4S7fgUvxAGtEDMZfv0oTBhCs0VE5Prmbvxo1ASPFouFqKgoGhsbSUxMJBAIcPr0aWJjYzGZTEyePBm73U55eTn79u1rX5gmEAhgs9mIjIzE4XBgtVppaRncA7MdDgeJiYkcO3asfXRkbW0tJ06c4M477yQYDA6pb8xmMzExMURERJCQkIDdbsdkMo2K/hWRjyez2cyE8eM4WlGt8FGGLCLY+anIMjoc2cJzH9hZ8WAedr+BuccCGAZejw9znDW0mEp39YWsf9vC0pXdAqCAD29TC8TYsPb+h9tudTRDtA1rP3NXfU0eDMtgyuulBq8Hn7n/8gdbTnMgGlvc0Aq6nLZ3FOLF4zcPsu4Brttl6LMP/F48vsG27xINeL/2YUh914uAD2+TgcVmpdca/V48FyF6UP09uPt9KC42hRaVsXcfcOkDt9HL9qvgogewQsxg/gwVAHdTaPGaQR0vIiLDpra2lqSkofyl6so7dLRi1IzCa21tpaioiPPnzzNu3Dh8Ph8NDQ3Mnj2bKVOmcOTIEXw+Hy0tLVRVVbF06VJ8Ph+7d+9un4YdGxtLZmYmFy5c4I9//CP33HMP48eP71JPc3Mzr776KkuWLGH8+PHU1tayefNmEhISuPvuuzl16hS7du0iPT0di8XC4cOHWbhwIePHj29/n91u509/+hOpqanMmTOH4uJizpw5w5IlSzhw4ACVlZW4XC78fj+TJ09m6tSpvT57UkTkShlNX+/7ci183/y40a+Qo1zvQY4Zaz9ziys/KMOa+bmeI89MFqy2wSYrZqy2gRfdsMRd+sIcZquN4chfzFYbl9KKy2l7RyFWBt2lA1y3y9FnH0RZQyuFXyGDDh5hiH3XC5MFa3+XcEjnPrj7fShi4jo9b7EzC32OCr3SYoZyyiawD28XiYiIjIjIyEhycnI4evQoXq+XiIgIMjMz24M7s9mMYRiYzWZuvPFGxo4NPUtk5syZ1NbWEggEiIyMJCIigtjYWG688UZiY2N71BMVFUVOTk77PofDwc0334zZbMZkMpGUlERWVhY+nw+r1Upubi6xsbFd3mcymcjKysJuD/10MGHCBGJjY4mIiGDGjBn4/f4uU8ZFRESuRRr5OBod2cJz5Sk8dlf2EN5UTsHzu6kKgHnCfO67I2NYgj2RAV3S/SoiIiKDdS2M4BiNI2GCwSCGYbQHjp0ZRuhRMp2393f85bbBbDZf0ojFYDBIa2trexgqInK1jcav991dC983P24UPoqIiIiIjGLXwi9R18IvoyIicvmuha/318L3zY+bYX7ynIiIiIiIiIiIiEiIwkcREREREREREREZEQofRUREREREREREZEQofBQREREREREREZERofBRRERERERERERERoTCRxERERERERERERkRkVe7ASIiIiIi8vFknDvG2+/XUe1pBcBii2fmjTnMHqdfU0RERK4XGvkoIiIiIiJXXt0hXv5zTXvwCODzNLL/z+9RWHcV2yUiIiLDSuGjiIiIiIhcYc3s/7AeL2AeO4E77v4kX7w7i5ljTYCPYx8ewzsc1bR4aGwejoL6YbTQ2NgywpWIiIhcuxQ+ioiIiIjIFXaa0xcAYsi8NYOJUUCUk3m3OhkLcKGR48NQy9nX/oHcr73M2csp5MP/YOVDa3i/r3yx+Ofkzvs5719OHSIiItcxhY8iIiIiIiK9amHPxl/yfkYaM6OHu2wPW/8+m2lPF4+SckREREaGwkcREREREbnCJjJxLMBFjuwp5bQf8Nexd08dFwDGxjPtqrYvrKWIN34HX1gyn2HPHmnhQuNoKkdERGRkKHwUEREREZErLJY5sxIZEwHGhTO8+dqf+a/XDnPoQgAiLEyfNR3roMtq4dBzj5I7I5tpM7LJWvQwzxV3miPtq6bg2b9hfm4203Lv52f7Ova1fLiGVfPD77vnSbae6lpy47aX+d2kv+GBW6Lh1DaeuGcO02ZkM23GfO74p22dpnM38v7LP2Tl/NC+v321uqMQo5qt37ufrPD7Vj13mBbqeemxRTyxE3juYabNyObH+wCjnreffjh8LnP4zPe2UWWEy+m1/j7KERERGUUUPoqIiIiIyJXnnMm9i1xMtkW2b7LY4pmz6CbynEMo5/Bv+bunG/nqH0s4fng/O3/7JEtndBqn+M5vean1bn7zyst8Z95hnv3PcGh4fhvf/vzPGf/kTo4fLuI3txTxtz94rVOgWM8br24jeeUiZpo9bP3Z13kp+2mKD5dwvPhlnlk9h/Htx77MS3un8c3fv8a/PzyWrf/j5fZnQB567m/426N3sKG4hOPbvk700w/zi+JE7vnfL/MvtwBf+CXFRUV8MxcaX/8BX3p9Dv++t4Tjh1/mnqNf5xvrq4G+6u+9HBERkdEkcuBDREREREREhp953HRuXzx9GEo6zhtvFrF06nySp2V13bXoe/z71+9mPOC8cxE/fj008vHsn19mU/PDrLszEcyQnjufma3xHdOrT7zJSzuzeOw7WYAntG3/Tt44PId7siYzs0s1j/LUTx7mRoDPLIEXfOHtxbzx78e59Tt3MTMWmJpN3qxcomMhOn480RYgOp74BBtQz9bXtsGdL3BrPMA0br19Mj/eWczZhz/ZZ/09yxERERldFD6KiIiIiMgV5TtfzaHjZ6mu/4gLLQGMtqnFZhOW6BiciXZSp01lWoJl4MKyHuHXPznLE08/yiefjWbmA0/z//5lCcnmAd4XrjM6fNz4O3/An+7s2F2282Xez72fZ6YB2Fj6T2v45pP/wPfve5knEubznV//ksdmDfwkyJZmiDbHhF/l8tgra/o89mIroenTz3XaeNvl1S8iInK1adq1iIiIiIhcEb6zx3jzjT/z+7fLOXCykXPNnYJHACOAr7mZ6pM17Hp7D8+/sY/9Z319lhcSTfr932ND4X7+vOZhol9qm6o8gHDo2GL0ss84zNbfHGbp6s+Q3LZt/Hwe/+VODhe9zFMLTvHjz/8v9rT08t7urYuFFuPiwAcCMZHAo2s4frSk479fhkZtXmr9IiIiV5vCRxERERERGXEfHd3HS3+p4bQXiIphcmoqn7ptLg+t+CRfbP/vVu6/LYP5qfGMjQLD+xEH/lLElqP9LOd85jDvn2oBczTJtyzh1klw1uPp+3gfXATGz1nEjbzAf74cCipbTu3kd9vqQ8cUv8YvTi3hzgVt05hbKCs+TKMBJGSRvygLmhtp7Cf8C4WaWeTdH82e3/yePY2A4eHQy6/xfuf3tbS9SGTOolx4c2foWKDlRDHvnxpk/S1KIkVEZHRS+CgiIiIiIiPsJIVHPsIgkvGZWTx093xuz53C1LFj6Dqx2sKYsRPIzJ3DvXffyh2ZY7AQ4OyRco70UXJj+Zv8+L7wKtBZD/O78V/nmS9k9X6wGXjnMNUtwNSHeebpRbz/vTtCq13f90vKWi8CLezZ8gJ84WGWJrS98Szv//KvmZ8VWhl7/v/Yz/Knv8bS+N7qsBDNfsqqAaK59ZtreDz6BVbNy2Za1iK+tO0s0QZAIjNvySL6d48ybcbdPHcUku99ku+kbAgdOyObrAee5o+l9QPU37McERGR0SQiGAwGr3YjRERERESkd7W1tSQlJV3tZvTr0NEKZs5I7eeIcrZsrOZszDjuuDOHiYMuuY5drx/m+MUxzFkxl9n9HNly3kOL2UJ8/BCfg9jiobEZouNtoec/Nm7jv8/7R8aueYd/WRDd/7FDqea8h5ZoG/Gxgzi20UMLvZzLZdQvIjIcBv56f/VdC983P2604IyIiIiIiFwZF8/x5sY/j0jR0Qk2Lmn5lWgbnTO+xqKdbJr0N/zpll5K63bsSLUvOr6PYy+jfhERkatF4aOIiIiIiEhY/JIfcHgBGlkoIiIyTBQ+ioiIiIjICEtj2Yq0q92IQYsexNRoERERGRwtOCMiIiIiIiIiIiIjQuGjiIiIiIiIiIiIjAiFjyIiIiIiIiIiIjIiFD6KiIiIiIiIiIjIiFD4KCIiIiIiIiIiIiNC4aOIiIiIiIiIiIiMCIWPIiIiIiIiIiIiMiIUPoqIiIiIiIiIiMiIUPgoIiIiIiIiIiIiI0Lho4iIiIiIXBaTyYRhGFe7GSIiMoIMw8BkUowkQ6e7RkRERERELos9fgxnzp5TACkicp0yDIMzZ89hjx9ztZsi16DIq90AERERERG5tk10Ojhd18DRimoCgcDVbo6IiAwzk8mEPX4ME52Oq90UuQYpfBQRERERkcs20enQL6UiIiLSg6Zdi4iIiIiIiIiIyIhQ+CgiIiIiIiIiIiIjQuGjiIiIiIiIiIiIjAiFjyIiIiIiIiIiIjIiFD6KiIiIiIiIiIjIiFD4KCIiIiIiIiIiIiNC4aOIiIiIiIiIiIiMCIWPIiIiIiIiIiIiMiIUPoqIiIiIiIiIiMiIUPgoIiIiIiIiIiIiI0Lho4iIiIiIiIiIiIwIhY8iIiIiIiIiIiIyIhQ+ioiIiIiIiIiIyIhQ+CgiIiIiIiIiIiIjIvJqN0BERORKCgQh2P5vkEAwtD0IBDt9TPh1+8ft24IEgYjw6wgi2l90bAv9r8vrPrZHRITKiAhv79gmIiIiIiJy7VP4KCIi15VAEIxgECPYPWiEQFu6OAw6QslOCWVvBwyptA6hEDKiRyDZ5eP2baHw0qTQUkRERERERhmFjyIics0KAkYAWsNhYyhwHL6A8WoKjcQMdt3Q79EhEYApIqI9iDSFQ0kTEe0fi4iIiIiIXCkKH0VE5JpiBMEfCNIaCI1wvD6ixuETpGPkZ889IaaICEzQPlrSRFtI2bFdRERERERkOCh8FBGRUS8QDhz94VGOcnkCwSAB6GU0ZWhD2+jJiE7BpDkiArNGToqIiIiIyBApfBQRkVGrNQAtgSD+gALHK6lt9GTXcDL0whQOIc0KJEVEREREZBAUPoqIyKhjBMFnBGlR6DjqBIKhFcL9QG+BZJQp9LGIiIiIiAgofBQRkVHmohGkxdCzHK8lnQPJi0aQyIgIIk0KIkVEREREROGjiIiMEv5AkItGeLqvXNNag0FajY4gMiocRGp6toiIiIjIx4/CRxERuaoCwVBI5dMU66uubbXr4eYP0P7cTgWRIiIiIiIfLwofRUTkqmkxgrQYENAk66vKHBFBjDk0QlFERERERGQ4KXwUEZErrjUAFwNBWjXa8aozRURgi9IwRBERERERGRkKH0VE5IoJBKElEFpQRkYHq/lqt0BERERERK5nCh9FROSK8IUXlAloQZlRJTJCox5FRERERGTkKHwUEZER5QsEuyw4IiIiIiIiIh8fCh9FRGTYBYIdoaOhkY6jWmswSJRGP4qIiIiIyAhR+CijVpBQgBEIBgkEQ6+DQFuO0fY6IvyfKSL8cQSYiMAUEdomIldOa3iEoy8Q1PrV1wivgVa5FhERERGREaPwUUaFIKHQojUYxAiAEYTLiy5C7w2FkhGYw0GkOQLMEREKJUWGmaZWX7sCwSAeP8SYIxRCioiIiIjIsFP4KFeNEYTWQJDW8L8jEVkECU357LqwbhBzRASRptBCC5GmUEgpIkOjqdXXDyMYpKk12P7HmrZR5BGE/mgTpb/YiIiIiIjIJVL4KFdUMAj+YBBfIBQ4Xi1GMIhhQEs48ow0RRAZ0RFGikjvAsHQCOW26dWKHK8vbY+5gNCo8bjIUBgpIiIiIiJyqRQ+yhXRNh3TH7jc6dQjozUQpBXri6LIAAAgAElEQVSA0MifyAiINIWmaOsXb/m4a3skQtu/8vEQbUJf/0RERERE5LIpfJQR5Qtc/VGOQxUIBvEFwRcATdGWj6OuoxtH5x8MZORpqrWIXKuCweD/Z+++o+u67jvRf0+7Db2zgF3sRSTVLCkqdizHlm0pLrHlFDuOJ7HjlMnMezOe917eelnJJFkzzps3JWOn2HHsRBk7rnGPY9mWbMmSSImi2CmSYC8g0W45fe/9/jgACBDtArjl3IvvZy0QwLnnnrNxCdzyvb+9fwjDcPx7XddhGEYVRzQ3KSX6+vrQ3d2Npqamag+HiIiopBg+UskpdTN0rId14CZO0dYwYYq2zqpIqg8KgBitauT6jTRG4/0bEdWoIAjwyiuvIAxD6LqOIAiwceNG9PT0QIvpnZsQAseOHUMikWD4SEREdYer21FJ+VIhFyo4QtVlgKEQTR93hEIukMgFCnao4Mtbm9oQxZNU0e+wK6IGI9lAYcSXyIcSbp3+3dLC8D6NiGpVGIY4duwYgiCAZVnI5XLYv38/XNet9tBm5fs+hBDVHgYREVHJsfKRSkIowBUKQQ1Nry6FsU7aY1O0xzrFsjKS4kCom7+jYrSicWn9hdJiBELBNHknRkS1ybIsbNu2DV1dXbh8+TK++c1vIp/Po7+/HxcvXoRt2+jp6cGWLVtgWRauX7+Ovr4+aJoGy7KwdetWSClx8uRJ+L6PIAiwZcsWZLNZJBIJrFy5ElevXkVfXx927dqFVCqFEydOYNmyZWhsbMSJEydg2zY0TcPmzZvR0tKCGzduIJfLQdM09Pf3Y8eOHchms3jttdegaRqGh4erfbMRERGVBSsfadFcoZAP5JILHqcjlZpUGTniR9VlrlAIefNQmSgVNYXxRFSJmwsUhn2JXCBhhwqeUAgZPNI8eTL63SEiqmVKKQRBAF3XoWkaXNeFUgpCCBw/fhxXr15FGIY4ePAgBgcHAUTrLwLAuXPncOrUKSilxj8GBwdx7NgxCCHQ19eHgwcPYmhoCJ7n4dChQ7BtG6dPn8a5c+eglMLAwAAOHjyIIAhQKBTw/PPP4+LFiwiCAPl8Hi+99BIKhQKklJPWqSQiIqonrHykBVuq1Y7zoRCtoRcAgIjWjDRG14w0tKibNns6ULGkij6EUqOfow/GirQY1ixV2grR/TwA6BpgaRrXgiSiGV3pH8BwNj8e3lXK9k3rpmwLggDPPvssMpkMPM/DunXr0NjYiGQyiYaGBniehxdffBGDg4NYvnw5HMdBIpHAihUr0NnZiWQyCd/3Yds22tvbsWzZMjQ0NMBxHJw+fRqu6yKXy2H16tUYGhpCIpEAADQ0NOD555/Hxo0bsWvXLly6dAlPPfUUbr/9dqTTaQwNDeGOO+7AunXrcPHiRQwODuLxxx9HMpnE1atXp/35zl68goId7ynjRFT/dF1Ha3Mjlnd3VHsoVIMYPtKCRNV9UaUfFU8h6vwdTtiiIQohDQ0wdIxP3ebr+6VLTpguPRYySlYuUhk0WzrfACGikrjSPwApJTat641FZ+mxjtdSSnR2dmLLli0wDANHjx6FlBLNzc0wTRNKKZimiV27duHkyZM4dOgQWltbsXv3bqxZswY3btxAX18fTp8+jb1796K5uRlCCAwODiIMQ6xduxbXr1+HrutoaWkZX2OypaUFmqahoaEBSin4vg9N05BIJNDW1ja+X0NDA9LpNADANKd/aba2d3klbzoiomkJIXD1+iCu9A8wgKR547RrmrexRhUMHktDIeoy7Mloymw+kBjxJbLBzSnbgYwq3ai+iNHO8GN/U2PTpbOBHP+/j5oZMXik0ms0GTwSUekMZ/NY1tUei+ARiNZ8vP/++/HII4/g3nvvRVtbGxzHwaFDh9DS0oLVq1ePh34A0Nvbi7vvvhvd3d04dOgQRkZG0NjYiPvuuw8bNmzA1atXcfbsWWQyGTQ0NODChQuwLAs9PT3I5XK4ePEili1bNt6tOpfLQSkFx3Gg6/p4ZeREyWQSjuMgCAIIIcY/ExHFkWEYWNbVjuFsvtpDoRrEykeal7HOzlR+cnRqbTC+JaqS1Eenauta9O5B9HW0jTlCPChE6zBKRJUXUkXbxj6PVTISVUtC12Dy7UciKiEpZWyCRwDQNA2maU4ak67rSKVSOH/+PEZGRgAAuVwOnufhxIkT8H0fnuehqakJlmXh/PnzuH79OgzDGA8dTdNET08PDhw4gDvuuANNTU2QUuLy5cvYuXMnLMvC5s2bcfbsWTiOg8HBQaxZswaZTAa+708aY3d3NwzDwHPPPYfGxkbouj4+LiKiODIMo+JLa1B9YPhIRSuEXN+x2qLgKpqOO/USQMOEYHL0w0C0RpsOcK22RZouVJSTto0FjPw7oXhjxSMR1TPLsrBz505kMplJ2zOZDPbu3Yv+/n5omoYtW7ZAKQVN02AYBoQQMAwDe/fuRUtLCwqFwvj07fXr12Pt2rXQNA3r169HoVDA2rVrYZomtm7diqGhIbS1tUHTNGzYsAFhGMJ1XbS2tmLz5s2wLGv8/GPjam5uxp49e3DlypXxqd/JZLIaNxkREVFZaUqx/IbmxuCxdikpIUe7OuqjT64NXYeha6OVlJjweTSo1KLrTZz+YxgGLMuCrtd+udRYiDj2G61GA8OJ2ycHjVxzkepLQteQMZlAEtWKa9euoaenp9rDmNWRk33TNn6Jm7FO14ZhQLvlXdmJz3nGSCkhhIBpmlP2X+h5FrIfEVFc1ML9fS08bi41rHykOeWCaM05qi2B7yMIfET/dQpRxHjzs64bURBpGICmQdf1qJpPCoRBCCEENETTljQoaBCA5iFpJZBIJKCPlk5F+4wGl6MbJj51vvVp9MTn1RMvm/QbpiZ/P+Xr8YAwuuTWwBDAlCAx2q80AeJYoDsfuq5B02o/uKX6INTNewMioqVkbDr2dKabNq7r+oLeeJ3tPAvZj4iIqJbxkY5mNeJLVnvVGCklXMeGnFKpqiZ9FkLMuah5FPRNvl4gPGiej2QyCdOypjl+bYqCVzkaLEpAjVZAjFaBTr09588wDCSSyVitiUVLk1AK+QBosuovfhQKMOrvxyIiIiIiqlkMH2lGDB5rz1jwOLZ+EaBw4uhpDFwfxI3rQwCAVWtXYNWaFejs6sDkwFCb9P2Jo6fx7NP7cOHsZdy4Pog9d+3A/Q/dhc3bNgBQ8DwPQRggmUzV9FRsIQQ810W0AsXMt8fY7TnT5cV8L6WA69jQdQOmZcE0DGg1fNtRbRsLIC0dMOpgqp+Egi8AUwcMpo9ERERERLHB8JGmlQ24vl2tUVLCsW1AKRQKDp767o/xL99+BnbBmXb/TEMam7dtwKo1K7F5+4bxqOzi2cv4ydP7cOHspUn7P/ujfXj2R/uw564deO/7H0dXdztEKGCHBViJaCp2raxVFK3fFCIIAkgRdWvTtKjIc3xyuqYwcWa1pim4ArBDICeAQCmEEtGHAgTU+NehjPZvMoEmE2gwgSZTocGIji+EgJQCnoqmc5mWCcuqnduP6keoFEIB1Hrl8kRKakixuJiIiIiIKDYYPtIUuUDNez07qr4gDAEoPPv0fnz+c1+bMXQcYxccHNh3GAf2HQa+VPx5Duw7jBNHT+ORRx/EY+9+EwANYeBDhAESyVQs1i0am0ItpYimT49+BkanVquba1+OVTQGUkO/p9DvAQO+Qj7UkBcKhRDIh0BBAIFc3LiWpYA9LRp2twIZQxsNOBUC30cYBLASCVhWYtE/P9FSJpSCUBqnXhPVhBAjZ4/hmSODGPSjLUYigzXbN+K+ta3g+whERET1ofopAcVKns1latJYgHW+71JRweNi2QUH//TFf8azP9qHD/7mE9i8bQOUUnAdp2pVkEpK+EEAEYaQspiUMPo93zeksG9Yod9TmLysY+n/Dq66wHdchWcHgY0NCr1pDavSCt3J6P/Qcz2EYVjzU9mJqi2QilOviWIvi9deOILnLvuTtgrfxpkDB3Hl2gY8ek8vGqs0OiIiIiodho80rhAqhAwea5IIQ9y4PoCP/9Enyx48TnTj+iA+/oefwJ67duCJDzyOzq52hIEPKQSSqcoEaEophGGAwPdHKxond9S+1UgAXHCA87bCWRu44pZ9iFNkA+ClYeCl4Wi8m5uAu1o1bG4CpBBw7AKsRBKJBKsgiRYikODUa6KYc069hhcu+wBMdG3ZgNdvWoY0bFw8eQw/Pp6Hc7kPz5xqx6O3Zao9VCIiIlokho8EAHCEQlCCbr5UHWEYzrq+Y7mNTcV+7N0/hze+5QEIIeDYNhKJBKwSB2hjU6qFEJBCIAxDADfXbHQEMOADgwEw4ClkwyhwHPvsLXLqdDmcyAEncgpbm4A3dGnoSQKB7yEcbejD7thE8yOUQig1mCwgJoqpYbx6Jg8BoGXjTjy6tXl0ewa9W+/A28UL+PJrLq6fOYfB27aivZpDJSIiokVj+EjwhIInGDzWslw2h+ee3l/VMdgFB5//7NdwYN9h/Pb//qvINGTg+x6EFEgmUwuahi2EGA8Zo+9DTGgJg4lrNl52Newbktg/VMIfqsKO5aKKzJ/t1nBXmwYlZTSV3bJg1VBDH6I4CJSCCf7NEMXTAAYKAJDB+vHg8abGre1of+0yBgs2LgIMH4mIiGocawKWuEBGVY9Uu3zfw09+tK9qVY+3OnH0FD72O3+M40dOQSkgDEI4dqHIdRhvGque9L1oHcQwDKFUVPk48fOpvMKXLil88kxtB49jCgL4+hWFL12SGPSjn9P3fTi2DTEawhLR3MIYVjkT0a10TNtVxtDZbIaIiKiOsPJxCZOKwWOtU0ohCAK8sv9wtYcyiV1w8PE//AQeefRBPPGBx6GUgmMXkEgmi+7mLISIapZGC5cCGa2VmBXAZQe47CpcdoAb/mxHqV0HR4BztsLDXRruaAWUknBtG4ZlIplIQmNDGqJZses1EREREVE8MHxcwlyhINlgpmZJKeG6Dgo5GyeOnq72cKb1L99+BsePnsavfeS9WLV2ZdTNOQhgJZIwzdnvfkzTxD9fdHGyEIWOubBCg46R4QD42mWF03ngoU4N3cmokjQMQliWhUQyyanYRLMQSsHg3whRbORPH8C3D2XhjD/9zOPAV5/GgZmvEV2umejduRM/u2HqFG0iIiKKP5bOLFGeUPDZYKYmhUEA17Hh2AUoKfH97zxT7SHN6sLZS/j4H30Szz29D5oWhaae68AuzD4V++VBgR/eAC45SzN4nOhQFvibcwrPDwESUXOdMAzgOs54h28imorF/URxch7PHZkYPM6DCnHxyGkcL/mYiIiIqBJY+bgECRVVPVJt8X0Pge9jYtZ04/ogvv+dH1dvUEWyCw7+5pOfx4H9h/HBjzyBTEMaSkk4dgHpTAP0aaYQD8SxLXUV2QL49lWFfUPA7c0a7u8ADCXg2AWk0mnoOlfHIrqVkJh+PTkiqoIAoQCARux5xx3YVfT1TuPbX72I60KiTldaISIiqnusfFyCXKHA6LF2KCnh2PZ48Khp0cdPn9mHP/wP/yU2jWaKcWDfYfyH3/1jfOPL34NjO1AK8D132n3XNPDuaTrXPeD71xWevKAwFGB0PU1n3g19iJYCwcpgoiXFu3oGp87l4N3an82+gVNnLiJr33qFHC6cOYPrWW/yduEhe+4MTl2deqxYnoOIiCjm+Op+iXGFQsDp1jVDKQXXdSCEgFJRpePnP/tP+Nhv/zE+/YnP11TwOMYuOPinL/4zPvY7f4wD+w4jDKOu1o5jwy7kkc/lkM/l0Gu4eH1ntUcbX6cKwJMXFM4WxgJIG2EQVHtYRLGiwKnXREvG8x/H1gffhjc9cg92//krN7eLF/Anux/Em978Juy+77/h5fELLuIff/0ePPTmt+GeO/81vn795lUufPkj2P3I2/CmB+/Bb37jRszPQUREFH+cdr2ECBWt9Ui1w/c8SCnh2KPTlvfFq6v1YtgFB5/5i8+js/s3sXrtyvHtE3tDvKFbQ2sC+Opl/t5Op98Dnryo8NhyDTubFbzRKlLTsqo8MqL4YNMZovjLn3wJ3ziahw8Ty7ftxJs2zb+xTHboZrLnTSwyLGTRP/a1PXHidg7XL9z8zp1QZZgdunTzm0nb43gOIiKi+DP+4A/+4A+qPQiqDFcoVoDUkLGqxxNHz+BP/u//jgtnL1d7SCUXBCGOHDyBN77lQQCAJkKYBQe6H8DK20hks1hnD2ODLGCfbKzyaG9SQkCKEEoEUCIEpISSAkpKQAM0rXJF5aECjmSBpK5hVVohDAU0TYNhcKE7IgDQocHSGT5SbSsUCmhsjM/j4HSuDwyju6Ntlj2G8NrxLGwksHzrCvSMbz+PHz3bjxEJABL5QRupzcvROef1Jkt2dqFdeEiuvR+//u63YXv3aI1FshvdHQKu1YsHfv29eHxb12j1RTPae5oB0YDb3/1ePH7/GrSMPny3tC9DixTI7HwXfunx+7G2Oc7nICKqrLnv76uvFh43lxpNsVXqkhBIhULI/+paEoYhXjt2Ch//o0/W5PTq+fjDJ96I29etnnWf78tGfDk1+z7lpJSC8BwoIaBbCRiJ5Bz7S0ApaBVsBPMzHcDP9WhQCrAsC8lUqmLnJoorU9PQaDF8pNp27do19PTMFLvFw5GTfdi+ad0se4w2jpnScOY8vvf1PlwZq/4zmnHPY3uwZc7rERFRNcx9f199tfC4udRwzcclYsqC1RR7Ugp8/nP/VPfBIwC8+NoFyDneB3mjnsdup3/WfcpBKYXAySN08tANE1ZD05zBIxBVP44HjxV6j+cnA8BXLkXnCoIAnjt9Mx+ipYStmIjibjXu29KIhAZAM7F8y4YJwSMRERHVA1brLwGeUAhZ4FpzbvQP4sTR09UeRkWcvHwDYRgiMcdahT+jhvEKuis0KkD4HoTnwkgmYSQWUUVYwfXmDowABaHwK6s1BKMNaBLJJDSueUdLVPTGBn//ieKscdMdeN+mao+CiIiIyoWVj3VOKsBj2UdNeumFV6s9hIpx/BChnLs8d7sZYrM3UPbxKKUQFHIQgQersWlxwWMVnMwDf9Gn4EmFIAjg2Da4wgYtZZK//kREREREVcPwsc75Us05nZXiyXW8uXeqExcGRiBEcSn5neFwWcciRQhvZAi6aSHR0FzR5jGldMkBPnEGGA4BKSVcx2EASUsWw0ciIiIiourhtOs6JlXU4Zpqk5RLqWS1+N/Te7QCfhjkcNlqKvkopAgR5EdgZRqLWtcx7oYC4M9PK/zaGg0rUgKObSOdyXAKNi05Epx6TVR9FkwDgMjjwFefxoH5Xt3QkSjDqIiIiKj8arOkh4ris9SjprV3tlZ7CIsipUAY+ghFEHV+nsWKtuKDRMs0sdrPLnZ4U0gRIihkYWWKayhTKnPdNovly2gK9ulCFGjbhcISC7aJWPlIFA+rcd/2ZqQX8j6AZqJ3OxvREBER1SpWPtYpVj3Wvp27t0FKAX2sY3INESKEqSvceVsvbmTzuDAwAj/wYZrTNz5JW/P7GdcrG8+XarAYCx5zsDJN0M3Zm96UWqWmdX/2vMK7VwK7mgHHLiCdydTk7xbRQjB8JIqHxg178J4N1R4FERERVRrDxzrlCgWTUytrWu/KHnR0tmFosPRVfuWklMK6rmb83mMPYXl7G0zdwIht44vPHsDXXzwMw7RgGtaE/SXWL2tHco5O1xNth13SMQeFHMxUuuLBY6V96RLgCeDedg2B4yKdSTOApCWB4SMRERERUfUwfKxTGZPBYz14/OffgL/9m6+iltYqa06Z+L3HHsK6ZcugjwbgXS0t+OijD+OB7bfhr777LE5dvQFdN6AAJAwNb9m7BYl5hI9NuoZeP4uLieZFjzf0HCgla66j9UJ946pCoIC3LNMA30E6k4FhMICk0hjL+Cb2NlITP6uJ29Sk1V6Vmrz//I+HaY4XnYNvxhERERERVQ/DR6IYe/StD+NvPvXlmqpOe+sdm7Gyo2M8eJxo55pe/LffeA+eO3oKT716AkopvPPeXVjd1TWvc1imidv8odKEj64NM5le9HFqyXevKQRK4rHlOmzbRiqVgjWP8Jeqo1zBHtRs4d1sYaCacjkREREREdGtGD4SxVhzcyPued0u7HvxSLWHUhQpBW5fuxKpxMz9KHVNw89s34j7tt2GMAxhGDqMBYSrK6W7mKECAJQUkEEAo6lt0ceqNU/1KwRS4p0rNDiOAwBLOoCcLdgb/1pNjtvmDAMnXWe24003BgZ7RERERERUHxg+EsXcjp2baiZ8XNnRjN7O9qL21TVtXlOtb7UG3oKvO0YGAYxkCppemaYvcfPMDYVAAk+s0uG6UZhbjgByfkFc6YK9aa+DaF3SW7cRERERERFReTB8JIq5Bx68E5/59FdQC+s+rulsg2lWZop4ly6RliEcfeF3YyLwYFgzV2kuBT8dVHClwBO9Oty8jWQqBSuRmLkqb8I3s62zd+t2IiIiIiIiWpoYPhLF3IoVPZBS1sS6j53NDbCMytytGLqOZUEefcnWBR8jqnxcWus9TufAMOBJiSdWavAdF2YgkEwtjQY8REREREREVF5Lc64hUY3ZuXNztYdQtEp1TrZME8vC/IKvr6SEFCF0dnoGABzNAn93QUEphSDw4bmLX1OTiIiWDl3XIYSo9jCIiKiMhBDQl+iSVbQ4/K0hqgFSymoPoSgnL99AGIYVO1+XXPi6j1JE49RqoKK0Ul7LA585B0ilIQgCBpBERFS01uZGXL0+yACSiKhOCSFw9fogWpsbqz0UqkGcdk20APNrhqGmXn7LmnkTt0+3zl7X8i4cO3ZmscMuu4sDWWQdB50V6prcsYjwEVIu2UYzs+mzgU+dU3j/Kg2ADwCcgk1ERHNa3t2BK/0DONl3sWbeNCUiouLpuo7W5kYs7+6o9lCoBjF8pNhZTGdc4GYgOG2zjGnCwqnHnO461W2g0d7ZVqUzz4/tB/j8T17Bbz/6YEXO16MtvLpCKQloDB+nc9EBPn1O4ZdXaWhBACklUuk0NC3+TY+IiKh6lnd38EUpERERTcHwcYkpNti7+UkVHewVf8zpu+OyM+7MVA3dOP9y8BR2rFqGh3duKvu5OuFDw8JCYaUUw7RZXPOAvz2v8Iu9QFcyhGPbSGcyvM2IiIiIiIhoXhg+1oF8MM203rGvY1C1R3ETNRSRcrRqUNOg6wZMwypZsPSX33sBG5d3YWWZKzYtw0Rb6GDQnH/Hak3To+pHmtGAD3z2PPC+VRpWpiQDSCIiIiIiIpo3ho81zpcKYS2VxVHVCSHwlr2bcedtq9CSyaB/OIcfHX4Nz588B8tKQi+qAYuClGrGTme2H+DLz7+K333bQ6Ud/C00TUObcBcUPuqmBSUEFNd+nFU2BD53XuGJXg3rMgJhGMKq0JqeREREREREVPsYPtY4jw0Fl4RSFprds7EXv/LwXWhtbAIAbFsNPLxrCw6du4g//dL3MOIEMI2Zw6Uw9CHEzY7WmqbDMEwYxuS7k/PXh+AHARLzDKqkUgjDsKjrWWZU+QjMv8JSN01oug4Z+jASbKgyG0cAf39e4T29GrbqPsNHIiIiIiIiKhrDxxonWPW4JJRymuudt61Gc0PjlO071/Tik7/5BP7ki9/Fq2evwjSt0crG6NxSCoRhgJ1revBLD96B1V3tOHd9CK/0XcI/HziG4YIDw7CgaToABT/wEIjiQsSJPN+HMY9KxLbQndfxJ9JNCzIMYSQWfIglI1DAkxcUPrJOYF0iYABJtYUrBRARERERVQ3DxxrmSwaPNH+OH0CfIcxsyWTwnz7wTnzlpy/ji88ewFDeGb8slbDw8/fuwjvv3YWWxibomoa2pmbsXr8Gv/L6e/DV51/Bd146iksDI2hrTOOJB/YgYc4/oArCEEai+DSwU/nzPscYM5WGn8/BTGdGQ1Oay/4hoDfjMXykmsK/biIiIiKi6mH4WMN8TrleOkpY+Xh1KDvnPu+8dy/edudOnOsfwMWBIUgpsXtdL9KpJDLJqVOUDd3Au++7A+943W64vo8gDJFKJGGZ87+L8cMAqXmEj80qnHunGRiJFHTDhnAdmOmGBR9nKdk/DNzZJln9SDWFPZKIiIiIiKqH4WMNY6OZpSOTKc2ahGHoY+Oy9qL2TVgWNq5cho0rlxV9fEM30JCaf/OXMUopBGEIcx6hZQaLS+GNVBqhU2D4OA/7h4CVaQ+mabLzNdUEVj4SEREREVUPn4/XKE65XlpWr+td1PWVUggCF3dtWIm9G1aXaFSl53geEqY147Tw6TRri/tbMJNp6KaFwM4v6jhLyf5h4JIj4boOFN8EoRrAjJyIiIiIqHoYPtaoQFZ7BFRJt+/dASkXXuFnQOBdr9uF33nrg2hrbi7hyErL9T2kknNPuRZSwA8COJ4HK3Dm3H8uicYWAIBfmHtKOkX2DwEiDOE6i7/9icpNY8cZIiIiIqKq4bTrGhVWofLR0jVYOpDQa/tFnFJR5agnAVlDVVubtq7HqRPn5n09IUJ87F0P4/Z1qxY1JbrchBDwwxCtTVE4GgWMIUIhIKTAjXQzhswkBhMNGNaTGDaSGIaFYaFjkTOvAQBWphGha8PPj4yHkTSz/cPAhgZge3MIIQQMw6j2kIhmVOMPW0RERERENY3hYw3ypUKlIzNL19Bg1serN00DkoaGpAE4IeDVyBT2B3/2Ppw8dga6Pr+QZ/f6FdixemWsg0cAyDlO1GimtQVBJo2v5ZMY1BMYViaGhY7hYHRHhShsLEPDJTOVgfA9+IUczGQK+gK6dS8lX7gE/KKuYbvhIZ3JVHs4RDOqj0cvIiIiIqLaxGnXNSis8JRrQ6uf4PFWSaN2fq43vfX1aG1vBuYZPa/pbJtX9+hqEJYF83V3IvnmR+Dt3AZndS+uJBrxipPAWXdC8FgBRiKJRKYRwnO5DmQRnh9UCMOo+pEorl/yGH4AACAASURBVFj5SERERERUPQwfa1Cl13usoXxu3nQN82puUm0f+I0nEITzT+ISVrwr+MTG9TBaW8e/dwKBS9VcSlDTYDU0QTct+PkRCN+r4mDi7UwBeHkECIMKJsRE81A79/BERERERPWJ4WONCaRCpSdd13vFSC39ePc/dA/e8Z5HEYQ+iq2AlDLe3YlETzdEe9ukbZcLIbJhlQY0gZFIItHYDBkG8PNZqJjfltXy/CBQ8PzY/67R0lRLbzAREREREdUjho81ptJTrgFA1MaSiAtWS01nAOCXP/QevOmtD8H3PSg1+y+EUgor2poqNLL5U6YJf8PayduUwmUnTv8nGqxMI8xkCoGdQ+jGuLtzlX6Xr3nA84MagsCvyvmJZsPokYiIiIiouhg+1pigCtlCIBW8Ok0ggyo07ymFD//uB/G//f5vwTA1BIELIaaWCUopYBgS63raqzDC4vjbNgP65LshKSXOFOL3v6JbCSQaW6BpGoJCFsJzqz2kqTQNwvcQOoWKn3r/sELeDaBqLMyn+sfCRyIiIiKi6mL4WEOEql6VniMUghrpCl0sVygUwtr9me5/6B781ZP/H375Q+9BS1sjPM9GELgIAhee78C0dPy7/+f3sH7rpmoPdVr+lo2QzVOrMkUY4oxdhQEVyUimYDU0QymFoJCLXQhpJJJQSsEZvAZZwUrE4QA4lFUQYQzmyxNNwCc6RERERETVpSmWqdQMTyg4Va5A1DVtygu5a67EyowOS9dqpjmNGv1H4ebKiVIpBBLwazRkPXWyD4cOHEEhb2Pnnm24fe+O6AIpkTpwCJoTn+nC/sYNED1d017WN1jA/zhVO52TZeDDt/NItcSrwtTLDkH4HgwrgWRzW0XKv9ZmgA+t1dHQ2Fj2cxEVK2VoSNXKgxPRDK5du4aenp5qD4OIiKgm8HEzfsxqD4CKF4eZz1IpTFxlMGVo2NBkVG08C6WN/jPx5aihabB0IKk05CrdUrwEbtu0DrdtWjf1Al2Hu3cXEsdfgzEwWPmB3cLfshGis2PGy8/ka++2jyMr0wQZBhCBD3vgGqx0A6yG8q7/edYGTuUVdqQFDKP27heoPjF3JCIiIiKqLs5GqiFxCB8n0jUNiTpshW1oQINZZ38amgZ/6yaEvSuqNgSVSsG7fceswaMQIc7FcL3Huei6ARkG1R7GJLppwsrcDBsDp4DQK3/166sjCr7vlf08RMUyuOgjEREREVFV1VnCUr+kAkTMZsibGlCH2SMAwNKjcLXeBGtXw9+6CSphVfS84bIeuHtvh2yafTpuGIQ4G5/Z4UXRrQQSTS2QIoRv5yq6zuJczFQaRiI1/r2fGyn7OQ9lget2CClZwUrVp6F+H6eIiIiIiGoFw8caEcYseATq/wVdvf5xiI52uHfuQbiy/FWQKpGAv30LgtvWFfULc80Oka/RfiVmMo1EpikKIGNUBWmlM5O+D+x8Wc8XKuDVESAM4nMb0NLFqkciIiIiouqr13yl7sRtyjUQVWPWs7qu29J1BOtWw71zN8IVy0rejEQ2ZOBvvg3u3Xsh2lqLvt5Zu3Z/qdRopV+ioRl+bhiIyRsGupWAmUqPfx+Fj+Ud26EcEMQogKWli+s9EhERERFVHxvO1IgwhklYIKMAsh4rIAOpIGMSHpWTSqUQrF+LYM0qmNcHYFzrh55bWGWcsiyIrk6Iro45p1fP5IJnAKix0kelEHoudMOApiegmxbMdAPckUGkWmde37KSzFQDQs8dD0T9fBaJxpYp+4WuDTOVmbJ9vq57wCtDEncnAlhWZaf4E01Uj49PRERERES1huFjDYjjeo8AoKDgCCBjaKUunKsqTyg4cSw1LSfDQLisG+GybkBIGNkstHwBum1Dc73oY3QarTIMqGQCKpmESqcgGzKQTU1QmfQcJ5nbsF9bt7sSAr6dgzc8gOZVG8a3m6kMlJRwhwdiEUDqpgkrlUHgFAAAoevASjdCm9CROijkoJlzPyQUG1AeygJ72xk+UnUZTB+JiIiIiKqO4WMNqHYOFi3Yr2G6l3BKAWfyAiszOixdi/0UNzX6j5r4/ehnpRQCCfj1Pp98LoYeTZWex3TpUlmeMXA6Jyp+3oWQgY/+Qy+ga8fdSE4IHsdYmaj60x0ZRKqlvdLDm8JMR9WPSka3r58fQXJ0XML3EDgFpNu7Zz2GnxtGoqm434uTeeBcPsSmlISuc4UPqo64PyYRERERES0FDB9rQDWbzSQNDSl99srGRsuY+cKY0QC4UsGtdqJL03rnmhSGPIkjw/Geei18F6HroPv2e6EbM9+NWplGwM7Dyw4h0dQKrYolwpquw0xnEBRyAAAR+JCBD91KQAY+jEQS2iwhoZcbgplqmNc5j+aAdS0+ksnU3DsTldhMb5oREREREVFlMXysAaJK6z2amoZ0HZaNpEZ/JgaQ8fShTRn83WkHBwbi2bAkdG0oKZFsbitqfyvTCOG7CPIjMJJpGIlkmUc4y1hSGQjPgQyjcNfPjyDV1gVoGoxZAkI/PwJN02FYiXmd73AWeL0bMHykqqjDhy+imqNiuGwQERHNTzULKKh+cC5czClUr/IxZdbvnYzJdcBi7Vc2pLG3I35rBQZ2DppujE+pLpaRSMFqaI5CSHthDX1KQtMmVS9KISA8F2YqPWOw6BeyEIGPREPzvE83HACHcwpBEM8gmeobw0eiylJKMWwkIqpzvK+nhWLlY8xVq+oRqO8XbvX8s9WLd61NoS8vMOTFo9W7nxuB1dAITV/YMgOariPR2ALhufDzIzCs5KzVhuViptIQngMR+AAALz+MTMeyafcN7DxCx0aypQ0L7Sp1JAvc2e6z8QxVHO/niSpHKQVN08ZflN76wpQvVImIas9YxePYffjY92P396yIpPlg+Bhz1VzvUakF5w2xx+fA8Zc2NLxvXQqfOG5XdRxKSgjfRaKppSTHM5IpGMkU/NwwpAjnXUVZCmY6Mx4+QgGhU4CZnryeY+jaCOw8Eo3NMKyFTxU/mQfO5wU2svEMVZhRrw9gRDEz9qJUSonjV/L49DMX8GLfCLwgHm8eEhHR4iUtHXeva8GHHlyFLcsbGUDSvPGVYMyFVXzeFtRx1+dqhrpUvNuaTdzVWdqKucSFPiQu9MHqv1LU/kpKmKlMSccAAImmVsjQR+AUSn7suRiJ1KSqS7+QG++CDUQNdfx8FlZDU0l+9sNZIPD9RR+HqFgaAK6uQVR+Y8GjUgrHL+fx4c8exo9PDjF4JCKqM14g8eOTQ/jwZw/j+OX8pPt/omKw8jHmqvnUzREKyTqdt+aKufeheNjRZmHfjYWtGah7LpKnjiL52jGkTh2dcrlMpuCvWg9v41Z4t22DnGYatG6W727SyjTByw5BN615N3NZ9LlTGQjPHf8+dAqwRtd1FL6HZFNryaaFH8kBP+sHSKbYeIYqQ+e78ERlN1bxIqWEUgp//fR5ho5ERHXOCyT++unz+LMntgIAdF1nBSQVheFjzMkqv5Mw7EukDA2WrtX8+llCRdWc7HJdW3a2mdjQZOB0rvjE2BgZQuNPf4D04Zdn3U/3XKROHUXq1FHI5Ldg33E/7DvumzaELAfdtGBlGhEUctBb2iv6oK1bCZipDEI3mtYeODaMRAq6lUCisTRTzMcMB8ChEYXXpQOu/UgVYXJeB1FFjK3vKITA/rPZag+HiIgqYP/ZLIQQMAyDlY9UNIaPMRaXWc+uYGBH1fVrmzL4s8OFOZvP6J6Lph9+a87QcabrNj73FDIvPYvcG94KZ/vehQ53XsxUBqHnQLgOzHTpp3fPeu50dO6xRVAD10ayTBWYR3LAnR0MH6kyTL77TlR2E6sehRDwqrlWEBERVYwXSgghxqseua47FYO/JTHGvI8okjY0/NrGNFKzlN+mj7yMzr/6+IKCx4l0z0XLd76M9i98quh1IedDBj7c4RuQIhzfZlhJiMAr+bnmohsmrAmBp/DcSVOxS+lkHjiXDyAlX5xS+bHykai8Jla6KKV4305EtMSMvfk0hhWQNBc+PY+xak+5JoqTlRkDv7YxPWW77rlo/8Kn0PKdL0MvYXCWuNCHjs/9ORqf+0HJjhu6DtyRQeimBd24WXhuJJIQvgclKr8YqZlqgKYb498Hbvka4BzNahBhOPeORItgahpY90hUfhObDTB8JCJaWiaGjwweqRgMH2OMT+OIJltheni48+b3jc/9AJ1/9XEkLvSV7ZyNzz2FjhJUQYaODT8/AiORnLKmYhRGGhBh5TtCa7o+qfpRBgHCMnXgPpwDPJZ0U5mx6pGossbWfSQioqWD9/00X3yKHmNxWfORKA58z4MUAvc3uOjd9wN0/48/QuNzT5W02nEmRv8V9HzxU9hy7LkFXT90bfh2FlamEcnmtmn30RNJyKDy4SMAmOkG6ObNtRgD14aSpa/CHA6Ao1m+rULlxfUeiSqHVS9EREsT7/9pvthwJsZYIER0UxAEOPPyUfzwM19GaLsVf+ckdFwMf+tb2HauD8df/66iO2KHngMASLf3zNrN2ko3wMsOQXgujAp1257ITGXg50cAAEoIhI4Nq6Gp5OcZDkp+SKJxuqax8pGIiIiIKGb4FD3GuOYjUUQKgevnLuG7//NJeHb5Kx1nM3j4KHq/9CkYI0NF7W8m0zBTmVmDRwDQdAOp1k4EbgGha5diqPNiptIwJnS6DpwClCj9+oytCT7sUPnM0pOKiIiIiIiqhK8CY4q5I9FNSins+6enqj2Mcf6VK+j+uz8vOoAslgwDpFo6IDwXgZ0v6bGLYaYbJn0v/NJ34G5JGnPvRLRADB+JiIiIiOKH4WNMVb7nLVF8CSFw+WT5msoshHJd9H7zyZKtOekXsgjsPJQUSDS1Qvju+JTtSjESyUlrP5YjfOxI8mGHysfUmT4SEREREcUNXwXGFKdcE93Uf+5y1adbT8e7cgXbjj2LxeQdMgxg37gKTdOQaGyGphtRB+pME4JCHkpU9q0IM5ke/1oEfkkbz6xt1NGZ4sMOlYehaTCZPRIRERERxQ5fBcYUm80Q3eTmKz8FuVi5557Dry4PsKVl/v27QtdG4BSQau2AlWmCpt+ckmwkkjCTqYpPvzaSKWDC+pQlq34UIR7o5EMOlQ+nXBMRERERxRNfCcaUZPhIBCBa7/Fa38VqD2NGnu3CO3IEv7E5g8dXF9mlWil42UFohoFkU+ukqc4TmakMhO9CBn4JRzw7TdcnT70uwbRy7+I5XPn0f0fu8IFFH4toJuxyTUREREQUT3yqHlOsfCSKBL6P3MBwtYcxq4vHTgMAHlqWwEe3Nsy6rwx8iMBHsrkdhpWcdV/NMGAkUgj9yk45nxg+ygVOu/avXUZu/7Pof/KvcfkT/wneudM4dOB4qYZINImGaNo1ERFRXNy5rhVv2NqJTILN9oiI5j9PkCpCB6DzhRQtcVJKCN+LXbOZW+UHhmCO/r1uaTbxkc0N+IsThWn31a3EvI5tpjNwhweQyDRNmg5dTrox4aGhyPVn/SsX4Z3vg3uhD96FPgTXr908nm7ANBO4cPYSNCFgmHzoodLjtGsiIirW7z+2EW/f04Njl/P46GcPwfZLu8b2o7u68e/fugHphIGvvXQVf/rNUyU9PhFRreErwBhSAKBFlRwaorxh8tfaNNuI6k8+72Dg1FncOH+l2kOZ1cCFK2i0bv4V3tVp4uyIhu9eXXwJ81gVoggDGPMMLhdKM26+Q2+mMtPu41+5CPfsKXgXzkZh48D1KfvougHDsKDrUZH92TMX0WBpMNkVhIiIiKpMA9DVlMC2lU3Y31faWTa2L1DwBJQChu2gpMcmIqpFDB/jSAHhrIs+znzZpGCSASbVMMdxIITA95/8ZrWHMif3lk7cQghsmD6zqwnCdca/Hut+7V+5CPfMyaiy8XwfwuHBSdfRNA2apkPXdWiaMR443iqbzaO9vbV8gyciIiIqkW0rGrG2M4OzN2wcvTy1CeC2FY3obU/jlfNZ9GdvNun70fEB/Oj4QCWHSkQUawwfY2gxtVIK6uYsyVkPxACT4svzPARBgP3few79Ma96HOMWHKQaoqBO13V8/UrtLtwaeg6C/isILp1Hvr8f7oU+iOzUigBdN6AbBgzdQLF//dlsgeEjERERxdqO3ib82zevx/aVTdAQvXI6cimH//LdMzh8MYd1XRl87K0bsGdNCzQAfijRn/PR1ZTA5569iNdv7cBt3Q2wfYG/f+4SPvX0+fGp3q9eyKK9wUJve/S88cXTw/jYPx4r+dRvIqI4YfgYQ9WOLBhgUjVJKeG6Lg79+GU8VQNVj2PGgkcAGPCBC84sO8dY/thBXPn8pyALeZhmAroeTcG+WdV48/NCZLNTqwaIiIiI4uTDD6/B9pVNGLEDvHI+i92rm7FjZRN+8w1r8FufO4z339+L3atb4PgCr5zP4rbuDHrbUnADibwbou+6g5VtKWQSBvasaR4/rgbg9lXNEFLBDyWSpo6dq5rw6O3d+NK+2njDnYhoIdjtOoaqHT6WgoKCVApCKYRSIZAKvlTwhIIrFByhYIcKhVAiH0jkAolsIDHiSwz70eesr5ANFHKBQj5UKITRdZzRY3giOmYggVBFHcKlqo/bbykLwxD9F67iB/9QO8GjvKUpSyGs3d/Cwae+CVnIQ9N0WFYSppVEIpFGIpGCaSZgGOaCg0cAECHf1SciIqL4emBTOzYta4CUCt862I9//4Vj+NbBfgipcFt3A955xzLsWtUMXQMOnBvB7z15BN94pR+BiF7/jNgh/q8vHcfVYW/a41/Levg3/3AUf/DVk8g6ISxDR0djZdb1JiKqFlY+xlCRzWXrmkIUYGIRFZhRJaU2XlU5bROf8W2swIwLpRS+8l//bso6inGWTCcnfb+20Zhhz4XRdB2QsqTHnI5/9RKCi+dhWSmYpgXTLP0TYcMo7W1DREREVEpNKRNJS4dUgBtEz78GCwFCqZC0dCxvTSFlRW/EDuTn30zG9gSePz2EO9e1wgsl0gk+NyKi+sfwMZaYPpaCQhRkTdow695TMcCsvPPHzmDkxlC1hzEvPWtWTNm2pkHHuUJpAkPNMCClQLmfmuZffn58mvXYZyIiIiK6ydD5DJ+IaL4YPsYQo8f4KEeAOTGUZIA5Da32fuJl63qnbHukR8d//sRXYHV0werogtnZDbN5/o1WZOADSkE3yn93XTh6EMDY+o7lCR8bm2q4DTgRERHVvZwbwgui9RjHKhzbGyyYugYvkBhxAoQieoO5o9ECADCPJCKaHcPHGOK06/pSzgBz7GugfgJMVYN/ABt2bJyyzT95BCPPfG/SNquzG1bXMlhdPbA6uucMJYNCDkpKpFo7yzLuiQqHDyAcvAGgfFOjW1qasH79qrIcm4iIiGi+Ohot/NkTW8e/D4TCP/z0Es4NONi9uhlv3tmF7uYk9q5phqFrOHPdxmd/chG7VzdjeWsKd61rxT/+1h3obk7AMjQEC1zamuElEdU7ho8xVHvRC5VbJQLMSUFmFQPMletXQSoFvQoVkFJKCCmgABi6DqOI6j8hBTbv2T5l+4njfTDNBJSSUEpBKYngRj+CG/3Ascn7Go1NsDp7bgaTXcuAMIBz7TKSK3qR2LKrRD/hzOwjr4x/Xa6qx917ts69ExEREVGZXR3x4I12m85MWHNxxAkxkPfxlz88h3/36Aas68rgke2dUADOXLfxlz88BwD44otX0NuexuqONNZ0ppF3Q0gFhELBC4tbdsf2QnihhGloWN2RLsePSUQUGwwfY4jhI5VD1QPMCZfNpqG5EYl0AqE7/wW8F0oqBT/wEcoQnW0tSCVM9A+NIPBDJK0EtFkG3rWiC6mGqU8Yz5+7DGPaqdJqNIxUkFJCKQlZyMPN5+CePTVpzyDw0P7I29FY5vBR5LLjU6513VhUN+vZbN22vizHJSIiIpqPTz19Hp96+vys+zzxiZdx57pWdDcl0J/zsb9vePyy504N4bk/fwn3b2yHF0rcsbYF77+/F14oMeKEAID3fuLlScf7j19/Df/x66+Nf3/0ch4f+dtDWN6SxMEL2RL+dERE8cPwMY6YPlJMVSrA7F69ApdPnitqTFJKKKiiqhRnur7tu7h3zxa84Z5daEynYZomXN/Dt5/ehxcOnkQmOfO70ctX9ky7/eqV6zNcQ4t+fm1qheFYhaRSMrr1NMC/WNztsBiFQy9DBT6A8jaa2bKF4SMRERHVjomB40SP7enByrYU9vWNQCmFu9e3wjI0DOT9Ga8znf6sh/6sV6rhEhHFFsPHGGL2SPWsmABz5ZbbZg0fAxEiFCGEvLmwjqbpSJoJmPNYrzAQIaBJ/KtfeBO2b1gzKcBMWhbe/aYH0N7ahO/9+BUkrcS0x2jvap+yLQxDDA/nix7HzZ9Bg6YZwGhfa13TEVwof/hoHxtrNKOVLXxcsaIbW7YyfCQiIqLa98j2LtyzoRUffODmWtY5N8TXXr5axVEREcUXw8cYYvhIS13PLE1J/DBAMmli76b12NC7DKtXdKEhncahU2fxrR/ug+N4c06VBqLgsakxhV94889g67rV0+5jmSbe+Lo9uHxtEMdOXZo22AxvOY8QArZtw3HcIn7S2QkRovHOBxZ9nNl4F8/COX0CwNiU6/Kstblj56ayHJeIiIio0j75g7M4erkDG3sa0Npg4bWrBXzv8HW8dHak2kMjIoolho8xVIPNfolKKtPUMONl63q78avveCPSqdSkpjSv27kVO29bi289/SKeO3AcKSs5bViolIIfBmhpzuDD730zetqnVi5OZOgG3vvoQ/h/P/MVFPIedH3yeoiBpiMXqNGGPAqObeMf//6bkHJxf8hChDA7u9Hx9vcs6jhzKbz60vjXul6+h4RdtzN8JCIiovpw9HIeRy/Pf5YLEdFSVZ6uArQozB5pyZvlj+ANr7sdDen0lG7YuqahKZPBux75GXzo3Y/ASuhwfBeBCCGVgpACfhjA9l2sWtGJj/7i2+YMHsdkkkm8++fuh24CQRg1wpFKwQ08rNqzFa7vIVQKrh/gRz98Ed/42g8W/KOPkVKgYefeRR9n1nM4NvKj4aOuG1OC1VJi5SMREREREdHSxMrHGGL4SEudEGLGy7J5Z9brWqaJ2zdtwNqVy/CdZ/bh0MlzyBVsWJaJno4W3H37Ztx7+zYkLWteY9q6bjV+91fejs997SlcvDYAANixcTW2pFMYcV0YugEhBL745DfmddyZSCWRWrexJMeaSf7V/RDZaFF0fR5rZc7Xtu0bsGxZZ9mOT0RERERERPHF8DGGOO2alrrlG9bMeNlPDxzHPbs2z3mMloYG/MLPPYC3P3wPHN9H0rJgmSYSljWlarJYyzo68Nu//BhOn7+CdCqJVcu6kBwcgteQhqPr+N43n0Z2AY1mpqOhPGsvTlQ4uD86l6bDKOOU651F/H8RERERERFRfWL4GEOKtY+0xGWaGxEKMe2ajf0DI7gxnEVna/OcxzF0Aw3pNBrS6dKNLZnCzo3rJm1rv3wV/akUfvLD50tyDqUUlJIw2zpKcrzpOK8dg3v2FIDyVj0CwKbtm+CIaF1MDYCmjX5G9MWt24mIiIiIiKh+MHyMIQ2cek1LWxD4aF3Rify1oSmXSaXgeF4VRjWZUmq8M7QuJDouXEL/6HTsxZIyRGrdxrKGj4VX949/bejlCx+bmhuxcdtt8MR092pTt0UhpDZtIKlNE1QywCQiIiIiIoo3NpwholiRQsB1HKx98H4IOXXtxyAM0NnWUoWRTabdMnXbcj387pvvL8mxhRRouqs0x5pOMHgd+dHwUTdMaFr5Hgq27tiIRDJR9P4KUcAslEKoFAKp4I9+eELBFQqOULBDhUKokA8l8oFELpDIBhIjfvSRDRRygUI+iPazRz+c0WN4IjpmIBUCCYQKEAqQim/+EBERERERlRIrH2OJtY+0NAkh4NgFXHWBn6zYDaPlx2gYGRrvwhyEAfZuX4d0ovgwqxykUtOuG/nI7Zvw6rkrGEhm8KHf/gC+9oVv4l++9dS8jh2KAK2vfwsad99dquFOUTj4ElQQde0uZ9UjAGzdWfn1HhWiytRJG+a8xmTTVWACt1ZdTqy01GbYTkREREREtLQxfIwhTWPTGVp6lFJw7AKGfOAzFzS4VhrGY++D9vefQCIMIKVE2NGBNzxQvlCu2HHO1rDmAx96L0Za2wEAP//et+FG/w0c2Hew6ONLIcre5XpsyrWm69DLHT7uKO/PUi6VDjCj7QwwiYiIiIio/jB8JCohDYCpazDqIDEQCghkZVJwpRTsQgFOqPC/LmlwR2dbi+Wr4PzyRyG+9xWo7l44b34Hvggbv6MuVS2UUVAzdqIebO8aDx7H/Kvf+VX81z/9n3jt2Kk5jy1EiNTGrUit31SSsU6n8Op++NcuA0BZO1wDQO/qFVi7flVZzxFn5Qgwp1vfctYAc8JlRERERERE1cDwMYb4OrE2mZqGjKlBr6P/wEAChbC8AaRSCrZdgB1IfOaChqvu5MvF8lVwPvCvAUR/G6+gEX+LZfigulrWcU0nCENY5sx3m94MXbV/7//4LXzuL5/EC8/un/ZyYDSkymTQ8fb3LHqcs8m/+hKAKNAqe9XjztqseoyTuASYY9chIppobP1jTdOQMDX4ZX7OQERE1ZcwtUn3/0TFYPhIVAIagAZrpnq42mXpGhpNDflQlu0cvudBCoGvXp0aPM7kx1oLOhHg7ao03aWL4fo+UrOsNRmaFtxUZsbL3//hX4JtOzh04Mj01w99tNz1BlgdXYse60y8i+dgH42mgBuGVfYnC9t2VH69R5qqkgHmze3ajJcRUX3RtOhF6J7eDF44W6j2cIiIqMz29GbG7/uJisXwkagELL3+gscxpg7omgZZhoVIlVIIwwD/64LC8cL8bsGvap1IQOHn1GDJx3Urx/OQnKPJzUhrO6Q+e9fo+x++d8bwsRKy2QgOWQAAIABJREFULzwDADAME4ZR3rv/js427LlrZ1nPQZVT6gATmL5xz+TLtNGlLBY1dCIqE03ToJQaraTX8b47O3Dggg1fsPqRiKheJQwN77uzA7quT6p+VGxaQXPgU/oYqtcQq57V01Tr6ZTjjkIKAbtQwD+eLqAwmMUe9zp6wvlVTHxB68KfaauQLeP7KLbrIplIzNpkxkumpqz1OJ2de7bjztftmbJdKQmlFKzu5Ysa62yc0yeQf+mn0DQNhmGV7Txj7r5/L1LpZNnPQ7VDIeoUL0Y/QqkQSAVfKnhCwRUKzuiHHUafGTwSxdPEapex8HHriib8yduX447eJBL1sPg1ERGNSxga7uhN4k/evhxbVzRNCh8BTr+mubHyMY40FFFVQnFSob4sVVPqSddSCNh2AQhDPGz3Y5tmR7/3EhgqCHxfa8Oz6WXwtLnvoo5qGfyf2jp8UF3FHSpXsjH6QQDH89DU0DBr8BhYCVzvWQFV5APuBz/6fnQv78a3v/rP49vC0EfHY+9Fw869ix73TLI//REAwDDLP90aAO6+r3w/Cy0N6fIuSUpEizRW9Ri9qWXAsixs723B73cmEQQBwjCEEILVMET0/7N35/Fx1ve96D+/Z5td+2LJm2TZlvHGEpvNkGBSCgkJJC/CaTlJTm+atkm6HHKaU3L7um3uyXLuuWlOF3JvSNM2NyctaZLSFgIkQAgYs5hgHNt4wRbGljftki1p9plnuX+MZjySZkazb/q8Xy+hmWee5SfLHvF89P39vlTD4u/xiqJAVVXY7XaoqgpZlhM/A+I/D4gyYfhYhfjPtvbEukLX53fOsFDUKdemYcDv90MYOppPn0e7MX+hx2ZVxv2YxW7fJB5VV2PA3rrkOQOQ8C3RjR4RwvusadxoeWHLMzI1TBPeQACqLKPR7c68r6xgtHs1IlpuFX53f/QuGLqB5576BQxTh9LWCc8Nt+Y13mz4jx9C4O23YtOtS9zhGgA2bdmAq7ay2QzlTxYCar2XlBPVgeTwUZlryCZJEqLRKEzThGnGfhYzgCQiqj3xQFGSJEiSBFVVoaoqFEVZFD4SLYXhI1ERWABChgV7nU0zMi0gUMTOlbGKxwCUYBANF0eghNJ3mGmzafi98Dn8HZBVAAkAZ2HHWbECe51deLA9BNfUJGR/AMJMH0RakoSox42g3QZ9bAxaKISGJaodAcCUJFxc0wtdyW8K8z33341QKIwXnn0R9r7SNmaZfX1v2aZbA8ANu1j1SIVx1Nl7KVE9WljtoqoqJEmCLMvQNA2GYQBg8EhEVMvi7/GyLCfe41n1SPlg+FiF+E+3NoUMCxETUMVcAxqxsHlCbbCAubXYgPN+A6ucMpSkHyiGBVh5rAtgzK3xqASDaD5zHmLupiQTp82O3/QP4v+2NWY1BRsAtjYreGCdA5bsgW9FrHO0HAhCCochRSIQugFTU2HabTBtNoQFEAwEAQgYDa3oungOUjCY8RqWEDjXu3HJBjOZhEMhbPvAHRjt7IG37+q8z7MU74F9CJ15B4qqleV/DOwOG65n+EgFUCTBtR6JasTCG8/4zallWYkPIiKqbfGgceFH/DWibDB8JCoi07IQtoDwgkUg3YpUMzfTArHwVJWATY2p3yL8enyqeXYsy0I4FMwpeIzrcDpwm/ccnmvoW3LfnW0qHljnWLTdcDpgOBdvNw0DIb8PpinBMGPfoKmOFVh5bjDtNaKqhvM967Mef2oWgsEATgW0kgaPlqFj9vU9ZZtuDQA33boTrW3NZbkW1SdWPRLVlngAGQ8dgcXVjgwhiYhqz8JgcWF3awaPlAuGj0QlVkvBY7ZcikDIiFV7ZiMUDMKMRNB8YSSn4BEAJCFwg34Zzy2x30fW2PHeFVpO57YsC4ZxJXgEgJDmwExTCxqnLy3af6apBZPtK3K6RirhUBjjIQPnjdzGm6vZ119CdHQEqlq+rtPve/9NZbsW1R9NEmD2SFR7ktf8Sq6ISd5GRES1Kfk9PF7Vzvd1ylWdRSL1gf+O64dWx9MH7bLIaip5JBKBEQ6h+cz5jGs8ZtKoSlgbmUn7+gPrHDkHjwBgWZgXPMZdbm2HKc9vtTu+YmVRgkcACEfCOG/YMGOWrp2v4fNi5pUXICtK2f7nYMeN12ATG81QAept3Vyi5SQ5dCQiovrE93rKFysfiUpIrdPgMU4SAkaGqVSmaSIcDMIzPAYlmF/wCACKJKNd9+Oc1jhvu10W+IOrnFjpzC/Ei0SjKbcbkgy/yw3P7AyiqobJji4EnK68rrFQNBpFMBzGeb2hKOdLZ/b1l4CAH7JS2urKZO/7tZvLdi2qPzZZgA2uieoLb1CJiIgIYPhYlfi/afUjh2UR61IkHIbN64XjcvqqxWwoioIheX5Y12yT8NsbHHkHjwBg6AbS/YvzNzRC1nVMtXUiYrPnfY2FwuEQTkc0jBil6zwdnRzDzMvPQy1Td2sA2LRlA3bedE3Zrkf1RUCw6pGIiIiIqE4xfCQqId0CyrfaXnmZVqzBTjqGriMaDKL9wkjB15qWNIwo7sTzbqeMP7jKWVBjCtM0YRgW0oWPIbsDoRUrYcjFe5s0TQORcBjndGfRzpnK7OsvQZHkslacvO/XuNYj5c8m8xdvRERERET1qs4nhdYmTjurH1HTQqQOyx8tAEHDQqavLBqNomFkLOcGM6l812iBay5o3NqsFBw8ArGqTCtD3GEIuajBIwCEQmFcDAuc10s3FTp84Sz8+1+DJJVuPcmFVFXFe24oXdduqm+yYNUjEREREVE9Y+VjFZKEADLGOlRLTnsNNKoC7Xa55teAtCwgYlqImMi41iMAmP4A7AVOtwaAk4aCY/4o1rcIbHYqeGCdo+BzWpaFSESHmaLZTClFwiEM6jboJazxmt23B3IZp1sDwFXbNqCh0VPWa1L90Gr8fZGIiIiIiDJj+FiFylevRMXiUiTIInXValON3VnrJhBKqmq0EAsdgcyVjskMXYdjcqoo42m/bjM+7TUwEYrig+vcSx+QhUgkAsMsyqmyFg6HcCms47xRnK8hleCptxF++0hZqx4BsOqR8qYIARurHomIiIiI6hrDxyokRGztK9Y+1oZaCxeXokiAWxKYjuSfzpmmCcest+Cx6N0r4PQ4sbOIRXWWZSEcCsM0yxvQhUNhDOo2zJbwut5XXyx78AgAm7dtLPs1qT7Y+Ns2IiIiIqK6V1+pSR2RytgogvLnUur3++RS8n97EP4A5Ei0oOtbsgx9zaqCzpFKNBKBaZb3+6brUYTnplyXiv/IrxA9N1iy82fSvWpFRa5LtU2VBFQuckxEREREVPdY+VilJAEYLH2sekodh8SFzISUitBkRl+7CpaS+1uUaZqwTBO6oQMALNOEaZoABHQ9ts20yl31GMKZqIYxo3RrMfpefaGs3a3j2jtbIcssX6PcCIBNZoiIiIiIlgmGj1VKFkBhdWNUFnV871zIl6b6/AVd23Q5oXd3ZdzH0HVYsGAYJkzDgGnGPs8buIV5z2XDBHQT0SJ3sc7ENE2EwmEM6s6SXcO3/1UYE+MlO38mHZ1tFbku1Ta7LAr6BQcREREREdUOho9VijPRaoNhAfU687qg2kVPYU1VZjrbEZ2ZSWSH2XyWDRNaOAzZMKCGw5AME2ooDAFADYcgzXWYubi6t6xdncLhEEYjwFldK8n5rUgY3pd/UZJzZ6OxuaFi16bapEpsMkNEREREtJwwfKxSElvO1ISgbsGj1udNdEjP/++fZc9ubUMhxKKgPex0QpIEbMFgxmMlw4AaCsMeCMLmD2R1PZ+7AWG7I6t9iyUcCuFcWIFRojJZ7769sPy+kpw7G41NDB8pe5xuTURERES0/DB8rFJ1vJRgXTEsC74o4FQWh2i1yrCAgG7BsPIPH02XC6ZNgxSOzNsuRKyZUvwjFSUUguvshbyvnYm3oSmn/YOBAAzDgKzIUFUVipL7mo0tDiceGBrADl3FKcmBAa0ZI2px2ncbs9Pwvfx8Uc6Vr+aWxopen2oLp1sTERERES0/DB+rlCTA2scaoVsWvFELkhA1vwSkBcC0rIL/3lmWhXBLMxwjYwAAWQhIUvrAsRxMSUbQmdu6iw6nE4GAH97ZGQCAJMmwOxxwOl2QpKW7gct6FF1n3wVkCdfJBq6FD+HwJZwM2nBMbsCArRmTSv5rQXpf3QMUEBIXQ2NTcYJUqn+cbk1EREREtDwxfKxSArEKsUKqz6h8LIDfqyShUBBWgwfu0XHIklQVlbwhhxOWWDowXCgWNMqYnZmGaRoI+H0Ih0JobWvPeJxkGmi9eG5eOCgA2DUN18DCdmsaocAYDlkO7Ld14B17a07jEpcmEHjztZy/nmJrbm2u9BCoBnC6NRERERHR8pX7nTiVTb1M46XlR0R1tI6OQZGrI3gEgKAj/wpDu92O1rZ22Gx2ALG1KpfScvE8tAzrVkpCwGm3Y5fDwmci5/CJmRPYGJrKekz/myuIvhW5BZalsKKro9JDoBrA6dZERERERMsXw8cqxvCRalXz+GTWTWDKJeAsrAO3LMtobGpGe8cKtLS2Zdy3ZegC7Dk0gXHa7bjZbuJ3w4O4e/Y0PEYk4/4brQBuVYP4+ic/VNEAUlFkdKzI/GdBxOnWRERERETLG8PHKsZvDtWqbCoDy0lXVERs2XXgXspSX1vj+Aics9N5ndftcOIuNYDPeE9gS3Ai7b4fQaxC0m3XKhpAdq3srMh1qbYweCQiIiIiWt6Yb1WxKstviLIWXLsGekP1NCKJaMUJHpfivjwFz9RkQedQZBl9ThUfD5zBewIji17fYXmxybpSVeq2a/jS/XfAbdcKum4+uletKPs1qbbYZQGFP8uIiIiIiJY1NpypYrHOwGxiQrXHUmT4Nm+CNjEJ29AI5FAou+NkGaFVK2G4Mq/PKIXDcx8RyP4A5EDmKd6mLGc99nzZfV40jQ4X7XzNHg/u856HbNewX7pS2XivtXhdyM4mD770H34dD/3j00W7fja6VzN8pPQUSbDJDBERERERMXysZixLpVoXaW9DpL0NztffhGxZECIeql9hyTL0Bg+iLc2INjfDUrIJCudXVcr+ALSJSaiXL0MKL14v0ZBKGz7K0ShaRi4W/bwetxvXNZgYnZjCeUcrbremsRLhlPtuX9uF7Wu7cOTc4mrJUlm1urts16Law+CRiIiIiIgAho9VTRJAoxaLIK25Ash4HaQ19x8L1pVtafdJvW3evpbFGksqmWhrM6zx+dORo+vWQu/uKsr5DZcTQdcaBHvWQOjGokpIX1gvynXSaR65CEkv/jVCre1o8nnxYT2Eb6EV91qZp3TfcfXGsoaPrHykdDjdmoiIiIiI4hg+Vrn4vVvK9R9F8h7FudLSgWXqsDNtAJp2H4ady4nR2QElKXw0WpuLFjwuZCnyovUmjRk/UKL8sWFiLKfO1rmQBbDRjCKsmbjXmoQHRsb9b+rvAbC3JGNJhWs+Uioqp1sTEREREVESho80TzzPXHTbKBY9KMaVYqEkqzrrntnYALOxAdLMLEyXE9ENfWW9vpBKs36qLeBHw+R40c8LAJaioGnmcuw6qppyrceF3HatbFOve9aths1W/iY3VN0kIeBg8EhEREREREkYPlJFCZS5qhMpqjHTVHUuDjHTP2dV59IiV22ENDMLo7Wl/Bcv0TekZehCaU4MQLPMvFreb+/pLkv4uOXqTSW/BtUehywgMXskIiIiIqIkDB9p2Ug7hZ1VnWVhKUplgscSaZgYg6xHS3JuIcSixjzVZsv2/koPgaqMQxZQ2SmNiIiIiIgWYPhIVCK1XtWZep/aCTvnEcWddq2GgiWbbg0AcpUHjwCwvn9dpYdAVUSTBGycbk1ERERERCkwfCSqA5Wo6kxfnVl9VZ2yJAEwi3Q2oHFirGjnSkUuYN7q2LS3iCNJbcOmXjQ0ukt+HaoNihBwsLU1ERERERGlwfCRiHKWuTFR6as648+zreqMygLBIoxIMg20jI3C7itdwFdI8OgPR/D6wNkijia1TVs2lPwaVBsEAIciivavnoiI8mAG4J01YGvwQOPyF0REVIUYPhJRVStGVaehCMwWMAbJNNAyNQHP7Az0SKSkU89lkd9dgz8cwUP/+DR8oUiRR7TYBk65pjlORYCzrYkobvjlw/jJ0MKtDtz7QD+6KzGglKZx9KmzeNUXfy6w8qpu3HNNeyUHVZjRQXzp7y9j40dvwee2TuPsgSG8dtSPZy8B2ze14rfv7kMrQ0kiIqogho9EVPdEAWsoSqaB7ovnYAuHYJilXfNSEiLnBtdnxqbw+BvH8Pxb75RmUCms7+8t27WoetllAZWtrYkoydQ5H753Fui3X0m6uld4YCvrKKax59vH8EX3Suz/ZKqfV1EMnvHhe7odn+pWAD2Mx54awKNHfXj0k73QyjrW4oroAM5fxF88H0DvOg03axHsOTiCN30SHn2gtr82IiKqbQwfa4BpXVmtLm3/klTbUrzA20Si7CUHjwBgmMVbNzKVbKdcHz03gn0DZ7Fv4FxZ1nhMdtv7b0JnR0tddGCn/KmSgJ0lj0SUSkMz/ubBLWit2ACi8GYzCaCjFZ97IBZOfuKF/Xj/qxPYM96LOztKO7qS69mKR/6P+BMdO7//S/z++VkMA+ip4LCIiGh5Y/hYAyQBBHQLulmaW/rFt4+pq6/S3WaKFE9yCkkXvJjtsSnXHFy0r8hpjBmvL5bej+pLx9hwIng0SxyqSUJASlP2eGZsCkfOjeDI2REcOTdclqnV6dx11y64MjYXufJaIY2J6r4Dew2ThYCTDWaIKEeRd47hq49N4zkdgCThnlv68Ge7OwFM4blvD+DVjWvxiekL+P1jOu65+0Y8uGkMj31/EN+YBCAp+Ph6DQeGNXz1C1vRY07htR+cwpfO6PAC8DR58Minr0a/ewJPPjyAr00DmB7C9V8ewsc/fAsevC7z2DzNGgAfTl4Edpw5jL95PYB9s2bs3G3N+O6nt6DHDuDiAL72wwk8GYgd19Pdjm//bj9aU27vxpG/fwsPN63FE/evBsxBPPzfh/CDhmY88+AWtM5VaH67Yy3+5b4uTO07hode8OGoGft6H/zoFnx8qwcYP4E//64Xt9zXiclnLuDhaSce+fPrsGP4yjVb3RJsSBEumlMYngbQYK9gGExERMTwsWYoAtBLdO7FN+5W4sa/CCersPIOKGWQm/qFpYPTEgW5KbfnEOQu2p7jOBPbqzzMtYVDcCU1ljFKFP4DseBRlWNT1CI2O8I2O06PTOL7P/oJ3jo7DE2zl+zaubjhxqtxzTWbst6/ZhoTLXiesqpzQWC6nLHBDBFlFAnjwP7Tc2GXgu7ta9GtXcAPHp/GwJouvPDxtcCBI/jkM4N4rLcT9/e0or8b+PNXBzHQ3YSvfMCD3q3AwE/O4Rs+Nx55cDO2+wbx8D9NYKC7ET0AvHsH8cWzEh76retxT/cUHvv2aXz6sdN48VNrcden1iL83XP4RlMnXvhoO2zOpYfsvRwBoGHTKsAz6cDOXe34/EYXtMmL+NIPLuPhV6bw13fI2PPUBJ5sascLX+iHJzCGgYtKLERMud2D3g4Jw2diVYfdZ/04YJfQPx3EyRCwS5vCkXFg184uYPI0/uYFHxqu68P+u1sx/NRBfOTxU+hffx12dDRguzKFP//hEO65rhOPrG3AdlzA934wgSMdnXjio+3AkXfx+3tC87+o0dP43o9H8O1ZDX/2qT54iv19JiIiygHDxxohC4EqTPZogZRBbuoX8jlZhVU+yAVSNJ5Jue/8bUEj97G7FnS0NvNO5DMLexrga21DVNGgq2pi+8v7DuPw4MWC1qsstg/e/d5KDyGtYjQmyv4qS1V1xh6krOBMtS3pebVXdToVARY9ElFGoQAe3RsPwjT8ds9adI9O4bshBQ/t7oNHAnB9O+594RyefGsI9/eshEeTANjx0Ke3YocEAIP49jsmdlzXhR1NGtDUgn7nBCBJAKaw71gIkTVduKdHA9CFu7YP4RsvX8aboT7sarDDJgFQFHiamtKPc3wK3/7hDKBHsO9sBD3rVmJ3B6B19OMeMwDvbARoa8TNDdPYp5sA5Nhxl7zYc3IKd23qRP8mAJhOsx3o6XVCOxzEwDTgORfCQEcD/uTSLIaHASCIA7Djt9crmHpzBs+ZTjzygS4AQPetzbjz4AT2HAxgx80abBqAjk782Yf7Yic+chjfDUl48H0b0N0EYL0DvcnhY+Q0vvGdERzpbsY//VY/+pt4y0dERJXFn0Q1QpFi1VGlCkCIqk2qIBdAXlW5+VQtzjY0oXF6CpJp5l8JvITpFd3wNaeeCDV8caQ0F83T5m0bseU92+HTY38YOS9bkOLFrKt601xsySUWkjYUuzI3c1VnprPnYn7YmT7ITD2FPe22PNfqtMkCGhvMENFSUq35eBGIAECiD40drU5gYDZ5GREpFhrOiZiATUrVotlE2MRcEBnjaVQAhDB1Cci5rbZiw/0f7k10u44cewuff9yLAUVCtwJMhoBYltiE3fd14XM/HsFfPHYCX0tMjU633QNsdOFejOHkeaBtNIRd3WvRi2n85Nw0btcDGGhwob8JgG7O//qbNLQBODvjT/rjSfqz0IEIJNjSTYzQJGhQcP/dW2LnJyIiqjCGjzVCAJBFrPkMEZWerqq4sKYPLr8XWjAA2/Tlop5/Yu06hJ2utK8PXxgGEAuFqoHDaYeePF+56pRvYOVaJzfd9lzWyk0ZpKa6l8eVqdTxeNmyYofG/2SVlMcREWVBQazTcqJvWwThCNDfkLn/cjhlo7e5kC7ptUhIB6CgtSWHMSU1nLliCnv2eDG8fjVeeGAtgNgaknsSx/ThU3/Uh09duoAnf3wBX0tMjU6z3d6E/qYxPHvhNFaOSth+dTt6MYg9o5dxbySC7lVd6AYwpUi4EqoCCOmIAOhudAHwI3dtuP9eBbYVeRxKRERUAryVqCGc6kZUXrqqYqapBT53Q9HOGWhsxlD/lozBo2maGLo4nHheDQGk0+mo9BCqhrXow4JpLf4w0nzoyR9m7COa5iOS4iMc/zCufITSfARTfAT01B/+uY/YcxNBw0TAMBExLShS7BdgRER52ejBvZKOn7wxFHt+bBKPBSTc3teZ5oBmbO8GDpwcxdHpALxvj2HPbPy1VmzrUYDzl/HatA6YU9jzVghoc2F7ciWgniq4zFJERwQ6vCdj152MRAAEcPbIhVgn7ZYu7FqvAKYJbyjddgBoR3+3hAPDl3FkVsPGdUDrShvaRqfw7Diwuy82zbp1gxPbEMCefdMAdEy9NoOfQMP2jWkWrFznwJ3QsedXI4AZwNlDfrwJAObcCvE+HwZHZjE8WaoV44mIiHLDyscaokgCyGPtOqLlrtB1E01ZLso4LnWvQqCxecn9RodHYRoF3DSVgMPF8HE5ine2ZvBIRAWx9+HBj/rw+ccHcf2xQQDAjq2r8fGt6W5FmrD7A63Y/b0pfPrhg9CcGnYmBYvdd/fi66On8cWHf4kIAM1px9cf2DDXVKUZ/askaMdGcP2Xx/DgAzfj4xuzHWgrdu9y47tPjeCWL4/A0+TBQ9s1fPXsNIYh4cjec/iLx88lppDfefMG7G6awZP/lGp77Iz9W1zoecyLJxua8dt2AOvc2OUbwWOmHV9fN/f192zCV997GF/ccwzXv4BYN/D39uHOtnR/PH343M0z+OS+07j+INDf3YTPdUfw7IUxYMdK4J0x/Jf9PuxSZvDXd7DPNRERVZ6wqqGkhrLmjcYqZ4goe5FIFF5vZOkd05AMA93vvJ338f6mZsx0rIApZ/f7noP7D+GRv/zbxHNNs0OknitbNh/9zQ/iNz75kYqOgcpLEgIuBo9EVWFsbAydnemqBGtIvJGL3Q2PPZufiRFEfIDmnsGTDw/g/+teiyfuX33lZd80vLoCT5O7uOMMeeGNyPA0zFUemjogKVdeCxmwOZugaQuOSbU9FxEfvAE9+3P4puGFEx63BkAHTGVuXpuOyGwIWkOR/1yIiGpE3fzcrCOsfKwxigQYRqVHQVRbilH5GPQ0wuGdyem4sNMFb2s7Qm5PTsfF13uMsywrbdOVcuG06+VFAAweiaj4JCc8TWmmEi8QOT+EyaZmdDdoiJwZw55pYNcNC6r43E3I7SdsluweeJKncEtK+teW2p4LzQ1PLsHlvK9fSVpQS2HwSEREVYXhY41RBBCu9CCIaoyiFD5t2tvWnnX4GHK54W9pRTDPtSKT13usFk5Ou15WXKrE4JGIKiiEgTcv4KG3BzE114Rl19bVePDG7IJLIiIiqi4MH2uMIgQErOptOEtUhQqtfASAiN2BqZVr0DxyEVLK7puAt6UNgcYmRO2FBXXDF0bmPa+G1TGcLt7wLRduVWKDMyKqMDu23Xcjnrmv0uMgIiKiYmD4WGOEiDWeiZqVDyOIaokQQKEZXrChEWGXG87ZaaihEIRlIappCLvciDiKE85ZloXhRZWPlf/37vak785N9cOtMHgkIiIiIqLiYvhYg1QJiFZXI1yiqidJAkYRusWbsgxfc+k6R44OjS6qdKyCwkeu+bgMuBUJSmX7GhERERERUR3ibUYNik29JqJcKDWSqqRe77Hy6SPXfKxvDB6JiIiIiKhUeKtRgyQBqBLjR6JcqGppCr11XS/q+RZ2ugaqZc1Hho/1yqUIBo9ERERERFQyvN2oUbxRJMqNqhbe8XqhYDAARVkeq1cwfKxPDkXwl1lERERERFRSjLBqlCoJSEXo4Eu0XEiSgFzEkMXv88FeYFfrbFW68vHzf/oZqKpa0TFQ8dllARuDRyIiIiIiKjGGjzVKAFB5z0iUE1UrTvXj7OwMHE4nRAl+ATA2Op5ia+XCx5vfuxM33vKeil2fSsMhC9hl/hAhIiIiIqLSY/hYwxRWrBDlpBjrPk5PX4bL5YYklebtc3xkcfhYycKYhpe+AAAgAElEQVTHG265rnIXp5JwKQI2Bo9ERERERFQmDB9rmCoBMqdeE2WtkHUfTdPEpalJuN0eyHLx148EgNf2vo7B02dTvFK59PHdgTMVn/ZNxeNRJa7xSEREREREZbU8OiXUMUUCDKPSoyCqDUIAQliwrNzCF13XcfnSFJqbW4reYMbn9eGN1/bj2KHjOHr4WNr9LMsqyTTvpbx18G187D+GYbPby35tKh5JCLgVAeaORERERERUbgwfa5wqCYQNViURZcMwDAAmgOwrF6ORCKanL6OpuQVKkZquRCIRaJoGAPj873yhKOcslfODQxg48S62X7u10kOhPMlCwMNFgomIiIiIqEI47brGKQJQOPWaKCt6NArLyv5tLxwOYXr6Epqamgvu9hwOhzA7M42Z6elE8AgAf/rVh7I6vpJTnw++caRi16bCqBKDRyIiIiIiqiyGj3VA5XeRKCuRiI5Yr/ilhYJBzExPo7GpBWpSWJgrn8+LifFR+LxeaJoNjU1N817v29iHb33/m1mcqXLh4+FfHZ+rGqVaokkCLoXBIxERERERVRZjqzqgyQISqx+JlmRkuURBIODH7OwMmppb5lUp5sNms6O5pQ2tbe2wOxyp97Hb8D+++bWCrlNKo8MT8M54Kz0MyoFdFnAyeCQiIiIioirA8LEOCAAav5NES7KyqHr0+33web1FCR4BQFXVrJrUtHe24/e/8Nm0r1e64/To8HhFr0/Zc8gCdpnBIxERERERVQdGVnVCZQtToixk/nfi83nh9/nQ3FKc4DFX111/LXbetKPs183G8PBYpYdASxCITbO2MXgkIiIiIqIqwvCxTsgitr4XEaWnqum7XHtnZxHw+9HS2gpVLX/wGPf+D+xO80plKx/HRyYren3KTBYCLlXwF1FERERERFR1GD7WEYaPRJnZbKk7Vs9MX0YwGEBrWzsUpbCu1oVa378eO258z6LtFZ51Dacr9XqVVHnxxjJc4pGIiIiIiKoRw8c6okicfk2UiWXO79hsmiampy/DAtDe0QFZTl8ZWU59G9el2FrZ9NHtdlX0+pRavLEM3/qJiIiIiKhaLd0FgWqKKgFRs9KjIKpOpnUlfDRNE7Mz01AUBW5PQwVHtVj/5o2VHsIiTrez0kOgJJIQcMj8hRMREREREVU/Vj7WGU0SkAVvRolSCYWiicd+vw92u6PqgkcAWNO7Bs2tzfO2VbrbtYvTrquGOjfNmsEjERERERHVAoaPdUjjd5VoET0ahWFcCfCcThfsjuoN1Kqp+nHnTddg27WbKz0MAmCTY8EjG1oTEREREVGtYExVhzRJQGL1I9E8kWgUyStNVMv6juls3n7VvOeVrHy852N3VezaFCMAOBUBB1NHIiIiIiKqMQwf65AQgI3fWaJ5dL3SI8jNxqsWVj5WJnxc0dWO9f29Fbk2xchCwKVK0DjNmoiIiIiIahAjqjplkwWUGq9+nI34Kj0Eooppa2/Fiu7OxPNKVT5OTU1jZnqmItemWCW7WxVQavvtnIiIiIiIljF2u65jmlx71V5D3hG8eOqvoOrHE9sU14fw6xv+Exo0dwVHRlR+m7ZswujwWOK5ZVkQefxSwbJMGGas07ckJAghZX2eaCSK1/a+gbs/cmfO16XCOGQBG6dZExERERFRjWPlYx3TpNrqhjrkHcFLJ/7zvOARAHT/0/jJkYcqNCqiyundsHC6c37Vj0JIUGQViqxCCAmmaSAcCSIaDcMwdJimmfHcb7x6MK/rUn4kIeBSJAaPRERERERUFxg+1jlbDYWPL737t5DhT/maap7FM6f+rcwjIqqsdet75j0vxtRrIQRkWYFNc0BRNQBANBpCOByErkdgzlVIJnvnxCDODV4o+Nq0NJsk4FYEVP50JiIiIiKiOsHbmzqnSLUTQMrRNzO+Pjn7eplGQlQdulZ2oW/DusTzYq/7KDAXRNqcsNmckCQ5ZfgIALPT3qJem+ZT5qodHYpAjbxlExERERERZYXh4zJgkwUEqvtudsg7svRO5kTpB0JUgOd++mrRz7n9um1XnpS46YwkyVAULeVrlWl3U/8EALscayrDakciIiIiIqpHvNVZBiQB2ORKjyKzlZ4uGHBm3EdSejK+TlSPNm/fnHhcqY7XACCzHK/oVEnArUqwc21HIiIiIiKqYwwflwmbLCDn0SW3nDTn7Rlf72q6qUwjoXqkKErJr+Gd9ePR7z1V1HP2ru/Bpi39AGJdqyvF6XZV7Nr1RhICTkXApQgwdyQiIiIionpX+rtxqgoCserHgF7pkaR389qP4pUTT6d8LSracXvvXWUeEdUTVZXx3NOv4ujR04tek2UJbrcTbo8Tbrdr7rMDzS2NWLm6M+trnBq4AF2PFnPYAICrtm7CyeMDRap8tGAYBmQ5t7d/lztzZTJlxyYJ2GSu60hERERERMsHw8dlRJMEDBkIG9W5ettKTxcMdWfKxjMed+aqSKKlKIqEtw4NYPDMcE7HudxOrFu/Cv1X9WLnDdugaqnfNo8dOYWZaT8MQ8eeX7yB3b92QzGGDQDYsGk9AMCCBcuyIAqqYo41mYlGw1AUFUJkVwDvcjF8LIQiYqEj13UkIiIiIqLlhuHjMmOXBQwT0Cu4dlwmO9d+AgffnR8+GnDi9r77KjQiqheRSBjhMOBwNKTdJ97p2bJMmKYB0zTh9wVw9PA7OHr4Hex94U3svHErrt2xGa1tTfOO3fP8G5AkGZIk48AvjxUcPvp9fhw9fAzHDh3H20dPXHnBsoAiLKGgqjZE9QgkIS1ZBdm/eT0rH/MUqzoXXNeRiIiIiIiWLYaPy4wAYFcE/FGrKrvXbmzZgIO224DwS4ltLc0PoEFzV3BUVOssy8LwhXFcvuTLuJ8kxTszyZBlNbHdNA0YRhST45fxsydfxs+efBn9V/WiZ91KAMCJ42dw8fw4bLZYQDc5PotXXvoVbr3tPVmPMRgM4/Sp8zh96jzeefsdDBw7nPprgVW03vWqokHXI9D1CBRFBdKc+cP33VmkKy4vqhQLHZk7EhERERHRcsbwcRlSRKwCMlil069vXfdJvHIiFj5GRTs+sGF+1eM7l07h4MUnENXHIQkXNnfdi2tXXFuJoVKN8Pt8eP7ZX+V9fLyiUVXtMAwdhhHBwIlBDJwYTLyuaY7E/rKi4Yl/+QU2b+1bVCGZLOAP4sTxMzj59hmcOH4GAX8QABAOXMp7rLlSFA26HkU0GoGq2ha9vvGqddhx49VlG089UCUBTYp9JiIiIiIiWu4YPi5TNlnAsICIWX0B5EpPF+ye30DI+2P0rfjdea+9OPgsxie+CQCI16UNnN+PgfHd+M3tf1LmkVItsCwLhw4M4OCBd4tyPllWIMsKLMtMNIC5UjEZI4SAotrww3/8Kf7wjz++6By/2n98UeAoSTJUxQYhBGaDMxm/nmJTFBWGkbpRzjsnzhT9evUqtq4jQ0ciIiIiIqJkDB+XMbssoFuAWYXrP97edx8ef+sUxt+YBFbHth0aPZQIHhcJ7cEzp9YtqpIk0nUdP3tycROjQgkhZVx6UVE0nD0zjOd++iruvPsWAMDhX53ASy/sx/mzIwBiQaaq2iHLSqLxi392rOhjzUbyNPOFwqEwbPbFVZEUowgBTY419SIiIiIiIqL5GD4uY5IAHDLg1ys9ksV+8fjP8cqTowCexnt3vxctrS14e+QJyBmOmZx+EgDDR5pvbHQKly9nXuuxVFTVjp//9DW8e+o8pi/NYmpyOjF9W5bVRV2rLdOA3zexxFnL/8uCYCDI8DEFea7SkaEjERERERFRelKlB0CVFW+IUG02b92ceLz/9f2xB9HjGY9RraVCG1qOhi5U7u+FJMlQNQdOv3Mely95YbO5YLO5oCjaouARAHyzY7DmOm6XgmHk95uGSKQKf0NRQbIQcMgCHlUweCQiIiIiIloCKx8J9rn1H6MVXP9xyDuCczNn4FTdaHd2oH9zPxoaGzA7M4s39r2Bbe+7GjICFRsf1a4L58cren1ZVmC3uxPTqtMxjAgCS1Y9FkaSJJimsWiNyqWEw+ESjai2SELAJgGaLIrWcZyIiIiIiKjeMXwkAIBTEfBHAb3M6z/ORnz42clvA6E9iW0nATgafhM33HwDnn/meVw4dwFnRpduFmKoO0s4UqpV1RASLRU8AsDspQvZnq2gcUSjIaiahFzis1Aokvc16wFDRyIiIiIiovxx2jUBiMUZTkVAytRBowSeOv6NecFjXHD2R9A3jySeDw4PZDyPASd2rv1E0cdHtc2yLFzMctp1vlOSiyHgm0QkXJ51KWVZgaGn7mydjh7Nbf96IYvYshQeRcDG4JGIiIiIiCgvDB8pQRKASynfDfah0UOQo+m7EMv6z9HZ3wUA8IbTdwCOSj3Yuf5/YGPLhqKPkWpbJBzG6PDlrPYt5VqLS13XNzua9f6F/n5AlmMF72YOX6+iLK8ieVUScCqxNR3tsij4z5yIiIiIiGg5W153lLQkWQAuRYJPN0t+rXOXjyy5z5rdFsYGgGAwCDQtfl12fggf3Pif0KC5SzBCqnWDZ4az7nRtVaCLNJBPk5nCkzBF0XIMH3NbI7IWSUJAlWKdq6uwBxcREREREVHNYvhIiyhSrALSr1euAU2c23YSQBNMc34YGpU344bez7DakTI6evh01vsu/DtWLsHApYpcN5emM3IdVz4qkoAmxaodmTkSEREREREVX/3eUVJBYtMOgUAJA8gGeydC3sz7yAhgxa5+NLVNAwCioh1bV38e1664tmTjovoQjUbw9rHzWe+vKGoJR5NaJOyr2HTvXNRb5aOAgCbH3ucUJo5EREREREQlxTUfKS1NEnCUcP7hjpW3ICr1LLnfyi1BhEJOTI3fgU/u/D6DR8rK7IwPI8PZVxVKkgLLKm/1o2Hk3kVaVGABwnpZ81ERsfe0BjX2mcEjERERERFR6TF8pIxscukCyAbNjRvW/RdERXvm/RznceR/Xcb0/kBJxkH16Z2TF3LaXwgByyrvUgNmjl2nYyoRPtZu5aOAgCYJuBUJbnWuazVDRyIiIiIiorJh+EhLsskCbrU0f1U2tmzAvVd/Cx3t/zltCBmbet2JS1OVWRuPatPQxclKD2FJkXB2zXCSVaTyUa2tysd44OhUBBq02GeFP+2IiIiIiIgqorbuKKliFAE0qBK8UavoXYEbNDdu770L6L0L71w6hbeGn0codAyqeTaxT8taAyf2zcI0TEgyUwRa2plTwzntb1kWTNPIqRFLISzTyCt8rIRaqHwUiHWrVtg8hoiIiIiIqKowfKSsSQJo0AQCOhA1SzM9dWPLhkQH6yHvCAYm38LZ0Tdgd16GZVm4dOkS2trbSnJtqh/RaASdXc04c3o062MsywTKOO06FJrJ+ZhKVD0C1dvtmoEjERERERFR9avOO0qqWgKASxEIGkDYKG1Qs9LThZWeLhyc7MAj//AIACASzr1BBy0vlmXh/OAwDv3qdE7HmYZeohGlFvDmMy28MvFaNVU+MnAkIiIiIiKqLQwfKS8OOXbTHypxAAnM77SrqmrJr0e1LRgI4F9//ApCwdyDasM0yvammF+n6xIMZAmSJEGWKxs+MnAkIiIiIiKqXQwfKW92WUASQEAvbQAZ8F/pcq1o/CtLme17+QgGc5huXSkudzt8s7mOs/yxm82ulf2akhBQBCALQBYCslSpmk8iIiIiIiIqFJMcKogmCUiqQNiwSrYOZCBwJXxk5SMt5eCBdws4unxrPtqdzTmHj5VY89Fmt5X8GnI8bJTmwkYmjURERERERHWD4SMVTBGAogiEjdg07GLHN8nho6aVvwqLaouQ8u+GbppGEUeSmazk83e5/Kmc3Vb8f3OKEFCkK6FjhfroEBERERERURkwfKSisckCihSrgowUsQpyYnwi8Tg5fHxx8FlcCpxBODKOrqabcHvvnUW7JtWuq69dj9Onhis9jJKoREhncxRW+SjNVTLGKhtjYSMREREREREtHwwfqahkATgVAcUEQgZgWoWHkOcGzwEAWlpbAACzER9+cuQhqObZ2DUBjE/sxz9N/jNu6PszbGzZUPA1qXat7e0q6HjTNCBJ1dPdeb4KVD467FntJ3BlyrSUNH2aWSMREREREdHylv/8RKIMNEnArQjYpMKiB8MwMHRhCADQt6FvUfCYTLUm8MaZv8ZsxFfQNam29V+1ptJDyIoeDVZ6CFmxp2g4IwsBTRJwyAIuRUKDKqFRk+BWBRxz/+4VBo9EREREREQEho9UQpIAHIqASxGQk+aLDnlHMOQdyeoc5wbPwZqrnly3YR1+duKRlMFjnGqexbGxw4UNnGpeV3dLpYewJEOP5HxMJRrOOOw22GUBpyLgUSU0aRI8auy5TRZQpdi/dSIiIiIiIqJUOO2aSk6VYgHFzwdfwcDw30O1Yms4RkU7VrY9gNt770p7bHzKNQDMrBgBwi8teb1x32kAtxQ8bqpdq9a0Y2T4Ul7HmoZelmnX4dBsya9RDG6nHXa2nyYiIiIiIqI8sfKRyuLpU8/gzND/lQgegdg06fGJb+KZU/+W9rgjh44AAJo2tUCP/Kjk46T60NraWOkhZBQJ+xD05xeOlluqaddERERERERE2WL4SCU3HfLh3Ng/pH195vJ38eLgs4u3T8/g2JFjAIAtd0xnfb21zdtzHyTVlf7Na/M+1kLxOrUvZBgRXJ44jcsTp/M8Q/krEJ1OR9mvSURERERERPWD4SOV3KsXXoEMf8Z9xie+iVOX35237bWXX4NlWdj4sQ44pItZXSsqb8a1K67Ne6xUHwrpeG2aZhFHckVXtxOTIycQCeffEKkCSz7C4cyu2zURERERERFRKgwfqeSmQ2NZ7ffGu19FxPBDnetesfeFvWjc2Iw1K7NrIGOoO3Hvtv+W9zipfjidtqqZLrxx02r89//5e7jxxv4inK0CDWccDB+JiIiIiIgof2w4QyW3vvVqHJ5Zer1GxZrAvx39Bj53/Vfw9ol3MTU5Bafmhs93F9q60q/h12DvRH/b1Vjpyb/ajepP96pWnHk3u67qySyrOJWPdruGD33kZvzaXTtj41lTm38/7XZbpYdARERERERENYzhI5Xcjd3X4sBgO5SkZjPpiMh+vHD2FQy8FJuCHRj24T9e/Zto6+yEbgK6BZhW6dbko/qxoX9VTuGjkGKF4MUKHyGAvvWdiacrujoz7JzlKSsw79rhYPhIRERERERE+eO0ayqLHb1/DAPOrPY9efFv8ObR2FTr9et70d21Apok4FQEPKqASxGwSQJSJRbAo5qxtmdFTvsLUdy3w1Awgsd++BJEOIgGVcL6Ve1FPX+5uFzZ/bslIiIiIiIiSoXhI5XFjd3X4kPbvgXJvhtRqSfjvjL8aLo6Fnjcdtuuea8JAKok4FAEGlQBtyLBLguoDCNpgcKazhhFGcOZ02N49pn9gGVCCIGm5oainLecVq/OLcQlIiIiIiIiSsZp11Q2axu78Hs7vrjkfl/6P7+OC28PQJZlvPfWmzLuq0iAktSEw7AEdMuCYQKGBRicor1stbY1ornZjcuXs+suXaopzc8+dxi3774a7e0taG1twvTl2bzOU4kp123tzehc0Vb26xIREREREVH9YOUjVZWJiSm8/fYAAODGG94Dp9OR0/GyAGxJU7QbVQmuuepIRYgK9AqmStrQvyrrfZOnXVsFh9YWdD0CAAgGI3jm2V8BAFpamwo8b3lt3bqh0kMgIiIiIiKiGsfwkarKmwcOJR7ftntXhj2zIwSgSoBdFnCrAo2aBI8qwakI2GUBTYqHkowla50kYt9LTRKwyQIOWeDGGzbldg5JBgBYBU67jkRC8wLMgXeGAABtrc0FnLX8f0evvrq/7NckIiIiIiKi+sJp11RVTp06AwCQZRnbt20uyTVkAcgpprBaEDDnpmqbFhIfhgVY4PTtSpAgIEQsdhMi9tuS+HNJAAICkog9TuXmG/rxzRyuF6t+LHy9R02bX7F7+vQYgsEgOjvzn8JciSVNr77mqvJflIiIiIiIiOoKw0eqKvHwsa+vB7Isl/XaAksHk+ZcEBn7DFhzn688Z0yZipj7byJIRPowMXl7vkKhECRJgs/ng8OhIRiMZHWcLCswjChMy8z/4mn84oWDaOtoKeAM5U0fm1sa0L2yo6zXJCIiIiIiovrD8JGqRjAYxOjoOABg/freea+dmxnB6cunMeJ9F1d37cLWtvKuRXclmIw/S7/n4lDSSjyPvwbMDy+vPK98eBn/6uINTsSC1+JhIZIei3mP54eMEOWOzYCBgfPwegPY/+a7WQePACBJsbfEwtd8XOzfH9+P3/rEzUU/b6ks5/Ueg5FZOLTcOpPncwwREREREdFywPCRqsbJgXcTjzesX5d4/OjR/4WZmacgww8AeHXmR9gj9WD3xi+UPYTMRjyIA7IJK1MdPRdIJgeWiY2FD05ceXjlcwUCwlL613//JU6dGsn5OCEEZFlBKZqkB4MRvHtmooAzlPc7tG378lzvcWBkL2RZwvqOW3M6LqIH8O7Yq9i2+oMlGhkREREREVFtYvhIVSM+5Rq4Uvn4ryceg2/mR1g4AVs1z2Lvyf8dq3Z8H012dxlHWR4pA8F6SgdLbFP/qjTho5VU1SgS1Z3JFMWGSDhQknEdPHg272PLvebjtdcuv/UeR6YH8Mrph/E7t/x7zsc2Olfg5f0Po6NxPTobNpZgdMVXigpfIioNy7Lq6t9sqp+/REREVL/Y7ZqqxsjIGADA4XCgq6sT52ZGMDn13bT7y/Dj6VP/Wq7hUQ1xu+yJx4ahQ4+GEZ370PUIdD2CSCQA01y8tqMkyZAVtSTjunTZj+bWrpKcu5gaGt1Yvab6x1k0voMIRmbx0sm/ho4Awrovr9PIisDPjnwZwcgs4DtY5EEWRzzAqKcQg4hqD9+LiIiIlhdWPlLV8Hlj06q7umJNLp468Y0l/4JO+4+UeFRUi3p6VyQey7ICyLm91amqfemd8mR3tgBTuU8JL2fp65Yt68t2rYqKjABaF+A7iEPetzCjxypTp/xn0N24PadTeUOxX56EMYXnj38D93StBdzXXblGhWR7Y88AgKj6GYYBSarduoF01Y4L339YFUlERIUwTZM/S6pQ7f4fDNUdry9WbeRyOvHL4UNQ9LcrPCKqVZ2dTZUeQlqmpUCz5b5UQDl/fm7bXhvThgtmeIELX4U/OISDF3+Y2Dww9nzOpxq8tC/x+KJ3P8b9o8DoP8TCxzJLVVGUvC3VBxFVN4fDAZ/Pl7Jiv1Zk+z7E9yYiIsqXaZrw+XxwOByVHgotwMpHqhrxykeny4kD5/8pq7+cLtu6pXeiZWdFZ0tRzvOhu3fgllu24ctf+UFOXbOX4nS3IRLOdWpv+dLH667bUrZrVZRjI7D6z/H8m38ERb3yu7izl15HWPfBpmQXEod1H44OP5F4LkkCz48ex8d3/VnRh7yUhTfrqW7es91GRNXD5XLB6/ViYmKiZv+9pqpCiW9L/poW7sfqFSIiypYQAg6HAx6Pp9JDoQUYPlLZPH3qGQzPHgUAdDdux4fW3zXvda8vFj7Ka+Wsqh4NOHH7uvuKP1CqCy0tbly6lN/afXHnz0+gZ20HPviBHfi3f79S2WaaRuIjdsNkQZZVKIqW1XltjkbIigZDL16gWSwutwM9vSsrPYyymfYP46JvYF74GNZ9eOnUX+HOq76U1TmODj+RmHYdN2NcwuDYm+jt3FnU8WaysHJoqcepnhNR9XK73XC7a7/JXqZwMZvHREREVHsYPlJZ/N2Br8MM7Uk8vxh8Ef/P+BP45HX/E012NyzLgt8fCx+ttqElz2fAifdt+jrWNi6jphiUk9YWT8HhYzAYBgDc/7Fb8dLeo5ia8gKINaWRpIU92HPjdLfDO7303/W4ct14LZv1HucMjv9qXvCY2D61D4NT+9DbenPG44dnjuDA+UcXbZckgaHpoyUPHzOFifHH6T6nO8dS1yAiSmepn1VCiEVVjpZlpQwk4/ulOoaIiIhqC8NHKrnvHfp/5wWPcap5Fj888hf43PVfgWEYAABntxsu9c2054pKPXA7tuL2dfcxeKSM1qxtx6l3R2CaOiQpv7e6QNJU6/vvuwV/+3fPFGt4cDib4ZsdhWUaRTtnMWzc2FPpIZSVQ/PAslKvqfnSqb9Cm6sPHntnymPDug97Tv1l2nNrirNYw8xKqjXTMj1OdQwRUSlkqmjMFEACSPkaERER1RaGj1RSvxw+hLD/6bSvi8h+vHD2Fby/51YAQM9tsS7DurIZANDk2g674sKqxvXY1LIBTfban25E5eF02AAUFqgMDV1KPL7ttu146eWjOHnyYsFjAwAhybA7GhH0X1p65zJq7yjOepm1YtPK2+CPTmAmfA5Dl9+CX59IvBbWfXjuxFfwsWu/lfLYPaf+ctF0a0U40d24DV2N23Ht6vItC5GqujFVM4dUz1Odh4ioWNKFivHgMd3z5P0ZQBIREdU2ho9UUu9OvbXkPieG/g7v77kVmqbh7X+eRPevPYA//MxvlWF0VM96e2LVarKsQtcjWa/HmMmf/NeP4b99+VFcuDBZ8LmAWOOZbMPHct10dXa2leU61eQ9PfcnHp+fPIjXznwHM5FzAIBJ/2kcOP8odqz5xLxjBqf24ezU64nnTrkNt234Y6xpu648g0b6wBFAoiOuaZoZO8tmqoRMdS0ionTS/ZxKVemY/HjhhyRJsCwLkiTNOy4eQDKIJCIiqj0MH6mkAuGxJfdRrAk8feoZqKqKSCSCaCRahpFRvXO57InHxbpJcTltePCPPoz/+tD3inI+RXVUXeOZjs7WSg+hota0XYc1bd/Bz499Hacv74EQwIHzj6Kn9Sa0ufoAXGlIE9ft3ok7Nv8JHFpD2ca5VPAYf57p8cLj0lVDEhHlKzlojH+OP5YkaV7guDCYNE0zEUTGtzGAJDMDr4kAACAASURBVCIiqk0MH6mk+tpuxqmLi9d7XOjs+D/DprXD7wcikeoJYrI1MPY8IoYf27o/Uumh0Byn05Z4HKt+DENRbBmOSO3UqYvYsGFV4vmRo4NFGV+czd6IgG9i6R1Rnpus9vblNe06nV/f+kX87LCJc969EALYd+Y7uGfbXwCIPQ7rsWZG65p249e3frGsY8sUDsYDxuTP8Y+F29NNwWb4SETFki58TA4cJUlKBI3xaseF21NhAElERFQ7GD5SSb2/51acGN0MRX87436KNYG2Wzbg0lPTNRU+hnUfnjr6RUz6TwMALFjY3v3RCo+KAKCvr3vecyFS37wsJRAIz3s+MJB9h+ps2BwNWYaPpdfQ4IKq8sdC3Aev+VP87DBw3rcXwzNHMDxzBB5bJwbGnwcAdLl2lD14TLaw6jFd8GgYxrwQMl0AyeYzRFRMqaZbpwoe4x/J7zvJwWNyAMmqRyIiotrEu0wquU9c8xU8evhLSwaQnb0DeAc2RKJ6mUaWnUn/aRwdfiLRWKK39eZEheO+M99JBI8AENH9FRkjLbawUkKW1aKc99Ilb1HOE6fZsmuiVI4brda25pJfo9Z88Jo/xWNvjmMqfAIHzj8Kjy22lmiDshY3rPoshoaGMD09ndh/5cqVaGpqKtv40q3hmBw6pvucrgIyfp6F1yEiyiRdY5n441TBoyzLic8Lq6/jgWQ8cEx3HSIiIqp+DB+p5JrsbvzhjX+FczMjeHP4VYx7j8KKHIOMwLz9bGIKbdduh/dyccOdQsQrG+NTLAFgeOYINNmF7sbtiQqoVI4MP44p/xls6/5IYq04Kp/4mnZFV4KbHs3mRiTsW3rHEuvqaq/0EKrSh67+Mv7lwO9jeOYInKEt8PjvgM3owd5zry3a99ixY7j++uvR29tbkrFk6lK9sLoxHjQu/MgUQMbPxbCRiAqVqrnMwuDRNM1E8CjL8rxjk8WPi+Paj0RERLWF4SOVzdrGLqxtvB9ArLPsdMiHk5dOYdI/iunQGIaGRuBZOYuh40s3qSmXs1Ovzwse4wbGfz6v4hEANMWF/o474A2N4bkTX0m8fnbqdXzsmm/BY+8sy5gpJhwOL71THrZsXotTp0aKes5qCR/XrVu19E7LkENrwFbP72Bg4DRkI1apqiN9hfbx48dLFj4ulKqL9cLQUdd1jH7nW5jd+yKsUKgs4yIiypaw29Hwvtux4jN/sPi1uYAx+ZciDBuJiIhqD8NHqpgmuxs3dl+beP6j44/jzaefAgD4fH643a5KDS2hu3F72teGZ47Me97bcjOGZ4/Ma0YBxKonveExho9lFAgE8MorR5beMQ/vv/0aPPGTXxb1nIpqz/h6uW60+tavLct1qlk0GsX0dGzt2enpaYyPj2N8fBwAICO7KfJ+vx/Hjh3D1q1bSzLGdJ2uk8PH5MrH0e98CzPP/awkYyEiKpQVCiXeo7o++4eLpmgnv7+x4zUREVFtYvhIVaOjoy3xeHx8cl746Pf7EQgE0NTUBFUtztp92fDYO7Gt+yM4OvzEotem/GfmPR8Yfz7lNGxNcaHVta5kY6T5AoEAnvv5Afz4X14vyfnb2xtxy67NePW1zGuY5kJRHUU7VyH6+lZXeggV89Of/hQ+X/GqT48fP46Ojg50dHQU7ZypLFynMXkqdbzycXbviyUdAxFRMczufREdv/u5ecGjaZopp1sTERFRbWH4SFWjPSl8HB0dh66HMT4+jqGh+d2Fb7nlFqxcubJs49q17rOI6P6M6ztmPL73s7Ap2VVMUWGi0Sie/8XBogaPqcLu3/gP7y1q+CgrGoQkwzKNNHuU/kbL4bSjo7O15NepVk6ns6jhIwDs378fd955Z9F+YZKuCUy6ysd4+Mip1kRUC6xQCIZhzAseM1U+Jo5jIElERFT1pKV3ISqPzo52tLe3YOeOrbhw4QwOHTq0KHgEgDfeeAPRaLSsY9u98Qu486ovQVNi1ZhT/sGsjtvW/RH0d95RyqFRkmPHz+CHP1rcBKQQmzevWbStvb0RN93UX9TrqBWufly7pqui1680l6v4yzz4/X4cOnSo6OcF0gePqQJIIqJaEW+GldwIa+EHsPiXMURERFTdGD5SVYitkXYEt71vJ3p6Mlc1RqNRvPjii2UPIHtbb8b91zyCVte6lE1okmmKC3de9SXsWvfZMo2OTNPEv/7blYpHyzIRDM4iGg3DTFtRmNlVm9JPQ962pSevc6YTjQbTvlaOio61Pd0lv0Y127BhA0IlqBAcHBxMrBlZiKVutBeGjsmPiYhqRar3sOTQMR2GkURERNWN4SNV3ODg/9/efcfHcdf5H3/NzFaterdkW7bl3uTuOHYU4yQEJ04jCSGQg8DBcbk7+N0BCUkIIRztfuS44zgCFw740dNMOVI4hzQ7dopL7MS9SbZVrd5Wqy0z8/tjtetdaXe16pL9eT4e69md+c53vmNZY81b3/l+K9m2bRuNjY1J79PW1jYuAWSao4Abl3yHNHv8cdxm5Kzj9mU/ZGbO5WPYMqHrOqdPX5gpXVFUHI40wMTrdeP1dqPrfiC5G5Tbbl3PVx/+SNztS5aM3GzGAb8nwSPXY6O0tH8Pz0tJVlYWNpttVOrevXv3qNQbEutx7MibdyGEmCwir13xhpoQQgghxOQjYz6KcRN6JDHWo9XJCAWQmzZtGtNJaOyWVG5c8iid3vP9ttksLnJdpWPWFnFBrH8DiqJgtTqwWGz4/V58Pg8KCharDU2zoiixf/8yu7SA227dkPB4eXkZZGe5aGl1D7vtiXo9jpXS2Zd2+AiwbNkytm/fTlZW1ojW63a7qaysZObM4QfW8W6+Ez16LYQQk0WiR65jkfEehRBCiMlBwkcxptxuN42NjRw/fpy2trZh1zdeAWSao4A0R8GYHU8k52//ZjP/9eM/91uvKCo2mxPTtBMI+AkEfPj9XiyWYAipqlpU+VOn+wfLffn9/hEJHgGMQOIevGNxYyXhIyxYsACPx8POnTuxWCw4nU5sNhsWy/D/q6ypqRmR8DFS3xvyROOjCSHEZDDQdSxy4hkhhBBCTB4SPopR5ff7aWhoCL9GInDsa7wCSDHxbNy4FEVV+MFjf0TT+j9CqygqVqsdq9WOrvvR9QBerxubzYmmRf/bqalppLg4L+6xzpwZOKCcLFwuJw6HfbybMSGsWLGCFStWUF1dzcmTJ8PXLY/Hg6qq4Ueznc7gBEGR6+IxDGPEZ9LuezMea7uEj0KIySbRtavvdU8CSCGEEGLykPBRjKo333yTurq6UT9OW1sb+/fvZ82aNaN+LDGxXb5uPl97+ASu1DxSUnNR+vRqDNE0a2/gGHuW6YrKuoThY3e3dySam6TRvcHKzEwb1fono6lTpzJ16tSodU1NTXR0dNDd3R0eo7a+vh6v98K/hZaWFgKBQLi3pNPpJDMzk7Vr145Ju6XnoxBiMpNrmBBCCHFxkvBRjKo5c+ZQVVU1Io8tDqSyspLi4mKKixPPli3GTyik8fv94bHoLBYLmhYMCO32ofe+MwyDnp4eXnvtbSyahe6uBro66nG6srE70rE7MwZV37lziSdAUtSRCwQtVkfC7SYGKCqYozN+X2ZW+qjUe7HJzc0lNzd3vJsRUzI9hYQQYqJL1JNbCCGEEJOXhI9iVE2ZMgVd18ckfATYv3+/hI8TiN/vx+124/d2EWg9iNp9Aq37JIq3FrQUTNWJr3dpak701OVY8tbhdDqx2+0JH6P3eDx4PB78fj+qqvL2W+/yzr5jHNh/DFXVUFUN0zTw9XTgcbegqBoOZwaOlCxs9tQB2z7QRB1Ll8wa9N9HPImCUacrG0dKNgHdh9/TjmmM/AzvWVmDC2bFxBV5ky4360KIySjyGibXMSGEEOLiIOGjGHVlZWUcOnRoTALIzs5OOjo6SE+Xnlzjye/301K9D6XpVSztu7B1n8BmJPmY8gnwpS2nO205ZKzCmn85drsdm82Grut4PB6qqup4fcc+3th5gKam+OOIKoqKxWLDYrFhGDre3iDSZk8lJTU3Yein6wP3bJw3t4jjJ2qTO68B2Oyp+LxdUZ/TMouwWHsfC/epKCkafk8Lhj6yAWRmljx2PVklmgE20faRYs8vIHfDFdiyo3uE+lqaaNr5Ot6Gi2dsVCHE6Bvo2iVhpBBCCDE5SfgoRl1ZWRn79u0b1fDR5/Ph8Xiw2WwSPI4zv99Py7EncZx+aMh1aJ370Tr3Q+3P4KjKMc8aurR5HK7J4p1DzVSdqx90naHekFis6LqP9pazoKhYrc5wT8hQ+HfDjeu5++NXD1jnJz5xLQ899HMC+sjdDGkWG2kZRf2CUZvNic8HOLPxe1oxdN+IHTMjXcLHi8FY3pTnbiin6JbbyN1QHrfMvC9B084d1P5hK007d4xZ24QQFxcJHIUQQojJT8JHMSY2b97MU089RUFBAaqqDnp/wzDw+YJhi8fjAaCnpwfDMDBNk7y8PJYsWcLy5ctHtN1i8DqrXhpW8Lj9WBFHarJo6HTS2OGgsTM0IUxt72u4FDTNgqZZMAwdXffS7e4JTumiKCgo2G2Jx2AMmVGSz7o1hTz/wm7sjnRs9tS4E9wMRNUspGdNw+nKjlvmQgCZNaIBZFa2PHZ9MRqtG/Yl3/k38q7clFTZ3A3l5G4op3H7Kxy87/Oj0h4hxMVFwkYhhBDi4iPhoxgTU6ZM4cYbb2Tbtm243e6kekEGAgH8/uDjpcXFxSiKQn5+Pna7nYyMDDIzMykqKsLhSC4oEmND6TyKYk3H9HcMet8fvbyI144VjUKrYlNVDZX+YeFgbnxsNnt4XEkAS29PSovNgabZkhpfEiAjuyTJ4znx+5VgANnTjhHoSbqt8WTJhDMiSeufexF7Xv6g98u7chPrn3uRXVvePwqtEkIIIYQQQkxkEj6KMTNr1izuueceACoqKhKWlVBx8rJ7DmE4C9EHGT6OdfCYSENDy4BlPB5PxIzdwXElTdPAMHR6PK2YbgOzd3ZqzWILB5GKqmGxOlBV7cJ4joNk7d0fIOBV0f3dQ6oHwOGwU1g4MWdwFhPL2id+N6TgMcSel8/aJ37H23feOoKtEkIIIYQQQkx0Ej6KcTFr1sjNFCwmFkNLRXEWobjPYerJ9crbU5E/YYJHgKam1rjbAoEAO1/fw7b/3dVb9sKEN4qiomnRfSkNQ8c0zeDj3V0ewIyaSVtRNTTNRk7B3EG1UdOs2GyhOiwEvIPvaQpwx53XUTp7+pD2FZeOxd96FNes0mHX45pVyuJvPcqhB+8dgVZNXOkLF+Esnkbbu/sv+kl3tBQX2WvXEejsoHXv7vFuTlKyVq3BkpZOy9tvone7E5adjOcnhBBCCDHRSPgohBhRqj0P9C5U1wz0jmNJ7fOLnYML3sbTq6+8xXcf/XnS5dXIMSD7POFtGDoApqkT8HsG3RNS06zY7So+FBTVgt8zcI/NSPMXzOLOj1w/qH3EpSd3Qzn5V13Tb7274jTHH/020++8i9zyjVHbmna8xrknfs28ex/oF1rmX3UNuRvKBz0JTfGtH6LoxptR+gzb0XHoIMe+/fVB1TXaim65jcIPXM/Zn/+Uyp8+Pt7NGVXpCxcx9wv34e9oZ/dHbo/aNuWGmym+5Vaadu7gzM/+O6n6hrLPYM24+69JW7CI49/5Jue3/Zm5X7yf1DlzOfuLn9H8xs6osonOTwghhBBCJGfwM38IIUQCtuLNAKgpxajOwgHLH6nJiphUZmLz+Xy88vJbI1ZfaAZuTbOgB7xDrsNmTwk+1p2Sg6Ikf1n/6F/dMKRjiktL0S239VvnrjjNoQfvo+2dvRz+yv20vbM3vC1y3aEH78NdcTqpOgdiz8nFNbMUZ1Fx1MuWk9ywAat/+QTrn3uRrFVrBn3sIVEUFG1oE1BNRrEm20qdPYe0BYtIX7go6XqGss9QKKoSbnP6oiWkL1hEaunsBOUvna+lEEIIIcRIk56PQogRZclZhd6+Cb3hFbSMRSi2HIzuakx/e8zyJbmd4ceQVVWB4LzT46unnqbK17HllGG327Hb7Xg8Hh79zk/Z/05yvTkHK+Dvxu7MHNK+qqphd7jw+TyQkk2gp2PAmbBv+eDVrF69ZEjHE5cOx5QicjeU91t//NFv464Mhop6Tw+Hvvwlyr73GACHvvwl9J7gkAvuymDvyBU/+knU/rkbynFMKaKnbnAz2Jt6gKonfkPFj3846HNRbfZB7yOG5+S/P8rJf3901PcZrr2f+OiYHk8IIYQQ4lIj4aMQYsTZZ92F356Nr+Z5VGchqrMQ0/Bj+tsx/R3Bl68VTAOXPcA/vv9dnnp7GueaUsJ1qGqoB5+C0vteVVRAidg2OqpqO7G+exeGlkpn2kpqLMv4zTYfb7x1atSOqQcSh4UDURQVmy0Fn09BcWTi93bEnQl70eLZfOaeDw/reOLSECt4BJh+5110HjkUDhl9Lc3hcRx9Lc1RZafedkfcuqufeXLE2jr/y18lb+Mm3JUVpC9cjGqx0LL7LQ7e/0VW/exXuGYGxxpe/tiPad3zNu/d93kWPPQIueUbUa1WAl1dVD3xayp/8l/Mf+BhcjeU0/zmTvLedzVGTw/H/uUbFG6+PmZ5gPkPfIXC67agWm3oPZ647Vz+g8dJmTkLRdOwZWVjeL2c+80vqXj8MUr+6m6Kb7sDe14+iqZheL1U/+5pTv3Hd8m5fANz/vGLpEwvAUUh4HZz7tc/p/HVl1nw0COkL1oCioLh81L3/LOkzVuALSuLQw/ei5biYuEj30BLcXHy3/4vdc/9idW/fAJLahoH7/s8RTfdwpQbbkJzpmDqOs1v7uLwVx4gbe48Fjz8z3hqarCkOElftIS6F56j4aVt4bYYfh8oKoGurn7nuvbJ35MyvYS65//EsW9+jZmf+lum3XkXltRUME08NdUc++bXaI3oOdt3n3hf16qnnmD+g1/B19jIO3/3afRuN7P+5u+Y9pG7qP/z8zinTid90WIsKcH/V9yVFRz95tfoOPReVBsLN29h3n0PYPj9nPrP71H37B+j/q4TnZ8QQgghhEiO9sgjjzwy3o0QQlx8tPQ5WLJXYPi7MXrOoyigWFJQbVnBQNI1A8Weg2JxMT23h81LzrFx4Xmm5Xpw2nScVp3GDhumaWIaBqYRnEnaMALouh/DCIQ/m5gYpoFhGoAS3Mc0AVCUwfek9Osqt6+pYPvRXH79koNnXmzj9Nm2gXccBtM0sDnSh/Von6IoWCzW4HvViqKoGIY/qozTaednv/j2sNoqxl/o33fo37ppBicyCr10XQ+/up/9w5CPk3P5BrJWruq3PqVkBplly2h+cxe6Jxi0BTo6CHRET3y0+FuPxhwvEsBTW9NvfL1EslauJqNsOYoC2WsuI2/jJjKXr6SntgZ/ezu55RvJXLoMTJO65/6EarOROmce3vpaGre/SvrCxZgBP6f/6wc0vvoyeRuvouimW2ja8SoH7/1HMpetIHvtZbgrKzADfnLWX0Hq3Pm0v3eA5jd3YklNi1s+f9PVTL39TrqOHePsL36GLScPe24e7e8eoHXfnqjzmHLdDbhKZ9O2bzfVW58ifcEiXKWzaT90ENVqxZqeQe3//J7mXa8Ht82cRefRI0y7405S586n8vHHqPjRf6J3d9O2dw+FW24kZ305NX/YytF/fphAZycdhw9iy8klbe48Oo8dw56XR8669SiaSk99PZgmUzbfgKemCm99PSUf/yQ95+s5eP8X0FJSyF1/BarVSt2zf6Tg6mvJWrESU9dpen07zW/uZOYnPo2jcApVT/6ajkMHSZ+/gIDbTc3Wp6LOVVFVMpeWYXi9dJ+ppPSez6L3eHj3n/6B1n178DU10fDKS5h+f8x96l94Lu7Xtf3APuy5ebhmleKprsJ9+hTT7vwotuwcqn77K+x5+XSdOEb1009gmgaZy1agYNK0cwdTrrsBe34+zbt20rpvD7bcPNLmzqe7soKOo0dY+PDXkzo/MfJSbrwFTdOwWCxomoamaaiqGl4qihJehv5/77sUQgghxMQjPR+FEKNGdU7BMfdvMLpO46t+AaNtf3iboigotgywZYArONvy1Owuiqe1s9nfjumvxgx0U9/u4Hybg4oGF11eK5WNLrq9Gk2ddpo6e6d7jpg9Wic6bBuqZ3aXsnXP2M7Krge8qJp12PVYrQ5U1YIfBVWzcdnqWezYvofS0mn82388MAItFQIyV6yi7HuPcejBe/FUV/Xbnih4BHAUFAz6mIqqkr6kDHona/I2NtL46st0nzsLgN7tpuLxH1L/5+eY/+Wv4iqdg7NoKnXP/YnZn/0nTMPAffoUrXt3U/KxT4Ch07xrJ56aajqPHyVt7jzSFyzCU1sDpkH7ewc48Ll7AFj2/R/FLZ9RFgzHzv/lf6n5/TOkLVhI2vwFcc/D19xE1ZO/pXXvbjKWLiN3QznpCxZS/cyTNG5/ley169AcDjw11TiKisKT7Kg2G9mXXU7X6VOc/uH3Aci76hoUTSNz6TLa3ztA5X8He2K6ZsxCKd8Ybofu6cYMBLDnF5BSMgMtxYm7soKsVavRHE6admyn/d0D2HPzyF67jsxlKwAwvD3onm4qf/rjYBh57Wac06bjrjjN6R/+J1mr1lB43ZaY5+muOB3uHRtiy8piynVbqH7mSc5v+3NS+8T7unYcPUJG2XIyli6j8+gRXDNL8VRV0fT6dppe3076wkWklMzEfeoUOevWQ4xe896G83jr6zD1AAC5V5QnfX5CCCGEECI5Ej4KIUadmlqKY/5nMdxV6K378LcexvScQ+nTK0+xpqJYU4FiAEwjQHFWO0X+dpbNbcf0nQczELVPV4+F0+dTw+8rGoPvu70alY2u4HufFvVI90AcNn3Mg0eAFKeCYrHi8w0/QNU0C6rDhc/Xw4MPfYYHH/rMCLRQiD56e2CO2eEC/iGP+diXoqrhx5EXPvINAAxfn+EPIn6xkai8oqpgGkN6NFf3dKNYLNiysplyw82U3vMPWDOzMLw9KBYr/vZgr+uq3/4ae24+mStWkbVyNR2HD3L0G49Qs/UpUqZNJ3PFKhZ97VvM/OvPcPJ7/0rniWMEut2kTAv+csff0Y6/rY2U6dPR3cF2dh47SsbSMlCU8Ln629sxvF4saWkXGmmamIFA77lqKKqC4Y09rEM8HUcOU/30E0y/6+MUf/B2ptxwE/UvPDesmcrb9u9jypYbyViylO4zldiys2l+6w20FBeLvv5tci67HCMQANNEcziSqnOo5yeEEEIIIeKT8FEIMWZU1zRU1zSsU2/G9LWgN+1Bbz+E3l0NMSakUVQLij0H7DnhdWagC9PXiuFrw/S1kurwU1Zy4ZHo9fOa4h4/1IuyvsNBQ3vwRtQ0TY7UZOBy6MzIdZNq9+N0qPy/HfNH8MyTE/D3ULZkGucb2mhoaEPXjYF3SkBRVOz2FA4erGTJkpkj1Eohglr37ubwV+7H19ISc/uhB+9N2Pux5/z50WzegEzDQPd0c+K736Hu2T9GbSvc3L+nW6Lyy3/w+JDbYcvKwgz48dTVUnDNtag2G8e++Qh1zz8bHB9yRvB7t/Wdvey5+yNkrVjFjE//LZnLVjDjk5/m8Fce4MDn7sE1cxYzP30PeVe+j5KPf5J3/+mz+FtbcRQUAtBddRZfczPZ69bjKp2Dv70d9+mTZCxeEgyRe3sFak4nisVCoLNzyOcUz7nf/opzv/0Vxbd9iJK77qbg2s10njxOzdanh1Rf8xs78VRX45w2jayVqzECAdre2UvuFeVkLltBy+63OPTlL5F35fuYd5/0+hZCCCGEGC8SPgohxoViy8ZSdC2WomsBMP2d6B1HMTpPYbjPYnjqINC/F5FiSUWxpKKmTAvuF3Bj9gaRhq8VjPgTtxRm9FCY0UPZAG17ZnfpkM9rOFpbWtA0laIp2RTkZ1Jb10JDw/DHmjSM4YWY4tLla4kd5jduf5XDDz+A0ZO4d1iiANJ9+uTgG6QoWDMzo8JBvaeHlrffTG53VUVzOgHoPH6MzOUryV57GQ0v/4XcK8pJX7CIih//KOa+icq7z54hc8UqctZvwNvYQMai3pnk40yOZXG5yCxbjpaSQvqCxfiam4N/H9dcC4qK6nBSdOMt4YlpNKeTGXd/Cn9XBzVbnyZz314yFi9BczqZevuH0ZxOqrc+TfOuHWSvWYvmdKJ3u/HUVJG5bCWmadC963X8rS1oDgcp06bTdfI4HUcOk7ZwEQX6ZrJWrcGeX0DO+iuwpqXTeOpEzLZ3n63E396Oa2Ypee+7mowlS7FmZKC73WgpLvRud8z9UqaXUPzB22na8Rr1LzxP7vpyslauxuJMvld6LO0H3yV1zhwylpbRU1dLw8t/oeDazcG/fpsNW1YWeRs3oTqcaL3HMg0DFAXV3n8G9KGenxBCCCGEiE/CRyHEhKBY07DkrIGcNQAcOXyCIwffo/bsKaxmJ7MKfSya5ibbFR12KBYXisUFKcVogBnoDoaR/tbgUh/8o3MbF9T2PnZtYhjmqM+uHYumqUybmktOThrV1U10dsafPXcgbrc8PiiGpmnn68z7Uv/1VU/+pl/wuPhbjwKEZ70Oqd76VMzwsWnn64NqS8DdBYpK8a0fovjWD4XXdxw5TOOrL/Urb/h8YJoo1uA4qt3nzpJXvpGl//ofNL76MhWPP0bWipUUXH0tBdd8AEwTd2UFja+9EvP49S88G7d8zdanyCxbHtx29bW4KyvQu92klJTErEux2pjxyU+jWCz4O9o599PHg+fx2iukL1zMvPsexPB56Th8iNS584PjSi5bTubylcy798HgTNF1tdT8fisF115H/lXXUPr3/wcAf2srtX/8PQDtB98je806TEPHXVmBr7kJU9exZmbhPnsGgJqtT5M2Zx6F121h/bPbwDTpOHyQ6qefiNn2jiOHqf/z80z/6MdY8i//SqCri+6zweVS+wAADy9JREFUZ7Hl5pK1ajVNO16LuZ9z2nTyNl3NtA9/FBQF0zBo3f0W1b97Jmb5ePp+XVv37qZw8/VYs7JpePVlAJpe38GULTeTvXoN6373LJ6aajzVVaSWzsaeX0D7wXfJXL6CuV+8H0d+9NijQz0/IYQQQggRn2KaYzxgkxBCJGAYBn/6n5d4+aW3OXnibNS2smXzuP6aBaxbbCHQdRrTUwee2oT1mbon3DMyGEYmF+JtO1jIj/7SvwekoqjBmbv7zEqtKiow/Jk2P/fhbGq759Duz41a39zcQVV105Aexb75psv48B1XDrttYvxEzm4Nwe8T0zTRdT08u7Xf7ycQCOD3+/H5fHi9Xnw+H02f/tiwjr30u98nd0N51Dp3xWkOPXgf7srTQPTkMg0v/yUcQLpmlrL4W9/BNSv6e6lp5w7e+8LnhtWukZK1ag22nBy6ThzHXVkx5PJaiovstesIdHbQunc39vwCAl1d/XrKhR6lPvatf0bRNFr37Y0q45o5i9TZc+k6dQJ3ZUVUPa6Zs0idO49AVxfNuy6Et/b8AjLLlmMEArS8/eaQeueF6vY1N9O6d/eA5dMXLsJZPI22d/fjbThPyvSS8MQ/iWStWoM9L5/us5V0HDk86HYORs76KwBo3vU6WooLS2oq3obkHvcf6vmJ4cn9719is9mw2+3YbDasVisWiwWr1Ro183Vo1muQ2a6FEEKIyUDCRyHEhPLittf5wfd/G3fSlaKiPO69/1MsWBAMMwxPLUbHCQKdpzC6KqCnPmH9pu7tDSJDYWR33LL17Q7+Z28xh2vSBzVhzXD88fO7AOgKZFHbPZsazxxqPXNwBzLQdYMzZ8/T1ja4YOHmm9by4Ts2jkZzxRgZz/Axd0M5S7/7/X7r3RWnOf7ot5l62x39ejY2vPwXqrc+xbx7H+gXPAK894XP0bRzx7DaNVmFwscjjzyUVMgnxKVEwkchhBDi4iSPXQshJpRdO99JONtzbW0jr778Zjh8VJ1FqM4iLAXBcC3Q8g6BlgMYnSfA29Bvf0WzozgLwRmchME0fBeCSF8rZuBCsFeY0cNnrjod/lzXFpyoprPHQmXvrNoAlY0uur3RPSGHIsWuh9+nWlqZm76Huel7AGjz5VPrmcPsjDkcOJdPZVV30r0gfT4/7e29E/qYenDGcDOAEfCjBzyYRgDF1DENP4pigBEAdDACKIqBLXcNTqcTi0X+y7gUNe3cQeP2V8i7clPUetesUlb86Ccx98m/6pq4E800bn/lkg0eQwyvV8YOFEIIIYQQlwzp+SiEmDBaW9r42F334/cHEpYrKZnC4z/5+oD16W3vEWg5QKD9OIq3Lqk2mIa/TxjZf9KbMaNoKJYUFC0FLK7e9y6wpNDlddDpUTD0AJoKmgqqagaXSnCeC001UVWwaCqaagImCoO/5OtKCn77DNQpW8gsGPtZwMX49nwMWf/ci9jz8odVh7exgV1b3j8i7RFCXHyk56MQQghxcZJuLEKICaOj0z1g8AjQ0NCSVH1a5lK0zKXYAcN9Br3lHfxtR/C1VWCzxt5HUa0ojnxwBEMW0whg+tuDPSID7uDs2gF3sPfgSFPtqLZMlNDLkhq3aJrDR5oj2Yr1gYskoJndaD1HMM6cosNzE+kzNg+rPjE57dryftY+8buYj1Enw11xmrfvvHWEWyWEEEIIIYSY6CR8FEJMGE6Hg6zsdFpbOhKWmzGzOO62UL++yD7dJkDKDNSUGdimfpBv3vcwWepZSotMSgoVpuarpDpj95hQVAuKPQfsOdHHMXz9A0kjAKYf0wgMHE6qtvBM3Yo1PRg2as7E+yRgmgboPcHZvXUPpuGLW1ZRNNAcoFjA8GIa3ui/MEVFUe2g2S8sFQ3V9GE27wAJHy9Zb995a9TkMsmKnIRGCCGEEEIIcWmR8FEI0Y9JMIsyB3hP321cyLAulDUvlO27vc9nMrKZNX82+954J2H7ps+fy5nu0GOoEfsnKbe0jG2/q+WliMPMmaqzYJrB7GKTkkKV4nwNVYlfq6LaUGw2sGXFLRMOIY0AphlAUS2gWEG1oijqIFocqs+H6e8KhouhkFHvCc7gnSBsHDGqDX/uVXi8Znheb0W5MMe3Aigo0euU0PrelxJZts/2GO/F0I3WI4iHHryX3A3lFN1yW79ZsPtq2rmD2j9sveTHeBRCJE8enxZCCCEuPhI+CjGJGb3Bn2GCQTCIi700Y6+PqCNy23gOBLvyirVUHK+ktbk15vaZc2eyeHUZxjAaubp8LWdOVHD84PHwupPVGierg5PG5Bflc/PHbmPNIjvW7pNo3Wew9tRiDTQN6jiKagEsoA0+SDNNHdPfEX7h7wgGjuPJ8NFTcD2+hJ06R+5fTyiEVLkQRqqhZZ9twaUSZ31wqUbUcTEayxv2pp07aNq5A8eUInI3lJMyYyaOggIAes6fp/tMJU07d9BTVztmbRJCXJwkjBRCCCEmPwkfhRgHobAwKjTss84wzXAg2DdcjAwdLzbL1q3ANE1e/MP/cvbkmahti1Yu5tpbr6N0wexhHaOopJjNH9oCisLx945FbcsrzGPz7VtYdtlyfIAvbWHUdlvnkWEFkomYgS6MniZMbxOmv33E6h0pXQu+ja9wy5gdLzIUTy7TTO4bIjKE7BtKhj/3BpmR62KVG2/xbsrHagKGnrpaqp95clSPIYS4dAx07ZIgUgghhJicJHwUYoSYgG7Gepkx14v4ll++kvyiAqoqztFY34CqahROm0JJaQm5hXkjcoy5S+ZTPGMqR/YfprGugUBAJzsvm7mL55FfVBB3P1/awriBpMVzBs3bCKaOYhoo6ICBYhoQ+mwaKBh0dBkYhoFLa0YLNAYDR907Iuc2GtxzHsI79c7xbsaICIX2ib8PB/4m1ZRYLyXm+rG6XVYURWZ+FUJMapHXMLmOCSGEEBcHCR+FSEIgRngYiBEqXow9EcdL8YypFM+YOqrHcKWlsrp87bDriRVIxrP/jT2888Zezp06R2N9EzZ7EfOXbmTZmiWs23QZmEZveBkMKkGH3vfBdcFAM1Rm92u7eO25l1AVM9gjTzV735sR72HFujLWXLmmNwjVe+vtc6ze9eEyoeOi0zPjU8P+e7rYxP5FQv+LgBojjLT0CSktvcuhineTLjfuQojJJN51TK5lQgghxOQm4aMQfegmeA3wGeAzzN7leLdKXAzefXsfzz3xLHVVdeF1Pq+f9/Yc5uC+I7i7/Vx10weA5EdOrOk4zqnzGQOW00qms6zg+qE0WwyT0fuLCX/U2v5fYZsaeinYe98PNpAM3aRHvoQQYrKQa5gQQghxcZLwUVzy/EYobDTDoaM8Fi1GWktDE68++3JU8BjJNEzefOVNZi+cR8mcmUnXm5qellS59Mz0pOsU4+PCLzqCFyBNIRxC2pTg0hKaLVxRMHunek/UU0hu3IUQk0mia1fkOrm2CSGEEJOLOt4NEGK8tflNGrwmbX7w6BI8itFx9tQZThw6mbBM7dlajhw4NKh6i2dMx5HiSFjGZrdSunDOoOoV4083oVuHNj+c95p0BKIvTn1v0GP1GJIbdCHEZDLQdUyua0IIIcTkJOGjuOTZhzPQmhBJaqitT6rc+arkyoXMXTKPDe8vT1hm1RVrWLpm2aDqFROPXY1/0x3rZl1VVVRV/psXQkweoetWsr9IkSBSCCGEmBzksWtxyUvVwO5U+o3xKD0gxUjStOQut8oQwqKrb3o/AK88+xKGfmGAUqvNyprytZRf975B1ynGl0UBa8QYkNbex65j6XvzHQoeQ0shhJgsIq9dsa5tQgghhJicJHwUlzxVAXvv2GoQ/MHWMHvHXzPB3xtI+o3grNdCDEVRSXIzd5fMnjHoutOzMvjg3bezdPUyjh88SmtTK2kZacyYO5OytcsHXZ8YW5beYNEaChp7x3hUo+6zL4zxGEvf3o7S81EIMRnFuoYl86i1BJNCCCHExCbhoxAxqAo4NAiOpBf8gdYk2Buy/8uMuV6ISFNnTads7TLefftA3DKz5s1iXtmCIR9j9qI5zF4kYztOBArB64jW76XEWBe6ygyi/t4JZ+KNjxa6adc0bTROTwghRoWmaQkfvQ6FjBI2CiGEEJOLhI9CJEkh2EPJ0u/n3f4/AOtmsPdkOIwk9PlCUBm5XbLKi196ZjofuP16ujq6OH30VL/trjQXV15/FVOmFY1D60QyVKIDRTUiUAy/J3r7SIqc4Tryc6Lg0TRNFIcDs6dnZBsjhBAjTHE40DQtYQAJsYeaEEIIIcTEJuGjEKMgFD5Y+23p/wOySTCIDC0NEwzA7F1e+GyGP4f3iSgTWY+YmEpmz+CWu2/jvbff5eTh49RX15HiSmHRiiUsv3wF85YOvdejiC3UA1EFlMhln3WqosQsq/aWDW2baLe4kYFkKHg0DCMqfEy/chPt214Y55YKIURi6VduigofY439KEGjEEIIMTkpZqJBpIQQk07fIDIUZPYNOU0uBJpmgrJmjHVCjJTIUE8JhXwR7yMDwwvblKj91Bhl1Yi6Lyah/7JDS8Mwgt/HhhF+6boe9QoEAtQ//hgd21+RHpBCiAlHcThIv3IThZ/5eywWSziA7NsLsu9EWvIIthBCCDF5SPgohBiUUBgZfs+FcDJ0MRnwc586gmXM6O0R+9JnX8w+nyOWsbb1e9/nqtf3IhjzojiKwasS/iPG+kSfldjblMilEmNdxLZ+62OtI+Imr0+56DIR72PUFbVPn/1FcvqGj6Zp9gsf44WQoVdoW2RwGaonsk4hhBiOvo9KR/ZkDPXODi1jvSJDx1iTz0j4KIQQQkwe8ti1EGJQIkOmqJUjUrMQIpHIcR77jv/Yd2brvttDZXRdR1XVfsFjZPm+4aOEkUKIgSQai7HvuLSxAsjIZazQMVbdEjwKIYQQk4OEj0IIIcQkFXnjHTn5TKzHEhVFCY8HGSt4TBQ+CiHEYMULH/sGkJGvWJPN9N1fCCGEEJOPhI9CCCHEJBTZCxKImmwmtIwsG1ofr8dj36UQQgxXrEekYwWQfYPIWNult6MQQggxeUn4KIQQQkwifR+5jhQZPMabBTsUPgISPgohRlW88BGIChUTvR+obiGEEEJMfDLhjBBCCDEJxZt8BgiHi7EerU40uUy8HwnkRwUhxEDihYGxHr+OfB/rkWwgavgImWRGCCGEmNz+P8Xtzo7g0pawAAAAAElFTkSuQmCC
----[INFO]----Unable to locate elementPatient Module
----[FAIL]----Element 'Patient Module is not present
----[FAIL]----Element 'Patient Module is not present
data:image/png;base64,iVBORw0KGgoAAAANSUhEUgAABR8AAAJmCAYAAADVS/dbAAAAAXNSR0IArs4c6QAAIABJREFUeJzs3Xl4lOW9//EPkH0SlgATkCVkoUQYIkohGCuWoKCnINLaH6Di8YALVY+gBa1iqhb3pbgcW2Q7FlCwrUWFUwVMUNRAWATDgEGTDIlEyYBBSIaBrL8/spBlZjJZJjOB9+u6vGqeeZbv8zxjox/u7313qqysrBQAAAAAAAAAtLHO3i4AAAAAAAAAwPmJ8BEAAAAAAACARxA+AgAAAAAAAPAIwkcAAAAAAAAAHkH4CAAAAAAAAMAj/LxdAC48JRWVCujcydtlnBcyzAcabYsw9laE0eiFagDPKbbZlGM5LJvNpmyLRZIUExUlg8Gg6KhBCjUYvFwhAAAAAMARwke0q7RvT2jdoVNKio/QlIFBIoJsnmKbTVtSt2pLSmptAONIqMGg+OEmJSYk6PKE0U0GMwsWPuowyHTkLy//WTFRUW7tu2BhssvPp06epMQxCQ4/W7J8hbIth926zgtPLaq+nvv3IZ0Lr0JDDYo3mRRvGubWvWWYzU3eW4140zC98NST9bZNnDK12ce6ez1JmnP7LMVERTXreTiq0xlPndeRLalbtf6DDS6/75IUYTQqcUyCrkka5/b3EwAAAADgeYSPaBe5P9q17JM8bTYf05iRA/RB3hltt5ZoysAgJRoDvF1eh5C2I10vvfqaim22JvctttmUtiNdaTvSFWow6N2317RZHVtSUhVz+2y39s0wm11+nmOxKH64yWE4mm2xNCtIbIm6gVbajnRJVYHk1Osn65qkcR69dnM19SzrsrnxHfF12RaLXnrltSZDxxoFVqvWf7BB6z/YoFumT9PMGdM9XCEAAAAAwB3M+QiPKq+o1JLUXP32f/Zos/lYvc+OnanQ8m9O6yVzsbJOlXmpwo5hc0qqnnjmWbeCx4ZacowrW1K3ttm5im02rVm7rs3O1xayLRa9+MqrWrAwuc2fHdyTbbHowYXJbgePAAAAAADfRfgIj9mwr0BTX92tlZ9953K/Az+V6emMYq3OtutUaWU7VddxFFiteunV1zx6jea0qdaMqmwr6zds9MmQKcNs1t3zHmhVAGkICXH4bKOjBjV5bHTUoBa1D0dHDZKheiRpTFSUDCEhbX4tT523xkuvuDfCFwAAAADg+zpVVlaS9qBN7c09qWWf5Gn34ZMOPx8zcoCKu3dz+Flgl066YWCQJvYL9GSJHcrjTz+j7ek7nX4ebxqmeJNJBVarCqxWh63Km95f79a1br3jLhVYrU3ud03SOM2fe1+T+2VbLLLZbE3OVxhvMtXO21hXsc2mJctXOBxtaQgJ0arlSx22bLuakzDeNKz2749arbJajzncr0ZMVJT+8vKfHX7mau7HqZMnaU4T7enO5n68PGG0Hn/kYYefubq3d99e4/B5rF67TmvWvePwmMce/oPTeTeb4onzbk5JdRm2R0cN0iUmk6Sq71d2jkW206fr7UPbNQAAAAD4DuZ8RJs5VlSipZ/k6f0vj7b4HGfLK/WOxa40a4luGBikS3v6t2GFHdN+J0GTISRELzz9ZKORZc1ddKVGtsXiVvAoyWUYWpe7o94yzGZtTknVhPFJ9baHGgxOV+6OiY5q0QrHDRc/qZ0rcMNGh/tnWywOa2uKoRWrL7d0wZSWPI/QUM+sEt3S87qa2/L39/13o/fgKgAFAAAAAHgfbddoE3/7/Iimvrq7VcFjXd/ZyvXa1zb9JdOm/NPlbXLOjijDbHbafho/3NSmq/puSUlttM0QEuJw4ZW2br2WpDdWrPRKq22E0ag5t8/WnNmznO5DuNV+nAXghpCQZgfAAAAAAADvY+QjWuXjg8e17JM8WY6dbnrnFth9vFS7j5fqP/oHasrAIPl37uSR63REzlY0rhtIxle3p7ojzcFoxvjhJiUmJDhse96cmtridl1Him02rf9gg9faZadeP1lp6ekOR41WtbObm/U80TLORu02bK2uEWE0Kt40TBFGY+0o2UuG854AAAAAwFcQPqJFMn8o1rJP8vTZN4Xtcr1/HzmrNGupbhgYpLF9Atrlmr4uw3zAYTtwU/MMOuKs5ToxIcFpwLg9faeKbbYWtfo6s2bdO5owPslpq7WnXZOU5DT8+mo/4WN7MBp7O52H86VXX9Pv7/vvetsmjE9iRCQAAAAA+DDartEsxWfK9OdNObp16b52Cx5r/FRSoTezTuvZ/cXKPFnWrtf2lqbmDXzp1de0YGGy23MwOuOo5VpSbfB4ecJoh5+3deu1JL34imdX9nbF1Yg5V3MRou30cRE8b05J1a133KUtqVtZDRsAAAAAOghGPsJtf9/5vZZ9kqeTdu8Gf9+cLNPz+4v1i4gA3TAwSOGB52+GHhMV5XIkmFQVimWYzQo1GJQ4JkHXJI1r9gg9hy3XpmG1oxovMZkcBpxp6emtGnUWHTVIOZbD9bZlmM1K25Hepi3d7mrLEZcZ5gPMFdkCiQkJLhdMKrBa9eIrr1btOyZBiQkJDuclBQAAAAD4BsJHNCnt2xNa+mmeDuYXebuUej4vKNF2a4mmDAzSpAFB3i7HY349ebKWrFjZ5H7FNps2p6Rqc0pq1SIqs2e5FeC5armu/fsxCQ5raG3r9czp0/XXFSsahatLVqxU/HBTm7Z0uyveNMxh+NUwJG1KTSiM5rlmfJJWr13ndI7HutJ2pCttR7qWLF+hqddP1g2TJ3nlOwMAAAAAcO78HTKGVsv90a5H3z2keW8f8LngsUZ5pfSv3DNa+GWRdh0v9XY5HjH1+snNHtlVYLXqiWee1RPPPNtke2rGfscBWd3gMsJoVHTUIIf7OWvZdkdoqEG/m914jsoCq1XrP9jQ4vN6Am2+7SPUYND8ufc165him02r167TgwuTlW2xeKgyAAAAAEBLED6ikfKKSi1JzdVv/2ePNpudt/v6kh9Ol+uvmTa9ctCm3OJyb5fT5ubPvU9TJ09q9nFpO9L1xNPPutzH0UrWRmPvRi3Ilzhp5XZ0fHMkjklQvGlYo+1r1r3jcESmtziqEZ6ROCZBLzy1SEZj72Ydl22x6MGFyQTFAAAAAOBDCB9Rz4Z9BZr66m6t/Ow7b5fSIl8VluqJfUVam2OXvazS2+W0qTm3z9YLTy1qdghWM4eiIwVWq8ORYlckNG7XdtbC7axtuzmcjXTz5uIz8K54k0l/fXmxbpk+rVkhZLHNpjVr13mwMgAAAABAczDnIyRJe3NPatknedp9+KS3S2kTW74/q+3HquaDHN830NvltJl4k0kvPPWkCqzWqvnu0tNdLs5RIy3d8QIuzkLJDPMBLViY7HZdaTvSNfX6yW7v31CE0ahbpk9rtECLN+ZMdOd5uuOapHFNLsbTnGd8IQo1GDRzxnTNnDFd2RaLtqSk6iuzucn5N7ekbtWc2xu38wMAAAAA2h/h4wXOeqpEyz7N0/tfHvV2KW2uuLRSb2XbaxelGd7D39sltZkIo1FTr5+sqddPVrHNpvUfbHC5srKzQM1Zy3Rz583bkrq1VeGjVDW35ebU1EaLz7RnAOlqBGeig9GgrkQYjc1edRzOxURFKaY6UMwwm/XX5SuchpDFNpuyLRbFREW1Z4kAAAAAAAdou76A/e3zI/r1a7vPy+Cxrpyici0+YNPSQ6dVYK/wdjltrmZ02JzZs5zu4yhUc9Zy3RLZFkurzxVqcLz4THtyNhJUkuKHEyT6ipoRwK7asW3M+wgAAAAAPoGRjxegjw8e17JP8mQ5dtrbpbSrHcdKtONYia4fGKQpA4PUydsFuWFzSqq2pG6tN/rvlunTNHPG9Eb7XjM+SUtWrHT73K6CtpbYkpJaOzKtpWoWn2mr1ufmWr9ho8PthpCQC24U3cQpUyVVjeCMMBoVEzWoTVqZXZ0322LRkuUrlWOx1C4aE28apheeerLReUINBvUxGhuNlAUAAAAA+BbCxwtI5g/FWvZJnj77ptDbpXjVB3lnaluxE40B3i7HpQKr1e22Y1ctw44WqXHWcu1qrsLiYpueeMbx6tlp6TvbJJyaP/c+3XrHXa0+T3O99OprTp9ha1vKO7ICq7X6ubTtAk6Ozmuz2ZrVZl/gIniMvsDCYgAAAADwVYSPF4DiM2Va+mme1u343tul+IxjZyq0/JvTtSFkbNeO/Y9Csc2ml1ysDN1w1J6rluup1092OcovOmqQw7n2as7Z2hGCzhaf8ZQCq1VLVqx0OhLUEBJyQYePbam4DVuhXYXFRmNvhRoMbXYtAAAAAEDLdezEBU36+87vteyTPJ20l3m7FJ904KcyHfipWOP6BmrKwCB19ff9Zuw1695RhvmALqmegzDbYlHGfrPLYKfhStfOgj2jsXeT4WFiQoLThT7aovVacr74jLtcjYiru8K0rXphElfm3D7baZBVXNzyMK2lc2TabM2fLsHV/IdVbf3129xdjaJtj/PWlWE+oLvnPaD44SaFGgwqsFr11X6zy3NNSHK9yjgAAAAAoP10qqysbNteOviEtG9PaOmneTqYX+TtUhoZM3KAirt383YZjQR16aQpA4M0sV+gt0uptXrtulaPALw8YbQef+RhSdL6Dza4NS/knNmzGo32czT/pDO3TJ+mCeOTtCV1q77ab3Z6TExUlCIijJo6eVKjlaHTdqQ7bfGWHM8FuGBhcr35AlvL2fyajuYmdCQmKko3TJ5Ur4295lh3nmPdd7dgYXKdVmXnQg0Gvfv2GknSkuUrlGE+0CYLC9V93p46b4bZXC8cbglDSIhWLV/KyEcAAAAA8BGMfDzP5P5o17JP8rTZzCIMzXWmvFLvWOy1rdiX9vT3dkmtFh01SPPn3lf7s7uhnKP9mjP/ZM3+q9euc7lPzSrZ0YMGNQofW7L4THPqc8UQEqI5t892Ovelu3MTZlssjcLC5sxrWHdkobvH1H13bbEKuSOeOm9rGUJC9MLTTxI8AgAAAIAPIXw8T5RXVGrZJ3la+dl33i6lw8uzleu1r236eS9/TRkYpH4hXbxdUotcnjBa8+fe16GDmPlz79Pv5t4v22n3Wo2Nxt6tXv34mqRxmjljuiKMxladB+2rJmi/0FYlBwAAAABfR/h4Htiwr0DLPsnT0ZNnvV3KeWX38VLtPl6q/+gfqCkDg+Xfuf1rmDljuhLHJGhLSqq+MpudzrVYwxASosQxCZowPqnRSEKpajGXuitfH7VaWx3WeVKE0aip1092u/W8j9HY7PuJNw2TwWDQJSaTEsckEDp6UbzJpFXL3lDajnSlpae7Ner18oTRSkxIcDpKFQAAAADgXcz52IHtzT2pZZ/kaffhk94upVl8dc5HV3oEdNaUgUEa2yfA26Uo22KpbcfNzrEoJrpqpFeE0ehTwVmxzaYcN1tzfa12+I6681zW/b4bDAZGOQIAAABAB0D42AFZT5Vo2ad5ev/Lo94upUU6YvhYY0g3P00ZGKS4bgwaBgAAAAAAaArhYwfzt8+PaNmneSopq/B2KS3WkcPHGldGBGjKwCCFB3qhFxsAAAAAAKCDYPhWB/HxgeNa9mmeLMfcW3gDnvVZQYnSrCW6YWCQfjUgyNvlAAAAAAAA+CTCRx+X+UOxln2Sp8++KfR2KWigvFJ6N/eM0o6V6oaBQRrVy9/bJQEAAAAAAPgU2q59VPGZMi39NE/rdnzv7VLa3PnQdu3IJeH+umFgkCJDu3i7FAAAAAAAAJ/AhHU+6ujOR3Xixzxvl4Fm+OmMTSlZK7xdBgAAAAAAgM8gfPRRF4UUa37If+qFUSky9aU73pd19Zcu75quiNO3ylCxx9vlAAAAAAAA+AxSLR83omSlRhhX6t99ntCbh+J04nSZt0tCHSO75cqv+GmVnzrp1TqKbTblWA7X2xZvGualagAAAAAAAKoQPnYQ/1HxmMZdPEBv2R/ROwe7erucC15c2Cn1KvtflZzcLm9Nmro9fac2p6YqO8eiAqvV4T6hBoPih5sUbzIpMWG0IozGep8vWJjcZvW88NQiSVK2xaIly1e63Hfq5ElKHJPg8LMly1cou0GQ6khM1CDNuX222/u3xAtPLXLrftxVU3ONlj7/S4abFGE0Kt40rNE7BQAAAADAlxA+diDBZd/pdv/fKenn/6HVx2/W557JW+BC3+ByRft9pNKi1SrxUg1pO9K1ZMVKp4FjXcU2m9J2pFcds3yFpk6eVC/8yjCb27w+m83W5HkLrFbFDzcp1GBo9Fm2xaIM8wE3rlTZzP1bxp37cV/9qLql5617XLzJpJkzpineZGpVZQAAAAAAeAJzPnZA0aX/1mPdbtbjI9MV1dPf2+VcEAK7SAndMjTAfrNKi1Z7rY4lK1bqiWeedSt4dCTbYmnjilqmwGrV+g82eLuM80KG2awFC5O1OSXV26UAAAAAANAI4WMHdkXZq1ra///prvh8+XfhVXrKJV2P6rLOD6ry5NNereOlV187rwK79zZsbHGIisZeevU1pe1I93YZAAAAAADUQ9v1eeDGTg9q3KXxWnNqrjZ+E+Ttcs4bMaF29a1cq5JTm1Xu5Vo2p6S6NbLNaOytUIOh0eIzzrz79hrlWCxO5x40GntrQlJSvW0FVqu2pG51es54k0mrlr1R2x7uTLHNpiUrVuqxh/9Qb/sLTz2pDLNZm1NSHV7HaOytv7682GHL9rkahtW2IW9OTZXVeszhfrdMn9bkPblzP3WvVyPbYtH29J1Oa5Safv6GkBDFREfV/txUe/mSFSudzqUJAAAAAIA3ED6eJ3qWZmhu8GyN//l0rfphivbmV3i7pA6rV2ClhgR+qtJTS7w2r2NdxTab3nAR4hmNvTVz+nRNGF8/JFz/wQaX4Z9UvSCNi7kC+xiNmjljeqPtrsJHSYowGuuFZs6k7UhXhtncqIZ4k0lf7Xc8H2Ifo9Fl8ChJM2dMrz1nhtnsNHyse29fudivqfupmnex8XOaOGWqyzqbev4x0VF64akna38uttm0ZPkKp8+/wGpVtsWimKimnz0AAAAAAO2BXt3zjKl0nZ7vNUMPXmqWMYxsublGdftG0WdnqPTUEm+XUmv9BxtUbLM5/Cw6apD++vLiRsGjJLfCP1/w4iuvebsESVWhpq8LNRg0f+59Mhp7O93H5uS7AgAAAACAN5BOnaeuqXhG4wZ301tn/6Q1B3p5uxyfZ+r6o7qd/atKT7b96s+t5WqU4fy59zU5CtATXnhqkQwGQ5uMsCuwWrV67TqHIwfdERMVpaNWq9NRiy3RsN25pdryOdV1icnk9HtRXEz4CAAAAADwHYSP5zG/8pP6T7+5Svr5WK0unK2tObzuhgaGlGhg5/dUcupfKvV2MQ4UWK1OF2W5PGG0y1ArwmjULdOnKcJoVJ+IqlF9hjYKKl21CrfEexs2asL4JEW0YPThnNtna87ts1tdQ9325rbS1s+phqvnFBra/mE0AAAAAADOkEZdAAaUbtMjYdt09cjb9bfvrtE31jJvl+R1Yf6SKSRd5ScX+8S8js64Wr04McH1wiIRTuZr9EXFNptWr12n+XPv83YpHUKG2fkI3WjmewQAAAAA+BDCxwvI6LLlGt13ud7vu0grvx6s0yXeXsPZOy7rlquA4qdVfvKkt0tpkrO5HiXVjmb0pALrMa1Z947LfRyt9NwUo7F3ozbpLalbNWF8UpuPFow3mZpcJbq1MswHmnxO1ySNa9HIzoYKrFan93NN0jivtOEDAAAAAOAM4eMFaIqS9UtTlN6yPaT1h8K8XU67iQsrUq+ylSo5uV0dZS3wbIvF6Weeaumtq2Y+RldumT6t2bXMnD5dS5avkO306Xrblyxfqb+8/Odm1+ltGWazy9GIUlVI29rwMdti0UtOFugxhIR0mJGuAAAAAIALB+HjBapbuUV3B83R+JGTtco6XTu/83ZFntM3uFzRfh+ptGi1T7dYO3K+rlzcJ8KoqddPbjRaMNti0foPNmjq9ZO9VJlvybEc1oKFyZJct1objb31+CMPt8nISgAAAAAA2lJnbxcA7xpStkFPhd+shSN2q1/38yuLDuwiJXTL0AD7zSotWu3tctDAzBnTZTT2brR9zbp3XLabX0iKbTaXoyqNxt66Zfo0/fXlxW2+ojYAAAAAAG2B8BGSpF9WLtabkdP1X8O+93YpbeKSrkd1WeeHVHnyaW+X4jHnQ0C3wMECM8U2m5YsX+GFajqe07bT6tSpE/M8AgAAAAB81vk11A2tVKmb/BYo6bKRWnPybm3KDvJ2Qc0WE2pX38p1Kjm1Sef7cjo5FovH532MNw3TC0896cHzm3R5wmhtT99Zb/uW1K3tMqdlW7ll+jSvzLdYs0p4cXGx5tw+u92vDwAAAABAUxj5iEb6lO/R/NDZev6yf2tYn47xFekZWKkrun6insX/pRLbJm+X02ZcBXDZOc4Xo+lIfnf7bBlCQhptb2oBlwtBTVv1LdOnaerkSQ6fkySt37BRBVZrO1cHAAAAAEDTOkayBK+4tPwtvRwxQ/PiD6p7cBdvl+PUqG7fKObsDJWeWuLtUtqcq3n80hqMFnRkS+pWZZgP1P7lavVsb4kwGllgxok+RqNmzpiumTOma87ts/X4woed7tvUquQAAAAAAHgDbddo0q86PaVxQ3rprTOP6e+Z4d4up5apa6G6nf2LSk+evyPkYqKdh481C5G4Gh354iuvNtq26f31ra6rwGpVgfWYJCk6alCr5xycOWO6Nqemylp9zvNFWz+neJNJ8aZhyjAfaPTZltStmnr9ZBaeAQAAAAD4FEY+wi0hlcd1R+B/643LVuiKSO/OpjgwpES/CP27Qk7drdKz52/wKFWNCow3DXP6+ZLlK72y8MzmlFQtWPioFix8VL+56RZNnDK11SPvHC0+09E5ek6tbSd3NbfkkuUrW3VuAAAAAADaGuEjmiW6PFWPd79Vj434TIPC27cVO8xfurxbuvqcvlUlxf9q12t70zVJSU4/y7ZYdPe8BxwGWh1tNeyaxWfgWs3oR0dqRsMCAAAAAOAraLtGi/yicol+MWCJ/nHRU1r5dZTKyis9er3LuuUpoPgplZ886dHr+KIJ45O0fsMG5VgOO/y8wGrVgoXJijAaFWE0qk+EUUcLrG4vQOIqpLTZTjdq8bXZbI1Wp24rv7t9tjL2m2U7fbrNztkeC7FYjx1r9JwKrFZtSd3qketNnTzZYeu1JK1e+45eeKrjrBQOAAAAADi/ET6iVX7bZaHGxf9Ma4p/r//7NrTNzx8XVqReZf+rkpNpqmjzs3ccjz/ysH43936XoVzV/IJWZbg58K3AatWade/oq/3OD8i2WLRg4aPNqrUmdEvbke50nyXLV8pgMGjmjGn15qysWXxmzbp3mnXNhtJ2pGv9ho2SXK+aPXHKVEUYjUpMGK05t892uI87z2lzSqo2p6Q2u84nnnlWBQXOw9Ecy2EtWJisObfPqp3LcfXadS7D3wyzWXfPe0AGg0EvPLWo2TUBAAAAANCWCB/Rar0qvtG8kLs0/tKpWlVwo/Z93/pz9g0uV7TfJpUWrVJJ60/X4UUYjXrh6Se14JFH22xUYIHV2qLAzJ3zNjX/Y82q21/tH9ZowZyZM6YrLT3d6UhPd2RbLG63HxdYrS5XAffUc5LkMqCVqkalZpjNstUZnZphNje5arkvrmoOAAAAALgwET6izQyvWK8Xeq/X5t6/15vZo3SsuPkL0wR2lkaEZajy5NMq9UCNHVlMVJReePpJvfjKq60K5jqC390+WwsWJnu7DAAAfEZRUZHsdrsqKz071Q0AAB1Vp06dFBwcrLCwMG+XggYIH9HmJugl/TI6QG+XPqO3vu7j9nGXdDsqw+nFKjuZ68HqOraYqCj99eXF1W3FG5zO+9eQ0dhbVyQkaOr1k2u3RRiNniqz1eJNJl2TNM5jcyYCANCRFBUVqbKyUr169VLnzqwXCQCAIxUVFSouLlZRUREBpI/pVMkfn/qk07vvVemRDd4uo9XyOiVozU93aevhwNptY0YOUHH3brU/x4Ta1bdynUpsm7xRYpvqERKpaZe90W7XK7bZlLH/XBuuzWbTUau1dn7AmKgoxURHtWvQWGyzKcfNtt+aRXIAAIBzVquV4BEAADdUVFTo+PHjMvLfmT6FkY/wqIGV6XqkW7rGj/hP/S3/Wn177NyyMT0DKzUk8FOVnVrCvI4tFGowKHFMghLHJHi7lFqhBkOjeRwBAEDLVVZWEjwCAOCGzp07M0WJDyJ8RLtIqPybEi76m9ZH/FFfVl6kUd2+UaeTf1TZWW9XBgAAAAAAAE/hj1DRrv7foP2aO+KsLgnd5+1SAAAAAAAA4GGMfES76BI+UkFx8+RnHKsYSTG6WD8zjtfu3NU6XLjD2+UBAAAAAADAAwgf4VGdAnspKO5+BUTd0uizXoYYXTv0ceUc/0y78tboxGlWuQYAAAAAADifED7CYwJj71Rg3Dx18jO43C+615WK7nWl9h55R7vz1qi8orSdKgQAAAAAAIAnET6izfn3najAuPvVpdvFzTru0v7Tqlux1+jrgo88VB0AAAAAAADaC+Ej2kyXrnEKjLtf/hdd2+JzGAJ66arB8zTYmKTdeWv0/cmMNqwQAAAAAAAA7YnwEa3WqUuwAuPuV+Dgu9rsnBd1i9f1w59XZsEm7cpbLdvZ42127o5u4pSpbu0XExWlv7z8Z7f2Xb12ndase8ftGja9v96t/bItFi1ZvtLt89aIiY5ShNGoeNMwxURFOd1vc0qqtqRudeuc1ySN04TxSS2qreGxDXninQAAAAAAcD4gfESrBAy6WUEX369Ogb09cv64iIlVoyBz12jvEffDMVSFawVWqyKMRq/VYLPZlGE2N/u4usdEGI2aOWO6rkka12i/AqvV7fPHm4a1uLaGx7aUL7wTAAAAAADaU2dvF4COyc94pULHvqvgEU97LHis0aWTvxIG/ZemXbZUMb2u9Oi1zjdpO9K9XUKrFVitevGVV7VgYbKKbTZvl9Nq58M7AQAAAADAXYSPaJbOREoqAAAgAElEQVTOhoEKHrlYhsQ16hL+83a9do+QgbombqGuHfq4eoXGtuu1O6r1Gza6tZ+7I/EMISFtNgqwuTLMZr306mteuXZbjlR0t00cAAAAAIDzQafKyspKbxeBxk7vvlelRzZ4u4x6AuPmKShunqRO3i5FkpSR/y/tzlujkvLT3i6lVo+QSE277A2PXyfbYtHd8x5wa9+/vPxnl/Mm1pVhNmvBwmSHn02dPElzbp/tdo2SVGyzKcdiUXaORUtWOJ5f0WjsrT7V4d5Rq1VW6zGX53zs4T8ocUxCvWssWb7Caag3Z/YsTb1+stPztdU9e+qdAABQUFCgiIgIb5cBAECHwO9N38Ocj2iS/4CpCoq7X50Nkd4upZ74fr/Wz4zjtStvjQ784FtBradtSUlt1r4xzQwNHTEYDM0+JtRgULzJ5HKfCUlJmjljeu3PBVarHn/6GeVYDjvcf3Nqar3wMdRgcDkyMSa65SFfc+7ZG+/EkQKrVQUNAlyDIYSwEwAAAADgFbRdw6ku4ZfJkLhaISNf9rngsUaQfzddGXOPpl6yWAN6jPR2Oe0mLX1no22XJ4x2e19fFmE06vFHHnb6+XYfvR9feSebU1K1YOGj9f5asnyFx64HAAAAAIArhI9opFNgTwVf8qRCx66Xn3Gst8txS0TYxfrVsKeU9LMH1TWor7fL8aiaFZMbmpCU5DDsKrBalW2xtEdpbSbCaFR01CCnnzu6f2+6EN4JAAAAAAAtQfiIegJj71DYNZ8pIGqmt0tpkZ8Zk3TTz/9XPx94i7dL8RhH7b2GkBAljklQYkKCgyOk9R90vLb0UBctz74WPl4o7wQAAAAAgOZizkdIkvz7TlRg3Dx16TbU26W0iZ8PvKV6PsjV+tbq/lx8HYGjlt344VXzKl4y3PH8ir7aqtxS0T42fyHvBAAAAAAAxwgfL3BdusYpMO5++V90rbdLaXNdg/pq/M8e1M96j9fuvNUqKMr0dkmt5qy9t2Z0XU27csPFWoptNqXtSK+3UIuvyzAfcPqZq1GRDW1J3eryXK0dRXkhvRMAAAAAAJqL8PEC1alLsALj7lfg4Lu8XYrHDegxUgN6jNSBHzZoV94anSk96e2SWixtR7rD7XUDrEtMJocrRaeld5yga/XadU4/c7aIizObm7EKdUs4W+W6Pd7J5pRUWY/VX9naUdBaYD2mNeveabT9lunTWnxtAAAAAADcQfh4AQoYdLOC4u5Xp6De3i6lXQ3rO1mDjVWjIDPy13u7nBZx1KobHTWo3kjAa8Ynaf2GjW4d60uKbTblWA5rS2qqy8BwQlJSO1bVNEdhX3u9ky2pqS5HddYosFodBrqEjwAAAAAATyN8vID49f6FguLuV5eeP/d2KV4T0CVEiVF3Vbdir9Hhwh3eLsltzlZIbhjGxURFyRASItvp0/W2F9ts2pySqgnjfSu8W7PuHYej8hyJNw3zqdGb5+s7AQAAAACgrbDa9QWgc8gABY/8swxXvHVBB4919QqN1bVDH9c1cY+oR8hAb5fjFndarl1tk6rafDuq6KhBeuyRh71dRj0X+jsBAAAAAKApjHw8zwXGzVVQ3P2SOnm7FJ8U02usYnqN1d4j72hX7mpVVJZ5uySntqRudbj9xVdea7TN2SIq29N3qthma9aCLb7gmqRxmnP77BbVPWf2LMVEO18dOzvHoiUrVraorgv5nQAAAAAA4A7Cx/OU/4CpCoqbp86GQd4upUO4tP80De6dpN15a5RZsMnb5TTirL1XkjLM5madK21Heodo8zWEhChxTIImjE9SvMnU4vPEREe16nhnfOGdXJPU+NlkmM2N5oE0Gnv73FyZAAAAAIALA+HjeaZL+GUKipsnP+NV3i6lwwkN7K1fDr5fP6telOb7k/u9XVItZ+29LTpXum+Fj/GmYfUCtEuGm2QwGBQT5Xy0oi/whXfi6JjVa9c1Ch/7GI2aOWN6i+sDAAAAAKClCB/PE50Ceyoo7n4FRM30dikd3kXd4nX98Bf0dcFH2p27RraS494uyWl7b0tsT9+pAqtVEUZjm5xvwcJHZbOdlqG6bTgmOkpzZs9y+/h4k6lDBmO+/E4AAAAAAPAVhI/ngcDYOxQYd786+TFnXFu6OOLa6lWxV2vvkb97rQ5X7b23TJ/m9DhH7bc10naka+r1k9ukPkn16sswm5sVPnZEHeGdAAAAAADgCwgfOzD/vhMUGHe/unQb6u1SzltdOvsrYdAsDTaO1+68Nco5/lm71+Csvddo7O1yxGC2xaK75z3g8LMtqVsJulrB2TuJjhrEOwEAAAAAoA7Cxw6oS9chCoy7X/4XXeftUi4Y4SGRmhC3UIcLt2t37hodt2W327XXb9jocPsVCQkuj3M1Z2K2xdLsNl/rsWONRu3ZbDanI/k6iuJiW7OPcfZOLmliYZu2ficAAAAAAPi6TpWVlZXeLgKNnd59r0qPbKi3rVOXYAXGzVPg4Dleqgo1vsr/l3bnrVZpub3e9h4hkZp22Rttco0FC5NVYLWqwGp1+HlMVJQMBoPm3D6rUai1ZPkKZVsON7nqcqjBoOefWqTsHIu2pG5VjsWiYlvzw7iGNr2/XlJVe/L6DRuVtiPd6X3UvRdJeuGpRW5fZ3NKqrakbnV5n6EGg6Kjoho9p5pjm7rneJNJ1ySN04TxSe36Tlq64I6j+jrCAj4AAOcKCgoUERHh7TIAAOgQ+L3pexj52EEEDLpZQXHz1CmIUVG+4JJ+v9bPjEnanbdGB35wPAqutZoKqWrmHLQ5CM6yLRa3RiQW22yy2WwqsFqbvF5LFFitWv/Bhib3czZ/ojvnb6ruYptNGWZzo+fk7j1nmM2KNw2r/XtX2vKdtFSE0cjoSQAAAACAzyB89HF+vX+hwLh58us5ytuloIFg/+66MuZe/az3eO3KW60jP33p7ZIAAAAAAAB8CuGjDwu+7M8KGPgbb5eBJkR0vViTTE/rG2uKV1fFBgAAAAAA8DXM+eirKsqkzmTDAAAAFzrmrgIAwH383vQ9nb1dAJwgeAQAAAAAAEAHR/gIAAAAAAAAwCMIHwEAAAAAAAB4BOEjAAAAAAAAAI8gfAQAAAAAAADgEYSPAAAAAAAAADyC8BEAAAAAAACARxA+AgAAAAAAAPAIwkcAAAAAAAAAHkH4CAAAAAAAAMAjCB8BAAAAAAAAeAThIwAAAAAAAACPIHwEAAAAAAAA4BGEjwAAAAAAAAA8gvARAAAAAAAAgEcQPgIAAAAAAADwCMJHAAAAAAAAAB5B+AgAAAAAAADAIwgfAQAAAAAAAHgE4SMAAAAAAAAAjyB8BAAAAAAAAOARhI8AAAAAAAAAPILwEQAAAAAAAIBHED4CAAAAAAAA8AjCRwAAAAAAAAAeQfgIAAAAAAAAwCMIHwEAAAAAAAB4BOEjAAAAAAAAAI8gfAQAAAAAAADgEYSPAAAAAAAAADyC8BEAAAAAAACARxA+AgAAAAAAAPAIwkcAAAAAAAAAHkH4CAAAAAAAAMAjCB8BAAAAAAAAeAThIwAAAAAAAACPIHwEAAAAAAAA4BGEjwAAAAAAAAA8gvARAAAAAAAAgEcQPgIAAAAAAADwCMJHAAAAAAAAAB5B+AgAAAAAAADAIwgfAQAAAAAAAHgE4SMAAAAAAAAAjyB8BAAAAAAAAOARhI8AAAAAAAAAPILwEQAAAAAAAIBHED4CAAAAAAAA8AjCRwAAAAAAAAAeQfgIAAAAAAAAwCMIHwEAAAAAAAB4hJ+3CwAAAAAAdGBnflLekUKV1G4IUGjf/upj8GJNF6jiH3J01FZnQ1C4BvbvrgAvnQcAJMJHAAAAADh/2AqU94OtThBYJaBrhAYanaWBpSr+4bv6YZMkGSIU27fpBLHkyMd67vdvKat2S3dd/8fFumdk92aV3hGU/HhEeScaPl0nuhjUp1+EQluZ2DUKAiXJEKGBfQ31w8Dyn/TVO3/Un7bW2Xn4nVr26HUaGNSMC7bVeQCgGuGjL6ook91mV1lRgbKsRQozxqpfrzAFd8A/ZrJ+/KJe/LifZj07Q3ENPzSv0oNrzuiGhXcqMaz11yqz5+vwIauKJIUZ4zSoT7D8PDKxgFmrHlylE9f9QXPHhdf+fGZqsu683NGNlMleZJcCa96hVSkvvqhtMffoiamRkqqf0xexuuexGxTZkpLK7Mq3ZMpqk4LDIxXbP9xD9w4AAABfdiLzfT34pw91osH2PpMe1euzRiq0i4ODygv1+Yo/aPGu0nqbQ8c9pOX/PUY9HB1zQbIpe9NzmvfOEfd2N4zRH15+SOOMrbikoyBQknperUUv3KPRPVtxbgBoJ4SPvuj4p3r9xU2y1t3WOUyxk+/SnVe05jeXl1TkK98qxTkqveKU7HZJrQwfrVtf0csf5qvML1hhXewqOivJL1I3/P4eJXroF3J+/veSwmt/PmVzciPW6vcZf6uev8VUu9luK6q/n+2UGmxxz9EUvfLqJuVX+CnMIBUVlUlhl+rW+TNkCm7JCesr+3aT3viwVJPum9SyYBQAAAA+olR5Hy7SHUv2V/3YZYjuXLxIv+nfurMG9L9aDz1h0LKXlmrnqdZXCTf8uFtffPuTRvesM7q0S3ddMi1Zfwhbqmc/yGn5uavP88fuS/Wn9a04DwBUI3z0YcYJ8zX/aqNUUaS9b7+ote+v1MaoP2jSRd6uzMd8v1ErP8xX+Li5mnddv6ovdYlV5oN2xfjCnwT2ulQ33BSuMmNM25+7JFNr39ikfON4zb13ovr5SWXfb9Lrr6Zo1apIJd+V2NpcV4W5+5V7xNiyYBQAAADtqkfcFD35xAC9/dJSfXFKkvw14qaHdMe4OIXKpoM5353buTxHB3IKNTkyXL+Y+YDyjj+ndy01xzygO8YObzzqscSmo0VSn5512rGDumtgdH8NMKjp8LHcphO2APXo6u96P9tPOqHu6uHuvJHlpTrxo02Gnt0V0KXB9lNSjx5NXK/6mkfLDerTVG3VBo6dolHlO/TuFwVVGwKide2vhuhoyofa5+Q5FJ/4STJ0d78Vu0t3XXLjQ7rT/pyW7qg7+vEnpe/I1IlR9UemhvaN1sUDeihAatR671ipiq02BTR4bqF9oxVzkYPzlJfqxKkS9XDzxRRbC1TaNUI9mmjXLrYe0dFTJZIC1LN//yb3B9CxED52BJ3DdOnYUdqYsU3Zhwqli8KlskKZP9mm/cftCosaq6tG9VNYZ0knc7VtV74ixyYqMkBSiVWZB/NlD4vUpTFVo/SK8vYq63Q/DY8zyk9lKvw2TWl78lUUFqOxY0erX3VaVZZnVqYhTqYeduVnfq38oghdnBCpsIoi5Wfs1K5Mq9RruMb+0qTwut+konztTd+l/ECTBtnL1OTXrKxQWZ+ladcpY+31y6xZSjtUJNMVlyq8pn34RJb25pap39A4Gev+si4sVKEkU99+564UYJRpRJ19SgqVm5WlrEPZsgb006gxiYrtWb33yVztzfdT3NAI2b/9UnvNVvnHJ2psTHidE1Q/J3Op+o30V5mzW/kxS1/uNcsaNqr2nRQdyVWRgmUMa94wxKIjO/Xp59kqCjQqxjRcl8UYG7VSF+1K0V5bsEbfVBU8SpLfRRM1dmiK1h7MVb4Sq9rdq99J5nHJaBqrq0zh1c+qTNbM/ToVcali/fKVuW+vMs/206grLlW/4KrvSub3dklFytq3V6VBNd+bqntN27FL+UVhivnFVRrdv/qLU5Ir8zdhijOFy34kU1/nn1JE3GhFdmvW7QMAAKAlDBGKHXqZrhzqry92lEoqVbF6VM33aDukg4d+qrNzqb7LtapEEQrtYVBpTbbVJVqjx4xUbN/qEK7cprxd7+nN1f/UF7Udx/6KnfBfuvem63Rxj6aKKtWJgx/rzdVv6aOD5wK0HkOv1m+nXKeJo6Kr2sFP5Wjr+2/rzX/u0dGanYKiNW76TbrtupHqE1SqvK3/q2WfHKkOxAJk6B+nwSW79c/Nh1Rc9QA04sZ7dc84g3a9s1RLt9UU3F1XzH5A/33tcPWo+98SZwq088O39bd125R1pub++2vczDt1168a7FtPd4345XW63nZCm74oqLp2z+Ea9x9jlZf1ofbtP7dn8ZE92vDOm3pzW5127f5jNGPmzbpxVH/HrfB1hHaVfjzScNJH6cTOT7Xvx5EaZ2wiLC236ev1S/X2vhO1z61H/ziFn/hUG744UhsuDhx3px6YdZ0u7urgHAV79O7ij5W6I6d6f39dPPUBPfDbMRpYL4cs1dE9/9baf/6j3ruW/NVnxFUa98urNWXskPqhdrlNB99/UskbCyRF6DfPvKQ7h7JaEXA+IXzsKAL8VfsrxW7WqudXydw5UqbBwcp8/xVt2z5R8+8bL2PnfO3f/J6yuo/WrJ/7SVkpWvn2XqnbWIUvnKRIFWrnv9ZqU/gMXRpnlPXj1/Xix6cUOTRWYZZNeuWz7Zr4wFyNN5Ypa8c/tOrLSF1qytXeDLs06AYlJxhlfvtFrToYprj4ftK+t/XsF8M16+EZigtQVQvwy5uU7x+msKC9Sjtpl+SqVdyqTa8+Kz9DmPztRdr72S7d8PA9SlSudm7YpKzg4VX3ISn387Vau/ti3Tkirv4ZBwxSP5llfn+pNvrdoGuHNgzpMrX2jyu11z9Mxr7h0g97tfezvdX3Kem7T7V2VbbCwkpVZPevatvevkvWO57QjYMlyS7zmme1KqNUwd2CtffLIoejAIu2v6E/brbL3yDZbWna9X3VnI75e97TP7bbVdag7doV69ZX9OKHBTLGDVe/kkylrtol6+8aj3rNteRKMimmwaDKuKtnaVZSv6rg0W7Wqj+vUqYhTsP7S3vfflbb4mcpeXqc/FSo/RvXapNto8LsRbIbgqWibUr7xq7kuxOVv2ejPv22SJK/srZt1P7g8YqMMyr8aIpef3mTTvU3KbZrrjb9zyJtnzhfc8cZVZazS/9YtVORl5mU+6VZdkXqhuTRtGwDAAC0l4BwDYgeIO2oapnNO3RIR0ui1ed4pvY1mK4w72COjp4ZroEncvTtj9Ub+w/X0F7ngsevP1isB9/c02AkXamyNi/Vgyf89fqDV2ugs1rKbcr6cLEeWranOhw858TBj7X0iDTg1Xs0wrZNf35isbZaG+x0Jkdb33xSuzLv0eL7L5fth/3aWfcm9u3RF/UOsGnfP5/THf9sWMhP+mLFc5LhJf1hfETVQi1njuij15O1eNtP9XctP6Ktb/5RR8tf0vM3RtdZ1MWgi296Te+Oq1oAJrRvuLSnwWX8B+jKOS9p6JkA9ewfobP739T9T76vvIblHNmhtc/s0dczFyl56hCXAWRx7p7a0Ddg5I2aXP6+3t1XKtn26LMDhbrCGNHEKtSlKszdo5376oSB+xoWLuVtXapH7f56/fdXq0/DE1r36KN676ZUX69/TovK/6TFtw2vqr/cpqz/W6yHVjR+11Kpju77WGsLDBoxcoh6OAo4AZy3WJKiQ7DL/HGaChWumCHhyk/dKLMtVjfOv0e3Tp+l+beOVvD3m7RxX5kU1k+R3aTc3MOSJOuRXCkmVpEnrSookVSRq/zvpciYWKlkrzZ+nK9+v5qne26doVvvvVVjw/K17bMsSX6KG5uo8IpM7T2eqLlPP6/n705U2Pcp2pghjb51vmZNn6FZ992gONtepewqklSmvR9tUn7gaM16IlnJC5/QvKvDXd2YpGCZpj+hp5OT9cRDk9SvIlfbPs+XjLGK6yZlmvdXjzK0KutQkTQ4TrENT9FtrGbdlijj2SxtW/WiHnl0kV5fv1eFtcMT4/Tbx57W84uSNf/uezR//iT1q8iX+UBhvWfcdcQsJT/5hJKTb1Sc7DqcW/3b9fsUbcywq9/kh/XEwmQlPzFDjiJEe9ilmpX8tJ547GFN6i/Zs7NklRQ39Z6qkPNogRr+u5Rjhdr/Vb7U8yrdOmuGZtx6j/6wyHG7fWlF1f/6N/gnOfiiOMVVj0TMT90oc8Vo3frALM2YPkvzfh0n+5cp2lkvQe2niQue1tPJT+iuK8Okw1nKlRQ3NVl3XWWUdJGuvS9ZyXckKrzmPV80SfPuvVUzbr1Ht14RpvxPtilLkl/cWCX2lDL3nVDivKf1/PP3tMmCQgAAAHCXv/oMGaI+1T+VHM7RUVupbD8c0XflDXbN3a+sE/U/6zEkTn2q216LD72n/6kNHg26eMKNuu3GsbVhY8lX27TPWipnig+9p8V1gsfQoVdrxk1TNLruaILSAn3x9tJzwWPPkbr+pps1Y2z0ufPseEvv7jutPkOv1rVDG6yi3WO4rp92o8ZFNbi4caR+M22Krqid09KmXV98qaMlUk14+npN8BgQrXE33qwZE4bUBnlff/6l8hoPOFRo32jFxkarj8HBiMMu/urRP1qxsf3Vw5ahtUvPBY+hQ6/WjJk36tohNceVat8//qHPf3D+/FRu08EdO6pHgho06sqrdO3Y+OoaS7Vrx34VNtVf3cWgAWNu0LioBqMJAyJ08dAh9VawLt7xvj7KcnDTktR3pH4z7UZdG3vuvvN2bNfB6hbz4qz3tLhO8Nhj5HW67bbbdFudZwrgwsTIRx9m/fQNLUqX7EVFKqvwU7/r7tGkiwqV8vdCyThKg2q6eOPiFKOdyrYcli6L1aBIadt3uSrUIB0+UqhI00RFfP+e8nKl0cpWtsKVGBMmZWUqs0KKLMzS3n1VpyoLk+zf5apQsQrv7Cc/Saarz7X0Fh7KVqH8dLpgr/aekaQiySDlfpcvScrMlGSKU1xNGNa5qa9YmPpdVH0j3eJkMm7Uph+tki7V8PgwbftivzIrLpXJlqVMqxT3y0ZrZledZegNmv/keOXvStF7H+9U7va1evabXN15/w2KDZD8Au3KP5il/KJS+QcWyk+Svbxu87RRpoTYqtb1gJB6/2BU3bNRE4dUJ2idHbc1GE2jFRtWdU/h4dK5XpHmClfc4HBt+jRFb/yPXVdNHKvEweEO/2FtGDo2VqjMbwulgNOyZuyVXZKKpGDlKvc7KXFo9W4xozW6ug09OLip9vCsqvfcv1BZ+/ZWbSrrKtnzlfujFNtT8usiyTReEy/i/2IAAAC8IXRAvC7u+qGOnpL0Y6YO/lCogMzM2mAooItUUi7pTKa+zilQn5yaz/w1eHB/GbqoaqXlzR8rq/qYPpPu12OzRqrHT3t0dOs25f0oqbz6L0fKbTq47dzxASPu1OKHr9NA/5/0xQ8fa6e1KuQqO/6lPtpVE3hFa8ZD9+u2IQapZIzCbQ/o9T2lkn5S+p483TZniu4JLVXW79+qPm9/zXjwId021KATg3/Svic/rlrpu8sQ3fnIQ/pNlHQ04oh2vVoVoJYcL5SttOq+U/+9vzZUHfffD+qBsREq2V+sLzYfqg4Mz8pFLNikowe26fOaQNV4nR568E6N7iFpbIzO/v45bT0l6UyGdn5bqGv7Rzg+iS1Hu/ZUzylpGK4r4yLUp3yMRgTs0c4SqeTLbdppvUrX93fVeu2vgWNu1F3+hdpXsxJ60Ejd/9JDura/v0pyP9SiB5dq5xlJOqJ9WSdUMrRBPT3G6o9/uldXGP1VPFI6+OA/q57RT1YV2kqlriU6uLX+u37+wes0MEgqPnhCH20+VP8/j2w5Wrvw93rT0rDWAr378C16t7ru0fe8puQJTY3sBODrSAZ8WNjgqzQpPkwKCFdkVD+FB/tJssrZhIN2e9UkJZFRkVJGvnIrDisvN1gRVw7XwMi12n6kUIXKlz04VjF9JB2v+lWav2+jNpprr6qwuH5yNl6xrLxUUpEyt21Ubk3w5RemyL7hkqy1I/FapdiuIkmRcRcr+LP9ysyWTGezlKtI3TDExVe2c5j6JdygexImKX/z63rl4zRt2jVesZfblfLqi9pkNSouvp+CVagiuf/lr7rn9tXvV3N1T9d/6B+b07RxWZo29hytWffdqLgGuWBQcLCkMp2umpvZgbKq70tRpj79v9zarX7dItWvV0urK6t6z9/v1cb/OzeZTVi3i9Wvyfl+AAAA0C7C+mvoYH9t3VMq6Yi+PnhIOljdu9tzrG4aW6A31x+SZNO+/fvV54fqgEsRiokMrfpXy1PZ2negpiXZoJiIUu378C199uE/9UVti/YQDXa2mEtpgbK/PdfSPHTM8OoRld11ybQ/6fVJpVKX7gr64Z/Kqhm913e4RvStHqEXEKGhQwdIe6rax0/kHtGPpSNVb/yeob8ie1Vt8TcYFFi7fYAGdK+qK7C7UQZVL5xSUqqz5VLxDxna9UP1vgH91UcWpb7ztjb8c1vtSMUeg8+NAG0+m47m5Jwb8TksXoNrWo27R2lE7bupmnezWBEKdXCWE4e267PqOgOGjtTFPf0VoDiNGuqvnftKpZL9+mJfga7t3795AV3fOMVWv7eAiOEaNVjaWf2v9ieOnVBJeYPwsX+cBlQvxBNgCFd4gJRX9UCrnuuZIzqYWfOu/TXiiuGteHYAzjeEjz4s+KI4XTqi4XyJ4QoLl/SDvWoUmySVnFaZpHBj1b5hMbEK107l7+unfHukLo/0U0RmmPLzc5VbkS/FjK1qXe4arjBJkVOSdesIuSW8e7ikMl11xx80sU/DT08pJFhSRQvDuopCnSiSgqOMVSs0x8QppvNOfZ2Zq6ySbMk4tnpkYcPj1GACAT/1G2GS8eN82e12KTNFm74P09h752vSQEkya9WXq9xsga4ZCViksrYIVt0WrMgrb9X8K8tUtPttvfj3ndq0I0lx4+rHwoOiIqX0TJkz7Br98zrJZEWRis6GKSy4+vtSfpXuemiiy9k33Rem8G6SBtyg5FsvbZMzAgAAoI0FRGjokHPBXdbObSqu/rPogMHDNWqkUanrq0b4Hd3zqT4/Vf3v8MbhGmqsCvNKztiqRk5Kkmz6YsVzDeZX7K/rZ/6qaoESR6s7l9hUVNvBa1CPrqG1AUeImHIAACAASURBVFlo3+jq6ZRKdTTnxLn5JINC681/GNqjzorLJaXOR1k2U+mpn87N415ySGtfeq7+Dj3H6q5fxzde7dtd5aWynTo382Gooc4c/l0CFdbdIKkqrCspLam6r4bXKrfp2z3bq0YqSirZ9br+87evN7rUvh37dfTq/vXap5vFP1RhXQ2Sql9WhXvrZNdTckJHawJpGdSnZ6jrMLRLgPoMG6kRoSWSSlT47SHlVS/4Exo5RLFdA6QuBsX0DGTUI3AeYM7HDsdPl42Ik07u0qf7quZZzE/ZpkyFy2Sqjpb6xCg2uEjZn5uVb4zUoAApckCklL9Lu76rnu9RkvrH6uJgyfzJJuXay1RmL1K+eZv2umgX9hscq34qVNrHe1VYUqYyW6Fy03cq0y5JsYobLOngNm06Ypf9+71K2dNUxFcme0mZVFGm/I83aac9XKNGVdfX2aTLTFJRdoq2ZdoVNiTWYXiW/+GzeuSpldq4L1eFRUUqKsrXzn9vk1XBGhRplPz9FawiWX8oksqKlPV/KcqUmgwT7faqeDdscJyMNfdsK1TWx2nKbuKu3GIrVKGt7jDWMyr80a6yijJl7d6p3JNVK4UH9+qqYEl+AY3/RNlvxFiNNkiZ/3xFa7/MV1FRoXL3bdTSpxZp0ZqdsstPFw/uJ/2Ypo++LFRZWZnsP+ZqZ3rmufDaoerRlPVqK1KRvUxSpGIHB1e95zy7ysrsKvrerG37nL/r/M2vaNGLr2vbEae7AAAAoE35q2fsENU0phQf2lO7mvPA6Gj1uShOQ3tWf2g9VPtZQHRcndWLnYVQBsWOvVl/fPlZ3TOqu5N9JHUJUEBtclQi25mzDs7o32Bao/qtziUlJeeOCfBvHNC1VLkct1QH9dcVU+/Ryy/dq3F9m1hFugn+dWo92zA0LT139QD/AMf39VOmvtj5k4MPGtj/qXa5mjeyKeVnVWQ7N8+j03pcKS2pauOXJAVKXZp4dkH9Ne6OR/Xck3/Sc08k646ra0ZaRmjinOTq7Q/ptpEuvl8AOgxGPnZAfpfN0Kzc17Xq7UV68G1JncMUO+WuOguSDFJMjJ92mvMVnPCrqsAuJlaxJ95TVkW4xsfUzF0Yp//P3v3HR1Ue+B7/ZCaZZBImTJgwgYFAQgL5AcEgKBoKbRSkokVRqlVaqq3b/WFve7vtbt22bu9uf3m97XVvb73b7drSpWLFolgqKILEQglGQSJIIJCQQEIgIYEhYzJkJmfm/jGT378hgYDf9+ulZM458zzPec7Jr2+e5zx3PZRH5dq3ePb7b4W2RTtZtDqPORP6uDXGLuKhe47wH3/6PU8d+H2oPWMzuTv1ZrDCrPtXM6diLW/9/Pu8ZbKRvngps3ZvpbzCy+3ObnOGx4xjXPSH7Pz5d9gJEOnk5oe/Eh6dGJJ54xysv93PEazcnNn7eslJtyzl5hOvUfjCs6FyACJtZN7z1+HVqhdx++T3ee3lH/CPL4Nt+lJuv7GRt05U4sVJzycc2oiPA0/DOVqZSqTzdlbf+SH/9vrveeoARDrz+PRCL68VV3KCWb2u4hxjtULdCU61grNHVzqZmmaDPa/x1A9O8aWnHiJzajo2UyGv/c/vc+qRrzPp3a288dKG9hn2tun38tlbexn2aUpn5ddW0vz/XmX/i/+H/QCmSMbNWMrjD90cOrcFD3Hvkf/g1Ref4jsvAkRiy7yblPn0cu5gjYsH6qirB1zgbG/bD3gtvGJ35mceIu/kWt76xfd5K1ync8GXyMt19vpF5XzdKTx1cKq3v4iLiIiIyIiIc01jegzhZ/m1SSI7I4kxNgtpKVHQ0DW0mjJtMuPCgaElJoEJ8UD4/ekrvs1XF+eQNjmuYzRabyP22kTFMS4xCk6EphcfO1JN06eSsHQ7fkxCAu2PTK+r5kwTZMUBho9zNR1/4E6YnITj8vLAjqYl2BkH4WnRSXz6a49z/42ZTGmbQn65IyzNcYxLHEfb6Mbz1XWcMwiN6vSf42RNW9gXxYRkZ6+j+84fe4eittGE5iTSs50dU7ONJk6UHA+Piixlx7tVfCZ12qWNEvRUU17V8XJcUsLQy4lJwNE+ePIcDec/grYJ8sM0WlVErl0KH0cj5+186+nb+znASuaKb/Hju7x4WsAaZyWy27TjOat/TJcJsbY8vvJUXs+SMu/lWz+8G2+Tl9ZIKzZrp1uij3Y4F3yFJ+d78XhbiYy2Ye38nck6i4e++2PubfKC1YY1Erjt9t7H2KbczRM/uBtoxesFq7Xn7RiZ/RDfuuccP3gziVlpvfdGpGMO9/7dHO4NtIbOg0isNmunm9vJoq/9mLwmD15T2znezu1tIx9nrebppzuXOJV7v/8093Y+5/yv86+3ePAGrNjiQiUvuqtt7yxWdy2A9Pv/hafv76j/9m89TeeeTF/xJE+v6LRh+r08+VSnGrOfZFFrH33cXcLNrP7uzbQ2efAGInveDyYneX/1JDd7PXhbu+/v2TbbrV/h6Vv7aRuANZN7v/Vj7m6rs1t/dy9z1ud/zL94YcC1bERERERk2FgSppE7Fd4t7bQxLpVsVxxYLF2mZYeEgsn2Hz3j08jOjGNTeGGYsnf2cGxuKsmJfs4cO8CO17dwMvMrPLE8FHr5u4dMliSyc6bBvlADzr/5W17ITuCLC5LxnzrAjj+9zrFpD/P3N3daHKdpH2/sLuWm5RlYqvew6e22Z1HGkZubGloIZ6h6eSzUmImzyZ24gZOnAWopevc4CzKmMcF8jvKSd3jjj/tIePjbPJIT1+O9Hfz4Gps6RmZerOXkseOMS0lmiiOKCRk5TOB4KFQ9uJ0dJbfySG4cZ/a9zhvtK7NkclP6uJ5h38VqinZ2TLlOWLCSr37hk2Q528JRN7v/7zf414JQuFm2czu7sxeTNS0Zn+Hrc8xqO3cVZdVuJkz8iA9efYE32qdMTyN3+iUs8BLjJHta273i5703d3F47kqyYmr54J19l74Wp4hcFyKCwWDwajdCpE+tJ3j1fz3Lkdlf54m7Jl3t1oiIiIhccbW1tSQl9bESrki/mij+7RN8e2OnZ99kPMKz/3oP6THwUfGvePz7r3cEQ/GL+Od/+wYLHB2Hf1Syjm//04b2VYx7cCzmu1+J49c/+WOPgCnrkf/LDxdU859P/M9O4VY3CYv456ceJW7bD/j2huN9HASWnEd45p+WYXnzSf7qt6Xd9trJSvdzuKyp2/YkslLPcbiiW/hoyeHxZ54g+/2nePzXB+nLmFse59lvLmZCb0lc3U7+9b8/w+7uVQJTHnyKZx7OYEzTcV7+yRP86mDfU6LTV/wrP/xCTtdnS/ZRdnu5F6vZ9MP/xrM9mh5P7gwvxUe71Re/mB/8/HGmH/8Vf9u22nUfEvK/wb/9dQbFP/tvPPNe93Ju4Sv3wQu/fYePuuyws/yfn+Fh/zr+9ifb+y0fCPf/k11W6P6orpozjU1AHGMmT9ZiNXJZ9H1z9NEzH2VUqtv+U/7xO9/hO995lkLrIh5aouBRRERERGRo4piamdllFeUp2dPag50xybNDi8W0mTiNpG4D/cZkP8C3v7aYHmtNtu1PSSIqou8WWJy38Fff/go3J/S1PwGCceTe9w2+kd97WGDJXsmTX1tGen+DEIcsivQ7Huef757W5/5kZ2/rTw9B3DQ+8/jfs7z3p0cx5c5v8O3P5Vz6ojbDzJKziu9/aVHvYesgJNy4ir9f3ld/9m+MczLp6Rmkpyt4FLkeaeSjjE7hKcf0mEItIiIi8vGiERxyWRqPU7DzIOf8hFYYvmERC6aGUzyfm8O791DiDk3SjZtyC7fN7X3Kre/8cYrfO0h5bTUnGu1MnZpE2sx55KbaoeEgO3Yfp6nLtGsL47IXkZ8RrqupluJ973P42BFK6iwkT5/G9IwbuSk7qWN1a8PPmZI97C4+SHHFecZNySErZy6fyJ3cfsxHpTvZUXK+62IxUXGMi4dzDd2GCkbFMS7Ozzl3t0nIMUncsOAW0sPB60cn9vGXg9WcqT7O+Zhkprgmk507t2OKc2+aqnl35z6qLnbfYWFcxq0syLZ39KPPzeH39lB08ADl9RaSMzOZmXsrN6Xbe5/e3GvZnco1mih7Zycf1HU7r4hIbNFBPBe7zX+Pm8yCRXOJPtRp5GPCXO6/MxX/iQo8CZlk597IbTdOC/Wz0cTJ93by3mlfj3JumAolpdVdp9ib40i76ZPkTowC/Jwv3ceuknKqavyMm5pJbq4TT8lBqtouT7f+Fxlu+r45+ih8FBEREREZxfRLlIgMh/P7OoWPqat49kcrh3k0qcjooO+bo4+mXYuIiIiIiIhct/ycfOtXPPWbTs9jrHiVZ374Q54tqB54cRoRkcuk8FFERERERETkuuWjqfYgxdWdJ6s3UVayj+LTTQofRWTE6VF6IiIiIiIiItctC3FJOdycm4Cvy7MaLUxJiuv9uZMiIsNIz3wUERERERnF9OwqERGRwdP3zdFH065FRERERERERERkRCh8FBERERERERERkRGh8FFERERERERERERGhMJHERERERERERERGREKH0VERERERERERGREKHwUERERERERERGREaHwUUREREREREREREaEwkfpnc+L13e1G3F1+OoqKTlaRYPXGOBIA6/Hy0BHDZXRWEXpoUrqmq7vC2B4PXj9ve4ZfL/6vXg6X6fur0eTj/HnlIiIiIiIiHx8KXwcjTyl7HpzK1vb/vtLMTWeYa4j4KHmaCXuQO+7G/ZtYt3b5R3HVtTg6ePY60nDu+t5sbAKn7eKAx9U0X9WVEbB+gLKhrF+X9lW1m0uwUM9pUdqh7Hk0afs7fVs2u/ubQ8F6zezv9d73qChopKGttCyvID1b3e6At1eGw2VVDaMjjCyYd8mNu1ruPQCPkafhyIiIiIiInL9UPg4GrU0UHOyhaRb88ibm01KdC0Ff1hPYd0w1nGhhF07d7K/up9jjNbQv9V72f7WLkouDGP9o5KbsspW0vMWkntDHvm3pGC5wi2oOl5FYu5S5s2cx8K5yVC2ledeL73CrbiCjL6CQQNfSy+bPQfZWbCdvScGU7iHg7u2s31f5aW37yoqf/M5thzptOFKfx6eL2L9+kIuIy4VERERERERIfJqN0D6EonVZsOGjQxHMjbvWrYUl5N3R9rwFJ8wnwcfmz+4Y6fks/qx4al2dDNjNjPs06iH1AKzueuG1tExam/UsOWy4ku5gz2Y3HsfY7BHjzY9Lv2V/jzsMxgWERERERERGTyFj9eIhLE2aGoFfwlbXqoibaGD0l3F1EXlsPKB+USf3MXmgjKazWaIsJO9ZDnznHUU/r4AljxIXmK4oNOFbHirjGYA7My+ezm5dgAvVXu2sfNwHd4IG/a4ZrCF3uJ+bwMbSm3kP7CUNAu4393A5ovZzLl4kKJqDwY20vJXkJ8aHidYt5dN2w7S0ApYXaTE1eNN+RzLZnYN1tzvbmDrxRScZw5S2WRgWJJZeN9SMqyh/d5ezwnK31zDIdcqls+yAFUUPL+VuhkrePBmB+Cm6KXNGJ9aRZ7TS9VfNlNwvBmCBmbnPO5amoPdBHW717PTksecjwrZWeHBtWgljg83cfCCD95cRxkGybeuJr1qLYWxy3nwZnuoUeVbWVOezqMDhsChureXN2M2A4FE5qxYRo4NOH+QLVv2Uhs0Yw5Ek7xgOflpVsoL1rL7pIHv9HrWF7fQYoAZA4x61j1fRGzWcvID29nckseqT7gADwdfXU9RbD6PhdtT/uZzlCY/yrK0Wva+VUjJGQ+GycCIdDH/M8vIiQfOFLL+Lxby5ngo3FmOZ1I+j93h6rOvOvOd2sv2PSXUegwIGlgmzmf5nTmhW6VsK2uOOMhz1LD3cB1eLDjm3sWKGxyhNwfclGzfGrpnoh3YQ7dgH1pxf7CJdSfq8GLFecMSls91QvlWnvuzh9zlK5mX2Nd725Sz9TcFeHJWsPKm8L2xYTO+rDk0HyqiqtEAWxqLV+STYglds/KCTeysbAaTBceURHxnbSx6IA/nZV7b3lS93fe9VV6wlsLTQMM61u6NJfuuFaSXdf08JODm4NbN7K0zMEdAdPICluenYR3EtejyuRWAxNwVLJtt62jc+b1s3FKKp9XMG+vKMFwLWJ2fNqTzExEREREREQGFj9eMmrNuLHE2iHKRYi9k19sGefc+yvJ4M/hK2fJ2Da47HyXPCdQVsv6N7SR+fjEpk1rYdawBEkOhQ0NlFWQsZ/VNBoXrN1JzBnLt4DtSwPaTCSz9wnJcZg+l2zeyKzzwyX7TIrLLCqhthLREMAwDb1kJDfnLWH2HDd8HG1l3sJQFqTlYqGHXthIi536ORzOt4Clhyytu7PPNPc7JMAw8lXXkrHiUfFsoENz0dikZd2aAr5SCPs4peYKDgpoqmJUG52uoi7FjPlODDwcWXxW1HyUy0xk6p4JzGXx2dQ5WvJRs/gPb9yezcq4d5/RkWjZtZW/WMlY94sJiAtJXY3v9OcpTV7EsM9TGhrroriPA/AZG23T0/pw/QGGlg8VfWEmyKfy+KIAGCt/cD2394y1hyx82s9exknn5q7HvWc92FvPgreHA7sgWnqtIY9WdGaHXp5IwdlfhxoWdOmpa7NhbaqghDRc11NTZcNxkhshYXLMWM3upHYspFPRufK+SnNtTYEI6yf5NbN2XzbJVj+GygO/Ilj77qjNLrIucxbNZZrdAwE3RKxspqshhcSrQamDUlVCe/Gk++4gTS3UBa3eWUHPDQlxAQ9FWivw5rHwkG5vRQNGmjfQ9IdqLJyafzz7iwtJUzKY/7GRv2krmpS0l78hzVNYDA4aPaSy9tZTnKusBB2BgGF5KDzew+NOrWRrvo/jVdRw4soCU2RZ8H26j4Gwyy7+Yh9NkUPOXDWyxpXQLHi/x2vYSssZG931vpeWvpvVi13uRbp+HDUVb2c88PvfFjPZrtnmfI3TN+r0Wbg68U4Ej/1FWTiHUL/5un58J81ixzMf6t2Dxg3mEv3oM6fxEREREREREQM98HMWaqTlUQsl7u9i6aT07z7iYf5MLALMJXDctIzs+HBicrKTGns28tpTEmU1KTBVlJ8CVlkrLydLwc9saKD1pJmV6z6SgoqIGR9Z8XFGAyUaiLbrTXnPPO2ViDgtTbZgB66QkbF4PHoD6SmpM6czLDI+GsiVhj+nnNMenkR0ecOXMSMZWVxUKpPo5J4srEVtDLXWAr6oWpmSQ5K2lBuBULQ2JLpKBqpM12FMyQiPBsJKdloi7LryIiwki47LJXxAOHodbZDQWXx2VJzyhadxRZswA58uo8qeS29Y/1mwyJripLB/kikITnSR+1EBNADhVQ31CBhnW2tCCRJ4aanGRnACY7LiS7Vjw4fUa2ONjMdofomgGk5XsT+XhCg9W7bevOktwkWy3hFZuNuzY47o9mzEunfk3OEN9OsVF4sXwfUEDpSdbSM/NxmYCohzYY/s7URvJGeFrY8slPclN3elw64dyvSJ6bnLNWkhKvBmwkpxkw9sUamFFVR2unDycJgAzrkRbzzfDyF3bAXX+PHRTVtVC6uxO1ywjCXdlGe219XktzERbfNRVVuLxh16bowZR/Yifn4iIiIiIiFyPNPJxtIt1kJyTQf5UZ9eQrFOo4j7nhqjOi6PYsdsMGlqA1DRS/bsorYc8Sqkyp7C0R/bYQEMjRKYOw/Iq9W48Jjs9xzkOwjg7Nr+bFgY6pxRcRiEnPdB81oNjWg6OsweoqQPbmQZsk+ZjwU29G+pOv8jaAx1VWCZldLwwcWntHAxbLp9e3My2XetZ87YN140LWXqDC3ODG0+Ujc7Rrt1mw/D1v652O1MqyYmF1JyA5HO1RDtySbp4gL3VQEQdzROzcQEE6ti7aRsHfTZc9kiaz9bAuM5TxSO7BFkD9lWbur1s3HYQn82FPaqZ+tOQkDqYhtfj9kRjjx74yN6YTeBxN0B4DN7wC30O9BZW9jBS13aI7XV/FI2ta2XYWn0DrNAOYCN36VKa39rJ+t8VYJs4h4WLc0N/eOi3yit5fiIiIiIiInK9UPg4asXimplNL/FPD/Z4G5wJhQ6hsM6DpxnMkQAu0qaEpl67I2swpy7t5TF7NmxWcA9Hs8fZueQnwNW7OR9jw8bA5+R0uKmsbcDXkEByPiSdjaTsjAfb2RaS5oZGrNlt4Mz8HMtnX+k1q0OsU/JYvioPo6GYzZu3sDX6MZYl2rD5DToPFvQ0N4NtsDGoBdf4WErONlDTYOC6yYbTncj5mhpqqMc+PjQ61vfhOxQzk1UP5Iaux5EtPFfRV5n2QfaVj4PvFMOsVTx4Q+gql77+HOWDarcNW38jYAdgBMBmH6ngEcCBfczgPwdG5toOhR1bXAtG18pojrANLlC3JpN39yry/A0Ub93Mlu1WHrtzgK829it5fiIiIiIiInK90LTr68G0ZJz1FZR6w6/dpVRecOKaEnrpmp5Ka00JB09CyozeppJacI23UVteghcg4KH2XPOltSXRQUJTFaV1oZfG6VKqmvo5vsWLJxD6sOZIBcbE5NDIvYHOyWmnvuoA9WYnLhPYJ7nwnNlLrcdF8qSOY+oqS2krAr8HT/uLwTGbobkpHEn5Gyguqwd/19FlRqCXNwZ8+PzhMhy5pDuguckDiSm4Ik5SfqrtuHLKqi24kgf/0DzHBAfNZw9Q0+jAlQhMcWE7U0rp2Vhc4dGrLX4fRFlCwWPAQ+VpDwT6Xr14cH3VQosfoi3heNlTSU0jEBxMq104HR6q2m4Mfw11jYM7XzzFlNU6Se5rjZ/u59XPefYnaVzXz4GSivo+6rv0a9vaqW2Dubf65iBlkpmT5TXtW8rLq7C4kvtew6cTny/cjigHuWmJ0OxhwMnTw3DvioiIiIiIyMePRj5eDyw5LMmr4ZWX1lMx0Yr3tBfnJ5eT0zaIbWIaUy5uoTQmlwf7eIydY+48XC8V8OLavZiJJjkrHdvRGqrIIHkwbWgbEWXKID+vkj+8toaySDDHJ5PQ31DIxkNsev4ABgZGbDqL70oZ1DnZprqI3FSCN2N5aKXliU4Stu6iMimPxeGibXMWkVOxiXX/tR+LGQwjmpRFnVblHgT7jAzsrxSw5vndEGEjY/5sXLurqPDnkBGVhDNhF4W/24D7jpXkTex4n/f4bjbtrsSc4CLWX0ttaxr5OTbAxsIl6Wx4fR0bnQkY585jnrWExRP7aECiA1thIWufLyL51tXkpwFTk0kq2EV5Uh75ABYXicEiSnzZLA9fX1vOHJIP72TN83tDqxLfkIyjpopyfzZpvUyvHVxf2Zh9QzIv7lrD2n1msCQze4qDmqpyjKy0PkbcteILD1/NuCmXg5s2sabCgjnCRvo0Fy21NXhxdBstG4vN2kzplrWUmYBANMmd7+fOJjixFxayZoObpSvzcHV/3Ue3dtbiD43lc8zPJ/uVTaz7r9DnQMokG/h7Hn+p19YxwYFRsJm1H83nc0uzB7i3INFhY9eetazdm8yCz+fTPXt15S0h/ZXNrNuYRELgPOfNOSy5rb8zDl8Lfzm7X9tJpdmBK85H7RmDtE8tpseXhvgk7C0FbHq+DHvWclbMdQ3t3hUREREREREBIoLB4KDGLck1IODD22RgjrNe4iIqBl6P7zLe37UtPsOCJaqGXc8X43h4GdndymzYs56N7lweuzMDw0/vi15c9jmB4fXQHIjGFnep068NvF6wWoc+vdTX5KHFFIutx3sNvJ5miLFhHcxiH5dk6NdzUH3l9+LxmS+tP8PX02KzjtzzNi+T4fNhtljwHdjEHzy3sGpBj/WugeG6tpd+b7WX4PXQTG/tGIDPi6cFYod8La7EvSsiIp3V1taSlJR0tZshIiJyTdD3zdFHIx+vJyYL1j5GNg6OGavtkp/Y2C4UJFpCgVddJTURNtIGCL/6XG33ss8JzFZbz1FdQysB6yV2iyXORu8RnRmr7TJPbEBDv56D6qsoK7ZLDZ2G4XqOGL+BEWXGbLEAXsqq3Nim9j2leHiu7aXfW+0lXOr9bbFiu6Q8/krcuyIiIiIiInK9UPgow6yOvZveoLQJMIERYSNnyYo+p79a4xOuZONE+uQt384r79ZimADDIHrKIpbPujqLFYmIiIiIiIhcLzTtWkRERERkFNP0MRERkcHT983RR6tdi4iIiIiIiIiIyIhQ+CgiIiIiIiIiIiIjQuGjiIiIiIiIiIiIjAiFjyIiIiIiIiIiIjIiFD6KiIiIiIiIiIjIiFD4KFdfwIe3ydfrLl+TF1/gEsr0e/F4jctr1xVj4PV46b21/e27DIPon0vu+6vA8Hrw+q92K0RERERERESkO4WPcvWd28um9QWU99jRwN7XXmTniUsos7yA9Vv247n81oUZNFSUUucdtgI7KaNgfQFlfe7bzP7hO5GQ8gLWv917jSGX0fcjIeCh5mgl7j7C0LK317Npv/vKtacaflZ45aobFB+88BK8cKzb9mr42UuwZ7jvIREREREREZFBUPgoo0PAoLXXHQa+lksss9VH7+MpL0Ulewt2sfvo1UhwLqMPBut8EevXF9JwpesdrAsl7Nq5k/3V/RxjXMGRrhfgW3vgzJWrcWAX4OXD8ItCuNhpc0Ux/LQYdvTXdyIiIiIiIiIjJPJqN0Dk2pDG0i+lXe1GjJwrGdxdioT5PPjY/KvditHNC+50+HI1FPrgNkto845D8NWZwDUyhV5ERORyBYNBDMPAbDYTEREBQCAQIBAIdNk2HPW0trZiMpkwm8191i0iIvJxp/BxNCrbyppjNnKMCg6e9WFgI+eulcx3Ar4a9r5VSMkZD4bJwIh0Mf8zy8iJNyjZvI6a7NUsTg2XU1/I+rdg8YN5OM4fZMuW/dQHwTBiSc+/i4VTrOAvYctLVaQtdFC6q5i6qBxWrsygautm9tYZmCOAqFTyH1pIcpdGeigt2M7ek258gBGwc9NP9gAAIABJREFUkX3HcvImWQA3RRs248uaQ/OhIqoaDbClsXhFPinhQMR7spBtu0qoazFjGxtLM7Y+u6OluoD1e8rxBM3YUhexPD8Na6gUqv6ymYLjzRA0MDvncdfSHOxt43kDLVTt2cQbR+rwBi045t7Fihsc/bTdTMnmNVSmPcayzHAZvhK2vrSXWgDMJC9YRX5qR93by5sxR4B5XDZLls3DaQLOFLL+Lxby5ngo3FmOZ1I+j33K2sd1G8wN0UpLVSGbtpZS5zWwJM7jrntzcQzQB75Te9m+p4RajwFBA8vE+Sy/M6dnT5/fy8YtpXhazbyxrgzDtYDV+fZQze4Stm4oosrd8xq26+9+7e3+emA2nl77ro7C3xfAkgfJSwyXfbqQDW+V0QyAndl3LyfXDgTclGzfSlG1ByPagT20u5335C42v11Bs8nAiEhi3rJl5CT0cW0WOzg44P0+BAHY8Xv4UWXo49S58ItlEAO4D8H33oAdF0L78j4Jv1gS2rdjHezPhax34aul8NN/gLwD8HgTPH4Rvvo+HDbBL74Ij0/vpV4P7AB+Oh22HIPbZgIn4ZUJ8IsJ8LMLna85/OiXsBmwBuC+lfB4RmhXb+24zwQ/+hXsCIC3Fb78BfhyyqV2kIiIyMhqamriyJEjzJw5E6s19FOj2+3m1KlTZGdntweFl8vv97N//35sNhuZmZmYTCYuXLhAVVXVsNYjIiJyrVP4OBq1Ghinq/Dd+TkenWjGe3gLLxYUkv5gHo7IWFyzFjN7qR2LCdzvbmDje5Xk3J5C8oRYisrLITU0Qs9zooaWiXk4aKDwzQPYPrWaZZOAukLWv7Gbys8vJiUqmxR7IbveNsi791GWx5uhbCsbWmay6ou5oZDP39uouEgS0hdw3yecWKPAKNvK2ncOkHP/PGwYGIaX0sMNLP70apbG+yh+dR0HjiwgZbYFfKUUFFSRcMejLJ9oxnN0Kxt39j3yzuNPYsXn87FRRcFL29ldnsbiNPAdKaDgXAafXZ2DFS8lm//A9v3JrJwbTqG8VdTEfprPftGJpbqAtTtLqLlhIa5+2p6e7KSwohQyw0nM8UpqJyxg9eI0Sl9/juIzDZDqCNVd4+KuL+ThNEHd7vW8UZDI6ttTYEI6yf5NbN2XzbJVj+GyAAF3n9dtYF6qamL59GcfxRlZRcELBZScymXhpP77wBLrImfxbJbZLRBwU/TKRooqcjrC6TYJ81ixzNcRVAOEJ2DXVTew+I5eruFg79de7i/fkS1s6qPvUia1sOtYAySGW1FZBRnLWX2TQeH6jdScgVw7NBRtpcifw8pHsrEZDRRt2khlW3t8pRS8fZ6Mz64mxwrew1v4w469JN8/D3tv16ZsK0UD3u+Dd6YAfjYW3vouEIAXnoFnp8M3p0NMAnzz7+AXVqAVfvQj2HELLLPBbbPg9t/BDx+A44+GywrAK+/Asi9CyUq4+C5Y/wJfnh4KLLteB5gQBXNy4PF34bszoeJA6LX1PJzu9LzSF34DLIfCmYAXvvdT2PI1WDa293a88DOY8BC8NQWohft/BTd+F+bowR0iIjIKeb1eDhw4QGpqanv42NjYyLFjx8jMzBy2ULC1tZWSkhKio6OZOHEiCQkJXLhwYdjrERERudbpV8fRKi6ZjImhH1isWWkkeWqo8AAmO65kOxZ8eL0G9vhYjPCD+WwzUrCdqgiHMD4qT3lwJbvgfBlV/imkTQqX7cwgObqBmnOhl2YTuG5aRnZ8+AckiwVL40lK68JPTIzq7QcnK85kJ9YoA2+TD7PdRmy3Zyy6Zi0kJd4MWElOsuFtCj8v8Xg5NQnZzA+fn22cjeh+uiIxNRtbFBCVzMwUC7Vn6gCoOlmDPSUjPArSSnZaIu662k59mM78G5xYTMDkJBIvesIL0PTddktmKs7T5ZSGp6iWVtTjSu053brqZA32zPBIR8CZnUJ0dVm4781gspL9qbxQuAX9XreB2Uifn4vTApiSSUrw4fF0akdffZDgItluAZ8Xr2HHHjf0Zzh2voau8daOa9hdX/crPe+v/vrOlZZKy8nScPTZQOlJMynT7d0qa6D0ZAvpudnYTECUA3tsp90nK6mxp5IR6hSsWWkknq9rH73a49oM6n4fvMJDcN/s8AsT3JYLhSdDL2NckGoFvHDRBKljwN32gMZIYCZ898ZuBWaFwkaAmFS47xz0trTOmXrIcwDT4f7jsCcAOw6GwsQYK7jbwscG2OyDh2eGX1vh/gzYcqiPdoSPv21K+HUS3B8Lh7s+IFRERGRUaZtm3V0wGKSuro6ioiLeffdd9u/fz8WLFwkEAhw/frx9e11dHcFgkPr6eioqKqisrOTdd9+lubm5S3lWq5X4+HjKysoIBAIEg8H2fRcvXuTQoUO8/fbb7Nixg8rKSoLBIH6/nw8//JDjx4+ze/duDhw4QF1dHe+99x67d+/G7Xa3v/+DDz7g3Xffpbi4uEfdIiIi1wqNfLwmJHQER3F17N20jYM+Gy57JM1na2BcOByzpZMSt5GyCkiZWkFVfRJpU4Hjbjy+GrY/X9GpTBvZnTOWzo+kmZLP8pu2snXzWvZaHGTMX8zC9O6Tdb2UF2xiZ42FpPGxtLpr8JAxqLNpOO+BKAvdZ+8OhtkUidd9HrBQ74a60y+y9kDHfsukPtpg6nyy/bTdkkFqYhHlRyFjRinlZ11kLO1emJt6N0RO6XQGCXZs/gY6sr3IrtF+oJ/rNkTm9nLd/fdB3V42bjuIz+bCHtVM/WlI6D7qcUj1DvbLRaf7te22ab+/Bui7SWmk+ndRWg95lFJlTmFp9+yRetyeaOx9JNbuc26or+HF5/d3bIxJ7nR3drs2g7rfB+/wGVj3O3ihUx1zPhn692IprHoJJqZAaiv8ugG+1/nNw/TnoNuyYMc7UDgB1lkgZizsaPv0r4MdFsKBdchER9eRkV3aUQc7PPDYT7rW8U396UpERK5Bra2tfPDBB7S2tuJwONoDynPnznHo0CHGjRvXfswnPvEJmpqaeOedd0hOTu71GY4RERGkp6dz+PBh0tPTu+wzDIOWlhaCwSDNzc0UFxczfvx4IiIieP/990lNTcXn81FZWUljYyMA5eXlWK1W5syZQ3l5OdXV1SQmJraHoTfccAMmk74Ji4jItUXh47UgUI+7yUpyPPg+fIdiZrLqgfAU0SNbeK49U7STPtXGpqoaoIr6iWksMwF2GzZLOgs/vxDXIKu0Zy3lwSzwVO5iy44tFNo7PYcP4NRedp9ysvjhfJJNtD9fcjBscdbeh24NghFoxRqfANix28CZ+TmWd58GPJB+224hI8VJUUUpRlQV5yelk9bj57tQ3bU+H7RFqB4PzSZzn59Q/V+3S9VfH/g4+E4xzFrFgzeEYqbS15+j/HKrHIxO92tPA/Wdi7QpoanX7sgazKlL6ZE9YsPWY85xpxribZCYzeeW5ww64B7wfh+CVAd887Pw5Sk99617BW77Ajwenm0/8WeXVkdvKs5A1qzQx3Ny4HsvQtZdnaZntw3+SIQ8H3TOGk9fCE0J71Ui5Nngp/8El5Fdi4jIx8DpugbcjR/1OuJwJM2cMbTvUF6vF4vFgsvlIjExkejoaA4fPszFixeZPn06Fy9eZMeOHTQ3N2O1Wjl//jxz584lNTWVyMiuP+0ZhsHYsWNJTEykrKwMh8PRvi8mJoaUlBQ8Hg+NjY0UFRXh9XqJjY0lGAySlJTEpEmT2Lx5M4ZhcMsttxAMBjl37hytra2UlpbicrmYPn06FRUVnDhxgpycnC7h46Gjl/0DpYjIoJhMJuzxY5jodAx8sEg3Ch9HK38LHj84osD7YRk1CS7yLNDi90GUJRRgBTxUnvZAoOMZdfZUF9FvlLOXGuyTFoU2JrpwGLspPwWu8NRrT6MHW3wfo7v8PnxmCxYT2FIySLaW0ewBOocxvhYMcyzRJgCDhqp6mgOJDOZpeRZXIrb95ZR4M8i2gqfWzaAmkfirOFQJU25zAuBy2tlVWYp3dk74WX0ePK02bNZ+Sxmw7ZbMVJzFVRRaakmatrjXIlKTnew63lG3+0glbmdGn4uUDHTdAIwAQx751ncftNDih2hLuDM8ldQ0AsFObw4M4wrXfdyvvRmo71zTU2ktLOEgkHJHb/eoC6fDQ3FpHSQ6wV9DXSMdC85McmIvrKDUm0OOFcDA0+jDFt/HjdHX/R5fR/mxeizJ2X0Eqb3LSoXvHegUPnrAHQd2E7h9MLGtGQ3w/kdw4zD+fmZt+4o+HR7Pgolt07+dcF8dnAEmjIdlJthxMtzGtunZf9VHoeNDYWX78YD7AtjHDl+7RUTk2ne6roFAIMCM1Mmj8lmHfr8fgMjISGbPns3Ro0c5ePAgdrud3NxcGhsbMZlMeDweWltbmTp1KlFRUQQCASwWCwkJCURFRfVadmRkJDNmzKCwsJCYmJj28//oo48oKSkhPj4ek8mEyWRqn5YdFRVFQkICFouFyMhI4uPjiY6OZsyYMbS0tNDa2orH4yEYDHL+/HmioqJwuXoOIxhq8CoicqkMw+DM2XOcrmtQAClDpvBxtDKq2P37tew0GRgkMf+ueaFsJWcOyYd3sub5vZgD0STfkIyjpopyfzZpUUBiNmnWjRSX2cj9bFv6k8KC+aX8YesaKixmMAzMjjl8+u62FZO7qjuwmW0fNhPrTMTcWIPbOoe7uv9ckzqHnH2b2Ly2DDNmbFkZJBuVnHSDs+dQNQBa/OFJyYnzmDfxRQpeXMteM0QnZ5MeX0pNFWR0Se8s2MaYKS1ay9q9QMCMfeYSlk8M7bXNWUROxSbW/dd+QqcVTcqiFeSn9j3ezQgMou2WDFLHFVFUncLi23svxzJrCQtrXuHFlypwxXip8TrJ72ekna3f65aEM2EXhb/bgPuOleRN7LP5HYID9YGN2Tck8+KuNazdZwZLMrOnOKipKsfISsM8wYm9sJA1G9wsXZmHKz4Je0sBm54vw561nBVze6+2ta/Asq/79VL6bmIaUy5uoTQmlwf7yMczbsrl4KZNrKmwYI6wkT7NRUttDV4cWG3zWDRrA5t+v4b94fs9emo+Kz6V0uv16fN+ry9j754SLK2pJN/QLbiMg1vPwsQnum4reRLm3Al5/xuyP4CJptAIw+89BsvGw6p8uO1Z+LUVYpzw5RzYUgoPJ/XRWb3pNmqxzekGiGl/xigse6DbAYGO9335EXjsV7A/BS5Wg30JfLOfYdGPr4S7fgUvxAGtEDMZfv0oTBhCs0VE5Prmbvxo1ASPFouFqKgoGhsbSUxMJBAIcPr0aWJjYzGZTEyePBm73U55eTn79u1rX5gmEAhgs9mIjIzE4XBgtVppaRncA7MdDgeJiYkcO3asfXRkbW0tJ06c4M477yQYDA6pb8xmMzExMURERJCQkIDdbsdkMo2K/hWRjyez2cyE8eM4WlGt8FGGLCLY+anIMjoc2cJzH9hZ8WAedr+BuccCGAZejw9znDW0mEp39YWsf9vC0pXdAqCAD29TC8TYsPb+h9tudTRDtA1rP3NXfU0eDMtgyuulBq8Hn7n/8gdbTnMgGlvc0Aq6nLZ3FOLF4zcPsu4Brttl6LMP/F48vsG27xINeL/2YUh914uAD2+TgcVmpdca/V48FyF6UP09uPt9KC42hRaVsXcfcOkDt9HL9qvgogewQsxg/gwVAHdTaPGaQR0vIiLDpra2lqSkofyl6so7dLRi1IzCa21tpaioiPPnzzNu3Dh8Ph8NDQ3Mnj2bKVOmcOTIEXw+Hy0tLVRVVbF06VJ8Ph+7d+9un4YdGxtLZmYmFy5c4I9//CP33HMP48eP71JPc3Mzr776KkuWLGH8+PHU1tayefNmEhISuPvuuzl16hS7du0iPT0di8XC4cOHWbhwIePHj29/n91u509/+hOpqanMmTOH4uJizpw5w5IlSzhw4ACVlZW4XC78fj+TJ09m6tSpvT57UkTkShlNX+/7ci183/y40a+Qo1zvQY4Zaz9ziys/KMOa+bmeI89MFqy2wSYrZqy2gRfdsMRd+sIcZquN4chfzFYbl9KKy2l7RyFWBt2lA1y3y9FnH0RZQyuFXyGDDh5hiH3XC5MFa3+XcEjnPrj7fShi4jo9b7EzC32OCr3SYoZyyiawD28XiYiIjIjIyEhycnI4evQoXq+XiIgIMjMz24M7s9mMYRiYzWZuvPFGxo4NPUtk5syZ1NbWEggEiIyMJCIigtjYWG688UZiY2N71BMVFUVOTk77PofDwc0334zZbMZkMpGUlERWVhY+nw+r1Upubi6xsbFd3mcymcjKysJuD/10MGHCBGJjY4mIiGDGjBn4/f4uU8ZFRESuRRr5OBod2cJz5Sk8dlf2EN5UTsHzu6kKgHnCfO67I2NYgj2RAV3S/SoiIiKDdS2M4BiNI2GCwSCGYbQHjp0ZRuhRMp2393f85bbBbDZf0ojFYDBIa2trexgqInK1jcav991dC983P24UPoqIiIiIjGLXwi9R18IvoyIicvmuha/318L3zY+bYX7ynIiIiIiIiIiIiEiIwkcREREREREREREZEQofRUREREREREREZEQofBQREREREREREZERofBRRERERERERERERoTCRxERERERERERERkRkVe7ASIiIiIi8vFknDvG2+/XUe1pBcBii2fmjTnMHqdfU0RERK4XGvkoIiIiIiJXXt0hXv5zTXvwCODzNLL/z+9RWHcV2yUiIiLDSuGjiIiIiIhcYc3s/7AeL2AeO4E77v4kX7w7i5ljTYCPYx8ewzsc1bR4aGwejoL6YbTQ2NgywpWIiIhcuxQ+ioiIiIjIFXaa0xcAYsi8NYOJUUCUk3m3OhkLcKGR48NQy9nX/oHcr73M2csp5MP/YOVDa3i/r3yx+Ofkzvs5719OHSIiItcxhY8iIiIiIiK9amHPxl/yfkYaM6OHu2wPW/8+m2lPF4+SckREREaGwkcREREREbnCJjJxLMBFjuwp5bQf8Nexd08dFwDGxjPtqrYvrKWIN34HX1gyn2HPHmnhQuNoKkdERGRkKHwUEREREZErLJY5sxIZEwHGhTO8+dqf+a/XDnPoQgAiLEyfNR3roMtq4dBzj5I7I5tpM7LJWvQwzxV3miPtq6bg2b9hfm4203Lv52f7Ova1fLiGVfPD77vnSbae6lpy47aX+d2kv+GBW6Lh1DaeuGcO02ZkM23GfO74p22dpnM38v7LP2Tl/NC+v321uqMQo5qt37ufrPD7Vj13mBbqeemxRTyxE3juYabNyObH+wCjnreffjh8LnP4zPe2UWWEy+m1/j7KERERGUUUPoqIiIiIyJXnnMm9i1xMtkW2b7LY4pmz6CbynEMo5/Bv+bunG/nqH0s4fng/O3/7JEtndBqn+M5vean1bn7zyst8Z95hnv3PcGh4fhvf/vzPGf/kTo4fLuI3txTxtz94rVOgWM8br24jeeUiZpo9bP3Z13kp+2mKD5dwvPhlnlk9h/Htx77MS3un8c3fv8a/PzyWrf/j5fZnQB567m/426N3sKG4hOPbvk700w/zi+JE7vnfL/MvtwBf+CXFRUV8MxcaX/8BX3p9Dv++t4Tjh1/mnqNf5xvrq4G+6u+9HBERkdEkcuBDREREREREhp953HRuXzx9GEo6zhtvFrF06nySp2V13bXoe/z71+9mPOC8cxE/fj008vHsn19mU/PDrLszEcyQnjufma3xHdOrT7zJSzuzeOw7WYAntG3/Tt44PId7siYzs0s1j/LUTx7mRoDPLIEXfOHtxbzx78e59Tt3MTMWmJpN3qxcomMhOn480RYgOp74BBtQz9bXtsGdL3BrPMA0br19Mj/eWczZhz/ZZ/09yxERERldFD6KiIiIiMgV5TtfzaHjZ6mu/4gLLQGMtqnFZhOW6BiciXZSp01lWoJl4MKyHuHXPznLE08/yiefjWbmA0/z//5lCcnmAd4XrjM6fNz4O3/An+7s2F2282Xez72fZ6YB2Fj6T2v45pP/wPfve5knEubznV//ksdmDfwkyJZmiDbHhF/l8tgra/o89mIroenTz3XaeNvl1S8iInK1adq1iIiIiIhcEb6zx3jzjT/z+7fLOXCykXPNnYJHACOAr7mZ6pM17Hp7D8+/sY/9Z319lhcSTfr932ND4X7+vOZhol9qm6o8gHDo2GL0ss84zNbfHGbp6s+Q3LZt/Hwe/+VODhe9zFMLTvHjz/8v9rT08t7urYuFFuPiwAcCMZHAo2s4frSk479fhkZtXmr9IiIiV5vCRxERERERGXEfHd3HS3+p4bQXiIphcmoqn7ptLg+t+CRfbP/vVu6/LYP5qfGMjQLD+xEH/lLElqP9LOd85jDvn2oBczTJtyzh1klw1uPp+3gfXATGz1nEjbzAf74cCipbTu3kd9vqQ8cUv8YvTi3hzgVt05hbKCs+TKMBJGSRvygLmhtp7Cf8C4WaWeTdH82e3/yePY2A4eHQy6/xfuf3tbS9SGTOolx4c2foWKDlRDHvnxpk/S1KIkVEZHRS+CgiIiIiIiPsJIVHPsIgkvGZWTx093xuz53C1LFj6Dqx2sKYsRPIzJ3DvXffyh2ZY7AQ4OyRco70UXJj+Zv8+L7wKtBZD/O78V/nmS9k9X6wGXjnMNUtwNSHeebpRbz/vTtCq13f90vKWi8CLezZ8gJ84WGWJrS98Szv//KvmZ8VWhl7/v/Yz/Knv8bS+N7qsBDNfsqqAaK59ZtreDz6BVbNy2Za1iK+tO0s0QZAIjNvySL6d48ybcbdPHcUku99ku+kbAgdOyObrAee5o+l9QPU37McERGR0SQiGAwGr3YjRERERESkd7W1tSQlJV3tZvTr0NEKZs5I7eeIcrZsrOZszDjuuDOHiYMuuY5drx/m+MUxzFkxl9n9HNly3kOL2UJ8/BCfg9jiobEZouNtoec/Nm7jv8/7R8aueYd/WRDd/7FDqea8h5ZoG/Gxgzi20UMLvZzLZdQvIjIcBv56f/VdC983P2604IyIiIiIiFwZF8/x5sY/j0jR0Qk2Lmn5lWgbnTO+xqKdbJr0N/zpll5K63bsSLUvOr6PYy+jfhERkatF4aOIiIiIiEhY/JIfcHgBGlkoIiIyTBQ+ioiIiIjICEtj2Yq0q92IQYsexNRoERERGRwtOCMiIiIiIiIiIiIjQuGjiIiIiIiIiIiIjAiFjyIiIiIiIiIiIjIiFD6KiIiIiIiIiIjIiFD4KCIiIiIiIiIiIiNC4aOIiIiIiIiIiIiMCIWPIiIiIiIiIiIiMiIUPoqIiIiIiIiIiMiIUPgoIiIiIiIiIiIiI0Lho4iIiIiIXBaTyYRhGFe7GSIiMoIMw8BkUowkQ6e7RkRERERELos9fgxnzp5TACkicp0yDIMzZ89hjx9ztZsi16DIq90AERERERG5tk10Ojhd18DRimoCgcDVbo6IiAwzk8mEPX4ME52Oq90UuQYpfBQRERERkcs20enQL6UiIiLSg6Zdi4iIiIiIiIiIyIhQ+CgiIiIiIiIiIiIjQuGjiIiIiIiIiIiIjAiFjyIiIiIiIiIiIjIiFD6KiIiIiIiIiIjIiFD4KCIiIiIiIiIiIiNC4aOIiIiIiIiIiIiMCIWPIiIiIiIiIiIiMiIUPoqIiIiIiIiIiMiIUPgoIiIiIiIiIiIiI0Lho4iIiIiIiIiIiIwIhY8iIiIiIiIiIiIyIhQ+ioiIiIiIiIiIyIhQ+CgiIiIiIiIiIiIjIvJqN0BERORKCgQh2P5vkEAwtD0IBDt9TPh1+8ft24IEgYjw6wgi2l90bAv9r8vrPrZHRITKiAhv79gmIiIiIiJy7VP4KCIi15VAEIxgECPYPWiEQFu6OAw6QslOCWVvBwyptA6hEDKiRyDZ5eP2baHw0qTQUkRERERERhmFjyIics0KAkYAWsNhYyhwHL6A8WoKjcQMdt3Q79EhEYApIqI9iDSFQ0kTEe0fi4iIiIiIXCkKH0VE5JpiBMEfCNIaCI1wvD6ixuETpGPkZ889IaaICEzQPlrSRFtI2bFdRERERERkOCh8FBGRUS8QDhz94VGOcnkCwSAB6GU0ZWhD2+jJiE7BpDkiArNGToqIiIiIyBApfBQRkVGrNQAtgSD+gALHK6lt9GTXcDL0whQOIc0KJEVEREREZBAUPoqIyKhjBMFnBGlR6DjqBIKhFcL9QG+BZJQp9LGIiIiIiAgofBQRkVHmohGkxdCzHK8lnQPJi0aQyIgIIk0KIkVEREREROGjiIiMEv5AkItGeLqvXNNag0FajY4gMiocRGp6toiIiIjIx4/CRxERuaoCwVBI5dMU66uubbXr4eYP0P7cTgWRIiIiIiIfLwofRUTkqmkxgrQYENAk66vKHBFBjDk0QlFERERERGQ4KXwUEZErrjUAFwNBWjXa8aozRURgi9IwRBERERERGRkKH0VE5IoJBKElEFpQRkYHq/lqt0BERERERK5nCh9FROSK8IUXlAloQZlRJTJCox5FRERERGTkKHwUEZER5QsEuyw4IiIiIiIiIh8fCh9FRGTYBYIdoaOhkY6jWmswSJRGP4qIiIiIyAhR+CijVpBQgBEIBgkEQ6+DQFuO0fY6IvyfKSL8cQSYiMAUEdomIldOa3iEoy8Q1PrV1wivgVa5FhERERGREaPwUUaFIKHQojUYxAiAEYTLiy5C7w2FkhGYw0GkOQLMEREKJUWGmaZWX7sCwSAeP8SYIxRCioiIiIjIsFP4KFeNEYTWQJDW8L8jEVkECU357LqwbhBzRASRptBCC5GmUEgpIkOjqdXXDyMYpKk12P7HmrZR5BGE/mgTpb/YiIiIiIjIJVL4KFdUMAj+YBBfIBQ4Xi1GMIhhQEs48ow0RRAZ0RFGikjvAsHQCOW26dWKHK8vbY+5gNCo8bjIUBgpIiIiIiJyqRQ+yhXRNh3TH7jc6dQjozUQpBXri6LIAAAgAElEQVSA0MifyAiINIWmaOsXb/m4a3skQtu/8vEQbUJf/0RERERE5LIpfJQR5Qtc/VGOQxUIBvEFwRcATdGWj6OuoxtH5x8MZORpqrWIXKuCweD/Z+++o+u67jvRf0+7Db2zgF3sRSTVLCkqdizHlm0pLrHlFDuOJ7HjlMnMezOe917eelnJJFkzzps3JWOn2HHsRBk7rnGPY9mWbMmSSImi2CmSYC8g0W45fe/9/jgACBDtArjl3IvvZy0QwLnnnrNxCdzyvb+9fwjDcPx7XddhGEYVRzQ3KSX6+vrQ3d2Npqamag+HiIiopBg+UskpdTN0rId14CZO0dYwYYq2zqpIqg8KgBitauT6jTRG4/0bEdWoIAjwyiuvIAxD6LqOIAiwceNG9PT0QIvpnZsQAseOHUMikWD4SEREdYer21FJ+VIhFyo4QtVlgKEQTR93hEIukMgFCnao4Mtbm9oQxZNU0e+wK6IGI9lAYcSXyIcSbp3+3dLC8D6NiGpVGIY4duwYgiCAZVnI5XLYv38/XNet9tBm5fs+hBDVHgYREVHJsfKRSkIowBUKQQ1Nry6FsU7aY1O0xzrFsjKS4kCom7+jYrSicWn9hdJiBELBNHknRkS1ybIsbNu2DV1dXbh8+TK++c1vIp/Po7+/HxcvXoRt2+jp6cGWLVtgWRauX7+Ovr4+aJoGy7KwdetWSClx8uRJ+L6PIAiwZcsWZLNZJBIJrFy5ElevXkVfXx927dqFVCqFEydOYNmyZWhsbMSJEydg2zY0TcPmzZvR0tKCGzduIJfLQdM09Pf3Y8eOHchms3jttdegaRqGh4erfbMRERGVBSsfadFcoZAP5JILHqcjlZpUGTniR9VlrlAIefNQmSgVNYXxRFSJmwsUhn2JXCBhhwqeUAgZPNI8eTL63SEiqmVKKQRBAF3XoWkaXNeFUgpCCBw/fhxXr15FGIY4ePAgBgcHAUTrLwLAuXPncOrUKSilxj8GBwdx7NgxCCHQ19eHgwcPYmhoCJ7n4dChQ7BtG6dPn8a5c+eglMLAwAAOHjyIIAhQKBTw/PPP4+LFiwiCAPl8Hi+99BIKhQKklJPWqSQiIqonrHykBVuq1Y7zoRCtoRcAgIjWjDRG14w0tKibNns6ULGkij6EUqOfow/GirQY1ixV2grR/TwA6BpgaRrXgiSiGV3pH8BwNj8e3lXK9k3rpmwLggDPPvssMpkMPM/DunXr0NjYiGQyiYaGBniehxdffBGDg4NYvnw5HMdBIpHAihUr0NnZiWQyCd/3Yds22tvbsWzZMjQ0NMBxHJw+fRqu6yKXy2H16tUYGhpCIpEAADQ0NOD555/Hxo0bsWvXLly6dAlPPfUUbr/9dqTTaQwNDeGOO+7AunXrcPHiRQwODuLxxx9HMpnE1atXp/35zl68goId7ynjRFT/dF1Ha3Mjlnd3VHsoVIMYPtKCRNV9UaUfFU8h6vwdTtiiIQohDQ0wdIxP3ebr+6VLTpguPRYySlYuUhk0WzrfACGikrjSPwApJTat641FZ+mxjtdSSnR2dmLLli0wDANHjx6FlBLNzc0wTRNKKZimiV27duHkyZM4dOgQWltbsXv3bqxZswY3btxAX18fTp8+jb1796K5uRlCCAwODiIMQ6xduxbXr1+HrutoaWkZX2OypaUFmqahoaEBSin4vg9N05BIJNDW1ja+X0NDA9LpNADANKd/aba2d3klbzoiomkJIXD1+iCu9A8wgKR547RrmrexRhUMHktDIeoy7Mloymw+kBjxJbLBzSnbgYwq3ai+iNHO8GN/U2PTpbOBHP+/j5oZMXik0ms0GTwSUekMZ/NY1tUei+ARiNZ8vP/++/HII4/g3nvvRVtbGxzHwaFDh9DS0oLVq1ePh34A0Nvbi7vvvhvd3d04dOgQRkZG0NjYiPvuuw8bNmzA1atXcfbsWWQyGTQ0NODChQuwLAs9PT3I5XK4ePEili1bNt6tOpfLQSkFx3Gg6/p4ZeREyWQSjuMgCAIIIcY/ExHFkWEYWNbVjuFsvtpDoRrEykeal7HOzlR+cnRqbTC+JaqS1Eenauta9O5B9HW0jTlCPChE6zBKRJUXUkXbxj6PVTISVUtC12Dy7UciKiEpZWyCRwDQNA2maU4ak67rSKVSOH/+PEZGRgAAuVwOnufhxIkT8H0fnuehqakJlmXh/PnzuH79OgzDGA8dTdNET08PDhw4gDvuuANNTU2QUuLy5cvYuXMnLMvC5s2bcfbsWTiOg8HBQaxZswaZTAa+708aY3d3NwzDwHPPPYfGxkbouj4+LiKiODIMo+JLa1B9YPhIRSuEXN+x2qLgKpqOO/USQMOEYHL0w0C0RpsOcK22RZouVJSTto0FjPw7oXhjxSMR1TPLsrBz505kMplJ2zOZDPbu3Yv+/n5omoYtW7ZAKQVN02AYBoQQMAwDe/fuRUtLCwqFwvj07fXr12Pt2rXQNA3r169HoVDA2rVrYZomtm7diqGhIbS1tUHTNGzYsAFhGMJ1XbS2tmLz5s2wLGv8/GPjam5uxp49e3DlypXxqd/JZLIaNxkREVFZaUqx/IbmxuCxdikpIUe7OuqjT64NXYeha6OVlJjweTSo1KLrTZz+YxgGLMuCrtd+udRYiDj2G61GA8OJ2ycHjVxzkepLQteQMZlAEtWKa9euoaenp9rDmNWRk33TNn6Jm7FO14ZhQLvlXdmJz3nGSCkhhIBpmlP2X+h5FrIfEVFc1ML9fS08bi41rHykOeWCaM05qi2B7yMIfET/dQpRxHjzs64bURBpGICmQdf1qJpPCoRBCCEENETTljQoaBCA5iFpJZBIJKCPlk5F+4wGl6MbJj51vvVp9MTn1RMvm/QbpiZ/P+Xr8YAwuuTWwBDAlCAx2q80AeJYoDsfuq5B02o/uKX6INTNewMioqVkbDr2dKabNq7r+oLeeJ3tPAvZj4iIqJbxkY5mNeJLVnvVGCklXMeGnFKpqiZ9FkLMuah5FPRNvl4gPGiej2QyCdOypjl+bYqCVzkaLEpAjVZAjFaBTr09588wDCSSyVitiUVLk1AK+QBosuovfhQKMOrvxyIiIiIiqlkMH2lGDB5rz1jwOLZ+EaBw4uhpDFwfxI3rQwCAVWtXYNWaFejs6sDkwFCb9P2Jo6fx7NP7cOHsZdy4Pog9d+3A/Q/dhc3bNgBQ8DwPQRggmUzV9FRsIQQ810W0AsXMt8fY7TnT5cV8L6WA69jQdQOmZcE0DGg1fNtRbRsLIC0dMOpgqp+Egi8AUwcMpo9ERERERLHB8JGmlQ24vl2tUVLCsW1AKRQKDp767o/xL99+BnbBmXb/TEMam7dtwKo1K7F5+4bxqOzi2cv4ydP7cOHspUn7P/ujfXj2R/uw564deO/7H0dXdztEKGCHBViJaCp2raxVFK3fFCIIAkgRdWvTtKjIc3xyuqYwcWa1pim4ArBDICeAQCmEEtGHAgTU+NehjPZvMoEmE2gwgSZTocGIji+EgJQCnoqmc5mWCcuqnduP6keoFEIB1Hrl8kRKakixuJiIiIiIKDYYPtIUuUDNez07qr4gDAEoPPv0fnz+c1+bMXQcYxccHNh3GAf2HQa+VPx5Duw7jBNHT+ORRx/EY+9+EwANYeBDhAESyVQs1i0am0ItpYimT49+BkanVquba1+OVTQGUkO/p9DvAQO+Qj7UkBcKhRDIh0BBAIFc3LiWpYA9LRp2twIZQxsNOBUC30cYBLASCVhWYtE/P9FSJpSCUBqnXhPVhBAjZ4/hmSODGPSjLUYigzXbN+K+ta3g+whERET1ofopAcVKns1latJYgHW+71JRweNi2QUH//TFf8azP9qHD/7mE9i8bQOUUnAdp2pVkEpK+EEAEYaQspiUMPo93zeksG9Yod9TmLysY+n/Dq66wHdchWcHgY0NCr1pDavSCt3J6P/Qcz2EYVjzU9mJqi2QilOviWIvi9deOILnLvuTtgrfxpkDB3Hl2gY8ek8vGqs0OiIiIiodho80rhAqhAwea5IIQ9y4PoCP/9Enyx48TnTj+iA+/oefwJ67duCJDzyOzq52hIEPKQSSqcoEaEophGGAwPdHKxond9S+1UgAXHCA87bCWRu44pZ9iFNkA+ClYeCl4Wi8m5uAu1o1bG4CpBBw7AKsRBKJBKsgiRYikODUa6KYc069hhcu+wBMdG3ZgNdvWoY0bFw8eQw/Pp6Hc7kPz5xqx6O3Zao9VCIiIlokho8EAHCEQlCCbr5UHWEYzrq+Y7mNTcV+7N0/hze+5QEIIeDYNhKJBKwSB2hjU6qFEJBCIAxDADfXbHQEMOADgwEw4ClkwyhwHPvsLXLqdDmcyAEncgpbm4A3dGnoSQKB7yEcbejD7thE8yOUQig1mCwgJoqpYbx6Jg8BoGXjTjy6tXl0ewa9W+/A28UL+PJrLq6fOYfB27aivZpDJSIiokVj+EjwhIInGDzWslw2h+ee3l/VMdgFB5//7NdwYN9h/Pb//qvINGTg+x6EFEgmUwuahi2EGA8Zo+9DTGgJg4lrNl52Newbktg/VMIfqsKO5aKKzJ/t1nBXmwYlZTSV3bJg1VBDH6I4CJSCCf7NEMXTAAYKAJDB+vHg8abGre1of+0yBgs2LgIMH4mIiGocawKWuEBGVY9Uu3zfw09+tK9qVY+3OnH0FD72O3+M40dOQSkgDEI4dqHIdRhvGque9L1oHcQwDKFUVPk48fOpvMKXLil88kxtB49jCgL4+hWFL12SGPSjn9P3fTi2DTEawhLR3MIYVjkT0a10TNtVxtDZbIaIiKiOsPJxCZOKwWOtU0ohCAK8sv9wtYcyiV1w8PE//AQeefRBPPGBx6GUgmMXkEgmi+7mLISIapZGC5cCGa2VmBXAZQe47CpcdoAb/mxHqV0HR4BztsLDXRruaAWUknBtG4ZlIplIQmNDGqJZses1EREREVE8MHxcwlyhINlgpmZJKeG6Dgo5GyeOnq72cKb1L99+BsePnsavfeS9WLV2ZdTNOQhgJZIwzdnvfkzTxD9fdHGyEIWOubBCg46R4QD42mWF03ngoU4N3cmokjQMQliWhUQyyanYRLMQSsHg3whRbORPH8C3D2XhjD/9zOPAV5/GgZmvEV2umejduRM/u2HqFG0iIiKKP5bOLFGeUPDZYKYmhUEA17Hh2AUoKfH97zxT7SHN6sLZS/j4H30Szz29D5oWhaae68AuzD4V++VBgR/eAC45SzN4nOhQFvibcwrPDwESUXOdMAzgOs54h28imorF/URxch7PHZkYPM6DCnHxyGkcL/mYiIiIqBJY+bgECRVVPVJt8X0Pge9jYtZ04/ogvv+dH1dvUEWyCw7+5pOfx4H9h/HBjzyBTEMaSkk4dgHpTAP0aaYQD8SxLXUV2QL49lWFfUPA7c0a7u8ADCXg2AWk0mnoOlfHIrqVkJh+PTkiqoIAoQCARux5xx3YVfT1TuPbX72I60KiTldaISIiqnusfFyCXKHA6LF2KCnh2PZ48Khp0cdPn9mHP/wP/yU2jWaKcWDfYfyH3/1jfOPL34NjO1AK8D132n3XNPDuaTrXPeD71xWevKAwFGB0PU1n3g19iJYCwcpgoiXFu3oGp87l4N3an82+gVNnLiJr33qFHC6cOYPrWW/yduEhe+4MTl2deqxYnoOIiCjm+Op+iXGFQsDp1jVDKQXXdSCEgFJRpePnP/tP+Nhv/zE+/YnP11TwOMYuOPinL/4zPvY7f4wD+w4jDKOu1o5jwy7kkc/lkM/l0Gu4eH1ntUcbX6cKwJMXFM4WxgJIG2EQVHtYRLGiwKnXREvG8x/H1gffhjc9cg92//krN7eLF/Anux/Em978Juy+77/h5fELLuIff/0ePPTmt+GeO/81vn795lUufPkj2P3I2/CmB+/Bb37jRszPQUREFH+cdr2ECBWt9Ui1w/c8SCnh2KPTlvfFq6v1YtgFB5/5i8+js/s3sXrtyvHtE3tDvKFbQ2sC+Opl/t5Op98Dnryo8NhyDTubFbzRKlLTsqo8MqL4YNMZovjLn3wJ3ziahw8Ty7ftxJs2zb+xTHboZrLnTSwyLGTRP/a1PXHidg7XL9z8zp1QZZgdunTzm0nb43gOIiKi+DP+4A/+4A+qPQiqDFcoVoDUkLGqxxNHz+BP/u//jgtnL1d7SCUXBCGOHDyBN77lQQCAJkKYBQe6H8DK20hks1hnD2ODLGCfbKzyaG9SQkCKEEoEUCIEpISSAkpKQAM0rXJF5aECjmSBpK5hVVohDAU0TYNhcKE7IgDQocHSGT5SbSsUCmhsjM/j4HSuDwyju6Ntlj2G8NrxLGwksHzrCvSMbz+PHz3bjxEJABL5QRupzcvROef1Jkt2dqFdeEiuvR+//u63YXv3aI1FshvdHQKu1YsHfv29eHxb12j1RTPae5oB0YDb3/1ePH7/GrSMPny3tC9DixTI7HwXfunx+7G2Oc7nICKqrLnv76uvFh43lxpNsVXqkhBIhULI/+paEoYhXjt2Ch//o0/W5PTq+fjDJ96I29etnnWf78tGfDk1+z7lpJSC8BwoIaBbCRiJ5Bz7S0ApaBVsBPMzHcDP9WhQCrAsC8lUqmLnJoorU9PQaDF8pNp27do19PTMFLvFw5GTfdi+ad0se4w2jpnScOY8vvf1PlwZq/4zmnHPY3uwZc7rERFRNcx9f199tfC4udRwzcclYsqC1RR7Ugp8/nP/VPfBIwC8+NoFyDneB3mjnsdup3/WfcpBKYXAySN08tANE1ZD05zBIxBVP44HjxV6j+cnA8BXLkXnCoIAnjt9Mx+ipYStmIjibjXu29KIhAZAM7F8y4YJwSMRERHVA1brLwGeUAhZ4FpzbvQP4sTR09UeRkWcvHwDYRgiMcdahT+jhvEKuis0KkD4HoTnwkgmYSQWUUVYwfXmDowABaHwK6s1BKMNaBLJJDSueUdLVPTGBn//ieKscdMdeN+mao+CiIiIyoWVj3VOKsBj2UdNeumFV6s9hIpx/BChnLs8d7sZYrM3UPbxKKUQFHIQgQersWlxwWMVnMwDf9Gn4EmFIAjg2Da4wgYtZZK//kREREREVcPwsc75Us05nZXiyXW8uXeqExcGRiBEcSn5neFwWcciRQhvZAi6aSHR0FzR5jGldMkBPnEGGA4BKSVcx2EASUsWw0ciIiIiourhtOs6JlXU4Zpqk5RLqWS1+N/Te7QCfhjkcNlqKvkopAgR5EdgZRqLWtcx7oYC4M9PK/zaGg0rUgKObSOdyXAKNi05Epx6TVR9FkwDgMjjwFefxoH5Xt3QkSjDqIiIiKj8arOkh4ris9SjprV3tlZ7CIsipUAY+ghFEHV+nsWKtuKDRMs0sdrPLnZ4U0gRIihkYWWKayhTKnPdNovly2gK9ulCFGjbhcISC7aJWPlIFA+rcd/2ZqQX8j6AZqJ3OxvREBER1SpWPtYpVj3Wvp27t0FKAX2sY3INESKEqSvceVsvbmTzuDAwAj/wYZrTNz5JW/P7GdcrG8+XarAYCx5zsDJN0M3Zm96UWqWmdX/2vMK7VwK7mgHHLiCdydTk7xbRQjB8JIqHxg178J4N1R4FERERVRrDxzrlCgWTUytrWu/KHnR0tmFosPRVfuWklMK6rmb83mMPYXl7G0zdwIht44vPHsDXXzwMw7RgGtaE/SXWL2tHco5O1xNth13SMQeFHMxUuuLBY6V96RLgCeDedg2B4yKdSTOApCWB4SMRERERUfUwfKxTGZPBYz14/OffgL/9m6+iltYqa06Z+L3HHsK6ZcugjwbgXS0t+OijD+OB7bfhr777LE5dvQFdN6AAJAwNb9m7BYl5hI9NuoZeP4uLieZFjzf0HCgla66j9UJ946pCoIC3LNMA30E6k4FhMICk0hjL+Cb2NlITP6uJ29Sk1V6Vmrz//I+HaY4XnYNvxhERERERVQ/DR6IYe/StD+NvPvXlmqpOe+sdm7Gyo2M8eJxo55pe/LffeA+eO3oKT716AkopvPPeXVjd1TWvc1imidv8odKEj64NM5le9HFqyXevKQRK4rHlOmzbRiqVgjWP8Jeqo1zBHtRs4d1sYaCacjkREREREdGtGD4SxVhzcyPued0u7HvxSLWHUhQpBW5fuxKpxMz9KHVNw89s34j7tt2GMAxhGDqMBYSrK6W7mKECAJQUkEEAo6lt0ceqNU/1KwRS4p0rNDiOAwBLOoCcLdgb/1pNjtvmDAMnXWe24003BgZ7RERERERUHxg+EsXcjp2baiZ8XNnRjN7O9qL21TVtXlOtb7UG3oKvO0YGAYxkCppemaYvcfPMDYVAAk+s0uG6UZhbjgByfkFc6YK9aa+DaF3SW7cRERERERFReTB8JIq5Bx68E5/59FdQC+s+rulsg2lWZop4ly6RliEcfeF3YyLwYFgzV2kuBT8dVHClwBO9Oty8jWQqBSuRmLkqb8I3s62zd+t2IiIiIiIiWpoYPhLF3IoVPZBS1sS6j53NDbCMytytGLqOZUEefcnWBR8jqnxcWus9TufAMOBJiSdWavAdF2YgkEwtjQY8REREREREVF5Lc64hUY3ZuXNztYdQtEp1TrZME8vC/IKvr6SEFCF0dnoGABzNAn93QUEphSDw4bmLX1OTiIiWDl3XIYSo9jCIiKiMhBDQl+iSVbQ4/K0hqgFSymoPoSgnL99AGIYVO1+XXPi6j1JE49RqoKK0Ul7LA585B0ilIQgCBpBERFS01uZGXL0+yACSiKhOCSFw9fogWpsbqz0UqkGcdk20APNrhqGmXn7LmnkTt0+3zl7X8i4cO3ZmscMuu4sDWWQdB50V6prcsYjwEVIu2UYzs+mzgU+dU3j/Kg2ADwCcgk1ERHNa3t2BK/0DONl3sWbeNCUiouLpuo7W5kYs7+6o9lCoBjF8pNhZTGdc4GYgOG2zjGnCwqnHnO461W2g0d7ZVqUzz4/tB/j8T17Bbz/6YEXO16MtvLpCKQloDB+nc9EBPn1O4ZdXaWhBACklUuk0NC3+TY+IiKh6lnd38EUpERERTcHwcYkpNti7+UkVHewVf8zpu+OyM+7MVA3dOP9y8BR2rFqGh3duKvu5OuFDw8JCYaUUw7RZXPOAvz2v8Iu9QFcyhGPbSGcyvM2IiIiIiIhoXhg+1oF8MM203rGvY1C1R3ETNRSRcrRqUNOg6wZMwypZsPSX33sBG5d3YWWZKzYtw0Rb6GDQnH/Hak3To+pHmtGAD3z2PPC+VRpWpiQDSCIiIiIiIpo3ho81zpcKYS2VxVHVCSHwlr2bcedtq9CSyaB/OIcfHX4Nz588B8tKQi+qAYuClGrGTme2H+DLz7+K333bQ6Ud/C00TUObcBcUPuqmBSUEFNd+nFU2BD53XuGJXg3rMgJhGMKq0JqeREREREREVPsYPtY4jw0Fl4RSFprds7EXv/LwXWhtbAIAbFsNPLxrCw6du4g//dL3MOIEMI2Zw6Uw9CHEzY7WmqbDMEwYxuS7k/PXh+AHARLzDKqkUgjDsKjrWWZU+QjMv8JSN01oug4Z+jASbKgyG0cAf39e4T29GrbqPsNHIiIiIiIiKhrDxxonWPW4JJRymuudt61Gc0PjlO071/Tik7/5BP7ki9/Fq2evwjSt0crG6NxSCoRhgJ1revBLD96B1V3tOHd9CK/0XcI/HziG4YIDw7CgaToABT/wEIjiQsSJPN+HMY9KxLbQndfxJ9JNCzIMYSQWfIglI1DAkxcUPrJOYF0iYABJtYUrBRARERERVQ3DxxrmSwaPNH+OH0CfIcxsyWTwnz7wTnzlpy/ji88ewFDeGb8slbDw8/fuwjvv3YWWxibomoa2pmbsXr8Gv/L6e/DV51/Bd146iksDI2hrTOOJB/YgYc4/oArCEEai+DSwU/nzPscYM5WGn8/BTGdGQ1Oay/4hoDfjMXykmsK/biIiIiKi6mH4WMN8TrleOkpY+Xh1KDvnPu+8dy/edudOnOsfwMWBIUgpsXtdL9KpJDLJqVOUDd3Au++7A+943W64vo8gDJFKJGGZ87+L8cMAqXmEj80qnHunGRiJFHTDhnAdmOmGBR9nKdk/DNzZJln9SDWFPZKIiIiIiKqH4WMNY6OZpSOTKc2ahGHoY+Oy9qL2TVgWNq5cho0rlxV9fEM30JCaf/OXMUopBGEIcx6hZQaLS+GNVBqhU2D4OA/7h4CVaQ+mabLzNdUEVj4SEREREVUPn4/XKE65XlpWr+td1PWVUggCF3dtWIm9G1aXaFSl53geEqY147Tw6TRri/tbMJNp6KaFwM4v6jhLyf5h4JIj4boOFN8EoRrAjJyIiIiIqHoYPtaoQFZ7BFRJt+/dASkXXuFnQOBdr9uF33nrg2hrbi7hyErL9T2kknNPuRZSwA8COJ4HK3Dm3H8uicYWAIBfmHtKOkX2DwEiDOE6i7/9icpNY8cZIiIiIqKq4bTrGhVWofLR0jVYOpDQa/tFnFJR5agnAVlDVVubtq7HqRPn5n09IUJ87F0P4/Z1qxY1JbrchBDwwxCtTVE4GgWMIUIhIKTAjXQzhswkBhMNGNaTGDaSGIaFYaFjkTOvAQBWphGha8PPj4yHkTSz/cPAhgZge3MIIQQMw6j2kIhmVOMPW0RERERENY3hYw3ypUKlIzNL19Bg1serN00DkoaGpAE4IeDVyBT2B3/2Ppw8dga6Pr+QZ/f6FdixemWsg0cAyDlO1GimtQVBJo2v5ZMY1BMYViaGhY7hYHRHhShsLEPDJTOVgfA9+IUczGQK+gK6dS8lX7gE/KKuYbvhIZ3JVHs4RDOqj0cvIiIiIqLaxGnXNSis8JRrQ6uf4PFWSaN2fq43vfX1aG1vBuYZPa/pbJtX9+hqEJYF83V3IvnmR+Dt3AZndS+uJBrxipPAWXdC8FgBRiKJRKYRwnO5DmQRnh9UCMOo+pEorl/yGH4AACAASURBVFj5SERERERUPQwfa1Cl13usoXxu3nQN82puUm0f+I0nEITzT+ISVrwr+MTG9TBaW8e/dwKBS9VcSlDTYDU0QTct+PkRCN+r4mDi7UwBeHkECIMKJsRE81A79/BERERERPWJ4WONCaRCpSdd13vFSC39ePc/dA/e8Z5HEYQ+iq2AlDLe3YlETzdEe9ukbZcLIbJhlQY0gZFIItHYDBkG8PNZqJjfltXy/CBQ8PzY/67R0lRLbzAREREREdUjho81ptJTrgFA1MaSiAtWS01nAOCXP/QevOmtD8H3PSg1+y+EUgor2poqNLL5U6YJf8PayduUwmUnTv8nGqxMI8xkCoGdQ+jGuLtzlX6Xr3nA84MagsCvyvmJZsPokYiIiIiouhg+1pigCtlCIBW8Ok0ggyo07ymFD//uB/G//f5vwTA1BIELIaaWCUopYBgS63raqzDC4vjbNgP65LshKSXOFOL3v6JbCSQaW6BpGoJCFsJzqz2kqTQNwvcQOoWKn3r/sELeDaBqLMyn+sfCRyIiIiKi6mL4WEOEql6VniMUghrpCl0sVygUwtr9me5/6B781ZP/H375Q+9BS1sjPM9GELgIAhee78C0dPy7/+f3sH7rpmoPdVr+lo2QzVOrMkUY4oxdhQEVyUimYDU0QymFoJCLXQhpJJJQSsEZvAZZwUrE4QA4lFUQYQzmyxNNwCc6RERERETVpSmWqdQMTyg4Va5A1DVtygu5a67EyowOS9dqpjmNGv1H4ebKiVIpBBLwazRkPXWyD4cOHEEhb2Pnnm24fe+O6AIpkTpwCJoTn+nC/sYNED1d017WN1jA/zhVO52TZeDDt/NItcSrwtTLDkH4HgwrgWRzW0XKv9ZmgA+t1dHQ2Fj2cxEVK2VoSNXKgxPRDK5du4aenp5qD4OIiKgm8HEzfsxqD4CKF4eZz1IpTFxlMGVo2NBkVG08C6WN/jPx5aihabB0IKk05CrdUrwEbtu0DrdtWjf1Al2Hu3cXEsdfgzEwWPmB3cLfshGis2PGy8/ka++2jyMr0wQZBhCBD3vgGqx0A6yG8q7/edYGTuUVdqQFDKP27heoPjF3JCIiIiKqLs5GqiFxCB8n0jUNiTpshW1oQINZZ38amgZ/6yaEvSuqNgSVSsG7fceswaMQIc7FcL3Huei6ARkG1R7GJLppwsrcDBsDp4DQK3/166sjCr7vlf08RMUyuOgjEREREVFV1VnCUr+kAkTMZsibGlCH2SMAwNKjcLXeBGtXw9+6CSphVfS84bIeuHtvh2yafTpuGIQ4G5/Z4UXRrQQSTS2QIoRv5yq6zuJczFQaRiI1/r2fGyn7OQ9lget2CClZwUrVp6F+H6eIiIiIiGoFw8caEcYseATq/wVdvf5xiI52uHfuQbiy/FWQKpGAv30LgtvWFfULc80Oka/RfiVmMo1EpikKIGNUBWmlM5O+D+x8Wc8XKuDVESAM4nMb0NLFqkciIiIiouqr13yl7sRtyjUQVWPWs7qu29J1BOtWw71zN8IVy0rejEQ2ZOBvvg3u3Xsh2lqLvt5Zu3Z/qdRopV+ioRl+bhiIyRsGupWAmUqPfx+Fj+Ud26EcEMQogKWli+s9EhERERFVHxvO1IgwhklYIKMAsh4rIAOpIGMSHpWTSqUQrF+LYM0qmNcHYFzrh55bWGWcsiyIrk6Iro45p1fP5IJnAKix0kelEHoudMOApiegmxbMdAPckUGkWmde37KSzFQDQs8dD0T9fBaJxpYp+4WuDTOVmbJ9vq57wCtDEncnAlhWZaf4E01Uj49PRERERES1huFjDYjjeo8AoKDgCCBjaKUunKsqTyg4cSw1LSfDQLisG+GybkBIGNkstHwBum1Dc73oY3QarTIMqGQCKpmESqcgGzKQTU1QmfQcJ5nbsF9bt7sSAr6dgzc8gOZVG8a3m6kMlJRwhwdiEUDqpgkrlUHgFAAAoevASjdCm9CROijkoJlzPyQUG1AeygJ72xk+UnUZTB+JiIiIiKqO4WMNqHYOFi3Yr2G6l3BKAWfyAiszOixdi/0UNzX6j5r4/ehnpRQCCfj1Pp98LoYeTZWex3TpUlmeMXA6Jyp+3oWQgY/+Qy+ga8fdSE4IHsdYmaj60x0ZRKqlvdLDm8JMR9WPSka3r58fQXJ0XML3EDgFpNu7Zz2GnxtGoqm434uTeeBcPsSmlISuc4UPqo64PyYRERERES0FDB9rQDWbzSQNDSl99srGRsuY+cKY0QC4UsGtdqJL03rnmhSGPIkjw/Geei18F6HroPv2e6EbM9+NWplGwM7Dyw4h0dQKrYolwpquw0xnEBRyAAAR+JCBD91KQAY+jEQS2iwhoZcbgplqmNc5j+aAdS0+ksnU3DsTldhMb5oREREREVFlMXysAaJK6z2amoZ0HZaNpEZ/JgaQ8fShTRn83WkHBwbi2bAkdG0oKZFsbitqfyvTCOG7CPIjMJJpGIlkmUc4y1hSGQjPgQyjcNfPjyDV1gVoGoxZAkI/PwJN02FYiXmd73AWeL0bMHykqqjDhy+imqNiuGwQERHNTzULKKh+cC5czClUr/IxZdbvnYzJdcBi7Vc2pLG3I35rBQZ2DppujE+pLpaRSMFqaI5CSHthDX1KQtMmVS9KISA8F2YqPWOw6BeyEIGPREPzvE83HACHcwpBEM8gmeobw0eiylJKMWwkIqpzvK+nhWLlY8xVq+oRqO8XbvX8s9WLd61NoS8vMOTFo9W7nxuB1dAITV/YMgOariPR2ALhufDzIzCs5KzVhuViptIQngMR+AAALz+MTMeyafcN7DxCx0aypQ0L7Sp1JAvc2e6z8QxVHO/niSpHKQVN08ZflN76wpQvVImIas9YxePYffjY92P396yIpPlg+Bhz1VzvUakF5w2xx+fA8Zc2NLxvXQqfOG5XdRxKSgjfRaKppSTHM5IpGMkU/NwwpAjnXUVZCmY6Mx4+QgGhU4CZnryeY+jaCOw8Eo3NMKyFTxU/mQfO5wU2svEMVZhRrw9gRDEz9qJUSonjV/L49DMX8GLfCLwgHm8eEhHR4iUtHXeva8GHHlyFLcsbGUDSvPGVYMyFVXzeFtRx1+dqhrpUvNuaTdzVWdqKucSFPiQu9MHqv1LU/kpKmKlMSccAAImmVsjQR+AUSn7suRiJ1KSqS7+QG++CDUQNdfx8FlZDU0l+9sNZIPD9RR+HqFgaAK6uQVR+Y8GjUgrHL+fx4c8exo9PDjF4JCKqM14g8eOTQ/jwZw/j+OX8pPt/omKw8jHmqvnUzREKyTqdt+aKufeheNjRZmHfjYWtGah7LpKnjiL52jGkTh2dcrlMpuCvWg9v41Z4t22DnGYatG6W727SyjTByw5BN615N3NZ9LlTGQjPHf8+dAqwRtd1FL6HZFNryaaFH8kBP+sHSKbYeIYqQ+e78ERlN1bxIqWEUgp//fR5ho5ERHXOCyT++unz+LMntgIAdF1nBSQVheFjzMkqv5Mw7EukDA2WrtX8+llCRdWc7HJdW3a2mdjQZOB0rvjE2BgZQuNPf4D04Zdn3U/3XKROHUXq1FHI5Ldg33E/7DvumzaELAfdtGBlGhEUctBb2iv6oK1bCZipDEI3mtYeODaMRAq6lUCisTRTzMcMB8ChEYXXpQOu/UgVYXJeB1FFjK3vKITA/rPZag+HiIgqYP/ZLIQQMAyDlY9UNIaPMRaXWc+uYGBH1fVrmzL4s8OFOZvP6J6Lph9+a87QcabrNj73FDIvPYvcG94KZ/vehQ53XsxUBqHnQLgOzHTpp3fPeu50dO6xRVAD10ayTBWYR3LAnR0MH6kyTL77TlR2E6sehRDwqrlWEBERVYwXSgghxqseua47FYO/JTHGvI8okjY0/NrGNFKzlN+mj7yMzr/6+IKCx4l0z0XLd76M9i98quh1IedDBj7c4RuQIhzfZlhJiMAr+bnmohsmrAmBp/DcSVOxS+lkHjiXDyAlX5xS+bHykai8Jla6KKV4305EtMSMvfk0hhWQNBc+PY+xak+5JoqTlRkDv7YxPWW77rlo/8Kn0PKdL0MvYXCWuNCHjs/9ORqf+0HJjhu6DtyRQeimBd24WXhuJJIQvgclKr8YqZlqgKYb498Hbvka4BzNahBhOPeORItgahpY90hUfhObDTB8JCJaWiaGjwweqRgMH2OMT+OIJltheni48+b3jc/9AJ1/9XEkLvSV7ZyNzz2FjhJUQYaODT8/AiORnLKmYhRGGhBh5TtCa7o+qfpRBgHCMnXgPpwDPJZ0U5mx6pGossbWfSQioqWD9/00X3yKHmNxWfORKA58z4MUAvc3uOjd9wN0/48/QuNzT5W02nEmRv8V9HzxU9hy7LkFXT90bfh2FlamEcnmtmn30RNJyKDy4SMAmOkG6ObNtRgD14aSpa/CHA6Ao1m+rULlxfUeiSqHVS9EREsT7/9pvthwJsZYIER0UxAEOPPyUfzwM19GaLsVf+ckdFwMf+tb2HauD8df/66iO2KHngMASLf3zNrN2ko3wMsOQXgujAp1257ITGXg50cAAEoIhI4Nq6Gp5OcZDkp+SKJxuqax8pGIiIiIKGb4FD3GuOYjUUQKgevnLuG7//NJeHb5Kx1nM3j4KHq/9CkYI0NF7W8m0zBTmVmDRwDQdAOp1k4EbgGha5diqPNiptIwJnS6DpwClCj9+oytCT7sUPnM0pOKiIiIiIiqhK8CY4q5I9FNSins+6enqj2Mcf6VK+j+uz8vOoAslgwDpFo6IDwXgZ0v6bGLYaYbJn0v/NJ34G5JGnPvRLRADB+JiIiIiOKH4WNMVb7nLVF8CSFw+WT5msoshHJd9H7zyZKtOekXsgjsPJQUSDS1Qvju+JTtSjESyUlrP5YjfOxI8mGHysfUmT4SEREREcUNXwXGFKdcE93Uf+5y1adbT8e7cgXbjj2LxeQdMgxg37gKTdOQaGyGphtRB+pME4JCHkpU9q0IM5ke/1oEfkkbz6xt1NGZ4sMOlYehaTCZPRIRERERxQ5fBcYUm80Q3eTmKz8FuVi5557Dry4PsKVl/v27QtdG4BSQau2AlWmCpt+ckmwkkjCTqYpPvzaSKWDC+pQlq34UIR7o5EMOlQ+nXBMRERERxRNfCcaUZPhIBCBa7/Fa38VqD2NGnu3CO3IEv7E5g8dXF9mlWil42UFohoFkU+ukqc4TmakMhO9CBn4JRzw7TdcnT70uwbRy7+I5XPn0f0fu8IFFH4toJuxyTUREREQUT3yqHlOsfCSKBL6P3MBwtYcxq4vHTgMAHlqWwEe3Nsy6rwx8iMBHsrkdhpWcdV/NMGAkUgj9yk45nxg+ygVOu/avXUZu/7Pof/KvcfkT/wneudM4dOB4qYZINImGaNo1ERFRXNy5rhVv2NqJTILN9oiI5j9PkCpCB6DzhRQtcVJKCN+LXbOZW+UHhmCO/r1uaTbxkc0N+IsThWn31a3EvI5tpjNwhweQyDRNmg5dTrox4aGhyPVn/SsX4Z3vg3uhD96FPgTXr908nm7ANBO4cPYSNCFgmHzoodLjtGsiIirW7z+2EW/f04Njl/P46GcPwfZLu8b2o7u68e/fugHphIGvvXQVf/rNUyU9PhFRreErwBhSAKBFlRwaorxh8tfaNNuI6k8+72Dg1FncOH+l2kOZ1cCFK2i0bv4V3tVp4uyIhu9eXXwJ81gVoggDGPMMLhdKM26+Q2+mMtPu41+5CPfsKXgXzkZh48D1KfvougHDsKDrUZH92TMX0WBpMNkVhIiIiKpMA9DVlMC2lU3Y31faWTa2L1DwBJQChu2gpMcmIqpFDB/jSAHhrIs+znzZpGCSASbVMMdxIITA95/8ZrWHMif3lk7cQghsmD6zqwnCdca/Hut+7V+5CPfMyaiy8XwfwuHBSdfRNA2apkPXdWiaMR443iqbzaO9vbV8gyciIiIqkW0rGrG2M4OzN2wcvTy1CeC2FY3obU/jlfNZ9GdvNun70fEB/Oj4QCWHSkQUawwfY2gxtVIK6uYsyVkPxACT4svzPARBgP3few79Ma96HOMWHKQaoqBO13V8/UrtLtwaeg6C/isILp1Hvr8f7oU+iOzUigBdN6AbBgzdQLF//dlsgeEjERERxdqO3ib82zevx/aVTdAQvXI6cimH//LdMzh8MYd1XRl87K0bsGdNCzQAfijRn/PR1ZTA5569iNdv7cBt3Q2wfYG/f+4SPvX0+fGp3q9eyKK9wUJve/S88cXTw/jYPx4r+dRvIqI4YfgYQ9WOLBhgUjVJKeG6Lg79+GU8VQNVj2PGgkcAGPCBC84sO8dY/thBXPn8pyALeZhmAroeTcG+WdV48/NCZLNTqwaIiIiI4uTDD6/B9pVNGLEDvHI+i92rm7FjZRN+8w1r8FufO4z339+L3atb4PgCr5zP4rbuDHrbUnADibwbou+6g5VtKWQSBvasaR4/rgbg9lXNEFLBDyWSpo6dq5rw6O3d+NK+2njDnYhoIdjtOoaqHT6WgoKCVApCKYRSIZAKvlTwhIIrFByhYIcKhVAiH0jkAolsIDHiSwz70eesr5ANFHKBQj5UKITRdZzRY3giOmYggVBFHcKlqo/bbykLwxD9F67iB/9QO8GjvKUpSyGs3d/Cwae+CVnIQ9N0WFYSppVEIpFGIpGCaSZgGOaCg0cAECHf1SciIqL4emBTOzYta4CUCt862I9//4Vj+NbBfgipcFt3A955xzLsWtUMXQMOnBvB7z15BN94pR+BiF7/jNgh/q8vHcfVYW/a41/Levg3/3AUf/DVk8g6ISxDR0djZdb1JiKqFlY+xlCRzWXrmkIUYGIRFZhRJaU2XlU5bROf8W2swIwLpRS+8l//bso6inGWTCcnfb+20Zhhz4XRdB2QsqTHnI5/9RKCi+dhWSmYpgXTLP0TYcMo7W1DREREVEpNKRNJS4dUgBtEz78GCwFCqZC0dCxvTSFlRW/EDuTn30zG9gSePz2EO9e1wgsl0gk+NyKi+sfwMZaYPpaCQhRkTdow695TMcCsvPPHzmDkxlC1hzEvPWtWTNm2pkHHuUJpAkPNMCClQLmfmuZffn58mvXYZyIiIiK6ydD5DJ+IaL4YPsYQo8f4KEeAOTGUZIA5Da32fuJl63qnbHukR8d//sRXYHV0werogtnZDbN5/o1WZOADSkE3yn93XTh6EMDY+o7lCR8bm2q4DTgRERHVvZwbwgui9RjHKhzbGyyYugYvkBhxAoQieoO5o9ECADCPJCKaHcPHGOK06/pSzgBz7GugfgJMVYN/ABt2bJyyzT95BCPPfG/SNquzG1bXMlhdPbA6uucMJYNCDkpKpFo7yzLuiQqHDyAcvAGgfFOjW1qasH79qrIcm4iIiGi+Ohot/NkTW8e/D4TCP/z0Es4NONi9uhlv3tmF7uYk9q5phqFrOHPdxmd/chG7VzdjeWsKd61rxT/+1h3obk7AMjQEC1zamuElEdU7ho8xVHvRC5VbJQLMSUFmFQPMletXQSoFvQoVkFJKCCmgABi6DqOI6j8hBTbv2T5l+4njfTDNBJSSUEpBKYngRj+CG/3Ascn7Go1NsDp7bgaTXcuAMIBz7TKSK3qR2LKrRD/hzOwjr4x/Xa6qx917ts69ExEREVGZXR3x4I12m85MWHNxxAkxkPfxlz88h3/36Aas68rgke2dUADOXLfxlz88BwD44otX0NuexuqONNZ0ppF3Q0gFhELBC4tbdsf2QnihhGloWN2RLsePSUQUGwwfY4jhI5VD1QPMCZfNpqG5EYl0AqE7/wW8F0oqBT/wEcoQnW0tSCVM9A+NIPBDJK0EtFkG3rWiC6mGqU8Yz5+7DGPaqdJqNIxUkFJCKQlZyMPN5+CePTVpzyDw0P7I29FY5vBR5LLjU6513VhUN+vZbN22vizHJSIiIpqPTz19Hp96+vys+zzxiZdx57pWdDcl0J/zsb9vePyy504N4bk/fwn3b2yHF0rcsbYF77+/F14oMeKEAID3fuLlScf7j19/Df/x66+Nf3/0ch4f+dtDWN6SxMEL2RL+dERE8cPwMY6YPlJMVSrA7F69ApdPnitqTFJKKKiiqhRnur7tu7h3zxa84Z5daEynYZomXN/Dt5/ehxcOnkQmOfO70ctX9ky7/eqV6zNcQ4t+fm1qheFYhaRSMrr1NMC/WNztsBiFQy9DBT6A8jaa2bKF4SMRERHVjomB40SP7enByrYU9vWNQCmFu9e3wjI0DOT9Ga8znf6sh/6sV6rhEhHFFsPHGGL2SPWsmABz5ZbbZg0fAxEiFCGEvLmwjqbpSJoJmPNYrzAQIaBJ/KtfeBO2b1gzKcBMWhbe/aYH0N7ahO/9+BUkrcS0x2jvap+yLQxDDA/nix7HzZ9Bg6YZwGhfa13TEVwof/hoHxtrNKOVLXxcsaIbW7YyfCQiIqLa98j2LtyzoRUffODmWtY5N8TXXr5axVEREcUXw8cYYvhIS13PLE1J/DBAMmli76b12NC7DKtXdKEhncahU2fxrR/ug+N4c06VBqLgsakxhV94889g67rV0+5jmSbe+Lo9uHxtEMdOXZo22AxvOY8QArZtw3HcIn7S2QkRovHOBxZ9nNl4F8/COX0CwNiU6/Kstblj56ayHJeIiIio0j75g7M4erkDG3sa0Npg4bWrBXzv8HW8dHak2kMjIoolho8xVIPNfolKKtPUMONl63q78avveCPSqdSkpjSv27kVO29bi289/SKeO3AcKSs5bViolIIfBmhpzuDD730zetqnVi5OZOgG3vvoQ/h/P/MVFPIedH3yeoiBpiMXqNGGPAqObeMf//6bkHJxf8hChDA7u9Hx9vcs6jhzKbz60vjXul6+h4RdtzN8JCIiovpw9HIeRy/Pf5YLEdFSVZ6uArQozB5pyZvlj+ANr7sdDen0lG7YuqahKZPBux75GXzo3Y/ASuhwfBeBCCGVgpACfhjA9l2sWtGJj/7i2+YMHsdkkkm8++fuh24CQRg1wpFKwQ08rNqzFa7vIVQKrh/gRz98Ed/42g8W/KOPkVKgYefeRR9n1nM4NvKj4aOuG1OC1VJi5SMREREREdHSxMrHGGL4SEudEGLGy7J5Z9brWqaJ2zdtwNqVy/CdZ/bh0MlzyBVsWJaJno4W3H37Ztx7+zYkLWteY9q6bjV+91fejs997SlcvDYAANixcTW2pFMYcV0YugEhBL745DfmddyZSCWRWrexJMeaSf7V/RDZaFF0fR5rZc7Xtu0bsGxZZ9mOT0RERERERPHF8DGGOO2alrrlG9bMeNlPDxzHPbs2z3mMloYG/MLPPYC3P3wPHN9H0rJgmSYSljWlarJYyzo68Nu//BhOn7+CdCqJVcu6kBwcgteQhqPr+N43n0Z2AY1mpqOhPGsvTlQ4uD86l6bDKOOU651F/H8RERERERFRfWL4GEOKtY+0xGWaGxEKMe2ajf0DI7gxnEVna/OcxzF0Aw3pNBrS6dKNLZnCzo3rJm1rv3wV/akUfvLD50tyDqUUlJIw2zpKcrzpOK8dg3v2FIDyVj0CwKbtm+CIaF1MDYCmjX5G9MWt24mIiIiIiKh+MHyMIQ2cek1LWxD4aF3Rify1oSmXSaXgeF4VRjWZUmq8M7QuJDouXEL/6HTsxZIyRGrdxrKGj4VX949/bejlCx+bmhuxcdtt8MR092pTt0UhpDZtIKlNE1QywCQiIiIiIoo3NpwholiRQsB1HKx98H4IOXXtxyAM0NnWUoWRTabdMnXbcj387pvvL8mxhRRouqs0x5pOMHgd+dHwUTdMaFr5Hgq27tiIRDJR9P4KUcAslEKoFAKp4I9+eELBFQqOULBDhUKokA8l8oFELpDIBhIjfvSRDRRygUI+iPazRz+c0WN4IjpmIBUCCYQKEAqQim/+EBERERERlRIrH2OJtY+0NAkh4NgFXHWBn6zYDaPlx2gYGRrvwhyEAfZuX4d0ovgwqxykUtOuG/nI7Zvw6rkrGEhm8KHf/gC+9oVv4l++9dS8jh2KAK2vfwsad99dquFOUTj4ElQQde0uZ9UjAGzdWfn1HhWiytRJG+a8xmTTVWACt1ZdTqy01GbYTkREREREtLQxfIwhTWPTGVp6lFJw7AKGfOAzFzS4VhrGY++D9vefQCIMIKVE2NGBNzxQvlCu2HHO1rDmAx96L0Za2wEAP//et+FG/w0c2Hew6ONLIcre5XpsyrWm69DLHT7uKO/PUi6VDjCj7QwwiYiIiIio/jB8JCohDYCpazDqIDEQCghkZVJwpRTsQgFOqPC/LmlwR2dbi+Wr4PzyRyG+9xWo7l44b34Hvggbv6MuVS2UUVAzdqIebO8aDx7H/Kvf+VX81z/9n3jt2Kk5jy1EiNTGrUit31SSsU6n8Op++NcuA0BZO1wDQO/qFVi7flVZzxFn5Qgwp1vfctYAc8JlRERERERE1cDwMYb4OrE2mZqGjKlBr6P/wEAChbC8AaRSCrZdgB1IfOaChqvu5MvF8lVwPvCvAUR/G6+gEX+LZfigulrWcU0nCENY5sx3m94MXbV/7//4LXzuL5/EC8/un/ZyYDSkymTQ8fb3LHqcs8m/+hKAKNAqe9XjztqseoyTuASYY9chIppobP1jTdOQMDX4ZX7OQERE1ZcwtUn3/0TFYPhIVAIagAZrpnq42mXpGhpNDflQlu0cvudBCoGvXp0aPM7kx1oLOhHg7ao03aWL4fo+UrOsNRmaFtxUZsbL3//hX4JtOzh04Mj01w99tNz1BlgdXYse60y8i+dgH42mgBuGVfYnC9t2VH69R5qqkgHmze3ajJcRUX3RtOhF6J7eDF44W6j2cIiIqMz29GbG7/uJisXwkagELL3+gscxpg7omgZZhoVIlVIIwwD/64LC8cL8bsGvap1IQOHn1GDJx3Urx/OQnKPJzUhrO6Q+e9fo+x++d8bwsRKy2QgOWQAAIABJREFULzwDADAME4ZR3rv/js427LlrZ1nPQZVT6gATmL5xz+TLtNGlLBY1dCIqE03ToJQaraTX8b47O3Dggg1fsPqRiKheJQwN77uzA7quT6p+VGxaQXPgU/oYqtcQq57V01Tr6ZTjjkIKAbtQwD+eLqAwmMUe9zp6wvlVTHxB68KfaauQLeP7KLbrIplIzNpkxkumpqz1OJ2de7bjztftmbJdKQmlFKzu5Ysa62yc0yeQf+mn0DQNhmGV7Txj7r5/L1LpZNnPQ7VDIeoUL0Y/QqkQSAVfKnhCwRUKzuiHHUafGTwSxdPEapex8HHriib8yduX447eJBL1sPg1ERGNSxga7uhN4k/evhxbVzRNCh8BTr+mubHyMY40FFFVQnFSob4sVVPqSddSCNh2AQhDPGz3Y5tmR7/3EhgqCHxfa8Oz6WXwtLnvoo5qGfyf2jp8UF3FHSpXsjH6QQDH89DU0DBr8BhYCVzvWQFV5APuBz/6fnQv78a3v/rP49vC0EfHY+9Fw869ix73TLI//REAwDDLP90aAO6+r3w/Cy0N6fIuSUpEizRW9Ri9qWXAsixs723B73cmEQQBwjCEEILVMET0/7N35/Fx1ve96D+/Z5td+2LJm2TZlvHGEpvNkGBSCgkJJC/CaTlJTm+atkm6HHKaU3L7um3uyXLuuWlOF3JvSNM2NyctaZLSFgIkQAgYs5hgHNt4wRbGljftki1p9plnuX+MZjySZkazb/q8Xy+hmWee5SfLHvF89P39vlTD4u/xiqJAVVXY7XaoqgpZlhM/A+I/D4gyYfhYhfjPtvbEukLX53fOsFDUKdemYcDv90MYOppPn0e7MX+hx2ZVxv2YxW7fJB5VV2PA3rrkOQOQ8C3RjR4RwvusadxoeWHLMzI1TBPeQACqLKPR7c68r6xgtHs1IlpuFX53f/QuGLqB5576BQxTh9LWCc8Nt+Y13mz4jx9C4O23YtOtS9zhGgA2bdmAq7ay2QzlTxYCar2XlBPVgeTwUZlryCZJEqLRKEzThGnGfhYzgCQiqj3xQFGSJEiSBFVVoaoqFEVZFD4SLYXhI1ERWABChgV7nU0zMi0gUMTOlbGKxwCUYBANF0eghNJ3mGmzafi98Dn8HZBVAAkAZ2HHWbECe51deLA9BNfUJGR/AMJMH0RakoSox42g3QZ9bAxaKISGJaodAcCUJFxc0wtdyW8K8z33341QKIwXnn0R9r7SNmaZfX1v2aZbA8ANu1j1SIVx1Nl7KVE9WljtoqoqJEmCLMvQNA2GYQBg8EhEVMvi7/GyLCfe41n1SPlg+FiF+E+3NoUMCxETUMVcAxqxsHlCbbCAubXYgPN+A6ucMpSkHyiGBVh5rAtgzK3xqASDaD5zHmLupiQTp82O3/QP4v+2NWY1BRsAtjYreGCdA5bsgW9FrHO0HAhCCochRSIQugFTU2HabTBtNoQFEAwEAQgYDa3oungOUjCY8RqWEDjXu3HJBjOZhEMhbPvAHRjt7IG37+q8z7MU74F9CJ15B4qqleV/DOwOG65n+EgFUCTBtR6JasTCG8/4zallWYkPIiKqbfGgceFH/DWibDB8JCoi07IQtoDwgkUg3YpUMzfTArHwVJWATY2p3yL8enyqeXYsy0I4FMwpeIzrcDpwm/ccnmvoW3LfnW0qHljnWLTdcDpgOBdvNw0DIb8PpinBMGPfoKmOFVh5bjDtNaKqhvM967Mef2oWgsEATgW0kgaPlqFj9vU9ZZtuDQA33boTrW3NZbkW1SdWPRLVlngAGQ8dgcXVjgwhiYhqz8JgcWF3awaPlAuGj0QlVkvBY7ZcikDIiFV7ZiMUDMKMRNB8YSSn4BEAJCFwg34Zzy2x30fW2PHeFVpO57YsC4ZxJXgEgJDmwExTCxqnLy3af6apBZPtK3K6RirhUBjjIQPnjdzGm6vZ119CdHQEqlq+rtPve/9NZbsW1R9NEmD2SFR7ktf8Sq6ISd5GRES1Kfk9PF7Vzvd1ylWdRSL1gf+O64dWx9MH7bLIaip5JBKBEQ6h+cz5jGs8ZtKoSlgbmUn7+gPrHDkHjwBgWZgXPMZdbm2HKc9vtTu+YmVRgkcACEfCOG/YMGOWrp2v4fNi5pUXICtK2f7nYMeN12ATG81QAept3Vyi5SQ5dCQiovrE93rKFysfiUpIrdPgMU4SAkaGqVSmaSIcDMIzPAYlmF/wCACKJKNd9+Oc1jhvu10W+IOrnFjpzC/Ei0SjKbcbkgy/yw3P7AyiqobJji4EnK68rrFQNBpFMBzGeb2hKOdLZ/b1l4CAH7JS2urKZO/7tZvLdi2qPzZZgA2uieoLb1CJiIgIYPhYlfi/afUjh2UR61IkHIbN64XjcvqqxWwoioIheX5Y12yT8NsbHHkHjwBg6AbS/YvzNzRC1nVMtXUiYrPnfY2FwuEQTkc0jBil6zwdnRzDzMvPQy1Td2sA2LRlA3bedE3Zrkf1RUCw6pGIiIiIqE4xfCQqId0CyrfaXnmZVqzBTjqGriMaDKL9wkjB15qWNIwo7sTzbqeMP7jKWVBjCtM0YRgW0oWPIbsDoRUrYcjFe5s0TQORcBjndGfRzpnK7OsvQZHkslacvO/XuNYj5c8m8xdvRERERET1qs4nhdYmTjurH1HTQqQOyx8tAEHDQqavLBqNomFkLOcGM6l812iBay5o3NqsFBw8ArGqTCtD3GEIuajBIwCEQmFcDAuc10s3FTp84Sz8+1+DJJVuPcmFVFXFe24oXdduqm+yYNUjEREREVE9Y+VjFZKEADLGOlRLTnsNNKoC7Xa55teAtCwgYlqImMi41iMAmP4A7AVOtwaAk4aCY/4o1rcIbHYqeGCdo+BzWpaFSESHmaLZTClFwiEM6jboJazxmt23B3IZp1sDwFXbNqCh0VPWa1L90Gr8fZGIiIiIiDJj+FiFylevRMXiUiTIInXValON3VnrJhBKqmq0EAsdgcyVjskMXYdjcqoo42m/bjM+7TUwEYrig+vcSx+QhUgkAsMsyqmyFg6HcCms47xRnK8hleCptxF++0hZqx4BsOqR8qYIARurHomIiIiI6hrDxyokRGztK9Y+1oZaCxeXokiAWxKYjuSfzpmmCcest+Cx6N0r4PQ4sbOIRXWWZSEcCsM0yxvQhUNhDOo2zJbwut5XXyx78AgAm7dtLPs1qT7Y+Ns2IiIiIqK6V1+pSR2RytgogvLnUur3++RS8n97EP4A5Ei0oOtbsgx9zaqCzpFKNBKBaZb3+6brUYTnplyXiv/IrxA9N1iy82fSvWpFRa5LtU2VBFQuckxEREREVPdY+VilJAEYLH2sekodh8SFzISUitBkRl+7CpaS+1uUaZqwTBO6oQMALNOEaZoABHQ9ts20yl31GMKZqIYxo3RrMfpefaGs3a3j2jtbIcssX6PcCIBNZoiIiIiIlgmGj1VKFkBhdWNUFnV871zIl6b6/AVd23Q5oXd3ZdzH0HVYsGAYJkzDgGnGPs8buIV5z2XDBHQT0SJ3sc7ENE2EwmEM6s6SXcO3/1UYE+MlO38mHZ1tFbku1Ta7LAr6BQcREREREdUOho9VijPRaoNhAfU687qg2kVPYU1VZjrbEZ2ZSWSH2XyWDRNaOAzZMKCGw5AME2ooDAFADYcgzXWYubi6t6xdncLhEEYjwFldK8n5rUgY3pd/UZJzZ6OxuaFi16bapEpsMkNEREREtJwwfKxSElvO1ISgbsGj1udNdEjP/++fZc9ubUMhxKKgPex0QpIEbMFgxmMlw4AaCsMeCMLmD2R1PZ+7AWG7I6t9iyUcCuFcWIFRojJZ7769sPy+kpw7G41NDB8pe5xuTURERES0/DB8rFJ1vJRgXTEsC74o4FQWh2i1yrCAgG7BsPIPH02XC6ZNgxSOzNsuRKyZUvwjFSUUguvshbyvnYm3oSmn/YOBAAzDgKzIUFUVipL7mo0tDiceGBrADl3FKcmBAa0ZI2px2ncbs9Pwvfx8Uc6Vr+aWxopen2oLp1sTERERES0/DB+rlCTA2scaoVsWvFELkhA1vwSkBcC0rIL/3lmWhXBLMxwjYwAAWQhIUvrAsRxMSUbQmdu6iw6nE4GAH97ZGQCAJMmwOxxwOl2QpKW7gct6FF1n3wVkCdfJBq6FD+HwJZwM2nBMbsCArRmTSv5rQXpf3QMUEBIXQ2NTcYJUqn+cbk1EREREtDwxfKxSArEKsUKqz6h8LIDfqyShUBBWgwfu0XHIklQVlbwhhxOWWDowXCgWNMqYnZmGaRoI+H0Ih0JobWvPeJxkGmi9eG5eOCgA2DUN18DCdmsaocAYDlkO7Ld14B17a07jEpcmEHjztZy/nmJrbm2u9BCoBnC6NRERERHR8pX7nTiVTb1M46XlR0R1tI6OQZGrI3gEgKAj/wpDu92O1rZ22Gx2ALG1KpfScvE8tAzrVkpCwGm3Y5fDwmci5/CJmRPYGJrKekz/myuIvhW5BZalsKKro9JDoBrA6dZERERERMsXw8cqxvCRalXz+GTWTWDKJeAsrAO3LMtobGpGe8cKtLS2Zdy3ZegC7Dk0gXHa7bjZbuJ3w4O4e/Y0PEYk4/4brQBuVYP4+ic/VNEAUlFkdKzI/GdBxOnWRERERETLG8PHKsZvDtWqbCoDy0lXVERs2XXgXspSX1vj+Aics9N5ndftcOIuNYDPeE9gS3Ai7b4fQaxC0m3XKhpAdq3srMh1qbYweCQiIiIiWt6Yb1WxKstviLIWXLsGekP1NCKJaMUJHpfivjwFz9RkQedQZBl9ThUfD5zBewIji17fYXmxybpSVeq2a/jS/XfAbdcKum4+uletKPs1qbbYZQGFP8uIiIiIiJY1NpypYrHOwGxiQrXHUmT4Nm+CNjEJ29AI5FAou+NkGaFVK2G4Mq/PKIXDcx8RyP4A5EDmKd6mLGc99nzZfV40jQ4X7XzNHg/u856HbNewX7pS2XivtXhdyM4mD770H34dD/3j00W7fja6VzN8pPQUSbDJDBERERERMXysZixLpVoXaW9DpL0NztffhGxZECIeql9hyTL0Bg+iLc2INjfDUrIJCudXVcr+ALSJSaiXL0MKL14v0ZBKGz7K0ShaRi4W/bwetxvXNZgYnZjCeUcrbremsRLhlPtuX9uF7Wu7cOTc4mrJUlm1urts16Law+CRiIiIiIgAho9VTRJAoxaLIK25Ash4HaQ19x8L1pVtafdJvW3evpbFGksqmWhrM6zx+dORo+vWQu/uKsr5DZcTQdcaBHvWQOjGokpIX1gvynXSaR65CEkv/jVCre1o8nnxYT2Eb6EV91qZp3TfcfXGsoaPrHykdDjdmoiIiIiI4hg+Vrn4vVvK9R9F8h7FudLSgWXqsDNtAJp2H4ady4nR2QElKXw0WpuLFjwuZCnyovUmjRk/UKL8sWFiLKfO1rmQBbDRjCKsmbjXmoQHRsb9b+rvAbC3JGNJhWs+Uioqp1sTEREREVESho80TzzPXHTbKBY9KMaVYqEkqzrrntnYALOxAdLMLEyXE9ENfWW9vpBKs36qLeBHw+R40c8LAJaioGnmcuw6qppyrceF3HatbFOve9aths1W/iY3VN0kIeBg8EhEREREREkYPlJFCZS5qhMpqjHTVHUuDjHTP2dV59IiV22ENDMLo7Wl/Bcv0TekZehCaU4MQLPMvFreb+/pLkv4uOXqTSW/BtUehywgMXskIiIiIqIkDB9p2Ug7hZ1VnWVhKUplgscSaZgYg6xHS3JuIcSixjzVZsv2/koPgaqMQxZQ2SmNiIiIiIgWYPhIVCK1XtWZep/aCTvnEcWddq2GgiWbbg0AcpUHjwCwvn9dpYdAVUSTBGycbk1ERERERCkwfCSqA5Wo6kxfnVl9VZ2yJAEwi3Q2oHFirGjnSkUuYN7q2LS3iCNJbcOmXjQ0ukt+HaoNihBwsLU1ERERERGlwfCRiHKWuTFR6as648+zreqMygLBIoxIMg20jI3C7itdwFdI8OgPR/D6wNkijia1TVs2lPwaVBsEAIciivavnoiI8mAG4J01YGvwQOPyF0REVIUYPhJRVStGVaehCMwWMAbJNNAyNQHP7Az0SKSkU89lkd9dgz8cwUP/+DR8oUiRR7TYBk65pjlORYCzrYkobvjlw/jJ0MKtDtz7QD+6KzGglKZx9KmzeNUXfy6w8qpu3HNNeyUHVZjRQXzp7y9j40dvwee2TuPsgSG8dtSPZy8B2ze14rfv7kMrQ0kiIqogho9EVPdEAWsoSqaB7ovnYAuHYJilXfNSEiLnBtdnxqbw+BvH8Pxb75RmUCms7+8t27WoetllAZWtrYkoydQ5H753Fui3X0m6uld4YCvrKKax59vH8EX3Suz/ZKqfV1EMnvHhe7odn+pWAD2Mx54awKNHfXj0k73QyjrW4oroAM5fxF88H0DvOg03axHsOTiCN30SHn2gtr82IiKqbQwfa4BpXVmtLm3/klTbUrzA20Si7CUHjwBgmMVbNzKVbKdcHz03gn0DZ7Fv4FxZ1nhMdtv7b0JnR0tddGCn/KmSgJ0lj0SUSkMz/ubBLWit2ACi8GYzCaCjFZ97IBZOfuKF/Xj/qxPYM96LOztKO7qS69mKR/6P+BMdO7//S/z++VkMA+ip4LCIiGh5Y/hYAyQBBHQLulmaW/rFt4+pq6/S3WaKFE9yCkkXvJjtsSnXHFy0r8hpjBmvL5bej+pLx9hwIng0SxyqSUJASlP2eGZsCkfOjeDI2REcOTdclqnV6dx11y64MjYXufJaIY2J6r4Dew2ThYCTDWaIKEeRd47hq49N4zkdgCThnlv68Ge7OwFM4blvD+DVjWvxiekL+P1jOu65+0Y8uGkMj31/EN+YBCAp+Ph6DQeGNXz1C1vRY07htR+cwpfO6PAC8DR58Minr0a/ewJPPjyAr00DmB7C9V8ewsc/fAsevC7z2DzNGgAfTl4Edpw5jL95PYB9s2bs3G3N+O6nt6DHDuDiAL72wwk8GYgd19Pdjm//bj9aU27vxpG/fwsPN63FE/evBsxBPPzfh/CDhmY88+AWtM5VaH67Yy3+5b4uTO07hode8OGoGft6H/zoFnx8qwcYP4E//64Xt9zXiclnLuDhaSce+fPrsGP4yjVb3RJsSBEumlMYngbQYK9gGExERMTwsWYoAtBLdO7FN+5W4sa/CCersPIOKGWQm/qFpYPTEgW5KbfnEOQu2p7jOBPbqzzMtYVDcCU1ljFKFP4DseBRlWNT1CI2O8I2O06PTOL7P/oJ3jo7DE2zl+zaubjhxqtxzTWbst6/ZhoTLXiesqpzQWC6nLHBDBFlFAnjwP7Tc2GXgu7ta9GtXcAPHp/GwJouvPDxtcCBI/jkM4N4rLcT9/e0or8b+PNXBzHQ3YSvfMCD3q3AwE/O4Rs+Nx55cDO2+wbx8D9NYKC7ET0AvHsH8cWzEh76retxT/cUHvv2aXz6sdN48VNrcden1iL83XP4RlMnXvhoO2zOpYfsvRwBoGHTKsAz6cDOXe34/EYXtMmL+NIPLuPhV6bw13fI2PPUBJ5sascLX+iHJzCGgYtKLERMud2D3g4Jw2diVYfdZ/04YJfQPx3EyRCwS5vCkXFg184uYPI0/uYFHxqu68P+u1sx/NRBfOTxU+hffx12dDRguzKFP//hEO65rhOPrG3AdlzA934wgSMdnXjio+3AkXfx+3tC87+o0dP43o9H8O1ZDX/2qT54iv19JiIiygHDxxohC4EqTPZogZRBbuoX8jlZhVU+yAVSNJ5Jue/8bUEj97G7FnS0NvNO5DMLexrga21DVNGgq2pi+8v7DuPw4MWC1qsstg/e/d5KDyGtYjQmyv4qS1V1xh6krOBMtS3pebVXdToVARY9ElFGoQAe3RsPwjT8ds9adI9O4bshBQ/t7oNHAnB9O+594RyefGsI9/eshEeTANjx0Ke3YocEAIP49jsmdlzXhR1NGtDUgn7nBCBJAKaw71gIkTVduKdHA9CFu7YP4RsvX8aboT7sarDDJgFQFHiamtKPc3wK3/7hDKBHsO9sBD3rVmJ3B6B19OMeMwDvbARoa8TNDdPYp5sA5Nhxl7zYc3IKd23qRP8mAJhOsx3o6XVCOxzEwDTgORfCQEcD/uTSLIaHASCIA7Djt9crmHpzBs+ZTjzygS4AQPetzbjz4AT2HAxgx80abBqAjk782Yf7Yic+chjfDUl48H0b0N0EYL0DvcnhY+Q0vvGdERzpbsY//VY/+pt4y0dERJXFn0Q1QpFi1VGlCkCIqk2qIBdAXlW5+VQtzjY0oXF6CpJp5l8JvITpFd3wNaeeCDV8caQ0F83T5m0bseU92+HTY38YOS9bkOLFrKt601xsySUWkjYUuzI3c1VnprPnYn7YmT7ITD2FPe22PNfqtMkCGhvMENFSUq35eBGIAECiD40drU5gYDZ5GREpFhrOiZiATUrVotlE2MRcEBnjaVQAhDB1Cci5rbZiw/0f7k10u44cewuff9yLAUVCtwJMhoBYltiE3fd14XM/HsFfPHYCX0tMjU633QNsdOFejOHkeaBtNIRd3WvRi2n85Nw0btcDGGhwob8JgG7O//qbNLQBODvjT/rjSfqz0IEIJNjSTYzQJGhQcP/dW2LnJyIiqjCGjzVCAJBFrPkMEZWerqq4sKYPLr8XWjAA2/Tlop5/Yu06hJ2utK8PXxgGEAuFqoHDaYeePF+56pRvYOVaJzfd9lzWyk0ZpKa6l8eVqdTxeNmyYofG/2SVlMcREWVBQazTcqJvWwThCNDfkLn/cjhlo7e5kC7ptUhIB6CgtSWHMSU1nLliCnv2eDG8fjVeeGAtgNgaknsSx/ThU3/Uh09duoAnf3wBX0tMjU6z3d6E/qYxPHvhNFaOSth+dTt6MYg9o5dxbySC7lVd6AYwpUi4EqoCCOmIAOhudAHwI3dtuP9eBbYVeRxKRERUAryVqCGc6kZUXrqqYqapBT53Q9HOGWhsxlD/lozBo2maGLo4nHheDQGk0+mo9BCqhrXow4JpLf4w0nzoyR9m7COa5iOS4iMc/zCufITSfARTfAT01B/+uY/YcxNBw0TAMBExLShS7BdgRER52ejBvZKOn7wxFHt+bBKPBSTc3teZ5oBmbO8GDpwcxdHpALxvj2HPbPy1VmzrUYDzl/HatA6YU9jzVghoc2F7ciWgniq4zFJERwQ6vCdj152MRAAEcPbIhVgn7ZYu7FqvAKYJbyjddgBoR3+3hAPDl3FkVsPGdUDrShvaRqfw7Diwuy82zbp1gxPbEMCefdMAdEy9NoOfQMP2jWkWrFznwJ3QsedXI4AZwNlDfrwJAObcCvE+HwZHZjE8WaoV44mIiHLDyscaokgCyGPtOqLlrtB1E01ZLso4LnWvQqCxecn9RodHYRoF3DSVgMPF8HE5ine2ZvBIRAWx9+HBj/rw+ccHcf2xQQDAjq2r8fGt6W5FmrD7A63Y/b0pfPrhg9CcGnYmBYvdd/fi66On8cWHf4kIAM1px9cf2DDXVKUZ/askaMdGcP2Xx/DgAzfj4xuzHWgrdu9y47tPjeCWL4/A0+TBQ9s1fPXsNIYh4cjec/iLx88lppDfefMG7G6awZP/lGp77Iz9W1zoecyLJxua8dt2AOvc2OUbwWOmHV9fN/f192zCV997GF/ccwzXv4BYN/D39uHOtnR/PH343M0z+OS+07j+INDf3YTPdUfw7IUxYMdK4J0x/Jf9PuxSZvDXd7DPNRERVZ6wqqGkhrLmjcYqZ4goe5FIFF5vZOkd05AMA93vvJ338f6mZsx0rIApZ/f7noP7D+GRv/zbxHNNs0OknitbNh/9zQ/iNz75kYqOgcpLEgIuBo9EVWFsbAydnemqBGtIvJGL3Q2PPZufiRFEfIDmnsGTDw/g/+teiyfuX33lZd80vLoCT5O7uOMMeeGNyPA0zFUemjogKVdeCxmwOZugaQuOSbU9FxEfvAE9+3P4puGFEx63BkAHTGVuXpuOyGwIWkOR/1yIiGpE3fzcrCOsfKwxigQYRqVHQVRbilH5GPQ0wuGdyem4sNMFb2s7Qm5PTsfF13uMsywrbdOVcuG06+VFAAweiaj4JCc8TWmmEi8QOT+EyaZmdDdoiJwZw55pYNcNC6r43E3I7SdsluweeJKncEtK+teW2p4LzQ1PLsHlvK9fSVpQS2HwSEREVYXhY41RBBCu9CCIaoyiFD5t2tvWnnX4GHK54W9pRTDPtSKT13usFk5Ou15WXKrE4JGIKiiEgTcv4KG3BzE114Rl19bVePDG7IJLIiIiqi4MH2uMIgQErOptOEtUhQqtfASAiN2BqZVr0DxyEVLK7puAt6UNgcYmRO2FBXXDF0bmPa+G1TGcLt7wLRduVWKDMyKqMDu23Xcjnrmv0uMgIiKiYmD4WGOEiDWeiZqVDyOIaokQQKEZXrChEWGXG87ZaaihEIRlIappCLvciDiKE85ZloXhRZWPlf/37vak785N9cOtMHgkIiIiIqLiYvhYg1QJiFZXI1yiqidJAkYRusWbsgxfc+k6R44OjS6qdKyCwkeu+bgMuBUJSmX7GhERERERUR3ibUYNik29JqJcKDWSqqRe77Hy6SPXfKxvDB6JiIiIiKhUeKtRgyQBqBLjR6JcqGppCr11XS/q+RZ2ugaqZc1Hho/1yqUIBo9ERERERFQyvN2oUbxRJMqNqhbe8XqhYDAARVkeq1cwfKxPDkXwl1lERERERFRSjLBqlCoJSEXo4Eu0XEiSgFzEkMXv88FeYFfrbFW68vHzf/oZqKpa0TFQ8dllARuDRyIiIiIiKjGGjzVKAFB5z0iUE1UrTvXj7OwMHE4nRAl+ATA2Op5ia+XCx5vfuxM33vKeil2fSsMhC9hl/hAhIiIiIqLSY/hYwxRWrBDlpBjrPk5PX4bL5YYklebtc3xkcfhYycKYhpe+AAAgAElEQVTHG265rnIXp5JwKQI2Bo9ERERERFQmDB9rmCoBMqdeE2WtkHUfTdPEpalJuN0eyHLx148EgNf2vo7B02dTvFK59PHdgTMVn/ZNxeNRJa7xSEREREREZbU8OiXUMUUCDKPSoyCqDUIAQliwrNzCF13XcfnSFJqbW4reYMbn9eGN1/bj2KHjOHr4WNr9LMsqyTTvpbx18G187D+GYbPby35tKh5JCLgVAeaORERERERUbgwfa5wqCYQNViURZcMwDAAmgOwrF6ORCKanL6OpuQVKkZquRCIRaJoGAPj873yhKOcslfODQxg48S62X7u10kOhPMlCwMNFgomIiIiIqEI47brGKQJQOPWaKCt6NArLyv5tLxwOYXr6Epqamgvu9hwOhzA7M42Z6elE8AgAf/rVh7I6vpJTnw++caRi16bCqBKDRyIiIiIiqiyGj3VA5XeRKCuRiI5Yr/ilhYJBzExPo7GpBWpSWJgrn8+LifFR+LxeaJoNjU1N817v29iHb33/m1mcqXLh4+FfHZ+rGqVaokkCLoXBIxERERERVRZjqzqgyQISqx+JlmRkuURBIODH7OwMmppb5lUp5sNms6O5pQ2tbe2wOxyp97Hb8D+++bWCrlNKo8MT8M54Kz0MyoFdFnAyeCQiIiIioirA8LEOCAAav5NES7KyqHr0+33web1FCR4BQFXVrJrUtHe24/e/8Nm0r1e64/To8HhFr0/Zc8gCdpnBIxERERERVQdGVnVCZQtToixk/nfi83nh9/nQ3FKc4DFX111/LXbetKPs183G8PBYpYdASxCITbO2MXgkIiIiIqIqwvCxTsgitr4XEaWnqum7XHtnZxHw+9HS2gpVLX/wGPf+D+xO80plKx/HRyYren3KTBYCLlXwF1FERERERFR1GD7WEYaPRJnZbKk7Vs9MX0YwGEBrWzsUpbCu1oVa378eO258z6LtFZ51Dacr9XqVVHnxxjJc4pGIiIiIiKoRw8c6okicfk2UiWXO79hsmiampy/DAtDe0QFZTl8ZWU59G9el2FrZ9NHtdlX0+pRavLEM3/qJiIiIiKhaLd0FgWqKKgFRs9KjIKpOpnUlfDRNE7Mz01AUBW5PQwVHtVj/5o2VHsIiTrez0kOgJJIQcMj8hRMREREREVU/Vj7WGU0SkAVvRolSCYWiicd+vw92u6PqgkcAWNO7Bs2tzfO2VbrbtYvTrquGOjfNmsEjERERERHVAoaPdUjjd5VoET0ahWFcCfCcThfsjuoN1Kqp+nHnTddg27WbKz0MAmCTY8EjG1oTEREREVGtYExVhzRJQGL1I9E8kWgUyStNVMv6juls3n7VvOeVrHy852N3VezaFCMAOBUBB1NHIiIiIiKqMQwf65AQgI3fWaJ5dL3SI8jNxqsWVj5WJnxc0dWO9f29Fbk2xchCwKVK0DjNmoiIiIiIahAjqjplkwWUGq9+nI34Kj0Eooppa2/Fiu7OxPNKVT5OTU1jZnqmItemWCW7WxVQavvtnIiIiIiIljF2u65jmlx71V5D3hG8eOqvoOrHE9sU14fw6xv+Exo0dwVHRlR+m7ZswujwWOK5ZVkQefxSwbJMGGas07ckJAghZX2eaCSK1/a+gbs/cmfO16XCOGQBG6dZExERERFRjWPlYx3TpNrqhjrkHcFLJ/7zvOARAHT/0/jJkYcqNCqiyundsHC6c37Vj0JIUGQViqxCCAmmaSAcCSIaDcMwdJimmfHcb7x6MK/rUn4kIeBSJAaPRERERERUFxg+1jlbDYWPL737t5DhT/maap7FM6f+rcwjIqqsdet75j0vxtRrIQRkWYFNc0BRNQBANBpCOByErkdgzlVIJnvnxCDODV4o+Nq0NJsk4FYEVP50JiIiIiKiOsHbmzqnSLUTQMrRNzO+Pjn7eplGQlQdulZ2oW/DusTzYq/7KDAXRNqcsNmckCQ5ZfgIALPT3qJem+ZT5qodHYpAjbxlExERERERZYXh4zJgkwUEqvtudsg7svRO5kTpB0JUgOd++mrRz7n9um1XnpS46YwkyVAULeVrlWl3U/8EALscayrDakciIiIiIqpHvNVZBiQB2ORKjyKzlZ4uGHBm3EdSejK+TlSPNm/fnHhcqY7XACCzHK/oVEnArUqwc21HIiIiIiKqYwwflwmbLCDn0SW3nDTn7Rlf72q6qUwjoXqkKErJr+Gd9ePR7z1V1HP2ru/Bpi39AGJdqyvF6XZV7Nr1RhICTkXApQgwdyQiIiIionpX+rtxqgoCserHgF7pkaR389qP4pUTT6d8LSracXvvXWUeEdUTVZXx3NOv4ujR04tek2UJbrcTbo8Tbrdr7rMDzS2NWLm6M+trnBq4AF2PFnPYAICrtm7CyeMDRap8tGAYBmQ5t7d/lztzZTJlxyYJ2GSu60hERERERMsHw8dlRJMEDBkIG9W5ettKTxcMdWfKxjMed+aqSKKlKIqEtw4NYPDMcE7HudxOrFu/Cv1X9WLnDdugaqnfNo8dOYWZaT8MQ8eeX7yB3b92QzGGDQDYsGk9AMCCBcuyIAqqYo41mYlGw1AUFUJkVwDvcjF8LIQiYqEj13UkIiIiIqLlhuHjMmOXBQwT0Cu4dlwmO9d+AgffnR8+GnDi9r77KjQiqheRSBjhMOBwNKTdJ97p2bJMmKYB0zTh9wVw9PA7OHr4Hex94U3svHErrt2xGa1tTfOO3fP8G5AkGZIk48AvjxUcPvp9fhw9fAzHDh3H20dPXHnBsoAiLKGgqjZE9QgkIS1ZBdm/eT0rH/MUqzoXXNeRiIiIiIiWLYaPy4wAYFcE/FGrKrvXbmzZgIO224DwS4ltLc0PoEFzV3BUVOssy8LwhXFcvuTLuJ8kxTszyZBlNbHdNA0YRhST45fxsydfxs+efBn9V/WiZ91KAMCJ42dw8fw4bLZYQDc5PotXXvoVbr3tPVmPMRgM4/Sp8zh96jzeefsdDBw7nPprgVW03vWqokHXI9D1CBRFBdKc+cP33VmkKy4vqhQLHZk7EhERERHRcsbwcRlSRKwCMlil069vXfdJvHIiFj5GRTs+sGF+1eM7l07h4MUnENXHIQkXNnfdi2tXXFuJoVKN8Pt8eP7ZX+V9fLyiUVXtMAwdhhHBwIlBDJwYTLyuaY7E/rKi4Yl/+QU2b+1bVCGZLOAP4sTxMzj59hmcOH4GAX8QABAOXMp7rLlSFA26HkU0GoGq2ha9vvGqddhx49VlG089UCUBTYp9JiIiIiIiWu4YPi5TNlnAsICIWX0B5EpPF+ye30DI+2P0rfjdea+9OPgsxie+CQCI16UNnN+PgfHd+M3tf1LmkVItsCwLhw4M4OCBd4tyPllWIMsKLMtMNIC5UjEZI4SAotrww3/8Kf7wjz++6By/2n98UeAoSTJUxQYhBGaDMxm/nmJTFBWGkbpRzjsnzhT9evUqtq4jQ0ciIiIiIqJkDB+XMbssoFuAWYXrP97edx8ef+sUxt+YBFbHth0aPZQIHhcJ7cEzp9YtqpIk0nUdP3tycROjQgkhZVx6UVE0nD0zjOd++iruvPsWAMDhX53ASy/sx/mzIwBiQaaq2iHLSqLxi392rOhjzUbyNPOFwqEwbPbFVZEUowgBTY419SIiIiIiIqL5GD4uY5IAHDLg1ys9ksV+8fjP8cqTowCexnt3vxctrS14e+QJyBmOmZx+EgDDR5pvbHQKly9nXuuxVFTVjp//9DW8e+o8pi/NYmpyOjF9W5bVRV2rLdOA3zexxFnL/8uCYCDI8DEFea7SkaEjERERERFRelKlB0CVFW+IUG02b92ceLz/9f2xB9HjGY9RraVCG1qOhi5U7u+FJMlQNQdOv3Mely95YbO5YLO5oCjaouARAHyzY7DmOm6XgmHk95uGSKQKf0NRQbIQcMgCHlUweCQiIiIiIloCKx8J9rn1H6MVXP9xyDuCczNn4FTdaHd2oH9zPxoaGzA7M4s39r2Bbe+7GjICFRsf1a4L58cren1ZVmC3uxPTqtMxjAgCS1Y9FkaSJJimsWiNyqWEw+ESjai2SELAJgGaLIrWcZyIiIiIiKjeMXwkAIBTEfBHAb3M6z/ORnz42clvA6E9iW0nATgafhM33HwDnn/meVw4dwFnRpduFmKoO0s4UqpV1RASLRU8AsDspQvZnq2gcUSjIaiahFzis1Aokvc16wFDRyIiIiIiovxx2jUBiMUZTkVAytRBowSeOv6NecFjXHD2R9A3jySeDw4PZDyPASd2rv1E0cdHtc2yLFzMctp1vlOSiyHgm0QkXJ51KWVZgaGn7mydjh7Nbf96IYvYshQeRcDG4JGIiIiIiCgvDB8pQRKASynfDfah0UOQo+m7EMv6z9HZ3wUA8IbTdwCOSj3Yuf5/YGPLhqKPkWpbJBzG6PDlrPYt5VqLS13XNzua9f6F/n5AlmMF72YOX6+iLK8ieVUScCqxNR3tsij4z5yIiIiIiGg5W153lLQkWQAuRYJPN0t+rXOXjyy5z5rdFsYGgGAwCDQtfl12fggf3Pif0KC5SzBCqnWDZ4az7nRtVaCLNJBPk5nCkzBF0XIMH3NbI7IWSUJAlWKdq6uwBxcREREREVHNYvhIiyhSrALSr1euAU2c23YSQBNMc34YGpU344bez7DakTI6evh01vsu/DtWLsHApYpcN5emM3IdVz4qkoAmxaodmTkSEREREREVX/3eUVJBYtMOgUAJA8gGeydC3sz7yAhgxa5+NLVNAwCioh1bV38e1664tmTjovoQjUbw9rHzWe+vKGoJR5NaJOyr2HTvXNRb5aOAgCbH3ucUJo5EREREREQlxTUfKS1NEnCUcP7hjpW3ICr1LLnfyi1BhEJOTI3fgU/u/D6DR8rK7IwPI8PZVxVKkgLLKm/1o2Hk3kVaVGABwnpZ81ERsfe0BjX2mcEjERERERFR6TF8pIxscukCyAbNjRvW/RdERXvm/RznceR/Xcb0/kBJxkH16Z2TF3LaXwgByyrvUgNmjl2nYyoRPtZu5aOAgCYJuBUJbnWuazVDRyIiIiIiorJh+EhLsskCbrU0f1U2tmzAvVd/Cx3t/zltCBmbet2JS1OVWRuPatPQxclKD2FJkXB2zXCSVaTyUa2tysd44OhUBBq02GeFP+2IiIiIiIgqorbuKKliFAE0qBK8UavoXYEbNDdu770L6L0L71w6hbeGn0codAyqeTaxT8taAyf2zcI0TEgyUwRa2plTwzntb1kWTNPIqRFLISzTyCt8rIRaqHwUiHWrVtg8hoiIiIiIqKowfKSsSQJo0AQCOhA1SzM9dWPLhkQH6yHvCAYm38LZ0Tdgd16GZVm4dOkS2trbSnJtqh/RaASdXc04c3o062MsywTKOO06FJrJ+ZhKVD0C1dvtmoEjERERERFR9avOO0qqWgKASxEIGkDYKG1Qs9LThZWeLhyc7MAj//AIACASzr1BBy0vlmXh/OAwDv3qdE7HmYZeohGlFvDmMy28MvFaNVU+MnAkIiIiIiKqLQwfKS8OOXbTHypxAAnM77SrqmrJr0e1LRgI4F9//ApCwdyDasM0yvammF+n6xIMZAmSJEGWKxs+MnAkIiIiIiKqXQwfKW92WUASQEAvbQAZ8F/pcq1o/CtLme17+QgGc5huXSkudzt8s7mOs/yxm82ulf2akhBQBCALQBYCslSpmk8iIiIiIiIqFJMcKogmCUiqQNiwSrYOZCBwJXxk5SMt5eCBdws4unxrPtqdzTmHj5VY89Fmt5X8GnI8bJTmwkYmjURERERERHWD4SMVTBGAogiEjdg07GLHN8nho6aVvwqLaouQ8u+GbppGEUeSmazk83e5/Kmc3Vb8f3OKEFCkK6FjhfroEBERERERURkwfKSisckCihSrgowUsQpyYnwi8Tg5fHxx8FlcCpxBODKOrqabcHvvnUW7JtWuq69dj9Onhis9jJKoREhncxRW+SjNVTLGKhtjYSMREREREREtHwwfqahkATgVAcUEQgZgWoWHkOcGzwEAWlpbAACzER9+cuQhqObZ2DUBjE/sxz9N/jNu6PszbGzZUPA1qXat7e0q6HjTNCBJ1dPdeb4KVD467FntJ3BlyrSUNH2aWSMREREREdHylv/8RKIMNEnArQjYpMKiB8MwMHRhCADQt6FvUfCYTLUm8MaZv8ZsxFfQNam29V+1ptJDyIoeDVZ6CFmxp2g4IwsBTRJwyAIuRUKDKqFRk+BWBRxz/+4VBo9EREREREQEho9UQpIAHIqASxGQk+aLDnlHMOQdyeoc5wbPwZqrnly3YR1+duKRlMFjnGqexbGxw4UNnGpeV3dLpYewJEOP5HxMJRrOOOw22GUBpyLgUSU0aRI8auy5TRZQpdi/dSIiIiIiIqJUOO2aSk6VYgHFzwdfwcDw30O1Yms4RkU7VrY9gNt770p7bHzKNQDMrBgBwi8teb1x32kAtxQ8bqpdq9a0Y2T4Ul7HmoZelmnX4dBsya9RDG6nHXa2nyYiIiIiIqI8sfKRyuLpU8/gzND/lQgegdg06fGJb+KZU/+W9rgjh44AAJo2tUCP/Kjk46T60NraWOkhZBQJ+xD05xeOlluqaddERERERERE2WL4SCU3HfLh3Ng/pH195vJ38eLgs4u3T8/g2JFjAIAtd0xnfb21zdtzHyTVlf7Na/M+1kLxOrUvZBgRXJ44jcsTp/M8Q/krEJ1OR9mvSURERERERPWD4SOV3KsXXoEMf8Z9xie+iVOX35237bWXX4NlWdj4sQ44pItZXSsqb8a1K67Ne6xUHwrpeG2aZhFHckVXtxOTIycQCeffEKkCSz7C4cyu2zURERERERFRKgwfqeSmQ2NZ7ffGu19FxPBDnetesfeFvWjc2Iw1K7NrIGOoO3Hvtv+W9zipfjidtqqZLrxx02r89//5e7jxxv4inK0CDWccDB+JiIiIiIgof2w4QyW3vvVqHJ5Zer1GxZrAvx39Bj53/Vfw9ol3MTU5Bafmhs93F9q60q/h12DvRH/b1Vjpyb/ajepP96pWnHk3u67qySyrOJWPdruGD33kZvzaXTtj41lTm38/7XZbpYdARERERERENYzhI5Xcjd3X4sBgO5SkZjPpiMh+vHD2FQy8FJuCHRj24T9e/Zto6+yEbgK6BZhW6dbko/qxoX9VTuGjkGKF4MUKHyGAvvWdiacrujoz7JzlKSsw79rhYPhIRERERERE+eO0ayqLHb1/DAPOrPY9efFv8ObR2FTr9et70d21Apok4FQEPKqASxGwSQJSJRbAo5qxtmdFTvsLUdy3w1Awgsd++BJEOIgGVcL6Ve1FPX+5uFzZ/bslIiIiIiIiSoXhI5XFjd3X4kPbvgXJvhtRqSfjvjL8aLo6Fnjcdtuuea8JAKok4FAEGlQBtyLBLguoDCNpgcKazhhFGcOZ02N49pn9gGVCCIGm5oainLecVq/OLcQlIiIiIiIiSsZp11Q2axu78Hs7vrjkfl/6P7+OC28PQJZlvPfWmzLuq0iAktSEw7AEdMuCYQKGBRicor1stbY1ornZjcuXs+suXaopzc8+dxi3774a7e0taG1twvTl2bzOU4kp123tzehc0Vb26xIREREREVH9YOUjVZWJiSm8/fYAAODGG94Dp9OR0/GyAGxJU7QbVQmuuepIRYgK9AqmStrQvyrrfZOnXVsFh9YWdD0CAAgGI3jm2V8BAFpamwo8b3lt3bqh0kMgIiIiIiKiGsfwkarKmwcOJR7ftntXhj2zIwSgSoBdFnCrAo2aBI8qwakI2GUBTYqHkowla50kYt9LTRKwyQIOWeDGGzbldg5JBgBYBU67jkRC8wLMgXeGAABtrc0FnLX8f0evvrq/7NckIiIiIiKi+sJp11RVTp06AwCQZRnbt20uyTVkAcgpprBaEDDnpmqbFhIfhgVY4PTtSpAgIEQsdhMi9tuS+HNJAAICkog9TuXmG/rxzRyuF6t+LHy9R02bX7F7+vQYgsEgOjvzn8JciSVNr77mqvJflIiIiIiIiOoKw0eqKvHwsa+vB7Isl/XaAksHk+ZcEBn7DFhzn688Z0yZipj7byJIRPowMXl7vkKhECRJgs/ng8OhIRiMZHWcLCswjChMy8z/4mn84oWDaOtoKeAM5U0fm1sa0L2yo6zXJCIiIiIiovrD8JGqRjAYxOjoOABg/freea+dmxnB6cunMeJ9F1d37cLWtvKuRXclmIw/S7/n4lDSSjyPvwbMDy+vPK98eBn/6uINTsSC1+JhIZIei3mP54eMEOWOzYCBgfPwegPY/+a7WQePACBJsbfEwtd8XOzfH9+P3/rEzUU/b6ks5/Ueg5FZOLTcOpPncwwREREREdFywPCRqsbJgXcTjzesX5d4/OjR/4WZmacgww8AeHXmR9gj9WD3xi+UPYTMRjyIA7IJK1MdPRdIJgeWiY2FD05ceXjlcwUCwlL613//JU6dGsn5OCEEZFlBKZqkB4MRvHtmooAzlPc7tG378lzvcWBkL2RZwvqOW3M6LqIH8O7Yq9i2+oMlGhkREREREVFtYvhIVSM+5Rq4Uvn4ryceg2/mR1g4AVs1z2Lvyf8dq3Z8H012dxlHWR4pA8F6SgdLbFP/qjTho5VU1SgS1Z3JFMWGSDhQknEdPHg272PLvebjtdcuv/UeR6YH8Mrph/E7t/x7zsc2Olfg5f0Po6NxPTobNpZgdMVXigpfIioNy7Lq6t9sqp+/REREVL/Y7ZqqxsjIGADA4XCgq6sT52ZGMDn13bT7y/Dj6VP/Wq7hUQ1xu+yJx4ahQ4+GEZ370PUIdD2CSCQA01y8tqMkyZAVtSTjunTZj+bWrpKcu5gaGt1Yvab6x1k0voMIRmbx0sm/ho4Awrovr9PIisDPjnwZwcgs4DtY5EEWRzzAqKcQg4hqD9+LiIiIlhdWPlLV8Hlj06q7umJNLp468Y0l/4JO+4+UeFRUi3p6VyQey7ICyLm91amqfemd8mR3tgBTuU8JL2fp65Yt68t2rYqKjABaF+A7iEPetzCjxypTp/xn0N24PadTeUOxX56EMYXnj38D93StBdzXXblGhWR7Y88AgKj6GYYBSarduoF01Y4L339YFUlERIUwTZM/S6pQ7f4fDNUdry9WbeRyOvHL4UNQ9LcrPCKqVZ2dTZUeQlqmpUCz5b5UQDl/fm7bXhvThgtmeIELX4U/OISDF3+Y2Dww9nzOpxq8tC/x+KJ3P8b9o8DoP8TCxzJLVVGUvC3VBxFVN4fDAZ/Pl7Jiv1Zk+z7E9yYiIsqXaZrw+XxwOByVHgotwMpHqhrxykeny4kD5/8pq7+cLtu6pXeiZWdFZ0tRzvOhu3fgllu24ctf+UFOXbOX4nS3IRLOdWpv+dLH667bUrZrVZRjI7D6z/H8m38ERb3yu7izl15HWPfBpmQXEod1H44OP5F4LkkCz48ex8d3/VnRh7yUhTfrqW7es91GRNXD5XLB6/ViYmKiZv+9pqpCiW9L/poW7sfqFSIiypYQAg6HAx6Pp9JDoQUYPlLZPH3qGQzPHgUAdDdux4fW3zXvda8vFj7Ka+Wsqh4NOHH7uvuKP1CqCy0tbly6lN/afXHnz0+gZ20HPviBHfi3f79S2WaaRuIjdsNkQZZVKIqW1XltjkbIigZDL16gWSwutwM9vSsrPYyymfYP46JvYF74GNZ9eOnUX+HOq76U1TmODj+RmHYdN2NcwuDYm+jt3FnU8WaysHJoqcepnhNR9XK73XC7a7/JXqZwMZvHREREVHsYPlJZ/N2Br8MM7Uk8vxh8Ef/P+BP45HX/E012NyzLgt8fCx+ttqElz2fAifdt+jrWNi6jphiUk9YWT8HhYzAYBgDc/7Fb8dLeo5ia8gKINaWRpIU92HPjdLfDO7303/W4ct14LZv1HucMjv9qXvCY2D61D4NT+9DbenPG44dnjuDA+UcXbZckgaHpoyUPHzOFifHH6T6nO8dS1yAiSmepn1VCiEVVjpZlpQwk4/ulOoaIiIhqC8NHKrnvHfp/5wWPcap5Fj888hf43PVfgWEYAABntxsu9c2054pKPXA7tuL2dfcxeKSM1qxtx6l3R2CaOiQpv7e6QNJU6/vvuwV/+3fPFGt4cDib4ZsdhWUaRTtnMWzc2FPpIZSVQ/PAslKvqfnSqb9Cm6sPHntnymPDug97Tv1l2nNrirNYw8xKqjXTMj1OdQwRUSlkqmjMFEACSPkaERER1RaGj1RSvxw+hLD/6bSvi8h+vHD2Fby/51YAQM9tsS7DurIZANDk2g674sKqxvXY1LIBTfban25E5eF02AAUFqgMDV1KPL7ttu146eWjOHnyYsFjAwAhybA7GhH0X1p65zJq7yjOepm1YtPK2+CPTmAmfA5Dl9+CX59IvBbWfXjuxFfwsWu/lfLYPaf+ctF0a0U40d24DV2N23Ht6vItC5GqujFVM4dUz1Odh4ioWNKFivHgMd3z5P0ZQBIREdU2ho9UUu9OvbXkPieG/g7v77kVmqbh7X+eRPevPYA//MxvlWF0VM96e2LVarKsQtcjWa/HmMmf/NeP4b99+VFcuDBZ8LmAWOOZbMPHct10dXa2leU61eQ9PfcnHp+fPIjXznwHM5FzAIBJ/2kcOP8odqz5xLxjBqf24ezU64nnTrkNt234Y6xpu648g0b6wBFAoiOuaZoZO8tmqoRMdS0ionTS/ZxKVemY/HjhhyRJsCwLkiTNOy4eQDKIJCIiqj0MH6mkAuGxJfdRrAk8feoZqKqKSCSCaCRahpFRvXO57InHxbpJcTltePCPPoz/+tD3inI+RXVUXeOZjs7WSg+hota0XYc1bd/Bz499Hacv74EQwIHzj6Kn9Sa0ufoAXGlIE9ft3ok7Nv8JHFpD2ca5VPAYf57p8cLj0lVDEhHlKzlojH+OP5YkaV7guDCYNE0zEUTGtzGAJDMDr4kAACAASURBVCIiqk0MH6mk+tpuxqmLi9d7XOjs+D/DprXD7wcikeoJYrI1MPY8IoYf27o/Uumh0Byn05Z4HKt+DENRbBmOSO3UqYvYsGFV4vmRo4NFGV+czd6IgG9i6R1Rnpus9vblNe06nV/f+kX87LCJc969EALYd+Y7uGfbXwCIPQ7rsWZG65p249e3frGsY8sUDsYDxuTP8Y+F29NNwWb4SETFki58TA4cJUlKBI3xaseF21NhAElERFQ7GD5SSb2/51acGN0MRX87436KNYG2Wzbg0lPTNRU+hnUfnjr6RUz6TwMALFjY3v3RCo+KAKCvr3vecyFS37wsJRAIz3s+MJB9h+ps2BwNWYaPpdfQ4IKq8sdC3Aev+VP87DBw3rcXwzNHMDxzBB5bJwbGnwcAdLl2lD14TLaw6jFd8GgYxrwQMl0AyeYzRFRMqaZbpwoe4x/J7zvJwWNyAMmqRyIiotrEu0wquU9c8xU8evhLSwaQnb0DeAc2RKJ6mUaWnUn/aRwdfiLRWKK39eZEheO+M99JBI8AENH9FRkjLbawUkKW1aKc99Ilb1HOE6fZsmuiVI4brda25pJfo9Z88Jo/xWNvjmMqfAIHzj8Kjy22lmiDshY3rPoshoaGMD09ndh/5cqVaGpqKtv40q3hmBw6pvucrgIyfp6F1yEiyiRdY5n441TBoyzLic8Lq6/jgWQ8cEx3HSIiIqp+DB+p5JrsbvzhjX+FczMjeHP4VYx7j8KKHIOMwLz9bGIKbdduh/dyccOdQsQrG+NTLAFgeOYINNmF7sbtiQqoVI4MP44p/xls6/5IYq04Kp/4mnZFV4KbHs3mRiTsW3rHEuvqaq/0EKrSh67+Mv7lwO9jeOYInKEt8PjvgM3owd5zry3a99ixY7j++uvR29tbkrFk6lK9sLoxHjQu/MgUQMbPxbCRiAqVqrnMwuDRNM1E8CjL8rxjk8WPi+Paj0RERLWF4SOVzdrGLqxtvB9ArLPsdMiHk5dOYdI/iunQGIaGRuBZOYuh40s3qSmXs1Ovzwse4wbGfz6v4hEANMWF/o474A2N4bkTX0m8fnbqdXzsmm/BY+8sy5gpJhwOL71THrZsXotTp0aKes5qCR/XrVu19E7LkENrwFbP72Bg4DRkI1apqiN9hfbx48dLFj4ulKqL9cLQUdd1jH7nW5jd+yKsUKgs4yIiypaw29Hwvtux4jN/sPi1uYAx+ZciDBuJiIhqD8NHqpgmuxs3dl+beP6j44/jzaefAgD4fH643a5KDS2hu3F72teGZ47Me97bcjOGZ4/Ma0YBxKonveExho9lFAgE8MorR5beMQ/vv/0aPPGTXxb1nIpqz/h6uW60+tavLct1qlk0GsX0dGzt2enpaYyPj2N8fBwAICO7KfJ+vx/Hjh3D1q1bSzLGdJ2uk8PH5MrH0e98CzPP/awkYyEiKpQVCiXeo7o++4eLpmgnv7+x4zUREVFtYvhIVaOjoy3xeHx8cl746Pf7EQgE0NTUBFUtztp92fDYO7Gt+yM4OvzEotem/GfmPR8Yfz7lNGxNcaHVta5kY6T5AoEAnvv5Afz4X14vyfnb2xtxy67NePW1zGuY5kJRHUU7VyH6+lZXeggV89Of/hQ+X/GqT48fP46Ojg50dHQU7ZypLFynMXkqdbzycXbviyUdAxFRMczufREdv/u5ecGjaZopp1sTERFRbWH4SFWjPSl8HB0dh66HMT4+jqGh+d2Fb7nlFqxcubJs49q17rOI6P6M6ztmPL73s7Ap2VVMUWGi0Sie/8XBogaPqcLu3/gP7y1q+CgrGoQkwzKNNHuU/kbL4bSjo7O15NepVk6ns6jhIwDs378fd955Z9F+YZKuCUy6ysd4+Mip1kRUC6xQCIZhzAseM1U+Jo5jIElERFT1pKV3ISqPzo52tLe3YOeOrbhw4QwOHTq0KHgEgDfeeAPRaLSsY9u98Qu486ovQVNi1ZhT/sGsjtvW/RH0d95RyqFRkmPHz+CHP1rcBKQQmzevWbStvb0RN93UX9TrqBWufly7pqui1680l6v4yzz4/X4cOnSo6OcF0gePqQJIIqJaEW+GldwIa+EHsPiXMURERFTdGD5SVYitkXYEt71vJ3p6Mlc1RqNRvPjii2UPIHtbb8b91zyCVte6lE1okmmKC3de9SXsWvfZMo2OTNPEv/7blYpHyzIRDM4iGg3DTFtRmNlVm9JPQ962pSevc6YTjQbTvlaOio61Pd0lv0Y127BhA0IlqBAcHBxMrBlZiKVutBeGjsmPiYhqRar3sOTQMR2GkURERNWN4SNV3ODg/9/efcfHcdf5H3/NzFaterdkW7bl3uTuOHYU4yQEJ04jCSGQg8DBcbk7+N0BCUkIIRztfuS44zgCFw740dNMOVI4hzQ7dopL7MS9SbZVrd5Wqy0z8/tjtetdaXe16pL9eT4e69md+c53vmNZY81b3/l+K9m2bRuNjY1J79PW1jYuAWSao4Abl3yHNHv8cdxm5Kzj9mU/ZGbO5WPYMqHrOqdPX5gpXVFUHI40wMTrdeP1dqPrfiC5G5Tbbl3PVx/+SNztS5aM3GzGAb8nwSPXY6O0tH8Pz0tJVlYWNpttVOrevXv3qNQbEutx7MibdyGEmCwir13xhpoQQgghxOQjYz6KcRN6JDHWo9XJCAWQmzZtGtNJaOyWVG5c8iid3vP9ttksLnJdpWPWFnFBrH8DiqJgtTqwWGz4/V58Pg8KCharDU2zoiixf/8yu7SA227dkPB4eXkZZGe5aGl1D7vtiXo9jpXS2Zd2+AiwbNkytm/fTlZW1ojW63a7qaysZObM4QfW8W6+Ez16LYQQk0WiR65jkfEehRBCiMlBwkcxptxuN42NjRw/fpy2trZh1zdeAWSao4A0R8GYHU8k52//ZjP/9eM/91uvKCo2mxPTtBMI+AkEfPj9XiyWYAipqlpU+VOn+wfLffn9/hEJHgGMQOIevGNxYyXhIyxYsACPx8POnTuxWCw4nU5sNhsWy/D/q6ypqRmR8DFS3xvyROOjCSHEZDDQdSxy4hkhhBBCTB4SPopR5ff7aWhoCL9GInDsa7wCSDHxbNy4FEVV+MFjf0TT+j9CqygqVqsdq9WOrvvR9QBerxubzYmmRf/bqalppLg4L+6xzpwZOKCcLFwuJw6HfbybMSGsWLGCFStWUF1dzcmTJ8PXLY/Hg6qq4Ueznc7gBEGR6+IxDGPEZ9LuezMea7uEj0KIySbRtavvdU8CSCGEEGLykPBRjKo333yTurq6UT9OW1sb+/fvZ82aNaN+LDGxXb5uPl97+ASu1DxSUnNR+vRqDNE0a2/gGHuW6YrKuoThY3e3dySam6TRvcHKzEwb1fono6lTpzJ16tSodU1NTXR0dNDd3R0eo7a+vh6v98K/hZaWFgKBQLi3pNPpJDMzk7Vr145Ju6XnoxBiMpNrmBBCCHFxkvBRjKo5c+ZQVVU1Io8tDqSyspLi4mKKixPPli3GTyik8fv94bHoLBYLmhYMCO32ofe+MwyDnp4eXnvtbSyahe6uBro66nG6srE70rE7MwZV37lziSdAUtSRCwQtVkfC7SYGKCqYozN+X2ZW+qjUe7HJzc0lNzd3vJsRUzI9hYQQYqJL1JNbCCGEEJOXhI9iVE2ZMgVd18ckfATYv3+/hI8TiN/vx+124/d2EWg9iNp9Aq37JIq3FrQUTNWJr3dpak701OVY8tbhdDqx2+0JH6P3eDx4PB78fj+qqvL2W+/yzr5jHNh/DFXVUFUN0zTw9XTgcbegqBoOZwaOlCxs9tQB2z7QRB1Ll8wa9N9HPImCUacrG0dKNgHdh9/TjmmM/AzvWVmDC2bFxBV5ky4360KIySjyGibXMSGEEOLiIOGjGHVlZWUcOnRoTALIzs5OOjo6SE+Xnlzjye/301K9D6XpVSztu7B1n8BmJPmY8gnwpS2nO205ZKzCmn85drsdm82Grut4PB6qqup4fcc+3th5gKam+OOIKoqKxWLDYrFhGDre3iDSZk8lJTU3Yein6wP3bJw3t4jjJ2qTO68B2Oyp+LxdUZ/TMouwWHsfC/epKCkafk8Lhj6yAWRmljx2PVklmgE20faRYs8vIHfDFdiyo3uE+lqaaNr5Ot6Gi2dsVCHE6Bvo2iVhpBBCCDE5SfgoRl1ZWRn79u0b1fDR5/Ph8Xiw2WwSPI4zv99Py7EncZx+aMh1aJ370Tr3Q+3P4KjKMc8aurR5HK7J4p1DzVSdqx90naHekFis6LqP9pazoKhYrc5wT8hQ+HfDjeu5++NXD1jnJz5xLQ899HMC+sjdDGkWG2kZRf2CUZvNic8HOLPxe1oxdN+IHTMjXcLHi8FY3pTnbiin6JbbyN1QHrfMvC9B084d1P5hK007d4xZ24QQFxcJHIUQQojJT8JHMSY2b97MU089RUFBAaqqDnp/wzDw+YJhi8fjAaCnpwfDMDBNk7y8PJYsWcLy5ctHtN1i8DqrXhpW8Lj9WBFHarJo6HTS2OGgsTM0IUxt72u4FDTNgqZZMAwdXffS7e4JTumiKCgo2G2Jx2AMmVGSz7o1hTz/wm7sjnRs9tS4E9wMRNUspGdNw+nKjlvmQgCZNaIBZFa2PHZ9MRqtG/Yl3/k38q7clFTZ3A3l5G4op3H7Kxy87/Oj0h4hxMVFwkYhhBDi4iPhoxgTU6ZM4cYbb2Tbtm243e6kekEGAgH8/uDjpcXFxSiKQn5+Pna7nYyMDDIzMykqKsLhSC4oEmND6TyKYk3H9HcMet8fvbyI144VjUKrYlNVDZX+YeFgbnxsNnt4XEkAS29PSovNgabZkhpfEiAjuyTJ4znx+5VgANnTjhHoSbqt8WTJhDMiSeufexF7Xv6g98u7chPrn3uRXVvePwqtEkIIIYQQQkxkEj6KMTNr1izuueceACoqKhKWlVBx8rJ7DmE4C9EHGT6OdfCYSENDy4BlPB5PxIzdwXElTdPAMHR6PK2YbgOzd3ZqzWILB5GKqmGxOlBV7cJ4joNk7d0fIOBV0f3dQ6oHwOGwU1g4MWdwFhPL2id+N6TgMcSel8/aJ37H23feOoKtEkIIIYQQQkx0Ej6KcTFr1sjNFCwmFkNLRXEWobjPYerJ9crbU5E/YYJHgKam1rjbAoEAO1/fw7b/3dVb9sKEN4qiomnRfSkNQ8c0zeDj3V0ewIyaSVtRNTTNRk7B3EG1UdOs2GyhOiwEvIPvaQpwx53XUTp7+pD2FZeOxd96FNes0mHX45pVyuJvPcqhB+8dgVZNXOkLF+Esnkbbu/sv+kl3tBQX2WvXEejsoHXv7vFuTlKyVq3BkpZOy9tvone7E5adjOcnhBBCCDHRSPgohBhRqj0P9C5U1wz0jmNJ7fOLnYML3sbTq6+8xXcf/XnS5dXIMSD7POFtGDoApqkT8HsG3RNS06zY7So+FBTVgt8zcI/NSPMXzOLOj1w/qH3EpSd3Qzn5V13Tb7274jTHH/020++8i9zyjVHbmna8xrknfs28ex/oF1rmX3UNuRvKBz0JTfGtH6LoxptR+gzb0XHoIMe+/fVB1TXaim65jcIPXM/Zn/+Uyp8+Pt7NGVXpCxcx9wv34e9oZ/dHbo/aNuWGmym+5Vaadu7gzM/+O6n6hrLPYM24+69JW7CI49/5Jue3/Zm5X7yf1DlzOfuLn9H8xs6osonOTwghhBBCJGfwM38IIUQCtuLNAKgpxajOwgHLH6nJiphUZmLz+Xy88vJbI1ZfaAZuTbOgB7xDrsNmTwk+1p2Sg6Ikf1n/6F/dMKRjiktL0S239VvnrjjNoQfvo+2dvRz+yv20vbM3vC1y3aEH78NdcTqpOgdiz8nFNbMUZ1Fx1MuWk9ywAat/+QTrn3uRrFVrBn3sIVEUFG1oE1BNRrEm20qdPYe0BYtIX7go6XqGss9QKKoSbnP6oiWkL1hEaunsBOUvna+lEEIIIcRIk56PQogRZclZhd6+Cb3hFbSMRSi2HIzuakx/e8zyJbmd4ceQVVWB4LzT46unnqbK17HllGG327Hb7Xg8Hh79zk/Z/05yvTkHK+Dvxu7MHNK+qqphd7jw+TyQkk2gp2PAmbBv+eDVrF69ZEjHE5cOx5QicjeU91t//NFv464Mhop6Tw+Hvvwlyr73GACHvvwl9J7gkAvuymDvyBU/+knU/rkbynFMKaKnbnAz2Jt6gKonfkPFj3846HNRbfZB7yOG5+S/P8rJf3901PcZrr2f+OiYHk8IIYQQ4lIj4aMQYsTZZ92F356Nr+Z5VGchqrMQ0/Bj+tsx/R3Bl68VTAOXPcA/vv9dnnp7GueaUsJ1qGqoB5+C0vteVVRAidg2OqpqO7G+exeGlkpn2kpqLMv4zTYfb7x1atSOqQcSh4UDURQVmy0Fn09BcWTi93bEnQl70eLZfOaeDw/reOLSECt4BJh+5110HjkUDhl9Lc3hcRx9Lc1RZafedkfcuqufeXLE2jr/y18lb+Mm3JUVpC9cjGqx0LL7LQ7e/0VW/exXuGYGxxpe/tiPad3zNu/d93kWPPQIueUbUa1WAl1dVD3xayp/8l/Mf+BhcjeU0/zmTvLedzVGTw/H/uUbFG6+PmZ5gPkPfIXC67agWm3oPZ647Vz+g8dJmTkLRdOwZWVjeL2c+80vqXj8MUr+6m6Kb7sDe14+iqZheL1U/+5pTv3Hd8m5fANz/vGLpEwvAUUh4HZz7tc/p/HVl1nw0COkL1oCioLh81L3/LOkzVuALSuLQw/ei5biYuEj30BLcXHy3/4vdc/9idW/fAJLahoH7/s8RTfdwpQbbkJzpmDqOs1v7uLwVx4gbe48Fjz8z3hqarCkOElftIS6F56j4aVt4bYYfh8oKoGurn7nuvbJ35MyvYS65//EsW9+jZmf+lum3XkXltRUME08NdUc++bXaI3oOdt3n3hf16qnnmD+g1/B19jIO3/3afRuN7P+5u+Y9pG7qP/z8zinTid90WIsKcH/V9yVFRz95tfoOPReVBsLN29h3n0PYPj9nPrP71H37B+j/q4TnZ8QQgghhEiO9sgjjzwy3o0QQlx8tPQ5WLJXYPi7MXrOoyigWFJQbVnBQNI1A8Weg2JxMT23h81LzrFx4Xmm5Xpw2nScVp3GDhumaWIaBqYRnEnaMALouh/DCIQ/m5gYpoFhGoAS3Mc0AVCUwfek9Osqt6+pYPvRXH79koNnXmzj9Nm2gXccBtM0sDnSh/Von6IoWCzW4HvViqKoGIY/qozTaednv/j2sNoqxl/o33fo37ppBicyCr10XQ+/up/9w5CPk3P5BrJWruq3PqVkBplly2h+cxe6Jxi0BTo6CHRET3y0+FuPxhwvEsBTW9NvfL1EslauJqNsOYoC2WsuI2/jJjKXr6SntgZ/ezu55RvJXLoMTJO65/6EarOROmce3vpaGre/SvrCxZgBP6f/6wc0vvoyeRuvouimW2ja8SoH7/1HMpetIHvtZbgrKzADfnLWX0Hq3Pm0v3eA5jd3YklNi1s+f9PVTL39TrqOHePsL36GLScPe24e7e8eoHXfnqjzmHLdDbhKZ9O2bzfVW58ifcEiXKWzaT90ENVqxZqeQe3//J7mXa8Ht82cRefRI0y7405S586n8vHHqPjRf6J3d9O2dw+FW24kZ305NX/YytF/fphAZycdhw9iy8klbe48Oo8dw56XR8669SiaSk99PZgmUzbfgKemCm99PSUf/yQ95+s5eP8X0FJSyF1/BarVSt2zf6Tg6mvJWrESU9dpen07zW/uZOYnPo2jcApVT/6ajkMHSZ+/gIDbTc3Wp6LOVVFVMpeWYXi9dJ+ppPSez6L3eHj3n/6B1n178DU10fDKS5h+f8x96l94Lu7Xtf3APuy5ebhmleKprsJ9+hTT7vwotuwcqn77K+x5+XSdOEb1009gmgaZy1agYNK0cwdTrrsBe34+zbt20rpvD7bcPNLmzqe7soKOo0dY+PDXkzo/MfJSbrwFTdOwWCxomoamaaiqGl4qihJehv5/77sUQgghxMQjPR+FEKNGdU7BMfdvMLpO46t+AaNtf3iboigotgywZYArONvy1Owuiqe1s9nfjumvxgx0U9/u4Hybg4oGF11eK5WNLrq9Gk2ddpo6e6d7jpg9Wic6bBuqZ3aXsnXP2M7Krge8qJp12PVYrQ5U1YIfBVWzcdnqWezYvofS0mn82388MAItFQIyV6yi7HuPcejBe/FUV/Xbnih4BHAUFAz6mIqqkr6kDHona/I2NtL46st0nzsLgN7tpuLxH1L/5+eY/+Wv4iqdg7NoKnXP/YnZn/0nTMPAffoUrXt3U/KxT4Ch07xrJ56aajqPHyVt7jzSFyzCU1sDpkH7ewc48Ll7AFj2/R/FLZ9RFgzHzv/lf6n5/TOkLVhI2vwFcc/D19xE1ZO/pXXvbjKWLiN3QznpCxZS/cyTNG5/ley169AcDjw11TiKisKT7Kg2G9mXXU7X6VOc/uH3Aci76hoUTSNz6TLa3ztA5X8He2K6ZsxCKd8Ybofu6cYMBLDnF5BSMgMtxYm7soKsVavRHE6admyn/d0D2HPzyF67jsxlKwAwvD3onm4qf/rjYBh57Wac06bjrjjN6R/+J1mr1lB43ZaY5+muOB3uHRtiy8piynVbqH7mSc5v+3NS+8T7unYcPUJG2XIyli6j8+gRXDNL8VRV0fT6dppe3076wkWklMzEfeoUOevWQ4xe896G83jr6zD1AAC5V5QnfX5CCCGEECI5Ej4KIUadmlqKY/5nMdxV6K378LcexvScQ+nTK0+xpqJYU4FiAEwjQHFWO0X+dpbNbcf0nQczELVPV4+F0+dTw+8rGoPvu70alY2u4HufFvVI90AcNn3Mg0eAFKeCYrHi8w0/QNU0C6rDhc/Xw4MPfYYHH/rMCLRQiD56e2CO2eEC/iGP+diXoqrhx5EXPvINAAxfn+EPIn6xkai8oqpgGkN6NFf3dKNYLNiysplyw82U3vMPWDOzMLw9KBYr/vZgr+uq3/4ae24+mStWkbVyNR2HD3L0G49Qs/UpUqZNJ3PFKhZ97VvM/OvPcPJ7/0rniWMEut2kTAv+csff0Y6/rY2U6dPR3cF2dh47SsbSMlCU8Ln629sxvF4saWkXGmmamIFA77lqKKqC4Y09rEM8HUcOU/30E0y/6+MUf/B2ptxwE/UvPDesmcrb9u9jypYbyViylO4zldiys2l+6w20FBeLvv5tci67HCMQANNEcziSqnOo5yeEEEIIIeKT8FEIMWZU1zRU1zSsU2/G9LWgN+1Bbz+E3l0NMSakUVQLij0H7DnhdWagC9PXiuFrw/S1kurwU1Zy4ZHo9fOa4h4/1IuyvsNBQ3vwRtQ0TY7UZOBy6MzIdZNq9+N0qPy/HfNH8MyTE/D3ULZkGucb2mhoaEPXjYF3SkBRVOz2FA4erGTJkpkj1Eohglr37ubwV+7H19ISc/uhB+9N2Pux5/z50WzegEzDQPd0c+K736Hu2T9GbSvc3L+nW6Lyy3/w+JDbYcvKwgz48dTVUnDNtag2G8e++Qh1zz8bHB9yRvB7t/Wdvey5+yNkrVjFjE//LZnLVjDjk5/m8Fce4MDn7sE1cxYzP30PeVe+j5KPf5J3/+mz+FtbcRQUAtBddRZfczPZ69bjKp2Dv70d9+mTZCxeEgyRe3sFak4nisVCoLNzyOcUz7nf/opzv/0Vxbd9iJK77qbg2s10njxOzdanh1Rf8xs78VRX45w2jayVqzECAdre2UvuFeVkLltBy+63OPTlL5F35fuYd5/0+hZCCCGEGC8SPgohxoViy8ZSdC2WomsBMP2d6B1HMTpPYbjPYnjqINC/F5FiSUWxpKKmTAvuF3Bj9gaRhq8VjPgTtxRm9FCY0UPZAG17ZnfpkM9rOFpbWtA0laIp2RTkZ1Jb10JDw/DHmjSM4YWY4tLla4kd5jduf5XDDz+A0ZO4d1iiANJ9+uTgG6QoWDMzo8JBvaeHlrffTG53VUVzOgHoPH6MzOUryV57GQ0v/4XcK8pJX7CIih//KOa+icq7z54hc8UqctZvwNvYQMai3pnk40yOZXG5yCxbjpaSQvqCxfiam4N/H9dcC4qK6nBSdOMt4YlpNKeTGXd/Cn9XBzVbnyZz314yFi9BczqZevuH0ZxOqrc+TfOuHWSvWYvmdKJ3u/HUVJG5bCWmadC963X8rS1oDgcp06bTdfI4HUcOk7ZwEQX6ZrJWrcGeX0DO+iuwpqXTeOpEzLZ3n63E396Oa2Ypee+7mowlS7FmZKC73WgpLvRud8z9UqaXUPzB22na8Rr1LzxP7vpyslauxuJMvld6LO0H3yV1zhwylpbRU1dLw8t/oeDazcG/fpsNW1YWeRs3oTqcaL3HMg0DFAXV3n8G9KGenxBCCCGEiE/CRyHEhKBY07DkrIGcNQAcOXyCIwffo/bsKaxmJ7MKfSya5ibbFR12KBYXisUFKcVogBnoDoaR/tbgUh/8o3MbF9T2PnZtYhjmqM+uHYumqUybmktOThrV1U10dsafPXcgbrc8PiiGpmnn68z7Uv/1VU/+pl/wuPhbjwKEZ70Oqd76VMzwsWnn64NqS8DdBYpK8a0fovjWD4XXdxw5TOOrL/Urb/h8YJoo1uA4qt3nzpJXvpGl//ofNL76MhWPP0bWipUUXH0tBdd8AEwTd2UFja+9EvP49S88G7d8zdanyCxbHtx29bW4KyvQu92klJTErEux2pjxyU+jWCz4O9o599PHg+fx2iukL1zMvPsexPB56Th8iNS584PjSi5bTubylcy798HgTNF1tdT8fisF115H/lXXUPr3/wcAf2srtX/8PQDtB98je806TEPHXVmBr7kJU9exZmbhPnsGgJqtT5M2Zx6F121h/bPbwDTpOHyQ6qefiNn2jiOHqf/z80z/6MdY8i//SqCri+6zweVS+wAADy9JREFUZ7Hl5pK1ajVNO16LuZ9z2nTyNl3NtA9/FBQF0zBo3f0W1b97Jmb5ePp+XVv37qZw8/VYs7JpePVlAJpe38GULTeTvXoN6373LJ6aajzVVaSWzsaeX0D7wXfJXL6CuV+8H0d+9NijQz0/IYQQQggRn2KaYzxgkxBCJGAYBn/6n5d4+aW3OXnibNS2smXzuP6aBaxbbCHQdRrTUwee2oT1mbon3DMyGEYmF+JtO1jIj/7SvwekoqjBmbv7zEqtKiow/Jk2P/fhbGq759Duz41a39zcQVV105Aexb75psv48B1XDrttYvxEzm4Nwe8T0zTRdT08u7Xf7ycQCOD3+/H5fHi9Xnw+H02f/tiwjr30u98nd0N51Dp3xWkOPXgf7srTQPTkMg0v/yUcQLpmlrL4W9/BNSv6e6lp5w7e+8LnhtWukZK1ag22nBy6ThzHXVkx5PJaiovstesIdHbQunc39vwCAl1d/XrKhR6lPvatf0bRNFr37Y0q45o5i9TZc+k6dQJ3ZUVUPa6Zs0idO49AVxfNuy6Et/b8AjLLlmMEArS8/eaQeueF6vY1N9O6d/eA5dMXLsJZPI22d/fjbThPyvSS8MQ/iWStWoM9L5/us5V0HDk86HYORs76KwBo3vU6WooLS2oq3obkHvcf6vmJ4cn9719is9mw2+3YbDasVisWiwWr1Ro183Vo1muQ2a6FEEKIyUDCRyHEhPLittf5wfd/G3fSlaKiPO69/1MsWBAMMwxPLUbHCQKdpzC6KqCnPmH9pu7tDSJDYWR33LL17Q7+Z28xh2vSBzVhzXD88fO7AOgKZFHbPZsazxxqPXNwBzLQdYMzZ8/T1ja4YOHmm9by4Ts2jkZzxRgZz/Axd0M5S7/7/X7r3RWnOf7ot5l62x39ejY2vPwXqrc+xbx7H+gXPAK894XP0bRzx7DaNVmFwscjjzyUVMgnxKVEwkchhBDi4iSPXQshJpRdO99JONtzbW0jr778Zjh8VJ1FqM4iLAXBcC3Q8g6BlgMYnSfA29Bvf0WzozgLwRmchME0fBeCSF8rZuBCsFeY0cNnrjod/lzXFpyoprPHQmXvrNoAlY0uur3RPSGHIsWuh9+nWlqZm76Huel7AGjz5VPrmcPsjDkcOJdPZVV30r0gfT4/7e29E/qYenDGcDOAEfCjBzyYRgDF1DENP4pigBEAdDACKIqBLXcNTqcTi0X+y7gUNe3cQeP2V8i7clPUetesUlb86Ccx98m/6pq4E800bn/lkg0eQwyvV8YOFEIIIYQQlwzp+SiEmDBaW9r42F334/cHEpYrKZnC4z/5+oD16W3vEWg5QKD9OIq3Lqk2mIa/TxjZf9KbMaNoKJYUFC0FLK7e9y6wpNDlddDpUTD0AJoKmgqqagaXSnCeC001UVWwaCqaagImCoO/5OtKCn77DNQpW8gsGPtZwMX49nwMWf/ci9jz8odVh7exgV1b3j8i7RFCXHyk56MQQghxcZJuLEKICaOj0z1g8AjQ0NCSVH1a5lK0zKXYAcN9Br3lHfxtR/C1VWCzxt5HUa0ojnxwBEMW0whg+tuDPSID7uDs2gF3sPfgSFPtqLZMlNDLkhq3aJrDR5oj2Yr1gYskoJndaD1HMM6cosNzE+kzNg+rPjE57dryftY+8buYj1Enw11xmrfvvHWEWyWEEEIIIYSY6CR8FEJMGE6Hg6zsdFpbOhKWmzGzOO62UL++yD7dJkDKDNSUGdimfpBv3vcwWepZSotMSgoVpuarpDpj95hQVAuKPQfsOdHHMXz9A0kjAKYf0wgMHE6qtvBM3Yo1PRg2as7E+yRgmgboPcHZvXUPpuGLW1ZRNNAcoFjA8GIa3ui/MEVFUe2g2S8sFQ3V9GE27wAJHy9Zb995a9TkMsmKnIRGCCGEEEIIcWmR8FEI0Y9JMIsyB3hP321cyLAulDUvlO27vc9nMrKZNX82+954J2H7ps+fy5nu0GOoEfsnKbe0jG2/q+WliMPMmaqzYJrB7GKTkkKV4nwNVYlfq6LaUGw2sGXFLRMOIY0AphlAUS2gWEG1oijqIFocqs+H6e8KhouhkFHvCc7gnSBsHDGqDX/uVXi8Znheb0W5MMe3Aigo0euU0PrelxJZts/2GO/F0I3WI4iHHryX3A3lFN1yW79ZsPtq2rmD2j9sveTHeBRCJE8enxZCCCEuPhI+CjGJGb3Bn2GCQTCIi700Y6+PqCNy23gOBLvyirVUHK+ktbk15vaZc2eyeHUZxjAaubp8LWdOVHD84PHwupPVGierg5PG5Bflc/PHbmPNIjvW7pNo3Wew9tRiDTQN6jiKagEsoA0+SDNNHdPfEX7h7wgGjuPJ8NFTcD2+hJ06R+5fTyiEVLkQRqqhZZ9twaUSZ31wqUbUcTEayxv2pp07aNq5A8eUInI3lJMyYyaOggIAes6fp/tMJU07d9BTVztmbRJCXJwkjBRCCCEmPwkfhRgHobAwKjTss84wzXAg2DdcjAwdLzbL1q3ANE1e/MP/cvbkmahti1Yu5tpbr6N0wexhHaOopJjNH9oCisLx945FbcsrzGPz7VtYdtlyfIAvbWHUdlvnkWEFkomYgS6MniZMbxOmv33E6h0pXQu+ja9wy5gdLzIUTy7TTO4bIjKE7BtKhj/3BpmR62KVG2/xbsrHagKGnrpaqp95clSPIYS4dAx07ZIgUgghhJicJHwUYoSYgG7Gepkx14v4ll++kvyiAqoqztFY34CqahROm0JJaQm5hXkjcoy5S+ZTPGMqR/YfprGugUBAJzsvm7mL55FfVBB3P1/awriBpMVzBs3bCKaOYhoo6ICBYhoQ+mwaKBh0dBkYhoFLa0YLNAYDR907Iuc2GtxzHsI79c7xbsaICIX2ib8PB/4m1ZRYLyXm+rG6XVYURWZ+FUJMapHXMLmOCSGEEBcHCR+FSEIgRngYiBEqXow9EcdL8YypFM+YOqrHcKWlsrp87bDriRVIxrP/jT2888Zezp06R2N9EzZ7EfOXbmTZmiWs23QZmEZveBkMKkGH3vfBdcFAM1Rm92u7eO25l1AVM9gjTzV735sR72HFujLWXLmmNwjVe+vtc6ze9eEyoeOi0zPjU8P+e7rYxP5FQv+LgBojjLT0CSktvcuhineTLjfuQojJJN51TK5lQgghxOQm4aMQfegmeA3wGeAzzN7leLdKXAzefXsfzz3xLHVVdeF1Pq+f9/Yc5uC+I7i7/Vx10weA5EdOrOk4zqnzGQOW00qms6zg+qE0WwyT0fuLCX/U2v5fYZsaeinYe98PNpAM3aRHvoQQYrKQa5gQQghxcZLwUVzy/EYobDTDoaM8Fi1GWktDE68++3JU8BjJNEzefOVNZi+cR8mcmUnXm5qellS59Mz0pOsU4+PCLzqCFyBNIRxC2pTg0hKaLVxRMHunek/UU0hu3IUQk0mia1fkOrm2CSGEEJOLOt4NEGK8tflNGrwmbX7w6BI8itFx9tQZThw6mbBM7dlajhw4NKh6i2dMx5HiSFjGZrdSunDOoOoV4083oVuHNj+c95p0BKIvTn1v0GP1GJIbdCHEZDLQdUyua0IIIcTkJOGjuOTZhzPQmhBJaqitT6rc+arkyoXMXTKPDe8vT1hm1RVrWLpm2aDqFROPXY1/0x3rZl1VVVRV/psXQkweoetWsr9IkSBSCCGEmBzksWtxyUvVwO5U+o3xKD0gxUjStOQut8oQwqKrb3o/AK88+xKGfmGAUqvNyprytZRf975B1ynGl0UBa8QYkNbex65j6XvzHQoeQ0shhJgsIq9dsa5tQgghhJicJHwUlzxVAXvv2GoQ/MHWMHvHXzPB3xtI+o3grNdCDEVRSXIzd5fMnjHoutOzMvjg3bezdPUyjh88SmtTK2kZacyYO5OytcsHXZ8YW5beYNEaChp7x3hUo+6zL4zxGEvf3o7S81EIMRnFuoYl86i1BJNCCCHExCbhoxAxqAo4NAiOpBf8gdYk2Buy/8uMuV6ISFNnTads7TLefftA3DKz5s1iXtmCIR9j9qI5zF4kYztOBArB64jW76XEWBe6ygyi/t4JZ+KNjxa6adc0bTROTwghRoWmaQkfvQ6FjBI2CiGEEJOLhI9CJEkh2EPJ0u/n3f4/AOtmsPdkOIwk9PlCUBm5XbLKi196ZjofuP16ujq6OH30VL/trjQXV15/FVOmFY1D60QyVKIDRTUiUAy/J3r7SIqc4Tryc6Lg0TRNFIcDs6dnZBsjhBAjTHE40DQtYQAJsYeaEEIIIcTEJuGjEKMgFD5Y+23p/wOySTCIDC0NEwzA7F1e+GyGP4f3iSgTWY+YmEpmz+CWu2/jvbff5eTh49RX15HiSmHRiiUsv3wF85YOvdejiC3UA1EFlMhln3WqosQsq/aWDW2baLe4kYFkKHg0DCMqfEy/chPt214Y55YKIURi6VduigofY439KEGjEEIIMTkpZqJBpIQQk07fIDIUZPYNOU0uBJpmgrJmjHVCjJTIUE8JhXwR7yMDwwvblKj91Bhl1Yi6Lyah/7JDS8Mwgt/HhhF+6boe9QoEAtQ//hgd21+RHpBCiAlHcThIv3IThZ/5eywWSziA7NsLsu9EWvIIthBCCDF5SPgohBiUUBgZfs+FcDJ0MRnwc586gmXM6O0R+9JnX8w+nyOWsbb1e9/nqtf3IhjzojiKwasS/iPG+kSfldjblMilEmNdxLZ+62OtI+Imr0+56DIR72PUFbVPn/1FcvqGj6Zp9gsf44WQoVdoW2RwGaonsk4hhBiOvo9KR/ZkDPXODi1jvSJDx1iTz0j4KIQQQkwe8ti1EGJQIkOmqJUjUrMQIpHIcR77jv/Yd2brvttDZXRdR1XVfsFjZPm+4aOEkUKIgSQai7HvuLSxAsjIZazQMVbdEjwKIYQQk4OEj0IIIcQkFXnjHTn5TKzHEhVFCY8HGSt4TBQ+CiHEYMULH/sGkJGvWJPN9N1fCCGEEJOPhI9CCCHEJBTZCxKImmwmtIwsG1ofr8dj36UQQgxXrEekYwWQfYPIWNult6MQQggxeUn4KIQQQkwifR+5jhQZPMabBTsUPgISPgohRlW88BGIChUTvR+obiGEEEJMfDLhjBBCCDEJxZt8BgiHi7EerU40uUy8HwnkRwUhxEDihYGxHr+OfB/rkWwgavgImWRGCCGEmNz+P8Xtzo7g0pawAAAAAElFTkSuQmCC
----[INFO]----Unable to locate elementPatient Module
----[FAIL]----Element 'Patient Module is not present
----[FAIL]----Element 'Patient Module is not present
data:image/png;base64,iVBORw0KGgoAAAANSUhEUgAABR8AAAJmCAYAAADVS/dbAAAAAXNSR0IArs4c6QAAIABJREFUeJzs3Xl4lOW9//EPkH0SlgATkCVkoUQYIkohGCuWoKCnINLaH6Di8YALVY+gBa1iqhb3pbgcW2Q7FlCwrUWFUwVMUNRAWATDgEGTDIlEyYBBSIaBrL8/spBlZjJZJjOB9+u6vGqeeZbv8zxjox/u7313qqysrBQAAAAAAAAAtLHO3i4AAAAAAAAAwPmJ8BEAAAAAAACARxA+AgAAAAAAAPAIwkcAAAAAAAAAHkH4CAAAAAAAAMAj/LxdAC48JRWVCujcydtlnBcyzAcabYsw9laE0eiFagDPKbbZlGM5LJvNpmyLRZIUExUlg8Gg6KhBCjUYvFwhAAAAAMARwke0q7RvT2jdoVNKio/QlIFBIoJsnmKbTVtSt2pLSmptAONIqMGg+OEmJSYk6PKE0U0GMwsWPuowyHTkLy//WTFRUW7tu2BhssvPp06epMQxCQ4/W7J8hbIth926zgtPLaq+nvv3IZ0Lr0JDDYo3mRRvGubWvWWYzU3eW4140zC98NST9bZNnDK12ce6ez1JmnP7LMVERTXreTiq0xlPndeRLalbtf6DDS6/75IUYTQqcUyCrkka5/b3EwAAAADgeYSPaBe5P9q17JM8bTYf05iRA/RB3hltt5ZoysAgJRoDvF1eh5C2I10vvfqaim22JvctttmUtiNdaTvSFWow6N2317RZHVtSUhVz+2y39s0wm11+nmOxKH64yWE4mm2xNCtIbIm6gVbajnRJVYHk1Osn65qkcR69dnM19SzrsrnxHfF12RaLXnrltSZDxxoFVqvWf7BB6z/YoFumT9PMGdM9XCEAAAAAwB3M+QiPKq+o1JLUXP32f/Zos/lYvc+OnanQ8m9O6yVzsbJOlXmpwo5hc0qqnnjmWbeCx4ZacowrW1K3ttm5im02rVm7rs3O1xayLRa9+MqrWrAwuc2fHdyTbbHowYXJbgePAAAAAADfRfgIj9mwr0BTX92tlZ9953K/Az+V6emMYq3OtutUaWU7VddxFFiteunV1zx6jea0qdaMqmwr6zds9MmQKcNs1t3zHmhVAGkICXH4bKOjBjV5bHTUoBa1D0dHDZKheiRpTFSUDCEhbX4tT523xkuvuDfCFwAAAADg+zpVVlaS9qBN7c09qWWf5Gn34ZMOPx8zcoCKu3dz+Flgl066YWCQJvYL9GSJHcrjTz+j7ek7nX4ebxqmeJNJBVarCqxWh63Km95f79a1br3jLhVYrU3ud03SOM2fe1+T+2VbLLLZbE3OVxhvMtXO21hXsc2mJctXOBxtaQgJ0arlSx22bLuakzDeNKz2749arbJajzncr0ZMVJT+8vKfHX7mau7HqZMnaU4T7enO5n68PGG0Hn/kYYefubq3d99e4/B5rF67TmvWvePwmMce/oPTeTeb4onzbk5JdRm2R0cN0iUmk6Sq71d2jkW206fr7UPbNQAAAAD4DuZ8RJs5VlSipZ/k6f0vj7b4HGfLK/WOxa40a4luGBikS3v6t2GFHdN+J0GTISRELzz9ZKORZc1ddKVGtsXiVvAoyWUYWpe7o94yzGZtTknVhPFJ9baHGgxOV+6OiY5q0QrHDRc/qZ0rcMNGh/tnWywOa2uKoRWrL7d0wZSWPI/QUM+sEt3S87qa2/L39/13o/fgKgAFAAAAAHgfbddoE3/7/Iimvrq7VcFjXd/ZyvXa1zb9JdOm/NPlbXLOjijDbHbafho/3NSmq/puSUlttM0QEuJw4ZW2br2WpDdWrPRKq22E0ag5t8/WnNmznO5DuNV+nAXghpCQZgfAAAAAAADvY+QjWuXjg8e17JM8WY6dbnrnFth9vFS7j5fqP/oHasrAIPl37uSR63REzlY0rhtIxle3p7ojzcFoxvjhJiUmJDhse96cmtridl1Him02rf9gg9faZadeP1lp6ekOR41WtbObm/U80TLORu02bK2uEWE0Kt40TBFGY+0o2UuG854AAAAAwFcQPqJFMn8o1rJP8vTZN4Xtcr1/HzmrNGupbhgYpLF9Atrlmr4uw3zAYTtwU/MMOuKs5ToxIcFpwLg9faeKbbYWtfo6s2bdO5owPslpq7WnXZOU5DT8+mo/4WN7MBp7O52H86VXX9Pv7/vvetsmjE9iRCQAAAAA+DDartEsxWfK9OdNObp16b52Cx5r/FRSoTezTuvZ/cXKPFnWrtf2lqbmDXzp1de0YGGy23MwOuOo5VpSbfB4ecJoh5+3deu1JL34imdX9nbF1Yg5V3MRou30cRE8b05J1a133KUtqVtZDRsAAAAAOghGPsJtf9/5vZZ9kqeTdu8Gf9+cLNPz+4v1i4gA3TAwSOGB52+GHhMV5XIkmFQVimWYzQo1GJQ4JkHXJI1r9gg9hy3XpmG1oxovMZkcBpxp6emtGnUWHTVIOZbD9bZlmM1K25Hepi3d7mrLEZcZ5gPMFdkCiQkJLhdMKrBa9eIrr1btOyZBiQkJDuclBQAAAAD4BsJHNCnt2xNa+mmeDuYXebuUej4vKNF2a4mmDAzSpAFB3i7HY349ebKWrFjZ5H7FNps2p6Rqc0pq1SIqs2e5FeC5armu/fsxCQ5raG3r9czp0/XXFSsahatLVqxU/HBTm7Z0uyveNMxh+NUwJG1KTSiM5rlmfJJWr13ndI7HutJ2pCttR7qWLF+hqddP1g2TJ3nlOwMAAAAAcO78HTKGVsv90a5H3z2keW8f8LngsUZ5pfSv3DNa+GWRdh0v9XY5HjH1+snNHtlVYLXqiWee1RPPPNtke2rGfscBWd3gMsJoVHTUIIf7OWvZdkdoqEG/m914jsoCq1XrP9jQ4vN6Am2+7SPUYND8ufc165him02r167TgwuTlW2xeKgyAAAAAEBLED6ikfKKSi1JzdVv/2ePNpudt/v6kh9Ol+uvmTa9ctCm3OJyb5fT5ubPvU9TJ09q9nFpO9L1xNPPutzH0UrWRmPvRi3Ilzhp5XZ0fHMkjklQvGlYo+1r1r3jcESmtziqEZ6ROCZBLzy1SEZj72Ydl22x6MGFyQTFAAAAAOBDCB9Rz4Z9BZr66m6t/Ow7b5fSIl8VluqJfUVam2OXvazS2+W0qTm3z9YLTy1qdghWM4eiIwVWq8ORYlckNG7XdtbC7axtuzmcjXTz5uIz8K54k0l/fXmxbpk+rVkhZLHNpjVr13mwMgAAAABAczDnIyRJe3NPatknedp9+KS3S2kTW74/q+3HquaDHN830NvltJl4k0kvPPWkCqzWqvnu0tNdLs5RIy3d8QIuzkLJDPMBLViY7HZdaTvSNfX6yW7v31CE0ahbpk9rtECLN+ZMdOd5uuOapHFNLsbTnGd8IQo1GDRzxnTNnDFd2RaLtqSk6iuzucn5N7ekbtWc2xu38wMAAAAA2h/h4wXOeqpEyz7N0/tfHvV2KW2uuLRSb2XbaxelGd7D39sltZkIo1FTr5+sqddPVrHNpvUfbHC5srKzQM1Zy3Rz583bkrq1VeGjVDW35ebU1EaLz7RnAOlqBGeig9GgrkQYjc1edRzOxURFKaY6UMwwm/XX5SuchpDFNpuyLRbFREW1Z4kAAAAAAAdou76A/e3zI/r1a7vPy+Cxrpyici0+YNPSQ6dVYK/wdjltrmZ02JzZs5zu4yhUc9Zy3RLZFkurzxVqcLz4THtyNhJUkuKHEyT6ipoRwK7asW3M+wgAAAAAPoGRjxegjw8e17JP8mQ5dtrbpbSrHcdKtONYia4fGKQpA4PUydsFuWFzSqq2pG6tN/rvlunTNHPG9Eb7XjM+SUtWrHT73K6CtpbYkpJaOzKtpWoWn2mr1ufmWr9ho8PthpCQC24U3cQpUyVVjeCMMBoVEzWoTVqZXZ0322LRkuUrlWOx1C4aE28apheeerLReUINBvUxGhuNlAUAAAAA+BbCxwtI5g/FWvZJnj77ptDbpXjVB3lnaluxE40B3i7HpQKr1e22Y1ctw44WqXHWcu1qrsLiYpueeMbx6tlp6TvbJJyaP/c+3XrHXa0+T3O99OprTp9ha1vKO7ICq7X6ubTtAk6Ozmuz2ZrVZl/gIniMvsDCYgAAAADwVYSPF4DiM2Va+mme1u343tul+IxjZyq0/JvTtSFkbNeO/Y9Csc2ml1ysDN1w1J6rluup1092OcovOmqQw7n2as7Z2hGCzhaf8ZQCq1VLVqx0OhLUEBJyQYePbam4DVuhXYXFRmNvhRoMbXYtAAAAAEDLdezEBU36+87vteyTPJ20l3m7FJ904KcyHfipWOP6BmrKwCB19ff9Zuw1695RhvmALqmegzDbYlHGfrPLYKfhStfOgj2jsXeT4WFiQoLThT7aovVacr74jLtcjYiru8K0rXphElfm3D7baZBVXNzyMK2lc2TabM2fLsHV/IdVbf3129xdjaJtj/PWlWE+oLvnPaD44SaFGgwqsFr11X6zy3NNSHK9yjgAAAAAoP10qqysbNteOviEtG9PaOmneTqYX+TtUhoZM3KAirt383YZjQR16aQpA4M0sV+gt0uptXrtulaPALw8YbQef+RhSdL6Dza4NS/knNmzGo32czT/pDO3TJ+mCeOTtCV1q77ab3Z6TExUlCIijJo6eVKjlaHTdqQ7bfGWHM8FuGBhcr35AlvL2fyajuYmdCQmKko3TJ5Ur4295lh3nmPdd7dgYXKdVmXnQg0Gvfv2GknSkuUrlGE+0CYLC9V93p46b4bZXC8cbglDSIhWLV/KyEcAAAAA8BGMfDzP5P5o17JP8rTZzCIMzXWmvFLvWOy1rdiX9vT3dkmtFh01SPPn3lf7s7uhnKP9mjP/ZM3+q9euc7lPzSrZ0YMGNQofW7L4THPqc8UQEqI5t892Ovelu3MTZlssjcLC5sxrWHdkobvH1H13bbEKuSOeOm9rGUJC9MLTTxI8AgAAAIAPIXw8T5RXVGrZJ3la+dl33i6lw8uzleu1r236eS9/TRkYpH4hXbxdUotcnjBa8+fe16GDmPlz79Pv5t4v22n3Wo2Nxt6tXv34mqRxmjljuiKMxladB+2rJmi/0FYlBwAAAABfR/h4Htiwr0DLPsnT0ZNnvV3KeWX38VLtPl6q/+gfqCkDg+Xfuf1rmDljuhLHJGhLSqq+MpudzrVYwxASosQxCZowPqnRSEKpajGXuitfH7VaWx3WeVKE0aip1092u/W8j9HY7PuJNw2TwWDQJSaTEsckEDp6UbzJpFXL3lDajnSlpae7Ner18oTRSkxIcDpKFQAAAADgXcz52IHtzT2pZZ/kaffhk94upVl8dc5HV3oEdNaUgUEa2yfA26Uo22KpbcfNzrEoJrpqpFeE0ehTwVmxzaYcN1tzfa12+I6681zW/b4bDAZGOQIAAABAB0D42AFZT5Vo2ad5ev/Lo94upUU6YvhYY0g3P00ZGKS4bgwaBgAAAAAAaArhYwfzt8+PaNmneSopq/B2KS3WkcPHGldGBGjKwCCFB3qhFxsAAAAAAKCDYPhWB/HxgeNa9mmeLMfcW3gDnvVZQYnSrCW6YWCQfjUgyNvlAAAAAAAA+CTCRx+X+UOxln2Sp8++KfR2KWigvFJ6N/eM0o6V6oaBQRrVy9/bJQEAAAAAAPgU2q59VPGZMi39NE/rdnzv7VLa3PnQdu3IJeH+umFgkCJDu3i7FAAAAAAAAJ/AhHU+6ujOR3Xixzxvl4Fm+OmMTSlZK7xdBgAAAAAAgM8gfPRRF4UUa37If+qFUSky9aU73pd19Zcu75quiNO3ylCxx9vlAAAAAAAA+AxSLR83omSlRhhX6t99ntCbh+J04nSZt0tCHSO75cqv+GmVnzrp1TqKbTblWA7X2xZvGualagAAAAAAAKoQPnYQ/1HxmMZdPEBv2R/ROwe7erucC15c2Cn1KvtflZzcLm9Nmro9fac2p6YqO8eiAqvV4T6hBoPih5sUbzIpMWG0IozGep8vWJjcZvW88NQiSVK2xaIly1e63Hfq5ElKHJPg8LMly1cou0GQ6khM1CDNuX222/u3xAtPLXLrftxVU3ONlj7/S4abFGE0Kt40rNE7BQAAAADAlxA+diDBZd/pdv/fKenn/6HVx2/W557JW+BC3+ByRft9pNKi1SrxUg1pO9K1ZMVKp4FjXcU2m9J2pFcds3yFpk6eVC/8yjCb27w+m83W5HkLrFbFDzcp1GBo9Fm2xaIM8wE3rlTZzP1bxp37cV/9qLql5617XLzJpJkzpineZGpVZQAAAAAAeAJzPnZA0aX/1mPdbtbjI9MV1dPf2+VcEAK7SAndMjTAfrNKi1Z7rY4lK1bqiWeedSt4dCTbYmnjilqmwGrV+g82eLuM80KG2awFC5O1OSXV26UAAAAAANAI4WMHdkXZq1ra///prvh8+XfhVXrKJV2P6rLOD6ry5NNereOlV187rwK79zZsbHGIisZeevU1pe1I93YZAAAAAADUQ9v1eeDGTg9q3KXxWnNqrjZ+E+Ttcs4bMaF29a1cq5JTm1Xu5Vo2p6S6NbLNaOytUIOh0eIzzrz79hrlWCxO5x40GntrQlJSvW0FVqu2pG51es54k0mrlr1R2x7uTLHNpiUrVuqxh/9Qb/sLTz2pDLNZm1NSHV7HaOytv7682GHL9rkahtW2IW9OTZXVeszhfrdMn9bkPblzP3WvVyPbYtH29J1Oa5Safv6GkBDFREfV/txUe/mSFSudzqUJAAAAAIA3ED6eJ3qWZmhu8GyN//l0rfphivbmV3i7pA6rV2ClhgR+qtJTS7w2r2NdxTab3nAR4hmNvTVz+nRNGF8/JFz/wQaX4Z9UvSCNi7kC+xiNmjljeqPtrsJHSYowGuuFZs6k7UhXhtncqIZ4k0lf7Xc8H2Ifo9Fl8ChJM2dMrz1nhtnsNHyse29fudivqfupmnex8XOaOGWqyzqbev4x0VF64akna38uttm0ZPkKp8+/wGpVtsWimKimnz0AAAAAAO2BXt3zjKl0nZ7vNUMPXmqWMYxsublGdftG0WdnqPTUEm+XUmv9BxtUbLM5/Cw6apD++vLiRsGjJLfCP1/w4iuvebsESVWhpq8LNRg0f+59Mhp7O93H5uS7AgAAAACAN5BOnaeuqXhG4wZ301tn/6Q1B3p5uxyfZ+r6o7qd/atKT7b96s+t5WqU4fy59zU5CtATXnhqkQwGQ5uMsCuwWrV67TqHIwfdERMVpaNWq9NRiy3RsN25pdryOdV1icnk9HtRXEz4CAAAAADwHYSP5zG/8pP6T7+5Svr5WK0unK2tObzuhgaGlGhg5/dUcupfKvV2MQ4UWK1OF2W5PGG0y1ArwmjULdOnKcJoVJ+IqlF9hjYKKl21CrfEexs2asL4JEW0YPThnNtna87ts1tdQ9325rbS1s+phqvnFBra/mE0AAAAAADOkEZdAAaUbtMjYdt09cjb9bfvrtE31jJvl+R1Yf6SKSRd5ScX+8S8js64Wr04McH1wiIRTuZr9EXFNptWr12n+XPv83YpHUKG2fkI3WjmewQAAAAA+BDCxwvI6LLlGt13ud7vu0grvx6s0yXeXsPZOy7rlquA4qdVfvKkt0tpkrO5HiXVjmb0pALrMa1Z947LfRyt9NwUo7F3ozbpLalbNWF8UpuPFow3mZpcJbq1MswHmnxO1ySNa9HIzoYKrFan93NN0jivtOEDAAAAAOAM4eMFaIqS9UtTlN6yPaT1h8K8XU67iQsrUq+ylSo5uV0dZS3wbIvF6Weeaumtq2Y+RldumT6t2bXMnD5dS5avkO306Xrblyxfqb+8/Odm1+ltGWazy9GIUlVI29rwMdti0UtOFugxhIR0mJGuAAAAAIALB+HjBapbuUV3B83R+JGTtco6XTu/83ZFntM3uFzRfh+ptGi1T7dYO3K+rlzcJ8KoqddPbjRaMNti0foPNmjq9ZO9VJlvybEc1oKFyZJct1objb31+CMPt8nISgAAAAAA2lJnbxcA7xpStkFPhd+shSN2q1/38yuLDuwiJXTL0AD7zSotWu3tctDAzBnTZTT2brR9zbp3XLabX0iKbTaXoyqNxt66Zfo0/fXlxW2+ojYAAAAAAG2B8BGSpF9WLtabkdP1X8O+93YpbeKSrkd1WeeHVHnyaW+X4jHnQ0C3wMECM8U2m5YsX+GFajqe07bT6tSpE/M8AgAAAAB81vk11A2tVKmb/BYo6bKRWnPybm3KDvJ2Qc0WE2pX38p1Kjm1Sef7cjo5FovH532MNw3TC0896cHzm3R5wmhtT99Zb/uW1K3tMqdlW7ll+jSvzLdYs0p4cXGx5tw+u92vDwAAAABAUxj5iEb6lO/R/NDZev6yf2tYn47xFekZWKkrun6insX/pRLbJm+X02ZcBXDZOc4Xo+lIfnf7bBlCQhptb2oBlwtBTVv1LdOnaerkSQ6fkySt37BRBVZrO1cHAAAAAEDTOkayBK+4tPwtvRwxQ/PiD6p7cBdvl+PUqG7fKObsDJWeWuLtUtqcq3n80hqMFnRkS+pWZZgP1P7lavVsb4kwGllgxok+RqNmzpiumTOma87ts/X4woed7tvUquQAAAAAAHgDbddo0q86PaVxQ3rprTOP6e+Z4d4up5apa6G6nf2LSk+evyPkYqKdh481C5G4Gh354iuvNtq26f31ra6rwGpVgfWYJCk6alCr5xycOWO6Nqemylp9zvNFWz+neJNJ8aZhyjAfaPTZltStmnr9ZBaeAQAAAAD4FEY+wi0hlcd1R+B/643LVuiKSO/OpjgwpES/CP27Qk7drdKz52/wKFWNCow3DXP6+ZLlK72y8MzmlFQtWPioFix8VL+56RZNnDK11SPvHC0+09E5ek6tbSd3NbfkkuUrW3VuAAAAAADaGuEjmiW6PFWPd79Vj434TIPC27cVO8xfurxbuvqcvlUlxf9q12t70zVJSU4/y7ZYdPe8BxwGWh1tNeyaxWfgWs3oR0dqRsMCAAAAAOAraLtGi/yicol+MWCJ/nHRU1r5dZTKyis9er3LuuUpoPgplZ886dHr+KIJ45O0fsMG5VgOO/y8wGrVgoXJijAaFWE0qk+EUUcLrG4vQOIqpLTZTjdq8bXZbI1Wp24rv7t9tjL2m2U7fbrNztkeC7FYjx1r9JwKrFZtSd3qketNnTzZYeu1JK1e+45eeKrjrBQOAAAAADi/ET6iVX7bZaHGxf9Ma4p/r//7NrTNzx8XVqReZf+rkpNpqmjzs3ccjz/ysH43936XoVzV/IJWZbg58K3AatWade/oq/3OD8i2WLRg4aPNqrUmdEvbke50nyXLV8pgMGjmjGn15qysWXxmzbp3mnXNhtJ2pGv9ho2SXK+aPXHKVEUYjUpMGK05t892uI87z2lzSqo2p6Q2u84nnnlWBQXOw9Ecy2EtWJisObfPqp3LcfXadS7D3wyzWXfPe0AGg0EvPLWo2TUBAAAAANCWCB/Rar0qvtG8kLs0/tKpWlVwo/Z93/pz9g0uV7TfJpUWrVJJ60/X4UUYjXrh6Se14JFH22xUYIHV2qLAzJ3zNjX/Y82q21/tH9ZowZyZM6YrLT3d6UhPd2RbLG63HxdYrS5XAffUc5LkMqCVqkalZpjNstUZnZphNje5arkvrmoOAAAAALgwET6izQyvWK8Xeq/X5t6/15vZo3SsuPkL0wR2lkaEZajy5NMq9UCNHVlMVJReePpJvfjKq60K5jqC390+WwsWJnu7DAAAfEZRUZHsdrsqKz071Q0AAB1Vp06dFBwcrLCwMG+XggYIH9HmJugl/TI6QG+XPqO3vu7j9nGXdDsqw+nFKjuZ68HqOraYqCj99eXF1W3FG5zO+9eQ0dhbVyQkaOr1k2u3RRiNniqz1eJNJl2TNM5jcyYCANCRFBUVqbKyUr169VLnzqwXCQCAIxUVFSouLlZRUREBpI/pVMkfn/qk07vvVemRDd4uo9XyOiVozU93aevhwNptY0YOUHH3brU/x4Ta1bdynUpsm7xRYpvqERKpaZe90W7XK7bZlLH/XBuuzWbTUau1dn7AmKgoxURHtWvQWGyzKcfNtt+aRXIAAIBzVquV4BEAADdUVFTo+PHjMvLfmT6FkY/wqIGV6XqkW7rGj/hP/S3/Wn177NyyMT0DKzUk8FOVnVrCvI4tFGowKHFMghLHJHi7lFqhBkOjeRwBAEDLVVZWEjwCAOCGzp07M0WJDyJ8RLtIqPybEi76m9ZH/FFfVl6kUd2+UaeTf1TZWW9XBgAAAAAAAE/hj1DRrv7foP2aO+KsLgnd5+1SAAAAAAAA4GGMfES76BI+UkFx8+RnHKsYSTG6WD8zjtfu3NU6XLjD2+UBAAAAAADAAwgf4VGdAnspKO5+BUTd0uizXoYYXTv0ceUc/0y78tboxGlWuQYAAAAAADifED7CYwJj71Rg3Dx18jO43C+615WK7nWl9h55R7vz1qi8orSdKgQAAAAAAIAnET6izfn3najAuPvVpdvFzTru0v7Tqlux1+jrgo88VB0AAAAAAADaC+Ej2kyXrnEKjLtf/hdd2+JzGAJ66arB8zTYmKTdeWv0/cmMNqwQAAAAAAAA7YnwEa3WqUuwAuPuV+Dgu9rsnBd1i9f1w59XZsEm7cpbLdvZ42127o5u4pSpbu0XExWlv7z8Z7f2Xb12ndase8ftGja9v96t/bItFi1ZvtLt89aIiY5ShNGoeNMwxURFOd1vc0qqtqRudeuc1ySN04TxSS2qreGxDXninQAAAAAAcD4gfESrBAy6WUEX369Ogb09cv64iIlVoyBz12jvEffDMVSFawVWqyKMRq/VYLPZlGE2N/u4usdEGI2aOWO6rkka12i/AqvV7fPHm4a1uLaGx7aUL7wTAAAAAADaU2dvF4COyc94pULHvqvgEU97LHis0aWTvxIG/ZemXbZUMb2u9Oi1zjdpO9K9XUKrFVitevGVV7VgYbKKbTZvl9Nq58M7AQAAAADAXYSPaJbOREoqAAAgAElEQVTOhoEKHrlYhsQ16hL+83a9do+QgbombqGuHfq4eoXGtuu1O6r1Gza6tZ+7I/EMISFtNgqwuTLMZr306mteuXZbjlR0t00cAAAAAIDzQafKyspKbxeBxk7vvlelRzZ4u4x6AuPmKShunqRO3i5FkpSR/y/tzlujkvLT3i6lVo+QSE277A2PXyfbYtHd8x5wa9+/vPxnl/Mm1pVhNmvBwmSHn02dPElzbp/tdo2SVGyzKcdiUXaORUtWOJ5f0WjsrT7V4d5Rq1VW6zGX53zs4T8ocUxCvWssWb7Caag3Z/YsTb1+stPztdU9e+qdAABQUFCgiIgIb5cBAECHwO9N38Ocj2iS/4CpCoq7X50Nkd4upZ74fr/Wz4zjtStvjQ784FtBradtSUlt1r4xzQwNHTEYDM0+JtRgULzJ5HKfCUlJmjljeu3PBVarHn/6GeVYDjvcf3Nqar3wMdRgcDkyMSa65SFfc+7ZG+/EkQKrVQUNAlyDIYSwEwAAAADgFbRdw6ku4ZfJkLhaISNf9rngsUaQfzddGXOPpl6yWAN6jPR2Oe0mLX1no22XJ4x2e19fFmE06vFHHnb6+XYfvR9feSebU1K1YOGj9f5asnyFx64HAAAAAIArhI9opFNgTwVf8qRCx66Xn3Gst8txS0TYxfrVsKeU9LMH1TWor7fL8aiaFZMbmpCU5DDsKrBalW2xtEdpbSbCaFR01CCnnzu6f2+6EN4JAAAAAAAtQfiIegJj71DYNZ8pIGqmt0tpkZ8Zk3TTz/9XPx94i7dL8RhH7b2GkBAljklQYkKCgyOk9R90vLb0UBctz74WPl4o7wQAAAAAgOZizkdIkvz7TlRg3Dx16TbU26W0iZ8PvKV6PsjV+tbq/lx8HYGjlt344VXzKl4y3PH8ir7aqtxS0T42fyHvBAAAAAAAxwgfL3BdusYpMO5++V90rbdLaXNdg/pq/M8e1M96j9fuvNUqKMr0dkmt5qy9t2Z0XU27csPFWoptNqXtSK+3UIuvyzAfcPqZq1GRDW1J3eryXK0dRXkhvRMAAAAAAJqL8PEC1alLsALj7lfg4Lu8XYrHDegxUgN6jNSBHzZoV94anSk96e2SWixtR7rD7XUDrEtMJocrRaeld5yga/XadU4/c7aIizObm7EKdUs4W+W6Pd7J5pRUWY/VX9naUdBaYD2mNeveabT9lunTWnxtAAAAAADcQfh4AQoYdLOC4u5Xp6De3i6lXQ3rO1mDjVWjIDPy13u7nBZx1KobHTWo3kjAa8Ynaf2GjW4d60uKbTblWA5rS2qqy8BwQlJSO1bVNEdhX3u9ky2pqS5HddYosFodBrqEjwAAAAAATyN8vID49f6FguLuV5eeP/d2KV4T0CVEiVF3Vbdir9Hhwh3eLsltzlZIbhjGxURFyRASItvp0/W2F9ts2pySqgnjfSu8W7PuHYej8hyJNw3zqdGb5+s7AQAAAACgrbDa9QWgc8gABY/8swxXvHVBB4919QqN1bVDH9c1cY+oR8hAb5fjFndarl1tk6rafDuq6KhBeuyRh71dRj0X+jsBAAAAAKApjHw8zwXGzVVQ3P2SOnm7FJ8U02usYnqN1d4j72hX7mpVVJZ5uySntqRudbj9xVdea7TN2SIq29N3qthma9aCLb7gmqRxmnP77BbVPWf2LMVEO18dOzvHoiUrVraorgv5nQAAAAAA4A7Cx/OU/4CpCoqbp86GQd4upUO4tP80De6dpN15a5RZsMnb5TTirL1XkjLM5madK21Heodo8zWEhChxTIImjE9SvMnU4vPEREe16nhnfOGdXJPU+NlkmM2N5oE0Gnv73FyZAAAAAIALA+HjeaZL+GUKipsnP+NV3i6lwwkN7K1fDr5fP6telOb7k/u9XVItZ+29LTpXum+Fj/GmYfUCtEuGm2QwGBQT5Xy0oi/whXfi6JjVa9c1Ch/7GI2aOWN6i+sDAAAAAKClCB/PE50Ceyoo7n4FRM30dikd3kXd4nX98Bf0dcFH2p27RraS494uyWl7b0tsT9+pAqtVEUZjm5xvwcJHZbOdlqG6bTgmOkpzZs9y+/h4k6lDBmO+/E4AAAAAAPAVhI/ngcDYOxQYd786+TFnXFu6OOLa6lWxV2vvkb97rQ5X7b23TJ/m9DhH7bc10naka+r1k9ukPkn16sswm5sVPnZEHeGdAAAAAADgCwgfOzD/vhMUGHe/unQb6u1SzltdOvsrYdAsDTaO1+68Nco5/lm71+Csvddo7O1yxGC2xaK75z3g8LMtqVsJulrB2TuJjhrEOwEAAAAAoA7Cxw6oS9chCoy7X/4XXeftUi4Y4SGRmhC3UIcLt2t37hodt2W327XXb9jocPsVCQkuj3M1Z2K2xdLsNl/rsWONRu3ZbDanI/k6iuJiW7OPcfZOLmliYZu2ficAAAAAAPi6TpWVlZXeLgKNnd59r0qPbKi3rVOXYAXGzVPg4Dleqgo1vsr/l3bnrVZpub3e9h4hkZp22Rttco0FC5NVYLWqwGp1+HlMVJQMBoPm3D6rUai1ZPkKZVsON7nqcqjBoOefWqTsHIu2pG5VjsWiYlvzw7iGNr2/XlJVe/L6DRuVtiPd6X3UvRdJeuGpRW5fZ3NKqrakbnV5n6EGg6Kjoho9p5pjm7rneJNJ1ySN04TxSe36Tlq64I6j+jrCAj4AAOcKCgoUERHh7TIAAOgQ+L3pexj52EEEDLpZQXHz1CmIUVG+4JJ+v9bPjEnanbdGB35wPAqutZoKqWrmHLQ5CM6yLRa3RiQW22yy2WwqsFqbvF5LFFitWv/Bhib3czZ/ojvnb6ruYptNGWZzo+fk7j1nmM2KNw2r/XtX2vKdtFSE0cjoSQAAAACAzyB89HF+vX+hwLh58us5ytuloIFg/+66MuZe/az3eO3KW60jP33p7ZIAAAAAAAB8CuGjDwu+7M8KGPgbb5eBJkR0vViTTE/rG2uKV1fFBgAAAAAA8DXM+eirKsqkzmTDAAAAFzrmrgIAwH383vQ9nb1dAJwgeAQAAAAAAEAHR/gIAAAAAAAAwCMIHwEAAAAAAAB4BOEjAAAAAAAAAI8gfAQAAAAAAADgEYSPAAAAAAAAADyC8BEAAAAAAACARxA+AgAAAAAAAPAIwkcAAAAAAAAAHkH4CAAAAAAAAMAjCB8BAAAAAAAAeAThIwAAAAAAAACPIHwEAAAAAAAA4BGEjwAAAAAAAAA8gvARAAAAAAAAgEcQPgIAAAAAAADwCMJHAAAAAAAAAB5B+AgAAAAAAADAIwgfAQAAAAAAAHgE4SMAAAAAAAAAjyB8BAAAAAAAAOARhI8AAAAAAAAAPILwEQAAAAAAAIBHED4CAAAAAAAA8AjCRwAAAAAAAAAeQfgIAAAAAAAAwCMIHwEAAAAAAAB4BOEjAAAAAAAAAI8gfAQAAAAAAADgEYSPAAAAAAAAADyC8BEAAAAAAACARxA+AgAAAAAAAPAIwkcAAAAAAAAAHkH4CAAAAAAAAMAjCB8BAAAAAAAAeAThIwAAAAAAAACPIHwEAAAAAAAA4BGEjwAAAAAAAAA8gvARAAAAAAAAgEcQPgIAAAAAAADwCMJHAAAAAAAAAB5B+AgAAAAAAADAIwgfAQAAAAAAAHgE4SMAAAAAAAAAjyB8BAAAAAAAAOARhI8AAAAAAAAAPILwEQAAAAAAAIBHED4CAAAAAAAA8AjCRwAAAAAAAAAeQfgIAAAAAAAAwCMIHwEAAAAAAAB4hJ+3CwAAAAAAdGBnflLekUKV1G4IUGjf/upj8GJNF6jiH3J01FZnQ1C4BvbvrgAvnQcAJMJHAAAAADh/2AqU94OtThBYJaBrhAYanaWBpSr+4bv6YZMkGSIU27fpBLHkyMd67vdvKat2S3dd/8fFumdk92aV3hGU/HhEeScaPl0nuhjUp1+EQluZ2DUKAiXJEKGBfQ31w8Dyn/TVO3/Un7bW2Xn4nVr26HUaGNSMC7bVeQCgGuGjL6ook91mV1lRgbKsRQozxqpfrzAFd8A/ZrJ+/KJe/LifZj07Q3ENPzSv0oNrzuiGhXcqMaz11yqz5+vwIauKJIUZ4zSoT7D8PDKxgFmrHlylE9f9QXPHhdf+fGZqsu683NGNlMleZJcCa96hVSkvvqhtMffoiamRkqqf0xexuuexGxTZkpLK7Mq3ZMpqk4LDIxXbP9xD9w4AAABfdiLzfT34pw91osH2PpMe1euzRiq0i4ODygv1+Yo/aPGu0nqbQ8c9pOX/PUY9HB1zQbIpe9NzmvfOEfd2N4zRH15+SOOMrbikoyBQknperUUv3KPRPVtxbgBoJ4SPvuj4p3r9xU2y1t3WOUyxk+/SnVe05jeXl1TkK98qxTkqveKU7HZJrQwfrVtf0csf5qvML1hhXewqOivJL1I3/P4eJXroF3J+/veSwmt/PmVzciPW6vcZf6uev8VUu9luK6q/n+2UGmxxz9EUvfLqJuVX+CnMIBUVlUlhl+rW+TNkCm7JCesr+3aT3viwVJPum9SyYBQAAAA+olR5Hy7SHUv2V/3YZYjuXLxIv+nfurMG9L9aDz1h0LKXlmrnqdZXCTf8uFtffPuTRvesM7q0S3ddMi1Zfwhbqmc/yGn5uavP88fuS/Wn9a04DwBUI3z0YcYJ8zX/aqNUUaS9b7+ote+v1MaoP2jSRd6uzMd8v1ErP8xX+Li5mnddv6ovdYlV5oN2xfjCnwT2ulQ33BSuMmNM25+7JFNr39ikfON4zb13ovr5SWXfb9Lrr6Zo1apIJd+V2NpcV4W5+5V7xNiyYBQAAADtqkfcFD35xAC9/dJSfXFKkvw14qaHdMe4OIXKpoM5353buTxHB3IKNTkyXL+Y+YDyjj+ndy01xzygO8YObzzqscSmo0VSn5512rGDumtgdH8NMKjp8LHcphO2APXo6u96P9tPOqHu6uHuvJHlpTrxo02Gnt0V0KXB9lNSjx5NXK/6mkfLDerTVG3VBo6dolHlO/TuFwVVGwKide2vhuhoyofa5+Q5FJ/4STJ0d78Vu0t3XXLjQ7rT/pyW7qg7+vEnpe/I1IlR9UemhvaN1sUDeihAatR671ipiq02BTR4bqF9oxVzkYPzlJfqxKkS9XDzxRRbC1TaNUI9mmjXLrYe0dFTJZIC1LN//yb3B9CxED52BJ3DdOnYUdqYsU3Zhwqli8KlskKZP9mm/cftCosaq6tG9VNYZ0knc7VtV74ixyYqMkBSiVWZB/NlD4vUpTFVo/SK8vYq63Q/DY8zyk9lKvw2TWl78lUUFqOxY0erX3VaVZZnVqYhTqYeduVnfq38oghdnBCpsIoi5Wfs1K5Mq9RruMb+0qTwut+konztTd+l/ECTBtnL1OTXrKxQWZ+ladcpY+31y6xZSjtUJNMVlyq8pn34RJb25pap39A4Gev+si4sVKEkU99+564UYJRpRJ19SgqVm5WlrEPZsgb006gxiYrtWb33yVztzfdT3NAI2b/9UnvNVvnHJ2psTHidE1Q/J3Op+o30V5mzW/kxS1/uNcsaNqr2nRQdyVWRgmUMa94wxKIjO/Xp59kqCjQqxjRcl8UYG7VSF+1K0V5bsEbfVBU8SpLfRRM1dmiK1h7MVb4Sq9rdq99J5nHJaBqrq0zh1c+qTNbM/ToVcali/fKVuW+vMs/206grLlW/4KrvSub3dklFytq3V6VBNd+bqntN27FL+UVhivnFVRrdv/qLU5Ir8zdhijOFy34kU1/nn1JE3GhFdmvW7QMAAKAlDBGKHXqZrhzqry92lEoqVbF6VM33aDukg4d+qrNzqb7LtapEEQrtYVBpTbbVJVqjx4xUbN/qEK7cprxd7+nN1f/UF7Udx/6KnfBfuvem63Rxj6aKKtWJgx/rzdVv6aOD5wK0HkOv1m+nXKeJo6Kr2sFP5Wjr+2/rzX/u0dGanYKiNW76TbrtupHqE1SqvK3/q2WfHKkOxAJk6B+nwSW79c/Nh1Rc9QA04sZ7dc84g3a9s1RLt9UU3F1XzH5A/33tcPWo+98SZwq088O39bd125R1pub++2vczDt1168a7FtPd4345XW63nZCm74oqLp2z+Ea9x9jlZf1ofbtP7dn8ZE92vDOm3pzW5127f5jNGPmzbpxVH/HrfB1hHaVfjzScNJH6cTOT7Xvx5EaZ2wiLC236ev1S/X2vhO1z61H/ziFn/hUG744UhsuDhx3px6YdZ0u7urgHAV79O7ij5W6I6d6f39dPPUBPfDbMRpYL4cs1dE9/9baf/6j3ruW/NVnxFUa98urNWXskPqhdrlNB99/UskbCyRF6DfPvKQ7h7JaEXA+IXzsKAL8VfsrxW7WqudXydw5UqbBwcp8/xVt2z5R8+8bL2PnfO3f/J6yuo/WrJ/7SVkpWvn2XqnbWIUvnKRIFWrnv9ZqU/gMXRpnlPXj1/Xix6cUOTRWYZZNeuWz7Zr4wFyNN5Ypa8c/tOrLSF1qytXeDLs06AYlJxhlfvtFrToYprj4ftK+t/XsF8M16+EZigtQVQvwy5uU7x+msKC9Sjtpl+SqVdyqTa8+Kz9DmPztRdr72S7d8PA9SlSudm7YpKzg4VX3ISn387Vau/ti3Tkirv4ZBwxSP5llfn+pNvrdoGuHNgzpMrX2jyu11z9Mxr7h0g97tfezvdX3Kem7T7V2VbbCwkpVZPevatvevkvWO57QjYMlyS7zmme1KqNUwd2CtffLIoejAIu2v6E/brbL3yDZbWna9X3VnI75e97TP7bbVdag7doV69ZX9OKHBTLGDVe/kkylrtol6+8aj3rNteRKMimmwaDKuKtnaVZSv6rg0W7Wqj+vUqYhTsP7S3vfflbb4mcpeXqc/FSo/RvXapNto8LsRbIbgqWibUr7xq7kuxOVv2ejPv22SJK/srZt1P7g8YqMMyr8aIpef3mTTvU3KbZrrjb9zyJtnzhfc8cZVZazS/9YtVORl5mU+6VZdkXqhuTRtGwDAAC0l4BwDYgeIO2oapnNO3RIR0ui1ed4pvY1mK4w72COjp4ZroEncvTtj9Ub+w/X0F7ngsevP1isB9/c02AkXamyNi/Vgyf89fqDV2ugs1rKbcr6cLEeWranOhw858TBj7X0iDTg1Xs0wrZNf35isbZaG+x0Jkdb33xSuzLv0eL7L5fth/3aWfcm9u3RF/UOsGnfP5/THf9sWMhP+mLFc5LhJf1hfETVQi1njuij15O1eNtP9XctP6Ktb/5RR8tf0vM3RtdZ1MWgi296Te+Oq1oAJrRvuLSnwWX8B+jKOS9p6JkA9ewfobP739T9T76vvIblHNmhtc/s0dczFyl56hCXAWRx7p7a0Ddg5I2aXP6+3t1XKtn26LMDhbrCGNHEKtSlKszdo5376oSB+xoWLuVtXapH7f56/fdXq0/DE1r36KN676ZUX69/TovK/6TFtw2vqr/cpqz/W6yHVjR+11Kpju77WGsLDBoxcoh6OAo4AZy3WJKiQ7DL/HGaChWumCHhyk/dKLMtVjfOv0e3Tp+l+beOVvD3m7RxX5kU1k+R3aTc3MOSJOuRXCkmVpEnrSookVSRq/zvpciYWKlkrzZ+nK9+v5qne26doVvvvVVjw/K17bMsSX6KG5uo8IpM7T2eqLlPP6/n705U2Pcp2pghjb51vmZNn6FZ992gONtepewqklSmvR9tUn7gaM16IlnJC5/QvKvDXd2YpGCZpj+hp5OT9cRDk9SvIlfbPs+XjLGK6yZlmvdXjzK0KutQkTQ4TrENT9FtrGbdlijj2SxtW/WiHnl0kV5fv1eFtcMT4/Tbx57W84uSNf/uezR//iT1q8iX+UBhvWfcdcQsJT/5hJKTb1Sc7DqcW/3b9fsUbcywq9/kh/XEwmQlPzFDjiJEe9ilmpX8tJ547GFN6i/Zs7NklRQ39Z6qkPNogRr+u5Rjhdr/Vb7U8yrdOmuGZtx6j/6wyHG7fWlF1f/6N/gnOfiiOMVVj0TMT90oc8Vo3frALM2YPkvzfh0n+5cp2lkvQe2niQue1tPJT+iuK8Okw1nKlRQ3NVl3XWWUdJGuvS9ZyXckKrzmPV80SfPuvVUzbr1Ht14RpvxPtilLkl/cWCX2lDL3nVDivKf1/PP3tMmCQgAAAHCXv/oMGaI+1T+VHM7RUVupbD8c0XflDXbN3a+sE/U/6zEkTn2q216LD72n/6kNHg26eMKNuu3GsbVhY8lX27TPWipnig+9p8V1gsfQoVdrxk1TNLruaILSAn3x9tJzwWPPkbr+pps1Y2z0ufPseEvv7jutPkOv1rVDG6yi3WO4rp92o8ZFNbi4caR+M22Krqid09KmXV98qaMlUk14+npN8BgQrXE33qwZE4bUBnlff/6l8hoPOFRo32jFxkarj8HBiMMu/urRP1qxsf3Vw5ahtUvPBY+hQ6/WjJk36tohNceVat8//qHPf3D+/FRu08EdO6pHgho06sqrdO3Y+OoaS7Vrx34VNtVf3cWgAWNu0LioBqMJAyJ08dAh9VawLt7xvj7KcnDTktR3pH4z7UZdG3vuvvN2bNfB6hbz4qz3tLhO8Nhj5HW67bbbdFudZwrgwsTIRx9m/fQNLUqX7EVFKqvwU7/r7tGkiwqV8vdCyThKg2q6eOPiFKOdyrYcli6L1aBIadt3uSrUIB0+UqhI00RFfP+e8nKl0cpWtsKVGBMmZWUqs0KKLMzS3n1VpyoLk+zf5apQsQrv7Cc/Saarz7X0Fh7KVqH8dLpgr/aekaQiySDlfpcvScrMlGSKU1xNGNa5qa9YmPpdVH0j3eJkMm7Uph+tki7V8PgwbftivzIrLpXJlqVMqxT3y0ZrZledZegNmv/keOXvStF7H+9U7va1evabXN15/w2KDZD8Au3KP5il/KJS+QcWyk+Svbxu87RRpoTYqtb1gJB6/2BU3bNRE4dUJ2idHbc1GE2jFRtWdU/h4dK5XpHmClfc4HBt+jRFb/yPXVdNHKvEweEO/2FtGDo2VqjMbwulgNOyZuyVXZKKpGDlKvc7KXFo9W4xozW6ug09OLip9vCsqvfcv1BZ+/ZWbSrrKtnzlfujFNtT8usiyTReEy/i/2IAAAC8IXRAvC7u+qGOnpL0Y6YO/lCogMzM2mAooItUUi7pTKa+zilQn5yaz/w1eHB/GbqoaqXlzR8rq/qYPpPu12OzRqrHT3t0dOs25f0oqbz6L0fKbTq47dzxASPu1OKHr9NA/5/0xQ8fa6e1KuQqO/6lPtpVE3hFa8ZD9+u2IQapZIzCbQ/o9T2lkn5S+p483TZniu4JLVXW79+qPm9/zXjwId021KATg3/Svic/rlrpu8sQ3fnIQ/pNlHQ04oh2vVoVoJYcL5SttOq+U/+9vzZUHfffD+qBsREq2V+sLzYfqg4Mz8pFLNikowe26fOaQNV4nR568E6N7iFpbIzO/v45bT0l6UyGdn5bqGv7Rzg+iS1Hu/ZUzylpGK4r4yLUp3yMRgTs0c4SqeTLbdppvUrX93fVeu2vgWNu1F3+hdpXsxJ60Ejd/9JDura/v0pyP9SiB5dq5xlJOqJ9WSdUMrRBPT3G6o9/uldXGP1VPFI6+OA/q57RT1YV2kqlriU6uLX+u37+wes0MEgqPnhCH20+VP8/j2w5Wrvw93rT0rDWAr378C16t7ru0fe8puQJTY3sBODrSAZ8WNjgqzQpPkwKCFdkVD+FB/tJssrZhIN2e9UkJZFRkVJGvnIrDisvN1gRVw7XwMi12n6kUIXKlz04VjF9JB2v+lWav2+jNpprr6qwuH5yNl6xrLxUUpEyt21Ubk3w5RemyL7hkqy1I/FapdiuIkmRcRcr+LP9ysyWTGezlKtI3TDExVe2c5j6JdygexImKX/z63rl4zRt2jVesZfblfLqi9pkNSouvp+CVagiuf/lr7rn9tXvV3N1T9d/6B+b07RxWZo29hytWffdqLgGuWBQcLCkMp2umpvZgbKq70tRpj79v9zarX7dItWvV0urK6t6z9/v1cb/OzeZTVi3i9Wvyfl+AAAA0C7C+mvoYH9t3VMq6Yi+PnhIOljdu9tzrG4aW6A31x+SZNO+/fvV54fqgEsRiokMrfpXy1PZ2negpiXZoJiIUu378C199uE/9UVti/YQDXa2mEtpgbK/PdfSPHTM8OoRld11ybQ/6fVJpVKX7gr64Z/Kqhm913e4RvStHqEXEKGhQwdIe6rax0/kHtGPpSNVb/yeob8ie1Vt8TcYFFi7fYAGdK+qK7C7UQZVL5xSUqqz5VLxDxna9UP1vgH91UcWpb7ztjb8c1vtSMUeg8+NAG0+m47m5Jwb8TksXoNrWo27R2lE7bupmnezWBEKdXCWE4e267PqOgOGjtTFPf0VoDiNGuqvnftKpZL9+mJfga7t3795AV3fOMVWv7eAiOEaNVjaWf2v9ieOnVBJeYPwsX+cBlQvxBNgCFd4gJRX9UCrnuuZIzqYWfOu/TXiiuGteHYAzjeEjz4s+KI4XTqi4XyJ4QoLl/SDvWoUmySVnFaZpHBj1b5hMbEK107l7+unfHukLo/0U0RmmPLzc5VbkS/FjK1qXe4arjBJkVOSdesIuSW8e7ikMl11xx80sU/DT08pJFhSRQvDuopCnSiSgqOMVSs0x8QppvNOfZ2Zq6ySbMk4tnpkYcPj1GACAT/1G2GS8eN82e12KTNFm74P09h752vSQEkya9WXq9xsga4ZCViksrYIVt0WrMgrb9X8K8tUtPttvfj3ndq0I0lx4+rHwoOiIqX0TJkz7Br98zrJZEWRis6GKSy4+vtSfpXuemiiy9k33Rem8G6SBtyg5FsvbZMzAgAAoI0FRGjokHPBXdbObSqu/rPogMHDNWqkUanrq0b4Hd3zqT4/Vf3v8MbhGmqsCvNKztiqRk5Kkmz6YsVzDeZX7K/rZ/6qaoESR6s7l9hUVNvBa1CPrqG1AUeImHIAACAASURBVFlo3+jq6ZRKdTTnxLn5JINC681/GNqjzorLJaXOR1k2U+mpn87N415ySGtfeq7+Dj3H6q5fxzde7dtd5aWynTo382Gooc4c/l0CFdbdIKkqrCspLam6r4bXKrfp2z3bq0YqSirZ9br+87evN7rUvh37dfTq/vXap5vFP1RhXQ2Sql9WhXvrZNdTckJHawJpGdSnZ6jrMLRLgPoMG6kRoSWSSlT47SHlVS/4Exo5RLFdA6QuBsX0DGTUI3AeYM7HDsdPl42Ik07u0qf7quZZzE/ZpkyFy2Sqjpb6xCg2uEjZn5uVb4zUoAApckCklL9Lu76rnu9RkvrH6uJgyfzJJuXay1RmL1K+eZv2umgX9hscq34qVNrHe1VYUqYyW6Fy03cq0y5JsYobLOngNm06Ypf9+71K2dNUxFcme0mZVFGm/I83aac9XKNGVdfX2aTLTFJRdoq2ZdoVNiTWYXiW/+GzeuSpldq4L1eFRUUqKsrXzn9vk1XBGhRplPz9FawiWX8oksqKlPV/KcqUmgwT7faqeDdscJyMNfdsK1TWx2nKbuKu3GIrVKGt7jDWMyr80a6yijJl7d6p3JNVK4UH9+qqYEl+AY3/RNlvxFiNNkiZ/3xFa7/MV1FRoXL3bdTSpxZp0ZqdsstPFw/uJ/2Ypo++LFRZWZnsP+ZqZ3rmufDaoerRlPVqK1KRvUxSpGIHB1e95zy7ysrsKvrerG37nL/r/M2vaNGLr2vbEae7AAAAoE35q2fsENU0phQf2lO7mvPA6Gj1uShOQ3tWf2g9VPtZQHRcndWLnYVQBsWOvVl/fPlZ3TOqu5N9JHUJUEBtclQi25mzDs7o32Bao/qtziUlJeeOCfBvHNC1VLkct1QH9dcVU+/Ryy/dq3F9m1hFugn+dWo92zA0LT139QD/AMf39VOmvtj5k4MPGtj/qXa5mjeyKeVnVWQ7N8+j03pcKS2pauOXJAVKXZp4dkH9Ne6OR/Xck3/Sc08k646ra0ZaRmjinOTq7Q/ptpEuvl8AOgxGPnZAfpfN0Kzc17Xq7UV68G1JncMUO+WuOguSDFJMjJ92mvMVnPCrqsAuJlaxJ95TVkW4xsfUzF0Yp//P3v3HR1Ue+B7/ZCaZZBImTJgwgYFAQgL5AcEgKBoKbRSkokVRqlVaqq3b/WFve7vtbt22bu9uf3m97XVvb73b7drSpWLFolgqKILEQglGQSJIIJCQQEIgIYEhYzJkJmfm/jGT378hgYDf9+ulZM458zzPec7Jr2+e5zx3PZRH5dq3ePb7b4W2RTtZtDqPORP6uDXGLuKhe47wH3/6PU8d+H2oPWMzuTv1ZrDCrPtXM6diLW/9/Pu8ZbKRvngps3ZvpbzCy+3ObnOGx4xjXPSH7Pz5d9gJEOnk5oe/Eh6dGJJ54xysv93PEazcnNn7eslJtyzl5hOvUfjCs6FyACJtZN7z1+HVqhdx++T3ee3lH/CPL4Nt+lJuv7GRt05U4sVJzycc2oiPA0/DOVqZSqTzdlbf+SH/9vrveeoARDrz+PRCL68VV3KCWb2u4hxjtULdCU61grNHVzqZmmaDPa/x1A9O8aWnHiJzajo2UyGv/c/vc+qRrzPp3a288dKG9hn2tun38tlbexn2aUpn5ddW0vz/XmX/i/+H/QCmSMbNWMrjD90cOrcFD3Hvkf/g1Ref4jsvAkRiy7yblPn0cu5gjYsH6qirB1zgbG/bD3gtvGJ35mceIu/kWt76xfd5K1ync8GXyMt19vpF5XzdKTx1cKq3v4iLiIiIyIiIc01jegzhZ/m1SSI7I4kxNgtpKVHQ0DW0mjJtMuPCgaElJoEJ8UD4/ekrvs1XF+eQNjmuYzRabyP22kTFMS4xCk6EphcfO1JN06eSsHQ7fkxCAu2PTK+r5kwTZMUBho9zNR1/4E6YnITj8vLAjqYl2BkH4WnRSXz6a49z/42ZTGmbQn65IyzNcYxLHEfb6Mbz1XWcMwiN6vSf42RNW9gXxYRkZ6+j+84fe4eittGE5iTSs50dU7ONJk6UHA+Piixlx7tVfCZ12qWNEvRUU17V8XJcUsLQy4lJwNE+ePIcDec/grYJ8sM0WlVErl0KH0cj5+186+nb+znASuaKb/Hju7x4WsAaZyWy27TjOat/TJcJsbY8vvJUXs+SMu/lWz+8G2+Tl9ZIKzZrp1uij3Y4F3yFJ+d78XhbiYy2Ye38nck6i4e++2PubfKC1YY1Erjt9t7H2KbczRM/uBtoxesFq7Xn7RiZ/RDfuuccP3gziVlpvfdGpGMO9/7dHO4NtIbOg0isNmunm9vJoq/9mLwmD15T2znezu1tIx9nrebppzuXOJV7v/8093Y+5/yv86+3ePAGrNjiQiUvuqtt7yxWdy2A9Pv/hafv76j/9m89TeeeTF/xJE+v6LRh+r08+VSnGrOfZFFrH33cXcLNrP7uzbQ2efAGInveDyYneX/1JDd7PXhbu+/v2TbbrV/h6Vv7aRuANZN7v/Vj7m6rs1t/dy9z1ud/zL94YcC1bERERERk2FgSppE7Fd4t7bQxLpVsVxxYLF2mZYeEgsn2Hz3j08jOjGNTeGGYsnf2cGxuKsmJfs4cO8CO17dwMvMrPLE8FHr5u4dMliSyc6bBvlADzr/5W17ITuCLC5LxnzrAjj+9zrFpD/P3N3daHKdpH2/sLuWm5RlYqvew6e22Z1HGkZubGloIZ6h6eSzUmImzyZ24gZOnAWopevc4CzKmMcF8jvKSd3jjj/tIePjbPJIT1+O9Hfz4Gps6RmZerOXkseOMS0lmiiOKCRk5TOB4KFQ9uJ0dJbfySG4cZ/a9zhvtK7NkclP6uJ5h38VqinZ2TLlOWLCSr37hk2Q528JRN7v/7zf414JQuFm2czu7sxeTNS0Zn+Hrc8xqO3cVZdVuJkz8iA9efYE32qdMTyN3+iUs8BLjJHta273i5703d3F47kqyYmr54J19l74Wp4hcFyKCwWDwajdCpE+tJ3j1fz3Lkdlf54m7Jl3t1oiIiIhccbW1tSQl9bESrki/mij+7RN8e2OnZ99kPMKz/3oP6THwUfGvePz7r3cEQ/GL+Od/+wYLHB2Hf1Syjm//04b2VYx7cCzmu1+J49c/+WOPgCnrkf/LDxdU859P/M9O4VY3CYv456ceJW7bD/j2huN9HASWnEd45p+WYXnzSf7qt6Xd9trJSvdzuKyp2/YkslLPcbiiW/hoyeHxZ54g+/2nePzXB+nLmFse59lvLmZCb0lc3U7+9b8/w+7uVQJTHnyKZx7OYEzTcV7+yRP86mDfU6LTV/wrP/xCTtdnS/ZRdnu5F6vZ9MP/xrM9mh5P7gwvxUe71Re/mB/8/HGmH/8Vf9u22nUfEvK/wb/9dQbFP/tvPPNe93Ju4Sv3wQu/fYePuuyws/yfn+Fh/zr+9ifb+y0fCPf/k11W6P6orpozjU1AHGMmT9ZiNXJZ9H1z9NEzH2VUqtv+U/7xO9/hO995lkLrIh5aouBRRERERGRo4piamdllFeUp2dPag50xybNDi8W0mTiNpG4D/cZkP8C3v7aYHmtNtu1PSSIqou8WWJy38Fff/go3J/S1PwGCceTe9w2+kd97WGDJXsmTX1tGen+DEIcsivQ7Huef757W5/5kZ2/rTw9B3DQ+8/jfs7z3p0cx5c5v8O3P5Vz6ojbDzJKziu9/aVHvYesgJNy4ir9f3ld/9m+MczLp6Rmkpyt4FLkeaeSjjE7hKcf0mEItIiIi8vGiERxyWRqPU7DzIOf8hFYYvmERC6aGUzyfm8O791DiDk3SjZtyC7fN7X3Kre/8cYrfO0h5bTUnGu1MnZpE2sx55KbaoeEgO3Yfp6nLtGsL47IXkZ8RrqupluJ973P42BFK6iwkT5/G9IwbuSk7qWN1a8PPmZI97C4+SHHFecZNySErZy6fyJ3cfsxHpTvZUXK+62IxUXGMi4dzDd2GCkbFMS7Ozzl3t0nIMUncsOAW0sPB60cn9vGXg9WcqT7O+Zhkprgmk507t2OKc2+aqnl35z6qLnbfYWFcxq0syLZ39KPPzeH39lB08ADl9RaSMzOZmXsrN6Xbe5/e3GvZnco1mih7Zycf1HU7r4hIbNFBPBe7zX+Pm8yCRXOJPtRp5GPCXO6/MxX/iQo8CZlk597IbTdOC/Wz0cTJ93by3mlfj3JumAolpdVdp9ib40i76ZPkTowC/Jwv3ceuknKqavyMm5pJbq4TT8lBqtouT7f+Fxlu+r45+ih8FBEREREZxfRLlIgMh/P7OoWPqat49kcrh3k0qcjooO+bo4+mXYuIiIiIiIhct/ycfOtXPPWbTs9jrHiVZ374Q54tqB54cRoRkcuk8FFERERERETkuuWjqfYgxdWdJ6s3UVayj+LTTQofRWTE6VF6IiIiIiIiItctC3FJOdycm4Cvy7MaLUxJiuv9uZMiIsNIz3wUERERERnF9OwqERGRwdP3zdFH065FRERERERERERkRCh8FBERERERERERkRGh8FFERERERERERERGhMJHERERERERERERGREKH0VERERERERERGREKHwUERERERERERGREaHwUUREREREREREREaEwkfpnc+L13e1G3F1+OoqKTlaRYPXGOBIA6/Hy0BHDZXRWEXpoUrqmq7vC2B4PXj9ve4ZfL/6vXg6X6fur0eTj/HnlIiIiIiIiHx8KXwcjTyl7HpzK1vb/vtLMTWeYa4j4KHmaCXuQO+7G/ZtYt3b5R3HVtTg6ePY60nDu+t5sbAKn7eKAx9U0X9WVEbB+gLKhrF+X9lW1m0uwUM9pUdqh7Hk0afs7fVs2u/ubQ8F6zezv9d73qChopKGttCyvID1b3e6At1eGw2VVDaMjjCyYd8mNu1ruPQCPkafhyIiIiIiInL9UPg4GrU0UHOyhaRb88ibm01KdC0Ff1hPYd0w1nGhhF07d7K/up9jjNbQv9V72f7WLkouDGP9o5KbsspW0vMWkntDHvm3pGC5wi2oOl5FYu5S5s2cx8K5yVC2ledeL73CrbiCjL6CQQNfSy+bPQfZWbCdvScGU7iHg7u2s31f5aW37yoqf/M5thzptOFKfx6eL2L9+kIuIy4VERERERERIfJqN0D6EonVZsOGjQxHMjbvWrYUl5N3R9rwFJ8wnwcfmz+4Y6fks/qx4al2dDNjNjPs06iH1AKzueuG1tExam/UsOWy4ku5gz2Y3HsfY7BHjzY9Lv2V/jzsMxgWERERERERGTyFj9eIhLE2aGoFfwlbXqoibaGD0l3F1EXlsPKB+USf3MXmgjKazWaIsJO9ZDnznHUU/r4AljxIXmK4oNOFbHirjGYA7My+ezm5dgAvVXu2sfNwHd4IG/a4ZrCF3uJ+bwMbSm3kP7CUNAu4393A5ovZzLl4kKJqDwY20vJXkJ8aHidYt5dN2w7S0ApYXaTE1eNN+RzLZnYN1tzvbmDrxRScZw5S2WRgWJJZeN9SMqyh/d5ezwnK31zDIdcqls+yAFUUPL+VuhkrePBmB+Cm6KXNGJ9aRZ7TS9VfNlNwvBmCBmbnPO5amoPdBHW717PTksecjwrZWeHBtWgljg83cfCCD95cRxkGybeuJr1qLYWxy3nwZnuoUeVbWVOezqMDhsChureXN2M2A4FE5qxYRo4NOH+QLVv2Uhs0Yw5Ek7xgOflpVsoL1rL7pIHv9HrWF7fQYoAZA4x61j1fRGzWcvID29nckseqT7gADwdfXU9RbD6PhdtT/uZzlCY/yrK0Wva+VUjJGQ+GycCIdDH/M8vIiQfOFLL+Lxby5ngo3FmOZ1I+j93h6rOvOvOd2sv2PSXUegwIGlgmzmf5nTmhW6VsK2uOOMhz1LD3cB1eLDjm3sWKGxyhNwfclGzfGrpnoh3YQ7dgH1pxf7CJdSfq8GLFecMSls91QvlWnvuzh9zlK5mX2Nd725Sz9TcFeHJWsPKm8L2xYTO+rDk0HyqiqtEAWxqLV+STYglds/KCTeysbAaTBceURHxnbSx6IA/nZV7b3lS93fe9VV6wlsLTQMM61u6NJfuuFaSXdf08JODm4NbN7K0zMEdAdPICluenYR3EtejyuRWAxNwVLJtt62jc+b1s3FKKp9XMG+vKMFwLWJ2fNqTzExEREREREQGFj9eMmrNuLHE2iHKRYi9k19sGefc+yvJ4M/hK2fJ2Da47HyXPCdQVsv6N7SR+fjEpk1rYdawBEkOhQ0NlFWQsZ/VNBoXrN1JzBnLt4DtSwPaTCSz9wnJcZg+l2zeyKzzwyX7TIrLLCqhthLREMAwDb1kJDfnLWH2HDd8HG1l3sJQFqTlYqGHXthIi536ORzOt4Clhyytu7PPNPc7JMAw8lXXkrHiUfFsoENz0dikZd2aAr5SCPs4peYKDgpoqmJUG52uoi7FjPlODDwcWXxW1HyUy0xk6p4JzGXx2dQ5WvJRs/gPb9yezcq4d5/RkWjZtZW/WMlY94sJiAtJXY3v9OcpTV7EsM9TGhrroriPA/AZG23T0/pw/QGGlg8VfWEmyKfy+KIAGCt/cD2394y1hyx82s9exknn5q7HvWc92FvPgreHA7sgWnqtIY9WdGaHXp5IwdlfhxoWdOmpa7NhbaqghDRc11NTZcNxkhshYXLMWM3upHYspFPRufK+SnNtTYEI6yf5NbN2XzbJVj+GygO/Ilj77qjNLrIucxbNZZrdAwE3RKxspqshhcSrQamDUlVCe/Gk++4gTS3UBa3eWUHPDQlxAQ9FWivw5rHwkG5vRQNGmjfQ9IdqLJyafzz7iwtJUzKY/7GRv2krmpS0l78hzVNYDA4aPaSy9tZTnKusBB2BgGF5KDzew+NOrWRrvo/jVdRw4soCU2RZ8H26j4Gwyy7+Yh9NkUPOXDWyxpXQLHi/x2vYSssZG931vpeWvpvVi13uRbp+HDUVb2c88PvfFjPZrtnmfI3TN+r0Wbg68U4Ej/1FWTiHUL/5un58J81ixzMf6t2Dxg3mEv3oM6fxEREREREREQM98HMWaqTlUQsl7u9i6aT07z7iYf5MLALMJXDctIzs+HBicrKTGns28tpTEmU1KTBVlJ8CVlkrLydLwc9saKD1pJmV6z6SgoqIGR9Z8XFGAyUaiLbrTXnPPO2ViDgtTbZgB66QkbF4PHoD6SmpM6czLDI+GsiVhj+nnNMenkR0ecOXMSMZWVxUKpPo5J4srEVtDLXWAr6oWpmSQ5K2lBuBULQ2JLpKBqpM12FMyQiPBsJKdloi7LryIiwki47LJXxAOHodbZDQWXx2VJzyhadxRZswA58uo8qeS29Y/1mwyJripLB/kikITnSR+1EBNADhVQ31CBhnW2tCCRJ4aanGRnACY7LiS7Vjw4fUa2ONjMdofomgGk5XsT+XhCg9W7bevOktwkWy3hFZuNuzY47o9mzEunfk3OEN9OsVF4sXwfUEDpSdbSM/NxmYCohzYY/s7URvJGeFrY8slPclN3elw64dyvSJ6bnLNWkhKvBmwkpxkw9sUamFFVR2unDycJgAzrkRbzzfDyF3bAXX+PHRTVtVC6uxO1ywjCXdlGe219XktzERbfNRVVuLxh16bowZR/Yifn4iIiIiIiFyPNPJxtIt1kJyTQf5UZ9eQrFOo4j7nhqjOi6PYsdsMGlqA1DRS/bsorYc8Sqkyp7C0R/bYQEMjRKYOw/Iq9W48Jjs9xzkOwjg7Nr+bFgY6pxRcRiEnPdB81oNjWg6OsweoqQPbmQZsk+ZjwU29G+pOv8jaAx1VWCZldLwwcWntHAxbLp9e3My2XetZ87YN140LWXqDC3ODG0+Ujc7Rrt1mw/D1v652O1MqyYmF1JyA5HO1RDtySbp4gL3VQEQdzROzcQEE6ti7aRsHfTZc9kiaz9bAuM5TxSO7BFkD9lWbur1s3HYQn82FPaqZ+tOQkDqYhtfj9kRjjx74yN6YTeBxN0B4DN7wC30O9BZW9jBS13aI7XV/FI2ta2XYWn0DrNAOYCN36VKa39rJ+t8VYJs4h4WLc0N/eOi3yit5fiIiIiIiInK9UPg4asXimplNL/FPD/Z4G5wJhQ6hsM6DpxnMkQAu0qaEpl67I2swpy7t5TF7NmxWcA9Hs8fZueQnwNW7OR9jw8bA5+R0uKmsbcDXkEByPiSdjaTsjAfb2RaS5oZGrNlt4Mz8HMtnX+k1q0OsU/JYvioPo6GYzZu3sDX6MZYl2rD5DToPFvQ0N4NtsDGoBdf4WErONlDTYOC6yYbTncj5mhpqqMc+PjQ61vfhOxQzk1UP5Iaux5EtPFfRV5n2QfaVj4PvFMOsVTx4Q+gql77+HOWDarcNW38jYAdgBMBmH6ngEcCBfczgPwdG5toOhR1bXAtG18pojrANLlC3JpN39yry/A0Ub93Mlu1WHrtzgK829it5fiIiIiIiInK90LTr68G0ZJz1FZR6w6/dpVRecOKaEnrpmp5Ka00JB09CyozeppJacI23UVteghcg4KH2XPOltSXRQUJTFaV1oZfG6VKqmvo5vsWLJxD6sOZIBcbE5NDIvYHOyWmnvuoA9WYnLhPYJ7nwnNlLrcdF8qSOY+oqS2krAr8HT/uLwTGbobkpHEn5Gyguqwd/19FlRqCXNwZ8+PzhMhy5pDuguckDiSm4Ik5SfqrtuHLKqi24kgf/0DzHBAfNZw9Q0+jAlQhMcWE7U0rp2Vhc4dGrLX4fRFlCwWPAQ+VpDwT6Xr14cH3VQosfoi3heNlTSU0jEBxMq104HR6q2m4Mfw11jYM7XzzFlNU6Se5rjZ/u59XPefYnaVzXz4GSivo+6rv0a9vaqW2Dubf65iBlkpmT5TXtW8rLq7C4kvtew6cTny/cjigHuWmJ0OxhwMnTw3DvioiIiIiIyMePRj5eDyw5LMmr4ZWX1lMx0Yr3tBfnJ5eT0zaIbWIaUy5uoTQmlwf7eIydY+48XC8V8OLavZiJJjkrHdvRGqrIIHkwbWgbEWXKID+vkj+8toaySDDHJ5PQ31DIxkNsev4ABgZGbDqL70oZ1DnZprqI3FSCN2N5aKXliU4Stu6iMimPxeGibXMWkVOxiXX/tR+LGQwjmpRFnVblHgT7jAzsrxSw5vndEGEjY/5sXLurqPDnkBGVhDNhF4W/24D7jpXkTex4n/f4bjbtrsSc4CLWX0ttaxr5OTbAxsIl6Wx4fR0bnQkY585jnrWExRP7aECiA1thIWufLyL51tXkpwFTk0kq2EV5Uh75ABYXicEiSnzZLA9fX1vOHJIP72TN83tDqxLfkIyjpopyfzZpvUyvHVxf2Zh9QzIv7lrD2n1msCQze4qDmqpyjKy0PkbcteILD1/NuCmXg5s2sabCgjnCRvo0Fy21NXhxdBstG4vN2kzplrWUmYBANMmd7+fOJjixFxayZoObpSvzcHV/3Ue3dtbiD43lc8zPJ/uVTaz7r9DnQMokG/h7Hn+p19YxwYFRsJm1H83nc0uzB7i3INFhY9eetazdm8yCz+fTPXt15S0h/ZXNrNuYRELgPOfNOSy5rb8zDl8Lfzm7X9tJpdmBK85H7RmDtE8tpseXhvgk7C0FbHq+DHvWclbMdQ3t3hUREREREREBIoLB4KDGLck1IODD22RgjrNe4iIqBl6P7zLe37UtPsOCJaqGXc8X43h4GdndymzYs56N7lweuzMDw0/vi15c9jmB4fXQHIjGFnep068NvF6wWoc+vdTX5KHFFIutx3sNvJ5miLFhHcxiH5dk6NdzUH3l9+LxmS+tP8PX02KzjtzzNi+T4fNhtljwHdjEHzy3sGpBj/WugeG6tpd+b7WX4PXQTG/tGIDPi6cFYod8La7EvSsiIp3V1taSlJR0tZshIiJyTdD3zdFHIx+vJyYL1j5GNg6OGavtkp/Y2C4UJFpCgVddJTURNtIGCL/6XG33ss8JzFZbz1FdQysB6yV2iyXORu8RnRmr7TJPbEBDv56D6qsoK7ZLDZ2G4XqOGL+BEWXGbLEAXsqq3Nim9j2leHiu7aXfW+0lXOr9bbFiu6Q8/krcuyIiIiIiInK9UPgow6yOvZveoLQJMIERYSNnyYo+p79a4xOuZONE+uQt384r79ZimADDIHrKIpbPujqLFYmIiIiIiIhcLzTtWkRERERkFNP0MRERkcHT983RR6tdi4iIiIiIiIiIyIhQ+CgiIiIiIiIiIiIjQuGjiIiIiIiIiIiIjAiFjyIiIiIiIiIiIjIiFD6KiIiIiIiIiIjIiFD4KFdfwIe3ydfrLl+TF1/gEsr0e/F4jctr1xVj4PV46b21/e27DIPon0vu+6vA8Hrw+q92K0RERERERESkO4WPcvWd28um9QWU99jRwN7XXmTniUsos7yA9Vv247n81oUZNFSUUucdtgI7KaNgfQFlfe7bzP7hO5GQ8gLWv917jSGX0fcjIeCh5mgl7j7C0LK317Npv/vKtacaflZ45aobFB+88BK8cKzb9mr42UuwZ7jvIREREREREZFBUPgoo0PAoLXXHQa+lksss9VH7+MpL0Ulewt2sfvo1UhwLqMPBut8EevXF9JwpesdrAsl7Nq5k/3V/RxjXMGRrhfgW3vgzJWrcWAX4OXD8ItCuNhpc0Ux/LQYdvTXdyIiIiIiIiIjJPJqN0Dk2pDG0i+lXe1GjJwrGdxdioT5PPjY/KvditHNC+50+HI1FPrgNkto845D8NWZwDUyhV5ERORyBYNBDMPAbDYTEREBQCAQIBAIdNk2HPW0trZiMpkwm8191i0iIvJxp/BxNCrbyppjNnKMCg6e9WFgI+eulcx3Ar4a9r5VSMkZD4bJwIh0Mf8zy8iJNyjZvI6a7NUsTg2XU1/I+rdg8YN5OM4fZMuW/dQHwTBiSc+/i4VTrOAvYctLVaQtdFC6q5i6qBxWrsygautm9tYZmCOAqFTyH1pIcpdGeigt2M7ek258gBGwc9NP9gAAIABJREFUkX3HcvImWQA3RRs248uaQ/OhIqoaDbClsXhFPinhQMR7spBtu0qoazFjGxtLM7Y+u6OluoD1e8rxBM3YUhexPD8Na6gUqv6ymYLjzRA0MDvncdfSHOxt43kDLVTt2cQbR+rwBi045t7Fihsc/bTdTMnmNVSmPcayzHAZvhK2vrSXWgDMJC9YRX5qR93by5sxR4B5XDZLls3DaQLOFLL+Lxby5ngo3FmOZ1I+j33K2sd1G8wN0UpLVSGbtpZS5zWwJM7jrntzcQzQB75Te9m+p4RajwFBA8vE+Sy/M6dnT5/fy8YtpXhazbyxrgzDtYDV+fZQze4Stm4oosrd8xq26+9+7e3+emA2nl77ro7C3xfAkgfJSwyXfbqQDW+V0QyAndl3LyfXDgTclGzfSlG1ByPagT20u5335C42v11Bs8nAiEhi3rJl5CT0cW0WOzg44P0+BAHY8Xv4UWXo49S58ItlEAO4D8H33oAdF0L78j4Jv1gS2rdjHezPhax34aul8NN/gLwD8HgTPH4Rvvo+HDbBL74Ij0/vpV4P7AB+Oh22HIPbZgIn4ZUJ8IsJ8LMLna85/OiXsBmwBuC+lfB4RmhXb+24zwQ/+hXsCIC3Fb78BfhyyqV2kIiIyMhqamriyJEjzJw5E6s19FOj2+3m1KlTZGdntweFl8vv97N//35sNhuZmZmYTCYuXLhAVVXVsNYjIiJyrVP4OBq1Ghinq/Dd+TkenWjGe3gLLxYUkv5gHo7IWFyzFjN7qR2LCdzvbmDje5Xk3J5C8oRYisrLITU0Qs9zooaWiXk4aKDwzQPYPrWaZZOAukLWv7Gbys8vJiUqmxR7IbveNsi791GWx5uhbCsbWmay6ou5oZDP39uouEgS0hdw3yecWKPAKNvK2ncOkHP/PGwYGIaX0sMNLP70apbG+yh+dR0HjiwgZbYFfKUUFFSRcMejLJ9oxnN0Kxt39j3yzuNPYsXn87FRRcFL29ldnsbiNPAdKaDgXAafXZ2DFS8lm//A9v3JrJwbTqG8VdTEfprPftGJpbqAtTtLqLlhIa5+2p6e7KSwohQyw0nM8UpqJyxg9eI0Sl9/juIzDZDqCNVd4+KuL+ThNEHd7vW8UZDI6ttTYEI6yf5NbN2XzbJVj+GyAAF3n9dtYF6qamL59GcfxRlZRcELBZScymXhpP77wBLrImfxbJbZLRBwU/TKRooqcjrC6TYJ81ixzNcRVAOEJ2DXVTew+I5eruFg79de7i/fkS1s6qPvUia1sOtYAySGW1FZBRnLWX2TQeH6jdScgVw7NBRtpcifw8pHsrEZDRRt2khlW3t8pRS8fZ6Mz64mxwrew1v4w469JN8/D3tv16ZsK0UD3u+Dd6YAfjYW3vouEIAXnoFnp8M3p0NMAnzz7+AXVqAVfvQj2HELLLPBbbPg9t/BDx+A44+GywrAK+/Asi9CyUq4+C5Y/wJfnh4KLLteB5gQBXNy4PF34bszoeJA6LX1PJzu9LzSF34DLIfCmYAXvvdT2PI1WDa293a88DOY8BC8NQWohft/BTd+F+bowR0iIjIKeb1eDhw4QGpqanv42NjYyLFjx8jMzBy2ULC1tZWSkhKio6OZOHEiCQkJXLhwYdjrERERudbpV8fRKi6ZjImhH1isWWkkeWqo8AAmO65kOxZ8eL0G9vhYjPCD+WwzUrCdqgiHMD4qT3lwJbvgfBlV/imkTQqX7cwgObqBmnOhl2YTuG5aRnZ8+AckiwVL40lK68JPTIzq7QcnK85kJ9YoA2+TD7PdRmy3Zyy6Zi0kJd4MWElOsuFtCj8v8Xg5NQnZzA+fn22cjeh+uiIxNRtbFBCVzMwUC7Vn6gCoOlmDPSUjPArSSnZaIu662k59mM78G5xYTMDkJBIvesIL0PTddktmKs7T5ZSGp6iWVtTjSu053brqZA32zPBIR8CZnUJ0dVm4781gspL9qbxQuAX9XreB2Uifn4vTApiSSUrw4fF0akdffZDgItluAZ8Xr2HHHjf0Zzh2voau8daOa9hdX/crPe+v/vrOlZZKy8nScPTZQOlJMynT7d0qa6D0ZAvpudnYTECUA3tsp90nK6mxp5IR6hSsWWkknq9rH73a49oM6n4fvMJDcN/s8AsT3JYLhSdDL2NckGoFvHDRBKljwN32gMZIYCZ898ZuBWaFwkaAmFS47xz0trTOmXrIcwDT4f7jsCcAOw6GwsQYK7jbwscG2OyDh2eGX1vh/gzYcqiPdoSPv21K+HUS3B8Lh7s+IFRERGRUaZtm3V0wGKSuro6ioiLeffdd9u/fz8WLFwkEAhw/frx9e11dHcFgkPr6eioqKqisrOTdd9+lubm5S3lWq5X4+HjKysoIBAIEg8H2fRcvXuTQoUO8/fbb7Nixg8rKSoLBIH6/nw8//JDjx4+ze/duDhw4QF1dHe+99x67d+/G7Xa3v/+DDz7g3Xffpbi4uEfdIiIi1wqNfLwmJHQER3F17N20jYM+Gy57JM1na2BcOByzpZMSt5GyCkiZWkFVfRJpU4Hjbjy+GrY/X9GpTBvZnTOWzo+kmZLP8pu2snXzWvZaHGTMX8zC9O6Tdb2UF2xiZ42FpPGxtLpr8JAxqLNpOO+BKAvdZ+8OhtkUidd9HrBQ74a60y+y9kDHfsukPtpg6nyy/bTdkkFqYhHlRyFjRinlZ11kLO1emJt6N0RO6XQGCXZs/gY6sr3IrtF+oJ/rNkTm9nLd/fdB3V42bjuIz+bCHtVM/WlI6D7qcUj1DvbLRaf7te22ab+/Bui7SWmk+ndRWg95lFJlTmFp9+yRetyeaOx9JNbuc26or+HF5/d3bIxJ7nR3drs2g7rfB+/wGVj3O3ihUx1zPhn692IprHoJJqZAaiv8ugG+1/nNw/TnoNuyYMc7UDgB1lkgZizsaPv0r4MdFsKBdchER9eRkV3aUQc7PPDYT7rW8U396UpERK5Bra2tfPDBB7S2tuJwONoDynPnznHo0CHGjRvXfswnPvEJmpqaeOedd0hOTu71GY4RERGkp6dz+PBh0tPTu+wzDIOWlhaCwSDNzc0UFxczfvx4IiIieP/990lNTcXn81FZWUljYyMA5eXlWK1W5syZQ3l5OdXV1SQmJraHoTfccAMmk74Ji4jItUXh47UgUI+7yUpyPPg+fIdiZrLqgfAU0SNbeK49U7STPtXGpqoaoIr6iWksMwF2GzZLOgs/vxDXIKu0Zy3lwSzwVO5iy44tFNo7PYcP4NRedp9ysvjhfJJNtD9fcjBscdbeh24NghFoxRqfANix28CZ+TmWd58GPJB+224hI8VJUUUpRlQV5yelk9bj57tQ3bU+H7RFqB4PzSZzn59Q/V+3S9VfH/g4+E4xzFrFgzeEYqbS15+j/HKrHIxO92tPA/Wdi7QpoanX7sgazKlL6ZE9YsPWY85xpxribZCYzeeW5ww64B7wfh+CVAd887Pw5Sk99617BW77Ajwenm0/8WeXVkdvKs5A1qzQx3Ny4HsvQtZdnaZntw3+SIQ8H3TOGk9fCE0J71Ui5Nngp/8El5Fdi4jIx8DpugbcjR/1OuJwJM2cMbTvUF6vF4vFgsvlIjExkejoaA4fPszFixeZPn06Fy9eZMeOHTQ3N2O1Wjl//jxz584lNTWVyMiuP+0ZhsHYsWNJTEykrKwMh8PRvi8mJoaUlBQ8Hg+NjY0UFRXh9XqJjY0lGAySlJTEpEmT2Lx5M4ZhcMsttxAMBjl37hytra2UlpbicrmYPn06FRUVnDhxgpycnC7h46Gjl/0DpYjIoJhMJuzxY5jodAx8sEg3Ch9HK38LHj84osD7YRk1CS7yLNDi90GUJRRgBTxUnvZAoOMZdfZUF9FvlLOXGuyTFoU2JrpwGLspPwWu8NRrT6MHW3wfo7v8PnxmCxYT2FIySLaW0ewBOocxvhYMcyzRJgCDhqp6mgOJDOZpeRZXIrb95ZR4M8i2gqfWzaAmkfirOFQJU25zAuBy2tlVWYp3dk74WX0ePK02bNZ+Sxmw7ZbMVJzFVRRaakmatrjXIlKTnew63lG3+0glbmdGn4uUDHTdAIwAQx751ncftNDih2hLuDM8ldQ0AsFObw4M4wrXfdyvvRmo71zTU2ktLOEgkHJHb/eoC6fDQ3FpHSQ6wV9DXSMdC85McmIvrKDUm0OOFcDA0+jDFt/HjdHX/R5fR/mxeizJ2X0Eqb3LSoXvHegUPnrAHQd2E7h9MLGtGQ3w/kdw4zD+fmZt+4o+HR7Pgolt07+dcF8dnAEmjIdlJthxMtzGtunZf9VHoeNDYWX78YD7AtjHDl+7RUTk2ne6roFAIMCM1Mmj8lmHfr8fgMjISGbPns3Ro0c5ePAgdrud3NxcGhsbMZlMeDweWltbmTp1KlFRUQQCASwWCwkJCURFRfVadmRkJDNmzKCwsJCYmJj28//oo48oKSkhPj4ek8mEyWRqn5YdFRVFQkICFouFyMhI4uPjiY6OZsyYMbS0tNDa2orH4yEYDHL+/HmioqJwuXoOIxhq8CoicqkMw+DM2XOcrmtQAClDpvBxtDKq2P37tew0GRgkMf+ueaFsJWcOyYd3sub5vZgD0STfkIyjpopyfzZpUUBiNmnWjRSX2cj9bFv6k8KC+aX8YesaKixmMAzMjjl8+u62FZO7qjuwmW0fNhPrTMTcWIPbOoe7uv9ckzqHnH2b2Ly2DDNmbFkZJBuVnHSDs+dQNQBa/OFJyYnzmDfxRQpeXMteM0QnZ5MeX0pNFWR0Se8s2MaYKS1ay9q9QMCMfeYSlk8M7bXNWUROxSbW/dd+QqcVTcqiFeSn9j3ezQgMou2WDFLHFVFUncLi23svxzJrCQtrXuHFlypwxXip8TrJ72ekna3f65aEM2EXhb/bgPuOleRN7LP5HYID9YGN2Tck8+KuNazdZwZLMrOnOKipKsfISsM8wYm9sJA1G9wsXZmHKz4Je0sBm54vw561nBVze6+2ta/Asq/79VL6bmIaUy5uoTQmlwf7yMczbsrl4KZNrKmwYI6wkT7NRUttDV4cWG3zWDRrA5t+v4b94fs9emo+Kz6V0uv16fN+ry9j754SLK2pJN/QLbiMg1vPwsQnum4reRLm3Al5/xuyP4CJptAIw+89BsvGw6p8uO1Z+LUVYpzw5RzYUgoPJ/XRWb3pNmqxzekGiGl/xigse6DbAYGO9335EXjsV7A/BS5Wg30JfLOfYdGPr4S7fgUvxAGtEDMZfv0oTBhCs0VE5Prmbvxo1ASPFouFqKgoGhsbSUxMJBAIcPr0aWJjYzGZTEyePBm73U55eTn79u1rX5gmEAhgs9mIjIzE4XBgtVppaRncA7MdDgeJiYkcO3asfXRkbW0tJ06c4M477yQYDA6pb8xmMzExMURERJCQkIDdbsdkMo2K/hWRjyez2cyE8eM4WlGt8FGGLCLY+anIMjoc2cJzH9hZ8WAedr+BuccCGAZejw9znDW0mEp39YWsf9vC0pXdAqCAD29TC8TYsPb+h9tudTRDtA1rP3NXfU0eDMtgyuulBq8Hn7n/8gdbTnMgGlvc0Aq6nLZ3FOLF4zcPsu4Brttl6LMP/F48vsG27xINeL/2YUh914uAD2+TgcVmpdca/V48FyF6UP09uPt9KC42hRaVsXcfcOkDt9HL9qvgogewQsxg/gwVAHdTaPGaQR0vIiLDpra2lqSkofyl6so7dLRi1IzCa21tpaioiPPnzzNu3Dh8Ph8NDQ3Mnj2bKVOmcOTIEXw+Hy0tLVRVVbF06VJ8Ph+7d+9un4YdGxtLZmYmFy5c4I9//CP33HMP48eP71JPc3Mzr776KkuWLGH8+PHU1tayefNmEhISuPvuuzl16hS7du0iPT0di8XC4cOHWbhwIePHj29/n91u509/+hOpqanMmTOH4uJizpw5w5IlSzhw4ACVlZW4XC78fj+TJ09m6tSpvT57UkTkShlNX+/7ci183/y40a+Qo1zvQY4Zaz9ziys/KMOa+bmeI89MFqy2wSYrZqy2gRfdsMRd+sIcZquN4chfzFYbl9KKy2l7RyFWBt2lA1y3y9FnH0RZQyuFXyGDDh5hiH3XC5MFa3+XcEjnPrj7fShi4jo9b7EzC32OCr3SYoZyyiawD28XiYiIjIjIyEhycnI4evQoXq+XiIgIMjMz24M7s9mMYRiYzWZuvPFGxo4NPUtk5syZ1NbWEggEiIyMJCIigtjYWG688UZiY2N71BMVFUVOTk77PofDwc0334zZbMZkMpGUlERWVhY+nw+r1Upubi6xsbFd3mcymcjKysJuD/10MGHCBGJjY4mIiGDGjBn4/f4uU8ZFRESuRRr5OBod2cJz5Sk8dlf2EN5UTsHzu6kKgHnCfO67I2NYgj2RAV3S/SoiIiKDdS2M4BiNI2GCwSCGYbQHjp0ZRuhRMp2393f85bbBbDZf0ojFYDBIa2trexgqInK1jcav991dC983P24UPoqIiIiIjGLXwi9R18IvoyIicvmuha/318L3zY+bYX7ynIiIiIiIiIiIiEiIwkcREREREREREREZEQofRUREREREREREZEQofBQREREREREREZERofBRRERERERERERERoTCRxERERERERERERkRkVe7ASIiIiIi8vFknDvG2+/XUe1pBcBii2fmjTnMHqdfU0RERK4XGvkoIiIiIiJXXt0hXv5zTXvwCODzNLL/z+9RWHcV2yUiIiLDSuGjiIiIiIhcYc3s/7AeL2AeO4E77v4kX7w7i5ljTYCPYx8ewzsc1bR4aGwejoL6YbTQ2NgywpWIiIhcuxQ+ioiIiIjIFXaa0xcAYsi8NYOJUUCUk3m3OhkLcKGR48NQy9nX/oHcr73M2csp5MP/YOVDa3i/r3yx+Ofkzvs5719OHSIiItcxhY8iIiIiIiK9amHPxl/yfkYaM6OHu2wPW/8+m2lPF4+SckREREaGwkcREREREbnCJjJxLMBFjuwp5bQf8Nexd08dFwDGxjPtqrYvrKWIN34HX1gyn2HPHmnhQuNoKkdERGRkKHwUEREREZErLJY5sxIZEwHGhTO8+dqf+a/XDnPoQgAiLEyfNR3roMtq4dBzj5I7I5tpM7LJWvQwzxV3miPtq6bg2b9hfm4203Lv52f7Ova1fLiGVfPD77vnSbae6lpy47aX+d2kv+GBW6Lh1DaeuGcO02ZkM23GfO74p22dpnM38v7LP2Tl/NC+v321uqMQo5qt37ufrPD7Vj13mBbqeemxRTyxE3juYabNyObH+wCjnreffjh8LnP4zPe2UWWEy+m1/j7KERERGUUUPoqIiIiIyJXnnMm9i1xMtkW2b7LY4pmz6CbynEMo5/Bv+bunG/nqH0s4fng/O3/7JEtndBqn+M5vean1bn7zyst8Z95hnv3PcGh4fhvf/vzPGf/kTo4fLuI3txTxtz94rVOgWM8br24jeeUiZpo9bP3Z13kp+2mKD5dwvPhlnlk9h/Htx77MS3un8c3fv8a/PzyWrf/j5fZnQB567m/426N3sKG4hOPbvk700w/zi+JE7vnfL/MvtwBf+CXFRUV8MxcaX/8BX3p9Dv++t4Tjh1/mnqNf5xvrq4G+6u+9HBERkdEkcuBDREREREREhp953HRuXzx9GEo6zhtvFrF06nySp2V13bXoe/z71+9mPOC8cxE/fj008vHsn19mU/PDrLszEcyQnjufma3xHdOrT7zJSzuzeOw7WYAntG3/Tt44PId7siYzs0s1j/LUTx7mRoDPLIEXfOHtxbzx78e59Tt3MTMWmJpN3qxcomMhOn480RYgOp74BBtQz9bXtsGdL3BrPMA0br19Mj/eWczZhz/ZZ/09yxERERldFD6KiIiIiMgV5TtfzaHjZ6mu/4gLLQGMtqnFZhOW6BiciXZSp01lWoJl4MKyHuHXPznLE08/yiefjWbmA0/z//5lCcnmAd4XrjM6fNz4O3/An+7s2F2282Xez72fZ6YB2Fj6T2v45pP/wPfve5knEubznV//ksdmDfwkyJZmiDbHhF/l8tgra/o89mIroenTz3XaeNvl1S8iInK1adq1iIiIiIhcEb6zx3jzjT/z+7fLOXCykXPNnYJHACOAr7mZ6pM17Hp7D8+/sY/9Z319lhcSTfr932ND4X7+vOZhol9qm6o8gHDo2GL0ss84zNbfHGbp6s+Q3LZt/Hwe/+VODhe9zFMLTvHjz/8v9rT08t7urYuFFuPiwAcCMZHAo2s4frSk479fhkZtXmr9IiIiV5vCRxERERERGXEfHd3HS3+p4bQXiIphcmoqn7ptLg+t+CRfbP/vVu6/LYP5qfGMjQLD+xEH/lLElqP9LOd85jDvn2oBczTJtyzh1klw1uPp+3gfXATGz1nEjbzAf74cCipbTu3kd9vqQ8cUv8YvTi3hzgVt05hbKCs+TKMBJGSRvygLmhtp7Cf8C4WaWeTdH82e3/yePY2A4eHQy6/xfuf3tbS9SGTOolx4c2foWKDlRDHvnxpk/S1KIkVEZHRS+CgiIiIiIiPsJIVHPsIgkvGZWTx093xuz53C1LFj6Dqx2sKYsRPIzJ3DvXffyh2ZY7AQ4OyRco70UXJj+Zv8+L7wKtBZD/O78V/nmS9k9X6wGXjnMNUtwNSHeebpRbz/vTtCq13f90vKWi8CLezZ8gJ84WGWJrS98Szv//KvmZ8VWhl7/v/Yz/Knv8bS+N7qsBDNfsqqAaK59ZtreDz6BVbNy2Za1iK+tO0s0QZAIjNvySL6d48ybcbdPHcUku99ku+kbAgdOyObrAee5o+l9QPU37McERGR0SQiGAwGr3YjRERERESkd7W1tSQlJV3tZvTr0NEKZs5I7eeIcrZsrOZszDjuuDOHiYMuuY5drx/m+MUxzFkxl9n9HNly3kOL2UJ8/BCfg9jiobEZouNtoec/Nm7jv8/7R8aueYd/WRDd/7FDqea8h5ZoG/Gxgzi20UMLvZzLZdQvIjIcBv56f/VdC983P2604IyIiIiIiFwZF8/x5sY/j0jR0Qk2Lmn5lWgbnTO+xqKdbJr0N/zpll5K63bsSLUvOr6PYy+jfhERkatF4aOIiIiIiEhY/JIfcHgBGlkoIiIyTBQ+ioiIiIjICEtj2Yq0q92IQYsexNRoERERGRwtOCMiIiIiIiIiIiIjQuGjiIiIiIiIiIiIjAiFjyIiIiIiIiIiIjIiFD6KiIiIiIiIiIjIiFD4KCIiIiIiIiIiIiNC4aOIiIiIiIiIiIiMCIWPIiIiIiIiIiIiMiIUPoqIiIiIiIiIiMiIUPgoIiIiIiIiIiIiI0Lho4iIiIiIXBaTyYRhGFe7GSIiMoIMw8BkUowkQ6e7RkRERERELos9fgxnzp5TACkicp0yDIMzZ89hjx9ztZsi16DIq90AERERERG5tk10Ojhd18DRimoCgcDVbo6IiAwzk8mEPX4ME52Oq90UuQYpfBQRERERkcs20enQL6UiIiLSg6Zdi4iIiIiIiIiIyIhQ+CgiIiIiIiIiIiIjQuGjiIiIiIiIiIiIjAiFjyIiIiIiIiIiIjIiFD6KiIiIiIiIiIjIiFD4KCIiIiIiIiIiIiNC4aOIiIiIiIiIiIiMCIWPIiIiIiIiIiIiMiIUPoqIiIiIiIiIiMiIUPgoIiIiIiIiIiIiI0Lho4iIiIiIiIiIiIwIhY8iIiIiIiIiIiIyIhQ+ioiIiIiIiIiIyIhQ+CgiIiIiIiIiIiIjIvJqN0BERORKCgQh2P5vkEAwtD0IBDt9TPh1+8ft24IEgYjw6wgi2l90bAv9r8vrPrZHRITKiAhv79gmIiIiIiJy7VP4KCIi15VAEIxgECPYPWiEQFu6OAw6QslOCWVvBwyptA6hEDKiRyDZ5eP2baHw0qTQUkRERERERhmFjyIics0KAkYAWsNhYyhwHL6A8WoKjcQMdt3Q79EhEYApIqI9iDSFQ0kTEe0fi4iIiIiIXCkKH0VE5JpiBMEfCNIaCI1wvD6ixuETpGPkZ889IaaICEzQPlrSRFtI2bFdRERERERkOCh8FBGRUS8QDhz94VGOcnkCwSAB6GU0ZWhD2+jJiE7BpDkiArNGToqIiIiIyBApfBQRkVGrNQAtgSD+gALHK6lt9GTXcDL0whQOIc0KJEVEREREZBAUPoqIyKhjBMFnBGlR6DjqBIKhFcL9QG+BZJQp9LGIiIiIiAgofBQRkVHmohGkxdCzHK8lnQPJi0aQyIgIIk0KIkVEREREROGjiIiMEv5AkItGeLqvXNNag0FajY4gMiocRGp6toiIiIjIx4/CRxERuaoCwVBI5dMU66uubbXr4eYP0P7cTgWRIiIiIiIfLwofRUTkqmkxgrQYENAk66vKHBFBjDk0QlFERERERGQ4KXwUEZErrjUAFwNBWjXa8aozRURgi9IwRBERERERGRkKH0VE5IoJBKElEFpQRkYHq/lqt0BERERERK5nCh9FROSK8IUXlAloQZlRJTJCox5FRERERGTkKHwUEZER5QsEuyw4IiIiIiIiIh8fCh9FRGTYBYIdoaOhkY6jWmswSJRGP4qIiIiIyAhR+CijVpBQgBEIBgkEQ6+DQFuO0fY6IvyfKSL8cQSYiMAUEdomIldOa3iEoy8Q1PrV1wivgVa5FhERERGREaPwUUaFIKHQojUYxAiAEYTLiy5C7w2FkhGYw0GkOQLMEREKJUWGmaZWX7sCwSAeP8SYIxRCioiIiIjIsFP4KFeNEYTWQJDW8L8jEVkECU357LqwbhBzRASRptBCC5GmUEgpIkOjqdXXDyMYpKk12P7HmrZR5BGE/mgTpb/YiIiIiIjIJVL4KFdUMAj+YBBfIBQ4Xi1GMIhhQEs48ow0RRAZ0RFGikjvAsHQCOW26dWKHK8vbY+5gNCo8bjIUBgpIiIiIiJyqRQ+yhXRNh3TH7jc6dQjozUQpBXri6LIAAAgAElEQVSA0MifyAiINIWmaOsXb/m4a3skQtu/8vEQbUJf/0RERERE5LIpfJQR5Qtc/VGOQxUIBvEFwRcATdGWj6OuoxtH5x8MZORpqrWIXKuCweD/Z+++o+u67jvRf0+7Db2zgF3sRSTVLCkqdizHlm0pLrHlFDuOJ7HjlMnMezOe917eelnJJFkzzps3JWOn2HHsRBk7rnGPY9mWbMmSSImi2CmSYC8g0W45fe/9/jgACBDtArjl3IvvZy0QwLnnnrNxCdzyvb+9fwjDcPx7XddhGEYVRzQ3KSX6+vrQ3d2Npqamag+HiIiopBg+UskpdTN0rId14CZO0dYwYYq2zqpIqg8KgBitauT6jTRG4/0bEdWoIAjwyiuvIAxD6LqOIAiwceNG9PT0QIvpnZsQAseOHUMikWD4SEREdYer21FJ+VIhFyo4QtVlgKEQTR93hEIukMgFCnao4Mtbm9oQxZNU0e+wK6IGI9lAYcSXyIcSbp3+3dLC8D6NiGpVGIY4duwYgiCAZVnI5XLYv38/XNet9tBm5fs+hBDVHgYREVHJsfKRSkIowBUKQQ1Nry6FsU7aY1O0xzrFsjKS4kCom7+jYrSicWn9hdJiBELBNHknRkS1ybIsbNu2DV1dXbh8+TK++c1vIp/Po7+/HxcvXoRt2+jp6cGWLVtgWRauX7+Ovr4+aJoGy7KwdetWSClx8uRJ+L6PIAiwZcsWZLNZJBIJrFy5ElevXkVfXx927dqFVCqFEydOYNmyZWhsbMSJEydg2zY0TcPmzZvR0tKCGzduIJfLQdM09Pf3Y8eOHchms3jttdegaRqGh4erfbMRERGVBSsfadFcoZAP5JILHqcjlZpUGTniR9VlrlAIefNQmSgVNYXxRFSJmwsUhn2JXCBhhwqeUAgZPNI8eTL63SEiqmVKKQRBAF3XoWkaXNeFUgpCCBw/fhxXr15FGIY4ePAgBgcHAUTrLwLAuXPncOrUKSilxj8GBwdx7NgxCCHQ19eHgwcPYmhoCJ7n4dChQ7BtG6dPn8a5c+eglMLAwAAOHjyIIAhQKBTw/PPP4+LFiwiCAPl8Hi+99BIKhQKklJPWqSQiIqonrHykBVuq1Y7zoRCtoRcAgIjWjDRG14w0tKibNns6ULGkij6EUqOfow/GirQY1ixV2grR/TwA6BpgaRrXgiSiGV3pH8BwNj8e3lXK9k3rpmwLggDPPvssMpkMPM/DunXr0NjYiGQyiYaGBniehxdffBGDg4NYvnw5HMdBIpHAihUr0NnZiWQyCd/3Yds22tvbsWzZMjQ0NMBxHJw+fRqu6yKXy2H16tUYGhpCIpEAADQ0NOD555/Hxo0bsWvXLly6dAlPPfUUbr/9dqTTaQwNDeGOO+7AunXrcPHiRQwODuLxxx9HMpnE1atXp/35zl68goId7ynjRFT/dF1Ha3Mjlnd3VHsoVIMYPtKCRNV9UaUfFU8h6vwdTtiiIQohDQ0wdIxP3ebr+6VLTpguPRYySlYuUhk0WzrfACGikrjSPwApJTat641FZ+mxjtdSSnR2dmLLli0wDANHjx6FlBLNzc0wTRNKKZimiV27duHkyZM4dOgQWltbsXv3bqxZswY3btxAX18fTp8+jb1796K5uRlCCAwODiIMQ6xduxbXr1+HrutoaWkZX2OypaUFmqahoaEBSin4vg9N05BIJNDW1ja+X0NDA9LpNADANKd/aba2d3klbzoiomkJIXD1+iCu9A8wgKR547RrmrexRhUMHktDIeoy7Mloymw+kBjxJbLBzSnbgYwq3ai+iNHO8GN/U2PTpbOBHP+/j5oZMXik0ms0GTwSUekMZ/NY1tUei+ARiNZ8vP/++/HII4/g3nvvRVtbGxzHwaFDh9DS0oLVq1ePh34A0Nvbi7vvvhvd3d04dOgQRkZG0NjYiPvuuw8bNmzA1atXcfbsWWQyGTQ0NODChQuwLAs9PT3I5XK4ePEili1bNt6tOpfLQSkFx3Gg6/p4ZeREyWQSjuMgCAIIIcY/ExHFkWEYWNbVjuFsvtpDoRrEykeal7HOzlR+cnRqbTC+JaqS1Eenauta9O5B9HW0jTlCPChE6zBKRJUXUkXbxj6PVTISVUtC12Dy7UciKiEpZWyCRwDQNA2maU4ak67rSKVSOH/+PEZGRgAAuVwOnufhxIkT8H0fnuehqakJlmXh/PnzuH79OgzDGA8dTdNET08PDhw4gDvuuANNTU2QUuLy5cvYuXMnLMvC5s2bcfbsWTiOg8HBQaxZswaZTAa+708aY3d3NwzDwHPPPYfGxkbouj4+LiKiODIMo+JLa1B9YPhIRSuEXN+x2qLgKpqOO/USQMOEYHL0w0C0RpsOcK22RZouVJSTto0FjPw7oXhjxSMR1TPLsrBz505kMplJ2zOZDPbu3Yv+/n5omoYtW7ZAKQVN02AYBoQQMAwDe/fuRUtLCwqFwvj07fXr12Pt2rXQNA3r169HoVDA2rVrYZomtm7diqGhIbS1tUHTNGzYsAFhGMJ1XbS2tmLz5s2wLGv8/GPjam5uxp49e3DlypXxqd/JZLIaNxkREVFZaUqx/IbmxuCxdikpIUe7OuqjT64NXYeha6OVlJjweTSo1KLrTZz+YxgGLMuCrtd+udRYiDj2G61GA8OJ2ycHjVxzkepLQteQMZlAEtWKa9euoaenp9rDmNWRk33TNn6Jm7FO14ZhQLvlXdmJz3nGSCkhhIBpmlP2X+h5FrIfEVFc1ML9fS08bi41rHykOeWCaM05qi2B7yMIfET/dQpRxHjzs64bURBpGICmQdf1qJpPCoRBCCEENETTljQoaBCA5iFpJZBIJKCPlk5F+4wGl6MbJj51vvVp9MTn1RMvm/QbpiZ/P+Xr8YAwuuTWwBDAlCAx2q80AeJYoDsfuq5B02o/uKX6INTNewMioqVkbDr2dKabNq7r+oLeeJ3tPAvZj4iIqJbxkY5mNeJLVnvVGCklXMeGnFKpqiZ9FkLMuah5FPRNvl4gPGiej2QyCdOypjl+bYqCVzkaLEpAjVZAjFaBTr09588wDCSSyVitiUVLk1AK+QBosuovfhQKMOrvxyIiIiIiqlkMH2lGDB5rz1jwOLZ+EaBw4uhpDFwfxI3rQwCAVWtXYNWaFejs6sDkwFCb9P2Jo6fx7NP7cOHsZdy4Pog9d+3A/Q/dhc3bNgBQ8DwPQRggmUzV9FRsIQQ810W0AsXMt8fY7TnT5cV8L6WA69jQdQOmZcE0DGg1fNtRbRsLIC0dMOpgqp+Egi8AUwcMpo9ERERERLHB8JGmlQ24vl2tUVLCsW1AKRQKDp767o/xL99+BnbBmXb/TEMam7dtwKo1K7F5+4bxqOzi2cv4ydP7cOHspUn7P/ujfXj2R/uw564deO/7H0dXdztEKGCHBViJaCp2raxVFK3fFCIIAkgRdWvTtKjIc3xyuqYwcWa1pim4ArBDICeAQCmEEtGHAgTU+NehjPZvMoEmE2gwgSZTocGIji+EgJQCnoqmc5mWCcuqnduP6keoFEIB1Hrl8kRKakixuJiIiIiIKDYYPtIUuUDNez07qr4gDAEoPPv0fnz+c1+bMXQcYxccHNh3GAf2HQa+VPx5Duw7jBNHT+ORRx/EY+9+EwANYeBDhAESyVQs1i0am0ItpYimT49+BkanVquba1+OVTQGUkO/p9DvAQO+Qj7UkBcKhRDIh0BBAIFc3LiWpYA9LRp2twIZQxsNOBUC30cYBLASCVhWYtE/P9FSJpSCUBqnXhPVhBAjZ4/hmSODGPSjLUYigzXbN+K+ta3g+whERET1ofopAcVKns1latJYgHW+71JRweNi2QUH//TFf8azP9qHD/7mE9i8bQOUUnAdp2pVkEpK+EEAEYaQspiUMPo93zeksG9Yod9TmLysY+n/Dq66wHdchWcHgY0NCr1pDavSCt3J6P/Qcz2EYVjzU9mJqi2QilOviWIvi9deOILnLvuTtgrfxpkDB3Hl2gY8ek8vGqs0OiIiIiodho80rhAqhAwea5IIQ9y4PoCP/9Enyx48TnTj+iA+/oefwJ67duCJDzyOzq52hIEPKQSSqcoEaEophGGAwPdHKxond9S+1UgAXHCA87bCWRu44pZ9iFNkA+ClYeCl4Wi8m5uAu1o1bG4CpBBw7AKsRBKJBKsgiRYikODUa6KYc069hhcu+wBMdG3ZgNdvWoY0bFw8eQw/Pp6Hc7kPz5xqx6O3Zao9VCIiIlokho8EAHCEQlCCbr5UHWEYzrq+Y7mNTcV+7N0/hze+5QEIIeDYNhKJBKwSB2hjU6qFEJBCIAxDADfXbHQEMOADgwEw4ClkwyhwHPvsLXLqdDmcyAEncgpbm4A3dGnoSQKB7yEcbejD7thE8yOUQig1mCwgJoqpYbx6Jg8BoGXjTjy6tXl0ewa9W+/A28UL+PJrLq6fOYfB27aivZpDJSIiokVj+EjwhIInGDzWslw2h+ee3l/VMdgFB5//7NdwYN9h/Pb//qvINGTg+x6EFEgmUwuahi2EGA8Zo+9DTGgJg4lrNl52Newbktg/VMIfqsKO5aKKzJ/t1nBXmwYlZTSV3bJg1VBDH6I4CJSCCf7NEMXTAAYKAJDB+vHg8abGre1of+0yBgs2LgIMH4mIiGocawKWuEBGVY9Uu3zfw09+tK9qVY+3OnH0FD72O3+M40dOQSkgDEI4dqHIdRhvGque9L1oHcQwDKFUVPk48fOpvMKXLil88kxtB49jCgL4+hWFL12SGPSjn9P3fTi2DTEawhLR3MIYVjkT0a10TNtVxtDZbIaIiKiOsPJxCZOKwWOtU0ohCAK8sv9wtYcyiV1w8PE//AQeefRBPPGBx6GUgmMXkEgmi+7mLISIapZGC5cCGa2VmBXAZQe47CpcdoAb/mxHqV0HR4BztsLDXRruaAWUknBtG4ZlIplIQmNDGqJZses1EREREVE8MHxcwlyhINlgpmZJKeG6Dgo5GyeOnq72cKb1L99+BsePnsavfeS9WLV2ZdTNOQhgJZIwzdnvfkzTxD9fdHGyEIWOubBCg46R4QD42mWF03ngoU4N3cmokjQMQliWhUQyyanYRLMQSsHg3whRbORPH8C3D2XhjD/9zOPAV5/GgZmvEV2umejduRM/u2HqFG0iIiKKP5bOLFGeUPDZYKYmhUEA17Hh2AUoKfH97zxT7SHN6sLZS/j4H30Szz29D5oWhaae68AuzD4V++VBgR/eAC45SzN4nOhQFvibcwrPDwESUXOdMAzgOs54h28imorF/URxch7PHZkYPM6DCnHxyGkcL/mYiIiIqBJY+bgECRVVPVJt8X0Pge9jYtZ04/ogvv+dH1dvUEWyCw7+5pOfx4H9h/HBjzyBTEMaSkk4dgHpTAP0aaYQD8SxLXUV2QL49lWFfUPA7c0a7u8ADCXg2AWk0mnoOlfHIrqVkJh+PTkiqoIAoQCARux5xx3YVfT1TuPbX72I60KiTldaISIiqnusfFyCXKHA6LF2KCnh2PZ48Khp0cdPn9mHP/wP/yU2jWaKcWDfYfyH3/1jfOPL34NjO1AK8D132n3XNPDuaTrXPeD71xWevKAwFGB0PU1n3g19iJYCwcpgoiXFu3oGp87l4N3an82+gVNnLiJr33qFHC6cOYPrWW/yduEhe+4MTl2deqxYnoOIiCjm+Op+iXGFQsDp1jVDKQXXdSCEgFJRpePnP/tP+Nhv/zE+/YnP11TwOMYuOPinL/4zPvY7f4wD+w4jDKOu1o5jwy7kkc/lkM/l0Gu4eH1ntUcbX6cKwJMXFM4WxgJIG2EQVHtYRLGiwKnXREvG8x/H1gffhjc9cg92//krN7eLF/Anux/Em978Juy+77/h5fELLuIff/0ePPTmt+GeO/81vn795lUufPkj2P3I2/CmB+/Bb37jRszPQUREFH+cdr2ECBWt9Ui1w/c8SCnh2KPTlvfFq6v1YtgFB5/5i8+js/s3sXrtyvHtE3tDvKFbQ2sC+Opl/t5Op98Dnryo8NhyDTubFbzRKlLTsqo8MqL4YNMZovjLn3wJ3ziahw8Ty7ftxJs2zb+xTHboZrLnTSwyLGTRP/a1PXHidg7XL9z8zp1QZZgdunTzm0nb43gOIiKi+DP+4A/+4A+qPQiqDFcoVoDUkLGqxxNHz+BP/u//jgtnL1d7SCUXBCGOHDyBN77lQQCAJkKYBQe6H8DK20hks1hnD2ODLGCfbKzyaG9SQkCKEEoEUCIEpISSAkpKQAM0rXJF5aECjmSBpK5hVVohDAU0TYNhcKE7IgDQocHSGT5SbSsUCmhsjM/j4HSuDwyju6Ntlj2G8NrxLGwksHzrCvSMbz+PHz3bjxEJABL5QRupzcvROef1Jkt2dqFdeEiuvR+//u63YXv3aI1FshvdHQKu1YsHfv29eHxb12j1RTPae5oB0YDb3/1ePH7/GrSMPny3tC9DixTI7HwXfunx+7G2Oc7nICKqrLnv76uvFh43lxpNsVXqkhBIhULI/+paEoYhXjt2Ch//o0/W5PTq+fjDJ96I29etnnWf78tGfDk1+z7lpJSC8BwoIaBbCRiJ5Bz7S0ApaBVsBPMzHcDP9WhQCrAsC8lUqmLnJoorU9PQaDF8pNp27do19PTMFLvFw5GTfdi+ad0se4w2jpnScOY8vvf1PlwZq/4zmnHPY3uwZc7rERFRNcx9f199tfC4udRwzcclYsqC1RR7Ugp8/nP/VPfBIwC8+NoFyDneB3mjnsdup3/WfcpBKYXAySN08tANE1ZD05zBIxBVP44HjxV6j+cnA8BXLkXnCoIAnjt9Mx+ipYStmIjibjXu29KIhAZAM7F8y4YJwSMRERHVA1brLwGeUAhZ4FpzbvQP4sTR09UeRkWcvHwDYRgiMcdahT+jhvEKuis0KkD4HoTnwkgmYSQWUUVYwfXmDowABaHwK6s1BKMNaBLJJDSueUdLVPTGBn//ieKscdMdeN+mao+CiIiIyoWVj3VOKsBj2UdNeumFV6s9hIpx/BChnLs8d7sZYrM3UPbxKKUQFHIQgQersWlxwWMVnMwDf9Gn4EmFIAjg2Da4wgYtZZK//kREREREVcPwsc75Us05nZXiyXW8uXeqExcGRiBEcSn5neFwWcciRQhvZAi6aSHR0FzR5jGldMkBPnEGGA4BKSVcx2EASUsWw0ciIiIiourhtOs6JlXU4Zpqk5RLqWS1+N/Te7QCfhjkcNlqKvkopAgR5EdgZRqLWtcx7oYC4M9PK/zaGg0rUgKObSOdyXAKNi05Epx6TVR9FkwDgMjjwFefxoH5Xt3QkSjDqIiIiKj8arOkh4ris9SjprV3tlZ7CIsipUAY+ghFEHV+nsWKtuKDRMs0sdrPLnZ4U0gRIihkYWWKayhTKnPdNovly2gK9ulCFGjbhcISC7aJWPlIFA+rcd/2ZqQX8j6AZqJ3OxvREBER1SpWPtYpVj3Wvp27t0FKAX2sY3INESKEqSvceVsvbmTzuDAwAj/wYZrTNz5JW/P7GdcrG8+XarAYCx5zsDJN0M3Zm96UWqWmdX/2vMK7VwK7mgHHLiCdydTk7xbRQjB8JIqHxg178J4N1R4FERERVRrDxzrlCgWTUytrWu/KHnR0tmFosPRVfuWklMK6rmb83mMPYXl7G0zdwIht44vPHsDXXzwMw7RgGtaE/SXWL2tHco5O1xNth13SMQeFHMxUuuLBY6V96RLgCeDedg2B4yKdSTOApCWB4SMRERERUfUwfKxTGZPBYz14/OffgL/9m6+iltYqa06Z+L3HHsK6ZcugjwbgXS0t+OijD+OB7bfhr777LE5dvQFdN6AAJAwNb9m7BYl5hI9NuoZeP4uLieZFjzf0HCgla66j9UJ946pCoIC3LNMA30E6k4FhMICk0hjL+Cb2NlITP6uJ29Sk1V6Vmrz//I+HaY4XnYNvxhERERERVQ/DR6IYe/StD+NvPvXlmqpOe+sdm7Gyo2M8eJxo55pe/LffeA+eO3oKT716AkopvPPeXVjd1TWvc1imidv8odKEj64NM5le9HFqyXevKQRK4rHlOmzbRiqVgjWP8Jeqo1zBHtRs4d1sYaCacjkREREREdGtGD4SxVhzcyPued0u7HvxSLWHUhQpBW5fuxKpxMz9KHVNw89s34j7tt2GMAxhGDqMBYSrK6W7mKECAJQUkEEAo6lt0ceqNU/1KwRS4p0rNDiOAwBLOoCcLdgb/1pNjtvmDAMnXWe24003BgZ7RERERERUHxg+EsXcjp2baiZ8XNnRjN7O9qL21TVtXlOtb7UG3oKvO0YGAYxkCppemaYvcfPMDYVAAk+s0uG6UZhbjgByfkFc6YK9aa+DaF3SW7cRERERERFReTB8JIq5Bx68E5/59FdQC+s+rulsg2lWZop4ly6RliEcfeF3YyLwYFgzV2kuBT8dVHClwBO9Oty8jWQqBSuRmLkqb8I3s62zd+t2IiIiIiIiWpoYPhLF3IoVPZBS1sS6j53NDbCMytytGLqOZUEefcnWBR8jqnxcWus9TufAMOBJiSdWavAdF2YgkEwtjQY8REREREREVF5Lc64hUY3ZuXNztYdQtEp1TrZME8vC/IKvr6SEFCF0dnoGABzNAn93QUEphSDw4bmLX1OTiIiWDl3XIYSo9jCIiKiMhBDQl+iSVbQ4/K0hqgFSymoPoSgnL99AGIYVO1+XXPi6j1JE49RqoKK0Ul7LA585B0ilIQgCBpBERFS01uZGXL0+yACSiKhOCSFw9fogWpsbqz0UqkGcdk20APNrhqGmXn7LmnkTt0+3zl7X8i4cO3ZmscMuu4sDWWQdB50V6prcsYjwEVIu2UYzs+mzgU+dU3j/Kg2ADwCcgk1ERHNa3t2BK/0DONl3sWbeNCUiouLpuo7W5kYs7+6o9lCoBjF8pNhZTGdc4GYgOG2zjGnCwqnHnO461W2g0d7ZVqUzz4/tB/j8T17Bbz/6YEXO16MtvLpCKQloDB+nc9EBPn1O4ZdXaWhBACklUuk0NC3+TY+IiKh6lnd38EUpERERTcHwcYkpNti7+UkVHewVf8zpu+OyM+7MVA3dOP9y8BR2rFqGh3duKvu5OuFDw8JCYaUUw7RZXPOAvz2v8Iu9QFcyhGPbSGcyvM2IiIiIiIhoXhg+1oF8MM203rGvY1C1R3ETNRSRcrRqUNOg6wZMwypZsPSX33sBG5d3YWWZKzYtw0Rb6GDQnH/Hak3To+pHmtGAD3z2PPC+VRpWpiQDSCIiIiIiIpo3ho81zpcKYS2VxVHVCSHwlr2bcedtq9CSyaB/OIcfHX4Nz588B8tKQi+qAYuClGrGTme2H+DLz7+K333bQ6Ud/C00TUObcBcUPuqmBSUEFNd+nFU2BD53XuGJXg3rMgJhGMKq0JqeREREREREVPsYPtY4jw0Fl4RSFprds7EXv/LwXWhtbAIAbFsNPLxrCw6du4g//dL3MOIEMI2Zw6Uw9CHEzY7WmqbDMEwYxuS7k/PXh+AHARLzDKqkUgjDsKjrWWZU+QjMv8JSN01oug4Z+jASbKgyG0cAf39e4T29GrbqPsNHIiIiIiIiKhrDxxonWPW4JJRymuudt61Gc0PjlO071/Tik7/5BP7ki9/Fq2evwjSt0crG6NxSCoRhgJ1revBLD96B1V3tOHd9CK/0XcI/HziG4YIDw7CgaToABT/wEIjiQsSJPN+HMY9KxLbQndfxJ9JNCzIMYSQWfIglI1DAkxcUPrJOYF0iYABJtYUrBRARERERVQ3DxxrmSwaPNH+OH0CfIcxsyWTwnz7wTnzlpy/ji88ewFDeGb8slbDw8/fuwjvv3YWWxibomoa2pmbsXr8Gv/L6e/DV51/Bd146iksDI2hrTOOJB/YgYc4/oArCEEai+DSwU/nzPscYM5WGn8/BTGdGQ1Oay/4hoDfjMXykmsK/biIiIiKi6mH4WMN8TrleOkpY+Xh1KDvnPu+8dy/edudOnOsfwMWBIUgpsXtdL9KpJDLJqVOUDd3Au++7A+943W64vo8gDJFKJGGZ87+L8cMAqXmEj80qnHunGRiJFHTDhnAdmOmGBR9nKdk/DNzZJln9SDWFPZKIiIiIiKqH4WMNY6OZpSOTKc2ahGHoY+Oy9qL2TVgWNq5cho0rlxV9fEM30JCaf/OXMUopBGEIcx6hZQaLS+GNVBqhU2D4OA/7h4CVaQ+mabLzNdUEVj4SEREREVUPn4/XKE65XlpWr+td1PWVUggCF3dtWIm9G1aXaFSl53geEqY147Tw6TRri/tbMJNp6KaFwM4v6jhLyf5h4JIj4boOFN8EoRrAjJyIiIiIqHoYPtaoQFZ7BFRJt+/dASkXXuFnQOBdr9uF33nrg2hrbi7hyErL9T2kknNPuRZSwA8COJ4HK3Dm3H8uicYWAIBfmHtKOkX2DwEiDOE6i7/9icpNY8cZIiIiIqKq4bTrGhVWofLR0jVYOpDQa/tFnFJR5agnAVlDVVubtq7HqRPn5n09IUJ87F0P4/Z1qxY1JbrchBDwwxCtTVE4GgWMIUIhIKTAjXQzhswkBhMNGNaTGDaSGIaFYaFjkTOvAQBWphGha8PPj4yHkTSz/cPAhgZge3MIIQQMw6j2kIhmVOMPW0RERERENY3hYw3ypUKlIzNL19Bg1serN00DkoaGpAE4IeDVyBT2B3/2Ppw8dga6Pr+QZ/f6FdixemWsg0cAyDlO1GimtQVBJo2v5ZMY1BMYViaGhY7hYHRHhShsLEPDJTOVgfA9+IUczGQK+gK6dS8lX7gE/KKuYbvhIZ3JVHs4RDOqj0cvIiIiIqLaxGnXNSis8JRrQ6uf4PFWSaN2fq43vfX1aG1vBuYZPa/pbJtX9+hqEJYF83V3IvnmR+Dt3AZndS+uJBrxipPAWXdC8FgBRiKJRKYRwnO5DmQRnh9UCMOo+pEorl/yGH4AACAASURBVFj5SERERERUPQwfa1Cl13usoXxu3nQN82puUm0f+I0nEITzT+ISVrwr+MTG9TBaW8e/dwKBS9VcSlDTYDU0QTct+PkRCN+r4mDi7UwBeHkECIMKJsRE81A79/BERERERPWJ4WONCaRCpSdd13vFSC39ePc/dA/e8Z5HEYQ+iq2AlDLe3YlETzdEe9ukbZcLIbJhlQY0gZFIItHYDBkG8PNZqJjfltXy/CBQ8PzY/67R0lRLbzAREREREdUjho81ptJTrgFA1MaSiAtWS01nAOCXP/QevOmtD8H3PSg1+y+EUgor2poqNLL5U6YJf8PayduUwmUnTv8nGqxMI8xkCoGdQ+jGuLtzlX6Xr3nA84MagsCvyvmJZsPokYiIiIiouhg+1pigCtlCIBW8Ok0ggyo07ymFD//uB/G//f5vwTA1BIELIaaWCUopYBgS63raqzDC4vjbNgP65LshKSXOFOL3v6JbCSQaW6BpGoJCFsJzqz2kqTQNwvcQOoWKn3r/sELeDaBqLMyn+sfCRyIiIiKi6mL4WEOEql6VniMUghrpCl0sVygUwtr9me5/6B781ZP/H375Q+9BS1sjPM9GELgIAhee78C0dPy7/+f3sH7rpmoPdVr+lo2QzVOrMkUY4oxdhQEVyUimYDU0QymFoJCLXQhpJJJQSsEZvAZZwUrE4QA4lFUQYQzmyxNNwCc6RERERETVpSmWqdQMTyg4Va5A1DVtygu5a67EyowOS9dqpjmNGv1H4ebKiVIpBBLwazRkPXWyD4cOHEEhb2Pnnm24fe+O6AIpkTpwCJoTn+nC/sYNED1d017WN1jA/zhVO52TZeDDt/NItcSrwtTLDkH4HgwrgWRzW0XKv9ZmgA+t1dHQ2Fj2cxEVK2VoSNXKgxPRDK5du4aenp5qD4OIiKgm8HEzfsxqD4CKF4eZz1IpTFxlMGVo2NBkVG08C6WN/jPx5aihabB0IKk05CrdUrwEbtu0DrdtWjf1Al2Hu3cXEsdfgzEwWPmB3cLfshGis2PGy8/ka++2jyMr0wQZBhCBD3vgGqx0A6yG8q7/edYGTuUVdqQFDKP27heoPjF3JCIiIiKqLs5GqiFxCB8n0jUNiTpshW1oQINZZ38amgZ/6yaEvSuqNgSVSsG7fceswaMQIc7FcL3Huei6ARkG1R7GJLppwsrcDBsDp4DQK3/166sjCr7vlf08RMUyuOgjEREREVFV1VnCUr+kAkTMZsibGlCH2SMAwNKjcLXeBGtXw9+6CSphVfS84bIeuHtvh2yafTpuGIQ4G5/Z4UXRrQQSTS2QIoRv5yq6zuJczFQaRiI1/r2fGyn7OQ9lget2CClZwUrVp6F+H6eIiIiIiGoFw8caEcYseATq/wVdvf5xiI52uHfuQbiy/FWQKpGAv30LgtvWFfULc80Oka/RfiVmMo1EpikKIGNUBWmlM5O+D+x8Wc8XKuDVESAM4nMb0NLFqkciIiIiouqr13yl7sRtyjUQVWPWs7qu29J1BOtWw71zN8IVy0rejEQ2ZOBvvg3u3Xsh2lqLvt5Zu3Z/qdRopV+ioRl+bhiIyRsGupWAmUqPfx+Fj+Ud26EcEMQogKWli+s9EhERERFVHxvO1IgwhklYIKMAsh4rIAOpIGMSHpWTSqUQrF+LYM0qmNcHYFzrh55bWGWcsiyIrk6Iro45p1fP5IJnAKix0kelEHoudMOApiegmxbMdAPckUGkWmde37KSzFQDQs8dD0T9fBaJxpYp+4WuDTOVmbJ9vq57wCtDEncnAlhWZaf4E01Uj49PRERERES1huFjDYjjeo8AoKDgCCBjaKUunKsqTyg4cSw1LSfDQLisG+GybkBIGNkstHwBum1Dc73oY3QarTIMqGQCKpmESqcgGzKQTU1QmfQcJ5nbsF9bt7sSAr6dgzc8gOZVG8a3m6kMlJRwhwdiEUDqpgkrlUHgFAAAoevASjdCm9CROijkoJlzPyQUG1AeygJ72xk+UnUZTB+JiIiIiKqO4WMNqHYOFi3Yr2G6l3BKAWfyAiszOixdi/0UNzX6j5r4/ehnpRQCCfj1Pp98LoYeTZWex3TpUlmeMXA6Jyp+3oWQgY/+Qy+ga8fdSE4IHsdYmaj60x0ZRKqlvdLDm8JMR9WPSka3r58fQXJ0XML3EDgFpNu7Zz2GnxtGoqm434uTeeBcPsSmlISuc4UPqo64PyYRERERES0FDB9rQDWbzSQNDSl99srGRsuY+cKY0QC4UsGtdqJL03rnmhSGPIkjw/Geei18F6HroPv2e6EbM9+NWplGwM7Dyw4h0dQKrYolwpquw0xnEBRyAAAR+JCBD91KQAY+jEQS2iwhoZcbgplqmNc5j+aAdS0+ksnU3DsTldhMb5oREREREVFlMXysAaJK6z2amoZ0HZaNpEZ/JgaQ8fShTRn83WkHBwbi2bAkdG0oKZFsbitqfyvTCOG7CPIjMJJpGIlkmUc4y1hSGQjPgQyjcNfPjyDV1gVoGoxZAkI/PwJN02FYiXmd73AWeL0bMHykqqjDhy+imqNiuGwQERHNTzULKKh+cC5czClUr/IxZdbvnYzJdcBi7Vc2pLG3I35rBQZ2DppujE+pLpaRSMFqaI5CSHthDX1KQtMmVS9KISA8F2YqPWOw6BeyEIGPREPzvE83HACHcwpBEM8gmeobw0eiylJKMWwkIqpzvK+nhWLlY8xVq+oRqO8XbvX8s9WLd61NoS8vMOTFo9W7nxuB1dAITV/YMgOariPR2ALhufDzIzCs5KzVhuViptIQngMR+AAALz+MTMeyafcN7DxCx0aypQ0L7Sp1JAvc2e6z8QxVHO/niSpHKQVN08ZflN76wpQvVImIas9YxePYffjY92P396yIpPlg+Bhz1VzvUakF5w2xx+fA8Zc2NLxvXQqfOG5XdRxKSgjfRaKppSTHM5IpGMkU/NwwpAjnXUVZCmY6Mx4+QgGhU4CZnryeY+jaCOw8Eo3NMKyFTxU/mQfO5wU2svEMVZhRrw9gRDEz9qJUSonjV/L49DMX8GLfCLwgHm8eEhHR4iUtHXeva8GHHlyFLcsbGUDSvPGVYMyFVXzeFtRx1+dqhrpUvNuaTdzVWdqKucSFPiQu9MHqv1LU/kpKmKlMSccAAImmVsjQR+AUSn7suRiJ1KSqS7+QG++CDUQNdfx8FlZDU0l+9sNZIPD9RR+HqFgaAK6uQVR+Y8GjUgrHL+fx4c8exo9PDjF4JCKqM14g8eOTQ/jwZw/j+OX8pPt/omKw8jHmqvnUzREKyTqdt+aKufeheNjRZmHfjYWtGah7LpKnjiL52jGkTh2dcrlMpuCvWg9v41Z4t22DnGYatG6W727SyjTByw5BN615N3NZ9LlTGQjPHf8+dAqwRtd1FL6HZFNryaaFH8kBP+sHSKbYeIYqQ+e78ERlN1bxIqWEUgp//fR5ho5ERHXOCyT++unz+LMntgIAdF1nBSQVheFjzMkqv5Mw7EukDA2WrtX8+llCRdWc7HJdW3a2mdjQZOB0rvjE2BgZQuNPf4D04Zdn3U/3XKROHUXq1FHI5Ldg33E/7DvumzaELAfdtGBlGhEUctBb2iv6oK1bCZipDEI3mtYeODaMRAq6lUCisTRTzMcMB8ChEYXXpQOu/UgVYXJeB1FFjK3vKITA/rPZag+HiIgqYP/ZLIQQMAyDlY9UNIaPMRaXWc+uYGBH1fVrmzL4s8OFOZvP6J6Lph9+a87QcabrNj73FDIvPYvcG94KZ/vehQ53XsxUBqHnQLgOzHTpp3fPeu50dO6xRVAD10ayTBWYR3LAnR0MH6kyTL77TlR2E6sehRDwqrlWEBERVYwXSgghxqseua47FYO/JTHGvI8okjY0/NrGNFKzlN+mj7yMzr/6+IKCx4l0z0XLd76M9i98quh1IedDBj7c4RuQIhzfZlhJiMAr+bnmohsmrAmBp/DcSVOxS+lkHjiXDyAlX5xS+bHykai8Jla6KKV4305EtMSMvfk0hhWQNBc+PY+xak+5JoqTlRkDv7YxPWW77rlo/8Kn0PKdL0MvYXCWuNCHjs/9ORqf+0HJjhu6DtyRQeimBd24WXhuJJIQvgclKr8YqZlqgKYb498Hbvka4BzNahBhOPeORItgahpY90hUfhObDTB8JCJaWiaGjwweqRgMH2OMT+OIJltheni48+b3jc/9AJ1/9XEkLvSV7ZyNzz2FjhJUQYaODT8/AiORnLKmYhRGGhBh5TtCa7o+qfpRBgHCMnXgPpwDPJZ0U5mx6pGossbWfSQioqWD9/00X3yKHmNxWfORKA58z4MUAvc3uOjd9wN0/48/QuNzT5W02nEmRv8V9HzxU9hy7LkFXT90bfh2FlamEcnmtmn30RNJyKDy4SMAmOkG6ObNtRgD14aSpa/CHA6Ao1m+rULlxfUeiSqHVS9EREsT7/9pvthwJsZYIER0UxAEOPPyUfzwM19GaLsVf+ckdFwMf+tb2HauD8df/66iO2KHngMASLf3zNrN2ko3wMsOQXgujAp1257ITGXg50cAAEoIhI4Nq6Gp5OcZDkp+SKJxuqax8pGIiIiIKGb4FD3GuOYjUUQKgevnLuG7//NJeHb5Kx1nM3j4KHq/9CkYI0NF7W8m0zBTmVmDRwDQdAOp1k4EbgGha5diqPNiptIwJnS6DpwClCj9+oytCT7sUPnM0pOKiIiIiIiqhK8CY4q5I9FNSins+6enqj2Mcf6VK+j+uz8vOoAslgwDpFo6IDwXgZ0v6bGLYaYbJn0v/NJ34G5JGnPvRLRADB+JiIiIiOKH4WNMVb7nLVF8CSFw+WT5msoshHJd9H7zyZKtOekXsgjsPJQUSDS1Qvju+JTtSjESyUlrP5YjfOxI8mGHysfUmT4SEREREcUNXwXGFKdcE93Uf+5y1adbT8e7cgXbjj2LxeQdMgxg37gKTdOQaGyGphtRB+pME4JCHkpU9q0IM5ke/1oEfkkbz6xt1NGZ4sMOlYehaTCZPRIRERERxQ5fBcYUm80Q3eTmKz8FuVi5557Dry4PsKVl/v27QtdG4BSQau2AlWmCpt+ckmwkkjCTqYpPvzaSKWDC+pQlq34UIR7o5EMOlQ+nXBMRERERxRNfCcaUZPhIBCBa7/Fa38VqD2NGnu3CO3IEv7E5g8dXF9mlWil42UFohoFkU+ukqc4TmakMhO9CBn4JRzw7TdcnT70uwbRy7+I5XPn0f0fu8IFFH4toJuxyTUREREQUT3yqHlOsfCSKBL6P3MBwtYcxq4vHTgMAHlqWwEe3Nsy6rwx8iMBHsrkdhpWcdV/NMGAkUgj9yk45nxg+ygVOu/avXUZu/7Pof/KvcfkT/wneudM4dOB4qYZINImGaNo1ERFRXNy5rhVv2NqJTILN9oiI5j9PkCpCB6DzhRQtcVJKCN+LXbOZW+UHhmCO/r1uaTbxkc0N+IsThWn31a3EvI5tpjNwhweQyDRNmg5dTrox4aGhyPVn/SsX4Z3vg3uhD96FPgTXr908nm7ANBO4cPYSNCFgmHzoodLjtGsiIirW7z+2EW/f04Njl/P46GcPwfZLu8b2o7u68e/fugHphIGvvXQVf/rNUyU9PhFRreErwBhSAKBFlRwaorxh8tfaNNuI6k8+72Dg1FncOH+l2kOZ1cCFK2i0bv4V3tVp4uyIhu9eXXwJ81gVoggDGPMMLhdKM26+Q2+mMtPu41+5CPfsKXgXzkZh48D1KfvougHDsKDrUZH92TMX0WBpMNkVhIiIiKpMA9DVlMC2lU3Y31faWTa2L1DwBJQChu2gpMcmIqpFDB/jSAHhrIs+znzZpGCSASbVMMdxIITA95/8ZrWHMif3lk7cQghsmD6zqwnCdca/Hut+7V+5CPfMyaiy8XwfwuHBSdfRNA2apkPXdWiaMR443iqbzaO9vbV8gyciIiIqkW0rGrG2M4OzN2wcvTy1CeC2FY3obU/jlfNZ9GdvNun70fEB/Oj4QCWHSkQUawwfY2gxtVIK6uYsyVkPxACT4svzPARBgP3few79Ma96HOMWHKQaoqBO13V8/UrtLtwaeg6C/isILp1Hvr8f7oU+iOzUigBdN6AbBgzdQLF//dlsgeEjERERxdqO3ib82zevx/aVTdAQvXI6cimH//LdMzh8MYd1XRl87K0bsGdNCzQAfijRn/PR1ZTA5569iNdv7cBt3Q2wfYG/f+4SPvX0+fGp3q9eyKK9wUJve/S88cXTw/jYPx4r+dRvIqI4YfgYQ9WOLBhgUjVJKeG6Lg79+GU8VQNVj2PGgkcAGPCBC84sO8dY/thBXPn8pyALeZhmAroeTcG+WdV48/NCZLNTqwaIiIiI4uTDD6/B9pVNGLEDvHI+i92rm7FjZRN+8w1r8FufO4z339+L3atb4PgCr5zP4rbuDHrbUnADibwbou+6g5VtKWQSBvasaR4/rgbg9lXNEFLBDyWSpo6dq5rw6O3d+NK+2njDnYhoIdjtOoaqHT6WgoKCVApCKYRSIZAKvlTwhIIrFByhYIcKhVAiH0jkAolsIDHiSwz70eesr5ANFHKBQj5UKITRdZzRY3giOmYggVBFHcKlqo/bbykLwxD9F67iB/9QO8GjvKUpSyGs3d/Cwae+CVnIQ9N0WFYSppVEIpFGIpGCaSZgGOaCg0cAECHf1SciIqL4emBTOzYta4CUCt862I9//4Vj+NbBfgipcFt3A955xzLsWtUMXQMOnBvB7z15BN94pR+BiF7/jNgh/q8vHcfVYW/a41/Levg3/3AUf/DVk8g6ISxDR0djZdb1JiKqFlY+xlCRzWXrmkIUYGIRFZhRJaU2XlU5bROf8W2swIwLpRS+8l//bso6inGWTCcnfb+20Zhhz4XRdB2QsqTHnI5/9RKCi+dhWSmYpgXTLP0TYcMo7W1DREREVEpNKRNJS4dUgBtEz78GCwFCqZC0dCxvTSFlRW/EDuTn30zG9gSePz2EO9e1wgsl0gk+NyKi+sfwMZaYPpaCQhRkTdow695TMcCsvPPHzmDkxlC1hzEvPWtWTNm2pkHHuUJpAkPNMCClQLmfmuZffn58mvXYZyIiIiK6ydD5DJ+IaL4YPsYQo8f4KEeAOTGUZIA5Da32fuJl63qnbHukR8d//sRXYHV0werogtnZDbN5/o1WZOADSkE3yn93XTh6EMDY+o7lCR8bm2q4DTgRERHVvZwbwgui9RjHKhzbGyyYugYvkBhxAoQieoO5o9ECADCPJCKaHcPHGOK06/pSzgBz7GugfgJMVYN/ABt2bJyyzT95BCPPfG/SNquzG1bXMlhdPbA6uucMJYNCDkpKpFo7yzLuiQqHDyAcvAGgfFOjW1qasH79qrIcm4iIiGi+Ohot/NkTW8e/D4TCP/z0Es4NONi9uhlv3tmF7uYk9q5phqFrOHPdxmd/chG7VzdjeWsKd61rxT/+1h3obk7AMjQEC1zamuElEdU7ho8xVHvRC5VbJQLMSUFmFQPMletXQSoFvQoVkFJKCCmgABi6DqOI6j8hBTbv2T5l+4njfTDNBJSSUEpBKYngRj+CG/3Ascn7Go1NsDp7bgaTXcuAMIBz7TKSK3qR2LKrRD/hzOwjr4x/Xa6qx917ts69ExEREVGZXR3x4I12m85MWHNxxAkxkPfxlz88h3/36Aas68rgke2dUADOXLfxlz88BwD44otX0NuexuqONNZ0ppF3Q0gFhELBC4tbdsf2QnihhGloWN2RLsePSUQUGwwfY4jhI5VD1QPMCZfNpqG5EYl0AqE7/wW8F0oqBT/wEcoQnW0tSCVM9A+NIPBDJK0EtFkG3rWiC6mGqU8Yz5+7DGPaqdJqNIxUkFJCKQlZyMPN5+CePTVpzyDw0P7I29FY5vBR5LLjU6513VhUN+vZbN22vizHJSIiIpqPTz19Hp96+vys+zzxiZdx57pWdDcl0J/zsb9vePyy504N4bk/fwn3b2yHF0rcsbYF77+/F14oMeKEAID3fuLlScf7j19/Df/x66+Nf3/0ch4f+dtDWN6SxMEL2RL+dERE8cPwMY6YPlJMVSrA7F69ApdPnitqTFJKKKiiqhRnur7tu7h3zxa84Z5daEynYZomXN/Dt5/ehxcOnkQmOfO70ctX9ky7/eqV6zNcQ4t+fm1qheFYhaRSMrr1NMC/WNztsBiFQy9DBT6A8jaa2bKF4SMRERHVjomB40SP7enByrYU9vWNQCmFu9e3wjI0DOT9Ga8znf6sh/6sV6rhEhHFFsPHGGL2SPWsmABz5ZbbZg0fAxEiFCGEvLmwjqbpSJoJmPNYrzAQIaBJ/KtfeBO2b1gzKcBMWhbe/aYH0N7ahO/9+BUkrcS0x2jvap+yLQxDDA/nix7HzZ9Bg6YZwGhfa13TEVwof/hoHxtrNKOVLXxcsaIbW7YyfCQiIqLa98j2LtyzoRUffODmWtY5N8TXXr5axVEREcUXw8cYYvhIS13PLE1J/DBAMmli76b12NC7DKtXdKEhncahU2fxrR/ug+N4c06VBqLgsakxhV94889g67rV0+5jmSbe+Lo9uHxtEMdOXZo22AxvOY8QArZtw3HcIn7S2QkRovHOBxZ9nNl4F8/COX0CwNiU6/Kstblj56ayHJeIiIio0j75g7M4erkDG3sa0Npg4bWrBXzv8HW8dHak2kMjIoolho8xVIPNfolKKtPUMONl63q78avveCPSqdSkpjSv27kVO29bi289/SKeO3AcKSs5bViolIIfBmhpzuDD730zetqnVi5OZOgG3vvoQ/h/P/MVFPIedH3yeoiBpiMXqNGGPAqObeMf//6bkHJxf8hChDA7u9Hx9vcs6jhzKbz60vjXul6+h4RdtzN8JCIiovpw9HIeRy/Pf5YLEdFSVZ6uArQozB5pyZvlj+ANr7sdDen0lG7YuqahKZPBux75GXzo3Y/ASuhwfBeBCCGVgpACfhjA9l2sWtGJj/7i2+YMHsdkkkm8++fuh24CQRg1wpFKwQ08rNqzFa7vIVQKrh/gRz98Ed/42g8W/KOPkVKgYefeRR9n1nM4NvKj4aOuG1OC1VJi5SMREREREdHSxMrHGGL4SEudEGLGy7J5Z9brWqaJ2zdtwNqVy/CdZ/bh0MlzyBVsWJaJno4W3H37Ztx7+zYkLWteY9q6bjV+91fejs997SlcvDYAANixcTW2pFMYcV0YugEhBL745DfmddyZSCWRWrexJMeaSf7V/RDZaFF0fR5rZc7Xtu0bsGxZZ9mOT0RERERERPHF8DGGOO2alrrlG9bMeNlPDxzHPbs2z3mMloYG/MLPPYC3P3wPHN9H0rJgmSYSljWlarJYyzo68Nu//BhOn7+CdCqJVcu6kBwcgteQhqPr+N43n0Z2AY1mpqOhPGsvTlQ4uD86l6bDKOOU651F/H8RERERERFRfWL4GEOKtY+0xGWaGxEKMe2ajf0DI7gxnEVna/OcxzF0Aw3pNBrS6dKNLZnCzo3rJm1rv3wV/akUfvLD50tyDqUUlJIw2zpKcrzpOK8dg3v2FIDyVj0CwKbtm+CIaF1MDYCmjX5G9MWt24mIiIiIiKh+MHyMIQ2cek1LWxD4aF3Rify1oSmXSaXgeF4VRjWZUmq8M7QuJDouXEL/6HTsxZIyRGrdxrKGj4VX949/bejlCx+bmhuxcdtt8MR092pTt0UhpDZtIKlNE1QywCQiIiIiIoo3NpwholiRQsB1HKx98H4IOXXtxyAM0NnWUoWRTabdMnXbcj387pvvL8mxhRRouqs0x5pOMHgd+dHwUTdMaFr5Hgq27tiIRDJR9P4KUcAslEKoFAKp4I9+eELBFQqOULBDhUKokA8l8oFELpDIBhIjfvSRDRRygUI+iPazRz+c0WN4IjpmIBUCCYQKEAqQim/+EBERERERlRIrH2OJtY+0NAkh4NgFXHWBn6zYDaPlx2gYGRrvwhyEAfZuX4d0ovgwqxykUtOuG/nI7Zvw6rkrGEhm8KHf/gC+9oVv4l++9dS8jh2KAK2vfwsad99dquFOUTj4ElQQde0uZ9UjAGzdWfn1HhWiytRJG+a8xmTTVWACt1ZdTqy01GbYTkREREREtLQxfIwhTWPTGVp6lFJw7AKGfOAzFzS4VhrGY++D9vefQCIMIKVE2NGBNzxQvlCu2HHO1rDmAx96L0Za2wEAP//et+FG/w0c2Hew6ONLIcre5XpsyrWm69DLHT7uKO/PUi6VDjCj7QwwiYiIiIio/jB8JCohDYCpazDqIDEQCghkZVJwpRTsQgFOqPC/LmlwR2dbi+Wr4PzyRyG+9xWo7l44b34Hvggbv6MuVS2UUVAzdqIebO8aDx7H/Kvf+VX81z/9n3jt2Kk5jy1EiNTGrUit31SSsU6n8Op++NcuA0BZO1wDQO/qFVi7flVZzxFn5Qgwp1vfctYAc8JlRERERERE1cDwMYb4OrE2mZqGjKlBr6P/wEAChbC8AaRSCrZdgB1IfOaChqvu5MvF8lVwPvCvAUR/G6+gEX+LZfigulrWcU0nCENY5sx3m94MXbV/7//4LXzuL5/EC8/un/ZyYDSkymTQ8fb3LHqcs8m/+hKAKNAqe9XjztqseoyTuASYY9chIppobP1jTdOQMDX4ZX7OQERE1ZcwtUn3/0TFYPhIVAIagAZrpnq42mXpGhpNDflQlu0cvudBCoGvXp0aPM7kx1oLOhHg7ao03aWL4fo+UrOsNRmaFtxUZsbL3//hX4JtOzh04Mj01w99tNz1BlgdXYse60y8i+dgH42mgBuGVfYnC9t2VH69R5qqkgHmze3ajJcRUX3RtOhF6J7eDF44W6j2cIiIqMz29GbG7/uJisXwkagELL3+gscxpg7omgZZhoVIlVIIwwD/64LC8cL8bsGvap1IQOHn1GDJx3Urx/OQnKPJzUhrO6Q+e9fo+x++d8bwsRKy2QgOWQAAIABJREFULzwDADAME4ZR3rv/js427LlrZ1nPQZVT6gATmL5xz+TLtNGlLBY1dCIqE03ToJQaraTX8b47O3Dggg1fsPqRiKheJQwN77uzA7quT6p+VGxaQXPgU/oYqtcQq57V01Tr6ZTjjkIKAbtQwD+eLqAwmMUe9zp6wvlVTHxB68KfaauQLeP7KLbrIplIzNpkxkumpqz1OJ2de7bjztftmbJdKQmlFKzu5Ysa62yc0yeQf+mn0DQNhmGV7Txj7r5/L1LpZNnPQ7VDIeoUL0Y/QqkQSAVfKnhCwRUKzuiHHUafGTwSxdPEapex8HHriib8yduX447eJBL1sPg1ERGNSxga7uhN4k/evhxbVzRNCh8BTr+mubHyMY40FFFVQnFSob4sVVPqSddSCNh2AQhDPGz3Y5tmR7/3EhgqCHxfa8Oz6WXwtLnvoo5qGfyf2jp8UF3FHSpXsjH6QQDH89DU0DBr8BhYCVzvWQFV5APuBz/6fnQv78a3v/rP49vC0EfHY+9Fw869ix73TLI//REAwDDLP90aAO6+r3w/Cy0N6fIuSUpEizRW9Ri9qWXAsixs723B73cmEQQBwjCEEILVMET0/7N35/Fx1ve96D+/Z5td+2LJm2TZlvHGEpvNkGBSCgkJJC/CaTlJTm+atkm6HHKaU3L7um3uyXLuuWlOF3JvSNM2NyctaZLSFgIkQAgYs5hgHNt4wRbGljftki1p9plnuX+MZjySZkazb/q8Xy+hmWee5SfLHvF89P39vlTD4u/xiqJAVVXY7XaoqgpZlhM/A+I/D4gyYfhYhfjPtvbEukLX53fOsFDUKdemYcDv90MYOppPn0e7MX+hx2ZVxv2YxW7fJB5VV2PA3rrkOQOQ8C3RjR4RwvusadxoeWHLMzI1TBPeQACqLKPR7c68r6xgtHs1IlpuFX53f/QuGLqB5576BQxTh9LWCc8Nt+Y13mz4jx9C4O23YtOtS9zhGgA2bdmAq7ay2QzlTxYCar2XlBPVgeTwUZlryCZJEqLRKEzThGnGfhYzgCQiqj3xQFGSJEiSBFVVoaoqFEVZFD4SLYXhI1ERWABChgV7nU0zMi0gUMTOlbGKxwCUYBANF0eghNJ3mGmzafi98Dn8HZBVAAkAZ2HHWbECe51deLA9BNfUJGR/AMJMH0RakoSox42g3QZ9bAxaKISGJaodAcCUJFxc0wtdyW8K8z33341QKIwXnn0R9r7SNmaZfX1v2aZbA8ANu1j1SIVx1Nl7KVE9WljtoqoqJEmCLMvQNA2GYQBg8EhEVMvi7/GyLCfe41n1SPlg+FiF+E+3NoUMCxETUMVcAxqxsHlCbbCAubXYgPN+A6ucMpSkHyiGBVh5rAtgzK3xqASDaD5zHmLupiQTp82O3/QP4v+2NWY1BRsAtjYreGCdA5bsgW9FrHO0HAhCCochRSIQugFTU2HabTBtNoQFEAwEAQgYDa3oungOUjCY8RqWEDjXu3HJBjOZhEMhbPvAHRjt7IG37+q8z7MU74F9CJ15B4qqleV/DOwOG65n+EgFUCTBtR6JasTCG8/4zallWYkPIiKqbfGgceFH/DWibDB8JCoi07IQtoDwgkUg3YpUMzfTArHwVJWATY2p3yL8enyqeXYsy0I4FMwpeIzrcDpwm/ccnmvoW3LfnW0qHljnWLTdcDpgOBdvNw0DIb8PpinBMGPfoKmOFVh5bjDtNaKqhvM967Mef2oWgsEATgW0kgaPlqFj9vU9ZZtuDQA33boTrW3NZbkW1SdWPRLVlngAGQ8dgcXVjgwhiYhqz8JgcWF3awaPlAuGj0QlVkvBY7ZcikDIiFV7ZiMUDMKMRNB8YSSn4BEAJCFwg34Zzy2x30fW2PHeFVpO57YsC4ZxJXgEgJDmwExTCxqnLy3af6apBZPtK3K6RirhUBjjIQPnjdzGm6vZ119CdHQEqlq+rtPve/9NZbsW1R9NEmD2SFR7ktf8Sq6ISd5GRES1Kfk9PF7Vzvd1ylWdRSL1gf+O64dWx9MH7bLIaip5JBKBEQ6h+cz5jGs8ZtKoSlgbmUn7+gPrHDkHjwBgWZgXPMZdbm2HKc9vtTu+YmVRgkcACEfCOG/YMGOWrp2v4fNi5pUXICtK2f7nYMeN12ATG81QAept3Vyi5SQ5dCQiovrE93rKFysfiUpIrdPgMU4SAkaGqVSmaSIcDMIzPAYlmF/wCACKJKNd9+Oc1jhvu10W+IOrnFjpzC/Ei0SjKbcbkgy/yw3P7AyiqobJji4EnK68rrFQNBpFMBzGeb2hKOdLZ/b1l4CAH7JS2urKZO/7tZvLdi2qPzZZgA2uieoLb1CJiIgIYPhYlfi/afUjh2UR61IkHIbN64XjcvqqxWwoioIheX5Y12yT8NsbHHkHjwBg6AbS/YvzNzRC1nVMtXUiYrPnfY2FwuEQTkc0jBil6zwdnRzDzMvPQy1Td2sA2LRlA3bedE3Zrkf1RUCw6pGIiIiIqE4xfCQqId0CyrfaXnmZVqzBTjqGriMaDKL9wkjB15qWNIwo7sTzbqeMP7jKWVBjCtM0YRgW0oWPIbsDoRUrYcjFe5s0TQORcBjndGfRzpnK7OsvQZHkslacvO/XuNYj5c8m8xdvRERERET1qs4nhdYmTjurH1HTQqQOyx8tAEHDQqavLBqNomFkLOcGM6l812iBay5o3NqsFBw8ArGqTCtD3GEIuajBIwCEQmFcDAuc10s3FTp84Sz8+1+DJJVuPcmFVFXFe24oXdduqm+yYNUjEREREVE9Y+VjFZKEADLGOlRLTnsNNKoC7Xa55teAtCwgYlqImMi41iMAmP4A7AVOtwaAk4aCY/4o1rcIbHYqeGCdo+BzWpaFSESHmaLZTClFwiEM6jboJazxmt23B3IZp1sDwFXbNqCh0VPWa1L90Gr8fZGIiIiIiDJj+FiFylevRMXiUiTIInXValON3VnrJhBKqmq0EAsdgcyVjskMXYdjcqoo42m/bjM+7TUwEYrig+vcSx+QhUgkAsMsyqmyFg6HcCms47xRnK8hleCptxF++0hZqx4BsOqR8qYIARurHomIiIiI6hrDxyokRGztK9Y+1oZaCxeXokiAWxKYjuSfzpmmCcest+Cx6N0r4PQ4sbOIRXWWZSEcCsM0yxvQhUNhDOo2zJbwut5XXyx78AgAm7dtLPs1qT7Y+Ns2IiIiIqK6V1+pSR2RytgogvLnUur3++RS8n97EP4A5Ei0oOtbsgx9zaqCzpFKNBKBaZb3+6brUYTnplyXiv/IrxA9N1iy82fSvWpFRa5LtU2VBFQuckxEREREVPdY+VilJAEYLH2sekodh8SFzISUitBkRl+7CpaS+1uUaZqwTBO6oQMALNOEaZoABHQ9ts20yl31GMKZqIYxo3RrMfpefaGs3a3j2jtbIcssX6PcCIBNZoiIiIiIlgmGj1VKFkBhdWNUFnV871zIl6b6/AVd23Q5oXd3ZdzH0HVYsGAYJkzDgGnGPs8buIV5z2XDBHQT0SJ3sc7ENE2EwmEM6s6SXcO3/1UYE+MlO38mHZ1tFbku1Ta7LAr6BQcREREREdUOho9VijPRaoNhAfU687qg2kVPYU1VZjrbEZ2ZSWSH2XyWDRNaOAzZMKCGw5AME2ooDAFADYcgzXWYubi6t6xdncLhEEYjwFldK8n5rUgY3pd/UZJzZ6OxuaFi16bapEpsMkNEREREtJwwfKxSElvO1ISgbsGj1udNdEjP/++fZc9ubUMhxKKgPex0QpIEbMFgxmMlw4AaCsMeCMLmD2R1PZ+7AWG7I6t9iyUcCuFcWIFRojJZ7769sPy+kpw7G41NDB8pe5xuTURERES0/DB8rFJ1vJRgXTEsC74o4FQWh2i1yrCAgG7BsPIPH02XC6ZNgxSOzNsuRKyZUvwjFSUUguvshbyvnYm3oSmn/YOBAAzDgKzIUFUVipL7mo0tDiceGBrADl3FKcmBAa0ZI2px2ncbs9Pwvfx8Uc6Vr+aWxopen2oLp1sTERERES0/DB+rlCTA2scaoVsWvFELkhA1vwSkBcC0rIL/3lmWhXBLMxwjYwAAWQhIUvrAsRxMSUbQmdu6iw6nE4GAH97ZGQCAJMmwOxxwOl2QpKW7gct6FF1n3wVkCdfJBq6FD+HwJZwM2nBMbsCArRmTSv5rQXpf3QMUEBIXQ2NTcYJUqn+cbk1EREREtDwxfKxSArEKsUKqz6h8LIDfqyShUBBWgwfu0XHIklQVlbwhhxOWWDowXCgWNMqYnZmGaRoI+H0Ih0JobWvPeJxkGmi9eG5eOCgA2DUN18DCdmsaocAYDlkO7Ld14B17a07jEpcmEHjztZy/nmJrbm2u9BCoBnC6NRERERHR8pX7nTiVTb1M46XlR0R1tI6OQZGrI3gEgKAj/wpDu92O1rZ22Gx2ALG1KpfScvE8tAzrVkpCwGm3Y5fDwmci5/CJmRPYGJrKekz/myuIvhW5BZalsKKro9JDoBrA6dZERERERMsXw8cqxvCRalXz+GTWTWDKJeAsrAO3LMtobGpGe8cKtLS2Zdy3ZegC7Dk0gXHa7bjZbuJ3w4O4e/Y0PEYk4/4brQBuVYP4+ic/VNEAUlFkdKzI/GdBxOnWRERERETLG8PHKsZvDtWqbCoDy0lXVERs2XXgXspSX1vj+Aics9N5ndftcOIuNYDPeE9gS3Ai7b4fQaxC0m3XKhpAdq3srMh1qbYweCQiIiIiWt6Yb1WxKstviLIWXLsGekP1NCKJaMUJHpfivjwFz9RkQedQZBl9ThUfD5zBewIji17fYXmxybpSVeq2a/jS/XfAbdcKum4+uletKPs1qbbYZQGFP8uIiIiIiJY1NpypYrHOwGxiQrXHUmT4Nm+CNjEJ29AI5FAou+NkGaFVK2G4Mq/PKIXDcx8RyP4A5EDmKd6mLGc99nzZfV40jQ4X7XzNHg/u856HbNewX7pS2XivtXhdyM4mD770H34dD/3j00W7fja6VzN8pPQUSbDJDBERERERMXysZixLpVoXaW9DpL0NztffhGxZECIeql9hyTL0Bg+iLc2INjfDUrIJCudXVcr+ALSJSaiXL0MKL14v0ZBKGz7K0ShaRi4W/bwetxvXNZgYnZjCeUcrbremsRLhlPtuX9uF7Wu7cOTc4mrJUlm1urts16Law+CRiIiIiIgAho9VTRJAoxaLIK25Ash4HaQ19x8L1pVtafdJvW3evpbFGksqmWhrM6zx+dORo+vWQu/uKsr5DZcTQdcaBHvWQOjGokpIX1gvynXSaR65CEkv/jVCre1o8nnxYT2Eb6EV91qZp3TfcfXGsoaPrHykdDjdmoiIiIiI4hg+Vrn4vVvK9R9F8h7FudLSgWXqsDNtAJp2H4ady4nR2QElKXw0WpuLFjwuZCnyovUmjRk/UKL8sWFiLKfO1rmQBbDRjCKsmbjXmoQHRsb9b+rvAbC3JGNJhWs+Uioqp1sTEREREVESho80TzzPXHTbKBY9KMaVYqEkqzrrntnYALOxAdLMLEyXE9ENfWW9vpBKs36qLeBHw+R40c8LAJaioGnmcuw6qppyrceF3HatbFOve9aths1W/iY3VN0kIeBg8EhEREREREkYPlJFCZS5qhMpqjHTVHUuDjHTP2dV59IiV22ENDMLo7Wl/Bcv0TekZehCaU4MQLPMvFreb+/pLkv4uOXqTSW/BtUehywgMXskIiIiIqIkDB9p2Ug7hZ1VnWVhKUplgscSaZgYg6xHS3JuIcSixjzVZsv2/koPgaqMQxZQ2SmNiIiIiIgWYPhIVCK1XtWZep/aCTvnEcWddq2GgiWbbg0AcpUHjwCwvn9dpYdAVUSTBGycbk1ERERERCkwfCSqA5Wo6kxfnVl9VZ2yJAEwi3Q2oHFirGjnSkUuYN7q2LS3iCNJbcOmXjQ0ukt+HaoNihBwsLU1ERERERGlwfCRiHKWuTFR6as648+zreqMygLBIoxIMg20jI3C7itdwFdI8OgPR/D6wNkijia1TVs2lPwaVBsEAIciivavnoiI8mAG4J01YGvwQOPyF0REVIUYPhJRVStGVaehCMwWMAbJNNAyNQHP7Az0SKSkU89lkd9dgz8cwUP/+DR8oUiRR7TYBk65pjlORYCzrYkobvjlw/jJ0MKtDtz7QD+6KzGglKZx9KmzeNUXfy6w8qpu3HNNeyUHVZjRQXzp7y9j40dvwee2TuPsgSG8dtSPZy8B2ze14rfv7kMrQ0kiIqogho9EVPdEAWsoSqaB7ovnYAuHYJilXfNSEiLnBtdnxqbw+BvH8Pxb75RmUCms7+8t27WoetllAZWtrYkoydQ5H753Fui3X0m6uld4YCvrKKax59vH8EX3Suz/ZKqfV1EMnvHhe7odn+pWAD2Mx54awKNHfXj0k73QyjrW4oroAM5fxF88H0DvOg03axHsOTiCN30SHn2gtr82IiKqbQwfa4BpXVmtLm3/klTbUrzA20Si7CUHjwBgmMVbNzKVbKdcHz03gn0DZ7Fv4FxZ1nhMdtv7b0JnR0tddGCn/KmSgJ0lj0SUSkMz/ubBLWit2ACi8GYzCaCjFZ97IBZOfuKF/Xj/qxPYM96LOztKO7qS69mKR/6P+BMdO7//S/z++VkMA+ip4LCIiGh5Y/hYAyQBBHQLulmaW/rFt4+pq6/S3WaKFE9yCkkXvJjtsSnXHFy0r8hpjBmvL5bej+pLx9hwIng0SxyqSUJASlP2eGZsCkfOjeDI2REcOTdclqnV6dx11y64MjYXufJaIY2J6r4Dew2ThYCTDWaIKEeRd47hq49N4zkdgCThnlv68Ge7OwFM4blvD+DVjWvxiekL+P1jOu65+0Y8uGkMj31/EN+YBCAp+Ph6DQeGNXz1C1vRY07htR+cwpfO6PAC8DR58Minr0a/ewJPPjyAr00DmB7C9V8ewsc/fAsevC7z2DzNGgAfTl4Edpw5jL95PYB9s2bs3G3N+O6nt6DHDuDiAL72wwk8GYgd19Pdjm//bj9aU27vxpG/fwsPN63FE/evBsxBPPzfh/CDhmY88+AWtM5VaH67Yy3+5b4uTO07hode8OGoGft6H/zoFnx8qwcYP4E//64Xt9zXiclnLuDhaSce+fPrsGP4yjVb3RJsSBEumlMYngbQYK9gGExERMTwsWYoAtBLdO7FN+5W4sa/CCersPIOKGWQm/qFpYPTEgW5KbfnEOQu2p7jOBPbqzzMtYVDcCU1ljFKFP4DseBRlWNT1CI2O8I2O06PTOL7P/oJ3jo7DE2zl+zaubjhxqtxzTWbst6/ZhoTLXiesqpzQWC6nLHBDBFlFAnjwP7Tc2GXgu7ta9GtXcAPHp/GwJouvPDxtcCBI/jkM4N4rLcT9/e0or8b+PNXBzHQ3YSvfMCD3q3AwE/O4Rs+Nx55cDO2+wbx8D9NYKC7ET0AvHsH8cWzEh76retxT/cUHvv2aXz6sdN48VNrcden1iL83XP4RlMnXvhoO2zOpYfsvRwBoGHTKsAz6cDOXe34/EYXtMmL+NIPLuPhV6bw13fI2PPUBJ5sascLX+iHJzCGgYtKLERMud2D3g4Jw2diVYfdZ/04YJfQPx3EyRCwS5vCkXFg184uYPI0/uYFHxqu68P+u1sx/NRBfOTxU+hffx12dDRguzKFP//hEO65rhOPrG3AdlzA934wgSMdnXjio+3AkXfx+3tC87+o0dP43o9H8O1ZDX/2qT54iv19JiIiygHDxxohC4EqTPZogZRBbuoX8jlZhVU+yAVSNJ5Jue/8bUEj97G7FnS0NvNO5DMLexrga21DVNGgq2pi+8v7DuPw4MWC1qsstg/e/d5KDyGtYjQmyv4qS1V1xh6krOBMtS3pebVXdToVARY9ElFGoQAe3RsPwjT8ds9adI9O4bshBQ/t7oNHAnB9O+594RyefGsI9/eshEeTANjx0Ke3YocEAIP49jsmdlzXhR1NGtDUgn7nBCBJAKaw71gIkTVduKdHA9CFu7YP4RsvX8aboT7sarDDJgFQFHiamtKPc3wK3/7hDKBHsO9sBD3rVmJ3B6B19OMeMwDvbARoa8TNDdPYp5sA5Nhxl7zYc3IKd23qRP8mAJhOsx3o6XVCOxzEwDTgORfCQEcD/uTSLIaHASCIA7Djt9crmHpzBs+ZTjzygS4AQPetzbjz4AT2HAxgx80abBqAjk782Yf7Yic+chjfDUl48H0b0N0EYL0DvcnhY+Q0vvGdERzpbsY//VY/+pt4y0dERJXFn0Q1QpFi1VGlCkCIqk2qIBdAXlW5+VQtzjY0oXF6CpJp5l8JvITpFd3wNaeeCDV8caQ0F83T5m0bseU92+HTY38YOS9bkOLFrKt601xsySUWkjYUuzI3c1VnprPnYn7YmT7ITD2FPe22PNfqtMkCGhvMENFSUq35eBGIAECiD40drU5gYDZ5GREpFhrOiZiATUrVotlE2MRcEBnjaVQAhDB1Cci5rbZiw/0f7k10u44cewuff9yLAUVCtwJMhoBYltiE3fd14XM/HsFfPHYCX0tMjU633QNsdOFejOHkeaBtNIRd3WvRi2n85Nw0btcDGGhwob8JgG7O//qbNLQBODvjT/rjSfqz0IEIJNjSTYzQJGhQcP/dW2LnJyIiqjCGjzVCAJBFrPkMEZWerqq4sKYPLr8XWjAA2/Tlop5/Yu06hJ2utK8PXxgGEAuFqoHDaYeePF+56pRvYOVaJzfd9lzWyk0ZpKa6l8eVqdTxeNmyYofG/2SVlMcREWVBQazTcqJvWwThCNDfkLn/cjhlo7e5kC7ptUhIB6CgtSWHMSU1nLliCnv2eDG8fjVeeGAtgNgaknsSx/ThU3/Uh09duoAnf3wBX0tMjU6z3d6E/qYxPHvhNFaOSth+dTt6MYg9o5dxbySC7lVd6AYwpUi4EqoCCOmIAOhudAHwI3dtuP9eBbYVeRxKRERUAryVqCGc6kZUXrqqYqapBT53Q9HOGWhsxlD/lozBo2maGLo4nHheDQGk0+mo9BCqhrXow4JpLf4w0nzoyR9m7COa5iOS4iMc/zCufITSfARTfAT01B/+uY/YcxNBw0TAMBExLShS7BdgRER52ejBvZKOn7wxFHt+bBKPBSTc3teZ5oBmbO8GDpwcxdHpALxvj2HPbPy1VmzrUYDzl/HatA6YU9jzVghoc2F7ciWgniq4zFJERwQ6vCdj152MRAAEcPbIhVgn7ZYu7FqvAKYJbyjddgBoR3+3hAPDl3FkVsPGdUDrShvaRqfw7Diwuy82zbp1gxPbEMCefdMAdEy9NoOfQMP2jWkWrFznwJ3QsedXI4AZwNlDfrwJAObcCvE+HwZHZjE8WaoV44mIiHLDyscaokgCyGPtOqLlrtB1E01ZLso4LnWvQqCxecn9RodHYRoF3DSVgMPF8HE5ine2ZvBIRAWx9+HBj/rw+ccHcf2xQQDAjq2r8fGt6W5FmrD7A63Y/b0pfPrhg9CcGnYmBYvdd/fi66On8cWHf4kIAM1px9cf2DDXVKUZ/askaMdGcP2Xx/DgAzfj4xuzHWgrdu9y47tPjeCWL4/A0+TBQ9s1fPXsNIYh4cjec/iLx88lppDfefMG7G6awZP/lGp77Iz9W1zoecyLJxua8dt2AOvc2OUbwWOmHV9fN/f192zCV997GF/ccwzXv4BYN/D39uHOtnR/PH343M0z+OS+07j+INDf3YTPdUfw7IUxYMdK4J0x/Jf9PuxSZvDXd7DPNRERVZ6wqqGkhrLmjcYqZ4goe5FIFF5vZOkd05AMA93vvJ338f6mZsx0rIApZ/f7noP7D+GRv/zbxHNNs0OknitbNh/9zQ/iNz75kYqOgcpLEgIuBo9EVWFsbAydnemqBGtIvJGL3Q2PPZufiRFEfIDmnsGTDw/g/+teiyfuX33lZd80vLoCT5O7uOMMeeGNyPA0zFUemjogKVdeCxmwOZugaQuOSbU9FxEfvAE9+3P4puGFEx63BkAHTGVuXpuOyGwIWkOR/1yIiGpE3fzcrCOsfKwxigQYRqVHQVRbilH5GPQ0wuGdyem4sNMFb2s7Qm5PTsfF13uMsywrbdOVcuG06+VFAAweiaj4JCc8TWmmEi8QOT+EyaZmdDdoiJwZw55pYNcNC6r43E3I7SdsluweeJKncEtK+teW2p4LzQ1PLsHlvK9fSVpQS2HwSEREVYXhY41RBBCu9CCIaoyiFD5t2tvWnnX4GHK54W9pRTDPtSKT13usFk5Ou15WXKrE4JGIKiiEgTcv4KG3BzE114Rl19bVePDG7IJLIiIiqi4MH2uMIgQErOptOEtUhQqtfASAiN2BqZVr0DxyEVLK7puAt6UNgcYmRO2FBXXDF0bmPa+G1TGcLt7wLRduVWKDMyKqMDu23Xcjnrmv0uMgIiKiYmD4WGOEiDWeiZqVDyOIaokQQKEZXrChEWGXG87ZaaihEIRlIappCLvciDiKE85ZloXhRZWPlf/37vak785N9cOtMHgkIiIiIqLiYvhYg1QJiFZXI1yiqidJAkYRusWbsgxfc+k6R44OjS6qdKyCwkeu+bgMuBUJSmX7GhERERERUR3ibUYNik29JqJcKDWSqqRe77Hy6SPXfKxvDB6JiIiIiKhUeKtRgyQBqBLjR6JcqGppCr11XS/q+RZ2ugaqZc1Hho/1yqUIBo9ERERERFQyvN2oUbxRJMqNqhbe8XqhYDAARVkeq1cwfKxPDkXwl1lERERERFRSjLBqlCoJSEXo4Eu0XEiSgFzEkMXv88FeYFfrbFW68vHzf/oZqKpa0TFQ8dllARuDRyIiIiIiKjGGjzVKAFB5z0iUE1UrTvXj7OwMHE4nRAl+ATA2Op5ia+XCx5vfuxM33vKeil2fSsMhC9hl/hAhIiIiIqLSY/hYwxRWrBDlpBjrPk5PX4bL5YYklebtc3xkcfhYycKYhpe+AAAgAElEQVTHG265rnIXp5JwKQI2Bo9ERERERFQmDB9rmCoBMqdeE2WtkHUfTdPEpalJuN0eyHLx148EgNf2vo7B02dTvFK59PHdgTMVn/ZNxeNRJa7xSEREREREZbU8OiXUMUUCDKPSoyCqDUIAQliwrNzCF13XcfnSFJqbW4reYMbn9eGN1/bj2KHjOHr4WNr9LMsqyTTvpbx18G187D+GYbPby35tKh5JCLgVAeaORERERERUbgwfa5wqCYQNViURZcMwDAAmgOwrF6ORCKanL6OpuQVKkZquRCIRaJoGAPj873yhKOcslfODQxg48S62X7u10kOhPMlCwMNFgomIiIiIqEI47brGKQJQOPWaKCt6NArLyv5tLxwOYXr6Epqamgvu9hwOhzA7M42Z6elE8AgAf/rVh7I6vpJTnw++caRi16bCqBKDRyIiIiIiqiyGj3VA5XeRKCuRiI5Yr/ilhYJBzExPo7GpBWpSWJgrn8+LifFR+LxeaJoNjU1N817v29iHb33/m1mcqXLh4+FfHZ+rGqVaokkCLoXBIxERERERVRZjqzqgyQISqx+JlmRkuURBIODH7OwMmppb5lUp5sNms6O5pQ2tbe2wOxyp97Hb8D+++bWCrlNKo8MT8M54Kz0MyoFdFnAyeCQiIiIioirA8LEOCAAav5NES7KyqHr0+33web1FCR4BQFXVrJrUtHe24/e/8Nm0r1e64/To8HhFr0/Zc8gCdpnBIxERERERVQdGVnVCZQtToixk/nfi83nh9/nQ3FKc4DFX111/LXbetKPs183G8PBYpYdASxCITbO2MXgkIiIiIqIqwvCxTsgitr4XEaWnqum7XHtnZxHw+9HS2gpVLX/wGPf+D+xO80plKx/HRyYren3KTBYCLlXwF1FERERERFR1GD7WEYaPRJnZbKk7Vs9MX0YwGEBrWzsUpbCu1oVa378eO258z6LtFZ51Dacr9XqVVHnxxjJc4pGIiIiIiKoRw8c6okicfk2UiWXO79hsmiampy/DAtDe0QFZTl8ZWU59G9el2FrZ9NHtdlX0+pRavLEM3/qJiIiIiKhaLd0FgWqKKgFRs9KjIKpOpnUlfDRNE7Mz01AUBW5PQwVHtVj/5o2VHsIiTrez0kOgJJIQcMj8hRMREREREVU/Vj7WGU0SkAVvRolSCYWiicd+vw92u6PqgkcAWNO7Bs2tzfO2VbrbtYvTrquGOjfNmsEjERERERHVAoaPdUjjd5VoET0ahWFcCfCcThfsjuoN1Kqp+nHnTddg27WbKz0MAmCTY8EjG1oTEREREVGtYExVhzRJQGL1I9E8kWgUyStNVMv6juls3n7VvOeVrHy852N3VezaFCMAOBUBB1NHIiIiIiKqMQwf65AQgI3fWaJ5dL3SI8jNxqsWVj5WJnxc0dWO9f29Fbk2xchCwKVK0DjNmoiIiIiIahAjqjplkwWUGq9+nI34Kj0Eooppa2/Fiu7OxPNKVT5OTU1jZnqmItemWCW7WxVQavvtnIiIiIiIljF2u65jmlx71V5D3hG8eOqvoOrHE9sU14fw6xv+Exo0dwVHRlR+m7ZswujwWOK5ZVkQefxSwbJMGGas07ckJAghZX2eaCSK1/a+gbs/cmfO16XCOGQBG6dZExERERFRjWPlYx3TpNrqhjrkHcFLJ/7zvOARAHT/0/jJkYcqNCqiyundsHC6c37Vj0JIUGQViqxCCAmmaSAcCSIaDcMwdJimmfHcb7x6MK/rUn4kIeBSJAaPRERERERUFxg+1jlbDYWPL737t5DhT/maap7FM6f+rcwjIqqsdet75j0vxtRrIQRkWYFNc0BRNQBANBpCOByErkdgzlVIJnvnxCDODV4o+Nq0NJsk4FYEVP50JiIiIiKiOsHbmzqnSLUTQMrRNzO+Pjn7eplGQlQdulZ2oW/DusTzYq/7KDAXRNqcsNmckCQ5ZfgIALPT3qJem+ZT5qodHYpAjbxlExERERERZYXh4zJgkwUEqvtudsg7svRO5kTpB0JUgOd++mrRz7n9um1XnpS46YwkyVAULeVrlWl3U/8EALscayrDakciIiIiIqpHvNVZBiQB2ORKjyKzlZ4uGHBm3EdSejK+TlSPNm/fnHhcqY7XACCzHK/oVEnArUqwc21HIiIiIiKqYwwflwmbLCDn0SW3nDTn7Rlf72q6qUwjoXqkKErJr+Gd9ePR7z1V1HP2ru/Bpi39AGJdqyvF6XZV7Nr1RhICTkXApQgwdyQiIiIionpX+rtxqgoCserHgF7pkaR389qP4pUTT6d8LSracXvvXWUeEdUTVZXx3NOv4ujR04tek2UJbrcTbo8Tbrdr7rMDzS2NWLm6M+trnBq4AF2PFnPYAICrtm7CyeMDRap8tGAYBmQ5t7d/lztzZTJlxyYJ2GSu60hERERERMsHw8dlRJMEDBkIG9W5ettKTxcMdWfKxjMed+aqSKKlKIqEtw4NYPDMcE7HudxOrFu/Cv1X9WLnDdugaqnfNo8dOYWZaT8MQ8eeX7yB3b92QzGGDQDYsGk9AMCCBcuyIAqqYo41mYlGw1AUFUJkVwDvcjF8LIQiYqEj13UkIiIiIqLlhuHjMmOXBQwT0Cu4dlwmO9d+AgffnR8+GnDi9r77KjQiqheRSBjhMOBwNKTdJ97p2bJMmKYB0zTh9wVw9PA7OHr4Hex94U3svHErrt2xGa1tTfOO3fP8G5AkGZIk48AvjxUcPvp9fhw9fAzHDh3H20dPXHnBsoAiLKGgqjZE9QgkIS1ZBdm/eT0rH/MUqzoXXNeRiIiIiIiWLYaPy4wAYFcE/FGrKrvXbmzZgIO224DwS4ltLc0PoEFzV3BUVOssy8LwhXFcvuTLuJ8kxTszyZBlNbHdNA0YRhST45fxsydfxs+efBn9V/WiZ91KAMCJ42dw8fw4bLZYQDc5PotXXvoVbr3tPVmPMRgM4/Sp8zh96jzeefsdDBw7nPprgVW03vWqokHXI9D1CBRFBdKc+cP33VmkKy4vqhQLHZk7EhERERHRcsbwcRlSRKwCMlil069vXfdJvHIiFj5GRTs+sGF+1eM7l07h4MUnENXHIQkXNnfdi2tXXFuJoVKN8Pt8eP7ZX+V9fLyiUVXtMAwdhhHBwIlBDJwYTLyuaY7E/rKi4Yl/+QU2b+1bVCGZLOAP4sTxMzj59hmcOH4GAX8QABAOXMp7rLlSFA26HkU0GoGq2ha9vvGqddhx49VlG089UCUBTYp9JiIiIiIiWu4YPi5TNlnAsICIWX0B5EpPF+ye30DI+2P0rfjdea+9OPgsxie+CQCI16UNnN+PgfHd+M3tf1LmkVItsCwLhw4M4OCBd4tyPllWIMsKLMtMNIC5UjEZI4SAotrww3/8Kf7wjz++6By/2n98UeAoSTJUxQYhBGaDMxm/nmJTFBWGkbpRzjsnzhT9evUqtq4jQ0ciIiIiIqJkDB+XMbssoFuAWYXrP97edx8ef+sUxt+YBFbHth0aPZQIHhcJ7cEzp9YtqpIk0nUdP3tycROjQgkhZVx6UVE0nD0zjOd++iruvPsWAMDhX53ASy/sx/mzIwBiQaaq2iHLSqLxi392rOhjzUbyNPOFwqEwbPbFVZEUowgBTY419SIiIiIiIqL5GD4uY5IAHDLg1ys9ksV+8fjP8cqTowCexnt3vxctrS14e+QJyBmOmZx+EgDDR5pvbHQKly9nXuuxVFTVjp//9DW8e+o8pi/NYmpyOjF9W5bVRV2rLdOA3zexxFnL/8uCYCDI8DEFea7SkaEjERERERFRelKlB0CVFW+IUG02b92ceLz/9f2xB9HjGY9RraVCG1qOhi5U7u+FJMlQNQdOv3Mely95YbO5YLO5oCjaouARAHyzY7DmOm6XgmHk95uGSKQKf0NRQbIQcMgCHlUweCQiIiIiIloCKx8J9rn1H6MVXP9xyDuCczNn4FTdaHd2oH9zPxoaGzA7M4s39r2Bbe+7GjICFRsf1a4L58cren1ZVmC3uxPTqtMxjAgCS1Y9FkaSJJimsWiNyqWEw+ESjai2SELAJgGaLIrWcZyIiIiIiKjeMXwkAIBTEfBHAb3M6z/ORnz42clvA6E9iW0nATgafhM33HwDnn/meVw4dwFnRpduFmKoO0s4UqpV1RASLRU8AsDspQvZnq2gcUSjIaiahFzis1Aokvc16wFDRyIiIiIiovxx2jUBiMUZTkVAytRBowSeOv6NecFjXHD2R9A3jySeDw4PZDyPASd2rv1E0cdHtc2yLFzMctp1vlOSiyHgm0QkXJ51KWVZgaGn7mydjh7Nbf96IYvYshQeRcDG4JGIiIiIiCgvDB8pQRKASynfDfah0UOQo+m7EMv6z9HZ3wUA8IbTdwCOSj3Yuf5/YGPLhqKPkWpbJBzG6PDlrPYt5VqLS13XNzua9f6F/n5AlmMF72YOX6+iLK8ieVUScCqxNR3tsij4z5yIiIiIiGg5W153lLQkWQAuRYJPN0t+rXOXjyy5z5rdFsYGgGAwCDQtfl12fggf3Pif0KC5SzBCqnWDZ4az7nRtVaCLNJBPk5nCkzBF0XIMH3NbI7IWSUJAlWKdq6uwBxcREREREVHNYvhIiyhSrALSr1euAU2c23YSQBNMc34YGpU344bez7DakTI6evh01vsu/DtWLsHApYpcN5emM3IdVz4qkoAmxaodmTkSEREREREVX/3eUVJBYtMOgUAJA8gGeydC3sz7yAhgxa5+NLVNAwCioh1bV38e1664tmTjovoQjUbw9rHzWe+vKGoJR5NaJOyr2HTvXNRb5aOAgCbH3ucUJo5EREREREQlxTUfKS1NEnCUcP7hjpW3ICr1LLnfyi1BhEJOTI3fgU/u/D6DR8rK7IwPI8PZVxVKkgLLKm/1o2Hk3kVaVGABwnpZ81ERsfe0BjX2mcEjERERERFR6TF8pIxscukCyAbNjRvW/RdERXvm/RznceR/Xcb0/kBJxkH16Z2TF3LaXwgByyrvUgNmjl2nYyoRPtZu5aOAgCYJuBUJbnWuazVDRyIiIiIiorJh+EhLsskCbrU0f1U2tmzAvVd/Cx3t/zltCBmbet2JS1OVWRuPatPQxclKD2FJkXB2zXCSVaTyUa2tysd44OhUBBq02GeFP+2IiIiIiIgqorbuKKliFAE0qBK8UavoXYEbNDdu770L6L0L71w6hbeGn0codAyqeTaxT8taAyf2zcI0TEgyUwRa2plTwzntb1kWTNPIqRFLISzTyCt8rIRaqHwUiHWrVtg8hoiIiIiIqKowfKSsSQJo0AQCOhA1SzM9dWPLhkQH6yHvCAYm38LZ0Tdgd16GZVm4dOkS2trbSnJtqh/RaASdXc04c3o062MsywTKOO06FJrJ+ZhKVD0C1dvtmoEjERERERFR9avOO0qqWgKASxEIGkDYKG1Qs9LThZWeLhyc7MAj//AIACASzr1BBy0vlmXh/OAwDv3qdE7HmYZeohGlFvDmMy28MvFaNVU+MnAkIiIiIiKqLQwfKS8OOXbTHypxAAnM77SrqmrJr0e1LRgI4F9//ApCwdyDasM0yvammF+n6xIMZAmSJEGWKxs+MnAkIiIiIiKqXQwfKW92WUASQEAvbQAZ8F/pcq1o/CtLme17+QgGc5huXSkudzt8s7mOs/yxm82ulf2akhBQBCALQBYCslSpmk8iIiIiIiIqFJMcKogmCUiqQNiwSrYOZCBwJXxk5SMt5eCBdws4unxrPtqdzTmHj5VY89Fmt5X8GnI8bJTmwkYmjURERERERHWD4SMVTBGAogiEjdg07GLHN8nho6aVvwqLaouQ8u+GbppGEUeSmazk83e5/Kmc3Vb8f3OKEFCkK6FjhfroEBERERERURkwfKSisckCihSrgowUsQpyYnwi8Tg5fHxx8FlcCpxBODKOrqabcHvvnUW7JtWuq69dj9Onhis9jJKoREhncxRW+SjNVTLGKhtjYSMREREREREtHwwfqahkATgVAcUEQgZgWoWHkOcGzwEAWlpbAACzER9+cuQhqObZ2DUBjE/sxz9N/jNu6PszbGzZUPA1qXat7e0q6HjTNCBJ1dPdeb4KVD467FntJ3BlyrSUNH2aWSMREREREdHylv/8RKIMNEnArQjYpMKiB8MwMHRhCADQt6FvUfCYTLUm8MaZv8ZsxFfQNam29V+1ptJDyIoeDVZ6CFmxp2g4IwsBTRJwyAIuRUKDKqFRk+BWBRxz/+4VBo9EREREREQEho9UQpIAHIqASxGQk+aLDnlHMOQdyeoc5wbPwZqrnly3YR1+duKRlMFjnGqexbGxw4UNnGpeV3dLpYewJEOP5HxMJRrOOOw22GUBpyLgUSU0aRI8auy5TRZQpdi/dSIiIiIiIqJUOO2aSk6VYgHFzwdfwcDw30O1Yms4RkU7VrY9gNt770p7bHzKNQDMrBgBwi8teb1x32kAtxQ8bqpdq9a0Y2T4Ul7HmoZelmnX4dBsya9RDG6nHXa2nyYiIiIiIqI8sfKRyuLpU8/gzND/lQgegdg06fGJb+KZU/+W9rgjh44AAJo2tUCP/Kjk46T60NraWOkhZBQJ+xD05xeOlluqaddERERERERE2WL4SCU3HfLh3Ng/pH195vJ38eLgs4u3T8/g2JFjAIAtd0xnfb21zdtzHyTVlf7Na/M+1kLxOrUvZBgRXJ44jcsTp/M8Q/krEJ1OR9mvSURERERERPWD4SOV3KsXXoEMf8Z9xie+iVOX35237bWXX4NlWdj4sQ44pItZXSsqb8a1K67Ne6xUHwrpeG2aZhFHckVXtxOTIycQCeffEKkCSz7C4cyu2zURERERERFRKgwfqeSmQ2NZ7ffGu19FxPBDnetesfeFvWjc2Iw1K7NrIGOoO3Hvtv+W9zipfjidtqqZLrxx02r89//5e7jxxv4inK0CDWccDB+JiIiIiIgof2w4QyW3vvVqHJ5Zer1GxZrAvx39Bj53/Vfw9ol3MTU5Bafmhs93F9q60q/h12DvRH/b1Vjpyb/ajepP96pWnHk3u67qySyrOJWPdruGD33kZvzaXTtj41lTm38/7XZbpYdARERERERENYzhI5Xcjd3X4sBgO5SkZjPpiMh+vHD2FQy8FJuCHRj24T9e/Zto6+yEbgK6BZhW6dbko/qxoX9VTuGjkGKF4MUKHyGAvvWdiacrujoz7JzlKSsw79rhYPhIRERERERE+eO0ayqLHb1/DAPOrPY9efFv8ObR2FTr9et70d21Apok4FQEPKqASxGwSQJSJRbAo5qxtmdFTvsLUdy3w1Awgsd++BJEOIgGVcL6Ve1FPX+5uFzZ/bslIiIiIiIiSoXhI5XFjd3X4kPbvgXJvhtRqSfjvjL8aLo6Fnjcdtuuea8JAKok4FAEGlQBtyLBLguoDCNpgcKazhhFGcOZ02N49pn9gGVCCIGm5oainLecVq/OLcQlIiIiIiIiSsZp11Q2axu78Hs7vrjkfl/6P7+OC28PQJZlvPfWmzLuq0iAktSEw7AEdMuCYQKGBRicor1stbY1ornZjcuXs+suXaopzc8+dxi3774a7e0taG1twvTl2bzOU4kp123tzehc0Vb26xIREREREVH9YOUjVZWJiSm8/fYAAODGG94Dp9OR0/GyAGxJU7QbVQmuuepIRYgK9AqmStrQvyrrfZOnXVsFh9YWdD0CAAgGI3jm2V8BAFpamwo8b3lt3bqh0kMgIiIiIiKiGsfwkarKmwcOJR7ftntXhj2zIwSgSoBdFnCrAo2aBI8qwakI2GUBTYqHkowla50kYt9LTRKwyQIOWeDGGzbldg5JBgBYBU67jkRC8wLMgXeGAABtrc0FnLX8f0evvrq/7NckIiIiIiKi+sJp11RVTp06AwCQZRnbt20uyTVkAcgpprBaEDDnpmqbFhIfhgVY4PTtSpAgIEQsdhMi9tuS+HNJAAICkog9TuXmG/rxzRyuF6t+LHy9R02bX7F7+vQYgsEgOjvzn8JciSVNr77mqvJflIiIiIiIiOoKw0eqKvHwsa+vB7Isl/XaAksHk+ZcEBn7DFhzn688Z0yZipj7byJIRPowMXl7vkKhECRJgs/ng8OhIRiMZHWcLCswjChMy8z/4mn84oWDaOtoKeAM5U0fm1sa0L2yo6zXJCIiIiIiovrD8JGqRjAYxOjoOABg/freea+dmxnB6cunMeJ9F1d37cLWtvKuRXclmIw/S7/n4lDSSjyPvwbMDy+vPK98eBn/6uINTsSC1+JhIZIei3mP54eMEOWOzYCBgfPwegPY/+a7WQePACBJsbfEwtd8XOzfH9+P3/rEzUU/b6ks5/Ueg5FZOLTcOpPncwwREREREdFywPCRqsbJgXcTjzesX5d4/OjR/4WZmacgww8AeHXmR9gj9WD3xi+UPYTMRjyIA7IJK1MdPRdIJgeWiY2FD05ceXjlcwUCwlL613//JU6dGsn5OCEEZFlBKZqkB4MRvHtmooAzlPc7tG378lzvcWBkL2RZwvqOW3M6LqIH8O7Yq9i2+oMlGhkREREREVFtYvhIVSM+5Rq4Uvn4ryceg2/mR1g4AVs1z2Lvyf8dq3Z8H012dxlHWR4pA8F6SgdLbFP/qjTho5VU1SgS1Z3JFMWGSDhQknEdPHg272PLvebjtdcuv/UeR6YH8Mrph/E7t/x7zsc2Olfg5f0Po6NxPTobNpZgdMVXigpfIioNy7Lq6t9sqp+/REREVL/Y7ZqqxsjIGADA4XCgq6sT52ZGMDn13bT7y/Dj6VP/Wq7hUQ1xu+yJx4ahQ4+GEZ370PUIdD2CSCQA01y8tqMkyZAVtSTjunTZj+bWrpKcu5gaGt1Yvab6x1k0voMIRmbx0sm/ho4Awrovr9PIisDPjnwZwcgs4DtY5EEWRzzAqKcQg4hqD9+LiIiIlhdWPlLV8Hlj06q7umJNLp468Y0l/4JO+4+UeFRUi3p6VyQey7ICyLm91amqfemd8mR3tgBTuU8JL2fp65Yt68t2rYqKjABaF+A7iEPetzCjxypTp/xn0N24PadTeUOxX56EMYXnj38D93StBdzXXblGhWR7Y88AgKj6GYYBSarduoF01Y4L339YFUlERIUwTZM/S6pQ7f4fDNUdry9WbeRyOvHL4UNQ9LcrPCKqVZ2dTZUeQlqmpUCz5b5UQDl/fm7bXhvThgtmeIELX4U/OISDF3+Y2Dww9nzOpxq8tC/x+KJ3P8b9o8DoP8TCxzJLVVGUvC3VBxFVN4fDAZ/Pl7Jiv1Zk+z7E9yYiIsqXaZrw+XxwOByVHgotwMpHqhrxykeny4kD5/8pq7+cLtu6pXeiZWdFZ0tRzvOhu3fgllu24ctf+UFOXbOX4nS3IRLOdWpv+dLH667bUrZrVZRjI7D6z/H8m38ERb3yu7izl15HWPfBpmQXEod1H44OP5F4LkkCz48ex8d3/VnRh7yUhTfrqW7es91GRNXD5XLB6/ViYmKiZv+9pqpCiW9L/poW7sfqFSIiypYQAg6HAx6Pp9JDoQUYPlLZPH3qGQzPHgUAdDdux4fW3zXvda8vFj7Ka+Wsqh4NOHH7uvuKP1CqCy0tbly6lN/afXHnz0+gZ20HPviBHfi3f79S2WaaRuIjdsNkQZZVKIqW1XltjkbIigZDL16gWSwutwM9vSsrPYyymfYP46JvYF74GNZ9eOnUX+HOq76U1TmODj+RmHYdN2NcwuDYm+jt3FnU8WaysHJoqcepnhNR9XK73XC7a7/JXqZwMZvHREREVHsYPlJZ/N2Br8MM7Uk8vxh8Ef/P+BP45HX/E012NyzLgt8fCx+ttqElz2fAifdt+jrWNi6jphiUk9YWT8HhYzAYBgDc/7Fb8dLeo5ia8gKINaWRpIU92HPjdLfDO7303/W4ct14LZv1HucMjv9qXvCY2D61D4NT+9DbenPG44dnjuDA+UcXbZckgaHpoyUPHzOFifHH6T6nO8dS1yAiSmepn1VCiEVVjpZlpQwk4/ulOoaIiIhqC8NHKrnvHfp/5wWPcap5Fj888hf43PVfgWEYAABntxsu9c2054pKPXA7tuL2dfcxeKSM1qxtx6l3R2CaOiQpv7e6QNJU6/vvuwV/+3fPFGt4cDib4ZsdhWUaRTtnMWzc2FPpIZSVQ/PAslKvqfnSqb9Cm6sPHntnymPDug97Tv1l2nNrirNYw8xKqjXTMj1OdQwRUSlkqmjMFEACSPkaERER1RaGj1RSvxw+hLD/6bSvi8h+vHD2Fby/51YAQM9tsS7DurIZANDk2g674sKqxvXY1LIBTfban25E5eF02AAUFqgMDV1KPL7ttu146eWjOHnyYsFjAwAhybA7GhH0X1p65zJq7yjOepm1YtPK2+CPTmAmfA5Dl9+CX59IvBbWfXjuxFfwsWu/lfLYPaf+ctF0a0U40d24DV2N23Ht6vItC5GqujFVM4dUz1Odh4ioWNKFivHgMd3z5P0ZQBIREdU2ho9UUu9OvbXkPieG/g7v77kVmqbh7X+eRPevPYA//MxvlWF0VM96e2LVarKsQtcjWa/HmMmf/NeP4b99+VFcuDBZ8LmAWOOZbMPHct10dXa2leU61eQ9PfcnHp+fPIjXznwHM5FzAIBJ/2kcOP8odqz5xLxjBqf24ezU64nnTrkNt234Y6xpu648g0b6wBFAoiOuaZoZO8tmqoRMdS0ionTS/ZxKVemY/HjhhyRJsCwLkiTNOy4eQDKIJCIiqj0MH6mkAuGxJfdRrAk8feoZqKqKSCSCaCRahpFRvXO57InHxbpJcTltePCPPoz/+tD3inI+RXVUXeOZjs7WSg+hota0XYc1bd/Bz499Hacv74EQwIHzj6Kn9Sa0ufoAXGlIE9ft3ok7Nv8JHFpD2ca5VPAYf57p8cLj0lVDEhHlKzlojH+OP5YkaV7guDCYNE0zEUTGtzGAJDMDr4kAACAASURBVCIiqk0MH6mk+tpuxqmLi9d7XOjs+D/DprXD7wcikeoJYrI1MPY8IoYf27o/Uumh0Byn05Z4HKt+DENRbBmOSO3UqYvYsGFV4vmRo4NFGV+czd6IgG9i6R1Rnpus9vblNe06nV/f+kX87LCJc969EALYd+Y7uGfbXwCIPQ7rsWZG65p249e3frGsY8sUDsYDxuTP8Y+F29NNwWb4SETFki58TA4cJUlKBI3xaseF21NhAElERFQ7GD5SSb2/51acGN0MRX87436KNYG2Wzbg0lPTNRU+hnUfnjr6RUz6TwMALFjY3v3RCo+KAKCvr3vecyFS37wsJRAIz3s+MJB9h+ps2BwNWYaPpdfQ4IKq8sdC3Aev+VP87DBw3rcXwzNHMDxzBB5bJwbGnwcAdLl2lD14TLaw6jFd8GgYxrwQMl0AyeYzRFRMqaZbpwoe4x/J7zvJwWNyAMmqRyIiotrEu0wquU9c8xU8evhLSwaQnb0DeAc2RKJ6mUaWnUn/aRwdfiLRWKK39eZEheO+M99JBI8AENH9FRkjLbawUkKW1aKc99Ilb1HOE6fZsmuiVI4brda25pJfo9Z88Jo/xWNvjmMqfAIHzj8Kjy22lmiDshY3rPoshoaGMD09ndh/5cqVaGpqKtv40q3hmBw6pvucrgIyfp6F1yEiyiRdY5n441TBoyzLic8Lq6/jgWQ8cEx3HSIiIqp+DB+p5JrsbvzhjX+FczMjeHP4VYx7j8KKHIOMwLz9bGIKbdduh/dyccOdQsQrG+NTLAFgeOYINNmF7sbtiQqoVI4MP44p/xls6/5IYq04Kp/4mnZFV4KbHs3mRiTsW3rHEuvqaq/0EKrSh67+Mv7lwO9jeOYInKEt8PjvgM3owd5zry3a99ixY7j++uvR29tbkrFk6lK9sLoxHjQu/MgUQMbPxbCRiAqVqrnMwuDRNM1E8CjL8rxjk8WPi+Paj0RERLWF4SOVzdrGLqxtvB9ArLPsdMiHk5dOYdI/iunQGIaGRuBZOYuh40s3qSmXs1Ovzwse4wbGfz6v4hEANMWF/o474A2N4bkTX0m8fnbqdXzsmm/BY+8sy5gpJhwOL71THrZsXotTp0aKes5qCR/XrVu19E7LkENrwFbP72Bg4DRkI1apqiN9hfbx48dLFj4ulKqL9cLQUdd1jH7nW5jd+yKsUKgs4yIiypaw29Hwvtux4jN/sPi1uYAx+ZciDBuJiIhqD8NHqpgmuxs3dl+beP6j44/jzaefAgD4fH643a5KDS2hu3F72teGZ47Me97bcjOGZ4/Ma0YBxKonveExho9lFAgE8MorR5beMQ/vv/0aPPGTXxb1nIpqz/h6uW60+tavLct1qlk0GsX0dGzt2enpaYyPj2N8fBwAICO7KfJ+vx/Hjh3D1q1bSzLGdJ2uk8PH5MrH0e98CzPP/awkYyEiKpQVCiXeo7o++4eLpmgnv7+x4zUREVFtYvhIVaOjoy3xeHx8cl746Pf7EQgE0NTUBFUtztp92fDYO7Gt+yM4OvzEotem/GfmPR8Yfz7lNGxNcaHVta5kY6T5AoEAnvv5Afz4X14vyfnb2xtxy67NePW1zGuY5kJRHUU7VyH6+lZXeggV89Of/hQ+X/GqT48fP46Ojg50dHQU7ZypLFynMXkqdbzycXbviyUdAxFRMczufREdv/u5ecGjaZopp1sTERFRbWH4SFWjPSl8HB0dh66HMT4+jqGh+d2Fb7nlFqxcubJs49q17rOI6P6M6ztmPL73s7Ap2VVMUWGi0Sie/8XBogaPqcLu3/gP7y1q+CgrGoQkwzKNNHuU/kbL4bSjo7O15NepVk6ns6jhIwDs378fd955Z9F+YZKuCUy6ysd4+Mip1kRUC6xQCIZhzAseM1U+Jo5jIElERFT1pKV3ISqPzo52tLe3YOeOrbhw4QwOHTq0KHgEgDfeeAPRaLSsY9u98Qu486ovQVNi1ZhT/sGsjtvW/RH0d95RyqFRkmPHz+CHP1rcBKQQmzevWbStvb0RN93UX9TrqBWufly7pqui1680l6v4yzz4/X4cOnSo6OcF0gePqQJIIqJaEW+GldwIa+EHsPiXMURERFTdGD5SVYitkXYEt71vJ3p6Mlc1RqNRvPjii2UPIHtbb8b91zyCVte6lE1okmmKC3de9SXsWvfZMo2OTNPEv/7blYpHyzIRDM4iGg3DTFtRmNlVm9JPQ962pSevc6YTjQbTvlaOio61Pd0lv0Y127BhA0IlqBAcHBxMrBlZiKVutBeGjsmPiYhqRar3sOTQMR2GkURERNWN4SNV3ODg/9/efcfHcdf5H3/NzFaterdkW7bl3uTuOHYU4yQEJ04jCSGQg8DBcbk7+N0BCUkIIRztfuS44zgCFw740dNMOVI4hzQ7dopL7MS9SbZVrd5Wqy0z8/tjtetdaXe16pL9eT4e69md+c53vmNZY81b3/l+K9m2bRuNjY1J79PW1jYuAWSao4Abl3yHNHv8cdxm5Kzj9mU/ZGbO5WPYMqHrOqdPX5gpXVFUHI40wMTrdeP1dqPrfiC5G5Tbbl3PVx/+SNztS5aM3GzGAb8nwSPXY6O0tH8Pz0tJVlYWNpttVOrevXv3qNQbEutx7MibdyGEmCwir13xhpoQQgghxOQjYz6KcRN6JDHWo9XJCAWQmzZtGtNJaOyWVG5c8iid3vP9ttksLnJdpWPWFnFBrH8DiqJgtTqwWGz4/V58Pg8KCharDU2zoiixf/8yu7SA227dkPB4eXkZZGe5aGl1D7vtiXo9jpXS2Zd2+AiwbNkytm/fTlZW1ojW63a7qaysZObM4QfW8W6+Ez16LYQQk0WiR65jkfEehRBCiMlBwkcxptxuN42NjRw/fpy2trZh1zdeAWSao4A0R8GYHU8k52//ZjP/9eM/91uvKCo2mxPTtBMI+AkEfPj9XiyWYAipqlpU+VOn+wfLffn9/hEJHgGMQOIevGNxYyXhIyxYsACPx8POnTuxWCw4nU5sNhsWy/D/q6ypqRmR8DFS3xvyROOjCSHEZDDQdSxy4hkhhBBCTB4SPopR5ff7aWhoCL9GInDsa7wCSDHxbNy4FEVV+MFjf0TT+j9CqygqVqsdq9WOrvvR9QBerxubzYmmRf/bqalppLg4L+6xzpwZOKCcLFwuJw6HfbybMSGsWLGCFStWUF1dzcmTJ8PXLY/Hg6qq4Ueznc7gBEGR6+IxDGPEZ9LuezMea7uEj0KIySbRtavvdU8CSCGEEGLykPBRjKo333yTurq6UT9OW1sb+/fvZ82aNaN+LDGxXb5uPl97+ASu1DxSUnNR+vRqDNE0a2/gGHuW6YrKuoThY3e3dySam6TRvcHKzEwb1fono6lTpzJ16tSodU1NTXR0dNDd3R0eo7a+vh6v98K/hZaWFgKBQLi3pNPpJDMzk7Vr145Ju6XnoxBiMpNrmBBCCHFxkvBRjKo5c+ZQVVU1Io8tDqSyspLi4mKKixPPli3GTyik8fv94bHoLBYLmhYMCO32ofe+MwyDnp4eXnvtbSyahe6uBro66nG6srE70rE7MwZV37lziSdAUtSRCwQtVkfC7SYGKCqYozN+X2ZW+qjUe7HJzc0lNzd3vJsRUzI9hYQQYqJL1JNbCCGEEJOXhI9iVE2ZMgVd18ckfATYv3+/hI8TiN/vx+124/d2EWg9iNp9Aq37JIq3FrQUTNWJr3dpak701OVY8tbhdDqx2+0JH6P3eDx4PB78fj+qqvL2W+/yzr5jHNh/DFXVUFUN0zTw9XTgcbegqBoOZwaOlCxs9tQB2z7QRB1Ll8wa9N9HPImCUacrG0dKNgHdh9/TjmmM/AzvWVmDC2bFxBV5ky4360KIySjyGibXMSGEEOLiIOGjGHVlZWUcOnRoTALIzs5OOjo6SE+Xnlzjye/301K9D6XpVSztu7B1n8BmJPmY8gnwpS2nO205ZKzCmn85drsdm82Grut4PB6qqup4fcc+3th5gKam+OOIKoqKxWLDYrFhGDre3iDSZk8lJTU3Yein6wP3bJw3t4jjJ2qTO68B2Oyp+LxdUZ/TMouwWHsfC/epKCkafk8Lhj6yAWRmljx2PVklmgE20faRYs8vIHfDFdiyo3uE+lqaaNr5Ot6Gi2dsVCHE6Bvo2iVhpBBCCDE5SfgoRl1ZWRn79u0b1fDR5/Ph8Xiw2WwSPI4zv99Py7EncZx+aMh1aJ370Tr3Q+3P4KjKMc8aurR5HK7J4p1DzVSdqx90naHekFis6LqP9pazoKhYrc5wT8hQ+HfDjeu5++NXD1jnJz5xLQ899HMC+sjdDGkWG2kZRf2CUZvNic8HOLPxe1oxdN+IHTMjXcLHi8FY3pTnbiin6JbbyN1QHrfMvC9B084d1P5hK007d4xZ24QQFxcJHIUQQojJT8JHMSY2b97MU089RUFBAaqqDnp/wzDw+YJhi8fjAaCnpwfDMDBNk7y8PJYsWcLy5ctHtN1i8DqrXhpW8Lj9WBFHarJo6HTS2OGgsTM0IUxt72u4FDTNgqZZMAwdXffS7e4JTumiKCgo2G2Jx2AMmVGSz7o1hTz/wm7sjnRs9tS4E9wMRNUspGdNw+nKjlvmQgCZNaIBZFa2PHZ9MRqtG/Yl3/k38q7clFTZ3A3l5G4op3H7Kxy87/Oj0h4hxMVFwkYhhBDi4iPhoxgTU6ZM4cYbb2Tbtm243e6kekEGAgH8/uDjpcXFxSiKQn5+Pna7nYyMDDIzMykqKsLhSC4oEmND6TyKYk3H9HcMet8fvbyI144VjUKrYlNVDZX+YeFgbnxsNnt4XEkAS29PSovNgabZkhpfEiAjuyTJ4znx+5VgANnTjhHoSbqt8WTJhDMiSeufexF7Xv6g98u7chPrn3uRXVvePwqtEkIIIYQQQkxkEj6KMTNr1izuueceACoqKhKWlVBx8rJ7DmE4C9EHGT6OdfCYSENDy4BlPB5PxIzdwXElTdPAMHR6PK2YbgOzd3ZqzWILB5GKqmGxOlBV7cJ4joNk7d0fIOBV0f3dQ6oHwOGwU1g4MWdwFhPL2id+N6TgMcSel8/aJ37H23feOoKtEkIIIYQQQkx0Ej6KcTFr1sjNFCwmFkNLRXEWobjPYerJ9crbU5E/YYJHgKam1rjbAoEAO1/fw7b/3dVb9sKEN4qiomnRfSkNQ8c0zeDj3V0ewIyaSVtRNTTNRk7B3EG1UdOs2GyhOiwEvIPvaQpwx53XUTp7+pD2FZeOxd96FNes0mHX45pVyuJvPcqhB+8dgVZNXOkLF+Esnkbbu/sv+kl3tBQX2WvXEejsoHXv7vFuTlKyVq3BkpZOy9tvone7E5adjOcnhBBCCDHRSPgohBhRqj0P9C5U1wz0jmNJ7fOLnYML3sbTq6+8xXcf/XnS5dXIMSD7POFtGDoApqkT8HsG3RNS06zY7So+FBTVgt8zcI/NSPMXzOLOj1w/qH3EpSd3Qzn5V13Tb7274jTHH/020++8i9zyjVHbmna8xrknfs28ex/oF1rmX3UNuRvKBz0JTfGtH6LoxptR+gzb0XHoIMe+/fVB1TXaim65jcIPXM/Zn/+Uyp8+Pt7NGVXpCxcx9wv34e9oZ/dHbo/aNuWGmym+5Vaadu7gzM/+O6n6hrLPYM24+69JW7CI49/5Jue3/Zm5X7yf1DlzOfuLn9H8xs6osonOTwghhBBCJGfwM38IIUQCtuLNAKgpxajOwgHLH6nJiphUZmLz+Xy88vJbI1ZfaAZuTbOgB7xDrsNmTwk+1p2Sg6Ikf1n/6F/dMKRjiktL0S239VvnrjjNoQfvo+2dvRz+yv20vbM3vC1y3aEH78NdcTqpOgdiz8nFNbMUZ1Fx1MuWk9ywAat/+QTrn3uRrFVrBn3sIVEUFG1oE1BNRrEm20qdPYe0BYtIX7go6XqGss9QKKoSbnP6oiWkL1hEaunsBOUvna+lEEIIIcRIk56PQogRZclZhd6+Cb3hFbSMRSi2HIzuakx/e8zyJbmd4ceQVVWB4LzT46unnqbK17HllGG327Hb7Xg8Hh79zk/Z/05yvTkHK+Dvxu7MHNK+qqphd7jw+TyQkk2gp2PAmbBv+eDVrF69ZEjHE5cOx5QicjeU91t//NFv464Mhop6Tw+Hvvwlyr73GACHvvwl9J7gkAvuymDvyBU/+knU/rkbynFMKaKnbnAz2Jt6gKonfkPFj3846HNRbfZB7yOG5+S/P8rJf3901PcZrr2f+OiYHk8IIYQQ4lIj4aMQYsTZZ92F356Nr+Z5VGchqrMQ0/Bj+tsx/R3Bl68VTAOXPcA/vv9dnnp7GueaUsJ1qGqoB5+C0vteVVRAidg2OqpqO7G+exeGlkpn2kpqLMv4zTYfb7x1atSOqQcSh4UDURQVmy0Fn09BcWTi93bEnQl70eLZfOaeDw/reOLSECt4BJh+5110HjkUDhl9Lc3hcRx9Lc1RZafedkfcuqufeXLE2jr/y18lb+Mm3JUVpC9cjGqx0LL7LQ7e/0VW/exXuGYGxxpe/tiPad3zNu/d93kWPPQIueUbUa1WAl1dVD3xayp/8l/Mf+BhcjeU0/zmTvLedzVGTw/H/uUbFG6+PmZ5gPkPfIXC67agWm3oPZ647Vz+g8dJmTkLRdOwZWVjeL2c+80vqXj8MUr+6m6Kb7sDe14+iqZheL1U/+5pTv3Hd8m5fANz/vGLpEwvAUUh4HZz7tc/p/HVl1nw0COkL1oCioLh81L3/LOkzVuALSuLQw/ei5biYuEj30BLcXHy3/4vdc/9idW/fAJLahoH7/s8RTfdwpQbbkJzpmDqOs1v7uLwVx4gbe48Fjz8z3hqarCkOElftIS6F56j4aVt4bYYfh8oKoGurn7nuvbJ35MyvYS65//EsW9+jZmf+lum3XkXltRUME08NdUc++bXaI3oOdt3n3hf16qnnmD+g1/B19jIO3/3afRuN7P+5u+Y9pG7qP/z8zinTid90WIsKcH/V9yVFRz95tfoOPReVBsLN29h3n0PYPj9nPrP71H37B+j/q4TnZ8QQgghhEiO9sgjjzwy3o0QQlx8tPQ5WLJXYPi7MXrOoyigWFJQbVnBQNI1A8Weg2JxMT23h81LzrFx4Xmm5Xpw2nScVp3GDhumaWIaBqYRnEnaMALouh/DCIQ/m5gYpoFhGoAS3Mc0AVCUwfek9Osqt6+pYPvRXH79koNnXmzj9Nm2gXccBtM0sDnSh/Von6IoWCzW4HvViqKoGIY/qozTaednv/j2sNoqxl/o33fo37ppBicyCr10XQ+/up/9w5CPk3P5BrJWruq3PqVkBplly2h+cxe6Jxi0BTo6CHRET3y0+FuPxhwvEsBTW9NvfL1EslauJqNsOYoC2WsuI2/jJjKXr6SntgZ/ezu55RvJXLoMTJO65/6EarOROmce3vpaGre/SvrCxZgBP6f/6wc0vvoyeRuvouimW2ja8SoH7/1HMpetIHvtZbgrKzADfnLWX0Hq3Pm0v3eA5jd3YklNi1s+f9PVTL39TrqOHePsL36GLScPe24e7e8eoHXfnqjzmHLdDbhKZ9O2bzfVW58ifcEiXKWzaT90ENVqxZqeQe3//J7mXa8Ht82cRefRI0y7405S586n8vHHqPjRf6J3d9O2dw+FW24kZ305NX/YytF/fphAZycdhw9iy8klbe48Oo8dw56XR8669SiaSk99PZgmUzbfgKemCm99PSUf/yQ95+s5eP8X0FJSyF1/BarVSt2zf6Tg6mvJWrESU9dpen07zW/uZOYnPo2jcApVT/6ajkMHSZ+/gIDbTc3Wp6LOVVFVMpeWYXi9dJ+ppPSez6L3eHj3n/6B1n178DU10fDKS5h+f8x96l94Lu7Xtf3APuy5ebhmleKprsJ9+hTT7vwotuwcqn77K+x5+XSdOEb1009gmgaZy1agYNK0cwdTrrsBe34+zbt20rpvD7bcPNLmzqe7soKOo0dY+PDXkzo/MfJSbrwFTdOwWCxomoamaaiqGl4qihJehv5/77sUQgghxMQjPR+FEKNGdU7BMfdvMLpO46t+AaNtf3iboigotgywZYArONvy1Owuiqe1s9nfjumvxgx0U9/u4Hybg4oGF11eK5WNLrq9Gk2ddpo6e6d7jpg9Wic6bBuqZ3aXsnXP2M7Krge8qJp12PVYrQ5U1YIfBVWzcdnqWezYvofS0mn82388MAItFQIyV6yi7HuPcejBe/FUV/Xbnih4BHAUFAz6mIqqkr6kDHona/I2NtL46st0nzsLgN7tpuLxH1L/5+eY/+Wv4iqdg7NoKnXP/YnZn/0nTMPAffoUrXt3U/KxT4Ch07xrJ56aajqPHyVt7jzSFyzCU1sDpkH7ewc48Ll7AFj2/R/FLZ9RFgzHzv/lf6n5/TOkLVhI2vwFcc/D19xE1ZO/pXXvbjKWLiN3QznpCxZS/cyTNG5/ley169AcDjw11TiKisKT7Kg2G9mXXU7X6VOc/uH3Aci76hoUTSNz6TLa3ztA5X8He2K6ZsxCKd8Ybofu6cYMBLDnF5BSMgMtxYm7soKsVavRHE6admyn/d0D2HPzyF67jsxlKwAwvD3onm4qf/rjYBh57Wac06bjrjjN6R/+J1mr1lB43ZaY5+muOB3uHRtiy8piynVbqH7mSc5v+3NS+8T7unYcPUJG2XIyli6j8+gRXDNL8VRV0fT6dppe3076wkWklMzEfeoUOevWQ4xe896G83jr6zD1AAC5V5QnfX5CCCGEECI5Ej4KIUadmlqKY/5nMdxV6K378LcexvScQ+nTK0+xpqJYU4FiAEwjQHFWO0X+dpbNbcf0nQczELVPV4+F0+dTw+8rGoPvu70alY2u4HufFvVI90AcNn3Mg0eAFKeCYrHi8w0/QNU0C6rDhc/Xw4MPfYYHH/rMCLRQiD56e2CO2eEC/iGP+diXoqrhx5EXPvINAAxfn+EPIn6xkai8oqpgGkN6NFf3dKNYLNiysplyw82U3vMPWDOzMLw9KBYr/vZgr+uq3/4ae24+mStWkbVyNR2HD3L0G49Qs/UpUqZNJ3PFKhZ97VvM/OvPcPJ7/0rniWMEut2kTAv+csff0Y6/rY2U6dPR3cF2dh47SsbSMlCU8Ln629sxvF4saWkXGmmamIFA77lqKKqC4Y09rEM8HUcOU/30E0y/6+MUf/B2ptxwE/UvPDesmcrb9u9jypYbyViylO4zldiys2l+6w20FBeLvv5tci67HCMQANNEcziSqnOo5yeEEEIIIeKT8FEIMWZU1zRU1zSsU2/G9LWgN+1Bbz+E3l0NMSakUVQLij0H7DnhdWagC9PXiuFrw/S1kurwU1Zy4ZHo9fOa4h4/1IuyvsNBQ3vwRtQ0TY7UZOBy6MzIdZNq9+N0qPy/HfNH8MyTE/D3ULZkGucb2mhoaEPXjYF3SkBRVOz2FA4erGTJkpkj1Eohglr37ubwV+7H19ISc/uhB+9N2Pux5/z50WzegEzDQPd0c+K736Hu2T9GbSvc3L+nW6Lyy3/w+JDbYcvKwgz48dTVUnDNtag2G8e++Qh1zz8bHB9yRvB7t/Wdvey5+yNkrVjFjE//LZnLVjDjk5/m8Fce4MDn7sE1cxYzP30PeVe+j5KPf5J3/+mz+FtbcRQUAtBddRZfczPZ69bjKp2Dv70d9+mTZCxeEgyRe3sFak4nisVCoLNzyOcUz7nf/opzv/0Vxbd9iJK77qbg2s10njxOzdanh1Rf8xs78VRX45w2jayVqzECAdre2UvuFeVkLltBy+63OPTlL5F35fuYd5/0+hZCCCGEGC8SPgohxoViy8ZSdC2WomsBMP2d6B1HMTpPYbjPYnjqINC/F5FiSUWxpKKmTAvuF3Bj9gaRhq8VjPgTtxRm9FCY0UPZAG17ZnfpkM9rOFpbWtA0laIp2RTkZ1Jb10JDw/DHmjSM4YWY4tLla4kd5jduf5XDDz+A0ZO4d1iiANJ9+uTgG6QoWDMzo8JBvaeHlrffTG53VUVzOgHoPH6MzOUryV57GQ0v/4XcK8pJX7CIih//KOa+icq7z54hc8UqctZvwNvYQMai3pnk40yOZXG5yCxbjpaSQvqCxfiam4N/H9dcC4qK6nBSdOMt4YlpNKeTGXd/Cn9XBzVbnyZz314yFi9BczqZevuH0ZxOqrc+TfOuHWSvWYvmdKJ3u/HUVJG5bCWmadC963X8rS1oDgcp06bTdfI4HUcOk7ZwEQX6ZrJWrcGeX0DO+iuwpqXTeOpEzLZ3n63E396Oa2Ypee+7mowlS7FmZKC73WgpLvRud8z9UqaXUPzB22na8Rr1LzxP7vpyslauxuJMvld6LO0H3yV1zhwylpbRU1dLw8t/oeDazcG/fpsNW1YWeRs3oTqcaL3HMg0DFAXV3n8G9KGenxBCCCGEiE/CRyHEhKBY07DkrIGcNQAcOXyCIwffo/bsKaxmJ7MKfSya5ibbFR12KBYXisUFKcVogBnoDoaR/tbgUh/8o3MbF9T2PnZtYhjmqM+uHYumqUybmktOThrV1U10dsafPXcgbrc8PiiGpmnn68z7Uv/1VU/+pl/wuPhbjwKEZ70Oqd76VMzwsWnn64NqS8DdBYpK8a0fovjWD4XXdxw5TOOrL/Urb/h8YJoo1uA4qt3nzpJXvpGl//ofNL76MhWPP0bWipUUXH0tBdd8AEwTd2UFja+9EvP49S88G7d8zdanyCxbHtx29bW4KyvQu92klJTErEux2pjxyU+jWCz4O9o599PHg+fx2iukL1zMvPsexPB56Th8iNS584PjSi5bTubylcy798HgTNF1tdT8fisF115H/lXXUPr3/wcAf2srtX/8PQDtB98je806TEPHXVmBr7kJU9exZmbhPnsGgJqtT5M2Zx6F121h/bPbwDTpOHyQ6qefiNn2jiOHqf/z80z/6MdY8i//SqCri+6zweVS+wAADy9JREFUZ7Hl5pK1ajVNO16LuZ9z2nTyNl3NtA9/FBQF0zBo3f0W1b97Jmb5ePp+XVv37qZw8/VYs7JpePVlAJpe38GULTeTvXoN6373LJ6aajzVVaSWzsaeX0D7wXfJXL6CuV+8H0d+9NijQz0/IYQQQggRn2KaYzxgkxBCJGAYBn/6n5d4+aW3OXnibNS2smXzuP6aBaxbbCHQdRrTUwee2oT1mbon3DMyGEYmF+JtO1jIj/7SvwekoqjBmbv7zEqtKiow/Jk2P/fhbGq759Duz41a39zcQVV105Aexb75psv48B1XDrttYvxEzm4Nwe8T0zTRdT08u7Xf7ycQCOD3+/H5fHi9Xnw+H02f/tiwjr30u98nd0N51Dp3xWkOPXgf7srTQPTkMg0v/yUcQLpmlrL4W9/BNSv6e6lp5w7e+8LnhtWukZK1ag22nBy6ThzHXVkx5PJaiovstesIdHbQunc39vwCAl1d/XrKhR6lPvatf0bRNFr37Y0q45o5i9TZc+k6dQJ3ZUVUPa6Zs0idO49AVxfNuy6Et/b8AjLLlmMEArS8/eaQeueF6vY1N9O6d/eA5dMXLsJZPI22d/fjbThPyvSS8MQ/iWStWoM9L5/us5V0HDk86HYORs76KwBo3vU6WooLS2oq3obkHvcf6vmJ4cn9719is9mw2+3YbDasVisWiwWr1Ro183Vo1muQ2a6FEEKIyUDCRyHEhPLittf5wfd/G3fSlaKiPO69/1MsWBAMMwxPLUbHCQKdpzC6KqCnPmH9pu7tDSJDYWR33LL17Q7+Z28xh2vSBzVhzXD88fO7AOgKZFHbPZsazxxqPXNwBzLQdYMzZ8/T1ja4YOHmm9by4Ts2jkZzxRgZz/Axd0M5S7/7/X7r3RWnOf7ot5l62x39ejY2vPwXqrc+xbx7H+gXPAK894XP0bRzx7DaNVmFwscjjzyUVMgnxKVEwkchhBDi4iSPXQshJpRdO99JONtzbW0jr778Zjh8VJ1FqM4iLAXBcC3Q8g6BlgMYnSfA29Bvf0WzozgLwRmchME0fBeCSF8rZuBCsFeY0cNnrjod/lzXFpyoprPHQmXvrNoAlY0uur3RPSGHIsWuh9+nWlqZm76Huel7AGjz5VPrmcPsjDkcOJdPZVV30r0gfT4/7e29E/qYenDGcDOAEfCjBzyYRgDF1DENP4pigBEAdDACKIqBLXcNTqcTi0X+y7gUNe3cQeP2V8i7clPUetesUlb86Ccx98m/6pq4E800bn/lkg0eQwyvV8YOFEIIIYQQlwzp+SiEmDBaW9r42F334/cHEpYrKZnC4z/5+oD16W3vEWg5QKD9OIq3Lqk2mIa/TxjZf9KbMaNoKJYUFC0FLK7e9y6wpNDlddDpUTD0AJoKmgqqagaXSnCeC001UVWwaCqaagImCoO/5OtKCn77DNQpW8gsGPtZwMX49nwMWf/ci9jz8odVh7exgV1b3j8i7RFCXHyk56MQQghxcZJuLEKICaOj0z1g8AjQ0NCSVH1a5lK0zKXYAcN9Br3lHfxtR/C1VWCzxt5HUa0ojnxwBEMW0whg+tuDPSID7uDs2gF3sPfgSFPtqLZMlNDLkhq3aJrDR5oj2Yr1gYskoJndaD1HMM6cosNzE+kzNg+rPjE57dryftY+8buYj1Enw11xmrfvvHWEWyWEEEIIIYSY6CR8FEJMGE6Hg6zsdFpbOhKWmzGzOO62UL++yD7dJkDKDNSUGdimfpBv3vcwWepZSotMSgoVpuarpDpj95hQVAuKPQfsOdHHMXz9A0kjAKYf0wgMHE6qtvBM3Yo1PRg2as7E+yRgmgboPcHZvXUPpuGLW1ZRNNAcoFjA8GIa3ui/MEVFUe2g2S8sFQ3V9GE27wAJHy9Zb995a9TkMsmKnIRGCCGEEEIIcWmR8FEI0Y9JMIsyB3hP321cyLAulDUvlO27vc9nMrKZNX82+954J2H7ps+fy5nu0GOoEfsnKbe0jG2/q+WliMPMmaqzYJrB7GKTkkKV4nwNVYlfq6LaUGw2sGXFLRMOIY0AphlAUS2gWEG1oijqIFocqs+H6e8KhouhkFHvCc7gnSBsHDGqDX/uVXi8Znheb0W5MMe3Aigo0euU0PrelxJZts/2GO/F0I3WI4iHHryX3A3lFN1yW79ZsPtq2rmD2j9sveTHeBRCJE8enxZCCCEuPhI+CjGJGb3Bn2GCQTCIi700Y6+PqCNy23gOBLvyirVUHK+ktbk15vaZc2eyeHUZxjAaubp8LWdOVHD84PHwupPVGierg5PG5Bflc/PHbmPNIjvW7pNo3Wew9tRiDTQN6jiKagEsoA0+SDNNHdPfEX7h7wgGjuPJ8NFTcD2+hJ06R+5fTyiEVLkQRqqhZZ9twaUSZ31wqUbUcTEayxv2pp07aNq5A8eUInI3lJMyYyaOggIAes6fp/tMJU07d9BTVztmbRJCXJwkjBRCCCEmPwkfhRgHobAwKjTss84wzXAg2DdcjAwdLzbL1q3ANE1e/MP/cvbkmahti1Yu5tpbr6N0wexhHaOopJjNH9oCisLx945FbcsrzGPz7VtYdtlyfIAvbWHUdlvnkWEFkomYgS6MniZMbxOmv33E6h0pXQu+ja9wy5gdLzIUTy7TTO4bIjKE7BtKhj/3BpmR62KVG2/xbsrHagKGnrpaqp95clSPIYS4dAx07ZIgUgghhJicJHwUYoSYgG7Gepkx14v4ll++kvyiAqoqztFY34CqahROm0JJaQm5hXkjcoy5S+ZTPGMqR/YfprGugUBAJzsvm7mL55FfVBB3P1/awriBpMVzBs3bCKaOYhoo6ICBYhoQ+mwaKBh0dBkYhoFLa0YLNAYDR907Iuc2GtxzHsI79c7xbsaICIX2ib8PB/4m1ZRYLyXm+rG6XVYURWZ+FUJMapHXMLmOCSGEEBcHCR+FSEIgRngYiBEqXow9EcdL8YypFM+YOqrHcKWlsrp87bDriRVIxrP/jT2888Zezp06R2N9EzZ7EfOXbmTZmiWs23QZmEZveBkMKkGH3vfBdcFAM1Rm92u7eO25l1AVM9gjTzV735sR72HFujLWXLmmNwjVe+vtc6ze9eEyoeOi0zPjU8P+e7rYxP5FQv+LgBojjLT0CSktvcuhineTLjfuQojJJN51TK5lQgghxOQm4aMQfegmeA3wGeAzzN7leLdKXAzefXsfzz3xLHVVdeF1Pq+f9/Yc5uC+I7i7/Vx10weA5EdOrOk4zqnzGQOW00qms6zg+qE0WwyT0fuLCX/U2v5fYZsaeinYe98PNpAM3aRHvoQQYrKQa5gQQghxcZLwUVzy/EYobDTDoaM8Fi1GWktDE68++3JU8BjJNEzefOVNZi+cR8mcmUnXm5qellS59Mz0pOsU4+PCLzqCFyBNIRxC2pTg0hKaLVxRMHunek/UU0hu3IUQk0mia1fkOrm2CSGEEJOLOt4NEGK8tflNGrwmbX7w6BI8itFx9tQZThw6mbBM7dlajhw4NKh6i2dMx5HiSFjGZrdSunDOoOoV4083oVuHNj+c95p0BKIvTn1v0GP1GJIbdCHEZDLQdUyua0IIIcTkJOGjuOTZhzPQmhBJaqitT6rc+arkyoXMXTKPDe8vT1hm1RVrWLpm2aDqFROPXY1/0x3rZl1VVVRV/psXQkweoetWsr9IkSBSCCGEmBzksWtxyUvVwO5U+o3xKD0gxUjStOQut8oQwqKrb3o/AK88+xKGfmGAUqvNyprytZRf975B1ynGl0UBa8QYkNbex65j6XvzHQoeQ0shhJgsIq9dsa5tQgghhJicJHwUlzxVAXvv2GoQ/MHWMHvHXzPB3xtI+o3grNdCDEVRSXIzd5fMnjHoutOzMvjg3bezdPUyjh88SmtTK2kZacyYO5OytcsHXZ8YW5beYNEaChp7x3hUo+6zL4zxGEvf3o7S81EIMRnFuoYl86i1BJNCCCHExCbhoxAxqAo4NAiOpBf8gdYk2Buy/8uMuV6ISFNnTads7TLefftA3DKz5s1iXtmCIR9j9qI5zF4kYztOBArB64jW76XEWBe6ygyi/t4JZ+KNjxa6adc0bTROTwghRoWmaQkfvQ6FjBI2CiGEEJOLhI9CJEkh2EPJ0u/n3f4/AOtmsPdkOIwk9PlCUBm5XbLKi196ZjofuP16ujq6OH30VL/trjQXV15/FVOmFY1D60QyVKIDRTUiUAy/J3r7SIqc4Tryc6Lg0TRNFIcDs6dnZBsjhBAjTHE40DQtYQAJsYeaEEIIIcTEJuGjEKMgFD5Y+23p/wOySTCIDC0NEwzA7F1e+GyGP4f3iSgTWY+YmEpmz+CWu2/jvbff5eTh49RX15HiSmHRiiUsv3wF85YOvdejiC3UA1EFlMhln3WqosQsq/aWDW2baLe4kYFkKHg0DCMqfEy/chPt214Y55YKIURi6VduigofY439KEGjEEIIMTkpZqJBpIQQk07fIDIUZPYNOU0uBJpmgrJmjHVCjJTIUE8JhXwR7yMDwwvblKj91Bhl1Yi6Lyah/7JDS8Mwgt/HhhF+6boe9QoEAtQ//hgd21+RHpBCiAlHcThIv3IThZ/5eywWSziA7NsLsu9EWvIIthBCCDF5SPgohBiUUBgZfs+FcDJ0MRnwc586gmXM6O0R+9JnX8w+nyOWsbb1e9/nqtf3IhjzojiKwasS/iPG+kSfldjblMilEmNdxLZ+62OtI+Imr0+56DIR72PUFbVPn/1FcvqGj6Zp9gsf44WQoVdoW2RwGaonsk4hhBiOvo9KR/ZkDPXODi1jvSJDx1iTz0j4KIQQQkwe8ti1EGJQIkOmqJUjUrMQIpHIcR77jv/Yd2brvttDZXRdR1XVfsFjZPm+4aOEkUKIgSQai7HvuLSxAsjIZazQMVbdEjwKIYQQk4OEj0IIIcQkFXnjHTn5TKzHEhVFCY8HGSt4TBQ+CiHEYMULH/sGkJGvWJPN9N1fCCGEEJOPhI9CCCHEJBTZCxKImmwmtIwsG1ofr8dj36UQQgxXrEekYwWQfYPIWNult6MQQggxeUn4KIQQQkwifR+5jhQZPMabBTsUPgISPgohRlW88BGIChUTvR+obiGEEEJMfDLhjBBCCDEJxZt8BgiHi7EerU40uUy8HwnkRwUhxEDihYGxHr+OfB/rkWwgavgImWRGCCGEmNz+P8Xtzo7g0pawAAAAAElFTkSuQmCC
----[INFO]----Unable to locate elementPatient Module
----[FAIL]----Element 'Patient Module is not present
----[FAIL]----Element 'Patient Module is not present
data:image/png;base64,iVBORw0KGgoAAAANSUhEUgAABR8AAAJmCAYAAADVS/dbAAAAAXNSR0IArs4c6QAAIABJREFUeJzs3Xl4lOW9//EPkH0SlgATkCVkoUQYIkohGCuWoKCnINLaH6Di8YALVY+gBa1iqhb3pbgcW2Q7FlCwrUWFUwVMUNRAWATDgEGTDIlEyYBBSIaBrL8/spBlZjJZJjOB9+u6vGqeeZbv8zxjox/u7313qqysrBQAAAAAAAAAtLHO3i4AAAAAAAAAwPmJ8BEAAAAAAACARxA+AgAAAAAAAPAIwkcAAAAAAAAAHkH4CAAAAAAAAMAj/LxdAC48JRWVCujcydtlnBcyzAcabYsw9laE0eiFagDPKbbZlGM5LJvNpmyLRZIUExUlg8Gg6KhBCjUYvFwhAAAAAMARwke0q7RvT2jdoVNKio/QlIFBIoJsnmKbTVtSt2pLSmptAONIqMGg+OEmJSYk6PKE0U0GMwsWPuowyHTkLy//WTFRUW7tu2BhssvPp06epMQxCQ4/W7J8hbIth926zgtPLaq+nvv3IZ0Lr0JDDYo3mRRvGubWvWWYzU3eW4140zC98NST9bZNnDK12ce6ez1JmnP7LMVERTXreTiq0xlPndeRLalbtf6DDS6/75IUYTQqcUyCrkka5/b3EwAAAADgeYSPaBe5P9q17JM8bTYf05iRA/RB3hltt5ZoysAgJRoDvF1eh5C2I10vvfqaim22JvctttmUtiNdaTvSFWow6N2317RZHVtSUhVz+2y39s0wm11+nmOxKH64yWE4mm2xNCtIbIm6gVbajnRJVYHk1Osn65qkcR69dnM19SzrsrnxHfF12RaLXnrltSZDxxoFVqvWf7BB6z/YoFumT9PMGdM9XCEAAAAAwB3M+QiPKq+o1JLUXP32f/Zos/lYvc+OnanQ8m9O6yVzsbJOlXmpwo5hc0qqnnjmWbeCx4ZacowrW1K3ttm5im02rVm7rs3O1xayLRa9+MqrWrAwuc2fHdyTbbHowYXJbgePAAAAAADfRfgIj9mwr0BTX92tlZ9953K/Az+V6emMYq3OtutUaWU7VddxFFiteunV1zx6jea0qdaMqmwr6zds9MmQKcNs1t3zHmhVAGkICXH4bKOjBjV5bHTUoBa1D0dHDZKheiRpTFSUDCEhbX4tT523xkuvuDfCFwAAAADg+zpVVlaS9qBN7c09qWWf5Gn34ZMOPx8zcoCKu3dz+Flgl066YWCQJvYL9GSJHcrjTz+j7ek7nX4ebxqmeJNJBVarCqxWh63Km95f79a1br3jLhVYrU3ud03SOM2fe1+T+2VbLLLZbE3OVxhvMtXO21hXsc2mJctXOBxtaQgJ0arlSx22bLuakzDeNKz2749arbJajzncr0ZMVJT+8vKfHX7mau7HqZMnaU4T7enO5n68PGG0Hn/kYYefubq3d99e4/B5rF67TmvWvePwmMce/oPTeTeb4onzbk5JdRm2R0cN0iUmk6Sq71d2jkW206fr7UPbNQAAAAD4DuZ8RJs5VlSipZ/k6f0vj7b4HGfLK/WOxa40a4luGBikS3v6t2GFHdN+J0GTISRELzz9ZKORZc1ddKVGtsXiVvAoyWUYWpe7o94yzGZtTknVhPFJ9baHGgxOV+6OiY5q0QrHDRc/qZ0rcMNGh/tnWywOa2uKoRWrL7d0wZSWPI/QUM+sEt3S87qa2/L39/13o/fgKgAFAAAAAHgfbddoE3/7/Iimvrq7VcFjXd/ZyvXa1zb9JdOm/NPlbXLOjijDbHbafho/3NSmq/puSUlttM0QEuJw4ZW2br2WpDdWrPRKq22E0ag5t8/WnNmznO5DuNV+nAXghpCQZgfAAAAAAADvY+QjWuXjg8e17JM8WY6dbnrnFth9vFS7j5fqP/oHasrAIPl37uSR63REzlY0rhtIxle3p7ojzcFoxvjhJiUmJDhse96cmtridl1Him02rf9gg9faZadeP1lp6ekOR41WtbObm/U80TLORu02bK2uEWE0Kt40TBFGY+0o2UuG854AAAAAwFcQPqJFMn8o1rJP8vTZN4Xtcr1/HzmrNGupbhgYpLF9Atrlmr4uw3zAYTtwU/MMOuKs5ToxIcFpwLg9faeKbbYWtfo6s2bdO5owPslpq7WnXZOU5DT8+mo/4WN7MBp7O52H86VXX9Pv7/vvetsmjE9iRCQAAAAA+DDartEsxWfK9OdNObp16b52Cx5r/FRSoTezTuvZ/cXKPFnWrtf2lqbmDXzp1de0YGGy23MwOuOo5VpSbfB4ecJoh5+3deu1JL34imdX9nbF1Yg5V3MRou30cRE8b05J1a133KUtqVtZDRsAAAAAOghGPsJtf9/5vZZ9kqeTdu8Gf9+cLNPz+4v1i4gA3TAwSOGB52+GHhMV5XIkmFQVimWYzQo1GJQ4JkHXJI1r9gg9hy3XpmG1oxovMZkcBpxp6emtGnUWHTVIOZbD9bZlmM1K25Hepi3d7mrLEZcZ5gPMFdkCiQkJLhdMKrBa9eIrr1btOyZBiQkJDuclBQAAAAD4BsJHNCnt2xNa+mmeDuYXebuUej4vKNF2a4mmDAzSpAFB3i7HY349ebKWrFjZ5H7FNps2p6Rqc0pq1SIqs2e5FeC5armu/fsxCQ5raG3r9czp0/XXFSsahatLVqxU/HBTm7Z0uyveNMxh+NUwJG1KTSiM5rlmfJJWr13ndI7HutJ2pCttR7qWLF+hqddP1g2TJ3nlOwMAAAAAcO78HTKGVsv90a5H3z2keW8f8LngsUZ5pfSv3DNa+GWRdh0v9XY5HjH1+snNHtlVYLXqiWee1RPPPNtke2rGfscBWd3gMsJoVHTUIIf7OWvZdkdoqEG/m914jsoCq1XrP9jQ4vN6Am2+7SPUYND8ufc165him02r167TgwuTlW2xeKgyAAAAAEBLED6ikfKKSi1JzdVv/2ePNpudt/v6kh9Ol+uvmTa9ctCm3OJyb5fT5ubPvU9TJ09q9nFpO9L1xNPPutzH0UrWRmPvRi3Ilzhp5XZ0fHMkjklQvGlYo+1r1r3jcESmtziqEZ6ROCZBLzy1SEZj72Ydl22x6MGFyQTFAAAAAOBDCB9Rz4Z9BZr66m6t/Ow7b5fSIl8VluqJfUVam2OXvazS2+W0qTm3z9YLTy1qdghWM4eiIwVWq8ORYlckNG7XdtbC7axtuzmcjXTz5uIz8K54k0l/fXmxbpk+rVkhZLHNpjVr13mwMgAAAABAczDnIyRJe3NPatknedp9+KS3S2kTW74/q+3HquaDHN830NvltJl4k0kvPPWkCqzWqvnu0tNdLs5RIy3d8QIuzkLJDPMBLViY7HZdaTvSNfX6yW7v31CE0ahbpk9rtECLN+ZMdOd5uuOapHFNLsbTnGd8IQo1GDRzxnTNnDFd2RaLtqSk6iuzucn5N7ekbtWc2xu38wMAAAAA2h/h4wXOeqpEyz7N0/tfHvV2KW2uuLRSb2XbaxelGd7D39sltZkIo1FTr5+sqddPVrHNpvUfbHC5srKzQM1Zy3Rz583bkrq1VeGjVDW35ebU1EaLz7RnAOlqBGeig9GgrkQYjc1edRzOxURFKaY6UMwwm/XX5SuchpDFNpuyLRbFREW1Z4kAAAAAAAdou76A/e3zI/r1a7vPy+Cxrpyici0+YNPSQ6dVYK/wdjltrmZ02JzZs5zu4yhUc9Zy3RLZFkurzxVqcLz4THtyNhJUkuKHEyT6ipoRwK7asW3M+wgAAAAAPoGRjxegjw8e17JP8mQ5dtrbpbSrHcdKtONYia4fGKQpA4PUydsFuWFzSqq2pG6tN/rvlunTNHPG9Eb7XjM+SUtWrHT73K6CtpbYkpJaOzKtpWoWn2mr1ufmWr9ho8PthpCQC24U3cQpUyVVjeCMMBoVEzWoTVqZXZ0322LRkuUrlWOx1C4aE28apheeerLReUINBvUxGhuNlAUAAAAA+BbCxwtI5g/FWvZJnj77ptDbpXjVB3lnaluxE40B3i7HpQKr1e22Y1ctw44WqXHWcu1qrsLiYpueeMbx6tlp6TvbJJyaP/c+3XrHXa0+T3O99OprTp9ha1vKO7ICq7X6ubTtAk6Ozmuz2ZrVZl/gIniMvsDCYgAAAADwVYSPF4DiM2Va+mme1u343tul+IxjZyq0/JvTtSFkbNeO/Y9Csc2ml1ysDN1w1J6rluup1092OcovOmqQw7n2as7Z2hGCzhaf8ZQCq1VLVqx0OhLUEBJyQYePbam4DVuhXYXFRmNvhRoMbXYtAAAAAEDLdezEBU36+87vteyTPJ20l3m7FJ904KcyHfipWOP6BmrKwCB19ff9Zuw1695RhvmALqmegzDbYlHGfrPLYKfhStfOgj2jsXeT4WFiQoLThT7aovVacr74jLtcjYiru8K0rXphElfm3D7baZBVXNzyMK2lc2TabM2fLsHV/IdVbf3129xdjaJtj/PWlWE+oLvnPaD44SaFGgwqsFr11X6zy3NNSHK9yjgAAAAAoP10qqysbNteOviEtG9PaOmneTqYX+TtUhoZM3KAirt383YZjQR16aQpA4M0sV+gt0uptXrtulaPALw8YbQef+RhSdL6Dza4NS/knNmzGo32czT/pDO3TJ+mCeOTtCV1q77ab3Z6TExUlCIijJo6eVKjlaHTdqQ7bfGWHM8FuGBhcr35AlvL2fyajuYmdCQmKko3TJ5Ur4295lh3nmPdd7dgYXKdVmXnQg0Gvfv2GknSkuUrlGE+0CYLC9V93p46b4bZXC8cbglDSIhWLV/KyEcAAAAA8BGMfDzP5P5o17JP8rTZzCIMzXWmvFLvWOy1rdiX9vT3dkmtFh01SPPn3lf7s7uhnKP9mjP/ZM3+q9euc7lPzSrZ0YMGNQofW7L4THPqc8UQEqI5t892Ovelu3MTZlssjcLC5sxrWHdkobvH1H13bbEKuSOeOm9rGUJC9MLTTxI8AgAAAIAPIXw8T5RXVGrZJ3la+dl33i6lw8uzleu1r236eS9/TRkYpH4hXbxdUotcnjBa8+fe16GDmPlz79Pv5t4v22n3Wo2Nxt6tXv34mqRxmjljuiKMxladB+2rJmi/0FYlBwAAAABfR/h4Htiwr0DLPsnT0ZNnvV3KeWX38VLtPl6q/+gfqCkDg+Xfuf1rmDljuhLHJGhLSqq+MpudzrVYwxASosQxCZowPqnRSEKpajGXuitfH7VaWx3WeVKE0aip1092u/W8j9HY7PuJNw2TwWDQJSaTEsckEDp6UbzJpFXL3lDajnSlpae7Ner18oTRSkxIcDpKFQAAAADgXcz52IHtzT2pZZ/kaffhk94upVl8dc5HV3oEdNaUgUEa2yfA26Uo22KpbcfNzrEoJrpqpFeE0ehTwVmxzaYcN1tzfa12+I6681zW/b4bDAZGOQIAAABAB0D42AFZT5Vo2ad5ev/Lo94upUU6YvhYY0g3P00ZGKS4bgwaBgAAAAAAaArhYwfzt8+PaNmneSopq/B2KS3WkcPHGldGBGjKwCCFB3qhFxsAAAAAAKCDYPhWB/HxgeNa9mmeLMfcW3gDnvVZQYnSrCW6YWCQfjUgyNvlAAAAAAAA+CTCRx+X+UOxln2Sp8++KfR2KWigvFJ6N/eM0o6V6oaBQRrVy9/bJQEAAAAAAPgU2q59VPGZMi39NE/rdnzv7VLa3PnQdu3IJeH+umFgkCJDu3i7FAAAAAAAAJ/AhHU+6ujOR3Xixzxvl4Fm+OmMTSlZK7xdBgAAAAAAgM8gfPRRF4UUa37If+qFUSky9aU73pd19Zcu75quiNO3ylCxx9vlAAAAAAAA+AxSLR83omSlRhhX6t99ntCbh+J04nSZt0tCHSO75cqv+GmVnzrp1TqKbTblWA7X2xZvGualagAAAAAAAKoQPnYQ/1HxmMZdPEBv2R/ROwe7erucC15c2Cn1KvtflZzcLm9Nmro9fac2p6YqO8eiAqvV4T6hBoPih5sUbzIpMWG0IozGep8vWJjcZvW88NQiSVK2xaIly1e63Hfq5ElKHJPg8LMly1cou0GQ6khM1CDNuX222/u3xAtPLXLrftxVU3ONlj7/S4abFGE0Kt40rNE7BQAAAADAlxA+diDBZd/pdv/fKenn/6HVx2/W557JW+BC3+ByRft9pNKi1SrxUg1pO9K1ZMVKp4FjXcU2m9J2pFcds3yFpk6eVC/8yjCb27w+m83W5HkLrFbFDzcp1GBo9Fm2xaIM8wE3rlTZzP1bxp37cV/9qLql5617XLzJpJkzpineZGpVZQAAAAAAeAJzPnZA0aX/1mPdbtbjI9MV1dPf2+VcEAK7SAndMjTAfrNKi1Z7rY4lK1bqiWeedSt4dCTbYmnjilqmwGrV+g82eLuM80KG2awFC5O1OSXV26UAAAAAANAI4WMHdkXZq1ra///prvh8+XfhVXrKJV2P6rLOD6ry5NNereOlV187rwK79zZsbHGIisZeevU1pe1I93YZAAAAAADUQ9v1eeDGTg9q3KXxWnNqrjZ+E+Ttcs4bMaF29a1cq5JTm1Xu5Vo2p6S6NbLNaOytUIOh0eIzzrz79hrlWCxO5x40GntrQlJSvW0FVqu2pG51es54k0mrlr1R2x7uTLHNpiUrVuqxh/9Qb/sLTz2pDLNZm1NSHV7HaOytv7682GHL9rkahtW2IW9OTZXVeszhfrdMn9bkPblzP3WvVyPbYtH29J1Oa5Safv6GkBDFREfV/txUe/mSFSudzqUJAAAAAIA3ED6eJ3qWZmhu8GyN//l0rfphivbmV3i7pA6rV2ClhgR+qtJTS7w2r2NdxTab3nAR4hmNvTVz+nRNGF8/JFz/wQaX4Z9UvSCNi7kC+xiNmjljeqPtrsJHSYowGuuFZs6k7UhXhtncqIZ4k0lf7Xc8H2Ifo9Fl8ChJM2dMrz1nhtnsNHyse29fudivqfupmnex8XOaOGWqyzqbev4x0VF64akna38uttm0ZPkKp8+/wGpVtsWimKimnz0AAAAAAO2BXt3zjKl0nZ7vNUMPXmqWMYxsublGdftG0WdnqPTUEm+XUmv9BxtUbLM5/Cw6apD++vLiRsGjJLfCP1/w4iuvebsESVWhpq8LNRg0f+59Mhp7O93H5uS7AgAAAACAN5BOnaeuqXhG4wZ301tn/6Q1B3p5uxyfZ+r6o7qd/atKT7b96s+t5WqU4fy59zU5CtATXnhqkQwGQ5uMsCuwWrV67TqHIwfdERMVpaNWq9NRiy3RsN25pdryOdV1icnk9HtRXEz4CAAAAADwHYSP5zG/8pP6T7+5Svr5WK0unK2tObzuhgaGlGhg5/dUcupfKvV2MQ4UWK1OF2W5PGG0y1ArwmjULdOnKcJoVJ+IqlF9hjYKKl21CrfEexs2asL4JEW0YPThnNtna87ts1tdQ9325rbS1s+phqvnFBra/mE0AAAAAADOkEZdAAaUbtMjYdt09cjb9bfvrtE31jJvl+R1Yf6SKSRd5ScX+8S8js64Wr04McH1wiIRTuZr9EXFNptWr12n+XPv83YpHUKG2fkI3WjmewQAAAAA+BDCxwvI6LLlGt13ud7vu0grvx6s0yXeXsPZOy7rlquA4qdVfvKkt0tpkrO5HiXVjmb0pALrMa1Z947LfRyt9NwUo7F3ozbpLalbNWF8UpuPFow3mZpcJbq1MswHmnxO1ySNa9HIzoYKrFan93NN0jivtOEDAAAAAOAM4eMFaIqS9UtTlN6yPaT1h8K8XU67iQsrUq+ylSo5uV0dZS3wbIvF6Weeaumtq2Y+RldumT6t2bXMnD5dS5avkO306Xrblyxfqb+8/Odm1+ltGWazy9GIUlVI29rwMdti0UtOFugxhIR0mJGuAAAAAIALB+HjBapbuUV3B83R+JGTtco6XTu/83ZFntM3uFzRfh+ptGi1T7dYO3K+rlzcJ8KoqddPbjRaMNti0foPNmjq9ZO9VJlvybEc1oKFyZJct1objb31+CMPt8nISgAAAAAA2lJnbxcA7xpStkFPhd+shSN2q1/38yuLDuwiJXTL0AD7zSotWu3tctDAzBnTZTT2brR9zbp3XLabX0iKbTaXoyqNxt66Zfo0/fXlxW2+ojYAAAAAAG2B8BGSpF9WLtabkdP1X8O+93YpbeKSrkd1WeeHVHnyaW+X4jHnQ0C3wMECM8U2m5YsX+GFajqe07bT6tSpE/M8AgAAAAB81vk11A2tVKmb/BYo6bKRWnPybm3KDvJ2Qc0WE2pX38p1Kjm1Sef7cjo5FovH532MNw3TC0896cHzm3R5wmhtT99Zb/uW1K3tMqdlW7ll+jSvzLdYs0p4cXGx5tw+u92vDwAAAABAUxj5iEb6lO/R/NDZev6yf2tYn47xFekZWKkrun6insX/pRLbJm+X02ZcBXDZOc4Xo+lIfnf7bBlCQhptb2oBlwtBTVv1LdOnaerkSQ6fkySt37BRBVZrO1cHAAAAAEDTOkayBK+4tPwtvRwxQ/PiD6p7cBdvl+PUqG7fKObsDJWeWuLtUtqcq3n80hqMFnRkS+pWZZgP1P7lavVsb4kwGllgxok+RqNmzpiumTOma87ts/X4woed7tvUquQAAAAAAHgDbddo0q86PaVxQ3rprTOP6e+Z4d4up5apa6G6nf2LSk+evyPkYqKdh481C5G4Gh354iuvNtq26f31ra6rwGpVgfWYJCk6alCr5xycOWO6Nqemylp9zvNFWz+neJNJ8aZhyjAfaPTZltStmnr9ZBaeAQAAAAD4FEY+wi0hlcd1R+B/643LVuiKSO/OpjgwpES/CP27Qk7drdKz52/wKFWNCow3DXP6+ZLlK72y8MzmlFQtWPioFix8VL+56RZNnDK11SPvHC0+09E5ek6tbSd3NbfkkuUrW3VuAAAAAADaGuEjmiW6PFWPd79Vj434TIPC27cVO8xfurxbuvqcvlUlxf9q12t70zVJSU4/y7ZYdPe8BxwGWh1tNeyaxWfgWs3oR0dqRsMCAAAAAOAraLtGi/yicol+MWCJ/nHRU1r5dZTKyis9er3LuuUpoPgplZ886dHr+KIJ45O0fsMG5VgOO/y8wGrVgoXJijAaFWE0qk+EUUcLrG4vQOIqpLTZTjdq8bXZbI1Wp24rv7t9tjL2m2U7fbrNztkeC7FYjx1r9JwKrFZtSd3qketNnTzZYeu1JK1e+45eeKrjrBQOAAAAADi/ET6iVX7bZaHGxf9Ma4p/r//7NrTNzx8XVqReZf+rkpNpqmjzs3ccjz/ysH43936XoVzV/IJWZbg58K3AatWade/oq/3OD8i2WLRg4aPNqrUmdEvbke50nyXLV8pgMGjmjGn15qysWXxmzbp3mnXNhtJ2pGv9ho2SXK+aPXHKVEUYjUpMGK05t892uI87z2lzSqo2p6Q2u84nnnlWBQXOw9Ecy2EtWJisObfPqp3LcfXadS7D3wyzWXfPe0AGg0EvPLWo2TUBAAAAANCWCB/Rar0qvtG8kLs0/tKpWlVwo/Z93/pz9g0uV7TfJpUWrVJJ60/X4UUYjXrh6Se14JFH22xUYIHV2qLAzJ3zNjX/Y82q21/tH9ZowZyZM6YrLT3d6UhPd2RbLG63HxdYrS5XAffUc5LkMqCVqkalZpjNstUZnZphNje5arkvrmoOAAAAALgwET6izQyvWK8Xeq/X5t6/15vZo3SsuPkL0wR2lkaEZajy5NMq9UCNHVlMVJReePpJvfjKq60K5jqC390+WwsWJnu7DAAAfEZRUZHsdrsqKz071Q0AAB1Vp06dFBwcrLCwMG+XggYIH9HmJugl/TI6QG+XPqO3vu7j9nGXdDsqw+nFKjuZ68HqOraYqCj99eXF1W3FG5zO+9eQ0dhbVyQkaOr1k2u3RRiNniqz1eJNJl2TNM5jcyYCANCRFBUVqbKyUr169VLnzqwXCQCAIxUVFSouLlZRUREBpI/pVMkfn/qk07vvVemRDd4uo9XyOiVozU93aevhwNptY0YOUHH3brU/x4Ta1bdynUpsm7xRYpvqERKpaZe90W7XK7bZlLH/XBuuzWbTUau1dn7AmKgoxURHtWvQWGyzKcfNtt+aRXIAAIBzVquV4BEAADdUVFTo+PHjMvLfmT6FkY/wqIGV6XqkW7rGj/hP/S3/Wn177NyyMT0DKzUk8FOVnVrCvI4tFGowKHFMghLHJHi7lFqhBkOjeRwBAEDLVVZWEjwCAOCGzp07M0WJDyJ8RLtIqPybEi76m9ZH/FFfVl6kUd2+UaeTf1TZWW9XBgAAAAAAAE/hj1DRrv7foP2aO+KsLgnd5+1SAAAAAAAA4GGMfES76BI+UkFx8+RnHKsYSTG6WD8zjtfu3NU6XLjD2+UBAAAAAADAAwgf4VGdAnspKO5+BUTd0uizXoYYXTv0ceUc/0y78tboxGlWuQYAAAAAADifED7CYwJj71Rg3Dx18jO43C+615WK7nWl9h55R7vz1qi8orSdKgQAAAAAAIAnET6izfn3najAuPvVpdvFzTru0v7Tqlux1+jrgo88VB0AAAAAAADaC+Ej2kyXrnEKjLtf/hdd2+JzGAJ66arB8zTYmKTdeWv0/cmMNqwQAAAAAAAA7YnwEa3WqUuwAuPuV+Dgu9rsnBd1i9f1w59XZsEm7cpbLdvZ42127o5u4pSpbu0XExWlv7z8Z7f2Xb12ndase8ftGja9v96t/bItFi1ZvtLt89aIiY5ShNGoeNMwxURFOd1vc0qqtqRudeuc1ySN04TxSS2qreGxDXninQAAAAAAcD4gfESrBAy6WUEX369Ogb09cv64iIlVoyBz12jvEffDMVSFawVWqyKMRq/VYLPZlGE2N/u4usdEGI2aOWO6rkka12i/AqvV7fPHm4a1uLaGx7aUL7wTAAAAAADaU2dvF4COyc94pULHvqvgEU97LHis0aWTvxIG/ZemXbZUMb2u9Oi1zjdpO9K9XUKrFVitevGVV7VgYbKKbTZvl9Nq58M7AQAAAADAXYSPaJbOREoqAAAgAElEQVTOhoEKHrlYhsQ16hL+83a9do+QgbombqGuHfq4eoXGtuu1O6r1Gza6tZ+7I/EMISFtNgqwuTLMZr306mteuXZbjlR0t00cAAAAAIDzQafKyspKbxeBxk7vvlelRzZ4u4x6AuPmKShunqRO3i5FkpSR/y/tzlujkvLT3i6lVo+QSE277A2PXyfbYtHd8x5wa9+/vPxnl/Mm1pVhNmvBwmSHn02dPElzbp/tdo2SVGyzKcdiUXaORUtWOJ5f0WjsrT7V4d5Rq1VW6zGX53zs4T8ocUxCvWssWb7Caag3Z/YsTb1+stPztdU9e+qdAABQUFCgiIgIb5cBAECHwO9N38Ocj2iS/4CpCoq7X50Nkd4upZ74fr/Wz4zjtStvjQ784FtBradtSUlt1r4xzQwNHTEYDM0+JtRgULzJ5HKfCUlJmjljeu3PBVarHn/6GeVYDjvcf3Nqar3wMdRgcDkyMSa65SFfc+7ZG+/EkQKrVQUNAlyDIYSwEwAAAADgFbRdw6ku4ZfJkLhaISNf9rngsUaQfzddGXOPpl6yWAN6jPR2Oe0mLX1no22XJ4x2e19fFmE06vFHHnb6+XYfvR9feSebU1K1YOGj9f5asnyFx64HAAAAAIArhI9opFNgTwVf8qRCx66Xn3Gst8txS0TYxfrVsKeU9LMH1TWor7fL8aiaFZMbmpCU5DDsKrBalW2xtEdpbSbCaFR01CCnnzu6f2+6EN4JAAAAAAAtQfiIegJj71DYNZ8pIGqmt0tpkZ8Zk3TTz/9XPx94i7dL8RhH7b2GkBAljklQYkKCgyOk9R90vLb0UBctz74WPl4o7wQAAAAAgOZizkdIkvz7TlRg3Dx16TbU26W0iZ8PvKV6PsjV+tbq/lx8HYGjlt344VXzKl4y3PH8ir7aqtxS0T42fyHvBAAAAAAAxwgfL3BdusYpMO5++V90rbdLaXNdg/pq/M8e1M96j9fuvNUqKMr0dkmt5qy9t2Z0XU27csPFWoptNqXtSK+3UIuvyzAfcPqZq1GRDW1J3eryXK0dRXkhvRMAAAAAAJqL8PEC1alLsALj7lfg4Lu8XYrHDegxUgN6jNSBHzZoV94anSk96e2SWixtR7rD7XUDrEtMJocrRaeld5yga/XadU4/c7aIizObm7EKdUs4W+W6Pd7J5pRUWY/VX9naUdBaYD2mNeveabT9lunTWnxtAAAAAADcQfh4AQoYdLOC4u5Xp6De3i6lXQ3rO1mDjVWjIDPy13u7nBZx1KobHTWo3kjAa8Ynaf2GjW4d60uKbTblWA5rS2qqy8BwQlJSO1bVNEdhX3u9ky2pqS5HddYosFodBrqEjwAAAAAATyN8vID49f6FguLuV5eeP/d2KV4T0CVEiVF3Vbdir9Hhwh3eLsltzlZIbhjGxURFyRASItvp0/W2F9ts2pySqgnjfSu8W7PuHYej8hyJNw3zqdGb5+s7AQAAAACgrbDa9QWgc8gABY/8swxXvHVBB4919QqN1bVDH9c1cY+oR8hAb5fjFndarl1tk6rafDuq6KhBeuyRh71dRj0X+jsBAAAAAKApjHw8zwXGzVVQ3P2SOnm7FJ8U02usYnqN1d4j72hX7mpVVJZ5uySntqRudbj9xVdea7TN2SIq29N3qthma9aCLb7gmqRxmnP77BbVPWf2LMVEO18dOzvHoiUrVraorgv5nQAAAAAA4A7Cx/OU/4CpCoqbp86GQd4upUO4tP80De6dpN15a5RZsMnb5TTirL1XkjLM5madK21Heodo8zWEhChxTIImjE9SvMnU4vPEREe16nhnfOGdXJPU+NlkmM2N5oE0Gnv73FyZAAAAAIALA+HjeaZL+GUKipsnP+NV3i6lwwkN7K1fDr5fP6telOb7k/u9XVItZ+29LTpXum+Fj/GmYfUCtEuGm2QwGBQT5Xy0oi/whXfi6JjVa9c1Ch/7GI2aOWN6i+sDAAAAAKClCB/PE50Ceyoo7n4FRM30dikd3kXd4nX98Bf0dcFH2p27RraS494uyWl7b0tsT9+pAqtVEUZjm5xvwcJHZbOdlqG6bTgmOkpzZs9y+/h4k6lDBmO+/E4AAAAAAPAVhI/ngcDYOxQYd786+TFnXFu6OOLa6lWxV2vvkb97rQ5X7b23TJ/m9DhH7bc10naka+r1k9ukPkn16sswm5sVPnZEHeGdAAAAAADgCwgfOzD/vhMUGHe/unQb6u1SzltdOvsrYdAsDTaO1+68Nco5/lm71+Csvddo7O1yxGC2xaK75z3g8LMtqVsJulrB2TuJjhrEOwEAAAAAoA7Cxw6oS9chCoy7X/4XXeftUi4Y4SGRmhC3UIcLt2t37hodt2W327XXb9jocPsVCQkuj3M1Z2K2xdLsNl/rsWONRu3ZbDanI/k6iuJiW7OPcfZOLmliYZu2ficAAAAAAPi6TpWVlZXeLgKNnd59r0qPbKi3rVOXYAXGzVPg4Dleqgo1vsr/l3bnrVZpub3e9h4hkZp22Rttco0FC5NVYLWqwGp1+HlMVJQMBoPm3D6rUai1ZPkKZVsON7nqcqjBoOefWqTsHIu2pG5VjsWiYlvzw7iGNr2/XlJVe/L6DRuVtiPd6X3UvRdJeuGpRW5fZ3NKqrakbnV5n6EGg6Kjoho9p5pjm7rneJNJ1ySN04TxSe36Tlq64I6j+jrCAj4AAOcKCgoUERHh7TIAAOgQ+L3pexj52EEEDLpZQXHz1CmIUVG+4JJ+v9bPjEnanbdGB35wPAqutZoKqWrmHLQ5CM6yLRa3RiQW22yy2WwqsFqbvF5LFFitWv/Bhib3czZ/ojvnb6ruYptNGWZzo+fk7j1nmM2KNw2r/XtX2vKdtFSE0cjoSQAAAACAzyB89HF+vX+hwLh58us5ytuloIFg/+66MuZe/az3eO3KW60jP33p7ZIAAAAAAAB8CuGjDwu+7M8KGPgbb5eBJkR0vViTTE/rG2uKV1fFBgAAAAAA8DXM+eirKsqkzmTDAAAAFzrmrgIAwH383vQ9nb1dAJwgeAQAAAAAAEAHR/gIAAAAAAAAwCMIHwEAAAAAAAB4BOEjAAAAAAAAAI8gfAQAAAAAAADgEYSPAAAAAAAAADyC8BEAAAAAAACARxA+AgAAAAAAAPAIwkcAAAAAAAAAHkH4CAAAAAAAAMAjCB8BAAAAAAAAeAThIwAAAAAAAACPIHwEAAAAAAAA4BGEjwAAAAAAAAA8gvARAAAAAAAAgEcQPgIAAAAAAADwCMJHAAAAAAAAAB5B+AgAAAAAAADAIwgfAQAAAAAAAHgE4SMAAAAAAAAAjyB8BAAAAAAAAOARhI8AAAAAAAAAPILwEQAAAAAAAIBHED4CAAAAAAAA8AjCRwAAAAAAAAAeQfgIAAAAAAAAwCMIHwEAAAAAAAB4BOEjAAAAAAAAAI8gfAQAAAAAAADgEYSPAAAAAAAAADyC8BEAAAAAAACARxA+AgAAAAAAAPAIwkcAAAAAAAAAHkH4CAAAAAAAAMAjCB8BAAAAAAAAeAThIwAAAAAAAACPIHwEAAAAAAAA4BGEjwAAAAAAAAA8gvARAAAAAAAAgEcQPgIAAAAAAADwCMJHAAAAAAAAAB5B+AgAAAAAAADAIwgfAQAAAAAAAHgE4SMAAAAAAAAAjyB8BAAAAAAAAOARhI8AAAAAAAAAPILwEQAAAAAAAIBHED4CAAAAAAAA8AjCRwAAAAAAAAAeQfgIAAAAAAAAwCMIHwEAAAAAAAB4hJ+3CwAAAAAAdGBnflLekUKV1G4IUGjf/upj8GJNF6jiH3J01FZnQ1C4BvbvrgAvnQcAJMJHAAAAADh/2AqU94OtThBYJaBrhAYanaWBpSr+4bv6YZMkGSIU27fpBLHkyMd67vdvKat2S3dd/8fFumdk92aV3hGU/HhEeScaPl0nuhjUp1+EQluZ2DUKAiXJEKGBfQ31w8Dyn/TVO3/Un7bW2Xn4nVr26HUaGNSMC7bVeQCgGuGjL6ook91mV1lRgbKsRQozxqpfrzAFd8A/ZrJ+/KJe/LifZj07Q3ENPzSv0oNrzuiGhXcqMaz11yqz5+vwIauKJIUZ4zSoT7D8PDKxgFmrHlylE9f9QXPHhdf+fGZqsu683NGNlMleZJcCa96hVSkvvqhtMffoiamRkqqf0xexuuexGxTZkpLK7Mq3ZMpqk4LDIxXbP9xD9w4AAABfdiLzfT34pw91osH2PpMe1euzRiq0i4ODygv1+Yo/aPGu0nqbQ8c9pOX/PUY9HB1zQbIpe9NzmvfOEfd2N4zRH15+SOOMrbikoyBQknperUUv3KPRPVtxbgBoJ4SPvuj4p3r9xU2y1t3WOUyxk+/SnVe05jeXl1TkK98qxTkqveKU7HZJrQwfrVtf0csf5qvML1hhXewqOivJL1I3/P4eJXroF3J+/veSwmt/PmVzciPW6vcZf6uev8VUu9luK6q/n+2UGmxxz9EUvfLqJuVX+CnMIBUVlUlhl+rW+TNkCm7JCesr+3aT3viwVJPum9SyYBQAAAA+olR5Hy7SHUv2V/3YZYjuXLxIv+nfurMG9L9aDz1h0LKXlmrnqdZXCTf8uFtffPuTRvesM7q0S3ddMi1Zfwhbqmc/yGn5uavP88fuS/Wn9a04DwBUI3z0YcYJ8zX/aqNUUaS9b7+ote+v1MaoP2jSRd6uzMd8v1ErP8xX+Li5mnddv6ovdYlV5oN2xfjCnwT2ulQ33BSuMmNM25+7JFNr39ikfON4zb13ovr5SWXfb9Lrr6Zo1apIJd+V2NpcV4W5+5V7xNiyYBQAAADtqkfcFD35xAC9/dJSfXFKkvw14qaHdMe4OIXKpoM5353buTxHB3IKNTkyXL+Y+YDyjj+ndy01xzygO8YObzzqscSmo0VSn5512rGDumtgdH8NMKjp8LHcphO2APXo6u96P9tPOqHu6uHuvJHlpTrxo02Gnt0V0KXB9lNSjx5NXK/6mkfLDerTVG3VBo6dolHlO/TuFwVVGwKide2vhuhoyofa5+Q5FJ/4STJ0d78Vu0t3XXLjQ7rT/pyW7qg7+vEnpe/I1IlR9UemhvaN1sUDeihAatR671ipiq02BTR4bqF9oxVzkYPzlJfqxKkS9XDzxRRbC1TaNUI9mmjXLrYe0dFTJZIC1LN//yb3B9CxED52BJ3DdOnYUdqYsU3Zhwqli8KlskKZP9mm/cftCosaq6tG9VNYZ0knc7VtV74ixyYqMkBSiVWZB/NlD4vUpTFVo/SK8vYq63Q/DY8zyk9lKvw2TWl78lUUFqOxY0erX3VaVZZnVqYhTqYeduVnfq38oghdnBCpsIoi5Wfs1K5Mq9RruMb+0qTwut+konztTd+l/ECTBtnL1OTXrKxQWZ+ladcpY+31y6xZSjtUJNMVlyq8pn34RJb25pap39A4Gev+si4sVKEkU99+564UYJRpRJ19SgqVm5WlrEPZsgb006gxiYrtWb33yVztzfdT3NAI2b/9UnvNVvnHJ2psTHidE1Q/J3Op+o30V5mzW/kxS1/uNcsaNqr2nRQdyVWRgmUMa94wxKIjO/Xp59kqCjQqxjRcl8UYG7VSF+1K0V5bsEbfVBU8SpLfRRM1dmiK1h7MVb4Sq9rdq99J5nHJaBqrq0zh1c+qTNbM/ToVcali/fKVuW+vMs/206grLlW/4KrvSub3dklFytq3V6VBNd+bqntN27FL+UVhivnFVRrdv/qLU5Ir8zdhijOFy34kU1/nn1JE3GhFdmvW7QMAAKAlDBGKHXqZrhzqry92lEoqVbF6VM33aDukg4d+qrNzqb7LtapEEQrtYVBpTbbVJVqjx4xUbN/qEK7cprxd7+nN1f/UF7Udx/6KnfBfuvem63Rxj6aKKtWJgx/rzdVv6aOD5wK0HkOv1m+nXKeJo6Kr2sFP5Wjr+2/rzX/u0dGanYKiNW76TbrtupHqE1SqvK3/q2WfHKkOxAJk6B+nwSW79c/Nh1Rc9QA04sZ7dc84g3a9s1RLt9UU3F1XzH5A/33tcPWo+98SZwq088O39bd125R1pub++2vczDt1168a7FtPd4345XW63nZCm74oqLp2z+Ea9x9jlZf1ofbtP7dn8ZE92vDOm3pzW5127f5jNGPmzbpxVH/HrfB1hHaVfjzScNJH6cTOT7Xvx5EaZ2wiLC236ev1S/X2vhO1z61H/ziFn/hUG744UhsuDhx3px6YdZ0u7urgHAV79O7ij5W6I6d6f39dPPUBPfDbMRpYL4cs1dE9/9baf/6j3ruW/NVnxFUa98urNWXskPqhdrlNB99/UskbCyRF6DfPvKQ7h7JaEXA+IXzsKAL8VfsrxW7WqudXydw5UqbBwcp8/xVt2z5R8+8bL2PnfO3f/J6yuo/WrJ/7SVkpWvn2XqnbWIUvnKRIFWrnv9ZqU/gMXRpnlPXj1/Xix6cUOTRWYZZNeuWz7Zr4wFyNN5Ypa8c/tOrLSF1qytXeDLs06AYlJxhlfvtFrToYprj4ftK+t/XsF8M16+EZigtQVQvwy5uU7x+msKC9Sjtpl+SqVdyqTa8+Kz9DmPztRdr72S7d8PA9SlSudm7YpKzg4VX3ISn387Vau/ti3Tkirv4ZBwxSP5llfn+pNvrdoGuHNgzpMrX2jyu11z9Mxr7h0g97tfezvdX3Kem7T7V2VbbCwkpVZPevatvevkvWO57QjYMlyS7zmme1KqNUwd2CtffLIoejAIu2v6E/brbL3yDZbWna9X3VnI75e97TP7bbVdag7doV69ZX9OKHBTLGDVe/kkylrtol6+8aj3rNteRKMimmwaDKuKtnaVZSv6rg0W7Wqj+vUqYhTsP7S3vfflbb4mcpeXqc/FSo/RvXapNto8LsRbIbgqWibUr7xq7kuxOVv2ejPv22SJK/srZt1P7g8YqMMyr8aIpef3mTTvU3KbZrrjb9zyJtnzhfc8cZVZazS/9YtVORl5mU+6VZdkXqhuTRtGwDAAC0l4BwDYgeIO2oapnNO3RIR0ui1ed4pvY1mK4w72COjp4ZroEncvTtj9Ub+w/X0F7ngsevP1isB9/c02AkXamyNi/Vgyf89fqDV2ugs1rKbcr6cLEeWranOhw858TBj7X0iDTg1Xs0wrZNf35isbZaG+x0Jkdb33xSuzLv0eL7L5fth/3aWfcm9u3RF/UOsGnfP5/THf9sWMhP+mLFc5LhJf1hfETVQi1njuij15O1eNtP9XctP6Ktb/5RR8tf0vM3RtdZ1MWgi296Te+Oq1oAJrRvuLSnwWX8B+jKOS9p6JkA9ewfobP739T9T76vvIblHNmhtc/s0dczFyl56hCXAWRx7p7a0Ddg5I2aXP6+3t1XKtn26LMDhbrCGNHEKtSlKszdo5376oSB+xoWLuVtXapH7f56/fdXq0/DE1r36KN676ZUX69/TovK/6TFtw2vqr/cpqz/W6yHVjR+11Kpju77WGsLDBoxcoh6OAo4AZy3WJKiQ7DL/HGaChWumCHhyk/dKLMtVjfOv0e3Tp+l+beOVvD3m7RxX5kU1k+R3aTc3MOSJOuRXCkmVpEnrSookVSRq/zvpciYWKlkrzZ+nK9+v5qne26doVvvvVVjw/K17bMsSX6KG5uo8IpM7T2eqLlPP6/n705U2Pcp2pghjb51vmZNn6FZ992gONtepewqklSmvR9tUn7gaM16IlnJC5/QvKvDXd2YpGCZpj+hp5OT9cRDk9SvIlfbPs+XjLGK6yZlmvdXjzK0KutQkTQ4TrENT9FtrGbdlijj2SxtW/WiHnl0kV5fv1eFtcMT4/Tbx57W84uSNf/uezR//iT1q8iX+UBhvWfcdcQsJT/5hJKTb1Sc7DqcW/3b9fsUbcywq9/kh/XEwmQlPzFDjiJEe9ilmpX8tJ547GFN6i/Zs7NklRQ39Z6qkPNogRr+u5Rjhdr/Vb7U8yrdOmuGZtx6j/6wyHG7fWlF1f/6N/gnOfiiOMVVj0TMT90oc8Vo3frALM2YPkvzfh0n+5cp2lkvQe2niQue1tPJT+iuK8Okw1nKlRQ3NVl3XWWUdJGuvS9ZyXckKrzmPV80SfPuvVUzbr1Ht14RpvxPtilLkl/cWCX2lDL3nVDivKf1/PP3tMmCQgAAAHCXv/oMGaI+1T+VHM7RUVupbD8c0XflDXbN3a+sE/U/6zEkTn2q216LD72n/6kNHg26eMKNuu3GsbVhY8lX27TPWipnig+9p8V1gsfQoVdrxk1TNLruaILSAn3x9tJzwWPPkbr+pps1Y2z0ufPseEvv7jutPkOv1rVDG6yi3WO4rp92o8ZFNbi4caR+M22Krqid09KmXV98qaMlUk14+npN8BgQrXE33qwZE4bUBnlff/6l8hoPOFRo32jFxkarj8HBiMMu/urRP1qxsf3Vw5ahtUvPBY+hQ6/WjJk36tohNceVat8//qHPf3D+/FRu08EdO6pHgho06sqrdO3Y+OoaS7Vrx34VNtVf3cWgAWNu0LioBqMJAyJ08dAh9VawLt7xvj7KcnDTktR3pH4z7UZdG3vuvvN2bNfB6hbz4qz3tLhO8Nhj5HW67bbbdFudZwrgwsTIRx9m/fQNLUqX7EVFKqvwU7/r7tGkiwqV8vdCyThKg2q6eOPiFKOdyrYcli6L1aBIadt3uSrUIB0+UqhI00RFfP+e8nKl0cpWtsKVGBMmZWUqs0KKLMzS3n1VpyoLk+zf5apQsQrv7Cc/Saarz7X0Fh7KVqH8dLpgr/aekaQiySDlfpcvScrMlGSKU1xNGNa5qa9YmPpdVH0j3eJkMm7Uph+tki7V8PgwbftivzIrLpXJlqVMqxT3y0ZrZledZegNmv/keOXvStF7H+9U7va1evabXN15/w2KDZD8Au3KP5il/KJS+QcWyk+Svbxu87RRpoTYqtb1gJB6/2BU3bNRE4dUJ2idHbc1GE2jFRtWdU/h4dK5XpHmClfc4HBt+jRFb/yPXVdNHKvEweEO/2FtGDo2VqjMbwulgNOyZuyVXZKKpGDlKvc7KXFo9W4xozW6ug09OLip9vCsqvfcv1BZ+/ZWbSrrKtnzlfujFNtT8usiyTReEy/i/2IAAAC8IXRAvC7u+qGOnpL0Y6YO/lCogMzM2mAooItUUi7pTKa+zilQn5yaz/w1eHB/GbqoaqXlzR8rq/qYPpPu12OzRqrHT3t0dOs25f0oqbz6L0fKbTq47dzxASPu1OKHr9NA/5/0xQ8fa6e1KuQqO/6lPtpVE3hFa8ZD9+u2IQapZIzCbQ/o9T2lkn5S+p483TZniu4JLVXW79+qPm9/zXjwId021KATg3/Svic/rlrpu8sQ3fnIQ/pNlHQ04oh2vVoVoJYcL5SttOq+U/+9vzZUHfffD+qBsREq2V+sLzYfqg4Mz8pFLNikowe26fOaQNV4nR568E6N7iFpbIzO/v45bT0l6UyGdn5bqGv7Rzg+iS1Hu/ZUzylpGK4r4yLUp3yMRgTs0c4SqeTLbdppvUrX93fVeu2vgWNu1F3+hdpXsxJ60Ejd/9JDura/v0pyP9SiB5dq5xlJOqJ9WSdUMrRBPT3G6o9/uldXGP1VPFI6+OA/q57RT1YV2kqlriU6uLX+u37+wes0MEgqPnhCH20+VP8/j2w5Wrvw93rT0rDWAr378C16t7ru0fe8puQJTY3sBODrSAZ8WNjgqzQpPkwKCFdkVD+FB/tJssrZhIN2e9UkJZFRkVJGvnIrDisvN1gRVw7XwMi12n6kUIXKlz04VjF9JB2v+lWav2+jNpprr6qwuH5yNl6xrLxUUpEyt21Ubk3w5RemyL7hkqy1I/FapdiuIkmRcRcr+LP9ysyWTGezlKtI3TDExVe2c5j6JdygexImKX/z63rl4zRt2jVesZfblfLqi9pkNSouvp+CVagiuf/lr7rn9tXvV3N1T9d/6B+b07RxWZo29hytWffdqLgGuWBQcLCkMp2umpvZgbKq70tRpj79v9zarX7dItWvV0urK6t6z9/v1cb/OzeZTVi3i9Wvyfl+AAAA0C7C+mvoYH9t3VMq6Yi+PnhIOljdu9tzrG4aW6A31x+SZNO+/fvV54fqgEsRiokMrfpXy1PZ2negpiXZoJiIUu378C199uE/9UVti/YQDXa2mEtpgbK/PdfSPHTM8OoRld11ybQ/6fVJpVKX7gr64Z/Kqhm913e4RvStHqEXEKGhQwdIe6rax0/kHtGPpSNVb/yeob8ie1Vt8TcYFFi7fYAGdK+qK7C7UQZVL5xSUqqz5VLxDxna9UP1vgH91UcWpb7ztjb8c1vtSMUeg8+NAG0+m47m5Jwb8TksXoNrWo27R2lE7bupmnezWBEKdXCWE4e267PqOgOGjtTFPf0VoDiNGuqvnftKpZL9+mJfga7t3795AV3fOMVWv7eAiOEaNVjaWf2v9ieOnVBJeYPwsX+cBlQvxBNgCFd4gJRX9UCrnuuZIzqYWfOu/TXiiuGteHYAzjeEjz4s+KI4XTqi4XyJ4QoLl/SDvWoUmySVnFaZpHBj1b5hMbEK107l7+unfHukLo/0U0RmmPLzc5VbkS/FjK1qXe4arjBJkVOSdesIuSW8e7ikMl11xx80sU/DT08pJFhSRQvDuopCnSiSgqOMVSs0x8QppvNOfZ2Zq6ySbMk4tnpkYcPj1GACAT/1G2GS8eN82e12KTNFm74P09h752vSQEkya9WXq9xsga4ZCViksrYIVt0WrMgrb9X8K8tUtPttvfj3ndq0I0lx4+rHwoOiIqX0TJkz7Br98zrJZEWRis6GKSy4+vtSfpXuemiiy9k33Rem8G6SBtyg5FsvbZMzAgAAoI0FRGjokHPBXdbObSqu/rPogMHDNWqkUanrq0b4Hd3zqT4/Vf3v8MbhGmqsCvNKztiqRk5Kkmz6YsVzDeZX7K/rZ/6qaoESR6s7l9hUVNvBa1CPrqG1AUeImHIAACAASURBVFlo3+jq6ZRKdTTnxLn5JINC681/GNqjzorLJaXOR1k2U+mpn87N415ySGtfeq7+Dj3H6q5fxzde7dtd5aWynTo382Gooc4c/l0CFdbdIKkqrCspLam6r4bXKrfp2z3bq0YqSirZ9br+87evN7rUvh37dfTq/vXap5vFP1RhXQ2Sql9WhXvrZNdTckJHawJpGdSnZ6jrMLRLgPoMG6kRoSWSSlT47SHlVS/4Exo5RLFdA6QuBsX0DGTUI3AeYM7HDsdPl42Ik07u0qf7quZZzE/ZpkyFy2Sqjpb6xCg2uEjZn5uVb4zUoAApckCklL9Lu76rnu9RkvrH6uJgyfzJJuXay1RmL1K+eZv2umgX9hscq34qVNrHe1VYUqYyW6Fy03cq0y5JsYobLOngNm06Ypf9+71K2dNUxFcme0mZVFGm/I83aac9XKNGVdfX2aTLTFJRdoq2ZdoVNiTWYXiW/+GzeuSpldq4L1eFRUUqKsrXzn9vk1XBGhRplPz9FawiWX8oksqKlPV/KcqUmgwT7faqeDdscJyMNfdsK1TWx2nKbuKu3GIrVKGt7jDWMyr80a6yijJl7d6p3JNVK4UH9+qqYEl+AY3/RNlvxFiNNkiZ/3xFa7/MV1FRoXL3bdTSpxZp0ZqdsstPFw/uJ/2Ypo++LFRZWZnsP+ZqZ3rmufDaoerRlPVqK1KRvUxSpGIHB1e95zy7ysrsKvrerG37nL/r/M2vaNGLr2vbEae7AAAAoE35q2fsENU0phQf2lO7mvPA6Gj1uShOQ3tWf2g9VPtZQHRcndWLnYVQBsWOvVl/fPlZ3TOqu5N9JHUJUEBtclQi25mzDs7o32Bao/qtziUlJeeOCfBvHNC1VLkct1QH9dcVU+/Ryy/dq3F9m1hFugn+dWo92zA0LT139QD/AMf39VOmvtj5k4MPGtj/qXa5mjeyKeVnVWQ7N8+j03pcKS2pauOXJAVKXZp4dkH9Ne6OR/Xck3/Sc08k646ra0ZaRmjinOTq7Q/ptpEuvl8AOgxGPnZAfpfN0Kzc17Xq7UV68G1JncMUO+WuOguSDFJMjJ92mvMVnPCrqsAuJlaxJ95TVkW4xsfUzF0Yp//P3v3HR1Ue+B7/ZCaZZBImTJgwgYFAQgL5AcEgKBoKbRSkokVRqlVaqq3b/WFve7vtbt22bu9uf3m97XVvb73b7drSpWLFolgqKILEQglGQSJIIJCQQEIgIYEhYzJkJmfm/jGT378hgYDf9+ulZM458zzPec7Jr2+e5zx3PZRH5dq3ePb7b4W2RTtZtDqPORP6uDXGLuKhe47wH3/6PU8d+H2oPWMzuTv1ZrDCrPtXM6diLW/9/Pu8ZbKRvngps3ZvpbzCy+3ObnOGx4xjXPSH7Pz5d9gJEOnk5oe/Eh6dGJJ54xysv93PEazcnNn7eslJtyzl5hOvUfjCs6FyACJtZN7z1+HVqhdx++T3ee3lH/CPL4Nt+lJuv7GRt05U4sVJzycc2oiPA0/DOVqZSqTzdlbf+SH/9vrveeoARDrz+PRCL68VV3KCWb2u4hxjtULdCU61grNHVzqZmmaDPa/x1A9O8aWnHiJzajo2UyGv/c/vc+qRrzPp3a288dKG9hn2tun38tlbexn2aUpn5ddW0vz/XmX/i/+H/QCmSMbNWMrjD90cOrcFD3Hvkf/g1Ref4jsvAkRiy7yblPn0cu5gjYsH6qirB1zgbG/bD3gtvGJ35mceIu/kWt76xfd5K1ync8GXyMt19vpF5XzdKTx1cKq3v4iLiIiIyIiIc01jegzhZ/m1SSI7I4kxNgtpKVHQ0DW0mjJtMuPCgaElJoEJ8UD4/ekrvs1XF+eQNjmuYzRabyP22kTFMS4xCk6EphcfO1JN06eSsHQ7fkxCAu2PTK+r5kwTZMUBho9zNR1/4E6YnITj8vLAjqYl2BkH4WnRSXz6a49z/42ZTGmbQn65IyzNcYxLHEfb6Mbz1XWcMwiN6vSf42RNW9gXxYRkZ6+j+84fe4eittGE5iTSs50dU7ONJk6UHA+Piixlx7tVfCZ12qWNEvRUU17V8XJcUsLQy4lJwNE+ePIcDec/grYJ8sM0WlVErl0KH0cj5+186+nb+znASuaKb/Hju7x4WsAaZyWy27TjOat/TJcJsbY8vvJUXs+SMu/lWz+8G2+Tl9ZIKzZrp1uij3Y4F3yFJ+d78XhbiYy2Ye38nck6i4e++2PubfKC1YY1Erjt9t7H2KbczRM/uBtoxesFq7Xn7RiZ/RDfuuccP3gziVlpvfdGpGMO9/7dHO4NtIbOg0isNmunm9vJoq/9mLwmD15T2znezu1tIx9nrebppzuXOJV7v/8093Y+5/yv86+3ePAGrNjiQiUvuqtt7yxWdy2A9Pv/hafv76j/9m89TeeeTF/xJE+v6LRh+r08+VSnGrOfZFFrH33cXcLNrP7uzbQ2efAGInveDyYneX/1JDd7PXhbu+/v2TbbrV/h6Vv7aRuANZN7v/Vj7m6rs1t/dy9z1ud/zL94YcC1bERERERk2FgSppE7Fd4t7bQxLpVsVxxYLF2mZYeEgsn2Hz3j08jOjGNTeGGYsnf2cGxuKsmJfs4cO8CO17dwMvMrPLE8FHr5u4dMliSyc6bBvlADzr/5W17ITuCLC5LxnzrAjj+9zrFpD/P3N3daHKdpH2/sLuWm5RlYqvew6e22Z1HGkZubGloIZ6h6eSzUmImzyZ24gZOnAWopevc4CzKmMcF8jvKSd3jjj/tIePjbPJIT1+O9Hfz4Gps6RmZerOXkseOMS0lmiiOKCRk5TOB4KFQ9uJ0dJbfySG4cZ/a9zhvtK7NkclP6uJ5h38VqinZ2TLlOWLCSr37hk2Q528JRN7v/7zf414JQuFm2czu7sxeTNS0Zn+Hrc8xqO3cVZdVuJkz8iA9efYE32qdMTyN3+iUs8BLjJHta273i5703d3F47kqyYmr54J19l74Wp4hcFyKCwWDwajdCpE+tJ3j1fz3Lkdlf54m7Jl3t1oiIiIhccbW1tSQl9bESrki/mij+7RN8e2OnZ99kPMKz/3oP6THwUfGvePz7r3cEQ/GL+Od/+wYLHB2Hf1Syjm//04b2VYx7cCzmu1+J49c/+WOPgCnrkf/LDxdU859P/M9O4VY3CYv456ceJW7bD/j2huN9HASWnEd45p+WYXnzSf7qt6Xd9trJSvdzuKyp2/YkslLPcbiiW/hoyeHxZ54g+/2nePzXB+nLmFse59lvLmZCb0lc3U7+9b8/w+7uVQJTHnyKZx7OYEzTcV7+yRP86mDfU6LTV/wrP/xCTtdnS/ZRdnu5F6vZ9MP/xrM9mh5P7gwvxUe71Re/mB/8/HGmH/8Vf9u22nUfEvK/wb/9dQbFP/tvPPNe93Ju4Sv3wQu/fYePuuyws/yfn+Fh/zr+9ifb+y0fCPf/k11W6P6orpozjU1AHGMmT9ZiNXJZ9H1z9NEzH2VUqtv+U/7xO9/hO995lkLrIh5aouBRRERERGRo4piamdllFeUp2dPag50xybNDi8W0mTiNpG4D/cZkP8C3v7aYHmtNtu1PSSIqou8WWJy38Fff/go3J/S1PwGCceTe9w2+kd97WGDJXsmTX1tGen+DEIcsivQ7Huef757W5/5kZ2/rTw9B3DQ+8/jfs7z3p0cx5c5v8O3P5Vz6ojbDzJKziu9/aVHvYesgJNy4ir9f3ld/9m+MczLp6Rmkpyt4FLkeaeSjjE7hKcf0mEItIiIi8vGiERxyWRqPU7DzIOf8hFYYvmERC6aGUzyfm8O791DiDk3SjZtyC7fN7X3Kre/8cYrfO0h5bTUnGu1MnZpE2sx55KbaoeEgO3Yfp6nLtGsL47IXkZ8RrqupluJ973P42BFK6iwkT5/G9IwbuSk7qWN1a8PPmZI97C4+SHHFecZNySErZy6fyJ3cfsxHpTvZUXK+62IxUXGMi4dzDd2GCkbFMS7Ozzl3t0nIMUncsOAW0sPB60cn9vGXg9WcqT7O+Zhkprgmk507t2OKc2+aqnl35z6qLnbfYWFcxq0syLZ39KPPzeH39lB08ADl9RaSMzOZmXsrN6Xbe5/e3GvZnco1mih7Zycf1HU7r4hIbNFBPBe7zX+Pm8yCRXOJPtRp5GPCXO6/MxX/iQo8CZlk597IbTdOC/Wz0cTJ93by3mlfj3JumAolpdVdp9ib40i76ZPkTowC/Jwv3ceuknKqavyMm5pJbq4TT8lBqtouT7f+Fxlu+r45+ih8FBEREREZxfRLlIgMh/P7OoWPqat49kcrh3k0qcjooO+bo4+mXYuIiIiIiIhct/ycfOtXPPWbTs9jrHiVZ374Q54tqB54cRoRkcuk8FFERERERETkuuWjqfYgxdWdJ6s3UVayj+LTTQofRWTE6VF6IiIiIiIiItctC3FJOdycm4Cvy7MaLUxJiuv9uZMiIsNIz3wUERERERnF9OwqERGRwdP3zdFH065FRERERERERERkRCh8FBERERERERERkRGh8FFERERERERERERGhMJHERERERERERERGREKH0VERERERERERGREKHwUERERERERERGREaHwUUREREREREREREaEwkfpnc+L13e1G3F1+OoqKTlaRYPXGOBIA6/Hy0BHDZXRWEXpoUrqmq7vC2B4PXj9ve4ZfL/6vXg6X6fur0eTj/HnlIiIiIiIiHx8KXwcjTyl7HpzK1vb/vtLMTWeYa4j4KHmaCXuQO+7G/ZtYt3b5R3HVtTg6ePY60nDu+t5sbAKn7eKAx9U0X9WVEbB+gLKhrF+X9lW1m0uwUM9pUdqh7Hk0afs7fVs2u/ubQ8F6zezv9d73qChopKGttCyvID1b3e6At1eGw2VVDaMjjCyYd8mNu1ruPQCPkafhyIiIiIiInL9UPg4GrU0UHOyhaRb88ibm01KdC0Ff1hPYd0w1nGhhF07d7K/up9jjNbQv9V72f7WLkouDGP9o5KbsspW0vMWkntDHvm3pGC5wi2oOl5FYu5S5s2cx8K5yVC2ledeL73CrbiCjL6CQQNfSy+bPQfZWbCdvScGU7iHg7u2s31f5aW37yoqf/M5thzptOFKfx6eL2L9+kIuIy4VERERERERIfJqN0D6EonVZsOGjQxHMjbvWrYUl5N3R9rwFJ8wnwcfmz+4Y6fks/qx4al2dDNjNjPs06iH1AKzueuG1tExam/UsOWy4ku5gz2Y3HsfY7BHjzY9Lv2V/jzsMxgWERERERERGTyFj9eIhLE2aGoFfwlbXqoibaGD0l3F1EXlsPKB+USf3MXmgjKazWaIsJO9ZDnznHUU/r4AljxIXmK4oNOFbHirjGYA7My+ezm5dgAvVXu2sfNwHd4IG/a4ZrCF3uJ+bwMbSm3kP7CUNAu4393A5ovZzLl4kKJqDwY20vJXkJ8aHidYt5dN2w7S0ApYXaTE1eNN+RzLZnYN1tzvbmDrxRScZw5S2WRgWJJZeN9SMqyh/d5ezwnK31zDIdcqls+yAFUUPL+VuhkrePBmB+Cm6KXNGJ9aRZ7TS9VfNlNwvBmCBmbnPO5amoPdBHW717PTksecjwrZWeHBtWgljg83cfCCD95cRxkGybeuJr1qLYWxy3nwZnuoUeVbWVOezqMDhsChureXN2M2A4FE5qxYRo4NOH+QLVv2Uhs0Yw5Ek7xgOflpVsoL1rL7pIHv9HrWF7fQYoAZA4x61j1fRGzWcvID29nckseqT7gADwdfXU9RbD6PhdtT/uZzlCY/yrK0Wva+VUjJGQ+GycCIdDH/M8vIiQfOFLL+Lxby5ngo3FmOZ1I+j93h6rOvOvOd2sv2PSXUegwIGlgmzmf5nTmhW6VsK2uOOMhz1LD3cB1eLDjm3sWKGxyhNwfclGzfGrpnoh3YQ7dgH1pxf7CJdSfq8GLFecMSls91QvlWnvuzh9zlK5mX2Nd725Sz9TcFeHJWsPKm8L2xYTO+rDk0HyqiqtEAWxqLV+STYglds/KCTeysbAaTBceURHxnbSx6IA/nZV7b3lS93fe9VV6wlsLTQMM61u6NJfuuFaSXdf08JODm4NbN7K0zMEdAdPICluenYR3EtejyuRWAxNwVLJtt62jc+b1s3FKKp9XMG+vKMFwLWJ2fNqTzExEREREREQGFj9eMmrNuLHE2iHKRYi9k19sGefc+yvJ4M/hK2fJ2Da47HyXPCdQVsv6N7SR+fjEpk1rYdawBEkOhQ0NlFWQsZ/VNBoXrN1JzBnLt4DtSwPaTCSz9wnJcZg+l2zeyKzzwyX7TIrLLCqhthLREMAwDb1kJDfnLWH2HDd8HG1l3sJQFqTlYqGHXthIi536ORzOt4Clhyytu7PPNPc7JMAw8lXXkrHiUfFsoENz0dikZd2aAr5SCPs4peYKDgpoqmJUG52uoi7FjPlODDwcWXxW1HyUy0xk6p4JzGXx2dQ5WvJRs/gPb9yezcq4d5/RkWjZtZW/WMlY94sJiAtJXY3v9OcpTV7EsM9TGhrroriPA/AZG23T0/pw/QGGlg8VfWEmyKfy+KIAGCt/cD2394y1hyx82s9exknn5q7HvWc92FvPgreHA7sgWnqtIY9WdGaHXp5IwdlfhxoWdOmpa7NhbaqghDRc11NTZcNxkhshYXLMWM3upHYspFPRufK+SnNtTYEI6yf5NbN2XzbJVj+GygO/Ilj77qjNLrIucxbNZZrdAwE3RKxspqshhcSrQamDUlVCe/Gk++4gTS3UBa3eWUHPDQlxAQ9FWivw5rHwkG5vRQNGmjfQ9IdqLJyafzz7iwtJUzKY/7GRv2krmpS0l78hzVNYDA4aPaSy9tZTnKusBB2BgGF5KDzew+NOrWRrvo/jVdRw4soCU2RZ8H26j4Gwyy7+Yh9NkUPOXDWyxpXQLHi/x2vYSssZG931vpeWvpvVi13uRbp+HDUVb2c88PvfFjPZrtnmfI3TN+r0Wbg68U4Ej/1FWTiHUL/5un58J81ixzMf6t2Dxg3mEv3oM6fxEREREREREQM98HMWaqTlUQsl7u9i6aT07z7iYf5MLALMJXDctIzs+HBicrKTGns28tpTEmU1KTBVlJ8CVlkrLydLwc9saKD1pJmV6z6SgoqIGR9Z8XFGAyUaiLbrTXnPPO2ViDgtTbZgB66QkbF4PHoD6SmpM6czLDI+GsiVhj+nnNMenkR0ecOXMSMZWVxUKpPo5J4srEVtDLXWAr6oWpmSQ5K2lBuBULQ2JLpKBqpM12FMyQiPBsJKdloi7LryIiwki47LJXxAOHodbZDQWXx2VJzyhadxRZswA58uo8qeS29Y/1mwyJripLB/kikITnSR+1EBNADhVQ31CBhnW2tCCRJ4aanGRnACY7LiS7Vjw4fUa2ONjMdofomgGk5XsT+XhCg9W7bevOktwkWy3hFZuNuzY47o9mzEunfk3OEN9OsVF4sXwfUEDpSdbSM/NxmYCohzYY/s7URvJGeFrY8slPclN3elw64dyvSJ6bnLNWkhKvBmwkpxkw9sUamFFVR2unDycJgAzrkRbzzfDyF3bAXX+PHRTVtVC6uxO1ywjCXdlGe219XktzERbfNRVVuLxh16bowZR/Yifn4iIiIiIiFyPNPJxtIt1kJyTQf5UZ9eQrFOo4j7nhqjOi6PYsdsMGlqA1DRS/bsorYc8Sqkyp7C0R/bYQEMjRKYOw/Iq9W48Jjs9xzkOwjg7Nr+bFgY6pxRcRiEnPdB81oNjWg6OsweoqQPbmQZsk+ZjwU29G+pOv8jaAx1VWCZldLwwcWntHAxbLp9e3My2XetZ87YN140LWXqDC3ODG0+Ujc7Rrt1mw/D1v652O1MqyYmF1JyA5HO1RDtySbp4gL3VQEQdzROzcQEE6ti7aRsHfTZc9kiaz9bAuM5TxSO7BFkD9lWbur1s3HYQn82FPaqZ+tOQkDqYhtfj9kRjjx74yN6YTeBxN0B4DN7wC30O9BZW9jBS13aI7XV/FI2ta2XYWn0DrNAOYCN36VKa39rJ+t8VYJs4h4WLc0N/eOi3yit5fiIiIiIiInK9UPg4asXimplNL/FPD/Z4G5wJhQ6hsM6DpxnMkQAu0qaEpl67I2swpy7t5TF7NmxWcA9Hs8fZueQnwNW7OR9jw8bA5+R0uKmsbcDXkEByPiSdjaTsjAfb2RaS5oZGrNlt4Mz8HMtnX+k1q0OsU/JYvioPo6GYzZu3sDX6MZYl2rD5DToPFvQ0N4NtsDGoBdf4WErONlDTYOC6yYbTncj5mhpqqMc+PjQ61vfhOxQzk1UP5Iaux5EtPFfRV5n2QfaVj4PvFMOsVTx4Q+gql77+HOWDarcNW38jYAdgBMBmH6ngEcCBfczgPwdG5toOhR1bXAtG18pojrANLlC3JpN39yry/A0Ub93Mlu1WHrtzgK829it5fiIiIiIiInK90LTr68G0ZJz1FZR6w6/dpVRecOKaEnrpmp5Ka00JB09CyozeppJacI23UVteghcg4KH2XPOltSXRQUJTFaV1oZfG6VKqmvo5vsWLJxD6sOZIBcbE5NDIvYHOyWmnvuoA9WYnLhPYJ7nwnNlLrcdF8qSOY+oqS2krAr8HT/uLwTGbobkpHEn5Gyguqwd/19FlRqCXNwZ8+PzhMhy5pDuguckDiSm4Ik5SfqrtuHLKqi24kgf/0DzHBAfNZw9Q0+jAlQhMcWE7U0rp2Vhc4dGrLX4fRFlCwWPAQ+VpDwT6Xr14cH3VQosfoi3heNlTSU0jEBxMq104HR6q2m4Mfw11jYM7XzzFlNU6Se5rjZ/u59XPefYnaVzXz4GSivo+6rv0a9vaqW2Dubf65iBlkpmT5TXtW8rLq7C4kvtew6cTny/cjigHuWmJ0OxhwMnTw3DvioiIiIiIyMePRj5eDyw5LMmr4ZWX1lMx0Yr3tBfnJ5eT0zaIbWIaUy5uoTQmlwf7eIydY+48XC8V8OLavZiJJjkrHdvRGqrIIHkwbWgbEWXKID+vkj+8toaySDDHJ5PQ31DIxkNsev4ABgZGbDqL70oZ1DnZprqI3FSCN2N5aKXliU4Stu6iMimPxeGibXMWkVOxiXX/tR+LGQwjmpRFnVblHgT7jAzsrxSw5vndEGEjY/5sXLurqPDnkBGVhDNhF4W/24D7jpXkTex4n/f4bjbtrsSc4CLWX0ttaxr5OTbAxsIl6Wx4fR0bnQkY585jnrWExRP7aECiA1thIWufLyL51tXkpwFTk0kq2EV5Uh75ABYXicEiSnzZLA9fX1vOHJIP72TN83tDqxLfkIyjpopyfzZpvUyvHVxf2Zh9QzIv7lrD2n1msCQze4qDmqpyjKy0PkbcteILD1/NuCmXg5s2sabCgjnCRvo0Fy21NXhxdBstG4vN2kzplrWUmYBANMmd7+fOJjixFxayZoObpSvzcHV/3Ue3dtbiD43lc8zPJ/uVTaz7r9DnQMokG/h7Hn+p19YxwYFRsJm1H83nc0uzB7i3INFhY9eetazdm8yCz+fTPXt15S0h/ZXNrNuYRELgPOfNOSy5rb8zDl8Lfzm7X9tJpdmBK85H7RmDtE8tpseXhvgk7C0FbHq+DHvWclbMdQ3t3hUREREREREBIoLB4KDGLck1IODD22RgjrNe4iIqBl6P7zLe37UtPsOCJaqGXc8X43h4GdndymzYs56N7lweuzMDw0/vi15c9jmB4fXQHIjGFnep068NvF6wWoc+vdTX5KHFFIutx3sNvJ5miLFhHcxiH5dk6NdzUH3l9+LxmS+tP8PX02KzjtzzNi+T4fNhtljwHdjEHzy3sGpBj/WugeG6tpd+b7WX4PXQTG/tGIDPi6cFYod8La7EvSsiIp3V1taSlJR0tZshIiJyTdD3zdFHIx+vJyYL1j5GNg6OGavtkp/Y2C4UJFpCgVddJTURNtIGCL/6XG33ss8JzFZbz1FdQysB6yV2iyXORu8RnRmr7TJPbEBDv56D6qsoK7ZLDZ2G4XqOGL+BEWXGbLEAXsqq3Nim9j2leHiu7aXfW+0lXOr9bbFiu6Q8/krcuyIiIiIiInK9UPgow6yOvZveoLQJMIERYSNnyYo+p79a4xOuZONE+uQt384r79ZimADDIHrKIpbPujqLFYmIiIiIiIhcLzTtWkRERERkFNP0MRERkcHT983RR6tdi4iIiIiIiIiIyIhQ+CgiIiIiIiIiIiIjQuGjiIiIiIiIiIiIjAiFjyIiIiIiIiIiIjIiFD6KiIiIiIiIiIjIiFD4KFdfwIe3ydfrLl+TF1/gEsr0e/F4jctr1xVj4PV46b21/e27DIPon0vu+6vA8Hrw+q92K0RERERERESkO4WPcvWd28um9QWU99jRwN7XXmTniUsos7yA9Vv247n81oUZNFSUUucdtgI7KaNgfQFlfe7bzP7hO5GQ8gLWv917jSGX0fcjIeCh5mgl7j7C0LK317Npv/vKtacaflZ45aobFB+88BK8cKzb9mr42UuwZ7jvIREREREREZFBUPgoo0PAoLXXHQa+lksss9VH7+MpL0Ulewt2sfvo1UhwLqMPBut8EevXF9JwpesdrAsl7Nq5k/3V/RxjXMGRrhfgW3vgzJWrcWAX4OXD8ItCuNhpc0Ux/LQYdvTXdyIiIiIiIiIjJPJqN0Dk2pDG0i+lXe1GjJwrGdxdioT5PPjY/KvditHNC+50+HI1FPrgNkto845D8NWZwDUyhV5ERORyBYNBDMPAbDYTEREBQCAQIBAIdNk2HPW0trZiMpkwm8191i0iIvJxp/BxNCrbyppjNnKMCg6e9WFgI+eulcx3Ar4a9r5VSMkZD4bJwIh0Mf8zy8iJNyjZvI6a7NUsTg2XU1/I+rdg8YN5OM4fZMuW/dQHwTBiSc+/i4VTrOAvYctLVaQtdFC6q5i6qBxWrsygautm9tYZmCOAqFTyH1pIcpdGeigt2M7ek258gBGwc9NP9gAAIABJREFUkX3HcvImWQA3RRs248uaQ/OhIqoaDbClsXhFPinhQMR7spBtu0qoazFjGxtLM7Y+u6OluoD1e8rxBM3YUhexPD8Na6gUqv6ymYLjzRA0MDvncdfSHOxt43kDLVTt2cQbR+rwBi045t7Fihsc/bTdTMnmNVSmPcayzHAZvhK2vrSXWgDMJC9YRX5qR93by5sxR4B5XDZLls3DaQLOFLL+Lxby5ngo3FmOZ1I+j33K2sd1G8wN0UpLVSGbtpZS5zWwJM7jrntzcQzQB75Te9m+p4RajwFBA8vE+Sy/M6dnT5/fy8YtpXhazbyxrgzDtYDV+fZQze4Stm4oosrd8xq26+9+7e3+emA2nl77ro7C3xfAkgfJSwyXfbqQDW+V0QyAndl3LyfXDgTclGzfSlG1ByPagT20u5335C42v11Bs8nAiEhi3rJl5CT0cW0WOzg44P0+BAHY8Xv4UWXo49S58ItlEAO4D8H33oAdF0L78j4Jv1gS2rdjHezPhax34aul8NN/gLwD8HgTPH4Rvvo+HDbBL74Ij0/vpV4P7AB+Oh22HIPbZgIn4ZUJ8IsJ8LMLna85/OiXsBmwBuC+lfB4RmhXb+24zwQ/+hXsCIC3Fb78BfhyyqV2kIiIyMhqamriyJEjzJw5E6s19FOj2+3m1KlTZGdntweFl8vv97N//35sNhuZmZmYTCYuXLhAVVXVsNYjIiJyrVP4OBq1Ghinq/Dd+TkenWjGe3gLLxYUkv5gHo7IWFyzFjN7qR2LCdzvbmDje5Xk3J5C8oRYisrLITU0Qs9zooaWiXk4aKDwzQPYPrWaZZOAukLWv7Gbys8vJiUqmxR7IbveNsi791GWx5uhbCsbWmay6ou5oZDP39uouEgS0hdw3yecWKPAKNvK2ncOkHP/PGwYGIaX0sMNLP70apbG+yh+dR0HjiwgZbYFfKUUFFSRcMejLJ9oxnN0Kxt39j3yzuNPYsXn87FRRcFL29ldnsbiNPAdKaDgXAafXZ2DFS8lm//A9v3JrJwbTqG8VdTEfprPftGJpbqAtTtLqLlhIa5+2p6e7KSwohQyw0nM8UpqJyxg9eI0Sl9/juIzDZDqCNVd4+KuL+ThNEHd7vW8UZDI6ttTYEI6yf5NbN2XzbJVj+GyAAF3n9dtYF6qamL59GcfxRlZRcELBZScymXhpP77wBLrImfxbJbZLRBwU/TKRooqcjrC6TYJ81ixzNcRVAOEJ2DXVTew+I5eruFg79de7i/fkS1s6qPvUia1sOtYAySGW1FZBRnLWX2TQeH6jdScgVw7NBRtpcifw8pHsrEZDRRt2khlW3t8pRS8fZ6Mz64mxwrew1v4w469JN8/D3tv16ZsK0UD3u+Dd6YAfjYW3vouEIAXnoFnp8M3p0NMAnzz7+AXVqAVfvQj2HELLLPBbbPg9t/BDx+A44+GywrAK+/Asi9CyUq4+C5Y/wJfnh4KLLteB5gQBXNy4PF34bszoeJA6LX1PJzu9LzSF34DLIfCmYAXvvdT2PI1WDa293a88DOY8BC8NQWohft/BTd+F+bowR0iIjIKeb1eDhw4QGpqanv42NjYyLFjx8jMzBy2ULC1tZWSkhKio6OZOHEiCQkJXLhwYdjrERERudbpV8fRKi6ZjImhH1isWWkkeWqo8AAmO65kOxZ8eL0G9vhYjPCD+WwzUrCdqgiHMD4qT3lwJbvgfBlV/imkTQqX7cwgObqBmnOhl2YTuG5aRnZ8+AckiwVL40lK68JPTIzq7QcnK85kJ9YoA2+TD7PdRmy3Zyy6Zi0kJd4MWElOsuFtCj8v8Xg5NQnZzA+fn22cjeh+uiIxNRtbFBCVzMwUC7Vn6gCoOlmDPSUjPArSSnZaIu662k59mM78G5xYTMDkJBIvesIL0PTddktmKs7T5ZSGp6iWVtTjSu053brqZA32zPBIR8CZnUJ0dVm4781gspL9qbxQuAX9XreB2Uifn4vTApiSSUrw4fF0akdffZDgItluAZ8Xr2HHHjf0Zzh2voau8daOa9hdX/crPe+v/vrOlZZKy8nScPTZQOlJMynT7d0qa6D0ZAvpudnYTECUA3tsp90nK6mxp5IR6hSsWWkknq9rH73a49oM6n4fvMJDcN/s8AsT3JYLhSdDL2NckGoFvHDRBKljwN32gMZIYCZ898ZuBWaFwkaAmFS47xz0trTOmXrIcwDT4f7jsCcAOw6GwsQYK7jbwscG2OyDh2eGX1vh/gzYcqiPdoSPv21K+HUS3B8Lh7s+IFRERGRUaZtm3V0wGKSuro6ioiLeffdd9u/fz8WLFwkEAhw/frx9e11dHcFgkPr6eioqKqisrOTdd9+lubm5S3lWq5X4+HjKysoIBAIEg8H2fRcvXuTQoUO8/fbb7Nixg8rKSoLBIH6/nw8//JDjx4+ze/duDhw4QF1dHe+99x67d+/G7Xa3v/+DDz7g3Xffpbi4uEfdIiIi1wqNfLwmJHQER3F17N20jYM+Gy57JM1na2BcOByzpZMSt5GyCkiZWkFVfRJpU4Hjbjy+GrY/X9GpTBvZnTOWzo+kmZLP8pu2snXzWvZaHGTMX8zC9O6Tdb2UF2xiZ42FpPGxtLpr8JAxqLNpOO+BKAvdZ+8OhtkUidd9HrBQ74a60y+y9kDHfsukPtpg6nyy/bTdkkFqYhHlRyFjRinlZ11kLO1emJt6N0RO6XQGCXZs/gY6sr3IrtF+oJ/rNkTm9nLd/fdB3V42bjuIz+bCHtVM/WlI6D7qcUj1DvbLRaf7te22ab+/Bui7SWmk+ndRWg95lFJlTmFp9+yRetyeaOx9JNbuc26or+HF5/d3bIxJ7nR3drs2g7rfB+/wGVj3O3ihUx1zPhn692IprHoJJqZAaiv8ugG+1/nNw/TnoNuyYMc7UDgB1lkgZizsaPv0r4MdFsKBdchER9eRkV3aUQc7PPDYT7rW8U396UpERK5Bra2tfPDBB7S2tuJwONoDynPnznHo0CHGjRvXfswnPvEJmpqaeOedd0hOTu71GY4RERGkp6dz+PBh0tPTu+wzDIOWlhaCwSDNzc0UFxczfvx4IiIieP/990lNTcXn81FZWUljYyMA5eXlWK1W5syZQ3l5OdXV1SQmJraHoTfccAMmk74Ji4jItUXh47UgUI+7yUpyPPg+fIdiZrLqgfAU0SNbeK49U7STPtXGpqoaoIr6iWksMwF2GzZLOgs/vxDXIKu0Zy3lwSzwVO5iy44tFNo7PYcP4NRedp9ysvjhfJJNtD9fcjBscdbeh24NghFoxRqfANix28CZ+TmWd58GPJB+224hI8VJUUUpRlQV5yelk9bj57tQ3bU+H7RFqB4PzSZzn59Q/V+3S9VfH/g4+E4xzFrFgzeEYqbS15+j/HKrHIxO92tPA/Wdi7QpoanX7sgazKlL6ZE9YsPWY85xpxribZCYzeeW5ww64B7wfh+CVAd887Pw5Sk99617BW77Ajwenm0/8WeXVkdvKs5A1qzQx3Ny4HsvQtZdnaZntw3+SIQ8H3TOGk9fCE0J71Ui5Nngp/8El5Fdi4jIx8DpugbcjR/1OuJwJM2cMbTvUF6vF4vFgsvlIjExkejoaA4fPszFixeZPn06Fy9eZMeOHTQ3N2O1Wjl//jxz584lNTWVyMiuP+0ZhsHYsWNJTEykrKwMh8PRvi8mJoaUlBQ8Hg+NjY0UFRXh9XqJjY0lGAySlJTEpEmT2Lx5M4ZhcMsttxAMBjl37hytra2UlpbicrmYPn06FRUVnDhxgpycnC7h46Gjl/0DpYjIoJhMJuzxY5jodAx8sEg3Ch9HK38LHj84osD7YRk1CS7yLNDi90GUJRRgBTxUnvZAoOMZdfZUF9FvlLOXGuyTFoU2JrpwGLspPwWu8NRrT6MHW3wfo7v8PnxmCxYT2FIySLaW0ewBOocxvhYMcyzRJgCDhqp6mgOJDOZpeRZXIrb95ZR4M8i2gqfWzaAmkfirOFQJU25zAuBy2tlVWYp3dk74WX0ePK02bNZ+Sxmw7ZbMVJzFVRRaakmatrjXIlKTnew63lG3+0glbmdGn4uUDHTdAIwAQx751ncftNDih2hLuDM8ldQ0AsFObw4M4wrXfdyvvRmo71zTU2ktLOEgkHJHb/eoC6fDQ3FpHSQ6wV9DXSMdC85McmIvrKDUm0OOFcDA0+jDFt/HjdHX/R5fR/mxeizJ2X0Eqb3LSoXvHegUPnrAHQd2E7h9MLGtGQ3w/kdw4zD+fmZt+4o+HR7Pgolt07+dcF8dnAEmjIdlJthxMtzGtunZf9VHoeNDYWX78YD7AtjHDl+7RUTk2ne6roFAIMCM1Mmj8lmHfr8fgMjISGbPns3Ro0c5ePAgdrud3NxcGhsbMZlMeDweWltbmTp1KlFRUQQCASwWCwkJCURFRfVadmRkJDNmzKCwsJCYmJj28//oo48oKSkhPj4ek8mEyWRqn5YdFRVFQkICFouFyMhI4uPjiY6OZsyYMbS0tNDa2orH4yEYDHL+/HmioqJwuXoOIxhq8CoicqkMw+DM2XOcrmtQAClDpvBxtDKq2P37tew0GRgkMf+ueaFsJWcOyYd3sub5vZgD0STfkIyjpopyfzZpUUBiNmnWjRSX2cj9bFv6k8KC+aX8YesaKixmMAzMjjl8+u62FZO7qjuwmW0fNhPrTMTcWIPbOoe7uv9ckzqHnH2b2Ly2DDNmbFkZJBuVnHSDs+dQNQBa/OFJyYnzmDfxRQpeXMteM0QnZ5MeX0pNFWR0Se8s2MaYKS1ay9q9QMCMfeYSlk8M7bXNWUROxSbW/dd+QqcVTcqiFeSn9j3ezQgMou2WDFLHFVFUncLi23svxzJrCQtrXuHFlypwxXip8TrJ72ekna3f65aEM2EXhb/bgPuOleRN7LP5HYID9YGN2Tck8+KuNazdZwZLMrOnOKipKsfISsM8wYm9sJA1G9wsXZmHKz4Je0sBm54vw561nBVze6+2ta/Asq/79VL6bmIaUy5uoTQmlwf7yMczbsrl4KZNrKmwYI6wkT7NRUttDV4cWG3zWDRrA5t+v4b94fs9emo+Kz6V0uv16fN+ry9j754SLK2pJN/QLbiMg1vPwsQnum4reRLm3Al5/xuyP4CJptAIw+89BsvGw6p8uO1Z+LUVYpzw5RzYUgoPJ/XRWb3pNmqxzekGiGl/xigse6DbAYGO9335EXjsV7A/BS5Wg30JfLOfYdGPr4S7fgUvxAGtEDMZfv0oTBhCs0VE5Prmbvxo1ASPFouFqKgoGhsbSUxMJBAIcPr0aWJjYzGZTEyePBm73U55eTn79u1rX5gmEAhgs9mIjIzE4XBgtVppaRncA7MdDgeJiYkcO3asfXRkbW0tJ06c4M477yQYDA6pb8xmMzExMURERJCQkIDdbsdkMo2K/hWRjyez2cyE8eM4WlGt8FGGLCLY+anIMjoc2cJzH9hZ8WAedr+BuccCGAZejw9znDW0mEp39YWsf9vC0pXdAqCAD29TC8TYsPb+h9tudTRDtA1rP3NXfU0eDMtgyuulBq8Hn7n/8gdbTnMgGlvc0Aq6nLZ3FOLF4zcPsu4Brttl6LMP/F48vsG27xINeL/2YUh914uAD2+TgcVmpdca/V48FyF6UP09uPt9KC42hRaVsXcfcOkDt9HL9qvgogewQsxg/gwVAHdTaPGaQR0vIiLDpra2lqSkofyl6so7dLRi1IzCa21tpaioiPPnzzNu3Dh8Ph8NDQ3Mnj2bKVOmcOTIEXw+Hy0tLVRVVbF06VJ8Ph+7d+9un4YdGxtLZmYmFy5c4I9//CP33HMP48eP71JPc3Mzr776KkuWLGH8+PHU1tayefNmEhISuPvuuzl16hS7du0iPT0di8XC4cOHWbhwIePHj29/n91u509/+hOpqanMmTOH4uJizpw5w5IlSzhw4ACVlZW4XC78fj+TJ09m6tSpvT57UkTkShlNX+/7ci183/y40a+Qo1zvQY4Zaz9ziys/KMOa+bmeI89MFqy2wSYrZqy2gRfdsMRd+sIcZquN4chfzFYbl9KKy2l7RyFWBt2lA1y3y9FnH0RZQyuFXyGDDh5hiH3XC5MFa3+XcEjnPrj7fShi4jo9b7EzC32OCr3SYoZyyiawD28XiYiIjIjIyEhycnI4evQoXq+XiIgIMjMz24M7s9mMYRiYzWZuvPFGxo4NPUtk5syZ1NbWEggEiIyMJCIigtjYWG688UZiY2N71BMVFUVOTk77PofDwc0334zZbMZkMpGUlERWVhY+nw+r1Upubi6xsbFd3mcymcjKysJuD/10MGHCBGJjY4mIiGDGjBn4/f4uU8ZFRESuRRr5OBod2cJz5Sk8dlf2EN5UTsHzu6kKgHnCfO67I2NYgj2RAV3S/SoiIiKDdS2M4BiNI2GCwSCGYbQHjp0ZRuhRMp2393f85bbBbDZf0ojFYDBIa2trexgqInK1jcav991dC983P24UPoqIiIiIjGLXwi9R18IvoyIicvmuha/318L3zY+bYX7ynIiIiIiIiIiIiEiIwkcREREREREREREZEQofRUREREREREREZEQofBQREREREREREZERofBRRERERERERERERoTCRxERERERERERERkRkVe7ASIiIiIi8vFknDvG2+/XUe1pBcBii2fmjTnMHqdfU0RERK4XGvkoIiIiIiJXXt0hXv5zTXvwCODzNLL/z+9RWHcV2yUiIiLDSuGjiIiIiIhcYc3s/7AeL2AeO4E77v4kX7w7i5ljTYCPYx8ewzsc1bR4aGwejoL6YbTQ2NgywpWIiIhcuxQ+ioiIiIjIFXaa0xcAYsi8NYOJUUCUk3m3OhkLcKGR48NQy9nX/oHcr73M2csp5MP/YOVDa3i/r3yx+Ofkzvs5719OHSIiItcxhY8iIiIiIiK9amHPxl/yfkYaM6OHu2wPW/8+m2lPF4+SckREREaGwkcREREREbnCJjJxLMBFjuwp5bQf8Nexd08dFwDGxjPtqrYvrKWIN34HX1gyn2HPHmnhQuNoKkdERGRkKHwUEREREZErLJY5sxIZEwHGhTO8+dqf+a/XDnPoQgAiLEyfNR3roMtq4dBzj5I7I5tpM7LJWvQwzxV3miPtq6bg2b9hfm4203Lv52f7Ova1fLiGVfPD77vnSbae6lpy47aX+d2kv+GBW6Lh1DaeuGcO02ZkM23GfO74p22dpnM38v7LP2Tl/NC+v321uqMQo5qt37ufrPD7Vj13mBbqeemxRTyxE3juYabNyObH+wCjnreffjh8LnP4zPe2UWWEy+m1/j7KERERGUUUPoqIiIiIyJXnnMm9i1xMtkW2b7LY4pmz6CbynEMo5/Bv+bunG/nqH0s4fng/O3/7JEtndBqn+M5vean1bn7zyst8Z95hnv3PcGh4fhvf/vzPGf/kTo4fLuI3txTxtz94rVOgWM8br24jeeUiZpo9bP3Z13kp+2mKD5dwvPhlnlk9h/Htx77MS3un8c3fv8a/PzyWrf/j5fZnQB567m/426N3sKG4hOPbvk700w/zi+JE7vnfL/MvtwBf+CXFRUV8MxcaX/8BX3p9Dv++t4Tjh1/mnqNf5xvrq4G+6u+9HBERkdEkcuBDREREREREhp953HRuXzx9GEo6zhtvFrF06nySp2V13bXoe/z71+9mPOC8cxE/fj008vHsn19mU/PDrLszEcyQnjufma3xHdOrT7zJSzuzeOw7WYAntG3/Tt44PId7siYzs0s1j/LUTx7mRoDPLIEXfOHtxbzx78e59Tt3MTMWmJpN3qxcomMhOn480RYgOp74BBtQz9bXtsGdL3BrPMA0br19Mj/eWczZhz/ZZ/09yxERERldFD6KiIiIiMgV5TtfzaHjZ6mu/4gLLQGMtqnFZhOW6BiciXZSp01lWoJl4MKyHuHXPznLE08/yiefjWbmA0/z//5lCcnmAd4XrjM6fNz4O3/An+7s2F2282Xez72fZ6YB2Fj6T2v45pP/wPfve5knEubznV//ksdmDfwkyJZmiDbHhF/l8tgra/o89mIroenTz3XaeNvl1S8iInK1adq1iIiIiIhcEb6zx3jzjT/z+7fLOXCykXPNnYJHACOAr7mZ6pM17Hp7D8+/sY/9Z319lhcSTfr932ND4X7+vOZhol9qm6o8gHDo2GL0ss84zNbfHGbp6s+Q3LZt/Hwe/+VODhe9zFMLTvHjz/8v9rT08t7urYuFFuPiwAcCMZHAo2s4frSk479fhkZtXmr9IiIiV5vCRxERERERGXEfHd3HS3+p4bQXiIphcmoqn7ptLg+t+CRfbP/vVu6/LYP5qfGMjQLD+xEH/lLElqP9LOd85jDvn2oBczTJtyzh1klw1uPp+3gfXATGz1nEjbzAf74cCipbTu3kd9vqQ8cUv8YvTi3hzgVt05hbKCs+TKMBJGSRvygLmhtp7Cf8C4WaWeTdH82e3/yePY2A4eHQy6/xfuf3tbS9SGTOolx4c2foWKDlRDHvnxpk/S1KIkVEZHRS+CgiIiIiIiPsJIVHPsIgkvGZWTx093xuz53C1LFj6Dqx2sKYsRPIzJ3DvXffyh2ZY7AQ4OyRco70UXJj+Zv8+L7wKtBZD/O78V/nmS9k9X6wGXjnMNUtwNSHeebpRbz/vTtCq13f90vKWi8CLezZ8gJ84WGWJrS98Szv//KvmZ8VWhl7/v/Yz/Knv8bS+N7qsBDNfsqqAaK59ZtreDz6BVbNy2Za1iK+tO0s0QZAIjNvySL6d48ybcbdPHcUku99ku+kbAgdOyObrAee5o+l9QPU37McERGR0SQiGAwGr3YjRERERESkd7W1tSQlJV3tZvTr0NEKZs5I7eeIcrZsrOZszDjuuDOHiYMuuY5drx/m+MUxzFkxl9n9HNly3kOL2UJ8/BCfg9jiobEZouNtoec/Nm7jv8/7R8aueYd/WRDd/7FDqea8h5ZoG/Gxgzi20UMLvZzLZdQvIjIcBv56f/VdC983P2604IyIiIiIiFwZF8/x5sY/j0jR0Qk2Lmn5lWgbnTO+xqKdbJr0N/zpll5K63bsSLUvOr6PYy+jfhERkatF4aOIiIiIiEhY/JIfcHgBGlkoIiIyTBQ+ioiIiIjICEtj2Yq0q92IQYsexNRoERERGRwtOCMiIiIiIiIiIiIjQuGjiIiIiIiIiIiIjAiFjyIiIiIiIiIiIjIiFD6KiIiIiIiIiIjIiFD4KCIiIiIiIiIiIiNC4aOIiIiIiIiIiIiMCIWPIiIiIiIiIiIiMiIUPoqIiIiIiIiIiMiIUPgoIiIiIiIiIiIiI0Lho4iIiIiIXBaTyYRhGFe7GSIiMoIMw8BkUowkQ6e7RkRERERELos9fgxnzp5TACkicp0yDIMzZ89hjx9ztZsi16DIq90AERERERG5tk10Ojhd18DRimoCgcDVbo6IiAwzk8mEPX4ME52Oq90UuQYpfBQRERERkcs20enQL6UiIiLSg6Zdi4iIiIiIiIiIyIhQ+CgiIiIiIiIiIiIjQuGjiIiIiIiIiIiIjAiFjyIiIiIiIiIiIjIiFD6KiIiIiIiIiIjIiFD4KCIiIiIiIiIiIiNC4aOIiIiIiIiIiIiMCIWPIiIiIiIiIiIiMiIUPoqIiIiIiIiIiMiIUPgoIiIiIiIiIiIiI0Lho4iIiIiIiIiIiIwIhY8iIiIiIiIiIiIyIhQ+ioiIiIiIiIiIyIhQ+CgiIiIiIiIiIiIjIvJqN0BERORKCgQh2P5vkEAwtD0IBDt9TPh1+8ft24IEgYjw6wgi2l90bAv9r8vrPrZHRITKiAhv79gmIiIiIiJy7VP4KCIi15VAEIxgECPYPWiEQFu6OAw6QslOCWVvBwyptA6hEDKiRyDZ5eP2baHw0qTQUkRERERERhmFjyIics0KAkYAWsNhYyhwHL6A8WoKjcQMdt3Q79EhEYApIqI9iDSFQ0kTEe0fi4iIiIiIXCkKH0VE5JpiBMEfCNIaCI1wvD6ixuETpGPkZ889IaaICEzQPlrSRFtI2bFdRERERERkOCh8FBGRUS8QDhz94VGOcnkCwSAB6GU0ZWhD2+jJiE7BpDkiArNGToqIiIiIyBApfBQRkVGrNQAtgSD+gALHK6lt9GTXcDL0whQOIc0KJEVEREREZBAUPoqIyKhjBMFnBGlR6DjqBIKhFcL9QG+BZJQp9LGIiIiIiAgofBQRkVHmohGkxdCzHK8lnQPJi0aQyIgIIk0KIkVEREREROGjiIiMEv5AkItGeLqvXNNag0FajY4gMiocRGp6toiIiIjIx4/CRxERuaoCwVBI5dMU66uubbXr4eYP0P7cTgWRIiIiIiIfLwofRUTkqmkxgrQYENAk66vKHBFBjDk0QlFERERERGQ4KXwUEZErrjUAFwNBWjXa8aozRURgi9IwRBERERERGRkKH0VE5IoJBKElEFpQRkYHq/lqt0BERERERK5nCh9FROSK8IUXlAloQZlRJTJCox5FRERERGTkKHwUEZER5QsEuyw4IiIiIiIiIh8fCh9FRGTYBYIdoaOhkY6jWmswSJRGP4qIiIiIyAhR+CijVpBQgBEIBgkEQ6+DQFuO0fY6IvyfKSL8cQSYiMAUEdomIldOa3iEoy8Q1PrV1wivgVa5FhERERGREaPwUUaFIKHQojUYxAiAEYTLiy5C7w2FkhGYw0GkOQLMEREKJUWGmaZWX7sCwSAeP8SYIxRCioiIiIjIsFP4KFeNEYTWQJDW8L8jEVkECU357LqwbhBzRASRptBCC5GmUEgpIkOjqdXXDyMYpKk12P7HmrZR5BGE/mgTpb/YiIiIiIjIJVL4KFdUMAj+YBBfIBQ4Xi1GMIhhQEs48ow0RRAZ0RFGikjvAsHQCOW26dWKHK8vbY+5gNCo8bjIUBgpIiIiIiJyqRQ+yhXRNh3TH7jc6dQjozUQpBXri6LIAAAgAElEQVSA0MifyAiINIWmaOsXb/m4a3skQtu/8vEQbUJf/0RERERE5LIpfJQR5Qtc/VGOQxUIBvEFwRcATdGWj6OuoxtH5x8MZORpqrWIXKuCweD/Z+++o+u67jvRf0+7Db2zgF3sRSTVLCkqdizHlm0pLrHlFDuOJ7HjlMnMezOe917eelnJJFkzzps3JWOn2HHsRBk7rnGPY9mWbMmSSImi2CmSYC8g0W45fe/9/jgACBDtArjl3IvvZy0QwLnnnrNxCdzyvb+9fwjDcPx7XddhGEYVRzQ3KSX6+vrQ3d2Npqamag+HiIiopBg+UskpdTN0rId14CZO0dYwYYq2zqpIqg8KgBitauT6jTRG4/0bEdWoIAjwyiuvIAxD6LqOIAiwceNG9PT0QIvpnZsQAseOHUMikWD4SEREdYer21FJ+VIhFyo4QtVlgKEQTR93hEIukMgFCnao4Mtbm9oQxZNU0e+wK6IGI9lAYcSXyIcSbp3+3dLC8D6NiGpVGIY4duwYgiCAZVnI5XLYv38/XNet9tBm5fs+hBDVHgYREVHJsfKRSkIowBUKQQ1Nry6FsU7aY1O0xzrFsjKS4kCom7+jYrSicWn9hdJiBELBNHknRkS1ybIsbNu2DV1dXbh8+TK++c1vIp/Po7+/HxcvXoRt2+jp6cGWLVtgWRauX7+Ovr4+aJoGy7KwdetWSClx8uRJ+L6PIAiwZcsWZLNZJBIJrFy5ElevXkVfXx927dqFVCqFEydOYNmyZWhsbMSJEydg2zY0TcPmzZvR0tKCGzduIJfLQdM09Pf3Y8eOHchms3jttdegaRqGh4erfbMRERGVBSsfadFcoZAP5JILHqcjlZpUGTniR9VlrlAIefNQmSgVNYXxRFSJmwsUhn2JXCBhhwqeUAgZPNI8eTL63SEiqmVKKQRBAF3XoWkaXNeFUgpCCBw/fhxXr15FGIY4ePAgBgcHAUTrLwLAuXPncOrUKSilxj8GBwdx7NgxCCHQ19eHgwcPYmhoCJ7n4dChQ7BtG6dPn8a5c+eglMLAwAAOHjyIIAhQKBTw/PPP4+LFiwiCAPl8Hi+99BIKhQKklJPWqSQiIqonrHykBVuq1Y7zoRCtoRcAgIjWjDRG14w0tKibNns6ULGkij6EUqOfow/GirQY1ixV2grR/TwA6BpgaRrXgiSiGV3pH8BwNj8e3lXK9k3rpmwLggDPPvssMpkMPM/DunXr0NjYiGQyiYaGBniehxdffBGDg4NYvnw5HMdBIpHAihUr0NnZiWQyCd/3Yds22tvbsWzZMjQ0NMBxHJw+fRqu6yKXy2H16tUYGhpCIpEAADQ0NOD555/Hxo0bsWvXLly6dAlPPfUUbr/9dqTTaQwNDeGOO+7AunXrcPHiRQwODuLxxx9HMpnE1atXp/35zl68goId7ynjRFT/dF1Ha3Mjlnd3VHsoVIMYPtKCRNV9UaUfFU8h6vwdTtiiIQohDQ0wdIxP3ebr+6VLTpguPRYySlYuUhk0WzrfACGikrjSPwApJTat641FZ+mxjtdSSnR2dmLLli0wDANHjx6FlBLNzc0wTRNKKZimiV27duHkyZM4dOgQWltbsXv3bqxZswY3btxAX18fTp8+jb1796K5uRlCCAwODiIMQ6xduxbXr1+HrutoaWkZX2OypaUFmqahoaEBSin4vg9N05BIJNDW1ja+X0NDA9LpNADANKd/aba2d3klbzoiomkJIXD1+iCu9A8wgKR547RrmrexRhUMHktDIeoy7Mloymw+kBjxJbLBzSnbgYwq3ai+iNHO8GN/U2PTpbOBHP+/j5oZMXik0ms0GTwSUekMZ/NY1tUei+ARiNZ8vP/++/HII4/g3nvvRVtbGxzHwaFDh9DS0oLVq1ePh34A0Nvbi7vvvhvd3d04dOgQRkZG0NjYiPvuuw8bNmzA1atXcfbsWWQyGTQ0NODChQuwLAs9PT3I5XK4ePEili1bNt6tOpfLQSkFx3Gg6/p4ZeREyWQSjuMgCAIIIcY/ExHFkWEYWNbVjuFsvtpDoRrEykeal7HOzlR+cnRqbTC+JaqS1Eenauta9O5B9HW0jTlCPChE6zBKRJUXUkXbxj6PVTISVUtC12Dy7UciKiEpZWyCRwDQNA2maU4ak67rSKVSOH/+PEZGRgAAuVwOnufhxIkT8H0fnuehqakJlmXh/PnzuH79OgzDGA8dTdNET08PDhw4gDvuuANNTU2QUuLy5cvYuXMnLMvC5s2bcfbsWTiOg8HBQaxZswaZTAa+708aY3d3NwzDwHPPPYfGxkbouj4+LiKiODIMo+JLa1B9YPhIRSuEXN+x2qLgKpqOO/USQMOEYHL0w0C0RpsOcK22RZouVJSTto0FjPw7oXhjxSMR1TPLsrBz505kMplJ2zOZDPbu3Yv+/n5omoYtW7ZAKQVN02AYBoQQMAwDe/fuRUtLCwqFwvj07fXr12Pt2rXQNA3r169HoVDA2rVrYZomtm7diqGhIbS1tUHTNGzYsAFhGMJ1XbS2tmLz5s2wLGv8/GPjam5uxp49e3DlypXxqd/JZLIaNxkREVFZaUqx/IbmxuCxdikpIUe7OuqjT64NXYeha6OVlJjweTSo1KLrTZz+YxgGLMuCrtd+udRYiDj2G61GA8OJ2ycHjVxzkepLQteQMZlAEtWKa9euoaenp9rDmNWRk33TNn6Jm7FO14ZhQLvlXdmJz3nGSCkhhIBpmlP2X+h5FrIfEVFc1ML9fS08bi41rHykOeWCaM05qi2B7yMIfET/dQpRxHjzs64bURBpGICmQdf1qJpPCoRBCCEENETTljQoaBCA5iFpJZBIJKCPlk5F+4wGl6MbJj51vvVp9MTn1RMvm/QbpiZ/P+Xr8YAwuuTWwBDAlCAx2q80AeJYoDsfuq5B02o/uKX6INTNewMioqVkbDr2dKabNq7r+oLeeJ3tPAvZj4iIqJbxkY5mNeJLVnvVGCklXMeGnFKpqiZ9FkLMuah5FPRNvl4gPGiej2QyCdOypjl+bYqCVzkaLEpAjVZAjFaBTr09588wDCSSyVitiUVLk1AK+QBosuovfhQKMOrvxyIiIiIiqlkMH2lGDB5rz1jwOLZ+EaBw4uhpDFwfxI3rQwCAVWtXYNWaFejs6sDkwFCb9P2Jo6fx7NP7cOHsZdy4Pog9d+3A/Q/dhc3bNgBQ8DwPQRggmUzV9FRsIQQ810W0AsXMt8fY7TnT5cV8L6WA69jQdQOmZcE0DGg1fNtRbRsLIC0dMOpgqp+Egi8AUwcMpo9ERERERLHB8JGmlQ24vl2tUVLCsW1AKRQKDp767o/xL99+BnbBmXb/TEMam7dtwKo1K7F5+4bxqOzi2cv4ydP7cOHspUn7P/ujfXj2R/uw564deO/7H0dXdztEKGCHBViJaCp2raxVFK3fFCIIAkgRdWvTtKjIc3xyuqYwcWa1pim4ArBDICeAQCmEEtGHAgTU+NehjPZvMoEmE2gwgSZTocGIji+EgJQCnoqmc5mWCcuqnduP6keoFEIB1Hrl8kRKakixuJiIiIiIKDYYPtIUuUDNez07qr4gDAEoPPv0fnz+c1+bMXQcYxccHNh3GAf2HQa+VPx5Duw7jBNHT+ORRx/EY+9+EwANYeBDhAESyVQs1i0am0ItpYimT49+BkanVquba1+OVTQGUkO/p9DvAQO+Qj7UkBcKhRDIh0BBAIFc3LiWpYA9LRp2twIZQxsNOBUC30cYBLASCVhWYtE/P9FSJpSCUBqnXhPVhBAjZ4/hmSODGPSjLUYigzXbN+K+ta3g+whERET1ofopAcVKns1latJYgHW+71JRweNi2QUH//TFf8azP9qHD/7mE9i8bQOUUnAdp2pVkEpK+EEAEYaQspiUMPo93zeksG9Yod9TmLysY+n/Dq66wHdchWcHgY0NCr1pDavSCt3J6P/Qcz2EYVjzU9mJqi2QilOviWIvi9deOILnLvuTtgrfxpkDB3Hl2gY8ek8vGqs0OiIiIiodho80rhAqhAwea5IIQ9y4PoCP/9Enyx48TnTj+iA+/oefwJ67duCJDzyOzq52hIEPKQSSqcoEaEophGGAwPdHKxond9S+1UgAXHCA87bCWRu44pZ9iFNkA+ClYeCl4Wi8m5uAu1o1bG4CpBBw7AKsRBKJBKsgiRYikODUa6KYc069hhcu+wBMdG3ZgNdvWoY0bFw8eQw/Pp6Hc7kPz5xqx6O3Zao9VCIiIlokho8EAHCEQlCCbr5UHWEYzrq+Y7mNTcV+7N0/hze+5QEIIeDYNhKJBKwSB2hjU6qFEJBCIAxDADfXbHQEMOADgwEw4ClkwyhwHPvsLXLqdDmcyAEncgpbm4A3dGnoSQKB7yEcbejD7thE8yOUQig1mCwgJoqpYbx6Jg8BoGXjTjy6tXl0ewa9W+/A28UL+PJrLq6fOYfB27aivZpDJSIiokVj+EjwhIInGDzWslw2h+ee3l/VMdgFB5//7NdwYN9h/Pb//qvINGTg+x6EFEgmUwuahi2EGA8Zo+9DTGgJg4lrNl52Newbktg/VMIfqsKO5aKKzJ/t1nBXmwYlZTSV3bJg1VBDH6I4CJSCCf7NEMXTAAYKAJDB+vHg8abGre1of+0yBgs2LgIMH4mIiGocawKWuEBGVY9Uu3zfw09+tK9qVY+3OnH0FD72O3+M40dOQSkgDEI4dqHIdRhvGque9L1oHcQwDKFUVPk48fOpvMKXLil88kxtB49jCgL4+hWFL12SGPSjn9P3fTi2DTEawhLR3MIYVjkT0a10TNtVxtDZbIaIiKiOsPJxCZOKwWOtU0ohCAK8sv9wtYcyiV1w8PE//AQeefRBPPGBx6GUgmMXkEgmi+7mLISIapZGC5cCGa2VmBXAZQe47CpcdoAb/mxHqV0HR4BztsLDXRruaAWUknBtG4ZlIplIQmNDGqJZses1EREREVE8MHxcwlyhINlgpmZJKeG6Dgo5GyeOnq72cKb1L99+BsePnsavfeS9WLV2ZdTNOQhgJZIwzdnvfkzTxD9fdHGyEIWOubBCg46R4QD42mWF03ngoU4N3cmokjQMQliWhUQyyanYRLMQSsHg3whRbORPH8C3D2XhjD/9zOPAV5/GgZmvEV2umejduRM/u2HqFG0iIiKKP5bOLFGeUPDZYKYmhUEA17Hh2AUoKfH97zxT7SHN6sLZS/j4H30Szz29D5oWhaae68AuzD4V++VBgR/eAC45SzN4nOhQFvibcwrPDwESUXOdMAzgOs54h28imorF/URxch7PHZkYPM6DCnHxyGkcL/mYiIiIqBJY+bgECRVVPVJt8X0Pge9jYtZ04/ogvv+dH1dvUEWyCw7+5pOfx4H9h/HBjzyBTEMaSkk4dgHpTAP0aaYQD8SxLXUV2QL49lWFfUPA7c0a7u8ADCXg2AWk0mnoOlfHIrqVkJh+PTkiqoIAoQCARux5xx3YVfT1TuPbX72I60KiTldaISIiqnusfFyCXKHA6LF2KCnh2PZ48Khp0cdPn9mHP/wP/yU2jWaKcWDfYfyH3/1jfOPL34NjO1AK8D132n3XNPDuaTrXPeD71xWevKAwFGB0PU1n3g19iJYCwcpgoiXFu3oGp87l4N3an82+gVNnLiJr33qFHC6cOYPrWW/yduEhe+4MTl2deqxYnoOIiCjm+Op+iXGFQsDp1jVDKQXXdSCEgFJRpePnP/tP+Nhv/zE+/YnP11TwOMYuOPinL/4zPvY7f4wD+w4jDKOu1o5jwy7kkc/lkM/l0Gu4eH1ntUcbX6cKwJMXFM4WxgJIG2EQVHtYRLGiwKnXREvG8x/H1gffhjc9cg92//krN7eLF/Anux/Em978Juy+77/h5fELLuIff/0ePPTmt+GeO/81vn795lUufPkj2P3I2/CmB+/Bb37jRszPQUREFH+cdr2ECBWt9Ui1w/c8SCnh2KPTlvfFq6v1YtgFB5/5i8+js/s3sXrtyvHtE3tDvKFbQ2sC+Opl/t5Op98Dnryo8NhyDTubFbzRKlLTsqo8MqL4YNMZovjLn3wJ3ziahw8Ty7ftxJs2zb+xTHboZrLnTSwyLGTRP/a1PXHidg7XL9z8zp1QZZgdunTzm0nb43gOIiKi+DP+4A/+4A+qPQiqDFcoVoDUkLGqxxNHz+BP/u//jgtnL1d7SCUXBCGOHDyBN77lQQCAJkKYBQe6H8DK20hks1hnD2ODLGCfbKzyaG9SQkCKEEoEUCIEpISSAkpKQAM0rXJF5aECjmSBpK5hVVohDAU0TYNhcKE7IgDQocHSGT5SbSsUCmhsjM/j4HSuDwyju6Ntlj2G8NrxLGwksHzrCvSMbz+PHz3bjxEJABL5QRupzcvROef1Jkt2dqFdeEiuvR+//u63YXv3aI1FshvdHQKu1YsHfv29eHxb12j1RTPae5oB0YDb3/1ePH7/GrSMPny3tC9DixTI7HwXfunx+7G2Oc7nICKqrLnv76uvFh43lxpNsVXqkhBIhULI/+paEoYhXjt2Ch//o0/W5PTq+fjDJ96I29etnnWf78tGfDk1+z7lpJSC8BwoIaBbCRiJ5Bz7S0ApaBVsBPMzHcDP9WhQCrAsC8lUqmLnJoorU9PQaDF8pNp27do19PTMFLvFw5GTfdi+ad0se4w2jpnScOY8vvf1PlwZq/4zmnHPY3uwZc7rERFRNcx9f199tfC4udRwzcclYsqC1RR7Ugp8/nP/VPfBIwC8+NoFyDneB3mjnsdup3/WfcpBKYXAySN08tANE1ZD05zBIxBVP44HjxV6j+cnA8BXLkXnCoIAnjt9Mx+ipYStmIjibjXu29KIhAZAM7F8y4YJwSMRERHVA1brLwGeUAhZ4FpzbvQP4sTR09UeRkWcvHwDYRgiMcdahT+jhvEKuis0KkD4HoTnwkgmYSQWUUVYwfXmDowABaHwK6s1BKMNaBLJJDSueUdLVPTGBn//ieKscdMdeN+mao+CiIiIyoWVj3VOKsBj2UdNeumFV6s9hIpx/BChnLs8d7sZYrM3UPbxKKUQFHIQgQersWlxwWMVnMwDf9Gn4EmFIAjg2Da4wgYtZZK//kREREREVcPwsc75Us05nZXiyXW8uXeqExcGRiBEcSn5neFwWcciRQhvZAi6aSHR0FzR5jGldMkBPnEGGA4BKSVcx2EASUsWw0ciIiIiourhtOs6JlXU4Zpqk5RLqWS1+N/Te7QCfhjkcNlqKvkopAgR5EdgZRqLWtcx7oYC4M9PK/zaGg0rUgKObSOdyXAKNi05Epx6TVR9FkwDgMjjwFefxoH5Xt3QkSjDqIiIiKj8arOkh4ris9SjprV3tlZ7CIsipUAY+ghFEHV+nsWKtuKDRMs0sdrPLnZ4U0gRIihkYWWKayhTKnPdNovly2gK9ulCFGjbhcISC7aJWPlIFA+rcd/2ZqQX8j6AZqJ3OxvREBER1SpWPtYpVj3Wvp27t0FKAX2sY3INESKEqSvceVsvbmTzuDAwAj/wYZrTNz5JW/P7GdcrG8+XarAYCx5zsDJN0M3Zm96UWqWmdX/2vMK7VwK7mgHHLiCdydTk7xbRQjB8JIqHxg178J4N1R4FERERVRrDxzrlCgWTUytrWu/KHnR0tmFosPRVfuWklMK6rmb83mMPYXl7G0zdwIht44vPHsDXXzwMw7RgGtaE/SXWL2tHco5O1xNth13SMQeFHMxUuuLBY6V96RLgCeDedg2B4yKdSTOApCWB4SMRERERUfUwfKxTGZPBYz14/OffgL/9m6+iltYqa06Z+L3HHsK6ZcugjwbgXS0t+OijD+OB7bfhr777LE5dvQFdN6AAJAwNb9m7BYl5hI9NuoZeP4uLieZFjzf0HCgla66j9UJ946pCoIC3LNMA30E6k4FhMICk0hjL+Cb2NlITP6uJ29Sk1V6Vmrz//I+HaY4XnYNvxhERERERVQ/DR6IYe/StD+NvPvXlmqpOe+sdm7Gyo2M8eJxo55pe/LffeA+eO3oKT716AkopvPPeXVjd1TWvc1imidv8odKEj64NM5le9HFqyXevKQRK4rHlOmzbRiqVgjWP8Jeqo1zBHtRs4d1sYaCacjkREREREdGtGD4SxVhzcyPued0u7HvxSLWHUhQpBW5fuxKpxMz9KHVNw89s34j7tt2GMAxhGDqMBYSrK6W7mKECAJQUkEEAo6lt0ceqNU/1KwRS4p0rNDiOAwBLOoCcLdgb/1pNjtvmDAMnXWe24003BgZ7RERERERUHxg+EsXcjp2baiZ8XNnRjN7O9qL21TVtXlOtb7UG3oKvO0YGAYxkCppemaYvcfPMDYVAAk+s0uG6UZhbjgByfkFc6YK9aa+DaF3SW7cRERERERFReTB8JIq5Bx68E5/59FdQC+s+rulsg2lWZop4ly6RliEcfeF3YyLwYFgzV2kuBT8dVHClwBO9Oty8jWQqBSuRmLkqb8I3s62zd+t2IiIiIiIiWpoYPhLF3IoVPZBS1sS6j53NDbCMytytGLqOZUEefcnWBR8jqnxcWus9TufAMOBJiSdWavAdF2YgkEwtjQY8REREREREVF5Lc64hUY3ZuXNztYdQtEp1TrZME8vC/IKvr6SEFCF0dnoGABzNAn93QUEphSDw4bmLX1OTiIiWDl3XIYSo9jCIiKiMhBDQl+iSVbQ4/K0hqgFSymoPoSgnL99AGIYVO1+XXPi6j1JE49RqoKK0Ul7LA585B0ilIQgCBpBERFS01uZGXL0+yACSiKhOCSFw9fogWpsbqz0UqkGcdk20APNrhqGmXn7LmnkTt0+3zl7X8i4cO3ZmscMuu4sDWWQdB50V6prcsYjwEVIu2UYzs+mzgU+dU3j/Kg2ADwCcgk1ERHNa3t2BK/0DONl3sWbeNCUiouLpuo7W5kYs7+6o9lCoBjF8pNhZTGdc4GYgOG2zjGnCwqnHnO461W2g0d7ZVqUzz4/tB/j8T17Bbz/6YEXO16MtvLpCKQloDB+nc9EBPn1O4ZdXaWhBACklUuk0NC3+TY+IiKh6lnd38EUpERERTcHwcYkpNti7+UkVHewVf8zpu+OyM+7MVA3dOP9y8BR2rFqGh3duKvu5OuFDw8JCYaUUw7RZXPOAvz2v8Iu9QFcyhGPbSGcyvM2IiIiIiIhoXhg+1oF8MM203rGvY1C1R3ETNRSRcrRqUNOg6wZMwypZsPSX33sBG5d3YWWZKzYtw0Rb6GDQnH/Hak3To+pHmtGAD3z2PPC+VRpWpiQDSCIiIiIiIpo3ho81zpcKYS2VxVHVCSHwlr2bcedtq9CSyaB/OIcfHX4Nz588B8tKQi+qAYuClGrGTme2H+DLz7+K333bQ6Ud/C00TUObcBcUPuqmBSUEFNd+nFU2BD53XuGJXg3rMgJhGMKq0JqeREREREREVPsYPtY4jw0Fl4RSFprds7EXv/LwXWhtbAIAbFsNPLxrCw6du4g//dL3MOIEMI2Zw6Uw9CHEzY7WmqbDMEwYxuS7k/PXh+AHARLzDKqkUgjDsKjrWWZU+QjMv8JSN01oug4Z+jASbKgyG0cAf39e4T29GrbqPsNHIiIiIiIiKhrDxxonWPW4JJRymuudt61Gc0PjlO071/Tik7/5BP7ki9/Fq2evwjSt0crG6NxSCoRhgJ1revBLD96B1V3tOHd9CK/0XcI/HziG4YIDw7CgaToABT/wEIjiQsSJPN+HMY9KxLbQndfxJ9JNCzIMYSQWfIglI1DAkxcUPrJOYF0iYABJtYUrBRARERERVQ3DxxrmSwaPNH+OH0CfIcxsyWTwnz7wTnzlpy/ji88ewFDeGb8slbDw8/fuwjvv3YWWxibomoa2pmbsXr8Gv/L6e/DV51/Bd146iksDI2hrTOOJB/YgYc4/oArCEEai+DSwU/nzPscYM5WGn8/BTGdGQ1Oay/4hoDfjMXykmsK/biIiIiKi6mH4WMN8TrleOkpY+Xh1KDvnPu+8dy/edudOnOsfwMWBIUgpsXtdL9KpJDLJqVOUDd3Au++7A+943W64vo8gDJFKJGGZ87+L8cMAqXmEj80qnHunGRiJFHTDhnAdmOmGBR9nKdk/DNzZJln9SDWFPZKIiIiIiKqH4WMNY6OZpSOTKc2ahGHoY+Oy9qL2TVgWNq5cho0rlxV9fEM30JCaf/OXMUopBGEIcx6hZQaLS+GNVBqhU2D4OA/7h4CVaQ+mabLzNdUEVj4SEREREVUPn4/XKE65XlpWr+td1PWVUggCF3dtWIm9G1aXaFSl53geEqY147Tw6TRri/tbMJNp6KaFwM4v6jhLyf5h4JIj4boOFN8EoRrAjJyIiIiIqHoYPtaoQFZ7BFRJt+/dASkXXuFnQOBdr9uF33nrg2hrbi7hyErL9T2kknNPuRZSwA8COJ4HK3Dm3H8uicYWAIBfmHtKOkX2DwEiDOE6i7/9icpNY8cZIiIiIqKq4bTrGhVWofLR0jVYOpDQa/tFnFJR5agnAVlDVVubtq7HqRPn5n09IUJ87F0P4/Z1qxY1JbrchBDwwxCtTVE4GgWMIUIhIKTAjXQzhswkBhMNGNaTGDaSGIaFYaFjkTOvAQBWphGha8PPj4yHkTSz/cPAhgZge3MIIQQMw6j2kIhmVOMPW0RERERENY3hYw3ypUKlIzNL19Bg1serN00DkoaGpAE4IeDVyBT2B3/2Ppw8dga6Pr+QZ/f6FdixemWsg0cAyDlO1GimtQVBJo2v5ZMY1BMYViaGhY7hYHRHhShsLEPDJTOVgfA9+IUczGQK+gK6dS8lX7gE/KKuYbvhIZ3JVHs4RDOqj0cvIiIiIqLaxGnXNSis8JRrQ6uf4PFWSaN2fq43vfX1aG1vBuYZPa/pbJtX9+hqEJYF83V3IvnmR+Dt3AZndS+uJBrxipPAWXdC8FgBRiKJRKYRwnO5DmQRnh9UCMOo+pEorl/yGH4AACAASURBVFj5SERERERUPQwfa1Cl13usoXxu3nQN82puUm0f+I0nEITzT+ISVrwr+MTG9TBaW8e/dwKBS9VcSlDTYDU0QTct+PkRCN+r4mDi7UwBeHkECIMKJsRE81A79/BERERERPWJ4WONCaRCpSdd13vFSC39ePc/dA/e8Z5HEYQ+iq2AlDLe3YlETzdEe9ukbZcLIbJhlQY0gZFIItHYDBkG8PNZqJjfltXy/CBQ8PzY/67R0lRLbzAREREREdUjho81ptJTrgFA1MaSiAtWS01nAOCXP/QevOmtD8H3PSg1+y+EUgor2poqNLL5U6YJf8PayduUwmUnTv8nGqxMI8xkCoGdQ+jGuLtzlX6Xr3nA84MagsCvyvmJZsPokYiIiIiouhg+1pigCtlCIBW8Ok0ggyo07ymFD//uB/G//f5vwTA1BIELIaaWCUopYBgS63raqzDC4vjbNgP65LshKSXOFOL3v6JbCSQaW6BpGoJCFsJzqz2kqTQNwvcQOoWKn3r/sELeDaBqLMyn+sfCRyIiIiKi6mL4WEOEql6VniMUghrpCl0sVygUwtr9me5/6B781ZP/H375Q+9BS1sjPM9GELgIAhee78C0dPy7/+f3sH7rpmoPdVr+lo2QzVOrMkUY4oxdhQEVyUimYDU0QymFoJCLXQhpJJJQSsEZvAZZwUrE4QA4lFUQYQzmyxNNwCc6RERERETVpSmWqdQMTyg4Va5A1DVtygu5a67EyowOS9dqpjmNGv1H4ebKiVIpBBLwazRkPXWyD4cOHEEhb2Pnnm24fe+O6AIpkTpwCJoTn+nC/sYNED1d017WN1jA/zhVO52TZeDDt/NItcSrwtTLDkH4HgwrgWRzW0XKv9ZmgA+t1dHQ2Fj2cxEVK2VoSNXKgxPRDK5du4aenp5qD4OIiKgm8HEzfsxqD4CKF4eZz1IpTFxlMGVo2NBkVG08C6WN/jPx5aihabB0IKk05CrdUrwEbtu0DrdtWjf1Al2Hu3cXEsdfgzEwWPmB3cLfshGis2PGy8/ka++2jyMr0wQZBhCBD3vgGqx0A6yG8q7/edYGTuUVdqQFDKP27heoPjF3JCIiIiKqLs5GqiFxCB8n0jUNiTpshW1oQINZZ38amgZ/6yaEvSuqNgSVSsG7fceswaMQIc7FcL3Huei6ARkG1R7GJLppwsrcDBsDp4DQK3/166sjCr7vlf08RMUyuOgjEREREVFV1VnCUr+kAkTMZsibGlCH2SMAwNKjcLXeBGtXw9+6CSphVfS84bIeuHtvh2yafTpuGIQ4G5/Z4UXRrQQSTS2QIoRv5yq6zuJczFQaRiI1/r2fGyn7OQ9lget2CClZwUrVp6F+H6eIiIiIiGoFw8caEcYseATq/wVdvf5xiI52uHfuQbiy/FWQKpGAv30LgtvWFfULc80Oka/RfiVmMo1EpikKIGNUBWmlM5O+D+x8Wc8XKuDVESAM4nMb0NLFqkciIiIiouqr13yl7sRtyjUQVWPWs7qu29J1BOtWw71zN8IVy0rejEQ2ZOBvvg3u3Xsh2lqLvt5Zu3Z/qdRopV+ioRl+bhiIyRsGupWAmUqPfx+Fj+Ud26EcEMQogKWli+s9EhERERFVHxvO1IgwhklYIKMAsh4rIAOpIGMSHpWTSqUQrF+LYM0qmNcHYFzrh55bWGWcsiyIrk6Iro45p1fP5IJnAKix0kelEHoudMOApiegmxbMdAPckUGkWmde37KSzFQDQs8dD0T9fBaJxpYp+4WuDTOVmbJ9vq57wCtDEncnAlhWZaf4E01Uj49PRERERES1huFjDYjjeo8AoKDgCCBjaKUunKsqTyg4cSw1LSfDQLisG+GybkBIGNkstHwBum1Dc73oY3QarTIMqGQCKpmESqcgGzKQTU1QmfQcJ5nbsF9bt7sSAr6dgzc8gOZVG8a3m6kMlJRwhwdiEUDqpgkrlUHgFAAAoevASjdCm9CROijkoJlzPyQUG1AeygJ72xk+UnUZTB+JiIiIiKqO4WMNqHYOFi3Yr2G6l3BKAWfyAiszOixdi/0UNzX6j5r4/ehnpRQCCfj1Pp98LoYeTZWex3TpUlmeMXA6Jyp+3oWQgY/+Qy+ga8fdSE4IHsdYmaj60x0ZRKqlvdLDm8JMR9WPSka3r58fQXJ0XML3EDgFpNu7Zz2GnxtGoqm434uTeeBcPsSmlISuc4UPqo64PyYRERERES0FDB9rQDWbzSQNDSl99srGRsuY+cKY0QC4UsGtdqJL03rnmhSGPIkjw/Geei18F6HroPv2e6EbM9+NWplGwM7Dyw4h0dQKrYolwpquw0xnEBRyAAAR+JCBD91KQAY+jEQS2iwhoZcbgplqmNc5j+aAdS0+ksnU3DsTldhMb5oREREREVFlMXysAaJK6z2amoZ0HZaNpEZ/JgaQ8fShTRn83WkHBwbi2bAkdG0oKZFsbitqfyvTCOG7CPIjMJJpGIlkmUc4y1hSGQjPgQyjcNfPjyDV1gVoGoxZAkI/PwJN02FYiXmd73AWeL0bMHykqqjDhy+imqNiuGwQERHNTzULKKh+cC5czClUr/IxZdbvnYzJdcBi7Vc2pLG3I35rBQZ2DppujE+pLpaRSMFqaI5CSHthDX1KQtMmVS9KISA8F2YqPWOw6BeyEIGPREPzvE83HACHcwpBEM8gmeobw0eiylJKMWwkIqpzvK+nhWLlY8xVq+oRqO8XbvX8s9WLd61NoS8vMOTFo9W7nxuB1dAITV/YMgOariPR2ALhufDzIzCs5KzVhuViptIQngMR+AAALz+MTMeyafcN7DxCx0aypQ0L7Sp1JAvc2e6z8QxVHO/niSpHKQVN08ZflN76wpQvVImIas9YxePYffjY92P396yIpPlg+Bhz1VzvUakF5w2xx+fA8Zc2NLxvXQqfOG5XdRxKSgjfRaKppSTHM5IpGMkU/NwwpAjnXUVZCmY6Mx4+QgGhU4CZnryeY+jaCOw8Eo3NMKyFTxU/mQfO5wU2svEMVZhRrw9gRDEz9qJUSonjV/L49DMX8GLfCLwgHm8eEhHR4iUtHXeva8GHHlyFLcsbGUDSvPGVYMyFVXzeFtRx1+dqhrpUvNuaTdzVWdqKucSFPiQu9MHqv1LU/kpKmKlMSccAAImmVsjQR+AUSn7suRiJ1KSqS7+QG++CDUQNdfx8FlZDU0l+9sNZIPD9RR+HqFgaAK6uQVR+Y8GjUgrHL+fx4c8exo9PDjF4JCKqM14g8eOTQ/jwZw/j+OX8pPt/omKw8jHmqvnUzREKyTqdt+aKufeheNjRZmHfjYWtGah7LpKnjiL52jGkTh2dcrlMpuCvWg9v41Z4t22DnGYatG6W727SyjTByw5BN615N3NZ9LlTGQjPHf8+dAqwRtd1FL6HZFNryaaFH8kBP+sHSKbYeIYqQ+e78ERlN1bxIqWEUgp//fR5ho5ERHXOCyT++unz+LMntgIAdF1nBSQVheFjzMkqv5Mw7EukDA2WrtX8+llCRdWc7HJdW3a2mdjQZOB0rvjE2BgZQuNPf4D04Zdn3U/3XKROHUXq1FHI5Ldg33E/7DvumzaELAfdtGBlGhEUctBb2iv6oK1bCZipDEI3mtYeODaMRAq6lUCisTRTzMcMB8ChEYXXpQOu/UgVYXJeB1FFjK3vKITA/rPZag+HiIgqYP/ZLIQQMAyDlY9UNIaPMRaXWc+uYGBH1fVrmzL4s8OFOZvP6J6Lph9+a87QcabrNj73FDIvPYvcG94KZ/vehQ53XsxUBqHnQLgOzHTpp3fPeu50dO6xRVAD10ayTBWYR3LAnR0MH6kyTL77TlR2E6sehRDwqrlWEBERVYwXSgghxqseua47FYO/JTHGvI8okjY0/NrGNFKzlN+mj7yMzr/6+IKCx4l0z0XLd76M9i98quh1IedDBj7c4RuQIhzfZlhJiMAr+bnmohsmrAmBp/DcSVOxS+lkHjiXDyAlX5xS+bHykai8Jla6KKV4305EtMSMvfk0hhWQNBc+PY+xak+5JoqTlRkDv7YxPWW77rlo/8Kn0PKdL0MvYXCWuNCHjs/9ORqf+0HJjhu6DtyRQeimBd24WXhuJJIQvgclKr8YqZlqgKYb498Hbvka4BzNahBhOPeORItgahpY90hUfhObDTB8JCJaWiaGjwweqRgMH2OMT+OIJltheni48+b3jc/9AJ1/9XEkLvSV7ZyNzz2FjhJUQYaODT8/AiORnLKmYhRGGhBh5TtCa7o+qfpRBgHCMnXgPpwDPJZ0U5mx6pGossbWfSQioqWD9/00X3yKHmNxWfORKA58z4MUAvc3uOjd9wN0/48/QuNzT5W02nEmRv8V9HzxU9hy7LkFXT90bfh2FlamEcnmtmn30RNJyKDy4SMAmOkG6ObNtRgD14aSpa/CHA6Ao1m+rULlxfUeiSqHVS9EREsT7/9pvthwJsZYIER0UxAEOPPyUfzwM19GaLsVf+ckdFwMf+tb2HauD8df/66iO2KHngMASLf3zNrN2ko3wMsOQXgujAp1257ITGXg50cAAEoIhI4Nq6Gp5OcZDkp+SKJxuqax8pGIiIiIKGb4FD3GuOYjUUQKgevnLuG7//NJeHb5Kx1nM3j4KHq/9CkYI0NF7W8m0zBTmVmDRwDQdAOp1k4EbgGha5diqPNiptIwJnS6DpwClCj9+oytCT7sUPnM0pOKiIiIiIiqhK8CY4q5I9FNSins+6enqj2Mcf6VK+j+uz8vOoAslgwDpFo6IDwXgZ0v6bGLYaYbJn0v/NJ34G5JGnPvRLRADB+JiIiIiOKH4WNMVb7nLVF8CSFw+WT5msoshHJd9H7zyZKtOekXsgjsPJQUSDS1Qvju+JTtSjESyUlrP5YjfOxI8mGHysfUmT4SEREREcUNXwXGFKdcE93Uf+5y1adbT8e7cgXbjj2LxeQdMgxg37gKTdOQaGyGphtRB+pME4JCHkpU9q0IM5ke/1oEfkkbz6xt1NGZ4sMOlYehaTCZPRIRERERxQ5fBcYUm80Q3eTmKz8FuVi5557Dry4PsKVl/v27QtdG4BSQau2AlWmCpt+ckmwkkjCTqYpPvzaSKWDC+pQlq34UIR7o5EMOlQ+nXBMRERERxRNfCcaUZPhIBCBa7/Fa38VqD2NGnu3CO3IEv7E5g8dXF9mlWil42UFohoFkU+ukqc4TmakMhO9CBn4JRzw7TdcnT70uwbRy7+I5XPn0f0fu8IFFH4toJuxyTUREREQUT3yqHlOsfCSKBL6P3MBwtYcxq4vHTgMAHlqWwEe3Nsy6rwx8iMBHsrkdhpWcdV/NMGAkUgj9yk45nxg+ygVOu/avXUZu/7Pof/KvcfkT/wneudM4dOB4qYZINImGaNo1ERFRXNy5rhVv2NqJTILN9oiI5j9PkCpCB6DzhRQtcVJKCN+LXbOZW+UHhmCO/r1uaTbxkc0N+IsThWn31a3EvI5tpjNwhweQyDRNmg5dTrox4aGhyPVn/SsX4Z3vg3uhD96FPgTXr908nm7ANBO4cPYSNCFgmHzoodLjtGsiIirW7z+2EW/f04Njl/P46GcPwfZLu8b2o7u68e/fugHphIGvvXQVf/rNUyU9PhFRreErwBhSAKBFlRwaorxh8tfaNNuI6k8+72Dg1FncOH+l2kOZ1cCFK2i0bv4V3tVp4uyIhu9eXXwJ81gVoggDGPMMLhdKM26+Q2+mMtPu41+5CPfsKXgXzkZh48D1KfvougHDsKDrUZH92TMX0WBpMNkVhIiIiKpMA9DVlMC2lU3Y31faWTa2L1DwBJQChu2gpMcmIqpFDB/jSAHhrIs+znzZpGCSASbVMMdxIITA95/8ZrWHMif3lk7cQghsmD6zqwnCdca/Hut+7V+5CPfMyaiy8XwfwuHBSdfRNA2apkPXdWiaMR443iqbzaO9vbV8gyciIiIqkW0rGrG2M4OzN2wcvTy1CeC2FY3obU/jlfNZ9GdvNun70fEB/Oj4QCWHSkQUawwfY2gxtVIK6uYsyVkPxACT4svzPARBgP3few79Ma96HOMWHKQaoqBO13V8/UrtLtwaeg6C/isILp1Hvr8f7oU+iOzUigBdN6AbBgzdQLF//dlsgeEjERERxdqO3ib82zevx/aVTdAQvXI6cimH//LdMzh8MYd1XRl87K0bsGdNCzQAfijRn/PR1ZTA5569iNdv7cBt3Q2wfYG/f+4SPvX0+fGp3q9eyKK9wUJve/S88cXTw/jYPx4r+dRvIqI4YfgYQ9WOLBhgUjVJKeG6Lg79+GU8VQNVj2PGgkcAGPCBC84sO8dY/thBXPn8pyALeZhmAroeTcG+WdV48/NCZLNTqwaIiIiI4uTDD6/B9pVNGLEDvHI+i92rm7FjZRN+8w1r8FufO4z339+L3atb4PgCr5zP4rbuDHrbUnADibwbou+6g5VtKWQSBvasaR4/rgbg9lXNEFLBDyWSpo6dq5rw6O3d+NK+2njDnYhoIdjtOoaqHT6WgoKCVApCKYRSIZAKvlTwhIIrFByhYIcKhVAiH0jkAolsIDHiSwz70eesr5ANFHKBQj5UKITRdZzRY3giOmYggVBFHcKlqo/bbykLwxD9F67iB/9QO8GjvKUpSyGs3d/Cwae+CVnIQ9N0WFYSppVEIpFGIpGCaSZgGOaCg0cAECHf1SciIqL4emBTOzYta4CUCt862I9//4Vj+NbBfgipcFt3A955xzLsWtUMXQMOnBvB7z15BN94pR+BiF7/jNgh/q8vHcfVYW/a41/Levg3/3AUf/DVk8g6ISxDR0djZdb1JiKqFlY+xlCRzWXrmkIUYGIRFZhRJaU2XlU5bROf8W2swIwLpRS+8l//bso6inGWTCcnfb+20Zhhz4XRdB2QsqTHnI5/9RKCi+dhWSmYpgXTLP0TYcMo7W1DREREVEpNKRNJS4dUgBtEz78GCwFCqZC0dCxvTSFlRW/EDuTn30zG9gSePz2EO9e1wgsl0gk+NyKi+sfwMZaYPpaCQhRkTdow695TMcCsvPPHzmDkxlC1hzEvPWtWTNm2pkHHuUJpAkPNMCClQLmfmuZffn58mvXYZyIiIiK6ydD5DJ+IaL4YPsYQo8f4KEeAOTGUZIA5Da32fuJl63qnbHukR8d//sRXYHV0werogtnZDbN5/o1WZOADSkE3yn93XTh6EMDY+o7lCR8bm2q4DTgRERHVvZwbwgui9RjHKhzbGyyYugYvkBhxAoQieoO5o9ECADCPJCKaHcPHGOK06/pSzgBz7GugfgJMVYN/ABt2bJyyzT95BCPPfG/SNquzG1bXMlhdPbA6uucMJYNCDkpKpFo7yzLuiQqHDyAcvAGgfFOjW1qasH79qrIcm4iIiGi+Ohot/NkTW8e/D4TCP/z0Es4NONi9uhlv3tmF7uYk9q5phqFrOHPdxmd/chG7VzdjeWsKd61rxT/+1h3obk7AMjQEC1zamuElEdU7ho8xVHvRC5VbJQLMSUFmFQPMletXQSoFvQoVkFJKCCmgABi6DqOI6j8hBTbv2T5l+4njfTDNBJSSUEpBKYngRj+CG/3Ascn7Go1NsDp7bgaTXcuAMIBz7TKSK3qR2LKrRD/hzOwjr4x/Xa6qx917ts69ExEREVGZXR3x4I12m85MWHNxxAkxkPfxlz88h3/36Aas68rgke2dUADOXLfxlz88BwD44otX0NuexuqONNZ0ppF3Q0gFhELBC4tbdsf2QnihhGloWN2RLsePSUQUGwwfY4jhI5VD1QPMCZfNpqG5EYl0AqE7/wW8F0oqBT/wEcoQnW0tSCVM9A+NIPBDJK0EtFkG3rWiC6mGqU8Yz5+7DGPaqdJqNIxUkFJCKQlZyMPN5+CePTVpzyDw0P7I29FY5vBR5LLjU6513VhUN+vZbN22vizHJSIiIpqPTz19Hp96+vys+zzxiZdx57pWdDcl0J/zsb9vePyy504N4bk/fwn3b2yHF0rcsbYF77+/F14oMeKEAID3fuLlScf7j19/Df/x66+Nf3/0ch4f+dtDWN6SxMEL2RL+dERE8cPwMY6YPlJMVSrA7F69ApdPnitqTFJKKKiiqhRnur7tu7h3zxa84Z5daEynYZomXN/Dt5/ehxcOnkQmOfO70ctX9ky7/eqV6zNcQ4t+fm1qheFYhaRSMrr1NMC/WNztsBiFQy9DBT6A8jaa2bKF4SMRERHVjomB40SP7enByrYU9vWNQCmFu9e3wjI0DOT9Ga8znf6sh/6sV6rhEhHFFsPHGGL2SPWsmABz5ZbbZg0fAxEiFCGEvLmwjqbpSJoJmPNYrzAQIaBJ/KtfeBO2b1gzKcBMWhbe/aYH0N7ahO/9+BUkrcS0x2jvap+yLQxDDA/nix7HzZ9Bg6YZwGhfa13TEVwof/hoHxtrNKOVLXxcsaIbW7YyfCQiIqLa98j2LtyzoRUffODmWtY5N8TXXr5axVEREcUXw8cYYvhIS13PLE1J/DBAMmli76b12NC7DKtXdKEhncahU2fxrR/ug+N4c06VBqLgsakxhV94889g67rV0+5jmSbe+Lo9uHxtEMdOXZo22AxvOY8QArZtw3HcIn7S2QkRovHOBxZ9nNl4F8/COX0CwNiU6/Kstblj56ayHJeIiIio0j75g7M4erkDG3sa0Npg4bWrBXzv8HW8dHak2kMjIoolho8xVIPNfolKKtPUMONl63q78avveCPSqdSkpjSv27kVO29bi289/SKeO3AcKSs5bViolIIfBmhpzuDD730zetqnVi5OZOgG3vvoQ/h/P/MVFPIedH3yeoiBpiMXqNGGPAqObeMf//6bkHJxf8hChDA7u9Hx9vcs6jhzKbz60vjXul6+h4RdtzN8JCIiovpw9HIeRy/Pf5YLEdFSVZ6uArQozB5pyZvlj+ANr7sdDen0lG7YuqahKZPBux75GXzo3Y/ASuhwfBeBCCGVgpACfhjA9l2sWtGJj/7i2+YMHsdkkkm8++fuh24CQRg1wpFKwQ08rNqzFa7vIVQKrh/gRz98Ed/42g8W/KOPkVKgYefeRR9n1nM4NvKj4aOuG1OC1VJi5SMREREREdHSxMrHGGL4SEudEGLGy7J5Z9brWqaJ2zdtwNqVy/CdZ/bh0MlzyBVsWJaJno4W3H37Ztx7+zYkLWteY9q6bjV+91fejs997SlcvDYAANixcTW2pFMYcV0YugEhBL745DfmddyZSCWRWrexJMeaSf7V/RDZaFF0fR5rZc7Xtu0bsGxZZ9mOT0RERERERPHF8DGGOO2alrrlG9bMeNlPDxzHPbs2z3mMloYG/MLPPYC3P3wPHN9H0rJgmSYSljWlarJYyzo68Nu//BhOn7+CdCqJVcu6kBwcgteQhqPr+N43n0Z2AY1mpqOhPGsvTlQ4uD86l6bDKOOU651F/H8RERERERFRfWL4GEOKtY+0xGWaGxEKMe2ajf0DI7gxnEVna/OcxzF0Aw3pNBrS6dKNLZnCzo3rJm1rv3wV/akUfvLD50tyDqUUlJIw2zpKcrzpOK8dg3v2FIDyVj0CwKbtm+CIaF1MDYCmjX5G9MWt24mIiIiIiKh+MHyMIQ2cek1LWxD4aF3Rify1oSmXSaXgeF4VRjWZUmq8M7QuJDouXEL/6HTsxZIyRGrdxrKGj4VX949/bejlCx+bmhuxcdtt8MR092pTt0UhpDZtIKlNE1QywCQiIiIiIoo3NpwholiRQsB1HKx98H4IOXXtxyAM0NnWUoWRTabdMnXbcj387pvvL8mxhRRouqs0x5pOMHgd+dHwUTdMaFr5Hgq27tiIRDJR9P4KUcAslEKoFAKp4I9+eELBFQqOULBDhUKokA8l8oFELpDIBhIjfvSRDRRygUI+iPazRz+c0WN4IjpmIBUCCYQKEAqQim/+EBERERERlRIrH2OJtY+0NAkh4NgFXHWBn6zYDaPlx2gYGRrvwhyEAfZuX4d0ovgwqxykUtOuG/nI7Zvw6rkrGEhm8KHf/gC+9oVv4l++9dS8jh2KAK2vfwsad99dquFOUTj4ElQQde0uZ9UjAGzdWfn1HhWiytRJG+a8xmTTVWACt1ZdTqy01GbYTkREREREtLQxfIwhTWPTGVp6lFJw7AKGfOAzFzS4VhrGY++D9vefQCIMIKVE2NGBNzxQvlCu2HHO1rDmAx96L0Za2wEAP//et+FG/w0c2Hew6ONLIcre5XpsyrWm69DLHT7uKO/PUi6VDjCj7QwwiYiIiIio/jB8JCohDYCpazDqIDEQCghkZVJwpRTsQgFOqPC/LmlwR2dbi+Wr4PzyRyG+9xWo7l44b34Hvggbv6MuVS2UUVAzdqIebO8aDx7H/Kvf+VX81z/9n3jt2Kk5jy1EiNTGrUit31SSsU6n8Op++NcuA0BZO1wDQO/qFVi7flVZzxFn5Qgwp1vfctYAc8JlRERERERE1cDwMYb4OrE2mZqGjKlBr6P/wEAChbC8AaRSCrZdgB1IfOaChqvu5MvF8lVwPvCvAUR/G6+gEX+LZfigulrWcU0nCENY5sx3m94MXbV/7//4LXzuL5/EC8/un/ZyYDSkymTQ8fb3LHqcs8m/+hKAKNAqe9XjztqseoyTuASYY9chIppobP1jTdOQMDX4ZX7OQERE1ZcwtUn3/0TFYPhIVAIagAZrpnq42mXpGhpNDflQlu0cvudBCoGvXp0aPM7kx1oLOhHg7ao03aWL4fo+UrOsNRmaFtxUZsbL3//hX4JtOzh04Mj01w99tNz1BlgdXYse60y8i+dgH42mgBuGVfYnC9t2VH69R5qqkgHmze3ajJcRUX3RtOhF6J7eDF44W6j2cIiIqMz29GbG7/uJisXwkagELL3+gscxpg7omgZZhoVIlVIIwwD/64LC8cL8bsGvap1IQOHn1GDJx3Urx/OQnKPJzUhrO6Q+e9fo+x++d8bwsRKy2QgOWQAAIABJREFULzwDADAME4ZR3rv/js427LlrZ1nPQZVT6gATmL5xz+TLtNGlLBY1dCIqE03ToJQaraTX8b47O3Dggg1fsPqRiKheJQwN77uzA7quT6p+VGxaQXPgU/oYqtcQq57V01Tr6ZTjjkIKAbtQwD+eLqAwmMUe9zp6wvlVTHxB68KfaauQLeP7KLbrIplIzNpkxkumpqz1OJ2de7bjztftmbJdKQmlFKzu5Ysa62yc0yeQf+mn0DQNhmGV7Txj7r5/L1LpZNnPQ7VDIeoUL0Y/QqkQSAVfKnhCwRUKzuiHHUafGTwSxdPEapex8HHriib8yduX447eJBL1sPg1ERGNSxga7uhN4k/evhxbVzRNCh8BTr+mubHyMY40FFFVQnFSob4sVVPqSddSCNh2AQhDPGz3Y5tmR7/3EhgqCHxfa8Oz6WXwtLnvoo5qGfyf2jp8UF3FHSpXsjH6QQDH89DU0DBr8BhYCVzvWQFV5APuBz/6fnQv78a3v/rP49vC0EfHY+9Fw869ix73TLI//REAwDDLP90aAO6+r3w/Cy0N6fIuSUpEizRW9Ri9qWXAsixs723B73cmEQQBwjCEEILVMET0/7N35/Fx1ve96D+/Z5td+2LJm2TZlvHGEpvNkGBSCgkJJC/CaTlJTm+atkm6HHKaU3L7um3uyXLuuWlOF3JvSNM2NyctaZLSFgIkQAgYs5hgHNt4wRbGljftki1p9plnuX+MZjySZkazb/q8Xy+hmWee5SfLHvF89P39vlTD4u/xiqJAVVXY7XaoqgpZlhM/A+I/D4gyYfhYhfjPtvbEukLX53fOsFDUKdemYcDv90MYOppPn0e7MX+hx2ZVxv2YxW7fJB5VV2PA3rrkOQOQ8C3RjR4RwvusadxoeWHLMzI1TBPeQACqLKPR7c68r6xgtHs1IlpuFX53f/QuGLqB5576BQxTh9LWCc8Nt+Y13mz4jx9C4O23YtOtS9zhGgA2bdmAq7ay2QzlTxYCar2XlBPVgeTwUZlryCZJEqLRKEzThGnGfhYzgCQiqj3xQFGSJEiSBFVVoaoqFEVZFD4SLYXhI1ERWABChgV7nU0zMi0gUMTOlbGKxwCUYBANF0eghNJ3mGmzafi98Dn8HZBVAAkAZ2HHWbECe51deLA9BNfUJGR/AMJMH0RakoSox42g3QZ9bAxaKISGJaodAcCUJFxc0wtdyW8K8z33341QKIwXnn0R9r7SNmaZfX1v2aZbA8ANu1j1SIVx1Nl7KVE9WljtoqoqJEmCLMvQNA2GYQBg8EhEVMvi7/GyLCfe41n1SPlg+FiF+E+3NoUMCxETUMVcAxqxsHlCbbCAubXYgPN+A6ucMpSkHyiGBVh5rAtgzK3xqASDaD5zHmLupiQTp82O3/QP4v+2NWY1BRsAtjYreGCdA5bsgW9FrHO0HAhCCochRSIQugFTU2HabTBtNoQFEAwEAQgYDa3oungOUjCY8RqWEDjXu3HJBjOZhEMhbPvAHRjt7IG37+q8z7MU74F9CJ15B4qqleV/DOwOG65n+EgFUCTBtR6JasTCG8/4zallWYkPIiKqbfGgceFH/DWibDB8JCoi07IQtoDwgkUg3YpUMzfTArHwVJWATY2p3yL8enyqeXYsy0I4FMwpeIzrcDpwm/ccnmvoW3LfnW0qHljnWLTdcDpgOBdvNw0DIb8PpinBMGPfoKmOFVh5bjDtNaKqhvM967Mef2oWgsEATgW0kgaPlqFj9vU9ZZtuDQA33boTrW3NZbkW1SdWPRLVlngAGQ8dgcXVjgwhiYhqz8JgcWF3awaPlAuGj0QlVkvBY7ZcikDIiFV7ZiMUDMKMRNB8YSSn4BEAJCFwg34Zzy2x30fW2PHeFVpO57YsC4ZxJXgEgJDmwExTCxqnLy3af6apBZPtK3K6RirhUBjjIQPnjdzGm6vZ119CdHQEqlq+rtPve/9NZbsW1R9NEmD2SFR7ktf8Sq6ISd5GRES1Kfk9PF7Vzvd1ylWdRSL1gf+O64dWx9MH7bLIaip5JBKBEQ6h+cz5jGs8ZtKoSlgbmUn7+gPrHDkHjwBgWZgXPMZdbm2HKc9vtTu+YmVRgkcACEfCOG/YMGOWrp2v4fNi5pUXICtK2f7nYMeN12ATG81QAept3Vyi5SQ5dCQiovrE93rKFysfiUpIrdPgMU4SAkaGqVSmaSIcDMIzPAYlmF/wCACKJKNd9+Oc1jhvu10W+IOrnFjpzC/Ei0SjKbcbkgy/yw3P7AyiqobJji4EnK68rrFQNBpFMBzGeb2hKOdLZ/b1l4CAH7JS2urKZO/7tZvLdi2qPzZZgA2uieoLb1CJiIgIYPhYlfi/afUjh2UR61IkHIbN64XjcvqqxWwoioIheX5Y12yT8NsbHHkHjwBg6AbS/YvzNzRC1nVMtXUiYrPnfY2FwuEQTkc0jBil6zwdnRzDzMvPQy1Td2sA2LRlA3bedE3Zrkf1RUCw6pGIiIiIqE4xfCQqId0CyrfaXnmZVqzBTjqGriMaDKL9wkjB15qWNIwo7sTzbqeMP7jKWVBjCtM0YRgW0oWPIbsDoRUrYcjFe5s0TQORcBjndGfRzpnK7OsvQZHkslacvO/XuNYj5c8m8xdvRERERET1qs4nhdYmTjurH1HTQqQOyx8tAEHDQqavLBqNomFkLOcGM6l812iBay5o3NqsFBw8ArGqTCtD3GEIuajBIwCEQmFcDAuc10s3FTp84Sz8+1+DJJVuPcmFVFXFe24oXdduqm+yYNUjEREREVE9Y+VjFZKEADLGOlRLTnsNNKoC7Xa55teAtCwgYlqImMi41iMAmP4A7AVOtwaAk4aCY/4o1rcIbHYqeGCdo+BzWpaFSESHmaLZTClFwiEM6jboJazxmt23B3IZp1sDwFXbNqCh0VPWa1L90Gr8fZGIiIiIiDJj+FiFylevRMXiUiTIInXValON3VnrJhBKqmq0EAsdgcyVjskMXYdjcqoo42m/bjM+7TUwEYrig+vcSx+QhUgkAsMsyqmyFg6HcCms47xRnK8hleCptxF++0hZqx4BsOqR8qYIARurHomIiIiI6hrDxyokRGztK9Y+1oZaCxeXokiAWxKYjuSfzpmmCcest+Cx6N0r4PQ4sbOIRXWWZSEcCsM0yxvQhUNhDOo2zJbwut5XXyx78AgAm7dtLPs1qT7Y+Ns2IiIiIqK6V1+pSR2RytgogvLnUur3++RS8n97EP4A5Ei0oOtbsgx9zaqCzpFKNBKBaZb3+6brUYTnplyXiv/IrxA9N1iy82fSvWpFRa5LtU2VBFQuckxEREREVPdY+VilJAEYLH2sekodh8SFzISUitBkRl+7CpaS+1uUaZqwTBO6oQMALNOEaZoABHQ9ts20yl31GMKZqIYxo3RrMfpefaGs3a3j2jtbIcssX6PcCIBNZoiIiIiIlgmGj1VKFkBhdWNUFnV871zIl6b6/AVd23Q5oXd3ZdzH0HVYsGAYJkzDgGnGPs8buIV5z2XDBHQT0SJ3sc7ENE2EwmEM6s6SXcO3/1UYE+MlO38mHZ1tFbku1Ta7LAr6BQcREREREdUOho9VijPRaoNhAfU687qg2kVPYU1VZjrbEZ2ZSWSH2XyWDRNaOAzZMKCGw5AME2ooDAFADYcgzXWYubi6t6xdncLhEEYjwFldK8n5rUgY3pd/UZJzZ6OxuaFi16bapEpsMkNEREREtJwwfKxSElvO1ISgbsGj1udNdEjP/++fZc9ubUMhxKKgPex0QpIEbMFgxmMlw4AaCsMeCMLmD2R1PZ+7AWG7I6t9iyUcCuFcWIFRojJZ7769sPy+kpw7G41NDB8pe5xuTURERES0/DB8rFJ1vJRgXTEsC74o4FQWh2i1yrCAgG7BsPIPH02XC6ZNgxSOzNsuRKyZUvwjFSUUguvshbyvnYm3oSmn/YOBAAzDgKzIUFUVipL7mo0tDiceGBrADl3FKcmBAa0ZI2px2ncbs9Pwvfx8Uc6Vr+aWxopen2oLp1sTERERES0/DB+rlCTA2scaoVsWvFELkhA1vwSkBcC0rIL/3lmWhXBLMxwjYwAAWQhIUvrAsRxMSUbQmdu6iw6nE4GAH97ZGQCAJMmwOxxwOl2QpKW7gct6FF1n3wVkCdfJBq6FD+HwJZwM2nBMbsCArRmTSv5rQXpf3QMUEBIXQ2NTcYJUqn+cbk1EREREtDwxfKxSArEKsUKqz6h8LIDfqyShUBBWgwfu0XHIklQVlbwhhxOWWDowXCgWNMqYnZmGaRoI+H0Ih0JobWvPeJxkGmi9eG5eOCgA2DUN18DCdmsaocAYDlkO7Ld14B17a07jEpcmEHjztZy/nmJrbm2u9BCoBnC6NRERERHR8pX7nTiVTb1M46XlR0R1tI6OQZGrI3gEgKAj/wpDu92O1rZ22Gx2ALG1KpfScvE8tAzrVkpCwGm3Y5fDwmci5/CJmRPYGJrKekz/myuIvhW5BZalsKKro9JDoBrA6dZERERERMsXw8cqxvCRalXz+GTWTWDKJeAsrAO3LMtobGpGe8cKtLS2Zdy3ZegC7Dk0gXHa7bjZbuJ3w4O4e/Y0PEYk4/4brQBuVYP4+ic/VNEAUlFkdKzI/GdBxOnWRERERETLG8PHKsZvDtWqbCoDy0lXVERs2XXgXspSX1vj+Aics9N5ndftcOIuNYDPeE9gS3Ai7b4fQaxC0m3XKhpAdq3srMh1qbYweCQiIiIiWt6Yb1WxKstviLIWXLsGekP1NCKJaMUJHpfivjwFz9RkQedQZBl9ThUfD5zBewIji17fYXmxybpSVeq2a/jS/XfAbdcKum4+uletKPs1qbbYZQGFP8uIiIiIiJY1NpypYrHOwGxiQrXHUmT4Nm+CNjEJ29AI5FAou+NkGaFVK2G4Mq/PKIXDcx8RyP4A5EDmKd6mLGc99nzZfV40jQ4X7XzNHg/u856HbNewX7pS2XivtXhdyM4mD770H34dD/3j00W7fja6VzN8pPQUSbDJDBERERERMXysZixLpVoXaW9DpL0NztffhGxZECIeql9hyTL0Bg+iLc2INjfDUrIJCudXVcr+ALSJSaiXL0MKL14v0ZBKGz7K0ShaRi4W/bwetxvXNZgYnZjCeUcrbremsRLhlPtuX9uF7Wu7cOTc4mrJUlm1urts16Law+CRiIiIiIgAho9VTRJAoxaLIK25Ash4HaQ19x8L1pVtafdJvW3evpbFGksqmWhrM6zx+dORo+vWQu/uKsr5DZcTQdcaBHvWQOjGokpIX1gvynXSaR65CEkv/jVCre1o8nnxYT2Eb6EV91qZp3TfcfXGsoaPrHykdDjdmoiIiIiI4hg+Vrn4vVvK9R9F8h7FudLSgWXqsDNtAJp2H4ady4nR2QElKXw0WpuLFjwuZCnyovUmjRk/UKL8sWFiLKfO1rmQBbDRjCKsmbjXmoQHRsb9b+rvAbC3JGNJhWs+Uioqp1sTEREREVESho80TzzPXHTbKBY9KMaVYqEkqzrrntnYALOxAdLMLEyXE9ENfWW9vpBKs36qLeBHw+R40c8LAJaioGnmcuw6qppyrceF3HatbFOve9aths1W/iY3VN0kIeBg8EhEREREREkYPlJFCZS5qhMpqjHTVHUuDjHTP2dV59IiV22ENDMLo7Wl/Bcv0TekZehCaU4MQLPMvFreb+/pLkv4uOXqTSW/BtUehywgMXskIiIiIqIkDB9p2Ug7hZ1VnWVhKUplgscSaZgYg6xHS3JuIcSixjzVZsv2/koPgaqMQxZQ2SmNiIiIiIgWYPhIVCK1XtWZep/aCTvnEcWddq2GgiWbbg0AcpUHjwCwvn9dpYdAVUSTBGycbk1ERERERCkwfCSqA5Wo6kxfnVl9VZ2yJAEwi3Q2oHFirGjnSkUuYN7q2LS3iCNJbcOmXjQ0ukt+HaoNihBwsLU1ERERERGlwfCRiHKWuTFR6as648+zreqMygLBIoxIMg20jI3C7itdwFdI8OgPR/D6wNkijia1TVs2lPwaVBsEAIciivavnoiI8mAG4J01YGvwQOPyF0REVIUYPhJRVStGVaehCMwWMAbJNNAyNQHP7Az0SKSkU89lkd9dgz8cwUP/+DR8oUiRR7TYBk65pjlORYCzrYkobvjlw/jJ0MKtDtz7QD+6KzGglKZx9KmzeNUXfy6w8qpu3HNNeyUHVZjRQXzp7y9j40dvwee2TuPsgSG8dtSPZy8B2ze14rfv7kMrQ0kiIqogho9EVPdEAWsoSqaB7ovnYAuHYJilXfNSEiLnBtdnxqbw+BvH8Pxb75RmUCms7+8t27WoetllAZWtrYkoydQ5H753Fui3X0m6uld4YCvrKKax59vH8EX3Suz/ZKqfV1EMnvHhe7odn+pWAD2Mx54awKNHfXj0k73QyjrW4oroAM5fxF88H0DvOg03axHsOTiCN30SHn2gtr82IiKqbQwfa4BpXVmtLm3/klTbUrzA20Si7CUHjwBgmMVbNzKVbKdcHz03gn0DZ7Fv4FxZ1nhMdtv7b0JnR0tddGCn/KmSgJ0lj0SUSkMz/ubBLWit2ACi8GYzCaCjFZ97IBZOfuKF/Xj/qxPYM96LOztKO7qS69mKR/6P+BMdO7//S/z++VkMA+ip4LCIiGh5Y/hYAyQBBHQLulmaW/rFt4+pq6/S3WaKFE9yCkkXvJjtsSnXHFy0r8hpjBmvL5bej+pLx9hwIng0SxyqSUJASlP2eGZsCkfOjeDI2REcOTdclqnV6dx11y64MjYXufJaIY2J6r4Dew2ThYCTDWaIKEeRd47hq49N4zkdgCThnlv68Ge7OwFM4blvD+DVjWvxiekL+P1jOu65+0Y8uGkMj31/EN+YBCAp+Ph6DQeGNXz1C1vRY07htR+cwpfO6PAC8DR58Minr0a/ewJPPjyAr00DmB7C9V8ewsc/fAsevC7z2DzNGgAfTl4Edpw5jL95PYB9s2bs3G3N+O6nt6DHDuDiAL72wwk8GYgd19Pdjm//bj9aU27vxpG/fwsPN63FE/evBsxBPPzfh/CDhmY88+AWtM5VaH67Yy3+5b4uTO07hode8OGoGft6H/zoFnx8qwcYP4E//64Xt9zXiclnLuDhaSce+fPrsGP4yjVb3RJsSBEumlMYngbQYK9gGExERMTwsWYoAtBLdO7FN+5W4sa/CCersPIOKGWQm/qFpYPTEgW5KbfnEOQu2p7jOBPbqzzMtYVDcCU1ljFKFP4DseBRlWNT1CI2O8I2O06PTOL7P/oJ3jo7DE2zl+zaubjhxqtxzTWbst6/ZhoTLXiesqpzQWC6nLHBDBFlFAnjwP7Tc2GXgu7ta9GtXcAPHp/GwJouvPDxtcCBI/jkM4N4rLcT9/e0or8b+PNXBzHQ3YSvfMCD3q3AwE/O4Rs+Nx55cDO2+wbx8D9NYKC7ET0AvHsH8cWzEh76retxT/cUHvv2aXz6sdN48VNrcden1iL83XP4RlMnXvhoO2zOpYfsvRwBoGHTKsAz6cDOXe34/EYXtMmL+NIPLuPhV6bw13fI2PPUBJ5sascLX+iHJzCGgYtKLERMud2D3g4Jw2diVYfdZ/04YJfQPx3EyRCwS5vCkXFg184uYPI0/uYFHxqu68P+u1sx/NRBfOTxU+hffx12dDRguzKFP//hEO65rhOPrG3AdlzA934wgSMdnXjio+3AkXfx+3tC87+o0dP43o9H8O1ZDX/2qT54iv19JiIiygHDxxohC4EqTPZogZRBbuoX8jlZhVU+yAVSNJ5Jue/8bUEj97G7FnS0NvNO5DMLexrga21DVNGgq2pi+8v7DuPw4MWC1qsstg/e/d5KDyGtYjQmyv4qS1V1xh6krOBMtS3pebVXdToVARY9ElFGoQAe3RsPwjT8ds9adI9O4bshBQ/t7oNHAnB9O+594RyefGsI9/eshEeTANjx0Ke3YocEAIP49jsmdlzXhR1NGtDUgn7nBCBJAKaw71gIkTVduKdHA9CFu7YP4RsvX8aboT7sarDDJgFQFHiamtKPc3wK3/7hDKBHsO9sBD3rVmJ3B6B19OMeMwDvbARoa8TNDdPYp5sA5Nhxl7zYc3IKd23qRP8mAJhOsx3o6XVCOxzEwDTgORfCQEcD/uTSLIaHASCIA7Djt9crmHpzBs+ZTjzygS4AQPetzbjz4AT2HAxgx80abBqAjk782Yf7Yic+chjfDUl48H0b0N0EYL0DvcnhY+Q0vvGdERzpbsY//VY/+pt4y0dERJXFn0Q1QpFi1VGlCkCIqk2qIBdAXlW5+VQtzjY0oXF6CpJp5l8JvITpFd3wNaeeCDV8caQ0F83T5m0bseU92+HTY38YOS9bkOLFrKt601xsySUWkjYUuzI3c1VnprPnYn7YmT7ITD2FPe22PNfqtMkCGhvMENFSUq35eBGIAECiD40drU5gYDZ5GREpFhrOiZiATUrVotlE2MRcEBnjaVQAhDB1Cci5rbZiw/0f7k10u44cewuff9yLAUVCtwJMhoBYltiE3fd14XM/HsFfPHYCX0tMjU633QNsdOFejOHkeaBtNIRd3WvRi2n85Nw0btcDGGhwob8JgG7O//qbNLQBODvjT/rjSfqz0IEIJNjSTYzQJGhQcP/dW2LnJyIiqjCGjzVCAJBFrPkMEZWerqq4sKYPLr8XWjAA2/Tlop5/Yu06hJ2utK8PXxgGEAuFqoHDaYeePF+56pRvYOVaJzfd9lzWyk0ZpKa6l8eVqdTxeNmyYofG/2SVlMcREWVBQazTcqJvWwThCNDfkLn/cjhlo7e5kC7ptUhIB6CgtSWHMSU1nLliCnv2eDG8fjVeeGAtgNgaknsSx/ThU3/Uh09duoAnf3wBX0tMjU6z3d6E/qYxPHvhNFaOSth+dTt6MYg9o5dxbySC7lVd6AYwpUi4EqoCCOmIAOhudAHwI3dtuP9eBbYVeRxKRERUAryVqCGc6kZUXrqqYqapBT53Q9HOGWhsxlD/lozBo2maGLo4nHheDQGk0+mo9BCqhrXow4JpLf4w0nzoyR9m7COa5iOS4iMc/zCufITSfARTfAT01B/+uY/YcxNBw0TAMBExLShS7BdgRER52ejBvZKOn7wxFHt+bBKPBSTc3teZ5oBmbO8GDpwcxdHpALxvj2HPbPy1VmzrUYDzl/HatA6YU9jzVghoc2F7ciWgniq4zFJERwQ6vCdj152MRAAEcPbIhVgn7ZYu7FqvAKYJbyjddgBoR3+3hAPDl3FkVsPGdUDrShvaRqfw7Diwuy82zbp1gxPbEMCefdMAdEy9NoOfQMP2jWkWrFznwJ3QsedXI4AZwNlDfrwJAObcCvE+HwZHZjE8WaoV44mIiHLDyscaokgCyGPtOqLlrtB1E01ZLso4LnWvQqCxecn9RodHYRoF3DSVgMPF8HE5ine2ZvBIRAWx9+HBj/rw+ccHcf2xQQDAjq2r8fGt6W5FmrD7A63Y/b0pfPrhg9CcGnYmBYvdd/fi66On8cWHf4kIAM1px9cf2DDXVKUZ/askaMdGcP2Xx/DgAzfj4xuzHWgrdu9y47tPjeCWL4/A0+TBQ9s1fPXsNIYh4cjec/iLx88lppDfefMG7G6awZP/lGp77Iz9W1zoecyLJxua8dt2AOvc2OUbwWOmHV9fN/f192zCV997GF/ccwzXv4BYN/D39uHOtnR/PH343M0z+OS+07j+INDf3YTPdUfw7IUxYMdK4J0x/Jf9PuxSZvDXd7DPNRERVZ6wqqGkhrLmjcYqZ4goe5FIFF5vZOkd05AMA93vvJ338f6mZsx0rIApZ/f7noP7D+GRv/zbxHNNs0OknitbNh/9zQ/iNz75kYqOgcpLEgIuBo9EVWFsbAydnemqBGtIvJGL3Q2PPZufiRFEfIDmnsGTDw/g/+teiyfuX33lZd80vLoCT5O7uOMMeeGNyPA0zFUemjogKVdeCxmwOZugaQuOSbU9FxEfvAE9+3P4puGFEx63BkAHTGVuXpuOyGwIWkOR/1yIiGpE3fzcrCOsfKwxigQYRqVHQVRbilH5GPQ0wuGdyem4sNMFb2s7Qm5PTsfF13uMsywrbdOVcuG06+VFAAweiaj4JCc8TWmmEi8QOT+EyaZmdDdoiJwZw55pYNcNC6r43E3I7SdsluweeJKncEtK+teW2p4LzQ1PLsHlvK9fSVpQS2HwSEREVYXhY41RBBCu9CCIaoyiFD5t2tvWnnX4GHK54W9pRTDPtSKT13usFk5Ou15WXKrE4JGIKiiEgTcv4KG3BzE114Rl19bVePDG7IJLIiIiqi4MH2uMIgQErOptOEtUhQqtfASAiN2BqZVr0DxyEVLK7puAt6UNgcYmRO2FBXXDF0bmPa+G1TGcLt7wLRduVWKDMyKqMDu23Xcjnrmv0uMgIiKiYmD4WGOEiDWeiZqVDyOIaokQQKEZXrChEWGXG87ZaaihEIRlIappCLvciDiKE85ZloXhRZWPlf/37vak785N9cOtMHgkIiIiIqLiYvhYg1QJiFZXI1yiqidJAkYRusWbsgxfc+k6R44OjS6qdKyCwkeu+bgMuBUJSmX7GhERERERUR3ibUYNik29JqJcKDWSqqRe77Hy6SPXfKxvDB6JiIiIiKhUeKtRgyQBqBLjR6JcqGppCr11XS/q+RZ2ugaqZc1Hho/1yqUIBo9ERERERFQyvN2oUbxRJMqNqhbe8XqhYDAARVkeq1cwfKxPDkXwl1lERERERFRSjLBqlCoJSEXo4Eu0XEiSgFzEkMXv88FeYFfrbFW68vHzf/oZqKpa0TFQ8dllARuDRyIiIiIiKjGGjzVKAFB5z0iUE1UrTvXj7OwMHE4nRAl+ATA2Op5ia+XCx5vfuxM33vKeil2fSsMhC9hl/hAhIiIiIqLSY/hYwxRWrBDlpBjrPk5PX4bL5YYklebtc3xkcfhYycKYhpe+AAAgAElEQVTHG265rnIXp5JwKQI2Bo9ERERERFQmDB9rmCoBMqdeE2WtkHUfTdPEpalJuN0eyHLx148EgNf2vo7B02dTvFK59PHdgTMVn/ZNxeNRJa7xSEREREREZbU8OiXUMUUCDKPSoyCqDUIAQliwrNzCF13XcfnSFJqbW4reYMbn9eGN1/bj2KHjOHr4WNr9LMsqyTTvpbx18G187D+GYbPby35tKh5JCLgVAeaORERERERUbgwfa5wqCYQNViURZcMwDAAmgOwrF6ORCKanL6OpuQVKkZquRCIRaJoGAPj873yhKOcslfODQxg48S62X7u10kOhPMlCwMNFgomIiIiIqEI47brGKQJQOPWaKCt6NArLyv5tLxwOYXr6Epqamgvu9hwOhzA7M42Z6elE8AgAf/rVh7I6vpJTnw++caRi16bCqBKDRyIiIiIiqiyGj3VA5XeRKCuRiI5Yr/ilhYJBzExPo7GpBWpSWJgrn8+LifFR+LxeaJoNjU1N817v29iHb33/m1mcqXLh4+FfHZ+rGqVaokkCLoXBIxERERERVRZjqzqgyQISqx+JlmRkuURBIODH7OwMmppb5lUp5sNms6O5pQ2tbe2wOxyp97Hb8D+++bWCrlNKo8MT8M54Kz0MyoFdFnAyeCQiIiIioirA8LEOCAAav5NES7KyqHr0+33web1FCR4BQFXVrJrUtHe24/e/8Nm0r1e64/To8HhFr0/Zc8gCdpnBIxERERERVQdGVnVCZQtToixk/nfi83nh9/nQ3FKc4DFX111/LXbetKPs183G8PBYpYdASxCITbO2MXgkIiIiIqIqwvCxTsgitr4XEaWnqum7XHtnZxHw+9HS2gpVLX/wGPf+D+xO80plKx/HRyYren3KTBYCLlXwF1FERERERFR1GD7WEYaPRJnZbKk7Vs9MX0YwGEBrWzsUpbCu1oVa378eO258z6LtFZ51Dacr9XqVVHnxxjJc4pGIiIiIiKoRw8c6okicfk2UiWXO79hsmiampy/DAtDe0QFZTl8ZWU59G9el2FrZ9NHtdlX0+pRavLEM3/qJiIiIiKhaLd0FgWqKKgFRs9KjIKpOpnUlfDRNE7Mz01AUBW5PQwVHtVj/5o2VHsIiTrez0kOgJJIQcMj8hRMREREREVU/Vj7WGU0SkAVvRolSCYWiicd+vw92u6PqgkcAWNO7Bs2tzfO2VbrbtYvTrquGOjfNmsEjERERERHVAoaPdUjjd5VoET0ahWFcCfCcThfsjuoN1Kqp+nHnTddg27WbKz0MAmCTY8EjG1oTEREREVGtYExVhzRJQGL1I9E8kWgUyStNVMv6juls3n7VvOeVrHy852N3VezaFCMAOBUBB1NHIiIiIiKqMQwf65AQgI3fWaJ5dL3SI8jNxqsWVj5WJnxc0dWO9f29Fbk2xchCwKVK0DjNmoiIiIiIahAjqjplkwWUGq9+nI34Kj0Eooppa2/Fiu7OxPNKVT5OTU1jZnqmItemWCW7WxVQavvtnIiIiIiIljF2u65jmlx71V5D3hG8eOqvoOrHE9sU14fw6xv+Exo0dwVHRlR+m7ZswujwWOK5ZVkQefxSwbJMGGas07ckJAghZX2eaCSK1/a+gbs/cmfO16XCOGQBG6dZExERERFRjWPlYx3TpNrqhjrkHcFLJ/7zvOARAHT/0/jJkYcqNCqiyundsHC6c37Vj0JIUGQViqxCCAmmaSAcCSIaDcMwdJimmfHcb7x6MK/rUn4kIeBSJAaPRERERERUFxg+1jlbDYWPL737t5DhT/maap7FM6f+rcwjIqqsdet75j0vxtRrIQRkWYFNc0BRNQBANBpCOByErkdgzlVIJnvnxCDODV4o+Nq0NJsk4FYEVP50JiIiIiKiOsHbmzqnSLUTQMrRNzO+Pjn7eplGQlQdulZ2oW/DusTzYq/7KDAXRNqcsNmckCQ5ZfgIALPT3qJem+ZT5qodHYpAjbxlExERERERZYXh4zJgkwUEqvtudsg7svRO5kTpB0JUgOd++mrRz7n9um1XnpS46YwkyVAULeVrlWl3U/8EALscayrDakciIiIiIqpHvNVZBiQB2ORKjyKzlZ4uGHBm3EdSejK+TlSPNm/fnHhcqY7XACCzHK/oVEnArUqwc21HIiIiIiKqYwwflwmbLCDn0SW3nDTn7Rlf72q6qUwjoXqkKErJr+Gd9ePR7z1V1HP2ru/Bpi39AGJdqyvF6XZV7Nr1RhICTkXApQgwdyQiIiIionpX+rtxqgoCserHgF7pkaR389qP4pUTT6d8LSracXvvXWUeEdUTVZXx3NOv4ujR04tek2UJbrcTbo8Tbrdr7rMDzS2NWLm6M+trnBq4AF2PFnPYAICrtm7CyeMDRap8tGAYBmQ5t7d/lztzZTJlxyYJ2GSu60hERERERMsHw8dlRJMEDBkIG9W5ettKTxcMdWfKxjMed+aqSKKlKIqEtw4NYPDMcE7HudxOrFu/Cv1X9WLnDdugaqnfNo8dOYWZaT8MQ8eeX7yB3b92QzGGDQDYsGk9AMCCBcuyIAqqYo41mYlGw1AUFUJkVwDvcjF8LIQiYqEj13UkIiIiIqLlhuHjMmOXBQwT0Cu4dlwmO9d+AgffnR8+GnDi9r77KjQiqheRSBjhMOBwNKTdJ97p2bJMmKYB0zTh9wVw9PA7OHr4Hex94U3svHErrt2xGa1tTfOO3fP8G5AkGZIk48AvjxUcPvp9fhw9fAzHDh3H20dPXHnBsoAiLKGgqjZE9QgkIS1ZBdm/eT0rH/MUqzoXXNeRiIiIiIiWLYaPy4wAYFcE/FGrKrvXbmzZgIO224DwS4ltLc0PoEFzV3BUVOssy8LwhXFcvuTLuJ8kxTszyZBlNbHdNA0YRhST45fxsydfxs+efBn9V/WiZ91KAMCJ42dw8fw4bLZYQDc5PotXXvoVbr3tPVmPMRgM4/Sp8zh96jzeefsdDBw7nPprgVW03vWqokHXI9D1CBRFBdKc+cP33VmkKy4vqhQLHZk7EhERERHRcsbwcRlSRKwCMlil069vXfdJvHIiFj5GRTs+sGF+1eM7l07h4MUnENXHIQkXNnfdi2tXXFuJoVKN8Pt8eP7ZX+V9fLyiUVXtMAwdhhHBwIlBDJwYTLyuaY7E/rKi4Yl/+QU2b+1bVCGZLOAP4sTxMzj59hmcOH4GAX8QABAOXMp7rLlSFA26HkU0GoGq2ha9vvGqddhx49VlG089UCUBTYp9JiIiIiIiWu4YPi5TNlnAsICIWX0B5EpPF+ye30DI+2P0rfjdea+9OPgsxie+CQCI16UNnN+PgfHd+M3tf1LmkVItsCwLhw4M4OCBd4tyPllWIMsKLMtMNIC5UjEZI4SAotrww3/8Kf7wjz++6By/2n98UeAoSTJUxQYhBGaDMxm/nmJTFBWGkbpRzjsnzhT9evUqtq4jQ0ciIiIiIqJkDB+XMbssoFuAWYXrP97edx8ef+sUxt+YBFbHth0aPZQIHhcJ7cEzp9YtqpIk0nUdP3tycROjQgkhZVx6UVE0nD0zjOd++iruvPsWAMDhX53ASy/sx/mzIwBiQaaq2iHLSqLxi392rOhjzUbyNPOFwqEwbPbFVZEUowgBTY419SIiIiIiIqL5GD4uY5IAHDLg1ys9ksV+8fjP8cqTowCexnt3vxctrS14e+QJyBmOmZx+EgDDR5pvbHQKly9nXuuxVFTVjp//9DW8e+o8pi/NYmpyOjF9W5bVRV2rLdOA3zexxFnL/8uCYCDI8DEFea7SkaEjERERERFRelKlB0CVFW+IUG02b92ceLz/9f2xB9HjGY9RraVCG1qOhi5U7u+FJMlQNQdOv3Mely95YbO5YLO5oCjaouARAHyzY7DmOm6XgmHk95uGSKQKf0NRQbIQcMgCHlUweCQiIiIiIloCKx8J9rn1H6MVXP9xyDuCczNn4FTdaHd2oH9zPxoaGzA7M4s39r2Bbe+7GjICFRsf1a4L58cren1ZVmC3uxPTqtMxjAgCS1Y9FkaSJJimsWiNyqWEw+ESjai2SELAJgGaLIrWcZyIiIiIiKjeMXwkAIBTEfBHAb3M6z/ORnz42clvA6E9iW0nATgafhM33HwDnn/meVw4dwFnRpduFmKoO0s4UqpV1RASLRU8AsDspQvZnq2gcUSjIaiahFzis1Aokvc16wFDRyIiIiIiovxx2jUBiMUZTkVAytRBowSeOv6NecFjXHD2R9A3jySeDw4PZDyPASd2rv1E0cdHtc2yLFzMctp1vlOSiyHgm0QkXJ51KWVZgaGn7mydjh7Nbf96IYvYshQeRcDG4JGIiIiIiCgvDB8pQRKASynfDfah0UOQo+m7EMv6z9HZ3wUA8IbTdwCOSj3Yuf5/YGPLhqKPkWpbJBzG6PDlrPYt5VqLS13XNzua9f6F/n5AlmMF72YOX6+iLK8ieVUScCqxNR3tsij4z5yIiIiIiGg5W153lLQkWQAuRYJPN0t+rXOXjyy5z5rdFsYGgGAwCDQtfl12fggf3Pif0KC5SzBCqnWDZ4az7nRtVaCLNJBPk5nCkzBF0XIMH3NbI7IWSUJAlWKdq6uwBxcREREREVHNYvhIiyhSrALSr1euAU2c23YSQBNMc34YGpU344bez7DakTI6evh01vsu/DtWLsHApYpcN5emM3IdVz4qkoAmxaodmTkSEREREREVX/3eUVJBYtMOgUAJA8gGeydC3sz7yAhgxa5+NLVNAwCioh1bV38e1664tmTjovoQjUbw9rHzWe+vKGoJR5NaJOyr2HTvXNRb5aOAgCbH3ucUJo5EREREREQlxTUfKS1NEnCUcP7hjpW3ICr1LLnfyi1BhEJOTI3fgU/u/D6DR8rK7IwPI8PZVxVKkgLLKm/1o2Hk3kVaVGABwnpZ81ERsfe0BjX2mcEjERERERFR6TF8pIxscukCyAbNjRvW/RdERXvm/RznceR/Xcb0/kBJxkH16Z2TF3LaXwgByyrvUgNmjl2nYyoRPtZu5aOAgCYJuBUJbnWuazVDRyIiIiIiorJh+EhLsskCbrU0f1U2tmzAvVd/Cx3t/zltCBmbet2JS1OVWRuPatPQxclKD2FJkXB2zXCSVaTyUa2tysd44OhUBBq02GeFP+2IiIiIiIgqorbuKKliFAE0qBK8UavoXYEbNDdu770L6L0L71w6hbeGn0codAyqeTaxT8taAyf2zcI0TEgyUwRa2plTwzntb1kWTNPIqRFLISzTyCt8rIRaqHwUiHWrVtg8hoiIiIiIqKowfKSsSQJo0AQCOhA1SzM9dWPLhkQH6yHvCAYm38LZ0Tdgd16GZVm4dOkS2trbSnJtqh/RaASdXc04c3o062MsywTKOO06FJrJ+ZhKVD0C1dvtmoEjERERERFR9avOO0qqWgKASxEIGkDYKG1Qs9LThZWeLhyc7MAj//AIACASzr1BBy0vlmXh/OAwDv3qdE7HmYZeohGlFvDmMy28MvFaNVU+MnAkIiIiIiKqLQwfKS8OOXbTHypxAAnM77SrqmrJr0e1LRgI4F9//ApCwdyDasM0yvammF+n6xIMZAmSJEGWKxs+MnAkIiIiIiKqXQwfKW92WUASQEAvbQAZ8F/pcq1o/CtLme17+QgGc5huXSkudzt8s7mOs/yxm82ulf2akhBQBCALQBYCslSpmk8iIiIiIiIqFJMcKogmCUiqQNiwSrYOZCBwJXxk5SMt5eCBdws4unxrPtqdzTmHj5VY89Fmt5X8GnI8bJTmwkYmjURERERERHWD4SMVTBGAogiEjdg07GLHN8nho6aVvwqLaouQ8u+GbppGEUeSmazk83e5/Kmc3Vb8f3OKEFCkK6FjhfroEBERERERURkwfKSisckCihSrgowUsQpyYnwi8Tg5fHxx8FlcCpxBODKOrqabcHvvnUW7JtWuq69dj9Onhis9jJKoREhncxRW+SjNVTLGKhtjYSMREREREREtHwwfqahkATgVAcUEQgZgWoWHkOcGzwEAWlpbAACzER9+cuQhqObZ2DUBjE/sxz9N/jNu6PszbGzZUPA1qXat7e0q6HjTNCBJ1dPdeb4KVD467FntJ3BlyrSUNH2aWSMREREREdHylv/8RKIMNEnArQjYpMKiB8MwMHRhCADQt6FvUfCYTLUm8MaZv8ZsxFfQNam29V+1ptJDyIoeDVZ6CFmxp2g4IwsBTRJwyAIuRUKDKqFRk+BWBRxz/+4VBo9EREREREQEho9UQpIAHIqASxGQk+aLDnlHMOQdyeoc5wbPwZqrnly3YR1+duKRlMFjnGqexbGxw4UNnGpeV3dLpYewJEOP5HxMJRrOOOw22GUBpyLgUSU0aRI8auy5TRZQpdi/dSIiIiIiIqJUOO2aSk6VYgHFzwdfwcDw30O1Yms4RkU7VrY9gNt770p7bHzKNQDMrBgBwi8teb1x32kAtxQ8bqpdq9a0Y2T4Ul7HmoZelmnX4dBsya9RDG6nHXa2nyYiIiIiIqI8sfKRyuLpU8/gzND/lQgegdg06fGJb+KZU/+W9rgjh44AAJo2tUCP/Kjk46T60NraWOkhZBQJ+xD05xeOlluqaddERERERERE2WL4SCU3HfLh3Ng/pH195vJ38eLgs4u3T8/g2JFjAIAtd0xnfb21zdtzHyTVlf7Na/M+1kLxOrUvZBgRXJ44jcsTp/M8Q/krEJ1OR9mvSURERERERPWD4SOV3KsXXoEMf8Z9xie+iVOX35237bWXX4NlWdj4sQ44pItZXSsqb8a1K67Ne6xUHwrpeG2aZhFHckVXtxOTIycQCeffEKkCSz7C4cyu2zURERERERFRKgwfqeSmQ2NZ7ffGu19FxPBDnetesfeFvWjc2Iw1K7NrIGOoO3Hvtv+W9zipfjidtqqZLrxx02r89//5e7jxxv4inK0CDWccDB+JiIiIiIgof2w4QyW3vvVqHJ5Zer1GxZrAvx39Bj53/Vfw9ol3MTU5Bafmhs93F9q60q/h12DvRH/b1Vjpyb/ajepP96pWnHk3u67qySyrOJWPdruGD33kZvzaXTtj41lTm38/7XZbpYdARERERERENYzhI5Xcjd3X4sBgO5SkZjPpiMh+vHD2FQy8FJuCHRj24T9e/Zto6+yEbgK6BZhW6dbko/qxoX9VTuGjkGKF4MUKHyGAvvWdiacrujoz7JzlKSsw79rhYPhIRERERERE+eO0ayqLHb1/DAPOrPY9efFv8ObR2FTr9et70d21Apok4FQEPKqASxGwSQJSJRbAo5qxtmdFTvsLUdy3w1Awgsd++BJEOIgGVcL6Ve1FPX+5uFzZ/bslIiIiIiIiSoXhI5XFjd3X4kPbvgXJvhtRqSfjvjL8aLo6Fnjcdtuuea8JAKok4FAEGlQBtyLBLguoDCNpgcKazhhFGcOZ02N49pn9gGVCCIGm5oainLecVq/OLcQlIiIiIiIiSsZp11Q2axu78Hs7vrjkfl/6P7+OC28PQJZlvPfWmzLuq0iAktSEw7AEdMuCYQKGBRicor1stbY1ornZjcuXs+suXaopzc8+dxi3774a7e0taG1twvTl2bzOU4kp123tzehc0Vb26xIREREREVH9YOUjVZWJiSm8/fYAAODGG94Dp9OR0/GyAGxJU7QbVQmuuepIRYgK9AqmStrQvyrrfZOnXVsFh9YWdD0CAAgGI3jm2V8BAFpamwo8b3lt3bqh0kMgIiIiIiKiGsfwkarKmwcOJR7ftntXhj2zIwSgSoBdFnCrAo2aBI8qwakI2GUBTYqHkowla50kYt9LTRKwyQIOWeDGGzbldg5JBgBYBU67jkRC8wLMgXeGAABtrc0FnLX8f0evvrq/7NckIiIiIiKi+sJp11RVTp06AwCQZRnbt20uyTVkAcgpprBaEDDnpmqbFhIfhgVY4PTtSpAgIEQsdhMi9tuS+HNJAAICkog9TuXmG/rxzRyuF6t+LHy9R02bX7F7+vQYgsEgOjvzn8JciSVNr77mqvJflIiIiIiIiOoKw0eqKvHwsa+vB7Isl/XaAksHk+ZcEBn7DFhzn688Z0yZipj7byJIRPowMXl7vkKhECRJgs/ng8OhIRiMZHWcLCswjChMy8z/4mn84oWDaOtoKeAM5U0fm1sa0L2yo6zXJCIiIiIiovrD8JGqRjAYxOjoOABg/freea+dmxnB6cunMeJ9F1d37cLWtvKuRXclmIw/S7/n4lDSSjyPvwbMDy+vPK98eBn/6uINTsSC1+JhIZIei3mP54eMEOWOzYCBgfPwegPY/+a7WQePACBJsbfEwtd8XOzfH9+P3/rEzUU/b6ks5/Ueg5FZOLTcOpPncwwREREREdFywPCRqsbJgXcTjzesX5d4/OjR/4WZmacgww8AeHXmR9gj9WD3xi+UPYTMRjyIA7IJK1MdPRdIJgeWiY2FD05ceXjlcwUCwlL613//JU6dGsn5OCEEZFlBKZqkB4MRvHtmooAzlPc7tG378lzvcWBkL2RZwvqOW3M6LqIH8O7Yq9i2+oMlGhkREREREVFtYvhIVSM+5Rq4Uvn4ryceg2/mR1g4AVs1z2Lvyf8dq3Z8H012dxlHWR4pA8F6SgdLbFP/qjTho5VU1SgS1Z3JFMWGSDhQknEdPHg272PLvebjtdcuv/UeR6YH8Mrph/E7t/x7zsc2Olfg5f0Po6NxPTobNpZgdMVXigpfIioNy7Lq6t9sqp+/REREVL/Y7ZqqxsjIGADA4XCgq6sT52ZGMDn13bT7y/Dj6VP/Wq7hUQ1xu+yJx4ahQ4+GEZ370PUIdD2CSCQA01y8tqMkyZAVtSTjunTZj+bWrpKcu5gaGt1Yvab6x1k0voMIRmbx0sm/ho4Awrovr9PIisDPjnwZwcgs4DtY5EEWRzzAqKcQg4hqD9+LiIiIlhdWPlLV8Hlj06q7umJNLp468Y0l/4JO+4+UeFRUi3p6VyQey7ICyLm91amqfemd8mR3tgBTuU8JL2fp65Yt68t2rYqKjABaF+A7iEPetzCjxypTp/xn0N24PadTeUOxX56EMYXnj38D93StBdzXXblGhWR7Y88AgKj6GYYBSarduoF01Y4L339YFUlERIUwTZM/S6pQ7f4fDNUdry9WbeRyOvHL4UNQ9LcrPCKqVZ2dTZUeQlqmpUCz5b5UQDl/fm7bXhvThgtmeIELX4U/OISDF3+Y2Dww9nzOpxq8tC/x+KJ3P8b9o8DoP8TCxzJLVVGUvC3VBxFVN4fDAZ/Pl7Jiv1Zk+z7E9yYiIsqXaZrw+XxwOByVHgotwMpHqhrxykeny4kD5/8pq7+cLtu6pXeiZWdFZ0tRzvOhu3fgllu24ctf+UFOXbOX4nS3IRLOdWpv+dLH667bUrZrVZRjI7D6z/H8m38ERb3yu7izl15HWPfBpmQXEod1H44OP5F4LkkCz48ex8d3/VnRh7yUhTfrqW7es91GRNXD5XLB6/ViYmKiZv+9pqpCiW9L/poW7sfqFSIiypYQAg6HAx6Pp9JDoQUYPlLZPH3qGQzPHgUAdDdux4fW3zXvda8vFj7Ka+Wsqh4NOHH7uvuKP1CqCy0tbly6lN/afXHnz0+gZ20HPviBHfi3f79S2WaaRuIjdsNkQZZVKIqW1XltjkbIigZDL16gWSwutwM9vSsrPYyymfYP46JvYF74GNZ9eOnUX+HOq76U1TmODj+RmHYdN2NcwuDYm+jt3FnU8WaysHJoqcepnhNR9XK73XC7a7/JXqZwMZvHREREVHsYPlJZ/N2Br8MM7Uk8vxh8Ef/P+BP45HX/E012NyzLgt8fCx+ttqElz2fAifdt+jrWNi6jphiUk9YWT8HhYzAYBgDc/7Fb8dLeo5ia8gKINaWRpIU92HPjdLfDO7303/W4ct14LZv1HucMjv9qXvCY2D61D4NT+9DbenPG44dnjuDA+UcXbZckgaHpoyUPHzOFifHH6T6nO8dS1yAiSmepn1VCiEVVjpZlpQwk4/ulOoaIiIhqC8NHKrnvHfp/5wWPcap5Fj888hf43PVfgWEYAABntxsu9c2054pKPXA7tuL2dfcxeKSM1qxtx6l3R2CaOiQpv7e6QNJU6/vvuwV/+3fPFGt4cDib4ZsdhWUaRTtnMWzc2FPpIZSVQ/PAslKvqfnSqb9Cm6sPHntnymPDug97Tv1l2nNrirNYw8xKqjXTMj1OdQwRUSlkqmjMFEACSPkaERER1RaGj1RSvxw+hLD/6bSvi8h+vHD2Fby/51YAQM9tsS7DurIZANDk2g674sKqxvXY1LIBTfban25E5eF02AAUFqgMDV1KPL7ttu146eWjOHnyYsFjAwAhybA7GhH0X1p65zJq7yjOepm1YtPK2+CPTmAmfA5Dl9+CX59IvBbWfXjuxFfwsWu/lfLYPaf+ctF0a0U40d24DV2N23Ht6vItC5GqujFVM4dUz1Odh4ioWNKFivHgMd3z5P0ZQBIREdU2ho9UUu9OvbXkPieG/g7v77kVmqbh7X+eRPevPYA//MxvlWF0VM96e2LVarKsQtcjWa/HmMmf/NeP4b99+VFcuDBZ8LmAWOOZbMPHct10dXa2leU61eQ9PfcnHp+fPIjXznwHM5FzAIBJ/2kcOP8odqz5xLxjBqf24ezU64nnTrkNt234Y6xpu648g0b6wBFAoiOuaZoZO8tmqoRMdS0ionTS/ZxKVemY/HjhhyRJsCwLkiTNOy4eQDKIJCIiqj0MH6mkAuGxJfdRrAk8feoZqKqKSCSCaCRahpFRvXO57InHxbpJcTltePCPPoz/+tD3inI+RXVUXeOZjs7WSg+hota0XYc1bd/Bz499Hacv74EQwIHzj6Kn9Sa0ufoAXGlIE9ft3ok7Nv8JHFpD2ca5VPAYf57p8cLj0lVDEhHlKzlojH+OP5YkaV7guDCYNE0zEUTGtzGAJDMDr4kAACAASURBVCIiqk0MH6mk+tpuxqmLi9d7XOjs+D/DprXD7wcikeoJYrI1MPY8IoYf27o/Uumh0Byn05Z4HKt+DENRbBmOSO3UqYvYsGFV4vmRo4NFGV+czd6IgG9i6R1Rnpus9vblNe06nV/f+kX87LCJc969EALYd+Y7uGfbXwCIPQ7rsWZG65p249e3frGsY8sUDsYDxuTP8Y+F29NNwWb4SETFki58TA4cJUlKBI3xaseF21NhAElERFQ7GD5SSb2/51acGN0MRX87436KNYG2Wzbg0lPTNRU+hnUfnjr6RUz6TwMALFjY3v3RCo+KAKCvr3vecyFS37wsJRAIz3s+MJB9h+ps2BwNWYaPpdfQ4IKq8sdC3Aev+VP87DBw3rcXwzNHMDxzBB5bJwbGnwcAdLl2lD14TLaw6jFd8GgYxrwQMl0AyeYzRFRMqaZbpwoe4x/J7zvJwWNyAMmqRyIiotrEu0wquU9c8xU8evhLSwaQnb0DeAc2RKJ6mUaWnUn/aRwdfiLRWKK39eZEheO+M99JBI8AENH9FRkjLbawUkKW1aKc99Ilb1HOE6fZsmuiVI4brda25pJfo9Z88Jo/xWNvjmMqfAIHzj8Kjy22lmiDshY3rPoshoaGMD09ndh/5cqVaGpqKtv40q3hmBw6pvucrgIyfp6F1yEiyiRdY5n441TBoyzLic8Lq6/jgWQ8cEx3HSIiIqp+DB+p5JrsbvzhjX+FczMjeHP4VYx7j8KKHIOMwLz9bGIKbdduh/dyccOdQsQrG+NTLAFgeOYINNmF7sbtiQqoVI4MP44p/xls6/5IYq04Kp/4mnZFV4KbHs3mRiTsW3rHEuvqaq/0EKrSh67+Mv7lwO9jeOYInKEt8PjvgM3owd5zry3a99ixY7j++uvR29tbkrFk6lK9sLoxHjQu/MgUQMbPxbCRiAqVqrnMwuDRNM1E8CjL8rxjk8WPi+Paj0RERLWF4SOVzdrGLqxtvB9ArLPsdMiHk5dOYdI/iunQGIaGRuBZOYuh40s3qSmXs1Ovzwse4wbGfz6v4hEANMWF/o474A2N4bkTX0m8fnbqdXzsmm/BY+8sy5gpJhwOL71THrZsXotTp0aKes5qCR/XrVu19E7LkENrwFbP72Bg4DRkI1apqiN9hfbx48dLFj4ulKqL9cLQUdd1jH7nW5jd+yKsUKgs4yIiypaw29Hwvtux4jN/sPi1uYAx+ZciDBuJiIhqD8NHqpgmuxs3dl+beP6j44/jzaefAgD4fH643a5KDS2hu3F72teGZ47Me97bcjOGZ4/Ma0YBxKonveExho9lFAgE8MorR5beMQ/vv/0aPPGTXxb1nIpqz/h6uW60+tavLct1qlk0GsX0dGzt2enpaYyPj2N8fBwAICO7KfJ+vx/Hjh3D1q1bSzLGdJ2uk8PH5MrH0e98CzPP/awkYyEiKpQVCiXeo7o++4eLpmgnv7+x4zUREVFtYvhIVaOjoy3xeHx8cl746Pf7EQgE0NTUBFUtztp92fDYO7Gt+yM4OvzEotem/GfmPR8Yfz7lNGxNcaHVta5kY6T5AoEAnvv5Afz4X14vyfnb2xtxy67NePW1zGuY5kJRHUU7VyH6+lZXeggV89Of/hQ+X/GqT48fP46Ojg50dHQU7ZypLFynMXkqdbzycXbviyUdAxFRMczufREdv/u5ecGjaZopp1sTERFRbWH4SFWjPSl8HB0dh66HMT4+jqGh+d2Fb7nlFqxcubJs49q17rOI6P6M6ztmPL73s7Ap2VVMUWGi0Sie/8XBogaPqcLu3/gP7y1q+CgrGoQkwzKNNHuU/kbL4bSjo7O15NepVk6ns6jhIwDs378fd955Z9F+YZKuCUy6ysd4+Mip1kRUC6xQCIZhzAseM1U+Jo5jIElERFT1pKV3ISqPzo52tLe3YOeOrbhw4QwOHTq0KHgEgDfeeAPRaLSsY9u98Qu486ovQVNi1ZhT/sGsjtvW/RH0d95RyqFRkmPHz+CHP1rcBKQQmzevWbStvb0RN93UX9TrqBWufly7pqui1680l6v4yzz4/X4cOnSo6OcF0gePqQJIIqJaEW+GldwIa+EHsPiXMURERFTdGD5SVYitkXYEt71vJ3p6Mlc1RqNRvPjii2UPIHtbb8b91zyCVte6lE1okmmKC3de9SXsWvfZMo2OTNPEv/7blYpHyzIRDM4iGg3DTFtRmNlVm9JPQ962pSevc6YTjQbTvlaOio61Pd0lv0Y127BhA0IlqBAcHBxMrBlZiKVutBeGjsmPiYhqRar3sOTQMR2GkURERNWN4SNV3ODg/9/efcfHcdf5H3/NzFaterdkW7bl3uTuOHYU4yQEJ04jCSGQg8DBcbk7+N0BCUkIIRztfuS44zgCFw740dNMOVI4hzQ7dopL7MS9SbZVrd5Wqy0z8/tjtetdaXe16pL9eT4e69md+c53vmNZY81b3/l+K9m2bRuNjY1J79PW1jYuAWSao4Abl3yHNHv8cdxm5Kzj9mU/ZGbO5WPYMqHrOqdPX5gpXVFUHI40wMTrdeP1dqPrfiC5G5Tbbl3PVx/+SNztS5aM3GzGAb8nwSPXY6O0tH8Pz0tJVlYWNpttVOrevXv3qNQbEutx7MibdyGEmCwir13xhpoQQgghxOQjYz6KcRN6JDHWo9XJCAWQmzZtGtNJaOyWVG5c8iid3vP9ttksLnJdpWPWFnFBrH8DiqJgtTqwWGz4/V58Pg8KCharDU2zoiixf/8yu7SA227dkPB4eXkZZGe5aGl1D7vtiXo9jpXS2Zd2+AiwbNkytm/fTlZW1ojW63a7qaysZObM4QfW8W6+Ez16LYQQk0WiR65jkfEehRBCiMlBwkcxptxuN42NjRw/fpy2trZh1zdeAWSao4A0R8GYHU8k52//ZjP/9eM/91uvKCo2mxPTtBMI+AkEfPj9XiyWYAipqlpU+VOn+wfLffn9/hEJHgGMQOIevGNxYyXhIyxYsACPx8POnTuxWCw4nU5sNhsWy/D/q6ypqRmR8DFS3xvyROOjCSHEZDDQdSxy4hkhhBBCTB4SPopR5ff7aWhoCL9GInDsa7wCSDHxbNy4FEVV+MFjf0TT+j9CqygqVqsdq9WOrvvR9QBerxubzYmmRf/bqalppLg4L+6xzpwZOKCcLFwuJw6HfbybMSGsWLGCFStWUF1dzcmTJ8PXLY/Hg6qq4Ueznc7gBEGR6+IxDGPEZ9LuezMea7uEj0KIySbRtavvdU8CSCGEEGLykPBRjKo333yTurq6UT9OW1sb+/fvZ82aNaN+LDGxXb5uPl97+ASu1DxSUnNR+vRqDNE0a2/gGHuW6YrKuoThY3e3dySam6TRvcHKzEwb1fono6lTpzJ16tSodU1NTXR0dNDd3R0eo7a+vh6v98K/hZaWFgKBQLi3pNPpJDMzk7Vr145Ju6XnoxBiMpNrmBBCCHFxkvBRjKo5c+ZQVVU1Io8tDqSyspLi4mKKixPPli3GTyik8fv94bHoLBYLmhYMCO32ofe+MwyDnp4eXnvtbSyahe6uBro66nG6srE70rE7MwZV37lziSdAUtSRCwQtVkfC7SYGKCqYozN+X2ZW+qjUe7HJzc0lNzd3vJsRUzI9hYQQYqJL1JNbCCGEEJOXhI9iVE2ZMgVd18ckfATYv3+/hI8TiN/vx+124/d2EWg9iNp9Aq37JIq3FrQUTNWJr3dpak701OVY8tbhdDqx2+0JH6P3eDx4PB78fj+qqvL2W+/yzr5jHNh/DFXVUFUN0zTw9XTgcbegqBoOZwaOlCxs9tQB2z7QRB1Ll8wa9N9HPImCUacrG0dKNgHdh9/TjmmM/AzvWVmDC2bFxBV5ky4360KIySjyGibXMSGEEOLiIOGjGHVlZWUcOnRoTALIzs5OOjo6SE+Xnlzjye/301K9D6XpVSztu7B1n8BmJPmY8gnwpS2nO205ZKzCmn85drsdm82Grut4PB6qqup4fcc+3th5gKam+OOIKoqKxWLDYrFhGDre3iDSZk8lJTU3Yein6wP3bJw3t4jjJ2qTO68B2Oyp+LxdUZ/TMouwWHsfC/epKCkafk8Lhj6yAWRmljx2PVklmgE20faRYs8vIHfDFdiyo3uE+lqaaNr5Ot6Gi2dsVCHE6Bvo2iVhpBBCCDE5SfgoRl1ZWRn79u0b1fDR5/Ph8Xiw2WwSPI4zv99Py7EncZx+aMh1aJ370Tr3Q+3P4KjKMc8aurR5HK7J4p1DzVSdqx90naHekFis6LqP9pazoKhYrc5wT8hQ+HfDjeu5++NXD1jnJz5xLQ899HMC+sjdDGkWG2kZRf2CUZvNic8HOLPxe1oxdN+IHTMjXcLHi8FY3pTnbiin6JbbyN1QHrfMvC9B084d1P5hK007d4xZ24QQFxcJHIUQQojJT8JHMSY2b97MU089RUFBAaqqDnp/wzDw+YJhi8fjAaCnpwfDMDBNk7y8PJYsWcLy5ctHtN1i8DqrXhpW8Lj9WBFHarJo6HTS2OGgsTM0IUxt72u4FDTNgqZZMAwdXffS7e4JTumiKCgo2G2Jx2AMmVGSz7o1hTz/wm7sjnRs9tS4E9wMRNUspGdNw+nKjlvmQgCZNaIBZFa2PHZ9MRqtG/Yl3/k38q7clFTZ3A3l5G4op3H7Kxy87/Oj0h4hxMVFwkYhhBDi4iPhoxgTU6ZM4cYbb2Tbtm243e6kekEGAgH8/uDjpcXFxSiKQn5+Pna7nYyMDDIzMykqKsLhSC4oEmND6TyKYk3H9HcMet8fvbyI144VjUKrYlNVDZX+YeFgbnxsNnt4XEkAS29PSovNgabZkhpfEiAjuyTJ4znx+5VgANnTjhHoSbqt8WTJhDMiSeufexF7Xv6g98u7chPrn3uRXVvePwqtEkIIIYQQQkxkEj6KMTNr1izuueceACoqKhKWlVBx8rJ7DmE4C9EHGT6OdfCYSENDy4BlPB5PxIzdwXElTdPAMHR6PK2YbgOzd3ZqzWILB5GKqmGxOlBV7cJ4joNk7d0fIOBV0f3dQ6oHwOGwU1g4MWdwFhPL2id+N6TgMcSel8/aJ37H23feOoKtEkIIIYQQQkx0Ej6KcTFr1sjNFCwmFkNLRXEWobjPYerJ9crbU5E/YYJHgKam1rjbAoEAO1/fw7b/3dVb9sKEN4qiomnRfSkNQ8c0zeDj3V0ewIyaSVtRNTTNRk7B3EG1UdOs2GyhOiwEvIPvaQpwx53XUTp7+pD2FZeOxd96FNes0mHX45pVyuJvPcqhB+8dgVZNXOkLF+Esnkbbu/sv+kl3tBQX2WvXEejsoHXv7vFuTlKyVq3BkpZOy9tvone7E5adjOcnhBBCCDHRSPgohBhRqj0P9C5U1wz0jmNJ7fOLnYML3sbTq6+8xXcf/XnS5dXIMSD7POFtGDoApqkT8HsG3RNS06zY7So+FBTVgt8zcI/NSPMXzOLOj1w/qH3EpSd3Qzn5V13Tb7274jTHH/020++8i9zyjVHbmna8xrknfs28ex/oF1rmX3UNuRvKBz0JTfGtH6LoxptR+gzb0XHoIMe+/fVB1TXaim65jcIPXM/Zn/+Uyp8+Pt7NGVXpCxcx9wv34e9oZ/dHbo/aNuWGmym+5Vaadu7gzM/+O6n6hrLPYM24+69JW7CI49/5Jue3/Zm5X7yf1DlzOfuLn9H8xs6osonOTwghhBBCJGfwM38IIUQCtuLNAKgpxajOwgHLH6nJiphUZmLz+Xy88vJbI1ZfaAZuTbOgB7xDrsNmTwk+1p2Sg6Ikf1n/6F/dMKRjiktL0S239VvnrjjNoQfvo+2dvRz+yv20vbM3vC1y3aEH78NdcTqpOgdiz8nFNbMUZ1Fx1MuWk9ywAat/+QTrn3uRrFVrBn3sIVEUFG1oE1BNRrEm20qdPYe0BYtIX7go6XqGss9QKKoSbnP6oiWkL1hEaunsBOUvna+lEEIIIcRIk56PQogRZclZhd6+Cb3hFbSMRSi2HIzuakx/e8zyJbmd4ceQVVWB4LzT46unnqbK17HllGG327Hb7Xg8Hh79zk/Z/05yvTkHK+Dvxu7MHNK+qqphd7jw+TyQkk2gp2PAmbBv+eDVrF69ZEjHE5cOx5QicjeU91t//NFv464Mhop6Tw+Hvvwlyr73GACHvvwl9J7gkAvuymDvyBU/+knU/rkbynFMKaKnbnAz2Jt6gKonfkPFj3846HNRbfZB7yOG5+S/P8rJf3901PcZrr2f+OiYHk8IIYQQ4lIj4aMQYsTZZ92F356Nr+Z5VGchqrMQ0/Bj+tsx/R3Bl68VTAOXPcA/vv9dnnp7GueaUsJ1qGqoB5+C0vteVVRAidg2OqpqO7G+exeGlkpn2kpqLMv4zTYfb7x1atSOqQcSh4UDURQVmy0Fn09BcWTi93bEnQl70eLZfOaeDw/reOLSECt4BJh+5110HjkUDhl9Lc3hcRx9Lc1RZafedkfcuqufeXLE2jr/y18lb+Mm3JUVpC9cjGqx0LL7LQ7e/0VW/exXuGYGxxpe/tiPad3zNu/d93kWPPQIueUbUa1WAl1dVD3xayp/8l/Mf+BhcjeU0/zmTvLedzVGTw/H/uUbFG6+PmZ5gPkPfIXC67agWm3oPZ647Vz+g8dJmTkLRdOwZWVjeL2c+80vqXj8MUr+6m6Kb7sDe14+iqZheL1U/+5pTv3Hd8m5fANz/vGLpEwvAUUh4HZz7tc/p/HVl1nw0COkL1oCioLh81L3/LOkzVuALSuLQw/ei5biYuEj30BLcXHy3/4vdc/9idW/fAJLahoH7/s8RTfdwpQbbkJzpmDqOs1v7uLwVx4gbe48Fjz8z3hqarCkOElftIS6F56j4aVt4bYYfh8oKoGurn7nuvbJ35MyvYS65//EsW9+jZmf+lum3XkXltRUME08NdUc++bXaI3oOdt3n3hf16qnnmD+g1/B19jIO3/3afRuN7P+5u+Y9pG7qP/z8zinTid90WIsKcH/V9yVFRz95tfoOPReVBsLN29h3n0PYPj9nPrP71H37B+j/q4TnZ8QQgghhEiO9sgjjzwy3o0QQlx8tPQ5WLJXYPi7MXrOoyigWFJQbVnBQNI1A8Weg2JxMT23h81LzrFx4Xmm5Xpw2nScVp3GDhumaWIaBqYRnEnaMALouh/DCIQ/m5gYpoFhGoAS3Mc0AVCUwfek9Osqt6+pYPvRXH79koNnXmzj9Nm2gXccBtM0sDnSh/Von6IoWCzW4HvViqKoGIY/qozTaednv/j2sNoqxl/o33fo37ppBicyCr10XQ+/up/9w5CPk3P5BrJWruq3PqVkBplly2h+cxe6Jxi0BTo6CHRET3y0+FuPxhwvEsBTW9NvfL1EslauJqNsOYoC2WsuI2/jJjKXr6SntgZ/ezu55RvJXLoMTJO65/6EarOROmce3vpaGre/SvrCxZgBP6f/6wc0vvoyeRuvouimW2ja8SoH7/1HMpetIHvtZbgrKzADfnLWX0Hq3Pm0v3eA5jd3YklNi1s+f9PVTL39TrqOHePsL36GLScPe24e7e8eoHXfnqjzmHLdDbhKZ9O2bzfVW58ifcEiXKWzaT90ENVqxZqeQe3//J7mXa8Ht82cRefRI0y7405S586n8vHHqPjRf6J3d9O2dw+FW24kZ305NX/YytF/fphAZycdhw9iy8klbe48Oo8dw56XR8669SiaSk99PZgmUzbfgKemCm99PSUf/yQ95+s5eP8X0FJSyF1/BarVSt2zf6Tg6mvJWrESU9dpen07zW/uZOYnPo2jcApVT/6ajkMHSZ+/gIDbTc3Wp6LOVVFVMpeWYXi9dJ+ppPSez6L3eHj3n/6B1n178DU10fDKS5h+f8x96l94Lu7Xtf3APuy5ebhmleKprsJ9+hTT7vwotuwcqn77K+x5+XSdOEb1009gmgaZy1agYNK0cwdTrrsBe34+zbt20rpvD7bcPNLmzqe7soKOo0dY+PDXkzo/MfJSbrwFTdOwWCxomoamaaiqGl4qihJehv5/77sUQgghxMQjPR+FEKNGdU7BMfdvMLpO46t+AaNtf3iboigotgywZYArONvy1Owuiqe1s9nfjumvxgx0U9/u4Hybg4oGF11eK5WNLrq9Gk2ddpo6e6d7jpg9Wic6bBuqZ3aXsnXP2M7Krge8qJp12PVYrQ5U1YIfBVWzcdnqWezYvofS0mn82388MAItFQIyV6yi7HuPcejBe/FUV/Xbnih4BHAUFAz6mIqqkr6kDHona/I2NtL46st0nzsLgN7tpuLxH1L/5+eY/+Wv4iqdg7NoKnXP/YnZn/0nTMPAffoUrXt3U/KxT4Ch07xrJ56aajqPHyVt7jzSFyzCU1sDpkH7ewc48Ll7AFj2/R/FLZ9RFgzHzv/lf6n5/TOkLVhI2vwFcc/D19xE1ZO/pXXvbjKWLiN3QznpCxZS/cyTNG5/ley169AcDjw11TiKisKT7Kg2G9mXXU7X6VOc/uH3Aci76hoUTSNz6TLa3ztA5X8He2K6ZsxCKd8Ybofu6cYMBLDnF5BSMgMtxYm7soKsVavRHE6admyn/d0D2HPzyF67jsxlKwAwvD3onm4qf/rjYBh57Wac06bjrjjN6R/+J1mr1lB43ZaY5+muOB3uHRtiy8piynVbqH7mSc5v+3NS+8T7unYcPUJG2XIyli6j8+gRXDNL8VRV0fT6dppe3076wkWklMzEfeoUOevWQ4xe896G83jr6zD1AAC5V5QnfX5CCCGEECI5Ej4KIUadmlqKY/5nMdxV6K378LcexvScQ+nTK0+xpqJYU4FiAEwjQHFWO0X+dpbNbcf0nQczELVPV4+F0+dTw+8rGoPvu70alY2u4HufFvVI90AcNn3Mg0eAFKeCYrHi8w0/QNU0C6rDhc/Xw4MPfYYHH/rMCLRQiD56e2CO2eEC/iGP+diXoqrhx5EXPvINAAxfn+EPIn6xkai8oqpgGkN6NFf3dKNYLNiysplyw82U3vMPWDOzMLw9KBYr/vZgr+uq3/4ae24+mStWkbVyNR2HD3L0G49Qs/UpUqZNJ3PFKhZ97VvM/OvPcPJ7/0rniWMEut2kTAv+csff0Y6/rY2U6dPR3cF2dh47SsbSMlCU8Ln629sxvF4saWkXGmmamIFA77lqKKqC4Y09rEM8HUcOU/30E0y/6+MUf/B2ptxwE/UvPDesmcrb9u9jypYbyViylO4zldiys2l+6w20FBeLvv5tci67HCMQANNEcziSqnOo5yeEEEIIIeKT8FEIMWZU1zRU1zSsU2/G9LWgN+1Bbz+E3l0NMSakUVQLij0H7DnhdWagC9PXiuFrw/S1kurwU1Zy4ZHo9fOa4h4/1IuyvsNBQ3vwRtQ0TY7UZOBy6MzIdZNq9+N0qPy/HfNH8MyTE/D3ULZkGucb2mhoaEPXjYF3SkBRVOz2FA4erGTJkpkj1Eohglr37ubwV+7H19ISc/uhB+9N2Pux5/z50WzegEzDQPd0c+K736Hu2T9GbSvc3L+nW6Lyy3/w+JDbYcvKwgz48dTVUnDNtag2G8e++Qh1zz8bHB9yRvB7t/Wdvey5+yNkrVjFjE//LZnLVjDjk5/m8Fce4MDn7sE1cxYzP30PeVe+j5KPf5J3/+mz+FtbcRQUAtBddRZfczPZ69bjKp2Dv70d9+mTZCxeEgyRe3sFak4nisVCoLNzyOcUz7nf/opzv/0Vxbd9iJK77qbg2s10njxOzdanh1Rf8xs78VRX45w2jayVqzECAdre2UvuFeVkLltBy+63OPTlL5F35fuYd5/0+hZCCCGEGC8SPgohxoViy8ZSdC2WomsBMP2d6B1HMTpPYbjPYnjqINC/F5FiSUWxpKKmTAvuF3Bj9gaRhq8VjPgTtxRm9FCY0UPZAG17ZnfpkM9rOFpbWtA0laIp2RTkZ1Jb10JDw/DHmjSM4YWY4tLla4kd5jduf5XDDz+A0ZO4d1iiANJ9+uTgG6QoWDMzo8JBvaeHlrffTG53VUVzOgHoPH6MzOUryV57GQ0v/4XcK8pJX7CIih//KOa+icq7z54hc8UqctZvwNvYQMai3pnk40yOZXG5yCxbjpaSQvqCxfiam4N/H9dcC4qK6nBSdOMt4YlpNKeTGXd/Cn9XBzVbnyZz314yFi9BczqZevuH0ZxOqrc+TfOuHWSvWYvmdKJ3u/HUVJG5bCWmadC963X8rS1oDgcp06bTdfI4HUcOk7ZwEQX6ZrJWrcGeX0DO+iuwpqXTeOpEzLZ3n63E396Oa2Ypee+7mowlS7FmZKC73WgpLvRud8z9UqaXUPzB22na8Rr1LzxP7vpyslauxuJMvld6LO0H3yV1zhwylpbRU1dLw8t/oeDazcG/fpsNW1YWeRs3oTqcaL3HMg0DFAXV3n8G9KGenxBCCCGEiE/CRyHEhKBY07DkrIGcNQAcOXyCIwffo/bsKaxmJ7MKfSya5ibbFR12KBYXisUFKcVogBnoDoaR/tbgUh/8o3MbF9T2PnZtYhjmqM+uHYumqUybmktOThrV1U10dsafPXcgbrc8PiiGpmnn68z7Uv/1VU/+pl/wuPhbjwKEZ70Oqd76VMzwsWnn64NqS8DdBYpK8a0fovjWD4XXdxw5TOOrL/Urb/h8YJoo1uA4qt3nzpJXvpGl//ofNL76MhWPP0bWipUUXH0tBdd8AEwTd2UFja+9EvP49S88G7d8zdanyCxbHtx29bW4KyvQu92klJTErEux2pjxyU+jWCz4O9o599PHg+fx2iukL1zMvPsexPB56Th8iNS584PjSi5bTubylcy798HgTNF1tdT8fisF115H/lXXUPr3/wcAf2srtX/8PQDtB98je806TEPHXVmBr7kJU9exZmbhPnsGgJqtT5M2Zx6F121h/bPbwDTpOHyQ6qefiNn2jiOHqf/z80z/6MdY8i//SqCri+6zweVS+wAADy9JREFUZ7Hl5pK1ajVNO16LuZ9z2nTyNl3NtA9/FBQF0zBo3f0W1b97Jmb5ePp+XVv37qZw8/VYs7JpePVlAJpe38GULTeTvXoN6373LJ6aajzVVaSWzsaeX0D7wXfJXL6CuV+8H0d+9NijQz0/IYQQQggRn2KaYzxgkxBCJGAYBn/6n5d4+aW3OXnibNS2smXzuP6aBaxbbCHQdRrTUwee2oT1mbon3DMyGEYmF+JtO1jIj/7SvwekoqjBmbv7zEqtKiow/Jk2P/fhbGq759Duz41a39zcQVV105Aexb75psv48B1XDrttYvxEzm4Nwe8T0zTRdT08u7Xf7ycQCOD3+/H5fHi9Xnw+H02f/tiwjr30u98nd0N51Dp3xWkOPXgf7srTQPTkMg0v/yUcQLpmlrL4W9/BNSv6e6lp5w7e+8LnhtWukZK1ag22nBy6ThzHXVkx5PJaiovstesIdHbQunc39vwCAl1d/XrKhR6lPvatf0bRNFr37Y0q45o5i9TZc+k6dQJ3ZUVUPa6Zs0idO49AVxfNuy6Et/b8AjLLlmMEArS8/eaQeueF6vY1N9O6d/eA5dMXLsJZPI22d/fjbThPyvSS8MQ/iWStWoM9L5/us5V0HDk86HYORs76KwBo3vU6WooLS2oq3obkHvcf6vmJ4cn9719is9mw2+3YbDasVisWiwWr1Ro183Vo1muQ2a6FEEKIyUDCRyHEhPLittf5wfd/G3fSlaKiPO69/1MsWBAMMwxPLUbHCQKdpzC6KqCnPmH9pu7tDSJDYWR33LL17Q7+Z28xh2vSBzVhzXD88fO7AOgKZFHbPZsazxxqPXNwBzLQdYMzZ8/T1ja4YOHmm9by4Ts2jkZzxRgZz/Axd0M5S7/7/X7r3RWnOf7ot5l62x39ejY2vPwXqrc+xbx7H+gXPAK894XP0bRzx7DaNVmFwscjjzyUVMgnxKVEwkchhBDi4iSPXQshJpRdO99JONtzbW0jr778Zjh8VJ1FqM4iLAXBcC3Q8g6BlgMYnSfA29Bvf0WzozgLwRmchME0fBeCSF8rZuBCsFeY0cNnrjod/lzXFpyoprPHQmXvrNoAlY0uur3RPSGHIsWuh9+nWlqZm76Huel7AGjz5VPrmcPsjDkcOJdPZVV30r0gfT4/7e29E/qYenDGcDOAEfCjBzyYRgDF1DENP4pigBEAdDACKIqBLXcNTqcTi0X+y7gUNe3cQeP2V8i7clPUetesUlb86Ccx98m/6pq4E800bn/lkg0eQwyvV8YOFEIIIYQQlwzp+SiEmDBaW9r42F334/cHEpYrKZnC4z/5+oD16W3vEWg5QKD9OIq3Lqk2mIa/TxjZf9KbMaNoKJYUFC0FLK7e9y6wpNDlddDpUTD0AJoKmgqqagaXSnCeC001UVWwaCqaagImCoO/5OtKCn77DNQpW8gsGPtZwMX49nwMWf/ci9jz8odVh7exgV1b3j8i7RFCXHyk56MQQghxcZJuLEKICaOj0z1g8AjQ0NCSVH1a5lK0zKXYAcN9Br3lHfxtR/C1VWCzxt5HUa0ojnxwBEMW0whg+tuDPSID7uDs2gF3sPfgSFPtqLZMlNDLkhq3aJrDR5oj2Yr1gYskoJndaD1HMM6cosNzE+kzNg+rPjE57dryftY+8buYj1Enw11xmrfvvHWEWyWEEEIIIYSY6CR8FEJMGE6Hg6zsdFpbOhKWmzGzOO62UL++yD7dJkDKDNSUGdimfpBv3vcwWepZSotMSgoVpuarpDpj95hQVAuKPQfsOdHHMXz9A0kjAKYf0wgMHE6qtvBM3Yo1PRg2as7E+yRgmgboPcHZvXUPpuGLW1ZRNNAcoFjA8GIa3ui/MEVFUe2g2S8sFQ3V9GE27wAJHy9Zb995a9TkMsmKnIRGCCGEEEIIcWmR8FEI0Y9JMIsyB3hP321cyLAulDUvlO27vc9nMrKZNX82+954J2H7ps+fy5nu0GOoEfsnKbe0jG2/q+WliMPMmaqzYJrB7GKTkkKV4nwNVYlfq6LaUGw2sGXFLRMOIY0AphlAUS2gWEG1oijqIFocqs+H6e8KhouhkFHvCc7gnSBsHDGqDX/uVXi8Znheb0W5MMe3Aigo0euU0PrelxJZts/2GO/F0I3WI4iHHryX3A3lFN1yW79ZsPtq2rmD2j9sveTHeBRCJE8enxZCCCEuPhI+CjGJGb3Bn2GCQTCIi700Y6+PqCNy23gOBLvyirVUHK+ktbk15vaZc2eyeHUZxjAaubp8LWdOVHD84PHwupPVGierg5PG5Bflc/PHbmPNIjvW7pNo3Wew9tRiDTQN6jiKagEsoA0+SDNNHdPfEX7h7wgGjuPJ8NFTcD2+hJ06R+5fTyiEVLkQRqqhZZ9twaUSZ31wqUbUcTEayxv2pp07aNq5A8eUInI3lJMyYyaOggIAes6fp/tMJU07d9BTVztmbRJCXJwkjBRCCCEmPwkfhRgHobAwKjTss84wzXAg2DdcjAwdLzbL1q3ANE1e/MP/cvbkmahti1Yu5tpbr6N0wexhHaOopJjNH9oCisLx945FbcsrzGPz7VtYdtlyfIAvbWHUdlvnkWEFkomYgS6MniZMbxOmv33E6h0pXQu+ja9wy5gdLzIUTy7TTO4bIjKE7BtKhj/3BpmR62KVG2/xbsrHagKGnrpaqp95clSPIYS4dAx07ZIgUgghhJicJHwUYoSYgG7Gepkx14v4ll++kvyiAqoqztFY34CqahROm0JJaQm5hXkjcoy5S+ZTPGMqR/YfprGugUBAJzsvm7mL55FfVBB3P1/awriBpMVzBs3bCKaOYhoo6ICBYhoQ+mwaKBh0dBkYhoFLa0YLNAYDR907Iuc2GtxzHsI79c7xbsaICIX2ib8PB/4m1ZRYLyXm+rG6XVYURWZ+FUJMapHXMLmOCSGEEBcHCR+FSEIgRngYiBEqXow9EcdL8YypFM+YOqrHcKWlsrp87bDriRVIxrP/jT2888Zezp06R2N9EzZ7EfOXbmTZmiWs23QZmEZveBkMKkGH3vfBdcFAM1Rm92u7eO25l1AVM9gjTzV735sR72HFujLWXLmmNwjVe+vtc6ze9eEyoeOi0zPjU8P+e7rYxP5FQv+LgBojjLT0CSktvcuhineTLjfuQojJJN51TK5lQgghxOQm4aMQfegmeA3wGeAzzN7leLdKXAzefXsfzz3xLHVVdeF1Pq+f9/Yc5uC+I7i7/Vx10weA5EdOrOk4zqnzGQOW00qms6zg+qE0WwyT0fuLCX/U2v5fYZsaeinYe98PNpAM3aRHvoQQYrKQa5gQQghxcZLwUVzy/EYobDTDoaM8Fi1GWktDE68++3JU8BjJNEzefOVNZi+cR8mcmUnXm5qellS59Mz0pOsU4+PCLzqCFyBNIRxC2pTg0hKaLVxRMHunek/UU0hu3IUQk0mia1fkOrm2CSGEEJOLOt4NEGK8tflNGrwmbX7w6BI8itFx9tQZThw6mbBM7dlajhw4NKh6i2dMx5HiSFjGZrdSunDOoOoV4083oVuHNj+c95p0BKIvTn1v0GP1GJIbdCHEZDLQdUyua0IIIcTkJOGjuOTZhzPQmhBJaqitT6rc+arkyoXMXTKPDe8vT1hm1RVrWLpm2aDqFROPXY1/0x3rZl1VVVRV/psXQkweoetWsr9IkSBSCCGEmBzksWtxyUvVwO5U+o3xKD0gxUjStOQut8oQwqKrb3o/AK88+xKGfmGAUqvNyprytZRf975B1ynGl0UBa8QYkNbex65j6XvzHQoeQ0shhJgsIq9dsa5tQgghhJicJHwUlzxVAXvv2GoQ/MHWMHvHXzPB3xtI+o3grNdCDEVRSXIzd5fMnjHoutOzMvjg3bezdPUyjh88SmtTK2kZacyYO5OytcsHXZ8YW5beYNEaChp7x3hUo+6zL4zxGEvf3o7S81EIMRnFuoYl86i1BJNCCCHExCbhoxAxqAo4NAiOpBf8gdYk2Buy/8uMuV6ISFNnTads7TLefftA3DKz5s1iXtmCIR9j9qI5zF4kYztOBArB64jW76XEWBe6ygyi/t4JZ+KNjxa6adc0bTROTwghRoWmaQkfvQ6FjBI2CiGEEJOLhI9CJEkh2EPJ0u/n3f4/AOtmsPdkOIwk9PlCUBm5XbLKi196ZjofuP16ujq6OH30VL/trjQXV15/FVOmFY1D60QyVKIDRTUiUAy/J3r7SIqc4Tryc6Lg0TRNFIcDs6dnZBsjhBAjTHE40DQtYQAJsYeaEEIIIcTEJuGjEKMgFD5Y+23p/wOySTCIDC0NEwzA7F1e+GyGP4f3iSgTWY+YmEpmz+CWu2/jvbff5eTh49RX15HiSmHRiiUsv3wF85YOvdejiC3UA1EFlMhln3WqosQsq/aWDW2baLe4kYFkKHg0DCMqfEy/chPt214Y55YKIURi6VduigofY439KEGjEEIIMTkpZqJBpIQQk07fIDIUZPYNOU0uBJpmgrJmjHVCjJTIUE8JhXwR7yMDwwvblKj91Bhl1Yi6Lyah/7JDS8Mwgt/HhhF+6boe9QoEAtQ//hgd21+RHpBCiAlHcThIv3IThZ/5eywWSziA7NsLsu9EWvIIthBCCDF5SPgohBiUUBgZfs+FcDJ0MRnwc586gmXM6O0R+9JnX8w+nyOWsbb1e9/nqtf3IhjzojiKwasS/iPG+kSfldjblMilEmNdxLZ+62OtI+Imr0+56DIR72PUFbVPn/1FcvqGj6Zp9gsf44WQoVdoW2RwGaonsk4hhBiOvo9KR/ZkDPXODi1jvSJDx1iTz0j4KIQQQkwe8ti1EGJQIkOmqJUjUrMQIpHIcR77jv/Yd2brvttDZXRdR1XVfsFjZPm+4aOEkUKIgSQai7HvuLSxAsjIZazQMVbdEjwKIYQQk4OEj0IIIcQkFXnjHTn5TKzHEhVFCY8HGSt4TBQ+CiHEYMULH/sGkJGvWJPN9N1fCCGEEJOPhI9CCCHEJBTZCxKImmwmtIwsG1ofr8dj36UQQgxXrEekYwWQfYPIWNult6MQQggxeUn4KIQQQkwifR+5jhQZPMabBTsUPgISPgohRlW88BGIChUTvR+obiGEEEJMfDLhjBBCCDEJxZt8BgiHi7EerU40uUy8HwnkRwUhxEDihYGxHr+OfB/rkWwgavgImWRGCCGEmNz+P8Xtzo7g0pawAAAAAElFTkSuQmCC
----[INFO]----Unable to locate elementPatient Module
----[FAIL]----Element 'Patient Module is not present
----[FAIL]----Element 'Patient Module is not present
data:image/png;base64,iVBORw0KGgoAAAANSUhEUgAABR8AAAJmCAYAAADVS/dbAAAAAXNSR0IArs4c6QAAIABJREFUeJzs3Xl4lOW9//EPkH0SlgATkCVkoUQYIkohGCuWoKCnINLaH6Di8YALVY+gBa1iqhb3pbgcW2Q7FlCwrUWFUwVMUNRAWATDgEGTDIlEyYBBSIaBrL8/spBlZjJZJjOB9+u6vGqeeZbv8zxjox/u7313qqysrBQAAAAAAAAAtLHO3i4AAAAAAAAAwPmJ8BEAAAAAAACARxA+AgAAAAAAAPAIwkcAAAAAAAAAHkH4CAAAAAAAAMAj/LxdAC48JRWVCujcydtlnBcyzAcabYsw9laE0eiFagDPKbbZlGM5LJvNpmyLRZIUExUlg8Gg6KhBCjUYvFwhAAAAAMARwke0q7RvT2jdoVNKio/QlIFBIoJsnmKbTVtSt2pLSmptAONIqMGg+OEmJSYk6PKE0U0GMwsWPuowyHTkLy//WTFRUW7tu2BhssvPp06epMQxCQ4/W7J8hbIth926zgtPLaq+nvv3IZ0Lr0JDDYo3mRRvGubWvWWYzU3eW4140zC98NST9bZNnDK12ce6ez1JmnP7LMVERTXreTiq0xlPndeRLalbtf6DDS6/75IUYTQqcUyCrkka5/b3EwAAAADgeYSPaBe5P9q17JM8bTYf05iRA/RB3hltt5ZoysAgJRoDvF1eh5C2I10vvfqaim22JvctttmUtiNdaTvSFWow6N2317RZHVtSUhVz+2y39s0wm11+nmOxKH64yWE4mm2xNCtIbIm6gVbajnRJVYHk1Osn65qkcR69dnM19SzrsrnxHfF12RaLXnrltSZDxxoFVqvWf7BB6z/YoFumT9PMGdM9XCEAAAAAwB3M+QiPKq+o1JLUXP32f/Zos/lYvc+OnanQ8m9O6yVzsbJOlXmpwo5hc0qqnnjmWbeCx4ZacowrW1K3ttm5im02rVm7rs3O1xayLRa9+MqrWrAwuc2fHdyTbbHowYXJbgePAAAAAADfRfgIj9mwr0BTX92tlZ9953K/Az+V6emMYq3OtutUaWU7VddxFFiteunV1zx6jea0qdaMqmwr6zds9MmQKcNs1t3zHmhVAGkICXH4bKOjBjV5bHTUoBa1D0dHDZKheiRpTFSUDCEhbX4tT523xkuvuDfCFwAAAADg+zpVVlaS9qBN7c09qWWf5Gn34ZMOPx8zcoCKu3dz+Flgl066YWCQJvYL9GSJHcrjTz+j7ek7nX4ebxqmeJNJBVarCqxWh63Km95f79a1br3jLhVYrU3ud03SOM2fe1+T+2VbLLLZbE3OVxhvMtXO21hXsc2mJctXOBxtaQgJ0arlSx22bLuakzDeNKz2749arbJajzncr0ZMVJT+8vKfHX7mau7HqZMnaU4T7enO5n68PGG0Hn/kYYefubq3d99e4/B5rF67TmvWvePwmMce/oPTeTeb4onzbk5JdRm2R0cN0iUmk6Sq71d2jkW206fr7UPbNQAAAAD4DuZ8RJs5VlSipZ/k6f0vj7b4HGfLK/WOxa40a4luGBikS3v6t2GFHdN+J0GTISRELzz9ZKORZc1ddKVGtsXiVvAoyWUYWpe7o94yzGZtTknVhPFJ9baHGgxOV+6OiY5q0QrHDRc/qZ0rcMNGh/tnWywOa2uKoRWrL7d0wZSWPI/QUM+sEt3S87qa2/L39/13o/fgKgAFAAAAAHgfbddoE3/7/Iimvrq7VcFjXd/ZyvXa1zb9JdOm/NPlbXLOjijDbHbafho/3NSmq/puSUlttM0QEuJw4ZW2br2WpDdWrPRKq22E0ag5t8/WnNmznO5DuNV+nAXghpCQZgfAAAAAAADvY+QjWuXjg8e17JM8WY6dbnrnFth9vFS7j5fqP/oHasrAIPl37uSR63REzlY0rhtIxle3p7ojzcFoxvjhJiUmJDhse96cmtridl1Him02rf9gg9faZadeP1lp6ekOR41WtbObm/U80TLORu02bK2uEWE0Kt40TBFGY+0o2UuG854AAAAAwFcQPqJFMn8o1rJP8vTZN4Xtcr1/HzmrNGupbhgYpLF9Atrlmr4uw3zAYTtwU/MMOuKs5ToxIcFpwLg9faeKbbYWtfo6s2bdO5owPslpq7WnXZOU5DT8+mo/4WN7MBp7O52H86VXX9Pv7/vvetsmjE9iRCQAAAAA+DDartEsxWfK9OdNObp16b52Cx5r/FRSoTezTuvZ/cXKPFnWrtf2lqbmDXzp1de0YGGy23MwOuOo5VpSbfB4ecJoh5+3deu1JL34imdX9nbF1Yg5V3MRou30cRE8b05J1a133KUtqVtZDRsAAAAAOghGPsJtf9/5vZZ9kqeTdu8Gf9+cLNPz+4v1i4gA3TAwSOGB52+GHhMV5XIkmFQVimWYzQo1GJQ4JkHXJI1r9gg9hy3XpmG1oxovMZkcBpxp6emtGnUWHTVIOZbD9bZlmM1K25Hepi3d7mrLEZcZ5gPMFdkCiQkJLhdMKrBa9eIrr1btOyZBiQkJDuclBQAAAAD4BsJHNCnt2xNa+mmeDuYXebuUej4vKNF2a4mmDAzSpAFB3i7HY349ebKWrFjZ5H7FNps2p6Rqc0pq1SIqs2e5FeC5armu/fsxCQ5raG3r9czp0/XXFSsahatLVqxU/HBTm7Z0uyveNMxh+NUwJG1KTSiM5rlmfJJWr13ndI7HutJ2pCttR7qWLF+hqddP1g2TJ3nlOwMAAAAAcO78HTKGVsv90a5H3z2keW8f8LngsUZ5pfSv3DNa+GWRdh0v9XY5HjH1+snNHtlVYLXqiWee1RPPPNtke2rGfscBWd3gMsJoVHTUIIf7OWvZdkdoqEG/m914jsoCq1XrP9jQ4vN6Am2+7SPUYND8ufc165him02r167TgwuTlW2xeKgyAAAAAEBLED6ikfKKSi1JzdVv/2ePNpudt/v6kh9Ol+uvmTa9ctCm3OJyb5fT5ubPvU9TJ09q9nFpO9L1xNPPutzH0UrWRmPvRi3Ilzhp5XZ0fHMkjklQvGlYo+1r1r3jcESmtziqEZ6ROCZBLzy1SEZj72Ydl22x6MGFyQTFAAAAAOBDCB9Rz4Z9BZr66m6t/Ow7b5fSIl8VluqJfUVam2OXvazS2+W0qTm3z9YLTy1qdghWM4eiIwVWq8ORYlckNG7XdtbC7axtuzmcjXTz5uIz8K54k0l/fXmxbpk+rVkhZLHNpjVr13mwMgAAAABAczDnIyRJe3NPatknedp9+KS3S2kTW74/q+3HquaDHN830NvltJl4k0kvPPWkCqzWqvnu0tNdLs5RIy3d8QIuzkLJDPMBLViY7HZdaTvSNfX6yW7v31CE0ahbpk9rtECLN+ZMdOd5uuOapHFNLsbTnGd8IQo1GDRzxnTNnDFd2RaLtqSk6iuzucn5N7ekbtWc2xu38wMAAAAA2h/h4wXOeqpEyz7N0/tfHvV2KW2uuLRSb2XbaxelGd7D39sltZkIo1FTr5+sqddPVrHNpvUfbHC5srKzQM1Zy3Rz583bkrq1VeGjVDW35ebU1EaLz7RnAOlqBGeig9GgrkQYjc1edRzOxURFKaY6UMwwm/XX5SuchpDFNpuyLRbFREW1Z4kAAAAAAAdou76A/e3zI/r1a7vPy+Cxrpyici0+YNPSQ6dVYK/wdjltrmZ02JzZs5zu4yhUc9Zy3RLZFkurzxVqcLz4THtyNhJUkuKHEyT6ipoRwK7asW3M+wgAAAAAPoGRjxegjw8e17JP8mQ5dtrbpbSrHcdKtONYia4fGKQpA4PUydsFuWFzSqq2pG6tN/rvlunTNHPG9Eb7XjM+SUtWrHT73K6CtpbYkpJaOzKtpWoWn2mr1ufmWr9ho8PthpCQC24U3cQpUyVVjeCMMBoVEzWoTVqZXZ0322LRkuUrlWOx1C4aE28apheeerLReUINBvUxGhuNlAUAAAAA+BbCxwtI5g/FWvZJnj77ptDbpXjVB3lnaluxE40B3i7HpQKr1e22Y1ctw44WqXHWcu1qrsLiYpueeMbx6tlp6TvbJJyaP/c+3XrHXa0+T3O99OprTp9ha1vKO7ICq7X6ubTtAk6Ozmuz2ZrVZl/gIniMvsDCYgAAAADwVYSPF4DiM2Va+mme1u343tul+IxjZyq0/JvTtSFkbNeO/Y9Csc2ml1ysDN1w1J6rluup1092OcovOmqQw7n2as7Z2hGCzhaf8ZQCq1VLVqx0OhLUEBJyQYePbam4DVuhXYXFRmNvhRoMbXYtAAAAAEDLdezEBU36+87vteyTPJ20l3m7FJ904KcyHfipWOP6BmrKwCB19ff9Zuw1695RhvmALqmegzDbYlHGfrPLYKfhStfOgj2jsXeT4WFiQoLThT7aovVacr74jLtcjYiru8K0rXphElfm3D7baZBVXNzyMK2lc2TabM2fLsHV/IdVbf3129xdjaJtj/PWlWE+oLvnPaD44SaFGgwqsFr11X6zy3NNSHK9yjgAAAAAoP10qqysbNteOviEtG9PaOmneTqYX+TtUhoZM3KAirt383YZjQR16aQpA4M0sV+gt0uptXrtulaPALw8YbQef+RhSdL6Dza4NS/knNmzGo32czT/pDO3TJ+mCeOTtCV1q77ab3Z6TExUlCIijJo6eVKjlaHTdqQ7bfGWHM8FuGBhcr35AlvL2fyajuYmdCQmKko3TJ5Ur4295lh3nmPdd7dgYXKdVmXnQg0Gvfv2GknSkuUrlGE+0CYLC9V93p46b4bZXC8cbglDSIhWLV/KyEcAAAAA8BGMfDzP5P5o17JP8rTZzCIMzXWmvFLvWOy1rdiX9vT3dkmtFh01SPPn3lf7s7uhnKP9mjP/ZM3+q9euc7lPzSrZ0YMGNQofW7L4THPqc8UQEqI5t892Ovelu3MTZlssjcLC5sxrWHdkobvH1H13bbEKuSOeOm9rGUJC9MLTTxI8AgAAAIAPIXw8T5RXVGrZJ3la+dl33i6lw8uzleu1r236eS9/TRkYpH4hXbxdUotcnjBa8+fe16GDmPlz79Pv5t4v22n3Wo2Nxt6tXv34mqRxmjljuiKMxladB+2rJmi/0FYlBwAAAABfR/h4Htiwr0DLPsnT0ZNnvV3KeWX38VLtPl6q/+gfqCkDg+Xfuf1rmDljuhLHJGhLSqq+MpudzrVYwxASosQxCZowPqnRSEKpajGXuitfH7VaWx3WeVKE0aip1092u/W8j9HY7PuJNw2TwWDQJSaTEsckEDp6UbzJpFXL3lDajnSlpae7Ner18oTRSkxIcDpKFQAAAADgXcz52IHtzT2pZZ/kaffhk94upVl8dc5HV3oEdNaUgUEa2yfA26Uo22KpbcfNzrEoJrpqpFeE0ehTwVmxzaYcN1tzfa12+I6681zW/b4bDAZGOQIAAABAB0D42AFZT5Vo2ad5ev/Lo94upUU6YvhYY0g3P00ZGKS4bgwaBgAAAAAAaArhYwfzt8+PaNmneSopq/B2KS3WkcPHGldGBGjKwCCFB3qhFxsAAAAAAKCDYPhWB/HxgeNa9mmeLMfcW3gDnvVZQYnSrCW6YWCQfjUgyNvlAAAAAAAA+CTCRx+X+UOxln2Sp8++KfR2KWigvFJ6N/eM0o6V6oaBQRrVy9/bJQEAAAAAAPgU2q59VPGZMi39NE/rdnzv7VLa3PnQdu3IJeH+umFgkCJDu3i7FAAAAAAAAJ/AhHU+6ujOR3Xixzxvl4Fm+OmMTSlZK7xdBgAAAAAAgM8gfPRRF4UUa37If+qFUSky9aU73pd19Zcu75quiNO3ylCxx9vlAAAAAAAA+AxSLR83omSlRhhX6t99ntCbh+J04nSZt0tCHSO75cqv+GmVnzrp1TqKbTblWA7X2xZvGualagAAAAAAAKoQPnYQ/1HxmMZdPEBv2R/ROwe7erucC15c2Cn1KvtflZzcLm9Nmro9fac2p6YqO8eiAqvV4T6hBoPih5sUbzIpMWG0IozGep8vWJjcZvW88NQiSVK2xaIly1e63Hfq5ElKHJPg8LMly1cou0GQ6khM1CDNuX222/u3xAtPLXLrftxVU3ONlj7/S4abFGE0Kt40rNE7BQAAAADAlxA+diDBZd/pdv/fKenn/6HVx2/W557JW+BC3+ByRft9pNKi1SrxUg1pO9K1ZMVKp4FjXcU2m9J2pFcds3yFpk6eVC/8yjCb27w+m83W5HkLrFbFDzcp1GBo9Fm2xaIM8wE3rlTZzP1bxp37cV/9qLql5617XLzJpJkzpineZGpVZQAAAAAAeAJzPnZA0aX/1mPdbtbjI9MV1dPf2+VcEAK7SAndMjTAfrNKi1Z7rY4lK1bqiWeedSt4dCTbYmnjilqmwGrV+g82eLuM80KG2awFC5O1OSXV26UAAAAAANAI4WMHdkXZq1ra///prvh8+XfhVXrKJV2P6rLOD6ry5NNereOlV187rwK79zZsbHGIisZeevU1pe1I93YZAAAAAADUQ9v1eeDGTg9q3KXxWnNqrjZ+E+Ttcs4bMaF29a1cq5JTm1Xu5Vo2p6S6NbLNaOytUIOh0eIzzrz79hrlWCxO5x40GntrQlJSvW0FVqu2pG51es54k0mrlr1R2x7uTLHNpiUrVuqxh/9Qb/sLTz2pDLNZm1NSHV7HaOytv7682GHL9rkahtW2IW9OTZXVeszhfrdMn9bkPblzP3WvVyPbYtH29J1Oa5Safv6GkBDFREfV/txUe/mSFSudzqUJAAAAAIA3ED6eJ3qWZmhu8GyN//l0rfphivbmV3i7pA6rV2ClhgR+qtJTS7w2r2NdxTab3nAR4hmNvTVz+nRNGF8/JFz/wQaX4Z9UvSCNi7kC+xiNmjljeqPtrsJHSYowGuuFZs6k7UhXhtncqIZ4k0lf7Xc8H2Ifo9Fl8ChJM2dMrz1nhtnsNHyse29fudivqfupmnex8XOaOGWqyzqbev4x0VF64akna38uttm0ZPkKp8+/wGpVtsWimKimnz0AAAAAAO2BXt3zjKl0nZ7vNUMPXmqWMYxsublGdftG0WdnqPTUEm+XUmv9BxtUbLM5/Cw6apD++vLiRsGjJLfCP1/w4iuvebsESVWhpq8LNRg0f+59Mhp7O93H5uS7AgAAAACAN5BOnaeuqXhG4wZ301tn/6Q1B3p5uxyfZ+r6o7qd/atKT7b96s+t5WqU4fy59zU5CtATXnhqkQwGQ5uMsCuwWrV67TqHIwfdERMVpaNWq9NRiy3RsN25pdryOdV1icnk9HtRXEz4CAAAAADwHYSP5zG/8pP6T7+5Svr5WK0unK2tObzuhgaGlGhg5/dUcupfKvV2MQ4UWK1OF2W5PGG0y1ArwmjULdOnKcJoVJ+IqlF9hjYKKl21CrfEexs2asL4JEW0YPThnNtna87ts1tdQ9325rbS1s+phqvnFBra/mE0AAAAAADOkEZdAAaUbtMjYdt09cjb9bfvrtE31jJvl+R1Yf6SKSRd5ScX+8S8js64Wr04McH1wiIRTuZr9EXFNptWr12n+XPv83YpHUKG2fkI3WjmewQAAAAA+BDCxwvI6LLlGt13ud7vu0grvx6s0yXeXsPZOy7rlquA4qdVfvKkt0tpkrO5HiXVjmb0pALrMa1Z947LfRyt9NwUo7F3ozbpLalbNWF8UpuPFow3mZpcJbq1MswHmnxO1ySNa9HIzoYKrFan93NN0jivtOEDAAAAAOAM4eMFaIqS9UtTlN6yPaT1h8K8XU67iQsrUq+ylSo5uV0dZS3wbIvF6Weeaumtq2Y+RldumT6t2bXMnD5dS5avkO306Xrblyxfqb+8/Odm1+ltGWazy9GIUlVI29rwMdti0UtOFugxhIR0mJGuAAAAAIALB+HjBapbuUV3B83R+JGTtco6XTu/83ZFntM3uFzRfh+ptGi1T7dYO3K+rlzcJ8KoqddPbjRaMNti0foPNmjq9ZO9VJlvybEc1oKFyZJct1objb31+CMPt8nISgAAAAAA2lJnbxcA7xpStkFPhd+shSN2q1/38yuLDuwiJXTL0AD7zSotWu3tctDAzBnTZTT2brR9zbp3XLabX0iKbTaXoyqNxt66Zfo0/fXlxW2+ojYAAAAAAG2B8BGSpF9WLtabkdP1X8O+93YpbeKSrkd1WeeHVHnyaW+X4jHnQ0C3wMECM8U2m5YsX+GFajqe07bT6tSpE/M8AgAAAAB81vk11A2tVKmb/BYo6bKRWnPybm3KDvJ2Qc0WE2pX38p1Kjm1Sef7cjo5FovH532MNw3TC0896cHzm3R5wmhtT99Zb/uW1K3tMqdlW7ll+jSvzLdYs0p4cXGx5tw+u92vDwAAAABAUxj5iEb6lO/R/NDZev6yf2tYn47xFekZWKkrun6insX/pRLbJm+X02ZcBXDZOc4Xo+lIfnf7bBlCQhptb2oBlwtBTVv1LdOnaerkSQ6fkySt37BRBVZrO1cHAAAAAEDTOkayBK+4tPwtvRwxQ/PiD6p7cBdvl+PUqG7fKObsDJWeWuLtUtqcq3n80hqMFnRkS+pWZZgP1P7lavVsb4kwGllgxok+RqNmzpiumTOma87ts/X4woed7tvUquQAAAAAAHgDbddo0q86PaVxQ3rprTOP6e+Z4d4up5apa6G6nf2LSk+evyPkYqKdh481C5G4Gh354iuvNtq26f31ra6rwGpVgfWYJCk6alCr5xycOWO6Nqemylp9zvNFWz+neJNJ8aZhyjAfaPTZltStmnr9ZBaeAQAAAAD4FEY+wi0hlcd1R+B/643LVuiKSO/OpjgwpES/CP27Qk7drdKz52/wKFWNCow3DXP6+ZLlK72y8MzmlFQtWPioFix8VL+56RZNnDK11SPvHC0+09E5ek6tbSd3NbfkkuUrW3VuAAAAAADaGuEjmiW6PFWPd79Vj434TIPC27cVO8xfurxbuvqcvlUlxf9q12t70zVJSU4/y7ZYdPe8BxwGWh1tNeyaxWfgWs3oR0dqRsMCAAAAAOAraLtGi/yicol+MWCJ/nHRU1r5dZTKyis9er3LuuUpoPgplZ886dHr+KIJ45O0fsMG5VgOO/y8wGrVgoXJijAaFWE0qk+EUUcLrG4vQOIqpLTZTjdq8bXZbI1Wp24rv7t9tjL2m2U7fbrNztkeC7FYjx1r9JwKrFZtSd3qketNnTzZYeu1JK1e+45eeKrjrBQOAAAAADi/ET6iVX7bZaHGxf9Ma4p/r//7NrTNzx8XVqReZf+rkpNpqmjzs3ccjz/ysH43936XoVzV/IJWZbg58K3AatWade/oq/3OD8i2WLRg4aPNqrUmdEvbke50nyXLV8pgMGjmjGn15qysWXxmzbp3mnXNhtJ2pGv9ho2SXK+aPXHKVEUYjUpMGK05t892uI87z2lzSqo2p6Q2u84nnnlWBQXOw9Ecy2EtWJisObfPqp3LcfXadS7D3wyzWXfPe0AGg0EvPLWo2TUBAAAAANCWCB/Rar0qvtG8kLs0/tKpWlVwo/Z93/pz9g0uV7TfJpUWrVJJ60/X4UUYjXrh6Se14JFH22xUYIHV2qLAzJ3zNjX/Y82q21/tH9ZowZyZM6YrLT3d6UhPd2RbLG63HxdYrS5XAffUc5LkMqCVqkalZpjNstUZnZphNje5arkvrmoOAAAAALgwET6izQyvWK8Xeq/X5t6/15vZo3SsuPkL0wR2lkaEZajy5NMq9UCNHVlMVJReePpJvfjKq60K5jqC390+WwsWJnu7DAAAfEZRUZHsdrsqKz071Q0AAB1Vp06dFBwcrLCwMG+XggYIH9HmJugl/TI6QG+XPqO3vu7j9nGXdDsqw+nFKjuZ68HqOraYqCj99eXF1W3FG5zO+9eQ0dhbVyQkaOr1k2u3RRiNniqz1eJNJl2TNM5jcyYCANCRFBUVqbKyUr169VLnzqwXCQCAIxUVFSouLlZRUREBpI/pVMkfn/qk07vvVemRDd4uo9XyOiVozU93aevhwNptY0YOUHH3brU/x4Ta1bdynUpsm7xRYpvqERKpaZe90W7XK7bZlLH/XBuuzWbTUau1dn7AmKgoxURHtWvQWGyzKcfNtt+aRXIAAIBzVquV4BEAADdUVFTo+PHjMvLfmT6FkY/wqIGV6XqkW7rGj/hP/S3/Wn177NyyMT0DKzUk8FOVnVrCvI4tFGowKHFMghLHJHi7lFqhBkOjeRwBAEDLVVZWEjwCAOCGzp07M0WJDyJ8RLtIqPybEi76m9ZH/FFfVl6kUd2+UaeTf1TZWW9XBgAAAAAAAE/hj1DRrv7foP2aO+KsLgnd5+1SAAAAAAAA4GGMfES76BI+UkFx8+RnHKsYSTG6WD8zjtfu3NU6XLjD2+UBAAAAAADAAwgf4VGdAnspKO5+BUTd0uizXoYYXTv0ceUc/0y78tboxGlWuQYAAAAAADifED7CYwJj71Rg3Dx18jO43C+615WK7nWl9h55R7vz1qi8orSdKgQAAAAAAIAnET6izfn3najAuPvVpdvFzTru0v7Tqlux1+jrgo88VB0AAAAAAADaC+Ej2kyXrnEKjLtf/hdd2+JzGAJ66arB8zTYmKTdeWv0/cmMNqwQAAAAAAAA7YnwEa3WqUuwAuPuV+Dgu9rsnBd1i9f1w59XZsEm7cpbLdvZ42127o5u4pSpbu0XExWlv7z8Z7f2Xb12ndase8ftGja9v96t/bItFi1ZvtLt89aIiY5ShNGoeNMwxURFOd1vc0qqtqRudeuc1ySN04TxSS2qreGxDXninQAAAAAAcD4gfESrBAy6WUEX369Ogb09cv64iIlVoyBz12jvEffDMVSFawVWqyKMRq/VYLPZlGE2N/u4usdEGI2aOWO6rkka12i/AqvV7fPHm4a1uLaGx7aUL7wTAAAAAADaU2dvF4COyc94pULHvqvgEU97LHis0aWTvxIG/ZemXbZUMb2u9Oi1zjdpO9K9XUKrFVitevGVV7VgYbKKbTZvl9Nq58M7AQAAAADAXYSPaJbOREoqAAAgAElEQVTOhoEKHrlYhsQ16hL+83a9do+QgbombqGuHfq4eoXGtuu1O6r1Gza6tZ+7I/EMISFtNgqwuTLMZr306mteuXZbjlR0t00cAAAAAIDzQafKyspKbxeBxk7vvlelRzZ4u4x6AuPmKShunqRO3i5FkpSR/y/tzlujkvLT3i6lVo+QSE277A2PXyfbYtHd8x5wa9+/vPxnl/Mm1pVhNmvBwmSHn02dPElzbp/tdo2SVGyzKcdiUXaORUtWOJ5f0WjsrT7V4d5Rq1VW6zGX53zs4T8ocUxCvWssWb7Caag3Z/YsTb1+stPztdU9e+qdAABQUFCgiIgIb5cBAECHwO9N38Ocj2iS/4CpCoq7X50Nkd4upZ74fr/Wz4zjtStvjQ784FtBradtSUlt1r4xzQwNHTEYDM0+JtRgULzJ5HKfCUlJmjljeu3PBVarHn/6GeVYDjvcf3Nqar3wMdRgcDkyMSa65SFfc+7ZG+/EkQKrVQUNAlyDIYSwEwAAAADgFbRdw6ku4ZfJkLhaISNf9rngsUaQfzddGXOPpl6yWAN6jPR2Oe0mLX1no22XJ4x2e19fFmE06vFHHnb6+XYfvR9feSebU1K1YOGj9f5asnyFx64HAAAAAIArhI9opFNgTwVf8qRCx66Xn3Gst8txS0TYxfrVsKeU9LMH1TWor7fL8aiaFZMbmpCU5DDsKrBalW2xtEdpbSbCaFR01CCnnzu6f2+6EN4JAAAAAAAtQfiIegJj71DYNZ8pIGqmt0tpkZ8Zk3TTz/9XPx94i7dL8RhH7b2GkBAljklQYkKCgyOk9R90vLb0UBctz74WPl4o7wQAAAAAgOZizkdIkvz7TlRg3Dx16TbU26W0iZ8PvKV6PsjV+tbq/lx8HYGjlt344VXzKl4y3PH8ir7aqtxS0T42fyHvBAAAAAAAxwgfL3BdusYpMO5++V90rbdLaXNdg/pq/M8e1M96j9fuvNUqKMr0dkmt5qy9t2Z0XU27csPFWoptNqXtSK+3UIuvyzAfcPqZq1GRDW1J3eryXK0dRXkhvRMAAAAAAJqL8PEC1alLsALj7lfg4Lu8XYrHDegxUgN6jNSBHzZoV94anSk96e2SWixtR7rD7XUDrEtMJocrRaeld5yga/XadU4/c7aIizObm7EKdUs4W+W6Pd7J5pRUWY/VX9naUdBaYD2mNeveabT9lunTWnxtAAAAAADcQfh4AQoYdLOC4u5Xp6De3i6lXQ3rO1mDjVWjIDPy13u7nBZx1KobHTWo3kjAa8Ynaf2GjW4d60uKbTblWA5rS2qqy8BwQlJSO1bVNEdhX3u9ky2pqS5HddYosFodBrqEjwAAAAAATyN8vID49f6FguLuV5eeP/d2KV4T0CVEiVF3Vbdir9Hhwh3eLsltzlZIbhjGxURFyRASItvp0/W2F9ts2pySqgnjfSu8W7PuHYej8hyJNw3zqdGb5+s7AQAAAACgrbDa9QWgc8gABY/8swxXvHVBB4919QqN1bVDH9c1cY+oR8hAb5fjFndarl1tk6rafDuq6KhBeuyRh71dRj0X+jsBAAAAAKApjHw8zwXGzVVQ3P2SOnm7FJ8U02usYnqN1d4j72hX7mpVVJZ5uySntqRudbj9xVdea7TN2SIq29N3qthma9aCLb7gmqRxmnP77BbVPWf2LMVEO18dOzvHoiUrVraorgv5nQAAAAAA4A7Cx/OU/4CpCoqbp86GQd4upUO4tP80De6dpN15a5RZsMnb5TTirL1XkjLM5madK21Heodo8zWEhChxTIImjE9SvMnU4vPEREe16nhnfOGdXJPU+NlkmM2N5oE0Gnv73FyZAAAAAIALA+HjeaZL+GUKipsnP+NV3i6lwwkN7K1fDr5fP6telOb7k/u9XVItZ+29LTpXum+Fj/GmYfUCtEuGm2QwGBQT5Xy0oi/whXfi6JjVa9c1Ch/7GI2aOWN6i+sDAAAAAKClCB/PE50Ceyoo7n4FRM30dikd3kXd4nX98Bf0dcFH2p27RraS494uyWl7b0tsT9+pAqtVEUZjm5xvwcJHZbOdlqG6bTgmOkpzZs9y+/h4k6lDBmO+/E4AAAAAAPAVhI/ngcDYOxQYd786+TFnXFu6OOLa6lWxV2vvkb97rQ5X7b23TJ/m9DhH7bc10naka+r1k9ukPkn16sswm5sVPnZEHeGdAAAAAADgCwgfOzD/vhMUGHe/unQb6u1SzltdOvsrYdAsDTaO1+68Nco5/lm71+Csvddo7O1yxGC2xaK75z3g8LMtqVsJulrB2TuJjhrEOwEAAAAAoA7Cxw6oS9chCoy7X/4XXeftUi4Y4SGRmhC3UIcLt2t37hodt2W327XXb9jocPsVCQkuj3M1Z2K2xdLsNl/rsWONRu3ZbDanI/k6iuJiW7OPcfZOLmliYZu2ficAAAAAAPi6TpWVlZXeLgKNnd59r0qPbKi3rVOXYAXGzVPg4Dleqgo1vsr/l3bnrVZpub3e9h4hkZp22Rttco0FC5NVYLWqwGp1+HlMVJQMBoPm3D6rUai1ZPkKZVsON7nqcqjBoOefWqTsHIu2pG5VjsWiYlvzw7iGNr2/XlJVe/L6DRuVtiPd6X3UvRdJeuGpRW5fZ3NKqrakbnV5n6EGg6Kjoho9p5pjm7rneJNJ1ySN04TxSe36Tlq64I6j+jrCAj4AAOcKCgoUERHh7TIAAOgQ+L3pexj52EEEDLpZQXHz1CmIUVG+4JJ+v9bPjEnanbdGB35wPAqutZoKqWrmHLQ5CM6yLRa3RiQW22yy2WwqsFqbvF5LFFitWv/Bhib3czZ/ojvnb6ruYptNGWZzo+fk7j1nmM2KNw2r/XtX2vKdtFSE0cjoSQAAAACAzyB89HF+vX+hwLh58us5ytuloIFg/+66MuZe/az3eO3KW60jP33p7ZIAAAAAAAB8CuGjDwu+7M8KGPgbb5eBJkR0vViTTE/rG2uKV1fFBgAAAAAA8DXM+eirKsqkzmTDAAAAFzrmrgIAwH383vQ9nb1dAJwgeAQAAAAAAEAHR/gIAAAAAAAAwCMIHwEAAAAAAAB4BOEjAAAAAAAAAI8gfAQAAAAAAADgEYSPAAAAAAAAADyC8BEAAAAAAACARxA+AgAAAAAAAPAIwkcAAAAAAAAAHkH4CAAAAAAAAMAjCB8BAAAAAAAAeAThIwAAAAAAAACPIHwEAAAAAAAA4BGEjwAAAAAAAAA8gvARAAAAAAAAgEcQPgIAAAAAAADwCMJHAAAAAAAAAB5B+AgAAAAAAADAIwgfAQAAAAAAAHgE4SMAAAAAAAAAjyB8BAAAAAAAAOARhI8AAAAAAAAAPILwEQAAAAAAAIBHED4CAAAAAAAA8AjCRwAAAAAAAAAeQfgIAAAAAAAAwCMIHwEAAAAAAAB4BOEjAAAAAAAAAI8gfAQAAAAAAADgEYSPAAAAAAAAADyC8BEAAAAAAACARxA+AgAAAAAAAPAIwkcAAAAAAAAAHkH4CAAAAAAAAMAjCB8BAAAAAAAAeAThIwAAAAAAAACPIHwEAAAAAAAA4BGEjwAAAAAAAAA8gvARAAAAAAAAgEcQPgIAAAAAAADwCMJHAAAAAAAAAB5B+AgAAAAAAADAIwgfAQAAAAAAAHgE4SMAAAAAAAAAjyB8BAAAAAAAAOARhI8AAAAAAAAAPILwEQAAAAAAAIBHED4CAAAAAAAA8AjCRwAAAAAAAAAeQfgIAAAAAAAAwCMIHwEAAAAAAAB4hJ+3CwAAAAAAdGBnflLekUKV1G4IUGjf/upj8GJNF6jiH3J01FZnQ1C4BvbvrgAvnQcAJMJHAAAAADh/2AqU94OtThBYJaBrhAYanaWBpSr+4bv6YZMkGSIU27fpBLHkyMd67vdvKat2S3dd/8fFumdk92aV3hGU/HhEeScaPl0nuhjUp1+EQluZ2DUKAiXJEKGBfQ31w8Dyn/TVO3/Un7bW2Xn4nVr26HUaGNSMC7bVeQCgGuGjL6ook91mV1lRgbKsRQozxqpfrzAFd8A/ZrJ+/KJe/LifZj07Q3ENPzSv0oNrzuiGhXcqMaz11yqz5+vwIauKJIUZ4zSoT7D8PDKxgFmrHlylE9f9QXPHhdf+fGZqsu683NGNlMleZJcCa96hVSkvvqhtMffoiamRkqqf0xexuuexGxTZkpLK7Mq3ZMpqk4LDIxXbP9xD9w4AAABfdiLzfT34pw91osH2PpMe1euzRiq0i4ODygv1+Yo/aPGu0nqbQ8c9pOX/PUY9HB1zQbIpe9NzmvfOEfd2N4zRH15+SOOMrbikoyBQknperUUv3KPRPVtxbgBoJ4SPvuj4p3r9xU2y1t3WOUyxk+/SnVe05jeXl1TkK98qxTkqveKU7HZJrQwfrVtf0csf5qvML1hhXewqOivJL1I3/P4eJXroF3J+/veSwmt/PmVzciPW6vcZf6uev8VUu9luK6q/n+2UGmxxz9EUvfLqJuVX+CnMIBUVlUlhl+rW+TNkCm7JCesr+3aT3viwVJPum9SyYBQAAAA+olR5Hy7SHUv2V/3YZYjuXLxIv+nfurMG9L9aDz1h0LKXlmrnqdZXCTf8uFtffPuTRvesM7q0S3ddMi1Zfwhbqmc/yGn5uavP88fuS/Wn9a04DwBUI3z0YcYJ8zX/aqNUUaS9b7+ote+v1MaoP2jSRd6uzMd8v1ErP8xX+Li5mnddv6ovdYlV5oN2xfjCnwT2ulQ33BSuMmNM25+7JFNr39ikfON4zb13ovr5SWXfb9Lrr6Zo1apIJd+V2NpcV4W5+5V7xNiyYBQAAADtqkfcFD35xAC9/dJSfXFKkvw14qaHdMe4OIXKpoM5353buTxHB3IKNTkyXL+Y+YDyjj+ndy01xzygO8YObzzqscSmo0VSn5512rGDumtgdH8NMKjp8LHcphO2APXo6u96P9tPOqHu6uHuvJHlpTrxo02Gnt0V0KXB9lNSjx5NXK/6mkfLDerTVG3VBo6dolHlO/TuFwVVGwKide2vhuhoyofa5+Q5FJ/4STJ0d78Vu0t3XXLjQ7rT/pyW7qg7+vEnpe/I1IlR9UemhvaN1sUDeihAatR671ipiq02BTR4bqF9oxVzkYPzlJfqxKkS9XDzxRRbC1TaNUI9mmjXLrYe0dFTJZIC1LN//yb3B9CxED52BJ3DdOnYUdqYsU3Zhwqli8KlskKZP9mm/cftCosaq6tG9VNYZ0knc7VtV74ixyYqMkBSiVWZB/NlD4vUpTFVo/SK8vYq63Q/DY8zyk9lKvw2TWl78lUUFqOxY0erX3VaVZZnVqYhTqYeduVnfq38oghdnBCpsIoi5Wfs1K5Mq9RruMb+0qTwut+konztTd+l/ECTBtnL1OTXrKxQWZ+ladcpY+31y6xZSjtUJNMVlyq8pn34RJb25pap39A4Gev+si4sVKEkU99+564UYJRpRJ19SgqVm5WlrEPZsgb006gxiYrtWb33yVztzfdT3NAI2b/9UnvNVvnHJ2psTHidE1Q/J3Op+o30V5mzW/kxS1/uNcsaNqr2nRQdyVWRgmUMa94wxKIjO/Xp59kqCjQqxjRcl8UYG7VSF+1K0V5bsEbfVBU8SpLfRRM1dmiK1h7MVb4Sq9rdq99J5nHJaBqrq0zh1c+qTNbM/ToVcali/fKVuW+vMs/206grLlW/4KrvSub3dklFytq3V6VBNd+bqntN27FL+UVhivnFVRrdv/qLU5Ir8zdhijOFy34kU1/nn1JE3GhFdmvW7QMAAKAlDBGKHXqZrhzqry92lEoqVbF6VM33aDukg4d+qrNzqb7LtapEEQrtYVBpTbbVJVqjx4xUbN/qEK7cprxd7+nN1f/UF7Udx/6KnfBfuvem63Rxj6aKKtWJgx/rzdVv6aOD5wK0HkOv1m+nXKeJo6Kr2sFP5Wjr+2/rzX/u0dGanYKiNW76TbrtupHqE1SqvK3/q2WfHKkOxAJk6B+nwSW79c/Nh1Rc9QA04sZ7dc84g3a9s1RLt9UU3F1XzH5A/33tcPWo+98SZwq088O39bd125R1pub++2vczDt1168a7FtPd4345XW63nZCm74oqLp2z+Ea9x9jlZf1ofbtP7dn8ZE92vDOm3pzW5127f5jNGPmzbpxVH/HrfB1hHaVfjzScNJH6cTOT7Xvx5EaZ2wiLC236ev1S/X2vhO1z61H/ziFn/hUG744UhsuDhx3px6YdZ0u7urgHAV79O7ij5W6I6d6f39dPPUBPfDbMRpYL4cs1dE9/9baf/6j3ruW/NVnxFUa98urNWXskPqhdrlNB99/UskbCyRF6DfPvKQ7h7JaEXA+IXzsKAL8VfsrxW7WqudXydw5UqbBwcp8/xVt2z5R8+8bL2PnfO3f/J6yuo/WrJ/7SVkpWvn2XqnbWIUvnKRIFWrnv9ZqU/gMXRpnlPXj1/Xix6cUOTRWYZZNeuWz7Zr4wFyNN5Ypa8c/tOrLSF1qytXeDLs06AYlJxhlfvtFrToYprj4ftK+t/XsF8M16+EZigtQVQvwy5uU7x+msKC9Sjtpl+SqVdyqTa8+Kz9DmPztRdr72S7d8PA9SlSudm7YpKzg4VX3ISn387Vau/ti3Tkirv4ZBwxSP5llfn+pNvrdoGuHNgzpMrX2jyu11z9Mxr7h0g97tfezvdX3Kem7T7V2VbbCwkpVZPevatvevkvWO57QjYMlyS7zmme1KqNUwd2CtffLIoejAIu2v6E/brbL3yDZbWna9X3VnI75e97TP7bbVdag7doV69ZX9OKHBTLGDVe/kkylrtol6+8aj3rNteRKMimmwaDKuKtnaVZSv6rg0W7Wqj+vUqYhTsP7S3vfflbb4mcpeXqc/FSo/RvXapNto8LsRbIbgqWibUr7xq7kuxOVv2ejPv22SJK/srZt1P7g8YqMMyr8aIpef3mTTvU3KbZrrjb9zyJtnzhfc8cZVZazS/9YtVORl5mU+6VZdkXqhuTRtGwDAAC0l4BwDYgeIO2oapnNO3RIR0ui1ed4pvY1mK4w72COjp4ZroEncvTtj9Ub+w/X0F7ngsevP1isB9/c02AkXamyNi/Vgyf89fqDV2ugs1rKbcr6cLEeWranOhw858TBj7X0iDTg1Xs0wrZNf35isbZaG+x0Jkdb33xSuzLv0eL7L5fth/3aWfcm9u3RF/UOsGnfP5/THf9sWMhP+mLFc5LhJf1hfETVQi1njuij15O1eNtP9XctP6Ktb/5RR8tf0vM3RtdZ1MWgi296Te+Oq1oAJrRvuLSnwWX8B+jKOS9p6JkA9ewfobP739T9T76vvIblHNmhtc/s0dczFyl56hCXAWRx7p7a0Ddg5I2aXP6+3t1XKtn26LMDhbrCGNHEKtSlKszdo5376oSB+xoWLuVtXapH7f56/fdXq0/DE1r36KN676ZUX69/TovK/6TFtw2vqr/cpqz/W6yHVjR+11Kpju77WGsLDBoxcoh6OAo4AZy3WJKiQ7DL/HGaChWumCHhyk/dKLMtVjfOv0e3Tp+l+beOVvD3m7RxX5kU1k+R3aTc3MOSJOuRXCkmVpEnrSookVSRq/zvpciYWKlkrzZ+nK9+v5qne26doVvvvVVjw/K17bMsSX6KG5uo8IpM7T2eqLlPP6/n705U2Pcp2pghjb51vmZNn6FZ992gONtepewqklSmvR9tUn7gaM16IlnJC5/QvKvDXd2YpGCZpj+hp5OT9cRDk9SvIlfbPs+XjLGK6yZlmvdXjzK0KutQkTQ4TrENT9FtrGbdlijj2SxtW/WiHnl0kV5fv1eFtcMT4/Tbx57W84uSNf/uezR//iT1q8iX+UBhvWfcdcQsJT/5hJKTb1Sc7DqcW/3b9fsUbcywq9/kh/XEwmQlPzFDjiJEe9ilmpX8tJ547GFN6i/Zs7NklRQ39Z6qkPNogRr+u5Rjhdr/Vb7U8yrdOmuGZtx6j/6wyHG7fWlF1f/6N/gnOfiiOMVVj0TMT90oc8Vo3frALM2YPkvzfh0n+5cp2lkvQe2niQue1tPJT+iuK8Okw1nKlRQ3NVl3XWWUdJGuvS9ZyXckKrzmPV80SfPuvVUzbr1Ht14RpvxPtilLkl/cWCX2lDL3nVDivKf1/PP3tMmCQgAAAHCXv/oMGaI+1T+VHM7RUVupbD8c0XflDXbN3a+sE/U/6zEkTn2q216LD72n/6kNHg26eMKNuu3GsbVhY8lX27TPWipnig+9p8V1gsfQoVdrxk1TNLruaILSAn3x9tJzwWPPkbr+pps1Y2z0ufPseEvv7jutPkOv1rVDG6yi3WO4rp92o8ZFNbi4caR+M22Krqid09KmXV98qaMlUk14+npN8BgQrXE33qwZE4bUBnlff/6l8hoPOFRo32jFxkarj8HBiMMu/urRP1qxsf3Vw5ahtUvPBY+hQ6/WjJk36tohNceVat8//qHPf3D+/FRu08EdO6pHgho06sqrdO3Y+OoaS7Vrx34VNtVf3cWgAWNu0LioBqMJAyJ08dAh9VawLt7xvj7KcnDTktR3pH4z7UZdG3vuvvN2bNfB6hbz4qz3tLhO8Nhj5HW67bbbdFudZwrgwsTIRx9m/fQNLUqX7EVFKqvwU7/r7tGkiwqV8vdCyThKg2q6eOPiFKOdyrYcli6L1aBIadt3uSrUIB0+UqhI00RFfP+e8nKl0cpWtsKVGBMmZWUqs0KKLMzS3n1VpyoLk+zf5apQsQrv7Cc/Saarz7X0Fh7KVqH8dLpgr/aekaQiySDlfpcvScrMlGSKU1xNGNa5qa9YmPpdVH0j3eJkMm7Uph+tki7V8PgwbftivzIrLpXJlqVMqxT3y0ZrZledZegNmv/keOXvStF7H+9U7va1evabXN15/w2KDZD8Au3KP5il/KJS+QcWyk+Svbxu87RRpoTYqtb1gJB6/2BU3bNRE4dUJ2idHbc1GE2jFRtWdU/h4dK5XpHmClfc4HBt+jRFb/yPXVdNHKvEweEO/2FtGDo2VqjMbwulgNOyZuyVXZKKpGDlKvc7KXFo9W4xozW6ug09OLip9vCsqvfcv1BZ+/ZWbSrrKtnzlfujFNtT8usiyTReEy/i/2IAAAC8IXRAvC7u+qGOnpL0Y6YO/lCogMzM2mAooItUUi7pTKa+zilQn5yaz/w1eHB/GbqoaqXlzR8rq/qYPpPu12OzRqrHT3t0dOs25f0oqbz6L0fKbTq47dzxASPu1OKHr9NA/5/0xQ8fa6e1KuQqO/6lPtpVE3hFa8ZD9+u2IQapZIzCbQ/o9T2lkn5S+p483TZniu4JLVXW79+qPm9/zXjwId021KATg3/Svic/rlrpu8sQ3fnIQ/pNlHQ04oh2vVoVoJYcL5SttOq+U/+9vzZUHfffD+qBsREq2V+sLzYfqg4Mz8pFLNikowe26fOaQNV4nR568E6N7iFpbIzO/v45bT0l6UyGdn5bqGv7Rzg+iS1Hu/ZUzylpGK4r4yLUp3yMRgTs0c4SqeTLbdppvUrX93fVeu2vgWNu1F3+hdpXsxJ60Ejd/9JDura/v0pyP9SiB5dq5xlJOqJ9WSdUMrRBPT3G6o9/uldXGP1VPFI6+OA/q57RT1YV2kqlriU6uLX+u37+wes0MEgqPnhCH20+VP8/j2w5Wrvw93rT0rDWAr378C16t7ru0fe8puQJTY3sBODrSAZ8WNjgqzQpPkwKCFdkVD+FB/tJssrZhIN2e9UkJZFRkVJGvnIrDisvN1gRVw7XwMi12n6kUIXKlz04VjF9JB2v+lWav2+jNpprr6qwuH5yNl6xrLxUUpEyt21Ubk3w5RemyL7hkqy1I/FapdiuIkmRcRcr+LP9ysyWTGezlKtI3TDExVe2c5j6JdygexImKX/z63rl4zRt2jVesZfblfLqi9pkNSouvp+CVagiuf/lr7rn9tXvV3N1T9d/6B+b07RxWZo29hytWffdqLgGuWBQcLCkMp2umpvZgbKq70tRpj79v9zarX7dItWvV0urK6t6z9/v1cb/OzeZTVi3i9Wvyfl+AAAA0C7C+mvoYH9t3VMq6Yi+PnhIOljdu9tzrG4aW6A31x+SZNO+/fvV54fqgEsRiokMrfpXy1PZ2negpiXZoJiIUu378C199uE/9UVti/YQDXa2mEtpgbK/PdfSPHTM8OoRld11ybQ/6fVJpVKX7gr64Z/Kqhm913e4RvStHqEXEKGhQwdIe6rax0/kHtGPpSNVb/yeob8ie1Vt8TcYFFi7fYAGdK+qK7C7UQZVL5xSUqqz5VLxDxna9UP1vgH91UcWpb7ztjb8c1vtSMUeg8+NAG0+m47m5Jwb8TksXoNrWo27R2lE7bupmnezWBEKdXCWE4e267PqOgOGjtTFPf0VoDiNGuqvnftKpZL9+mJfga7t3795AV3fOMVWv7eAiOEaNVjaWf2v9ieOnVBJeYPwsX+cBlQvxBNgCFd4gJRX9UCrnuuZIzqYWfOu/TXiiuGteHYAzjeEjz4s+KI4XTqi4XyJ4QoLl/SDvWoUmySVnFaZpHBj1b5hMbEK107l7+unfHukLo/0U0RmmPLzc5VbkS/FjK1qXe4arjBJkVOSdesIuSW8e7ikMl11xx80sU/DT08pJFhSRQvDuopCnSiSgqOMVSs0x8QppvNOfZ2Zq6ySbMk4tnpkYcPj1GACAT/1G2GS8eN82e12KTNFm74P09h752vSQEkya9WXq9xsga4ZCViksrYIVt0WrMgrb9X8K8tUtPttvfj3ndq0I0lx4+rHwoOiIqX0TJkz7Br98zrJZEWRis6GKSy4+vtSfpXuemiiy9k33Rem8G6SBtyg5FsvbZMzAgAAoI0FRGjokHPBXdbObSqu/rPogMHDNWqkUanrq0b4Hd3zqT4/Vf3v8MbhGmqsCvNKztiqRk5Kkmz6YsVzDeZX7K/rZ/6qaoESR6s7l9hUVNvBa1CPrqG1AUeImHIAACAASURBVFlo3+jq6ZRKdTTnxLn5JINC681/GNqjzorLJaXOR1k2U+mpn87N415ySGtfeq7+Dj3H6q5fxzde7dtd5aWynTo382Gooc4c/l0CFdbdIKkqrCspLam6r4bXKrfp2z3bq0YqSirZ9br+87evN7rUvh37dfTq/vXap5vFP1RhXQ2Sql9WhXvrZNdTckJHawJpGdSnZ6jrMLRLgPoMG6kRoSWSSlT47SHlVS/4Exo5RLFdA6QuBsX0DGTUI3AeYM7HDsdPl42Ik07u0qf7quZZzE/ZpkyFy2Sqjpb6xCg2uEjZn5uVb4zUoAApckCklL9Lu76rnu9RkvrH6uJgyfzJJuXay1RmL1K+eZv2umgX9hscq34qVNrHe1VYUqYyW6Fy03cq0y5JsYobLOngNm06Ypf9+71K2dNUxFcme0mZVFGm/I83aac9XKNGVdfX2aTLTFJRdoq2ZdoVNiTWYXiW/+GzeuSpldq4L1eFRUUqKsrXzn9vk1XBGhRplPz9FawiWX8oksqKlPV/KcqUmgwT7faqeDdscJyMNfdsK1TWx2nKbuKu3GIrVKGt7jDWMyr80a6yijJl7d6p3JNVK4UH9+qqYEl+AY3/RNlvxFiNNkiZ/3xFa7/MV1FRoXL3bdTSpxZp0ZqdsstPFw/uJ/2Ypo++LFRZWZnsP+ZqZ3rmufDaoerRlPVqK1KRvUxSpGIHB1e95zy7ysrsKvrerG37nL/r/M2vaNGLr2vbEae7AAAAoE35q2fsENU0phQf2lO7mvPA6Gj1uShOQ3tWf2g9VPtZQHRcndWLnYVQBsWOvVl/fPlZ3TOqu5N9JHUJUEBtclQi25mzDs7o32Bao/qtziUlJeeOCfBvHNC1VLkct1QH9dcVU+/Ryy/dq3F9m1hFugn+dWo92zA0LT139QD/AMf39VOmvtj5k4MPGtj/qXa5mjeyKeVnVWQ7N8+j03pcKS2pauOXJAVKXZp4dkH9Ne6OR/Xck3/Sc08k646ra0ZaRmjinOTq7Q/ptpEuvl8AOgxGPnZAfpfN0Kzc17Xq7UV68G1JncMUO+WuOguSDFJMjJ92mvMVnPCrqsAuJlaxJ95TVkW4xsfUzF0Yp//P3v3HR1Ue+B7/ZCaZZBImTJgwgYFAQgL5AcEgKBoKbRSkokVRqlVaqq3b/WFve7vtbt22bu9uf3m97XVvb73b7drSpWLFolgqKILEQglGQSJIIJCQQEIgIYEhYzJkJmfm/jGT378hgYDf9+ulZM458zzPec7Jr2+e5zx3PZRH5dq3ePb7b4W2RTtZtDqPORP6uDXGLuKhe47wH3/6PU8d+H2oPWMzuTv1ZrDCrPtXM6diLW/9/Pu8ZbKRvngps3ZvpbzCy+3ObnOGx4xjXPSH7Pz5d9gJEOnk5oe/Eh6dGJJ54xysv93PEazcnNn7eslJtyzl5hOvUfjCs6FyACJtZN7z1+HVqhdx++T3ee3lH/CPL4Nt+lJuv7GRt05U4sVJzycc2oiPA0/DOVqZSqTzdlbf+SH/9vrveeoARDrz+PRCL68VV3KCWb2u4hxjtULdCU61grNHVzqZmmaDPa/x1A9O8aWnHiJzajo2UyGv/c/vc+qRrzPp3a288dKG9hn2tun38tlbexn2aUpn5ddW0vz/XmX/i/+H/QCmSMbNWMrjD90cOrcFD3Hvkf/g1Ref4jsvAkRiy7yblPn0cu5gjYsH6qirB1zgbG/bD3gtvGJ35mceIu/kWt76xfd5K1ync8GXyMt19vpF5XzdKTx1cKq3v4iLiIiIyIiIc01jegzhZ/m1SSI7I4kxNgtpKVHQ0DW0mjJtMuPCgaElJoEJ8UD4/ekrvs1XF+eQNjmuYzRabyP22kTFMS4xCk6EphcfO1JN06eSsHQ7fkxCAu2PTK+r5kwTZMUBho9zNR1/4E6YnITj8vLAjqYl2BkH4WnRSXz6a49z/42ZTGmbQn65IyzNcYxLHEfb6Mbz1XWcMwiN6vSf42RNW9gXxYRkZ6+j+84fe4eittGE5iTSs50dU7ONJk6UHA+Piixlx7tVfCZ12qWNEvRUU17V8XJcUsLQy4lJwNE+ePIcDec/grYJ8sM0WlVErl0KH0cj5+186+nb+znASuaKb/Hju7x4WsAaZyWy27TjOat/TJcJsbY8vvJUXs+SMu/lWz+8G2+Tl9ZIKzZrp1uij3Y4F3yFJ+d78XhbiYy2Ye38nck6i4e++2PubfKC1YY1Erjt9t7H2KbczRM/uBtoxesFq7Xn7RiZ/RDfuuccP3gziVlpvfdGpGMO9/7dHO4NtIbOg0isNmunm9vJoq/9mLwmD15T2znezu1tIx9nrebppzuXOJV7v/8093Y+5/yv86+3ePAGrNjiQiUvuqtt7yxWdy2A9Pv/hafv76j/9m89TeeeTF/xJE+v6LRh+r08+VSnGrOfZFFrH33cXcLNrP7uzbQ2efAGInveDyYneX/1JDd7PXhbu+/v2TbbrV/h6Vv7aRuANZN7v/Vj7m6rs1t/dy9z1ud/zL94YcC1bERERERk2FgSppE7Fd4t7bQxLpVsVxxYLF2mZYeEgsn2Hz3j08jOjGNTeGGYsnf2cGxuKsmJfs4cO8CO17dwMvMrPLE8FHr5u4dMliSyc6bBvlADzr/5W17ITuCLC5LxnzrAjj+9zrFpD/P3N3daHKdpH2/sLuWm5RlYqvew6e22Z1HGkZubGloIZ6h6eSzUmImzyZ24gZOnAWopevc4CzKmMcF8jvKSd3jjj/tIePjbPJIT1+O9Hfz4Gps6RmZerOXkseOMS0lmiiOKCRk5TOB4KFQ9uJ0dJbfySG4cZ/a9zhvtK7NkclP6uJ5h38VqinZ2TLlOWLCSr37hk2Q528JRN7v/7zf414JQuFm2czu7sxeTNS0Zn+Hrc8xqO3cVZdVuJkz8iA9efYE32qdMTyN3+iUs8BLjJHta273i5703d3F47kqyYmr54J19l74Wp4hcFyKCwWDwajdCpE+tJ3j1fz3Lkdlf54m7Jl3t1oiIiIhccbW1tSQl9bESrki/mij+7RN8e2OnZ99kPMKz/3oP6THwUfGvePz7r3cEQ/GL+Od/+wYLHB2Hf1Syjm//04b2VYx7cCzmu1+J49c/+WOPgCnrkf/LDxdU859P/M9O4VY3CYv456ceJW7bD/j2huN9HASWnEd45p+WYXnzSf7qt6Xd9trJSvdzuKyp2/YkslLPcbiiW/hoyeHxZ54g+/2nePzXB+nLmFse59lvLmZCb0lc3U7+9b8/w+7uVQJTHnyKZx7OYEzTcV7+yRP86mDfU6LTV/wrP/xCTtdnS/ZRdnu5F6vZ9MP/xrM9mh5P7gwvxUe71Re/mB/8/HGmH/8Vf9u22nUfEvK/wb/9dQbFP/tvPPNe93Ju4Sv3wQu/fYePuuyws/yfn+Fh/zr+9ifb+y0fCPf/k11W6P6orpozjU1AHGMmT9ZiNXJZ9H1z9NEzH2VUqtv+U/7xO9/hO995lkLrIh5aouBRRERERGRo4piamdllFeUp2dPag50xybNDi8W0mTiNpG4D/cZkP8C3v7aYHmtNtu1PSSIqou8WWJy38Fff/go3J/S1PwGCceTe9w2+kd97WGDJXsmTX1tGen+DEIcsivQ7Huef757W5/5kZ2/rTw9B3DQ+8/jfs7z3p0cx5c5v8O3P5Vz6ojbDzJKziu9/aVHvYesgJNy4ir9f3ld/9m+MczLp6Rmkpyt4FLkeaeSjjE7hKcf0mEItIiIi8vGiERxyWRqPU7DzIOf8hFYYvmERC6aGUzyfm8O791DiDk3SjZtyC7fN7X3Kre/8cYrfO0h5bTUnGu1MnZpE2sx55KbaoeEgO3Yfp6nLtGsL47IXkZ8RrqupluJ973P42BFK6iwkT5/G9IwbuSk7qWN1a8PPmZI97C4+SHHFecZNySErZy6fyJ3cfsxHpTvZUXK+62IxUXGMi4dzDd2GCkbFMS7Ozzl3t0nIMUncsOAW0sPB60cn9vGXg9WcqT7O+Zhkprgmk507t2OKc2+aqnl35z6qLnbfYWFcxq0syLZ39KPPzeH39lB08ADl9RaSMzOZmXsrN6Xbe5/e3GvZnco1mih7Zycf1HU7r4hIbNFBPBe7zX+Pm8yCRXOJPtRp5GPCXO6/MxX/iQo8CZlk597IbTdOC/Wz0cTJ93by3mlfj3JumAolpdVdp9ib40i76ZPkTowC/Jwv3ceuknKqavyMm5pJbq4TT8lBqtouT7f+Fxlu+r45+ih8FBEREREZxfRLlIgMh/P7OoWPqat49kcrh3k0qcjooO+bo4+mXYuIiIiIiIhct/ycfOtXPPWbTs9jrHiVZ374Q54tqB54cRoRkcuk8FFERERERETkuuWjqfYgxdWdJ6s3UVayj+LTTQofRWTE6VF6IiIiIiIiItctC3FJOdycm4Cvy7MaLUxJiuv9uZMiIsNIz3wUERERERnF9OwqERGRwdP3zdFH065FRERERERERERkRCh8FBERERERERERkRGh8FFERERERERERERGhMJHERERERERERERGREKH0VERERERERERGREKHwUERERERERERGREaHwUUREREREREREREaEwkfpnc+L13e1G3F1+OoqKTlaRYPXGOBIA6/Hy0BHDZXRWEXpoUrqmq7vC2B4PXj9ve4ZfL/6vXg6X6fur0eTj/HnlIiIiIiIiHx8KXwcjTyl7HpzK1vb/vtLMTWeYa4j4KHmaCXuQO+7G/ZtYt3b5R3HVtTg6ePY60nDu+t5sbAKn7eKAx9U0X9WVEbB+gLKhrF+X9lW1m0uwUM9pUdqh7Hk0afs7fVs2u/ubQ8F6zezv9d73qChopKGttCyvID1b3e6At1eGw2VVDaMjjCyYd8mNu1ruPQCPkafhyIiIiIiInL9UPg4GrU0UHOyhaRb88ibm01KdC0Ff1hPYd0w1nGhhF07d7K/up9jjNbQv9V72f7WLkouDGP9o5KbsspW0vMWkntDHvm3pGC5wi2oOl5FYu5S5s2cx8K5yVC2ledeL73CrbiCjL6CQQNfSy+bPQfZWbCdvScGU7iHg7u2s31f5aW37yoqf/M5thzptOFKfx6eL2L9+kIuIy4VERERERERIfJqN0D6EonVZsOGjQxHMjbvWrYUl5N3R9rwFJ8wnwcfmz+4Y6fks/qx4al2dDNjNjPs06iH1AKzueuG1tExam/UsOWy4ku5gz2Y3HsfY7BHjzY9Lv2V/jzsMxgWERERERERGTyFj9eIhLE2aGoFfwlbXqoibaGD0l3F1EXlsPKB+USf3MXmgjKazWaIsJO9ZDnznHUU/r4AljxIXmK4oNOFbHirjGYA7My+ezm5dgAvVXu2sfNwHd4IG/a4ZrCF3uJ+bwMbSm3kP7CUNAu4393A5ovZzLl4kKJqDwY20vJXkJ8aHidYt5dN2w7S0ApYXaTE1eNN+RzLZnYN1tzvbmDrxRScZw5S2WRgWJJZeN9SMqyh/d5ezwnK31zDIdcqls+yAFUUPL+VuhkrePBmB+Cm6KXNGJ9aRZ7TS9VfNlNwvBmCBmbnPO5amoPdBHW717PTksecjwrZWeHBtWgljg83cfCCD95cRxkGybeuJr1qLYWxy3nwZnuoUeVbWVOezqMDhsChureXN2M2A4FE5qxYRo4NOH+QLVv2Uhs0Yw5Ek7xgOflpVsoL1rL7pIHv9HrWF7fQYoAZA4x61j1fRGzWcvID29nckseqT7gADwdfXU9RbD6PhdtT/uZzlCY/yrK0Wva+VUjJGQ+GycCIdDH/M8vIiQfOFLL+Lxby5ngo3FmOZ1I+j93h6rOvOvOd2sv2PSXUegwIGlgmzmf5nTmhW6VsK2uOOMhz1LD3cB1eLDjm3sWKGxyhNwfclGzfGrpnoh3YQ7dgH1pxf7CJdSfq8GLFecMSls91QvlWnvuzh9zlK5mX2Nd725Sz9TcFeHJWsPKm8L2xYTO+rDk0HyqiqtEAWxqLV+STYglds/KCTeysbAaTBceURHxnbSx6IA/nZV7b3lS93fe9VV6wlsLTQMM61u6NJfuuFaSXdf08JODm4NbN7K0zMEdAdPICluenYR3EtejyuRWAxNwVLJtt62jc+b1s3FKKp9XMG+vKMFwLWJ2fNqTzExEREREREQGFj9eMmrNuLHE2iHKRYi9k19sGefc+yvJ4M/hK2fJ2Da47HyXPCdQVsv6N7SR+fjEpk1rYdawBEkOhQ0NlFWQsZ/VNBoXrN1JzBnLt4DtSwPaTCSz9wnJcZg+l2zeyKzzwyX7TIrLLCqhthLREMAwDb1kJDfnLWH2HDd8HG1l3sJQFqTlYqGHXthIi536ORzOt4Clhyytu7PPNPc7JMAw8lXXkrHiUfFsoENz0dikZd2aAr5SCPs4peYKDgpoqmJUG52uoi7FjPlODDwcWXxW1HyUy0xk6p4JzGXx2dQ5WvJRs/gPb9yezcq4d5/RkWjZtZW/WMlY94sJiAtJXY3v9OcpTV7EsM9TGhrroriPA/AZG23T0/pw/QGGlg8VfWEmyKfy+KIAGCt/cD2394y1hyx82s9exknn5q7HvWc92FvPgreHA7sgWnqtIY9WdGaHXp5IwdlfhxoWdOmpa7NhbaqghDRc11NTZcNxkhshYXLMWM3upHYspFPRufK+SnNtTYEI6yf5NbN2XzbJVj+GygO/Ilj77qjNLrIucxbNZZrdAwE3RKxspqshhcSrQamDUlVCe/Gk++4gTS3UBa3eWUHPDQlxAQ9FWivw5rHwkG5vRQNGmjfQ9IdqLJyafzz7iwtJUzKY/7GRv2krmpS0l78hzVNYDA4aPaSy9tZTnKusBB2BgGF5KDzew+NOrWRrvo/jVdRw4soCU2RZ8H26j4Gwyy7+Yh9NkUPOXDWyxpXQLHi/x2vYSssZG931vpeWvpvVi13uRbp+HDUVb2c88PvfFjPZrtnmfI3TN+r0Wbg68U4Ej/1FWTiHUL/5un58J81ixzMf6t2Dxg3mEv3oM6fxEREREREREQM98HMWaqTlUQsl7u9i6aT07z7iYf5MLALMJXDctIzs+HBicrKTGns28tpTEmU1KTBVlJ8CVlkrLydLwc9saKD1pJmV6z6SgoqIGR9Z8XFGAyUaiLbrTXnPPO2ViDgtTbZgB66QkbF4PHoD6SmpM6czLDI+GsiVhj+nnNMenkR0ecOXMSMZWVxUKpPo5J4srEVtDLXWAr6oWpmSQ5K2lBuBULQ2JLpKBqpM12FMyQiPBsJKdloi7LryIiwki47LJXxAOHodbZDQWXx2VJzyhadxRZswA58uo8qeS29Y/1mwyJripLB/kikITnSR+1EBNADhVQ31CBhnW2tCCRJ4aanGRnACY7LiS7Vjw4fUa2ONjMdofomgGk5XsT+XhCg9W7bevOktwkWy3hFZuNuzY47o9mzEunfk3OEN9OsVF4sXwfUEDpSdbSM/NxmYCohzYY/s7URvJGeFrY8slPclN3elw64dyvSJ6bnLNWkhKvBmwkpxkw9sUamFFVR2unDycJgAzrkRbzzfDyF3bAXX+PHRTVtVC6uxO1ywjCXdlGe219XktzERbfNRVVuLxh16bowZR/Yifn4iIiIiIiFyPNPJxtIt1kJyTQf5UZ9eQrFOo4j7nhqjOi6PYsdsMGlqA1DRS/bsorYc8Sqkyp7C0R/bYQEMjRKYOw/Iq9W48Jjs9xzkOwjg7Nr+bFgY6pxRcRiEnPdB81oNjWg6OsweoqQPbmQZsk+ZjwU29G+pOv8jaAx1VWCZldLwwcWntHAxbLp9e3My2XetZ87YN140LWXqDC3ODG0+Ujc7Rrt1mw/D1v652O1MqyYmF1JyA5HO1RDtySbp4gL3VQEQdzROzcQEE6ti7aRsHfTZc9kiaz9bAuM5TxSO7BFkD9lWbur1s3HYQn82FPaqZ+tOQkDqYhtfj9kRjjx74yN6YTeBxN0B4DN7wC30O9BZW9jBS13aI7XV/FI2ta2XYWn0DrNAOYCN36VKa39rJ+t8VYJs4h4WLc0N/eOi3yit5fiIiIiIiInK9UPg4asXimplNL/FPD/Z4G5wJhQ6hsM6DpxnMkQAu0qaEpl67I2swpy7t5TF7NmxWcA9Hs8fZueQnwNW7OR9jw8bA5+R0uKmsbcDXkEByPiSdjaTsjAfb2RaS5oZGrNlt4Mz8HMtnX+k1q0OsU/JYvioPo6GYzZu3sDX6MZYl2rD5DToPFvQ0N4NtsDGoBdf4WErONlDTYOC6yYbTncj5mhpqqMc+PjQ61vfhOxQzk1UP5Iaux5EtPFfRV5n2QfaVj4PvFMOsVTx4Q+gql77+HOWDarcNW38jYAdgBMBmH6ngEcCBfczgPwdG5toOhR1bXAtG18pojrANLlC3JpN39yry/A0Ub93Mlu1WHrtzgK829it5fiIiIiIiInK90LTr68G0ZJz1FZR6w6/dpVRecOKaEnrpmp5Ka00JB09CyozeppJacI23UVteghcg4KH2XPOltSXRQUJTFaV1oZfG6VKqmvo5vsWLJxD6sOZIBcbE5NDIvYHOyWmnvuoA9WYnLhPYJ7nwnNlLrcdF8qSOY+oqS2krAr8HT/uLwTGbobkpHEn5Gyguqwd/19FlRqCXNwZ8+PzhMhy5pDuguckDiSm4Ik5SfqrtuHLKqi24kgf/0DzHBAfNZw9Q0+jAlQhMcWE7U0rp2Vhc4dGrLX4fRFlCwWPAQ+VpDwT6Xr14cH3VQosfoi3heNlTSU0jEBxMq104HR6q2m4Mfw11jYM7XzzFlNU6Se5rjZ/u59XPefYnaVzXz4GSivo+6rv0a9vaqW2Dubf65iBlkpmT5TXtW8rLq7C4kvtew6cTny/cjigHuWmJ0OxhwMnTw3DvioiIiIiIyMePRj5eDyw5LMmr4ZWX1lMx0Yr3tBfnJ5eT0zaIbWIaUy5uoTQmlwf7eIydY+48XC8V8OLavZiJJjkrHdvRGqrIIHkwbWgbEWXKID+vkj+8toaySDDHJ5PQ31DIxkNsev4ABgZGbDqL70oZ1DnZprqI3FSCN2N5aKXliU4Stu6iMimPxeGibXMWkVOxiXX/tR+LGQwjmpRFnVblHgT7jAzsrxSw5vndEGEjY/5sXLurqPDnkBGVhDNhF4W/24D7jpXkTex4n/f4bjbtrsSc4CLWX0ttaxr5OTbAxsIl6Wx4fR0bnQkY585jnrWExRP7aECiA1thIWufLyL51tXkpwFTk0kq2EV5Uh75ABYXicEiSnzZLA9fX1vOHJIP72TN83tDqxLfkIyjpopyfzZpvUyvHVxf2Zh9QzIv7lrD2n1msCQze4qDmqpyjKy0PkbcteILD1/NuCmXg5s2sabCgjnCRvo0Fy21NXhxdBstG4vN2kzplrWUmYBANMmd7+fOJjixFxayZoObpSvzcHV/3Ue3dtbiD43lc8zPJ/uVTaz7r9DnQMokG/h7Hn+p19YxwYFRsJm1H83nc0uzB7i3INFhY9eetazdm8yCz+fTPXt15S0h/ZXNrNuYRELgPOfNOSy5rb8zDl8Lfzm7X9tJpdmBK85H7RmDtE8tpseXhvgk7C0FbHq+DHvWclbMdQ3t3hUREREREREBIoLB4KDGLck1IODD22RgjrNe4iIqBl6P7zLe37UtPsOCJaqGXc8X43h4GdndymzYs56N7lweuzMDw0/vi15c9jmB4fXQHIjGFnep068NvF6wWoc+vdTX5KHFFIutx3sNvJ5miLFhHcxiH5dk6NdzUH3l9+LxmS+tP8PX02KzjtzzNi+T4fNhtljwHdjEHzy3sGpBj/WugeG6tpd+b7WX4PXQTG/tGIDPi6cFYod8La7EvSsiIp3V1taSlJR0tZshIiJyTdD3zdFHIx+vJyYL1j5GNg6OGavtkp/Y2C4UJFpCgVddJTURNtIGCL/6XG33ss8JzFZbz1FdQysB6yV2iyXORu8RnRmr7TJPbEBDv56D6qsoK7ZLDZ2G4XqOGL+BEWXGbLEAXsqq3Nim9j2leHiu7aXfW+0lXOr9bbFiu6Q8/krcuyIiIiIiInK9UPgow6yOvZveoLQJMIERYSNnyYo+p79a4xOuZONE+uQt384r79ZimADDIHrKIpbPujqLFYmIiIiIiIhcLzTtWkRERERkFNP0MRERkcHT983RR6tdi4iIiIiIiIiIyIhQ+CgiIiIiIiIiIiIjQuGjiIiIiIiIiIiIjAiFjyIiIiIiIiIiIjIiFD6KiIiIiIiIiIjIiFD4KFdfwIe3ydfrLl+TF1/gEsr0e/F4jctr1xVj4PV46b21/e27DIPon0vu+6vA8Hrw+q92K0RERERERESkO4WPcvWd28um9QWU99jRwN7XXmTniUsos7yA9Vv247n81oUZNFSUUucdtgI7KaNgfQFlfe7bzP7hO5GQ8gLWv917jSGX0fcjIeCh5mgl7j7C0LK317Npv/vKtacaflZ45aobFB+88BK8cKzb9mr42UuwZ7jvIREREREREZFBUPgoo0PAoLXXHQa+lksss9VH7+MpL0Ulewt2sfvo1UhwLqMPBut8EevXF9JwpesdrAsl7Nq5k/3V/RxjXMGRrhfgW3vgzJWrcWAX4OXD8ItCuNhpc0Ux/LQYdvTXdyIiIiIiIiIjJPJqN0Dk2pDG0i+lXe1GjJwrGdxdioT5PPjY/KvditHNC+50+HI1FPrgNkto845D8NWZwDUyhV5ERORyBYNBDMPAbDYTEREBQCAQIBAIdNk2HPW0trZiMpkwm8191i0iIvJxp/BxNCrbyppjNnKMCg6e9WFgI+eulcx3Ar4a9r5VSMkZD4bJwIh0Mf8zy8iJNyjZvI6a7NUsTg2XU1/I+rdg8YN5OM4fZMuW/dQHwTBiSc+/i4VTrOAvYctLVaQtdFC6q5i6qBxWrsygautm9tYZmCOAqFTyH1pIcpdGeigt2M7ek258gBGwc9NP9gAAIABJREFUkX3HcvImWQA3RRs248uaQ/OhIqoaDbClsXhFPinhQMR7spBtu0qoazFjGxtLM7Y+u6OluoD1e8rxBM3YUhexPD8Na6gUqv6ymYLjzRA0MDvncdfSHOxt43kDLVTt2cQbR+rwBi045t7Fihsc/bTdTMnmNVSmPcayzHAZvhK2vrSXWgDMJC9YRX5qR93by5sxR4B5XDZLls3DaQLOFLL+Lxby5ngo3FmOZ1I+j33K2sd1G8wN0UpLVSGbtpZS5zWwJM7jrntzcQzQB75Te9m+p4RajwFBA8vE+Sy/M6dnT5/fy8YtpXhazbyxrgzDtYDV+fZQze4Stm4oosrd8xq26+9+7e3+emA2nl77ro7C3xfAkgfJSwyXfbqQDW+V0QyAndl3LyfXDgTclGzfSlG1ByPagT20u5335C42v11Bs8nAiEhi3rJl5CT0cW0WOzg44P0+BAHY8Xv4UWXo49S58ItlEAO4D8H33oAdF0L78j4Jv1gS2rdjHezPhax34aul8NN/gLwD8HgTPH4Rvvo+HDbBL74Ij0/vpV4P7AB+Oh22HIPbZgIn4ZUJ8IsJ8LMLna85/OiXsBmwBuC+lfB4RmhXb+24zwQ/+hXsCIC3Fb78BfhyyqV2kIiIyMhqamriyJEjzJw5E6s19FOj2+3m1KlTZGdntweFl8vv97N//35sNhuZmZmYTCYuXLhAVVXVsNYjIiJyrVP4OBq1Ghinq/Dd+TkenWjGe3gLLxYUkv5gHo7IWFyzFjN7qR2LCdzvbmDje5Xk3J5C8oRYisrLITU0Qs9zooaWiXk4aKDwzQPYPrWaZZOAukLWv7Gbys8vJiUqmxR7IbveNsi791GWx5uhbCsbWmay6ou5oZDP39uouEgS0hdw3yecWKPAKNvK2ncOkHP/PGwYGIaX0sMNLP70apbG+yh+dR0HjiwgZbYFfKUUFFSRcMejLJ9oxnN0Kxt39j3yzuNPYsXn87FRRcFL29ldnsbiNPAdKaDgXAafXZ2DFS8lm//A9v3JrJwbTqG8VdTEfprPftGJpbqAtTtLqLlhIa5+2p6e7KSwohQyw0nM8UpqJyxg9eI0Sl9/juIzDZDqCNVd4+KuL+ThNEHd7vW8UZDI6ttTYEI6yf5NbN2XzbJVj+GyAAF3n9dtYF6qamL59GcfxRlZRcELBZScymXhpP77wBLrImfxbJbZLRBwU/TKRooqcjrC6TYJ81ixzNcRVAOEJ2DXVTew+I5eruFg79de7i/fkS1s6qPvUia1sOtYAySGW1FZBRnLWX2TQeH6jdScgVw7NBRtpcifw8pHsrEZDRRt2khlW3t8pRS8fZ6Mz64mxwrew1v4w469JN8/D3tv16ZsK0UD3u+Dd6YAfjYW3vouEIAXnoFnp8M3p0NMAnzz7+AXVqAVfvQj2HELLLPBbbPg9t/BDx+A44+GywrAK+/Asi9CyUq4+C5Y/wJfnh4KLLteB5gQBXNy4PF34bszoeJA6LX1PJzu9LzSF34DLIfCmYAXvvdT2PI1WDa293a88DOY8BC8NQWohft/BTd+F+bowR0iIjIKeb1eDhw4QGpqanv42NjYyLFjx8jMzBy2ULC1tZWSkhKio6OZOHEiCQkJXLhwYdjrERERudbpV8fRKi6ZjImhH1isWWkkeWqo8AAmO65kOxZ8eL0G9vhYjPCD+WwzUrCdqgiHMD4qT3lwJbvgfBlV/imkTQqX7cwgObqBmnOhl2YTuG5aRnZ8+AckiwVL40lK68JPTIzq7QcnK85kJ9YoA2+TD7PdRmy3Zyy6Zi0kJd4MWElOsuFtCj8v8Xg5NQnZzA+fn22cjeh+uiIxNRtbFBCVzMwUC7Vn6gCoOlmDPSUjPArSSnZaIu662k59mM78G5xYTMDkJBIvesIL0PTddktmKs7T5ZSGp6iWVtTjSu053brqZA32zPBIR8CZnUJ0dVm4781gspL9qbxQuAX9XreB2Uifn4vTApiSSUrw4fF0akdffZDgItluAZ8Xr2HHHjf0Zzh2voau8daOa9hdX/crPe+v/vrOlZZKy8nScPTZQOlJMynT7d0qa6D0ZAvpudnYTECUA3tsp90nK6mxp5IR6hSsWWkknq9rH73a49oM6n4fvMJDcN/s8AsT3JYLhSdDL2NckGoFvHDRBKljwN32gMZIYCZ898ZuBWaFwkaAmFS47xz0trTOmXrIcwDT4f7jsCcAOw6GwsQYK7jbwscG2OyDh2eGX1vh/gzYcqiPdoSPv21K+HUS3B8Lh7s+IFRERGRUaZtm3V0wGKSuro6ioiLeffdd9u/fz8WLFwkEAhw/frx9e11dHcFgkPr6eioqKqisrOTdd9+lubm5S3lWq5X4+HjKysoIBAIEg8H2fRcvXuTQoUO8/fbb7Nixg8rKSoLBIH6/nw8//JDjx4+ze/duDhw4QF1dHe+99x67d+/G7Xa3v/+DDz7g3Xffpbi4uEfdIiIi1wqNfLwmJHQER3F17N20jYM+Gy57JM1na2BcOByzpZMSt5GyCkiZWkFVfRJpU4Hjbjy+GrY/X9GpTBvZnTOWzo+kmZLP8pu2snXzWvZaHGTMX8zC9O6Tdb2UF2xiZ42FpPGxtLpr8JAxqLNpOO+BKAvdZ+8OhtkUidd9HrBQ74a60y+y9kDHfsukPtpg6nyy/bTdkkFqYhHlRyFjRinlZ11kLO1emJt6N0RO6XQGCXZs/gY6sr3IrtF+oJ/rNkTm9nLd/fdB3V42bjuIz+bCHtVM/WlI6D7qcUj1DvbLRaf7te22ab+/Bui7SWmk+ndRWg95lFJlTmFp9+yRetyeaOx9JNbuc26or+HF5/d3bIxJ7nR3drs2g7rfB+/wGVj3O3ihUx1zPhn692IprHoJJqZAaiv8ugG+1/nNw/TnoNuyYMc7UDgB1lkgZizsaPv0r4MdFsKBdchER9eRkV3aUQc7PPDYT7rW8U396UpERK5Bra2tfPDBB7S2tuJwONoDynPnznHo0CHGjRvXfswnPvEJmpqaeOedd0hOTu71GY4RERGkp6dz+PBh0tPTu+wzDIOWlhaCwSDNzc0UFxczfvx4IiIieP/990lNTcXn81FZWUljYyMA5eXlWK1W5syZQ3l5OdXV1SQmJraHoTfccAMmk74Ji4jItUXh47UgUI+7yUpyPPg+fIdiZrLqgfAU0SNbeK49U7STPtXGpqoaoIr6iWksMwF2GzZLOgs/vxDXIKu0Zy3lwSzwVO5iy44tFNo7PYcP4NRedp9ysvjhfJJNtD9fcjBscdbeh24NghFoxRqfANix28CZ+TmWd58GPJB+224hI8VJUUUpRlQV5yelk9bj57tQ3bU+H7RFqB4PzSZzn59Q/V+3S9VfH/g4+E4xzFrFgzeEYqbS15+j/HKrHIxO92tPA/Wdi7QpoanX7sgazKlL6ZE9YsPWY85xpxribZCYzeeW5ww64B7wfh+CVAd887Pw5Sk99617BW77Ajwenm0/8WeXVkdvKs5A1qzQx3Ny4HsvQtZdnaZntw3+SIQ8H3TOGk9fCE0J71Ui5Nngp/8El5Fdi4jIx8DpugbcjR/1OuJwJM2cMbTvUF6vF4vFgsvlIjExkejoaA4fPszFixeZPn06Fy9eZMeOHTQ3N2O1Wjl//jxz584lNTWVyMiuP+0ZhsHYsWNJTEykrKwMh8PRvi8mJoaUlBQ8Hg+NjY0UFRXh9XqJjY0lGAySlJTEpEmT2Lx5M4ZhcMsttxAMBjl37hytra2UlpbicrmYPn06FRUVnDhxgpycnC7h46Gjl/0DpYjIoJhMJuzxY5jodAx8sEg3Ch9HK38LHj84osD7YRk1CS7yLNDi90GUJRRgBTxUnvZAoOMZdfZUF9FvlLOXGuyTFoU2JrpwGLspPwWu8NRrT6MHW3wfo7v8PnxmCxYT2FIySLaW0ewBOocxvhYMcyzRJgCDhqp6mgOJDOZpeRZXIrb95ZR4M8i2gqfWzaAmkfirOFQJU25zAuBy2tlVWYp3dk74WX0ePK02bNZ+Sxmw7ZbMVJzFVRRaakmatrjXIlKTnew63lG3+0glbmdGn4uUDHTdAIwAQx751ncftNDih2hLuDM8ldQ0AsFObw4M4wrXfdyvvRmo71zTU2ktLOEgkHJHb/eoC6fDQ3FpHSQ6wV9DXSMdC85McmIvrKDUm0OOFcDA0+jDFt/HjdHX/R5fR/mxeizJ2X0Eqb3LSoXvHegUPnrAHQd2E7h9MLGtGQ3w/kdw4zD+fmZt+4o+HR7Pgolt07+dcF8dnAEmjIdlJthxMtzGtunZf9VHoeNDYWX78YD7AtjHDl+7RUTk2ne6roFAIMCM1Mmj8lmHfr8fgMjISGbPns3Ro0c5ePAgdrud3NxcGhsbMZlMeDweWltbmTp1KlFRUQQCASwWCwkJCURFRfVadmRkJDNmzKCwsJCYmJj28//oo48oKSkhPj4ek8mEyWRqn5YdFRVFQkICFouFyMhI4uPjiY6OZsyYMbS0tNDa2orH4yEYDHL+/HmioqJwuXoOIxhq8CoicqkMw+DM2XOcrmtQAClDpvBxtDKq2P37tew0GRgkMf+ueaFsJWcOyYd3sub5vZgD0STfkIyjpopyfzZpUUBiNmnWjRSX2cj9bFv6k8KC+aX8YesaKixmMAzMjjl8+u62FZO7qjuwmW0fNhPrTMTcWIPbOoe7uv9ckzqHnH2b2Ly2DDNmbFkZJBuVnHSDs+dQNQBa/OFJyYnzmDfxRQpeXMteM0QnZ5MeX0pNFWR0Se8s2MaYKS1ay9q9QMCMfeYSlk8M7bXNWUROxSbW/dd+QqcVTcqiFeSn9j3ezQgMou2WDFLHFVFUncLi23svxzJrCQtrXuHFlypwxXip8TrJ72ekna3f65aEM2EXhb/bgPuOleRN7LP5HYID9YGN2Tck8+KuNazdZwZLMrOnOKipKsfISsM8wYm9sJA1G9wsXZmHKz4Je0sBm54vw561nBVze6+2ta/Asq/79VL6bmIaUy5uoTQmlwf7yMczbsrl4KZNrKmwYI6wkT7NRUttDV4cWG3zWDRrA5t+v4b94fs9emo+Kz6V0uv16fN+ry9j754SLK2pJN/QLbiMg1vPwsQnum4reRLm3Al5/xuyP4CJptAIw+89BsvGw6p8uO1Z+LUVYpzw5RzYUgoPJ/XRWb3pNmqxzekGiGl/xigse6DbAYGO9335EXjsV7A/BS5Wg30JfLOfYdGPr4S7fgUvxAGtEDMZfv0oTBhCs0VE5Prmbvxo1ASPFouFqKgoGhsbSUxMJBAIcPr0aWJjYzGZTEyePBm73U55eTn79u1rX5gmEAhgs9mIjIzE4XBgtVppaRncA7MdDgeJiYkcO3asfXRkbW0tJ06c4M477yQYDA6pb8xmMzExMURERJCQkIDdbsdkMo2K/hWRjyez2cyE8eM4WlGt8FGGLCLY+anIMjoc2cJzH9hZ8WAedr+BuccCGAZejw9znDW0mEp39YWsf9vC0pXdAqCAD29TC8TYsPb+h9tudTRDtA1rP3NXfU0eDMtgyuulBq8Hn7n/8gdbTnMgGlvc0Aq6nLZ3FOLF4zcPsu4Brttl6LMP/F48vsG27xINeL/2YUh914uAD2+TgcVmpdca/V48FyF6UP09uPt9KC42hRaVsXcfcOkDt9HL9qvgogewQsxg/gwVAHdTaPGaQR0vIiLDpra2lqSkofyl6so7dLRi1IzCa21tpaioiPPnzzNu3Dh8Ph8NDQ3Mnj2bKVOmcOTIEXw+Hy0tLVRVVbF06VJ8Ph+7d+9un4YdGxtLZmYmFy5c4I9//CP33HMP48eP71JPc3Mzr776KkuWLGH8+PHU1tayefNmEhISuPvuuzl16hS7du0iPT0di8XC4cOHWbhwIePHj29/n91u509/+hOpqanMmTOH4uJizpw5w5IlSzhw4ACVlZW4XC78fj+TJ09m6tSpvT57UkTkShlNX+/7ci183/y40a+Qo1zvQY4Zaz9ziys/KMOa+bmeI89MFqy2wSYrZqy2gRfdsMRd+sIcZquN4chfzFYbl9KKy2l7RyFWBt2lA1y3y9FnH0RZQyuFXyGDDh5hiH3XC5MFa3+XcEjnPrj7fShi4jo9b7EzC32OCr3SYoZyyiawD28XiYiIjIjIyEhycnI4evQoXq+XiIgIMjMz24M7s9mMYRiYzWZuvPFGxo4NPUtk5syZ1NbWEggEiIyMJCIigtjYWG688UZiY2N71BMVFUVOTk77PofDwc0334zZbMZkMpGUlERWVhY+nw+r1Upubi6xsbFd3mcymcjKysJuD/10MGHCBGJjY4mIiGDGjBn4/f4uU8ZFRESuRRr5OBod2cJz5Sk8dlf2EN5UTsHzu6kKgHnCfO67I2NYgj2RAV3S/SoiIiKDdS2M4BiNI2GCwSCGYbQHjp0ZRuhRMp2393f85bbBbDZf0ojFYDBIa2trexgqInK1jcav991dC983P24UPoqIiIiIjGLXwi9R18IvoyIicvmuha/318L3zY+bYX7ynIiIiIiIiIiIiEiIwkcREREREREREREZEQofRUREREREREREZEQofBQREREREREREZERofBRRERERERERERERoTCRxERERERERERERkRkVe7ASIiIiIi8vFknDvG2+/XUe1pBcBii2fmjTnMHqdfU0RERK4XGvkoIiIiIiJXXt0hXv5zTXvwCODzNLL/z+9RWHcV2yUiIiLDSuGjiIiIiIhcYc3s/7AeL2AeO4E77v4kX7w7i5ljTYCPYx8ewzsc1bR4aGwejoL6YbTQ2NgywpWIiIhcuxQ+ioiIiIjIFXaa0xcAYsi8NYOJUUCUk3m3OhkLcKGR48NQy9nX/oHcr73M2csp5MP/YOVDa3i/r3yx+Ofkzvs5719OHSIiItcxhY8iIiIiIiK9amHPxl/yfkYaM6OHu2wPW/8+m2lPF4+SckREREaGwkcREREREbnCJjJxLMBFjuwp5bQf8Nexd08dFwDGxjPtqrYvrKWIN34HX1gyn2HPHmnhQuNoKkdERGRkKHwUEREREZErLJY5sxIZEwHGhTO8+dqf+a/XDnPoQgAiLEyfNR3roMtq4dBzj5I7I5tpM7LJWvQwzxV3miPtq6bg2b9hfm4203Lv52f7Ova1fLiGVfPD77vnSbae6lpy47aX+d2kv+GBW6Lh1DaeuGcO02ZkM23GfO74p22dpnM38v7LP2Tl/NC+v321uqMQo5qt37ufrPD7Vj13mBbqeemxRTyxE3juYabNyObH+wCjnreffjh8LnP4zPe2UWWEy+m1/j7KERERGUUUPoqIiIiIyJXnnMm9i1xMtkW2b7LY4pmz6CbynEMo5/Bv+bunG/nqH0s4fng/O3/7JEtndBqn+M5vean1bn7zyst8Z95hnv3PcGh4fhvf/vzPGf/kTo4fLuI3txTxtz94rVOgWM8br24jeeUiZpo9bP3Z13kp+2mKD5dwvPhlnlk9h/Htx77MS3un8c3fv8a/PzyWrf/j5fZnQB567m/426N3sKG4hOPbvk700w/zi+JE7vnfL/MvtwBf+CXFRUV8MxcaX/8BX3p9Dv++t4Tjh1/mnqNf5xvrq4G+6u+9HBERkdEkcuBDREREREREhp953HRuXzx9GEo6zhtvFrF06nySp2V13bXoe/z71+9mPOC8cxE/fj008vHsn19mU/PDrLszEcyQnjufma3xHdOrT7zJSzuzeOw7WYAntG3/Tt44PId7siYzs0s1j/LUTx7mRoDPLIEXfOHtxbzx78e59Tt3MTMWmJpN3qxcomMhOn480RYgOp74BBtQz9bXtsGdL3BrPMA0br19Mj/eWczZhz/ZZ/09yxERERldFD6KiIiIiMgV5TtfzaHjZ6mu/4gLLQGMtqnFZhOW6BiciXZSp01lWoJl4MKyHuHXPznLE08/yiefjWbmA0/z//5lCcnmAd4XrjM6fNz4O3/An+7s2F2282Xez72fZ6YB2Fj6T2v45pP/wPfve5knEubznV//ksdmDfwkyJZmiDbHhF/l8tgra/o89mIroenTz3XaeNvl1S8iInK1adq1iIiIiIhcEb6zx3jzjT/z+7fLOXCykXPNnYJHACOAr7mZ6pM17Hp7D8+/sY/9Z319lhcSTfr932ND4X7+vOZhol9qm6o8gHDo2GL0ss84zNbfHGbp6s+Q3LZt/Hwe/+VODhe9zFMLTvHjz/8v9rT08t7urYuFFuPiwAcCMZHAo2s4frSk479fhkZtXmr9IiIiV5vCRxERERERGXEfHd3HS3+p4bQXiIphcmoqn7ptLg+t+CRfbP/vVu6/LYP5qfGMjQLD+xEH/lLElqP9LOd85jDvn2oBczTJtyzh1klw1uPp+3gfXATGz1nEjbzAf74cCipbTu3kd9vqQ8cUv8YvTi3hzgVt05hbKCs+TKMBJGSRvygLmhtp7Cf8C4WaWeTdH82e3/yePY2A4eHQy6/xfuf3tbS9SGTOolx4c2foWKDlRDHvnxpk/S1KIkVEZHRS+CgiIiIiIiPsJIVHPsIgkvGZWTx093xuz53C1LFj6Dqx2sKYsRPIzJ3DvXffyh2ZY7AQ4OyRco70UXJj+Zv8+L7wKtBZD/O78V/nmS9k9X6wGXjnMNUtwNSHeebpRbz/vTtCq13f90vKWi8CLezZ8gJ84WGWJrS98Szv//KvmZ8VWhl7/v/Yz/Knv8bS+N7qsBDNfsqqAaK59ZtreDz6BVbNy2Za1iK+tO0s0QZAIjNvySL6d48ybcbdPHcUku99ku+kbAgdOyObrAee5o+l9QPU37McERGR0SQiGAwGr3YjRERERESkd7W1tSQlJV3tZvTr0NEKZs5I7eeIcrZsrOZszDjuuDOHiYMuuY5drx/m+MUxzFkxl9n9HNly3kOL2UJ8/BCfg9jiobEZouNtoec/Nm7jv8/7R8aueYd/WRDd/7FDqea8h5ZoG/Gxgzi20UMLvZzLZdQvIjIcBv56f/VdC983P2604IyIiIiIiFwZF8/x5sY/j0jR0Qk2Lmn5lWgbnTO+xqKdbJr0N/zpll5K63bsSLUvOr6PYy+jfhERkatF4aOIiIiIiEhY/JIfcHgBGlkoIiIyTBQ+ioiIiIjICEtj2Yq0q92IQYsexNRoERERGRwtOCMiIiIiIiIiIiIjQuGjiIiIiIiIiIiIjAiFjyIiIiIiIiIiIjIiFD6KiIiIiIiIiIjIiFD4KCIiIiIiIiIiIiNC4aOIiIiIiIiIiIiMCIWPIiIiIiIiIiIiMiIUPoqIiIiIiIiIiMiIUPgoIiIiIiIiIiIiI0Lho4iIiIiIXBaTyYRhGFe7GSIiMoIMw8BkUowkQ6e7RkRERERELos9fgxnzp5TACkicp0yDIMzZ89hjx9ztZsi16DIq90AERERERG5tk10Ojhd18DRimoCgcDVbo6IiAwzk8mEPX4ME52Oq90UuQYpfBQRERERkcs20enQL6UiIiLSg6Zdi4iIiIiIiIiIyIhQ+CgiIiIiIiIiIiIjQuGjiIiIiIiIiIiIjAiFjyIiIiIiIiIiIjIiFD6KiIiIiIiIiIjIiFD4KCIiIiIiIiIiIiNC4aOIiIiIiIiIiIiMCIWPIiIiIiIiIiIiMiIUPoqIiIiIiIiIiMiIUPgoIiIiIiIiIiIiI0Lho4iIiIiIiIiIiIwIhY8iIiIiIiIiIiIyIhQ+ioiIiIiIiIiIyIhQ+CgiIiIiIiIiIiIjIvJqN0BERORKCgQh2P5vkEAwtD0IBDt9TPh1+8ft24IEgYjw6wgi2l90bAv9r8vrPrZHRITKiAhv79gmIiIiIiJy7VP4KCIi15VAEIxgECPYPWiEQFu6OAw6QslOCWVvBwyptA6hEDKiRyDZ5eP2baHw0qTQUkRERERERhmFjyIics0KAkYAWsNhYyhwHL6A8WoKjcQMdt3Q79EhEYApIqI9iDSFQ0kTEe0fi4iIiIiIXCkKH0VE5JpiBMEfCNIaCI1wvD6ixuETpGPkZ889IaaICEzQPlrSRFtI2bFdRERERERkOCh8FBGRUS8QDhz94VGOcnkCwSAB6GU0ZWhD2+jJiE7BpDkiArNGToqIiIiIyBApfBQRkVGrNQAtgSD+gALHK6lt9GTXcDL0whQOIc0KJEVEREREZBAUPoqIyKhjBMFnBGlR6DjqBIKhFcL9QG+BZJQp9LGIiIiIiAgofBQRkVHmohGkxdCzHK8lnQPJi0aQyIgIIk0KIkVEREREROGjiIiMEv5AkItGeLqvXNNag0FajY4gMiocRGp6toiIiIjIx4/CRxERuaoCwVBI5dMU66uubbXr4eYP0P7cTgWRIiIiIiIfLwofRUTkqmkxgrQYENAk66vKHBFBjDk0QlFERERERGQ4KXwUEZErrjUAFwNBWjXa8aozRURgi9IwRBERERERGRkKH0VE5IoJBKElEFpQRkYHq/lqt0BERERERK5nCh9FROSK8IUXlAloQZlRJTJCox5FRERERGTkKHwUEZER5QsEuyw4IiIiIiIiIh8fCh9FRGTYBYIdoaOhkY6jWmswSJRGP4qIiIiIyAhR+CijVpBQgBEIBgkEQ6+DQFuO0fY6IvyfKSL8cQSYiMAUEdomIldOa3iEoy8Q1PrV1wivgVa5FhERERGREaPwUUaFIKHQojUYxAiAEYTLiy5C7w2FkhGYw0GkOQLMEREKJUWGmaZWX7sCwSAeP8SYIxRCioiIiIjIsFP4KFeNEYTWQJDW8L8jEVkECU357LqwbhBzRASRptBCC5GmUEgpIkOjqdXXDyMYpKk12P7HmrZR5BGE/mgTpb/YiIiIiIjIJVL4KFdUMAj+YBBfIBQ4Xi1GMIhhQEs48ow0RRAZ0RFGikjvAsHQCOW26dWKHK8vbY+5gNCo8bjIUBgpIiIiIiJyqRQ+yhXRNh3TH7jc6dQjozUQpBXri6LIAAAgAElEQVSA0MifyAiINIWmaOsXb/m4a3skQtu/8vEQbUJf/0RERERE5LIpfJQR5Qtc/VGOQxUIBvEFwRcATdGWj6OuoxtH5x8MZORpqrWIXKuCweD/Z+++o+u67jvRf0+7Db2zgF3sRSTVLCkqdizHlm0pLrHlFDuOJ7HjlMnMezOe917eelnJJFkzzps3JWOn2HHsRBk7rnGPY9mWbMmSSImi2CmSYC8g0W45fe/9/jgACBDtArjl3IvvZy0QwLnnnrNxCdzyvb+9fwjDcPx7XddhGEYVRzQ3KSX6+vrQ3d2Npqamag+HiIiopBg+UskpdTN0rId14CZO0dYwYYq2zqpIqg8KgBitauT6jTRG4/0bEdWoIAjwyiuvIAxD6LqOIAiwceNG9PT0QIvpnZsQAseOHUMikWD4SEREdYer21FJ+VIhFyo4QtVlgKEQTR93hEIukMgFCnao4Mtbm9oQxZNU0e+wK6IGI9lAYcSXyIcSbp3+3dLC8D6NiGpVGIY4duwYgiCAZVnI5XLYv38/XNet9tBm5fs+hBDVHgYREVHJsfKRSkIowBUKQQ1Nry6FsU7aY1O0xzrFsjKS4kCom7+jYrSicWn9hdJiBELBNHknRkS1ybIsbNu2DV1dXbh8+TK++c1vIp/Po7+/HxcvXoRt2+jp6cGWLVtgWRauX7+Ovr4+aJoGy7KwdetWSClx8uRJ+L6PIAiwZcsWZLNZJBIJrFy5ElevXkVfXx927dqFVCqFEydOYNmyZWhsbMSJEydg2zY0TcPmzZvR0tKCGzduIJfLQdM09Pf3Y8eOHchms3jttdegaRqGh4erfbMRERGVBSsfadFcoZAP5JILHqcjlZpUGTniR9VlrlAIefNQmSgVNYXxRFSJmwsUhn2JXCBhhwqeUAgZPNI8eTL63SEiqmVKKQRBAF3XoWkaXNeFUgpCCBw/fhxXr15FGIY4ePAgBgcHAUTrLwLAuXPncOrUKSilxj8GBwdx7NgxCCHQ19eHgwcPYmhoCJ7n4dChQ7BtG6dPn8a5c+eglMLAwAAOHjyIIAhQKBTw/PPP4+LFiwiCAPl8Hi+99BIKhQKklJPWqSQiIqonrHykBVuq1Y7zoRCtoRcAgIjWjDRG14w0tKibNns6ULGkij6EUqOfow/GirQY1ixV2grR/TwA6BpgaRrXgiSiGV3pH8BwNj8e3lXK9k3rpmwLggDPPvssMpkMPM/DunXr0NjYiGQyiYaGBniehxdffBGDg4NYvnw5HMdBIpHAihUr0NnZiWQyCd/3Yds22tvbsWzZMjQ0NMBxHJw+fRqu6yKXy2H16tUYGhpCIpEAADQ0NOD555/Hxo0bsWvXLly6dAlPPfUUbr/9dqTTaQwNDeGOO+7AunXrcPHiRQwODuLxxx9HMpnE1atXp/35zl68goId7ynjRFT/dF1Ha3Mjlnd3VHsoVIMYPtKCRNV9UaUfFU8h6vwdTtiiIQohDQ0wdIxP3ebr+6VLTpguPRYySlYuUhk0WzrfACGikrjSPwApJTat641FZ+mxjtdSSnR2dmLLli0wDANHjx6FlBLNzc0wTRNKKZimiV27duHkyZM4dOgQWltbsXv3bqxZswY3btxAX18fTp8+jb1796K5uRlCCAwODiIMQ6xduxbXr1+HrutoaWkZX2OypaUFmqahoaEBSin4vg9N05BIJNDW1ja+X0NDA9LpNADANKd/aba2d3klbzoiomkJIXD1+iCu9A8wgKR547RrmrexRhUMHktDIeoy7Mloymw+kBjxJbLBzSnbgYwq3ai+iNHO8GN/U2PTpbOBHP+/j5oZMXik0ms0GTwSUekMZ/NY1tUei+ARiNZ8vP/++/HII4/g3nvvRVtbGxzHwaFDh9DS0oLVq1ePh34A0Nvbi7vvvhvd3d04dOgQRkZG0NjYiPvuuw8bNmzA1atXcfbsWWQyGTQ0NODChQuwLAs9PT3I5XK4ePEili1bNt6tOpfLQSkFx3Gg6/p4ZeREyWQSjuMgCAIIIcY/ExHFkWEYWNbVjuFsvtpDoRrEykeal7HOzlR+cnRqbTC+JaqS1Eenauta9O5B9HW0jTlCPChE6zBKRJUXUkXbxj6PVTISVUtC12Dy7UciKiEpZWyCRwDQNA2maU4ak67rSKVSOH/+PEZGRgAAuVwOnufhxIkT8H0fnuehqakJlmXh/PnzuH79OgzDGA8dTdNET08PDhw4gDvuuANNTU2QUuLy5cvYuXMnLMvC5s2bcfbsWTiOg8HBQaxZswaZTAa+708aY3d3NwzDwHPPPYfGxkbouj4+LiKiODIMo+JLa1B9YPhIRSuEXN+x2qLgKpqOO/USQMOEYHL0w0C0RpsOcK22RZouVJSTto0FjPw7oXhjxSMR1TPLsrBz505kMplJ2zOZDPbu3Yv+/n5omoYtW7ZAKQVN02AYBoQQMAwDe/fuRUtLCwqFwvj07fXr12Pt2rXQNA3r169HoVDA2rVrYZomtm7diqGhIbS1tUHTNGzYsAFhGMJ1XbS2tmLz5s2wLGv8/GPjam5uxp49e3DlypXxqd/JZLIaNxkREVFZaUqx/IbmxuCxdikpIUe7OuqjT64NXYeha6OVlJjweTSo1KLrTZz+YxgGLMuCrtd+udRYiDj2G61GA8OJ2ycHjVxzkepLQteQMZlAEtWKa9euoaenp9rDmNWRk33TNn6Jm7FO14ZhQLvlXdmJz3nGSCkhhIBpmlP2X+h5FrIfEVFc1ML9fS08bi41rHykOeWCaM05qi2B7yMIfET/dQpRxHjzs64bURBpGICmQdf1qJpPCoRBCCEENETTljQoaBCA5iFpJZBIJKCPlk5F+4wGl6MbJj51vvVp9MTn1RMvm/QbpiZ/P+Xr8YAwuuTWwBDAlCAx2q80AeJYoDsfuq5B02o/uKX6INTNewMioqVkbDr2dKabNq7r+oLeeJ3tPAvZj4iIqJbxkY5mNeJLVnvVGCklXMeGnFKpqiZ9FkLMuah5FPRNvl4gPGiej2QyCdOypjl+bYqCVzkaLEpAjVZAjFaBTr09588wDCSSyVitiUVLk1AK+QBosuovfhQKMOrvxyIiIiIiqlkMH2lGDB5rz1jwOLZ+EaBw4uhpDFwfxI3rQwCAVWtXYNWaFejs6sDkwFCb9P2Jo6fx7NP7cOHsZdy4Pog9d+3A/Q/dhc3bNgBQ8DwPQRggmUzV9FRsIQQ810W0AsXMt8fY7TnT5cV8L6WA69jQdQOmZcE0DGg1fNtRbRsLIC0dMOpgqp+Egi8AUwcMpo9ERERERLHB8JGmlQ24vl2tUVLCsW1AKRQKDp767o/xL99+BnbBmXb/TEMam7dtwKo1K7F5+4bxqOzi2cv4ydP7cOHspUn7P/ujfXj2R/uw564deO/7H0dXdztEKGCHBViJaCp2raxVFK3fFCIIAkgRdWvTtKjIc3xyuqYwcWa1pim4ArBDICeAQCmEEtGHAgTU+NehjPZvMoEmE2gwgSZTocGIji+EgJQCnoqmc5mWCcuqnduP6keoFEIB1Hrl8kRKakixuJiIiIiIKDYYPtIUuUDNez07qr4gDAEoPPv0fnz+c1+bMXQcYxccHNh3GAf2HQa+VPx5Duw7jBNHT+ORRx/EY+9+EwANYeBDhAESyVQs1i0am0ItpYimT49+BkanVquba1+OVTQGUkO/p9DvAQO+Qj7UkBcKhRDIh0BBAIFc3LiWpYA9LRp2twIZQxsNOBUC30cYBLASCVhWYtE/P9FSJpSCUBqnXhPVhBAjZ4/hmSODGPSjLUYigzXbN+K+ta3g+whERET1ofopAcVKns1latJYgHW+71JRweNi2QUH//TFf8azP9qHD/7mE9i8bQOUUnAdp2pVkEpK+EEAEYaQspiUMPo93zeksG9Yod9TmLysY+n/Dq66wHdchWcHgY0NCr1pDavSCt3J6P/Qcz2EYVjzU9mJqi2QilOviWIvi9deOILnLvuTtgrfxpkDB3Hl2gY8ek8vGqs0OiIiIiodho80rhAqhAwea5IIQ9y4PoCP/9Enyx48TnTj+iA+/oefwJ67duCJDzyOzq52hIEPKQSSqcoEaEophGGAwPdHKxond9S+1UgAXHCA87bCWRu44pZ9iFNkA+ClYeCl4Wi8m5uAu1o1bG4CpBBw7AKsRBKJBKsgiRYikODUa6KYc069hhcu+wBMdG3ZgNdvWoY0bFw8eQw/Pp6Hc7kPz5xqx6O3Zao9VCIiIlokho8EAHCEQlCCbr5UHWEYzrq+Y7mNTcV+7N0/hze+5QEIIeDYNhKJBKwSB2hjU6qFEJBCIAxDADfXbHQEMOADgwEw4ClkwyhwHPvsLXLqdDmcyAEncgpbm4A3dGnoSQKB7yEcbejD7thE8yOUQig1mCwgJoqpYbx6Jg8BoGXjTjy6tXl0ewa9W+/A28UL+PJrLq6fOYfB27aivZpDJSIiokVj+EjwhIInGDzWslw2h+ee3l/VMdgFB5//7NdwYN9h/Pb//qvINGTg+x6EFEgmUwuahi2EGA8Zo+9DTGgJg4lrNl52Newbktg/VMIfqsKO5aKKzJ/t1nBXmwYlZTSV3bJg1VBDH6I4CJSCCf7NEMXTAAYKAJDB+vHg8abGre1of+0yBgs2LgIMH4mIiGocawKWuEBGVY9Uu3zfw09+tK9qVY+3OnH0FD72O3+M40dOQSkgDEI4dqHIdRhvGque9L1oHcQwDKFUVPk48fOpvMKXLil88kxtB49jCgL4+hWFL12SGPSjn9P3fTi2DTEawhLR3MIYVjkT0a10TNtVxtDZbIaIiKiOsPJxCZOKwWOtU0ohCAK8sv9wtYcyiV1w8PE//AQeefRBPPGBx6GUgmMXkEgmi+7mLISIapZGC5cCGa2VmBXAZQe47CpcdoAb/mxHqV0HR4BztsLDXRruaAWUknBtG4ZlIplIQmNDGqJZses1EREREVE8MHxcwlyhINlgpmZJKeG6Dgo5GyeOnq72cKb1L99+BsePnsavfeS9WLV2ZdTNOQhgJZIwzdnvfkzTxD9fdHGyEIWOubBCg46R4QD42mWF03ngoU4N3cmokjQMQliWhUQyyanYRLMQSsHg3whRbORPH8C3D2XhjD/9zOPAV5/GgZmvEV2umejduRM/u2HqFG0iIiKKP5bOLFGeUPDZYKYmhUEA17Hh2AUoKfH97zxT7SHN6sLZS/j4H30Szz29D5oWhaae68AuzD4V++VBgR/eAC45SzN4nOhQFvibcwrPDwESUXOdMAzgOs54h28imorF/URxch7PHZkYPM6DCnHxyGkcL/mYiIiIqBJY+bgECRVVPVJt8X0Pge9jYtZ04/ogvv+dH1dvUEWyCw7+5pOfx4H9h/HBjzyBTEMaSkk4dgHpTAP0aaYQD8SxLXUV2QL49lWFfUPA7c0a7u8ADCXg2AWk0mnoOlfHIrqVkJh+PTkiqoIAoQCARux5xx3YVfT1TuPbX72I60KiTldaISIiqnusfFyCXKHA6LF2KCnh2PZ48Khp0cdPn9mHP/wP/yU2jWaKcWDfYfyH3/1jfOPL34NjO1AK8D132n3XNPDuaTrXPeD71xWevKAwFGB0PU1n3g19iJYCwcpgoiXFu3oGp87l4N3an82+gVNnLiJr33qFHC6cOYPrWW/yduEhe+4MTl2deqxYnoOIiCjm+Op+iXGFQsDp1jVDKQXXdSCEgFJRpePnP/tP+Nhv/zE+/YnP11TwOMYuOPinL/4zPvY7f4wD+w4jDKOu1o5jwy7kkc/lkM/l0Gu4eH1ntUcbX6cKwJMXFM4WxgJIG2EQVHtYRLGiwKnXREvG8x/H1gffhjc9cg92//krN7eLF/Anux/Em978Juy+77/h5fELLuIff/0ePPTmt+GeO/81vn795lUufPkj2P3I2/CmB+/Bb37jRszPQUREFH+cdr2ECBWt9Ui1w/c8SCnh2KPTlvfFq6v1YtgFB5/5i8+js/s3sXrtyvHtE3tDvKFbQ2sC+Opl/t5Op98Dnryo8NhyDTubFbzRKlLTsqo8MqL4YNMZovjLn3wJ3ziahw8Ty7ftxJs2zb+xTHboZrLnTSwyLGTRP/a1PXHidg7XL9z8zp1QZZgdunTzm0nb43gOIiKi+DP+4A/+4A+qPQiqDFcoVoDUkLGqxxNHz+BP/u//jgtnL1d7SCUXBCGOHDyBN77lQQCAJkKYBQe6H8DK20hks1hnD2ODLGCfbKzyaG9SQkCKEEoEUCIEpISSAkpKQAM0rXJF5aECjmSBpK5hVVohDAU0TYNhcKE7IgDQocHSGT5SbSsUCmhsjM/j4HSuDwyju6Ntlj2G8NrxLGwksHzrCvSMbz+PHz3bjxEJABL5QRupzcvROef1Jkt2dqFdeEiuvR+//u63YXv3aI1FshvdHQKu1YsHfv29eHxb12j1RTPae5oB0YDb3/1ePH7/GrSMPny3tC9DixTI7HwXfunx+7G2Oc7nICKqrLnv76uvFh43lxpNsVXqkhBIhULI/+paEoYhXjt2Ch//o0/W5PTq+fjDJ96I29etnnWf78tGfDk1+z7lpJSC8BwoIaBbCRiJ5Bz7S0ApaBVsBPMzHcDP9WhQCrAsC8lUqmLnJoorU9PQaDF8pNp27do19PTMFLvFw5GTfdi+ad0se4w2jpnScOY8vvf1PlwZq/4zmnHPY3uwZc7rERFRNcx9f199tfC4udRwzcclYsqC1RR7Ugp8/nP/VPfBIwC8+NoFyDneB3mjnsdup3/WfcpBKYXAySN08tANE1ZD05zBIxBVP44HjxV6j+cnA8BXLkXnCoIAnjt9Mx+ipYStmIjibjXu29KIhAZAM7F8y4YJwSMRERHVA1brLwGeUAhZ4FpzbvQP4sTR09UeRkWcvHwDYRgiMcdahT+jhvEKuis0KkD4HoTnwkgmYSQWUUVYwfXmDowABaHwK6s1BKMNaBLJJDSueUdLVPTGBn//ieKscdMdeN+mao+CiIiIyoWVj3VOKsBj2UdNeumFV6s9hIpx/BChnLs8d7sZYrM3UPbxKKUQFHIQgQersWlxwWMVnMwDf9Gn4EmFIAjg2Da4wgYtZZK//kREREREVcPwsc75Us05nZXiyXW8uXeqExcGRiBEcSn5neFwWcciRQhvZAi6aSHR0FzR5jGldMkBPnEGGA4BKSVcx2EASUsWw0ciIiIiourhtOs6JlXU4Zpqk5RLqWS1+N/Te7QCfhjkcNlqKvkopAgR5EdgZRqLWtcx7oYC4M9PK/zaGg0rUgKObSOdyXAKNi05Epx6TVR9FkwDgMjjwFefxoH5Xt3QkSjDqIiIiKj8arOkh4ris9SjprV3tlZ7CIsipUAY+ghFEHV+nsWKtuKDRMs0sdrPLnZ4U0gRIihkYWWKayhTKnPdNovly2gK9ulCFGjbhcISC7aJWPlIFA+rcd/2ZqQX8j6AZqJ3OxvREBER1SpWPtYpVj3Wvp27t0FKAX2sY3INESKEqSvceVsvbmTzuDAwAj/wYZrTNz5JW/P7GdcrG8+XarAYCx5zsDJN0M3Zm96UWqWmdX/2vMK7VwK7mgHHLiCdydTk7xbRQjB8JIqHxg178J4N1R4FERERVRrDxzrlCgWTUytrWu/KHnR0tmFosPRVfuWklMK6rmb83mMPYXl7G0zdwIht44vPHsDXXzwMw7RgGtaE/SXWL2tHco5O1xNth13SMQeFHMxUuuLBY6V96RLgCeDedg2B4yKdSTOApCWB4SMRERERUfUwfKxTGZPBYz14/OffgL/9m6+iltYqa06Z+L3HHsK6ZcugjwbgXS0t+OijD+OB7bfhr777LE5dvQFdN6AAJAwNb9m7BYl5hI9NuoZeP4uLieZFjzf0HCgla66j9UJ946pCoIC3LNMA30E6k4FhMICk0hjL+Cb2NlITP6uJ29Sk1V6Vmrz//I+HaY4XnYNvxhERERERVQ/DR6IYe/StD+NvPvXlmqpOe+sdm7Gyo2M8eJxo55pe/LffeA+eO3oKT716AkopvPPeXVjd1TWvc1imidv8odKEj64NM5le9HFqyXevKQRK4rHlOmzbRiqVgjWP8Jeqo1zBHtRs4d1sYaCacjkREREREdGtGD4SxVhzcyPued0u7HvxSLWHUhQpBW5fuxKpxMz9KHVNw89s34j7tt2GMAxhGDqMBYSrK6W7mKECAJQUkEEAo6lt0ceqNU/1KwRS4p0rNDiOAwBLOoCcLdgb/1pNjtvmDAMnXWe24003BgZ7RERERERUHxg+EsXcjp2baiZ8XNnRjN7O9qL21TVtXlOtb7UG3oKvO0YGAYxkCppemaYvcfPMDYVAAk+s0uG6UZhbjgByfkFc6YK9aa+DaF3SW7cRERERERFReTB8JIq5Bx68E5/59FdQC+s+rulsg2lWZop4ly6RliEcfeF3YyLwYFgzV2kuBT8dVHClwBO9Oty8jWQqBSuRmLkqb8I3s62zd+t2IiIiIiIiWpoYPhLF3IoVPZBS1sS6j53NDbCMytytGLqOZUEefcnWBR8jqnxcWus9TufAMOBJiSdWavAdF2YgkEwtjQY8REREREREVF5Lc64hUY3ZuXNztYdQtEp1TrZME8vC/IKvr6SEFCF0dnoGABzNAn93QUEphSDw4bmLX1OTiIiWDl3XIYSo9jCIiKiMhBDQl+iSVbQ4/K0hqgFSymoPoSgnL99AGIYVO1+XXPi6j1JE49RqoKK0Ul7LA585B0ilIQgCBpBERFS01uZGXL0+yACSiKhOCSFw9fogWpsbqz0UqkGcdk20APNrhqGmXn7LmnkTt0+3zl7X8i4cO3ZmscMuu4sDWWQdB50V6prcsYjwEVIu2UYzs+mzgU+dU3j/Kg2ADwCcgk1ERHNa3t2BK/0DONl3sWbeNCUiouLpuo7W5kYs7+6o9lCoBjF8pNhZTGdc4GYgOG2zjGnCwqnHnO461W2g0d7ZVqUzz4/tB/j8T17Bbz/6YEXO16MtvLpCKQloDB+nc9EBPn1O4ZdXaWhBACklUuk0NC3+TY+IiKh6lnd38EUpERERTcHwcYkpNti7+UkVHewVf8zpu+OyM+7MVA3dOP9y8BR2rFqGh3duKvu5OuFDw8JCYaUUw7RZXPOAvz2v8Iu9QFcyhGPbSGcyvM2IiIiIiIhoXhg+1oF8MM203rGvY1C1R3ETNRSRcrRqUNOg6wZMwypZsPSX33sBG5d3YWWZKzYtw0Rb6GDQnH/Hak3To+pHmtGAD3z2PPC+VRpWpiQDSCIiIiIiIpo3ho81zpcKYS2VxVHVCSHwlr2bcedtq9CSyaB/OIcfHX4Nz588B8tKQi+qAYuClGrGTme2H+DLz7+K333bQ6Ud/C00TUObcBcUPuqmBSUEFNd+nFU2BD53XuGJXg3rMgJhGMKq0JqeREREREREVPsYPtY4jw0Fl4RSFprds7EXv/LwXWhtbAIAbFsNPLxrCw6du4g//dL3MOIEMI2Zw6Uw9CHEzY7WmqbDMEwYxuS7k/PXh+AHARLzDKqkUgjDsKjrWWZU+QjMv8JSN01oug4Z+jASbKgyG0cAf39e4T29GrbqPsNHIiIiIiIiKhrDxxonWPW4JJRymuudt61Gc0PjlO071/Tik7/5BP7ki9/Fq2evwjSt0crG6NxSCoRhgJ1revBLD96B1V3tOHd9CK/0XcI/HziG4YIDw7CgaToABT/wEIjiQsSJPN+HMY9KxLbQndfxJ9JNCzIMYSQWfIglI1DAkxcUPrJOYF0iYABJtYUrBRARERERVQ3DxxrmSwaPNH+OH0CfIcxsyWTwnz7wTnzlpy/ji88ewFDeGb8slbDw8/fuwjvv3YWWxibomoa2pmbsXr8Gv/L6e/DV51/Bd146iksDI2hrTOOJB/YgYc4/oArCEEai+DSwU/nzPscYM5WGn8/BTGdGQ1Oay/4hoDfjMXykmsK/biIiIiKi6mH4WMN8TrleOkpY+Xh1KDvnPu+8dy/edudOnOsfwMWBIUgpsXtdL9KpJDLJqVOUDd3Au++7A+943W64vo8gDJFKJGGZ87+L8cMAqXmEj80qnHunGRiJFHTDhnAdmOmGBR9nKdk/DNzZJln9SDWFPZKIiIiIiKqH4WMNY6OZpSOTKc2ahGHoY+Oy9qL2TVgWNq5cho0rlxV9fEM30JCaf/OXMUopBGEIcx6hZQaLS+GNVBqhU2D4OA/7h4CVaQ+mabLzNdUEVj4SEREREVUPn4/XKE65XlpWr+td1PWVUggCF3dtWIm9G1aXaFSl53geEqY147Tw6TRri/tbMJNp6KaFwM4v6jhLyf5h4JIj4boOFN8EoRrAjJyIiIiIqHoYPtaoQFZ7BFRJt+/dASkXXuFnQOBdr9uF33nrg2hrbi7hyErL9T2kknNPuRZSwA8COJ4HK3Dm3H8uicYWAIBfmHtKOkX2DwEiDOE6i7/9icpNY8cZIiIiIqKq4bTrGhVWofLR0jVYOpDQa/tFnFJR5agnAVlDVVubtq7HqRPn5n09IUJ87F0P4/Z1qxY1JbrchBDwwxCtTVE4GgWMIUIhIKTAjXQzhswkBhMNGNaTGDaSGIaFYaFjkTOvAQBWphGha8PPj4yHkTSz/cPAhgZge3MIIQQMw6j2kIhmVOMPW0RERERENY3hYw3ypUKlIzNL19Bg1serN00DkoaGpAE4IeDVyBT2B3/2Ppw8dga6Pr+QZ/f6FdixemWsg0cAyDlO1GimtQVBJo2v5ZMY1BMYViaGhY7hYHRHhShsLEPDJTOVgfA9+IUczGQK+gK6dS8lX7gE/KKuYbvhIZ3JVHs4RDOqj0cvIiIiIqLaxGnXNSis8JRrQ6uf4PFWSaN2fq43vfX1aG1vBuYZPa/pbJtX9+hqEJYF83V3IvnmR+Dt3AZndS+uJBrxipPAWXdC8FgBRiKJRKYRwnO5DmQRnh9UCMOo+pEorl/yGH4AACAASURBVFj5SERERERUPQwfa1Cl13usoXxu3nQN82puUm0f+I0nEITzT+ISVrwr+MTG9TBaW8e/dwKBS9VcSlDTYDU0QTct+PkRCN+r4mDi7UwBeHkECIMKJsRE81A79/BERERERPWJ4WONCaRCpSdd13vFSC39ePc/dA/e8Z5HEYQ+iq2AlDLe3YlETzdEe9ukbZcLIbJhlQY0gZFIItHYDBkG8PNZqJjfltXy/CBQ8PzY/67R0lRLbzAREREREdUjho81ptJTrgFA1MaSiAtWS01nAOCXP/QevOmtD8H3PSg1+y+EUgor2poqNLL5U6YJf8PayduUwmUnTv8nGqxMI8xkCoGdQ+jGuLtzlX6Xr3nA84MagsCvyvmJZsPokYiIiIiouhg+1pigCtlCIBW8Ok0ggyo07ymFD//uB/G//f5vwTA1BIELIaaWCUopYBgS63raqzDC4vjbNgP65LshKSXOFOL3v6JbCSQaW6BpGoJCFsJzqz2kqTQNwvcQOoWKn3r/sELeDaBqLMyn+sfCRyIiIiKi6mL4WEOEql6VniMUghrpCl0sVygUwtr9me5/6B781ZP/H375Q+9BS1sjPM9GELgIAhee78C0dPy7/+f3sH7rpmoPdVr+lo2QzVOrMkUY4oxdhQEVyUimYDU0QymFoJCLXQhpJJJQSsEZvAZZwUrE4QA4lFUQYQzmyxNNwCc6RERERETVpSmWqdQMTyg4Va5A1DVtygu5a67EyowOS9dqpjmNGv1H4ebKiVIpBBLwazRkPXWyD4cOHEEhb2Pnnm24fe+O6AIpkTpwCJoTn+nC/sYNED1d017WN1jA/zhVO52TZeDDt/NItcSrwtTLDkH4HgwrgWRzW0XKv9ZmgA+t1dHQ2Fj2cxEVK2VoSNXKgxPRDK5du4aenp5qD4OIiKgm8HEzfsxqD4CKF4eZz1IpTFxlMGVo2NBkVG08C6WN/jPx5aihabB0IKk05CrdUrwEbtu0DrdtWjf1Al2Hu3cXEsdfgzEwWPmB3cLfshGis2PGy8/ka++2jyMr0wQZBhCBD3vgGqx0A6yG8q7/edYGTuUVdqQFDKP27heoPjF3JCIiIiKqLs5GqiFxCB8n0jUNiTpshW1oQINZZ38amgZ/6yaEvSuqNgSVSsG7fceswaMQIc7FcL3Huei6ARkG1R7GJLppwsrcDBsDp4DQK3/166sjCr7vlf08RMUyuOgjEREREVFV1VnCUr+kAkTMZsibGlCH2SMAwNKjcLXeBGtXw9+6CSphVfS84bIeuHtvh2yafTpuGIQ4G5/Z4UXRrQQSTS2QIoRv5yq6zuJczFQaRiI1/r2fGyn7OQ9lget2CClZwUrVp6F+H6eIiIiIiGoFw8caEcYseATq/wVdvf5xiI52uHfuQbiy/FWQKpGAv30LgtvWFfULc80Oka/RfiVmMo1EpikKIGNUBWmlM5O+D+x8Wc8XKuDVESAM4nMb0NLFqkciIiIiouqr13yl7sRtyjUQVWPWs7qu29J1BOtWw71zN8IVy0rejEQ2ZOBvvg3u3Xsh2lqLvt5Zu3Z/qdRopV+ioRl+bhiIyRsGupWAmUqPfx+Fj+Ud26EcEMQogKWli+s9EhERERFVHxvO1IgwhklYIKMAsh4rIAOpIGMSHpWTSqUQrF+LYM0qmNcHYFzrh55bWGWcsiyIrk6Iro45p1fP5IJnAKix0kelEHoudMOApiegmxbMdAPckUGkWmde37KSzFQDQs8dD0T9fBaJxpYp+4WuDTOVmbJ9vq57wCtDEncnAlhWZaf4E01Uj49PRERERES1huFjDYjjeo8AoKDgCCBjaKUunKsqTyg4cSw1LSfDQLisG+GybkBIGNkstHwBum1Dc73oY3QarTIMqGQCKpmESqcgGzKQTU1QmfQcJ5nbsF9bt7sSAr6dgzc8gOZVG8a3m6kMlJRwhwdiEUDqpgkrlUHgFAAAoevASjdCm9CROijkoJlzPyQUG1AeygJ72xk+UnUZTB+JiIiIiKqO4WMNqHYOFi3Yr2G6l3BKAWfyAiszOixdi/0UNzX6j5r4/ehnpRQCCfj1Pp98LoYeTZWex3TpUlmeMXA6Jyp+3oWQgY/+Qy+ga8fdSE4IHsdYmaj60x0ZRKqlvdLDm8JMR9WPSka3r58fQXJ0XML3EDgFpNu7Zz2GnxtGoqm434uTeeBcPsSmlISuc4UPqo64PyYRERERES0FDB9rQDWbzSQNDSl99srGRsuY+cKY0QC4UsGtdqJL03rnmhSGPIkjw/Geei18F6HroPv2e6EbM9+NWplGwM7Dyw4h0dQKrYolwpquw0xnEBRyAAAR+JCBD91KQAY+jEQS2iwhoZcbgplqmNc5j+aAdS0+ksnU3DsTldhMb5oREREREVFlMXysAaJK6z2amoZ0HZaNpEZ/JgaQ8fShTRn83WkHBwbi2bAkdG0oKZFsbitqfyvTCOG7CPIjMJJpGIlkmUc4y1hSGQjPgQyjcNfPjyDV1gVoGoxZAkI/PwJN02FYiXmd73AWeL0bMHykqqjDhy+imqNiuGwQERHNTzULKKh+cC5czClUr/IxZdbvnYzJdcBi7Vc2pLG3I35rBQZ2DppujE+pLpaRSMFqaI5CSHthDX1KQtMmVS9KISA8F2YqPWOw6BeyEIGPREPzvE83HACHcwpBEM8gmeobw0eiylJKMWwkIqpzvK+nhWLlY8xVq+oRqO8XbvX8s9WLd61NoS8vMOTFo9W7nxuB1dAITV/YMgOariPR2ALhufDzIzCs5KzVhuViptIQngMR+AAALz+MTMeyafcN7DxCx0aypQ0L7Sp1JAvc2e6z8QxVHO/niSpHKQVN08ZflN76wpQvVImIas9YxePYffjY92P396yIpPlg+Bhz1VzvUakF5w2xx+fA8Zc2NLxvXQqfOG5XdRxKSgjfRaKppSTHM5IpGMkU/NwwpAjnXUVZCmY6Mx4+QgGhU4CZnryeY+jaCOw8Eo3NMKyFTxU/mQfO5wU2svEMVZhRrw9gRDEz9qJUSonjV/L49DMX8GLfCLwgHm8eEhHR4iUtHXeva8GHHlyFLcsbGUDSvPGVYMyFVXzeFtRx1+dqhrpUvNuaTdzVWdqKucSFPiQu9MHqv1LU/kpKmKlMSccAAImmVsjQR+AUSn7suRiJ1KSqS7+QG++CDUQNdfx8FlZDU0l+9sNZIPD9RR+HqFgaAK6uQVR+Y8GjUgrHL+fx4c8exo9PDjF4JCKqM14g8eOTQ/jwZw/j+OX8pPt/omKw8jHmqvnUzREKyTqdt+aKufeheNjRZmHfjYWtGah7LpKnjiL52jGkTh2dcrlMpuCvWg9v41Z4t22DnGYatG6W727SyjTByw5BN615N3NZ9LlTGQjPHf8+dAqwRtd1FL6HZFNryaaFH8kBP+sHSKbYeIYqQ+e78ERlN1bxIqWEUgp//fR5ho5ERHXOCyT++unz+LMntgIAdF1nBSQVheFjzMkqv5Mw7EukDA2WrtX8+llCRdWc7HJdW3a2mdjQZOB0rvjE2BgZQuNPf4D04Zdn3U/3XKROHUXq1FHI5Ldg33E/7DvumzaELAfdtGBlGhEUctBb2iv6oK1bCZipDEI3mtYeODaMRAq6lUCisTRTzMcMB8ChEYXXpQOu/UgVYXJeB1FFjK3vKITA/rPZag+HiIgqYP/ZLIQQMAyDlY9UNIaPMRaXWc+uYGBH1fVrmzL4s8OFOZvP6J6Lph9+a87QcabrNj73FDIvPYvcG94KZ/vehQ53XsxUBqHnQLgOzHTpp3fPeu50dO6xRVAD10ayTBWYR3LAnR0MH6kyTL77TlR2E6sehRDwqrlWEBERVYwXSgghxqseua47FYO/JTHGvI8okjY0/NrGNFKzlN+mj7yMzr/6+IKCx4l0z0XLd76M9i98quh1IedDBj7c4RuQIhzfZlhJiMAr+bnmohsmrAmBp/DcSVOxS+lkHjiXDyAlX5xS+bHykai8Jla6KKV4305EtMSMvfk0hhWQNBc+PY+xak+5JoqTlRkDv7YxPWW77rlo/8Kn0PKdL0MvYXCWuNCHjs/9ORqf+0HJjhu6DtyRQeimBd24WXhuJJIQvgclKr8YqZlqgKYb498Hbvka4BzNahBhOPeORItgahpY90hUfhObDTB8JCJaWiaGjwweqRgMH2OMT+OIJltheni48+b3jc/9AJ1/9XEkLvSV7ZyNzz2FjhJUQYaODT8/AiORnLKmYhRGGhBh5TtCa7o+qfpRBgHCMnXgPpwDPJZ0U5mx6pGossbWfSQioqWD9/00X3yKHmNxWfORKA58z4MUAvc3uOjd9wN0/48/QuNzT5W02nEmRv8V9HzxU9hy7LkFXT90bfh2FlamEcnmtmn30RNJyKDy4SMAmOkG6ObNtRgD14aSpa/CHA6Ao1m+rULlxfUeiSqHVS9EREsT7/9pvthwJsZYIER0UxAEOPPyUfzwM19GaLsVf+ckdFwMf+tb2HauD8df/66iO2KHngMASLf3zNrN2ko3wMsOQXgujAp1257ITGXg50cAAEoIhI4Nq6Gp5OcZDkp+SKJxuqax8pGIiIiIKGb4FD3GuOYjUUQKgevnLuG7//NJeHb5Kx1nM3j4KHq/9CkYI0NF7W8m0zBTmVmDRwDQdAOp1k4EbgGha5diqPNiptIwJnS6DpwClCj9+oytCT7sUPnM0pOKiIiIiIiqhK8CY4q5I9FNSins+6enqj2Mcf6VK+j+uz8vOoAslgwDpFo6IDwXgZ0v6bGLYaYbJn0v/NJ34G5JGnPvRLRADB+JiIiIiOKH4WNMVb7nLVF8CSFw+WT5msoshHJd9H7zyZKtOekXsgjsPJQUSDS1Qvju+JTtSjESyUlrP5YjfOxI8mGHysfUmT4SEREREcUNXwXGFKdcE93Uf+5y1adbT8e7cgXbjj2LxeQdMgxg37gKTdOQaGyGphtRB+pME4JCHkpU9q0IM5ke/1oEfkkbz6xt1NGZ4sMOlYehaTCZPRIRERERxQ5fBcYUm80Q3eTmKz8FuVi5557Dry4PsKVl/v27QtdG4BSQau2AlWmCpt+ckmwkkjCTqYpPvzaSKWDC+pQlq34UIR7o5EMOlQ+nXBMRERERxRNfCcaUZPhIBCBa7/Fa38VqD2NGnu3CO3IEv7E5g8dXF9mlWil42UFohoFkU+ukqc4TmakMhO9CBn4JRzw7TdcnT70uwbRy7+I5XPn0f0fu8IFFH4toJuxyTUREREQUT3yqHlOsfCSKBL6P3MBwtYcxq4vHTgMAHlqWwEe3Nsy6rwx8iMBHsrkdhpWcdV/NMGAkUgj9yk45nxg+ygVOu/avXUZu/7Pof/KvcfkT/wneudM4dOB4qYZINImGaNo1ERFRXNy5rhVv2NqJTILN9oiI5j9PkCpCB6DzhRQtcVJKCN+LXbOZW+UHhmCO/r1uaTbxkc0N+IsThWn31a3EvI5tpjNwhweQyDRNmg5dTrox4aGhyPVn/SsX4Z3vg3uhD96FPgTXr908nm7ANBO4cPYSNCFgmHzoodLjtGsiIirW7z+2EW/f04Njl/P46GcPwfZLu8b2o7u68e/fugHphIGvvXQVf/rNUyU9PhFRreErwBhSAKBFlRwaorxh8tfaNNuI6k8+72Dg1FncOH+l2kOZ1cCFK2i0bv4V3tVp4uyIhu9eXXwJ81gVoggDGPMMLhdKM26+Q2+mMtPu41+5CPfsKXgXzkZh48D1KfvougHDsKDrUZH92TMX0WBpMNkVhIiIiKpMA9DVlMC2lU3Y31faWTa2L1DwBJQChu2gpMcmIqpFDB/jSAHhrIs+znzZpGCSASbVMMdxIITA95/8ZrWHMif3lk7cQghsmD6zqwnCdca/Hut+7V+5CPfMyaiy8XwfwuHBSdfRNA2apkPXdWiaMR443iqbzaO9vbV8gyciIiIqkW0rGrG2M4OzN2wcvTy1CeC2FY3obU/jlfNZ9GdvNun70fEB/Oj4QCWHSkQUawwfY2gxtVIK6uYsyVkPxACT4svzPARBgP3few79Ma96HOMWHKQaoqBO13V8/UrtLtwaeg6C/isILp1Hvr8f7oU+iOzUigBdN6AbBgzdQLF//dlsgeEjERERxdqO3ib82zevx/aVTdAQvXI6cimH//LdMzh8MYd1XRl87K0bsGdNCzQAfijRn/PR1ZTA5569iNdv7cBt3Q2wfYG/f+4SPvX0+fGp3q9eyKK9wUJve/S88cXTw/jYPx4r+dRvIqI4YfgYQ9WOLBhgUjVJKeG6Lg79+GU8VQNVj2PGgkcAGPCBC84sO8dY/thBXPn8pyALeZhmAroeTcG+WdV48/NCZLNTqwaIiIiI4uTDD6/B9pVNGLEDvHI+i92rm7FjZRN+8w1r8FufO4z339+L3atb4PgCr5zP4rbuDHrbUnADibwbou+6g5VtKWQSBvasaR4/rgbg9lXNEFLBDyWSpo6dq5rw6O3d+NK+2njDnYhoIdjtOoaqHT6WgoKCVApCKYRSIZAKvlTwhIIrFByhYIcKhVAiH0jkAolsIDHiSwz70eesr5ANFHKBQj5UKITRdZzRY3giOmYggVBFHcKlqo/bbykLwxD9F67iB/9QO8GjvKUpSyGs3d/Cwae+CVnIQ9N0WFYSppVEIpFGIpGCaSZgGOaCg0cAECHf1SciIqL4emBTOzYta4CUCt862I9//4Vj+NbBfgipcFt3A955xzLsWtUMXQMOnBvB7z15BN94pR+BiF7/jNgh/q8vHcfVYW/a41/Levg3/3AUf/DVk8g6ISxDR0djZdb1JiKqFlY+xlCRzWXrmkIUYGIRFZhRJaU2XlU5bROf8W2swIwLpRS+8l//bso6inGWTCcnfb+20Zhhz4XRdB2QsqTHnI5/9RKCi+dhWSmYpgXTLP0TYcMo7W1DREREVEpNKRNJS4dUgBtEz78GCwFCqZC0dCxvTSFlRW/EDuTn30zG9gSePz2EO9e1wgsl0gk+NyKi+sfwMZaYPpaCQhRkTdow695TMcCsvPPHzmDkxlC1hzEvPWtWTNm2pkHHuUJpAkPNMCClQLmfmuZffn58mvXYZyIiIiK6ydD5DJ+IaL4YPsYQo8f4KEeAOTGUZIA5Da32fuJl63qnbHukR8d//sRXYHV0werogtnZDbN5/o1WZOADSkE3yn93XTh6EMDY+o7lCR8bm2q4DTgRERHVvZwbwgui9RjHKhzbGyyYugYvkBhxAoQieoO5o9ECADCPJCKaHcPHGOK06/pSzgBz7GugfgJMVYN/ABt2bJyyzT95BCPPfG/SNquzG1bXMlhdPbA6uucMJYNCDkpKpFo7yzLuiQqHDyAcvAGgfFOjW1qasH79qrIcm4iIiGi+Ohot/NkTW8e/D4TCP/z0Es4NONi9uhlv3tmF7uYk9q5phqFrOHPdxmd/chG7VzdjeWsKd61rxT/+1h3obk7AMjQEC1zamuElEdU7ho8xVHvRC5VbJQLMSUFmFQPMletXQSoFvQoVkFJKCCmgABi6DqOI6j8hBTbv2T5l+4njfTDNBJSSUEpBKYngRj+CG/3Ascn7Go1NsDp7bgaTXcuAMIBz7TKSK3qR2LKrRD/hzOwjr4x/Xa6qx917ts69ExEREVGZXR3x4I12m85MWHNxxAkxkPfxlz88h3/36Aas68rgke2dUADOXLfxlz88BwD44otX0NuexuqONNZ0ppF3Q0gFhELBC4tbdsf2QnihhGloWN2RLsePSUQUGwwfY4jhI5VD1QPMCZfNpqG5EYl0AqE7/wW8F0oqBT/wEcoQnW0tSCVM9A+NIPBDJK0EtFkG3rWiC6mGqU8Yz5+7DGPaqdJqNIxUkFJCKQlZyMPN5+CePTVpzyDw0P7I29FY5vBR5LLjU6513VhUN+vZbN22vizHJSIiIpqPTz19Hp96+vys+zzxiZdx57pWdDcl0J/zsb9vePyy504N4bk/fwn3b2yHF0rcsbYF77+/F14oMeKEAID3fuLlScf7j19/Df/x66+Nf3/0ch4f+dtDWN6SxMEL2RL+dERE8cPwMY6YPlJMVSrA7F69ApdPnitqTFJKKKiiqhRnur7tu7h3zxa84Z5daEynYZomXN/Dt5/ehxcOnkQmOfO70ctX9ky7/eqV6zNcQ4t+fm1qheFYhaRSMrr1NMC/WNztsBiFQy9DBT6A8jaa2bKF4SMRERHVjomB40SP7enByrYU9vWNQCmFu9e3wjI0DOT9Ga8znf6sh/6sV6rhEhHFFsPHGGL2SPWsmABz5ZbbZg0fAxEiFCGEvLmwjqbpSJoJmPNYrzAQIaBJ/KtfeBO2b1gzKcBMWhbe/aYH0N7ahO/9+BUkrcS0x2jvap+yLQxDDA/nix7HzZ9Bg6YZwGhfa13TEVwof/hoHxtrNKOVLXxcsaIbW7YyfCQiIqLa98j2LtyzoRUffODmWtY5N8TXXr5axVEREcUXw8cYYvhIS13PLE1J/DBAMmli76b12NC7DKtXdKEhncahU2fxrR/ug+N4c06VBqLgsakxhV94889g67rV0+5jmSbe+Lo9uHxtEMdOXZo22AxvOY8QArZtw3HcIn7S2QkRovHOBxZ9nNl4F8/COX0CwNiU6/Kstblj56ayHJeIiIio0j75g7M4erkDG3sa0Npg4bWrBXzv8HW8dHak2kMjIoolho8xVIPNfolKKtPUMONl63q78avveCPSqdSkpjSv27kVO29bi289/SKeO3AcKSs5bViolIIfBmhpzuDD730zetqnVi5OZOgG3vvoQ/h/P/MVFPIedH3yeoiBpiMXqNGGPAqObeMf//6bkHJxf8hChDA7u9Hx9vcs6jhzKbz60vjXul6+h4RdtzN8JCIiovpw9HIeRy/Pf5YLEdFSVZ6uArQozB5pyZvlj+ANr7sdDen0lG7YuqahKZPBux75GXzo3Y/ASuhwfBeBCCGVgpACfhjA9l2sWtGJj/7i2+YMHsdkkkm8++fuh24CQRg1wpFKwQ08rNqzFa7vIVQKrh/gRz98Ed/42g8W/KOPkVKgYefeRR9n1nM4NvKj4aOuG1OC1VJi5SMREREREdHSxMrHGGL4SEudEGLGy7J5Z9brWqaJ2zdtwNqVy/CdZ/bh0MlzyBVsWJaJno4W3H37Ztx7+zYkLWteY9q6bjV+91fejs997SlcvDYAANixcTW2pFMYcV0YugEhBL745DfmddyZSCWRWrexJMeaSf7V/RDZaFF0fR5rZc7Xtu0bsGxZZ9mOT0RERERERPHF8DGGOO2alrrlG9bMeNlPDxzHPbs2z3mMloYG/MLPPYC3P3wPHN9H0rJgmSYSljWlarJYyzo68Nu//BhOn7+CdCqJVcu6kBwcgteQhqPr+N43n0Z2AY1mpqOhPGsvTlQ4uD86l6bDKOOU651F/H8RERERERFRfWL4GEOKtY+0xGWaGxEKMe2ajf0DI7gxnEVna/OcxzF0Aw3pNBrS6dKNLZnCzo3rJm1rv3wV/akUfvLD50tyDqUUlJIw2zpKcrzpOK8dg3v2FIDyVj0CwKbtm+CIaF1MDYCmjX5G9MWt24mIiIiIiKh+MHyMIQ2cek1LWxD4aF3Rify1oSmXSaXgeF4VRjWZUmq8M7QuJDouXEL/6HTsxZIyRGrdxrKGj4VX949/bejlCx+bmhuxcdtt8MR092pTt0UhpDZtIKlNE1QywCQiIiIiIoo3NpwholiRQsB1HKx98H4IOXXtxyAM0NnWUoWRTabdMnXbcj387pvvL8mxhRRouqs0x5pOMHgd+dHwUTdMaFr5Hgq27tiIRDJR9P4KUcAslEKoFAKp4I9+eELBFQqOULBDhUKokA8l8oFELpDIBhIjfvSRDRRygUI+iPazRz+c0WN4IjpmIBUCCYQKEAqQim/+EBERERERlRIrH2OJtY+0NAkh4NgFXHWBn6zYDaPlx2gYGRrvwhyEAfZuX4d0ovgwqxykUtOuG/nI7Zvw6rkrGEhm8KHf/gC+9oVv4l++9dS8jh2KAK2vfwsad99dquFOUTj4ElQQde0uZ9UjAGzdWfn1HhWiytRJG+a8xmTTVWACt1ZdTqy01GbYTkREREREtLQxfIwhTWPTGVp6lFJw7AKGfOAzFzS4VhrGY++D9vefQCIMIKVE2NGBNzxQvlCu2HHO1rDmAx96L0Za2wEAP//et+FG/w0c2Hew6ONLIcre5XpsyrWm69DLHT7uKO/PUi6VDjCj7QwwiYiIiIio/jB8JCohDYCpazDqIDEQCghkZVJwpRTsQgFOqPC/LmlwR2dbi+Wr4PzyRyG+9xWo7l44b34Hvggbv6MuVS2UUVAzdqIebO8aDx7H/Kvf+VX81z/9n3jt2Kk5jy1EiNTGrUit31SSsU6n8Op++NcuA0BZO1wDQO/qFVi7flVZzxFn5Qgwp1vfctYAc8JlRERERERE1cDwMYb4OrE2mZqGjKlBr6P/wEAChbC8AaRSCrZdgB1IfOaChqvu5MvF8lVwPvCvAUR/G6+gEX+LZfigulrWcU0nCENY5sx3m94MXbV/7//4LXzuL5/EC8/un/ZyYDSkymTQ8fb3LHqcs8m/+hKAKNAqe9XjztqseoyTuASYY9chIppobP1jTdOQMDX4ZX7OQERE1ZcwtUn3/0TFYPhIVAIagAZrpnq42mXpGhpNDflQlu0cvudBCoGvXp0aPM7kx1oLOhHg7ao03aWL4fo+UrOsNRmaFtxUZsbL3//hX4JtOzh04Mj01w99tNz1BlgdXYse60y8i+dgH42mgBuGVfYnC9t2VH69R5qqkgHmze3ajJcRUX3RtOhF6J7eDF44W6j2cIiIqMz29GbG7/uJisXwkagELL3+gscxpg7omgZZhoVIlVIIwwD/64LC8cL8bsGvap1IQOHn1GDJx3Urx/OQnKPJzUhrO6Q+e9fo+x++d8bwsRKy2QgOWQAAIABJREFULzwDADAME4ZR3rv/js427LlrZ1nPQZVT6gATmL5xz+TLtNGlLBY1dCIqE03ToJQaraTX8b47O3Dggg1fsPqRiKheJQwN77uzA7quT6p+VGxaQXPgU/oYqtcQq57V01Tr6ZTjjkIKAbtQwD+eLqAwmMUe9zp6wvlVTHxB68KfaauQLeP7KLbrIplIzNpkxkumpqz1OJ2de7bjztftmbJdKQmlFKzu5Ysa62yc0yeQf+mn0DQNhmGV7Txj7r5/L1LpZNnPQ7VDIeoUL0Y/QqkQSAVfKnhCwRUKzuiHHUafGTwSxdPEapex8HHriib8yduX447eJBL1sPg1ERGNSxga7uhN4k/evhxbVzRNCh8BTr+mubHyMY40FFFVQnFSob4sVVPqSddSCNh2AQhDPGz3Y5tmR7/3EhgqCHxfa8Oz6WXwtLnvoo5qGfyf2jp8UF3FHSpXsjH6QQDH89DU0DBr8BhYCVzvWQFV5APuBz/6fnQv78a3v/rP49vC0EfHY+9Fw869ix73TLI//REAwDDLP90aAO6+r3w/Cy0N6fIuSUpEizRW9Ri9qWXAsixs723B73cmEQQBwjCEEILVMET0/7N35/Fx1ve96D+/Z5td+2LJm2TZlvHGEpvNkGBSCgkJJC/CaTlJTm+atkm6HHKaU3L7um3uyXLuuWlOF3JvSNM2NyctaZLSFgIkQAgYs5hgHNt4wRbGljftki1p9plnuX+MZjySZkazb/q8Xy+hmWee5SfLHvF89P39vlTD4u/xiqJAVVXY7XaoqgpZlhM/A+I/D4gyYfhYhfjPtvbEukLX53fOsFDUKdemYcDv90MYOppPn0e7MX+hx2ZVxv2YxW7fJB5VV2PA3rrkOQOQ8C3RjR4RwvusadxoeWHLMzI1TBPeQACqLKPR7c68r6xgtHs1IlpuFX53f/QuGLqB5576BQxTh9LWCc8Nt+Y13mz4jx9C4O23YtOtS9zhGgA2bdmAq7ay2QzlTxYCar2XlBPVgeTwUZlryCZJEqLRKEzThGnGfhYzgCQiqj3xQFGSJEiSBFVVoaoqFEVZFD4SLYXhI1ERWABChgV7nU0zMi0gUMTOlbGKxwCUYBANF0eghNJ3mGmzafi98Dn8HZBVAAkAZ2HHWbECe51deLA9BNfUJGR/AMJMH0RakoSox42g3QZ9bAxaKISGJaodAcCUJFxc0wtdyW8K8z33341QKIwXnn0R9r7SNmaZfX1v2aZbA8ANu1j1SIVx1Nl7KVE9WljtoqoqJEmCLMvQNA2GYQBg8EhEVMvi7/GyLCfe41n1SPlg+FiF+E+3NoUMCxETUMVcAxqxsHlCbbCAubXYgPN+A6ucMpSkHyiGBVh5rAtgzK3xqASDaD5zHmLupiQTp82O3/QP4v+2NWY1BRsAtjYreGCdA5bsgW9FrHO0HAhCCochRSIQugFTU2HabTBtNoQFEAwEAQgYDa3oungOUjCY8RqWEDjXu3HJBjOZhEMhbPvAHRjt7IG37+q8z7MU74F9CJ15B4qqleV/DOwOG65n+EgFUCTBtR6JasTCG8/4zallWYkPIiKqbfGgceFH/DWibDB8JCoi07IQtoDwgkUg3YpUMzfTArHwVJWATY2p3yL8enyqeXYsy0I4FMwpeIzrcDpwm/ccnmvoW3LfnW0qHljnWLTdcDpgOBdvNw0DIb8PpinBMGPfoKmOFVh5bjDtNaKqhvM967Mef2oWgsEATgW0kgaPlqFj9vU9ZZtuDQA33boTrW3NZbkW1SdWPRLVlngAGQ8dgcXVjgwhiYhqz8JgcWF3awaPlAuGj0QlVkvBY7ZcikDIiFV7ZiMUDMKMRNB8YSSn4BEAJCFwg34Zzy2x30fW2PHeFVpO57YsC4ZxJXgEgJDmwExTCxqnLy3af6apBZPtK3K6RirhUBjjIQPnjdzGm6vZ119CdHQEqlq+rtPve/9NZbsW1R9NEmD2SFR7ktf8Sq6ISd5GRES1Kfk9PF7Vzvd1ylWdRSL1gf+O64dWx9MH7bLIaip5JBKBEQ6h+cz5jGs8ZtKoSlgbmUn7+gPrHDkHjwBgWZgXPMZdbm2HKc9vtTu+YmVRgkcACEfCOG/YMGOWrp2v4fNi5pUXICtK2f7nYMeN12ATG81QAept3Vyi5SQ5dCQiovrE93rKFysfiUpIrdPgMU4SAkaGqVSmaSIcDMIzPAYlmF/wCACKJKNd9+Oc1jhvu10W+IOrnFjpzC/Ei0SjKbcbkgy/yw3P7AyiqobJji4EnK68rrFQNBpFMBzGeb2hKOdLZ/b1l4CAH7JS2urKZO/7tZvLdi2qPzZZgA2uieoLb1CJiIgIYPhYlfi/afUjh2UR61IkHIbN64XjcvqqxWwoioIheX5Y12yT8NsbHHkHjwBg6AbS/YvzNzRC1nVMtXUiYrPnfY2FwuEQTkc0jBil6zwdnRzDzMvPQy1Td2sA2LRlA3bedE3Zrkf1RUCw6pGIiIiIqE4xfCQqId0CyrfaXnmZVqzBTjqGriMaDKL9wkjB15qWNIwo7sTzbqeMP7jKWVBjCtM0YRgW0oWPIbsDoRUrYcjFe5s0TQORcBjndGfRzpnK7OsvQZHkslacvO/XuNYj5c8m8xdvRERERET1qs4nhdYmTjurH1HTQqQOyx8tAEHDQqavLBqNomFkLOcGM6l812iBay5o3NqsFBw8ArGqTCtD3GEIuajBIwCEQmFcDAuc10s3FTp84Sz8+1+DJJVuPcmFVFXFe24oXdduqm+yYNUjEREREVE9Y+VjFZKEADLGOlRLTnsNNKoC7Xa55teAtCwgYlqImMi41iMAmP4A7AVOtwaAk4aCY/4o1rcIbHYqeGCdo+BzWpaFSESHmaLZTClFwiEM6jboJazxmt23B3IZp1sDwFXbNqCh0VPWa1L90Gr8fZGIiIiIiDJj+FiFylevRMXiUiTIInXValON3VnrJhBKqmq0EAsdgcyVjskMXYdjcqoo42m/bjM+7TUwEYrig+vcSx+QhUgkAsMsyqmyFg6HcCms47xRnK8hleCptxF++0hZqx4BsOqR8qYIARurHomIiIiI6hrDxyokRGztK9Y+1oZaCxeXokiAWxKYjuSfzpmmCcest+Cx6N0r4PQ4sbOIRXWWZSEcCsM0yxvQhUNhDOo2zJbwut5XXyx78AgAm7dtLPs1qT7Y+Ns2IiIiIqK6V1+pSR2RytgogvLnUur3++RS8n97EP4A5Ei0oOtbsgx9zaqCzpFKNBKBaZb3+6brUYTnplyXiv/IrxA9N1iy82fSvWpFRa5LtU2VBFQuckxEREREVPdY+VilJAEYLH2sekodh8SFzISUitBkRl+7CpaS+1uUaZqwTBO6oQMALNOEaZoABHQ9ts20yl31GMKZqIYxo3RrMfpefaGs3a3j2jtbIcssX6PcCIBNZoiIiIiIlgmGj1VKFkBhdWNUFnV871zIl6b6/AVd23Q5oXd3ZdzH0HVYsGAYJkzDgGnGPs8buIV5z2XDBHQT0SJ3sc7ENE2EwmEM6s6SXcO3/1UYE+MlO38mHZ1tFbku1Ta7LAr6BQcREREREdUOho9VijPRaoNhAfU687qg2kVPYU1VZjrbEZ2ZSWSH2XyWDRNaOAzZMKCGw5AME2ooDAFADYcgzXWYubi6t6xdncLhEEYjwFldK8n5rUgY3pd/UZJzZ6OxuaFi16bapEpsMkNEREREtJwwfKxSElvO1ISgbsGj1udNdEjP/++fZc9ubUMhxKKgPex0QpIEbMFgxmMlw4AaCsMeCMLmD2R1PZ+7AWG7I6t9iyUcCuFcWIFRojJZ7769sPy+kpw7G41NDB8pe5xuTURERES0/DB8rFJ1vJRgXTEsC74o4FQWh2i1yrCAgG7BsPIPH02XC6ZNgxSOzNsuRKyZUvwjFSUUguvshbyvnYm3oSmn/YOBAAzDgKzIUFUVipL7mo0tDiceGBrADl3FKcmBAa0ZI2px2ncbs9Pwvfx8Uc6Vr+aWxopen2oLp1sTERERES0/DB+rlCTA2scaoVsWvFELkhA1vwSkBcC0rIL/3lmWhXBLMxwjYwAAWQhIUvrAsRxMSUbQmdu6iw6nE4GAH97ZGQCAJMmwOxxwOl2QpKW7gct6FF1n3wVkCdfJBq6FD+HwJZwM2nBMbsCArRmTSv5rQXpf3QMUEBIXQ2NTcYJUqn+cbk1EREREtDwxfKxSArEKsUKqz6h8LIDfqyShUBBWgwfu0XHIklQVlbwhhxOWWDowXCgWNMqYnZmGaRoI+H0Ih0JobWvPeJxkGmi9eG5eOCgA2DUN18DCdmsaocAYDlkO7Ld14B17a07jEpcmEHjztZy/nmJrbm2u9BCoBnC6NRERERHR8pX7nTiVTb1M46XlR0R1tI6OQZGrI3gEgKAj/wpDu92O1rZ22Gx2ALG1KpfScvE8tAzrVkpCwGm3Y5fDwmci5/CJmRPYGJrKekz/myuIvhW5BZalsKKro9JDoBrA6dZERERERMsXw8cqxvCRalXz+GTWTWDKJeAsrAO3LMtobGpGe8cKtLS2Zdy3ZegC7Dk0gXHa7bjZbuJ3w4O4e/Y0PEYk4/4brQBuVYP4+ic/VNEAUlFkdKzI/GdBxOnWRERERETLG8PHKsZvDtWqbCoDy0lXVERs2XXgXspSX1vj+Aics9N5ndftcOIuNYDPeE9gS3Ai7b4fQaxC0m3XKhpAdq3srMh1qbYweCQiIiIiWt6Yb1WxKstviLIWXLsGekP1NCKJaMUJHpfivjwFz9RkQedQZBl9ThUfD5zBewIji17fYXmxybpSVeq2a/jS/XfAbdcKum4+uletKPs1qbbYZQGFP8uIiIiIiJY1NpypYrHOwGxiQrXHUmT4Nm+CNjEJ29AI5FAou+NkGaFVK2G4Mq/PKIXDcx8RyP4A5EDmKd6mLGc99nzZfV40jQ4X7XzNHg/u856HbNewX7pS2XivtXhdyM4mD770H34dD/3j00W7fja6VzN8pPQUSbDJDBERERERMXysZixLpVoXaW9DpL0NztffhGxZECIeql9hyTL0Bg+iLc2INjfDUrIJCudXVcr+ALSJSaiXL0MKL14v0ZBKGz7K0ShaRi4W/bwetxvXNZgYnZjCeUcrbremsRLhlPtuX9uF7Wu7cOTc4mrJUlm1urts16Law+CRiIiIiIgAho9VTRJAoxaLIK25Ash4HaQ19x8L1pVtafdJvW3evpbFGksqmWhrM6zx+dORo+vWQu/uKsr5DZcTQdcaBHvWQOjGokpIX1gvynXSaR65CEkv/jVCre1o8nnxYT2Eb6EV91qZp3TfcfXGsoaPrHykdDjdmoiIiIiI4hg+Vrn4vVvK9R9F8h7FudLSgWXqsDNtAJp2H4ady4nR2QElKXw0WpuLFjwuZCnyovUmjRk/UKL8sWFiLKfO1rmQBbDRjCKsmbjXmoQHRsb9b+rvAbC3JGNJhWs+Uioqp1sTEREREVESho80TzzPXHTbKBY9KMaVYqEkqzrrntnYALOxAdLMLEyXE9ENfWW9vpBKs36qLeBHw+R40c8LAJaioGnmcuw6qppyrceF3HatbFOve9aths1W/iY3VN0kIeBg8EhEREREREkYPlJFCZS5qhMpqjHTVHUuDjHTP2dV59IiV22ENDMLo7Wl/Bcv0TekZehCaU4MQLPMvFreb+/pLkv4uOXqTSW/BtUehywgMXskIiIiIqIkDB9p2Ug7hZ1VnWVhKUplgscSaZgYg6xHS3JuIcSixjzVZsv2/koPgaqMQxZQ2SmNiIiIiIgWYPhIVCK1XtWZep/aCTvnEcWddq2GgiWbbg0AcpUHjwCwvn9dpYdAVUSTBGycbk1ERERERCkwfCSqA5Wo6kxfnVl9VZ2yJAEwi3Q2oHFirGjnSkUuYN7q2LS3iCNJbcOmXjQ0ukt+HaoNihBwsLU1ERERERGlwfCRiHKWuTFR6as648+zreqMygLBIoxIMg20jI3C7itdwFdI8OgPR/D6wNkijia1TVs2lPwaVBsEAIciivavnoiI8mAG4J01YGvwQOPyF0REVIUYPhJRVStGVaehCMwWMAbJNNAyNQHP7Az0SKSkU89lkd9dgz8cwUP/+DR8oUiRR7TYBk65pjlORYCzrYkobvjlw/jJ0MKtDtz7QD+6KzGglKZx9KmzeNUXfy6w8qpu3HNNeyUHVZjRQXzp7y9j40dvwee2TuPsgSG8dtSPZy8B2ze14rfv7kMrQ0kiIqogho9EVPdEAWsoSqaB7ovnYAuHYJilXfNSEiLnBtdnxqbw+BvH8Pxb75RmUCms7+8t27WoetllAZWtrYkoydQ5H753Fui3X0m6uld4YCvrKKax59vH8EX3Suz/ZKqfV1EMnvHhe7odn+pWAD2Mx54awKNHfXj0k73QyjrW4oroAM5fxF88H0DvOg03axHsOTiCN30SHn2gtr82IiKqbQwfa4BpXVmtLm3/klTbUrzA20Si7CUHjwBgmMVbNzKVbKdcHz03gn0DZ7Fv4FxZ1nhMdtv7b0JnR0tddGCn/KmSgJ0lj0SUSkMz/ubBLWit2ACi8GYzCaCjFZ97IBZOfuKF/Xj/qxPYM96LOztKO7qS69mKR/6P+BMdO7//S/z++VkMA+ip4LCIiGh5Y/hYAyQBBHQLulmaW/rFt4+pq6/S3WaKFE9yCkkXvJjtsSnXHFy0r8hpjBmvL5bej+pLx9hwIng0SxyqSUJASlP2eGZsCkfOjeDI2REcOTdclqnV6dx11y64MjYXufJaIY2J6r4Dew2ThYCTDWaIKEeRd47hq49N4zkdgCThnlv68Ge7OwFM4blvD+DVjWvxiekL+P1jOu65+0Y8uGkMj31/EN+YBCAp+Ph6DQeGNXz1C1vRY07htR+cwpfO6PAC8DR58Minr0a/ewJPPjyAr00DmB7C9V8ewsc/fAsevC7z2DzNGgAfTl4Edpw5jL95PYB9s2bs3G3N+O6nt6DHDuDiAL72wwk8GYgd19Pdjm//bj9aU27vxpG/fwsPN63FE/evBsxBPPzfh/CDhmY88+AWtM5VaH67Yy3+5b4uTO07hode8OGoGft6H/zoFnx8qwcYP4E//64Xt9zXiclnLuDhaSce+fPrsGP4yjVb3RJsSBEumlMYngbQYK9gGExERMTwsWYoAtBLdO7FN+5W4sa/CCersPIOKGWQm/qFpYPTEgW5KbfnEOQu2p7jOBPbqzzMtYVDcCU1ljFKFP4DseBRlWNT1CI2O8I2O06PTOL7P/oJ3jo7DE2zl+zaubjhxqtxzTWbst6/ZhoTLXiesqpzQWC6nLHBDBFlFAnjwP7Tc2GXgu7ta9GtXcAPHp/GwJouvPDxtcCBI/jkM4N4rLcT9/e0or8b+PNXBzHQ3YSvfMCD3q3AwE/O4Rs+Nx55cDO2+wbx8D9NYKC7ET0AvHsH8cWzEh76retxT/cUHvv2aXz6sdN48VNrcden1iL83XP4RlMnXvhoO2zOpYfsvRwBoGHTKsAz6cDOXe34/EYXtMmL+NIPLuPhV6bw13fI2PPUBJ5sascLX+iHJzCGgYtKLERMud2D3g4Jw2diVYfdZ/04YJfQPx3EyRCwS5vCkXFg184uYPI0/uYFHxqu68P+u1sx/NRBfOTxU+hffx12dDRguzKFP//hEO65rhOPrG3AdlzA934wgSMdnXjio+3AkXfx+3tC87+o0dP43o9H8O1ZDX/2qT54iv19JiIiygHDxxohC4EqTPZogZRBbuoX8jlZhVU+yAVSNJ5Jue/8bUEj97G7FnS0NvNO5DMLexrga21DVNGgq2pi+8v7DuPw4MWC1qsstg/e/d5KDyGtYjQmyv4qS1V1xh6krOBMtS3pebVXdToVARY9ElFGoQAe3RsPwjT8ds9adI9O4bshBQ/t7oNHAnB9O+594RyefGsI9/eshEeTANjx0Ke3YocEAIP49jsmdlzXhR1NGtDUgn7nBCBJAKaw71gIkTVduKdHA9CFu7YP4RsvX8aboT7sarDDJgFQFHiamtKPc3wK3/7hDKBHsO9sBD3rVmJ3B6B19OMeMwDvbARoa8TNDdPYp5sA5Nhxl7zYc3IKd23qRP8mAJhOsx3o6XVCOxzEwDTgORfCQEcD/uTSLIaHASCIA7Djt9crmHpzBs+ZTjzygS4AQPetzbjz4AT2HAxgx80abBqAjk782Yf7Yic+chjfDUl48H0b0N0EYL0DvcnhY+Q0vvGdERzpbsY//VY/+pt4y0dERJXFn0Q1QpFi1VGlCkCIqk2qIBdAXlW5+VQtzjY0oXF6CpJp5l8JvITpFd3wNaeeCDV8caQ0F83T5m0bseU92+HTY38YOS9bkOLFrKt601xsySUWkjYUuzI3c1VnprPnYn7YmT7ITD2FPe22PNfqtMkCGhvMENFSUq35eBGIAECiD40drU5gYDZ5GREpFhrOiZiATUrVotlE2MRcEBnjaVQAhDB1Cci5rbZiw/0f7k10u44cewuff9yLAUVCtwJMhoBYltiE3fd14XM/HsFfPHYCX0tMjU633QNsdOFejOHkeaBtNIRd3WvRi2n85Nw0btcDGGhwob8JgG7O//qbNLQBODvjT/rjSfqz0IEIJNjSTYzQJGhQcP/dW2LnJyIiqjCGjzVCAJBFrPkMEZWerqq4sKYPLr8XWjAA2/Tlop5/Yu06hJ2utK8PXxgGEAuFqoHDaYeePF+56pRvYOVaJzfd9lzWyk0ZpKa6l8eVqdTxeNmyYofG/2SVlMcREWVBQazTcqJvWwThCNDfkLn/cjhlo7e5kC7ptUhIB6CgtSWHMSU1nLliCnv2eDG8fjVeeGAtgNgaknsSx/ThU3/Uh09duoAnf3wBX0tMjU6z3d6E/qYxPHvhNFaOSth+dTt6MYg9o5dxbySC7lVd6AYwpUi4EqoCCOmIAOhudAHwI3dtuP9eBbYVeRxKRERUAryVqCGc6kZUXrqqYqapBT53Q9HOGWhsxlD/lozBo2maGLo4nHheDQGk0+mo9BCqhrXow4JpLf4w0nzoyR9m7COa5iOS4iMc/zCufITSfARTfAT01B/+uY/YcxNBw0TAMBExLShS7BdgRER52ejBvZKOn7wxFHt+bBKPBSTc3teZ5oBmbO8GDpwcxdHpALxvj2HPbPy1VmzrUYDzl/HatA6YU9jzVghoc2F7ciWgniq4zFJERwQ6vCdj152MRAAEcPbIhVgn7ZYu7FqvAKYJbyjddgBoR3+3hAPDl3FkVsPGdUDrShvaRqfw7Diwuy82zbp1gxPbEMCefdMAdEy9NoOfQMP2jWkWrFznwJ3QsedXI4AZwNlDfrwJAObcCvE+HwZHZjE8WaoV44mIiHLDyscaokgCyGPtOqLlrtB1E01ZLso4LnWvQqCxecn9RodHYRoF3DSVgMPF8HE5ine2ZvBIRAWx9+HBj/rw+ccHcf2xQQDAjq2r8fGt6W5FmrD7A63Y/b0pfPrhg9CcGnYmBYvdd/fi66On8cWHf4kIAM1px9cf2DDXVKUZ/askaMdGcP2Xx/DgAzfj4xuzHWgrdu9y47tPjeCWL4/A0+TBQ9s1fPXsNIYh4cjec/iLx88lppDfefMG7G6awZP/lGp77Iz9W1zoecyLJxua8dt2AOvc2OUbwWOmHV9fN/f192zCV997GF/ccwzXv4BYN/D39uHOtnR/PH343M0z+OS+07j+INDf3YTPdUfw7IUxYMdK4J0x/Jf9PuxSZvDXd7DPNRERVZ6wqqGkhrLmjcYqZ4goe5FIFF5vZOkd05AMA93vvJ338f6mZsx0rIApZ/f7noP7D+GRv/zbxHNNs0OknitbNh/9zQ/iNz75kYqOgcpLEgIuBo9EVWFsbAydnemqBGtIvJGL3Q2PPZufiRFEfIDmnsGTDw/g/+teiyfuX33lZd80vLoCT5O7uOMMeeGNyPA0zFUemjogKVdeCxmwOZugaQuOSbU9FxEfvAE9+3P4puGFEx63BkAHTGVuXpuOyGwIWkOR/1yIiGpE3fzcrCOsfKwxigQYRqVHQVRbilH5GPQ0wuGdyem4sNMFb2s7Qm5PTsfF13uMsywrbdOVcuG06+VFAAweiaj4JCc8TWmmEi8QOT+EyaZmdDdoiJwZw55pYNcNC6r43E3I7SdsluweeJKncEtK+teW2p4LzQ1PLsHlvK9fSVpQS2HwSEREVYXhY41RBBCu9CCIaoyiFD5t2tvWnnX4GHK54W9pRTDPtSKT13usFk5Ou15WXKrE4JGIKiiEgTcv4KG3BzE114Rl19bVePDG7IJLIiIiqi4MH2uMIgQErOptOEtUhQqtfASAiN2BqZVr0DxyEVLK7puAt6UNgcYmRO2FBXXDF0bmPa+G1TGcLt7wLRduVWKDMyKqMDu23Xcjnrmv0uMgIiKiYmD4WGOEiDWeiZqVDyOIaokQQKEZXrChEWGXG87ZaaihEIRlIappCLvciDiKE85ZloXhRZWPlf/37vak785N9cOtMHgkIiIiIqLiYvhYg1QJiFZXI1yiqidJAkYRusWbsgxfc+k6R44OjS6qdKyCwkeu+bgMuBUJSmX7GhERERERUR3ibUYNik29JqJcKDWSqqRe77Hy6SPXfKxvDB6JiIiIiKhUeKtRgyQBqBLjR6JcqGppCr11XS/q+RZ2ugaqZc1Hho/1yqUIBo9ERERERFQyvN2oUbxRJMqNqhbe8XqhYDAARVkeq1cwfKxPDkXwl1lERERERFRSjLBqlCoJSEXo4Eu0XEiSgFzEkMXv88FeYFfrbFW68vHzf/oZqKpa0TFQ8dllARuDRyIiIiIiKjGGjzVKAFB5z0iUE1UrTvXj7OwMHE4nRAl+ATA2Op5ia+XCx5vfuxM33vKeil2fSsMhC9hl/hAhIiIiIqLSY/hYwxRWrBDlpBjrPk5PX4bL5YYklebtc3xkcfhYycKYhpe+AAAgAElEQVTHG265rnIXp5JwKQI2Bo9ERERERFQmDB9rmCoBMqdeE2WtkHUfTdPEpalJuN0eyHLx148EgNf2vo7B02dTvFK59PHdgTMVn/ZNxeNRJa7xSEREREREZbU8OiXUMUUCDKPSoyCqDUIAQliwrNzCF13XcfnSFJqbW4reYMbn9eGN1/bj2KHjOHr4WNr9LMsqyTTvpbx18G187D+GYbPby35tKh5JCLgVAeaORERERERUbgwfa5wqCYQNViURZcMwDAAmgOwrF6ORCKanL6OpuQVKkZquRCIRaJoGAPj873yhKOcslfODQxg48S62X7u10kOhPMlCwMNFgomIiIiIqEI47brGKQJQOPWaKCt6NArLyv5tLxwOYXr6Epqamgvu9hwOhzA7M42Z6elE8AgAf/rVh7I6vpJTnw++caRi16bCqBKDRyIiIiIiqiyGj3VA5XeRKCuRiI5Yr/ilhYJBzExPo7GpBWpSWJgrn8+LifFR+LxeaJoNjU1N817v29iHb33/m1mcqXLh4+FfHZ+rGqVaokkCLoXBIxERERERVRZjqzqgyQISqx+JlmRkuURBIODH7OwMmppb5lUp5sNms6O5pQ2tbe2wOxyp97Hb8D+++bWCrlNKo8MT8M54Kz0MyoFdFnAyeCQiIiIioirA8LEOCAAav5NES7KyqHr0+33web1FCR4BQFXVrJrUtHe24/e/8Nm0r1e64/To8HhFr0/Zc8gCdpnBIxERERERVQdGVnVCZQtToixk/nfi83nh9/nQ3FKc4DFX111/LXbetKPs183G8PBYpYdASxCITbO2MXgkIiIiIqIqwvCxTsgitr4XEaWnqum7XHtnZxHw+9HS2gpVLX/wGPf+D+xO80plKx/HRyYren3KTBYCLlXwF1FERERERFR1GD7WEYaPRJnZbKk7Vs9MX0YwGEBrWzsUpbCu1oVa378eO258z6LtFZ51Dacr9XqVVHnxxjJc4pGIiIiIiKoRw8c6okicfk2UiWXO79hsmiampy/DAtDe0QFZTl8ZWU59G9el2FrZ9NHtdlX0+pRavLEM3/qJiIiIiKhaLd0FgWqKKgFRs9KjIKpOpnUlfDRNE7Mz01AUBW5PQwVHtVj/5o2VHsIiTrez0kOgJJIQcMj8hRMREREREVU/Vj7WGU0SkAVvRolSCYWiicd+vw92u6PqgkcAWNO7Bs2tzfO2VbrbtYvTrquGOjfNmsEjERERERHVAoaPdUjjd5VoET0ahWFcCfCcThfsjuoN1Kqp+nHnTddg27WbKz0MAmCTY8EjG1oTEREREVGtYExVhzRJQGL1I9E8kWgUyStNVMv6juls3n7VvOeVrHy852N3VezaFCMAOBUBB1NHIiIiIiKqMQwf65AQgI3fWaJ5dL3SI8jNxqsWVj5WJnxc0dWO9f29Fbk2xchCwKVK0DjNmoiIiIiIahAjqjplkwWUGq9+nI34Kj0Eooppa2/Fiu7OxPNKVT5OTU1jZnqmItemWCW7WxVQavvtnIiIiIiIljF2u65jmlx71V5D3hG8eOqvoOrHE9sU14fw6xv+Exo0dwVHRlR+m7ZswujwWOK5ZVkQefxSwbJMGGas07ckJAghZX2eaCSK1/a+gbs/cmfO16XCOGQBG6dZExERERFRjWPlYx3TpNrqhjrkHcFLJ/7zvOARAHT/0/jJkYcqNCqiyundsHC6c37Vj0JIUGQViqxCCAmmaSAcCSIaDcMwdJimmfHcb7x6MK/rUn4kIeBSJAaPRERERERUFxg+1jlbDYWPL737t5DhT/maap7FM6f+rcwjIqqsdet75j0vxtRrIQRkWYFNc0BRNQBANBpCOByErkdgzlVIJnvnxCDODV4o+Nq0NJsk4FYEVP50JiIiIiKiOsHbmzqnSLUTQMrRNzO+Pjn7eplGQlQdulZ2oW/DusTzYq/7KDAXRNqcsNmckCQ5ZfgIALPT3qJem+ZT5qodHYpAjbxlExERERERZYXh4zJgkwUEqvtudsg7svRO5kTpB0JUgOd++mrRz7n9um1XnpS46YwkyVAULeVrlWl3U/8EALscayrDakciIiIiIqpHvNVZBiQB2ORKjyKzlZ4uGHBm3EdSejK+TlSPNm/fnHhcqY7XACCzHK/oVEnArUqwc21HIiIiIiKqYwwflwmbLCDn0SW3nDTn7Rlf72q6qUwjoXqkKErJr+Gd9ePR7z1V1HP2ru/Bpi39AGJdqyvF6XZV7Nr1RhICTkXApQgwdyQiIiIionpX+rtxqgoCserHgF7pkaR389qP4pUTT6d8LSracXvvXWUeEdUTVZXx3NOv4ujR04tek2UJbrcTbo8Tbrdr7rMDzS2NWLm6M+trnBq4AF2PFnPYAICrtm7CyeMDRap8tGAYBmQ5t7d/lztzZTJlxyYJ2GSu60hERERERMsHw8dlRJMEDBkIG9W5ettKTxcMdWfKxjMed+aqSKKlKIqEtw4NYPDMcE7HudxOrFu/Cv1X9WLnDdugaqnfNo8dOYWZaT8MQ8eeX7yB3b92QzGGDQDYsGk9AMCCBcuyIAqqYo41mYlGw1AUFUJkVwDvcjF8LIQiYqEj13UkIiIiIqLlhuHjMmOXBQwT0Cu4dlwmO9d+AgffnR8+GnDi9r77KjQiqheRSBjhMOBwNKTdJ97p2bJMmKYB0zTh9wVw9PA7OHr4Hex94U3svHErrt2xGa1tTfOO3fP8G5AkGZIk48AvjxUcPvp9fhw9fAzHDh3H20dPXHnBsoAiLKGgqjZE9QgkIS1ZBdm/eT0rH/MUqzoXXNeRiIiIiIiWLYaPy4wAYFcE/FGrKrvXbmzZgIO224DwS4ltLc0PoEFzV3BUVOssy8LwhXFcvuTLuJ8kxTszyZBlNbHdNA0YRhST45fxsydfxs+efBn9V/WiZ91KAMCJ42dw8fw4bLZYQDc5PotXXvoVbr3tPVmPMRgM4/Sp8zh96jzeefsdDBw7nPprgVW03vWqokHXI9D1CBRFBdKc+cP33VmkKy4vqhQLHZk7EhERERHRcsbwcRlSRKwCMlil069vXfdJvHIiFj5GRTs+sGF+1eM7l07h4MUnENXHIQkXNnfdi2tXXFuJoVKN8Pt8eP7ZX+V9fLyiUVXtMAwdhhHBwIlBDJwYTLyuaY7E/rKi4Yl/+QU2b+1bVCGZLOAP4sTxMzj59hmcOH4GAX8QABAOXMp7rLlSFA26HkU0GoGq2ha9vvGqddhx49VlG089UCUBTYp9JiIiIiIiWu4YPi5TNlnAsICIWX0B5EpPF+ye30DI+2P0rfjdea+9OPgsxie+CQCI16UNnN+PgfHd+M3tf1LmkVItsCwLhw4M4OCBd4tyPllWIMsKLMtMNIC5UjEZI4SAotrww3/8Kf7wjz++6By/2n98UeAoSTJUxQYhBGaDMxm/nmJTFBWGkbpRzjsnzhT9evUqtq4jQ0ciIiIiIqJkDB+XMbssoFuAWYXrP97edx8ef+sUxt+YBFbHth0aPZQIHhcJ7cEzp9YtqpIk0nUdP3tycROjQgkhZVx6UVE0nD0zjOd++iruvPsWAMDhX53ASy/sx/mzIwBiQaaq2iHLSqLxi392rOhjzUbyNPOFwqEwbPbFVZEUowgBTY419SIiIiIiIqL5GD4uY5IAHDLg1ys9ksV+8fjP8cqTowCexnt3vxctrS14e+QJyBmOmZx+EgDDR5pvbHQKly9nXuuxVFTVjp//9DW8e+o8pi/NYmpyOjF9W5bVRV2rLdOA3zexxFnL/8uCYCDI8DEFea7SkaEjERERERFRelKlB0CVFW+IUG02b92ceLz/9f2xB9HjGY9RraVCG1qOhi5U7u+FJMlQNQdOv3Mely95YbO5YLO5oCjaouARAHyzY7DmOm6XgmHk95uGSKQKf0NRQbIQcMgCHlUweCQiIiIiIloCKx8J9rn1H6MVXP9xyDuCczNn4FTdaHd2oH9zPxoaGzA7M4s39r2Bbe+7GjICFRsf1a4L58cren1ZVmC3uxPTqtMxjAgCS1Y9FkaSJJimsWiNyqWEw+ESjai2SELAJgGaLIrWcZyIiIiIiKjeMXwkAIBTEfBHAb3M6z/ORnz42clvA6E9iW0nATgafhM33HwDnn/meVw4dwFnRpduFmKoO0s4UqpV1RASLRU8AsDspQvZnq2gcUSjIaiahFzis1Aokvc16wFDRyIiIiIiovxx2jUBiMUZTkVAytRBowSeOv6NecFjXHD2R9A3jySeDw4PZDyPASd2rv1E0cdHtc2yLFzMctp1vlOSiyHgm0QkXJ51KWVZgaGn7mydjh7Nbf96IYvYshQeRcDG4JGIiIiIiCgvDB8pQRKASynfDfah0UOQo+m7EMv6z9HZ3wUA8IbTdwCOSj3Yuf5/YGPLhqKPkWpbJBzG6PDlrPYt5VqLS13XNzua9f6F/n5AlmMF72YOX6+iLK8ieVUScCqxNR3tsij4z5yIiIiIiGg5W153lLQkWQAuRYJPN0t+rXOXjyy5z5rdFsYGgGAwCDQtfl12fggf3Pif0KC5SzBCqnWDZ4az7nRtVaCLNJBPk5nCkzBF0XIMH3NbI7IWSUJAlWKdq6uwBxcREREREVHNYvhIiyhSrALSr1euAU2c23YSQBNMc34YGpU344bez7DakTI6evh01vsu/DtWLsHApYpcN5emM3IdVz4qkoAmxaodmTkSEREREREVX/3eUVJBYtMOgUAJA8gGeydC3sz7yAhgxa5+NLVNAwCioh1bV38e1664tmTjovoQjUbw9rHzWe+vKGoJR5NaJOyr2HTvXNRb5aOAgCbH3ucUJo5EREREREQlxTUfKS1NEnCUcP7hjpW3ICr1LLnfyi1BhEJOTI3fgU/u/D6DR8rK7IwPI8PZVxVKkgLLKm/1o2Hk3kVaVGABwnpZ81ERsfe0BjX2mcEjERERERFR6TF8pIxscukCyAbNjRvW/RdERXvm/RznceR/Xcb0/kBJxkH16Z2TF3LaXwgByyrvUgNmjl2nYyoRPtZu5aOAgCYJuBUJbnWuazVDRyIiIiIiorJh+EhLsskCbrU0f1U2tmzAvVd/Cx3t/zltCBmbet2JS1OVWRuPatPQxclKD2FJkXB2zXCSVaTyUa2tysd44OhUBBq02GeFP+2IiIiIiIgqorbuKKliFAE0qBK8UavoXYEbNDdu770L6L0L71w6hbeGn0codAyqeTaxT8taAyf2zcI0TEgyUwRa2plTwzntb1kWTNPIqRFLISzTyCt8rIRaqHwUiHWrVtg8hoiIiIiIqKowfKSsSQJo0AQCOhA1SzM9dWPLhkQH6yHvCAYm38LZ0Tdgd16GZVm4dOkS2trbSnJtqh/RaASdXc04c3o062MsywTKOO06FJrJ+ZhKVD0C1dvtmoEjERERERFR9avOO0qqWgKASxEIGkDYKG1Qs9LThZWeLhyc7MAj//AIACASzr1BBy0vlmXh/OAwDv3qdE7HmYZeohGlFvDmMy28MvFaNVU+MnAkIiIiIiKqLQwfKS8OOXbTHypxAAnM77SrqmrJr0e1LRgI4F9//ApCwdyDasM0yvammF+n6xIMZAmSJEGWKxs+MnAkIiIiIiKqXQwfKW92WUASQEAvbQAZ8F/pcq1o/CtLme17+QgGc5huXSkudzt8s7mOs/yxm82ulf2akhBQBCALQBYCslSpmk8iIiIiIiIqFJMcKogmCUiqQNiwSrYOZCBwJXxk5SMt5eCBdws4unxrPtqdzTmHj5VY89Fmt5X8GnI8bJTmwkYmjURERERERHWD4SMVTBGAogiEjdg07GLHN8nho6aVvwqLaouQ8u+GbppGEUeSmazk83e5/Kmc3Vb8f3OKEFCkK6FjhfroEBERERERURkwfKSisckCihSrgowUsQpyYnwi8Tg5fHxx8FlcCpxBODKOrqabcHvvnUW7JtWuq69dj9Onhis9jJKoREhncxRW+SjNVTLGKhtjYSMREREREREtHwwfqahkATgVAcUEQgZgWoWHkOcGzwEAWlpbAACzER9+cuQhqObZ2DUBjE/sxz9N/jNu6PszbGzZUPA1qXat7e0q6HjTNCBJ1dPdeb4KVD467FntJ3BlyrSUNH2aWSMREREREdHylv/8RKIMNEnArQjYpMKiB8MwMHRhCADQt6FvUfCYTLUm8MaZv8ZsxFfQNam29V+1ptJDyIoeDVZ6CFmxp2g4IwsBTRJwyAIuRUKDKqFRk+BWBRxz/+4VBo9EREREREQEho9UQpIAHIqASxGQk+aLDnlHMOQdyeoc5wbPwZqrnly3YR1+duKRlMFjnGqexbGxw4UNnGpeV3dLpYewJEOP5HxMJRrOOOw22GUBpyLgUSU0aRI8auy5TRZQpdi/dSIiIiIiIqJUOO2aSk6VYgHFzwdfwcDw30O1Yms4RkU7VrY9gNt770p7bHzKNQDMrBgBwi8teb1x32kAtxQ8bqpdq9a0Y2T4Ul7HmoZelmnX4dBsya9RDG6nHXa2nyYiIiIiIqI8sfKRyuLpU8/gzND/lQgegdg06fGJb+KZU/+W9rgjh44AAJo2tUCP/Kjk46T60NraWOkhZBQJ+xD05xeOlluqaddERERERERE2WL4SCU3HfLh3Ng/pH195vJ38eLgs4u3T8/g2JFjAIAtd0xnfb21zdtzHyTVlf7Na/M+1kLxOrUvZBgRXJ44jcsTp/M8Q/krEJ1OR9mvSURERERERPWD4SOV3KsXXoEMf8Z9xie+iVOX35237bWXX4NlWdj4sQ44pItZXSsqb8a1K67Ne6xUHwrpeG2aZhFHckVXtxOTIycQCeffEKkCSz7C4cyu2zURERERERFRKgwfqeSmQ2NZ7ffGu19FxPBDnetesfeFvWjc2Iw1K7NrIGOoO3Hvtv+W9zipfjidtqqZLrxx02r89//5e7jxxv4inK0CDWccDB+JiIiIiIgof2w4QyW3vvVqHJ5Zer1GxZrAvx39Bj53/Vfw9ol3MTU5Bafmhs93F9q60q/h12DvRH/b1Vjpyb/ajepP96pWnHk3u67qySyrOJWPdruGD33kZvzaXTtj41lTm38/7XZbpYdARERERERENYzhI5Xcjd3X4sBgO5SkZjPpiMh+vHD2FQy8FJuCHRj24T9e/Zto6+yEbgK6BZhW6dbko/qxoX9VTuGjkGKF4MUKHyGAvvWdiacrujoz7JzlKSsw79rhYPhIRERERERE+eO0ayqLHb1/DAPOrPY9efFv8ObR2FTr9et70d21Apok4FQEPKqASxGwSQJSJRbAo5qxtmdFTvsLUdy3w1Awgsd++BJEOIgGVcL6Ve1FPX+5uFzZ/bslIiIiIiIiSoXhI5XFjd3X4kPbvgXJvhtRqSfjvjL8aLo6Fnjcdtuuea8JAKok4FAEGlQBtyLBLguoDCNpgcKazhhFGcOZ02N49pn9gGVCCIGm5oainLecVq/OLcQlIiIiIiIiSsZp11Q2axu78Hs7vrjkfl/6P7+OC28PQJZlvPfWmzLuq0iAktSEw7AEdMuCYQKGBRicor1stbY1ornZjcuXs+suXaopzc8+dxi3774a7e0taG1twvTl2bzOU4kp123tzehc0Vb26xIREREREVH9YOUjVZWJiSm8/fYAAODGG94Dp9OR0/GyAGxJU7QbVQmuuepIRYgK9AqmStrQvyrrfZOnXVsFh9YWdD0CAAgGI3jm2V8BAFpamwo8b3lt3bqh0kMgIiIiIiKiGsfwkarKmwcOJR7ftntXhj2zIwSgSoBdFnCrAo2aBI8qwakI2GUBTYqHkowla50kYt9LTRKwyQIOWeDGGzbldg5JBgBYBU67jkRC8wLMgXeGAABtrc0FnLX8f0evvrq/7NckIiIiIiKi+sJp11RVTp06AwCQZRnbt20uyTVkAcgpprBaEDDnpmqbFhIfhgVY4PTtSpAgIEQsdhMi9tuS+HNJAAICkog9TuXmG/rxzRyuF6t+LHy9R02bX7F7+vQYgsEgOjvzn8JciSVNr77mqvJflIiIiIiIiOoKw0eqKvHwsa+vB7Isl/XaAksHk+ZcEBn7DFhzn688Z0yZipj7byJIRPowMXl7vkKhECRJgs/ng8OhIRiMZHWcLCswjChMy8z/4mn84oWDaOtoKeAM5U0fm1sa0L2yo6zXJCIiIiIiovrD8JGqRjAYxOjoOABg/freea+dmxnB6cunMeJ9F1d37cLWtvKuRXclmIw/S7/n4lDSSjyPvwbMDy+vPK98eBn/6uINTsSC1+JhIZIei3mP54eMEOWOzYCBgfPwegPY/+a7WQePACBJsbfEwtd8XOzfH9+P3/rEzUU/b6ks5/Ueg5FZOLTcOpPncwwREREREdFywPCRqsbJgXcTjzesX5d4/OjR/4WZmacgww8AeHXmR9gj9WD3xi+UPYTMRjyIA7IJK1MdPRdIJgeWiY2FD05ceXjlcwUCwlL613//JU6dGsn5OCEEZFlBKZqkB4MRvHtmooAzlPc7tG378lzvcWBkL2RZwvqOW3M6LqIH8O7Yq9i2+oMlGhkREREREVFtYvhIVSM+5Rq4Uvn4ryceg2/mR1g4AVs1z2Lvyf8dq3Z8H012dxlHWR4pA8F6SgdLbFP/qjTho5VU1SgS1Z3JFMWGSDhQknEdPHg272PLvebjtdcuv/UeR6YH8Mrph/E7t/x7zsc2Olfg5f0Po6NxPTobNpZgdMVXigpfIioNy7Lq6t9sqp+/REREVL/Y7ZqqxsjIGADA4XCgq6sT52ZGMDn13bT7y/Dj6VP/Wq7hUQ1xu+yJx4ahQ4+GEZ370PUIdD2CSCQA01y8tqMkyZAVtSTjunTZj+bWrpKcu5gaGt1Yvab6x1k0voMIRmbx0sm/ho4Awrovr9PIisDPjnwZwcgs4DtY5EEWRzzAqKcQg4hqD9+LiIiIlhdWPlLV8Hlj06q7umJNLp468Y0l/4JO+4+UeFRUi3p6VyQey7ICyLm91amqfemd8mR3tgBTuU8JL2fp65Yt68t2rYqKjABaF+A7iEPetzCjxypTp/xn0N24PadTeUOxX56EMYXnj38D93StBdzXXblGhWR7Y88AgKj6GYYBSarduoF01Y4L339YFUlERIUwTZM/S6pQ7f4fDNUdry9WbeRyOvHL4UNQ9LcrPCKqVZ2dTZUeQlqmpUCz5b5UQDl/fm7bXhvThgtmeIELX4U/OISDF3+Y2Dww9nzOpxq8tC/x+KJ3P8b9o8DoP8TCxzJLVVGUvC3VBxFVN4fDAZ/Pl7Jiv1Zk+z7E9yYiIsqXaZrw+XxwOByVHgotwMpHqhrxykeny4kD5/8pq7+cLtu6pXeiZWdFZ0tRzvOhu3fgllu24ctf+UFOXbOX4nS3IRLOdWpv+dLH667bUrZrVZRjI7D6z/H8m38ERb3yu7izl15HWPfBpmQXEod1H44OP5F4LkkCz48ex8d3/VnRh7yUhTfrqW7es91GRNXD5XLB6/ViYmKiZv+9pqpCiW9L/poW7sfqFSIiypYQAg6HAx6Pp9JDoQUYPlLZPH3qGQzPHgUAdDdux4fW3zXvda8vFj7Ka+Wsqh4NOHH7uvuKP1CqCy0tbly6lN/afXHnz0+gZ20HPviBHfi3f79S2WaaRuIjdsNkQZZVKIqW1XltjkbIigZDL16gWSwutwM9vSsrPYyymfYP46JvYF74GNZ9eOnUX+HOq76U1TmODj+RmHYdN2NcwuDYm+jt3FnU8WaysHJoqcepnhNR9XK73XC7a7/JXqZwMZvHREREVHsYPlJZ/N2Br8MM7Uk8vxh8Ef/P+BP45HX/E012NyzLgt8fCx+ttqElz2fAifdt+jrWNi6jphiUk9YWT8HhYzAYBgDc/7Fb8dLeo5ia8gKINaWRpIU92HPjdLfDO7303/W4ct14LZv1HucMjv9qXvCY2D61D4NT+9DbenPG44dnjuDA+UcXbZckgaHpoyUPHzOFifHH6T6nO8dS1yAiSmepn1VCiEVVjpZlpQwk4/ulOoaIiIhqC8NHKrnvHfp/5wWPcap5Fj888hf43PVfgWEYAABntxsu9c2054pKPXA7tuL2dfcxeKSM1qxtx6l3R2CaOiQpv7e6QNJU6/vvuwV/+3fPFGt4cDib4ZsdhWUaRTtnMWzc2FPpIZSVQ/PAslKvqfnSqb9Cm6sPHntnymPDug97Tv1l2nNrirNYw8xKqjXTMj1OdQwRUSlkqmjMFEACSPkaERER1RaGj1RSvxw+hLD/6bSvi8h+vHD2Fby/51YAQM9tsS7DurIZANDk2g674sKqxvXY1LIBTfban25E5eF02AAUFqgMDV1KPL7ttu146eWjOHnyYsFjAwAhybA7GhH0X1p65zJq7yjOepm1YtPK2+CPTmAmfA5Dl9+CX59IvBbWfXjuxFfwsWu/lfLYPaf+ctF0a0U40d24DV2N23Ht6vItC5GqujFVM4dUz1Odh4ioWNKFivHgMd3z5P0ZQBIREdU2ho9UUu9OvbXkPieG/g7v77kVmqbh7X+eRPevPYA//MxvlWF0VM96e2LVarKsQtcjWa/HmMmf/NeP4b99+VFcuDBZ8LmAWOOZbMPHct10dXa2leU61eQ9PfcnHp+fPIjXznwHM5FzAIBJ/2kcOP8odqz5xLxjBqf24ezU64nnTrkNt234Y6xpu648g0b6wBFAoiOuaZoZO8tmqoRMdS0ionTS/ZxKVemY/HjhhyRJsCwLkiTNOy4eQDKIJCIiqj0MH6mkAuGxJfdRrAk8feoZqKqKSCSCaCRahpFRvXO57InHxbpJcTltePCPPoz/+tD3inI+RXVUXeOZjs7WSg+hota0XYc1bd/Bz499Hacv74EQwIHzj6Kn9Sa0ufoAXGlIE9ft3ok7Nv8JHFpD2ca5VPAYf57p8cLj0lVDEhHlKzlojH+OP5YkaV7guDCYNE0zEUTGtzGAJDMDr4kAACAASURBVCIiqk0MH6mk+tpuxqmLi9d7XOjs+D/DprXD7wcikeoJYrI1MPY8IoYf27o/Uumh0Byn05Z4HKt+DENRbBmOSO3UqYvYsGFV4vmRo4NFGV+czd6IgG9i6R1Rnpus9vblNe06nV/f+kX87LCJc969EALYd+Y7uGfbXwCIPQ7rsWZG65p249e3frGsY8sUDsYDxuTP8Y+F29NNwWb4SETFki58TA4cJUlKBI3xaseF21NhAElERFQ7GD5SSb2/51acGN0MRX87436KNYG2Wzbg0lPTNRU+hnUfnjr6RUz6TwMALFjY3v3RCo+KAKCvr3vecyFS37wsJRAIz3s+MJB9h+ps2BwNWYaPpdfQ4IKq8sdC3Aev+VP87DBw3rcXwzNHMDxzBB5bJwbGnwcAdLl2lD14TLaw6jFd8GgYxrwQMl0AyeYzRFRMqaZbpwoe4x/J7zvJwWNyAMmqRyIiotrEu0wquU9c8xU8evhLSwaQnb0DeAc2RKJ6mUaWnUn/aRwdfiLRWKK39eZEheO+M99JBI8AENH9FRkjLbawUkKW1aKc99Ilb1HOE6fZsmuiVI4brda25pJfo9Z88Jo/xWNvjmMqfAIHzj8Kjy22lmiDshY3rPoshoaGMD09ndh/5cqVaGpqKtv40q3hmBw6pvucrgIyfp6F1yEiyiRdY5n441TBoyzLic8Lq6/jgWQ8cEx3HSIiIqp+DB+p5JrsbvzhjX+FczMjeHP4VYx7j8KKHIOMwLz9bGIKbdduh/dyccOdQsQrG+NTLAFgeOYINNmF7sbtiQqoVI4MP44p/xls6/5IYq04Kp/4mnZFV4KbHs3mRiTsW3rHEuvqaq/0EKrSh67+Mv7lwO9jeOYInKEt8PjvgM3owd5zry3a99ixY7j++uvR29tbkrFk6lK9sLoxHjQu/MgUQMbPxbCRiAqVqrnMwuDRNM1E8CjL8rxjk8WPi+Paj0RERLWF4SOVzdrGLqxtvB9ArLPsdMiHk5dOYdI/iunQGIaGRuBZOYuh40s3qSmXs1Ovzwse4wbGfz6v4hEANMWF/o474A2N4bkTX0m8fnbqdXzsmm/BY+8sy5gpJhwOL71THrZsXotTp0aKes5qCR/XrVu19E7LkENrwFbP72Bg4DRkI1apqiN9hfbx48dLFj4ulKqL9cLQUdd1jH7nW5jd+yKsUKgs4yIiypaw29Hwvtux4jN/sPi1uYAx+ZciDBuJiIhqD8NHqpgmuxs3dl+beP6j44/jzaefAgD4fH643a5KDS2hu3F72teGZ47Me97bcjOGZ4/Ma0YBxKonveExho9lFAgE8MorR5beMQ/vv/0aPPGTXxb1nIpqz/h6uW60+tavLct1qlk0GsX0dGzt2enpaYyPj2N8fBwAICO7KfJ+vx/Hjh3D1q1bSzLGdJ2uk8PH5MrH0e98CzPP/awkYyEiKpQVCiXeo7o++4eLpmgnv7+x4zUREVFtYvhIVaOjoy3xeHx8cl746Pf7EQgE0NTUBFUtztp92fDYO7Gt+yM4OvzEotem/GfmPR8Yfz7lNGxNcaHVta5kY6T5AoEAnvv5Afz4X14vyfnb2xtxy67NePW1zGuY5kJRHUU7VyH6+lZXeggV89Of/hQ+X/GqT48fP46Ojg50dHQU7ZypLFynMXkqdbzycXbviyUdAxFRMczufREdv/u5ecGjaZopp1sTERFRbWH4SFWjPSl8HB0dh66HMT4+jqGh+d2Fb7nlFqxcubJs49q17rOI6P6M6ztmPL73s7Ap2VVMUWGi0Sie/8XBogaPqcLu3/gP7y1q+CgrGoQkwzKNNHuU/kbL4bSjo7O15NepVk6ns6jhIwDs378fd955Z9F+YZKuCUy6ysd4+Mip1kRUC6xQCIZhzAseM1U+Jo5jIElERFT1pKV3ISqPzo52tLe3YOeOrbhw4QwOHTq0KHgEgDfeeAPRaLSsY9u98Qu486ovQVNi1ZhT/sGsjtvW/RH0d95RyqFRkmPHz+CHP1rcBKQQmzevWbStvb0RN93UX9TrqBWufly7pqui1680l6v4yzz4/X4cOnSo6OcF0gePqQJIIqJaEW+GldwIa+EHsPiXMURERFTdGD5SVYitkXYEt71vJ3p6Mlc1RqNRvPjii2UPIHtbb8b91zyCVte6lE1okmmKC3de9SXsWvfZMo2OTNPEv/7blYpHyzIRDM4iGg3DTFtRmNlVm9JPQ962pSevc6YTjQbTvlaOio61Pd0lv0Y127BhA0IlqBAcHBxMrBlZiKVutBeGjsmPiYhqRar3sOTQMR2GkURERNWN4SNV3ODg/9/efcfHcdf5H3/NzFaterdkW7bl3uTuOHYU4yQEJ04jCSGQg8DBcbk7+N0BCUkIIRztfuS44zgCFw740dNMOVI4hzQ7dopL7MS9SbZVrd5Wqy0z8/tjtetdaXe16pL9eT4e69md+c53vmNZY81b3/l+K9m2bRuNjY1J79PW1jYuAWSao4Abl3yHNHv8cdxm5Kzj9mU/ZGbO5WPYMqHrOqdPX5gpXVFUHI40wMTrdeP1dqPrfiC5G5Tbbl3PVx/+SNztS5aM3GzGAb8nwSPXY6O0tH8Pz0tJVlYWNpttVOrevXv3qNQbEutx7MibdyGEmCwir13xhpoQQgghxOQjYz6KcRN6JDHWo9XJCAWQmzZtGtNJaOyWVG5c8iid3vP9ttksLnJdpWPWFnFBrH8DiqJgtTqwWGz4/V58Pg8KCharDU2zoiixf/8yu7SA227dkPB4eXkZZGe5aGl1D7vtiXo9jpXS2Zd2+AiwbNkytm/fTlZW1ojW63a7qaysZObM4QfW8W6+Ez16LYQQk0WiR65jkfEehRBCiMlBwkcxptxuN42NjRw/fpy2trZh1zdeAWSao4A0R8GYHU8k52//ZjP/9eM/91uvKCo2mxPTtBMI+AkEfPj9XiyWYAipqlpU+VOn+wfLffn9/hEJHgGMQOIevGNxYyXhIyxYsACPx8POnTuxWCw4nU5sNhsWy/D/q6ypqRmR8DFS3xvyROOjCSHEZDDQdSxy4hkhhBBCTB4SPopR5ff7aWhoCL9GInDsa7wCSDHxbNy4FEVV+MFjf0TT+j9CqygqVqsdq9WOrvvR9QBerxubzYmmRf/bqalppLg4L+6xzpwZOKCcLFwuJw6HfbybMSGsWLGCFStWUF1dzcmTJ8PXLY/Hg6qq4Ueznc7gBEGR6+IxDGPEZ9LuezMea7uEj0KIySbRtavvdU8CSCGEEGLykPBRjKo333yTurq6UT9OW1sb+/fvZ82aNaN+LDGxXb5uPl97+ASu1DxSUnNR+vRqDNE0a2/gGHuW6YrKuoThY3e3dySam6TRvcHKzEwb1fono6lTpzJ16tSodU1NTXR0dNDd3R0eo7a+vh6v98K/hZaWFgKBQLi3pNPpJDMzk7Vr145Ju6XnoxBiMpNrmBBCCHFxkvBRjKo5c+ZQVVU1Io8tDqSyspLi4mKKixPPli3GTyik8fv94bHoLBYLmhYMCO32ofe+MwyDnp4eXnvtbSyahe6uBro66nG6srE70rE7MwZV37lziSdAUtSRCwQtVkfC7SYGKCqYozN+X2ZW+qjUe7HJzc0lNzd3vJsRUzI9hYQQYqJL1JNbCCGEEJOXhI9iVE2ZMgVd18ckfATYv3+/hI8TiN/vx+124/d2EWg9iNp9Aq37JIq3FrQUTNWJr3dpak701OVY8tbhdDqx2+0JH6P3eDx4PB78fj+qqvL2W+/yzr5jHNh/DFXVUFUN0zTw9XTgcbegqBoOZwaOlCxs9tQB2z7QRB1Ll8wa9N9HPImCUacrG0dKNgHdh9/TjmmM/AzvWVmDC2bFxBV5ky4360KIySjyGibXMSGEEOLiIOGjGHVlZWUcOnRoTALIzs5OOjo6SE+Xnlzjye/301K9D6XpVSztu7B1n8BmJPmY8gnwpS2nO205ZKzCmn85drsdm82Grut4PB6qqup4fcc+3th5gKam+OOIKoqKxWLDYrFhGDre3iDSZk8lJTU3Yein6wP3bJw3t4jjJ2qTO68B2Oyp+LxdUZ/TMouwWHsfC/epKCkafk8Lhj6yAWRmljx2PVklmgE20faRYs8vIHfDFdiyo3uE+lqaaNr5Ot6Gi2dsVCHE6Bvo2iVhpBBCCDE5SfgoRl1ZWRn79u0b1fDR5/Ph8Xiw2WwSPI4zv99Py7EncZx+aMh1aJ370Tr3Q+3P4KjKMc8aurR5HK7J4p1DzVSdqx90naHekFis6LqP9pazoKhYrc5wT8hQ+HfDjeu5++NXD1jnJz5xLQ899HMC+sjdDGkWG2kZRf2CUZvNic8HOLPxe1oxdN+IHTMjXcLHi8FY3pTnbiin6JbbyN1QHrfMvC9B084d1P5hK007d4xZ24QQFxcJHIUQQojJT8JHMSY2b97MU089RUFBAaqqDnp/wzDw+YJhi8fjAaCnpwfDMDBNk7y8PJYsWcLy5ctHtN1i8DqrXhpW8Lj9WBFHarJo6HTS2OGgsTM0IUxt72u4FDTNgqZZMAwdXffS7e4JTumiKCgo2G2Jx2AMmVGSz7o1hTz/wm7sjnRs9tS4E9wMRNUspGdNw+nKjlvmQgCZNaIBZFa2PHZ9MRqtG/Yl3/k38q7clFTZ3A3l5G4op3H7Kxy87/Oj0h4hxMVFwkYhhBDi4iPhoxgTU6ZM4cYbb2Tbtm243e6kekEGAgH8/uDjpcXFxSiKQn5+Pna7nYyMDDIzMykqKsLhSC4oEmND6TyKYk3H9HcMet8fvbyI144VjUKrYlNVDZX+YeFgbnxsNnt4XEkAS29PSovNgabZkhpfEiAjuyTJ4znx+5VgANnTjhHoSbqt8WTJhDMiSeufexF7Xv6g98u7chPrn3uRXVvePwqtEkIIIYQQQkxkEj6KMTNr1izuueceACoqKhKWlVBx8rJ7DmE4C9EHGT6OdfCYSENDy4BlPB5PxIzdwXElTdPAMHR6PK2YbgOzd3ZqzWILB5GKqmGxOlBV7cJ4joNk7d0fIOBV0f3dQ6oHwOGwU1g4MWdwFhPL2id+N6TgMcSel8/aJ37H23feOoKtEkIIIYQQQkx0Ej6KcTFr1sjNFCwmFkNLRXEWobjPYerJ9crbU5E/YYJHgKam1rjbAoEAO1/fw7b/3dVb9sKEN4qiomnRfSkNQ8c0zeDj3V0ewIyaSVtRNTTNRk7B3EG1UdOs2GyhOiwEvIPvaQpwx53XUTp7+pD2FZeOxd96FNes0mHX45pVyuJvPcqhB+8dgVZNXOkLF+Esnkbbu/sv+kl3tBQX2WvXEejsoHXv7vFuTlKyVq3BkpZOy9tvone7E5adjOcnhBBCCDHRSPgohBhRqj0P9C5U1wz0jmNJ7fOLnYML3sbTq6+8xXcf/XnS5dXIMSD7POFtGDoApqkT8HsG3RNS06zY7So+FBTVgt8zcI/NSPMXzOLOj1w/qH3EpSd3Qzn5V13Tb7274jTHH/020++8i9zyjVHbmna8xrknfs28ex/oF1rmX3UNuRvKBz0JTfGtH6LoxptR+gzb0XHoIMe+/fVB1TXaim65jcIPXM/Zn/+Uyp8+Pt7NGVXpCxcx9wv34e9oZ/dHbo/aNuWGmym+5Vaadu7gzM/+O6n6hrLPYM24+69JW7CI49/5Jue3/Zm5X7yf1DlzOfuLn9H8xs6osonOTwghhBBCJGfwM38IIUQCtuLNAKgpxajOwgHLH6nJiphUZmLz+Xy88vJbI1ZfaAZuTbOgB7xDrsNmTwk+1p2Sg6Ikf1n/6F/dMKRjiktL0S239VvnrjjNoQfvo+2dvRz+yv20vbM3vC1y3aEH78NdcTqpOgdiz8nFNbMUZ1Fx1MuWk9ywAat/+QTrn3uRrFVrBn3sIVEUFG1oE1BNRrEm20qdPYe0BYtIX7go6XqGss9QKKoSbnP6oiWkL1hEaunsBOUvna+lEEIIIcRIk56PQogRZclZhd6+Cb3hFbSMRSi2HIzuakx/e8zyJbmd4ceQVVWB4LzT46unnqbK17HllGG327Hb7Xg8Hh79zk/Z/05yvTkHK+Dvxu7MHNK+qqphd7jw+TyQkk2gp2PAmbBv+eDVrF69ZEjHE5cOx5QicjeU91t//NFv464Mhop6Tw+Hvvwlyr73GACHvvwl9J7gkAvuymDvyBU/+knU/rkbynFMKaKnbnAz2Jt6gKonfkPFj3846HNRbfZB7yOG5+S/P8rJf3901PcZrr2f+OiYHk8IIYQQ4lIj4aMQYsTZZ92F356Nr+Z5VGchqrMQ0/Bj+tsx/R3Bl68VTAOXPcA/vv9dnnp7GueaUsJ1qGqoB5+C0vteVVRAidg2OqpqO7G+exeGlkpn2kpqLMv4zTYfb7x1atSOqQcSh4UDURQVmy0Fn09BcWTi93bEnQl70eLZfOaeDw/reOLSECt4BJh+5110HjkUDhl9Lc3hcRx9Lc1RZafedkfcuqufeXLE2jr/y18lb+Mm3JUVpC9cjGqx0LL7LQ7e/0VW/exXuGYGxxpe/tiPad3zNu/d93kWPPQIueUbUa1WAl1dVD3xayp/8l/Mf+BhcjeU0/zmTvLedzVGTw/H/uUbFG6+PmZ5gPkPfIXC67agWm3oPZ647Vz+g8dJmTkLRdOwZWVjeL2c+80vqXj8MUr+6m6Kb7sDe14+iqZheL1U/+5pTv3Hd8m5fANz/vGLpEwvAUUh4HZz7tc/p/HVl1nw0COkL1oCioLh81L3/LOkzVuALSuLQw/ei5biYuEj30BLcXHy3/4vdc/9idW/fAJLahoH7/s8RTfdwpQbbkJzpmDqOs1v7uLwVx4gbe48Fjz8z3hqarCkOElftIS6F56j4aVt4bYYfh8oKoGurn7nuvbJ35MyvYS65//EsW9+jZmf+lum3XkXltRUME08NdUc++bXaI3oOdt3n3hf16qnnmD+g1/B19jIO3/3afRuN7P+5u+Y9pG7qP/z8zinTid90WIsKcH/V9yVFRz95tfoOPReVBsLN29h3n0PYPj9nPrP71H37B+j/q4TnZ8QQgghhEiO9sgjjzwy3o0QQlx8tPQ5WLJXYPi7MXrOoyigWFJQbVnBQNI1A8Weg2JxMT23h81LzrFx4Xmm5Xpw2nScVp3GDhumaWIaBqYRnEnaMALouh/DCIQ/m5gYpoFhGoAS3Mc0AVCUwfek9Osqt6+pYPvRXH79koNnXmzj9Nm2gXccBtM0sDnSh/Von6IoWCzW4HvViqKoGIY/qozTaednv/j2sNoqxl/o33fo37ppBicyCr10XQ+/up/9w5CPk3P5BrJWruq3PqVkBplly2h+cxe6Jxi0BTo6CHRET3y0+FuPxhwvEsBTW9NvfL1EslauJqNsOYoC2WsuI2/jJjKXr6SntgZ/ezu55RvJXLoMTJO65/6EarOROmce3vpaGre/SvrCxZgBP6f/6wc0vvoyeRuvouimW2ja8SoH7/1HMpetIHvtZbgrKzADfnLWX0Hq3Pm0v3eA5jd3YklNi1s+f9PVTL39TrqOHePsL36GLScPe24e7e8eoHXfnqjzmHLdDbhKZ9O2bzfVW58ifcEiXKWzaT90ENVqxZqeQe3//J7mXa8Ht82cRefRI0y7405S586n8vHHqPjRf6J3d9O2dw+FW24kZ305NX/YytF/fphAZycdhw9iy8klbe48Oo8dw56XR8669SiaSk99PZgmUzbfgKemCm99PSUf/yQ95+s5eP8X0FJSyF1/BarVSt2zf6Tg6mvJWrESU9dpen07zW/uZOYnPo2jcApVT/6ajkMHSZ+/gIDbTc3Wp6LOVVFVMpeWYXi9dJ+ppPSez6L3eHj3n/6B1n178DU10fDKS5h+f8x96l94Lu7Xtf3APuy5ebhmleKprsJ9+hTT7vwotuwcqn77K+x5+XSdOEb1009gmgaZy1agYNK0cwdTrrsBe34+zbt20rpvD7bcPNLmzqe7soKOo0dY+PDXkzo/MfJSbrwFTdOwWCxomoamaaiqGl4qihJehv5/77sUQgghxMQjPR+FEKNGdU7BMfdvMLpO46t+AaNtf3iboigotgywZYArONvy1Owuiqe1s9nfjumvxgx0U9/u4Hybg4oGF11eK5WNLrq9Gk2ddpo6e6d7jpg9Wic6bBuqZ3aXsnXP2M7Krge8qJp12PVYrQ5U1YIfBVWzcdnqWezYvofS0mn82388MAItFQIyV6yi7HuPcejBe/FUV/Xbnih4BHAUFAz6mIqqkr6kDHona/I2NtL46st0nzsLgN7tpuLxH1L/5+eY/+Wv4iqdg7NoKnXP/YnZn/0nTMPAffoUrXt3U/KxT4Ch07xrJ56aajqPHyVt7jzSFyzCU1sDpkH7ewc48Ll7AFj2/R/FLZ9RFgzHzv/lf6n5/TOkLVhI2vwFcc/D19xE1ZO/pXXvbjKWLiN3QznpCxZS/cyTNG5/ley169AcDjw11TiKisKT7Kg2G9mXXU7X6VOc/uH3Aci76hoUTSNz6TLa3ztA5X8He2K6ZsxCKd8Ybofu6cYMBLDnF5BSMgMtxYm7soKsVavRHE6admyn/d0D2HPzyF67jsxlKwAwvD3onm4qf/rjYBh57Wac06bjrjjN6R/+J1mr1lB43ZaY5+muOB3uHRtiy8piynVbqH7mSc5v+3NS+8T7unYcPUJG2XIyli6j8+gRXDNL8VRV0fT6dppe3076wkWklMzEfeoUOevWQ4xe896G83jr6zD1AAC5V5QnfX5CCCGEECI5Ej4KIUadmlqKY/5nMdxV6K378LcexvScQ+nTK0+xpqJYU4FiAEwjQHFWO0X+dpbNbcf0nQczELVPV4+F0+dTw+8rGoPvu70alY2u4HufFvVI90AcNn3Mg0eAFKeCYrHi8w0/QNU0C6rDhc/Xw4MPfYYHH/rMCLRQiD56e2CO2eEC/iGP+diXoqrhx5EXPvINAAxfn+EPIn6xkai8oqpgGkN6NFf3dKNYLNiysplyw82U3vMPWDOzMLw9KBYr/vZgr+uq3/4ae24+mStWkbVyNR2HD3L0G49Qs/UpUqZNJ3PFKhZ97VvM/OvPcPJ7/0rniWMEut2kTAv+csff0Y6/rY2U6dPR3cF2dh47SsbSMlCU8Ln629sxvF4saWkXGmmamIFA77lqKKqC4Y09rEM8HUcOU/30E0y/6+MUf/B2ptxwE/UvPDesmcrb9u9jypYbyViylO4zldiys2l+6w20FBeLvv5tci67HCMQANNEcziSqnOo5yeEEEIIIeKT8FEIMWZU1zRU1zSsU2/G9LWgN+1Bbz+E3l0NMSakUVQLij0H7DnhdWagC9PXiuFrw/S1kurwU1Zy4ZHo9fOa4h4/1IuyvsNBQ3vwRtQ0TY7UZOBy6MzIdZNq9+N0qPy/HfNH8MyTE/D3ULZkGucb2mhoaEPXjYF3SkBRVOz2FA4erGTJkpkj1Eohglr37ubwV+7H19ISc/uhB+9N2Pux5/z50WzegEzDQPd0c+K736Hu2T9GbSvc3L+nW6Lyy3/w+JDbYcvKwgz48dTVUnDNtag2G8e++Qh1zz8bHB9yRvB7t/Wdvey5+yNkrVjFjE//LZnLVjDjk5/m8Fce4MDn7sE1cxYzP30PeVe+j5KPf5J3/+mz+FtbcRQUAtBddRZfczPZ69bjKp2Dv70d9+mTZCxeEgyRe3sFak4nisVCoLNzyOcUz7nf/opzv/0Vxbd9iJK77qbg2s10njxOzdanh1Rf8xs78VRX45w2jayVqzECAdre2UvuFeVkLltBy+63OPTlL5F35fuYd5/0+hZCCCGEGC8SPgohxoViy8ZSdC2WomsBMP2d6B1HMTpPYbjPYnjqINC/F5FiSUWxpKKmTAvuF3Bj9gaRhq8VjPgTtxRm9FCY0UPZAG17ZnfpkM9rOFpbWtA0laIp2RTkZ1Jb10JDw/DHmjSM4YWY4tLla4kd5jduf5XDDz+A0ZO4d1iiANJ9+uTgG6QoWDMzo8JBvaeHlrffTG53VUVzOgHoPH6MzOUryV57GQ0v/4XcK8pJX7CIih//KOa+icq7z54hc8UqctZvwNvYQMai3pnk40yOZXG5yCxbjpaSQvqCxfiam4N/H9dcC4qK6nBSdOMt4YlpNKeTGXd/Cn9XBzVbnyZz314yFi9BczqZevuH0ZxOqrc+TfOuHWSvWYvmdKJ3u/HUVJG5bCWmadC963X8rS1oDgcp06bTdfI4HUcOk7ZwEQX6ZrJWrcGeX0DO+iuwpqXTeOpEzLZ3n63E396Oa2Ypee+7mowlS7FmZKC73WgpLvRud8z9UqaXUPzB22na8Rr1LzxP7vpyslauxuJMvld6LO0H3yV1zhwylpbRU1dLw8t/oeDazcG/fpsNW1YWeRs3oTqcaL3HMg0DFAXV3n8G9KGenxBCCCGEiE/CRyHEhKBY07DkrIGcNQAcOXyCIwffo/bsKaxmJ7MKfSya5ibbFR12KBYXisUFKcVogBnoDoaR/tbgUh/8o3MbF9T2PnZtYhjmqM+uHYumqUybmktOThrV1U10dsafPXcgbrc8PiiGpmnn68z7Uv/1VU/+pl/wuPhbjwKEZ70Oqd76VMzwsWnn64NqS8DdBYpK8a0fovjWD4XXdxw5TOOrL/Urb/h8YJoo1uA4qt3nzpJXvpGl//ofNL76MhWPP0bWipUUXH0tBdd8AEwTd2UFja+9EvP49S88G7d8zdanyCxbHtx29bW4KyvQu92klJTErEux2pjxyU+jWCz4O9o599PHg+fx2iukL1zMvPsexPB56Th8iNS584PjSi5bTubylcy798HgTNF1tdT8fisF115H/lXXUPr3/wcAf2srtX/8PQDtB98je806TEPHXVmBr7kJU9exZmbhPnsGgJqtT5M2Zx6F121h/bPbwDTpOHyQ6qefiNn2jiOHqf/z80z/6MdY8i//SqCri+6zweVS+wAADy9JREFUZ7Hl5pK1ajVNO16LuZ9z2nTyNl3NtA9/FBQF0zBo3f0W1b97Jmb5ePp+XVv37qZw8/VYs7JpePVlAJpe38GULTeTvXoN6373LJ6aajzVVaSWzsaeX0D7wXfJXL6CuV+8H0d+9NijQz0/IYQQQggRn2KaYzxgkxBCJGAYBn/6n5d4+aW3OXnibNS2smXzuP6aBaxbbCHQdRrTUwee2oT1mbon3DMyGEYmF+JtO1jIj/7SvwekoqjBmbv7zEqtKiow/Jk2P/fhbGq759Duz41a39zcQVV105Aexb75psv48B1XDrttYvxEzm4Nwe8T0zTRdT08u7Xf7ycQCOD3+/H5fHi9Xnw+H02f/tiwjr30u98nd0N51Dp3xWkOPXgf7srTQPTkMg0v/yUcQLpmlrL4W9/BNSv6e6lp5w7e+8LnhtWukZK1ag22nBy6ThzHXVkx5PJaiovstesIdHbQunc39vwCAl1d/XrKhR6lPvatf0bRNFr37Y0q45o5i9TZc+k6dQJ3ZUVUPa6Zs0idO49AVxfNuy6Et/b8AjLLlmMEArS8/eaQeueF6vY1N9O6d/eA5dMXLsJZPI22d/fjbThPyvSS8MQ/iWStWoM9L5/us5V0HDk86HYORs76KwBo3vU6WooLS2oq3obkHvcf6vmJ4cn9719is9mw2+3YbDasVisWiwWr1Ro183Vo1muQ2a6FEEKIyUDCRyHEhPLittf5wfd/G3fSlaKiPO69/1MsWBAMMwxPLUbHCQKdpzC6KqCnPmH9pu7tDSJDYWR33LL17Q7+Z28xh2vSBzVhzXD88fO7AOgKZFHbPZsazxxqPXNwBzLQdYMzZ8/T1ja4YOHmm9by4Ts2jkZzxRgZz/Axd0M5S7/7/X7r3RWnOf7ot5l62x39ejY2vPwXqrc+xbx7H+gXPAK894XP0bRzx7DaNVmFwscjjzyUVMgnxKVEwkchhBDi4iSPXQshJpRdO99JONtzbW0jr778Zjh8VJ1FqM4iLAXBcC3Q8g6BlgMYnSfA29Bvf0WzozgLwRmchME0fBeCSF8rZuBCsFeY0cNnrjod/lzXFpyoprPHQmXvrNoAlY0uur3RPSGHIsWuh9+nWlqZm76Huel7AGjz5VPrmcPsjDkcOJdPZVV30r0gfT4/7e29E/qYenDGcDOAEfCjBzyYRgDF1DENP4pigBEAdDACKIqBLXcNTqcTi0X+y7gUNe3cQeP2V8i7clPUetesUlb86Ccx98m/6pq4E800bn/lkg0eQwyvV8YOFEIIIYQQlwzp+SiEmDBaW9r42F334/cHEpYrKZnC4z/5+oD16W3vEWg5QKD9OIq3Lqk2mIa/TxjZf9KbMaNoKJYUFC0FLK7e9y6wpNDlddDpUTD0AJoKmgqqagaXSnCeC001UVWwaCqaagImCoO/5OtKCn77DNQpW8gsGPtZwMX49nwMWf/ci9jz8odVh7exgV1b3j8i7RFCXHyk56MQQghxcZJuLEKICaOj0z1g8AjQ0NCSVH1a5lK0zKXYAcN9Br3lHfxtR/C1VWCzxt5HUa0ojnxwBEMW0whg+tuDPSID7uDs2gF3sPfgSFPtqLZMlNDLkhq3aJrDR5oj2Yr1gYskoJndaD1HMM6cosNzE+kzNg+rPjE57dryftY+8buYj1Enw11xmrfvvHWEWyWEEEIIIYSY6CR8FEJMGE6Hg6zsdFpbOhKWmzGzOO62UL++yD7dJkDKDNSUGdimfpBv3vcwWepZSotMSgoVpuarpDpj95hQVAuKPQfsOdHHMXz9A0kjAKYf0wgMHE6qtvBM3Yo1PRg2as7E+yRgmgboPcHZvXUPpuGLW1ZRNNAcoFjA8GIa3ui/MEVFUe2g2S8sFQ3V9GE27wAJHy9Zb995a9TkMsmKnIRGCCGEEEIIcWmR8FEI0Y9JMIsyB3hP321cyLAulDUvlO27vc9nMrKZNX82+954J2H7ps+fy5nu0GOoEfsnKbe0jG2/q+WliMPMmaqzYJrB7GKTkkKV4nwNVYlfq6LaUGw2sGXFLRMOIY0AphlAUS2gWEG1oijqIFocqs+H6e8KhouhkFHvCc7gnSBsHDGqDX/uVXi8Znheb0W5MMe3Aigo0euU0PrelxJZts/2GO/F0I3WI4iHHryX3A3lFN1yW79ZsPtq2rmD2j9sveTHeBRCJE8enxZCCCEuPhI+CjGJGb3Bn2GCQTCIi700Y6+PqCNy23gOBLvyirVUHK+ktbk15vaZc2eyeHUZxjAaubp8LWdOVHD84PHwupPVGierg5PG5Bflc/PHbmPNIjvW7pNo3Wew9tRiDTQN6jiKagEsoA0+SDNNHdPfEX7h7wgGjuPJ8NFTcD2+hJ06R+5fTyiEVLkQRqqhZZ9twaUSZ31wqUbUcTEayxv2pp07aNq5A8eUInI3lJMyYyaOggIAes6fp/tMJU07d9BTVztmbRJCXJwkjBRCCCEmPwkfhRgHobAwKjTss84wzXAg2DdcjAwdLzbL1q3ANE1e/MP/cvbkmahti1Yu5tpbr6N0wexhHaOopJjNH9oCisLx945FbcsrzGPz7VtYdtlyfIAvbWHUdlvnkWEFkomYgS6MniZMbxOmv33E6h0pXQu+ja9wy5gdLzIUTy7TTO4bIjKE7BtKhj/3BpmR62KVG2/xbsrHagKGnrpaqp95clSPIYS4dAx07ZIgUgghhJicJHwUYoSYgG7Gepkx14v4ll++kvyiAqoqztFY34CqahROm0JJaQm5hXkjcoy5S+ZTPGMqR/YfprGugUBAJzsvm7mL55FfVBB3P1/awriBpMVzBs3bCKaOYhoo6ICBYhoQ+mwaKBh0dBkYhoFLa0YLNAYDR907Iuc2GtxzHsI79c7xbsaICIX2ib8PB/4m1ZRYLyXm+rG6XVYURWZ+FUJMapHXMLmOCSGEEBcHCR+FSEIgRngYiBEqXow9EcdL8YypFM+YOqrHcKWlsrp87bDriRVIxrP/jT2888Zezp06R2N9EzZ7EfOXbmTZmiWs23QZmEZveBkMKkGH3vfBdcFAM1Rm92u7eO25l1AVM9gjTzV735sR72HFujLWXLmmNwjVe+vtc6ze9eEyoeOi0zPjU8P+e7rYxP5FQv+LgBojjLT0CSktvcuhineTLjfuQojJJN51TK5lQgghxOQm4aMQfegmeA3wGeAzzN7leLdKXAzefXsfzz3xLHVVdeF1Pq+f9/Yc5uC+I7i7/Vx10weA5EdOrOk4zqnzGQOW00qms6zg+qE0WwyT0fuLCX/U2v5fYZsaeinYe98PNpAM3aRHvoQQYrKQa5gQQghxcZLwUVzy/EYobDTDoaM8Fi1GWktDE68++3JU8BjJNEzefOVNZi+cR8mcmUnXm5qellS59Mz0pOsU4+PCLzqCFyBNIRxC2pTg0hKaLVxRMHunek/UU0hu3IUQk0mia1fkOrm2CSGEEJOLOt4NEGK8tflNGrwmbX7w6BI8itFx9tQZThw6mbBM7dlajhw4NKh6i2dMx5HiSFjGZrdSunDOoOoV4083oVuHNj+c95p0BKIvTn1v0GP1GJIbdCHEZDLQdUyua0IIIcTkJOGjuOTZhzPQmhBJaqitT6rc+arkyoXMXTKPDe8vT1hm1RVrWLpm2aDqFROPXY1/0x3rZl1VVVRV/psXQkweoetWsr9IkSBSCCGEmBzksWtxyUvVwO5U+o3xKD0gxUjStOQut8oQwqKrb3o/AK88+xKGfmGAUqvNyprytZRf975B1ynGl0UBa8QYkNbex65j6XvzHQoeQ0shhJgsIq9dsa5tQgghhJicJHwUlzxVAXvv2GoQ/MHWMHvHXzPB3xtI+o3grNdCDEVRSXIzd5fMnjHoutOzMvjg3bezdPUyjh88SmtTK2kZacyYO5OytcsHXZ8YW5beYNEaChp7x3hUo+6zL4zxGEvf3o7S81EIMRnFuoYl86i1BJNCCCHExCbhoxAxqAo4NAiOpBf8gdYk2Buy/8uMuV6ISFNnTads7TLefftA3DKz5s1iXtmCIR9j9qI5zF4kYztOBArB64jW76XEWBe6ygyi/t4JZ+KNjxa6adc0bTROTwghRoWmaQkfvQ6FjBI2CiGEEJOLhI9CJEkh2EPJ0u/n3f4/AOtmsPdkOIwk9PlCUBm5XbLKi196ZjofuP16ujq6OH30VL/trjQXV15/FVOmFY1D60QyVKIDRTUiUAy/J3r7SIqc4Tryc6Lg0TRNFIcDs6dnZBsjhBAjTHE40DQtYQAJsYeaEEIIIcTEJuGjEKMgFD5Y+23p/wOySTCIDC0NEwzA7F1e+GyGP4f3iSgTWY+YmEpmz+CWu2/jvbff5eTh49RX15HiSmHRiiUsv3wF85YOvdejiC3UA1EFlMhln3WqosQsq/aWDW2baLe4kYFkKHg0DCMqfEy/chPt214Y55YKIURi6VduigofY439KEGjEEIIMTkpZqJBpIQQk07fIDIUZPYNOU0uBJpmgrJmjHVCjJTIUE8JhXwR7yMDwwvblKj91Bhl1Yi6Lyah/7JDS8Mwgt/HhhF+6boe9QoEAtQ//hgd21+RHpBCiAlHcThIv3IThZ/5eywWSziA7NsLsu9EWvIIthBCCDF5SPgohBiUUBgZfs+FcDJ0MRnwc586gmXM6O0R+9JnX8w+nyOWsbb1e9/nqtf3IhjzojiKwasS/iPG+kSfldjblMilEmNdxLZ+62OtI+Imr0+56DIR72PUFbVPn/1FcvqGj6Zp9gsf44WQoVdoW2RwGaonsk4hhBiOvo9KR/ZkDPXODi1jvSJDx1iTz0j4KIQQQkwe8ti1EGJQIkOmqJUjUrMQIpHIcR77jv/Yd2brvttDZXRdR1XVfsFjZPm+4aOEkUKIgSQai7HvuLSxAsjIZazQMVbdEjwKIYQQk4OEj0IIIcQkFXnjHTn5TKzHEhVFCY8HGSt4TBQ+CiHEYMULH/sGkJGvWJPN9N1fCCGEEJOPhI9CCCHEJBTZCxKImmwmtIwsG1ofr8dj36UQQgxXrEekYwWQfYPIWNult6MQQggxeUn4KIQQQkwifR+5jhQZPMabBTsUPgISPgohRlW88BGIChUTvR+obiGEEEJMfDLhjBBCCDEJxZt8BgiHi7EerU40uUy8HwnkRwUhxEDihYGxHr+OfB/rkWwgavgImWRGCCGEmNz+P8Xtzo7g0pawAAAAAElFTkSuQmCC
----[FAIL]----PatientNavigationTest is failed
----[FAIL]----PatientNavigationTest is failed
data:image/png;base64,iVBORw0KGgoAAAANSUhEUgAABR8AAAJmCAYAAADVS/dbAAAAAXNSR0IArs4c6QAAIABJREFUeJzs3Xl4lOW9//EPkH0SlgATkCVkoUQYIkohGCuWoKCnINLaH6Di8YALVY+gBa1iqhb3pbgcW2Q7FlCwrUWFUwVMUNRAWATDgEGTDIlEyYBBSIaBrL8/spBlZjJZJjOB9+u6vGqeeZbv8zxjox/u7313qqysrBQAAAAAAAAAtLHO3i4AAAAAAAAAwPmJ8BEAAAAAAACARxA+AgAAAAAAAPAIwkcAAAAAAAAAHkH4CAAAAAAAAMAj/LxdAC48JRWVCujcydtlnBcyzAcabYsw9laE0eiFagDPKbbZlGM5LJvNpmyLRZIUExUlg8Gg6KhBCjUYvFwhAAAAAMARwke0q7RvT2jdoVNKio/QlIFBIoJsnmKbTVtSt2pLSmptAONIqMGg+OEmJSYk6PKE0U0GMwsWPuowyHTkLy//WTFRUW7tu2BhssvPp06epMQxCQ4/W7J8hbIth926zgtPLaq+nvv3IZ0Lr0JDDYo3mRRvGubWvWWYzU3eW4140zC98NST9bZNnDK12ce6ez1JmnP7LMVERTXreTiq0xlPndeRLalbtf6DDS6/75IUYTQqcUyCrkka5/b3EwAAAADgeYSPaBe5P9q17JM8bTYf05iRA/RB3hltt5ZoysAgJRoDvF1eh5C2I10vvfqaim22JvctttmUtiNdaTvSFWow6N2317RZHVtSUhVz+2y39s0wm11+nmOxKH64yWE4mm2xNCtIbIm6gVbajnRJVYHk1Osn65qkcR69dnM19SzrsrnxHfF12RaLXnrltSZDxxoFVqvWf7BB6z/YoFumT9PMGdM9XCEAAAAAwB3M+QiPKq+o1JLUXP32f/Zos/lYvc+OnanQ8m9O6yVzsbJOlXmpwo5hc0qqnnjmWbeCx4ZacowrW1K3ttm5im02rVm7rs3O1xayLRa9+MqrWrAwuc2fHdyTbbHowYXJbgePAAAAAADfRfgIj9mwr0BTX92tlZ9953K/Az+V6emMYq3OtutUaWU7VddxFFiteunV1zx6jea0qdaMqmwr6zds9MmQKcNs1t3zHmhVAGkICXH4bKOjBjV5bHTUoBa1D0dHDZKheiRpTFSUDCEhbX4tT523xkuvuDfCFwAAAADg+zpVVlaS9qBN7c09qWWf5Gn34ZMOPx8zcoCKu3dz+Flgl066YWCQJvYL9GSJHcrjTz+j7ek7nX4ebxqmeJNJBVarCqxWh63Km95f79a1br3jLhVYrU3ud03SOM2fe1+T+2VbLLLZbE3OVxhvMtXO21hXsc2mJctXOBxtaQgJ0arlSx22bLuakzDeNKz2749arbJajzncr0ZMVJT+8vKfHX7mau7HqZMnaU4T7enO5n68PGG0Hn/kYYefubq3d99e4/B5rF67TmvWvePwmMce/oPTeTeb4onzbk5JdRm2R0cN0iUmk6Sq71d2jkW206fr7UPbNQAAAAD4DuZ8RJs5VlSipZ/k6f0vj7b4HGfLK/WOxa40a4luGBikS3v6t2GFHdN+J0GTISRELzz9ZKORZc1ddKVGtsXiVvAoyWUYWpe7o94yzGZtTknVhPFJ9baHGgxOV+6OiY5q0QrHDRc/qZ0rcMNGh/tnWywOa2uKoRWrL7d0wZSWPI/QUM+sEt3S87qa2/L39/13o/fgKgAFAAAAAHgfbddoE3/7/Iimvrq7VcFjXd/ZyvXa1zb9JdOm/NPlbXLOjijDbHbafho/3NSmq/puSUlttM0QEuJw4ZW2br2WpDdWrPRKq22E0ag5t8/WnNmznO5DuNV+nAXghpCQZgfAAAAAAADvY+QjWuXjg8e17JM8WY6dbnrnFth9vFS7j5fqP/oHasrAIPl37uSR63REzlY0rhtIxle3p7ojzcFoxvjhJiUmJDhse96cmtridl1Him02rf9gg9faZadeP1lp6ekOR41WtbObm/U80TLORu02bK2uEWE0Kt40TBFGY+0o2UuG854AAAAAwFcQPqJFMn8o1rJP8vTZN4Xtcr1/HzmrNGupbhgYpLF9Atrlmr4uw3zAYTtwU/MMOuKs5ToxIcFpwLg9faeKbbYWtfo6s2bdO5owPslpq7WnXZOU5DT8+mo/4WN7MBp7O52H86VXX9Pv7/vvetsmjE9iRCQAAAAA+DDartEsxWfK9OdNObp16b52Cx5r/FRSoTezTuvZ/cXKPFnWrtf2lqbmDXzp1de0YGGy23MwOuOo5VpSbfB4ecJoh5+3deu1JL34imdX9nbF1Yg5V3MRou30cRE8b05J1a133KUtqVtZDRsAAAAAOghGPsJtf9/5vZZ9kqeTdu8Gf9+cLNPz+4v1i4gA3TAwSOGB52+GHhMV5XIkmFQVimWYzQo1GJQ4JkHXJI1r9gg9hy3XpmG1oxovMZkcBpxp6emtGnUWHTVIOZbD9bZlmM1K25Hepi3d7mrLEZcZ5gPMFdkCiQkJLhdMKrBa9eIrr1btOyZBiQkJDuclBQAAAAD4BsJHNCnt2xNa+mmeDuYXebuUej4vKNF2a4mmDAzSpAFB3i7HY349ebKWrFjZ5H7FNps2p6Rqc0pq1SIqs2e5FeC5armu/fsxCQ5raG3r9czp0/XXFSsahatLVqxU/HBTm7Z0uyveNMxh+NUwJG1KTSiM5rlmfJJWr13ndI7HutJ2pCttR7qWLF+hqddP1g2TJ3nlOwMAAAAAcO78HTKGVsv90a5H3z2keW8f8LngsUZ5pfSv3DNa+GWRdh0v9XY5HjH1+snNHtlVYLXqiWee1RPPPNtke2rGfscBWd3gMsJoVHTUIIf7OWvZdkdoqEG/m914jsoCq1XrP9jQ4vN6Am2+7SPUYND8ufc165him02r167TgwuTlW2xeKgyAAAAAEBLED6ikfKKSi1JzdVv/2ePNpudt/v6kh9Ol+uvmTa9ctCm3OJyb5fT5ubPvU9TJ09q9nFpO9L1xNPPutzH0UrWRmPvRi3Ilzhp5XZ0fHMkjklQvGlYo+1r1r3jcESmtziqEZ6ROCZBLzy1SEZj72Ydl22x6MGFyQTFAAAAAOBDCB9Rz4Z9BZr66m6t/Ow7b5fSIl8VluqJfUVam2OXvazS2+W0qTm3z9YLTy1qdghWM4eiIwVWq8ORYlckNG7XdtbC7axtuzmcjXTz5uIz8K54k0l/fXmxbpk+rVkhZLHNpjVr13mwMgAAAABAczDnIyRJe3NPatknedp9+KS3S2kTW74/q+3HquaDHN830NvltJl4k0kvPPWkCqzWqvnu0tNdLs5RIy3d8QIuzkLJDPMBLViY7HZdaTvSNfX6yW7v31CE0ahbpk9rtECLN+ZMdOd5uuOapHFNLsbTnGd8IQo1GDRzxnTNnDFd2RaLtqSk6iuzucn5N7ekbtWc2xu38wMAAAAA2h/h4wXOeqpEyz7N0/tfHvV2KW2uuLRSb2XbaxelGd7D39sltZkIo1FTr5+sqddPVrHNpvUfbHC5srKzQM1Zy3Rz583bkrq1VeGjVDW35ebU1EaLz7RnAOlqBGeig9GgrkQYjc1edRzOxURFKaY6UMwwm/XX5SuchpDFNpuyLRbFREW1Z4kAAAAAAAdou76A/e3zI/r1a7vPy+Cxrpyici0+YNPSQ6dVYK/wdjltrmZ02JzZs5zu4yhUc9Zy3RLZFkurzxVqcLz4THtyNhJUkuKHEyT6ipoRwK7asW3M+wgAAAAAPoGRjxegjw8e17JP8mQ5dtrbpbSrHcdKtONYia4fGKQpA4PUydsFuWFzSqq2pG6tN/rvlunTNHPG9Eb7XjM+SUtWrHT73K6CtpbYkpJaOzKtpWoWn2mr1ufmWr9ho8PthpCQC24U3cQpUyVVjeCMMBoVEzWoTVqZXZ0322LRkuUrlWOx1C4aE28apheeerLReUINBvUxGhuNlAUAAAAA+BbCxwtI5g/FWvZJnj77ptDbpXjVB3lnaluxE40B3i7HpQKr1e22Y1ctw44WqXHWcu1qrsLiYpueeMbx6tlp6TvbJJyaP/c+3XrHXa0+T3O99OprTp9ha1vKO7ICq7X6ubTtAk6Ozmuz2ZrVZl/gIniMvsDCYgAAAADwVYSPF4DiM2Va+mme1u343tul+IxjZyq0/JvTtSFkbNeO/Y9Csc2ml1ysDN1w1J6rluup1092OcovOmqQw7n2as7Z2hGCzhaf8ZQCq1VLVqx0OhLUEBJyQYePbam4DVuhXYXFRmNvhRoMbXYtAAAAAEDLdezEBU36+87vteyTPJ20l3m7FJ904KcyHfipWOP6BmrKwCB19ff9Zuw1695RhvmALqmegzDbYlHGfrPLYKfhStfOgj2jsXeT4WFiQoLThT7aovVacr74jLtcjYiru8K0rXphElfm3D7baZBVXNzyMK2lc2TabM2fLsHV/IdVbf3129xdjaJtj/PWlWE+oLvnPaD44SaFGgwqsFr11X6zy3NNSHK9yjgAAAAAoP10qqysbNteOviEtG9PaOmneTqYX+TtUhoZM3KAirt383YZjQR16aQpA4M0sV+gt0uptXrtulaPALw8YbQef+RhSdL6Dza4NS/knNmzGo32czT/pDO3TJ+mCeOTtCV1q77ab3Z6TExUlCIijJo6eVKjlaHTdqQ7bfGWHM8FuGBhcr35AlvL2fyajuYmdCQmKko3TJ5Ur4295lh3nmPdd7dgYXKdVmXnQg0Gvfv2GknSkuUrlGE+0CYLC9V93p46b4bZXC8cbglDSIhWLV/KyEcAAAAA8BGMfDzP5P5o17JP8rTZzCIMzXWmvFLvWOy1rdiX9vT3dkmtFh01SPPn3lf7s7uhnKP9mjP/ZM3+q9euc7lPzSrZ0YMGNQofW7L4THPqc8UQEqI5t892Ovelu3MTZlssjcLC5sxrWHdkobvH1H13bbEKuSOeOm9rGUJC9MLTTxI8AgAAAIAPIXw8T5RXVGrZJ3la+dl33i6lw8uzleu1r236eS9/TRkYpH4hXbxdUotcnjBa8+fe16GDmPlz79Pv5t4v22n3Wo2Nxt6tXv34mqRxmjljuiKMxladB+2rJmi/0FYlBwAAAABfR/h4Htiwr0DLPsnT0ZNnvV3KeWX38VLtPl6q/+gfqCkDg+Xfuf1rmDljuhLHJGhLSqq+MpudzrVYwxASosQxCZowPqnRSEKpajGXuitfH7VaWx3WeVKE0aip1092u/W8j9HY7PuJNw2TwWDQJSaTEsckEDp6UbzJpFXL3lDajnSlpae7Ner18oTRSkxIcDpKFQAAAADgXcz52IHtzT2pZZ/kaffhk94upVl8dc5HV3oEdNaUgUEa2yfA26Uo22KpbcfNzrEoJrpqpFeE0ehTwVmxzaYcN1tzfa12+I6681zW/b4bDAZGOQIAAABAB0D42AFZT5Vo2ad5ev/Lo94upUU6YvhYY0g3P00ZGKS4bgwaBgAAAAAAaArhYwfzt8+PaNmneSopq/B2KS3WkcPHGldGBGjKwCCFB3qhFxsAAAAAAKCDYPhWB/HxgeNa9mmeLMfcW3gDnvVZQYnSrCW6YWCQfjUgyNvlAAAAAAAA+CTCRx+X+UOxln2Sp8++KfR2KWigvFJ6N/eM0o6V6oaBQRrVy9/bJQEAAAAAAPgU2q59VPGZMi39NE/rdnzv7VLa3PnQdu3IJeH+umFgkCJDu3i7FAAAAAAAAJ/AhHU+6ujOR3Xixzxvl4Fm+OmMTSlZK7xdBgAAAAAAgM8gfPRRF4UUa37If+qFUSky9aU73pd19Zcu75quiNO3ylCxx9vlAAAAAAAA+AxSLR83omSlRhhX6t99ntCbh+J04nSZt0tCHSO75cqv+GmVnzrp1TqKbTblWA7X2xZvGualagAAAAAAAKoQPnYQ/1HxmMZdPEBv2R/ROwe7erucC15c2Cn1KvtflZzcLm9Nmro9fac2p6YqO8eiAqvV4T6hBoPih5sUbzIpMWG0IozGep8vWJjcZvW88NQiSVK2xaIly1e63Hfq5ElKHJPg8LMly1cou0GQ6khM1CDNuX222/u3xAtPLXLrftxVU3ONlj7/S4abFGE0Kt40rNE7BQAAAADAlxA+diDBZd/pdv/fKenn/6HVx2/W557JW+BC3+ByRft9pNKi1SrxUg1pO9K1ZMVKp4FjXcU2m9J2pFcds3yFpk6eVC/8yjCb27w+m83W5HkLrFbFDzcp1GBo9Fm2xaIM8wE3rlTZzP1bxp37cV/9qLql5617XLzJpJkzpineZGpVZQAAAAAAeAJzPnZA0aX/1mPdbtbjI9MV1dPf2+VcEAK7SAndMjTAfrNKi1Z7rY4lK1bqiWeedSt4dCTbYmnjilqmwGrV+g82eLuM80KG2awFC5O1OSXV26UAAAAAANAI4WMHdkXZq1ra///prvh8+XfhVXrKJV2P6rLOD6ry5NNereOlV187rwK79zZsbHGIisZeevU1pe1I93YZAAAAAADUQ9v1eeDGTg9q3KXxWnNqrjZ+E+Ttcs4bMaF29a1cq5JTm1Xu5Vo2p6S6NbLNaOytUIOh0eIzzrz79hrlWCxO5x40GntrQlJSvW0FVqu2pG51es54k0mrlr1R2x7uTLHNpiUrVuqxh/9Qb/sLTz2pDLNZm1NSHV7HaOytv7682GHL9rkahtW2IW9OTZXVeszhfrdMn9bkPblzP3WvVyPbYtH29J1Oa5Safv6GkBDFREfV/txUe/mSFSudzqUJAAAAAIA3ED6eJ3qWZmhu8GyN//l0rfphivbmV3i7pA6rV2ClhgR+qtJTS7w2r2NdxTab3nAR4hmNvTVz+nRNGF8/JFz/wQaX4Z9UvSCNi7kC+xiNmjljeqPtrsJHSYowGuuFZs6k7UhXhtncqIZ4k0lf7Xc8H2Ifo9Fl8ChJM2dMrz1nhtnsNHyse29fudivqfupmnex8XOaOGWqyzqbev4x0VF64akna38uttm0ZPkKp8+/wGpVtsWimKimnz0AAAAAAO2BXt3zjKl0nZ7vNUMPXmqWMYxsublGdftG0WdnqPTUEm+XUmv9BxtUbLM5/Cw6apD++vLiRsGjJLfCP1/w4iuvebsESVWhpq8LNRg0f+59Mhp7O93H5uS7AgAAAACAN5BOnaeuqXhG4wZ301tn/6Q1B3p5uxyfZ+r6o7qd/atKT7b96s+t5WqU4fy59zU5CtATXnhqkQwGQ5uMsCuwWrV67TqHIwfdERMVpaNWq9NRiy3RsN25pdryOdV1icnk9HtRXEz4CAAAAADwHYSP5zG/8pP6T7+5Svr5WK0unK2tObzuhgaGlGhg5/dUcupfKvV2MQ4UWK1OF2W5PGG0y1ArwmjULdOnKcJoVJ+IqlF9hjYKKl21CrfEexs2asL4JEW0YPThnNtna87ts1tdQ9325rbS1s+phqvnFBra/mE0AAAAAADOkEZdAAaUbtMjYdt09cjb9bfvrtE31jJvl+R1Yf6SKSRd5ScX+8S8js64Wr04McH1wiIRTuZr9EXFNptWr12n+XPv83YpHUKG2fkI3WjmewQAAAAA+BDCxwvI6LLlGt13ud7vu0grvx6s0yXeXsPZOy7rlquA4qdVfvKkt0tpkrO5HiXVjmb0pALrMa1Z947LfRyt9NwUo7F3ozbpLalbNWF8UpuPFow3mZpcJbq1MswHmnxO1ySNa9HIzoYKrFan93NN0jivtOEDAAAAAOAM4eMFaIqS9UtTlN6yPaT1h8K8XU67iQsrUq+ylSo5uV0dZS3wbIvF6Weeaumtq2Y+RldumT6t2bXMnD5dS5avkO306Xrblyxfqb+8/Odm1+ltGWazy9GIUlVI29rwMdti0UtOFugxhIR0mJGuAAAAAIALB+HjBapbuUV3B83R+JGTtco6XTu/83ZFntM3uFzRfh+ptGi1T7dYO3K+rlzcJ8KoqddPbjRaMNti0foPNmjq9ZO9VJlvybEc1oKFyZJct1objb31+CMPt8nISgAAAAAA2lJnbxcA7xpStkFPhd+shSN2q1/38yuLDuwiJXTL0AD7zSotWu3tctDAzBnTZTT2brR9zbp3XLabX0iKbTaXoyqNxt66Zfo0/fXlxW2+ojYAAAAAAG2B8BGSpF9WLtabkdP1X8O+93YpbeKSrkd1WeeHVHnyaW+X4jHnQ0C3wMECM8U2m5YsX+GFajqe07bT6tSpE/M8AgAAAAB81vk11A2tVKmb/BYo6bKRWnPybm3KDvJ2Qc0WE2pX38p1Kjm1Sef7cjo5FovH532MNw3TC0896cHzm3R5wmhtT99Zb/uW1K3tMqdlW7ll+jSvzLdYs0p4cXGx5tw+u92vDwAAAABAUxj5iEb6lO/R/NDZev6yf2tYn47xFekZWKkrun6insX/pRLbJm+X02ZcBXDZOc4Xo+lIfnf7bBlCQhptb2oBlwtBTVv1LdOnaerkSQ6fkySt37BRBVZrO1cHAAAAAEDTOkayBK+4tPwtvRwxQ/PiD6p7cBdvl+PUqG7fKObsDJWeWuLtUtqcq3n80hqMFnRkS+pWZZgP1P7lavVsb4kwGllgxok+RqNmzpiumTOma87ts/X4woed7tvUquQAAAAAAHgDbddo0q86PaVxQ3rprTOP6e+Z4d4up5apa6G6nf2LSk+evyPkYqKdh481C5G4Gh354iuvNtq26f31ra6rwGpVgfWYJCk6alCr5xycOWO6Nqemylp9zvNFWz+neJNJ8aZhyjAfaPTZltStmnr9ZBaeAQAAAAD4FEY+wi0hlcd1R+B/643LVuiKSO/OpjgwpES/CP27Qk7drdKz52/wKFWNCow3DXP6+ZLlK72y8MzmlFQtWPioFix8VL+56RZNnDK11SPvHC0+09E5ek6tbSd3NbfkkuUrW3VuAAAAAADaGuEjmiW6PFWPd79Vj434TIPC27cVO8xfurxbuvqcvlUlxf9q12t70zVJSU4/y7ZYdPe8BxwGWh1tNeyaxWfgWs3oR0dqRsMCAAAAAOAraLtGi/yicol+MWCJ/nHRU1r5dZTKyis9er3LuuUpoPgplZ886dHr+KIJ45O0fsMG5VgOO/y8wGrVgoXJijAaFWE0qk+EUUcLrG4vQOIqpLTZTjdq8bXZbI1Wp24rv7t9tjL2m2U7fbrNztkeC7FYjx1r9JwKrFZtSd3qketNnTzZYeu1JK1e+45eeKrjrBQOAAAAADi/ET6iVX7bZaHGxf9Ma4p/r//7NrTNzx8XVqReZf+rkpNpqmjzs3ccjz/ysH43936XoVzV/IJWZbg58K3AatWade/oq/3OD8i2WLRg4aPNqrUmdEvbke50nyXLV8pgMGjmjGn15qysWXxmzbp3mnXNhtJ2pGv9ho2SXK+aPXHKVEUYjUpMGK05t892uI87z2lzSqo2p6Q2u84nnnlWBQXOw9Ecy2EtWJisObfPqp3LcfXadS7D3wyzWXfPe0AGg0EvPLWo2TUBAAAAANCWCB/Rar0qvtG8kLs0/tKpWlVwo/Z93/pz9g0uV7TfJpUWrVJJ60/X4UUYjXrh6Se14JFH22xUYIHV2qLAzJ3zNjX/Y82q21/tH9ZowZyZM6YrLT3d6UhPd2RbLG63HxdYrS5XAffUc5LkMqCVqkalZpjNstUZnZphNje5arkvrmoOAAAAALgwET6izQyvWK8Xeq/X5t6/15vZo3SsuPkL0wR2lkaEZajy5NMq9UCNHVlMVJReePpJvfjKq60K5jqC390+WwsWJnu7DAAAfEZRUZHsdrsqKz071Q0AAB1Vp06dFBwcrLCwMG+XggYIH9HmJugl/TI6QG+XPqO3vu7j9nGXdDsqw+nFKjuZ68HqOraYqCj99eXF1W3FG5zO+9eQ0dhbVyQkaOr1k2u3RRiNniqz1eJNJl2TNM5jcyYCANCRFBUVqbKyUr169VLnzqwXCQCAIxUVFSouLlZRUREBpI/pVMkfn/qk07vvVemRDd4uo9XyOiVozU93aevhwNptY0YOUHH3brU/x4Ta1bdynUpsm7xRYpvqERKpaZe90W7XK7bZlLH/XBuuzWbTUau1dn7AmKgoxURHtWvQWGyzKcfNtt+aRXIAAIBzVquV4BEAADdUVFTo+PHjMvLfmT6FkY/wqIGV6XqkW7rGj/hP/S3/Wn177NyyMT0DKzUk8FOVnVrCvI4tFGowKHFMghLHJHi7lFqhBkOjeRwBAEDLVVZWEjwCAOCGzp07M0WJDyJ8RLtIqPybEi76m9ZH/FFfVl6kUd2+UaeTf1TZWW9XBgAAAAAAAE/hj1DRrv7foP2aO+KsLgnd5+1SAAAAAAAA4GGMfES76BI+UkFx8+RnHKsYSTG6WD8zjtfu3NU6XLjD2+UBAAAAAADAAwgf4VGdAnspKO5+BUTd0uizXoYYXTv0ceUc/0y78tboxGlWuQYAAAAAADifED7CYwJj71Rg3Dx18jO43C+615WK7nWl9h55R7vz1qi8orSdKgQAAAAAAIAnET6izfn3najAuPvVpdvFzTru0v7Tqlux1+jrgo88VB0AAAAAAADaC+Ej2kyXrnEKjLtf/hdd2+JzGAJ66arB8zTYmKTdeWv0/cmMNqwQAAAAAAAA7YnwEa3WqUuwAuPuV+Dgu9rsnBd1i9f1w59XZsEm7cpbLdvZ42127o5u4pSpbu0XExWlv7z8Z7f2Xb12ndase8ftGja9v96t/bItFi1ZvtLt89aIiY5ShNGoeNMwxURFOd1vc0qqtqRudeuc1ySN04TxSS2qreGxDXninQAAAAAAcD4gfESrBAy6WUEX369Ogb09cv64iIlVoyBz12jvEffDMVSFawVWqyKMRq/VYLPZlGE2N/u4usdEGI2aOWO6rkka12i/AqvV7fPHm4a1uLaGx7aUL7wTAAAAAADaU2dvF4COyc94pULHvqvgEU97LHis0aWTvxIG/ZemXbZUMb2u9Oi1zjdpO9K9XUKrFVitevGVV7VgYbKKbTZvl9Nq58M7AQAAAADAXYSPaJbOREoqAAAgAElEQVTOhoEKHrlYhsQ16hL+83a9do+QgbombqGuHfq4eoXGtuu1O6r1Gza6tZ+7I/EMISFtNgqwuTLMZr306mteuXZbjlR0t00cAAAAAIDzQafKyspKbxeBxk7vvlelRzZ4u4x6AuPmKShunqRO3i5FkpSR/y/tzlujkvLT3i6lVo+QSE277A2PXyfbYtHd8x5wa9+/vPxnl/Mm1pVhNmvBwmSHn02dPElzbp/tdo2SVGyzKcdiUXaORUtWOJ5f0WjsrT7V4d5Rq1VW6zGX53zs4T8ocUxCvWssWb7Caag3Z/YsTb1+stPztdU9e+qdAABQUFCgiIgIb5cBAECHwO9N38Ocj2iS/4CpCoq7X50Nkd4upZ74fr/Wz4zjtStvjQ784FtBradtSUlt1r4xzQwNHTEYDM0+JtRgULzJ5HKfCUlJmjljeu3PBVarHn/6GeVYDjvcf3Nqar3wMdRgcDkyMSa65SFfc+7ZG+/EkQKrVQUNAlyDIYSwEwAAAADgFbRdw6ku4ZfJkLhaISNf9rngsUaQfzddGXOPpl6yWAN6jPR2Oe0mLX1no22XJ4x2e19fFmE06vFHHnb6+XYfvR9feSebU1K1YOGj9f5asnyFx64HAAAAAIArhI9opFNgTwVf8qRCx66Xn3Gst8txS0TYxfrVsKeU9LMH1TWor7fL8aiaFZMbmpCU5DDsKrBalW2xtEdpbSbCaFR01CCnnzu6f2+6EN4JAAAAAAAtQfiIegJj71DYNZ8pIGqmt0tpkZ8Zk3TTz/9XPx94i7dL8RhH7b2GkBAljklQYkKCgyOk9R90vLb0UBctz74WPl4o7wQAAAAAgOZizkdIkvz7TlRg3Dx16TbU26W0iZ8PvKV6PsjV+tbq/lx8HYGjlt344VXzKl4y3PH8ir7aqtxS0T42fyHvBAAAAAAAxwgfL3BdusYpMO5++V90rbdLaXNdg/pq/M8e1M96j9fuvNUqKMr0dkmt5qy9t2Z0XU27csPFWoptNqXtSK+3UIuvyzAfcPqZq1GRDW1J3eryXK0dRXkhvRMAAAAAAJqL8PEC1alLsALj7lfg4Lu8XYrHDegxUgN6jNSBHzZoV94anSk96e2SWixtR7rD7XUDrEtMJocrRaeld5yga/XadU4/c7aIizObm7EKdUs4W+W6Pd7J5pRUWY/VX9naUdBaYD2mNeveabT9lunTWnxtAAAAAADcQfh4AQoYdLOC4u5Xp6De3i6lXQ3rO1mDjVWjIDPy13u7nBZx1KobHTWo3kjAa8Ynaf2GjW4d60uKbTblWA5rS2qqy8BwQlJSO1bVNEdhX3u9ky2pqS5HddYosFodBrqEjwAAAAAATyN8vID49f6FguLuV5eeP/d2KV4T0CVEiVF3Vbdir9Hhwh3eLsltzlZIbhjGxURFyRASItvp0/W2F9ts2pySqgnjfSu8W7PuHYej8hyJNw3zqdGb5+s7AQAAAACgrbDa9QWgc8gABY/8swxXvHVBB4919QqN1bVDH9c1cY+oR8hAb5fjFndarl1tk6rafDuq6KhBeuyRh71dRj0X+jsBAAAAAKApjHw8zwXGzVVQ3P2SOnm7FJ8U02usYnqN1d4j72hX7mpVVJZ5uySntqRudbj9xVdea7TN2SIq29N3qthma9aCLb7gmqRxmnP77BbVPWf2LMVEO18dOzvHoiUrVraorgv5nQAAAAAA4A7Cx/OU/4CpCoqbp86GQd4upUO4tP80De6dpN15a5RZsMnb5TTirL1XkjLM5madK21Heodo8zWEhChxTIImjE9SvMnU4vPEREe16nhnfOGdXJPU+NlkmM2N5oE0Gnv73FyZAAAAAIALA+HjeaZL+GUKipsnP+NV3i6lwwkN7K1fDr5fP6telOb7k/u9XVItZ+29LTpXum+Fj/GmYfUCtEuGm2QwGBQT5Xy0oi/whXfi6JjVa9c1Ch/7GI2aOWN6i+sDAAAAAKClCB/PE50Ceyoo7n4FRM30dikd3kXd4nX98Bf0dcFH2p27RraS494uyWl7b0tsT9+pAqtVEUZjm5xvwcJHZbOdlqG6bTgmOkpzZs9y+/h4k6lDBmO+/E4AAAAAAPAVhI/ngcDYOxQYd786+TFnXFu6OOLa6lWxV2vvkb97rQ5X7b23TJ/m9DhH7bc10naka+r1k9ukPkn16sswm5sVPnZEHeGdAAAAAADgCwgfOzD/vhMUGHe/unQb6u1SzltdOvsrYdAsDTaO1+68Nco5/lm71+Csvddo7O1yxGC2xaK75z3g8LMtqVsJulrB2TuJjhrEOwEAAAAAoA7Cxw6oS9chCoy7X/4XXeftUi4Y4SGRmhC3UIcLt2t37hodt2W327XXb9jocPsVCQkuj3M1Z2K2xdLsNl/rsWONRu3ZbDanI/k6iuJiW7OPcfZOLmliYZu2ficAAAAAAPi6TpWVlZXeLgKNnd59r0qPbKi3rVOXYAXGzVPg4Dleqgo1vsr/l3bnrVZpub3e9h4hkZp22Rttco0FC5NVYLWqwGp1+HlMVJQMBoPm3D6rUai1ZPkKZVsON7nqcqjBoOefWqTsHIu2pG5VjsWiYlvzw7iGNr2/XlJVe/L6DRuVtiPd6X3UvRdJeuGpRW5fZ3NKqrakbnV5n6EGg6Kjoho9p5pjm7rneJNJ1ySN04TxSe36Tlq64I6j+jrCAj4AAOcKCgoUERHh7TIAAOgQ+L3pexj52EEEDLpZQXHz1CmIUVG+4JJ+v9bPjEnanbdGB35wPAqutZoKqWrmHLQ5CM6yLRa3RiQW22yy2WwqsFqbvF5LFFitWv/Bhib3czZ/ojvnb6ruYptNGWZzo+fk7j1nmM2KNw2r/XtX2vKdtFSE0cjoSQAAAACAzyB89HF+vX+hwLh58us5ytuloIFg/+66MuZe/az3eO3KW60jP33p7ZIAAAAAAAB8CuGjDwu+7M8KGPgbb5eBJkR0vViTTE/rG2uKV1fFBgAAAAAA8DXM+eirKsqkzmTDAAAAFzrmrgIAwH383vQ9nb1dAJwgeAQAAAAAAEAHR/gIAAAAAAAAwCMIHwEAAAAAAAB4BOEjAAAAAAAAAI8gfAQAAAAAAADgEYSPAAAAAAAAADyC8BEAAAAAAACARxA+AgAAAAAAAPAIwkcAAAAAAAAAHkH4CAAAAAAAAMAjCB8BAAAAAAAAeAThIwAAAAAAAACPIHwEAAAAAAAA4BGEjwAAAAAAAAA8gvARAAAAAAAAgEcQPgIAAAAAAADwCMJHAAAAAAAAAB5B+AgAAAAAAADAIwgfAQAAAAAAAHgE4SMAAAAAAAAAjyB8BAAAAAAAAOARhI8AAAAAAAAAPILwEQAAAAAAAIBHED4CAAAAAAAA8AjCRwAAAAAAAAAeQfgIAAAAAAAAwCMIHwEAAAAAAAB4BOEjAAAAAAAAAI8gfAQAAAAAAADgEYSPAAAAAAAAADyC8BEAAAAAAACARxA+AgAAAAAAAPAIwkcAAAAAAAAAHkH4CAAAAAAAAMAjCB8BAAAAAAAAeAThIwAAAAAAAACPIHwEAAAAAAAA4BGEjwAAAAAAAAA8gvARAAAAAAAAgEcQPgIAAAAAAADwCMJHAAAAAAAAAB5B+AgAAAAAAADAIwgfAQAAAAAAAHgE4SMAAAAAAAAAjyB8BAAAAAAAAOARhI8AAAAAAAAAPILwEQAAAAAAAIBHED4CAAAAAAAA8AjCRwAAAAAAAAAeQfgIAAAAAAAAwCMIHwEAAAAAAAB4hJ+3CwAAAAAAdGBnflLekUKV1G4IUGjf/upj8GJNF6jiH3J01FZnQ1C4BvbvrgAvnQcAJMJHAAAAADh/2AqU94OtThBYJaBrhAYanaWBpSr+4bv6YZMkGSIU27fpBLHkyMd67vdvKat2S3dd/8fFumdk92aV3hGU/HhEeScaPl0nuhjUp1+EQluZ2DUKAiXJEKGBfQ31w8Dyn/TVO3/Un7bW2Xn4nVr26HUaGNSMC7bVeQCgGuGjL6ook91mV1lRgbKsRQozxqpfrzAFd8A/ZrJ+/KJe/LifZj07Q3ENPzSv0oNrzuiGhXcqMaz11yqz5+vwIauKJIUZ4zSoT7D8PDKxgFmrHlylE9f9QXPHhdf+fGZqsu683NGNlMleZJcCa96hVSkvvqhtMffoiamRkqqf0xexuuexGxTZkpLK7Mq3ZMpqk4LDIxXbP9xD9w4AAABfdiLzfT34pw91osH2PpMe1euzRiq0i4ODygv1+Yo/aPGu0nqbQ8c9pOX/PUY9HB1zQbIpe9NzmvfOEfd2N4zRH15+SOOMrbikoyBQknperUUv3KPRPVtxbgBoJ4SPvuj4p3r9xU2y1t3WOUyxk+/SnVe05jeXl1TkK98qxTkqveKU7HZJrQwfrVtf0csf5qvML1hhXewqOivJL1I3/P4eJXroF3J+/veSwmt/PmVzciPW6vcZf6uev8VUu9luK6q/n+2UGmxxz9EUvfLqJuVX+CnMIBUVlUlhl+rW+TNkCm7JCesr+3aT3viwVJPum9SyYBQAAAA+olR5Hy7SHUv2V/3YZYjuXLxIv+nfurMG9L9aDz1h0LKXlmrnqdZXCTf8uFtffPuTRvesM7q0S3ddMi1Zfwhbqmc/yGn5uavP88fuS/Wn9a04DwBUI3z0YcYJ8zX/aqNUUaS9b7+ote+v1MaoP2jSRd6uzMd8v1ErP8xX+Li5mnddv6ovdYlV5oN2xfjCnwT2ulQ33BSuMmNM25+7JFNr39ikfON4zb13ovr5SWXfb9Lrr6Zo1apIJd+V2NpcV4W5+5V7xNiyYBQAAADtqkfcFD35xAC9/dJSfXFKkvw14qaHdMe4OIXKpoM5353buTxHB3IKNTkyXL+Y+YDyjj+ndy01xzygO8YObzzqscSmo0VSn5512rGDumtgdH8NMKjp8LHcphO2APXo6u96P9tPOqHu6uHuvJHlpTrxo02Gnt0V0KXB9lNSjx5NXK/6mkfLDerTVG3VBo6dolHlO/TuFwVVGwKide2vhuhoyofa5+Q5FJ/4STJ0d78Vu0t3XXLjQ7rT/pyW7qg7+vEnpe/I1IlR9UemhvaN1sUDeihAatR671ipiq02BTR4bqF9oxVzkYPzlJfqxKkS9XDzxRRbC1TaNUI9mmjXLrYe0dFTJZIC1LN//yb3B9CxED52BJ3DdOnYUdqYsU3Zhwqli8KlskKZP9mm/cftCosaq6tG9VNYZ0knc7VtV74ixyYqMkBSiVWZB/NlD4vUpTFVo/SK8vYq63Q/DY8zyk9lKvw2TWl78lUUFqOxY0erX3VaVZZnVqYhTqYeduVnfq38oghdnBCpsIoi5Wfs1K5Mq9RruMb+0qTwut+konztTd+l/ECTBtnL1OTXrKxQWZ+ladcpY+31y6xZSjtUJNMVlyq8pn34RJb25pap39A4Gev+si4sVKEkU99+564UYJRpRJ19SgqVm5WlrEPZsgb006gxiYrtWb33yVztzfdT3NAI2b/9UnvNVvnHJ2psTHidE1Q/J3Op+o30V5mzW/kxS1/uNcsaNqr2nRQdyVWRgmUMa94wxKIjO/Xp59kqCjQqxjRcl8UYG7VSF+1K0V5bsEbfVBU8SpLfRRM1dmiK1h7MVb4Sq9rdq99J5nHJaBqrq0zh1c+qTNbM/ToVcali/fKVuW+vMs/206grLlW/4KrvSub3dklFytq3V6VBNd+bqntN27FL+UVhivnFVRrdv/qLU5Ir8zdhijOFy34kU1/nn1JE3GhFdmvW7QMAAKAlDBGKHXqZrhzqry92lEoqVbF6VM33aDukg4d+qrNzqb7LtapEEQrtYVBpTbbVJVqjx4xUbN/qEK7cprxd7+nN1f/UF7Udx/6KnfBfuvem63Rxj6aKKtWJgx/rzdVv6aOD5wK0HkOv1m+nXKeJo6Kr2sFP5Wjr+2/rzX/u0dGanYKiNW76TbrtupHqE1SqvK3/q2WfHKkOxAJk6B+nwSW79c/Nh1Rc9QA04sZ7dc84g3a9s1RLt9UU3F1XzH5A/33tcPWo+98SZwq088O39bd125R1pub++2vczDt1168a7FtPd4345XW63nZCm74oqLp2z+Ea9x9jlZf1ofbtP7dn8ZE92vDOm3pzW5127f5jNGPmzbpxVH/HrfB1hHaVfjzScNJH6cTOT7Xvx5EaZ2wiLC236ev1S/X2vhO1z61H/ziFn/hUG744UhsuDhx3px6YdZ0u7urgHAV79O7ij5W6I6d6f39dPPUBPfDbMRpYL4cs1dE9/9baf/6j3ruW/NVnxFUa98urNWXskPqhdrlNB99/UskbCyRF6DfPvKQ7h7JaEXA+IXzsKAL8VfsrxW7WqudXydw5UqbBwcp8/xVt2z5R8+8bL2PnfO3f/J6yuo/WrJ/7SVkpWvn2XqnbWIUvnKRIFWrnv9ZqU/gMXRpnlPXj1/Xix6cUOTRWYZZNeuWz7Zr4wFyNN5Ypa8c/tOrLSF1qytXeDLs06AYlJxhlfvtFrToYprj4ftK+t/XsF8M16+EZigtQVQvwy5uU7x+msKC9Sjtpl+SqVdyqTa8+Kz9DmPztRdr72S7d8PA9SlSudm7YpKzg4VX3ISn387Vau/ti3Tkirv4ZBwxSP5llfn+pNvrdoGuHNgzpMrX2jyu11z9Mxr7h0g97tfezvdX3Kem7T7V2VbbCwkpVZPevatvevkvWO57QjYMlyS7zmme1KqNUwd2CtffLIoejAIu2v6E/brbL3yDZbWna9X3VnI75e97TP7bbVdag7doV69ZX9OKHBTLGDVe/kkylrtol6+8aj3rNteRKMimmwaDKuKtnaVZSv6rg0W7Wqj+vUqYhTsP7S3vfflbb4mcpeXqc/FSo/RvXapNto8LsRbIbgqWibUr7xq7kuxOVv2ejPv22SJK/srZt1P7g8YqMMyr8aIpef3mTTvU3KbZrrjb9zyJtnzhfc8cZVZazS/9YtVORl5mU+6VZdkXqhuTRtGwDAAC0l4BwDYgeIO2oapnNO3RIR0ui1ed4pvY1mK4w72COjp4ZroEncvTtj9Ub+w/X0F7ngsevP1isB9/c02AkXamyNi/Vgyf89fqDV2ugs1rKbcr6cLEeWranOhw858TBj7X0iDTg1Xs0wrZNf35isbZaG+x0Jkdb33xSuzLv0eL7L5fth/3aWfcm9u3RF/UOsGnfP5/THf9sWMhP+mLFc5LhJf1hfETVQi1njuij15O1eNtP9XctP6Ktb/5RR8tf0vM3RtdZ1MWgi296Te+Oq1oAJrRvuLSnwWX8B+jKOS9p6JkA9ewfobP739T9T76vvIblHNmhtc/s0dczFyl56hCXAWRx7p7a0Ddg5I2aXP6+3t1XKtn26LMDhbrCGNHEKtSlKszdo5376oSB+xoWLuVtXapH7f56/fdXq0/DE1r36KN676ZUX69/TovK/6TFtw2vqr/cpqz/W6yHVjR+11Kpju77WGsLDBoxcoh6OAo4AZy3WJKiQ7DL/HGaChWumCHhyk/dKLMtVjfOv0e3Tp+l+beOVvD3m7RxX5kU1k+R3aTc3MOSJOuRXCkmVpEnrSookVSRq/zvpciYWKlkrzZ+nK9+v5qne26doVvvvVVjw/K17bMsSX6KG5uo8IpM7T2eqLlPP6/n705U2Pcp2pghjb51vmZNn6FZ992gONtepewqklSmvR9tUn7gaM16IlnJC5/QvKvDXd2YpGCZpj+hp5OT9cRDk9SvIlfbPs+XjLGK6yZlmvdXjzK0KutQkTQ4TrENT9FtrGbdlijj2SxtW/WiHnl0kV5fv1eFtcMT4/Tbx57W84uSNf/uezR//iT1q8iX+UBhvWfcdcQsJT/5hJKTb1Sc7DqcW/3b9fsUbcywq9/kh/XEwmQlPzFDjiJEe9ilmpX8tJ547GFN6i/Zs7NklRQ39Z6qkPNogRr+u5Rjhdr/Vb7U8yrdOmuGZtx6j/6wyHG7fWlF1f/6N/gnOfiiOMVVj0TMT90oc8Vo3frALM2YPkvzfh0n+5cp2lkvQe2niQue1tPJT+iuK8Okw1nKlRQ3NVl3XWWUdJGuvS9ZyXckKrzmPV80SfPuvVUzbr1Ht14RpvxPtilLkl/cWCX2lDL3nVDivKf1/PP3tMmCQgAAAHCXv/oMGaI+1T+VHM7RUVupbD8c0XflDXbN3a+sE/U/6zEkTn2q216LD72n/6kNHg26eMKNuu3GsbVhY8lX27TPWipnig+9p8V1gsfQoVdrxk1TNLruaILSAn3x9tJzwWPPkbr+pps1Y2z0ufPseEvv7jutPkOv1rVDG6yi3WO4rp92o8ZFNbi4caR+M22Krqid09KmXV98qaMlUk14+npN8BgQrXE33qwZE4bUBnlff/6l8hoPOFRo32jFxkarj8HBiMMu/urRP1qxsf3Vw5ahtUvPBY+hQ6/WjJk36tohNceVat8//qHPf3D+/FRu08EdO6pHgho06sqrdO3Y+OoaS7Vrx34VNtVf3cWgAWNu0LioBqMJAyJ08dAh9VawLt7xvj7KcnDTktR3pH4z7UZdG3vuvvN2bNfB6hbz4qz3tLhO8Nhj5HW67bbbdFudZwrgwsTIRx9m/fQNLUqX7EVFKqvwU7/r7tGkiwqV8vdCyThKg2q6eOPiFKOdyrYcli6L1aBIadt3uSrUIB0+UqhI00RFfP+e8nKl0cpWtsKVGBMmZWUqs0KKLMzS3n1VpyoLk+zf5apQsQrv7Cc/Saarz7X0Fh7KVqH8dLpgr/aekaQiySDlfpcvScrMlGSKU1xNGNa5qa9YmPpdVH0j3eJkMm7Uph+tki7V8PgwbftivzIrLpXJlqVMqxT3y0ZrZledZegNmv/keOXvStF7H+9U7va1evabXN15/w2KDZD8Au3KP5il/KJS+QcWyk+Svbxu87RRpoTYqtb1gJB6/2BU3bNRE4dUJ2idHbc1GE2jFRtWdU/h4dK5XpHmClfc4HBt+jRFb/yPXVdNHKvEweEO/2FtGDo2VqjMbwulgNOyZuyVXZKKpGDlKvc7KXFo9W4xozW6ug09OLip9vCsqvfcv1BZ+/ZWbSrrKtnzlfujFNtT8usiyTReEy/i/2IAAAC8IXRAvC7u+qGOnpL0Y6YO/lCogMzM2mAooItUUi7pTKa+zilQn5yaz/w1eHB/GbqoaqXlzR8rq/qYPpPu12OzRqrHT3t0dOs25f0oqbz6L0fKbTq47dzxASPu1OKHr9NA/5/0xQ8fa6e1KuQqO/6lPtpVE3hFa8ZD9+u2IQapZIzCbQ/o9T2lkn5S+p483TZniu4JLVXW79+qPm9/zXjwId021KATg3/Svic/rlrpu8sQ3fnIQ/pNlHQ04oh2vVoVoJYcL5SttOq+U/+9vzZUHfffD+qBsREq2V+sLzYfqg4Mz8pFLNikowe26fOaQNV4nR568E6N7iFpbIzO/v45bT0l6UyGdn5bqGv7Rzg+iS1Hu/ZUzylpGK4r4yLUp3yMRgTs0c4SqeTLbdppvUrX93fVeu2vgWNu1F3+hdpXsxJ60Ejd/9JDura/v0pyP9SiB5dq5xlJOqJ9WSdUMrRBPT3G6o9/uldXGP1VPFI6+OA/q57RT1YV2kqlriU6uLX+u37+wes0MEgqPnhCH20+VP8/j2w5Wrvw93rT0rDWAr378C16t7ru0fe8puQJTY3sBODrSAZ8WNjgqzQpPkwKCFdkVD+FB/tJssrZhIN2e9UkJZFRkVJGvnIrDisvN1gRVw7XwMi12n6kUIXKlz04VjF9JB2v+lWav2+jNpprr6qwuH5yNl6xrLxUUpEyt21Ubk3w5RemyL7hkqy1I/FapdiuIkmRcRcr+LP9ysyWTGezlKtI3TDExVe2c5j6JdygexImKX/z63rl4zRt2jVesZfblfLqi9pkNSouvp+CVagiuf/lr7rn9tXvV3N1T9d/6B+b07RxWZo29hytWffdqLgGuWBQcLCkMp2umpvZgbKq70tRpj79v9zarX7dItWvV0urK6t6z9/v1cb/OzeZTVi3i9Wvyfl+AAAA0C7C+mvoYH9t3VMq6Yi+PnhIOljdu9tzrG4aW6A31x+SZNO+/fvV54fqgEsRiokMrfpXy1PZ2negpiXZoJiIUu378C199uE/9UVti/YQDXa2mEtpgbK/PdfSPHTM8OoRld11ybQ/6fVJpVKX7gr64Z/Kqhm913e4RvStHqEXEKGhQwdIe6rax0/kHtGPpSNVb/yeob8ie1Vt8TcYFFi7fYAGdK+qK7C7UQZVL5xSUqqz5VLxDxna9UP1vgH91UcWpb7ztjb8c1vtSMUeg8+NAG0+m47m5Jwb8TksXoNrWo27R2lE7bupmnezWBEKdXCWE4e267PqOgOGjtTFPf0VoDiNGuqvnftKpZL9+mJfga7t3795AV3fOMVWv7eAiOEaNVjaWf2v9ieOnVBJeYPwsX+cBlQvxBNgCFd4gJRX9UCrnuuZIzqYWfOu/TXiiuGteHYAzjeEjz4s+KI4XTqi4XyJ4QoLl/SDvWoUmySVnFaZpHBj1b5hMbEK107l7+unfHukLo/0U0RmmPLzc5VbkS/FjK1qXe4arjBJkVOSdesIuSW8e7ikMl11xx80sU/DT08pJFhSRQvDuopCnSiSgqOMVSs0x8QppvNOfZ2Zq6ySbMk4tnpkYcPj1GACAT/1G2GS8eN82e12KTNFm74P09h752vSQEkya9WXq9xsga4ZCViksrYIVt0WrMgrb9X8K8tUtPttvfj3ndq0I0lx4+rHwoOiIqX0TJkz7Br98zrJZEWRis6GKSy4+vtSfpXuemiiy9k33Rem8G6SBtyg5FsvbZMzAgAAoI0FRGjokHPBXdbObSqu/rPogMHDNWqkUanrq0b4Hd3zqT4/Vf3v8MbhGmqsCvNKztiqRk5Kkmz6YsVzDeZX7K/rZ/6qaoESR6s7l9hUVNvBa1CPrqG1AUeImHIAACAASURBVFlo3+jq6ZRKdTTnxLn5JINC681/GNqjzorLJaXOR1k2U+mpn87N415ySGtfeq7+Dj3H6q5fxzde7dtd5aWynTo382Gooc4c/l0CFdbdIKkqrCspLam6r4bXKrfp2z3bq0YqSirZ9br+87evN7rUvh37dfTq/vXap5vFP1RhXQ2Sql9WhXvrZNdTckJHawJpGdSnZ6jrMLRLgPoMG6kRoSWSSlT47SHlVS/4Exo5RLFdA6QuBsX0DGTUI3AeYM7HDsdPl42Ik07u0qf7quZZzE/ZpkyFy2Sqjpb6xCg2uEjZn5uVb4zUoAApckCklL9Lu76rnu9RkvrH6uJgyfzJJuXay1RmL1K+eZv2umgX9hscq34qVNrHe1VYUqYyW6Fy03cq0y5JsYobLOngNm06Ypf9+71K2dNUxFcme0mZVFGm/I83aac9XKNGVdfX2aTLTFJRdoq2ZdoVNiTWYXiW/+GzeuSpldq4L1eFRUUqKsrXzn9vk1XBGhRplPz9FawiWX8oksqKlPV/KcqUmgwT7faqeDdscJyMNfdsK1TWx2nKbuKu3GIrVKGt7jDWMyr80a6yijJl7d6p3JNVK4UH9+qqYEl+AY3/RNlvxFiNNkiZ/3xFa7/MV1FRoXL3bdTSpxZp0ZqdsstPFw/uJ/2Ypo++LFRZWZnsP+ZqZ3rmufDaoerRlPVqK1KRvUxSpGIHB1e95zy7ysrsKvrerG37nL/r/M2vaNGLr2vbEae7AAAAoE35q2fsENU0phQf2lO7mvPA6Gj1uShOQ3tWf2g9VPtZQHRcndWLnYVQBsWOvVl/fPlZ3TOqu5N9JHUJUEBtclQi25mzDs7o32Bao/qtziUlJeeOCfBvHNC1VLkct1QH9dcVU+/Ryy/dq3F9m1hFugn+dWo92zA0LT139QD/AMf39VOmvtj5k4MPGtj/qXa5mjeyKeVnVWQ7N8+j03pcKS2pauOXJAVKXZp4dkH9Ne6OR/Xck3/Sc08k646ra0ZaRmjinOTq7Q/ptpEuvl8AOgxGPnZAfpfN0Kzc17Xq7UV68G1JncMUO+WuOguSDFJMjJ92mvMVnPCrqsAuJlaxJ95TVkW4xsfUzF0Yp//P3v3HR1Ue+B7/ZCaZZBImTJgwgYFAQgL5AcEgKBoKbRSkokVRqlVaqq3b/WFve7vtbt22bu9uf3m97XVvb73b7drSpWLFolgqKILEQglGQSJIIJCQQEIgIYEhYzJkJmfm/jGT378hgYDf9+ulZM458zzPec7Jr2+e5zx3PZRH5dq3ePb7b4W2RTtZtDqPORP6uDXGLuKhe47wH3/6PU8d+H2oPWMzuTv1ZrDCrPtXM6diLW/9/Pu8ZbKRvngps3ZvpbzCy+3ObnOGx4xjXPSH7Pz5d9gJEOnk5oe/Eh6dGJJ54xysv93PEazcnNn7eslJtyzl5hOvUfjCs6FyACJtZN7z1+HVqhdx++T3ee3lH/CPL4Nt+lJuv7GRt05U4sVJzycc2oiPA0/DOVqZSqTzdlbf+SH/9vrveeoARDrz+PRCL68VV3KCWb2u4hxjtULdCU61grNHVzqZmmaDPa/x1A9O8aWnHiJzajo2UyGv/c/vc+qRrzPp3a288dKG9hn2tun38tlbexn2aUpn5ddW0vz/XmX/i/+H/QCmSMbNWMrjD90cOrcFD3Hvkf/g1Ref4jsvAkRiy7yblPn0cu5gjYsH6qirB1zgbG/bD3gtvGJ35mceIu/kWt76xfd5K1ync8GXyMt19vpF5XzdKTx1cKq3v4iLiIiIyIiIc01jegzhZ/m1SSI7I4kxNgtpKVHQ0DW0mjJtMuPCgaElJoEJ8UD4/ekrvs1XF+eQNjmuYzRabyP22kTFMS4xCk6EphcfO1JN06eSsHQ7fkxCAu2PTK+r5kwTZMUBho9zNR1/4E6YnITj8vLAjqYl2BkH4WnRSXz6a49z/42ZTGmbQn65IyzNcYxLHEfb6Mbz1XWcMwiN6vSf42RNW9gXxYRkZ6+j+84fe4eittGE5iTSs50dU7ONJk6UHA+Piixlx7tVfCZ12qWNEvRUU17V8XJcUsLQy4lJwNE+ePIcDec/grYJ8sM0WlVErl0KH0cj5+186+nb+znASuaKb/Hju7x4WsAaZyWy27TjOat/TJcJsbY8vvJUXs+SMu/lWz+8G2+Tl9ZIKzZrp1uij3Y4F3yFJ+d78XhbiYy2Ye38nck6i4e++2PubfKC1YY1Erjt9t7H2KbczRM/uBtoxesFq7Xn7RiZ/RDfuuccP3gziVlpvfdGpGMO9/7dHO4NtIbOg0isNmunm9vJoq/9mLwmD15T2znezu1tIx9nrebppzuXOJV7v/8093Y+5/yv86+3ePAGrNjiQiUvuqtt7yxWdy2A9Pv/hafv76j/9m89TeeeTF/xJE+v6LRh+r08+VSnGrOfZFFrH33cXcLNrP7uzbQ2efAGInveDyYneX/1JDd7PXhbu+/v2TbbrV/h6Vv7aRuANZN7v/Vj7m6rs1t/dy9z1ud/zL94YcC1bERERERk2FgSppE7Fd4t7bQxLpVsVxxYLF2mZYeEgsn2Hz3j08jOjGNTeGGYsnf2cGxuKsmJfs4cO8CO17dwMvMrPLE8FHr5u4dMliSyc6bBvlADzr/5W17ITuCLC5LxnzrAjj+9zrFpD/P3N3daHKdpH2/sLuWm5RlYqvew6e22Z1HGkZubGloIZ6h6eSzUmImzyZ24gZOnAWopevc4CzKmMcF8jvKSd3jjj/tIePjbPJIT1+O9Hfz4Gps6RmZerOXkseOMS0lmiiOKCRk5TOB4KFQ9uJ0dJbfySG4cZ/a9zhvtK7NkclP6uJ5h38VqinZ2TLlOWLCSr37hk2Q528JRN7v/7zf414JQuFm2czu7sxeTNS0Zn+Hrc8xqO3cVZdVuJkz8iA9efYE32qdMTyN3+iUs8BLjJHta273i5703d3F47kqyYmr54J19l74Wp4hcFyKCwWDwajdCpE+tJ3j1fz3Lkdlf54m7Jl3t1oiIiIhccbW1tSQl9bESrki/mij+7RN8e2OnZ99kPMKz/3oP6THwUfGvePz7r3cEQ/GL+Od/+wYLHB2Hf1Syjm//04b2VYx7cCzmu1+J49c/+WOPgCnrkf/LDxdU859P/M9O4VY3CYv456ceJW7bD/j2huN9HASWnEd45p+WYXnzSf7qt6Xd9trJSvdzuKyp2/YkslLPcbiiW/hoyeHxZ54g+/2nePzXB+nLmFse59lvLmZCb0lc3U7+9b8/w+7uVQJTHnyKZx7OYEzTcV7+yRP86mDfU6LTV/wrP/xCTtdnS/ZRdnu5F6vZ9MP/xrM9mh5P7gwvxUe71Re/mB/8/HGmH/8Vf9u22nUfEvK/wb/9dQbFP/tvPPNe93Ju4Sv3wQu/fYePuuyws/yfn+Fh/zr+9ifb+y0fCPf/k11W6P6orpozjU1AHGMmT9ZiNXJZ9H1z9NEzH2VUqtv+U/7xO9/hO995lkLrIh5aouBRRERERGRo4piamdllFeUp2dPag50xybNDi8W0mTiNpG4D/cZkP8C3v7aYHmtNtu1PSSIqou8WWJy38Fff/go3J/S1PwGCceTe9w2+kd97WGDJXsmTX1tGen+DEIcsivQ7Huef757W5/5kZ2/rTw9B3DQ+8/jfs7z3p0cx5c5v8O3P5Vz6ojbDzJKziu9/aVHvYesgJNy4ir9f3ld/9m+MczLp6Rmkpyt4FLkeaeSjjE7hKcf0mEItIiIi8vGiERxyWRqPU7DzIOf8hFYYvmERC6aGUzyfm8O791DiDk3SjZtyC7fN7X3Kre/8cYrfO0h5bTUnGu1MnZpE2sx55KbaoeEgO3Yfp6nLtGsL47IXkZ8RrqupluJ973P42BFK6iwkT5/G9IwbuSk7qWN1a8PPmZI97C4+SHHFecZNySErZy6fyJ3cfsxHpTvZUXK+62IxUXGMi4dzDd2GCkbFMS7Ozzl3t0nIMUncsOAW0sPB60cn9vGXg9WcqT7O+Zhkprgmk507t2OKc2+aqnl35z6qLnbfYWFcxq0syLZ39KPPzeH39lB08ADl9RaSMzOZmXsrN6Xbe5/e3GvZnco1mih7Zycf1HU7r4hIbNFBPBe7zX+Pm8yCRXOJPtRp5GPCXO6/MxX/iQo8CZlk597IbTdOC/Wz0cTJ93by3mlfj3JumAolpdVdp9ib40i76ZPkTowC/Jwv3ceuknKqavyMm5pJbq4TT8lBqtouT7f+Fxlu+r45+ih8FBEREREZxfRLlIgMh/P7OoWPqat49kcrh3k0qcjooO+bo4+mXYuIiIiIiIhct/ycfOtXPPWbTs9jrHiVZ374Q54tqB54cRoRkcuk8FFERERERETkuuWjqfYgxdWdJ6s3UVayj+LTTQofRWTE6VF6IiIiIiIiItctC3FJOdycm4Cvy7MaLUxJiuv9uZMiIsNIz3wUERERERnF9OwqERGRwdP3zdFH065FRERERERERERkRCh8FBERERERERERkRGh8FFERERERERERERGhMJHERERERERERERGREKH0VERERERERERGREKHwUERERERERERGREaHwUUREREREREREREaEwkfpnc+L13e1G3F1+OoqKTlaRYPXGOBIA6/Hy0BHDZXRWEXpoUrqmq7vC2B4PXj9ve4ZfL/6vXg6X6fur0eTj/HnlIiIiIiIiHx8KXwcjTyl7HpzK1vb/vtLMTWeYa4j4KHmaCXuQO+7G/ZtYt3b5R3HVtTg6ePY60nDu+t5sbAKn7eKAx9U0X9WVEbB+gLKhrF+X9lW1m0uwUM9pUdqh7Hk0afs7fVs2u/ubQ8F6zezv9d73qChopKGttCyvID1b3e6At1eGw2VVDaMjjCyYd8mNu1ruPQCPkafhyIiIiIiInL9UPg4GrU0UHOyhaRb88ibm01KdC0Ff1hPYd0w1nGhhF07d7K/up9jjNbQv9V72f7WLkouDGP9o5KbsspW0vMWkntDHvm3pGC5wi2oOl5FYu5S5s2cx8K5yVC2ledeL73CrbiCjL6CQQNfSy+bPQfZWbCdvScGU7iHg7u2s31f5aW37yoqf/M5thzptOFKfx6eL2L9+kIuIy4VERERERERIfJqN0D6EonVZsOGjQxHMjbvWrYUl5N3R9rwFJ8wnwcfmz+4Y6fks/qx4al2dDNjNjPs06iH1AKzueuG1tExam/UsOWy4ku5gz2Y3HsfY7BHjzY9Lv2V/jzsMxgWERERERERGTyFj9eIhLE2aGoFfwlbXqoibaGD0l3F1EXlsPKB+USf3MXmgjKazWaIsJO9ZDnznHUU/r4AljxIXmK4oNOFbHirjGYA7My+ezm5dgAvVXu2sfNwHd4IG/a4ZrCF3uJ+bwMbSm3kP7CUNAu4393A5ovZzLl4kKJqDwY20vJXkJ8aHidYt5dN2w7S0ApYXaTE1eNN+RzLZnYN1tzvbmDrxRScZw5S2WRgWJJZeN9SMqyh/d5ezwnK31zDIdcqls+yAFUUPL+VuhkrePBmB+Cm6KXNGJ9aRZ7TS9VfNlNwvBmCBmbnPO5amoPdBHW717PTksecjwrZWeHBtWgljg83cfCCD95cRxkGybeuJr1qLYWxy3nwZnuoUeVbWVOezqMDhsChureXN2M2A4FE5qxYRo4NOH+QLVv2Uhs0Yw5Ek7xgOflpVsoL1rL7pIHv9HrWF7fQYoAZA4x61j1fRGzWcvID29nckseqT7gADwdfXU9RbD6PhdtT/uZzlCY/yrK0Wva+VUjJGQ+GycCIdDH/M8vIiQfOFLL+Lxby5ngo3FmOZ1I+j93h6rOvOvOd2sv2PSXUegwIGlgmzmf5nTmhW6VsK2uOOMhz1LD3cB1eLDjm3sWKGxyhNwfclGzfGrpnoh3YQ7dgH1pxf7CJdSfq8GLFecMSls91QvlWnvuzh9zlK5mX2Nd725Sz9TcFeHJWsPKm8L2xYTO+rDk0HyqiqtEAWxqLV+STYglds/KCTeysbAaTBceURHxnbSx6IA/nZV7b3lS93fe9VV6wlsLTQMM61u6NJfuuFaSXdf08JODm4NbN7K0zMEdAdPICluenYR3EtejyuRWAxNwVLJtt62jc+b1s3FKKp9XMG+vKMFwLWJ2fNqTzExEREREREQGFj9eMmrNuLHE2iHKRYi9k19sGefc+yvJ4M/hK2fJ2Da47HyXPCdQVsv6N7SR+fjEpk1rYdawBEkOhQ0NlFWQsZ/VNBoXrN1JzBnLt4DtSwPaTCSz9wnJcZg+l2zeyKzzwyX7TIrLLCqhthLREMAwDb1kJDfnLWH2HDd8HG1l3sJQFqTlYqGHXthIi536ORzOt4Clhyytu7PPNPc7JMAw8lXXkrHiUfFsoENz0dikZd2aAr5SCPs4peYKDgpoqmJUG52uoi7FjPlODDwcWXxW1HyUy0xk6p4JzGXx2dQ5WvJRs/gPb9yezcq4d5/RkWjZtZW/WMlY94sJiAtJXY3v9OcpTV7EsM9TGhrroriPA/AZG23T0/pw/QGGlg8VfWEmyKfy+KIAGCt/cD2394y1hyx82s9exknn5q7HvWc92FvPgreHA7sgWnqtIY9WdGaHXp5IwdlfhxoWdOmpa7NhbaqghDRc11NTZcNxkhshYXLMWM3upHYspFPRufK+SnNtTYEI6yf5NbN2XzbJVj+GygO/Ilj77qjNLrIucxbNZZrdAwE3RKxspqshhcSrQamDUlVCe/Gk++4gTS3UBa3eWUHPDQlxAQ9FWivw5rHwkG5vRQNGmjfQ9IdqLJyafzz7iwtJUzKY/7GRv2krmpS0l78hzVNYDA4aPaSy9tZTnKusBB2BgGF5KDzew+NOrWRrvo/jVdRw4soCU2RZ8H26j4Gwyy7+Yh9NkUPOXDWyxpXQLHi/x2vYSssZG931vpeWvpvVi13uRbp+HDUVb2c88PvfFjPZrtnmfI3TN+r0Wbg68U4Ej/1FWTiHUL/5un58J81ixzMf6t2Dxg3mEv3oM6fxEREREREREQM98HMWaqTlUQsl7u9i6aT07z7iYf5MLALMJXDctIzs+HBicrKTGns28tpTEmU1KTBVlJ8CVlkrLydLwc9saKD1pJmV6z6SgoqIGR9Z8XFGAyUaiLbrTXnPPO2ViDgtTbZgB66QkbF4PHoD6SmpM6czLDI+GsiVhj+nnNMenkR0ecOXMSMZWVxUKpPo5J4srEVtDLXWAr6oWpmSQ5K2lBuBULQ2JLpKBqpM12FMyQiPBsJKdloi7LryIiwki47LJXxAOHodbZDQWXx2VJzyhadxRZswA58uo8qeS29Y/1mwyJripLB/kikITnSR+1EBNADhVQ31CBhnW2tCCRJ4aanGRnACY7LiS7Vjw4fUa2ONjMdofomgGk5XsT+XhCg9W7bevOktwkWy3hFZuNuzY47o9mzEunfk3OEN9OsVF4sXwfUEDpSdbSM/NxmYCohzYY/s7URvJGeFrY8slPclN3elw64dyvSJ6bnLNWkhKvBmwkpxkw9sUamFFVR2unDycJgAzrkRbzzfDyF3bAXX+PHRTVtVC6uxO1ywjCXdlGe219XktzERbfNRVVuLxh16bowZR/Yifn4iIiIiIiFyPNPJxtIt1kJyTQf5UZ9eQrFOo4j7nhqjOi6PYsdsMGlqA1DRS/bsorYc8Sqkyp7C0R/bYQEMjRKYOw/Iq9W48Jjs9xzkOwjg7Nr+bFgY6pxRcRiEnPdB81oNjWg6OsweoqQPbmQZsk+ZjwU29G+pOv8jaAx1VWCZldLwwcWntHAxbLp9e3My2XetZ87YN140LWXqDC3ODG0+Ujc7Rrt1mw/D1v652O1MqyYmF1JyA5HO1RDtySbp4gL3VQEQdzROzcQEE6ti7aRsHfTZc9kiaz9bAuM5TxSO7BFkD9lWbur1s3HYQn82FPaqZ+tOQkDqYhtfj9kRjjx74yN6YTeBxN0B4DN7wC30O9BZW9jBS13aI7XV/FI2ta2XYWn0DrNAOYCN36VKa39rJ+t8VYJs4h4WLc0N/eOi3yit5fiIiIiIiInK9UPg4asXimplNL/FPD/Z4G5wJhQ6hsM6DpxnMkQAu0qaEpl67I2swpy7t5TF7NmxWcA9Hs8fZueQnwNW7OR9jw8bA5+R0uKmsbcDXkEByPiSdjaTsjAfb2RaS5oZGrNlt4Mz8HMtnX+k1q0OsU/JYvioPo6GYzZu3sDX6MZYl2rD5DToPFvQ0N4NtsDGoBdf4WErONlDTYOC6yYbTncj5mhpqqMc+PjQ61vfhOxQzk1UP5Iaux5EtPFfRV5n2QfaVj4PvFMOsVTx4Q+gql77+HOWDarcNW38jYAdgBMBmH6ngEcCBfczgPwdG5toOhR1bXAtG18pojrANLlC3JpN39yry/A0Ub93Mlu1WHrtzgK829it5fiIiIiIiInK90LTr68G0ZJz1FZR6w6/dpVRecOKaEnrpmp5Ka00JB09CyozeppJacI23UVteghcg4KH2XPOltSXRQUJTFaV1oZfG6VKqmvo5vsWLJxD6sOZIBcbE5NDIvYHOyWmnvuoA9WYnLhPYJ7nwnNlLrcdF8qSOY+oqS2krAr8HT/uLwTGbobkpHEn5Gyguqwd/19FlRqCXNwZ8+PzhMhy5pDuguckDiSm4Ik5SfqrtuHLKqi24kgf/0DzHBAfNZw9Q0+jAlQhMcWE7U0rp2Vhc4dGrLX4fRFlCwWPAQ+VpDwT6Xr14cH3VQosfoi3heNlTSU0jEBxMq104HR6q2m4Mfw11jYM7XzzFlNU6Se5rjZ/u59XPefYnaVzXz4GSivo+6rv0a9vaqW2Dubf65iBlkpmT5TXtW8rLq7C4kvtew6cTny/cjigHuWmJ0OxhwMnTw3DvioiIiIiIyMePRj5eDyw5LMmr4ZWX1lMx0Yr3tBfnJ5eT0zaIbWIaUy5uoTQmlwf7eIydY+48XC8V8OLavZiJJjkrHdvRGqrIIHkwbWgbEWXKID+vkj+8toaySDDHJ5PQ31DIxkNsev4ABgZGbDqL70oZ1DnZprqI3FSCN2N5aKXliU4Stu6iMimPxeGibXMWkVOxiXX/tR+LGQwjmpRFnVblHgT7jAzsrxSw5vndEGEjY/5sXLurqPDnkBGVhDNhF4W/24D7jpXkTex4n/f4bjbtrsSc4CLWX0ttaxr5OTbAxsIl6Wx4fR0bnQkY585jnrWExRP7aECiA1thIWufLyL51tXkpwFTk0kq2EV5Uh75ABYXicEiSnzZLA9fX1vOHJIP72TN83tDqxLfkIyjpopyfzZpvUyvHVxf2Zh9QzIv7lrD2n1msCQze4qDmqpyjKy0PkbcteILD1/NuCmXg5s2sabCgjnCRvo0Fy21NXhxdBstG4vN2kzplrWUmYBANMmd7+fOJjixFxayZoObpSvzcHV/3Ue3dtbiD43lc8zPJ/uVTaz7r9DnQMokG/h7Hn+p19YxwYFRsJm1H83nc0uzB7i3INFhY9eetazdm8yCz+fTPXt15S0h/ZXNrNuYRELgPOfNOSy5rb8zDl8Lfzm7X9tJpdmBK85H7RmDtE8tpseXhvgk7C0FbHq+DHvWclbMdQ3t3hUREREREREBIoLB4KDGLck1IODD22RgjrNe4iIqBl6P7zLe37UtPsOCJaqGXc8X43h4GdndymzYs56N7lweuzMDw0/vi15c9jmB4fXQHIjGFnep068NvF6wWoc+vdTX5KHFFIutx3sNvJ5miLFhHcxiH5dk6NdzUH3l9+LxmS+tP8PX02KzjtzzNi+T4fNhtljwHdjEHzy3sGpBj/WugeG6tpd+b7WX4PXQTG/tGIDPi6cFYod8La7EvSsiIp3V1taSlJR0tZshIiJyTdD3zdFHIx+vJyYL1j5GNg6OGavtkp/Y2C4UJFpCgVddJTURNtIGCL/6XG33ss8JzFZbz1FdQysB6yV2iyXORu8RnRmr7TJPbEBDv56D6qsoK7ZLDZ2G4XqOGL+BEWXGbLEAXsqq3Nim9j2leHiu7aXfW+0lXOr9bbFiu6Q8/krcuyIiIiIiInK9UPgow6yOvZveoLQJMIERYSNnyYo+p79a4xOuZONE+uQt384r79ZimADDIHrKIpbPujqLFYmIiIiIiIhcLzTtWkRERERkFNP0MRERkcHT983RR6tdi4iIiIiIiIiIyIhQ+CgiIiIiIiIiIiIjQuGjiIiIiIiIiIiIjAiFjyIiIiIiIiIiIjIiFD6KiIiIiIiIiIjIiFD4KFdfwIe3ydfrLl+TF1/gEsr0e/F4jctr1xVj4PV46b21/e27DIPon0vu+6vA8Hrw+q92K0RERERERESkO4WPcvWd28um9QWU99jRwN7XXmTniUsos7yA9Vv247n81oUZNFSUUucdtgI7KaNgfQFlfe7bzP7hO5GQ8gLWv917jSGX0fcjIeCh5mgl7j7C0LK317Npv/vKtacaflZ45aobFB+88BK8cKzb9mr42UuwZ7jvIREREREREZFBUPgoo0PAoLXXHQa+lksss9VH7+MpL0Ulewt2sfvo1UhwLqMPBut8EevXF9JwpesdrAsl7Nq5k/3V/RxjXMGRrhfgW3vgzJWrcWAX4OXD8ItCuNhpc0Ux/LQYdvTXdyIiIiIiIiIjJPJqN0Dk2pDG0i+lXe1GjJwrGdxdioT5PPjY/KvditHNC+50+HI1FPrgNkto845D8NWZwDUyhV5ERORyBYNBDMPAbDYTEREBQCAQIBAIdNk2HPW0trZiMpkwm8191i0iIvJxp/BxNCrbyppjNnKMCg6e9WFgI+eulcx3Ar4a9r5VSMkZD4bJwIh0Mf8zy8iJNyjZvI6a7NUsTg2XU1/I+rdg8YN5OM4fZMuW/dQHwTBiSc+/i4VTrOAvYctLVaQtdFC6q5i6qBxWrsygautm9tYZmCOAqFTyH1pIcpdGeigt2M7ek258gBGwc9NP9gAAIABJREFUkX3HcvImWQA3RRs248uaQ/OhIqoaDbClsXhFPinhQMR7spBtu0qoazFjGxtLM7Y+u6OluoD1e8rxBM3YUhexPD8Na6gUqv6ymYLjzRA0MDvncdfSHOxt43kDLVTt2cQbR+rwBi045t7Fihsc/bTdTMnmNVSmPcayzHAZvhK2vrSXWgDMJC9YRX5qR93by5sxR4B5XDZLls3DaQLOFLL+Lxby5ngo3FmOZ1I+j33K2sd1G8wN0UpLVSGbtpZS5zWwJM7jrntzcQzQB75Te9m+p4RajwFBA8vE+Sy/M6dnT5/fy8YtpXhazbyxrgzDtYDV+fZQze4Stm4oosrd8xq26+9+7e3+emA2nl77ro7C3xfAkgfJSwyXfbqQDW+V0QyAndl3LyfXDgTclGzfSlG1ByPagT20u5335C42v11Bs8nAiEhi3rJl5CT0cW0WOzg44P0+BAHY8Xv4UWXo49S58ItlEAO4D8H33oAdF0L78j4Jv1gS2rdjHezPhax34aul8NN/gLwD8HgTPH4Rvvo+HDbBL74Ij0/vpV4P7AB+Oh22HIPbZgIn4ZUJ8IsJ8LMLna85/OiXsBmwBuC+lfB4RmhXb+24zwQ/+hXsCIC3Fb78BfhyyqV2kIiIyMhqamriyJEjzJw5E6s19FOj2+3m1KlTZGdntweFl8vv97N//35sNhuZmZmYTCYuXLhAVVXVsNYjIiJyrVP4OBq1Ghinq/Dd+TkenWjGe3gLLxYUkv5gHo7IWFyzFjN7qR2LCdzvbmDje5Xk3J5C8oRYisrLITU0Qs9zooaWiXk4aKDwzQPYPrWaZZOAukLWv7Gbys8vJiUqmxR7IbveNsi791GWx5uhbCsbWmay6ou5oZDP39uouEgS0hdw3yecWKPAKNvK2ncOkHP/PGwYGIaX0sMNLP70apbG+yh+dR0HjiwgZbYFfKUUFFSRcMejLJ9oxnN0Kxt39j3yzuNPYsXn87FRRcFL29ldnsbiNPAdKaDgXAafXZ2DFS8lm//A9v3JrJwbTqG8VdTEfprPftGJpbqAtTtLqLlhIa5+2p6e7KSwohQyw0nM8UpqJyxg9eI0Sl9/juIzDZDqCNVd4+KuL+ThNEHd7vW8UZDI6ttTYEI6yf5NbN2XzbJVj+GyAAF3n9dtYF6qamL59GcfxRlZRcELBZScymXhpP77wBLrImfxbJbZLRBwU/TKRooqcjrC6TYJ81ixzNcRVAOEJ2DXVTew+I5eruFg79de7i/fkS1s6qPvUia1sOtYAySGW1FZBRnLWX2TQeH6jdScgVw7NBRtpcifw8pHsrEZDRRt2khlW3t8pRS8fZ6Mz64mxwrew1v4w469JN8/D3tv16ZsK0UD3u+Dd6YAfjYW3vouEIAXnoFnp8M3p0NMAnzz7+AXVqAVfvQj2HELLLPBbbPg9t/BDx+A44+GywrAK+/Asi9CyUq4+C5Y/wJfnh4KLLteB5gQBXNy4PF34bszoeJA6LX1PJzu9LzSF34DLIfCmYAXvvdT2PI1WDa293a88DOY8BC8NQWohft/BTd+F+bowR0iIjIKeb1eDhw4QGpqanv42NjYyLFjx8jMzBy2ULC1tZWSkhKio6OZOHEiCQkJXLhwYdjrERERudbpV8fRKi6ZjImhH1isWWkkeWqo8AAmO65kOxZ8eL0G9vhYjPCD+WwzUrCdqgiHMD4qT3lwJbvgfBlV/imkTQqX7cwgObqBmnOhl2YTuG5aRnZ8+AckiwVL40lK68JPTIzq7QcnK85kJ9YoA2+TD7PdRmy3Zyy6Zi0kJd4MWElOsuFtCj8v8Xg5NQnZzA+fn22cjeh+uiIxNRtbFBCVzMwUC7Vn6gCoOlmDPSUjPArSSnZaIu662k59mM78G5xYTMDkJBIvesIL0PTddktmKs7T5ZSGp6iWVtTjSu053brqZA32zPBIR8CZnUJ0dVm4781gspL9qbxQuAX9XreB2Uifn4vTApiSSUrw4fF0akdffZDgItluAZ8Xr2HHHjf0Zzh2voau8daOa9hdX/crPe+v/vrOlZZKy8nScPTZQOlJMynT7d0qa6D0ZAvpudnYTECUA3tsp90nK6mxp5IR6hSsWWkknq9rH73a49oM6n4fvMJDcN/s8AsT3JYLhSdDL2NckGoFvHDRBKljwN32gMZIYCZ898ZuBWaFwkaAmFS47xz0trTOmXrIcwDT4f7jsCcAOw6GwsQYK7jbwscG2OyDh2eGX1vh/gzYcqiPdoSPv21K+HUS3B8Lh7s+IFRERGRUaZtm3V0wGKSuro6ioiLeffdd9u/fz8WLFwkEAhw/frx9e11dHcFgkPr6eioqKqisrOTdd9+lubm5S3lWq5X4+HjKysoIBAIEg8H2fRcvXuTQoUO8/fbb7Nixg8rKSoLBIH6/nw8//JDjx4+ze/duDhw4QF1dHe+99x67d+/G7Xa3v/+DDz7g3Xffpbi4uEfdIiIi1wqNfLwmJHQER3F17N20jYM+Gy57JM1na2BcOByzpZMSt5GyCkiZWkFVfRJpU4Hjbjy+GrY/X9GpTBvZnTOWzo+kmZLP8pu2snXzWvZaHGTMX8zC9O6Tdb2UF2xiZ42FpPGxtLpr8JAxqLNpOO+BKAvdZ+8OhtkUidd9HrBQ74a60y+y9kDHfsukPtpg6nyy/bTdkkFqYhHlRyFjRinlZ11kLO1emJt6N0RO6XQGCXZs/gY6sr3IrtF+oJ/rNkTm9nLd/fdB3V42bjuIz+bCHtVM/WlI6D7qcUj1DvbLRaf7te22ab+/Bui7SWmk+ndRWg95lFJlTmFp9+yRetyeaOx9JNbuc26or+HF5/d3bIxJ7nR3drs2g7rfB+/wGVj3O3ihUx1zPhn692IprHoJJqZAaiv8ugG+1/nNw/TnoNuyYMc7UDgB1lkgZizsaPv0r4MdFsKBdchER9eRkV3aUQc7PPDYT7rW8U396UpERK5Bra2tfPDBB7S2tuJwONoDynPnznHo0CHGjRvXfswnPvEJmpqaeOedd0hOTu71GY4RERGkp6dz+PBh0tPTu+wzDIOWlhaCwSDNzc0UFxczfvx4IiIieP/990lNTcXn81FZWUljYyMA5eXlWK1W5syZQ3l5OdXV1SQmJraHoTfccAMmk74Ji4jItUXh47UgUI+7yUpyPPg+fIdiZrLqgfAU0SNbeK49U7STPtXGpqoaoIr6iWksMwF2GzZLOgs/vxDXIKu0Zy3lwSzwVO5iy44tFNo7PYcP4NRedp9ysvjhfJJNtD9fcjBscdbeh24NghFoxRqfANix28CZ+TmWd58GPJB+224hI8VJUUUpRlQV5yelk9bj57tQ3bU+H7RFqB4PzSZzn59Q/V+3S9VfH/g4+E4xzFrFgzeEYqbS15+j/HKrHIxO92tPA/Wdi7QpoanX7sgazKlL6ZE9YsPWY85xpxribZCYzeeW5ww64B7wfh+CVAd887Pw5Sk99617BW77Ajwenm0/8WeXVkdvKs5A1qzQx3Ny4HsvQtZdnaZntw3+SIQ8H3TOGk9fCE0J71Ui5Nngp/8El5Fdi4jIx8DpugbcjR/1OuJwJM2cMbTvUF6vF4vFgsvlIjExkejoaA4fPszFixeZPn06Fy9eZMeOHTQ3N2O1Wjl//jxz584lNTWVyMiuP+0ZhsHYsWNJTEykrKwMh8PRvi8mJoaUlBQ8Hg+NjY0UFRXh9XqJjY0lGAySlJTEpEmT2Lx5M4ZhcMsttxAMBjl37hytra2UlpbicrmYPn06FRUVnDhxgpycnC7h46Gjl/0DpYjIoJhMJuzxY5jodAx8sEg3Ch9HK38LHj84osD7YRk1CS7yLNDi90GUJRRgBTxUnvZAoOMZdfZUF9FvlLOXGuyTFoU2JrpwGLspPwWu8NRrT6MHW3wfo7v8PnxmCxYT2FIySLaW0ewBOocxvhYMcyzRJgCDhqp6mgOJDOZpeRZXIrb95ZR4M8i2gqfWzaAmkfirOFQJU25zAuBy2tlVWYp3dk74WX0ePK02bNZ+Sxmw7ZbMVJzFVRRaakmatrjXIlKTnew63lG3+0glbmdGn4uUDHTdAIwAQx751ncftNDih2hLuDM8ldQ0AsFObw4M4wrXfdyvvRmo71zTU2ktLOEgkHJHb/eoC6fDQ3FpHSQ6wV9DXSMdC85McmIvrKDUm0OOFcDA0+jDFt/HjdHX/R5fR/mxeizJ2X0Eqb3LSoXvHegUPnrAHQd2E7h9MLGtGQ3w/kdw4zD+fmZt+4o+HR7Pgolt07+dcF8dnAEmjIdlJthxMtzGtunZf9VHoeNDYWX78YD7AtjHDl+7RUTk2ne6roFAIMCM1Mmj8lmHfr8fgMjISGbPns3Ro0c5ePAgdrud3NxcGhsbMZlMeDweWltbmTp1KlFRUQQCASwWCwkJCURFRfVadmRkJDNmzKCwsJCYmJj28//oo48oKSkhPj4ek8mEyWRqn5YdFRVFQkICFouFyMhI4uPjiY6OZsyYMbS0tNDa2orH4yEYDHL+/HmioqJwuXoOIxhq8CoicqkMw+DM2XOcrmtQAClDpvBxtDKq2P37tew0GRgkMf+ueaFsJWcOyYd3sub5vZgD0STfkIyjpopyfzZpUUBiNmnWjRSX2cj9bFv6k8KC+aX8YesaKixmMAzMjjl8+u62FZO7qjuwmW0fNhPrTMTcWIPbOoe7uv9ckzqHnH2b2Ly2DDNmbFkZJBuVnHSDs+dQNQBa/OFJyYnzmDfxRQpeXMteM0QnZ5MeX0pNFWR0Se8s2MaYKS1ay9q9QMCMfeYSlk8M7bXNWUROxSbW/dd+QqcVTcqiFeSn9j3ezQgMou2WDFLHFVFUncLi23svxzJrCQtrXuHFlypwxXip8TrJ72ekna3f65aEM2EXhb/bgPuOleRN7LP5HYID9YGN2Tck8+KuNazdZwZLMrOnOKipKsfISsM8wYm9sJA1G9wsXZmHKz4Je0sBm54vw561nBVze6+2ta/Asq/79VL6bmIaUy5uoTQmlwf7yMczbsrl4KZNrKmwYI6wkT7NRUttDV4cWG3zWDRrA5t+v4b94fs9emo+Kz6V0uv16fN+ry9j754SLK2pJN/QLbiMg1vPwsQnum4reRLm3Al5/xuyP4CJptAIw+89BsvGw6p8uO1Z+LUVYpzw5RzYUgoPJ/XRWb3pNmqxzekGiGl/xigse6DbAYGO9335EXjsV7A/BS5Wg30JfLOfYdGPr4S7fgUvxAGtEDMZfv0oTBhCs0VE5Prmbvxo1ASPFouFqKgoGhsbSUxMJBAIcPr0aWJjYzGZTEyePBm73U55eTn79u1rX5gmEAhgs9mIjIzE4XBgtVppaRncA7MdDgeJiYkcO3asfXRkbW0tJ06c4M477yQYDA6pb8xmMzExMURERJCQkIDdbsdkMo2K/hWRjyez2cyE8eM4WlGt8FGGLCLY+anIMjoc2cJzH9hZ8WAedr+BuccCGAZejw9znDW0mEp39YWsf9vC0pXdAqCAD29TC8TYsPb+h9tudTRDtA1rP3NXfU0eDMtgyuulBq8Hn7n/8gdbTnMgGlvc0Aq6nLZ3FOLF4zcPsu4Brttl6LMP/F48vsG27xINeL/2YUh914uAD2+TgcVmpdca/V48FyF6UP09uPt9KC42hRaVsXcfcOkDt9HL9qvgogewQsxg/gwVAHdTaPGaQR0vIiLDpra2lqSkofyl6so7dLRi1IzCa21tpaioiPPnzzNu3Dh8Ph8NDQ3Mnj2bKVOmcOTIEXw+Hy0tLVRVVbF06VJ8Ph+7d+9un4YdGxtLZmYmFy5c4I9//CP33HMP48eP71JPc3Mzr776KkuWLGH8+PHU1tayefNmEhISuPvuuzl16hS7du0iPT0di8XC4cOHWbhwIePHj29/n91u509/+hOpqanMmTOH4uJizpw5w5IlSzhw4ACVlZW4XC78fj+TJ09m6tSpvT57UkTkShlNX+/7ci183/y40a+Qo1zvQY4Zaz9ziys/KMOa+bmeI89MFqy2wSYrZqy2gRfdsMRd+sIcZquN4chfzFYbl9KKy2l7RyFWBt2lA1y3y9FnH0RZQyuFXyGDDh5hiH3XC5MFa3+XcEjnPrj7fShi4jo9b7EzC32OCr3SYoZyyiawD28XiYiIjIjIyEhycnI4evQoXq+XiIgIMjMz24M7s9mMYRiYzWZuvPFGxo4NPUtk5syZ1NbWEggEiIyMJCIigtjYWG688UZiY2N71BMVFUVOTk77PofDwc0334zZbMZkMpGUlERWVhY+nw+r1Upubi6xsbFd3mcymcjKysJuD/10MGHCBGJjY4mIiGDGjBn4/f4uU8ZFRESuRRr5OBod2cJz5Sk8dlf2EN5UTsHzu6kKgHnCfO67I2NYgj2RAV3S/SoiIiKDdS2M4BiNI2GCwSCGYbQHjp0ZRuhRMp2393f85bbBbDZf0ojFYDBIa2trexgqInK1jcav991dC983P24UPoqIiIiIjGLXwi9R18IvoyIicvmuha/318L3zY+bYX7ynIiIiIiIiIiIiEiIwkcREREREREREREZEQofRUREREREREREZEQofBQREREREREREZERofBRRERERERERERERoTCRxERERERERERERkRkVe7ASIiIiIi8vFknDvG2+/XUe1pBcBii2fmjTnMHqdfU0RERK4XGvkoIiIiIiJXXt0hXv5zTXvwCODzNLL/z+9RWHcV2yUiIiLDSuGjiIiIiIhcYc3s/7AeL2AeO4E77v4kX7w7i5ljTYCPYx8ewzsc1bR4aGwejoL6YbTQ2NgywpWIiIhcuxQ+ioiIiIjIFXaa0xcAYsi8NYOJUUCUk3m3OhkLcKGR48NQy9nX/oHcr73M2csp5MP/YOVDa3i/r3yx+Ofkzvs5719OHSIiItcxhY8iIiIiIiK9amHPxl/yfkYaM6OHu2wPW/8+m2lPF4+SckREREaGwkcREREREbnCJjJxLMBFjuwp5bQf8Nexd08dFwDGxjPtqrYvrKWIN34HX1gyn2HPHmnhQuNoKkdERGRkKHwUEREREZErLJY5sxIZEwHGhTO8+dqf+a/XDnPoQgAiLEyfNR3roMtq4dBzj5I7I5tpM7LJWvQwzxV3miPtq6bg2b9hfm4203Lv52f7Ova1fLiGVfPD77vnSbae6lpy47aX+d2kv+GBW6Lh1DaeuGcO02ZkM23GfO74p22dpnM38v7LP2Tl/NC+v321uqMQo5qt37ufrPD7Vj13mBbqeemxRTyxE3juYabNyObH+wCjnreffjh8LnP4zPe2UWWEy+m1/j7KERERGUUUPoqIiIiIyJXnnMm9i1xMtkW2b7LY4pmz6CbynEMo5/Bv+bunG/nqH0s4fng/O3/7JEtndBqn+M5vean1bn7zyst8Z95hnv3PcGh4fhvf/vzPGf/kTo4fLuI3txTxtz94rVOgWM8br24jeeUiZpo9bP3Z13kp+2mKD5dwvPhlnlk9h/Htx77MS3un8c3fv8a/PzyWrf/j5fZnQB567m/426N3sKG4hOPbvk700w/zi+JE7vnfL/MvtwBf+CXFRUV8MxcaX/8BX3p9Dv++t4Tjh1/mnqNf5xvrq4G+6u+9HBERkdEkcuBDREREREREhp953HRuXzx9GEo6zhtvFrF06nySp2V13bXoe/z71+9mPOC8cxE/fj008vHsn19mU/PDrLszEcyQnjufma3xHdOrT7zJSzuzeOw7WYAntG3/Tt44PId7siYzs0s1j/LUTx7mRoDPLIEXfOHtxbzx78e59Tt3MTMWmJpN3qxcomMhOn480RYgOp74BBtQz9bXtsGdL3BrPMA0br19Mj/eWczZhz/ZZ/09yxERERldFD6KiIiIiMgV5TtfzaHjZ6mu/4gLLQGMtqnFZhOW6BiciXZSp01lWoJl4MKyHuHXPznLE08/yiefjWbmA0/z//5lCcnmAd4XrjM6fNz4O3/An+7s2F2282Xez72fZ6YB2Fj6T2v45pP/wPfve5knEubznV//ksdmDfwkyJZmiDbHhF/l8tgra/o89mIroenTz3XaeNvl1S8iInK1adq1iIiIiIhcEb6zx3jzjT/z+7fLOXCykXPNnYJHACOAr7mZ6pM17Hp7D8+/sY/9Z319lhcSTfr932ND4X7+vOZhol9qm6o8gHDo2GL0ss84zNbfHGbp6s+Q3LZt/Hwe/+VODhe9zFMLTvHjz/8v9rT08t7urYuFFuPiwAcCMZHAo2s4frSk479fhkZtXmr9IiIiV5vCRxERERERGXEfHd3HS3+p4bQXiIphcmoqn7ptLg+t+CRfbP/vVu6/LYP5qfGMjQLD+xEH/lLElqP9LOd85jDvn2oBczTJtyzh1klw1uPp+3gfXATGz1nEjbzAf74cCipbTu3kd9vqQ8cUv8YvTi3hzgVt05hbKCs+TKMBJGSRvygLmhtp7Cf8C4WaWeTdH82e3/yePY2A4eHQy6/xfuf3tbS9SGTOolx4c2foWKDlRDHvnxpk/S1KIkVEZHRS+CgiIiIiIiPsJIVHPsIgkvGZWTx093xuz53C1LFj6Dqx2sKYsRPIzJ3DvXffyh2ZY7AQ4OyRco70UXJj+Zv8+L7wKtBZD/O78V/nmS9k9X6wGXjnMNUtwNSHeebpRbz/vTtCq13f90vKWi8CLezZ8gJ84WGWJrS98Szv//KvmZ8VWhl7/v/Yz/Knv8bS+N7qsBDNfsqqAaK59ZtreDz6BVbNy2Za1iK+tO0s0QZAIjNvySL6d48ybcbdPHcUku99ku+kbAgdOyObrAee5o+l9QPU37McERGR0SQiGAwGr3YjRERERESkd7W1tSQlJV3tZvTr0NEKZs5I7eeIcrZsrOZszDjuuDOHiYMuuY5drx/m+MUxzFkxl9n9HNly3kOL2UJ8/BCfg9jiobEZouNtoec/Nm7jv8/7R8aueYd/WRDd/7FDqea8h5ZoG/Gxgzi20UMLvZzLZdQvIjIcBv56f/VdC983P2604IyIiIiIiFwZF8/x5sY/j0jR0Qk2Lmn5lWgbnTO+xqKdbJr0N/zpll5K63bsSLUvOr6PYy+jfhERkatF4aOIiIiIiEhY/JIfcHgBGlkoIiIyTBQ+ioiIiIjICEtj2Yq0q92IQYsexNRoERERGRwtOCMiIiIiIiIiIiIjQuGjiIiIiIiIiIiIjAiFjyIiIiIiIiIiIjIiFD6KiIiIiIiIiIjIiFD4KCIiIiIiIiIiIiNC4aOIiIiIiIiIiIiMCIWPIiIiIiIiIiIiMiIUPoqIiIiIiIiIiMiIUPgoIiIiIiIiIiIiI0Lho4iIiIiIXBaTyYRhGFe7GSIiMoIMw8BkUowkQ6e7RkRERERELos9fgxnzp5TACkicp0yDIMzZ89hjx9ztZsi16DIq90AERERERG5tk10Ojhd18DRimoCgcDVbo6IiAwzk8mEPX4ME52Oq90UuQYpfBQRERERkcs20enQL6UiIiLSg6Zdi4iIiIiIiIiIyIhQ+CgiIiIiIiIiIiIjQuGjiIiIiIiIiIiIjAiFjyIiIiIiIiIiIjIiFD6KiIiIiIiIiIjIiFD4KCIiIiIiIiIiIiNC4aOIiIiIiIiIiIiMCIWPIiIiIiIiIiIiMiIUPoqIiIiIiIiIiMiIUPgoIiIiIiIiIiIiI0Lho4iIiIiIiIiIiIwIhY8iIiIiIiIiIiIyIhQ+ioiIiIiIiIiIyIhQ+CgiIiIiIiIiIiIjIvJqN0BERORKCgQh2P5vkEAwtD0IBDt9TPh1+8ft24IEgYjw6wgi2l90bAv9r8vrPrZHRITKiAhv79gmIiIiIiJy7VP4KCIi15VAEIxgECPYPWiEQFu6OAw6QslOCWVvBwyptA6hEDKiRyDZ5eP2baHw0qTQUkRERERERhmFjyIics0KAkYAWsNhYyhwHL6A8WoKjcQMdt3Q79EhEYApIqI9iDSFQ0kTEe0fi4iIiIiIXCkKH0VE5JpiBMEfCNIaCI1wvD6ixuETpGPkZ889IaaICEzQPlrSRFtI2bFdRERERERkOCh8FBGRUS8QDhz94VGOcnkCwSAB6GU0ZWhD2+jJiE7BpDkiArNGToqIiIiIyBApfBQRkVGrNQAtgSD+gALHK6lt9GTXcDL0whQOIc0KJEVEREREZBAUPoqIyKhjBMFnBGlR6DjqBIKhFcL9QG+BZJQp9LGIiIiIiAgofBQRkVHmohGkxdCzHK8lnQPJi0aQyIgIIk0KIkVEREREROGjiIiMEv5AkItGeLqvXNNag0FajY4gMiocRGp6toiIiIjIx4/CRxERuaoCwVBI5dMU66uubbXr4eYP0P7cTgWRIiIiIiIfLwofRUTkqmkxgrQYENAk66vKHBFBjDk0QlFERERERGQ4KXwUEZErrjUAFwNBWjXa8aozRURgi9IwRBERERERGRkKH0VE5IoJBKElEFpQRkYHq/lqt0BERERERK5nCh9FROSK8IUXlAloQZlRJTJCox5FRERERGTkKHwUEZER5QsEuyw4IiIiIiIiIh8fCh9FRGTYBYIdoaOhkY6jWmswSJRGP4qIiIiIyAhR+CijVpBQgBEIBgkEQ6+DQFuO0fY6IvyfKSL8cQSYiMAUEdomIldOa3iEoy8Q1PrV1wivgVa5FhERERGREaPwUUaFIKHQojUYxAiAEYTLiy5C7w2FkhGYw0GkOQLMEREKJUWGmaZWX7sCwSAeP8SYIxRCioiIiIjIsFP4KFeNEYTWQJDW8L8jEVkECU357LqwbhBzRASRptBCC5GmUEgpIkOjqdXXDyMYpKk12P7HmrZR5BGE/mgTpb/YiIiIiIjIJVL4KFdUMAj+YBBfIBQ4Xi1GMIhhQEs48ow0RRAZ0RFGikjvAsHQCOW26dWKHK8vbY+5gNCo8bjIUBgpIiIiIiJyqRQ+yhXRNh3TH7jc6dQjozUQpBXri6LIAAAgAElEQVSA0MifyAiINIWmaOsXb/m4a3skQtu/8vEQbUJf/0RERERE5LIpfJQR5Qtc/VGOQxUIBvEFwRcATdGWj6OuoxtH5x8MZORpqrWIXKuCweD/Z+++o+u67jvRf0+7Db2zgF3sRSTVLCkqdizHlm0pLrHlFDuOJ7HjlMnMezOe917eelnJJFkzzps3JWOn2HHsRBk7rnGPY9mWbMmSSImi2CmSYC8g0W45fe/9/jgACBDtArjl3IvvZy0QwLnnnrNxCdzyvb+9fwjDcPx7XddhGEYVRzQ3KSX6+vrQ3d2Npqamag+HiIiopBg+UskpdTN0rId14CZO0dYwYYq2zqpIqg8KgBitauT6jTRG4/0bEdWoIAjwyiuvIAxD6LqOIAiwceNG9PT0QIvpnZsQAseOHUMikWD4SEREdYer21FJ+VIhFyo4QtVlgKEQTR93hEIukMgFCnao4Mtbm9oQxZNU0e+wK6IGI9lAYcSXyIcSbp3+3dLC8D6NiGpVGIY4duwYgiCAZVnI5XLYv38/XNet9tBm5fs+hBDVHgYREVHJsfKRSkIowBUKQQ1Nry6FsU7aY1O0xzrFsjKS4kCom7+jYrSicWn9hdJiBELBNHknRkS1ybIsbNu2DV1dXbh8+TK++c1vIp/Po7+/HxcvXoRt2+jp6cGWLVtgWRauX7+Ovr4+aJoGy7KwdetWSClx8uRJ+L6PIAiwZcsWZLNZJBIJrFy5ElevXkVfXx927dqFVCqFEydOYNmyZWhsbMSJEydg2zY0TcPmzZvR0tKCGzduIJfLQdM09Pf3Y8eOHchms3jttdegaRqGh4erfbMRERGVBSsfadFcoZAP5JILHqcjlZpUGTniR9VlrlAIefNQmSgVNYXxRFSJmwsUhn2JXCBhhwqeUAgZPNI8eTL63SEiqmVKKQRBAF3XoWkaXNeFUgpCCBw/fhxXr15FGIY4ePAgBgcHAUTrLwLAuXPncOrUKSilxj8GBwdx7NgxCCHQ19eHgwcPYmhoCJ7n4dChQ7BtG6dPn8a5c+eglMLAwAAOHjyIIAhQKBTw/PPP4+LFiwiCAPl8Hi+99BIKhQKklJPWqSQiIqonrHykBVuq1Y7zoRCtoRcAgIjWjDRG14w0tKibNns6ULGkij6EUqOfow/GirQY1ixV2grR/TwA6BpgaRrXgiSiGV3pH8BwNj8e3lXK9k3rpmwLggDPPvssMpkMPM/DunXr0NjYiGQyiYaGBniehxdffBGDg4NYvnw5HMdBIpHAihUr0NnZiWQyCd/3Yds22tvbsWzZMjQ0NMBxHJw+fRqu6yKXy2H16tUYGhpCIpEAADQ0NOD555/Hxo0bsWvXLly6dAlPPfUUbr/9dqTTaQwNDeGOO+7AunXrcPHiRQwODuLxxx9HMpnE1atXp/35zl68goId7ynjRFT/dF1Ha3Mjlnd3VHsoVIMYPtKCRNV9UaUfFU8h6vwdTtiiIQohDQ0wdIxP3ebr+6VLTpguPRYySlYuUhk0WzrfACGikrjSPwApJTat641FZ+mxjtdSSnR2dmLLli0wDANHjx6FlBLNzc0wTRNKKZimiV27duHkyZM4dOgQWltbsXv3bqxZswY3btxAX18fTp8+jb1796K5uRlCCAwODiIMQ6xduxbXr1+HrutoaWkZX2OypaUFmqahoaEBSin4vg9N05BIJNDW1ja+X0NDA9LpNADANKd/aba2d3klbzoiomkJIXD1+iCu9A8wgKR547RrmrexRhUMHktDIeoy7Mloymw+kBjxJbLBzSnbgYwq3ai+iNHO8GN/U2PTpbOBHP+/j5oZMXik0ms0GTwSUekMZ/NY1tUei+ARiNZ8vP/++/HII4/g3nvvRVtbGxzHwaFDh9DS0oLVq1ePh34A0Nvbi7vvvhvd3d04dOgQRkZG0NjYiPvuuw8bNmzA1atXcfbsWWQyGTQ0NODChQuwLAs9PT3I5XK4ePEili1bNt6tOpfLQSkFx3Gg6/p4ZeREyWQSjuMgCAIIIcY/ExHFkWEYWNbVjuFsvtpDoRrEykeal7HOzlR+cnRqbTC+JaqS1Eenauta9O5B9HW0jTlCPChE6zBKRJUXUkXbxj6PVTISVUtC12Dy7UciKiEpZWyCRwDQNA2maU4ak67rSKVSOH/+PEZGRgAAuVwOnufhxIkT8H0fnuehqakJlmXh/PnzuH79OgzDGA8dTdNET08PDhw4gDvuuANNTU2QUuLy5cvYuXMnLMvC5s2bcfbsWTiOg8HBQaxZswaZTAa+708aY3d3NwzDwHPPPYfGxkbouj4+LiKiODIMo+JLa1B9YPhIRSuEXN+x2qLgKpqOO/USQMOEYHL0w0C0RpsOcK22RZouVJSTto0FjPw7oXhjxSMR1TPLsrBz505kMplJ2zOZDPbu3Yv+/n5omoYtW7ZAKQVN02AYBoQQMAwDe/fuRUtLCwqFwvj07fXr12Pt2rXQNA3r169HoVDA2rVrYZomtm7diqGhIbS1tUHTNGzYsAFhGMJ1XbS2tmLz5s2wLGv8/GPjam5uxp49e3DlypXxqd/JZLIaNxkREVFZaUqx/IbmxuCxdikpIUe7OuqjT64NXYeha6OVlJjweTSo1KLrTZz+YxgGLMuCrtd+udRYiDj2G61GA8OJ2ycHjVxzkepLQteQMZlAEtWKa9euoaenp9rDmNWRk33TNn6Jm7FO14ZhQLvlXdmJz3nGSCkhhIBpmlP2X+h5FrIfEVFc1ML9fS08bi41rHykOeWCaM05qi2B7yMIfET/dQpRxHjzs64bURBpGICmQdf1qJpPCoRBCCEENETTljQoaBCA5iFpJZBIJKCPlk5F+4wGl6MbJj51vvVp9MTn1RMvm/QbpiZ/P+Xr8YAwuuTWwBDAlCAx2q80AeJYoDsfuq5B02o/uKX6INTNewMioqVkbDr2dKabNq7r+oLeeJ3tPAvZj4iIqJbxkY5mNeJLVnvVGCklXMeGnFKpqiZ9FkLMuah5FPRNvl4gPGiej2QyCdOypjl+bYqCVzkaLEpAjVZAjFaBTr09588wDCSSyVitiUVLk1AK+QBosuovfhQKMOrvxyIiIiIiqlkMH2lGDB5rz1jwOLZ+EaBw4uhpDFwfxI3rQwCAVWtXYNWaFejs6sDkwFCb9P2Jo6fx7NP7cOHsZdy4Pog9d+3A/Q/dhc3bNgBQ8DwPQRggmUzV9FRsIQQ810W0AsXMt8fY7TnT5cV8L6WA69jQdQOmZcE0DGg1fNtRbRsLIC0dMOpgqp+Egi8AUwcMpo9ERERERLHB8JGmlQ24vl2tUVLCsW1AKRQKDp767o/xL99+BnbBmXb/TEMam7dtwKo1K7F5+4bxqOzi2cv4ydP7cOHspUn7P/ujfXj2R/uw564deO/7H0dXdztEKGCHBViJaCp2raxVFK3fFCIIAkgRdWvTtKjIc3xyuqYwcWa1pim4ArBDICeAQCmEEtGHAgTU+NehjPZvMoEmE2gwgSZTocGIji+EgJQCnoqmc5mWCcuqnduP6keoFEIB1Hrl8kRKakixuJiIiIiIKDYYPtIUuUDNez07qr4gDAEoPPv0fnz+c1+bMXQcYxccHNh3GAf2HQa+VPx5Duw7jBNHT+ORRx/EY+9+EwANYeBDhAESyVQs1i0am0ItpYimT49+BkanVquba1+OVTQGUkO/p9DvAQO+Qj7UkBcKhRDIh0BBAIFc3LiWpYA9LRp2twIZQxsNOBUC30cYBLASCVhWYtE/P9FSJpSCUBqnXhPVhBAjZ4/hmSODGPSjLUYigzXbN+K+ta3g+whERET1ofopAcVKns1latJYgHW+71JRweNi2QUH//TFf8azP9qHD/7mE9i8bQOUUnAdp2pVkEpK+EEAEYaQspiUMPo93zeksG9Yod9TmLysY+n/Dq66wHdchWcHgY0NCr1pDavSCt3J6P/Qcz2EYVjzU9mJqi2QilOviWIvi9deOILnLvuTtgrfxpkDB3Hl2gY8ek8vGqs0OiIiIiodho80rhAqhAwea5IIQ9y4PoCP/9Enyx48TnTj+iA+/oefwJ67duCJDzyOzq52hIEPKQSSqcoEaEophGGAwPdHKxond9S+1UgAXHCA87bCWRu44pZ9iFNkA+ClYeCl4Wi8m5uAu1o1bG4CpBBw7AKsRBKJBKsgiRYikODUa6KYc069hhcu+wBMdG3ZgNdvWoY0bFw8eQw/Pp6Hc7kPz5xqx6O3Zao9VCIiIlokho8EAHCEQlCCbr5UHWEYzrq+Y7mNTcV+7N0/hze+5QEIIeDYNhKJBKwSB2hjU6qFEJBCIAxDADfXbHQEMOADgwEw4ClkwyhwHPvsLXLqdDmcyAEncgpbm4A3dGnoSQKB7yEcbejD7thE8yOUQig1mCwgJoqpYbx6Jg8BoGXjTjy6tXl0ewa9W+/A28UL+PJrLq6fOYfB27aivZpDJSIiokVj+EjwhIInGDzWslw2h+ee3l/VMdgFB5//7NdwYN9h/Pb//qvINGTg+x6EFEgmUwuahi2EGA8Zo+9DTGgJg4lrNl52Newbktg/VMIfqsKO5aKKzJ/t1nBXmwYlZTSV3bJg1VBDH6I4CJSCCf7NEMXTAAYKAJDB+vHg8abGre1of+0yBgs2LgIMH4mIiGocawKWuEBGVY9Uu3zfw09+tK9qVY+3OnH0FD72O3+M40dOQSkgDEI4dqHIdRhvGque9L1oHcQwDKFUVPk48fOpvMKXLil88kxtB49jCgL4+hWFL12SGPSjn9P3fTi2DTEawhLR3MIYVjkT0a10TNtVxtDZbIaIiKiOsPJxCZOKwWOtU0ohCAK8sv9wtYcyiV1w8PE//AQeefRBPPGBx6GUgmMXkEgmi+7mLISIapZGC5cCGa2VmBXAZQe47CpcdoAb/mxHqV0HR4BztsLDXRruaAWUknBtG4ZlIplIQmNDGqJZses1EREREVE8MHxcwlyhINlgpmZJKeG6Dgo5GyeOnq72cKb1L99+BsePnsavfeS9WLV2ZdTNOQhgJZIwzdnvfkzTxD9fdHGyEIWOubBCg46R4QD42mWF03ngoU4N3cmokjQMQliWhUQyyanYRLMQSsHg3whRbORPH8C3D2XhjD/9zOPAV5/GgZmvEV2umejduRM/u2HqFG0iIiKKP5bOLFGeUPDZYKYmhUEA17Hh2AUoKfH97zxT7SHN6sLZS/j4H30Szz29D5oWhaae68AuzD4V++VBgR/eAC45SzN4nOhQFvibcwrPDwESUXOdMAzgOs54h28imorF/URxch7PHZkYPM6DCnHxyGkcL/mYiIiIqBJY+bgECRVVPVJt8X0Pge9jYtZ04/ogvv+dH1dvUEWyCw7+5pOfx4H9h/HBjzyBTEMaSkk4dgHpTAP0aaYQD8SxLXUV2QL49lWFfUPA7c0a7u8ADCXg2AWk0mnoOlfHIrqVkJh+PTkiqoIAoQCARux5xx3YVfT1TuPbX72I60KiTldaISIiqnusfFyCXKHA6LF2KCnh2PZ48Khp0cdPn9mHP/wP/yU2jWaKcWDfYfyH3/1jfOPL34NjO1AK8D132n3XNPDuaTrXPeD71xWevKAwFGB0PU1n3g19iJYCwcpgoiXFu3oGp87l4N3an82+gVNnLiJr33qFHC6cOYPrWW/yduEhe+4MTl2deqxYnoOIiCjm+Op+iXGFQsDp1jVDKQXXdSCEgFJRpePnP/tP+Nhv/zE+/YnP11TwOMYuOPinL/4zPvY7f4wD+w4jDKOu1o5jwy7kkc/lkM/l0Gu4eH1ntUcbX6cKwJMXFM4WxgJIG2EQVHtYRLGiwKnXREvG8x/H1gffhjc9cg92//krN7eLF/Anux/Em978Juy+77/h5fELLuIff/0ePPTmt+GeO/81vn795lUufPkj2P3I2/CmB+/Bb37jRszPQUREFH+cdr2ECBWt9Ui1w/c8SCnh2KPTlvfFq6v1YtgFB5/5i8+js/s3sXrtyvHtE3tDvKFbQ2sC+Opl/t5Op98Dnryo8NhyDTubFbzRKlLTsqo8MqL4YNMZovjLn3wJ3ziahw8Ty7ftxJs2zb+xTHboZrLnTSwyLGTRP/a1PXHidg7XL9z8zp1QZZgdunTzm0nb43gOIiKi+DP+4A/+4A+qPQiqDFcoVoDUkLGqxxNHz+BP/u//jgtnL1d7SCUXBCGOHDyBN77lQQCAJkKYBQe6H8DK20hks1hnD2ODLGCfbKzyaG9SQkCKEEoEUCIEpISSAkpKQAM0rXJF5aECjmSBpK5hVVohDAU0TYNhcKE7IgDQocHSGT5SbSsUCmhsjM/j4HSuDwyju6Ntlj2G8NrxLGwksHzrCvSMbz+PHz3bjxEJABL5QRupzcvROef1Jkt2dqFdeEiuvR+//u63YXv3aI1FshvdHQKu1YsHfv29eHxb12j1RTPae5oB0YDb3/1ePH7/GrSMPny3tC9DixTI7HwXfunx+7G2Oc7nICKqrLnv76uvFh43lxpNsVXqkhBIhULI/+paEoYhXjt2Ch//o0/W5PTq+fjDJ96I29etnnWf78tGfDk1+z7lpJSC8BwoIaBbCRiJ5Bz7S0ApaBVsBPMzHcDP9WhQCrAsC8lUqmLnJoorU9PQaDF8pNp27do19PTMFLvFw5GTfdi+ad0se4w2jpnScOY8vvf1PlwZq/4zmnHPY3uwZc7rERFRNcx9f199tfC4udRwzcclYsqC1RR7Ugp8/nP/VPfBIwC8+NoFyDneB3mjnsdup3/WfcpBKYXAySN08tANE1ZD05zBIxBVP44HjxV6j+cnA8BXLkXnCoIAnjt9Mx+ipYStmIjibjXu29KIhAZAM7F8y4YJwSMRERHVA1brLwGeUAhZ4FpzbvQP4sTR09UeRkWcvHwDYRgiMcdahT+jhvEKuis0KkD4HoTnwkgmYSQWUUVYwfXmDowABaHwK6s1BKMNaBLJJDSueUdLVPTGBn//ieKscdMdeN+mao+CiIiIyoWVj3VOKsBj2UdNeumFV6s9hIpx/BChnLs8d7sZYrM3UPbxKKUQFHIQgQersWlxwWMVnMwDf9Gn4EmFIAjg2Da4wgYtZZK//kREREREVcPwsc75Us05nZXiyXW8uXeqExcGRiBEcSn5neFwWcciRQhvZAi6aSHR0FzR5jGldMkBPnEGGA4BKSVcx2EASUsWw0ciIiIiourhtOs6JlXU4Zpqk5RLqWS1+N/Te7QCfhjkcNlqKvkopAgR5EdgZRqLWtcx7oYC4M9PK/zaGg0rUgKObSOdyXAKNi05Epx6TVR9FkwDgMjjwFefxoH5Xt3QkSjDqIiIiKj8arOkh4ris9SjprV3tlZ7CIsipUAY+ghFEHV+nsWKtuKDRMs0sdrPLnZ4U0gRIihkYWWKayhTKnPdNovly2gK9ulCFGjbhcISC7aJWPlIFA+rcd/2ZqQX8j6AZqJ3OxvREBER1SpWPtYpVj3Wvp27t0FKAX2sY3INESKEqSvceVsvbmTzuDAwAj/wYZrTNz5JW/P7GdcrG8+XarAYCx5zsDJN0M3Zm96UWqWmdX/2vMK7VwK7mgHHLiCdydTk7xbRQjB8JIqHxg178J4N1R4FERERVRrDxzrlCgWTUytrWu/KHnR0tmFosPRVfuWklMK6rmb83mMPYXl7G0zdwIht44vPHsDXXzwMw7RgGtaE/SXWL2tHco5O1xNth13SMQeFHMxUuuLBY6V96RLgCeDedg2B4yKdSTOApCWB4SMRERERUfUwfKxTGZPBYz14/OffgL/9m6+iltYqa06Z+L3HHsK6ZcugjwbgXS0t+OijD+OB7bfhr777LE5dvQFdN6AAJAwNb9m7BYl5hI9NuoZeP4uLieZFjzf0HCgla66j9UJ946pCoIC3LNMA30E6k4FhMICk0hjL+Cb2NlITP6uJ29Sk1V6Vmrz//I+HaY4XnYNvxhERERERVQ/DR6IYe/StD+NvPvXlmqpOe+sdm7Gyo2M8eJxo55pe/LffeA+eO3oKT716AkopvPPeXVjd1TWvc1imidv8odKEj64NM5le9HFqyXevKQRK4rHlOmzbRiqVgjWP8Jeqo1zBHtRs4d1sYaCacjkREREREdGtGD4SxVhzcyPued0u7HvxSLWHUhQpBW5fuxKpxMz9KHVNw89s34j7tt2GMAxhGDqMBYSrK6W7mKECAJQUkEEAo6lt0ceqNU/1KwRS4p0rNDiOAwBLOoCcLdgb/1pNjtvmDAMnXWe24003BgZ7RERERERUHxg+EsXcjp2baiZ8XNnRjN7O9qL21TVtXlOtb7UG3oKvO0YGAYxkCppemaYvcfPMDYVAAk+s0uG6UZhbjgByfkFc6YK9aa+DaF3SW7cRERERERFReTB8JIq5Bx68E5/59FdQC+s+rulsg2lWZop4ly6RliEcfeF3YyLwYFgzV2kuBT8dVHClwBO9Oty8jWQqBSuRmLkqb8I3s62zd+t2IiIiIiIiWpoYPhLF3IoVPZBS1sS6j53NDbCMytytGLqOZUEefcnWBR8jqnxcWus9TufAMOBJiSdWavAdF2YgkEwtjQY8REREREREVF5Lc64hUY3ZuXNztYdQtEp1TrZME8vC/IKvr6SEFCF0dnoGABzNAn93QUEphSDw4bmLX1OTiIiWDl3XIYSo9jCIiKiMhBDQl+iSVbQ4/K0hqgFSymoPoSgnL99AGIYVO1+XXPi6j1JE49RqoKK0Ul7LA585B0ilIQgCBpBERFS01uZGXL0+yACSiKhOCSFw9fogWpsbqz0UqkGcdk20APNrhqGmXn7LmnkTt0+3zl7X8i4cO3ZmscMuu4sDWWQdB50V6prcsYjwEVIu2UYzs+mzgU+dU3j/Kg2ADwCcgk1ERHNa3t2BK/0DONl3sWbeNCUiouLpuo7W5kYs7+6o9lCoBjF8pNhZTGdc4GYgOG2zjGnCwqnHnO461W2g0d7ZVqUzz4/tB/j8T17Bbz/6YEXO16MtvLpCKQloDB+nc9EBPn1O4ZdXaWhBACklUuk0NC3+TY+IiKh6lnd38EUpERERTcHwcYkpNti7+UkVHewVf8zpu+OyM+7MVA3dOP9y8BR2rFqGh3duKvu5OuFDw8JCYaUUw7RZXPOAvz2v8Iu9QFcyhGPbSGcyvM2IiIiIiIhoXhg+1oF8MM203rGvY1C1R3ETNRSRcrRqUNOg6wZMwypZsPSX33sBG5d3YWWZKzYtw0Rb6GDQnH/Hak3To+pHmtGAD3z2PPC+VRpWpiQDSCIiIiIiIpo3ho81zpcKYS2VxVHVCSHwlr2bcedtq9CSyaB/OIcfHX4Nz588B8tKQi+qAYuClGrGTme2H+DLz7+K333bQ6Ud/C00TUObcBcUPuqmBSUEFNd+nFU2BD53XuGJXg3rMgJhGMKq0JqeREREREREVPsYPtY4jw0Fl4RSFprds7EXv/LwXWhtbAIAbFsNPLxrCw6du4g//dL3MOIEMI2Zw6Uw9CHEzY7WmqbDMEwYxuS7k/PXh+AHARLzDKqkUgjDsKjrWWZU+QjMv8JSN01oug4Z+jASbKgyG0cAf39e4T29GrbqPsNHIiIiIiIiKhrDxxonWPW4JJRymuudt61Gc0PjlO071/Tik7/5BP7ki9/Fq2evwjSt0crG6NxSCoRhgJ1revBLD96B1V3tOHd9CK/0XcI/HziG4YIDw7CgaToABT/wEIjiQsSJPN+HMY9KxLbQndfxJ9JNCzIMYSQWfIglI1DAkxcUPrJOYF0iYABJtYUrBRARERERVQ3DxxrmSwaPNH+OH0CfIcxsyWTwnz7wTnzlpy/ji88ewFDeGb8slbDw8/fuwjvv3YWWxibomoa2pmbsXr8Gv/L6e/DV51/Bd146iksDI2hrTOOJB/YgYc4/oArCEEai+DSwU/nzPscYM5WGn8/BTGdGQ1Oay/4hoDfjMXykmsK/biIiIiKi6mH4WMN8TrleOkpY+Xh1KDvnPu+8dy/edudOnOsfwMWBIUgpsXtdL9KpJDLJqVOUDd3Au++7A+943W64vo8gDJFKJGGZ87+L8cMAqXmEj80qnHunGRiJFHTDhnAdmOmGBR9nKdk/DNzZJln9SDWFPZKIiIiIiKqH4WMNY6OZpSOTKc2ahGHoY+Oy9qL2TVgWNq5cho0rlxV9fEM30JCaf/OXMUopBGEIcx6hZQaLS+GNVBqhU2D4OA/7h4CVaQ+mabLzNdUEVj4SEREREVUPn4/XKE65XlpWr+td1PWVUggCF3dtWIm9G1aXaFSl53geEqY147Tw6TRri/tbMJNp6KaFwM4v6jhLyf5h4JIj4boOFN8EoRrAjJyIiIiIqHoYPtaoQFZ7BFRJt+/dASkXXuFnQOBdr9uF33nrg2hrbi7hyErL9T2kknNPuRZSwA8COJ4HK3Dm3H8uicYWAIBfmHtKOkX2DwEiDOE6i7/9icpNY8cZIiIiIqKq4bTrGhVWofLR0jVYOpDQa/tFnFJR5agnAVlDVVubtq7HqRPn5n09IUJ87F0P4/Z1qxY1JbrchBDwwxCtTVE4GgWMIUIhIKTAjXQzhswkBhMNGNaTGDaSGIaFYaFjkTOvAQBWphGha8PPj4yHkTSz/cPAhgZge3MIIQQMw6j2kIhmVOMPW0RERERENY3hYw3ypUKlIzNL19Bg1serN00DkoaGpAE4IeDVyBT2B3/2Ppw8dga6Pr+QZ/f6FdixemWsg0cAyDlO1GimtQVBJo2v5ZMY1BMYViaGhY7hYHRHhShsLEPDJTOVgfA9+IUczGQK+gK6dS8lX7gE/KKuYbvhIZ3JVHs4RDOqj0cvIiIiIqLaxGnXNSis8JRrQ6uf4PFWSaN2fq43vfX1aG1vBuYZPa/pbJtX9+hqEJYF83V3IvnmR+Dt3AZndS+uJBrxipPAWXdC8FgBRiKJRKYRwnO5DmQRnh9UCMOo+pEorl/yGH4AACAASURBVFj5SERERERUPQwfa1Cl13usoXxu3nQN82puUm0f+I0nEITzT+ISVrwr+MTG9TBaW8e/dwKBS9VcSlDTYDU0QTct+PkRCN+r4mDi7UwBeHkECIMKJsRE81A79/BERERERPWJ4WONCaRCpSdd13vFSC39ePc/dA/e8Z5HEYQ+iq2AlDLe3YlETzdEe9ukbZcLIbJhlQY0gZFIItHYDBkG8PNZqJjfltXy/CBQ8PzY/67R0lRLbzAREREREdUjho81ptJTrgFA1MaSiAtWS01nAOCXP/QevOmtD8H3PSg1+y+EUgor2poqNLL5U6YJf8PayduUwmUnTv8nGqxMI8xkCoGdQ+jGuLtzlX6Xr3nA84MagsCvyvmJZsPokYiIiIiouhg+1pigCtlCIBW8Ok0ggyo07ymFD//uB/G//f5vwTA1BIELIaaWCUopYBgS63raqzDC4vjbNgP65LshKSXOFOL3v6JbCSQaW6BpGoJCFsJzqz2kqTQNwvcQOoWKn3r/sELeDaBqLMyn+sfCRyIiIiKi6mL4WEOEql6VniMUghrpCl0sVygUwtr9me5/6B781ZP/H375Q+9BS1sjPM9GELgIAhee78C0dPy7/+f3sH7rpmoPdVr+lo2QzVOrMkUY4oxdhQEVyUimYDU0QymFoJCLXQhpJJJQSsEZvAZZwUrE4QA4lFUQYQzmyxNNwCc6RERERETVpSmWqdQMTyg4Va5A1DVtygu5a67EyowOS9dqpjmNGv1H4ebKiVIpBBLwazRkPXWyD4cOHEEhb2Pnnm24fe+O6AIpkTpwCJoTn+nC/sYNED1d017WN1jA/zhVO52TZeDDt/NItcSrwtTLDkH4HgwrgWRzW0XKv9ZmgA+t1dHQ2Fj2cxEVK2VoSNXKgxPRDK5du4aenp5qD4OIiKgm8HEzfsxqD4CKF4eZz1IpTFxlMGVo2NBkVG08C6WN/jPx5aihabB0IKk05CrdUrwEbtu0DrdtWjf1Al2Hu3cXEsdfgzEwWPmB3cLfshGis2PGy8/ka++2jyMr0wQZBhCBD3vgGqx0A6yG8q7/edYGTuUVdqQFDKP27heoPjF3JCIiIiKqLs5GqiFxCB8n0jUNiTpshW1oQINZZ38amgZ/6yaEvSuqNgSVSsG7fceswaMQIc7FcL3Huei6ARkG1R7GJLppwsrcDBsDp4DQK3/166sjCr7vlf08RMUyuOgjEREREVFV1VnCUr+kAkTMZsibGlCH2SMAwNKjcLXeBGtXw9+6CSphVfS84bIeuHtvh2yafTpuGIQ4G5/Z4UXRrQQSTS2QIoRv5yq6zuJczFQaRiI1/r2fGyn7OQ9lget2CClZwUrVp6F+H6eIiIiIiGoFw8caEcYseATq/wVdvf5xiI52uHfuQbiy/FWQKpGAv30LgtvWFfULc80Oka/RfiVmMo1EpikKIGNUBWmlM5O+D+x8Wc8XKuDVESAM4nMb0NLFqkciIiIiouqr13yl7sRtyjUQVWPWs7qu29J1BOtWw71zN8IVy0rejEQ2ZOBvvg3u3Xsh2lqLvt5Zu3Z/qdRopV+ioRl+bhiIyRsGupWAmUqPfx+Fj+Ud26EcEMQogKWli+s9EhERERFVHxvO1IgwhklYIKMAsh4rIAOpIGMSHpWTSqUQrF+LYM0qmNcHYFzrh55bWGWcsiyIrk6Iro45p1fP5IJnAKix0kelEHoudMOApiegmxbMdAPckUGkWmde37KSzFQDQs8dD0T9fBaJxpYp+4WuDTOVmbJ9vq57wCtDEncnAlhWZaf4E01Uj49PRERERES1huFjDYjjeo8AoKDgCCBjaKUunKsqTyg4cSw1LSfDQLisG+GybkBIGNkstHwBum1Dc73oY3QarTIMqGQCKpmESqcgGzKQTU1QmfQcJ5nbsF9bt7sSAr6dgzc8gOZVG8a3m6kMlJRwhwdiEUDqpgkrlUHgFAAAoevASjdCm9CROijkoJlzPyQUG1AeygJ72xk+UnUZTB+JiIiIiKqO4WMNqHYOFi3Yr2G6l3BKAWfyAiszOixdi/0UNzX6j5r4/ehnpRQCCfj1Pp98LoYeTZWex3TpUlmeMXA6Jyp+3oWQgY/+Qy+ga8fdSE4IHsdYmaj60x0ZRKqlvdLDm8JMR9WPSka3r58fQXJ0XML3EDgFpNu7Zz2GnxtGoqm434uTeeBcPsSmlISuc4UPqo64PyYRERERES0FDB9rQDWbzSQNDSl99srGRsuY+cKY0QC4UsGtdqJL03rnmhSGPIkjw/Geei18F6HroPv2e6EbM9+NWplGwM7Dyw4h0dQKrYolwpquw0xnEBRyAAAR+JCBD91KQAY+jEQS2iwhoZcbgplqmNc5j+aAdS0+ksnU3DsTldhMb5oREREREVFlMXysAaJK6z2amoZ0HZaNpEZ/JgaQ8fShTRn83WkHBwbi2bAkdG0oKZFsbitqfyvTCOG7CPIjMJJpGIlkmUc4y1hSGQjPgQyjcNfPjyDV1gVoGoxZAkI/PwJN02FYiXmd73AWeL0bMHykqqjDhy+imqNiuGwQERHNTzULKKh+cC5czClUr/IxZdbvnYzJdcBi7Vc2pLG3I35rBQZ2DppujE+pLpaRSMFqaI5CSHthDX1KQtMmVS9KISA8F2YqPWOw6BeyEIGPREPzvE83HACHcwpBEM8gmeobw0eiylJKMWwkIqpzvK+nhWLlY8xVq+oRqO8XbvX8s9WLd61NoS8vMOTFo9W7nxuB1dAITV/YMgOariPR2ALhufDzIzCs5KzVhuViptIQngMR+AAALz+MTMeyafcN7DxCx0aypQ0L7Sp1JAvc2e6z8QxVHO/niSpHKQVN08ZflN76wpQvVImIas9YxePYffjY92P396yIpPlg+Bhz1VzvUakF5w2xx+fA8Zc2NLxvXQqfOG5XdRxKSgjfRaKppSTHM5IpGMkU/NwwpAjnXUVZCmY6Mx4+QgGhU4CZnryeY+jaCOw8Eo3NMKyFTxU/mQfO5wU2svEMVZhRrw9gRDEz9qJUSonjV/L49DMX8GLfCLwgHm8eEhHR4iUtHXeva8GHHlyFLcsbGUDSvPGVYMyFVXzeFtRx1+dqhrpUvNuaTdzVWdqKucSFPiQu9MHqv1LU/kpKmKlMSccAAImmVsjQR+AUSn7suRiJ1KSqS7+QG++CDUQNdfx8FlZDU0l+9sNZIPD9RR+HqFgaAK6uQVR+Y8GjUgrHL+fx4c8exo9PDjF4JCKqM14g8eOTQ/jwZw/j+OX8pPt/omKw8jHmqvnUzREKyTqdt+aKufeheNjRZmHfjYWtGah7LpKnjiL52jGkTh2dcrlMpuCvWg9v41Z4t22DnGYatG6W727SyjTByw5BN615N3NZ9LlTGQjPHf8+dAqwRtd1FL6HZFNryaaFH8kBP+sHSKbYeIYqQ+e78ERlN1bxIqWEUgp//fR5ho5ERHXOCyT++unz+LMntgIAdF1nBSQVheFjzMkqv5Mw7EukDA2WrtX8+llCRdWc7HJdW3a2mdjQZOB0rvjE2BgZQuNPf4D04Zdn3U/3XKROHUXq1FHI5Ldg33E/7DvumzaELAfdtGBlGhEUctBb2iv6oK1bCZipDEI3mtYeODaMRAq6lUCisTRTzMcMB8ChEYXXpQOu/UgVYXJeB1FFjK3vKITA/rPZag+HiIgqYP/ZLIQQMAyDlY9UNIaPMRaXWc+uYGBH1fVrmzL4s8OFOZvP6J6Lph9+a87QcabrNj73FDIvPYvcG94KZ/vehQ53XsxUBqHnQLgOzHTpp3fPeu50dO6xRVAD10ayTBWYR3LAnR0MH6kyTL77TlR2E6sehRDwqrlWEBERVYwXSgghxqseua47FYO/JTHGvI8okjY0/NrGNFKzlN+mj7yMzr/6+IKCx4l0z0XLd76M9i98quh1IedDBj7c4RuQIhzfZlhJiMAr+bnmohsmrAmBp/DcSVOxS+lkHjiXDyAlX5xS+bHykai8Jla6KKV4305EtMSMvfk0hhWQNBc+PY+xak+5JoqTlRkDv7YxPWW77rlo/8Kn0PKdL0MvYXCWuNCHjs/9ORqf+0HJjhu6DtyRQeimBd24WXhuJJIQvgclKr8YqZlqgKYb498Hbvka4BzNahBhOPeORItgahpY90hUfhObDTB8JCJaWiaGjwweqRgMH2OMT+OIJltheni48+b3jc/9AJ1/9XEkLvSV7ZyNzz2FjhJUQYaODT8/AiORnLKmYhRGGhBh5TtCa7o+qfpRBgHCMnXgPpwDPJZ0U5mx6pGossbWfSQioqWD9/00X3yKHmNxWfORKA58z4MUAvc3uOjd9wN0/48/QuNzT5W02nEmRv8V9HzxU9hy7LkFXT90bfh2FlamEcnmtmn30RNJyKDy4SMAmOkG6ObNtRgD14aSpa/CHA6Ao1m+rULlxfUeiSqHVS9EREsT7/9pvthwJsZYIER0UxAEOPPyUfzwM19GaLsVf+ckdFwMf+tb2HauD8df/66iO2KHngMASLf3zNrN2ko3wMsOQXgujAp1257ITGXg50cAAEoIhI4Nq6Gp5OcZDkp+SKJxuqax8pGIiIiIKGb4FD3GuOYjUUQKgevnLuG7//NJeHb5Kx1nM3j4KHq/9CkYI0NF7W8m0zBTmVmDRwDQdAOp1k4EbgGha5diqPNiptIwJnS6DpwClCj9+oytCT7sUPnM0pOKiIiIiIiqhK8CY4q5I9FNSins+6enqj2Mcf6VK+j+uz8vOoAslgwDpFo6IDwXgZ0v6bGLYaYbJn0v/NJ34G5JGnPvRLRADB+JiIiIiOKH4WNMVb7nLVF8CSFw+WT5msoshHJd9H7zyZKtOekXsgjsPJQUSDS1Qvju+JTtSjESyUlrP5YjfOxI8mGHysfUmT4SEREREcUNXwXGFKdcE93Uf+5y1adbT8e7cgXbjj2LxeQdMgxg37gKTdOQaGyGphtRB+pME4JCHkpU9q0IM5ke/1oEfkkbz6xt1NGZ4sMOlYehaTCZPRIRERERxQ5fBcYUm80Q3eTmKz8FuVi5557Dry4PsKVl/v27QtdG4BSQau2AlWmCpt+ckmwkkjCTqYpPvzaSKWDC+pQlq34UIR7o5EMOlQ+nXBMRERERxRNfCcaUZPhIBCBa7/Fa38VqD2NGnu3CO3IEv7E5g8dXF9mlWil42UFohoFkU+ukqc4TmakMhO9CBn4JRzw7TdcnT70uwbRy7+I5XPn0f0fu8IFFH4toJuxyTUREREQUT3yqHlOsfCSKBL6P3MBwtYcxq4vHTgMAHlqWwEe3Nsy6rwx8iMBHsrkdhpWcdV/NMGAkUgj9yk45nxg+ygVOu/avXUZu/7Pof/KvcfkT/wneudM4dOB4qYZINImGaNo1ERFRXNy5rhVv2NqJTILN9oiI5j9PkCpCB6DzhRQtcVJKCN+LXbOZW+UHhmCO/r1uaTbxkc0N+IsThWn31a3EvI5tpjNwhweQyDRNmg5dTrox4aGhyPVn/SsX4Z3vg3uhD96FPgTXr908nm7ANBO4cPYSNCFgmHzoodLjtGsiIirW7z+2EW/f04Njl/P46GcPwfZLu8b2o7u68e/fugHphIGvvXQVf/rNUyU9PhFRreErwBhSAKBFlRwaorxh8tfaNNuI6k8+72Dg1FncOH+l2kOZ1cCFK2i0bv4V3tVp4uyIhu9eXXwJ81gVoggDGPMMLhdKM26+Q2+mMtPu41+5CPfsKXgXzkZh48D1KfvougHDsKDrUZH92TMX0WBpMNkVhIiIiKpMA9DVlMC2lU3Y31faWTa2L1DwBJQChu2gpMcmIqpFDB/jSAHhrIs+znzZpGCSASbVMMdxIITA95/8ZrWHMif3lk7cQghsmD6zqwnCdca/Hut+7V+5CPfMyaiy8XwfwuHBSdfRNA2apkPXdWiaMR443iqbzaO9vbV8gyciIiIqkW0rGrG2M4OzN2wcvTy1CeC2FY3obU/jlfNZ9GdvNun70fEB/Oj4QCWHSkQUawwfY2gxtVIK6uYsyVkPxACT4svzPARBgP3few79Ma96HOMWHKQaoqBO13V8/UrtLtwaeg6C/isILp1Hvr8f7oU+iOzUigBdN6AbBgzdQLF//dlsgeEjERERxdqO3ib82zevx/aVTdAQvXI6cimH//LdMzh8MYd1XRl87K0bsGdNCzQAfijRn/PR1ZTA5569iNdv7cBt3Q2wfYG/f+4SPvX0+fGp3q9eyKK9wUJve/S88cXTw/jYPx4r+dRvIqI4YfgYQ9WOLBhgUjVJKeG6Lg79+GU8VQNVj2PGgkcAGPCBC84sO8dY/thBXPn8pyALeZhmAroeTcG+WdV48/NCZLNTqwaIiIiI4uTDD6/B9pVNGLEDvHI+i92rm7FjZRN+8w1r8FufO4z339+L3atb4PgCr5zP4rbuDHrbUnADibwbou+6g5VtKWQSBvasaR4/rgbg9lXNEFLBDyWSpo6dq5rw6O3d+NK+2njDnYhoIdjtOoaqHT6WgoKCVApCKYRSIZAKvlTwhIIrFByhYIcKhVAiH0jkAolsIDHiSwz70eesr5ANFHKBQj5UKITRdZzRY3giOmYggVBFHcKlqo/bbykLwxD9F67iB/9QO8GjvKUpSyGs3d/Cwae+CVnIQ9N0WFYSppVEIpFGIpGCaSZgGOaCg0cAECHf1SciIqL4emBTOzYta4CUCt862I9//4Vj+NbBfgipcFt3A955xzLsWtUMXQMOnBvB7z15BN94pR+BiF7/jNgh/q8vHcfVYW/a41/Levg3/3AUf/DVk8g6ISxDR0djZdb1JiKqFlY+xlCRzWXrmkIUYGIRFZhRJaU2XlU5bROf8W2swIwLpRS+8l//bso6inGWTCcnfb+20Zhhz4XRdB2QsqTHnI5/9RKCi+dhWSmYpgXTLP0TYcMo7W1DREREVEpNKRNJS4dUgBtEz78GCwFCqZC0dCxvTSFlRW/EDuTn30zG9gSePz2EO9e1wgsl0gk+NyKi+sfwMZaYPpaCQhRkTdow695TMcCsvPPHzmDkxlC1hzEvPWtWTNm2pkHHuUJpAkPNMCClQLmfmuZffn58mvXYZyIiIiK6ydD5DJ+IaL4YPsYQo8f4KEeAOTGUZIA5Da32fuJl63qnbHukR8d//sRXYHV0werogtnZDbN5/o1WZOADSkE3yn93XTh6EMDY+o7lCR8bm2q4DTgRERHVvZwbwgui9RjHKhzbGyyYugYvkBhxAoQieoO5o9ECADCPJCKaHcPHGOK06/pSzgBz7GugfgJMVYN/ABt2bJyyzT95BCPPfG/SNquzG1bXMlhdPbA6uucMJYNCDkpKpFo7yzLuiQqHDyAcvAGgfFOjW1qasH79qrIcm4iIiGi+Ohot/NkTW8e/D4TCP/z0Es4NONi9uhlv3tmF7uYk9q5phqFrOHPdxmd/chG7VzdjeWsKd61rxT/+1h3obk7AMjQEC1zamuElEdU7ho8xVHvRC5VbJQLMSUFmFQPMletXQSoFvQoVkFJKCCmgABi6DqOI6j8hBTbv2T5l+4njfTDNBJSSUEpBKYngRj+CG/3Ascn7Go1NsDp7bgaTXcuAMIBz7TKSK3qR2LKrRD/hzOwjr4x/Xa6qx917ts69ExEREVGZXR3x4I12m85MWHNxxAkxkPfxlz88h3/36Aas68rgke2dUADOXLfxlz88BwD44otX0NuexuqONNZ0ppF3Q0gFhELBC4tbdsf2QnihhGloWN2RLsePSUQUGwwfY4jhI5VD1QPMCZfNpqG5EYl0AqE7/wW8F0oqBT/wEcoQnW0tSCVM9A+NIPBDJK0EtFkG3rWiC6mGqU8Yz5+7DGPaqdJqNIxUkFJCKQlZyMPN5+CePTVpzyDw0P7I29FY5vBR5LLjU6513VhUN+vZbN22vizHJSIiIpqPTz19Hp96+vys+zzxiZdx57pWdDcl0J/zsb9vePyy504N4bk/fwn3b2yHF0rcsbYF77+/F14oMeKEAID3fuLlScf7j19/Df/x66+Nf3/0ch4f+dtDWN6SxMEL2RL+dERE8cPwMY6YPlJMVSrA7F69ApdPnitqTFJKKKiiqhRnur7tu7h3zxa84Z5daEynYZomXN/Dt5/ehxcOnkQmOfO70ctX9ky7/eqV6zNcQ4t+fm1qheFYhaRSMrr1NMC/WNztsBiFQy9DBT6A8jaa2bKF4SMRERHVjomB40SP7enByrYU9vWNQCmFu9e3wjI0DOT9Ga8znf6sh/6sV6rhEhHFFsPHGGL2SPWsmABz5ZbbZg0fAxEiFCGEvLmwjqbpSJoJmPNYrzAQIaBJ/KtfeBO2b1gzKcBMWhbe/aYH0N7ahO/9+BUkrcS0x2jvap+yLQxDDA/nix7HzZ9Bg6YZwGhfa13TEVwof/hoHxtrNKOVLXxcsaIbW7YyfCQiIqLa98j2LtyzoRUffODmWtY5N8TXXr5axVEREcUXw8cYYvhIS13PLE1J/DBAMmli76b12NC7DKtXdKEhncahU2fxrR/ug+N4c06VBqLgsakxhV94889g67rV0+5jmSbe+Lo9uHxtEMdOXZo22AxvOY8QArZtw3HcIn7S2QkRovHOBxZ9nNl4F8/COX0CwNiU6/Kstblj56ayHJeIiIio0j75g7M4erkDG3sa0Npg4bWrBXzv8HW8dHak2kMjIoolho8xVIPNfolKKtPUMONl63q78avveCPSqdSkpjSv27kVO29bi289/SKeO3AcKSs5bViolIIfBmhpzuDD730zetqnVi5OZOgG3vvoQ/h/P/MVFPIedH3yeoiBpiMXqNGGPAqObeMf//6bkHJxf8hChDA7u9Hx9vcs6jhzKbz60vjXul6+h4RdtzN8JCIiovpw9HIeRy/Pf5YLEdFSVZ6uArQozB5pyZvlj+ANr7sdDen0lG7YuqahKZPBux75GXzo3Y/ASuhwfBeBCCGVgpACfhjA9l2sWtGJj/7i2+YMHsdkkkm8++fuh24CQRg1wpFKwQ08rNqzFa7vIVQKrh/gRz98Ed/42g8W/KOPkVKgYefeRR9n1nM4NvKj4aOuG1OC1VJi5SMREREREdHSxMrHGGL4SEudEGLGy7J5Z9brWqaJ2zdtwNqVy/CdZ/bh0MlzyBVsWJaJno4W3H37Ztx7+zYkLWteY9q6bjV+91fejs997SlcvDYAANixcTW2pFMYcV0YugEhBL745DfmddyZSCWRWrexJMeaSf7V/RDZaFF0fR5rZc7Xtu0bsGxZZ9mOT0RERERERPHF8DGGOO2alrrlG9bMeNlPDxzHPbs2z3mMloYG/MLPPYC3P3wPHN9H0rJgmSYSljWlarJYyzo68Nu//BhOn7+CdCqJVcu6kBwcgteQhqPr+N43n0Z2AY1mpqOhPGsvTlQ4uD86l6bDKOOU651F/H8RERERERFRfWL4GEOKtY+0xGWaGxEKMe2ajf0DI7gxnEVna/OcxzF0Aw3pNBrS6dKNLZnCzo3rJm1rv3wV/akUfvLD50tyDqUUlJIw2zpKcrzpOK8dg3v2FIDyVj0CwKbtm+CIaF1MDYCmjX5G9MWt24mIiIiIiKh+MHyMIQ2cek1LWxD4aF3Rify1oSmXSaXgeF4VRjWZUmq8M7QuJDouXEL/6HTsxZIyRGrdxrKGj4VX949/bejlCx+bmhuxcdtt8MR092pTt0UhpDZtIKlNE1QywCQiIiIiIoo3NpwholiRQsB1HKx98H4IOXXtxyAM0NnWUoWRTabdMnXbcj387pvvL8mxhRRouqs0x5pOMHgd+dHwUTdMaFr5Hgq27tiIRDJR9P4KUcAslEKoFAKp4I9+eELBFQqOULBDhUKokA8l8oFELpDIBhIjfvSRDRRygUI+iPazRz+c0WN4IjpmIBUCCYQKEAqQim/+EBERERERlRIrH2OJtY+0NAkh4NgFXHWBn6zYDaPlx2gYGRrvwhyEAfZuX4d0ovgwqxykUtOuG/nI7Zvw6rkrGEhm8KHf/gC+9oVv4l++9dS8jh2KAK2vfwsad99dquFOUTj4ElQQde0uZ9UjAGzdWfn1HhWiytRJG+a8xmTTVWACt1ZdTqy01GbYTkREREREtLQxfIwhTWPTGVp6lFJw7AKGfOAzFzS4VhrGY++D9vefQCIMIKVE2NGBNzxQvlCu2HHO1rDmAx96L0Za2wEAP//et+FG/w0c2Hew6ONLIcre5XpsyrWm69DLHT7uKO/PUi6VDjCj7QwwiYiIiIio/jB8JCohDYCpazDqIDEQCghkZVJwpRTsQgFOqPC/LmlwR2dbi+Wr4PzyRyG+9xWo7l44b34Hvggbv6MuVS2UUVAzdqIebO8aDx7H/Kvf+VX81z/9n3jt2Kk5jy1EiNTGrUit31SSsU6n8Op++NcuA0BZO1wDQO/qFVi7flVZzxFn5Qgwp1vfctYAc8JlRERERERE1cDwMYb4OrE2mZqGjKlBr6P/wEAChbC8AaRSCrZdgB1IfOaChqvu5MvF8lVwPvCvAUR/G6+gEX+LZfigulrWcU0nCENY5sx3m94MXbV/7//4LXzuL5/EC8/un/ZyYDSkymTQ8fb3LHqcs8m/+hKAKNAqe9XjztqseoyTuASYY9chIppobP1jTdOQMDX4ZX7OQERE1ZcwtUn3/0TFYPhIVAIagAZrpnq42mXpGhpNDflQlu0cvudBCoGvXp0aPM7kx1oLOhHg7ao03aWL4fo+UrOsNRmaFtxUZsbL3//hX4JtOzh04Mj01w99tNz1BlgdXYse60y8i+dgH42mgBuGVfYnC9t2VH69R5qqkgHmze3ajJcRUX3RtOhF6J7eDF44W6j2cIiIqMz29GbG7/uJisXwkagELL3+gscxpg7omgZZhoVIlVIIwwD/64LC8cL8bsGvap1IQOHn1GDJx3Urx/OQnKPJzUhrO6Q+e9fo+x++d8bwsRKy2QgOWQAAIABJREFULzwDADAME4ZR3rv/js427LlrZ1nPQZVT6gATmL5xz+TLtNGlLBY1dCIqE03ToJQaraTX8b47O3Dggg1fsPqRiKheJQwN77uzA7quT6p+VGxaQXPgU/oYqtcQq57V01Tr6ZTjjkIKAbtQwD+eLqAwmMUe9zp6wvlVTHxB68KfaauQLeP7KLbrIplIzNpkxkumpqz1OJ2de7bjztftmbJdKQmlFKzu5Ysa62yc0yeQf+mn0DQNhmGV7Txj7r5/L1LpZNnPQ7VDIeoUL0Y/QqkQSAVfKnhCwRUKzuiHHUafGTwSxdPEapex8HHriib8yduX447eJBL1sPg1ERGNSxga7uhN4k/evhxbVzRNCh8BTr+mubHyMY40FFFVQnFSob4sVVPqSddSCNh2AQhDPGz3Y5tmR7/3EhgqCHxfa8Oz6WXwtLnvoo5qGfyf2jp8UF3FHSpXsjH6QQDH89DU0DBr8BhYCVzvWQFV5APuBz/6fnQv78a3v/rP49vC0EfHY+9Fw869ix73TLI//REAwDDLP90aAO6+r3w/Cy0N6fIuSUpEizRW9Ri9qWXAsixs723B73cmEQQBwjCEEILVMET0/7N35/Fx1ve96D+/Z5td+2LJm2TZlvHGEpvNkGBSCgkJJC/CaTlJTm+atkm6HHKaU3L7um3uyXLuuWlOF3JvSNM2NyctaZLSFgIkQAgYs5hgHNt4wRbGljftki1p9plnuX+MZjySZkazb/q8Xy+hmWee5SfLHvF89P39vlTD4u/xiqJAVVXY7XaoqgpZlhM/A+I/D4gyYfhYhfjPtvbEukLX53fOsFDUKdemYcDv90MYOppPn0e7MX+hx2ZVxv2YxW7fJB5VV2PA3rrkOQOQ8C3RjR4RwvusadxoeWHLMzI1TBPeQACqLKPR7c68r6xgtHs1IlpuFX53f/QuGLqB5576BQxTh9LWCc8Nt+Y13mz4jx9C4O23YtOtS9zhGgA2bdmAq7ay2QzlTxYCar2XlBPVgeTwUZlryCZJEqLRKEzThGnGfhYzgCQiqj3xQFGSJEiSBFVVoaoqFEVZFD4SLYXhI1ERWABChgV7nU0zMi0gUMTOlbGKxwCUYBANF0eghNJ3mGmzafi98Dn8HZBVAAkAZ2HHWbECe51deLA9BNfUJGR/AMJMH0RakoSox42g3QZ9bAxaKISGJaodAcCUJFxc0wtdyW8K8z33341QKIwXnn0R9r7SNmaZfX1v2aZbA8ANu1j1SIVx1Nl7KVE9WljtoqoqJEmCLMvQNA2GYQBg8EhEVMvi7/GyLCfe41n1SPlg+FiF+E+3NoUMCxETUMVcAxqxsHlCbbCAubXYgPN+A6ucMpSkHyiGBVh5rAtgzK3xqASDaD5zHmLupiQTp82O3/QP4v+2NWY1BRsAtjYreGCdA5bsgW9FrHO0HAhCCochRSIQugFTU2HabTBtNoQFEAwEAQgYDa3oungOUjCY8RqWEDjXu3HJBjOZhEMhbPvAHRjt7IG37+q8z7MU74F9CJ15B4qqleV/DOwOG65n+EgFUCTBtR6JasTCG8/4zallWYkPIiKqbfGgceFH/DWibDB8JCoi07IQtoDwgkUg3YpUMzfTArHwVJWATY2p3yL8enyqeXYsy0I4FMwpeIzrcDpwm/ccnmvoW3LfnW0qHljnWLTdcDpgOBdvNw0DIb8PpinBMGPfoKmOFVh5bjDtNaKqhvM967Mef2oWgsEATgW0kgaPlqFj9vU9ZZtuDQA33boTrW3NZbkW1SdWPRLVlngAGQ8dgcXVjgwhiYhqz8JgcWF3awaPlAuGj0QlVkvBY7ZcikDIiFV7ZiMUDMKMRNB8YSSn4BEAJCFwg34Zzy2x30fW2PHeFVpO57YsC4ZxJXgEgJDmwExTCxqnLy3af6apBZPtK3K6RirhUBjjIQPnjdzGm6vZ119CdHQEqlq+rtPve/9NZbsW1R9NEmD2SFR7ktf8Sq6ISd5GRES1Kfk9PF7Vzvd1ylWdRSL1gf+O64dWx9MH7bLIaip5JBKBEQ6h+cz5jGs8ZtKoSlgbmUn7+gPrHDkHjwBgWZgXPMZdbm2HKc9vtTu+YmVRgkcACEfCOG/YMGOWrp2v4fNi5pUXICtK2f7nYMeN12ATG81QAept3Vyi5SQ5dCQiovrE93rKFysfiUpIrdPgMU4SAkaGqVSmaSIcDMIzPAYlmF/wCACKJKNd9+Oc1jhvu10W+IOrnFjpzC/Ei0SjKbcbkgy/yw3P7AyiqobJji4EnK68rrFQNBpFMBzGeb2hKOdLZ/b1l4CAH7JS2urKZO/7tZvLdi2qPzZZgA2uieoLb1CJiIgIYPhYlfi/afUjh2UR61IkHIbN64XjcvqqxWwoioIheX5Y12yT8NsbHHkHjwBg6AbS/YvzNzRC1nVMtXUiYrPnfY2FwuEQTkc0jBil6zwdnRzDzMvPQy1Td2sA2LRlA3bedE3Zrkf1RUCw6pGIiIiIqE4xfCQqId0CyrfaXnmZVqzBTjqGriMaDKL9wkjB15qWNIwo7sTzbqeMP7jKWVBjCtM0YRgW0oWPIbsDoRUrYcjFe5s0TQORcBjndGfRzpnK7OsvQZHkslacvO/XuNYj5c8m8xdvRERERET1qs4nhdYmTjurH1HTQqQOyx8tAEHDQqavLBqNomFkLOcGM6l812iBay5o3NqsFBw8ArGqTCtD3GEIuajBIwCEQmFcDAuc10s3FTp84Sz8+1+DJJVuPcmFVFXFe24oXdduqm+yYNUjEREREVE9Y+VjFZKEADLGOlRLTnsNNKoC7Xa55teAtCwgYlqImMi41iMAmP4A7AVOtwaAk4aCY/4o1rcIbHYqeGCdo+BzWpaFSESHmaLZTClFwiEM6jboJazxmt23B3IZp1sDwFXbNqCh0VPWa1L90Gr8fZGIiIiIiDJj+FiFylevRMXiUiTIInXValON3VnrJhBKqmq0EAsdgcyVjskMXYdjcqoo42m/bjM+7TUwEYrig+vcSx+QhUgkAsMsyqmyFg6HcCms47xRnK8hleCptxF++0hZqx4BsOqR8qYIARurHomIiIiI6hrDxyokRGztK9Y+1oZaCxeXokiAWxKYjuSfzpmmCcest+Cx6N0r4PQ4sbOIRXWWZSEcCsM0yxvQhUNhDOo2zJbwut5XXyx78AgAm7dtLPs1qT7Y+Ns2IiIiIqK6V1+pSR2RytgogvLnUur3++RS8n97EP4A5Ei0oOtbsgx9zaqCzpFKNBKBaZb3+6brUYTnplyXiv/IrxA9N1iy82fSvWpFRa5LtU2VBFQuckxEREREVPdY+VilJAEYLH2sekodh8SFzISUitBkRl+7CpaS+1uUaZqwTBO6oQMALNOEaZoABHQ9ts20yl31GMKZqIYxo3RrMfpefaGs3a3j2jtbIcssX6PcCIBNZoiIiIiIlgmGj1VKFkBhdWNUFnV871zIl6b6/AVd23Q5oXd3ZdzH0HVYsGAYJkzDgGnGPs8buIV5z2XDBHQT0SJ3sc7ENE2EwmEM6s6SXcO3/1UYE+MlO38mHZ1tFbku1Ta7LAr6BQcREREREdUOho9VijPRaoNhAfU687qg2kVPYU1VZjrbEZ2ZSWSH2XyWDRNaOAzZMKCGw5AME2ooDAFADYcgzXWYubi6t6xdncLhEEYjwFldK8n5rUgY3pd/UZJzZ6OxuaFi16bapEpsMkNEREREtJwwfKxSElvO1ISgbsGj1udNdEjP/++fZc9ubUMhxKKgPex0QpIEbMFgxmMlw4AaCsMeCMLmD2R1PZ+7AWG7I6t9iyUcCuFcWIFRojJZ7769sPy+kpw7G41NDB8pe5xuTURERES0/DB8rFJ1vJRgXTEsC74o4FQWh2i1yrCAgG7BsPIPH02XC6ZNgxSOzNsuRKyZUvwjFSUUguvshbyvnYm3oSmn/YOBAAzDgKzIUFUVipL7mo0tDiceGBrADl3FKcmBAa0ZI2px2ncbs9Pwvfx8Uc6Vr+aWxopen2oLp1sTERERES0/DB+rlCTA2scaoVsWvFELkhA1vwSkBcC0rIL/3lmWhXBLMxwjYwAAWQhIUvrAsRxMSUbQmdu6iw6nE4GAH97ZGQCAJMmwOxxwOl2QpKW7gct6FF1n3wVkCdfJBq6FD+HwJZwM2nBMbsCArRmTSv5rQXpf3QMUEBIXQ2NTcYJUqn+cbk1EREREtDwxfKxSArEKsUKqz6h8LIDfqyShUBBWgwfu0XHIklQVlbwhhxOWWDowXCgWNMqYnZmGaRoI+H0Ih0JobWvPeJxkGmi9eG5eOCgA2DUN18DCdmsaocAYDlkO7Ld14B17a07jEpcmEHjztZy/nmJrbm2u9BCoBnC6NRERERHR8pX7nTiVTb1M46XlR0R1tI6OQZGrI3gEgKAj/wpDu92O1rZ22Gx2ALG1KpfScvE8tAzrVkpCwGm3Y5fDwmci5/CJmRPYGJrKekz/myuIvhW5BZalsKKro9JDoBrA6dZERERERMsXw8cqxvCRalXz+GTWTWDKJeAsrAO3LMtobGpGe8cKtLS2Zdy3ZegC7Dk0gXHa7bjZbuJ3w4O4e/Y0PEYk4/4brQBuVYP4+ic/VNEAUlFkdKzI/GdBxOnWRERERETLG8PHKsZvDtWqbCoDy0lXVERs2XXgXspSX1vj+Aics9N5ndftcOIuNYDPeE9gS3Ai7b4fQaxC0m3XKhpAdq3srMh1qbYweCQiIiIiWt6Yb1WxKstviLIWXLsGekP1NCKJaMUJHpfivjwFz9RkQedQZBl9ThUfD5zBewIji17fYXmxybpSVeq2a/jS/XfAbdcKum4+uletKPs1qbbYZQGFP8uIiIiIiJY1NpypYrHOwGxiQrXHUmT4Nm+CNjEJ29AI5FAou+NkGaFVK2G4Mq/PKIXDcx8RyP4A5EDmKd6mLGc99nzZfV40jQ4X7XzNHg/u856HbNewX7pS2XivtXhdyM4mD770H34dD/3j00W7fja6VzN8pPQUSbDJDBERERERMXysZixLpVoXaW9DpL0NztffhGxZECIeql9hyTL0Bg+iLc2INjfDUrIJCudXVcr+ALSJSaiXL0MKL14v0ZBKGz7K0ShaRi4W/bwetxvXNZgYnZjCeUcrbremsRLhlPtuX9uF7Wu7cOTc4mrJUlm1urts16Law+CRiIiIiIgAho9VTRJAoxaLIK25Ash4HaQ19x8L1pVtafdJvW3evpbFGksqmWhrM6zx+dORo+vWQu/uKsr5DZcTQdcaBHvWQOjGokpIX1gvynXSaR65CEkv/jVCre1o8nnxYT2Eb6EV91qZp3TfcfXGsoaPrHykdDjdmoiIiIiI4hg+Vrn4vVvK9R9F8h7FudLSgWXqsDNtAJp2H4ady4nR2QElKXw0WpuLFjwuZCnyovUmjRk/UKL8sWFiLKfO1rmQBbDRjCKsmbjXmoQHRsb9b+rvAbC3JGNJhWs+Uioqp1sTEREREVESho80TzzPXHTbKBY9KMaVYqEkqzrrntnYALOxAdLMLEyXE9ENfWW9vpBKs36qLeBHw+R40c8LAJaioGnmcuw6qppyrceF3HatbFOve9aths1W/iY3VN0kIeBg8EhEREREREkYPlJFCZS5qhMpqjHTVHUuDjHTP2dV59IiV22ENDMLo7Wl/Bcv0TekZehCaU4MQLPMvFreb+/pLkv4uOXqTSW/BtUehywgMXskIiIiIqIkDB9p2Ug7hZ1VnWVhKUplgscSaZgYg6xHS3JuIcSixjzVZsv2/koPgaqMQxZQ2SmNiIiIiIgWYPhIVCK1XtWZep/aCTvnEcWddq2GgiWbbg0AcpUHjwCwvn9dpYdAVUSTBGycbk1ERERERCkwfCSqA5Wo6kxfnVl9VZ2yJAEwi3Q2oHFirGjnSkUuYN7q2LS3iCNJbcOmXjQ0ukt+HaoNihBwsLU1ERERERGlwfCRiHKWuTFR6as648+zreqMygLBIoxIMg20jI3C7itdwFdI8OgPR/D6wNkijia1TVs2lPwaVBsEAIciivavnoiI8mAG4J01YGvwQOPyF0REVIUYPhJRVStGVaehCMwWMAbJNNAyNQHP7Az0SKSkU89lkd9dgz8cwUP/+DR8oUiRR7TYBk65pjlORYCzrYkobvjlw/jJ0MKtDtz7QD+6KzGglKZx9KmzeNUXfy6w8qpu3HNNeyUHVZjRQXzp7y9j40dvwee2TuPsgSG8dtSPZy8B2ze14rfv7kMrQ0kiIqogho9EVPdEAWsoSqaB7ovnYAuHYJilXfNSEiLnBtdnxqbw+BvH8Pxb75RmUCms7+8t27WoetllAZWtrYkoydQ5H753Fui3X0m6uld4YCvrKKax59vH8EX3Suz/ZKqfV1EMnvHhe7odn+pWAD2Mx54awKNHfXj0k73QyjrW4oroAM5fxF88H0DvOg03axHsOTiCN30SHn2gtr82IiKqbQwfa4BpXVmtLm3/klTbUrzA20Si7CUHjwBgmMVbNzKVbKdcHz03gn0DZ7Fv4FxZ1nhMdtv7b0JnR0tddGCn/KmSgJ0lj0SUSkMz/ubBLWit2ACi8GYzCaCjFZ97IBZOfuKF/Xj/qxPYM96LOztKO7qS69mKR/6P+BMdO7//S/z++VkMA+ip4LCIiGh5Y/hYAyQBBHQLulmaW/rFt4+pq6/S3WaKFE9yCkkXvJjtsSnXHFy0r8hpjBmvL5bej+pLx9hwIng0SxyqSUJASlP2eGZsCkfOjeDI2REcOTdclqnV6dx11y64MjYXufJaIY2J6r4Dew2ThYCTDWaIKEeRd47hq49N4zkdgCThnlv68Ge7OwFM4blvD+DVjWvxiekL+P1jOu65+0Y8uGkMj31/EN+YBCAp+Ph6DQeGNXz1C1vRY07htR+cwpfO6PAC8DR58Minr0a/ewJPPjyAr00DmB7C9V8ewsc/fAsevC7z2DzNGgAfTl4Edpw5jL95PYB9s2bs3G3N+O6nt6DHDuDiAL72wwk8GYgd19Pdjm//bj9aU27vxpG/fwsPN63FE/evBsxBPPzfh/CDhmY88+AWtM5VaH67Yy3+5b4uTO07hode8OGoGft6H/zoFnx8qwcYP4E//64Xt9zXiclnLuDhaSce+fPrsGP4yjVb3RJsSBEumlMYngbQYK9gGExERMTwsWYoAtBLdO7FN+5W4sa/CCersPIOKGWQm/qFpYPTEgW5KbfnEOQu2p7jOBPbqzzMtYVDcCU1ljFKFP4DseBRlWNT1CI2O8I2O06PTOL7P/oJ3jo7DE2zl+zaubjhxqtxzTWbst6/ZhoTLXiesqpzQWC6nLHBDBFlFAnjwP7Tc2GXgu7ta9GtXcAPHp/GwJouvPDxtcCBI/jkM4N4rLcT9/e0or8b+PNXBzHQ3YSvfMCD3q3AwE/O4Rs+Nx55cDO2+wbx8D9NYKC7ET0AvHsH8cWzEh76retxT/cUHvv2aXz6sdN48VNrcden1iL83XP4RlMnXvhoO2zOpYfsvRwBoGHTKsAz6cDOXe34/EYXtMmL+NIPLuPhV6bw13fI2PPUBJ5sascLX+iHJzCGgYtKLERMud2D3g4Jw2diVYfdZ/04YJfQPx3EyRCwS5vCkXFg184uYPI0/uYFHxqu68P+u1sx/NRBfOTxU+hffx12dDRguzKFP//hEO65rhOPrG3AdlzA934wgSMdnXjio+3AkXfx+3tC87+o0dP43o9H8O1ZDX/2qT54iv19JiIiygHDxxohC4EqTPZogZRBbuoX8jlZhVU+yAVSNJ5Jue/8bUEj97G7FnS0NvNO5DMLexrga21DVNGgq2pi+8v7DuPw4MWC1qsstg/e/d5KDyGtYjQmyv4qS1V1xh6krOBMtS3pebVXdToVARY9ElFGoQAe3RsPwjT8ds9adI9O4bshBQ/t7oNHAnB9O+594RyefGsI9/eshEeTANjx0Ke3YocEAIP49jsmdlzXhR1NGtDUgn7nBCBJAKaw71gIkTVduKdHA9CFu7YP4RsvX8aboT7sarDDJgFQFHiamtKPc3wK3/7hDKBHsO9sBD3rVmJ3B6B19OMeMwDvbARoa8TNDdPYp5sA5Nhxl7zYc3IKd23qRP8mAJhOsx3o6XVCOxzEwDTgORfCQEcD/uTSLIaHASCIA7Djt9crmHpzBs+ZTjzygS4AQPetzbjz4AT2HAxgx80abBqAjk782Yf7Yic+chjfDUl48H0b0N0EYL0DvcnhY+Q0vvGdERzpbsY//VY/+pt4y0dERJXFn0Q1QpFi1VGlCkCIqk2qIBdAXlW5+VQtzjY0oXF6CpJp5l8JvITpFd3wNaeeCDV8caQ0F83T5m0bseU92+HTY38YOS9bkOLFrKt601xsySUWkjYUuzI3c1VnprPnYn7YmT7ITD2FPe22PNfqtMkCGhvMENFSUq35eBGIAECiD40drU5gYDZ5GREpFhrOiZiATUrVotlE2MRcEBnjaVQAhDB1Cci5rbZiw/0f7k10u44cewuff9yLAUVCtwJMhoBYltiE3fd14XM/HsFfPHYCX0tMjU633QNsdOFejOHkeaBtNIRd3WvRi2n85Nw0btcDGGhwob8JgG7O//qbNLQBODvjT/rjSfqz0IEIJNjSTYzQJGhQcP/dW2LnJyIiqjCGjzVCAJBFrPkMEZWerqq4sKYPLr8XWjAA2/Tlop5/Yu06hJ2utK8PXxgGEAuFqoHDaYeePF+56pRvYOVaJzfd9lzWyk0ZpKa6l8eVqdTxeNmyYofG/2SVlMcREWVBQazTcqJvWwThCNDfkLn/cjhlo7e5kC7ptUhIB6CgtSWHMSU1nLliCnv2eDG8fjVeeGAtgNgaknsSx/ThU3/Uh09duoAnf3wBX0tMjU6z3d6E/qYxPHvhNFaOSth+dTt6MYg9o5dxbySC7lVd6AYwpUi4EqoCCOmIAOhudAHwI3dtuP9eBbYVeRxKRERUAryVqCGc6kZUXrqqYqapBT53Q9HOGWhsxlD/lozBo2maGLo4nHheDQGk0+mo9BCqhrXow4JpLf4w0nzoyR9m7COa5iOS4iMc/zCufITSfARTfAT01B/+uY/YcxNBw0TAMBExLShS7BdgRER52ejBvZKOn7wxFHt+bBKPBSTc3teZ5oBmbO8GDpwcxdHpALxvj2HPbPy1VmzrUYDzl/HatA6YU9jzVghoc2F7ciWgniq4zFJERwQ6vCdj152MRAAEcPbIhVgn7ZYu7FqvAKYJbyjddgBoR3+3hAPDl3FkVsPGdUDrShvaRqfw7Diwuy82zbp1gxPbEMCefdMAdEy9NoOfQMP2jWkWrFznwJ3QsedXI4AZwNlDfrwJAObcCvE+HwZHZjE8WaoV44mIiHLDyscaokgCyGPtOqLlrtB1E01ZLso4LnWvQqCxecn9RodHYRoF3DSVgMPF8HE5ine2ZvBIRAWx9+HBj/rw+ccHcf2xQQDAjq2r8fGt6W5FmrD7A63Y/b0pfPrhg9CcGnYmBYvdd/fi66On8cWHf4kIAM1px9cf2DDXVKUZ/askaMdGcP2Xx/DgAzfj4xuzHWgrdu9y47tPjeCWL4/A0+TBQ9s1fPXsNIYh4cjec/iLx88lppDfefMG7G6awZP/lGp77Iz9W1zoecyLJxua8dt2AOvc2OUbwWOmHV9fN/f192zCV997GF/ccwzXv4BYN/D39uHOtnR/PH343M0z+OS+07j+INDf3YTPdUfw7IUxYMdK4J0x/Jf9PuxSZvDXd7DPNRERVZ6wqqGkhrLmjcYqZ4goe5FIFF5vZOkd05AMA93vvJ338f6mZsx0rIApZ/f7noP7D+GRv/zbxHNNs0OknitbNh/9zQ/iNz75kYqOgcpLEgIuBo9EVWFsbAydnemqBGtIvJGL3Q2PPZufiRFEfIDmnsGTDw/g/+teiyfuX33lZd80vLoCT5O7uOMMeeGNyPA0zFUemjogKVdeCxmwOZugaQuOSbU9FxEfvAE9+3P4puGFEx63BkAHTGVuXpuOyGwIWkOR/1yIiGpE3fzcrCOsfKwxigQYRqVHQVRbilH5GPQ0wuGdyem4sNMFb2s7Qm5PTsfF13uMsywrbdOVcuG06+VFAAweiaj4JCc8TWmmEi8QOT+EyaZmdDdoiJwZw55pYNcNC6r43E3I7SdsluweeJKncEtK+teW2p4LzQ1PLsHlvK9fSVpQS2HwSEREVYXhY41RBBCu9CCIaoyiFD5t2tvWnnX4GHK54W9pRTDPtSKT13usFk5Ou15WXKrE4JGIKiiEgTcv4KG3BzE114Rl19bVePDG7IJLIiIiqi4MH2uMIgQErOptOEtUhQqtfASAiN2BqZVr0DxyEVLK7puAt6UNgcYmRO2FBXXDF0bmPa+G1TGcLt7wLRduVWKDMyKqMDu23Xcjnrmv0uMgIiKiYmD4WGOEiDWeiZqVDyOIaokQQKEZXrChEWGXG87ZaaihEIRlIappCLvciDiKE85ZloXhRZWPlf/37vak785N9cOtMHgkIiIiIqLiYvhYg1QJiFZXI1yiqidJAkYRusWbsgxfc+k6R44OjS6qdKyCwkeu+bgMuBUJSmX7GhERERERUR3ibUYNik29JqJcKDWSqqRe77Hy6SPXfKxvDB6JiIiIiKhUeKtRgyQBqBLjR6JcqGppCr11XS/q+RZ2ugaqZc1Hho/1yqUIBo9ERERERFQyvN2oUbxRJMqNqhbe8XqhYDAARVkeq1cwfKxPDkXwl1lERERERFRSjLBqlCoJSEXo4Eu0XEiSgFzEkMXv88FeYFfrbFW68vHzf/oZqKpa0TFQ8dllARuDRyIiIiIiKjGGjzVKAFB5z0iUE1UrTvXj7OwMHE4nRAl+ATA2Op5ia+XCx5vfuxM33vKeil2fSsMhC9hl/hAhIiIiIqLSY/hYwxRWrBDlpBjrPk5PX4bL5YYklebtc3xkcfhYycKYhpe+AAAgAElEQVTHG265rnIXp5JwKQI2Bo9ERERERFQmDB9rmCoBMqdeE2WtkHUfTdPEpalJuN0eyHLx148EgNf2vo7B02dTvFK59PHdgTMVn/ZNxeNRJa7xSEREREREZbU8OiXUMUUCDKPSoyCqDUIAQliwrNzCF13XcfnSFJqbW4reYMbn9eGN1/bj2KHjOHr4WNr9LMsqyTTvpbx18G187D+GYbPby35tKh5JCLgVAeaORERERERUbgwfa5wqCYQNViURZcMwDAAmgOwrF6ORCKanL6OpuQVKkZquRCIRaJoGAPj873yhKOcslfODQxg48S62X7u10kOhPMlCwMNFgomIiIiIqEI47brGKQJQOPWaKCt6NArLyv5tLxwOYXr6Epqamgvu9hwOhzA7M42Z6elE8AgAf/rVh7I6vpJTnw++caRi16bCqBKDRyIiIiIiqiyGj3VA5XeRKCuRiI5Yr/ilhYJBzExPo7GpBWpSWJgrn8+LifFR+LxeaJoNjU1N817v29iHb33/m1mcqXLh4+FfHZ+rGqVaokkCLoXBIxERERERVRZjqzqgyQISqx+JlmRkuURBIODH7OwMmppb5lUp5sNms6O5pQ2tbe2wOxyp97Hb8D+++bWCrlNKo8MT8M54Kz0MyoFdFnAyeCQiIiIioirA8LEOCAAav5NES7KyqHr0+33web1FCR4BQFXVrJrUtHe24/e/8Nm0r1e64/To8HhFr0/Zc8gCdpnBIxERERERVQdGVnVCZQtToixk/nfi83nh9/nQ3FKc4DFX111/LXbetKPs183G8PBYpYdASxCITbO2MXgkIiIiIqIqwvCxTsgitr4XEaWnqum7XHtnZxHw+9HS2gpVLX/wGPf+D+xO80plKx/HRyYren3KTBYCLlXwF1FERERERFR1GD7WEYaPRJnZbKk7Vs9MX0YwGEBrWzsUpbCu1oVa378eO258z6LtFZ51Dacr9XqVVHnxxjJc4pGIiIiIiKoRw8c6okicfk2UiWXO79hsmiampy/DAtDe0QFZTl8ZWU59G9el2FrZ9NHtdlX0+pRavLEM3/qJiIiIiKhaLd0FgWqKKgFRs9KjIKpOpnUlfDRNE7Mz01AUBW5PQwVHtVj/5o2VHsIiTrez0kOgJJIQcMj8hRMREREREVU/Vj7WGU0SkAVvRolSCYWiicd+vw92u6PqgkcAWNO7Bs2tzfO2VbrbtYvTrquGOjfNmsEjERERERHVAoaPdUjjd5VoET0ahWFcCfCcThfsjuoN1Kqp+nHnTddg27WbKz0MAmCTY8EjG1oTEREREVGtYExVhzRJQGL1I9E8kWgUyStNVMv6juls3n7VvOeVrHy852N3VezaFCMAOBUBB1NHIiIiIiKqMQwf65AQgI3fWaJ5dL3SI8jNxqsWVj5WJnxc0dWO9f29Fbk2xchCwKVK0DjNmoiIiIiIahAjqjplkwWUGq9+nI34Kj0Eooppa2/Fiu7OxPNKVT5OTU1jZnqmItemWCW7WxVQavvtnIiIiIiIljF2u65jmlx71V5D3hG8eOqvoOrHE9sU14fw6xv+Exo0dwVHRlR+m7ZswujwWOK5ZVkQefxSwbJMGGas07ckJAghZX2eaCSK1/a+gbs/cmfO16XCOGQBG6dZExERERFRjWPlYx3TpNrqhjrkHcFLJ/7zvOARAHT/0/jJkYcqNCqiyundsHC6c37Vj0JIUGQViqxCCAmmaSAcCSIaDcMwdJimmfHcb7x6MK/rUn4kIeBSJAaPRERERERUFxg+1jlbDYWPL737t5DhT/maap7FM6f+rcwjIqqsdet75j0vxtRrIQRkWYFNc0BRNQBANBpCOByErkdgzlVIJnvnxCDODV4o+Nq0NJsk4FYEVP50JiIiIiKiOsHbmzqnSLUTQMrRNzO+Pjn7eplGQlQdulZ2oW/DusTzYq/7KDAXRNqcsNmckCQ5ZfgIALPT3qJem+ZT5qodHYpAjbxlExERERERZYXh4zJgkwUEqvtudsg7svRO5kTpB0JUgOd++mrRz7n9um1XnpS46YwkyVAULeVrlWl3U/8EALscayrDakciIiIiIqpHvNVZBiQB2ORKjyKzlZ4uGHBm3EdSejK+TlSPNm/fnHhcqY7XACCzHK/oVEnArUqwc21HIiIiIiKqYwwflwmbLCDn0SW3nDTn7Rlf72q6qUwjoXqkKErJr+Gd9ePR7z1V1HP2ru/Bpi39AGJdqyvF6XZV7Nr1RhICTkXApQgwdyQiIiIionpX+rtxqgoCserHgF7pkaR389qP4pUTT6d8LSracXvvXWUeEdUTVZXx3NOv4ujR04tek2UJbrcTbo8Tbrdr7rMDzS2NWLm6M+trnBq4AF2PFnPYAICrtm7CyeMDRap8tGAYBmQ5t7d/lztzZTJlxyYJ2GSu60hERERERMsHw8dlRJMEDBkIG9W5ettKTxcMdWfKxjMed+aqSKKlKIqEtw4NYPDMcE7HudxOrFu/Cv1X9WLnDdugaqnfNo8dOYWZaT8MQ8eeX7yB3b92QzGGDQDYsGk9AMCCBcuyIAqqYo41mYlGw1AUFUJkVwDvcjF8LIQiYqEj13UkIiIiIqLlhuHjMmOXBQwT0Cu4dlwmO9d+AgffnR8+GnDi9r77KjQiqheRSBjhMOBwNKTdJ97p2bJMmKYB0zTh9wVw9PA7OHr4Hex94U3svHErrt2xGa1tTfOO3fP8G5AkGZIk48AvjxUcPvp9fhw9fAzHDh3H20dPXHnBsoAiLKGgqjZE9QgkIS1ZBdm/eT0rH/MUqzoXXNeRiIiIiIiWLYaPy4wAYFcE/FGrKrvXbmzZgIO224DwS4ltLc0PoEFzV3BUVOssy8LwhXFcvuTLuJ8kxTszyZBlNbHdNA0YRhST45fxsydfxs+efBn9V/WiZ91KAMCJ42dw8fw4bLZYQDc5PotXXvoVbr3tPVmPMRgM4/Sp8zh96jzeefsdDBw7nPprgVW03vWqokHXI9D1CBRFBdKc+cP33VmkKy4vqhQLHZk7EhERERHRcsbwcRlSRKwCMlil069vXfdJvHIiFj5GRTs+sGF+1eM7l07h4MUnENXHIQkXNnfdi2tXXFuJoVKN8Pt8eP7ZX+V9fLyiUVXtMAwdhhHBwIlBDJwYTLyuaY7E/rKi4Yl/+QU2b+1bVCGZLOAP4sTxMzj59hmcOH4GAX8QABAOXMp7rLlSFA26HkU0GoGq2ha9vvGqddhx49VlG089UCUBTYp9JiIiIiIiWu4YPi5TNlnAsICIWX0B5EpPF+ye30DI+2P0rfjdea+9OPgsxie+CQCI16UNnN+PgfHd+M3tf1LmkVItsCwLhw4M4OCBd4tyPllWIMsKLMtMNIC5UjEZI4SAotrww3/8Kf7wjz++6By/2n98UeAoSTJUxQYhBGaDMxm/nmJTFBWGkbpRzjsnzhT9evUqtq4jQ0ciIiIiIqJkDB+XMbssoFuAWYXrP97edx8ef+sUxt+YBFbHth0aPZQIHhcJ7cEzp9YtqpIk0nUdP3tycROjQgkhZVx6UVE0nD0zjOd++iruvPsWAMDhX53ASy/sx/mzIwBiQaaq2iHLSqLxi392rOhjzUbyNPOFwqEwbPbFVZEUowgBTY419SIiIiIiIqL5GD4uY5IAHDLg1ys9ksV+8fjP8cqTowCexnt3vxctrS14e+QJyBmOmZx+EgDDR5pvbHQKly9nXuuxVFTVjp//9DW8e+o8pi/NYmpyOjF9W5bVRV2rLdOA3zexxFnL/8uCYCDI8DEFea7SkaEjERERERFRelKlB0CVFW+IUG02b92ceLz/9f2xB9HjGY9RraVCG1qOhi5U7u+FJMlQNQdOv3Mely95YbO5YLO5oCjaouARAHyzY7DmOm6XgmHk95uGSKQKf0NRQbIQcMgCHlUweCQiIiIiIloCKx8J9rn1H6MVXP9xyDuCczNn4FTdaHd2oH9zPxoaGzA7M4s39r2Bbe+7GjICFRsf1a4L58cren1ZVmC3uxPTqtMxjAgCS1Y9FkaSJJimsWiNyqWEw+ESjai2SELAJgGaLIrWcZyIiIiIiKjeMXwkAIBTEfBHAb3M6z/ORnz42clvA6E9iW0nATgafhM33HwDnn/meVw4dwFnRpduFmKoO0s4UqpV1RASLRU8AsDspQvZnq2gcUSjIaiahFzis1Aokvc16wFDRyIiIiIiovxx2jUBiMUZTkVAytRBowSeOv6NecFjXHD2R9A3jySeDw4PZDyPASd2rv1E0cdHtc2yLFzMctp1vlOSiyHgm0QkXJ51KWVZgaGn7mydjh7Nbf96IYvYshQeRcDG4JGIiIiIiCgvDB8pQRKASynfDfah0UOQo+m7EMv6z9HZ3wUA8IbTdwCOSj3Yuf5/YGPLhqKPkWpbJBzG6PDlrPYt5VqLS13XNzua9f6F/n5AlmMF72YOX6+iLK8ieVUScCqxNR3tsij4z5yIiIiIiGg5W153lLQkWQAuRYJPN0t+rXOXjyy5z5rdFsYGgGAwCDQtfl12fggf3Pif0KC5SzBCqnWDZ4az7nRtVaCLNJBPk5nCkzBF0XIMH3NbI7IWSUJAlWKdq6uwBxcREREREVHNYvhIiyhSrALSr1euAU2c23YSQBNMc34YGpU344bez7DakTI6evh01vsu/DtWLsHApYpcN5emM3IdVz4qkoAmxaodmTkSEREREREVX/3eUVJBYtMOgUAJA8gGeydC3sz7yAhgxa5+NLVNAwCioh1bV38e1664tmTjovoQjUbw9rHzWe+vKGoJR5NaJOyr2HTvXNRb5aOAgCbH3ucUJo5EREREREQlxTUfKS1NEnCUcP7hjpW3ICr1LLnfyi1BhEJOTI3fgU/u/D6DR8rK7IwPI8PZVxVKkgLLKm/1o2Hk3kVaVGABwnpZ81ERsfe0BjX2mcEjERERERFR6TF8pIxscukCyAbNjRvW/RdERXvm/RznceR/Xcb0/kBJxkH16Z2TF3LaXwgByyrvUgNmjl2nYyoRPtZu5aOAgCYJuBUJbnWuazVDRyIiIiIiorJh+EhLsskCbrU0f1U2tmzAvVd/Cx3t/zltCBmbet2JS1OVWRuPatPQxclKD2FJkXB2zXCSVaTyUa2tysd44OhUBBq02GeFP+2IiIiIiIgqorbuKKliFAE0qBK8UavoXYEbNDdu770L6L0L71w6hbeGn0codAyqeTaxT8taAyf2zcI0TEgyUwRa2plTwzntb1kWTNPIqRFLISzTyCt8rIRaqHwUiHWrVtg8hoiIiIiIqKowfKSsSQJo0AQCOhA1SzM9dWPLhkQH6yHvCAYm38LZ0Tdgd16GZVm4dOkS2trbSnJtqh/RaASdXc04c3o062MsywTKOO06FJrJ+ZhKVD0C1dvtmoEjERERERFR9avOO0qqWgKASxEIGkDYKG1Qs9LThZWeLhyc7MAj//AIACASzr1BBy0vlmXh/OAwDv3qdE7HmYZeohGlFvDmMy28MvFaNVU+MnAkIiIiIiKqLQwfKS8OOXbTHypxAAnM77SrqmrJr0e1LRgI4F9//ApCwdyDasM0yvammF+n6xIMZAmSJEGWKxs+MnAkIiIiIiKqXQwfKW92WUASQEAvbQAZ8F/pcq1o/CtLme17+QgGc5huXSkudzt8s7mOs/yxm82ulf2akhBQBCALQBYCslSpmk8iIiIiIiIqFJMcKogmCUiqQNiwSrYOZCBwJXxk5SMt5eCBdws4unxrPtqdzTmHj5VY89Fmt5X8GnI8bJTmwkYmjURERERERHWD4SMVTBGAogiEjdg07GLHN8nho6aVvwqLaouQ8u+GbppGEUeSmazk83e5/Kmc3Vb8f3OKEFCkK6FjhfroEBERERERURkwfKSisckCihSrgowUsQpyYnwi8Tg5fHxx8FlcCpxBODKOrqabcHvvnUW7JtWuq69dj9Onhis9jJKoREhncxRW+SjNVTLGKhtjYSMREREREREtHwwfqahkATgVAcUEQgZgWoWHkOcGzwEAWlpbAACzER9+cuQhqObZ2DUBjE/sxz9N/jNu6PszbGzZUPA1qXat7e0q6HjTNCBJ1dPdeb4KVD467FntJ3BlyrSUNH2aWSMREREREdHylv/8RKIMNEnArQjYpMKiB8MwMHRhCADQt6FvUfCYTLUm8MaZv8ZsxFfQNam29V+1ptJDyIoeDVZ6CFmxp2g4IwsBTRJwyAIuRUKDKqFRk+BWBRxz/+4VBo9EREREREQEho9UQpIAHIqASxGQk+aLDnlHMOQdyeoc5wbPwZqrnly3YR1+duKRlMFjnGqexbGxw4UNnGpeV3dLpYewJEOP5HxMJRrOOOw22GUBpyLgUSU0aRI8auy5TRZQpdi/dSIiIiIiIqJUOO2aSk6VYgHFzwdfwcDw30O1Yms4RkU7VrY9gNt770p7bHzKNQDMrBgBwi8teb1x32kAtxQ8bqpdq9a0Y2T4Ul7HmoZelmnX4dBsya9RDG6nHXa2nyYiIiIiIqI8sfKRyuLpU8/gzND/lQgegdg06fGJb+KZU/+W9rgjh44AAJo2tUCP/Kjk46T60NraWOkhZBQJ+xD05xeOlluqaddERERERERE2WL4SCU3HfLh3Ng/pH195vJ38eLgs4u3T8/g2JFjAIAtd0xnfb21zdtzHyTVlf7Na/M+1kLxOrUvZBgRXJ44jcsTp/M8Q/krEJ1OR9mvSURERERERPWD4SOV3KsXXoEMf8Z9xie+iVOX35237bWXX4NlWdj4sQ44pItZXSsqb8a1K67Ne6xUHwrpeG2aZhFHckVXtxOTIycQCeffEKkCSz7C4cyu2zURERERERFRKgwfqeSmQ2NZ7ffGu19FxPBDnetesfeFvWjc2Iw1K7NrIGOoO3Hvtv+W9zipfjidtqqZLrxx02r89//5e7jxxv4inK0CDWccDB+JiIiIiIgof2w4QyW3vvVqHJ5Zer1GxZrAvx39Bj53/Vfw9ol3MTU5Bafmhs93F9q60q/h12DvRH/b1Vjpyb/ajepP96pWnHk3u67qySyrOJWPdruGD33kZvzaXTtj41lTm38/7XZbpYdARERERERENYzhI5Xcjd3X4sBgO5SkZjPpiMh+vHD2FQy8FJuCHRj24T9e/Zto6+yEbgK6BZhW6dbko/qxoX9VTuGjkGKF4MUKHyGAvvWdiacrujoz7JzlKSsw79rhYPhIRERERERE+eO0ayqLHb1/DAPOrPY9efFv8ObR2FTr9et70d21Apok4FQEPKqASxGwSQJSJRbAo5qxtmdFTvsLUdy3w1Awgsd++BJEOIgGVcL6Ve1FPX+5uFzZ/bslIiIiIiIiSoXhI5XFjd3X4kPbvgXJvhtRqSfjvjL8aLo6Fnjcdtuuea8JAKok4FAEGlQBtyLBLguoDCNpgcKazhhFGcOZ02N49pn9gGVCCIGm5oainLecVq/OLcQlIiIiIiIiSsZp11Q2axu78Hs7vrjkfl/6P7+OC28PQJZlvPfWmzLuq0iAktSEw7AEdMuCYQKGBRicor1stbY1ornZjcuXs+suXaopzc8+dxi3774a7e0taG1twvTl2bzOU4kp123tzehc0Vb26xIREREREVH9YOUjVZWJiSm8/fYAAODGG94Dp9OR0/GyAGxJU7QbVQmuuepIRYgK9AqmStrQvyrrfZOnXVsFh9YWdD0CAAgGI3jm2V8BAFpamwo8b3lt3bqh0kMgIiIiIiKiGsfwkarKmwcOJR7ftntXhj2zIwSgSoBdFnCrAo2aBI8qwakI2GUBTYqHkowla50kYt9LTRKwyQIOWeDGGzbldg5JBgBYBU67jkRC8wLMgXeGAABtrc0FnLX8f0evvrq/7NckIiIiIiKi+sJp11RVTp06AwCQZRnbt20uyTVkAcgpprBaEDDnpmqbFhIfhgVY4PTtSpAgIEQsdhMi9tuS+HNJAAICkog9TuXmG/rxzRyuF6t+LHy9R02bX7F7+vQYgsEgOjvzn8JciSVNr77mqvJflIiIiIiIiOoKw0eqKvHwsa+vB7Isl/XaAksHk+ZcEBn7DFhzn688Z0yZipj7byJIRPowMXl7vkKhECRJgs/ng8OhIRiMZHWcLCswjChMy8z/4mn84oWDaOtoKeAM5U0fm1sa0L2yo6zXJCIiIiIiovrD8JGqRjAYxOjoOABg/freea+dmxnB6cunMeJ9F1d37cLWtvKuRXclmIw/S7/n4lDSSjyPvwbMDy+vPK98eBn/6uINTsSC1+JhIZIei3mP54eMEOWOzYCBgfPwegPY/+a7WQePACBJsbfEwtd8XOzfH9+P3/rEzUU/b6ks5/Ueg5FZOLTcOpPncwwREREREdFywPCRqsbJgXcTjzesX5d4/OjR/4WZmacgww8AeHXmR9gj9WD3xi+UPYTMRjyIA7IJK1MdPRdIJgeWiY2FD05ceXjlcwUCwlL613//JU6dGsn5OCEEZFlBKZqkB4MRvHtmooAzlPc7tG378lzvcWBkL2RZwvqOW3M6LqIH8O7Yq9i2+oMlGhkREREREVFtYvhIVSM+5Rq4Uvn4ryceg2/mR1g4AVs1z2Lvyf8dq3Z8H012dxlHWR4pA8F6SgdLbFP/qjTho5VU1SgS1Z3JFMWGSDhQknEdPHg272PLvebjtdcuv/UeR6YH8Mrph/E7t/x7zsc2Olfg5f0Po6NxPTobNpZgdMVXigpfIioNy7Lq6t9sqp+/REREVL/Y7ZqqxsjIGADA4XCgq6sT52ZGMDn13bT7y/Dj6VP/Wq7hUQ1xu+yJx4ahQ4+GEZ370PUIdD2CSCQA01y8tqMkyZAVtSTjunTZj+bWrpKcu5gaGt1Yvab6x1k0voMIRmbx0sm/ho4Awrovr9PIisDPjnwZwcgs4DtY5EEWRzzAqKcQg4hqD9+LiIiIlhdWPlLV8Hlj06q7umJNLp468Y0l/4JO+4+UeFRUi3p6VyQey7ICyLm91amqfemd8mR3tgBTuU8JL2fp65Yt68t2rYqKjABaF+A7iEPetzCjxypTp/xn0N24PadTeUOxX56EMYXnj38D93StBdzXXblGhWR7Y88AgKj6GYYBSarduoF01Y4L339YFUlERIUwTZM/S6pQ7f4fDNUdry9WbeRyOvHL4UNQ9LcrPCKqVZ2dTZUeQlqmpUCz5b5UQDl/fm7bXhvThgtmeIELX4U/OISDF3+Y2Dww9nzOpxq8tC/x+KJ3P8b9o8DoP8TCxzJLVVGUvC3VBxFVN4fDAZ/Pl7Jiv1Zk+z7E9yYiIsqXaZrw+XxwOByVHgotwMpHqhrxykeny4kD5/8pq7+cLtu6pXeiZWdFZ0tRzvOhu3fgllu24ctf+UFOXbOX4nS3IRLOdWpv+dLH667bUrZrVZRjI7D6z/H8m38ERb3yu7izl15HWPfBpmQXEod1H44OP5F4LkkCz48ex8d3/VnRh7yUhTfrqW7es91GRNXD5XLB6/ViYmKiZv+9pqpCiW9L/poW7sfqFSIiypYQAg6HAx6Pp9JDoQUYPlLZPH3qGQzPHgUAdDdux4fW3zXvda8vFj7Ka+Wsqh4NOHH7uvuKP1CqCy0tbly6lN/afXHnz0+gZ20HPviBHfi3f79S2WaaRuIjdsNkQZZVKIqW1XltjkbIigZDL16gWSwutwM9vSsrPYyymfYP46JvYF74GNZ9eOnUX+HOq76U1TmODj+RmHYdN2NcwuDYm+jt3FnU8WaysHJoqcepnhNR9XK73XC7a7/JXqZwMZvHREREVHsYPlJZ/N2Br8MM7Uk8vxh8Ef/P+BP45HX/E012NyzLgt8fCx+ttqElz2fAifdt+jrWNi6jphiUk9YWT8HhYzAYBgDc/7Fb8dLeo5ia8gKINaWRpIU92HPjdLfDO7303/W4ct14LZv1HucMjv9qXvCY2D61D4NT+9DbenPG44dnjuDA+UcXbZckgaHpoyUPHzOFifHH6T6nO8dS1yAiSmepn1VCiEVVjpZlpQwk4/ulOoaIiIhqC8NHKrnvHfp/5wWPcap5Fj888hf43PVfgWEYAABntxsu9c2054pKPXA7tuL2dfcxeKSM1qxtx6l3R2CaOiQpv7e6QNJU6/vvuwV/+3fPFGt4cDib4ZsdhWUaRTtnMWzc2FPpIZSVQ/PAslKvqfnSqb9Cm6sPHntnymPDug97Tv1l2nNrirNYw8xKqjXTMj1OdQwRUSlkqmjMFEACSPkaERER1RaGj1RSvxw+hLD/6bSvi8h+vHD2Fby/51YAQM9tsS7DurIZANDk2g674sKqxvXY1LIBTfban25E5eF02AAUFqgMDV1KPL7ttu146eWjOHnyYsFjAwAhybA7GhH0X1p65zJq7yjOepm1YtPK2+CPTmAmfA5Dl9+CX59IvBbWfXjuxFfwsWu/lfLYPaf+ctF0a0U40d24DV2N23Ht6vItC5GqujFVM4dUz1Odh4ioWNKFivHgMd3z5P0ZQBIREdU2ho9UUu9OvbXkPieG/g7v77kVmqbh7X+eRPevPYA//MxvlWF0VM96e2LVarKsQtcjWa/HmMmf/NeP4b99+VFcuDBZ8LmAWOOZbMPHct10dXa2leU61eQ9PfcnHp+fPIjXznwHM5FzAIBJ/2kcOP8odqz5xLxjBqf24ezU64nnTrkNt234Y6xpu648g0b6wBFAoiOuaZoZO8tmqoRMdS0ionTS/ZxKVemY/HjhhyRJsCwLkiTNOy4eQDKIJCIiqj0MH6mkAuGxJfdRrAk8feoZqKqKSCSCaCRahpFRvXO57InHxbpJcTltePCPPoz/+tD3inI+RXVUXeOZjs7WSg+hota0XYc1bd/Bz499Hacv74EQwIHzj6Kn9Sa0ufoAXGlIE9ft3ok7Nv8JHFpD2ca5VPAYf57p8cLj0lVDEhHlKzlojH+OP5YkaV7guDCYNE0zEUTGtzGAJDMDr4kAACAASURBVCIiqk0MH6mk+tpuxqmLi9d7XOjs+D/DprXD7wcikeoJYrI1MPY8IoYf27o/Uumh0Byn05Z4HKt+DENRbBmOSO3UqYvYsGFV4vmRo4NFGV+czd6IgG9i6R1Rnpus9vblNe06nV/f+kX87LCJc969EALYd+Y7uGfbXwCIPQ7rsWZG65p249e3frGsY8sUDsYDxuTP8Y+F29NNwWb4SETFki58TA4cJUlKBI3xaseF21NhAElERFQ7GD5SSb2/51acGN0MRX87436KNYG2Wzbg0lPTNRU+hnUfnjr6RUz6TwMALFjY3v3RCo+KAKCvr3vecyFS37wsJRAIz3s+MJB9h+ps2BwNWYaPpdfQ4IKq8sdC3Aev+VP87DBw3rcXwzNHMDxzBB5bJwbGnwcAdLl2lD14TLaw6jFd8GgYxrwQMl0AyeYzRFRMqaZbpwoe4x/J7zvJwWNyAMmqRyIiotrEu0wquU9c8xU8evhLSwaQnb0DeAc2RKJ6mUaWnUn/aRwdfiLRWKK39eZEheO+M99JBI8AENH9FRkjLbawUkKW1aKc99Ilb1HOE6fZsmuiVI4brda25pJfo9Z88Jo/xWNvjmMqfAIHzj8Kjy22lmiDshY3rPoshoaGMD09ndh/5cqVaGpqKtv40q3hmBw6pvucrgIyfp6F1yEiyiRdY5n441TBoyzLic8Lq6/jgWQ8cEx3HSIiIqp+DB+p5JrsbvzhjX+FczMjeHP4VYx7j8KKHIOMwLz9bGIKbdduh/dyccOdQsQrG+NTLAFgeOYINNmF7sbtiQqoVI4MP44p/xls6/5IYq04Kp/4mnZFV4KbHs3mRiTsW3rHEuvqaq/0EKrSh67+Mv7lwO9jeOYInKEt8PjvgM3owd5zry3a99ixY7j++uvR29tbkrFk6lK9sLoxHjQu/MgUQMbPxbCRiAqVqrnMwuDRNM1E8CjL8rxjk8WPi+Paj0RERLWF4SOVzdrGLqxtvB9ArLPsdMiHk5dOYdI/iunQGIaGRuBZOYuh40s3qSmXs1Ovzwse4wbGfz6v4hEANMWF/o474A2N4bkTX0m8fnbqdXzsmm/BY+8sy5gpJhwOL71THrZsXotTp0aKes5qCR/XrVu19E7LkENrwFbP72Bg4DRkI1apqiN9hfbx48dLFj4ulKqL9cLQUdd1jH7nW5jd+yKsUKgs4yIiypaw29Hwvtux4jN/sPi1uYAx+ZciDBuJiIhqD8NHqpgmuxs3dl+beP6j44/jzaefAgD4fH643a5KDS2hu3F72teGZ47Me97bcjOGZ4/Ma0YBxKonveExho9lFAgE8MorR5beMQ/vv/0aPPGTXxb1nIpqz/h6uW60+tavLct1qlk0GsX0dGzt2enpaYyPj2N8fBwAICO7KfJ+vx/Hjh3D1q1bSzLGdJ2uk8PH5MrH0e98CzPP/awkYyEiKpQVCiXeo7o++4eLpmgnv7+x4zUREVFtYvhIVaOjoy3xeHx8cl746Pf7EQgE0NTUBFUtztp92fDYO7Gt+yM4OvzEotem/GfmPR8Yfz7lNGxNcaHVta5kY6T5AoEAnvv5Afz4X14vyfnb2xtxy67NePW1zGuY5kJRHUU7VyH6+lZXeggV89Of/hQ+X/GqT48fP46Ojg50dHQU7ZypLFynMXkqdbzycXbviyUdAxFRMczufREdv/u5ecGjaZopp1sTERFRbWH4SFWjPSl8HB0dh66HMT4+jqGh+d2Fb7nlFqxcubJs49q17rOI6P6M6ztmPL73s7Ap2VVMUWGi0Sie/8XBogaPqcLu3/gP7y1q+CgrGoQkwzKNNHuU/kbL4bSjo7O15NepVk6ns6jhIwDs378fd955Z9F+YZKuCUy6ysd4+Mip1kRUC6xQCIZhzAseM1U+Jo5jIElERFT1pKV3ISqPzo52tLe3YOeOrbhw4QwOHTq0KHgEgDfeeAPRaLSsY9u98Qu486ovQVNi1ZhT/sGsjtvW/RH0d95RyqFRkmPHz+CHP1rcBKQQmzevWbStvb0RN93UX9TrqBWufly7pqui1680l6v4yzz4/X4cOnSo6OcF0gePqQJIIqJaEW+GldwIa+EHsPiXMURERFTdGD5SVYitkXYEt71vJ3p6Mlc1RqNRvPjii2UPIHtbb8b91zyCVte6lE1okmmKC3de9SXsWvfZMo2OTNPEv/7blYpHyzIRDM4iGg3DTFtRmNlVm9JPQ962pSevc6YTjQbTvlaOio61Pd0lv0Y127BhA0IlqBAcHBxMrBlZiKVutBeGjsmPiYhqRar3sOTQMR2GkURERNWN4SNV3ODg/9/efcfHcdf5H3/NzFaterdkW7bl3uTuOHYU4yQEJ04jCSGQg8DBcbk7+N0BCUkIIRztfuS44zgCFw740dNMOVI4hzQ7dopL7MS9SbZVrd5Wqy0z8/tjtetdaXe16pL9eT4e69md+c53vmNZY81b3/l+K9m2bRuNjY1J79PW1jYuAWSao4Abl3yHNHv8cdxm5Kzj9mU/ZGbO5WPYMqHrOqdPX5gpXVFUHI40wMTrdeP1dqPrfiC5G5Tbbl3PVx/+SNztS5aM3GzGAb8nwSPXY6O0tH8Pz0tJVlYWNpttVOrevXv3qNQbEutx7MibdyGEmCwir13xhpoQQgghxOQjYz6KcRN6JDHWo9XJCAWQmzZtGtNJaOyWVG5c8iid3vP9ttksLnJdpWPWFnFBrH8DiqJgtTqwWGz4/V58Pg8KCharDU2zoiixf/8yu7SA227dkPB4eXkZZGe5aGl1D7vtiXo9jpXS2Zd2+AiwbNkytm/fTlZW1ojW63a7qaysZObM4QfW8W6+Ez16LYQQk0WiR65jkfEehRBCiMlBwkcxptxuN42NjRw/fpy2trZh1zdeAWSao4A0R8GYHU8k52//ZjP/9eM/91uvKCo2mxPTtBMI+AkEfPj9XiyWYAipqlpU+VOn+wfLffn9/hEJHgGMQOIevGNxYyXhIyxYsACPx8POnTuxWCw4nU5sNhsWy/D/q6ypqRmR8DFS3xvyROOjCSHEZDDQdSxy4hkhhBBCTB4SPopR5ff7aWhoCL9GInDsa7wCSDHxbNy4FEVV+MFjf0TT+j9CqygqVqsdq9WOrvvR9QBerxubzYmmRf/bqalppLg4L+6xzpwZOKCcLFwuJw6HfbybMSGsWLGCFStWUF1dzcmTJ8PXLY/Hg6qq4Ueznc7gBEGR6+IxDGPEZ9LuezMea7uEj0KIySbRtavvdU8CSCGEEGLykPBRjKo333yTurq6UT9OW1sb+/fvZ82aNaN+LDGxXb5uPl97+ASu1DxSUnNR+vRqDNE0a2/gGHuW6YrKuoThY3e3dySam6TRvcHKzEwb1fono6lTpzJ16tSodU1NTXR0dNDd3R0eo7a+vh6v98K/hZaWFgKBQLi3pNPpJDMzk7Vr145Ju6XnoxBiMpNrmBBCCHFxkvBRjKo5c+ZQVVU1Io8tDqSyspLi4mKKixPPli3GTyik8fv94bHoLBYLmhYMCO32ofe+MwyDnp4eXnvtbSyahe6uBro66nG6srE70rE7MwZV37lziSdAUtSRCwQtVkfC7SYGKCqYozN+X2ZW+qjUe7HJzc0lNzd3vJsRUzI9hYQQYqJL1JNbCCGEEJOXhI9iVE2ZMgVd18ckfATYv3+/hI8TiN/vx+124/d2EWg9iNp9Aq37JIq3FrQUTNWJr3dpak701OVY8tbhdDqx2+0JH6P3eDx4PB78fj+qqvL2W+/yzr5jHNh/DFXVUFUN0zTw9XTgcbegqBoOZwaOlCxs9tQB2z7QRB1Ll8wa9N9HPImCUacrG0dKNgHdh9/TjmmM/AzvWVmDC2bFxBV5ky4360KIySjyGibXMSGEEOLiIOGjGHVlZWUcOnRoTALIzs5OOjo6SE+Xnlzjye/301K9D6XpVSztu7B1n8BmJPmY8gnwpS2nO205ZKzCmn85drsdm82Grut4PB6qqup4fcc+3th5gKam+OOIKoqKxWLDYrFhGDre3iDSZk8lJTU3Yein6wP3bJw3t4jjJ2qTO68B2Oyp+LxdUZ/TMouwWHsfC/epKCkafk8Lhj6yAWRmljx2PVklmgE20faRYs8vIHfDFdiyo3uE+lqaaNr5Ot6Gi2dsVCHE6Bvo2iVhpBBCCDE5SfgoRl1ZWRn79u0b1fDR5/Ph8Xiw2WwSPI4zv99Py7EncZx+aMh1aJ370Tr3Q+3P4KjKMc8aurR5HK7J4p1DzVSdqx90naHekFis6LqP9pazoKhYrc5wT8hQ+HfDjeu5++NXD1jnJz5xLQ899HMC+sjdDGkWG2kZRf2CUZvNic8HOLPxe1oxdN+IHTMjXcLHi8FY3pTnbiin6JbbyN1QHrfMvC9B084d1P5hK007d4xZ24QQFxcJHIUQQojJT8JHMSY2b97MU089RUFBAaqqDnp/wzDw+YJhi8fjAaCnpwfDMDBNk7y8PJYsWcLy5ctHtN1i8DqrXhpW8Lj9WBFHarJo6HTS2OGgsTM0IUxt72u4FDTNgqZZMAwdXffS7e4JTumiKCgo2G2Jx2AMmVGSz7o1hTz/wm7sjnRs9tS4E9wMRNUspGdNw+nKjlvmQgCZNaIBZFa2PHZ9MRqtG/Yl3/k38q7clFTZ3A3l5G4op3H7Kxy87/Oj0h4hxMVFwkYhhBDi4iPhoxgTU6ZM4cYbb2Tbtm243e6kekEGAgH8/uDjpcXFxSiKQn5+Pna7nYyMDDIzMykqKsLhSC4oEmND6TyKYk3H9HcMet8fvbyI144VjUKrYlNVDZX+YeFgbnxsNnt4XEkAS29PSovNgabZkhpfEiAjuyTJ4znx+5VgANnTjhHoSbqt8WTJhDMiSeufexF7Xv6g98u7chPrn3uRXVvePwqtEkIIIYQQQkxkEj6KMTNr1izuueceACoqKhKWlVBx8rJ7DmE4C9EHGT6OdfCYSENDy4BlPB5PxIzdwXElTdPAMHR6PK2YbgOzd3ZqzWILB5GKqmGxOlBV7cJ4joNk7d0fIOBV0f3dQ6oHwOGwU1g4MWdwFhPL2id+N6TgMcSel8/aJ37H23feOoKtEkIIIYQQQkx0Ej6KcTFr1sjNFCwmFkNLRXEWobjPYerJ9crbU5E/YYJHgKam1rjbAoEAO1/fw7b/3dVb9sKEN4qiomnRfSkNQ8c0zeDj3V0ewIyaSVtRNTTNRk7B3EG1UdOs2GyhOiwEvIPvaQpwx53XUTp7+pD2FZeOxd96FNes0mHX45pVyuJvPcqhB+8dgVZNXOkLF+Esnkbbu/sv+kl3tBQX2WvXEejsoHXv7vFuTlKyVq3BkpZOy9tvone7E5adjOcnhBBCCDHRSPgohBhRqj0P9C5U1wz0jmNJ7fOLnYML3sbTq6+8xXcf/XnS5dXIMSD7POFtGDoApqkT8HsG3RNS06zY7So+FBTVgt8zcI/NSPMXzOLOj1w/qH3EpSd3Qzn5V13Tb7274jTHH/020++8i9zyjVHbmna8xrknfs28ex/oF1rmX3UNuRvKBz0JTfGtH6LoxptR+gzb0XHoIMe+/fVB1TXaim65jcIPXM/Zn/+Uyp8+Pt7NGVXpCxcx9wv34e9oZ/dHbo/aNuWGmym+5Vaadu7gzM/+O6n6hrLPYM24+69JW7CI49/5Jue3/Zm5X7yf1DlzOfuLn9H8xs6osonOTwghhBBCJGfwM38IIUQCtuLNAKgpxajOwgHLH6nJiphUZmLz+Xy88vJbI1ZfaAZuTbOgB7xDrsNmTwk+1p2Sg6Ikf1n/6F/dMKRjiktL0S239VvnrjjNoQfvo+2dvRz+yv20vbM3vC1y3aEH78NdcTqpOgdiz8nFNbMUZ1Fx1MuWk9ywAat/+QTrn3uRrFVrBn3sIVEUFG1oE1BNRrEm20qdPYe0BYtIX7go6XqGss9QKKoSbnP6oiWkL1hEaunsBOUvna+lEEIIIcRIk56PQogRZclZhd6+Cb3hFbSMRSi2HIzuakx/e8zyJbmd4ceQVVWB4LzT46unnqbK17HllGG327Hb7Xg8Hh79zk/Z/05yvTkHK+Dvxu7MHNK+qqphd7jw+TyQkk2gp2PAmbBv+eDVrF69ZEjHE5cOx5QicjeU91t//NFv464Mhop6Tw+Hvvwlyr73GACHvvwl9J7gkAvuymDvyBU/+knU/rkbynFMKaKnbnAz2Jt6gKonfkPFj3846HNRbfZB7yOG5+S/P8rJf3901PcZrr2f+OiYHk8IIYQQ4lIj4aMQYsTZZ92F356Nr+Z5VGchqrMQ0/Bj+tsx/R3Bl68VTAOXPcA/vv9dnnp7GueaUsJ1qGqoB5+C0vteVVRAidg2OqpqO7G+exeGlkpn2kpqLMv4zTYfb7x1atSOqQcSh4UDURQVmy0Fn09BcWTi93bEnQl70eLZfOaeDw/reOLSECt4BJh+5110HjkUDhl9Lc3hcRx9Lc1RZafedkfcuqufeXLE2jr/y18lb+Mm3JUVpC9cjGqx0LL7LQ7e/0VW/exXuGYGxxpe/tiPad3zNu/d93kWPPQIueUbUa1WAl1dVD3xayp/8l/Mf+BhcjeU0/zmTvLedzVGTw/H/uUbFG6+PmZ5gPkPfIXC67agWm3oPZ647Vz+g8dJmTkLRdOwZWVjeL2c+80vqXj8MUr+6m6Kb7sDe14+iqZheL1U/+5pTv3Hd8m5fANz/vGLpEwvAUUh4HZz7tc/p/HVl1nw0COkL1oCioLh81L3/LOkzVuALSuLQw/ei5biYuEj30BLcXHy3/4vdc/9idW/fAJLahoH7/s8RTfdwpQbbkJzpmDqOs1v7uLwVx4gbe48Fjz8z3hqarCkOElftIS6F56j4aVt4bYYfh8oKoGurn7nuvbJ35MyvYS65//EsW9+jZmf+lum3XkXltRUME08NdUc++bXaI3oOdt3n3hf16qnnmD+g1/B19jIO3/3afRuN7P+5u+Y9pG7qP/z8zinTid90WIsKcH/V9yVFRz95tfoOPReVBsLN29h3n0PYPj9nPrP71H37B+j/q4TnZ8QQgghhEiO9sgjjzwy3o0QQlx8tPQ5WLJXYPi7MXrOoyigWFJQbVnBQNI1A8Weg2JxMT23h81LzrFx4Xmm5Xpw2nScVp3GDhumaWIaBqYRnEnaMALouh/DCIQ/m5gYpoFhGoAS3Mc0AVCUwfek9Osqt6+pYPvRXH79koNnXmzj9Nm2gXccBtM0sDnSh/Von6IoWCzW4HvViqKoGIY/qozTaednv/j2sNoqxl/o33fo37ppBicyCr10XQ+/up/9w5CPk3P5BrJWruq3PqVkBplly2h+cxe6Jxi0BTo6CHRET3y0+FuPxhwvEsBTW9NvfL1EslauJqNsOYoC2WsuI2/jJjKXr6SntgZ/ezu55RvJXLoMTJO65/6EarOROmce3vpaGre/SvrCxZgBP6f/6wc0vvoyeRuvouimW2ja8SoH7/1HMpetIHvtZbgrKzADfnLWX0Hq3Pm0v3eA5jd3YklNi1s+f9PVTL39TrqOHePsL36GLScPe24e7e8eoHXfnqjzmHLdDbhKZ9O2bzfVW58ifcEiXKWzaT90ENVqxZqeQe3//J7mXa8Ht82cRefRI0y7405S586n8vHHqPjRf6J3d9O2dw+FW24kZ305NX/YytF/fphAZycdhw9iy8klbe48Oo8dw56XR8669SiaSk99PZgmUzbfgKemCm99PSUf/yQ95+s5eP8X0FJSyF1/BarVSt2zf6Tg6mvJWrESU9dpen07zW/uZOYnPo2jcApVT/6ajkMHSZ+/gIDbTc3Wp6LOVVFVMpeWYXi9dJ+ppPSez6L3eHj3n/6B1n178DU10fDKS5h+f8x96l94Lu7Xtf3APuy5ebhmleKprsJ9+hTT7vwotuwcqn77K+x5+XSdOEb1009gmgaZy1agYNK0cwdTrrsBe34+zbt20rpvD7bcPNLmzqe7soKOo0dY+PDXkzo/MfJSbrwFTdOwWCxomoamaaiqGl4qihJehv5/77sUQgghxMQjPR+FEKNGdU7BMfdvMLpO46t+AaNtf3iboigotgywZYArONvy1Owuiqe1s9nfjumvxgx0U9/u4Hybg4oGF11eK5WNLrq9Gk2ddpo6e6d7jpg9Wic6bBuqZ3aXsnXP2M7Krge8qJp12PVYrQ5U1YIfBVWzcdnqWezYvofS0mn82388MAItFQIyV6yi7HuPcejBe/FUV/Xbnih4BHAUFAz6mIqqkr6kDHona/I2NtL46st0nzsLgN7tpuLxH1L/5+eY/+Wv4iqdg7NoKnXP/YnZn/0nTMPAffoUrXt3U/KxT4Ch07xrJ56aajqPHyVt7jzSFyzCU1sDpkH7ewc48Ll7AFj2/R/FLZ9RFgzHzv/lf6n5/TOkLVhI2vwFcc/D19xE1ZO/pXXvbjKWLiN3QznpCxZS/cyTNG5/ley169AcDjw11TiKisKT7Kg2G9mXXU7X6VOc/uH3Aci76hoUTSNz6TLa3ztA5X8He2K6ZsxCKd8Ybofu6cYMBLDnF5BSMgMtxYm7soKsVavRHE6admyn/d0D2HPzyF67jsxlKwAwvD3onm4qf/rjYBh57Wac06bjrjjN6R/+J1mr1lB43ZaY5+muOB3uHRtiy8piynVbqH7mSc5v+3NS+8T7unYcPUJG2XIyli6j8+gRXDNL8VRV0fT6dppe3076wkWklMzEfeoUOevWQ4xe896G83jr6zD1AAC5V5QnfX5CCCGEECI5Ej4KIUadmlqKY/5nMdxV6K378LcexvScQ+nTK0+xpqJYU4FiAEwjQHFWO0X+dpbNbcf0nQczELVPV4+F0+dTw+8rGoPvu70alY2u4HufFvVI90AcNn3Mg0eAFKeCYrHi8w0/QNU0C6rDhc/Xw4MPfYYHH/rMCLRQiD56e2CO2eEC/iGP+diXoqrhx5EXPvINAAxfn+EPIn6xkai8oqpgGkN6NFf3dKNYLNiysplyw82U3vMPWDOzMLw9KBYr/vZgr+uq3/4ae24+mStWkbVyNR2HD3L0G49Qs/UpUqZNJ3PFKhZ97VvM/OvPcPJ7/0rniWMEut2kTAv+csff0Y6/rY2U6dPR3cF2dh47SsbSMlCU8Ln629sxvF4saWkXGmmamIFA77lqKKqC4Y09rEM8HUcOU/30E0y/6+MUf/B2ptxwE/UvPDesmcrb9u9jypYbyViylO4zldiys2l+6w20FBeLvv5tci67HCMQANNEcziSqnOo5yeEEEIIIeKT8FEIMWZU1zRU1zSsU2/G9LWgN+1Bbz+E3l0NMSakUVQLij0H7DnhdWagC9PXiuFrw/S1kurwU1Zy4ZHo9fOa4h4/1IuyvsNBQ3vwRtQ0TY7UZOBy6MzIdZNq9+N0qPy/HfNH8MyTE/D3ULZkGucb2mhoaEPXjYF3SkBRVOz2FA4erGTJkpkj1Eohglr37ubwV+7H19ISc/uhB+9N2Pux5/z50WzegEzDQPd0c+K736Hu2T9GbSvc3L+nW6Lyy3/w+JDbYcvKwgz48dTVUnDNtag2G8e++Qh1zz8bHB9yRvB7t/Wdvey5+yNkrVjFjE//LZnLVjDjk5/m8Fce4MDn7sE1cxYzP30PeVe+j5KPf5J3/+mz+FtbcRQUAtBddRZfczPZ69bjKp2Dv70d9+mTZCxeEgyRe3sFak4nisVCoLNzyOcUz7nf/opzv/0Vxbd9iJK77qbg2s10njxOzdanh1Rf8xs78VRX45w2jayVqzECAdre2UvuFeVkLltBy+63OPTlL5F35fuYd5/0+hZCCCGEGC8SPgohxoViy8ZSdC2WomsBMP2d6B1HMTpPYbjPYnjqINC/F5FiSUWxpKKmTAvuF3Bj9gaRhq8VjPgTtxRm9FCY0UPZAG17ZnfpkM9rOFpbWtA0laIp2RTkZ1Jb10JDw/DHmjSM4YWY4tLla4kd5jduf5XDDz+A0ZO4d1iiANJ9+uTgG6QoWDMzo8JBvaeHlrffTG53VUVzOgHoPH6MzOUryV57GQ0v/4XcK8pJX7CIih//KOa+icq7z54hc8UqctZvwNvYQMai3pnk40yOZXG5yCxbjpaSQvqCxfiam4N/H9dcC4qK6nBSdOMt4YlpNKeTGXd/Cn9XBzVbnyZz314yFi9BczqZevuH0ZxOqrc+TfOuHWSvWYvmdKJ3u/HUVJG5bCWmadC963X8rS1oDgcp06bTdfI4HUcOk7ZwEQX6ZrJWrcGeX0DO+iuwpqXTeOpEzLZ3n63E396Oa2Ypee+7mowlS7FmZKC73WgpLvRud8z9UqaXUPzB22na8Rr1LzxP7vpyslauxuJMvld6LO0H3yV1zhwylpbRU1dLw8t/oeDazcG/fpsNW1YWeRs3oTqcaL3HMg0DFAXV3n8G9KGenxBCCCGEiE/CRyHEhKBY07DkrIGcNQAcOXyCIwffo/bsKaxmJ7MKfSya5ibbFR12KBYXisUFKcVogBnoDoaR/tbgUh/8o3MbF9T2PnZtYhjmqM+uHYumqUybmktOThrV1U10dsafPXcgbrc8PiiGpmnn68z7Uv/1VU/+pl/wuPhbjwKEZ70Oqd76VMzwsWnn64NqS8DdBYpK8a0fovjWD4XXdxw5TOOrL/Urb/h8YJoo1uA4qt3nzpJXvpGl//ofNL76MhWPP0bWipUUXH0tBdd8AEwTd2UFja+9EvP49S88G7d8zdanyCxbHtx29bW4KyvQu92klJTErEux2pjxyU+jWCz4O9o599PHg+fx2iukL1zMvPsexPB56Th8iNS584PjSi5bTubylcy798HgTNF1tdT8fisF115H/lXXUPr3/wcAf2srtX/8PQDtB98je806TEPHXVmBr7kJU9exZmbhPnsGgJqtT5M2Zx6F121h/bPbwDTpOHyQ6qefiNn2jiOHqf/z80z/6MdY8i//SqCri+6zweVS+wAADy9JREFUZ7Hl5pK1ajVNO16LuZ9z2nTyNl3NtA9/FBQF0zBo3f0W1b97Jmb5ePp+XVv37qZw8/VYs7JpePVlAJpe38GULTeTvXoN6373LJ6aajzVVaSWzsaeX0D7wXfJXL6CuV+8H0d+9NijQz0/IYQQQggRn2KaYzxgkxBCJGAYBn/6n5d4+aW3OXnibNS2smXzuP6aBaxbbCHQdRrTUwee2oT1mbon3DMyGEYmF+JtO1jIj/7SvwekoqjBmbv7zEqtKiow/Jk2P/fhbGq759Duz41a39zcQVV105Aexb75psv48B1XDrttYvxEzm4Nwe8T0zTRdT08u7Xf7ycQCOD3+/H5fHi9Xnw+H02f/tiwjr30u98nd0N51Dp3xWkOPXgf7srTQPTkMg0v/yUcQLpmlrL4W9/BNSv6e6lp5w7e+8LnhtWukZK1ag22nBy6ThzHXVkx5PJaiovstesIdHbQunc39vwCAl1d/XrKhR6lPvatf0bRNFr37Y0q45o5i9TZc+k6dQJ3ZUVUPa6Zs0idO49AVxfNuy6Et/b8AjLLlmMEArS8/eaQeueF6vY1N9O6d/eA5dMXLsJZPI22d/fjbThPyvSS8MQ/iWStWoM9L5/us5V0HDk86HYORs76KwBo3vU6WooLS2oq3obkHvcf6vmJ4cn9719is9mw2+3YbDasVisWiwWr1Ro183Vo1muQ2a6FEEKIyUDCRyHEhPLittf5wfd/G3fSlaKiPO69/1MsWBAMMwxPLUbHCQKdpzC6KqCnPmH9pu7tDSJDYWR33LL17Q7+Z28xh2vSBzVhzXD88fO7AOgKZFHbPZsazxxqPXNwBzLQdYMzZ8/T1ja4YOHmm9by4Ts2jkZzxRgZz/Axd0M5S7/7/X7r3RWnOf7ot5l62x39ejY2vPwXqrc+xbx7H+gXPAK894XP0bRzx7DaNVmFwscjjzyUVMgnxKVEwkchhBDi4iSPXQshJpRdO99JONtzbW0jr778Zjh8VJ1FqM4iLAXBcC3Q8g6BlgMYnSfA29Bvf0WzozgLwRmchME0fBeCSF8rZuBCsFeY0cNnrjod/lzXFpyoprPHQmXvrNoAlY0uur3RPSGHIsWuh9+nWlqZm76Huel7AGjz5VPrmcPsjDkcOJdPZVV30r0gfT4/7e29E/qYenDGcDOAEfCjBzyYRgDF1DENP4pigBEAdDACKIqBLXcNTqcTi0X+y7gUNe3cQeP2V8i7clPUetesUlb86Ccx98m/6pq4E800bn/lkg0eQwyvV8YOFEIIIYQQlwzp+SiEmDBaW9r42F334/cHEpYrKZnC4z/5+oD16W3vEWg5QKD9OIq3Lqk2mIa/TxjZf9KbMaNoKJYUFC0FLK7e9y6wpNDlddDpUTD0AJoKmgqqagaXSnCeC001UVWwaCqaagImCoO/5OtKCn77DNQpW8gsGPtZwMX49nwMWf/ci9jz8odVh7exgV1b3j8i7RFCXHyk56MQQghxcZJuLEKICaOj0z1g8AjQ0NCSVH1a5lK0zKXYAcN9Br3lHfxtR/C1VWCzxt5HUa0ojnxwBEMW0whg+tuDPSID7uDs2gF3sPfgSFPtqLZMlNDLkhq3aJrDR5oj2Yr1gYskoJndaD1HMM6cosNzE+kzNg+rPjE57dryftY+8buYj1Enw11xmrfvvHWEWyWEEEIIIYSY6CR8FEJMGE6Hg6zsdFpbOhKWmzGzOO62UL++yD7dJkDKDNSUGdimfpBv3vcwWepZSotMSgoVpuarpDpj95hQVAuKPQfsOdHHMXz9A0kjAKYf0wgMHE6qtvBM3Yo1PRg2as7E+yRgmgboPcHZvXUPpuGLW1ZRNNAcoFjA8GIa3ui/MEVFUe2g2S8sFQ3V9GE27wAJHy9Zb995a9TkMsmKnIRGCCGEEEIIcWmR8FEI0Y9JMIsyB3hP321cyLAulDUvlO27vc9nMrKZNX82+954J2H7ps+fy5nu0GOoEfsnKbe0jG2/q+WliMPMmaqzYJrB7GKTkkKV4nwNVYlfq6LaUGw2sGXFLRMOIY0AphlAUS2gWEG1oijqIFocqs+H6e8KhouhkFHvCc7gnSBsHDGqDX/uVXi8Znheb0W5MMe3Aigo0euU0PrelxJZts/2GO/F0I3WI4iHHryX3A3lFN1yW79ZsPtq2rmD2j9sveTHeBRCJE8enxZCCCEuPhI+CjGJGb3Bn2GCQTCIi700Y6+PqCNy23gOBLvyirVUHK+ktbk15vaZc2eyeHUZxjAaubp8LWdOVHD84PHwupPVGierg5PG5Bflc/PHbmPNIjvW7pNo3Wew9tRiDTQN6jiKagEsoA0+SDNNHdPfEX7h7wgGjuPJ8NFTcD2+hJ06R+5fTyiEVLkQRqqhZZ9twaUSZ31wqUbUcTEayxv2pp07aNq5A8eUInI3lJMyYyaOggIAes6fp/tMJU07d9BTVztmbRJCXJwkjBRCCCEmPwkfhRgHobAwKjTss84wzXAg2DdcjAwdLzbL1q3ANE1e/MP/cvbkmahti1Yu5tpbr6N0wexhHaOopJjNH9oCisLx945FbcsrzGPz7VtYdtlyfIAvbWHUdlvnkWEFkomYgS6MniZMbxOmv33E6h0pXQu+ja9wy5gdLzIUTy7TTO4bIjKE7BtKhj/3BpmR62KVG2/xbsrHagKGnrpaqp95clSPIYS4dAx07ZIgUgghhJicJHwUYoSYgG7Gepkx14v4ll++kvyiAqoqztFY34CqahROm0JJaQm5hXkjcoy5S+ZTPGMqR/YfprGugUBAJzsvm7mL55FfVBB3P1/awriBpMVzBs3bCKaOYhoo6ICBYhoQ+mwaKBh0dBkYhoFLa0YLNAYDR907Iuc2GtxzHsI79c7xbsaICIX2ib8PB/4m1ZRYLyXm+rG6XVYURWZ+FUJMapHXMLmOCSGEEBcHCR+FSEIgRngYiBEqXow9EcdL8YypFM+YOqrHcKWlsrp87bDriRVIxrP/jT2888Zezp06R2N9EzZ7EfOXbmTZmiWs23QZmEZveBkMKkGH3vfBdcFAM1Rm92u7eO25l1AVM9gjTzV735sR72HFujLWXLmmNwjVe+vtc6ze9eEyoeOi0zPjU8P+e7rYxP5FQv+LgBojjLT0CSktvcuhineTLjfuQojJJN51TK5lQgghxOQm4aMQfegmeA3wGeAzzN7leLdKXAzefXsfzz3xLHVVdeF1Pq+f9/Yc5uC+I7i7/Vx10weA5EdOrOk4zqnzGQOW00qms6zg+qE0WwyT0fuLCX/U2v5fYZsaeinYe98PNpAM3aRHvoQQYrKQa5gQQghxcZLwUVzy/EYobDTDoaM8Fi1GWktDE68++3JU8BjJNEzefOVNZi+cR8mcmUnXm5qellS59Mz0pOsU4+PCLzqCFyBNIRxC2pTg0hKaLVxRMHunek/UU0hu3IUQk0mia1fkOrm2CSGEEJOLOt4NEGK8tflNGrwmbX7w6BI8itFx9tQZThw6mbBM7dlajhw4NKh6i2dMx5HiSFjGZrdSunDOoOoV4083oVuHNj+c95p0BKIvTn1v0GP1GJIbdCHEZDLQdUyua0IIIcTkJOGjuOTZhzPQmhBJaqitT6rc+arkyoXMXTKPDe8vT1hm1RVrWLpm2aDqFROPXY1/0x3rZl1VVVRV/psXQkweoetWsr9IkSBSCCGEmBzksWtxyUvVwO5U+o3xKD0gxUjStOQut8oQwqKrb3o/AK88+xKGfmGAUqvNyprytZRf975B1ynGl0UBa8QYkNbex65j6XvzHQoeQ0shhJgsIq9dsa5tQgghhJicJHwUlzxVAXvv2GoQ/MHWMHvHXzPB3xtI+o3grNdCDEVRSXIzd5fMnjHoutOzMvjg3bezdPUyjh88SmtTK2kZacyYO5OytcsHXZ8YW5beYNEaChp7x3hUo+6zL4zxGEvf3o7S81EIMRnFuoYl86i1BJNCCCHExCbhoxAxqAo4NAiOpBf8gdYk2Buy/8uMuV6ISFNnTads7TLefftA3DKz5s1iXtmCIR9j9qI5zF4kYztOBArB64jW76XEWBe6ygyi/t4JZ+KNjxa6adc0bTROTwghRoWmaQkfvQ6FjBI2CiGEEJOLhI9CJEkh2EPJ0u/n3f4/AOtmsPdkOIwk9PlCUBm5XbLKi196ZjofuP16ujq6OH30VL/trjQXV15/FVOmFY1D60QyVKIDRTUiUAy/J3r7SIqc4Tryc6Lg0TRNFIcDs6dnZBsjhBAjTHE40DQtYQAJsYeaEEIIIcTEJuGjEKMgFD5Y+23p/wOySTCIDC0NEwzA7F1e+GyGP4f3iSgTWY+YmEpmz+CWu2/jvbff5eTh49RX15HiSmHRiiUsv3wF85YOvdejiC3UA1EFlMhln3WqosQsq/aWDW2baLe4kYFkKHg0DCMqfEy/chPt214Y55YKIURi6VduigofY439KEGjEEIIMTkpZqJBpIQQk07fIDIUZPYNOU0uBJpmgrJmjHVCjJTIUE8JhXwR7yMDwwvblKj91Bhl1Yi6Lyah/7JDS8Mwgt/HhhF+6boe9QoEAtQ//hgd21+RHpBCiAlHcThIv3IThZ/5eywWSziA7NsLsu9EWvIIthBCCDF5SPgohBiUUBgZfs+FcDJ0MRnwc586gmXM6O0R+9JnX8w+nyOWsbb1e9/nqtf3IhjzojiKwasS/iPG+kSfldjblMilEmNdxLZ+62OtI+Imr0+56DIR72PUFbVPn/1FcvqGj6Zp9gsf44WQoVdoW2RwGaonsk4hhBiOvo9KR/ZkDPXODi1jvSJDx1iTz0j4KIQQQkwe8ti1EGJQIkOmqJUjUrMQIpHIcR77jv/Yd2brvttDZXRdR1XVfsFjZPm+4aOEkUKIgSQai7HvuLSxAsjIZazQMVbdEjwKIYQQk4OEj0IIIcQkFXnjHTn5TKzHEhVFCY8HGSt4TBQ+CiHEYMULH/sGkJGvWJPN9N1fCCGEEJOPhI9CCCHEJBTZCxKImmwmtIwsG1ofr8dj36UQQgxXrEekYwWQfYPIWNult6MQQggxeUn4KIQQQkwifR+5jhQZPMabBTsUPgISPgohRlW88BGIChUTvR+obiGEEEJMfDLhjBBCCDEJxZt8BgiHi7EerU40uUy8HwnkRwUhxEDihYGxHr+OfB/rkWwgavgImWRGCCGEmNz+P8Xtzo7g0pawAAAAAElFTkSuQmCC]]>
  </system-out>
</testsuite> <!-- test.NavigationTests -->
