<?xml version="1.0" encoding="UTF-8"?>
<!-- Generated by org.testng.reporters.JUnitReportReporter -->
<testsuite skipped="0" hostname="Alphi-Nandhalala" name="test.Test" tests="1" failures="0" timestamp="2023-05-16T07:50:35 EDT" time="48.722" errors="0">
  <testcase name="test" time="48.722" classname="test.Test"/>
  <system-out>
    <![CDATA[----[INFO]----MCO LINK : Element is present
----[INFO]----MCO Link is clicked
----[INFO]----The given text : shc/lala is entered in the Username text feild
----[INFO]----The given text : Letmein@1 is entered in the Password text field
----[INFO]----Login button : Element is present
----[INFO]----Master : Element is present
----[INFO]----User Maintenance : Element is present
----[INFO]----Unable to locate elementUser Roles
----[FAIL]----Element 'User Roles is not present
----[FAIL]----Element 'User Roles is not present
data:image/png;base64,iVBORw0KGgoAAAANSUhEUgAABR8AAAJmCAYAAADVS/dbAAAAAXNSR0IArs4c6QAAIABJREFUeJzs3X1c1fX9//HHOYcDeA4IqBzECxTIa8S0EtNyiqnb8iK3Na10W2lb7dfFbGurtdal02ZrrVrrQl2bNq1Wltq+qYmV5kWlJqKpiSiBCngBygHhAOf3x4dz4HB9KWjP+24U53M+n/fn/Tkqm8+93u+Xye12uxERERERERERERFpYea2noCIiIiIiIiIiIhcmhQ+ioiIiIiIiIiISKtQ+CgiIiIiIiIiIiKtQuGjiIiIiIiIiIiItAqFjyIiIiIiIiIiItIq/Np6ApeS1LQ0AGKjo9t4Jpe21LQ0nM4CIhzhRDgcbT0dERERERERERGpxUURPuacK+bVj9JxRoYzPcZGfCdrW0/JKzklhaXL3yA5JcXneGx0NHfMuY34uDjvsaXLV7BsxRs+58XHxbFw3hM+x1LT0nhp0RKfY4/8/gGC7HYA7n/oDySn7PV5f+G8J1i6fEW145XnM3JEAjdMnuQdB2Di1GnVzl047wni4+JqvM/MGdMZMjiO+x96uNp1a99bWeN4M2dMZ9ZNM3yO1fRZeMaoSVZ2NstWvMG6DUk+xyMcDsYnjq02voiIiIiIiIiItL12v+z6359m8IPnvuDdnScoLIVn9zl56UABJwrL2npqpKal8difFlQLHj3v7d7jezzC4cBus/kcS05JISs72+eY0+kkOSXF5+ulRYtrnYfdZsNut9dZBZialsbS5Sv46e2/8FZoAjgc4T7nORzh2MvDydjoaJ/52m024xns9mrPERPdG4D4uEHVxqtpXhEOR7V7e8aoKt/p5LE/LagWPIIRStb0+YuIiIiIiIiISNtrt+Fj0r6TzPjHTl748AhFJb5B42c5xfx+x1lWHj1PmbuNJgisXLWafKcTMIKzhfOeYOG8J6qFah4TxiUSFBRU7fiWbdt9XtdUDbk+aaM3ZFs470mfkO/Rhx4kNjqa39x7j8/x8YljWTjvCX59z93eYM8T5HksffUVn/vcf+893mXjd8yZTWxMxRLyaVMmM2FcIrHR0Tz60IM+1/3j2b9651Z1vAnjEmv8LCYkVhyPjxvkHaOq5D0p3sDUbrPxyIMPsHDeE1ydMLzG80VERERERFqD2+3WVwO/REQ82t2y64MnnLzy0VE+OXC63nNXf3OeLdnF3NArkFEO/wswO1+VKxaHxMV5l1iPSkgg3+lkyOA4n/NT09K818ycMd277Hh90kamTZlc7/2WLn+DhfPi6j3PI8LhID4ujvg4GDkigZ/M+TnOggKysrNZtyGpxlCwPapcqdk1IoKRIxIAOJGVTVeHgxjtsSkiIiIiIi3ME6CZTG08kYtWRQDpySJN+jBFvpXaTfhYUFTKKx+n85+tmY267lRRGYsPFrA1u5ipUYH06dg2j7Q+aSNBQUGMTxzLHXNm13hOcqVl2CNHJLBl+3YOpx3xhpL1NU9JTklpcmgYZLcTPziOrds/8451sYSPlT+X1LQ0Hpu/gJkzpl808xcRERERkYuL2+3GZDLiM7fbjdv4DvCEZ6rsq53xGRnhrQkTJjCZMOH5XBVAinzbtIvw8b+fH+fVj9I5U+Bq8hj7ckvYl5vPmK7+TI3qQIh/6/9AmzZ5srchS77TydLlK1i6fAXxcXHMumm6T7MZMAJKMPZBjI2OZkJiIi8tNhrLrNuQVGvTlPi4QeQ7nRxOO8LLi5d4K/8aKzY62hs+Vt1n0qOmRjJtbcjgOOw2G86CAsBYpr5l23YiHA5m3TSD8Ylj23iGIiIiIiJyqfBUPJa5y8jJ/5qd3ywnM/dLSsqK2nhmFx8/cwDdQy9nWM+bCA/qgwmzAkiRb6E2DR+3pZ7hlY/SSck412JjfnSimK05LqZGBfLd7gEtNm5NRo5IYOaM6axctdobjIFRVXj/QynertFghH2e5cOjEozwML7Ssuz1SRvr7Nh855zZ3P/Qw+Q7nSxbvqI1HqfdinA4WPinJ3n0T/PJzs7xHs/Kzubpvz3HiawsdbsWEREREZFm8wSPbsrIyT/I6j0PKHRshpKyIo6e3k5m7pdMHryA8KC+LRJAFha5cBYV4yopRdtLSlUmE1j9LNgD/OkQYG3r6QhtFD5mnD7PKx8d5YM9OfWf3ARFpW7eTCv0LsUe1rn1frPNumkG06ZMZsu27axPSvJWQgIsXb7C24ClclOZLds/IzXtiM84nnAytpb9C+Pj4hifOJb1SRtZuXpNvUu0a1J578SqVZked8y+zafJzD8WLeZwlbm2hdjoaJa++grJKSls2baddRuSvIHvshVvKHwUEREREZFm8Sy1LnOX4XaXsiP9PwoeW0hJWRE70v/DxAEPgwnMpqYHkGcLzpNfWNwKs5RLhdsNxa5Sil2FuEpL6WgLbOspfetd0PDRDbz6UTqLPk6/IPf7xlnKC185uaKzlRt6BdLdZmnR8ZNT9pYHhr2N7s3jEnlp0WJWrl4DwIlKS5s9S67BCBprWva8fkMSsbXsFwlG9+kt27Z7m8Y0VuUQsbaQMzYm2ieYDLLbG32f2qxcvYbY6GhionvXOW5ySgpOZ4F3eXpqWhqH047gdruZMC6xvIlOHI/Nr+ja3ZA9M0VEREREROrirXt0l5CZt7uNZ3NpyczbTZm7BIvJ3OQdMwuLXAoepVHyC4uxWiyqgGxjFyx8/N/ubF79OJ3MM+cv1C29dpxyseOUi+/3CGBqVCBWc8vsL3H/Q38AjM7V3uXVORXVnF3Lw7DKS64djnDuv/ce7zlbtm33hpVbtn9Wa7MaMILAWTfN8O4T2Rh/ee55b2DpcIQ3ed/I5nhp0WIAn+XoNdm9J4VlK94gPm4QC+c9yUuLFpOcspf4uEHeJjNVw1cFjyIiIiIi0hyeqscydxklZS5KyxRytaTSsmJKylyYTH6YMWE2mRs9hrNIvybSeM6iYoWPbazVw8fkb87y6kfpbD+c29q3qtf/MorYku3ihqhARnf1b7Fx3129huSUvTidTp+lzUZDmhRvuAgQbA8CjGXP+U5ntYrIlxYvYXziWJ/l205ngXdJ9rQpk1mXlFTjUugt27aTVWlPxPVJG9m6/TOfOQE+4Wfl+3tex0RHE2S3VxsvOWUvySkp2O12n2cCY+nzzBnTqx1/adES7DVUOaampfk84+G0I95mN7VVdSan7PWek5xS0Tl82uRJNZ4vIiIiIiLSEJ4l18b3pbjdJW07oUuU212C210KJkv568YtvXaVlLbW1OQSpt83ba/x/1dDA53Od7Hg/UPMWZLcLoJHj9ziMl47VMBTe/LZn9cy/4WS73SSnJJSJXicxMgRCezek+Kz32NqWhq79xjB2eG0NNZtSPIZa+Wq1WzZtp2llZrKpKaleasGwWg+U5OVq1f7BHeVKy7BqHisWnX49N+e8xlj3YYkDpdfU3W85JQU7/NUfibAO9/K8/TMPTklxScsBCMorXzM8xkmp6TUuaS86ljxcYOYqf0eRURERESkmTyNS9y4KXMrrGgNZe5S3J7F7U1Ye63mMtIU+n3T9lql8nHZlkxe/TidwuL2+wP7QF4Jf96Tz7UR/kyNCqRTQONz2Lf/s4zkPb6hY5DdzsgRCd5lwBPGJTJkcByph9PIdzoBGFLe5TrC4WDmjOnVxh0yuPqS5MrLiuPj4vj1PXd7QzrPe+MTE2tczhzhcBAbE13jPo813b+u8WqaW33j1TR+feNUnsfCeU96g8/KRo5IqHXvShERERERkSZxu70BmbQsN24lQSLfQia3u+X+5H+0/xSvfpTO11nOlhrSxzXfHUyuq+V/UPmZYGqvQK7voQ5IIiIiIiIi3zaevxa7KcVVep6iknP854tb23hWl56br/wnAX7BWC2BmDCWXjdm2fWxU2dba2pyievWuWNbT+FbrUUqHw9lOXn143Q2fnWqJYa74Erc8PaR82zNdjE1KpCrumgjUhERERERkW+vlmlSKlW14edaVkTWgWNs21vIx6dKOOwyDtutJmJDAhk9pDOj+3XCv9U2pxP59mp2+Lj98/d59ctOJB9rv0usG+pYQSlLDzn58vjn3D54fFtPR0RERERERL4FenUaToBfMAC5Bd+QnX+wjWd0KSnFeTidfyad48Pz1d91utwknywkeUMGr3x0glsSo5jaL+jCT1MuGhlnzvN/u7M5cCK/3nOtFjNXXxbGdYO6YPO3XIDZtU/NDh+HRbr4S+YMPnD8gX9+PZjTzou3K9iwkG8IyF9An8ArgcaHj5W7N4PRDMUjNS0Np7OgzusjHOE+ezs25961sdttRDgcNXbLrnpebHR0rfOu/GwiIiIiIiLSOBHB/bki6hYiO8ZhtXSo9I6bguJcDuVs5PP0pbhKC9tsjherMzvSyB4QTT9bAYc/SOOBQ6UUA/aOAdx6eSeuuCyMMFt5HFKQT9bRHP73+TneO1vCP9cfZkuagye+2xX/Nn0KaY8Kikv549sHSMk81+BrNuw7SVZeEbePiapxvFc2phMfFUzigC4tOdV2pcUaznzX/SRj+4Wz7PwjrNgX1lLDXhD9gvMJL/0XxXmbaEr95rIVb7By1WpvQxmPILudGyZPYtZNM3hp0eJ6A8KZM6YzZHAc9z/0sM/xf7/6sjeUvP+hP1QbZ+G8J6pdU5v4uEHMumlGvefHxw1i4bwn6533hHGJ3DB5khq/iIiIiIiINNCgyElcGTWTDtYQ8otOknZqKyfO7sXPEkD3kCF0C4knvvs0uobE8Wnqi2Sd29/WU764OAv43esHuCW8mLcy3BSbLdw4uge3xIVUP9cWRMSAIG4dUMINyWks2FzIgUPZPPC+mwXXRyqAFB+nnS6O5Z5nRGwYz82svygr48x55izezZ6MmsPKklI3n6flcjinoN2Ej2v35PDU+6nMv7E/CbGhLTJmi3a7DijNYbb1LsZdMY6lp37GJ0fa92YJXQNLibWux3XuNYqbOMZfnnuedRuSanwv3+kkOcXo0BwbHU3q4TScBXVXP9rtdmKie/tUJj79t+dZOO+JGseJie6N3W5v1Jxrukdt6pv3ug1JbNm2nReffabJVZsiIiIiIiLfFgO7Xs/wXj/DbLKQfOxdthx+2ef95Mx3CLNFMSrmTrqHDGH0Zffy4YH5nClIr3fs0ZfdQ2d7DDu/+Q9ut5uhPadzynmYzakvttbjtF9FRbyeAZj9uOsH/biua31LXv0Ii+/DU440nnjnHDvSTvL63hBuHWS7ELNtFa5ju9iWnEkh/oTEDOUyDpJ8+Awus52oK6+hf6eG97twZe1l2+40Csv8Cek3ioToOnKIgkz2bN/F8SKwdhlKwpXduXg/xcYrLXPzZfpZhvWuIey+CJx3lVJa1rLNnlslHexdsoGHQ2bx2LDNxHRu0XyzRVjNkBCSQtT5W3Cde63J4ySnpPgEj9MmT+LFZ5/h7f8s4+qE4T7n3jFnNrExFdWBM2dMZ+17K1n73kqf82Kjo7lzzuxq99mybXuN49w5Z7ZP1eHCeU94g0qPte+tZOaM6XXewzOXyufVNe+F857AbjN+fOQ7nd75iYiIiIiISM1COnRnUOT1+Jn92XPsPW/w6Ajqy6S4+Yy+7B4AzhSks/arx8nM202YLYoh3X/YsPEDu9HJ1osAv2DCbFGEB/Wha/DAVnuei4LVSs+OlYLHsjyS39/HrS8mc8OLyTzxfiZnyiqd3zWa340OIAI37205xuGyaiMaSrPZ9Mws5syaYXz9YSXpddcaUXBwGQ+Un3/Pi59y0gWc/JQXfzHDO84DS3dR0EItNfKObuat15fx5utLWLPnOCf2vMPrry/jzaUrST7ZuBKsghPbeXepMVbSvlxcdZ58hE0rlvHm68t485ODLfY8F4tFH6dz19IUnluXRmRIAFOHdcXfr/HNltzA0k8zGP2nLQx/bDNj5m9lzZdZ3vfX7z3JuKe2Mfyxzdzwty+4ddFuHn/vawDOnS/hvuX7GPH4ZoY/tpnpL+7k6CljC4eNX51izPytbNh3EjCqM7/79Hbe23mC93aeYN7qQxS6Srl7WQq3vLSLs4XN316xVUsTR5b+g5d7TOcXg4/i79c+qiDjO2ZzleUh3HlPNnusd1at9n5/dcJwI6iLjibIbmdkQgLxcYMatBx54bwnePHZZ5h104xaz3lp8ZJqy7ormzljOjNnTK+1CjI2OpqZM6YzPjGxzrlMGJfIwnlP8MjvH6zzvPi4OJ9Qsq65iYiIiIiICMR0vobQDj04cXYfnx2tKISx+tkIs0UREtjNe8xVWsiujDcodOXSPXQoEcH9G3Wv3Zlvs2jLVP775V0tNv+LUlEhv3v9aw4UAJRyeF06f0wrMQLHMtiRdoqH12X7XOIf141bwoCiAj5MLqplYH9Cu3XHqB20EhXjwFpP7GG1OYjqZHxfsHUp7+/OxmUNJTLG8/d4B1ERYdBCfUm6XH0HD87oW/4qkOjr7+OWJmbRIUOm88sbujfwxqO45ZcTuDjr/prv1mt7MqpPGMu3ZfLCh0f4+Zgo7rqud6PHSf7mLP/6NIMpQ7uy+aGRfC/ewfPrj3Aoy8mx3PM8vz6NIVEdWXt/At8f4mD/8XwGdjOaJS3fdowvj55l4YyBvH/fcMwm+PP7qRSXlmHzt+B2Q/756qHi+Lhw7rquN4FWM49O68tfbx5IcIfmFxVekLLEH5l/T2L8AJbl38fqg21TbBttP0933qL47Pu0VEucPZX2QpxQJdSbMC6RCeNqD/qyc3Iq7aVYewJut9lwFhSQlZ3NylWraw0oKx/3LPWubOSIBEaOSKj1Pr77OpoIasBS7qzsHO/3WnItIiIiIiJSt4iOA3C7y0g7taVB52fmfsmJsyn06nQ1kSGDG7X34+S4BXQPHcI3Z3aQenITI6N/zvGze/i/fY8CMKbPXGK6XEvayc04gvvTMTASi9lKmbuUtFOfsn7/n5r0jO1B2OhBvDu6ysGyUiCbrYerLyfNOJzHARz08x4JZsQAf9hSzIdHT/PzyyOr38QSyuDrJjN44/PsZCgTp4wiMrDueVl7jGLi6LXsfDcTyGXT2+tIeGA6E6eNZXvKGk4OnMS00b2x4eL4Z++wcuUadma4gFBir57IpB8lYvv836xJycVlDSU8MIcdWw9SENyXCT/7BdOGG2GoK+NTVr69ms1fHKHmYsxs9qx6gf1f7yLd4nttQdpGVr69ko27jUC2S9+xTJw+nbF9qy/RduUdZPPby1iz8SB5gLXbUK65fjrTRtcQtLmy2fPBG6xc86lRIWrrzrBx05k2ZXi9n5u3OUfVULa24xdIQXEpSftOUlBcvTx2WK8QDmUVsHxbJgD3TGh8n4yP95/CYjJx4/BI/P3MfH+Ig3UpOWxLzSXU5sfZwhJuvCqSMJuVIT074m8xY7WYyC8qYdOB0wzqHsQ1fTthAhIHdOHNz45x9GTdDaxs/hZCOvhhwkRnuz+OjgGNnndNLtia6E6lX3FPh9sZN+xH/DvrB+zMbNn147UJ83czIHAzJWf/3uR9HWtTudovKKhx+y6u25Dks2Tb0+ClKk91YXLKXt5dvabOQLM57n/oDz6vqy4H90hO2cuyFW+QmpZGVrbxw2h84thWm5eIiIiIiMilomNAV4pLC8gtzCAiuD/9IibgZw7AYrbiZw7AHtCZxL73A+AsPsn2I/8kr/AYJkx0DKwhAKtDyvFVhHToTlCAg9STnxDf/Qd0sscQEdyfrHP76WKPpdCVS2ZeMoHWjhzM3kChK5ch3X9Iz9Ar6BM+lq9zNrbGx9A2zI1LqPx7deCKLcXsOHOeLCCiNeaUsYY3PxzKLwf4Hj75xRKefn4jeYQS1TeUgtQjpG7dyFeJ13BFWQHHU/ZyEthPKJE9QinIOMi6196gV8zdDCvezItPvMyeAugS3Zcupw+Snlf91sd3pxHZIxSqXPvqgoprbacPkn5wI9u+nsQ1fas0Hik4wsbn/sibB8HarS+x5kxSM3ax+YvhTBzVG5+ostTJ/nee4m/vZ0Jwd2Ivg/RDmez8aBfXTqwvfMxl09N3827I3fzx9uGEeH4ZS3PZ+eoDvJo3nQW/G9smVZannS5e+PAIp511LkLn06/P8OPhkUSG1pey+iopdWMygcVsFKyF2a1YLSayzxYRHGhUL5pN1YvZysqgzO3GZDJ5S90cHf0pLnFzOr/uubaWC74WelDpf3mqy8389vLdOIJbN/u8MiSVvq6fUnL27616n9b2m3uNfT/ynU5eWrykTeeSnJLC0uUrvHs8jhyR4J2fiIiIiIiI1M5kMuPGjZsyQjp0p0/4WPo6xhHbZTQBfkGEduhJX8c4+jrG0bvT1QC4MUIEs6lx4VnaqS24So0qJ1dpIaedaXSwhhIZMphenUZgD+jCyfyvOZj9If+371FOF6RR5i7hdMFRTCYzJlP72DqtZTm4OqZ6WNMjJqRS1WO5zv70AMgvIbcVZhJ59QT6B0P66qUkHXRW7KHoymTPR5vJw86wOx7nwQfu4/r48ijPbCN2/EwmDgSwk3D3Av748ANM6wWcy+RYrovjn601wsNxv+PBRx7m9u/1reHuzbnWUHg4iaSDQK9p/OaRx7n31rHU2qs5by+bPskE6yBu+f0CHvzVTEYEN/STCuXan82iy2fP8Pirn5FXijd4fPEzBz/+WdsEjwA9wgL54DcJfPbINdW+nr1lEPYAC5Ghgcy/sX+jg0cAP4sJtxtv85fCYqMRjKca0Y2bMnf1wj6z2Qgl3W43nnfPnS/F389Ep6CGNxlqSW3WDWa8+8+MibXxn+J5LNvXskt2BwbnEuZ6FVfeDi5MfSXk5zduz8OZM6bXucdjZREOBzNnTGfZijfYsm17g5ZEN1ZtlY5VORzhdHU4vB2wt2zbzroNSap8FBERERERqUeB6ww2/zAC/YI5mL2Bg9kbAOgeejmJfe8nt+AbVqc84HNNgF8wbncZBcWnm3Xv42dT6NUpga4dB9HBGoqfOYCc/ENEhV3FyJhf0DEwktKyYkwmC273xdwh5Dj/fCGH9+jAU3f1qRIqWoiZEMXjpZn89WgJZ4ArenXmrgkXfhsxW69rmNYvh6df28W6t49UvFGUy7FMF1iiuaxXGFbzmVpGsBMSasVqtmKzA7hwleRy/FgOYCWqT3dCLNSy7Lo51wKUkJeVyUkgJKYvXepZmVuSl8nxc0CPvkR1slJ3t5oaREzgwfkw/8FneJzbmMQ7vP6Zg1vmP87YVilJbZ4th87w0H/307GDlWduGoifxcRz69O4Z3ztS6+LS8rIOHPe+9rmb2FYrxD++/lxNn51ilkju/Ph3pOUuSGuRzB+FhP+fmbWfJlFjMPG+r05FJUYf26DAvwY0C2Ij/afYm/GOaI6dyBp30m6hwXSPcwIQf39TOw7lk/frvn8fcMRcgtcnDtf8efejZvi0tq6LTVem7aitroL+Kl1LmOHjWTZmZ+zMa15CWwPWwm9LWsoPrei0b+XmyImujeH04wfEitXr/HZU3HdhiTWJ20kNro3d1TpLF1ValoaTmcBMdG9aw0Wp02ZzLqkJLKzc1q1uUu+08nhtCPY7bYam+VMSExk1k0zWLlqtbcKc9mKNxg5IqFVQlEREREREZFLRV5hBpEd4+geejmpJzfVe77V0oGuwQMpKSvmTEF6/TeoYQmmR0buLgpcZwizReFvsXHedZZjubvp3/W7BAU42PnNcr5IX8aYPnOJ7VJ1w8SLSQA9g4B8F1mnoF/nKm+bQ4i/PoR/1jfMqWIyAIL8CK3vXI+8Xfzr0Rc4Ovg2br+5vj0g7URdPZ1pX6TwZopvgmFtxh6GnqY3ruLGZ3z1NcypzM/szwWtofMGkEt4nb7tNngECLSaie5i46EpfQizW/l//95DeHDNCa2fxYQ9wMLOo3n84LkvADCb4KYR3blnQjQ3X92dRR+n8+KGI/j7mZk5sjtDojoCMPnyCJZvy2TDvpNEhgbiZ674BbwzsRcZZ84zZ8luytwQHuzPY9P6YvO30KtLB67oHcp7O0/w/u5sbhgWgdViZseRXG4a0Y0Yh50APzO/Xr6PIT078sJP4ghoZhPpNg0fPaJKt/D7jlu4buht/CtjAgdzGvf/stj8IN6+k7K8P7f4vo51mZCY6A3gklNS+MtzzzNzxnQiHA4Op6WVN36pv/bypUWLSU7ZW+u+jwBBdjt3zp7NY/MXtMjca6vUPJyWxv0PPQzUXQ05bcpk3lm9muzsnHqb4YiIiIiIiAgcy0smtstoosKG0z30cjJzv6zz/CHdf0iYrSenC45w5PS2au9bLR0Y3utnnCvKwmyy0MkWxXnXWXILvql2bl5hJifzvyYqbDgBfkGcOLuP7PyD9Oe7mDBhMVvpGXYFXTsOxIQJf8vFWlwSQs+wDMgvYf/RIkZ3rhT6lBXhzMojNcdF7qkCviGAwZ0tBIWH0SPChn+lfKX4aCE7AP+wwJr3eyx1cTIzg7wioPQIOz5cSZ41g0MnnRw/nM2ZvStZt91JzIRJjLgs1GgEcy6HY6eNv4sfP7SX9GvGcs0Pf8COr94g1RODBITTq5cdsg6y7ePPiBp4hp2HXICTvBM5nLJlc+ws3tcnAyq9zi4gKKo3fLqXPRvWsbNTX46lpAFQcDqHrG9yG3bt5o3sDInm6E7j2rzTmZw46fLOPe90Fud79aYLuzi+cyPbh/oTkpLCSYDcbE7mnMSalYMLcOVmk2uJpVcXSM/4lM3b+1JQtpmvzgGBuRzPyaV/SGjDgsyICTw4P5w9DGVwOw0ewWg2s2TOEAAyzpznjNNVa/ho87fwyq3xtY51x9he/GRUD047XXSyW7H5VyTT906I5vYxUQDs+eYcD761n8Dy5DrMbuXFn8Rx2umiyFWKo2OAd+9If4uZBT/uzxmnC3uABX8/M26grMyNxWxicI9g1v92REt8FF7tInz0GF62hOHdlvBu18f454G+NXYMqmpoSCaBzoWU5p24ADP0NX5cIuuSkryIk+OXAAAgAElEQVTVj1WbyFS2bkPFeQDrkzZ6O0xX7jSdlZ3N+qSNlV7neJc1jxyRQHzcoCqdqX0lp6SwcvUan2OPzV/AHbNv83akrukcT+B4OC2tznknp+z1NpoJtgeRjdHx+t3Va4hwOLT8WkREREREpBaHcj4mKuwqLgsfS0KvW9lY/BfOFKSTmfslSz+7xefc/hETGRQ5iZKyYr46sda7f2Nl3UMvJ7bLtdj8OwHG3o77TnxAdv7BGu9/LG8PUWHD8TMHcuKs8ffKI6e20itsOEN7TGdI9x9xMv9rSq1hhAf1aeGnv1AsRPcKwP+bIv731QluGdYLuyuX5I0neP1QMQd8YoZC3gLgFJgtjL4slFvHdifMeo5tXxmlTdf16lTzbYoy2f7WyvLQMJud77/BTu+b5zny6Yds+ryY3LgJjLjMOJqXspq3PjF2kCz44g2Shl/O7cMnMO3723l6dfnfu60OBo+bRGzyG6R+8DxPf+AZ08n2Fe/TddgBNmaUv166FP9+mWzyvF6xgat+N4mxPfay8egaXn26Yrp5n/yb1flWkuu4dsTvJjG21142pqzkxZSKa0+uW0aSPZod5XM/uW4Zn1/xayaN/pRXP/mMN5/5rOLktJW8s9GEdf0uY9l22kpW7nuK6d8byo6lu9i05Cm8Nb/nd7Fy1S6G3TuWLg2t9owYyuAGntoaOljNBAX6cSjLyW9W7Kv3/CJXGc6iUroE+zf5njZ/i0/oCMYy7T0Z5+gTYSfQambj/pNYLSZiHTaf8zrZrVBLtBtmrzhuoqKxTWtoV+Gjxw3mRxg7MIplBQ/y7sGONZ7TJ8iJo2wZrryNtNVuFEF2OwvnPcljf5pfayBoL1+KvD4pyWe5dFZ2tjfEqywrO9snwDTCyIo9FX9z7z385PZf1Dqn3XtSvM1gPLZs2860yZO84SNQXpVJra89qs47OSXFO+/USkFlvtPpM08RERERERGpblPq37H5d6ZH6OVMiptPyrH3SDm+2hsuhtmiuLz7jcR0uQazycLuzHfYd+L9Gsc6cmorR05txRHUl6BAB9+c2eETUr6x8+c+5+89voa9x30LUdLPfM47yb8isuMgzhYeJzv/IPaALhSXtN52X63NPz6MGz8/wetnzvLmlnRce3P5X1E9F5WV8snBU3xyNJ/7BsHrZ4AAG9fF17KhYUB3rrljAYPPF1dZ3uyP1XyOL197D7qMJXGIwxv9hMRN5zePT8ZVWozV4o+tSxhYrPSf8gBPXJWLKyCULoFgHTiN3zw9nPTDmRTYuxMZAgUFTjCHYg90MWScE1cpWK12bFYXY39YXP46lC49HFz+yHOM+OprThJOVDc7rgJjhiY/KzfcUPe1g//wHNcePsJJVyiRXT3XWvEPtjJ26LTyuduxRXanS7/5xF53hPRT0KVbOFZXAQVlYAsOgpHDKXAVg8UfW6duRIbcx4K4NFIzcrFG9KaLpYCC84AtvKKD9UWgU5A/1/btxPJtmXxyoGH7sAYH+jEhrtZ2PE2SdbaIp95PJf1UAWVu4x5zJ0ZzWUT7rFg2ud01tMZpBFfGuxR8cW9Lzaea/ebr+XfOTXyeYeKa7w7G31JKH/8NuM4ubrV79o+YyJg+cxt1TWpaGsl7UrxBXZDdTvzgOO++ica+jnX/8Lbb7d4l21WPV95/sfJYMdHRPnst1hZqVj7P2Ncxrdo5VcXHxdU475jyudQ3TxERERERkYuB56/FbkpxlZ6nqCSf/3zxs1a7n9XSgdGX3U1M52uwmP0pKSv2NnnxMwdgMpkpdOWyK+NNkjPfabV5XGg3X/kaAX5BWC2BmDASJ1Md+1RWdezU2QafW7z3a+7bWGjs29gkJqaOjeXWQbb6T60qbxf/+uMzHB39ML/5YV+aMIK0sG6day5skwuj3YePHkncy6HIEQS7Hm/1ezUlfBQREREREZGL04UOHz3CbFHERU4hIngAQQHhlJYVc64oi8OnPuWrE/9X41Lri9mFDB+hgAPvp/JwmrtJvSFiosNZcH0kTV0s68rLpiDAQUidTWfkQlH42Lba5bLrqvyjbmRq/+mYbd3ZkT6Lz9OX0ZBGLiIiIiIiIiLt1ZmCdDalvtDW07hE2eh3fSwLPkjjgUOljQog+13m4Invdm1y8AhgDXEQ0ozrRS4lzeuV3cr8Og/HPmo5HYY9jdnWHYArom7h5iv/SV/HuDaenYiIiIiIiIi0XzZivtuff463cUUD9hX0t/hx6/gYnmpm8Cgivtpl5aM5MIKA/nPx731Tje93DOxKYt/76esYx+dHl5J17qsLPENf6zYkkZ2T43Ps6oTh1fY/TE5JqbExzcwZ06sdM/ZaLKjxfjHRvWvY59H3/na7zXv/mu4ZHzeoznk5wsPVPEZEREREREQuchbs/S7j4T5FZB04xra9hXx8qoTD5V1i7FYTsSGBjB7SmdH9OuHfrku0RC5O7S58DOhzJ4H954Kllo5SlfQIHUaP0GHsPb6GL9KXUujKuwAzrG59UlK18O5EVha/ufcen2O796SwbMUb1a6vKXx8adHiWjtoA0wYl8gvZt9GkN3Oug1J1caNjxvEwnlPAnD/Q3+odv3a91bWO6+RIxJ8Qk4RERERERGRi5I5gIgB0UwdAFPbei4i3zLtJtO3dvs+QYnrCRz0QIOCx8oGRU7i5iv/SXz3H7TS7Oo2PrF6heDW7Z9VOzZkcJxPxaHDEc4ds2+rdUy7raInVkx0b5/X6zYk8duHHq513MpzGp841mfsqmFn1es9tmzbXuPcRERERERELm3qMdA6mve5NqI3jYiXft+0vTYPHy0hg7AlLMI2/B9YOvZt8jhWi42R0T/nR5f/nd6dRrTgDOsXG1OxvNoTEOY7ndXCu/i4OOLj4ryvuzocTJsyucYxJ4xL9Bn3zjmzeWf567z47DPeY6lpaSSnpNQ4buUl01WXT8+6aUa1eXmWeDsc4d7jW7Y3PHxMTUvj/oce5v6HHiY1La3B14mIiIiIiLQfJuM/JjMWs7WtJ3NJsZitmExmTJiApqVBVr8GbNwoUoV+37S9NgsfTX5BBMY9TNDY/2GNHN9i43YJiuW7Ax9lfP+HCLNFtdi4dVm/Icn7feWl1o0J7xoqNjraJyBMPdz8oC8rO9sbGI5KSCAmujdgVG9mZWc3aAyn01m+d2QKTqez2XMSERERERFpEyYjgIwI7t/WM7mkRAT3N4LHZpSh2QPUBkYaT79v2l6bhI/+0T8hePwnBFw2p9XuEdvlWqYPe4WE3rdiNrXu1pZbypdYx0T3ZuSIBG84uD5pI/mtEMRlV2ouU7k60sPpLCA5Za/3KzXtSJ3jVa7QHD8ukZEJCTW+JyIiIiIicqnyZGImTJhNFgZEfL/V/y75bWE2+ZV/npbyysemZZAdAqwEdVCQJA0X1MGfDgGqYm5rF/QnqZ/jOwT2/xWWTsMu2D2H9phOn/BEvkhfxv6stS0+fmpamrc60BPaDYmLY33SRsAI71qia7QRIJpYuXq195jdZiMmunr4aCyBrt5kpjaeudptFR2yPQ1o1idtrHVpOMDEqdOqHbu/fC/Kyk1vRERERERE2iuTyYRnP0KTyYLJ5Ed4cB+ujb2Lr078j1MFhyktK2nbSV6ELGY/OttiGND1+4QH98Fk8sNkqlgCa2pCAtnRFojVYsFZVIyrpBS3tueUKkwmY6m1PUDBY3txQcJHs70Xgf3nYu1ZPai6EIICwhnTZy59HeP4PH0px/P2tNjYlZdcjxxhhI8jExIqwsftLRM+vrRocbVjv7n3nmZ3o6685Nozf8/S7uzsHG+4GuFwNOs+IiIiIiIi7ZnbDSaTGTNu/MxWSs2BRHTsT2iHHrjKCiktK6K0rAS3u6ytp9ruGXtm+mExB2A1dyDAGoSfORA/sxWzyYzJZC7/vJs2focAq0IlkYtIq4ePgf3nEtD/V619mwbpFhLP1MEL+erEB3yRvhRn8almj7mlUlfrX/7qvmrvb93+GflOZ7NDQo/4uEFEOBzMumlGrYFg1YrD5JQUbzViVZWXVa9P2ugNTaueU1v1o6dzdlZ2tvfa8YljiXA4FFiKiIiIiMhFxah/NGE2+WG1BALGkmFraQfK3CWUuUsBN251w66Vp6GM2WTBbPLDzxKAnzkQqyWwfBm7iYo6UxH5Nmi18NHa8wcE9p+L2X5hmr40xoCu36WvI5HP05fxZcabTR4nKzu7QQ1ZGrL0et2GJNYnbaRrhINf33N3tfcXznvCp6N1S9mdklLvOStXr6k1fPR0zk5OSfGGjxPGJbbKXEVERERERFqLyWTC7XZjwgwm8DP7YzaZsZRZ8bd0oLSsFEzu8srHpjdNufS5MZnM4DZhMRtL2I2KR2PJtQlP1aM+Q5FvixYPHy2driCw/1z8HNe29NAtymL2Z0Tv2+jrMPaDPHxyc6PHWFdpyfW0yZO4Y85s7+un//acN4x7d/WaesPHrOzs8m7ReMNHp7Og0XNqjHynk63llZt2m413lr/ufS81Lc1byelZmh1bw/6SIiIiIiIil4qqAaQZE1aLH253KX4WN7hV9dgQnq7WJkzlgaMJk8lsfK4oeBT5tjG53c3bntWV8S4FX9yLKaALgf3n4h89s6XmdkGlndrCF+nLOOU8TP+IiYzpM7fO819atNinm3VsdDS/vvduYqOjWbchiWUr3vCpioyNjuaGyZOqHa/J2vdW8uif5nuDQc/1drudhfOeqHZ+1fsF2e2MTxzLHXNmk5qWxl/+9rx3X0eA+Lg47phzG4/9aUGN14CxhLzyNREOB4/8/oFaA8h8p5PD5efHREe32DJzERERERGRC83tdmMylS8N9gaObioqHhVA1q7yZ2SqFESiikeRb6kWqXwMuOznBPSfi8nP1hLDtYnoziOJ7jyS3Zlvc6Ygvd7zU9PSvMGj57Wz/HVNy7E9jVsaskwb8I5V+fraVB033+n0nu+s9L1HckoKTqez1mtqul9Wdna1OVUWZLdrqbWIiIiIiFwSPBWQnu9N5YGaOis3XOWM0e0ujyIVPIp8KzW78tFd4sTkd2lVuRUUn8HmH9bW0xAREREREZF2pJl/ff5WUdAoIh7NDh9FREREREREREREamJu6wmIiIiIiIiIiIjIpUnho4iIiIiIiIiIiLQKhY8iIiIiIiIiIiLSKhQ+ioiIiIiIiIiISKvwO3HybFvPQURERERERERERC5BflP+ntzWcxC5pH04N77ZY1z312TW/frqFpiNiIiIiIiIiMiFo2XXIiIiIiIiIiIi0ioUPoqIiIiIiIiIiEirUPgoIiIiIiIiIiIirULho4iIiIiIiIiIiLQKhY8iIiIiIiIiIiLSKhQ+ioiIiIiIiIiISKtQ+CjSxlatWtXWUxARERERERERaRV+bT0BkW8zT/C4atUqpkyZ4j2em3+eVVu+YvOeo+xPzybrTD6DZm2gS2gQ/aO6ck18DJNHDSY0qENbTV1EREREREREpF6mqx7d5G7rSYhcyj6cG1/j8ZoqHqdMmcIzb23m1TWfU1pW9x9Ni9nEnMmjmPvjsS0yTxERERERERGRlqbKR5E2UFPwmHW2mMR7/k7GmaIGjVFa5ubl9zazOfkQf75zGrHdu7T0NEVEREREREREmkWVjyKtrLbKx8oOZZ7itj+/zYnT+U26R0SnYJY8MFMBpIiIiIiIiIi0K2o4I9IO3P/S/zU5eATIOn2O3/5jZa3vu91uzp07h8vl8h5zuVzknc2jrKysyfcVEREREREREamLwkeRNvbMW5vZeyS72ePsTTvBX9/cWON7ReeLmL9gHsnJu73HkpN3c89dd3L2bF6z7y0iIiIiIiIiUhOFjyJtKDf/PK+u+bzFxlu0+lNy8wtbbDwRERERERERkeZQ+CjShlZt+arertYefXuGc92Vfes8p7TMzepP9zR6Hm63m/fXrOZ73x/P9ZMm8pdnFlJYWADA888/x1//+hdmz/4pEyaM5X/vr+HBB3/LyFFXsXjxK5SWllJaWsrKd9/me98fz7QbJvP6sn9TWlra6HmIiIiIiIiIyKVF3a5F2tDmPUcbdF7fnuH87d4biI7sxCNL1vLGhi9rHzP5MLMmDq/xvXnzniDIbgMg31lAcJAdgEOHvubNN5fz6itLCA0N5ZE//oFPPvmYiRO/B+4ysrOzePKJ+az7cC3LXv8XDz/8OOMnTOTf//onP/zhjeTk5PDB//2P15YsJdDWgYce+h3xlw9lcNzgRn4iIiIiIiIiInIpUfgocoF8+WX1wDD5UEa913mCx/5RDl56b2udwSPA/vQTtb5388230LNnFACHvj7IunUfAHDwwAG694yiS+dwAjsEMigujoMHDhjhIzBixNVEdutGaEgovaNjie4dTWBgAMEdOwJw9KgRon596CAArmIXxUVF9T6biIiIiIiIiFzaFD6KtKFcZ3Gd71cNHp96PaneMU/m1t41Ozo6hiuuuBIAPz8/b/jYXEXnz3u/t1r9ue2224mJiWmRsUVERERERETk4qU9H0XasTmTEhgcE8n2fen8/Z1PW+0+ffv1I+vEcfLycjlfeJ5Dqan07devwddH9e5NUVERfS7rS0LCCAYOHETHjiGtNl8RERERERERuTgofBRpQ6F2/zrff/y19by3OYVRg3vz7D1TCeoQUO+YXUKDGj2PmJhYEseO42e3zeLmW6YTGBDA6NHfqfMas8VMcVERhQWFDBwwkJEjR3HTTTcy7YbJzJ17N8dPHGv0PERERERERETk0mK66tFNDWu1KyJN8uHceKDmPR8XrExm5+GTdV4f1CGAp+68nimjBrH2swP86rn3yC+sfT/F71zeh5fvn9GkuZ4vPE+ZuxSbzd6k6wsKnABNvl5ERERERERELi2qfBRpQ0N6d6r3nPzCIn73j/dZ9eleLr+sG6OH1L2X4jXxTd9rMbBDYLOCQ5vNruBRRERERERERLzUcEakDV07oCv/2niQsnrqjz0BZLAtgOOnztZ6nsVsYvKowS08SxERERERERGRplHlo0gbCgr0Y+rwXg06N7+wqM7gEWDO5FGEBnVoiamJiIiIiIiIiDSbwkeRNnbTNbHERAQ3e5xB0V2Z++OxLTAjEREREREREZGWofBRpB2463sD6RRUd+frukR0CubPd05rwRmJiIiIiIiIiDSfwkeRdqBHZzt/+NHQJlVADoruypIHZhLbvUsrzExEREREREREpOkUPoq0Ez0621kw8yqmJfTCbKr/fIvZxC+mXsPbT96u4FFERERERERE2iV1uxZpZ266JpbJV/Zi01cnSDtdwv70bLLO5GM2megSGkT/qK5cEx/D5FGD1VxGRERERERERNo1hY8i7VBQoB/fG9qDyy+/HIDr/prMul9f3cazEhERERERERFpHC27FhERERERERERkVah8FFERERERERERERahcJHERERERERERERaRXa81HkW8Tt/YeIiIiIiIiISB1MYGqBYfxOZ6a2wDAiUrv4tp4Abm/g6FYAKSIiIiIiIiJ1M4HJDe7y+NHUjBRSlY8ilzh3edrodldUPro96aPvv0RERERERETkW8hU5RuT24TbBCbcmEzgdpuaHEAqfBS5hLnLg0a3G9xuN/5WMx38zfj5mVqkdFpERERERERELi1uoKTETWFxGcWuMkyYMJnc0MQAUuGjyCXKJ3gsc2MLNGMLtLT1tERERERERESkHTMBVj8TVj8LBeeh4HwZmD3rsBsfQKrbtcglyGepdZkbf6tJwaOIiIiIiIiINIot0IK/1YS7zO2TNTSGwkeRS5RnqXWZ202gv/6oi4iIiIiIiEjjBfqbKXO7cbsbHzyCwkeRS467/J9ujACyzA1WP/1RFxEREREREZHGs/qZKXNT0ci2oo1tgyiRELnUVO5q7XbjLnM3uSOViIiIiIiIiHy7mUyUL7t2+2QODWUe/ZOpjP7J1Naan4i0BU+zGYwAUkRERERERESkqdzu8ozBmz42nCofRS5ljf+ZICIiIiIiIiLio7HVjpUpfBS5VJUHjyp8FBEREREREZHmcDdhubVHK4aPnfjltHgGtt4NRKQ+Ch5FREREREREpCW0r8rHHjz68ETu+95Qlj2cwJjWuYmI1EG5o4iIiIiIiIi0pKZkDS0fPjr68/cnxzCzpz8AHXuWv3a0+J1ERERERERERESkHWvZ8LFXPEt/m8BEh8XncICjF4/+dgK/7NWidxMREREREREREZF2zK/FRopPYNVt/Rloq+X9jpHcN3cyjiWreTS58cNPmfV9/l+MUU1J9mEm/iMZrh/D2itDjWOF2fz9z1tY1aTJi4iIiIiIiIiISEtrkfCxx3fGsOzHvehhredEWydm/uKHhL+5lv/3cX6j7pGTXQDDw4m15rM1udA4mJvHN5YejOlqISPla3KaNn0RERERudQ5nXDkCLhcxmuTCcLCoEcPMFdaDJSfD0ePGudVPaeoCNLS4Pz5ivMDAqB7dzhxAgoKjGM2G/TuDf7+UFoK33wDubkV11gs0LMnhIb63vfgQdi3z7jPwIFw+eXQoYPxfnGxMX/PPQCsVuM+Fosxr6KiiveCgqBzZzh2rHHPEh0NgYEVx3JyjHkdPGg8S3Q0DBtmjOV2Q2YmnDplfF8Tz7OazcbnWlpqHA8MNMYKCPA9PycHjh+HsjLjdXAwdOtm3Ce/jr8/eOZ+7lzF9WYzREZCeLhxztmzvnPwfE7+/nDmTO3PAMbnFxFhfJlMtZ8nIiIi1TQ7fBx4/QQWT44kvKELuK1BTLzp+ywN+pBZ759u8H22rs0h+3u9iC09x0crvzYOfrqLrSP6M6ZrKd/s28tWAEcM9/2wP1P6dKJjUR47d+3l0TcPM+XOG5jqgLNHDrMzJIYpMR04e/hr5n8EM6fFMCyklL2fbWfWiozyOwYx5ccJzBnqIDagmH0pe5m7ZD8ZtcxPRERERNqx1FSYPh327684NnUqvPIKOCptTv7VV/DDHxqBIcDQobB0KQwaBFlZMHs2bNlScf7QofDcc/DEE7BunXEsLAxeew0mTTLCvQUL4OWXK64JC4Ply2HCBCMYXL8eHn4Ydu3ynfN3vgPPPGPc4+RJuPvuinsA9O8Pb7xhBHm33OJ7/bRpcMcdMGdO455lxQro29cIS19/HR5/HLKzfedlsxnzuvlmWLIEHnmk9s/d86wdOsCNN1aM1a0b/Oc/MHp0RZhXWAh/+xvMm1dx/cyZxvi//S2sXFn7fYYONeb7xRfGc3lC5ptuMsYMD4fdu+FHP/J9nptvhgEDjM+/Pv/4B9x+uxGoioiISIM1c8/HSC47e4j5r21ibXb9ZwOQfZT7XvuCt86GcnWT7umHY0QMU8q/HD7VlpHMv3Mkv4wLIufAUXaeD2LMdSN58cdBgIXwyBCGjopnSvA59p6B2LhBLPpFH3qeOUWOOYirExN4ZqAx0tWzrmP+dZGEnznO2kwYOuJK/np9kyYsIiIiIm3NbjdCt8o+/9wIG+uqeNu1CxYtMirqahIf71spCEYV3QsvGKFfTWPHxRmhXHExLFsGP/5x9eAR4OOP4ec/h5SUmu89ZIjxXFVZrUYw6VelzqAhz9KhgzH/xx6Du+6qHjyCUX2ZlVX351afY8eM5ysurjiWmQlJSRWvAwOhX7/qz9EY//0vrF5dEUZWFhxsjG9u+R6cIiIiUqGZ/017nFWbDrNq22HOlvm+U1RU6v3yUVbMqm2HWbXpsFGp2Fi2cGbfdi3PlH/N9uwDCTBiIGO6W8g5sIsbX97EnH8cZl+ZhYED4nnxH/vZex4oyGbRvA3MWZtNDnD2cDITn9vA7OR8wJ/wbgB9mD0khIBTGdz354945kgxRVgIqOF/24mIiIjIRSAmxqgCDAurOHbsmFH5VzkAu+oqWLPGCO88/vUv2LjRWLL8/vtGNR7AyJFGZeCVVxoh4rRpFdesX29U/Pn5wfPPw9NPG8cdDqOyb/hwOHDAqCAsKDAqAVesML5PTzeqFgF27DAqBENDfe8xYYJxbWysUan47rvGfABuuw0eeggSExv/LN27GwHg4sXG8SuugA8/ND6jzEzjvh4BAfC73xlBJUBIiBFu7thh/DskpOLca6+F994zxvfYsMH4NQBjmfSOHUZ1osddd8Gvf20sLX/55YpnHzTIeK7PP4cHHqg432IxKkBXrDCqM8EIHV94wVg2fu21sGmTUSUJRtXjPfdULP0ePhz+/W/j357XS5ZUD61FRESkUVqu4YyPPFbd/S4PAjCSta/0Ibalhi7IYfGK/ewtfzloTAKzY8pfBFkIAHLyypdlZ+eTdx4I7sCN5PmOs62Qs7dB+Q4wZFTe+4VwenYE8jvzzLMzCbdZKDp1lPfebKmHEBEREZELqqgItm41qvr69jUqBnftMoK4WbOMMK42Z84Y4dfQoUa1XEMtWgRjxhh7JFZVUmIEn55l4Pffb4Rr/v7GHon33gvbt1fMcc4c6Nixcc/clGdxOo1Q8Nw5Izx85BEjxGzIPocBAcZnO3QodOkCzz5r3OOKK4zrXS7fCsRdu4yv3r2N/RjXr/fd0/LcuYq9HysLCYHBgyv2koyNNcao7ddw1y4jVKxpabXZbISSL79sLM0eMKBiL87QUEhIgD/+0ViGfuWVqpIUERFpglYKH1tTCdnbDnu7WoePSqh2RkBgJHC84kBBIW8BUxp7q7JCtqZkcGh3Oqt2HNd+jyIiIiIXq+PH4aOPjO9vvBG6doVf/crYIzAlxajIqytg+9//4K23jGq5hkpNNUKtP/2p+nuFhUaVX2mpce/hw43l0h6RkUZouWuXsXw7O7tlwkeo+1lOnYLkZOP7IUOML8/n0q0brF3re37lJjdnzhj7Mu7bZ7z28zOWNXfubCzRLijwDR/PnTOqKq+7Dg4dqvj18XA6a14ufeSIUQXaubPx2mYzGvTYbDWHlWDswTlmjEUaw+IAACAASURBVNGUpjKLxfjsPdWOnkpMj9BQY1m8iIiINNnFEz46LBi76fgR0i8IDuQDQQSU7/ccGBxJj0/zyPhRJAN792OK4ziHrurFIBtkpKQBnXzHG+hP5d56PXw2jk5jb3YfYrt0gANf8+JJG7+clUDR2u0sbujeliIiIiLSPrjdRsC4e7cRWI0ebfy7d28jINy82Wju4uksXdkNNxhVeUlJ8OKLRphWW8DlceWVxnmvvw5vvgmjRlUP0VwuyCtfmdOpkxFyVQ4/AwKMzspgBJX5+c3bY7Ghz3L+vBH6gfEZ1fSZ1Mblgr/+teK11Wos3x4wwHg2p7MirOza1egQ/tFHxvLzTz4xfi1CQozqwjNnjOcuKal+n2PHjGXlHj17GkvLu3XzPc9igVtvNcY+eNBoDHTffQ1/HhEREWkRF826gdmzBjHUBtjCmTmpl3Hwp9dx32X+gD9DvzOYidnbeeaj05wN68UzT/6UVVPD4eh+Hl10nPmPX8nVNsAWyf/79UiW/rwXPYCO/eJZ+tMJrBoRBPhz9Y9vYD7HeWb9UTJKg5jy08kcemgc942KYcwVbfb4IiIiItJUhYXGXn95eUZA5Qn+PMt0N20ygrCaxMTA3LnGdampRufkjHrWw3TqZDSK+c53jGq/Z5+FL7+sfp4n+CsrqzlYbE6jlZo05FnKyoxqTDBCwIYst24It7uikrFzZ6NrdLduRij45puwqnxd009+Yix1BuPXrabKx4Yym2HECGNfR6sVPvjAqIA8e7b5zyMiIiIN1mL/i2bpfzex1eZ5Vcwh7zv7mb/kBN5FIgW5TRp/8V+Ws7jqwX+9y2X/qnJsxWqG/X/27ju+6vrQ//gryTkn45wMsjkQEiARCASiRCGIRRSBIOJChVZxYK3+6qy3llptrVZFb3FQLVjlapWWqmgtYnEwRJA42CMEEhISIITscQ4ZJyfn98eXLJIwExF9Px+PPOR8x2ecxHNy3vmMlT2Z0M8fyov4ZJcDgM9///cja1A2WXdUWUeVs/pzLl5tI3V4JBHUsFHTrkVERETOTgUFxuhGgG3bYPLktudbrz14dNjm7W2EYbfeamwU89lnJ1Zn377GpjHffgs7dhhfrZnNLdOoy8uNL4+npf6GBmMKNBjTiQMDTz8IPJG++Pu3rAVZXNx2DcbjiYw0dpe+6KL259zulvAxIMCY5rx7N7z9dstmPLGxMGmSsVEPdD7ycdQo45o+fY7fJovF2CTnk0+MXa//+c8T74+IiIh0iS4LHzO25pDR4ZkyPv+qrKuqOTFFB/mkS6ZHO0jf4OiKgkRERETkTPB4jDUMt2/v/JrqamNq7vjxYLO1P2+1GiPyVq0yNok5ET4+MGGCsa7ia6+1P+/rC/Hxxr8LCozwc8SIlnUfDx40gkswQrmmKdhNnM62u3QfPnxiQeHx+hIcbExjBiMwzcgwHjdNm37wQWMdy1/8AubM6Xx05qFDxnVBQcYI0MGDjSndTW2w22HiRHj//ZbRjRddZKzd2DTV+/Dhtn3syLZtxvT2+Hjj+W69m3aTnj3hnnuM57OzEa4iIiLSbc6aadciIiIiIifN4TCCtupqY13ADz6ADRuMr08/hdRU47q1a+HAgY7L8PIydlS+5x5j1N6JCgkxQrqBA9ufM5uNtSCbwrLnnzdG59XXG6Mg//53+OYb49zYscYaiX5+xi7SYISpX3xhrKHodMKyZS2jK6OijPDzVPoSFGSEsGazMfLyT38yNuU5kfUm6+qM0YybNhnP7zvvGNO8v/7aGMHYtJakn59Rd2oqDB1qHAsIMEak9ujRMvKyrq7jadeVlUb/N20ynqP58401IPfu7bzPo0bBzJnH74OIiIh0OYWPIiIiIvLDdOgQzJpljMADyMw0dldOSDBGE65aZRwDIywbMcJYB/Hhh1uO//nP8NBDxii8ppGMHdXz+ONGAAhGqHnjjZCXZ4Rr/+//tQ8DvbwgOdmYAg2QmwtXXGGMiAwNNaZFgzE9+cYbjdGA/v7G6EA/PyOAu/lm4982m7GRistlhJnjxhnlbNtmhHIn0xeTyTg3aZLx+MsvjTZ4exv1ND2XYIxknDfP+AKjTbffbuzSffnlLWGoy2UEhC+9ZDzevNnYQbqszAhWwdhVe9AgY4OahQtbrps82QhlWz+/O3YY5Z93nlFf08Y9jY3GTt5//GPLztq33gqvv248HzNmGCFkRzweI4D+5S+Nn4um7+O55xr1n+5mPyIiIj9iCh9FRERE5Ieprs4IsFqPnquoMNYfrKszAsfy8pZzhw8b6xw2TXc++p7ORjLW1cHGjS3Tipvuqa831hy89tqWMK81q9UYGfjIIy3TrVu79FL429+MXanBCAanTDECxI5GNkZHG1OhR440ws2KipbRkyfaFzACzLlzjz1SMCzMCOQyM48/lbmx0djRuvV1FRVGH379a+N79NZbxhqOR5dXXW18Hf38dmb/fmOafRO32wgnPZ5jj/j0eKCoyAgcW/+8OBzGiE2FjyIiIqfM69Y15R6AL978z5lui8gP0sY/Xw3A5o52uTyO5ORkAMY9v5VPH0w9oXs8HvB4PLgbPbjdHhrcjfSO9DvpukVERM56dXXGiMKmtRC9vIxpxbGxRiDWdK4pWPLxMab8OhwtG520vsdkMsKs/HwjPPP3NzaWgbb1gDEisW9f4xqPxxgdWVhojCCMi2vZbAaMtuzZY4SeVVVGYJmYaIwGbFr/sLWjr/fyMoK7ESOMUZNNqqqMqcgn0xdf35b73W7IzjZC2qYdom02Y7p0v35GO5ru7yyc8/aGiAjje9EUAoLRx9jYlinWTfUdXZ7JZKzZWFp67DUtTSajvJoa43lu2knc29vYCKdnT6P/TT8TNTVGANunT0uQW1pqTL1vvcmNyWSEsWFhndctIiLyI7C/qBaTjzc+Pl74eHvh5eV1wnvhefX/+Rv6M55IN1L4KCIiIiIiIiJns9MJHzXtWkRERERERERERLqFwkcRERERERERERHpFgofRUREREREREREpFsofBQREREREREREZFuofBRREREREREREREuoXCRxEREREREREREekWCh9FRERERERERESkW5hCe/U/020QERERERERERGRHyCNfBQREREREREREZFuofBRREREREREREREuoXCRxEREREREREREekWpjPdABHpfpl7Dp3pJoiIiIiIiIjIWcoWGHzK9yp8FBERkR+dwkMVREeFnOlmiIh0Cb2miYhIZ+wR/qddRkFxzWndr2nXIiIiIiIiIiIi0i0UPoqIiIiIiIiIiEi3UPgoIiIiIiIiIiIi3ULho4iIiIiIiIiIiHQLhY8iIiIiIiIiIiLSLRQ+ioiIiIiIiIiISLcwdUupsVHce144g0K8cVU4WL4xlyV53VKTiIiIiIiIiIiInIIlS5YwZcqUbq2j60c+Btl54tKepESYsZp9CIkIZuqlA5ge1OU1iYiIiIiIiIiIyClYsmRJm/92ly4PHxMvCCH26PGUJn9SLrB1dVWnyZ8x5/dkXMSZboeIiIiIiIiIiMh35+jAsTsDyC6fdh3r59Ph8QC/AMBxyuWmXpTAlVFty3Y6HaSv38/y4lMpsA8zk/wh1sTyxftOuV0iIiIiIiIiIiJni86Cxu6agt3l4eOyglqm2q2Y2xxtpKCg6LTKraxqgHgrdh83xRUuXBYzCaHhJET4YX4zm2XHuX9M2mCm+RRz19Ij7dhRzvpoMBdUnla7IkYNYE7vw8x4RwGmnMVctTjrG9odNvna8HE7qDvqlMliw9erFmcd+Pr7YToyhrqhxkEdflhNDZ2W59s9K82KiHSxBuqctbS8kpnavN61XFaLs67BeF00tzw+msliw5cOXmtNflj1wigiIt8XDUd+x7f6tYQFTe91zZ8NTEfOH/1eCU3vl9Q5qPNu9R7XUEudx894r4Qjnz846r31BN97XRUU5O+n0hROv17R7T5fNNQVUpBbgju4NzFRIW0+q7hNtpY2NDZQV1MLR7+He/th9W9pd9tjnffZhFFeQ+v7Gxuoq2nAx98Pk7vzz1y+prbttkeE6HOTdKvuXuPxaF3/47wxj8UR8UyNtRwJIBspzitk/sbTKzZji5OK5GDsjTUsX2yEjWPSBjMzJoCUFFi2HiL692T64GDie1gw19dTUu1g9RcVmC/ozZQYM9bacGZP7UFB9i72RoRi9wGC/IEqwEJqam8mxVmxm93s3VfE/FVupkyJIsECBXkluHpGMjTMh8rCUhYtKyBkVALXDvQHj4nZUwdSUXiQ2WtPL8yU71hQOPeODiRjbS7Lq45x7AeubP0bvP5lSbvjg65+hISMF1iyq+3xyIvu5vrg5by+NBO/4bdw+9jeULaWRW98TkPqnVzJ4k7Lm9S/u3ohItKVsvlk3mKyWh8yRZNy3Y2M6eXXfKhgzXwWbXBAr4ncOT0Fa+5S5v8ns11pkRfdzeWN/2r/2pg4jQcnxXdPF0RERE7WkfexhCsfYUqCcagh8wPmf1zLpXfdgnXlCyzZNZAp/zOVhI7eK4lm9O3T8F32AitcF3P7jNEEk8mSFxaThY2Un93PmJ6Qv+ol3t0ezzW/uoq+zfce/723LusDXv9wO05MmGiggRCSrr6d8X2N82Vfv8ZbawpbwkH/OC6dfiPJoSVsWDSftaamNgEVX/HP//scLryTW1PDm/sO8Yy/bxpJZij79sjnpNCLufW20YR22ufbGdFolFfmHc+ke6YxyAzs+YCX/lPC6NvuJGFX55+5RpYc1W5MJF03i/GxJ/0dFPle6oYsvZ5ln2Sw3h5MvNUbl9PJ+oL6rq8GKHZ5AG8sZqBXDA+OCcPurmVLfiWuHkGk2HuQEltLZaAPlua7GnE6gQgfIkLNmL2NM4kX9eP2QRachdWsb/QnNcHOnZX7KMC4zh5qp6LYQXa1lWExkcy4xMV6XzNmb8BtlHz4sILHs46vD+aQQKan9YVluSwnnHvT7AzzcbDX90w37rsTmnILdw5toPSbN3h3A6RcfwspEX5Y/SErAwgZyXXTRxJ25Hrjr3OTGbMjk083LGVt0jRsn31OUeBIpo8IJ9TdeXkiImeVAVN58IqB4NzLircXsv795fT55WT6egPsJ2u3g9DQcMoObCfLmUJy38nceddE2LOU+Z9m03f8/Uzob4wQqUoHiGf8XZPpd6R4k+X7tia2iIj8qMXF05dM8nP3QkIcALm52RB6MX2sUNrBLcHDb2T6BeFHHhnveUXRNthQSBEQXFZCKX74+jooLW2Ang4OFtZCz95EdtSGzt573dv56MPtOGMnc+fVyVgp4euF81m7dDkJv5xM35LlvL+mEOt5t3DLJb0xlXzO62+sZcVX2SRPCjHKbmj++N5e0wnvbHL3QlKCg/y9JcZOGa5aao/ZZ6AMwA9fczZfritk0JjoNsV3+pnLtJn3/12IT+I0fjkpHlNDLUW5+zHFdP5tEjnbdP1u1wARQcRbjaLNVivDunRTFy9CEqKYMS6BO/tYoKGGjB2QOiQIu8lNxsZM5qzKY26p68j1Jcz7dxXFgLOshFmLs1iQBUs+M44ZwkiL9cNcXc38JbksLnbjwhuLbzkLlhy5rrKSJ/6dw5xPjccBAV4sWlZCngtwVjFrcSZzT3N0p5wBxYeYs7SQDJ9ApqfFM+tI8Lh4aQ5LTmUt0bOV2Q+r1YbNzwSY8LPZWqYKAHj7YbPasB75MqYA+JE0fiJ27xK+fvs11h7wI2n8OOzeJ1CeiMjZxhrHyOTeUJdJVtNKKwcz2VkdTuKlKdjZT05ugzGN2trymmfyt2FtPXUNE36tX0/NHdQlIiJyppjj6dcL6nKzKQBgPwUFYO0bR2gnt/j4tbyvNb3nRUZEA4UcKgFKCykLHMg5digqLgRKKC0Ba3Q01mO15ej33j2Z5DZCwuBkrN6AdzjDz4uHus3szIWyrEwqCWHg0N7G+254MomRYPX3O1YtzcrKS4B4+sZCwf794Mom54CNpMR4qK7AeZw+N+nTP57KrWvJch1VQWefkeobqAPqSvZSUG38LhGZEE9o96Q1ImdE16UBQT2YfmEUP+nph7VdqbHQ4KbgYCn/+bKA9NOZyuprJW2s8RLldDhZ/nUei6pgZrAZqKV426kUGkBEAFDrz503DyXE1xtXdSXr0ltd4mk0QsiqRo5+DZGzXFURc5bCg5OjScQIHpf9SKZbn7CKtbzzynrj35EXc9PVycYvCoEpTEhdz+tfluBOuIpLNC1ARH7ArIE2YD+1RyZ0FO3OxBk4kJjYOAiFtbu20zAk+Ti/XGXzySsvsALAPIQpt43D3t0NFxEROWE2+sSFw5fZ7Csbh5295FTbGDSwd6d3lH2zkPlbjX9Hpt7ONUNtmKKjCSabshIoKy2EoJHEBPqxrayEhjIHhxrB3rPzMpu0fu81wsFwoloNlzQdWRixstJBaVkFMJCopgGJhDBixiOMAKD9dOcOhfYmpW8t727eS1nvQnJ947mufy3btjdQ64KmzS066rOhFvqlkLTnX3y11UFC0AnUaU1hwkWbeWvNV7z7yleYwgdy4WWTSel1YqGpyNmga8LH2BhmXxqG/VilmXywx0Ry19QgEldksiDvFOuqc7Do78ffYOaUNLrYeaCKA3kVpOc4+DENfPvRqypiztJqYqkhT8Fje+ZwImPC8QMIC6FlRvqRqQhAw57t7KwbQtKPaLq6iPyYFbJzdwWmXtEEO/2o6+0HWzPZ6Uom6ZijGW2ExfQ21pqyRKOPFSIi8n0TGheP9cuvyNnrYAjZlPnGc2nPzq/37RFNn3DjHS0s+Mg7W3hv7N5QUFrIoZIKfMPC6RMeDvkVVJWWUEY0idGdl9m5BlyNHbTB0vKO2tDIKc3xLC0xPtfY4uIJXZnN2swK6DOOPmQCFRyuhqbhnx32uYlPPCkp4bz+1efkX3pidYeOuJ1fJu5n55dLWZmRyepFeym77n+05qP8YHRJ+DhucMixg8c2NfqRMjicBXkn+JeHJkFeR/7I4EVIQhCxWVW0zi8zKl2MCfEjYbQ/rIXpoRbA0+ZFx+pnIRZ/iKghr02yWE5eZRj2QDMU7GdJtZkpF/XGtWV/+xFwQd60+0xh8WVckIUsX8gr7p71LeU7UFXDqWbiP3jWgVw8aXS7qRZ125ey4kAIyWPjyV21ntUfb+ecK4eg/FFEfojKSkoAG8E2oGg7WZXQUPkB85v3l8kma1cDSUOO9UtRNCmTriKh21srIiJyinrG08/3K7blZpNj2Q9xI+lzjMutCeOYlBp+1NFwwsJhZ1kmpcVgH9kba2A4vhUlZBSVgG9veoYcvymt33tDvaOB7RQVNkC48V7rrHYAftgCTURGRsOuvezLg0FNu9g0B5F++PoDzva7TbcTGke/wM9ZnwX2i+PAO5ujQ8+O+9yqiJTR9E3/gPU7T3xTOVNgb5Im3klS0sfMX7SebTuyGR+rTemk62zevPmk70lOTu6SurskfDSf7F8VvE/+zxBpP4kkwRfAStpYOwFZVSxodT49vZgxEXYSEwfwZiJUlNXjxEJicjxpWwrJKuuBPTScJ+4Ix3XoEOt8w4xpTiFhzB6zjznbKokfGUzqmAGkAjS6yajej/2c1tfVURHXgwgAu53ZYzazujiKxN42ZkxLhOpK5i7KZf1J907ke85VSE7mdg41PQ6OY1DoXj5ZlY1v4jTGDI8noXQ77279mNV5Q/QXOhH54Wioxel00FCymRUbSyB4JIN6QtHqTCq9BzL+FxOPbB6zn9X/t5idWZk0DBlyjF+wHORnbm/ZzdI3moS+4d2xA6CIiMgpimPgAD+25X7F+nroO/bYAVhdUTY7MwubHwf3GoI9MISe0X6Qu5nt1TYGhZkgKJow1rJ9uwPsIztfdqST914ak0ny3862b5aTH3MxUWSzIn0/BI8kORaCQ5Oxf/kx21Z8QMyUcdjd2Xy97GMODb6dm0aEY7eHwLfrWZuRzKWxULp5O2WEkNI/HCihrBiICCeU3vTpa2NnbggJcTYgnFC2U1YOhB+jz637YB7C6OGf89a32S03daZ6Pe++t5c+F45miN1GQ7mDBsAefUpDQ0W+l7rkd931G/Op2HXigaLL6Tz+RUdZtnTbsadaVxUxe2EFif2sBNR2sMP24kzS+1kJxkV2joNiDrYJLyGXBzMsJLa5Bti8ue11q4uOqngbGbE9sFvcFBw1GlPkh8Dq7wfVmaxe2jy0h+DUW/Hb9DFZDGTSpfGYgD5jr2JQ1r/Y9tnnpNx+cacLUouInFX2LGX+POOfpvAUrrluHJEUsnp3BSSMI8natMbTQIYM8GPn9u1kuYYwqIOifP1twF42L91P09+dTQlXkdD3OB9KREREvmN9BgzEd+tmyujNuX07iw1sWP3BmbWc/2YdOeQdwogbh2APBHvv3rA1GyfxhIYD5mgi/R0UVEPwkN6dhxEdvvcC3nGMv2Eile9+zLuvHhnyY43j0quPnA9MYdL4vSz6dDv/fXO7cbpnCmMGGu+zkRdN49Kihaz470tkAXjb6HPJjYzpYMvtvuPv586mB2Un2OejOhQ5cjR9Nywlt4Np4kc/j8Fks/Y/maw9csQaO5EJybZj3iVyNvE6/7E1njPdCJEfsuUPDAVOb4jzuOe38umDqSd0j8cDHo8Hd6MHt9tDg7sRR3XlSdd9ShobaMCESTuzicj3XOGhCqKjTmC+l4jIWUCvafJj01DjoA4/Y7foozU2UFdTC742fDtKOF21OOvB19/v+/W5paEWZ10DJosN32OuHy1ycuwR/sDpZRIFxTXYAoMx+Xjj4+OFj7cXXl5eeHmdWDma5SMiXcfbpBcVERERERHpViZ/W+efO7xN+FqPMWrQ7If1+xjumfyw6sOU/EB9n3J+ERERERERERER+QFR+CgiIiIiIiIiIiLdQuGjiIiIiIiIiIiIdAuFjyIiIiIiIiIiItItFD6KiIiIiIiIiIhIt1D4KCIiIiIiIiIiIt1C4aOIiIiIiIiIiIh0C4WPIiIiIiIiIiIi0i0UPoqIiIiIiIiIiEi3UPgoIiIiIiIiIiIi3ULho4iIiIiIiIiIiHQLhY8iIiIiIiIiIiLSLUxnugEi8t0oOLD/TDdBROR7w8vbotdFEfnB0GuaiIh0xh6RcKaboPBR5Mfikp8MP9NNEBH53vh83S7Gjk46080QEekSek0TEZHOVFVVnekmaNq1iIiIiIiIiIiIdA+FjyIiIiIiIiIiItItFD6KiIiIiIiIiIhIt1D4KCIiIiIiIiIiIt1C4aOIiIiIiIiIiIh0C4WPIiIiIiIiIiIi0i0UPoqIiIiIiIiIiEi3MHV9kRYS+1kJ9ml1yO0iO8dBcddXJiIiIiIiIiIiIt9TXR8+JvXhnlQb1kY3FfU+hPgBuMlI38bsbV1em4iIiIiIiIiIiHxPdf2061ATVupZvzKXOcsPkVUH4ENIaJfXJCJdrKamhvLychobG890U0RERERERETkB6DLw8cIb2/AQspFPbny/HASfI3jZm9LV1clIl3s/fffZ8yYMezevbvdueLiYn7xi1/w7LPPUldXdwZaJyJy9lqxYgXXXHMNWVlZXVbmjh07mDx5Munp6V1WpoiIiIhIV+v68LGsivSsctLz63FVHfl3Vjlbys6u8DHCHsnUlB5EtDtjIbFfD1ITepAa638GWnbmxMb+OPv9Y7Nt2zZKS0vbHa+srGTDhg3s3LmThoaGM9AyEZHvXk1NDU8//TRhYWEEBQVxxx13UFxsrGK9YcMGJkyY0O7rtddea1NGfX09H330EdXV1dhsNmpqanj++ec7LDMnJ4cbbrihXZlPPPEE9fX1bcr99NNPycnJISgoiIaGBhYtWsTAgQPx8vJqF3Qeqx8Amzdv5oorrsDLy4uhQ4fywQcf4PF4mu/trL0iIiIiIsfT5Ws+2qODSLG3L7bC4oQtjlMuN/WiBK6M8mlzzOl0kL5+P8u7/PffHsy4xM6wADfxNeXM3tH6XBBpI+wMC/SGilLS8/adRj1R3Du1B3agoqCA2euqgB7MnBJFwpGstiAnk7kbT6OKLjTmvBjGRXRFv+VsFB8fz/r16890M0REvjMej4eFCxfy9NNP88c//pHo6GieeOIJnnnmGZ588kmCgoK45JJLmq93OBy8/fbb5Ofn43a78fExfm85cOAA69at4/rrrycqKooFCxbw4osv8tRTT1FSUsIzzzxDdHQ0f/jDHwgICCA1NbV5hHlTcJmTk4PL5cJiMX5BKC8vZ82aNVx22WXEx8ezcuVK7r//fu69917Cw8N5+umneeqpp3jppZcICAg4Zj9KSkr41a9+RXR0NO+++y6vvvoqDz/8MAkJCSQmJrJw4cJO29vURxERERGRznR5+Gg2+2A2tx9QGdDBsZNRWdUA8VbsPm6KK1y4LGYSQsNJiPDD/GY2y06r9KOVszwnjIhwF+vbZWwlzFnkzayb7SSedj0NFLh8SIkyYw/pzV0HMpiX56KgzM2wRCsh1Q7WO49dQsSoAczpfZgZ73R/GPjmv8tJvCMMe7fXJGfasmXLeOCBB8jMzOSxxx7jvvvu46mnnuL3v/89s2bN4rHHHsPX1/dMN1NEpFs5HA7WrFnDhRdeyE033URQUBDffvstn3/+Ofv27SMhIYHf/OY3ANTV1fG73/2O0NBQbrrppjah3MqVK8nPz2f06NF4eXkRExPDc889x9VXX01ZWRlr1qyhqKiI+vp6oqOjuf/++wEj/Jw7dy6FhYXMmTMHq9XaXObGjRtZvnw5b7zxBr6+voSFhfH4448zc+ZMXC4XmzZtYu/evdTW1tLY2HjMfgQHBzNlyhSuv/567HY7dXV13HjjjVRUVAAcs73+/poNISIiIiLH1uXhY16tG2j/V/DDtYdPq9yMLU4qkoOxN9awfLERNo5JG8zMmABSUnpgrzObnwAAIABJREFUtxujBQvySnD1jmJooIe8rHxmp7sZd1EvxsX4E4yLgoMlvLnKzbjm0YVusrZkURw3kFHBRx4X12KPMAFexEYBVQD+jBvbm3E9/QjGDWagpql1FlJTezMpzord7GbvviLmr3IzZUpnbWoaAVrK4ooIpkSZwdtCyvkxJObtY9naWsYkWjFXV7F4l3FlRH87M4aGEB/iw+HSKpZ9nodrSALXDvQHj4nZUwdSUVjL4Wi/I+FgHesW55JuDybez012joP45tGjxrklQT2YOiKc1J7+BLjqyN5bxJvp5aReZjwXzkNlZNtC+UmkD5X7ipm1stU3JCGGR4dZsQLOQ4d4Yk35aX1/z5igcO4dHUjG2lyWVx3j2I/Mp59+ysSJE7FYLLz33ntce+21TJo0iS+//JJNmzbhcDgUPorID159fT1FRUXExcVhtVqxWCz06NGDgoICKisr21z78ccf89Zbb/G3v/2NhISE5uNOp5O1a9cyYcIEBg8ejJeXFxMnTmw+f+DAAfLz80lMTGw3inDDhg08//zzPPDAA4waNar5uNvtZvXq1YwYMYLU1FQAhg8fzvDhwwE4dOgQu3fvJiwsDJPJdNx+xMfHNweeDQ0NZGRk0LNnT/z8/E6qvSIiIiIiHenyNR8zvqkg7+jl4BpqWP/NqU+57kyxywN4YzED+BAR6sewJDtD/dy4TBZiwwJImxTPjEH+UF7FTocPcQm9eXBCAJWNPthD/bAHND0Fxv0RPm4K6sAS4Ic91I8IP+Ns2qR4ZiT4E+BwsLXIhatVOxIv6sftSTaCnQ7Wl0FCgp07z+u8TR2pqKzHHNqD6akdrI3ZK4YHx0SS6O9i594aiOzB9Iv7YA8203pA6eHD1VQ0mrGH+hFsBrAwZXRf7hrXh+m9WtoT7HZRiY2Z42OYEmOhoqCSbJeFYUkx3JtqAbwJDvEjISGacWFwGDP28KOCpsN1VHpbsIeasXIW8/XBHBLI9LS+jAvCCB7T7AwL8SLgR5ytPf/88zz++ONMmDABp9NJbW0tiYmJxMXFnemmiYiccQcPHqS2trb5cXl5OX//+9+ZOHEiY8eObXNtZmYmn3zyCaNHj24zchEgPT2dGTNmEBQUxM9//vPmKdVgjKR866236NevH1OnTsXLy6v53P79+1mxYgWpqalERka2KTMrK4vbbruNnJwc7r77boKDg0+4H06nkz/84Q889dRT3HfffQwbNuyE2ysiIiIi0pkuDx+pKuDRFQdZX+zC6XJTUVzJ4hW7WNRlI8i8CEmIYsa4BO7sY4GGGjJ2lLNgSRXFgNlZye8XZbJ8Xy15pVZG2X2gpJw5y/KYu6SQjMMQEuVPxdISslxAXS3pWbCkvB5wk5WRw7Kv9rGuzN2qTrtRTkU5TyzJZd7ySgqa08cw0mL9MFdXM39JLouL3bjwxuLbWZs6HgF6uPAQWw57EzswlqlBbc+NGRqE3VTPltVZzN1wmMNuMJsaWLSshDwX4Kxi1uJM5m4s5c1tTioAV1kFS4IiiQsCsGCPt5BeWI8TF9nb97M6IZJhod5UHCzkieV5zPm0nLxGb2J7RbHksyPlug+zeGEmi3Oc5JUctbtxtQuXlzdUVvHm2TrqEaD4EHOWFpLhE8j0tHhmpdkZ5uNg8dIclmgtfRER6UBgYGCbUX9NU6CvvPJKgoJa3sQ9Hg+rV6+mT58+bdaG9Hg8vP/++0yfPp2oqCjeeOMNBg0a1KaO7OxsPvvsMyZPnozd3nbBkw0bNpCbm8vkyZPbtCM9PZ3rrruOQ4cO8Y9//IOf/OQnJ9yP4uJi7rrrLv7yl78wd+5c7r//fkwm0wm3V0RERESkM10+7RqAvEPMzTvULUXjayVtrDFywOlwsvzrvLbBpqeRYmDJZ5ksIYbZSeCsr8fIkUqpqI+BIBN2DrGlNIqEaH9SgyDe7o+57jBbtnVQZ1IA4d7gPFxH+zwqgIgAoNafO28eSoivN67qStald9amzpQyZ0sP5qXauHS0h9aTueIDzdDoJnZMEgsCfDA31rM+qwCIbF9MloOCUUEkBtpgcACxuKioM2MPCyfC24+QujqWZQFJ3piBysNHdjWuqsfpAvzMjKFt0Ji+JgujOzHGAWsI864Pw0o96Z/lkdFpn84SVUXMWQoPTo4mESN4XPYjnW4tIiItTCYTgYGBlJaWUl9fj8VioaamhnPOOYfw8HDAmAK9YsUKkpKSmqc9NyksLGTZsmWMGjWKXr16NR//4osv+NWvfsX48eOZPXs2oaGh7epeu3YtFRUVjBkzps2oR6fTyYcffsiFF17IgAEDmo/v3LmTBx54gN69e/Pyyy8TGxt7wv1wOp089thjfPHFF7z99ttMnDixTZ0n0l4RERERkc50bfgYZCNtSARx7lLmfd2S3gwbEcsYn1pWZx1iy+mOJqtzsOjvJ7fBjKV5VIAFixfgaqAYWJZ7mLRoGwnnRhLRwxtnaVXH5TaeQCWNLnYeqOJAXgXpOY4OQsoTsC2fJbEDmN7bZqyl2PqcdyMVBx1sKa9gfU4lGZ2GY0XkVdtJDPbjwUhfqConva4HaaFWZrhNUF3Rpo9msw1oNSW+3sVqIPVY7XTVsrXMQmqUCbvdAnn1p9Lb75eqIuYsrSaWGvIUPIqICBAUFMTo0aN55plnWLlyJVFRUaxcuZKkpCR69uwJGJvSZGVl0b9//3ahXEZGBlu3bmXWrFnNU5QrKyt56aWXsNlsnHPOObz66qsA+Pr6Mm3aNKKjo6mvr2fXrl0MGDCguZ4me/fu5euvv+bBBx9snlJdX1/Pq6++Sm5uLldccQX/+te/mq+/5ppriI+PP2Y/VqxYwV//+ld+/vOfk5mZydatWwEYMmQIo0ePPm57RURERESOpYvCRwvjxvbj2v5+WL2BBl/q91ex4ADQK4bpg3tgN0FKYiQFew4yZ1XJyYdzQV6YAWPadRCxWVXkHfemwxQfDsMeGsT0iIMsD+pJfCC4iqqNAG5bFXnn2UiMiSDY101eXlHHxew4TEmqjdiwYKZEFJEeZCXCF6j1JoJS8irDsAeaoWA/S6rNTLmoN64t+09o9FyEtzHz3WwOJjGokmVflJBybRQJ5pZr0kvqGRNiIcTLwZub6wlJjmGG5xBvbjlygcWXcUEWsnwhr7ie5aW1pIX7kxjmTXF+OYucAaRFNT0+0qi8WkpG2IiNiCA1yEFBfDCxvlC8rxzoeF3KZvW1zPtPJcE320k8pw9p6V292/gZUlVzAj9TPy52u52cnBwOHjxInz59znRzRES+U15eXtx0003s3r2ba665BoDJkyfz8MMPN6/f6HQ6KSkpYcCAAc3TlMFYs3HJkiUMHTqUxMTE5uNWq5WUlBQWL17Mr3/96+bjP/vZz7j55pub7y0pKcHX17fN5l4ej4dPPvkEgJEjRzYfN5vNpKSk8Nprr/HII480H7/44ouZNm3acfuRkJDAiBEjmoNFgNDQUN54440Taq+IiIiIyLF4nf/YGs/pFhKROoDZSf60ystwlRQx6/0Sxl0zkLTw1ktLNpK3LZNH009utFza5CSm25tGMNay+m+ZLGh1fub1yYwJOfKgopQZ7+wz2jasH7OGBxFx5POAq7qKxR+1TKs1dsw2tx1RmRTPvFRj9GHT8YIxA7l3gJ/Rx4ZaCmr9sNugYNdm5hT3ZdbI4OY6aHSTsX4bxed03KYWMcy+I+zI7tRuMtK3MXtby/NZX1DAXUuLmjdBSQlueR6d+w9y138PkTYpiem9jzwv1ZXMXZTL+oR+zB0bRAgutqzawZxDMcyeFoYdNxlfbmP2DuPyYaMGcGeivxEYA87iEub/ez/21s91q+el9XNcsGszc+qPfN9PYTTqj8nyB4YCsHnz5pO+Nzk5GYBxz2/l0wePOR61mcdjfEB1N3pwuz00uBtxVFcysH/USdfv8XhoaGjAbDYf/2IRkbPI5+t2cfGoAce/EOO1sKqqisbGRoKDg/H2Pv6S2bm5uUyfPp3rr7+eBx54oM005lNVXl7OzJkziYmJ4dlnn20TTJ6IU+mHiJwdTuY1TUREflyqqowA7HQyiYLiGmyBwZh8vPHx8cLH2wsvLy9O9FfcLgkf2waDTdxkZdViT7C22w3Z2RSqfWf8GZbgR0B9Lel5NadeTEQQqSFQ0OGoSwuJ/awE4yL7VKddH696ezDxVqg81HbadWxsD+wWdyftOo4gGylRZnA6WV/wA5g+/T10NoePIiI/VN39QX3hwoU89NBDfPjhh+3WgjxVa9as4aqrruL1119nypQpXVKmiPwwKHwUEZHOfB/Cxy6Zdu1yuXG5jq7Ri7g4f3A14jrqzGHXiSyi2JVq2JJ1GqFjk+Iq0jtNFevJyOne8K64oLLDUDMvr/zUpwtXOVivNQ5FRES61E9/+lPS0tKa12XsCqNHj2bPnj0nPeJRRERERORM6pLwcfknGSzvioJEREREfgC8vb0JCwvr0jK9vLwICQk5/oUiIiIiIt8jWuxHREREREREREREuoXCRxEREREREREREekWCh9FRERERERERESkWyh8FBERERERERERkW6h8FFERERERERERES6hcJHERERERERERER6RYKH0VERERERERERKRbKHwUERERERERERGRbqHwUURERERERERERLqFwkcRERERERERERHpFqYz3QAR+W44a9xnugkiIt8rel0UkR8SvaaJiMj3lUY+ioiIiIiIiIiISLdQ+CgiIiIiIiIiIiLdQuGjiIiIiIiIiIiIdAuFjyIiIiIiIiIiItItFD6KiIiIiIiIiIhIt1D4KCIiIiIiIiIiIt1C4aOIiIiIiIiIiIh0C4WPIiIiIiIiIiIi0i0UPoqIiIiIiIiIiEi3UPgoIifF6XSybdtW6urqOjy/YcN6RpyfzJovVnd43uPx8O47/2Lui8/R0NDQfHxPdhYzb5vBrsyd3dJu+WGYP+8lrpySxpVT0pg/76U253Jzc5hx03SunJLGjJumk5ubc9r1OR0Oqqoq8Xg8p11Wk8bGRioqyqmpqfnO6xYREREREfmudUv4GDugN7OmD+XNmwfyYGoPIrqjEhHpct988zXPzXmWb775utNrtm3dwh2330J+3t4Oz7vq69mxYzve3h2/vOzYsZ3Zs59sF7z4BwRw8GABL/3lRZxO56l34jgaGhrI2r2Ld95exIsvzOHjj/9Lfn4ejY2Nx7yvrq6OD5d8wC03/4yp10zhqScfJ33dl7jd7m5ra2fmz3upXfB2KtxuN089+ThPPP6HNs+50+nk3+8v5s5fzGT6Ddfy5t9fP25QdjoaGhqoqCinoaEBj8dDVVUl9fX1HV5bUVHBju3bGTo0mbi+/dqcCwgIYMSIkZh8TGTt3kWDy9Vpnfn5ebz4whxee3U+1VVVnV73l7+8wM9+ej2lpSWn1rkO+1DOLTN+xosvzDnmdd1Rt4iIiIiIyHetS8PHiP49uXdqEk+MCScx0Bt8/RiWFMucGQO5a7B/V1YlIt0gN2cPv3/0YXJz9rQ798Xqz5n1m/+h2lHNgIGD2LdvHw//9iEyd7YdqRgaGsqoC0cTHBLSroy6ujr++Y+3CAoM5IZpP8VkMjWfs9t7cfPNt/Hu4rf59hjh56nyeDys/nwVl44dzbnJg5k/7yVWrlzOb2f9msSB/bnxp9eze1dmp/cueO0Vpk+bStbuXbgaXCz/7BPWr/+m05C1O3g8HrJ272LDhvWsXbuGr9LXnVYoeODAflau+AwvLy/8/Pyaj69Y/il33fVzcnL2kLkrk/931895Zf7LbYJWt9vNggV/I6ZXJIkD+/P+e+82j9ArLi7ihuuu5uHfPtTpCNnWPvlkGRMuG0vOnmz27cvnmqsms/jdtzu9PiIighkzbmHixEltjkdFRfPLu+/j/AtGHLfOVStX8LuHf8Mjj/yWHTu2H/PakuJiysvKjlvmqfJ4PDwz+0mumjKJsrLS77RuERERERGR7mY6/iUnICKcu8b0JDXUp+Pzfn6kXjiAlKFO1m3dz4Id3TeCRkS6R7Wjmj3ZWfxj4ZuUl5fxzddfkXL+BVQ7qttcFxoWRr9+/QkLC2tXRn7eXlatXM6EiZOIienT7nzqqAsZMngIH330IamjLsTX17dL2u7xeHhv8Ts8cP89TL3uBt5+999ER/cEjCmwmzdv4o+PPcIv7riN+a8sYMDAQW3ur6ysYOWK5Yy6cDSvv7GQXr16d0m7WtuVuZNt27ZyxZSrOu33Rx99yO0zb8ZRbTznH/z7PWY/82fuvuf+U6pz86aN7N27l4lpl+Pj0/L6PWHiJLKz87EFBnLgwH5uveVG1q//FqfTQVBQMAA5e7J54/9e49UFb+CoruavL88l5fwLiInpw9KlS8jek82jf3j8mN9Dp8NBXX0dmzdtpE+fWCy+vmRnZbF//37s9l7U1NTg79/1f7hyOp2kp3/JdddP48CB/axevYoRI1Px8vI6pfIaGxtxOKoJCLC2CdSb1NbWYjKZOjzXdL7gwIFTqru1hoYGDh92YrMFtgvFGxsbqa2tJSAg4LTLEhERERERORmn+YkiiOmTE1lwde/Og8dWzIFWxlw4gHnX92Nqr9OrWUS6XmfhCMDll1/BvFdeI23S5VxxxZXcMO2nzJv/Gueff0Gb60JDw3j2f58jKiq6XRlbt25h27atnH/BiDZhV5PIyCiShiazaeN6Dh0qPP0OHZGdtZs5f36GqdfdwJ+enE1dXR2/nfVrpt9wLW+8sYC4uDieffY5AP768l/ajSb09fWjV6/euOrrcR1jKm+TQ4cKefmlF3luzrNtvt5951+dTifevHkTC9/6O06no8PztbW1rFj+GUOHDmNX1l6qnS6y9uQz4+ZbT/LZMDidTv7736VccMEI4uPj25zz9fXFFhgIgKO6muqqKsJCwzCbLc3XlJaW0tDQQP9+/Rk4KBGn00lpaSn5+Xn8Y+GbTJ/+MwYNSjxmG/7ylxfo0zuKp596gmXLPmJIYgJTrpjI/v37mHz5+ONOSz5V+fl5fPvtN0yaNJlBAxPZsnkTlZUVnV5/uKaGf/5zIecmDyamVyT/fn9x87l1X64ldcR52KPDOD9lGB8u+QCPx8OhQ4Xcf+8vSRzYn/BQG31j7Sz658J20/RramqY9dCDLFjwN5Yv/5Q+vaN44P57qK2tPW7dTTweDx8u+YDzU4Zhjw5j7JhRzUsnvP/eu0yccAlBNguR4UH8dNpUDhzYT11dHQ//9iF+89CDfPbZJ5ybPJgH7r+Hmpoa3n/vXYYOGdCuLBERERERkVNxmuFjMMPsFswneZc1xEp86OnV3JaFxGE9mdrfcvxLRaRTTSP6Ogoh6+rqmPPnZ6mpqeE3v32ENWtWs2jRwnbXeXt7ExQU3OFoqays3fSPTyA2Nq7D+v38/OjVqxfbd2ynsLBt+Oh2u3ll/stMvWYKmzdvOuFzHo+Hjz/+L/UuFzNvv4OSkmJm3jaDvbk5DB2WzKuvzOOJxx+jT2wcE9Mu55tvvmL/vvw2Zfj7+3P3PffhYzIxaeI4rpg8oXnTk0lp4/jdw79pEyo6HQ7S09exevWqNl+ZmTvbrS3pdDgoKyvlcM1hGtwNVJSXN69/ePTzarPZ2Lp1C8/N+V927swgKiq6eSTiyWoK4CZMnERISI925+vq6vj44/9yx89vpbKykuuun9bpKMSmQNbb25t33/kXAJeOG8/LL73I7TNv5sMP/9OuPwD33HM/677awLnnnsdfXp5Pds4+br/9F9xyy0yy9uRzzymO6Dyeb77+CovZTHLyuZw3PIVvvvma7OzsTq/fk53Fpo0buPrqa4mMiuK9996lqqqSffvyefzx35M6ajS7svZy/fXTeG7Os+Tl7cXX15eIyEieeXYO//7PR4wYMZIFr73CgQP725RtsVi4ccYtXHHFlZx//gW8s/gDfn7Hnc0jRjuru7XMzJ089tijXHXVNWzYuI2ePe3MffE5qqoqCQwKYsKENJZ+9Cmzn/kzK1et4N/vL8ZisdCvXz9efulFbrvlJsaNG8+kyyeTlbWbR343i1tvu51dWXtJShrGC8/9LxUV5V3/jRARERERkR+F05x2XcKiVQ5ObBJXa41UHjq5O1IvSuDKqA5GV9Y7+c9OM9NHBBFSa6ViTzbLT7o9IgLg7eODLTCww2nFvr6+PPg/D1FdXU1cXF+ef+El+vXrf8Jl19TUcLCggAB/f3wtnf+hICamD47qaoqLi9ocd7vd5Obm8vHH/+XWmT8nOfncEzpXXV3F119/xXnnDScuNo6PPvqQ4uJiXnjxZfr3j6fw4EEaj4xGi4vry7ZtWyktLSWhVd0ej4ctWzazKzOTPn364O3tTUlxMVu2bObisZdw0U/GYDa3/BmmX/94Fv6j8zULW7f7z39+hv999unmY0OTBgKwfMUXjEwd1XzcYrFw9z33UVpawivzX+aV+S+TlnY5s5/5M/3jE9qVfTwrln8KwAUjRnZ4ftPGDUy9Zgo//dlNvLnwX+0CY3uvXlitVlas+AyHw0F0dE/KSktZtOgf3HXXL1n+2Sd8/VU6aZdP5pHfzSLQFsjFYy9pU4bVZuPwkRGTycnnYTKZ2JOTzYQJafTsaT/pPp2IpinXF1wwkt4xfRieUo/VZiN93VqGD0/pcOp1UtJQ/vfPz9M7pg+lJSXk5e09snHRbtau+YI77/wl/v7+pJx/AU/+6Y8UHjxIXFxffvvwo1RVVdLY2EjS0GF8vOwj6mprsdlszWX7+PgwZEgSkZFR1NTUMHJkKqGhYcetu7V169Zy4MB+0iZNZsDAQSSfex47d2bghReXXTaB0aN/Qk3NYQKDgojtE4vD4cDLy4vAwCAAXv7rK0y58moAFiz4Gz4+Plx44UX4+/sz/Pzz+dv8v1JcVNRhSC0iIiIiInI8pxk+1rAlq4YIezDxVm+oryU9rwbwZ1iCHwE0UnmokowqOrjm5FRWNUC8FbuPm+IKFy4gIMiPEHcDIVlFrB9gIdZZwZbT65DIj1qPkBD6xvXt9Hx4eATh4cb+9UlJQ7u1LbVHTX22WCz86cnZPPr7P2K1Wk/4XENDA47qasJCw/AxmcjNzTluAHq0zMydPP30n7j+hun86cnZ+Pv78/a//snM22bwyCOPtQkJAXJzc/jD73/XbipvauqF/OrBh7AcqdvHx4dp037KZZdNYOPG9Xz88X/5n/+ZhcViIXHw4HbtiIqK5q/zXuWPjz/JW2++wbPPPs2rr77C40881VzmiaioKGfdl2u55JJxxwyQk5KG8utfz+pwpGpMTB8e/f3jzbtu/+rBh1i27CPi+8dz8cWX8Nhjj5J2+WSmT7+RTRs2sH371jbhY2lpCRk7drBmzWoCAwPZm5vD7l2Z5Ofn43K52LRpI0lJQ4+5FMCpKDiwny2bN2G392LeX//SvB7j119/xc23VJ3USNKmgPzGn93Q7pzT6eSPjz3KX1+e23ysu/6fKS4qom9cX3oc2eRp1m8faT735do13H33nWTt3tV87Oprpra5PzIyqk1Zubk5jL/s4m5vt4iIiIiIfHeSk5PPWN1d8qku5bw+TLf7QEUp6Xn7gHCmjw3DjpuM9G1kbOvompOTscVJRXIw9sYali/OZhlHRkP2qKPnRVGc4wd4+xMPpF42kFHB4DxURrYtlNRIM1RVsWRFHsurjPIi+vdk+uBg4ntYMNfXU1LtYPUX+wkYcfx7iY3i3mFhDArz4XBFDVt25fNmRr2x8U5qOIN6mMHpJP3bHBbldcUzLN0mKJx7RweSsTa35fvb0bEfib79+rPskxXYbIFdXrbFYqFH6PHXW3AcWfOwo9GXx9q041jnjr6uI42Njezdm8vIkanYe7VdlLayooJdmTv5f7+854Q2QPE0NrabXg3G9OSjjzdtbrNvXz4mHxNDhw1rM/KtuUyPh/XrvyUmJobo6J7MuPlWVq1aQc3hw+3WETyezZs2sXLVChb835udbghz3vCUY/4seHl5MebisYy5eCxghFzvvL2IJ596htCwMBzV1disNry8vPDx8cHhaLuWZdbu3aRNvLT58U03Tmv+96OP/Jarrr6Wv8772ylPK+/Mxo0byN2bS2BQEKtXrwLAz9eXr9LXsWfPHs4997wTLqtpXcxXX3uDCRPTWo7bAvnss0/468tzef+DpYwfP5HZT/+J/3zwfpf2pUlEZCS5e3Mpr2gbdldVVTJv3kucd95wVn+xjkOFhcy4afoxy7LZbERERPL6GwsZOmwY0DTlv+tfE0RERERE5MfhrN7CMn1NFrOW7GMn3gSH+GHv4Ysx7sN4nDDIzk+CGsgrb8Qa0YPpFx8Z3dErhgfHRJHSA/LyK9lZZybW3oOU2BO7d/alPY179zlxhdhI7RcCRDIrrTepPSAv30GlNYi0kbEce7sFOeN8fTCHBDI9rS/jgjCCxzQ7w0K8COiajZbPKlu3buH+++7mm6+/6vKyfXx8iOnTh23btlJUVNThNW63m335+QwePITQo4JKj8fDggV/O+k1Hy1mCxGRkZSWleJy1ZOScgG5e3N57713+ec/3+Kzzz5hZ2YG77yziA/+/R6XjZ+I3d42fAwOCWHAwEEs+2gpW7duIX3dlyxduqTTvjZNu/7PkmVtvh79/R/x8/Pr8J6+/fozecqV+Fo6/sGrrKxgzv/OJnlYIuMvu5grr0jj22+/4bzhKe3KrKgo5/777ub+++5ut1af2+1m7dovOP/8Cxg+PKXTPmzauIE/PPo7tm/f1uk1TWpqanjn7UWkjrqQCRPTCAiw0rdff7Zv30ZpaQk5uXvo27dfm3tGpo5ib/5Bxl5yKbOf+TPVThcP/+73XHX1tRQUlrLwH293efBYU1PDui/XMm7ceBa/95/m78uc5+bicDr4cu0XJ1Xe4MFDOP/8C/joow8pLSmhsLCQzz79pM2mRIUHD5Kew3XgAAAgAElEQVS1exfbt2+juLgYh9PZfG7Hju2sX/8tAP4BARw6VMiaL1aTn39yf7UaNuxcbFYbb7z+Grsyd/LWm2/wyvyXm0PpyooKCg8e5Jtvvqa4uJiKiopONz4amXohPj4+LFv2EQ6Hg5ycHFatXHHKO4GLiIiIiIicfeGjr43pdyTz5h3JvHnHQGYC6WvKyWu1Ae2Sz0qMx3UOlrydzZwlxWTVgdnPmJaYOiQIu8lNxsZM5qzKY26p6xTuzWD28hzW7a8lr/QwEaN6kOjXSNaOTOasKqXYBZh96NqPztLlig8xZ2khGT6BTE+LZ1aanWE+DhYvzWFJ8Zlu3HcvN2cPi999m52ZGd1S/nnnpRAd3ZNNmzZ0eL6iopwtmzeRcM4Aonv2bHOusbGRffn5fPzxf9mTndXmXOs1H4/e0MNqs/1/9u47rsqyf+D4Bw4g4xxkyJApIogDGQIiDjJXtsycaeLKShvW4/MrtbQebViaOcsyy2yoZW4fcw9wAJrlSsUBisoQQThwGGf8/iBOIltQ6+n7/gvOfd3Xuq8bX+frNWjXLohDBw9w9Jdf6BDZkX//+3W+WPIZhxMTWPLFMtzdPZgz+0MGDX6KF196pcLsSD8/f8aNe4H4+ENERbZn/Phnq5wxeKciIjrwzDPPYXPLfoC3srOzZ8kXy1jyxTLjHoLrN2xheMzICoEhjUbDmTO/c+RwAjeysspdu3z5Ejt3bKNDh444OTlXWZ/ExHiWLv28Ql9X5sD+ODZsWMfIkWOws7PH0tKSAQMGsWnTBgL8fbCzs6fbg90r3Jd1/To52dm0axdMQUEBV66k0qZNW2xsKu+D+kq9fImEhENERnYsF9gMaNWKnj17c+jQwQqHudzKwqI0kH3t2lUyMzLw9m7GCy9OYO+e3YQEtyEiLIh9+/ZQVFRIhw6R9B8wiPHjxjJo0JMEBQXT3NeXlOSL2NgoCQoOYe2a1Xzz9VcAdOgQSWpqKsOGDuL7776psexbBQeHMGnyG2zcsJ72oYHMmTMLBwdHVCpb+vcfWLrnaUhb9u7dzeAhQ7lyJRW1Oq/SNgYHh/DiSxP4+usvaR3gy6OP9OLkyRNVBiuFEEIIIYQQoiYm4W/HGuqbSZ9HA41LqmN+uAx4MvPZP5ddzzxeWZq6cmbSCDdamxbyW7KGAgCKObX7GnvLrqFmxdfn2FLV75rSsscMCibarpC9n59mKUB0AMtbmv9R1+rvLW1HyZ/3lusDE3LyDNjYKDBHR9LJi8w4qK6sMeKvxtaZiY+60prSwOOWBlxuvePV0v3Sfv311zrfW7YnQ4+Pj7FtYsda3WMwlM4S1OkN6HQGtDo96rybeLo1qcW9BvLVaqxtbCo9rbq+8nJzefHF5ykpLuaTxUsqHGCxZ/cuhgzpzwcffMSIkaMr3H/2zGnGjxvLnLkLadcuqNw1rVZLUVFRhT0fAVJSkhkzOgadVsvsOfMJDW1fLmBXXFxcqz0TNRoNRUWFKJUqFAoFGo0GKyurezorrLCwkFkfvk9IaHseffTxKtN9/903bN26hYULF6OytTV+vmH9Wv716sus/GENYWHhVd6v1WopKMhHqVTd8VgoLi6moCC/ytPP70TZ8uXl36zAz7/lHae5XdksQYWikoPNbqH/Y0n9rQHq4uJi1Oo8rKysyy3L12q1qNV5WFvbYGFhgV6vx8TE5I7HS2Vl3+rW8Xlrmny1Gp1eh0pli4mJCTqdrsZ2ajQaNJoClEpVnfYT/TtJPHqO8JAW97saQgjRIORvmhBCiKroSvJrTlSDq5kalKrGmClMUShMUJia/PHdpnb3N+xO/veCXsup3Slsua+VMMXGHbhS8UpBTi6/ncvncPJ1fvsHzpz728rN4KNNeXijIeUfts/jrUxMTIz72N0NKltbBg4awjNjRrD15y0MHjLUeC0/P5+fVv9AaGh7evbqXeHe8+eSmDhxAo8+1pfWrSsexlLdno/e3s2Y/dE8/j1xAtFdIuncpStRUZ0pLi7mwP5Y3Nw9arW/oJWVVbngkrW1dW2b3mAsLS2ZOu0/1aZZu2Y1ny1exHvvzyoXeNRoNOzYvo3IjlH4+/tXm4eZmVm9lz1bWFjclcBVZmYmy5cvo1PnLjz00MPGz2/cyOLHH1aSmBBf5zxrCsaVMTU1rRBItbCwqHSfTjMzs3IB9voGYCsr+1a3j88yt8+mrU1bq8pLCCGEEEIIIeqqQYKPWzYdvy0YeJlJn1+uIc2dMsHOzxbvpFzu9CyXUzdLiLazxK+zFcTBUw4WgKFWi9C3ZBYzwM2KVu1d8L6SjU2QC2Gks/xqIQPcbGhsXszBM7ng5sGY5rksjf8HR7L+bnI1dzymRO11796TYcNi2LbtZx555DFjsPP3308Rtz+W2bPnVthzEfgjQLgEDw/PO5o5FhwcwsZNWzmcmEBs7F5+OXIYTy9vRowcQ1RUJ6ytK86Y/Lvq0jWa6Ae6VQiIWVlZMXvOPNTqvAbfT/FesbOzo03bthw79ivutx8MdPMm+/fHodVp8fNviZm5+X2qpRBCCCGEEEKIMvVcdu3CywPscavzfTqSfktiac1biRkZl20DUFhu2fOt1/KvXmUDLuV+P2ztRnTpSTTkX73KuH0w6XE3Wv8xaSnnRjHmDhbYFKk5lWVF6+ru3VTIU4970sf1zy+1+anXGPdfTYXPS25k8enqyxyuU9+I/zV/p2XX94o6Lw+tTltuVpjBYODmzRwaN7aTwy2EEHedLFEUQvwvkb9pQgghqvI/sOzaAjcHyzsKPuZUfuBrlaqbOVnxWkaF35dS3sxvc2jd3AbrwnwOX61uI/2K967YcJIVTrZ0tFNQkJNtXF5d1edCiPIqW9ptYmJSYQ9IIYQQQgghhBBC/L3VM/hooKRET0nNCW+jo0Rfv5Lrr5hTF+pxemdmLgcrCy5W9bkQQgghhBBCCCGEEP8w9Qw+pjL1q9SGqYkQQgghhBBCCCGEEOJ/Sv2O3hRCCCGEEEIIIYQQQogqSPBRCCGEEEIIIYQQQghxV0jwUQghhBBCCCGEEEIIcVdI8FEIIYQQQgghhBBCCHFX1PPAGSGE+N+n0Wg4deok5ubm+Pn5Y2Vldb+r1OC0Wi1qdR7W1jZYWFjUK6+/e3/lq9Xo9DpUKltMTEzuWjkGg4G8vFwUpgpslMq7Vo4QQgghhBBC3E8y81EI8bd24fw5nh42mO++XY7BYGjw/DMy0hk1YhjRXSKJimzP/Hlz7ko599vFC+fp07s7q39cVa98qusvnU7HZ4sX8fxzY0hNvdwQ1b4rFiyYS8zTT5GdfeOullNYWMjUNyYzImYoOTnZ1aa9fj2Tl18cx8dzZlFUVHRX63U33O33VAghhBBCCPHXJcFHIcRdkXT2DB07hLJq5fd3tZzrWVns2LGNixcvoNfrGzz/2H172bN3N2vWbSL7poYJr0y8q7Ph7rdLl1LqdX91/VVSUsLp06dJTEwgLy+vxrw0Gg0TXhrPhJfGo9Fo6lWvu6UhxrlWq61x7ObevMnRo0c4c+Y0Wq22xjzvZ99V1id3+z0VQgghhBBC/HXJsmshRDllS0EtLa1qvfxWr9cbl+yamZX+WcnKyuL48WOVptdoNOh1ugZZahoR0YG09IqzxmpbRmFhIWZmZsZ6306r1eLi4oqbmzvm5uaYm5vXWKeCggIsLS0xNb3z/9+prE/vRx51zbu6/rK0tOTjuQtqXYZGU0BKSjLe3s0qXNNqtRQU5KNUqurVz/lqNaYKRa2Whuv1egoLC7G2tjZ+dq/GeXPfFsTuT6h1+obuu6rGdG3f/are0+oYDAby1WosrawafPwKIYQQQggh7h2Z+SiEMEpIiOeBrh1xc3XEwc6aZ8eOIi52H60DfPls8SKgdOns22+9ycN9epCensbGDetoHxqIm6sjHu5OTH1zMnv37KZH964AjBkdg6uLPQkJ8eTn5zN50v/h08wNF2c7xo8by/XrmQCsWvk9Pbp3ZdmypUR3icTT3Zmvl33JwgVzaR3gS0hwGw4dPFCuvmWzu1xd7Pls8SIMBgPXr2cyftxYnBxVuDjb0SE8mMTE8kGb9PQ0Xnn5BVoH+NLEQYmPtxsrvv8WnU5XLt3sWTMZMzqG8+eSiIwIwdXFngP745gy+TVef20i27dvJSS4Da++8hInThxn+NND8HR3xrmJLe1DA9m5YztQOhOsS6cIPv1kAc+OHYXS2ox/T3yFzZs30qvnA7i62LNg/sfG8g/sj6Njh1DcXB0JDwti44Z15KvVPP/cGJ5/bgz5+flcOH+OLp0i6NIpggvnz1FYWMirr7zEgCcfJycnm4SEeLpFR+Hm6oiPtxtfLFmMVqslJyebETFDmT9vDitXfIenuzOzZ80s126DwcBnixfRITyYEyeOVzpOKsu7sv5KSIg33nfo4AGU1mb0eai7cYblzPffYcigJ/n8s08ICW6Dp7szq39cRVbWdUaPHM6OHdtYuvRznBxVzJ41E4PBwJqffqRd25a4uTrSLTrKWMamTRvo1fMBDuyPY/jTQ+jSKYKjR3+ptL0ZGemMGR2Di7MdPs3cmDH9LfLz8yt9L9b89CMP9X4QW6UFzk1sGTpkAFeupHLo4IE6j/P8/HxmTH8LVxd7Atv4s3nzxkrLvN3M999BaW3GW9PeoKioiBs3snji8YeZ/p9pTJs6BVcXe3p070rS2TPcuJFVp74rKiqq85i+fRyUjdODB/ZX6JO42H0V3tPK3onhTw8hIyMdKF2+HzP8KVxd7AkPC2L8uLE8+kgvLl++VKv+EkIIIYQQQvx1SPBRCAGUBvK+++ZrnJyc+e3Y7yQc/o1evR7Ct0ULWrYM4PDhRNR5eeTl5XLi+DHatQtGr9fz5dIldIrqTNL5S2zavI2IDpG0aduWufMWAjDljWmsWbORgIAAvv1mGevXreG7734gdn8CR385worvvzXuAXfo4AG+WrqEqE5dUKlUvDD+WfbHxfLoY325du0q69atobi42FhnCwsL+j05AJ9mPpw6eZLCwkJ27tjOtq0/s3b9Zs4kJfPa61No2rRpubY2atQIJ2dnPvjwI9au30yHDpEs/eIzrlxJLZeu/4BBFdrRpm1bmjdvzqKF8xg9cjg9evTi4UcexdbWFn//lixZuowVK1dj17gxX331Bbm5N4HS2WbvvTuDxo3t6NI1msWfLuSd6W8RFdUZn2Y+rF+3hitXUrl8+RLTp0+jY1RnziQlM2jQEOZ89CEZmRn4+DTnXNJZsrKucz0ri9TUVFJTU8nIyECtzuPcubO0DWxHTk4O06ZOplXrNhw/eZaXJ7zKm29OJi52H0qlCi8vb6ZMfo0PPniPUaOf4cHuPcu1++TJE3z++WIGDhpCq1aty127fPlSlXlX1l8BAQHGe/38/ZnwykRi9+3l6pUrxs83bdrAfzdvon//gXh4eLByxXdotVpenvAvwsMjeOyxvqzfsIX+AwZx/Pgx3nxjEqNGP8OZpGQCA4OYO2cWOTnZeHp6kZ6eTq+eDwAQM2IUfi38KrS3S9cHWDB/LhfOnyPuQCLffLuSr5d9yc4d2yp9N1S2tvTu3YdNm7cx84PZ7Nq9k7VrVuPn71/ncb76x1UsWjSfN998i7nzF+HfsmWV7+Stej/0MD169OK3X4+Sn682fv7JJwu4kZVFTMwoTpw4zvr1a7GxUdap7woK8us8ptPSrjFj+jRatW7D0V9PEh3djXlzP8LaxqbSd+b29/TWd8LRsQnDY0ayds1qYvftRafT8flnn3LkcCIrVq7mnXdnEh9/iKZN3bC3s69VfwkhhBBCCCH+OmQdkxACAJ1WS4GmgFOnTrIvdi+PPvo4AwYORqfTERQcwtaf/8u1a1cpKi4m6VwSAwcNAaCwqJAjRxJJTIinW7fuhIWFA9C2bTsAfH1bENWpM+q8PA4fTqR9WDj+LVuiUCgIDgnlXFKSMRgB8MGHcwgKDqEgP58LF8+zYNFiTE1NOXvmNJqCgnKzExUKBe2CgnBxcTV+ps5Xk5Z2jZ07tuPl6UW/JwdUWCpqZ2fP5ClTyc29iV6vJ7BdED9v2UzRLfUA8PFpXqEdACqVLQCLPvmMx/v2M6afPGUqanUeBQUFBLRqzbWrV8vtz/fCiy8zafKbrFr5PbH79jL7o3l06twFS0tL1q9bQ1FhIZcvXyYudh/PP/8CVlZWhIVH8O47/yE9LY22ge34+OPZpKWlcflSCp27dMXExIQLF86jVKm4dOkSI0eO4cL588TF7mPUqGfw8WlO3779WP3jKg4ciCP6gW7Y2Njg6tqUJV8sMz6vpLNnAEhJSeaTRfPx8PBg2NMxKBSKcn2SdPZstXlX1l9lHB2b0K5dUIWx16ZNWz6cNQdPL28yMzJISUnG3Nyc4JAQGje2w9nZhahOnbGysmLp0s9RKBR06tQFKysr2oeH8/niT8jMyMDaygprKyvGjX+Jd96dSaNGjQAqtPfatascPpxARIeOuLu7Y6tSEdCqFadOnSz3PMv07Nmbzp27otEUoLK1xdvLG7VajaNjkzqN8+zsGyQmxBMeHsGQp4ZhY6Nk+9afSUlJrlDm7QICWuHt3axC2gH9B/Hh7I+5knqZ2H170Gq1NGrUqE59dz0zs85j+tTJk+zetZOvl3+Pn39LOnaM4vTpUzg4OFQ6Bm5/T8uMG/8ik6dMJf7QQb5ZvgytVktGRjr798fy4IM96N6jF4WFGjw9PLG2skYhy6+FEEIIIYT425GZj0IIAJQqFWOfHYeTkxMvvfA8ocFt+WLJYgwGA127PsDx48c4m3SWlJRk8tVq/FsG4OralPHjX6KwqIihTw2ka9eObNywrtLTbItLisnMyGDtmtW0atkc/xbefLN8WbV1Upgq6ryfX9++/YgZMYqFC+bSPjSQF194zrjktUx+fj6TXv83Hm5OeHm4MOvD9+tURhlnZxfjzxkZ6Ywa+TQebk61ahtQIbAHkJmZAcDTwwbj5eFCv76PGK/5tfDD28ubc0lnuXjxAq1ataZVq9YkJ18kOfkiAC0DWhnz8PDwBMDExARTU1PS09KMgV4nJyca29pWKP+b5ctY/vVX5GRnc+3atSrrV13edWVqalrrQ3wyMzK4ePECvXo+gJeHCy+98HyFNI6OjsbAY5lb26vOyyMnO5tFC+fh4+1Gu8AA9uzeVWWZ++NiieoYhpeHC9FdIjl58kSVaasb54WFhaSmXsbbqxnW1ja1am9NFApFg/Zdbcd02Thwd/cAYPCQofy8dReenl51qn9lz77s+bi5u9dqL04hhBBCCCHEX5sEH4UQRhERHdi5O45t2/cQ2r49S7/4nIsXztPCz4/IyI4cP/YbiQnxBAa2w8vLCxMTEx57/AkOHDzMD6vXYdmoEV8uXcKNG1kV8jYzM0OpUtGnzyOcOJXEpdR0LqWmM+Pd97G0tGywNjRp4sSiTz7n5O/nePGlV1j+9Vfl9qkD2LNnF58sms+adZtQF2h5c+rb9S73h1UrOHbsN/YfPExmVh5jxjx7R/koVSoAlnyxzNhHl1LTCW0fhrOLC56eXhw/foyU5GR8fVvQvLkvV69cITEhHr8Wfnh4eODk5AxAauploHQPR71ej4ura419PeWNaRw/eRYbpZKvv1pa4aTk+uTdEJRKJU5OzmzavM3YN1u27sSnuW+t82hkaYmNjQ3PPPMc5y5cNubz0kuvVEibm3uTTz9dSGhoe66mZXH015MEBrarMu/qxrlKqcLJ2ZnU1MsUFt7707vr2nfVjemycXD7VgUNUk+VCjt7e65eufKXPeVcCCGEEEIIUXsSfBRCAFBUVMT3333D6dO/08LPjxYt/I3XnJycadMmkD17drFv726CgkOws7MnJyebr5d9ybWrV2jVqjUt/P68p5GlJa6uTTl27DcSEuKxsGhEhw6RHD36C/vjYikqKuLgwQOcO3eu1jO3aiN23162b9+KjY2NcUlxVdKuXSPp7BlOnDhOZmYm6ioOHKmtfLWajIx0jh8/RtK5s6jVeajV6ppvvEWbNm0JD49g8+aNZF2/TlpaGtu3baWkpASVypa2ge04dHA/Bw7ux6e5Lz7NfUlMjOfgwf20DWyHSmWLb4sWRHaMYvfunVy8eIHt27eScimFqKjONfa1qakpzZr5EB3djbj9scYZlWXqk3dt6fQ69Hq9MZCXkpJMbOxesrKuE9mxEwqFgi1bNqNWq7lw4QK7d+2sU9kuLq6EhIYRG7eP48ePodFo2L1rJ+npacY0l1Mvs3fPbuPzu5mTQ9q1ayQkxJOZmUlOTg7FxcV1GudKlYoWLfw4FH+Q1T+u4uctm0lIOERRcRFFRUXk5GTzyoQXeWXCi+Tk1O1k6DJ6vR6DwdBgfVfVmG7u60t4eAQrvv+Wo0d/4eef/8v0/0xDo9FU6JOioqJa11+n0+Hg4Ejbtu3YtWsHa9es5qsvv+DIkcPGNJcupTByxDDee3d6nfIWQgghhBBC3B8SfBRCAJCTk8327VuJjAiheTN3fli1gjHPPItPc1+srKzo0jWaX389SkJCPOERHVAoFGRmZLBixbe0CwwgsI0/J04cZ/SYsTg4OOLp6Umnzl2YN/cjJrw0jsuXUhg8ZCgdozrx3LOj8fP14s03JnHt2tUa62ZuZk5jOztSUy+XO2zjdtqSEo4ePcKYUTE082rKyBHDiBkxiu49yh+o0qFDJP0HDGL8uLEMGvQkQUHBNPf1JeW2QFtdPPzwozTz8aFf30f4v4kT6NmzNyUlJaSlpdV4r729PampqWRmZuLt3YwXXpzA3j27CQluQ0RYEPv27aGoqBCFQkFYeAS/n/4daysrmjg60rRpU+wdHDiwP45WrVqjUCjw8vLm9UlvEB9/iMA2/syY8TaTJr1B5y5da9UWExMTevZ6CE1BAf/dvLHcPpv1zbs6lpaWuLm7k5GeTtb169jYKOnQIZJD8Qd58olH2bF9G8HBIbz40gS+/vpLWgf48ugjvTh58kS5g4hq0qhRI5599nns7e3p1/cRWvo1Y/68OeTcLD0cqF1QMBnp6Xz4wXvkq9X07z+Q+PhDhIa0Ze/e3QweMpQrV1JRq/PqNM5NTEwYOHAwbdsG8q9XX2bux7MZMHAwOdnZZGZmotFoOHPmd44cTuBGVsXZw9VxcHTE1bUpV66kUlBQ0CB9V92Y9vZuxr8mvsb5C+fp0imCsWNG4uDgAFChTy7VYk9LR0dHAgPbkZx8EXNzc5599nnc3N157tnRbN++FdUfM4IBcnNzOXr0F345chiNpqBO/SSEEEIIIYS490zC346tuDmbEKLB7Hi1dInmr7/+Wud7g4ODAejx8TG2TexYq3sMhtKlsDq9AZ3OgFanR513E0+3JrW6P1+tpqi4CKVShYWFRblrG9av5eM5s/jq6+9o1sznj/IM5OXlotfrUSpVmNVwIMSt6W1tG9d6T8eyAFhl+yTerri4GLU6j0YWjbBRKitNo9VqUavzsLa2wcLCAr1ej4mJSb1m7xUXF1NQkG/sh9rmaTAY0Gq1mJubV2iDlZX1He97V988SkpKMDMzq7T+DVG/yuj1euOsx+poNBo0moJKx2ldysrNvYmpqSkqlW2NMwB1ep0xnU6nq3YsVjfOy8ZeZePk++++YevWLSxcuBhVJXtyVker1WJqalrjO1WXvqtpTJeNg/o8hzK3jzetVkuhRkNRcRFjRsUQ0Ko102e8h7m5Oe+/NwONRsPUaf+543ITj54jPKRFveoshBB/FfI3TQghRFV0JfVb4QdwNVODUtUYM4UpCoUJClOTP74X1O5+OTZSCFGOjVKJDX8G7K5fz+T3U6fIycnm4zmz6N6jV7lDJUxMTLC1bVzr/Ouavkxtgo5lLCwscHBwrDaNmZkZdnb2xt/rerBNVeXeGgipbZ4mJiblAo9ledXUhtrUpz553F6nhsy7KrUJngFYWVnVO+hpampabgxU5/Ygdk3jsbpxXtXYW7tmNZ8tXsR778+qc+CxLN/aqEvf1TSmG3Ic3Dretm/fik6nw83NnX17d3Mo/iCjx4zFxMSEzxYvYs+eXSxa9Fm9A55CCCGEEEKIu0+Cj0KIah08eICxz4wEYOCAwTw/7oU6BQKFELXTpWs00Q90uytB3b+T4uJiEhPi+fSThWRn38De3oGXX36V7j16YW5uzqOP9WV4zChsbBrmxHAhhBBCCCHE3SXBRyFEtR57rC9p6Xd2+IUQovaaNHG631X4S7CwsGDKG9OY8sa0Sq97eHje4xoJIYQQQggh6kMOnBFCCCGEEEIIIYQQQtwVEnwUQgghhBBCCCGEEELcFRJ8FEIIIYQQQgghhBBC3BV3Z89HbxfGNLek9AxKPVcuXGZDyl0pSQghhBBCCCGEEEII8RfV8MFHb09mdnfE7dacfWxw2nmapRKAFEIIIYQQQgghhBDiH6PBl133CbTDzayQvZ//SsznvxLzeRZXzSwJC3Ru6KKEEEIIIYQQQgghhBB/YQ0y8zEo1IfHmzfCBjC3VgAmBA0IYCYACpwAc4cmzBzgAOi4eiGd+b/kNkTRRt7e9rhZAMWFHEzRAFZEh9thnnyNHZk13+/k5ky0Wwl7D2dTi+S1rIMQQgghhBBCCCGEEP9c9Q8++vkwJqwxduU+NMXOwbL8Z5YWuFmW/ujm4MnLeSeZn1TXwizoGOZODz8lzSxNQKfl6o1cdmxKxTvUkx5OppCTxcGUy9DRizGBVuBtxo7Vl2vI156YB90IstbRQpPNzJN1rVep6NvrIMQ/lF6vJzf3Jo0aWWJlZXW/q1OOwWAgLy8XhakCG6XyflcHgOLiYgoK8lEqVZiZ3Z2teCvzV+yLvyuNRsOpUycxNzfHz8+/3LjPV6vR6XWoVLaYmJjcx1oKIYQQQgghxL1X/2XXbo1uCzz+qaREX8UVc9zc6lqQBX0ebcm40MY0U5SQnKYmWWuGt0kcO9AAACAASURBVJuSFsDytdlcvTX5yWwOZ2r47fLNWuSdzY4Laq6m5XK4HjHDCnUQ4h8qJyebkTHDmDL5NQoLC8tdu3D+HE8PG8x33y7HYDDc87oVFhYy9Y3JjIgZSk5O9j0vvzK/HDmMh5sT69etuafl3o++0Ol0fLZ4Ec8/N4bU1Dv7g3u/x9DtMjLSGTViGNFdIomKbM/8eXPK1WvBgrkMGzqIrKzr97GWQgghhBBCCHF/1HuKTWvzKuKXRWpWf51L0Ag3WjeqeNncXAmoa1+Qnzt93BRwM5v5q1L4DSA6gOUtK0/+eAcH3BSArRX4NWZqkA02FHH4lJ5WQbY0My/h1JmrfBSfC36ePO5mBpjg7QLkAtjyeE8XoptaYV1SRMrlLJbGXScTK3p0cSfawwo3Cz2Z+cV3ZRm5uEdsm/ByZxWn4i6yI7eaz8Qd0et0FYJD17Oy2LFjGwEBrdDr9SgUimrzSDp7hpjhT/HKq/9m8JChDVY3rVaLXl/Vf5DcH1qttt55HDp4gCeeeIR16zYT2TGq1uXeq74oKSnh9OnTJCYmkJeXV2N6jUbDpNcmAjDzw4+wsrKq8xi622L37WXP3t2sWbeJbt26o9PpKsxwvJ6ZSfaNGzRp4nSfaimEEEIIIYQQ90e9g4/elnf2pc/a0pq6BB+dPKywA1Iu/RF4BNh7mpi9Vd2hwMnBHHNTC0gGLCxwU1ryeGQJKdfyyXS2JSjIg3Gpp/gUsLC2xM1SR44lgJIxA5oR7WAg82oe56xVBPnaERZ3HR5uwVMeJuSk5XE4TUELXyVhLRqDBB//nhopMLdT8VQfH9hykR004eU+bgQp1CRXEjT/p9Dr9RQWFmJtbd3geUdEdCAtvfaz7LKysjh+/Fil1/LVakwVigZZ2q3X61Gr87C2tql06XPZdaVShalp+f900Wg06HW6Bl+6fCf5pqQko65FUK861fVFVXWqqf/KWFpa8vHcBVVez1erMbewwMLC4o/yCkhJScbbu5kxTVVjSKvVGpev3/6MalKbvq6qjVqtFhcXV9zc3DE3N8fc3LxOZd8NBQUFWFpa1rkfhBBCCCGEEKKh1ftbiZ1F+eBj/tWrpadcf32OLWQw8+vSU69XXNWVS2djUbe4Z5iNAtCRX8t45YbtuX8eHJN0mRlXigHIvJjE1C0X+OhSMaCgsUPp9QM3bqmfnzNBDqbkX01n4qaLfHQuj6uZBaTgRpSbAnKymbHhIp/uziWzpE7NEH81mel8tCmNUwoVT/VpwaQ/Ao+rN11gw52ePPQ3tuanH3mo94PYKi1wbmLL0CEDuHIlFYBVK7+nR/euLFu2lOgukbi62DP349nG2XrXr2cyftxYlNZmREWGceTI4Qr5azQaJrw0HlcXez5bvAiDwUDS2TN06RTBp58s4Nmxo1BamzH86SFkZKRz6OABenTvCsCY0TG4utiTkBBPRkY6Y0bH4OJsh08zN2ZMf4v8/HxycrIZETOU+fPmsHLFd3i6OzN71kzy8/OZMf0tXF3sCWzjz+bNG8vV68D+ODp2CMXN1ZHwsCA2bliHwWDgxo0s+vV9hP+8PZVePR/AzdWRETFDychIByA/P5/Jk/4Pn2ZuuDjbMX7cWK5fz6xVfyUkxBPdJRKltRnPPTemXH3uNN9VK79nzOgYAHp070qXThFcOH+uQt530hdlz9fJUYWLsx0dwoNJTEwwtqVbdFSFezZt2kCvng9wYH8cw58eQpdOEfy0+geU1mb0eag7ly6lADDz/Xd4duwoxo8bW5p3RAj742K5cSOL0SOHs2PHNpYu/RwnRxXvvzejwhgyGAxs3LCO8LAg3FwdaR8aaKxDWf5DBj3J5599QkhwGzzdnVn946oa23WrW9vo4+3GF0sWo9VqmT1rJmNGx3D+XBKRESHGMXq7Ao2G77//1lj+2jWrAdi+fSs+3m78/PN/gdKZq0prM1at/L7S5+3p7szXy75k4YK5tA7wJSS4DYcOHgBKZwkPf3oInu7OODexpX1oIDt3bAfgxo0snnj8Yab/ZxrTpk7B1cWeHt27knT2TIW6CiGEEEIIIURDqnfw0fq2GKKFtZJx3bwZ19mZ1ijp09mbcd28aW192yb7ZnWbMWncPrKeNS7R/xGErG6JoaUp5sDNvIzS33+5yKT/XuVUoDVNTCG/oOiOT8QWf0G5GX8EIK3x+yPwuOUfOpFVZWtL79592LR5GzM/mM2u3TuNQRIoDYx8tXQJvR96mJCQUH5a/QOXUpLR6XQs/nQRe3bv4rPPv2TGO+/j7OJSIX8LCwv6PTkAn2Y+nDp50rgfpFar5b13Z+Do2IThMSNZu2Y1sfv24ufvz9x5CwGY8sY01qzZSPPmzVkwfy4Xzp8j7kAi33y7kq+XfcnOHdtQKlV4eXkzZfJrfPDBe4wa/QwPdu/J6h9XsWjRfN588y3mzl+Ef8s/92u4fPkS06dPo2NUZ84kJTNo0BDmfPQhKSnJQOmhLOvWreGpoU8z84PZbN++lVUrv8dgMPDtN8tYv24N3333A7H7Ezj6yxFWfP+tMehVVX+lpV1jxvRpODk5s3b9Zp56ali5frrTfDtGdWLKG9MAmDtvIbPnzKepm3u5vO+0L3bu2M62rT+zdv1mziQl89rrU2jatKmxLa1at+HoryeJju7GvLkfcfnyJTw9vUhPT6dXzwcAiBkxisiOUUx4ZSKx+/Zy9coVY9kbNqzD3t6Bb75diV3jxixaOI+SkhJenvAvwsMjeOyxvqzfsIVBg4ZUGEPHjx/j9dcm8sQTT3Lq9Hmio7vx9ttTOX36d2P+mzZt4L+bN9G//0A8PDxYueI7bt7MqbJdt7p8+RLTpk6mVes2HD95lpcnvMqbb04mLnYf/QcMqjBGAwICKoz98+eSOPrLEfr164+ziws//fQjubk3adrUDdvGjfn16C8V7ilT9ryjOnVBpVLxwvhn2R8Xy6OP9eXatausW7eG4uJiGlla4u/fkiVLl7Fi5WrsGjfmq6++IDf3z72PP/lkATeysoiJGcWJE8dZv35tleUKIYQQQgghREOo57JrZ5xuW+1obmdLRzugyJzkOAjyta90z0esGtEH2FLLknZkFxPjYYWbmyP8llX6YRtvpray4OpvSSyt88nZNavzvpTi7ys3g4825eGNhpR/aOARoGfP3nTu3BWNpgCVrS3eXt6o1eXfgffen0Wnzl2Y+f47rF+3Bp1OR3b2DeLjD/Lggz3o9+QACgs1fPft8gr5KxQK2gUF4eLiWuHauPEvMnnKVOIPHeSb5cvQarU4Ojahbdt2APj6tiCqU2euXbvK4cMJRHToiLu7O7YqFQGtWnHq1Eke79sPGxsbXF2bsuSLZYSFhVNQUMCXX3xOeHgEQ54aho2Nku1bfzYGF5POniUudh/PP/8CVlZWhIVH8O47/yHt2jVsbW0B6NolmqFDh5Ofr2br1i0cO/Yb6elpHD6cSPuwcPxbtkShUBAcEsq5pKRyh+xU1l/nz51j966dfL7kK3r27I1KqeKdGW8DoM7Lu+N8m/u2wNe3BQBt27ajQ4fIcn1cUFBAYkL8HfWFOl9NWto1du7YjpenF/2eHICpqSm7du5g966dfL38e/z8W9KxYxSnT5/CxMQEaysrrK2sGDf+Jd55dyaNGpX+Y9CuXVCF5+/TzIeRI0fTws+f338/xapVK8jMzCQ4JITGje1wdnYhqlNnrKyssHdwKDeGEhPjuXQphd69++Dl5c3AgYP5Yslijv5yhFatWgPQpk1bPpw1B08vbzIzMkhJSS5dRl1Fu25V1i+jRj2Dj09z+vbtx+ofV3HgQBzRD3SrMEYrExjYjlmzP8bD04us69dJSUlGq9XSyMIC61psG/DBh3MICg6hID+fCxfPs2DRYkxNTTl75jSaggJ0Oh1eXt5MnjIVtTqPgoICAlq15trVq+X2Eh3QfxAfzv6YK6mXid23p0H2GRVCCCGEEEKI6tzFzaBMsPMzo8F2vjqYzalCsPN0Y2pUEzr62dPR3pJmDpY4WQK2pnUqy6m6fbCOF3BdC07uTXncCZzcnBnT2Rmn4wVc14ONnS09bMHJ1wanRoCJKU7UvQ7iLyb3nx14BNgfF0tUxzC8PFyI7hLJyZMnKqSp7HCP7Bs3uJ6ZiZu7+x3vv2hqalrhkI7KqPPyyMnOZtHCefh4u9EuMIA9u3eVS+Pk5ETjPwKHhYUaUlMv4+3VDGtrmwr5ZWaWznB+ethgvDxc6Nf3kWrrqDBVkJmRQb5aTWZGBmvXrKZVy+b4t/Dmm+XLKtxTWX+VnfJ86z6GZYpLiu8435rUpy/69u1HzIhRLFwwl/ahgbz4wnNcv55pvMfd3QOAwUOG8vPWXXh6ehnvdXR0NAYea2JiYoKpqSnnzyXVeu/KzIwM2rRpi4ODA/Bn35Qt64aqx1dV7SqX/x9t9PDwLFfH9LS0Cqe53wsKU0WlezlmZKQzauTTeLg5VTtuavOeCSGEEEIIIURDqefMx0bYVfV9spENfbpV/HL753Uz3OpUVgYz91owI7oJfm098Cv7WF9MQaEzk/rZlwYA7RyZGX2ZJBfH0vztHJkZDbS0BMCtZQBjbmgJ8ys9zKB1xwDGoCXMrfTLauvQFvQ5fo7VJ20YE2jDgH7BDAAoVJMZd47VSba83FJJzJBg0BZyVQ00tmditIacZuXrMKnKw3CE+OvJzb3Jp58uJDS0PXv3HSA9LY2Y4U/V6l6lSoWdvf09CcY0srTExsaGZ555jklT3jQeTNLIovI/RhbmFjg5O5OaepnCQg1WVuUP0VGqVAAs+WIZvR/q8+fnShVqdfngl16vR6fX4e3VDKVKhVKlok+fR5j10VzjLEkzMzMsLS2rbYOTkzPwZxDyVmZmZnecb03q0xcWFhYs+uRzXp/0Bp9+spCFC+YSHd3N2JayvUHry2AwoNfrywUTa+Lk7MzJkye4ceMGADpd6R6+Xl7eNd7bpIlTpe269WT1259XWR1dXF3r/Uwa0g+rVnDs2G/sP3gYf/+WTHptonFWqxBCCCGEEELcL/UMPt4k6YY9bg51n0BZciOfisdR1CAllanLU8HJlo52Cigu5GCKpvRaUsZtiX9l6a2/7i3/JX/pcar9nfgkXo63IsjPEutby9l7mjGnSpeWX03KJeXWe/beXgch/n5u5uSQdu0aiYkJZGZmkpOTQ3FxcaVp9Xo9BoMBOzt7/P1asn37Vjpv7Io6X83Zs2dwcnZGd4fLOssCSI0sLXF1bcqxY7/h09yXVgGtCAkNY9euHTxy/BitW5ceuBESEkpzZYsK+dgolbRo4cfGjetZ/eMqnJycSUg4hJ29PUVFRbRp05bw8Ag2b95IWFg4JVotx4/9xqOP9TXmkXTuLAnxh7hw8TyJiQkMGDAYZ2cXOnSIZN7cOeyPi+XB7j345ZcjNG3qRmho+2r7y9PTk8DAdvz4w0pcXFyNh42o89WoVLZ3nC/8GUBMSDiEtY0Nbdq0Nc4ErE9fxB86iKZQQ2hoe8LCwo1lN/f1JTw8ghXff0tz3xakp6eREH+I/3ttcp2ed2ZmJnH7Y0lPT2f7tp8JCW2Pu4cnOp0WpUpFSkoysbF7ad8+rMLMvZCQ9nh5ebN16xY8vbzYuHE9LQNaEVJFfwHo9Dr0ej2x+/ZW2q5b+bZoQWTHKHbv3klEh0i2b99KyqUUoqI613sWoUKhwMzMjL17d6PX69l6y1i4E/lqNRkZ6RQVFZF07izFRUWo1WqUVZziXTZ2ZDakEEIIIYQQ4m6pZ/Axl6Wrj5UP8t0LmbkcvCcnvmj4LUlzH8sX4t6xtW1M//4Defml8YSGtGXosOEMHjKUS5dSKswABPDxaU7KpRTS09PxbxnAU0OfZl/sXkaNfJo+fR5h2NMx7N8fS3ZOtjEgVhuOjo4EBrYjOfkier0eT09POnXuwry5H7Fr53aWf7OCZ599nqNHjxiXBbdvH8bH8xZVmp+JiQkDBw5m+/at/OvVl2nfPowBAwez+sdVZGZmEhjYjhdenMCrr7xEyNo2AIwYOZqevXob8/j91CkGD34SgFGjnmHAwMGYmJgweMhQEhLiee7Z0QD4+bfknXdnAhWDXrf2V1SnzgwdNpx3351O3P5YRowYzdBhw0m+eJGSkpI7zte/ZQCtAloR2TGKKZNfo0ePXny57BscHBzr1RcPdHuQo0ePMOvDmWRnl84ujBkxiu49euLo2IR/TXyNadPeoEunCOztHXh90pRaP+8y6nw109+eRmZmBg90e5CJE1/DxsYGnU5Hhw6RvPvu9NJTr79cXu7ZQOkekm+8+RaTXv83sz58H3t7Bz6eu4CAgFYVyrG0tMTN3Z1Dhw6Qnp5eZbtu5eXlzeuT3uC1//sXgW38UapUTJr0Bp27dK1zOy0sSmefHjp0gMyMDHxb+NHvyQFMmzqFG1lZTJ4ylT17dpN88WKVQf8y5mbmNLazIzX1Mvn5ah5++FHWrVtDv76P0L59GE/068+6tT+RlpZGixblA/MOjo64ujblypVUCgoKsLGpZqWCEEIIIYQQQtSDSfjbsYb7XQkh/pfteLX0MIpff/21zvcGBwcD0OPjY2yb2LFW9xgMpctCdXoDOp0BrU6POu8mnm5NanV/vlqNTq9DpbLFxMQEnU5X6f6CBoMBrVaLufmfO50WFxdTUJCPrW1jTE1Nq7y3JiUlJZiZmVU7G0uv15ObexNTU1NjXauj1WpRq/NQKlWYmZmh1+sxMTEx3ldcXIxanYeVlbVx38obN7IYPXI43t7NmPHu+yhMFdjcNoPMYDCQl5eLXq83trsylfVX/h+H+dgolRgMBgwGg/H++uRbkzvpi1s/b2TRqEI/lF0rW6JdF2WH5iz7+juaurmhVKqqbG91NBoNGk1BjXXQ6/Xo9XrMzMxqbNetquqXurq9fCg9DMjS0hJTU9MKY6E6ZTOEy96zsnewqmd7K61Wi6mp6R319f+CxKPnCA+pOFtaCCH+juRvmhBCiKroSvLrncfVTA1KVWPMFKYoFCYoTE3++J5Ru/vrOfNRCPG/5vbgS1XBQxMTkwoBLwsLi3JBnzsJPAK1CqSZmppiZ2df6zzNzMzKpb894GJhYWGcIVh5nSwqDTiZmJhga9u4xvIr669b+/r2AFF98q3JnfZFdX1UU//Vhqmpaa3aXBUrK6taBQVvD7jVtu4N0cbKygewtv5z/82qgoWVuf0du/0drC6weGvwUwghhBBCCCHuln/mdAchhKiDlgEBf6mDRf4XtfDzx8nZ+X5XQwghhBBCCCFEA5NpD0IIUQUHB0fWbfjv/a7G/7xJk9+831UQQgghhBBCCHGXyMxHIYQQQgghhBBCCCHEXSHBRyGEEEIIIYQQQgghxF0hwUchhBBCCCGEEEIIIcRdIcFHIYQQQgghhBBCCCHEXSHBRyGEEEIIIYQQQgghxF0hwUchhBBCCCGEEEIIIcRdIcFHIYQQQgghhBBCCCHEXSHBRyGEEEIIIYQQQgghxF0hwUchRKUMBgO5uTfJV6vvSv56vZ6cnGw0Gs1dyV8IIYQQQgghhBD3nwQfhRCVKiwsZOobkxkRM5ScnOwGzz8nJ5uRMcOYN/ejBs/7frl+PZOXXxzHx3NmUVRUdM/L1+l0fLZ4Ec8/N4bU1Mv3vHxR0f0eE0IIIYQQQghxv0nwUQhRLa1Wi16vv9/V+EvQaDRMeGk8E14aX+mMzdybNzl69AhnzpxGq9Xe8/qVlJRw+vRpEhMTyMvLu+fl3ytJZ8/QsUMoq1Z+f7+rUqP7PSaEEEIIIYQQ4n4zu98VEEL8vWi1WgoK8lEqVZia1u7/L/R6PWp1HtbWNpiZ1fxnJ1+txlShwMrKqtLrZYG/qq7XVk3lVCy3gJSUZLy9m1V6vblvC2L3J9SrTgAFBQVYWlpW279arZZCjQYbpRITExMALC0t+XjugjqVdSfPszJV9WVD5X+rrKwsjh8/1iB51ZVGo0Gv02GjVFa4lq9WY25hgYWFhfGzqsZEXd+J2rob/S2EEEIIIYQQ9SHfTIQQRvn5+cyY/hauLvYEtvFn8+aNxmsGg4E1P/1Iu7YtcXN1pFt0FAkJ8WRkpPNwnx5MmfyacVnp5s0baR8ayO+/n+LA/jg6dgjFzdWR8LAgNm5Yh8FgqLT869czGT9uLC7Odjg5qhg/bizXr2cCsGrl9wx48nFef20iPs3c8G/hzeofV2EwGLhxI4snHn+Y6f+ZxrSpU3B1sWf400PYtu1nhg4ZgNLajNdfm2gMWmZkpDNmdAwuznb4NHNjxvS3yM/PB2Dm++8wZNCTfP7ZJ4QEt8HT3ZnVP64iK+s6o0cOZ8eObSxd+jlOjipmz5pZrv4z338HpbUZb017g6Kiokrr1aN7V5LOnqnQ9qSzZxj+9BA83Z1xbmJL+9BAdu7YXmk/7Y+LJTwsCFcXe/r1fYShQwYw9c3JxO7bi9LajD4PdefSpRS+XvYlrQN8+eWXIwDk5t7k6WGDmf6faeh0ukqfZ1lf9+jelWXLlhLdJRJXF3vmfjy70pl7tz6zW/vSYDCwccM6wsOCcHN1pH1ooPHZq/PyGDM6hhExQ8nLzTXOKH3i8Ye5cSOLpLNn6NIpgk8/WcCzY0ehtDZj+NNDyMhI59DBA/To3hWAMaNjcHWx58D+OKZMfo3XX5vI9u1bCQluw6uvvMTGDetwdbHn55//C4A6L4+xz4zk+efGGJ/37XJyshkRM5T58+awcsV3eLo7M3vWTPLz85k86f/waeaGi7NdubGZn5/Pa//3L1yc7fD18WD8uLFEd4nk2LHfKowJgISEeLpFR+Hm6oiPtxtfLFls7Nuqxl9V70yZ6vq7qjYJIYQQQgghxL0gwUchhNHqH1exaNF83nzzLebOX4R/y5bGa8ePH+PNNyYxavQznElKJjAwiLlzZgHQrl0wCfEHSU9PQ6fTkZgQT6tWrQGYPn0aHaM6cyYpmUGDhjDnow9JSUmuUHZxcTHz5s7h6C9H2LFzH+s3bGHP7l0s/nQROp0OgJ9//i/Z2TdY+uVyOnSIZNHCeeXy+uSTBdzIyqLbAw+yds1qXnn5BZr7tqBL12h+Wv0Dp0//TnFxMQvmz+XC+XPEHUjkm29X8vWyL9m5Y5sxn02bNvDfzZvo338gHh4erFzxHVqtlpcn/Ivw8Agee6wv6zdsof+AQeXa0Puhh+nRoxe//XqU/Hx1hXrFxIzixInjrF+/tkL7G1la4u/fkiVLl7Fi5WrsGjfmq6++IDf3Zrl0aWnXmDnzHXyb+xK7P4FOnbuwYcM6mvn40LpNGya8MpHYfXu5euUK7YKCKS4u5sD+WAAuXbrE8ePHaB8WzsmTJyp9nmX7ex46eICvli6h90MPExISyk+rf+DSbc9Np9Ox+NNFxmf20UfzWLRoPnv27OL48WO8/tpEnnjiSU6dPk90dDfefnsqp0//jpW1NZ6eXpw9c5q0tGuVjkWtVst7787A0bEJw2NGsnbNamL37cXP35+58xYCMOWNaaxZs5E2bdvSvHlzFi2cx+iRw+nRoxcPP/IoAQGt8Gnmw6GDB9DpdGRkpHP691O0bRuIjY1NpeUqlSq8vLyZMvk1PvjgPUaNfoYHu/fk22+WsX7dGr777gdi9ydw9JcjrPj+WwwGA6t/XMXy5V+xYNFivv1uFcnJF7G2scHJyanCmLh8+RLTpk6mVes2HD95lpcnvMqbb04mLnZftePv5s2cSutbprr+rqpNQgghhBBCCHEvSPBRCAGULvVNTIgnPDyCIU8No3v3nvi18DdeT0yMR6FQ0KlTF6ysrGgfHs7Fixe4mZNDVFQnDh06yLmkJPLycjlx/BiBge24euUKcbH7eOCBblhZWREWHkFiYgJp1yoGnLKyrnP4cAIREZEEBYfQMaoTDz7Yg/j4g2Rn3zCmGz16LI888hhP9h9IYmICF86fN14bPOgpZn00lwmvTATgzalv8867Mxk5cgxpadcoKiz8s5wOHXF3d8e3uS8BrVpx6tRJYz5t2rTlw1lzmPjv14mIiESr1WJubk5wSAiNG9vh7OxCVKfO+Pg0L9eGgIBWlS7JHtB/EB/O/pixY5/Dp5lPpTMIvby8mTxlKpGRHWkfFk5Aq9ao8/IqpD118iS7d+3kyf4DCQkJpUuXaACUNkocHZvQrl2QMa2Pjw8RER347bdfUeflceb071hbWeHv51/l88zMyDDe/977s5jyxjSio7uh1WqNQeAyGRnp7N8fS2THTgSHhBIR0QG/Fn4oFAoSE+O5dCmF3r374OXlzcCBgzlz+neO/nIEhUKBpaVlhT643bjxL/Le+x8yYsRooDQg6ejYhLZt2wHg69uCqE6dadzYDpXKFoBFn3zGrNkf07Nnb5o2daNtYDt++/UoOTnZJCcnk3QuibCwiCrLNDMzw8bGBlfXpiz5YhnTZ7yHv58/hw8n0j4sHP+WLXFxcSE4JJRzSUlcv55JXNw+Y1A6okMkfi38aWTRiEaNGlUYE0lnzxIXu49u3brj49Ocvn374e3lzYEDccbZjZWNv5r2Xa2uvytrU2ho+xr7XwghhBBCCCEaguz5KIQAoLBQQ2rqZby9mmFtXXFWWGZGBhcvXqBXzweMnwUGlgaBWrVqTWBgOxIT43F2ceFi8kX+/X+TjLMSnx42uMby1Xl55GRn4+LqiqWlJYWFhSgUCq5nZpJ940aF9AqForRemRkVrt2eprJyFi2cx6KF84yfd+7c1fizqampcR/FhqBQKGrMLyMjnYn/msDaNauNn/Xo0atCurL2VrXv5K0aN7YjKDiEdWt/IjU1lePHjxEREYmHp1e1z/PWelfH+MxcXLC0tMTPv6Vxf8OZ779DmzZtcXBwKJfXpUspNda7zJ08B2dnF+PPSpWKyI5RvP/uDC5dusSpUydo26Ytbu7uNebj5OREY9vSgGZxSTGZGRns2LGt0S0AeQAAIABJREFU3PMZM+ZZSkpKyMzIqPK9uV3Z8/Pw8ATAxMQEU1NT0tPSKCwsBO6s3ZkZGTX2961tEkIIIYQQQoh7RYKPQggALMwtcHJ2JjX1MoWFGqysrMtdVyqVODk589Wyb2kXVDq7ztTUFKVSRVFREUHBIZw7l8TBA3E4Ozvj3awZWTeyAFjyxTJ6P9TnlrxUqNX/z959h0dVrA8c/25J300lhSWF0CGEFEoIVQRELCCKIqggoEgRy88WVLwoeuWq2AUUsWBBEGmCCKEIAQKhBBKIQAIpJCEFSEg2bZPd/f0RshLSIVzk+n6eJ8/D7p6Zec+cOdF9M3Om+m7MGq0WZxcXSxLGbDZjNBpp4e6Oy6WEyuWqZuFVJXEay8bWFgcHBx577AkiXn7VsjmIjbVNk+ppbiuWLyMu7gi7ow/QoUNHIl58rtbl6e7uHgCkpqbQt1//eutUKBSEhYXzwQfvcfjwIY4cjuWuESOxs7Or93pWPSOyIZZrlp1NaWlptdmM7h4eHDt2lAuXEsdV18vX169RdTeX0NAeAMTGHuTIkcMEBARa+rCx1Go1Gq2W4cPv5N35H+J4KYGnVqtRoMDdw4PUtBSKi4twcKi5Ec3lqtpOTz8DVD6r0WQyWZLuV+vv0t9CCCGEEEIIcSVZdi2EAMBBo6Fdu/bs3RfNyp+X8/vGDcTE7KXMUEZZWRm9w/uiUqnYuHEDer2e06dPs33bVhQKBQ4ODvTsFcbR+DjWr19HUFAIbm4tCAjoSs+evdiw4VfOnztHVlYWkZs3UV5ebmn32LGjHDiwHycnZ0JCuhMTs5cjh2M5eGA/0Xv3EBYWjovLX8nHqKgdxMYeYtUvPzPo1sG0bdeuSefp6elFSGgPonbtJD4+jpKSErZv20p2dladZYwmIyaTyZKESk1NISpqB+fPn2t6R1O503FtG4gU6fXk5GQTHx9HYtJJ9PpC9Hp9tWPatG1Lz569WPXLz2zY8CtffbW43rY6dupkeWZjVtZZSzKuvuvZ2JhdXd3o2rUbm37/jd83biAu7ggvvfgcp5ISCQnpjq+vH5s2bSQjI51ff11Lx06dCbm03FetVpOckszixZ/zwnPPsHzFMstYq0tVQs3G1hYvr5bExR0hJmZfvWV8fX0JDOzG2jWrOBofR7fgYGxtbVmy5AtG3zuCw4dj6+0/AK3WkbCw3sTGHmL3rijKysqIjt5DUlISGq2Wbt2C2L8/hp+W/cCPP37HzqgdddbVtl07eof3Yfv2rSQnnyYychOpaan06dOvzr6vGn9paak8OuEh/v3WGzXOuaH+FkIIIYQQQogbRZKPQgigcpbc/fePoWvXQP7v2af48IP3GH3/GPLz8sjNzSU4OIQnZz7Nt99W7qB81523cezYUQwGAwB9+1TOwtu6JZL+AwZibW2Nn19rZjz5NDv+2E5IcAC9egSxc+cflJWV4uCgISg4hNWrVvLdt1+jUCiYOm0G/v5tGDJ4AMNvH0yXLgFMeWJateW/ny9aQP++vThzJo1Zs2bj5dWywXNzcnZGo9WSkpKMjY0NU6ZMxcWlcqfoju1b8/FH75N/8WKNcra2tuhatSInO5vz587h4KAhLKw3e/dFc+89d7ElcnMtrdXN1c0NL6+WZGSkU1xcXO2zO+64i9b+/owaeScvPPc0Q4cOo7y8nKys6knRqj7dt28vU6dM5uzZzHrb9PDwZMCAW9i4cQNt27Wnbdu2AA1ez8v5+7chNS2V7Ozsau/b2Ngwdep0AgK68vBDY+jTuzt5eRewsbWlW7cgXnn1X3y5+HM6tm/ND98vZdasV+nUqTMAd989ks6dOrN06dfY2tmxaNGXlrF2JTc3NwIDu5GSkozJZMLHx4e+/frz0YfzeXrmtBob4VzO2dmFgbcMYuuWSHJzcwkN7YHJZOJMWhq///4bp5IS6+0/qLw3xjw4jvA+fXliyiTat/Xl1VciOHs20/LZ0KHDiHjpeZZ+8xW2NnXPovX19eOliFfYt28vgQEdmDt3DhERr9Cv/4Aax145/goKCoiNPcShgwcoKak+fhrqbyGEEEIIIYS4URQ950TVnH7TJNaE9/AkWNv4PKahsIB1B/Ko+RVTiP89W56tfI7e4cOHm1w2ODgYgCEfxLH5ufBGlTGbK5dyGk1mjEYzFUYT+sKL+OhaNKp8RUUFen0hGo0WtVqNyWRCoVBYZmWVlJRQUlKMRqO1LFluiMFgQK8vxM7OHjs7u3qPNZlMFBRcRKlUotU6Wtpd/tOPTJ40ni1bd9K1ayC2dnao1Y1/coTBYKgWb13t1BZP1azH5lBRUYFSqUSprPk702AwUFxcVGffX66kpASAI4djGTJ4AMt/Xs2dd97d5Hgacz3NZrNl053aVPWlldoKB031Zcf11V9RUUFFRYVluXF951teXl65zPkqnsVpNpv59JMPid6zmwWLFuPs7MLJE8eZPu1x3v/w02qb9DRUT2FhASaTCUdHp2rX0GQyodcXolKpeTniBc5fOM+ChV/g6OhUa12NvScuH39ms5m3/z2XkpISZr/2eq3X62ruz3+q/bFJ9Axp2sxpIYT4u5LfaUIIIepiLC+65joyc0vQaJ1Qq5SoVApUSsWl726NK3/t36bbezM21BHnJhXS4Hwxj/kNTzgRQvyXqdVqnJ1dLK+vTJLZ2dk1mEC8krW1Na6ubo06VqlUVmu/NhqttkntV8XQ1HaqjqstUXi16ktiWltbV4uztnaLiopY/+tafHx8UVtZsXTp1/Ts2YuAgK5XFU9jrqdCoagz8VgVZ119WV/9arW6Wn/U18/1tV+X9PQzJCUmkpGRzsIFn/JSxCs4O7twKimR5557mrvuHkmXLgGNrk+hUNSaTDx06CBpqSn4tfbnxPE/iYzcxLTpT1p24K5NY++JqvFXXl7Oki8/548/tvHZZ5/XmVi8mvtTCCGEEEIIIa6na08+2ipp+ldCJVZX/1x9IcQ/VO/wPrTU6W50GDdUXt4FVq9ayfr16wAICOjKq6+93qjdr/9p1qz+hYiXnsfFxZVp059k9P2Vu67rWnmzYOFivL19mmVX88OHD/HeO/NIS0tFo9Vy/+gxjB33cLPumG5lZcVdd4/kkfETcXBoeFdtIYQQQgghhPi7uH67XZeXciTFgHtrR3RNz04KAHdHwp1VgImL2RdJKLCmS5AbXfTnWXmq5nPZrp0dA3s6Y5Vyli2yJl78zYx5cBxjHhx3o8O44by9ffhpxaobHcZN4cmZz/DkzGdqvG9nZ4ePj2+ztTNp0uNMmvR4s9VXl6bu7C6EEEIIIYQQfwfXL/loqiBhu56gCY403zwla8J7tGJIew2tbRVgrCDzQgFb1qdT996iN3G7HVvyWCc7rJRGEqLjSSj1ZmqYI86lDuSfSmJLc7cX7svkQDvwU7Nl5Znmrl0IIYQQQgghhBBC/MPcRLtdWzP8ro5MC3WitaqclCw9KRVq/HQaru+jlW9Uu8CuE0xOLP3rdeI5DmSWkngmnyPNUP3A4QEsvMvjrzeO5XEgt4QjZ2ru+iuEEEIIIYQQQgghRFM178zH8nIyC42V/zaUkU85uXmlZF56Lr691hbnq12C3b4Vw3UquJjHx8tTK5NvAzuxtONfh7i3bcnYACfauVhjZTBwrlDPjp3pbGnnz7w2NmAoYke2FQM7OmBfXMDGlalsxI4hg7wZ0tIWJ8pJOpXJ/H0FV9GuC53dVBTnF3EgLp1ll5ZF+wX4MLazI34OcDFPz5boVLbkujB5hCftrSEz9Rzl3p5005pJTUxjXrQe97Y6xndzpp2ziuIyBVC5IXl4f0+62AJKO9oB4UM70ccJirIvkKRxJdzDCgoKWLc1lS0F9fVJPla9vBnhY4VDaQvmjXYhM+kEKe6u6FSAox1QANgxpH8rhvjY4UQ5mWfPsXT7OVLb+zA7yAEHyjiQYKJzkCOtrcpJOHFF390MHFvwVD8tCbuSLX1W63tCCCGEEEIIIYQQosmaN/lYVEDEFct1o9flWf49+YFgBjZtW2wLd287nIHUtNS/Zv3tOM74qnXPrXx4bqAbOmMpR9IuUu7iSA+dCz380tkCWNnb4u5szWg3I7ml4Oxqhw4Yfkc7xnpD5pkC/rRzpEeQN9PSE1iY0bR23UuLOJJSis7XkeED/SH3BMv82hERroELBcRlqOjs68L4YSrKv88DVLi7WuHuqMNQYqBcbYufmz20cvnrPFKKwN0Jd0svKHFytsWhvOLS7uJKnJyt0bnq0F3Uk5SnoouXC2NvKWXLuux6+qSUi1oVf+2VaqKoCHCvjMlKWflJtb6x0hDU3pvnrM08dRqwtkansWVE73JSzxaR6+FI0BV9d1OwUWHlrGXscH/YmMwWWvDUcB1BKj0pNjc6OCGEEEIIIYQQQoibW/Muu3Z2Y+mU4MqfCe0YjgcRE4It711t4hGgh4MKMFKkr/3z8K6O6NRGEg4dZ/72VD4+X/7Xh4eS2XLBCEoziYeOEXEgn8TcEjIdvemjU1GefY6IjansKDQBCuztm9puOQkHE/l4+2nmJ5aA2o6gIBjbXoODqYTozadZuCWRX86Wg70D4QF5LFlXQC5gVXSR15YdZ8uZUlLPF9c4j/nZf20sEx2VR+plp7Uu8lzl6zI965YnMX9dLollYGVr3UCfnGPh6sr2iy6cI2JlIksSYV1k5XuVdPTRqeBcHvM3pvLxuiwSisHZ04UhiWeYm1EZV25yIrM3nmZ+mgFQ4eTa8LX8W8nNZv76LBJUWsYOb0fEpcTjyvWnWSeb7gghhBBCCCGEEEJck5vmmY/lpkv/qCPiLk5WQDm58Q1UZAISzzB3dSob/WxpoQQcXFg4KZjn/K0oys5jY2Lj23W2UgJG8k9Uvs4tNFIE2GvcsFcD5UZyLy3d3VFsBFQ4u1xWgdlELrAu8jjzovWNP49GuLa6VFgpochguJSQPE++AbBWV9tAqNx0KQlpMtWs4mZRkHMpAWlP+0uJx42y3FoIIYQQQgghhBDiml2/3a6b2ZY8A+O97dDp3ODI+co3A/yY3dmazCOJ9RduSEUpcYl5JKblsyW1pEntZgKgxKEVkIElSVlcfB60PqBU4HCpLnflpURlffu5/M1yeNYqVdW/sFYA5RX8T04ILMhh/vpC/CghVRKPQgghhBBCCCGEEM3i+s18tNEwdoqOLs313LzoPBJKwdlHx+w+LQhv70K4iy2tXW1xt4WEi+WALe372QF2jHW99ETD+s4wvpDMcrCyU5F76jxHyu0Z319HUBPaPXDBAFjj18UFd+wY4WeHAwZSkyCpsBys7AgKswNHF0Z7WEN5KQn1zERMKKw8jy6DKutr1HnUVVcj+sTB1ho/7PBzv7J0MbnFYOXqyFj3yo1r2mmhPK+QjbW0VZlYvckVSOJRXBuTyUR+fh4lJSUNH/wPV1FRQXx8HAcPHqCgoPpfZEpKSsjPz8N0k86oNhgM5OfnUVFRcV3qv9n7RwghhBBCCPHPomp1y6Q511SDpyt3+VhftnlJY5jJTc9hV05TyhSxK19NqLeGNjpHevo709PdCpWpgtRTufxyXEHHNlra6FowqnsL3MvKMdpZ0cpdQ6nJlRFdbLFGibuPOx0NVW0XcdFGS5eWDgR1dGdYByfaOKsozz9HbH7j2t1+pBytryOBrVwY1r0FXezNpB47wzsJZaTmKGjjp6GjrzujujrjozZw5FAy32QbmfxAGwJtAVt7RrW1YvWxyqxXem7lebT2cmbYFefR0ceZLi5KUFvTpqUJUwdPbr3stVewjp6ayjpva2li0e7iuvvkyDnK/Z1p7erArd1b0N9VgXuQuyWmME0yi9LsCdVpCArwYlgbO6z1BayMTCepzId5wxzRAtoWzrganHkoyO5S/zrjevAcsU0aD//bxod7ApCVldXksl5eXgAs3ZvNI318mlTWbK78MZnNGAxlOGntGy70P+TcuVwiXnye48f/JDS0B2r1tU/0NhgMrPrlZzb9/hvR0bur/SQmnsTD05PHJz/KmTNp9Os/AIVCUa386VNJzJw5jZKSEgIDu9X4/J+iqKiIWREvMH3a43zz9Zfk5+Vzy6BbsbKyAmDVLz8zY9oUbrllEG4tWtzgaJtuf8w+goO60LlzF7p0CWj2+lf98jMzZ0yt7B+3m69//i4ysy7QquXN9qBiIYSonfxOE0IIURezqbzhgxpQWFyBtY0tSqWi8kehQKFQ0NivtNf+bTy1gNQgDV2aktcoLuFI6tW0lc7speng7ki4swoMpURblknnMO/7fLq0ccC+tIgDmYZqRTfWMdvwyL5EntpnR1B7W+yr1dfYdgtYujqejTon2jnAxeyLJFTNnivIYf6yHPz8XNBZG8lMLKDqtJesOMyS2gIqqP88qsu5YhZiTo06661r5XGi2zjgRDlJp/XkcvaK8qd57khtfXOGiC+q72q+pBmeUSlEcyq4eJHY2IMYyg1UVFRgbW3NO//5N9F7dvPVN9/h6urW5DqNRiO7onayZMkXNT4bO+5hBt4yCIDsrCxKS0uxs7Ordsy58+fZsmUznTp1xmQyobI81uC/w2w2X3MfNIdjx46ybNn3fPTJAiZMmITBYKjRV8eOHeXChQs3JL7mcr1mPt6M9kbv4Z577mTNmg30Du9zo8MRQgghhBBC/Bdde/KxIId53zdpCuO1yy0gutYHDxpIOF1fsq4uJRxJbMQyyTrbhdzMi3U+CzE1NY+m5Vqv9jyaWldj2mlk34j/KSUlJZiMRhw0mmrvm0wm9PpC7O0dmmUm4fXUpm07onbHWF6XlJSQmZFxTXXa2dnx0ScL+OiTBWzbuoURd9/Okq+WMubBcQBcuHC+3vK9eoWRlZ1X4/26+vtyBoOB0tIStFrHRs+YvLLe0tLSOvvgel3bIr0epUpVLbloMhrRFxbi37oNarX6bzGWSktLr3sstfVFQxozNqpUVFRQXFyERqNFWcujMKqucV2fN1ZD7dQmNTUFfWHhVbcphBBCCCGEuHn9DzyoTwjRXIqKipj7xr/wb63D08OZ6dMe59y5yrR6TMw+Bg3sg87LDX8/HV8uXmSZ2TXv7Td58IF7+eLzBYQEBxASHMC6tat5fc5sfFp5MGTwAE6fSgJg+U8/MmTwAL75ZgkD+/fGp5UH337zFZ9+8iFdOrUlJDiAvdF7AIiM3IS/n47ff/8NqJw9pbFXs/ynH2tt16eVByt/Xo7ZbGbe22+isVfzr9de4eLFfCJefI4lS75gy5bN+Hp78sxTM4h46XluH3YrZ86kAXD0aDxB3Trz7TdfNdhXubl1/9ElMzODV15+CS9PF8u5l5SU8PTM6Xh5uvD5os8wm82cO5fL9GmP4+6mxdPDmbCewezfH1Otrqpr4uvjic7LjYDO7Viz+hdefSWizthrq3f3rqgaffDsMzMpLS1lz+5dhIeFovNyo2ePIH5dtwaz2cyFC+e5Z8QdvPH6a7w2+2W8PF145OEH2bz5d8Y9OBqNvZqXXnyu1mdcVsXg6eGMu5vWMpZ+WbmCIYMHADDi7tvR2Kv5ZeWKWvtx8+bfGdi/N16eLnzy8QcYjUbLeX6+6DMAEk+eIDwslHlvv2l53b9vLxYu+IQpj09EY6/m+eeeYcOGX7lt6C3V6srOzuKZp2bQpVNbWrhq8PfTsezH7zEajQ2OryvFxOxjYP/eaOzVPPHE5Gqf5eRkM3nSeDw9nPFvrWPuG/+iqKiIb7/5ii6d2nLo0EEACgou8vBDY3jj9dfQFxYyK+KFWu/FK5nNZn5dt4aePYLQebnRPTSw2jUcNfJOXp8zm9uG3oLOy40J48eRk5MNNO1+NJvNrPrlZ7p17YjOy41BA/sQE7Ovzn5/5OEHycnJZvlPPzJ50ngAhgweQP++vSy/D4QQQgghhBD/+yT5KISwWPnzcr795isWL/6ates28sf2bfy07AfOnEnjtdmz6NwlgPhjJ3nq6Wd59dVZ7IraaSm7fv06ftuwnkGDBnP2bCbjxt5PVtZZ7rp7BHuj9/Dbb+stx+6N3sPXSxbTp29/tFotM6ZPYfeuKO66eyRnz2ayZs0qDAYDLVvqcHRy4nDsoTpjrmr3vvvux9vbm5+W/cDFi/kMu/0Ohgy5jSOHYzEYDDw8/lHuvnskPXv2YsXKNUyZOp3g4BB2Re0k8eRJAE4c/5MivZ5uQcHX1I9Ru3ZiKCvjoYfGW87d2tqaUfeOxr+1PwnHjlFaWsrWLZFs3vQ7q9du4ERiCi++9DItW7asVld83BE+++xj3nnnfU6nZPDu/A9p36EjgYHd6oy9tnq9fXxq9MHjU6aSk5PNG2+8RniffpxITOGBBx7k/fnvkJqaYolhwYJPuHD+PINuuZXVq1byzFMzaNO2Hf0HDOSXlSs4fvzPajEbDAY++vB9Yg8dZMvWnZaxtGjhZ/Tp248lXy2lbbv2TJz4GBt/30r/AQNr7cetWzYz9Lbb6do1kLVrVpGRkY6bmxs6nY6EY8fq3NinoqKCf781FycnZ/oPGMiihZ/y5hv/ok+ffvi39rfUZWNjg7uHB/95Zz6r124gLKw3S778nIyMdEtddY2vy2VlnWXuG6/h7u7B6rUbGDv2oWp98cnHH3L6VBK79uznu+9/4ttvvmLrls10CwrGYDCwZ3cUAGlpacTHx9G9R09++GEpa9es4ocfVhC1O4bYQwdZ9uP3tSY+4+PjeOnF57jnnntJOH6KgQMHMWfObMt1MZvNrFmzirHjHmbef94jMnITy3/60VJXY+/H+Pg4Xn0lgomTHuNEYgqBgUF8+P675OfnVet3N7cWPDL+UVavWknUzh2E9+nLy6+8BsCHH33Ke+9/TEtdq1qvnRBCCCGEEOJ/z41f6yaE+FvQFxaya9dOgoND6D9gICaTiQ4dOmJlZUXiyZPsitrJxImP4e/fhpEjR7Hy5+Xs2bPL8pzDwMBuvPveB7i1aMHpU0l4e/vwznsfkJF+hsOxh9Dr9dXa+8877xMUHEJxURGnk0/xyWeLUCqVnDxxnJLiYoxGIzbW1tg3sEQ1IKAr77z7Pj6+fuTm5JCamoLJZKJTp874+bUmNTUFlUpF166BeHh4UlJSQu/e4bi6umEymWjbrj379+9jwMBbiI+PIzCwG76+vtfUl2MeGMu8d+aTfiaNPbuj0Ov1qFQqugUF4enp9VefF+nJyjrL1i2R+Pr4Mure0TWWsRYXF6MvLGT79q0EdA1k2LDhqNVqzGZznbEfOnSg1no9PDxr9MG2rVvYFbWTqVNnYGdnR4+evXjrzdfJOnsWR0fHaudz5HAsv/66lldnz2HcQ49YZrSVlZZWi/n8+XMcOBBDr169CQoOwWw2c+utQ9i3L5qp02YQGtodezs7Wnl715l4hMox0ju8D2q1mrVrVlFWWopGo8HG2qbBazDjyaeImPUqy3/6kaidO3hv/kf07dcfW1tbS13Ovn7Menk2BQUXMZlMBHYL4veNG6qdT13j63KnkpLYvm0rXyz+mqFDh6HVaHlz7pzqfREWTqtWrXDUaunUuTMJCccYMPAWevUK48iRw+gLCzlx/M/KfmnlzZrVv9C9R086dOyISqUiOCSUpMRESq/oa4D9+/eRlpbKsGHD8fX14/77x/Dl4kXEHjrI7cPvAGBA/4GMG/cIRUV6Nm3aSFzcEYouuycbcz/u378PlUpF3779sbOzo3vPnnyxaAG5OX/NAp42/UlmvTybfXuj+W7pN1RUVODr60fbtu0A6Nq1G2FhvRu8fkIIIYQQQoj/HTLzUQgBgKHcQG5ODq1aeWNjY4urqxtr1v3GE1NnWJYYe3tX7ritUChQKpWWjVVqo1KpGv1sQpVSddXPoFMqlVe9a3Rrv9b06hVGfHwcmZkZJCUl0rFTZ7Rax6uqr6lGjhzF+AkT+fSTD+keGsiTM56osbQ2rHc4L0W8wsaNGxjYvzdjx9zHqaTEemNvTL1Vqq7tww+Nwdfbk1Ej72ww7oY2ytEXFpKfl4enlxe2trYoFApUKhXncnPJu0GbyNQWc1FREREvPY+3zh1fb0/efeftGsc0Znylp1duwOXn17rGZ1V98dmnH+Hvp6NbYCf+2L4NACcnZ4KCQzgaH0d6ejrx8XH06tUbDw8PcnNyWL1qJZ07tqFDOz++W/pNne3n5uQQENAVV1fXaueallbzacNKpRKVUkVuTg6G8tqf+VvX/Zibk0Ny8mluG3oLvt6ezJwxtdb6/6m7uAshhBBCCCFqJ8lHIQQA1lbWuHt4kJGRTllZ9YSiu7sH8FeSxWw2YzKZLMmlm5VGqyUoKJjUlGQOHthPfHwcISGhWFtb/1fab9HCnc8WfMGxP5N4cuYzLP32a7Zuiax2jIODA7Nfe534oyd4Y+6/idq1k5UrV+Cg0dQZe2PqraLRagFY/OU3pKVnW35Cu/e46vPSaLU4u7hYktNmsxmj0UgLd3dcLiXI/g7++GMbCz77mFVr1qMvruDV2XOuqp4r74/L2dja4uDgwGOPPUHS6TOW/p058xkUCgVhYeEkpyRz+PAhjhyOpVtwMBqNBo1Wy/Dhd3I0IdFSZu5bb9d6v7l7eFTbHbzqmZW+vn41jjWZTBhNRry9fbC1bfzGNwAajQZ3dw/Wb9hsiWnjpq34t2nbpHqEEEIIIYQQ/yySfBRCAOCg0dCtWxC7dkexYvkyThz/k9fnzGZv9B7atmtH7/A+bN++leTk00RGbiI1LZU+ffpd11lOKpUKtVrNjh3b+fdbb/DSi/8HVC5XrovRZKyxLLaqLjt7e7Kzs4jaucMyK6xHj14kJiWyZs0qAAK6BpKefobJk8bzf88+RWFBwXU4s0pRO3cQGbkJBwcHevToWesxx44dtWxyEhrao9qy7dpir6/e2vogIKArPXv2YsOGXzl/7hxZWVlEbt5EeXn5VZ+Xq6sbISHdiYnZy5HDsRw8sJ/ovXsICwsKfSxnAAAgAElEQVTHxeXako9KpRK1Wk1MzF7mv/cfXnj+WeLj4ygtLbUk3Zoq6+xZEk+e4OjReHJzc9EXFdV5bG3jy8fHh8DAbvy84if+2L7Ncj30RXo8Pb0ICe1B1K6dxMfHUVJSwvZtW8nOzgKgY6dOhISE8svKFWRlnSU0tAdarSNhYb2JjT3E7l1RlJWVER29h6SkJMv9lpySzM6oHZw/f46QkO74+vqxadNGMjLS+fXXtXTs1JmQ0O6WGBOTThKzby+//rqW/ftj6NkrDHt7+yb1U+/wvqhUKjZu3IBer+f06dNs37a13t8BVdekKskdE7OXuLgjV32thBBCCCGEEDcfST4KIYDKpdRjxz3MvfeO5v+efYruoYEcjY/D3sEBX18/Xop4hX379hIY0IG5c+cQEfEK/foPaLBeWzs7nJydyczIqHODkCpWaiucnJ1JTz9DUZEeX7/WjLp3NFE7d7B2zSqe/b8XeOzxqaQkJ2MwVF8yamtri65VK3Kyszl/7lyNuq2trQkL6016ejoPjXuAH3/4DoB27dtz66DB/LJyheWZiYayMk6eOE5aagpG09UnSbSOjrRwd+fMmTSKrkhoVZSXExt7kMkTx9PatyWPTniI8RMmMnjI0GrHJRw7ymuzX6ZN61bcdedtdGjfgdGjH0ChUNQae3k99dbWB35+rZnx5NPs+GM7IcEB9OoRxM6df9SY/VobJ2dnNFotKSnJ1d63sbFh6rQZ+Pu3YcjgAQy/fTBdugQw5YlpDS7Zrk3LljqSU5LJysrCycmZB8aMJTklmR9/+I5R947m1dlzSE4+TXE9ScMqLi4upKenk5ubS1hYb+4b/QDTpz3OAw/cS1BQMG3atiX1ivOB+sdXm7btGPfQI+zaHcWDD96H2Wxm3EOPkJKcjEKhYMqUqbi4uDBq5J10bN+ajz96n/yLFwHw8PBkwIBb2LhxA23btadt27YoFArGPDiO8D59eWLKJNq39eXVVyI4ezYTgA4dO9GypY6nZ04n8eRJunUL4pVX/8WXiz+nY/vW/PD9UmbNepVOnTpbYvwzIYExY+5lVsQLTJz4GKPvH9NgX115PwYHh/DkzKf59tvKXbrvuvM2jh07WuNeBHBzcyMwsBspKcmYTCY6d+pM7/A+vDzrRV57dVaNTXuEEEIIIYQQ/7sUPedE1dw6UwjRbLY82w2Aw4cPN7lscHDlrstDPohj83PhjSpjNlcuizaazBiNZiqMJvSFF/HRtWhkeTOFhZWz/bRax2qzmgwGA3p9IXZ29tg1sBHM5SoqKlAqlY16rmPVjKjLk1TFxcXY2tqiVCoxm82YzeZa6zKZTJhMJtTqpu2llZ+fx/SpjxPepy9PXloOW1JSgkqluuYl2A2de1Wf2ljb4KDR1FmHXl+IUqmscU1qi72x9dYWR1OvrcFgqLOPTCYTBQUXa427KcxmMxUVFVhZWVneKy0tRa1WW6610WhsVGLzyrqq+tbe3gFra2tMJhMKhaLWWBsaX1UbuDhoNDXG6dX0RdW9aDKZcHR0avD+KSkpoaSkGI1Ga7kmFy6cZ9Kjj+Dn15q5b72NSqlq1HioUtv9WFs7tSkvL0etVv9tnwG5PzaJniHtbnQYQgjRLOR3mhBCiLoYyxuepNGQzNwSNFon1ColKpUClVJx6XtT48rLbtdCiGoUCgWOjk61fmZtbY2rq1uT62xKMrC2BNLly0PrSgwBjU5wQmViJzb2EEV6PVu3RnLi5Alm/+sNS91NScDVp6Fzb0yfqtVqnJ1dLK8bir2x9TY1jrrK1UWpVFaL+2opFIpqiUegxrMPGzuj8sq6ruzb+sZPQ+Pr8qTeleP0avqivnuxNnZ2dvWOWysr6yaP69r6taF2/mrPqsFjhBBCCCGEEP/7JPkohPhHKiws4L1357Fu7WoCAroy5/U3qy1T/Tu7mWMXN0bHTp1u6s2hhBBCCCGEEDcvST4KIf6RHB2d+HHZzzc6jKtyM8cu/rtcXd1Ys+63Gx2GEEIIIYQQ4h9MNpwRQgghhBBCCCGEEEJcF5J8FEIIIYQQQgghhBBCXBeSfBRCCCGEEEIIIYQQQlwXknwUQgghhBBCCCGEEEJcF5J8FEIIIYQQQgghhBBCXBeSfBRCCCGEEEIIIYQQQlwXknwUQgghhBBCCCGEEEJcF5J8FEIIIYQQQgghhBBCXBfqGx2AEOLvpaKigj//TMBgMNC+fXscHZ1udEjiJldSUkJZWSmOjk4olfI3L3FtDAYDxcVFaDRa1Gr53xghhBBCCCH+7uRboBDCoqioiBeef5bwsFAG9u/N7FdmUVJS8l9p22g08vmiz5j6xGTS08/8V9oUNa1ds4qxY+7j2LGjzVbnurWr6dSxDQcO7G+2OsU/16GDB/DWubN2zaobHYoQQgghhBCiEST5KISwOHbsKMuWfc9Hnywgv6CUt//zHnZ2dtelrb3Re/DydGFv9B4AysvLOX78OPv3x1BYWHhd2hQNS0w8yfY/tpGbk9Os9eoLCzEZjc1a599Z4skThIeFsvynH290KM3qyvv2RqqoqLjRIQghhBBCCCEaoXnXK7k7Eu6sqvPj4vw8juQ2a4tCiGZkMhrRFxbi37oNarW62ZY0lpSUYDIacdBoLO+lpqagvyzJaGtrywcfflJr+SK9HqVK1eREqMlkQq8vxN7eod5zMZlMlJaWYm9v36jYa1NaWnrNfVZRUWFZTtqY5clms5kivR5bO7s62y0uLsbW1rbRy52ffyGC51+IuG4xN4f6rkld19JsNlNYWICtrR3W1tbXNQaA8+fPEx8fd1VlL1c1hhvbv02puzHtXnnvXHnfXq6x92lFRQUVFRXY2tpeU4xCCCGEEEKIm0PzflPsomPaIL86f8Z2adbWhBDN6JeVKxgyeAAAI+6+HY29mu+/+5bJk8YzYfw4CgsKKCkp4emZ07lnxB1cuHCeCxfOc8+IO3jj9dd4bfbLeHm6MGTwABJPngAql3HPfeNf+LfW4enhzPRpj3PuXC7Lf/qRyZPGAzBk8AD69+3FLytXoLFXM/z2waSlpQJw7lwu06c9jqeHM+5uWkt5qJxZ1r9vLxYu+IQpj09EY6/mkYcfJCcnG7PZzK/r1tA9NBCdlxverdyZ/WrNJeSrfvmZ24fdiqPGGo8Wjox7cDQZGenV2nZ30+Lp4UxYz2D274+pVj47O4tnnppBl05taeGqwd9Px7Ifv8doNDbYN5erirdnjyB0Xm50Dw3k13VrMJvNHDp0kIH9exMZuYkXX/g/vDxdiInZR05ONuMfGYuXpws9ewQxfdrj3HXnbZw5k0biyRM88vCD+LTywKOFI91DA9m6JRKg3riqZuuFBAcQG3vIcr019mrLz5Bb+5OWlorZbGbVLz/TrWtHdF5uDBrYh5iYfdXOJyQ4AC9PF96cO6fOcTfv7Td58IF7+eLzBYQEBxASHMC6tat5fc5sfFp5MGTwAE6fSrKMp1kRL9QYTw1dy5iYfdwyIBydlxuuzvZMeXwiFy6cJzJyE/5+On7//Tegclafxl7N8p9+pKysjJdnvchLLz5HZOQmQoIDePaZmVy4cL7OGKrsjd5juZcmTxpvuWZX3g/33zeSU0mJNfrkwoXzjBp5J6/Pmc1tQ29B5+XGhPHjyMnJrjeuuuqu7V55/rln2LDhV24begteni588vEHGC/NTI2J2ceggX3Qebnh76fjy8WLqKioqPW+PX0qiZycbCZPGo+nhzP+rXXMfeNfFBUVVTsng8HA4i8W0je8B86OtrRw1fB/zz7FxYv5ACz/6UeGDB7AN98sYWD/3nh5uvDhB+9ZZjfGxOxjYP/eaOzVPPHE5DrHkxBCCCGEEOLv5xqTj97MndiNJVU/beufxaBre9mxEzsy/toaF0I0o/4DBrLkq6W0bdeeiRMfY+PvWxk8ZCg+Pr6cPHGcrKyzdZZdsOATLpw/z/jxEzl6NJ61a1cDsPLn5Xz7zVcsXvw1a9dt5I/t2/hp2Q+E9+nLy6+8BsCHH33Ke+9/TO/wPjz9zHNE7dxBZkYGBoOBjz58n9hDB9mydael/KKFn1mSJBUVFfz7rbm4ubXgkfGPsnrVSqJ27uDChfN8tWQxffv0I/FUGus3bKZXWO8aM620jo4MGzac9Rs2M+8/77Ft+1ZWr1oJwNYtkWze9Dur127gRGIKL770Mi1btqxW3sbGBncPD/7zznxWr91AWFhvlnz5uSXpVV/fXC4+Po6XXnyOe+65l4Tjpxg4cBBz5szm+PE/8fT0xMbWllEj7+TkieO89NLL+Pn58cXnCzl4YD/LflrJm2/NY9++vbRsqcPF2QUbW1s6dOjI4iXfsOynlTg7OfH1119SUHCx3rhattTxyPhHSTx5gpMnjmNtbc3kx59g4+9b+fmXtQwYeAtqKysUCgXx8XG8+koEEyc9xonEFAIDg/jw/XfJz8/j+PE/mTNnNuHhffjxx5+5bdjwesfe+vXr+G3DegYNGszZs5mMG3s/WVlnuevuEeyN3sNvv60H4PvvvmHtmlX88MMKonbHEHvoIMt+/B6z2VzntSwpKeGH777F3d2DI3F/EnPgCLfddjsODhpattTh6OTE4dhDNWKytramTZs2fPbpR0x69BGGDLmNO+68i59X/FRnDFXad+jAhx99CsDLr7zGqlW/0qlTJ77/7hvL/bBrz37Oncvl3Xfn1UjUQWUCd82aVYwd9zDz/vMekZGbWP7Tj1hZWdUZV311V90rTk7O9B8wkEULP+XNN/5Fnz798G/tz9o1q8jISOfMmTRemz2Lzl0CiD92kqeefpZXX53Frqidtd63Ldzd+eTjDzl9Kolde/bz3feVcWzdsrna+VhZWWFra8fESZW/W55/IYIvPl/Arl1RlmP2Ru/h6yWLGXb7HYSEhPLLyhWkpaaQlXWWuW+8hru7B6vXbmDs2IfqHU9CCCGEEEKIv5drXFOpwMpKiZXJRHlTHuWlUmKlVGB1bY0LIZqRh4cnoaHdsbezo5W3N/0HDARo1NLI0fc9wDvvfUBG+hmidv5BRUUF+sJCdu3aSXBwCP0HDMRkMtGhQ0esrKzw9fWjbdt2AHTt2o2wsN4AdOsWZKnz/PlzHDgQQ69evQkKDsFsNnPrrUPYty+avLwLluOmTX+SWS/PZt/eaL5b+g0VFRUYDAZKy0o5eHA/+2P2MWjQYHr06Fkj7qFDh9Gv3wBKSorROjri5+uHXq8HQF+kJyvrLFu3ROLr48uoe0fXWPbq7OzCrJdnU1BwEZPJRGC3IH7fuIGy0lI0l5a91tY3V9q/fx9paakMGzYcX18/7r9/DF8uXkTsoYPcPvwO7O3sGTHiHhYsWoyzswtnz2aye3cUt946hMFDbqO0tAQfbx/s7exRqdX4+vox6+XZ6PWFFBcX06lzF85mZlZru7a4NFotoaE9LMeoVCq6dQuioqKCjz96n0OHDvLDDyvw8fFl8+bfUalU9O3bHzs7O7r37MkXixaQm5ND7KGDnDj+Jx9/vIC+/fqTm5vD54s+q3P8BAZ24933PsCtRQtOn0rC29vHEtvh2EPo9Xr0hYUcOLCf7j160qFjR1QqFcEhoSQlJlJaWlrntTRWVFBcUkxCwjF2Ru3grrtGMPr+MQDYWFtjX8cSYYVCgVbrCMBnCz5nxMhR6AsLWbF8WZ0xVC03dnNrQdeu3QBo27Ydffr2s8TftWsgffv1x8XFlaG33V6Z9Es/Q4eOnWrEMKD/QMaNe4SiIj2bNm0kLu4IxUVFdcZVV90KhQKAGU8+RcSsV1n+049E7dzBe/M/om+//tja2rJ2zSrKSks5c+YMu6J2MnHiY/j7t2HkyFGs/Hk5e/bsYuAtg2rct2fPZlbep2HhtGrVCketlk6dO5OQcIwRI0dV689Hxj9KkV5PmaGM0rJS3nt3Xo0l3P9++1369uvPvLffZO2aVRiNRk4lJbF921a+WPw1Q4cOQ6vR1jubVgghhBBCCPH30izLrouyspj8dRyTT5XWe1zmqTgmfx3Hyqz/7qYD7joPRvdwwf2/2qoQ/xwqlcqS4KhiKDeQm5NDq1be2NjY4urqxpp1v/HE1BmNqlNfWEh+Xh6eXl7Y2tqiUChQqVScy80l78JfyUelUlmjbS+vlkyfPpPSsjLGjb2fAQPCLcuYL7d7VxR9wnvg6+3JwP69q+3wPHLkKMZPmMinn3xI99BAnpzxRI3ltUVFRUS89DzeOnd8vT159523G9U3V8rNySEgoCuurq6WMoBl+TmAu7sHNja21fpG16pVrc/Xy8nJZuKjD+Otc6dDOz++W/rNVcVV5ffff+Odd97mxRdnMfCWQZaYk5NPc9vQW/D19mTmjKmW49PSUgkI6Iq7+9X91q1vPK1etZLOHdvUOK+6rqVGq+XxKdNwd3dn5oyphAZ3tSwjbiwPD89GxVCfqrLe3j7Y2tqhUChQKpUcO3aUC5eN59oolUpUShW5OTkYyg11xtXUuqvG2eVycys3GvL29gGw1JWdlUVpac3/xleNxc8+/Qh/Px3dAjvxx/ZtNY4zm82s/Hk5nTq2wdfbk1Ej72x0TOnpZwDw82td57kIIYQQQggh/r5uut2u/QL8mD02sHLp9oQA5o3wZ3ir+kq4MP5WHSNCvZkc8N+KUghhbWWNu4cHGRnplJXV/4eJ2mi0WpxdXCxJD7PZjNFopIW7Oy6XknR1USgU3D3iHvZEH2DFyjXY2tjw1ZLFXLhw3nJMQcFFFi78lNDQ7mRmnSf28DECA7tZPm/Rwp3PFnzBsT+TeHLmMyz99mvLcxOr/PHHNhZ89jGr1qxHX1zBq7OvbjaWu4dHtURR1bJyX1+/evsmMyOjxnMsAVYsX0Zc3BF2Rx8g93whkydPuaq4AE4c/5P5787j/tFjeGLqDMvmIxqNBnd3D9Zv2ExaejZp6dls3LQV/zZta5xPc1Cr1Wi0WoYPv5OjCYmWNue+9TYGQ1m917JXrzC2bt/F5sg/CO3enSVffkHy6VPNGkNDM4Sr7of09DOUlpZgNpsxmUzVks51MZlMGE1GS3KxOeu+kru7B/BXwq+qrqo/AlzJxtYWBwcHHnvsCZJOn7H0ycyZz1Q77syZNBYt/JRHJ04mv6CULVt3XnVMQgghhBBCiJvLTZV8HD40gNf6utBaVU5KViGJRUp0XhqC6v1ulceW03oyswo4IN9bhGgytVpNckoyixd/zgvPPcPyFcsoM5RRVlZWZxmTyYS9gwPdugWxa3cUK5Yv48TxP3l9zmz2Ru8BKhNoADExe4mLO2JJuFVxdXUjJKQ7MTF7OXI4loMH9hO9dw9hYeG4uNR90xuNRvLz8/j2m684m5lB585daNe+Q53HX8zPJ+vsWWJi9pGbm0t+fj4Gg4GonTuIjNyEg4NDrUu2L5d19iyJJ09w9Gg8ubm56Gt5ht/lfXPlDMyQkO74+vqxadNGMjLS+fXXtXTs1JmQ0O611uHq6kbXrt3Ytm0Lq1et5OuvvuTgwQPVjinS68nJySY+Po7EpJPo9YWWJeWNjauoqIgPPniPlJQUgkNDOXTwAJGRm8jISKd3eF9UKhUbN25Ar9dz+vRptm/bikKhIKBLVzRaLT98v5Q/tm+zbOhSXFxcbz/WR6t1JCysN7Gxh9i9K4qysjKio/eQlJRkmSVZ27XUFxby4w/fcfz4n7Rr35527f4aCyqVCrVazY4d2/n3W2/w0ov/B1Quub/aGKrY2Nri5dWSuLgjxMTsQ21lRUhIKEePxrN7VxQJCcf4449thIR2p9WlWYZXSkw6Scy+vfz661r274+hZ6+wWndkd9Bomlx3Xdq2a0fv8D5s376V5OTTREZuIjUtlT59+qFQKGrcty1auBMS2oOoXTuJj4+jpKSE7du2kp2dVWv9eRcukJmZQXT0buCvmZa1qRqTPj4+BAZ24+cVP/HH9m2sWbMKqPs6CSGEEEIIIf5ervGZj5Ws7TVMG2QHjjWXS13O3tmPaYPA3r5xS/2qaeXHEH8rOJdDxKpMcgEC27Ew/NIskFB/5rWxAUMRO7KtGNjRAfviAjYeMdFDpwYU+HkCBQB2DBnkzZCWtjhRTtKpTOaXu1WWB7iYR0SKNbODHHCoeh2ZjXvblowNcKKdizVWBgPnCvXs2JmOfVgn+jhBUfYFkjSuhHtYQUEB67amsqXgUvx+njwV5EZnNxXF+SUcOZHG0gQDuLdgWngLOrtYQVER0ftPsywVIf427r57JBvWr2Pp0q95+OEJLFr0Jf+Z9xa5ubl4e3tXO9bVzQ0vr5ZkZKRTUlLC2HEP8+efCfzfs08BMHz4nYy6dzQAnTt1pnd4H16e9SJDhtzGV998V60uGxsbpk6bQUryacvOwaPuHc2UJ6bVujTTzc2NwMBupKQkk52VxbJl3zNjeuWMv/YdOvLGG2/h6upmOd7R0Yn77rufp2ZOJzSkK+MeeoQxD44jLS2VvLwLxMYe5N135lmeLzl+wkQGDxlarc2wsN7cN/oBpk97nPYdOjJu3MPk5GSTmpKMn1/1WYuX901xcTEODg6Wz7p1C+KVV/9FxEvP8+47b+Pi4soHH35Cp06dqz3f8vK+mTJlKrGxB3liyiT69R+A9lJSCOCOO+5izZpVjBp5J9279+CeUfexZvUvZGVl0a5du3rjulxpaQnZWVnk5ubw9MzpQOVszJ9WrCI4OIQnZz7NvHlv8dmnH6HRannyyae5ffidBAWHMGHCJD779CPWrFnFE1Onc/vtd5CYeIJbBw+pcT51sbWzw8nZmcyMDEpLSxnz4DhiYvbxxJRJluv65lvzCA3tXue1zMhIJzJyE1MenwiAi4sr/5rzBv5t2gKVY+q12S9z4fx5Zr08mz/+2E5KcjIGg6FGPAqFos4YoHqi2MfHh779+vPRh/PZtjWSpd8tY+y4h0lMTGTsg5X3QO/wPjz33IvVxsLl/kxIYMyYewGYOPExy7Mqa4urqXVfzsXFhfT0dHJzcwnv05eXIl7hxRf+j8CADmi0WiIiXqFf/8p7sLb7tmosVi2l7t69Bx98VP0Zn61aeTPynnt56603WPnLCiZMmMT4CRNJS0urdTm3v38bUtNSyc7Opk/ffox76BHeeusNdu2OYsKESYx76BHLdbK2tm7wHIUQQgghhBA3jqLnnChzw4fVRcPYkf4M96w/6VibouwcPlmbSUIjj3cf1IX57dUkHopj7oFaDgj1Z35XJ9ytTZQbjeSWKtFpy9mxvYjW4W742RpJiI5nXjwMvyOQsd6QeaaATDtHerQwEh1fiF8nN3RWJvKTs3kqxZq5l8qlHs1kdqo984a5oTOWciSthHIXR3q0gIToeBK8ujDczxoHJRRd1JNUYkMXLyvIOsvkddnQyudSWQMJGaU4+zjilJvJtPUQMV5HF0UpR9LKcPZ1wq80j3nLUxvdL+Lvb8uzlcs/Dx8+3OSywcHBAAz5II7Nz4U3qozZXLlU0mgyYzSaqTCa0BdexEfXosntV6moqKCiosKy7NJkMqFQKGp9ZmBFRQVKpdKyOYvZbKawsDILr9U6Nvo5g1VMJhMFBRdRKpUNli8vL0etVqNQKCztmkwmNBqtZbnwlYr0eowmo6Vuo9FoSW4aDAb0+kJsrG1wuLSBTG3nq9cXYm/vgLW1dZP65kolJSWUlBSj0WgblVCpqKigtKSEMkMZkyeOp1PnLrwx999YW1tjMBgoLi6ynPu1xFWfumKu6n8rK2vs7Owwm82YzeYmt1HXeDKZTDg6OlWrr75rWbXRSW19W1xcjK2tLUqlslFx1hdDQxpT9sKF80x69BH8/Foz9623USlVdY6/5ojLbDZTUVGBldVf28BVjX07O/tanyt6pcbcp1XxVZ1PfX1dW0xFl2buNlS2sfbHJtEzpF3DBwohxE1AfqcJIYSoi7G87pV5jZWZW4JG64RapUSlUqBSKi59v2xc+Wuc+ahn2dp4llW9bOXH/Dvr2tjFQPSGBBZmXF1LPRxUgJnyqpWe7X3+mplIGXtWJrNFF8hYHSTuP8a8Yh9md1WSmXiGzI7O+OkulXP0po9ORXl2NhEbzxI0NIAeLRTYnzvD0lQtEe3U5J7PhkQNuT3c8CvN5+M95wkf5oVObSRh/3HmxwMDO7G0ReWXonWR5+gyQUcX9KxbnsRGPIiYoKOLbeUX3PCujpfKJjAvHkYM7UQXfTHufVrRxdZE4qHjzD/gyFPjnPCzUuF0dV0kxHWjVqurJe/q+8J/ZZJPoVDg6Hj1o1qpVOLs7NKoYy9PVDS23SuTOpfPqrS2tq42W7I2arW6WnxN6Zsr2dnZNSrRAxAZuQmj0YhO14qdO7azd180kyY/bkmsWVtbV0uyXUtcVxPzlf1fV+KzIU0ZT/VdSweNBgdqT+BdvpS5MXFey5huatmq5O31qPvycpffO9C4sX+5xtynTRkTtcV0+fW92vEkhBBCCCGE+O9rlmXXFhln2ZLpyFhdzZmQRZnnWHmViUeActOlf1z+/Vllhc5JRbn+imfPmYDEM8xNrHw5/PLP/GxpoQQcXFg4yRMHdeUszI2JkFBcRG47F3Q6D8i2w08LmSeyyQVGOFkBpeTGNz12ZyslUG4puy7yOOuA4XdVJgbc2weyJFiFFUYSj+UQ3fQmhBD/IAaDgf0x+1i44FPy8i7g4uLKU089y+Aht93o0EQz6tipU4Mb2QghhBBCCCHE313zJh8xsHF9EuWD/LjP3xYHNVBhJDP5LAu3n6t8TuNV2pJnYLy3HTqdGxw5X5lctLVhYbiGixnJlcm8plRYUUpcYh6JaflsSb20W2zGWRLyXRjo5sjwdmrcKWVHbM3nfl0dJQ6tgFoSsMX5BRxJKuJAyjmOXEsnCSH+EaytrXn5ldd4+ZXXbnQo4jpwdXVjzbrfbnQYQgghhBBCCNEsrsNu1yVs2X6c/2fvTsOqrNYGjv+Zpw2CyIxevKIAACAASURBVDwrkyAyCCKOddTMLM2ynMocyrLxdDp1tNIs62STzVmZZVbOOWaWs4KiaKIiiDLJPMm8mTaw9/vB2EdkFqzsvX/X5Qf2ftZa91rPergub9Z61rwTSippIOFEHPMPXKbLZ6hEl5BQC5YO9swf3IsILytG9dSn06+Zj6sgpw4MTPQoTCniTJ0pM4Y5EgiAiu35NWBkxFgXYyitZPvvB8YklNUBxngNNQFMmNrz95Y7MIK7ClXUYUjfAXa4YYhfoAszAg3ZlVNDHbr0MFARfaGcOmtn5oRbdLZHQgghhBBCCCGEEEL8JXXzysff2VgzyV4fQ3SwtHdgRF4uh7q8oq+ApQcNWTKiF379nPFr/LimhqQ8IMCT8b9v9/aLCGA+Vw6XafJ5iCdj45LZnmDBnAAzxt/px3iAuhoMMnM4cwkKY5Wke/XCzRRyMvO1qzWjowsZYeOIn58Pq/2gtFhFJYb4BXky38UEPyMABePvtMXR1PHKz0bWLL+zlnk/5bLXzoWx9g4smesAQGWWitU/57PX2YWx9nbMn2IHQF2xDmeOl9PSmTpCCCGEEEIIIYQQQtxMunjadQvcXFg60hrHq9Oa9TUc2pfIyi4vf7zCxrEHnmZQll9GQvn11mJCoJcxpqoaohu3XbfLEL/eZpjWVHIy5zq2Y9tYEGGpR1VpSdPt1a19Lv4W/g6nXQshxN+NnAwrhPg7kd9pQgghWvM3OO26udA+Ztho1NTVXf2pIX7e1pBe1C1tFOaUden9kVdUcyapo0nHRioSUrvwDsjCcqJbCry1z4UQQgghhBBCCCGEuIl1e/Lx5P5E5nR3pUIIIYQQQgghhBBCiJvODThwRgghhBBCCCGEEEIIIST5KIQQQgghhBBCCCGEuEEk+SiE+EvRaDSUl5dRqVT+2aGIa1RXV1NaWoJare5SPfX19ZSWlqBSdeEduh2gUqkoLS2hvr6+2+rszvmpVqspLS2hurqz7x/+Y1QqlZSXl6HRdP5cur9634QQQgghhBB/HEk+CiH+cIcOHmDq5Hs5dPBAs+9qampY+NICHpoxjdLSkj8huptPQ0MDX3z+KY89OoesrMwb1s72bVsYM/pWkpMuNvvu8uVCnn5yHu8ve4fa2to260lLTWHsmJFs2ri+zeu62q9Tv53E2dGGbVs3A7Bt62amTr6X+PhzbZb7o+ZnaWkJM2dM58MP3utSPTfKxx9/wPRp91NUdLnTZRv79v6ydzqdvOzofRJCCCGEEELcHCT5KIT4w12+XMiOHdu4fLn1Y97r6+s7tcJOo9Hw1tI3uHv8HRQXF3VHmM0ciz6KvZ0Vx6KP3pD6r7fturo6EhMTOXEihoqKihsaR3z8OYqLi5t9Xl5WRmzsb1y4kNjhlYYZGeltft9d/WqMJynpIgcO7qewoKDN62/E/LxZXS4spKSF+321tp69/Lw8ampqOtVmR++TEEIIIYQQ4ubQ7addCyH+Hhq3S5qYmLR7rVqtRqmswNTUDH399n+t3Dvpfu6ddH+n4mmvjZqaGnKysztVZ6VSia6eXot9rK+vp76+HmNjY+1n6emXUHZDcq+6uhp1QwNmCkWHy7TVtrGxMe9/8HGX4+qK3n08iTwS0+zzzs6Nq3V3v/79/Hz+/fz8dq+7nvnZEVVVVRgbG6Or2/bf/boyZm3NLbVaTU1NDaampp0q157refbaarej90kIIYQQQghxc5CVj0IIrfXr1jDpnvH854Xn8HB3xNvTjU0b16PRaPjpp+3cNvoWjh6J4sEHpjBsyEBSU5KJiTnOrSMG42hvjYebI1+t+Jz6+nq+XfU1fr59OHXqNwDKy8t4YPpkFKb6KEz1CQ7y50hUJACVlZUsee0V7O2sCPD3ZufOHU3iOnokiojwEBztrQkLDWTH9q1NtnJWV1cz/4XnWLnyS/bu3Y2rsx3P/vMpjh+LZsSwQezZ8ysvPP8v7O2siIk5TkFBPnNmz8DO1hIPd0eWvPYKlZWVqFQqVny5nCERoVhaGNOrp4J/Pfs0ZWWlrF+3hjmzZwAwauRwbf+Xvvk6U+6/hy+/+IzgIH+Cg/zZvm0Lry5eiIuTLaNGDic1JVnbzwXzn8fD3RE7W0sen/eIdnXd+nVrGDVyOKtWrWTEsEHY21nxwfvvUl9f32rbjY5FH0Vhqs/Y20dqVxNeG5eLk632XjZSq9W89uoi7rpzDHl5uZSWljDpnvHacQJ4952lzdrbvfsXbYwff/Q+DQ0NLH3zdRSm+ryy6CXttuur50ZL9y0lJZm5j8xCYarPQzOmNVtpeD39iok5zohhg1CY6vPoo3O0dSVdvEBEeAjBQf7Exp7qtvl57lwcgf378sXnnzZpZ+mbr2t/fvCBKbg42WLby4IBIQHs27uHlmg0GnZs38qAkAAc7a1xdrJh4csLmrw3sba2lhcXvMB/XniOPXt+JTjIn2f/+RTFxUWtzq3NP27k9jH/wEJhiG0vC6ZNmUR2dlaTvrVUDqCqupo1a77XjvWWzZuaxNzas9c4B3Jysnnpxf9gb2fVoWfh2vvUWn87u5pSCCGEEEII8eeR5KMQoolffvmZkpJiVn69mvDwQXz6yYekp1/CxcWV/Px8bht9CwAzHpqFWq1m0cIF9PXzJy7+Ik8/8ywvv7yAqMjD9A8MQqVScfTIlQRORkYGcXFn+e+bb7P886+oKC8nMvIQAJs2rufTTz/i5Zdf4YOPPsXbx0cbT2ZmBq+9toiIwUO5kHSJ+++fwrL33iY9/ZL2GkNDQx6YMZO77ppAWNhANmzayiNzH8PJ2RkjY2MmThjHxQuJ/Oc/L+Ls7MzHH31AakoyUUdP8N336/h21dfs27sbAwMDjI1NmDX7YXb9so9/Pz+fL7/4jKioSCIGD+HFlxYB8MGHn/Duso9wcHQC4KeftvPzzp+49daR5ObmMG3qfeTl5XLnXeM5Fn2Un3/+CYDvv1vFtq2b+eGHDUQeiSH21G+sXfO9NnF2LPoo36xcwZjb7yA4OIQfN20gI/1Sm20DeHl788w/nyPy8KEmK9Aa47r33vtwdnZm3dofKCsr1X6vq6uLj48v5xMSyM3NpbioiKKiy5gYm5CWmkJVVRWX0tLw7euHra2dtty+vbsZfdvt9OsXwLatm8nOzmLM7XcwatRtnDkdS2Wlkry8XJa8toi+fv7Eno5nxIhb+fCD98jMzPjfXNv1M9bWvZgydTo/btrA8ePHmszFzvarsU0bG1u2bNvJ1KnTtWUcHBx5cMZMki5e4OKFxG6bn9bW1jg6OpIQH9/i4SpGxsZ4e/uwYuUq1q7bhGWPHnzzzVeUl5c1u7a4uIivV65gyOChJKVk8NPO3QwMH9Rk9a2hoSG9e/fm008+ZPbMBxk16jbuGHcnGzesa3VumVtYMGbMWH7auZulb73L/gP7tEnETRvX8+2qr1mx4hu2bd/FwQP7Wbf2B217KclJxJ76jYkT78XWzo4ff9zYJPbWnj1DQ0MAIqMOo6qtZfr0GR16FuztHZrcp9b6e/WYCCGEEEIIIf7aZNu1EKKZ2bMfYVDEYMpKS5n7yCxSU1JwcXHB1MSEeY8/xetvLMXIyIj9+/YSFXmYWbMexsOjNxMmTGTTxvUcPRrFvMefZODAcM6cOY2yooL09EuYmpgwduw4AGxsbIArW1FPxBwnLGwgU6ZOx8xMwZ5ff9EmF5MuXiQq8jCPPfYEJiYmhIYN5I3XXyUvNxd3dw8A9PT06NcvAFtbO6qrqxk0KIKePa0pLi7C1MSU8ePv5rPPV2BpaUVubg4nT8YwMDwCJycnLMzN8e3bl4SEeMZPmMiDM2ZSqVRSq6qlpraGd99ZirKiAldXN/r08QSgX7/+hIcP0o5XQEB/3nn3fax79SI1JRlnZxfefvd9srMyOR17CqVSibKigpMnTzAgNAxvHx/09PQICg4hOSmpySqu/775DkOGDmPpm6+zbetmGhoa6N3Hs9W2Aayte9G/f2Cz++jv34+331mGi6sbhQUFpKdfavaeQm8fXwBSU5JxcXWjRw9Lxo27i5SUZEpLS0hJTWbkyNEozM21Zd56exmDIgajr6/Ptq2bqa2pwde3L25u7tr7lhAfz4H9+/h29Rq8vH2IiBhMYmICOjo62nqeePJp5i94mWPRR1m39odm28o726+U5GQO7N/Hlyu+YfToMZgrzHl9yWIAFObmhISEauvw8PDolvlpZGSEkaFRsxgbubq6seDFhSiVFVRVVeHb14/cnJwW34upUqmoqa3ht99OcCLmOLfeOpLQ0LAm1+jo6GBubgHAp599wfgJE1FWVLBh/dpW59bo0WMYOnQ41dVVmFtY4Obqpp2TUVGHCQoKZtjwEajVary9fTAwMNC21zi3nV1cKbp8mfT0S01ib+vZA5h8/1SWvv0eWZkZHD0S2e6zoG9g0OQ+tdRfIYQQQgghxM1FVj4KIVqlp6cHQGHh/w5+sLa2xsjIqMnnzs4uwJVEga6uLvl5eRgZGRMYFMy5uLNkZWVxIuY4gUHBODo5N2mjpqaarKxM3FzdMTU1axZDYxsPTJ+Mq7MdEyeM63Q/bGxsMTK6slJKWVFBaUkJn37yIR5ujvQP8OXggf3AlW2vmzaux9en93W3BVfG7eokG4CqTkVhQQFbNm+ir09vvD3d+G71qhbLdhddXd1mcVzLxcWFvn5+XLiQSEb6JZydXQgeMICc7GzSUlNJunixSTKooxrvm9Pv93vylGn88ut+XFxcO9+Ra7TWr8YTsd3c3Nuto0cPy26Zn+0pKMhn1swHcHa0afWeN7K3d+Dxx5+ipraWaVPvY/jwiGZb1a/WuBq1vbl1JCqSwRGhuDrbMWLYIO0p0o3lnJycMTIypmdPa7Zu/5lHH3ui0/3sjI4+C9e6evWtEEIIIYQQ4uYhyUchRKsaGhqA/yUXr2VjYwv8L+mj0WhQq9XY2dtjYmJCeHgEaZfSOH36FGdOxxI2MBwzs6YJHEMDQ2xsbcnKyqSmpvm21cYVdyu+WkVGVr72X8iAzifE4Mo2WDMzMx5++FGSUzO19T311D/JzMzg8+WfMHPWHErLa9i77/B1tdESfX19FObmjB07jnMJSdp2l7zx5p+6hVShMMfT05uc7GxiY0/h7OKCv18/0jMucfr0KRwcHHB3bz+Zd63GudH4bsE/wrXzsS06OjrdMj/bs2H9Ws6ePcOR6JMUFlUwZ87cNmO6a/zdHI0+yYZNWzE2MuLrlSvaPb29rbmlUtWyfPknhIQMICeviNjT8QQE9G/St+zsLGpr/7h3KP5VnwUhhBBCCCHEjSHJRyFEM5GRh4iNPcXmHzdy6z9G0sfTs8Xr+nh6MihiMAcO7CMtLZU9e34lPSOdwYOHoqOjg4+vr/bdhXl5uS2uoDNTKPD09OLY8Wg2bVzPL7t2EhNzjFpVLbW1tfj79yMsbCA7d+6g6PJl8vLy2LP7V+rq6prUo6enh4mpKfn5eUQePqQ9oORadnb2BIeEEhl1mLi4s1RXV3Ng/z7y8/O015QUF5OTk0109BHgf6v4GhOhMTHHOHv2jDY52xHm5haEhw8iNvYUR6Iiqa2tJTr6KMnJya2uTlSr1dpVb11pu1GDuqHZtmtjY2P6BQQQGXWYo0ci8fLyxtbWloaGBnbs2NbsfY8d1btPH8LCBrJ2zffExp7il19+5rVXF7X4XsSuauyXi4sLAQH92bhhHQcP7Gfr1s0AKCuVLZbrjvmpq6uLvr4+MTHHeO/dt3j+388SF3eWmpoa7T2qVCopKMgnLu4sSckXUSorUCr/F1N8/DlOnjxBUdFlvl31Nbk52fTt64enl3eH+t+RuVVWWkpebi4xMccpLCyktLQUA0ND+vcPJOpIJBvWr+VC4nleXbyQY9FHOzX+HX32OhOvEEIIIYQQ4u9Dko9CiGa++Pwzhg0ZSGZmBgsWLMTe3qHF61xd3fjP/Jc4fvwYAf7eLFmymPnzX2LosOHAlW2Sw4ffwq5dO+nj6UWfPn2a1aGjo8N9902mX78A/vXs03zw/rtMum8ypSUlFBYW4ubmzhNPPsOhgwcIDvJnYGgghw8fbLZSy9DQkPDwQWRlZTF92v2s+eG7FmM2MjJi7tzHsLKyYuKEcfh4ufPRh8soLSvDycmZCXffw6YfNzAwLIi8vDxmPDSLjIwMampq6Ovbl0ERg3lxwQssenlBk8NbWmJsYkIPS0tysrOpqalh8pRpRAwewqNzZ+PVx5WXX5pPbm5Oi2U9PHqTnpFOfn4+QKfbbhKHsTGOTk4U5OdTdPlys++DgwdQp1JxPvE8Lq5u2NjYYmNjS1TkYTw9vTBTKFqs18HBkbRLaeTl5TX7zs3NnX899wIpqSkMGzKQR+bMpGfPni3W08PSEh/fvqSkJDdLjnamX737eDJt+oNEHYlkypR70Wg0TJv+IJfS0lCpVM3Kd8f87NHDkvsnTyXtUhprfviOifdM4uWFi0lLS6WqspI77rgTdw8PJk4Yx/PPPcPo0WOoq6sjLy8PMzMFgUHBbNm8ie++/YacnBzWrv2e/gG+BPh7c+5cHLPnPELPntZtjoOOjk6rc8vCogf33nsfx48fIyS4H4cOHWDylGlkZ2dRWalk6rQHuOeeSfzr2acZEBLAubizmJo1315uaHhllWRubg6FBQXNvmvv2TO3sKCXjQ2ZmRlUVVV16lkQQgghhBBC3Nx0whZHtvwyKSFEt9j77JUtjqdPn+502aCgIABGvX+W3c9FdKiMRnNl+3ODWkNDg4b6BjXKijJcHHu1W3b9ujXMmT2DvfsO069fAMYmJujrt38ulUqlQqmswMTEFBMTkw7Fea36+nqUygoUCnP09fVRq9Xo6OhoV0J1RxtXU6vVlJeXoauri7m5hbYdjUZDRUU5erp6mCkUaDQaNBoNurrX97ea+vp6dHV1teUb61er1VhY9Gi1Xo1GQ319fZPDP7pCrVajVqs7dD87qiMxNt43hcJcewJyS+rq6tDX1+/0yreW+lX5+6rC7rh/jdqbnzU1Nejr62vjaGho0L6/U6VSUVVV2WrZq109Pxqv76i25lalUkmDukE716+Or7Ec0ORZuFZX59D1Pgs3yonYZMKCW17VLYQQNxv5nSaEEKI1DXWVXa4jp7AahXkP9PV00dPTQU9X5/f/03SsvJx2LYRo0dWnG7fH0NCw3dVZ7dHX18fS0kr787WJiO5o42q6urpN2muko6ODhUWPJj93ZSvotYmaa+tvjY6OTrclHoEmSZ/u0pEYO3rfrrevLfXr6pWaXb1/jdqbn9e+q/Dqg4MMDQ2bJF7bug8dnR+dLXvt6tWr4+tom12dQ9f7LAghhBBCCCFubrLtWgjRxKCIwTg4Ov7ZYQghhBBCCCGEEOJvQFY+CiG0Jk+ZxuQp0/7sMIQQQgghhBBCCPE3ISsfhRBCCCGEEEIIIYQQN4QkH4UQQgghhBBCCCGEEDeEJB+FEEIIIYQQQgghhBA3hCQfhRBCCCGEEEIIIYQQN4QkH4UQQgghhBBCCCGEEDfEDT7t2oo54+3wMoTK/HyWRJbc2OaEEEIIIYQQQgghhBB/GTc4+WiAjZUxjkZQWWNwY5sSQgghhBBCCCGEEEL8pci2ayGEVnV1NaWlJajV6r9UXX9HbY2PWq2mtLSE6urqTtV5veU6o6v3tbCwgKNHokhPv0R9ff0f1u6N8leNqzP+iHnTEpVKRWlpSafmgRBCCCGEEOLm0+3Jx4hhXiyd5MvS8S5EdHflQogbavu2LYwZfSvJSRebfXf5ciFPPzmP95e9Q21tbZfqulmlpiTzwPTJ/PD9ajQaTZfqamt8SktLmDljOh9+8F6n6rzecp2xfdsWxo4ZSUpyUqfLRkUeZsSwCG4bfQvhA4M5eSKmU+1253zqrnvZlfH4q/gj5k1LTv12EmdHG7Zt3fyHtiuEEEIIIYT4Y3V78tGyhzGOPY1xtDLCshvr1SY1r/q3cKwzo2y6sREhBPHx5yguLm72eXlZGbGxv3HhQmKHVyq1Vtf1OhZ9FHs7K45FH+2WskkXLxARHsL6dWs6VMfloiL27t1NWlpqt6x06+7x+Surqanhxx834u7hwfkLqVxKzyU0bGCn6ujO8erue/lXUl1dzTNPPc4zTz3+h69mvB6y8lEIIYQQQoi/txv8zsfuU1ZeD55mOOo1UFhaR52BAV4uvfCyMcZgdTK7/uB4Roz1Z4peIfN+KviDWxbiz9G7jyeRR5qvVKuvr6emuhozhQIdHZ1O1alWq1EqKzA1NUNfv+mvI5VKRU1NNebmFtp609MvoayoaLfe+vp66uvrMTY21n7WUtmioiLi4s62GltNTQ2mpqbazwYODCcvv/MHZ7UUz/Voa7zaU6lUoqunh4mJSYfLVFdXo25owEyh6FRb9fX1VFVVolCYo6t75W9cGo0GdUMDTk7OWFlatTkWjf28unxXaDQaKirKMTY2wdDQEGj9XrYU+9VxXTsnbrTruefV1VWkp1/Czc29xe+rqqowNjbu8th217wWQgghhBBC/L11/X91Pg7Mu9WNebc6MKKdS0NDXH6/tmPXXy3hTCWlaqCumr2bEpm/No61OQ1gbEJgQONVJoy61Yul0wJYPs2X58ItwMuFhZN8WTrJgxnhvZt+9zs3fxfmT/Jn+UP+LB3v9vtqSivmjL+ywvLpsF7Mm+jP8hl+zI+wZewoX6a4GGDWsxdLJ/nwdBBg04t543356KEAPrrfh/lDeyGLMsXNavfuXxgxbBD2dlZ8/NH7NDQ0sPTN11GY6vPKope0266PREUSFhqIvZ0VEyeMY9qUSSx8eQEqlarNugCOHokiIjwER3trwkID2bF9KxqNhsrKSpa89gquLnY42lvj39eTHdu3sn7dGubMngHAqJHDGTZkIKkpydp2VCoVK75czpCIUCwtjOnVU8G/nn2asrLSFsv+uGkDo0YOB2DO7BnY21kRE3OczT9u5PYx/8BCYYhtLwumTZlEdnaWdjWZvZ0VX3z+KRqNhqSLFxg2ZCDLP/uYuY/MQmGqz4MPTKGgIL/NeK72xhuv4uJkS3CQv3YMWtLaeLWnoCCfObNnYGdriYe7I0tee4XCwgIee3QODz4whdLSKwm42NhTePZ24eCB/VRWVrJg/vN4uDtiZ2vJ4/Me4fLlwnbb0mg07Ni+lbDQQBztrRkQEsCO7VspKSnmwemTWbnyS9au+R57Oysm3TNe2zZAcXEREyeM49XFC7lt9C042lvz0IxpFBTkN2nj2vlUWlrCQzOm8dCMaVSUlwOwf99eFKb6HDywn5iY49wyPAJHe2t6Wpoy95FZ5ORkN7uX18Z+64jBxMQcB2h1TnRWS/Pl38/9k507d3Db6Fs6/IwUFxdx9/g7eO3VRSxa+CL2dlaMGjmcpIsXKC4uYvbMB9m7dzcrV36JjbU5776zlKSLF3jwgSm4ONli28uCASEB7Nu7p9N9aG9er1+3hlEjh7Nq1Urtffrg/Xe1qxtjYo4zYtggFKb6PPronE63L4QQQgghhLj5dD35aN+DCC8rIrx64NnOpSeTazF1surw9W0zxNJAB2ig7PddeGPv8GSGlzGUlHO+xoDAQGfmWQOGhjj27MEoPxNQ1VFnbHzlOycgwJP5Q6xxo5qz2SpMe1kxY0zv3xOjetj0NCYwwJH+xg3U6RviZm2Ou7kehto41FRWKpj3D2cirCE9o5zkekP8+lgS2qX+CfHn2bd3N6Nvu51+/QLYtnUz2dlZjLn9DkaNuo0zp2OprFSSl5fL0qWv06d3HyKPxDBk6DC2b9+Ku4eHdnVZa3VlZmbw2muLiBg8lAtJl7j//ikse+9t0tMvEXf2DJ9++hFvv72M1EvZvPPeB/Tu40nE4CG8+NIiAD748BPeXfYRDo5O2nYMDAwwNjZh1uyH2fXLPv79/Hy+/OIzoqIiWyw7KGIwH3z4CQAvvrSIzZt34Ovri7mFBWPGjOWnnbtZ+ta77D+wjy2bN2FoaMjEeybh4e5BQnw8NTU1wJXVX/99YwnW1r14cMZMtmzeROThQ23GczUHB0c+/mQ5rq6u2jG4Vlvj1RaVSsXHH31AakoyUUdP8N336/h21ddEHz1Cv34BRB89QlpaGgCnTp3E3d2d3n368P13q9i2dTM//LCByCMxxJ76jbVrvm832RkXd5b/vPAcd999DwmJKYwYcSuLFy8kOzublxYuZtash+nj6cXKr1fz0sLFKBTmTcprNBq2bt3M1GkPsPStd9mz51fWr1vTpN1r51NZWRl+fv6cPh1Leka6ti+DBkXg5OTED999i42NLWfOnifm5Bluu+12LC2tmt3LxMTzLF68kLvvvoffTsXh4ODIRx8uo7y8rNU5cT0a50uPHpYMGz6Cz5d/wuuvvcLgwUPxcPfo0DPS6LPPPqa4qIgZM2Zx7lwc27ZtwcxMwdPP/IuwsIHcddcEtm3fxb2T7sfI2Bhvbx9WrFzF2nWbsOzRg2+++Yry8rJOxd+ReX0s+ijfrFzBmNvvIDg4hB83bSAj/RJ5ebkseW0RNja2bNm2k6lTp1/XGAohhBBCCCFuLt1/2rW6gfRMJaV1V31WX8PJuAJsnM1wNGy1ZMcYmDBqki9Lp/ky1gYK0y+zKRuwcGawox51+ZeZvyudQxVqQAfTokyWZKuABhJOxTN/UyKfZ6gAQ9x6w1QvBWbqaqJ3p7J8bxI/5taBqRkR/iWs3F5OIWBQWcaitYnszawhvSif5VuufF5ZfJn5m5JYmWRKD2OgVsXJc+l8FH+Z6JRy0rvYVSH+LG+9vYyXFy5m1KjbqKyspLamBl/fvk22cSbEx3Ng/z7uufc+goNDGDbsSspeYaZot66kixeJijzMLbfciomJCaFhAzlxIoa83FyqqqpQVlRw4MA+MjMzGTNmLP7+/XB1daNPnyt/sujXrz/h4YOabCHW0dHhwRkzmTr1ULuMzAAAIABJREFUAfz79WPI0GEAKCsqWizr5ORMv379AejTx5PBQ4ZiYdGD0aPH8Ni8J+kfGEjE4KG4ubqhVCrR09Ojf2Agdnb2zcZr3uNP8t833+ahh2YDVxJMbcVztdmzH+HuifcyefI0TpyIITur+Yq6tsarLUVFlzl5MoaB4VcScX1698G3b18SEuIZFDEEuJKoq6mp4VxcHP7+AZiYmHDy5AkGhIbh7eODnZ0dQcEhJCclaROurTlx4jgZGemMGTMWV1c37rtvMhcSz3P2zGmCg0NwcnbG1MSEkJABBAeHtLiNePiwEUyb9iBTpk4nLGwgZ8+eoVKp1H5/7XxS1dYSFhZOSnIS8efiUFZUcOFCIv7+AVhaWVFVXUVCQjyHIw9hY2PDpPsmY2pq2uxeHj0aRXZ2FmPvuBMf374EBYegp6eHDjqtzonr9cSTT/POu+8zc+aVlX/vvvchi199nQl339OhZ6TRpHvv5+133+eRRx7Fw92D+vp6jIyMCAoOpkcPS2xt7Rg8ZCgeHr1xdXVjwYsLGTQoggGhYfj29UNZUdHp9y12dF7/9813ePGlRYwYcSv19fU0NDSQkpys/Z0xevQYbrnlH9c9hkIIIYQQQoibR7cnH09GJbNwVzJP/5TBSQBVDYf2JbJd343nBvXABhUnj+RyRtm1k2LRBdQN5OQUUAjgZkwvXcDMiuWzg3jOw4DK/BJ2XX0A6e9nCiTkq6j8vQ5TfaCugcIru/U4VNUA6GFpdVU5jZpCYPueRJZGt/QfzgLOFNSBwoI5E4NYGd4DiktJ6FoPhfhLKyy88r7T1t4r15GyD0yfjKuzHRMnjNN+Fz4ogv/Mf4ldu3YyYtggpk6+t0MnCWs0GjZtXI+vT+9mdXbGkahIBkeE4upsx4hhg4iPP9duGV1d3Wbvu+xsPHp6egBkZWU2+66t8WqLsqKC0pISPv3kQzzcHOkf4MvBA/sB8PDwICCgP2dPnyY3J5vExAQGDxmKnp4ehQUFbNm8ib4+vfH2dOO71as61F5hQQH+/v3o2bNnkz5lZHT+TzG6urro6V6JRVWnavPavn5+DBs+gtjYU+Tn55GWmoKXtzc2NrY8MnceNjY2PPXEY4QE9eOrFZ+3mHArLCjAw90DK8srR6XNX/Ay365eg7mFxXXNic5oHKcm8XTgnuvp6XX4PasFBfnMmvkAzo42nbqn1+rovG6pT41z+3p+ZwghhBBCCCFuXt2XfFRDHVBoZcuSGf4s7GtMIaWs3Pl74nGEFY6oOHksmY/i83nvpzS2X087je98PFBGoa4BgV7OTd+tWF/D2aR8Vv96gXnbclpOAFrqY3b1z7o62p9tdHWBBko7txONXUdSeW9vLnszq6nUNyYi3I3xnatCiJuKjY0tQLtbf1uiML+y3XbFV6vIyMrX/gsZEIqZmRkLF71K3LkLvLbkv0RGHWbTpg3tbvnNzMzg8+WfMHPWHErLa9i773Cn4yovL2P58k8ICRlATl4RsafjCQjo3+l6riceZaUShbk5Hr37NPuurfFqi5GxMWZmZjz88KMkp2Zqyz311D+xtLRiQGgYF5Mu8NtvJykoKMC/XwD6+voozM0ZO3Yc5xKStGWWvPFmuweL2NjaNjmRuvHdha6ubm2Wa4laraZB3YCzswvGxm0fkmNt3YvAwGCSky7y228nORd/jtDQKydpDxwYzr4DUezec5CQAQNY+dWXpKWmtBh72qU0SkqbvpOzO+dEZ1zvPW/NhvVrOXv2DEeiT1JYVMGcOXOvq56uPGeNvzNaSrALIYQQQggh/r66J/lYX8eZE6msdnNmyS29cDM2wCvQnfdGWWBq05h4rCH6UDIfJfy+gqVcRfvHF1zFQgcDAHSwdDOB7ALOXFZDrx7MCbHALa6CnDowMNGjMKWIM3WmzBjmSKC2Ah3MzBXY2Fgzz9EYUJGeDMkVdWBgQmC4CVhYMcnWEOpqSIhrPyQzY0PcMMHNxoWlU7yYZFPC6l1pnCwH9HSbJjiF+Jvp3acPYWED2fzjRnbu3MHXX6/ocFl//36EhQ1k584dFF2+TF5eHnt2/0pdXR3x8efYtHE9Go2GkJDQJltjGxMyMTHHOHv2jDa5dbWS4mJycrKJjj4C/G8FWUtljYyNsbd34OzZM8TEHNcepFNWWkpebi4xMccpLCyktLS0ySE67bk6rtbiaVShrCDx/Hl2bNvK6NFj8Pb21n4XH3+OkydP0Ne3b6vj1ZLGcr162RAcEkpk1GHi4s5SXV3Ngf37yM/PQ09Pj8GDh5J08SKbf9xI375+uLq6Ym5uQXj4IGJjT3EkKpLa2lqio4+SnJysXWWXdimNw5GHKCq63KTd4OABuLq68euvu8jOzmLHjm34+PYlOGRAh8cuKfkiMcePsWPHNk6ciCFsYHi7p0sbGhoSHBxCUnISGzesIzg4BDd3d2pra1nzw3ckJp7H08sLT0/vVusIDAxGYaZg1TdfcSHxPN+tXsUXn3+qvZdtzYmrxyMjI52ZD03nv2+8pp1P16OtZ6Q1arUajUajTSCnp18i8qr7VKlUUlCQT1zcWZKSL6JUVjTZPt44b+rr61m58ksm3TOe06djW2yrvXndUlwuLi4EBPRn44Z1HDywn61bNwNXEu9CCCGEEEKIv6+uJx9rajnzWxLvldqxdGQv3AzqSDiZyxkl2PR2ZsmtjYnHVJandPw/79caO9wWLyPAyIyx4b0gwImIXrqAAX6hjowin+0JlZQamDH+Tj/eu9OFUZ4WhGp3d+ni1s+T9ya6ENFDTWFyPsuz4dCRQs5UgFugD6unuBFhpuLMqXS2A3Put8YRwNKa1fe7XBVNCUnFaujZiyVzfVg0WAFqXdwC/Vg9149RPdUUpl5m7XX3Voi/BgcHR9IupZGXl9fsOzc3d5548hmOHz/GY3PnkJub0+G6GsseOniA4CB/BoYGcvjwQWpra0iIP8eihS/S292JO8fdhreXN5Mm3Y+Ojg59ffsyKGIwLy54gUUvL2hycrSTkzMT7r6HTT9uYGBYEHl5ecx4aBYZGRnU1NS0WNbFxYUhQ4fx4Qfv8cxT8ygtKeHee+/j+PFjhAT349ChA0yeMo3s7CyUyoo2eneFtbU1AQH9uXQpDQcHxzbjMVMo8PL2YeKEcYQOCMDU1JTFi5dgaWmFmZmCwKBgtmzexHfffoO9g2Or43W1a8vp6Ogwd+5jWFldOY3cx8udjz5cRmnZlaXd/QICCAjoz/btWxk0KAILix7o6Ogweco0IgYP4dG5s/Hq48rLL83X3l9vH18cHBx55qnHSbp4sUn7/fsH8tLLr/DVii/w8XLnh+9Xs2DBy/j69m137BqdT0hg8uR7WDD/eWbNephJ901udz4BhIaG0dPKil27dhIYGIy1dS9KS0vYs+dXBg0Mpre7ExvWr2XOw3NbXF0aFBTM/AUvsWP7NgaEBLBs2Tv07GmNublFm3Pi2vEoLy8nNvYUp347SXV1VYf7DWBlZUVWVhaFhYVtPiPX6mltjb29A9nZWVRVVWFmpiA8fBDHjkdzz913snfPbu64407cPTyYOGEczz/3DKNHj6Guro68vLxm86a2pobMjAx++eXnZq88aO85u5aHR2/SM9LJz8+ndx9Ppk1/kKgjkUyZci8ajYZp0x/kUlpap5L7QgghhBBCiJuLTtjiyC6+fBFwc2HpSGscqbuSiDyjAgsr5t3mQoSFqsuJx84xIdDLGFNVDdHp1Vc+GuHLah8DEo6nsbfKgLrSEs5cs+zSzc0KR8MGcpI6elCMIX69zehBHcmpSgq1dagpyy8jobx7eyVuXnufvbJF8/Tp050uGxQUBMCo98+y+7mIDpXRaK68l61BraGhQUN9gxplRRkujr063b5Go6G+vh4DA4NWr6muvvKcnTkdy6iRw1m/cQvjxt3VobpUKhVKZQUmJqZNDo+pr69HqaxAV1cXc3OLDr/XTqPRUFFRjp6uHmYKBRqNBo1Gg65u5/7OUqlU0qBu0Lbd0NDQ4jvsWlJXV4e+vj46Ojodiqdx/K7uf2taG6/2qNVqysvLOjWejbGr1WosLHp0agyrq6uprq5CoTBvcvJ5W4qLi5g980Hc3NxZ8sab2jFrK75r59OlS2nMemg6z/7recZPmKj9vFKppFZV26F4qqurqa2tQaEwb3IgTkfnhEaj4c3/LqG6upqFi17tcP9b61NH73l9fT26urpt3ieVSkVVVaW2b2q1Gh0dnRbnw8ULiTw+7xGWffAJ/fsHNvmuM89ZS31qPECoK89odzgRm0xYsOcf3q4QQtwI8jtNCCFEaxrqKrtcR05hNQrzHujr6aKnp4Oers7v/5foWPnmR412lrszS4ZbYdNQw8kTqVdtqy5h+aYaDjk2kJDzR65oqOZMUvX/fnSyZYalHqCDpaMlNmez2NXCfu/09JJOnk6tIiG1ab86X4cQf206OjqtJh4rKyv5acc2XFxc0TcwYPXqbwgLG4i/f78O12VoaEjPntbNrtXX18eyyalPHY/XwqJHk587mri82rVJr44mHoEmfexIPJ1JIrY2Xu3R1dXt9HheG3tnmJiYdKpf1zIwMGy3fON8qq2t5cyZ01RVVrJhw1oU5uYMDB/U5FozhQIzWk9kdiT2jsyJuro6Vn71BQcP7ufTT7/oVOIROveMXKulk8OvZWho2CSm1hJ+KclJPPfcM9x51wT8/PxbjLOjz1lLfbp6LK/3GRVCCCGEEELcPLqefLyUxcJLWa18WU1C2zsxbzxTI9wMGsgpbgAzExzbfnWYEKKDSkqK2bJ5Ez/9dOXoKH//fry86FU5yVZ0iY+vb7sH21wtLy+XFxc8z7HoowweMpTX33gLe3uHGxhh6wwMDLjzrgk8OGMWZmY371t/HZ2c+Wz5CpydXSQxKIQQQgghhOiyricf/+qSMlmS1P5lQojOcXZ2Yd2GzX92GOJvomdPa7Zu/7nT5dzc3K/rZPMbxdnZpf2L/uJMTExwcXH9s8MQQgghhBBC/E388S9ZEkIIIYQQQgghhBBC/L8gyUchhBBCCCGEEEIIIcQNIclHIYQQQgghhBBCCCHEDSHJRyGEEEIIIYQQQgghxA0hyUchhBBCCCGEEEIIIcQNIclHIYQQQgghhBBCCCHEDSHJRyGEEEIIIYQQQgghxA0hyUchhBBCCCGEEEIIIcQNIclHIcRfQn19PaWlJahUqhvWRqVSSXl5GRqNpsWfW1JdXU1paQlqtfqGxXWjXduHtsZarVZTWlpCdXV1t8bQkft7o9oWQgghhBBCCPHnkeSjEOKG2bZ1M1Mn30t8/Ll2r01LTWHsmJFs2bzphsXz8ccfMOOBqZSUFLf4c0u2b9vCmNG3kpx0sVNtXb5cyNNPzuP9Ze9QW1vbpbg7oqGhga1bfmTZe29zLPpok++2b9vC2DEjSUlOAtoe69LSEmbOmM77y95pMynbWR25vzeqbSGEEEIIIYQQfx5JPgohbpikpIscOLifwoKCPzuULomPP0dxcesJypaUl5URG/sbFy4kUl9ff4Mi+5/CwgJWrvySRQtfZO2a77u8ejA/L4+amppuiq656upqnnnqcZ556vFmsd7otv8K2uq/EEIIIYQQQvydSPJRCNGERqOhvLysxe2x1dXVVCqVLZarr6+nvLysyfbkfz8/n7z8Em659R9NrlWr1VRVVXVv4NeoVCr/sKSOWq2mvLysSZKxdx9PIo/E8PkXKzEzM+twXSqVqtUxbkvi+fMUFxXx0MzZxMQcIyszo9N1dEZL9/tqVVVVbW5Vr66uIj39UpfjaG9OdiaJ2VZdjdp6PjpTpq3+dySOjuhoPTU1NZ1KkP+Rz5YQQgghhBDi5ifJRyGEVkzMcW4ZHoGjvTU9LU2Z+8gsiouLqKysZMlrr+Dh7oidrSX33TtBu4VXo9GwY/tWwkIDcbS35tYRg4mJOU7SxQtEhIcQHORPbOwpADb/uJHbx/wDC4Uhtr0smDZlEtnZWW3GpFaree3VRdx15xjy8nIpLS1h0j3jsbezIibmOADvvrOUYUMGkpqSTEFBPnNmz8DO1hIPd0eWvPYKlZWVXR6bN954FRcnW4KD/Nmxfat2W/DRI1FEhIfgaG9NWGig9rulb76OwlSfVxa9RG1tLcXFRdw9/g5ee3URixa+iL2dFaNGDifp4gXtOG7auJ4+Hs7Y2Voybcok7h5/B198/mm7sTU0NBAVdRiP3n24864JpF1K4/z5hC71Nycnm5de/I82ztSUZG2cm3/cSP9+Pk3uN0DSxQs8+MAUXJxsse1lwYCQAPbt3dOs7uLiImbPfJC9e3ezcuWX2Fib8+47S9tt+2rXzsnH5z3C5cuFqFQqVny5nCERoVhaGNOrp4J/Pfs0ZWWllJaW8NCMaXz04TLWrf0BFydb3n1nKZWVlSyY/3yzuq7V0vORnn6Jh2ZM46EZ06goLwdg/769KEz1OXhgf4tlUpKTWux/W3GsX7eGUSOHs2rVSkYMG4SLky3frvqaTz7+AD/fPgQH+Wu321++XMjj8x7BxtocO1tLwsOCOHEipklf8vPz+OfTT+Dn24dePRV4uDmyds33NDQ0tDpON+rZEkIIIYQQQvy9SfJRCAFcWSX1w3ffYmNjy5mz54k5eYbbbrsdMzMF33+3im9Xfc2KFd8QdfQEly8X8s7vyZLExPMsXryQu+++h99OxeHg4MhHHy7DTKHgwRkzSbp4gYsXEgEwt7BgzJix/LRzN0vfepf9B/a1+45HXV1dfHx8OZ+QQG5uLsVFRRQVXcbE2IS01BSqqqq4lJaGb18/LK2s+PijD0hNSSbq6Am++34d3676mn17d3d5fBwcHPn4k+W4urqy7L23SU+/RGZmBq+9toiIwUO5kHSJ+++fov1uzO13MGrUbZw5HUtl5f9Wn3322ccUFxUxY8Yszp2LY9u2LQAkJp7nzTdf5+677+Hosd9wcHRi797deHn5tBtbYWEBx49HExDQn6CgYMLCBhIZebhL75qMjDqMqraW6dNncCz6KD///BMAcXFnefml+cya/TAXki4REBDIB8veobS0BCNjY7y9fVixchVr123CskcPvvnmK8rLy5rUbWam4Oln/kVY2EDuumsC27bv4t5J97fb9tU2bVyvnZPbtu/i4IH9rFv7AwYGBhgbmzBr9sPs+mUf/35+Pl9+8RlRUZEoFOa4urrx4oIXeOut/zJr9sP8Y+Rovv9uFdu2buaHHzYQeSSG2FO/sXbN903eO9na82FnZ4+fnz+nT8eSnpEOwKlTJxk0KAInJ6cWy9ja2rXY//biOBZ9lG9WrmDwkGGYm5vzxONzORIVyZ13TSA3N4etWzejUqnYt3cPu3/9hS3bdnIh6RIv/OdFHBwcmoyfkZERNra2vPX2e2zZtpPw8EGs/OoLsrOzWhynYcNvuWHPlhBCCCGEEOLvTf/PDkAI8dfQUF9PVXUVCQnxHI48xJ13jmfSfZNRVlRw8uQJ+vULYMjQYVhZ9WT0bbezbetmsrMyOXo0iuzsLMbecSc+vn0JCg7h/PkEzBXmhISENmlj9OgxDB06nOrqKswtLHBzdUPZgW2h3j6+AKSmJOPi6kaPHpaMG3cXKSnJlJaWkJKazMiRo6mtreXkyRgGhl9J/FiYm+Pbty8JCfGMnzCxzTZUKhXbtm4m8/ftyr162XDf/VO038+e/QiDIgZTVVXF3EdmkZ2VRW1tLVGRh3nssScwMTEhNGwgb7z+Knm5uQQGBePm5t5sa+2ke+/n7XffJzsrk8jDB7XbXY8ejeJC4nk++ugz+vcPZODAcL74/FNMTU3bHZ/E8+c5FxfHSy+9gq2tHQMGhHHo4H5yc3Nwd/dot3xLJt8/laVvv0dWZgZHj0Rq79OJE8fR09NjyJBhmJiYMCAsjC8//4zCggK8vH1Y8OJClMoKqqqq8O3rR25OTrMtvUZGRgQFB9OjhyW2tnYMHjIUExMTiouL2my7kbKigqiowwQFBTNs+AjUajXe3j4YGBigo6PDgzNmUqlUUquqpaa2hnffWYqyogJ9fX3MzMywt3dgxVerCA0NQ1lRwfLPPmZAaBjePj7o6ekRFBxCclISNTU1mJiYAK0/HwBhYeEsee0V4s/F4e7mzoULifj7B2BpZdVqmWv731Bfz8mTJ1qNo9Fbby8jMCiYqspKUtNS+PjTz9HV1eXihUSqq6poaGhAWakkLy+XfXv34OriysR7JqGr2/RvjZaWVix4caF263xA/0B+2bWT2pqaFscpNzfnup8tIYQQQgghxP9vsvJRCAGAwtycR+bOw8bGhqeeeIyQoH58teJzqqqrKCwowNnZBWNjE3R0dNDV1dUewlJYUICHuwdWlpYAzF/wMt+uXoO5hUWzNo5ERTI4IhRXZztGDBvUoVOwAVxcXOjr58eFC4lkpF/C2dmF4AEDyMnOJi01laSLFwkJCUVZUUFpSQmffvIhHm6O9A/w5eCB/R1qo6GhgajIwyxa+CKLFr7I5h83Ul3d/L2Uenp6AGRlZVJYeOUgnQemT8bV2Y6JE8a1246enh46OjrNPi8sKMDfvx82NjYdireRRqPh+PFo9PT02LlzBx9+8B5ZWZmcOBHT4fHtjMKCAtLSUrlt9C24Otvx1BOPab8rKMhn1swHcHa0wdvTje9Wr+r29gFUdSoKCwpwcnLGyMiYnj2t2br9Zx597Ant9nVfn96t3hMbGxt6/D4/G+vasnkTfX16txp3a89HfX09ff38GDZ8BLGxp8jPzyMtNQUvb29sbGxbLdNan9qL42p6unrNkooAEyZMZMZDs/jk4w8YEBLAk0882mwbeWVlJfP/82+cHW1wdbbjnbffbHOcuvJsCSGEEEIIIf5/k+SjEEJr4MBw9h2IYveeg4QMGMDKr74kJycHG1tbsrIyqampRqPRoFar8ffvR8+ePbGxtSXtUholpaVt1l1eXsby5Z8QEjKAnLwiYk/HExDQv0NxKRTmeHp6k5OdTWzsKZxdXPD360d6xiVOnz6Fg4MD7u7uGBkbY2ZmxsMPP0pyaiYZWflkZOXz1FP/bLcNExMTPvz4M5RV9Sir6tm6/Wd69rRudp2yUonC3ByP3n1QmJsDsOKrVdq2MrLyCRkQ2qxce2xsbYmPP0dhYfN3DbaluLiIY9FHMbew4OzZ0xw6dICcnGysrHoSefhQpw5G6QiFQoGNjS0/7dyt7e+uX/fh0bsPG9av5ezZMxyJPklhUQVz5szt1rYbGRoYYmNrS3Z2FrW1TQ+UyczM4PPlnzBz1hxKy2vYu+9wm3Xp6+ujMDdn7NhxnEtI0vZpyRtvYmxs3OTalp6PtNQUrK17ERgYTHLSRX777STn4s8RGjqwzTJdiaM9vXrZ8OlnXxJ/Ppknn/onq7/9ptm7Nw8e3M9nn37E5q0/oayq5+WFi9ussyvPlhBCCCGEEOL/N0k+CiEAqK2tZc0P35GYeB5PLy88Pb0BMDUxITg4hHPn4jgSFUlCQjwHD+4nOGQATs4uBAYGozBTsOqbr7iQeJ7vVq/ii88/paGhocV2ykpLycvNJSbmOIWFhZSWljZJkEVHH+VC4vkmZYyNjekXEEBk1GGOHonEy8sbW1tbGhoa2LFjG759/bC1tcPOzp7gkFAiow4TF3eW6upqDuzfR35+nrauzKxMDh08gLKiosWfW1OhrCDx/Hl2bNvK6NFj8Pb2xt+/H2FhA9m5cwdFly+Tl5fHnt2/UldX1+FxV6vVaDQaAgODsbd34IcfVrNj+1Y2bVyvvSYrK5M5s2fwr2ef1h5q0ijp4kWijx3l9TeWsm37LrZt38WPm3dwzz2TOHniOHl5uQCkXUrjcOQhiooutznW7RkUMQQ9PT127dqJUqkkNTWVA/v3aVdzViqVFBTkExd3lqTkiyiVFU22TTe22ZhsS0+/ROQ1cbXHTKGgf/9Aoo5EsmH9Wi4knufVxQu1B64AlBQXk5OTTXT0EQDtKtVrmZtbEB4+iNjYUxyJiqS2tpbo6KMkJyc3WaHa2vMBYGhoSHBwCEnJSWzcsI7g4BDc3N3bLHNt/1UqVYfi6IjIw4fYs+dXzMzMCA0Na/PavNxcki5e4Ny5OAoLC1G2coBMR54tIYQQQgghhGiJJB+FEACUlpawZ8+vDBoYTG93JzasX8uch+fSu48nU6c9wF3j72bqlEmEhwWhVqt57rkXMDMzIygomPkLXmLH9m0MCAlg2bJ36NnTuslhHQAWFj249977OH78GCHB/Th06ACTp0wjOzsLpbICG1tb/PyvbEvdsuXHZvEFBw+gTqXifOJ5XFzdsLGxxcbGlqjIw3h6emGmUGBkZMTcuY9hZWXFxAnj8PFy56MPl1FaduXAk/6BQRTk5/P2W/8lNzen2c8tMVMo8PL2YeKEcYQOCMDU1JTFi5dgaWmFm5s7Tzz5DIcOHiA4yJ+BoYEcPnyw2Wq8lvS0tsbe3oHs7CyqqqoICgrmyaeeYfPmTfznhedQXnVIjaq2lou/bzlvUP8vqavRaDh06AD9/Ps1WUVqYmLC6DG3cy7+HHFxZ/H28cXBwZFnnnqcpIsX2x3rq5lbWNDLxobMzAwqKyu1cX777df4+fbhznG3ER9/DpVKxR133Im7hwcTJ4zj+eeeYfToMdTV1ZGXl9esTTMzBf/H3p2HRV3tDxx/M8AAw4AssgiyiQuuLIK4L7lgq7nknqVmN723utWtq6bmzfplWaZ2zTbLTCtz3zL3HRVNc98XEJQdhIGBYZj5/YFMLAMMimndz+t57vNc5/s953zO+Z6vz+Onc74nOro9Bw8dYMCTj7Fta+WDSyq2XcrKyophw0cyYMAgXn3lJdpGtObUyROoHB3x9W1IvycHsGLlT7SLCiM5OZlRz4wmISGh3LcTy9Y1ZOhwOnTsxN+eH0OTYH+mvDmx0nyo6v0IahQMQGRkFG6urmzql/UxAAAgAElEQVTatJHQ0HDc3etXW6Zi/7dv22pRHObY2thSz8WFxMTrZGdncezYr4wdPYpA/wY8+8wIRj0zmp69epcrEx3dnoGDBjNh/DgGDx5AaGgYjYKDib921WwbNb1bQgghhBBCCFEVq6jpe40133Yn3Bk7yIdIZRG3NDrOxKey6biG2m0oFOLPb9srJUmh3377rdZlw8LCAOj18Qm2vNbBojJGY0lSqthgpLjYiL7YgCb3Fn4+9S0qX3pQh1rthFKpLFOvkdzcHAwGA87O9Sp9a06r1VJYWIBa7YSNTdVnWeVpNBQbinFycsbKyori4mLTdxTrisFgICfnFgqFwtTO3dJqtQCmA0jK0ul0aDS5ODiozF6vil6vR6FQlBvLPI0GW6WS1atW8Obkf7N85VrCwyPQarVYW1uXeyY10el0tbq/NnFqtVq02vxK80Sn05Gfn2eaBwaDASsrqzt+BubaLlU6J4Fyz7n0d2uFNY5qNUajEaPRaLaOinVVNb9LVfV+AFy7dpXRz4zglVdfL3cIS3Vl7jSOikpXGpe+S6Vz0k5ph6NabbaMXq9Ho8lFpXJEqVRa9Kzuxbt1vxw+domo8Mb3OwwhhKgT8neaEEKIqhQXmd/dVBs30rSonephY63A2toKa4XV7X87WFb+Hp52ncHCLda4POZNqLc9Pt7O9Aor4Pi5G3x0KKfm4kKI+8JRrcaRyskKKysrnJ3rVVnOwcHBosRbxURIXSceARQKBS4urnVaZ3V9UyqVZr8PWZOySdr09DQ2/7KJJk2bUVhQwPKffqRdu2iCgoJqbL+6uOqCuWRyVc9bqVSWa9fS5Flt2i5V1Zys+Lslyc+a5nepiu9HYWEhx4//Rn5eHj/99ANqJyfaRbevtkxdxFFRxffIkjlpY2NT7j2x5Fndi3dLCCGEEEII8dd2b7dd56Ty0YZkjmsM5N1IZ1uGghahgcyL8aR257kKIcRfW3JyMl99+RkPde/Ew317kpObwz9ffV0SPQ+45OSbTJ70Oo892odLly4yddrbeHs3uN9hCSGEEEIIIcQD496sfPSoz/jOXrRxUVCUncO6XedYfENHGrAptDFTo3x4+zGYtiFVtmELIQTQqlVrdu6OrflG8UAJCAis8URtIYQQQgghhPhfdg9WPrrzWkxDOnjY4mhrjYuHK6MeakiL21fTjl9ixmEN+HgxtnXdty6EEEIIIYQQQgghhHgw1H3ysUk9AlQVflM5ENnk9z+mHU9ge4oVLVoEmJKSQgghhBBCCCGEEEKIv5a633adb6So0o9GivLL/lnHinMaunZT83ATOHPRgnrbN+azpiWHGyRfucD0fYWmS6HdQhgfYAvA9QsneffgXcQvhBBCCCGEEEIIIYSoE3W/8jEpiW03isv9lHcjnR+SKtx3XsONQls8fCysN7cIndoBv/oORAV642W64MxjjZ3xq++An20RCbl3HrpXj5ZsfDbozisQf3oBHrU/UVgIIYQQQgghhBBCmHcPDpzRsWnDJfKjPOnQwJZbN7P4+XCGmYNlUjlzw41QgyuQVXO1p+O5FOVFsD3g6cKogHhmxQMtvWler+QWTU42350u+f9eIQ15LtSV5u522BYWkpKTw5at8WzIBq8QP8ZHuNHczRpNTgFXLtzgsIMPo1o7gkHJZ6Nak5mUyOTtWeXvTbvF6s2X2RByexVmoYbNN2yJaaVGnXeLlYsvs7quhlH84UI7NuOFFkrSz8QzNTbnfocjhBBCCCGEEEII8ad3b067Rsvuw/HsruGudVvPsa62Vd8qJLmeHSGtnSE+h/4t1LjmFZHlaItt6T0BQfynjwd+ei2Hr2RRVL8eHf3c6dgong1HfXi9VwOaF2mIvaTB0dedjiGeJN+yxVYBGEqqyMvLMtXjpdVw5FIhjULcGRujZUM82Do64O1mxyiPYlK04FpfhV9t+yIeGKbEY5KO+i0CmIEkIIUQQgghhBBCCCHu1h0nH1v0asFEDy0zf7jKmdu/eQQ3YFhLV5q72+Bo+/uO7qKiYrIzNBw4ncSKy7o7bNELbwdAq+F4ph0xvt70QU0nLxuSr6SQ1ciL5g4lW2a7h7ngZ6Pn+L6TTD8K9GnNRs/S1KQdaiXoMvPYcDAeGuvJss9n4b4cgif4E5qfzQuLrwLQp78LfjaFxG45w7u3/JjX2BlvW2s4eIkNfhE85wdnDx5jcl4QH4YruH6HPRP3V2ni8cbJeGYcyiE0ugkvtJYEpBBCCCGEEEIIIcTduuPk45nsIooClUQ6w5kc8AhtzNvRahzN3Gtra42Hdz2e8FbTWH2emcfvJAFpBVYABpbF5xETrqZ7f1uaKwvZdboQ10BMX7Bs42oLaEk+aq6eDM6ku+Pn7cX/jfFCcyuHLTvjAe9Kd4bUswWDnkZ9IljtaIPSUEjsmQopRgNw9ir/OnsHXRIPACUqRRGXTt7ko0Mlicbjhy7ymXUjehmt8QAznwwQfzSj0Uhubg7WCmsc1epaldXpdOTn56FWO2Fjc48We9+m1WopLCzA2bkeCkXdf1L3r0Cv16PR5KJSOaJUKu93OH9JBoOBnJxb2NnZ4+Ag37EVQgghhBBC3F93/q/jIzlcK3agRXhJIuCJZuYTj+VZ06KZV413VUeTpyVlZxZndTaEBjlCajaL42tTQw7zNl/g3a032HW9EOo5M6B7MKFV3a4wknX9FltiLzJ58XHeNZvQFH9eOg7su2JKPJY6HnuFjw5kSeLxAVFQUMDUNyfxzKjhZGdb8I3YMo7+eoSGPh6sXbOq0rW1a1YxbMhATp8+VSdxrlu7mpjePbh08UKd1PdXdPXKZR6O6cmK5cvudyj3zJXLlxg5YghLlyzGaDT+4e1nZ2fx7KgRTJ70BgUFBX94+0IIIYQQQghR1l0szUlhz40ifBo1YJAzFBUZLPzfHf5DzMURL3vAxpZIrxscTjMABs5eiSel9B6VA0/72XEiqwhwoEVPFaBibH2733sbEcKyEcH0yEtk1vJkLmsBW2tcS+uws+MxFzuCvezYnVoI2OKqyGFLXCG2TYMYH2l3h+MlhLhber0eg8Fwx2UrunjxAjt37SAtNbXW9R08EIu3lysHD8SW+/306VNkZmbeUYx/NhcvnKdDdATLfvze7HWtVsvLL07g5RcnoNVqy11LSKjVfzWyqL37wVxM6RkZbNu2hatXr9zxfK0LhuLi+5L8FEIIIYQQQoiy7moP4u7NaXQY5cPDff2Y99MJFtdVVGa89KR7ycboBg14LvQ6L+y6RIobXD8L/Z/yIdQeQM1j7V0ZsvUmfbz9CQ1txcZQyEovRIMdoe1C6H/AQBG2dHyyHRsBDEUcj0tmFzm4pvgQGuDM+DGhcCuTd1cmE+vtR8eQIOaFlMShiS9kgcGZoX4lQxfaPYL/4yiTZUWk+AvJ02iwVSot3hZrMBhMW2nv9dbmumz3X69P5F+vT7yjtuPjr6HJza11OUtjru4+rVaLobi41lvQqytbU1yl19VqJ9OW8oyMDE6ePFFNW/nEx18jICCw1nEaDAYKCgpQqVSm32pqr1R18/du5oxerzdt4a9uDNq1iyY5pfIKXXPlzTHXdyGEEEIIIYT4s7rLj5KlMnN3Bmlqd14aEkQvDyCgIeM7OtdJcGXNWxTHo7NL/vfCFiAlm11ns7kMrF5+1HRtyPJkyE5m8ufHmbzhMu8uP87IxccZMjuORz89x+pjFxg5u+TarE0XeGnOMSbfPlRk9cqjvLTm9u8LLxGbncK7Xx9hzPKLzNp0kclfxzFk5Q04eq6kvtlxPDpbEo/iryMvL483Xn8VL08XgoMaMmH8OLp1ac+JE8fZsGEdfXp3J3b/Pp4eOZQundpx5fIl4uIO0aNbR3y83QkK8OGrLz8r+a5fbi5jx4zimVHDyc3JMa2Ce/KJR8jMzCAzM4Mnn3iEt/8zjWlTJ+Pt5Uqvnl25eOG8KZYZb7+Ft5crrVs2ZePG9eVijd2/jw7REfh4uxMVGcr6dWtMq7zi4g7RrUt71Cob/va3sWb7WrpiLTysJceOlbzEy378nl49u7Jo0UK6dWmPt5crcz7+sNKqyWU/fs/YMaMA6NWzq2ksSm3Z8oup/CfzPqa4uLjGmMsqO6Zl7ysdk6BAH7w8XXhqYD8uX7oIYPF4lpadMH4c6elp1caVmZlB/36P8p/pU+nTuzs+3u48M2o4qakpHDwQS6+eXQEYO2YU3l6uxMUdMvUhMzODMc8+zbZtW1i48As83J34cNZM0/XLly/x/LjRqFU2PDNquCmWVSuX0zfmIZzVSjzrOzN86CCSkhJrbK+m+VtTP6sbO6PRyKqVy2nTqhk+3u706NaRuLhDZmPat3cPL784AW8vVz7/bD5GoxGj0cj6dWuIigwtV76iqvpuydxMT09jwvhxqFU2dGwfya+/HqlUvxBCCCGEEELcD3d/IkL8dSZuT+WiwolR/dqwsGd9OrQKYMY9SEDWTiHHL2QQe72wymulycuyLl+p/HvK9Sx2nc3iePY9DFeIB8CK5ctYvPgbPpn/GUuWLuPatauoHB3x8PDAz8+flJQU+vTuDsCoZ0ZjMBiYNnUSzVu05OTpC7z08itMmTKJfXv34KBS4efnz4Xz50hOvlllm59++gmZGRmMGjWaU6dOsnbtalMs8+fPY8qUt5gzbz5NmzUzlbl+PYG3355Gh46dOX/xGoMHD2X2Rx8QH3+N5OSbzHh7Gh4enqxeu5Fhw0aYbbdBAx+eHvUsFy+c58L5c6bfDx6I5ZuFXxLT9xHCwyNYueInEuKvlSvboWMnJr85DYA5c//Lh7Pn0cDH13R9+7Yt9O7Tl1atWrN2zSqSkhKrjbms0vibt2jJsd9O061bD+bO+Yjr1xNY8t0ivl30NV9++Q37Yg+Tnp7GrFkzycvLs2g8S8uuXbeJXTt38OMPS2uMy2g0smbNKoYNH8nM9z9k69bNLPvxexo3acKcuf8FYPKb01i1aj0hISGmOBwd1bz08qtERbXj8cf7sXbdJgYOGmy6/sumn3F3r8/QYSNYueInDh06CICTszMxMQ+zYeMWZr7/ITt2bmf1qhU0adq02vZK+1jV/LVk/Ksau5MnTzDlzYmMHvMc5y9eo3XrUObMnoWnp2elmFq2akX/AYMICgzizOnTFBQUcO7cWaZPn8qTTw7g16MnadDAh3lzZ5OTc6tc/FX1vaa5WVxczGcL5rNr5w4+/+JrZrzzHp5ed/d9ZSGEEEIIIYSoK3VzHGv8DWb+cI4FpzWk6Q2ANQEPRAJSCGEpTW4u+/btMSWL2kW3p0njptgp7bCzs0Pl4IDKwYHxE17kq4XfMu758SQkJLBv7x569OhJUFAj+vXrT4B/ALGx+1AoFNjb29fY7qCBg/ngw48ZN+5vBAUG3d6ams/huENERbVj6LAR9OzZmyaNm5rKXLxwgX1799C9ew8cHByIjGrH4cNxJN+8yeVLl9i5YzsDBj5F794xdO/+kNl21U5OREREmr32f+/NYvKb0+jWrQd6vd60crGUv38AwcGNAWjVqg3R0e3LnSr8/gezmTJ1Or169SEvL4/CgoJqYy7rzOnT7Nyxnd69Y2jStBkdOnTExtYWbX4+R44cplWr1nTq3IXQ0DB69+nLsaO/kpR4vdrxLH22YWHhdOnajfCICJo2bYatra1FcXXt0o3hw59m6LARREW148SJ49jb2dOqVRsAgoMb07FTZ5yd65nK2NnZERYeTr16Lnh6etGxU2eCghqZrv/9Hy/x3sxZPPfc3wBMW9h7947hhfH/oE1oKB06dibAPwCNRoO7e/1q26tp/lrST3NjB3D48CGsra3p1KkLDg4OtI2K4urVKxQXF1eKydXVjTahoXh5eZvqjY3dR1JSIg8/8hjNQpoTFh6BtbU1VliVe/ZV9b2muZmVlcmhQwd46KFe9B8wiJ69euPX0A8hhBBCCCGEeBDU4cfZdBw4cIUDBwBnNZFettgCAUDtjxUQQvzRdEU60lJTCfAPRKWq+ux6d3d37OxKDl5KSys5qKXh7USHlZUVCoWClORki0/Ztba2xsqqfBKmoEBLYuL1KmMpbXfkiCGVriXeTsTdyXcGy8ZU16qL2dx9vr4NARgydDhDhg4nMzODtNRUGjb0w97ewTTWpQfc1PfwMMVecTxNzzYgEDs7exwcHFiz7mcA00EpNcUFoFAosFZYk5aaiq5IV4veW27/vr384x8vmLY8A/QfMKjGcjXNX0vG39zYAaSlpnL16hXTql+A1q3b1BhT2fJBgUG4urgAMHHSFLP3WdJ3c3MzKzOT9LQ0OnTohIODAwUF2kr3CCGEEEIIIcT9cm9OhsjRcCTnntQshLhHlLZKPDw9iU+4Rn5+Ho6ONR9m4uHhCfye8DMajRgMBry8vS1a9VhTLImJ1yko0OLgUP7gDbWTEwBffrWImL4P//672on8/PxyMT0oqou5rNIxLf3WX6nKY+KAwWCgZctWuLm5Vdt2admkpEQKCwvKrdKsLi6NpvyBOgaDgWJDMQH+gdjbO1DXcnJusWDBf4mIaMvuPbGkJCcz6ulhFpWtaf7Wpp8VqdVqPDw8+WbREtqEhgIliVi12omMjIwaY/Pw9OTqtatkZVf97Y676bvayQkXV9daJf2FEEIIIYQQ4o9SN9uuhRB/eo5qNW3ahHL4cBw//rCU77//jj17d1dbJrhxY9p36MjOndu5evUKW7duJj4hno4dO2NlZYWNjQ1Xr13lyy8/5/XX/smyn36gUFdIYaG5b7GWMBgMqBwdady4CQcPHWDF8mX8smkjcXEHTWVbtmxFVFQ7Nm5cT0Z6OsnJyWzdspmioiL8/Pxo3boNy3/6kV07d7BmzSoANHmaKtusjsFgMHsoTGkyKy7uICdOHK+0Nbui6mIuq1FwMFFR7fjh+yUcO3aUX375mbf/Mw2FtTXh4RGcOnWS/fv2cubMaXbt2kF4RFt8q9liWzqebdqEsm//Xn5a9gPnz53lP9OncvBArEVxXbx0gbhDB1m/fi2HD8cR1S4alUqFnb093t4NOHHiOHFxhyo9VxsbG9ROTsTHX2Pv3t1kZKTXON4At7KzSb55k7i4Q6SlpZGdnY1Op6u2vZrmr6XjX3HsjEYj7Tt0wtramk2bNqLRaLhy5Qo7d2zHysqqxjEACA0NR+2oZtE3X3H+3Fm+W7yIzz+bb3bOVNX36uJzcXGlaZNmbN26mQ3r17J27WouXDhPvjaf4gqHJQkhhBBCCCHEH02Sj0IIoGTL9JChw+ndO4aJ//4Xixd9jf3t7dVV8fcP4N8T3+TQoYO0btmUGTOmM3Him3TuUnIC8OOP96N5SHMWL/4GewcHPvvsK7KzskhLS6tUl5u7O97eDUhKSkSr1fLUU0No1ao1r77yEnM+/pBBTw0xlQ0ICOTv/3iZ3bt2Eh7WknaRoezZs4vCwgIaBTdm+Iin2bd/L0OHDsRoNDJ8xNNcu3q1yiROVYKCGhGfEE9KSkqla81DmtO+Q0cmT3qDaVMmcetW5VVtDRr4cPXaVZKTk6uNuayAgEBefe0NLl+5TJdO7Rg39lnc3NywsrJi2PCRPP7EkwwbOojoqDAMBgOvvfYGjo6VtxlXHM9hw0cyYMAgXn3lJdpGtObUyROoHB0tiuvsmTMMGTKASRNfZ/To5xj0VMnWZT8/Pzp17sLcOR/x8ovjKx3M4+ioJjq6PQcPHWDAk4+xbeuWSnHWc3GhWUhzLl++hFrtxMCBT3Ho0EEiwluxe/dOhgwdTlJSIhpNbrXt1TR/LR3/imOXn59PWFg4/3jxZb799mtahATz2KN9OH36FDqdrsYxAAgLC2fipDdZv24tbSNaM3v2LNzc3MsltZ2d61Xb94rKzk0HBweGDR+Jnb09o58dyc8b1jNi5CiSkhLJys6qVFYIIYQQQggh/khWUdP3Vl7SI4SoM9teKfk23G+//VbrsmFhYQD0+vgEW17rYFEZo7Fk+3OxwUhxsRF9sQFN7i38fOpbVN5gMKDR5GJtbcPkia+TkZnBpwu+KHe4R0U6nQ6NJhcHB1W5Lb0Aer0evV5v2oZtMBiwsrIy+209vV6PQqFAoVCY/qzR5KJWO2FjY1OpbHXt5t0+qMNRrcZoNGI0Gk31WspoNKLX67G1ta1VuerKVxdzWaX3qdVOKJXKcnXm5uZgMBhwdq5XbZ8qjmdpWQAnJ+dyz8BcXJmZGYx59mkCAgKZ8e57WCuscVTXvB2/toqKirCxsTHFk6fRUGwoNsVYXFxs8Xc4a5q/lo5/xbED0Gq1aLX5lZ6JpbRaLYWFBab5bI6lfa9qbuXn55nmRW3G7X/R4WOXiApvfL/DEEKIOiF/pwkhhKhKcVHeXddxI02L2qkeNtYKrK2tsFZY3f63uWXl7803H4UQf0pHj/5KQvw1AgKDOH/uLFu3bmb8hH/g5FT9yfVKpRI3N3ez12xsbMolWqpLllVMyNjY2ODi4lpl2eraLZskqyrZWRMrK6s7TjxWVb66mC25z8rKqtpEcFkVx7O6sjXFZWurrDZZdzcqjlHFBKelCTRL5q+l428uOejg4HBXY2BJeUv7XtXcKpsUlcSjEEIIIYQQ4kEgyUchhMlvvx3lww9mkpAQj9rJiacGDWHY8JF3lLgTfx3NQkLu6gChP4rMXyGEEEIIIYR48EjyUQhhMmbMOMaMGXe/wxAPCDc3d9as+/l+h2Exmb9CCCGEEEII8eCRA2eEEEIIIYQQQgghhBD3hCQfhRBCCCGEEEIIIYQQ94QkH4UQQgghhBBCCCGEEPeEJB+FEEIIIYQQQgghhBD3hCQfhRBCCCGEEEIIIYQQ94QkH4UQQgghhBBCCCGEEPeEJB+FEEIIIYQQQgghhBD3hCQfhRBCCCGEEEIIIYQQ94QkH4UQJlqtluzsLAwGw13VYzAYyM7OQqvV1lFkd0+v15OdnYVOp6vynrS0VGL37yM+/hp6vf4PjO7Py5JxvRfqaq4KIYQQQgghhLi3JPkohDBZt3Y1Mb17cOnihUrXrly+xMgRQ1i6ZDFGo7HaerKzs3h21AjmzvnormNKT0/jpX+M5+PZsygsLLzjeq5euczDMT1ZvWqF2ev79u6hW5cO9Ondneh24Rw5HHfHbf0vKR3XFcuX/aHtVjdX60JdzTshhBBCCCGE+F8nyUchRDmnT58iMzOz0u/pGRls27aFq1ev/KGrzXJu3eLYsV85f/7cPVuNWFBQwMqVywkMCuLs+Stci79JZFS7O6rr4oXzdIiOYNmP39dxlPeHpf1JSIi/q3YOHojF28uVgwdiLS5T1VytC7Wdd1qtlpdfnMDLL054oFb81rWa+mk0Gnl/5rs8+cQjZGZm3IcIhRBCCCGEEA8am/sdgBDiz6Fdu2iSU7Iq/a7X68nPz0OtdkKhqPm/Z+RpNCisrXFwcDB7zVapRKlUmn5rFNyYvfsrr0I0GAxoNLmoVI7Y2NhUulZQUIBKpbKkaxiNRgzFxfj6NsTVxRV7e/ty1wsKCrCxsTHbTsUYMjIyOHnyhNl2tFothuJiHNVqi+Kqro/3gtFoJDc3B3t7B9MzqK4/tVHdcweIj7+GJjfX7DW9Xo9er6/0XO62zepUNe+qotXmEx9/jYCAwErXavOOVDXXoOr+VFf/3YyBOdX1szT+G0lJZq/90fNZCCGEEEII8WCQlY9CiEreffc/+Pl6Eh7WkvXr1pCfn8/LL07A28uVzz+bj9FoxGg0sn7dGqIiQ/HxdqdtRGvWr1tT5Zbs9PQ0Jowfh5enCx7uTkwYP4709DQA8vLyeOP1V/HydCE4qCETxo+jW5f2nDhxnJnvvYNaZcNb0940bX+NiztEj24d8fF2Jyoy1NTuqpXL6RvzEM5qJZ71nRk+dBBJSYnV9jU7O4unRwxh4cIv+OH7JXh7uTJowBNcvHCef770d1qEBFPfTU1QgA8/fL+E4uLiKmM4ELufXj27AjB2zCi8vVyJiztEXl4eM95+i6BAH7w8XXhqYD8uX7oIwIYN6+jTuzux+/fx9MihdOnUjsuXLrJ+3RraRrTGx9udhr4eTJ0yqdJKs2U/fk+vnl1ZtGgh3bq0x8/Xk28Xfc1/P5lDi5BgwsNamlYSbt26maAAH3755WegZKWhWmVjWtEYF3eI7l074OPtjpuLiufHjWbz5k1m+2POpp83EB0VhreXKzPefou8vDwAUlNTGDtmFF6eLgQF+pS7VrYfY8eMAqBXz6506dSO8+fO8uUXC+jUIRIXZ3vqu6l59ZWXuHUr2+wzHDtmFM+PG01uTk61bc587x2GDh7AF59/SnhYS/x8PVmxfFmleVtx3mVmZvDkE4/w9n+mMW3qZLy9XOnVsysXL5wnMzODMc8+zbZtW1i48As83J34cNZMi9+RlJTkauda2XenbH8q1t+jW0fT86nqfSsqKmL6W1PoG/MQ168nmPraITqCixfOVztGGRnpZvtZSqvVMvGN11i48Au2bduCf0MvXvnnixQUFJR7X4ICfPjqy8/ku6pCCCGEEEL8j5DkoxCikgYNfPjkvwvw9/dn9kcfkHzzBv0HDCIoMIgzp09TUFDAyZMn+Pcbr/HkkwM4c+4y3br1YPr0qZw7d7ZSfTqdjrlzZnPs6K9s276Htes2sWvnDj5bMJ/i4mJWLF/G4sXf8Mn8z1iydBnXrl1F5eiIh4cHMX0foVevPhz/7Rh5eRqSk28y4+1pNG/RkmO/naZbtx7MnfMR168n4OTsTEzMw2zYuIWZ73/Ijp3bq/zGYym12ok3p05n9OjnCG7chIVfL+bNqdNxdXPDw9OT9z/4iNVrNxId3Z6FX31OUlJilTGoHB2ZM/e/AEx+cxqrVq0nJCSEJd8t4ttFX/Pll9+wL/Yw6elpzJo1k7y8PPz8/ElJSaFP7+4AjHpmNPYODny98Es6dezMxcsJbNi4hXbR7c2u/Dt4IF82EGIAACAASURBVJZvFn5Jx05dcHJy4u8Tnmf/vr089ng/bt68wZo1q9DpdDRo4INzvXr8duxopTq0Wi1Lv/sWDw9Pjp84S9yR4/Tp05c2bULN9qcqr/3r3zz77Fjen/ku27dtQafT8cm8OVy5fIl9sYf5bsmPfLvoa7Zv21KuXIeOnZj85jQA5sz9Lx/OnoeffwD29g6MHvMcm37Zzr9en8gXn3/Kvn17K7W7evVKdu/ayTPPjMHO3r7GNjdsWMfPGzcwcOBTNGzYkB9/WFopqVlx3pX69NNPyMzIYNSo0Zw6dZK1a1fj6KjmpZdfJSqqHY8/3o+16zYxcNBgi98ROzu7KudacXExny2Yb3p3PvpoLvPnz2PXrh2cO3eW6dOn8uSTA/j16EkaNPBh3tzZpKenVfm+KRQK/Pz92bd3D0mJVSfmzY2RXq83289SSqWSkaOe5fHH+xEV1Y6fVqxh3PMvkJqawrSpk2jeoiUnT1/gpZdfYcqUSezbu6fK9oUQQgghhBB/HbLvSQhRyZgx42jfoSP5+fk8P240N2/epE1oKF5e3qZ7Dh8+REJCPDExD+PvH8BTTw3hqy8/49jRX+n78CPl6svISOfIkTjatWtPaFg4RqORhx7qxaFDB7h+PYF9+/aYEhqOjmqaNG5KfPw17OzsCAlpTkBAIPHx1wA4c/o0O3ds59vF39OkaTM6dOjIuXNnsLKyonfvGDp37opWm4+TszMB/gFoNBqqY2NjQ3h4BL4NG6JycCAioi1NmjYDYNLkqeTk3MJgMNC6TSi/bNpIYUEBly5eNBuDm5sbrVq1ASA4uDEdO3VGk5vLkSOHadWqNZ06d8HV1Y3effqyds0qkhKvo3JwQOXgwPgJL/LOuzOxs7Pj5s0bFBQW8Ouvhzkcd4gePXoSGRlVZR/e/2A2oWHh5OflceXqZT6Z/xkKhYIL58+hzc+nuLgYO6USVRVbb4v1evK1+Zw5c5o9e3fz2GNPMOipIQCV+lOVhx95jMFDhhEWFs7OHds4deokkVHtSp57dAd8fX1xdnIipHlzzpw5zRP9+pvK+vsHEBzc2NRedHR7AJ4e9Sx5Gg2FukIKCgv4cNbMSluzd+3aweZffmb0mOeIbt+BtLTUGtts2bIVH8yajZ9/AGmpqcTHX6v0HdOK867UoIGD+eDDj0lKvM7ePbvQ6/XY2dkRFh5OvXoueHp60bFTZxwcHFi48Isq35HmzVuY6nRxca1yrqWmprB//17ad+hEWHgE7u7uNGncBGtra2Jj95GUlMjDjzxGs5DmhIVHcPbsGbIyM6t837KyMlE71rzt39wY2dramu1nKWtra1q1ao2npxdarZb27Tvg5ubOju3b2Ld3D6NHP0dQUCP69evPiuXLiI3dR7fuPbCysqoxHiGEEEIIIcSfl6x8FEJUydraGoDExOuVrqWlptKyZSvc3NzK3Wvu4BFNbi7ZWVl4eXtjb2+PlZUV1tbWpKelkZaWRlpqKgH+gahUjjXGlJaWCoCvb0MAhgwdzi+bd+Dn58/+fXvp2CES/4ZedOvSntOnT91ZxynZCj7x3/+ioY8H/g29mPXBexbFUJGuSEdaaioNG/phb++AlZUVCoWi0mEp7u7u2NnZAeDt3YAJE16koLCQ4cOeomvXDtVuaS/LWmFt0bc3y1I7OTHu+fF4eHjw4t9fICKs1R1viy3tX0pyMhkZGWRnZTH/v3MJCvChTesQdu3cYVE9RqORFcuXEdKsEf4Nvejf71Gz970zYzqHD8dx40YSOTm3THOtujYVCsUdJ7ysra0tLmvpO1LdXDO9O15e2Nvb06RpM/buj6Nv30dIS00lKDAIVxcXACZOmsK3i0u20Vf1vmVZeEDP3YxRRaXvS8OGfkD5OVJQUFAnbQghhBBCCCEeXJJ8vCfsiewYwPhWtTscQYgHjSZPg9rJiaBGwZWueXh6lkuglX6fzt8/oNK9aicnXFxdTckGo9FIcXEx9T088PDwwMPTk/iEa+Tn51UqW6ldD0+ASt9yzMm5xYIF/yUioi03kjM49ttpWrduU+s+l9q1awefzp/HqjUb0OTrmTJ1eo0xmKO0VeLh6Uli4nUKCrQlh9sYDOWSUhVZWVnx+BNPEnvgCD+tWIO9nR1fL/zynp4e3K5dNNt37mPL1l1EtG3Lwq++4OqVy7Wup1CnI1+rxc/fn3r16uHo6Mhzz/2NS1euk5CYQkJiCi+++M8a67l+PYHPFvyXZ0ePJTungG3bzW/R3fTLdlasWsfKlcvZumUzdvb2d9xmXbP0HalurpnenZSUSok6D09Prl67SlZ2+S3j1b1vrlXMuXup9H0p/Y8Ype9AaXJUCCGEEEII8df2YG67btOEhZ2ccAJAy6YFZ/mma3N+anl7e1dBLgu/ucjmOm425vFQxja0Boo5ceA47/z2+7URA8Po56koubb/OO9Ud/hrm2Bm9HbFPd+J9FOnWF7HcYp7xwqoeW3ZnQkLC7tHNde9XE0u586eZf3aNfTuHUPTpk0rbUsND2+Lv38Amzdvws/fn/Xr19IspDnhEW1N95w+fYojRw7TokVLwsPbsnPHNo7/doyioiIOHIylf/+BNGzoR5s2oaxfv5Yff1iKg0rFnr27CTCTxARoFBxMVFQ7fvh+CY2CG5OSkkzcoYO8MP7vANzKzib55k0OH44jLS2N7OxsdDqdqfyBA7GEhYXTLKS5RWORfPMmFy+c59Spk6SlpaHJy6syhtffmISdvT3e3g04ceI4QY2CadMmlPDwCGZ/NIv9+/bSKLgxu3btIDyiLb4N/bhhJoGZnZ3F2jWr6dKlK82bt6Bxk6ZVngRtKWtra2xsbNi9eycGg4HNtw+e0eRpKCwsZOWKn2gTGkbjJk1o3LgpqSkpAJX6ExoaZlqhWVZhYSGpqSmsXPETRTodD/XsjZeXN+ERkezYsY1HT56gRYuSA3DCwyNopG5crrzaqeRv/Li4g6gcHXG6/eeszExu3EjiwIH9wO+r6ErZ2toSFdWODu07snPndvrE9LW4zVLFhuJK89tSBoMBo9GIjY0Naicn4uOvsXfvbtq2jbToHSnL3FzzDwikVas2bNywjm7dutMouDFLlyzm+edfIDQ0HLWjmkXffEU9Z2fi4g6Rn5/H06NGV/m+ubq6mU6a/vbbr1m7djVLvvsWN3d3Csu8J1WNkVKprNRPd/f6pvusra1xUKlISUlm757dhEe0JbhxY9p3KHk+7aLbs3XrZuIT4unYsbNsuRZCCCGEEOJ/wIO58lGTT7rCnkBPFcr8fDIAcvJJUtgT6KmkMPP2b3UsI0OPsr6KQE8nOrX0KnMlgIeaqgn0VOFuyOdq9Z+QgxM32HEtn5OXMthvQbs+D4cR9/cmdxG5qAsuKlt8XO3xcFLe71DuG0e1miZNm9G/36NEtm2NSqVi+vQZuLi4Vrq3TZtQ3pzyFl99+TnNmgSydMliJk2aQkhIcxwd1YSGhbN61Qq++/YbrKyseGH83wkKakSvnl15uG9PWrRoyfN/G4+NjQ1Dhg6nd+8YJv77Xyxe9DX2ZpJbpQICAnn1tTe4fOUyXTq1Y9zYZ3Fzc8PJyZmBA5/i0KGDRIS3YvfunQwZOpykpEQ0mlw8PD1p0bJkO/Hq1StrHIvo6PYMHDSYCePHMXjwAEJDw2gUHEz8tatVxgDg5+dHp85dmDvnI15+cTzXE+IZNnwkjz/xJMOGDiI6KgyDwcBrr72Bo6P5beZpqan88MMS2rQOoXXLppw6dZIxY8fh5uZu4ZMEWxtb6rm4kJh4nbw8Df4BgfQfMIi9e3azds0qXnn1dZ4b9wLXrl4lLS2VrVs3075dOI0Cfflp2Q+Mfe55ghoFV+pPQoVvINrY2uLr25BZH7xHo0Bfft64nvdnzSY8PAI7Ozuef/4FXF1d6d/vUZo1CWTe3Nlk37pVKd7mIc1p36Ejkye9wbQpk1Cr1fR7cgArVv5Eu6gwkpOTGfXMaBISEiqtAHRzc6d3nxi2bd3CubNnLW7T3t4eH19fUlNSyEhPt3hsAdzc3fH2bkBSUiL5+fk4OqqJjm7PwUMHGPDkY2zbuqXad6Ss6uaanZ0dL7wwgZYtWzFyxBA6tm9LVlYmdvb2hIWFM3HSm6xft5a2Ea2ZPXsWbm7uKJXKKt83a2trunTtxmOPPcF3ixeRlJTIV19/i7ubm9nPK1QcI3P9LEupVBId3Z7ExERGDB/M90u/w98/gH9PfJNDhw7SumVTZsyYzsSJb9K5S9dajbkQQgghhBDiz8kqavree7XQ666MeKY9LwfCkc0HmXCw7G861v3nKO9gT0xMMCNDnAhS6rmRnsem/Wf55gLg04AZMQ2I9FRCTi6/bD/NXO/bKycLclmbqKRfmBNOmiyWLDjPUlOrvnz67yAi7QFdLgveO843lCQH17Qr+UD/td/2MXgtgD0xPYIY3MKJQGcFudkF3EhI4Z2NN2lduoKyIJeF32QTNdqPNvZw9cJNdP6+dPS2ISMhhblLr+L+cCjjI5xwN+i4lq0nPSGeCRszLOtDKyfcKSB27zmmHrn9j3GfBkzp7UWkpwonfQEZ2dqScbEvXU2qZedhA5GdXGmm1HH4t6u8sjXrdv9dGT3En37+jjjp8jl/qaQ/NyqM9flLSUxdfZMbf8xU+EO0auhEt2budGnmxsnEXL7dd53EzLr5Ftm2V+5862+pXh+fYMtrHSy612gs2dZYbDBSXGxEX2xAk3sLP5/6NRe+TavVApQ7TKK6e7XafNRqJ5TK6hO3BoOBnJxbKBQKnJycy616MhgMaDS5WFvbMHni62RkZvDpgi9wdq5nti6dTodGk1up3TyNhmJDsan+4uJi07f2akuv16PR5KJSOaJUKjEYDFhZWZnirioGc4xGI7m5ORgMBpyd69X4Xcay96vVTqbVarVRus23bP/z8/Oxt7dHoVBgNBoxGo2mWEoPd7GkPxXp9XoKtFoc1epKq9mqe+7VKR0Da4U1jmp1pXgr3qvX67G1ta1VmwaDAYPBcEfjq9frUSgUNT5LS96RmuZaaX9sbWxxVJc/MEar1VJYWFBpntT0vhUUFKBSqUx/LtteWXczRmWVvi8ODiqL/m651w4fu0RUuPnVsEII8Wcjf6cJIYSoSnFRzZ83q8mNNC1qp3rYWCuwtrbCWmF1+98PlpV/MFc+WqJrM6a2d6W+5hY7LxWgbOjOw80BfPl0RDAxnnDuwi3SnV0ZEdOMSECpVhHY0IPxkY6gA3dPR4LMVJ2bWYBO6UjnHgD2jGmkBo2OspseIx9vwdSu7gQa8og9d4tcZzWRrdzpAYAV7vVVBHraUZLuscHHU0WPzkFE2mg5kQ2BjX15faAPQW62KMs8hdzcjJr74O/FyxEOpKdq0anUxPRuxmh+7/sTDZVkXMsgNlNBoH/puAD29gR6ujM6ph7K9FxuKFR06hjMjEYALkwZ35zxIQ6QmsUJvcrUn8jHWzC1fT3q59xiZyq0bhPEjL/IghWV0prB7Row4aEAuoW4kVdYTNvAekQ3csXe9s/7etwtBwcHi5MDDg4OptVWNVEoFLi4uOLsXK9ckuPo0V9Zt3Y1ly9fZv26NWzdupno6PY4OTlXWZdSqTTbrqNaXa7+O008QslJ2C4urqY2Kh7CUVUM5lhZWeHsXA8XF1eLDoQpe/+dJn2sra0r9V+lUpnaLz34o5SjWm1xfyoq3XZsLnlV1XOvSekYlCbbKsZb8d7SxGNt2lQoFHc8vjY2NhY9S0vekZrmWml/KiYeS+s3N0+qGwOFQmFKPJprr+K9d5t4hN/flwch8SiEEEIIIYT44/x5syuu1igxkH7jJgtWJ7L8aBo748HnYQ8iVQZOxh3lldXJ3NABShvc95xleaoeFAZO7I5j8M4MTt7I42q5SlXUtwdybnGiQEHrpsH4NAogsr6Bk6dyyQXcnRsAHoxoqkJZkM3XC04zdfVZzpfZir15fRrnTZ/OSuOdb7JKVglmZjD2y9O8sqzkz05qK+YuvVlyb04Wgxcc5d97LOgDeo7sPcKEpcdZkqgHpTW+ADEeRKrg2qkTjF1+nqnnC35PmJ64yNgrJSv5bpw5wdNLT/PPCwWADe6eQBtfOnkqyL12nSe/PcsrJ7O4diOP83iV9DU7i6nfnGXBDT06FCj/Iv92dFHZEuShIl9XzJLYJF774QyXU/Lo3ao+vq72yNfI/hi//XaUyZPeoEundvzzn/+gZ8/eDBs+Ur4HJ4QQQgghhBBC/Mk9mAfOWOJkLtdaqWjWrhVrIvXcSEhh1kboEVpycqZPm/bs62yDEj0n45LYDIwoLWugJBlX5aEx+fySqCOycT1e72SDjy6PtZv1PNweUCgAF3zVQHphmS3bFjAYbichDVT9WX/o4WlhHyoY4W0P6ElPqX67sM5wOwlZ9oAFlRVKICM7qeTPe84yGIAmvKEG8h2Z8e+OuNsr0GVn8Etdn/Zzn6Tn6lj9azJWwPnkPBRWVmw8nsoT4V60D3YlKauAgqI7O4hCWG7MmHGMGTPufochhBBCCCGEEEKIOvbAJh91NeV7rlxk6tJMmgXXp28LVyIDfXl9YJbpZOnc9Cz2n8ph59mb7K/lxwkzspNYd1LNmMYedGoEGZfi+QZnHr6TjtyFu+nDnVIqXYDsyhcMRRy5lMWV8xlsPpP9l/neo67YwIXk379/YDAaOZGYg77YSFZ+kSQehRBCCCGEEEIIIe7CA7vtenlqyZbgZqFNGN3Gg5jOzXmqoQ3oikmi5PCZ7/p7krH9PBMOaMgF7JS2LL2qRYcCd2UBvxzLotA7mCm9K5/Ua1ZHO9wBpdKdyOwUTmYCFHDiQAq4KVACTs5qOvlkk6QB3Jx43QfwCaJZ1Z+mq+x2XeXY2/GUmz3NfOzvuA9Lk0vGLKhJA3ywJybAHidAqbA3e79P2W+VHczjhh58GgUw2gd8An2Z8qgvPqRxPhNQ2cLVFL7JtiLm8WBGuNWiv38ymZoi9l3M5HRSbs03CyGEEEIIIYQQQogqWft2HzP9fgdh1uVCXJq6Ed7Amajm9XmoUcnpzft3n2XmdT0hrXzo1MCJvt39GdfUHjtNNsu2XePIbzqcGrkQ6e/Go9E+PNrMiSA7I1dtfHg5UoUdCnwa+xBemMjGxLIN+vLp8AYE2YCThyte2ZeYfTSP0xczWHehgJfHNCdSBTg4EmJ9jmnnnendyInISH/GhdujyTHi4qSiZWAxxWF+DKivABt7WgYW49+5IdEqQKWmt0sxPWJ8aWYDdi6u9HY5zVadD+29VHSK9mFAsB2Xfkoio6Y+NHQmv35DXg6xA2xp1t6Z/G+vk9qiPuEN3Rna3YfOBh3ZjrZ4ebngtVvNP4a64gK4eNfHq9CdVzupb49Hfbx2n2WFvStRAU50jfRnaJgrzVysyIpN4EeDI12DnQlv4c24tp5EeTlgk5fIxoT7MTH+fEZ18LrrOhYfTOHpjn61KlNy6nXJak6drpB6TqqaCwkhxP+IG8mZ+Db4C/+XNCHE/xT5O00IIURVjIaiu64jN1+P0s4ehcKq5H9WtTvt2ipq+l7jXUdxL7m50KOhLcoCLZsvaCy/5uNKTH0bNOlp927LspsLPRpak5uYwZHMu6uqWVMPAu31XDuRxfnSH++wD82aehCImTGxiJpObRxQVxpTeyJbOOFOESf/Qtuu/wjbXmlz13X0+vgEW17rYNG9JUlHI8UGI8XFRvTFBjS5t/DzqX/XcQghxF/F4WOXiApvfL/DEEKIOiF/pwkhhKhKcVFezTfV4EaaFrVTPWysFVhbW2GtqF3y8YH95qNJZjY7q0rsVXftRhab73WGrLr2a+n8hbTfk46l7rAPZuuymIb9J8wlLQs4cqb6g2yEEEIIIYQQQgghhCjrgf3moxBCCCGEEEIIIYQQ4s9Nko9CCCGEEEIIIYQQQoh7QpKPQoh7QqvVkp2dhcFguN+hWMxoNJKTc4s8jeXfS83TaMjJuYXR+OB8Plev15OdnYVOpzN7/UGMubZqelZ32sc/47y1lF6v5+TJE/z66xFycm7d73CEEEIIIYQQ/yMk+SiEuCfWrV1NSLNGHDly+H6HYrGCggKmvjmJZ0YNJzs7y6Iyn3wyhxHDB5ORkX6Po7Pc1SuXeTimJyuWLzN7/ZNP5jBq5DCysuroo7X3QU3P6k6fy7q1q4np3YNLFy/UVajs3rWTYUMGsnvXzjqrs7by8vJ4/V+v0CE6gm5d2jP1zUlotdr7Fo8QQgghhBDif4ckH4UQ94wmNxdDcXGd1qnVann5xQm8/OKEe5Y80ev1Zle+HTwQi7eXKwcPxJb7PT0tjazMBy+Rl5AQf79DuOeqelZw58/l9OlTZNbh80xPT2P9+rWkp6fVWZ21dfr0KX74YQlzP/mU7JwC3nv/QxwcHO5bPEIIIYQQQoj/HZJ8FEL8ofI0GouThqVba8tuH9Zq84mPv1Zlmfz8/Hu2ZTY+/hqa3Nxal9Pr9eTk3LIoLoPBYPG9UJKMrc028erU5tlUxdwzq8q9fFaWuJux0+v1FBQUWHTvwEGD0eTrGTho8F21r9PpLNpKbu45GoqL0eTmEhTYCBsbG1QqldmyBoOB/Px8i2MSQgghhBBCiJpI8lEIAUBRURHT35pC35iHuH49AYCZ771Dh+gILl44T2ZmBk8+8Qhv/2ca06ZOxtvLlV49u3LxwnmgJOm0ft0awsNa4u3lyjszpperPzU1hbFjRuHl6UJQoA8z3n6LvLw8srOzeGbUcObNnc2PPyzFz9eTD2fNJC7uEN27dsDH2x03FxXPjxvN5UsXGfPs02zbtoWFC7/Aw92JD2fN5OKF8zw9cih+vp541nembURrtm/bClBj3Hl5ecx4+y28vVxp3bIpGzeuNzs+y378nrFjRgHQq2dXunRqx5XLlwDI12r5/vslhIe1xM/Xk9WrVpjGZNXK5bRp1Qwfb3d6dOtIXNyhSnVnZmbQv9+j/Gf6VPr07o6PtzvPjBpOampKleNTGndQoA9eni48NbAfly9dLFfvpp83EB0VhreXq2m8zanq2ZTOgaGDB/DF558SHtaS8LCWrFu7mv9Mn4qfrye9enY1jYO5Z5aZmVGurT/iWZVKS0vjxRfH4+3lSrcu7U1jn5eXx6SJr5vGbsL4cZVWJW7Z8gvdurTH28uVT+Z9THFxMTqdji+/WECnDpG4ONtT303Nq6+8xK1b2Xy76GtahARz9OivAOTk3GLkiCGoVTaoVTaEh7Vk/7695fph7tlt2LCOPr27E7t/H0+PHEqXTu04ffoUM95+C38/L3y83WnZvDHr162p1N/09DQmjB+Hl6cLHu5Opn6tXPETvXp2BeCJx/uiVtmwcsVP5cquWrmcvjEP4axW4lnfmeFDB5GUlFjt+AohhBBCCCGEJST5KIQAwNbWFj9/f/bt3UNSYtVJh08//YTMjAxGjRrNqVMnWbt2NQDnzp1l+vSpdOjQke+/X06fmIdNZXQ6HZ/Mm8OVy5fYF3uY75b8yLeLvmb7ti2o1U74+wcwedIbvP/+/zF6zHN07tyVpd99i4eHJ8dPnCXuyHH69OmLp6cXL738KlFR7Xj88X6sXbeJgYMGY2dvT9Omzfhy4SJ++HEFLvXq8c03X5U7VKOquFcsX8b8+fOYMuUt5sybT9Nmzcz2u0PHTkx+cxoAc+b+lw9nz6OBjy8Aly9d5NjRX+nffyCeXl6sXLmcnJxbnDx5gilvTmT0mOc4f/EarVuHMmf2LLPfKDQajaxZs4phw0cy8/0P2bp1M8t+/B5HR3Wl8XmoZ2+WfLeIbxd9zZdffsO+2MOkp6cx63ZSsqzX/vVvnn12LO/PfJft27ZUare6Z1Nqw4Z1/LxxAz169OTmzRsMH/YUyck3eezxJzh4IJaff96AVqs1+8wcHdXl2vsjnlUpTZ6Gtm2jmDt3PjqdzjT2S75bxNo1q1i69Cf27o/j2NFf+eH7JeVWFG7ftoXeffrSqlVr1q5ZRVJSIra2ttjbOzB6zHNs+mU7/3p9Il98/in79u2lTWgYOp2O2P0lCcaEhAROnjzB/733AQs++4rcnBz27t0NUO2z8/PzJyUlhT69uwMw6pnRpKelMX/+PD74YDZXriUx66M5NApuXOk5zp0zm2NHf2Xb9j2sXbeJXTt38NmC+XTs1JmFXy8muHETRo8uib1L127lyjs5OxMT8zAbNm5h5vsfsmPndlMSXQghhBBCCCHuhs39DkAI8eBQV0gUmTNo4GA++PBjkhKvs3fPLvR6PQDHjv7K+XNnmTfvUzp17kJaWiqffzYfgIyMdI4ciaNddAd8fX1xdnIipHlzzpw5zRP9+uPo6Ii3dwO+/GoRkZFRaHJzydfmc+bMafbs3c1jjz3BoKeGABAWHk69ei54enrRsVNn03frJk2eikaTS35+PiHNW3Dzxg1TbFXFnZ+fz+G4Q0RFtWPosBE4OqrZuvmX/2fvvuOrLO//j7/uM3J2kpO9CFkQCDPsoTjAiVpnHV/rrHb92m/79dva5aitbbV22NZu+63a1j3rRMCBimxkRPYKhOx5knNOcsbvj0MiIQmEEcHwfj6KwLnv+7o+930d6cM313VfvS7rzs0dSuG+wGf06LFMnTqt69iYMWP5xQO/JmdILnW1tezcuYNQKMSyZUswm83MnHkqDoeDiZMn85c//YGa6moSE709+ph16mlcc80XaG318cYbr7FmzUcEA4Fen88f//A7Ro8ew8xTTsXrTeKss8+NhWS7yzEMA4Dzzr+Az195NePHl/LWwvmsW7eWCy+6uFufhxqb/e8vOSWFbVu3kJMzpOtZrl61Ep/PRzgU6nPMDnyOAz1WnfLz8rnhhpsoGjacrVu38OILz7F9+3aWL1/GxEmTGV5cjNlsZnzpBLZs3txtGfV99/+KadNnYLFYePGF5wgGAhiGwReuu4FWn49gBkPUSwAAIABJREFUe5BAMMADv/h5bDlzfj5Tpkzlo49W42tpYefOHTgdDs47by4AqampQOw9qMuXL+tz7JwOB06Hg6989ev85N6fY7PZWLhgPr6WFt56awGjRo/hnHPOw2Lp/n/fXeM4ZRrjxpcSjUY588w5LFmymC9/5WtMmDARp8NBdk5Oj+AR4KyzzuGUU2bh97fhiY9naO5QfMdoOb+IiIiIiJzcNPNRRA6L2WzuCrf2t2vXTkaNGt0VsuzP19JCY0MDD/3+QfKHZjF2zAjefmtht3NSU1NJiI8HwO3xcMutXyE1NZWvf+3LTBg/mr/99U/dAqr9VVdXceMN15KTlcrwoqE89ug/+lV3IOBn9+5yhubm4XS6+v0M+qumuprt27dx9lmnk5uTzte/9uV+XWcymTCbzNRUV9PeEXt34v7Pp72jnZrqanJyhmC3OzAMA5PJ1OdGKZ3Hqyore7ynsD9jc6DenmV/x+x4jNX+z6e6uoqa6mqef+4ZRhYX9FlDb6LRKM88/SQjigvIzUnnks/N7TqWkJDIuPGlrFu7ht27d7Ns6RLGjS8lKzunWxv9Hbvk5GRsNhsAU6dN5/bv/oDXXnuF006dxtVXXtZjiX3nOKZnZGC32zEMA7PZ3O9Nd95/bxEzpk8iNyed006dxvr16/r1TERERERERA5F4aOIHBOpaWl9hl82ux2Xy8UXv/gltmwrZ9fuKnbtruLrX/9mn+1NmTKVBW+9x7w332bCxIk8/Le/sH3b1l7PferJx1mz5iPeX7ycmroWbr751n7VHGeNIzUtjd27ywkEjv3O2W63m9TUNF5+ZV7XPb/2xgLyCwoPel0kEiEcCXcFVIeqOxqNEolEGDVqNElJST3OD7a30+b3MyQ3t8cOx0cyNn3pz5gdj7EKh8MEAgFKSyeQkZGJ2+PhvPPmsq5sc9f9/vjen2G32w/aTnn5Lv70x99zw40309gcYP6Cd7uOGYbB1KnT2b5jO6tXr+Sj1auYPGUqLlf3oPRwxw7A5XJxx50/Yu26jdzz45+y6L13eeaZp7otE3d7PCR6vV0BczQaJRwOk5KairePdjs1Nzfxxz/+ngkTJlJRWceq1esZM2bsoR6riIiIiIhIvyh8FJEunUs5H3nk73zvu9/mod//lja/n+BBdi6ORCJEo1FGlYzG7fHwr38+yttvLeT1118FYjsap6dnUDphEovee5e1a9fg9/t5a+ECqqoqe20zGAzy7389xoYNH1M0bBhFRcO71ej2eNi5cweLFr1DXV0tENvht7q6irVr17B5yyZ8vpaDLhuNRCI4XS6Kiobx4ZLFPPP0k7z+2issXfohwfYgwWCwxzVujweApUs/ZM2ajwiHwwd9ntOmz8RsNvPaa6/g8/nYtm0bby1c0OvMUYDNWzaxdMmH/Oc/L7Js2VImT5na667ELreb0tIJrFu3lvffW0RZ2XrefnshpRMmkp0zpNtzrK6u4tlnnqKjvZ0zZ5/Vdax8dznvvP0WLpfrsMamLwcbswN9GmPVeV1zSwvLli7hjddf5dRZp1NcPIKpU6exatVK3n9vEcFgkMWLP2DLli19jsuBGurrqajYw+LF7wNQU1MNQPGIEZSWTuDZZ56isnIvEyZM6nFtf8duf+vXr+OZp58kGo0yYcIk0tMzepyTlJRMaelEli79kI9Wr2LF8mUs/vADpk6djtd78PCxU1NjI5V797J06RJqampobGzs167lIiIiIiIiB6PwUUS6nDrrNC644CIee/Qf7Nmzm7/9/RGSk5LYvbu8x7lJyclkZGSyZ89u2traGDe+lOuvv4n/+7+/8YVrr6KwsIhzzz2fzZs3YrPZuPXWL+P1ernkc3MpHpbHbx/8FY1NTb1UAY2NDbz55htMm1JKQV42Tz35ODd/8VbyCwpxudxMnTqND5cs5tKLL2D+m/M4//wLyMvP55LPzeXbt/03Z511Dh0dHVRW9gzQ9q/b7/dzxRVXMnr0GP7nW9/gN79+gMuvuJLGhgZqamp6XDtyxEimTZ/B97/3He784fdoamrsdjwuLjarbe/eCmqqqxk/vpT/9/X/5pFHYjshXzD3bNavX9dnoPNxWRlXXnkp3/vut7nxxi/2+s5EiM2yu/qaa7nwoou5+qrLmTp5PJFIhNtu+w4ulwuL1Up2dg6/uP9nFORl8+or/+G+X/yK0tIJAIwdN57qqiruv++n1NfVHdbY7M/ucJCQmEjFnj1UVu7tc8z292mNVUJCAi0tLZx26jQuvngukyZN4X9u+zZ2u50rr7qG6TNm8qVbb2JYYS4//MF32bu3otd7zMzMYvuO7VRWVpKdncPnLr6UZ559iimTx1NZWcl119/Irl27CAQCpKWlM2vW6bz22isUFg2jsLDnDNdDjV1vytav4847vk9BXjYXzD2b4cOGc/nln+8WltpsNr78la+Rn1/AnNmzOO/c2ZSUjOLWL30Fs9l80HGMj0/gssuuYMmSD5lQOpp33nmLK6+6hj17duPztRz0WhERERERkUMxJt+9KHro00TkSM3/1tEvX5zz6zXMu216v86NRmPvpgtHooTDUULhCL6WJoZkpfTr+kgkQiAQ6JpxF4lEMAyj11lhoVAIk8mEyWTa13eUlpZmrNY4HA4H0WiUaDTadTwSidDc3ITJZMLjiT/kTLPOjT3cbg9xcXEHPbe9vZ22tlbcbg8Wi+Ww6g6FQvh8Lf269lAikQiRSKTbhiB+vx+/v63P+6ivr+OmG77A0KF5/Pjen2E2mXG5D735T+fzjkQixMcndN3P/vcZ8Ptxud2HvJfDHZv9+9j/WfZnzD7NsWr1+bDGxfWo5VDPbv/zQqEQVqu123WdY3Tgd7y/+tv//s/B52s55Pgc6ThC7FmFI+Gu68Lh8CGDy8+yZau2MLm06NAnioh8BujPNBER6Uu4o/Wo26io8eP2JGAxmzCbDcwmY99/h/Xveu12LSLdmEymbkt9DxaKHLjjrmEYxMcndPv9/uGHyWTqdZfnvrjcblwcOoSD2KzD/QOmw6nbYrF0q+twg6T97R+UdXI4HD3etdiXzuC2Pw583gfqXKLeH4c7Nvv3sb/+jNmnOVZ9hbiHenb7n9cZPPZ23ZGG1P3tv9OB992XIx1H6PmsBnPwKCIiIiIinx4tuxYROUEUjxhxyE1PRERERERERD5LNPNRROQ4S0pK5oWXXj3eZYiIiIiIiIgcc5r5KCIiIiIiIiIiIgNC4aOIiIiIiIiIiIgMCC27FhEREREREREROUlcf/31fR575JFHjnl/mvkoIiIiIiIiIiJykugrYByI4BEUPoqIiIiIiIiIiJxUDgwaByp4BIWPIiIiIiIiIiIiJ53OwHEgg0dQ+CgiIiIiIiIiInJSGujgERQ+isgJJBqNsnt3OR8u/oCW5ubjXc5h8fv9NDY2EIlEjncpRywSidDY2IDf7z/epUgf2tvbaWxsIBQK9Xo8FAqxdu0aVqxYTnNz06dcnYiIiIiISE+DdrfrojQXF5amU5TuxGwyaGjtYMnWRl5YWXm8S+vV7JIUZhUnYTYZtIcivLSqivxUJxPzEgBoCYR4aulette0HedKRY6NbVu3cOedP+C88+ZyzX99gUgkwh8e+i333nsPvpYWnn72RXaX72Ljxo18/wd3kJSUfLxLPqiXXnye3/z6AR597HGGDS8+7Otra2u45+47yS8o4Ktf+wY2m+2Y19je3s6LLzxHefmuHsdSUlKZc9bZfPXLtzBl6jS+9/07MAzjiPp58YXneOLxf/HDO3/EqFGjj7Zs2c/KFcuZM3sWjzz6by67/PPdjrW2tvLDH3yXv/7ljwDcfPOt/Pz+X+JwOI5HqSIiIiIiIsAgnflot5q4dmY243LjaWwLsavOT6onjuJM1xG3WZTm4v4rR3LppIxjWOknGlo7iLOYyElyEOiI4AuEqW1px2I2yEq00+wP4W8PD0jfIsdDbV0d8+fPY/v2bUQiEZqaGlkw/02uuPxKqmqaOOOM2ZSVlbF61Qp8Pt/xLveYikaj3Pfze7n4ovOpr68DoLmpiVWrVrBx44Y+Z7UdrXA4zHuL3uXOO77f48eiRe/Q0dEBQFVlJYFA4Ij72bx5E2+9vZCa6up+nf/h4g/ISPfy4eIPjrjPz4rexv5I9PYdWb9+HY8//k8e/N0faGwO8LP7Hjji4PFkGhMRERERERlYg3Lm49gh8aTH26hsCvDjFzcxNNnJTbOG0BoMd80wBHh3Yz3xDgsT8xK6ZhvurPNzxeRMSrI9AOyu97O1uo0JeQmkxduYXuSlJMvDiysr2VzVyqWTMinNjcceZ2bNrmYWbarncxPS8dgtfFzhIz/VSXqCjbXlzZTXBzh9RDJWs8HbG+p4aVVVV80rdzZx1ugU0uNtbKlu7foxY5iXJFcca8qbaWzr4Jrp2V397W0MMH99LUu3NTImx8OFpelkJdppaO3g9bXVpMXbmJiXQEsgREVjkIl5CTS2dfDCikpKsj29tiMSjUZpaWnGbncQFxfX43jnktwDQ41IJILP14LT6cJisRzy2JQpU6msaujRfmZWFk6nE8Mw+PVvftfj+MH6OVAoFCLg9+Nyu3vM4mv1+TCZzX2GM33d55EIBAJYLJauegOBABV79nQ7p6CwiEXvL+1x7eHc76E4HA4e/N0fePB3f2DhgvlcdOG5PPz3R7nyqmsA+h2G+f1+IuEwLre71+P/++3v8r/f/m6/69q5cwe+lpZejx1qnPp7figUoq2tFbfbg8l0bP/e7WDP48BjvY19p6Md60g4jK+lhfy8gm7ft862A4EATqezX/X3NSZHUuOhvi8iIiIiIjK4DcqZj75AiGAoQqrHxg2nDKE9HOH2pz7m9/N3AJDgtDIkyUGCM/YfTolOKzlJDlw2M1dNzWJakZe9jQHK6/wMz3AzOseDM87c1X5HOIIvGObaGTnMKUmhORBib2OAaUVezhiZjMVkkOW1c2ZJCgDtoQgzhiVxwfg0Glo7cNstnDU6lbFD4g/rvi4qzWB2SQq+YJhNlT7yUpyMyfFQkuXmplm5ZHvtbNzrI9Fl5aLSDOIdFhKdVooz3cwo8hKNQmaCjXPHpPXajsjSpUs4fdZ0sjKSSUp0custN1JfX8eTT/ybyy+9iNu/cxv5eVkMLxrKM08/STQaBeCD999j+tQJZGUkM3nSOP7z0gtdx5YuXcIZp83odqytrY3//vpXyUj38uc/PcTWLZv53IXnMX/+PH567z14XFbcTgtup4WvfuWWrvc/9tZWZz+dNm/ayJzZs/jpvfcwedI4MtK93P6d22htbQViy5u/+pVbSE9LJDXZw1e/cgu1tTUAB73PdevWMm7sSP78p4e6+pk+dQI//9lPen2WVVWVfPMbX6NkRCEpSW7yh2bx+L//SavPx3e/cxsPP/wX5s+fR25OOt/65te59yc/wu20cNedPyAYDPa43/yhWfztr3/qmvH285/9hKs+fyl/+fMfKB0/iiHZad3G5FBqavqelVhRsYcffP92MtK9zJk9i21btwCxZb3f++63yc/LIj0tsduz2//5T586gdLxo1i1amXXc50zexb/+MfDnHbqNDLSvfzm1w8QCoV48ol/c/NN1wEwZ/YsTp05hW1bt1BdXcXNN11Heloi+XlZ/Pieu2htbaWxsYHrr7uG3z74K554/F8MyU7jgV/8vNu47n9+NBrlPy+9wORJ48jKSGbihDHdvjcHe46bN23k1JlT+OMffsett9yI22nhC9deRXV11SGfR2trKz++565ux3bvLu917AOBwCH/HTrt1Gm4nRa+9KWbex2zZ595ijmzZwFw0YXn4nZaePaZp3ju2ac595wziXfHkZYSzzVXXc6ePbv7rLG2tqbPMenr+xgMBvn+977D7d+5jTfffIPS8aP41je/zp49u/nqV24hNdlDeloiUyePZ9myngG7iIiIiIgMboMyfCyr8PHOhjo6whFmDPNy98XDuefSYsbkeFhQVsva8k82snh+RSXl9Z9srhDvsBCORPm4wseLK6tYtKmeV1ZXU7anhUgkyuItDdz3ylbMhkFJlps6Xzt/fXsXu+r8GIAvGObtDXWEwlGqm4P85KXNrN4V62/1rmZ+/soWttW0YbOY8NjNB5Z+UB67GZMBO2vbeG55Je9sqGNTZStTChJJcFh4b1M9z62oJNARxmI2eHdjfezeorCgrJaXV1exraYNDHptR05ufr+ffz32CKmpaXy05mOWLv+Is88+F5crNlvp9ddfpaGhnof//ihTp07jod8/yM6dOygv38U999zJ9BmnsHHzDj7/+av41S/vZ+fOHVRW7uXH99zJyJJRrFq9ntNOO4MHf/NLqqoqueTSy8nPy6ds/XqSkpP56c9+wYUXfo7Jk6fw1DMv8PIr87j6mmtZtXIFlZV7+2yrt/cXtvp8vPH6q/zwh3fxv9/+Ln946LcsmD+P9vZ2HvzNr1i1cgXzF7zLiy+9xttvLeRPf3yIcDh80PtMTk4mKyuLsvXr+7Uhi81mIzUtjfvu/yXPv/gKU6dO4+G//Znqmmquve6Gbvd6y61f5rzzL2DOnLP5aPUqWlt9lJfv4s47vsfIklGsXb+Jb/z3t/jhD7/He4ve7erj5Zdf4tVXXuayy64gJyeHJx7/F01NRz+DedF779IeDPJf/3UdHy7+gFdffRmAfz72D1584Tn+9a+nWPT+UlatXMHj//5nt8AzMzOLL1x3A5s3bWTTxg1dn3+4+AP+7+G/cs6551NaOoFnn3mKXTt3MH3GTL7/gzsB+M2Dv+eBX/2WlNRUfvfb37Bt6xbe+2AZj/3zCR75x99ZMH8ebreH3NyhfP973+G++37KjTd9kdPPmM2f/vhQ17j+8pcP8tBDv+Xttxeydu0abv/ObVx88aWUbdjKaaedwd1338GGDR/36zmGQiF+eu+PSU5O4QvX3cDzzz3DonffOeTzeObpJ3nkH3/nr3/9v67v2XPPPt3r2FdXVx3y36HU1DSef/EVrr76v3ods1NnncbDf3+UwqJh3HjjF3nt9QWcOus0PPHxnHPOebz8yjx+ft8DLHxrAc8/9wxArzU+8fi/eh2TSCTS5/cxLi6OgoICHvr9g9x0wxeYM+dszp97Ae8tepd5b7zO8y++wsbNO/jO7d8nMzPzqL+fIiIiIiLy2WJMvntR/6bJfAZ5XVZOHZ7EzGFJZCTY2N0Q4HdvbmfuuDRmDkvi5Y+qeG55JbfPLaQwzcUj75WT6rFxwfg04iwmAh0RVu5o4h/vlfNf07O7XTNzmJfrTxlCRziCyTBwxJmpagryyHvleF1Wrj9lCHW+dr739AYunZTBBePSeX9zPQ+/W96tv/c3f7Ls9Pa5hRRnuLv66Pys81yzyeCqqVm47RY6wlE27PXx78V7uHZGNsWZbpraQsQ7YrM5395Qx2Pv7+61zVnFSb22s6fhyN/xJn2b/62xR93GnF+vYd5t0/t1bjQaWzodjkQJh6OEwhF8LU2kpmp2q4iIiIiIiIgcnpqaFtyeBCxmE2azgdlkYBgG/d2jdFC+8zEjwcZZo1NpD0V4ckkF26rbuPWMXFw2M0kua4/z938X3Otrq9lW08aEofGMH5rAlMJE6ls7+uwrFI6ypryJjZWtLN/eSKAjwsxh3iOqO9JLDLx/be9urKfe10FJtpuJeYmMyvZwUWl67DygsinA+5vbWLGj6aC7YvfVzh8X7jyiuuWzITm+57veREREREREREQOpqam93f099egDB+TXNauzVVmDvNSnOnGZbNQ29JOfWsH7eEoJpPB5PxECtNcDE93EdqX/N118XD87WHuf3UrhmEwqzgJmzW2Ot1kMkh0Wsn22qnzddDQ2kGC08LepiB7GgJcOimTdbtbMJu6R782i6lbGnzgxhedKpuCjMr2MHZIPI2tIZLdVvJSHARDEVoCYW6fW0iKJ47fvLGd9lCUC0vTsVlNbK/xU5zpxmwyWL69keEZbsbnxvP8ispe++mrHRERERERERERkWNpUIaP4UhsU5j8FCdfOmMo0Sg0tnXwykdVVDYFWVhWS0aCjcI0J5EorNvTwojM2HvtQpEoReku/nLjWKJRqGgMsHhzA1leG5PyEzl9RDKnDk/izXW1vLOxjgvHp3PV1CwAgqEISS4rReku7FYT2V473zwnn5IsD2aTwdRCLx6HhZKsWF9XTMmiobWDsgofAAvLaslPcVCY5qLg1NgstdZgmIVltawpb+bs0SmkeWz87IoRANT5Oli8uYHdDQGK0p0UZ7i559JiolHYVecn2R1HcYYbi9nggnGxGZLPLa8kHIn22o6IiIiIiIiIiMixNKjf+Zif6iQr0dYt4AO4qDSdglQnL66qYntNG1+dncfYIR4eeW83i7c09HldttdObrKDprZPPrdbTYzOie1avW53M4GOyFHX3dmPvz3ctVlNf4511l3RGDzosutDtSPH1onyzscRhelHXYeIiIiIiIiInFw2bK3SOx/7sr2mrdcQbmSWm8I0F+FoNLZrdbaHmpb2rnP7um5PQ6DHpiyBjgjLtx/97rKH6qc/x/qq+3DbERERERERERERORYGdfjYl23VbXhdVkZle4hGYWdtG88ur6SyKXi8SxMRERERERERERk0Tsrw8elle3l62d7jXYaIiIiIiIiIiMigpi2ORUREREREREREZEAofBQREREREREREZEBofBRREREREREREREBoTCRxERERERERERERkQCh9FRERERERERERkQCh8FBERERERERERkQGh8FFEREREREREREQGhMJHERERERERERERGRAKH0VERERERERERGRAKHwUERERERERERGRAaHwUURERERERERERAaEwkcREREREREREREZEAofRUREREREREREZEAofBQREREREREREZEBofBRRERERERERESkP1qr2bl1J9UtoeNdyWeG5XgXICIiIiIiIiIicqIL7V7An3+7DIYlYQ1mMevmCxjhON5VnfgUPoqIiIiIiIiIyKerYRWP//5l0m68g9k5x6rRelY98RAvp9/EHWdkf/Lx7g/4y2vrup9aMpdbZ2ZzOPaUvcHOOV/j/rOHHuSsEDvn/5mHak/jjqtG4+n8uGUDLz/xLhX7n5oxi6svHPHJOYOUwkcREREREREREfn0tO9kwb8eZ1ULnBM5Vo2G2Dn/cR5f2QJnH7AkOuJny+YkLv7SeNL2fRSfcXjBI9CvlxfWr36aR+fthLEdPWqo3wxDrz2TQlfsI2tS3qAPHkHho4iIiIiIiIiIfFoa1vHyU8+zs3A2U3YtODZtRupZ98ozPL+ziNlTd9Kj1UgI8JJdWMTB5iwChKqX8sI/32BpZQt4iph12eVcUGJl1T9/zONrAM+j/HheCy0zb+KnnxuxX7DmZ8/7T/PYQitTTitiQcOBNQDYSRtaRFHCUd7vZ4zCRxERERERERER+ZTYyZ7zTS4orGfBW8cofDSBfciZfHNuEfULF/QIH1saq4AWFvxzKyE/JOXP4swzR5DUYybjHj546hmqxn6NH/3PUNj6Bn/58wssvf0mJlz2IxzJd/H3mnP40hVj8JgdB4RqVkiYwE3/OxrHxkd7ho8t9ayjgcDzf2FZB9hTxjP73ClknwTvjNRu1yIiIiIiIiIi8unwFlFa2L/FxiG/H3+PH73tMp1E0fgiPH2kXI6UPKacNpnZc6/m4jNH07H47zz0xhZ6tLR7A+/sGs2MiUNxAI7C0ZRmbWD1lnosDgcOK2Cy4nA4cMQdeLGF7NGjSesrTExIZ8akUmadfzWXz51M+p5nePDxpdT360l8tmnmo4iIiIiIiIiInGBa2DL/cd6tPODjI9ikxZIzi8s7N7XxzuCcuVtY9cRO9px3wDLsCLTAflP14vGkwJaWFiDpSG7iEwmjufjznb8p5ZwLqlnwhw3sbJpC0iBfhq3w8QQxPjcel81MazDM6l3Nx7scEREREREREZHjyMOIC29lxKfZpYlYqNm1CU4HHX4o8pwM28IMnEEZPs4uSWFWcRJmk0F7KMJLq6rIT3UyMS8WJbcEQjy1dC/ba9qOab/fOCuftPhP5t1Ggd31ARasr2VLdetBr71kYgZ5KU4qGgMKH0VERERERERkkArh93cA/tiy5zY/fj9YHQe+Q/EwW/X76QD8HQCxJdpYHTgsEKpYxwYKGZ3lgJYNLPtgHZ4zZtBjv+uMoUzxvMGqDdWUTk+DinUs25zNmLn9nPXY7scfBn8QiHTg9/uxmPct0W7Ywqr6dMYUerD4q1n64VIYcQ5DB/msRxik4WNDawdxFhOZiXbK9rTgC4SpbWnHYjZI89hYtr0Rf3v4mPfb7O9gXG48oXCEmpZ2PHYLM4q85CTZeWj+Diqbgn1eO29dDdefMuSY1yQiIiIiIiIicsJoWsvT9z7Ous7f//0uFjCaq39wHaVHHMS1sPbZfbtRxxrlrrdg9DV3cN14B821O/jgxUd5tAXAQ9rUy/nS7KKeoZiliNk3X8y/H3uA7zwPkMToz32BGVn9q2Lnu3fx0LzO363jgXXPwNlf4/45Q/G3VLD2mb/weF3saNKIc7j1yilHu5j7M2FQho8rdzZx1ugU0uNtbKlu7foxY5iXJFcca8qbaWzr4Jrp2ZTmxmOPM7O3McD89bUs3dbImBwPF5amk5Vop6G1g9fXVpMWb2NiXgItgRAVjUEm5iXQ2NbBU0sqKKvwAbC5qpUZw5Kob+3gh89uxG41cfclw0mPt1GY5qSyKcjMYV7OLEkhI8FGTUs7b5XV8c7Gul7v47TiZM4oSSbVE0dFQ4Bnl1eyo7aNSydl9lq3iIiIiIiIiMgJLaGU6+4vPcaNeii99n76ajVp7AXcOvbc2IxLc2+bxXzCkjWD626fEjt338zJTkPn3M/9B6li6Jz7uX9O78ccubO47vZZ+2aeGr/0AAAgAElEQVRoWnE4BmUk16uT504PcFFpBrNLUthV52dXvZ8xOfGMyfHgC4S4aVYucRaDDRU+hme6uag0g7KKFhKdVrK8dvJSnAQ6ImQm2PC6rH32keyOw2wyCIYitATCzCpO4upp2bS1h9lQ4WNElpurpmURCPWchTmrOImrpmXR1h5mU2Uro7I9XDYpg81Vbb3WrfBRRERERERERKQvlsMI/A7n3MOs4iiXl38W9bEJ+eDnsZsxGbCzto3nllfyzoY6NlW2MqUgkQSHhfc21fPcikoCHWEsZoN3N9ZTXu+HKCwoq+Xl1VVsq2mjobWjR9tJLis/uayY719YRJIrjpU7mlhT3syEvATiLCbe/riO383fwbJtjTjizJRk9Xxx6aT8RMwmg9fWVPP+5gbaQxFsVnOfdYuIiIiIiIiIiJxoTrawtcvmqlYm5iVwZkkKpxYns2Gvj7c31DFjmBcMmFLgZc6oVADe3lDXbXOaSDTKgrJaFpTVHrQPk2EQ7Aizdd9mMzaLiXAkSn1rOwDNgRCRSJSkXmZPpnriMBlw4fh04h0WgqEIy7c30tjW0WvdIiIiIiIiIiIiJ5pBGz5Goj0/Mwyj69fvbqyn3tdBSbabiXmJjMr2cFFpeuw8oLIpwPub21ixo+mwd8XufOfj56dkce7YVCblJ/Luxvqu4444MxALJwEa23rOnuysd1tNG1ur21i1s4k9DYFY+73U/ceFOw+rRhERERERERERkYE2aJddVzYFMZkMxg6J58yRKVwxOZO8FEfX+xdvn1vI9afm8P7mBhZvaSAciWKzmthe4ycKmE0Gy7c3MizdxSUTM/rVZ5wl9jjNJoOSLDcrdzTR2NrBsHQXZ49Opc4X24V7ZJabVE8cwzNchCJRdtT6MZuMbm3tqot9FgpHWbWziYl5CZw7JrXPukVERERERERERE40g3bm48KyWvJTHBSmuSg41QlAazDMwrJa1pQ3c/boFNI8Nn52xQgA6nwdLN7cwO6GAEXpTooz3NxzaTHRaCwITHbHUZzhxmI2uGBcbIbkc8sru/V59uhU7FYTGQk2LixNp7alnRRPbAul88el8fyKSrISbUzKS2RyfiId4Sjvbapnb2OAW88Yit1qIttr5+ZZQ3jr4zpykx1MKUhkamEikSh8XNFCOBLttW4REREREREREZETjTH57kW9LFAePLK9dnKTHfjbw6ze1dzvY/mpTrISbVQ0Bg972fWhlGS5SXBa2VXn71pKfTjnHqxuOfHM/9bYo25jzq/XMO+26f06NxqFaDRKOBIlHI4SCkfwtTQxojD9qOsQERERERERkZPLhq1VuD0JWMwmzGYDs8nAMAwM49DXwiCe+dhpT0Ogz4DvYMe217Qd89CxU1mF76jOPVjdIiIiIiIiIiIiJwq9LFBEREREREREREQGhMJHERERERERERERGRAKH0VERERERERERGRAKHwUERERERERERGRAaHwUURERERERERERAaEwkcREREREREREREZEAofRUREREREREREZEAofBQREREREREREZEBofBRREREREREREREBoTCRxERERERERERERkQCh9FBinjeBcgIiIiIiIiIoPKkWQNCh9FBjMlkCIiIiIiIiJyLBxhxqDwUWSwMmJ/LhgKIEVERERERETkKBj7MoYjCSAVPooMZoYmP4qIiIiIiIjI0TnS4BEUPooMTgYYGPtmPip+FBEREREREZEjZxj7MoYjmOVkGZCKROT4McCIQtTY94fDvr9i2LC16vjWJSIiIiIiIiKfSYbJiE1uOoLl1wofRQYZA4hiYBDFMMBkQEJiIuFwlHAkQiQCkUiUKFH2/U9ERERERERETnKdoaKBgclkYDKB2WTCbDYwGfu993HfSsv+UvgoMkgZnX9gGHS9YMEwTESMKBGTQTQaix2jSh9FRERERERETnqdb20zjFiWEAsgDcwmA5MRm/l4JG92U/goMggZBkSjBoYRBZOBKQKYOv8AiRKNRoliKHgUERERERERkS6dsxtjr3HbF0Lu+7Wxb2rk4QaQCh9FBinDYN+LH/cFkNFP3gUZxei+5FohpIiIiIiIiMjJy9jvp/0DSGO/n48geASFjyKDWmcAaRj7Zjru+320M23s/pOIiIiIiIiInISMA37Ruat1LITc98kRBI+g8FFk0PtkCTYYRPdNhtz/rzRERERERERERPaz3+YywBEHj6DwUeSk0PmHRBQDI4pCRxERERERERE5OOPYxAcKH0VOIkbXP0REREREREREBp7peBcwmNmtJs4alcLMYd7jXYqIiIiIiIiIiMinblDOfByfG89FpenEWXpmqyt2NPH8ispPpY4zS1K4dGIGvmCY2pYONlb6jlnbc8elMas4Ga/LSkc4QkVDgNfW1LByZ9Mx60NERERERERERORoDMqZj75AmFAkSm6yA5ctlq864swMSXKQ5LIOWL83nJLDvZeP6Pr9R7ua2bC3lfW7W9hZ13bM+vnmOflcPjkTR5yJTZU+mv0h8lOd5KU6jlkfIiIiIiIiIiIiR2tQznzcUt1KVVOQEZlu1u1u5uF3y7tmQ6bG2/jRJcMBeHdjPfEOCxPzEmgPRXhpVRWzipNJi49jZ60fl91MUZqL6uYgTy3dy4a9sZmLUwoSOWdMKhkJNmpb2nlvUz05SQ6mF3mJRqP85LJiNla2YjEZJDotmE2QmWhne00b541NY8YwL16nlYrGAP9ZVUVavI1ZxUmEI1E+rvAxKT8RR5yJDzY38MSSim73NrskhZIsDzvr/Pz85S0EOiJcOimDc8ekAXDJxAwm5iXQEghR0RhkYl4CjW0dPLWkAq/LypklKWQk2Khpaeetsjp21fv5/JRMPHYLW6vbWLWzqWvW6IodsVmUne01+0OUZHtoC4Z56+NaXl9bg9dl5YrJmZRkewDYXe/n5dXVXc9KREREREREREROXoMyfOzN6l3NrN7VzOySFC4sTSfebiHBaSEahUSnlTiLCZfNjMkEGQk2cpIcVDUFqWlppyDNxWWTMrj3P1uYVZzE1dOyAdhc1cqwdBczhyXhC4YwGRCOxvrzBUIku+PISLDhtltwWE1cMjGDuePSqGlpZ0tVKyXZHm44dQgrdjThsllI9cSRk+Rga3UruXYHZ5akUNPSzoKy2q77KEhzYjUbbNzrI9ARAeC55ZU8tzy2lPySiRkkOq1kee3kpTgJdETITLBxanEy43PjaWsPs6HCx4gsN1dNy+KNtTXEWUzkJDloCYQAsFnNZHtjYWl9aweJTis5SQ7agiGa/CHS423MHZ9ORWOQmcO8TC5IZONeH6FwlOJMNyXZbQofRURERERERERk8IePp41I5rQRyQCs39PCfa9sJS/FwcxhSQA8v6KS4RkuCtNcAMxbW0NeihOTEeax93cDcOsZubjtsUc1IS8Bm8XEyx9V8dzySr5xVj61vnZW72wiJ8mBvz3MD5/dCEBJlpvROZ6uWkqHJtARjvLSqioWb2ngf84tYNS+mYQfV7SQNiKZZdsb+evbu7jl9FymF3pJcHYfoiSXlWgUgqFY8Di7JIVZxUmYTUbX7M3yej/FGW4WlNXS0NrBpPwEcrx24iwmXv2omv+sruKGU3I4fWQKXpeVhWW1DEmKLdlevauZgjQnmQnpPZ7PE0sqeHdjPXd8bhh5KU4KUp3EOyxdMzbL9viYPqydHTX+ARlLERERERERERH5bBn04eOWqlaqmtsBKK/vfygWiUIkGu36dSebxUQoEqWqKQjAb9/cDsSCxkOxmg2CoQhNbR0ANLV1dC3N7up3X2eR/Ts9oC4Ak2F8UpPVREaCvaumT86NsqCslgVltdw+t5BwJEp9a+xZNAdCRCLRw3oHZnhf5xUNAfJTnJhMsHFvbPbn5ZMzCYyPsHJHE2UVLf1uU0REREREREREBq9BHz7uaQjw8Lvlx7xdR5z5iK4zmwxs1ti1JpNBOBKlORDC6+xfCFjZFGRUtofc5NhMxQVltSQ4LVwwLp1NlT5W72rmnDGph6y7M7xs3BeEHo4kd1zXr19fW822mjYmDI1n/NAEphQmUt/awVNLKw7SgoiIiIiIiIiInAwG5W7XEAv2IBa29TYr0WQySHRamTA0gcxEOxALBnucZxjs//Hu+gBxFhNTChJJ9cQxd1wa5+4X9tmtZkZne7qWMe+vpqUdly12vCjNRUGqk9b2MFuqeu6EbeqlFoAV2xtpbOtgRKabG07JYeYwL+nxNozeT+9S1RQkzmJiZJabVE8cwzNchCJRdtR+MhvUbbeQ7bUzPN2N2WR0q8EwINkdx9TCRIYk2bvqvuvi4Vw8IZ0nllTw0a5mDGIzMUVERERERERERMzZp9909/Eu4libOczL+ePSsZgNsr12vC4r729u6DrusVsoznAxPMPN5IJEgqEIHruFvFQno3I8pMXbcMSZ8bqsTClIJC3eRrzDwvAMFy+tqmJIkp3iDDfnjEllVLYHs8nghZVVjBkSz9BkB6cMT2J0toeR2R4yEz5pa966WgrTXIwdEs/pI5OxmA3mr68lFI4wd3ys3owEO2nxccwoSsJiNshLcVLf2k55fQCIBZht7WGGpbsYmeVhUn4iOV4HLYEwS7Y1Mn5ofNe1RWkuzGaDjyt81LS0k5/iYHR2POeMSSXBaeWDzQ08t6KSjnCUkqzYbMrZJSnYLCYsZoMhSQ7MZmPfxjl2RmZ5mFqQiMkwWLSxnvlltZw+MpmCVCcXlqaTl+Jkb1OQl1ZWUd96+DMqB6vrpqcfdRuPfljFF2YMOQbViIiIiIiIiIh8eozJdy/q/eWCg5zXZWV4hovq5na21/SceXgo+alOshJtVDQGu10/Pjcem9XEpspWGvoI4PpzTn+UZLlJcFrZVednT0PgqK8ZnxsPxDad2d/tcwspTHPx5JIK2trDPa7tfBYNrR2UVWiX6wPN/9bYo25jzq/XMO+26cegGhERERERERGRT8+gf+djXxpaO1iytfGIr99e09ZraHlgcNeb/pzTH0cS9B3smt7qOnV4El6XFbPJoDjTzby1NT1Cy76ehYiIiIiIiIiInNz0cj45qBRPHKFwlL2NAVLcVtz2I9toR0RERERERERETj4n7cxH6Z/nV1Ty/IrK412GiIiIiIiIiIh8Bmnmo4iIiIiIiIiIiAwIhY8iIiIiIiIiIiIyIBQ+ioiIiIiIiIiIyIBQ+CgiIiIiIiIiIiIDQuGjiIiIiIiIiIiIDAiFjyIiIiIiIiIiIjIgFD6KiIiIiIiIiIjIgFD4KCIiIiIiIiIiIgNC4aOIiIiIiIiIiIgMCIWPIiIiIiIiIiIiMiAUPoqIiIiIiIiIiMiAUPgoIiIiIiIiIiIiA0Lho4iIiIiIiIiIiAwIhY8iIiIiIiIiIiIyIBQ+ioiIiIiIiIiIyIBQ+CgiIiIiIiIiIiIDQuGjiIiIiIiIiIiIDAiFjyIiIiIiIiIiIjIgFD6eYEZkurl4QgZel/V4lyIiIiIiIiIiInJULMe7gN7kpzr5/JRMPHYLvkCYZ5btZUt1KwAlWW4umZiBI85MSyDEU0v3sr2m7bjWOz43notK04mzmKhtaedPb+0k0BEBYOYwL2eNTsViMqhubue3b24/aFvXTM9maLIDr8vK/y0q/zTKFxERERERERERGRAn5MxHf3uY9lCUnCQHwzJcjMxydx0blxtPUbqLrEQ7zf4Q/vbwEfVRlObi/itHcumkjKOu1xcIYxgGuckOijPdlA5N2K/eBApSnaTF22ho6zhkW8u3N7K5qpVNlb5+9f0/5xZw+9zCI65dRERERERERERkoJyQMx8rm4LsrGtjTI4Hq9lg7BAP/1ldhd1qoiTLg9lkEOiIsKa8mcqmIHariQvHpzMhL4FEp5WG1g42V7Xy+Id7cMSZuWJyJiXZHgB21/vZWt3GhLwE0uJtTC/yUpLl4cWVlWyuauXSSZmU5sZjjzOzZlczizbV87kJ6XjsFtbvaWFYuosUTxwfbm3k34v3ALClupXd9X4K05w448yMz41n8ZYGitJcFKU5AWhrD7NieyMAXpeVSyZmMDLTjdNmpt7XwepdzWytbmV8bjxxFhNp8TZml6QwqziJcCTKxxU+JuUn4ogz8cHmBt7eUMflkzMZne2hrT3Mjy8rZtm2RuatqznkPRSkOsny2tla3caTSyrY0xAAYrM0zxiZQmaiDX97hMqmAC+vrubs0amkxcexs9aPy26mKM1FdXOQp5buZcPeWEh61qgUZo1Ixuu0UtkUZN66GpZua2RMjocLS9PJSrTT0NrB62ureX9zw6f9lerTiEw3Z49OZd66mq576e0zERERERERERE5fCdk+NgpFInSHAiRkWindGgCbpuZFE8cTf4QNssnkzavnZHDzGFeKpuCrClvpiTbw7jceJZsbeC0EclMLkhk414foXCU4kw3jjgzzjhz1/Ud4Qi+YJhrZ+Qwo8jL9to2Gto6mFbkxWI2sJgMsrx20uJt+AIh7FYzQ5LsPeoNdEQIdkQoSHWSkWBjbK4Hp81Ma7D77MwvnpZLSZabbTVt7Kr3MyYnnkn5CWytbsVls5CZaGN7TRvN/hAum4VUTxw5SQ62VreSa3dwZkkKcRYTSS4rGLE2I5Eorf24hyyvnd31AZr9IcYOicffHuaPC3cyqziJq6dlE4lGWb/HR2aCjZIsD9tq2jCZICPBRk6Sg6qmIDUt7RSkubhsUgb3/mcLl0zM4ILx6bQEQuyobWN4hpsxOR58gRA3zcolzmKwocLH8Ew3F5VmsLW6jcqm4MB8aQ6TMy42ltefksMj7+0G4PpTcrCYjG7fkRNBwN94vEsQERERERERETksJ2z4mOCwYjYZ7KhtY3S2h3FDPDjizITCUbbXtjEq20Oqx0Z+qpORWW6a/CEee383ZRU+fnbFCBz7gqN4h6Vr5mDZHh/Th7WzfncLpUPjmTksicVbGnhueSVFaS5KstzU+dr569u7mDMqhaI0F75gmDXlzQxNcVLf2s7dz2/i1tOHUutr71ZvkjsOgG01bYzKdjM5P5GRmW6a2kK0tYfJTLSR4LQypSCRglQnlU1BfvHqVgpSnRSmuQBYvauZiXkJZCbaAFhQVkteioO0Ecks297IX9/exS2n5zK90IsvGGJBWS3XnzKE8no/972ylaI0F3PHpR3yHn76n81MKUjk2hk5xDtiX4EJeQnYLCZe/qiK55ZXcvOsIWR7YwHrvLU15KU4MRlhHns/FtDdekYubnvs2tKhCYTCEZ5dtpfdDQEum5TJ3qYgUwoSSXBYeHN9De9urOeb5+RjMRtdY3MiWLmziVAkyrUzsrl51hAAosBjH+xhTXnz8S3uABmpyce7BBERERERERGRw3LCho8mIzapr6opSG6Sg5JsD1azicqmAE1tHRiAyQRZiTY8dgt1vnbKKnoukd24t5Vh6S4un5xJYHyElTuaKKuIhY/7S0+Iw2230BGOcNfFw3HEmalqCrJie2PXztPRaGx2Y2+bxpj2zUCMzfxzMSk/tqx7TXkz8Q4LJsPAZEBmkh2bxURjW0fXpjT9EYlEu/3cm8O5h/AB7aTH2whFolQdZEZiJAqRaLTr152sZgN/R4Q6Xzvba9p44LWtALF3URowpcDLnFGpALy9oe64bxB0oDXlzfzzA7h2RjYA/zwBg0cRERERERERkc+iEzZ8hNiy6111fhKdVqYWegmFIywsayEtPq7fbby+tpptNW1MGBrP+KEJTClMpL61741fQuEoa8qb2FjZyvLtjQQ6Iswc5u1XX23tYTbu9VGS5WZYhht/e5jVu5qZVZzU73qPhaO5hyNlNhnYrD1nNBpAZVOA9ze3sWJH0wkXPHZaU97ML16NvfuypqX9EGeLiIiIiIiIiEh/nJC7XQOkxseWHic6rWyuaqU9FKGhtYNl2xsxmQzMJoP0eButwTAtgRCJTiunDE9iakEibrsFkwEmw+Cui4dz8YR0nlhSwUe7mjEAmzV22yaTQaLTSrbXTp2vg4bWDmxWE3ubguxpCHDppEzGDok/SJUxdqsJr8uK2TBI8cSxuaqNSDRKRWOAxVsaMIzYOxeHpjipamonGIqQkWCnJMtNXmpskxrDiLVzKKbOKZb7cdstZHvttAbD/b4H8wHtVDUHibOYKM5043VZydq35Npk9OyvcxZnp72NQTx2C9OLvKR64rhiciYzh3nZXuMnuq+v5dsbGZbu4pKJR7+7+ECpaWlX8CgiIiIiIiIicgyZs0+/6e7jXcSBLp2UwfRCL3EWE1leO4s21vNReQvLtjWS5bVz/rh0rGaDVI+NsooWGlpDFGe6mFKQyPjceFqDYZLdcSS6rFjMJgpSnVxYmk5eipO9TUFeWllFRzjCiEw3wzNcnDEyGX97hI2VPoZnuJkwNIEzRiYzJNlBQ2sHp49MJsllJd5hYUpBIgvKarvVe/0pOYzJicduNZGeYOOxD3azo7aNxVsaObMkmemFsU1fktxxvL+pHqvFxLB0F7OKk8lPddIRjpLqiWN0jocRWR4sZoOMBDsZCTam7Ls2I8FOWnwcM4qSsJgN8lKc7KoLkOiyMjTZwZxRKaR64li8teGQ95CZaOeU4Ul47BbS4m0kuay8v7mB4gwXJdkezh2TRigcxRlnJj3BxqgcD2nxNhxxZryu2Hsr0+JtxDssDM9w8epH1RSmORmZ6eacMakUpbtoD0dZUFZLbrKD4gw3Z5akMCYnHmecmS1Vsc10ThbXTU8/6jYe/bCKW07PPfpiwkGafW0Eg2CzWXp8js12wHToIM3NbWCxYTlh/6rixNa8/Cke+6CZIf+/vfsPauM8Ezj+vUlb9ZxUvvRmuaSHjlYomcI6HlDG1YjxFFFfI8IFaBpO4zsV54ZitxQyJaem4XAaikM5kgxj5wyhtRVPg8pcT0frAh3HcuIiuzQbN7FME4triHDtijQeb6+k25rzXu3e/SHAwvww2LhJ3eczw4xnte+777vva2neZ9/33WwbNy4411wn2rKFrc/fxMc/4eDGK7nQRILY8OucHB/HeG8GGTctMrF9+tzfwGrraiwrMQf+tRD+h77OhOOTOP/qdUKbHuTrEx/lk/kZs/vURIxw6IcYf+3AdtMl583KYxmFmkwSf2WEsd9AxgdXS18VQgghhBBCXB8WGMPrB1vZ8tUXuMldhOOmhZMv9bxr7V257Pq7r5zmu6+cXvDzH70xMefYS2MTZH4w9SbnNyfOzfrsI8oqPvQXFibO/m5mX8jEmbOMnZnkb/7yz/n15MXjPxj5JWsyUzMFj48bnPvd7/nOK28tWt5nDid55nBy1rEjY6k3E/9Mn5xTl5Ff/JYX4r8kw/o+Rk+fZWKRZeC7D/18zrXSvRDX55T3SuoA0Nj7U9ZkWpk0z8+7f+Zi/uU/f0ruh25i9ar38vP//p+ZNmgdSMzc/1+8bb5rl13/qTBeaCKvJgx4aBvcgy9r6oNXg+Td1476yAADVerFBKcjPFxQT8S/h+HHPFx+HvDV0SNN1PdY2NzeiEd55/JYOTravzfQutdLxno3ZYtM/DVOa2j7Ckg+5uXSYi9eJwNtew31OxOsdjtQbjAZH0qSWfU4bY94sM061yS+p4aqlij6zDEblbsHaN5wla173kAbimD9e4PqO0yMIY2IdQyjSp1VH13rpqGtH++tRbhLLzlvVh5La7zkvgY+Uxdm5psxy0dXqA1v5vKrYL4WpP7JQQoe6qHyjuWnn3FBR/tWB90HE6xet4nqz3pxrEp9ZIxGCAW7eXHSQbG/jkq3cuVphBBCCCGEENe1Bcfwk0m0oQgFbzXjXWyB6VLPu8aum/khb06c48jY23MCj5AKAP7ojYk5AbU3J1LLotOPn/vd73nlZ2/P7JV4rfxMn+TI2NuLBh6XYr7yXmkdptMtN/A4beQXv0VLTMxpg+n7L4HHd5qBdjAMuSoqUQZf1eecET+7wAuHJgwWfhXRlEkDY85JJoZhYF5YWgmToyG0oSTGJeebxnx5Ly+P2WWaJ7NJY/7jkHratNQCzKLgbR1meHjH7MCjuci15rFYneJ7qvB/W2Hr4cP0bK2j7sE2Bl7cgfNYFV/YHpvdbqcjdLRE0UvaODA8zPDhXnY01FLuTg88mhjL/a+6xPYFUEoeZ3h4mB2lSw2gLdKHRoI8WBcmWdLMwJFhDu2uRj0VpuYbUWZeGTVpLLk+xsmjRIY0jEsmZi+n/4FB9Kv34H9aw7igM7i9Bv+/TpVnJEhVcQ3db9pwEKXJfw9NB40rTCOEEEIIIYS4vl1+DD/X8seu5rznGyQ0jfjpKxkHz3XdBB+FEJcxoTHYC97PBSjPhUhEYylfXZeXJPLlQuxr8sjLceHvSgW8zLEwDUU55OXlkXNbIQ37UnPT9IEa7PYKmna24nfZsbv8hEYgttNOxXaACPUFdlxdcZiME6orJCdvdt7LyiONeawTvyuHvLwc7EUNRMYhNXPQj2tNHnl5Obj8ncQmAWJ02u1U1NXjL0ilqdgZw7yg0W63Y6+amm033k+N3Y5rZy+d97jw74oSaS7Ebq+hP9KJPSePvPJWolMTtvVoExU5qWsVVlVRYa8gNDpdwuP0tfhx2e24Av0kuUydTI2+lhiVj28je8CP6yt99D3t55PfMNn8WCPs7KDvVPoNOJcKaL0VJzZmYs10UrbFh3MVMBqmqtiF3Z5D3hr7nPvgCrTTWVeI3W6nsHk6uDfV9rfZsd/XPrdrGEfZPZWmYmcMkxid9hzy8kppjV4+gGaOhKiZ6UMu7to5O5gaf6mPGFC90YeqWLFtKKY4rV9GW6badY2dwi9HUu11rBO73UX9k53UFNmx2wtpihroAzW4vhgBoP0+O/ZABH3e/mcS21mKyx8kuq+JQrudmr3pM9JNLBlFBHYM0NPzDFu9oPfEScyUV2FTQxvNTY2UoROKxjCuKDau4HoAAAuTSURBVI0QQgghhBDiurbkMbxOf50d1+b6qfFTzsx4ctrx/umxcz394wAJwpvvwmW3k5OXg93lp/NY+mgrQcTvp+PllRl5SPBRiHfA/fffv+DftWL8eJAwborWenB6Fdj3HNrCuxssWbK3iZrec1TvPkTPAxloT+4mcjpJ39caCE9W0nX4AG0lScJ1nURmdkyIsf8lA2epB0XX6DgUx1HSQ/NGADe1HT10lTpI7munaZ+V2u4jHHjCifZkE6GR5eUxw9To+Hw7mtrMwPNteE+Fqdkbw9R2U79TQ32kl0PdtWRo7TR962KAL/YyFD++h8YSiG1vp29c5U4/EH2RER3Mk8eJAOX5hThydbS2Kh4ddVO95W5yP+ZlxxYVToWIn0yVofvhELHcWnoO91J5PkoMFdstF+uUmHRS7AF979fof43F6zQaow8vd340SfSbMbz/FKDxC3X4VAVLrpNioiSSaT8gWUVsvt8Jx0I03OfCVVxPZ3TqJ0mxUfQP2+jp6WHHFhVda6dPu/hDo+/t53hmGb58SD77PTR9uu2TeB/rZeAJ39zOMRQlmVlGWS7EtncT1R1426tRSRJ6LXGZnmUS628icspD8/eHOfT9bTRuULGkn3E21U6rb5w+6qR6eJj/esyDRQvz8B4N5xMHONJdi7W3huDMjEGd/n3HsZX5cJIkNKDxv+vq6HrADYDvsR56Pufm3Lz9z4LjdhVda6WqOYF7SzV3q+mL2xXcD7RR67ZgHuunOwJ4FJSZ8jqxKYCicBtMzSq+kjRCCCGEEEKI69lyx/D6wXEc/zw1nttbT2jo4qghNmrgvMsDej9fG4gDGdjWV7Ktp4ee9mpUXaP9uxoGBrHeIMFdfRwFxqPdBHcFiZ5a8LJLIsFHId4Bzz777LKOX72p6drZBdhuNrBlFwMRXvzJ1T7F0BnRooCTNaoNNd+Du6KA7AsjvBgF1t2JM9NBkdcLhEmcvJjSuTFAoPpTOAH9vIk12416K4CV25xunJnGVN6Q1PqI/sQE4pjmcvJIC1WNxgjrQL6Kmu2kqMRL9R02EsNhdODOfCe29UUUA/FXxy4+UVr3CYo9Hsq9XkBD/5UV9WNeoJ+jr5skXusDKilYq6DYALxsfbyNxoYyHDc7cKtpmw+OxYnqgLcId6aNDCtABtaZVc+bCLQGqLvXC+hwnsXrdIOFjKl/WhQwjF9jza+krjQVpDsHWN6fHq5T8DT1cuQ7OwiUOmC0n/aqitQy3puduG85w+DeDv5j6unWmcn0EJePzQ0BfB4AE/OCyXgiCni5e4MTNXv27pIAlATY1hBgk3c6jRWHew1L247RgnKrE4jSVFtF50HI/LDl8qmsViww067mT6L0acm59fn0Zhof9FEEYJq87xYVpyPVELZcN+7bzQX7nzUjVVdvQxttDY2U3T63HMmDTfjvayeW5aNrm4957s6KpBFCCCGEEEJcj65kDF9EUambMm9qPVhy4uK5m77URqD2U3hJjZ3BinN9BmcO9dGxd2pl1YSBicl4tJXWthBRIL63k9a2VuK/urraSPBRiHfIpYHGaxd4ZGa6NmPt+PPycNWFAAgPrezyTasnQM8TlajvW8FMp9kKaGxoRP3gSmTmwNfRReMy3khzLm0fQGVtEW5AG40y9qoO61Wy07dN/EO9yivXSbES4bmXrXg/V0biK34Ki1zctSuGMbSfMD7WZM9NpuSXUfvUAb7f4QN0QiMJjIOt+Gs6SHxkE3Wfdi/h4ibm2ZWu0GyO+/dwoCtAmSVJeHsN/iejs/qroqTKeXQsbUHBpDG3T69eQ3lDI0WZlw9eLmi+/vee9897anKgnorNIZIbGhnom+flN+cB0+TXV5lGCCGEEEIIcZ26mjH8hbnvQpmbf5TWf6yhY8zGpppyLo4AFco6TnDiRC8BwPvUEU6cOEFt/pVWJEWCj0K8g6YDjtc08AgYsRcJo1DbPczw8DDDwwdoKwF6Bomlf3Md6yO4K5j66037Ujv5A7qnj++Kpu0doZDr9gARntsXIz4SIbQriq7kUuABXj5KbDzBYCQC+HB8eCmlHee4ppGYUMhUVeAM2NyUl7hxZDlRsy6bQVoeaYdud+JTgMh+IiNxtN4g4RETR54PBTh6LEZyaJD9gLo2++Ibmk8eJzYSI3owrQ5ZKkW5EI99j+cioHrUpc1Sy1ZTX+qR/fRHBzl68nIJLlMnnPiayoi1NBD+wFaeH36egb7nGdiQ4NFAENsjlXhvTjv9VJiqoiqano2gaRpaPLX02XOrQnJ0PzoOitY7sU6HuM4v9qNlRfmISqrto0SGjgJgnF3CD92lTh5HG73YEcfjqXomh6KMO3xs++Y2KgFdn73c2OYuxwNEn2ygYXuQ4K5Wav4uD//OGBm3p572GVYH3ns9OLNU1NylvdH7+LEo8dPWK+t/RpTgF/vRs3343KB9O0hwVwhNB0duJRDhuUNxEkODaIDqzEa5kjRLvbdCCCGEEEKIPzpLHcMfP6aRnHnB5nFix+JEX4gCKndmLzJqGI+zXwfHeg/O1aRGgBdSq+dSLFjXu7GtWpn6/KHm5wghFnCtA49gEIuGgGoK1lmxWgCsuD0e2Bdi8OUAnnUq1VkQjIZoTa00xfnQAJW35FLgVoho/XSO9AOg3NtFeVrutpIAjZE4rS0VRFBwbNyKx7RR/qVmBmubqPl4CLDh66jFezOzN8hdZSVDAUbGSeLEcUclNkIEA36STx2ha2MzgYM1tDeW0g8o7gA73E4cy8lj+q3KFje+1kq0zUFq7glClodAqw+L28fjVTEebqmgcOoaXZ9RgVgqnd7Ho/cE0dPqACruTzuhJUIEhUC+urSmsLip7PARqQtS/7BtwYCl5QMZKMDxkzrkKwvXCVBKdtB7QytNzS7ypvfhUNxUP3KAx0tn3SlMMrhz7TjdzTWknpspuKv20FxhwzZSh/ubTTSVu7BVVFPtVtBOz32mZrU6gRhvjENZSR2+UA3hlipiG6qp3hCn7/UxDKzzpBkh+RZwa/onKu4HbLAzSP2/rcHd7qY2Czp31dOu3s6nftzBoz31qT6juAl81js76Jblo3l3gobGIOGdGqDgKG2keaMTRVHoqohS01VFYReQ5WXHR93Mbikr1nzg5TdIXgBndgFuJUKkpYrI2V5OfHb+/rdo4M+ajeoBomE6W6bLWc2ejWDdUM2eqgQPf6WUuwBbSTNPb1RhVXL5aYQQQgghhBDXqSWM4dfejVeJEGnxsyb/yNTYMsbuz5ei6wruh7qozAVjLC3b6bHz6+PoD3ioc3fT1FyKK8tHdZUb5aUkxgXgBgCVyu6eFavRn6376g//b8VyE0LM8cKDa686j7/d/io/blq/AqW5xMwXy9UzDQPzPVass56MmBiGieVGK5aruI5pGJhYsFqvYtnstAsmxllzZm/AGZMGxvn0a8TotFfQXrKDI095sWKZU4f4rlJKn/HQcziAezlFM01MyxkiNYXUxwIMHKnl6sNJqXsNXP5+T90DLNM/ZNNZGBjmMu/zBRPjLCvTNvMxDQyTue01pwzz1IeV6Tsr2v9gnr52jdIIIYQQQgghri/zjuF1+utc1O8L0HuiGtW0YFnSsGFqvL7YWGuFyMxHIf6UrVDgERYKDq1MsGRFvwxvWKBMq6wsuCj3Bkva9WME/e0MopPQEnhan15G4DFJuOozhM9nYjk7jnYMnI94ViDwCMu61wvdg3mCd0vLa5lplmMpZVqoPqxM31nxH+PF+tpKphFCCCGEEEJcXy47hl9q4DF17h9qcoMEH4UQYl4KakMjzbn5s5fZmjbUe4vgV1C+2Uu5ZznvJF6Nc1MAc/QMJlD+gJfiZaUXQgghhBBCCCHSWcj0NNK44dJtpt49ZNm1ENfYu3rZtRBCCCGEEEIIIcQ1JG+7FkIIIYQQQgghhBBCXBMSfBRCCCGEEEIIIYQQQlwT/w9VfszsicZVQgAAAABJRU5ErkJggg==
----[INFO]----User Roles : Element is present
----[INFO]----Items per Page : Element is present
----[INFO]----//mat-option/span[contains(text(),'500')] : Element is present
----[INFO]----Text is received from element : 0
----[INFO]----Text is received from element : 1
----[INFO]----Text is received from element : 2
----[INFO]----Text is received from element : 1
----[INFO]----Text is received from element : 3
----[INFO]----Text is received from element : 5
----[INFO]----Text is received from element : 7
----[INFO]----Text is received from element : 9
----[INFO]----Text is received from element : 11
----[INFO]----Text is received from element : 13
----[INFO]----Text is received from element : 15
----[INFO]----Text is received from element : 17
----[INFO]----Text is received from element : 19
----[INFO]----Text is received from element : 21
----[INFO]----Text is received from element : 23
----[INFO]----Text is received from element : 25
----[INFO]----//tbody/tr[25]/td[1]/b : Element is present
----[INFO]----//tbody/tr[26]/td[1]/div/div/div[2]/div/button : Element is present
----[INFO]----Add user button : Element is present
----[INFO]----User Role drodown : Element is present
----[INFO]----20491 : Element is present
----[INFO]----Save button : Element is present
----[PASS]----test is passed]]>
  </system-out>
</testsuite> <!-- test.Test -->
